# input  : 16 : F9 8F ED D2 7E D7 DE 7C 51 49 0B 8D 40 98 6B 91 
# output : 16 : C4 48 D8 5B 23 8A E7 DC A6 F5 92 98 FD 22 C2 68 
# cycles : 7740
1 0.0000
2 11.0712
3 1.6515
4 0.0000
5 2.0976
6 0.0000
7 3.7725
8 6.8398
9 0.0000
10 1.3992
11 -0.4891
12 0.0000
13 9.2295
14 0.0000
15 -3.3892
16 1.7122
17 0.0000
18 2.4289
19 1.3724
20 0.0000
21 0.8374
22 0.0000
23 4.0927
24 8.9533
25 0.0000
26 11.7632
27 11.5490
28 0.0000
29 10.0379
30 0.0000
31 8.9650
32 6.5937
33 0.0000
34 -2.6249
35 4.1751
36 0.0000
37 3.9245
38 0.0000
39 6.5976
40 8.8535
41 0.0000
42 8.1172
43 8.3835
44 0.0000
45 3.8661
46 0.0000
47 7.0779
48 13.1561
49 0.0000
50 1.7364
51 5.1430
52 0.0000
53 -1.8681
54 0.0000
55 10.9618
56 4.9919
57 0.0000
58 -1.6466
59 -0.2501
60 0.0000
61 -0.0308
62 0.0000
63 4.3470
64 12.1398
65 0.0000
66 -0.0839
67 -0.1808
68 0.0000
69 3.6762
70 0.0000
71 1.4666
72 1.3514
73 0.0000
74 3.4387
75 2.8898
76 0.0000
77 -0.9030
78 0.0000
79 10.8849
80 3.7516
81 0.0000
82 5.3924
83 3.6679
84 0.0000
85 -4.4812
86 0.0000
87 2.0599
88 -1.9135
89 0.0000
90 4.3115
91 -5.1547
92 0.0000
93 4.7397
94 0.0000
95 2.3297
96 7.7790
97 0.0000
98 5.3664
99 -0.4682
100 0.0000
101 2.5429
102 0.0000
103 3.4275
104 3.7474
105 0.0000
106 -1.0421
107 8.6110
108 0.0000
109 7.7684
110 0.0000
111 2.8305
112 5.3074
113 0.0000
114 7.6115
115 2.3606
116 0.0000
117 0.9372
118 0.0000
119 5.1055
120 0.3181
121 0.0000
122 4.1433
123 9.9619
124 0.0000
125 5.2053
126 0.0000
127 7.9049
128 10.5339
129 0.0000
130 -1.4803
131 3.0876
132 0.0000
133 -2.2474
134 0.0000
135 3.2376
136 -7.9833
137 0.0000
138 0.4324
139 2.6928
140 1.4467
141 0.0000
142 -3.6556
143 7.1431
144 -1.2424
145 8.7500
146 0.0000
147 -2.0499
148 5.6131
149 0.0000
150 4.7239
151 5.1501
152 2.3127
153 0.4444
154 0.0000
155 -6.3260
156 -0.9685
157 0.0000
158 4.0947
159 4.4723
160 4.4685
161 -1.5103
162 0.0000
163 2.9033
164 -2.7571
165 0.0000
166 7.5183
167 6.1155
168 -2.9349
169 -3.8307
170 0.0000
171 -3.6370
172 3.6667
173 0.0000
174 1.7628
175 1.8318
176 5.3581
177 -0.7190
178 0.0000
179 0.0048
180 7.4330
181 0.0000
182 3.9164
183 -0.2561
184 5.3518
185 3.5104
186 0.0000
187 5.9414
188 7.6906
189 0.0000
190 7.5761
191 9.9897
192 6.9654
193 -2.8926
194 0.0000
195 -6.1470
196 1.5262
197 0.0000
198 3.1420
199 8.0480
200 9.7954
201 -0.6157
202 0.0000
203 4.6935
204 -1.6156
205 0.0000
206 6.3014
207 7.9481
208 3.2716
209 -9.6105
210 0.0000
211 -5.5342
212 2.4096
213 0.0000
214 3.9500
215 10.3410
216 4.2953
217 3.7832
218 0.0000
219 -1.5354
220 -7.2749
221 0.0000
222 -0.2280
223 1.1782
224 -3.2621
225 0.5191
226 0.0000
227 7.0985
228 1.3128
229 0.0000
230 1.0468
231 -3.1240
232 1.5224
233 -0.8347
234 0.0000
235 6.7667
236 -3.3117
237 0.0000
238 -2.3056
239 1.2586
240 6.2592
241 7.3062
242 0.0000
243 -0.9165
244 -0.7220
245 0.0000
246 0.1315
247 3.8422
248 0.0691
249 2.8980
250 0.0000
251 1.6420
252 2.6058
253 0.0000
254 6.5629
255 0.2786
256 2.3547
257 3.8689
258 0.0000
259 3.5138
260 1.1692
261 0.0000
262 12.6651
263 6.3652
264 2.0428
265 -2.2687
266 0.0000
267 2.4419
268 4.4918
269 0.0000
270 0.4039
271 0.0000
272 3.8093
273 -2.0385
274 -1.0966
275 7.7207
276 5.9896
277 4.2599
278 -0.9374
279 6.1928
280 0.0000
281 0.4193
282 -3.6699
283 3.9111
284 10.2338
285 -2.8972
286 5.3523
287 0.0000
288 2.6573
289 10.3143
290 6.6118
291 8.6843
292 5.1249
293 10.5695
294 0.0000
295 1.5976
296 2.0858
297 1.3888
298 4.0216
299 7.0562
300 -0.3857
301 0.0000
302 -1.6458
303 10.8460
304 9.3429
305 -0.6591
306 4.3062
307 -1.0362
308 0.0000
309 0.9441
310 2.9584
311 11.8683
312 4.6416
313 -3.5491
314 0.5838
315 0.0000
316 -2.8090
317 11.4047
318 1.2748
319 -4.5356
320 -1.3048
321 -3.0685
322 0.0000
323 -2.3784
324 -0.4814
325 5.9472
326 8.9650
327 -3.2777
328 5.6771
329 0.0000
330 8.6018
331 5.6924
332 12.5843
333 9.0172
334 -0.3485
335 1.3097
336 0.0000
337 5.4210
338 9.4891
339 5.6630
340 2.9822
341 8.4954
342 0.9022
343 0.0000
344 -1.4624
345 8.2788
346 9.8421
347 0.6581
348 9.3622
349 7.5058
350 0.0000
351 6.7169
352 0.5294
353 0.5811
354 2.2557
355 10.8208
356 3.9474
357 0.0000
358 -1.3452
359 -1.6044
360 -2.7412
361 2.8512
362 -0.0497
363 5.5550
364 0.0000
365 0.0265
366 5.6427
367 0.2068
368 0.1979
369 11.8097
370 4.5035
371 0.0000
372 -5.9951
373 11.3634
374 0.8268
375 1.6020
376 3.1220
377 9.8176
378 0.0000
379 -1.5670
380 10.4712
381 6.3049
382 10.7931
383 -4.1336
384 2.4057
385 0.0000
386 -1.6306
387 0.0000
388 7.8912
389 0.0000
390 -0.1756
391 0.0000
392 4.1228
393 5.1481
394 0.0000
395 0.5661
396 -0.9683
397 -3.3007
398 2.4741
399 0.0000
400 -1.0278
401 7.0475
402 5.0309
403 0.0000
404 6.6776
405 4.7894
406 1.2238
407 0.0000
408 3.9780
409 1.9277
410 -4.4084
411 9.2751
412 10.3336
413 -1.9362
414 2.7426
415 -6.0440
416 9.6408
417 0.0000
418 4.2759
419 1.9739
420 0.5334
421 -4.1402
422 9.2784
423 0.4553
424 0.0000
425 5.1331
426 12.6701
427 4.0721
428 1.0403
429 0.9586
430 4.0351
431 0.0000
432 -2.8302
433 6.4145
434 4.3792
435 2.9793
436 7.8471
437 2.1469
438 0.0000
439 1.1598
440 -7.0603
441 -0.6250
442 1.9519
443 5.2854
444 6.8265
445 0.0000
446 -1.8918
447 -0.1912
448 3.7659
449 6.3518
450 1.6146
451 4.0272
452 0.0000
453 2.3842
454 4.6015
455 -1.5648
456 3.5731
457 7.6873
458 3.2783
459 0.0000
460 -4.2238
461 0.3996
462 5.4815
463 -1.4729
464 7.4631
465 7.3454
466 0.0000
467 -2.2529
468 0.5928
469 0.5397
470 -0.1229
471 2.9281
472 4.4577
473 0.0000
474 -8.5982
475 1.1412
476 -2.2897
477 12.1658
478 1.9016
479 10.3432
480 0.0000
481 2.3802
482 10.5157
483 5.9696
484 2.1853
485 -3.6254
486 6.1433
487 0.0000
488 2.7726
489 0.9369
490 5.0209
491 -1.1833
492 4.6610
493 2.5359
494 0.0000
495 -0.2755
496 -3.1629
497 0.0000
498 -1.0971
499 1.1139
500 -2.7015
501 -3.0979
502 4.1754
503 -4.2906
504 -1.7387
505 -3.1752
506 0.0000
507 6.4163
508 6.8589
509 0.0000
510 4.3901
511 4.1144
512 0.0000
513 1.6272
514 0.2791
515 0.0000
516 4.8607
517 -1.9976
518 0.0000
519 2.9155
520 -1.3596
521 -0.4055
522 0.0000
523 7.1260
524 3.6580
525 0.0000
526 1.0412
527 3.9727
528 9.6800
529 0.0000
530 -1.3734
531 6.1730
532 0.0000
533 11.3574
534 4.3970
535 7.0089
536 0.0000
537 0.0113
538 5.4562
539 0.0000
540 -2.2151
541 3.5122
542 3.6290
543 0.0000
544 3.9669
545 -0.3474
546 0.0000
547 4.5683
548 1.5302
549 -0.5455
550 0.0000
551 -3.5173
552 1.5705
553 0.0000
554 2.6984
555 5.0377
556 6.6000
557 0.0000
558 -2.3767
559 2.0402
560 0.0000
561 4.8734
562 9.6417
563 -1.1796
564 0.0000
565 -0.0372
566 12.9530
567 0.0000
568 9.6504
569 6.7668
570 11.0524
571 0.0000
572 5.6331
573 5.6042
574 0.0000
575 6.5526
576 2.2228
577 13.7204
578 0.0000
579 0.8344
580 2.9063
581 0.0000
582 7.6111
583 14.3693
584 5.1928
585 0.0000
586 4.7674
587 4.5104
588 0.0000
589 4.6006
590 2.8206
591 6.3738
592 0.0000
593 0.2160
594 4.8618
595 0.0000
596 6.4646
597 5.5130
598 -0.8564
599 0.0000
600 -0.0083
601 1.3477
602 0.0000
603 1.3295
604 13.4015
605 1.2664
606 0.0000
607 -3.3300
608 4.2822
609 0.0000
610 4.7257
611 5.1565
612 4.2642
613 0.0000
614 0.9961
615 9.7755
616 0.0000
617 3.3809
618 7.3477
619 14.2282
620 0.0000
621 3.0186
622 2.6393
623 0.0000
624 4.8516
625 14.0983
626 0.0475
627 0.0000
628 0.4217
629 0.0000
630 -2.7258
631 0.0000
632 -6.3819
633 12.3499
634 0.0000
635 6.7797
636 0.0000
637 -2.3015
638 0.0000
639 8.1491
640 -2.3788
641 1.9278
642 0.0000
643 3.2829
644 2.0326
645 12.8717
646 0.0000
647 9.2391
648 7.1738
649 -0.0904
650 0.0000
651 4.6769
652 0.0000
653 -0.9594
654 0.0000
655 8.2988
656 11.2101
657 0.0000
658 0.9824
659 0.0000
660 1.5033
661 -0.0761
662 -0.0354
663 2.1221
664 8.7114
665 6.6266
666 0.1030
667 3.5242
668 -2.1819
669 4.8176
670 2.7780
671 3.9901
672 1.4027
673 2.8077
674 7.0253
675 5.5895
676 0.0000
677 10.7704
678 -1.0857
679 -4.2106
680 -4.8934
681 -2.7263
682 -9.0535
683 7.6003
684 1.8810
685 0.0000
686 5.9566
687 5.3665
688 1.0758
689 -1.1747
690 -0.5945
691 3.8383
692 0.0000
693 -1.0300
694 6.9389
695 -0.0305
696 0.0000
697 -3.5981
698 -0.4170
699 3.5962
700 4.9287
701 7.9037
702 3.7760
703 3.2936
704 7.3971
705 0.0000
706 9.4629
707 5.0893
708 -1.4669
709 -0.7422
710 -0.9375
711 8.2741
712 0.0000
713 1.8163
714 5.6732
715 7.4105
716 0.0000
717 5.2325
718 1.4323
719 4.4990
720 -0.6834
721 -0.0056
722 8.6208
723 4.5945
724 13.4023
725 0.0000
726 6.6832
727 2.2631
728 6.2538
729 7.8849
730 4.8274
731 -2.0401
732 0.0000
733 -0.9510
734 4.5807
735 1.1068
736 0.0000
737 2.2433
738 3.8694
739 0.3723
740 1.1544
741 -7.9398
742 -2.1502
743 -8.3976
744 4.8532
745 0.0000
746 6.7608
747 1.5121
748 3.0688
749 2.8570
750 3.3767
751 4.8361
752 0.0000
753 2.1480
754 3.6525
755 2.5961
756 -4.2781
757 3.7494
758 2.5239
759 3.9298
760 0.7642
761 12.8472
762 7.2914
763 7.6442
764 11.0243
765 3.3158
766 0.3264
767 0.0000
768 4.5235
769 10.0268
770 4.7579
771 5.2224
772 4.0809
773 -0.6675
774 -2.9164
775 10.8589
776 0.0000
777 6.1054
778 -0.1106
779 9.6705
780 2.3856
781 11.4510
782 5.2398
783 0.0000
784 11.3053
785 3.9970
786 1.4421
787 0.0000
788 4.3917
789 1.6272
790 1.2836
791 2.1128
792 -6.9320
793 13.3371
794 3.4197
795 0.1886
796 0.0000
797 8.9251
798 -0.6226
799 8.6831
800 2.9458
801 3.4179
802 7.9790
803 0.0000
804 -1.9447
805 2.0264
806 7.2121
807 0.0000
808 2.8968
809 -3.0649
810 3.7713
811 -0.3754
812 -4.2365
813 1.5748
814 2.5934
815 0.5024
816 0.0000
817 3.8381
818 1.2769
819 4.0723
820 3.6665
821 5.4498
822 -0.0325
823 0.0000
824 5.1179
825 1.1965
826 5.3452
827 0.0000
828 -2.6760
829 -2.8824
830 -1.2437
831 3.5815
832 6.6646
833 5.1443
834 3.6471
835 7.6386
836 0.0000
837 4.2959
838 5.0385
839 8.0990
840 1.8304
841 -1.5664
842 7.2270
843 0.0000
844 1.5555
845 8.9903
846 6.2759
847 10.3101
848 12.9876
849 7.0344
850 6.6738
851 2.8352
852 0.1295
853 5.9060
854 2.8027
855 -4.2743
856 7.8652
857 1.5060
858 0.0000
859 6.4909
860 2.7403
861 6.2408
862 4.9857
863 -0.2117
864 -2.6588
865 -1.7437
866 3.7391
867 0.0000
868 12.3143
869 0.2091
870 11.0938
871 -3.2253
872 3.5323
873 6.3687
874 0.0000
875 8.7674
876 1.4346
877 5.1593
878 0.0000
879 6.5734
880 -6.2461
881 3.9695
882 5.8373
883 2.3106
884 5.0418
885 0.1285
886 -0.6673
887 0.0000
888 9.6157
889 5.5673
890 1.1503
891 -1.1932
892 -4.3139
893 1.7708
894 0.0000
895 -0.8137
896 0.7084
897 -2.9855
898 0.0000
899 12.7531
900 0.6474
901 -0.8350
902 6.2015
903 -7.7286
904 4.8327
905 1.6838
906 -2.2437
907 0.0000
908 -5.8926
909 4.3423
910 -5.9782
911 1.1559
912 1.9309
913 2.4168
914 0.0000
915 1.3518
916 4.7328
917 5.4466
918 0.0000
919 0.5751
920 9.1522
921 3.3919
922 6.6082
923 -0.9890
924 -0.4493
925 -2.8003
926 5.0277
927 0.0000
928 12.8818
929 -2.8608
930 1.3514
931 7.3852
932 3.0777
933 3.2069
934 0.0000
935 -1.0802
936 10.7233
937 5.2759
938 7.1826
939 4.4304
940 3.4976
941 4.7081
942 3.3071
943 8.1694
944 -0.8528
945 7.6819
946 1.1934
947 -0.6349
948 15.2408
949 0.0000
950 0.8010
951 2.8961
952 1.5525
953 2.9573
954 2.1327
955 1.1078
956 4.3961
957 7.3841
958 0.0000
959 6.6536
960 -0.2340
961 2.6080
962 15.2287
963 0.5847
964 8.6097
965 0.0000
966 3.1912
967 -1.3116
968 3.2583
969 0.0000
970 4.4601
971 -2.9945
972 8.0939
973 8.6169
974 8.2336
975 -6.8906
976 -1.1804
977 9.2353
978 0.0000
979 1.1787
980 3.5517
981 3.6214
982 1.8858
983 4.9448
984 -3.4500
985 0.0000
986 6.5051
987 6.8906
988 7.9249
989 0.0000
990 0.5187
991 -1.2453
992 -2.4237
993 6.5936
994 7.4271
995 13.7686
996 0.0784
997 -1.1769
998 0.0000
999 9.9707
1000 2.3938
1001 -1.2300
1002 1.2288
1003 10.4675
1004 -6.1759
1005 0.0000
1006 3.0995
1007 3.3338
1008 5.0232
1009 0.0000
1010 -2.2331
1011 -5.8495
1012 4.2128
1013 6.4826
1014 3.1341
1015 -4.3495
1016 0.6693
1017 7.9679
1018 0.0000
1019 8.9402
1020 5.0998
1021 8.4268
1022 4.0199
1023 1.1297
1024 5.0165
1025 0.0000
1026 -1.6475
1027 0.0000
1028 -2.0895
1029 0.0000
1030 5.8383
1031 6.1176
1032 0.5869
1033 9.8204
1034 9.6914
1035 11.5527
1036 4.7966
1037 2.7106
1038 0.0000
1039 4.2602
1040 1.7359
1041 7.1656
1042 4.7818
1043 7.2832
1044 -1.1999
1045 0.0000
1046 3.2630
1047 2.8019
1048 8.9383
1049 0.0318
1050 10.7418
1051 2.9265
1052 0.0000
1053 -2.6544
1054 3.8703
1055 2.3875
1056 3.0683
1057 9.3442
1058 2.8754
1059 0.0000
1060 9.2506
1061 -0.9009
1062 0.5504
1063 8.5505
1064 9.0518
1065 6.2825
1066 0.0000
1067 2.6498
1068 3.9480
1069 2.8986
1070 6.4807
1071 -2.8905
1072 1.2610
1073 0.0000
1074 0.9219
1075 12.1719
1076 3.3352
1077 7.0304
1078 -2.8416
1079 0.0180
1080 0.0000
1081 0.2259
1082 5.2630
1083 14.0848
1084 -2.1672
1085 1.2260
1086 -3.9369
1087 0.0000
1088 -7.5435
1089 -10.8426
1090 0.5729
1091 0.7388
1092 0.2406
1093 0.8510
1094 0.0000
1095 -0.5549
1096 -2.1341
1097 -1.4894
1098 -1.5077
1099 1.3367
1100 0.3389
1101 0.0000
1102 -0.6633
1103 4.1177
1104 4.0144
1105 3.5668
1106 6.2322
1107 2.5594
1108 0.0000
1109 -1.2073
1110 6.4951
1111 10.6346
1112 7.8627
1113 6.6059
1114 -0.9205
1115 0.0000
1116 -3.1802
1117 3.2030
1118 9.1647
1119 4.8073
1120 7.2044
1121 2.2837
1122 0.0000
1123 1.8598
1124 5.2987
1125 4.4026
1126 7.5330
1127 2.9287
1128 0.2592
1129 0.0000
1130 7.3370
1131 2.6590
1132 2.7035
1133 3.5896
1134 9.0096
1135 5.7925
1136 0.0000
1137 3.0579
1138 8.3122
1139 3.0136
1140 8.7812
1141 -0.2682
1142 5.8774
1143 0.0000
1144 0.6167
1145 0.0000
1146 0.2511
1147 0.0000
1148 8.5811
1149 0.0000
1150 2.6527
1151 -4.7952
1152 0.0000
1153 1.9931
1154 -5.7056
1155 10.1015
1156 6.5983
1157 0.0000
1158 0.6903
1159 11.7988
1160 2.9753
1161 0.0000
1162 6.0593
1163 2.6219
1164 5.9021
1165 0.0000
1166 5.6470
1167 4.2616
1168 -5.5906
1169 1.7691
1170 2.4400
1171 7.2336
1172 4.8005
1173 -1.1641
1174 -0.1158
1175 0.0000
1176 5.7875
1177 4.2412
1178 5.0775
1179 0.7517
1180 0.8545
1181 4.7597
1182 0.0000
1183 1.4861
1184 4.9473
1185 10.8450
1186 4.7833
1187 7.4994
1188 11.4599
1189 0.0000
1190 -1.9645
1191 9.8674
1192 4.8145
1193 8.7071
1194 5.6895
1195 0.9389
1196 0.0000
1197 1.8618
1198 6.9362
1199 2.3241
1200 6.7730
1201 1.6781
1202 0.0298
1203 0.0000
1204 -2.6731
1205 4.0379
1206 -1.7381
1207 0.5452
1208 2.6603
1209 7.3531
1210 0.0000
1211 2.7819
1212 0.6858
1213 -2.2129
1214 0.9814
1215 7.4617
1216 8.2952
1217 0.0000
1218 -2.4518
1219 8.5641
1220 -5.1884
1221 5.8837
1222 1.5416
1223 2.4209
1224 0.0000
1225 -1.4817
1226 0.9232
1227 4.3896
1228 5.6812
1229 0.5525
1230 3.0898
1231 0.0000
1232 2.3717
1233 -0.2961
1234 -0.0734
1235 2.9817
1236 2.6242
1237 -2.2570
1238 0.0000
1239 11.5122
1240 5.9569
1241 16.0448
1242 3.0316
1243 1.5078
1244 9.2599
1245 0.0000
1246 5.9252
1247 0.3974
1248 5.7957
1249 9.0360
1250 -0.8891
1251 -0.4745
1252 0.0000
1253 -2.8382
1254 -4.5286
1255 0.0000
1256 4.4828
1257 -0.0220
1258 -5.3107
1259 6.3747
1260 -2.2026
1261 0.8351
1262 6.0991
1263 4.5924
1264 0.0000
1265 7.4172
1266 -0.2473
1267 0.0000
1268 3.7801
1269 0.0000
1270 -0.1179
1271 0.0000
1272 -3.0826
1273 6.9684
1274 0.0000
1275 2.9304
1276 10.1297
1277 0.0000
1278 4.5591
1279 1.2827
1280 7.2876
1281 0.0000
1282 3.2118
1283 4.3149
1284 0.0000
1285 7.8054
1286 5.1250
1287 3.5287
1288 0.0000
1289 5.9432
1290 7.0667
1291 0.0000
1292 5.7210
1293 -2.4762
1294 5.3057
1295 0.0000
1296 -0.8435
1297 -0.6679
1298 0.0000
1299 7.0888
1300 3.2129
1301 3.2406
1302 0.0000
1303 -1.4356
1304 5.7421
1305 0.0000
1306 1.4735
1307 3.8237
1308 5.1535
1309 0.0000
1310 3.7240
1311 0.1971
1312 0.0000
1313 0.8271
1314 4.2485
1315 4.6417
1316 0.0000
1317 3.0225
1318 7.7802
1319 0.0000
1320 -0.2077
1321 -2.9634
1322 10.8675
1323 0.0000
1324 1.6908
1325 6.0528
1326 0.0000
1327 3.4980
1328 12.2592
1329 10.9533
1330 0.0000
1331 2.1228
1332 -2.3190
1333 0.0000
1334 3.8312
1335 -1.0198
1336 6.3969
1337 0.0000
1338 1.7080
1339 1.3892
1340 0.0000
1341 4.4041
1342 2.6983
1343 4.5098
1344 0.0000
1345 1.1980
1346 3.4233
1347 0.0000
1348 0.2163
1349 -1.1617
1350 2.2463
1351 0.0000
1352 2.2597
1353 5.8200
1354 0.0000
1355 0.8026
1356 7.4304
1357 8.8234
1358 0.0000
1359 8.1388
1360 -1.3535
1361 0.0000
1362 -2.0831
1363 5.3493
1364 8.7104
1365 0.0000
1366 -0.3815
1367 10.4957
1368 0.0000
1369 -4.6844
1370 0.7485
1371 8.0482
1372 0.0000
1373 -0.2890
1374 9.5865
1375 0.0000
1376 8.8494
1377 1.6666
1378 2.0701
1379 0.0000
1380 4.7147
1381 0.7698
1382 0.0000
1383 -1.2420
1384 0.8996
1385 -2.6653
1386 0.0000
1387 -2.6993
1388 0.0000
1389 7.2431
1390 0.0000
1391 10.5527
1392 5.7615
1393 0.0000
1394 2.5109
1395 0.0000
1396 0.4000
1397 0.0000
1398 5.1868
1399 13.6444
1400 2.6353
1401 0.0000
1402 9.9465
1403 6.6130
1404 9.1314
1405 0.0000
1406 4.2858
1407 5.8097
1408 7.4352
1409 0.0000
1410 5.3550
1411 0.0000
1412 2.5204
1413 0.0000
1414 -6.7828
1415 3.1538
1416 0.0000
1417 10.4419
1418 0.0000
1419 5.9638
1420 -0.8224
1421 6.2262
1422 2.0430
1423 -6.0442
1424 3.2444
1425 3.1747
1426 2.8541
1427 9.4913
1428 8.8080
1429 5.7011
1430 -1.1136
1431 -3.7402
1432 2.2510
1433 -0.2342
1434 -1.7088
1435 0.0000
1436 4.6269
1437 0.3931
1438 2.1828
1439 -3.6437
1440 -0.3792
1441 -0.6611
1442 11.8104
1443 1.3693
1444 0.0000
1445 0.1089
1446 6.7287
1447 3.3720
1448 -0.0437
1449 4.0088
1450 5.0665
1451 0.0000
1452 4.2538
1453 -2.3293
1454 2.6940
1455 0.0000
1456 7.1413
1457 1.1727
1458 9.6115
1459 2.5450
1460 5.0150
1461 3.6032
1462 1.3422
1463 9.5483
1464 0.0000
1465 2.0548
1466 -0.3896
1467 10.8541
1468 2.8364
1469 4.5513
1470 6.9507
1471 0.0000
1472 0.1711
1473 -3.4482
1474 1.7888
1475 0.0000
1476 5.4072
1477 -8.7787
1478 2.1480
1479 5.9639
1480 -3.2259
1481 -1.5334
1482 -1.6940
1483 2.3097
1484 0.0000
1485 8.6655
1486 1.7442
1487 8.2452
1488 4.1232
1489 -0.2901
1490 1.1894
1491 0.0000
1492 -3.3696
1493 4.8694
1494 2.1165
1495 0.0000
1496 1.4334
1497 1.2853
1498 0.3364
1499 6.5920
1500 0.5328
1501 3.2290
1502 2.9913
1503 -0.1692
1504 0.0000
1505 4.9703
1506 10.6761
1507 12.0072
1508 7.6706
1509 3.8465
1510 9.0780
1511 0.0000
1512 1.9888
1513 1.1528
1514 7.0066
1515 7.7280
1516 7.0572
1517 -0.3680
1518 4.8010
1519 3.2889
1520 2.8592
1521 2.8030
1522 9.0565
1523 0.0094
1524 -0.3214
1525 4.2942
1526 0.0000
1527 9.3155
1528 3.9388
1529 2.2920
1530 10.4031
1531 5.2375
1532 3.6887
1533 11.0323
1534 8.9995
1535 0.0000
1536 5.6216
1537 -7.1536
1538 7.7249
1539 0.0790
1540 -0.6186
1541 4.1967
1542 0.0000
1543 -2.4382
1544 7.4426
1545 12.5055
1546 0.0000
1547 4.5344
1548 3.0710
1549 1.9918
1550 13.1076
1551 -8.6674
1552 15.1232
1553 9.2915
1554 0.3290
1555 0.0000
1556 10.1784
1557 -1.3905
1558 11.2577
1559 5.6140
1560 8.3437
1561 5.0984
1562 0.0000
1563 2.9288
1564 1.8631
1565 1.5107
1566 0.0000
1567 -1.5807
1568 -1.1089
1569 12.8825
1570 4.7328
1571 -5.3944
1572 8.9241
1573 10.0014
1574 6.2321
1575 0.0000
1576 -0.9009
1577 -0.1529
1578 -1.9481
1579 5.1587
1580 1.8870
1581 1.9403
1582 0.0000
1583 7.9884
1584 5.5351
1585 5.6231
1586 0.0000
1587 3.7317
1588 -0.1223
1589 7.0332
1590 -1.7354
1591 2.3582
1592 11.7157
1593 5.2172
1594 6.8916
1595 0.0000
1596 -5.6668
1597 6.0832
1598 9.3705
1599 6.1404
1600 7.3307
1601 0.1548
1602 0.0000
1603 -2.4402
1604 -5.0253
1605 -0.9200
1606 7.7050
1607 2.3058
1608 -2.0341
1609 5.6961
1610 2.0451
1611 3.1032
1612 4.7739
1613 3.4644
1614 3.0251
1615 7.3725
1616 -2.9229
1617 0.0000
1618 14.4544
1619 -10.1074
1620 -8.7860
1621 7.7654
1622 -6.5662
1623 1.9919
1624 2.0429
1625 4.8251
1626 0.0000
1627 4.3412
1628 5.1370
1629 -0.0403
1630 4.3037
1631 3.2251
1632 12.8051
1633 0.0000
1634 -2.2756
1635 0.5749
1636 7.9158
1637 0.0000
1638 5.6230
1639 -0.1097
1640 3.4098
1641 7.9783
1642 5.9978
1643 3.9372
1644 2.1773
1645 2.7171
1646 0.0000
1647 3.5557
1648 -5.9525
1649 4.7349
1650 4.1364
1651 -0.5421
1652 0.3482
1653 0.0000
1654 0.4711
1655 5.8634
1656 11.5905
1657 0.0000
1658 1.0218
1659 -2.1075
1660 5.0388
1661 0.7288
1662 1.0671
1663 -2.0168
1664 -0.4878
1665 5.1214
1666 0.0000
1667 4.6143
1668 7.5237
1669 3.3863
1670 5.5940
1671 8.5902
1672 6.0581
1673 0.0000
1674 -2.0023
1675 -0.1099
1676 4.7190
1677 0.0000
1678 6.6252
1679 -0.1097
1680 -1.2250
1681 9.7292
1682 8.0062
1683 -5.2183
1684 -1.5310
1685 4.4912
1686 0.0000
1687 4.2967
1688 -2.8436
1689 11.1308
1690 5.2007
1691 9.3125
1692 9.8365
1693 0.0000
1694 -3.0644
1695 9.2046
1696 6.1382
1697 4.9287
1698 3.5769
1699 1.4425
1700 4.5863
1701 9.2998
1702 1.4349
1703 -1.4947
1704 7.2625
1705 2.5223
1706 1.4929
1707 2.8767
1708 0.0000
1709 4.5874
1710 7.8722
1711 5.2003
1712 3.9459
1713 0.5651
1714 -7.9466
1715 3.0072
1716 -0.1594
1717 0.0000
1718 9.4664
1719 2.9983
1720 3.8588
1721 2.0141
1722 5.2958
1723 -1.8954
1724 0.0000
1725 1.3107
1726 9.0394
1727 9.8261
1728 0.0000
1729 -4.4224
1730 5.3677
1731 7.2452
1732 0.7084
1733 3.2693
1734 7.5371
1735 5.1338
1736 5.0406
1737 0.0000
1738 2.5348
1739 3.9026
1740 2.3966
1741 1.4533
1742 0.0203
1743 3.2666
1744 0.0000
1745 -2.1689
1746 3.4458
1747 -1.5847
1748 0.0000
1749 1.5508
1750 4.8980
1751 -0.6396
1752 1.7282
1753 1.3643
1754 3.4802
1755 1.1559
1756 -2.5568
1757 0.0000
1758 0.5042
1759 2.6819
1760 -2.0604
1761 2.2323
1762 0.9717
1763 5.3257
1764 0.0000
1765 -5.4269
1766 -0.0406
1767 9.3685
1768 0.0000
1769 3.1415
1770 -3.9346
1771 3.5336
1772 1.9317
1773 9.3897
1774 7.5054
1775 8.4735
1776 10.0724
1777 0.0000
1778 6.6626
1779 2.4894
1780 4.9458
1781 10.6250
1782 -0.9184
1783 -0.1773
1784 0.0000
1785 3.0969
1786 0.0000
1787 10.2612
1788 0.0000
1789 4.1311
1790 1.8965
1791 -5.3145
1792 7.5982
1793 6.9729
1794 4.1441
1795 0.1443
1796 2.5413
1797 0.0000
1798 -1.9168
1799 5.0005
1800 -0.7083
1801 3.3392
1802 5.7838
1803 5.9726
1804 0.0000
1805 1.2947
1806 5.1869
1807 5.9288
1808 -0.8300
1809 -1.1496
1810 1.6004
1811 0.0000
1812 -0.1101
1813 2.1066
1814 7.1156
1815 8.5976
1816 -2.1930
1817 9.3164
1818 0.0000
1819 4.3015
1820 4.4462
1821 -0.9377
1822 7.8595
1823 1.5931
1824 3.7553
1825 0.0000
1826 -0.3481
1827 3.9458
1828 12.1020
1829 8.0099
1830 7.6377
1831 -0.3862
1832 0.0000
1833 0.3435
1834 3.2085
1835 4.9975
1836 2.0974
1837 -1.3940
1838 -2.5192
1839 0.0000
1840 2.5140
1841 -3.4419
1842 -6.7308
1843 0.9023
1844 -0.6361
1845 4.6035
1846 0.0000
1847 -2.9651
1848 -1.9671
1849 0.0033
1850 0.0843
1851 6.6223
1852 3.2700
1853 0.0000
1854 2.5986
1855 3.9515
1856 11.1181
1857 6.0472
1858 0.1408
1859 3.9899
1860 0.0000
1861 -0.4643
1862 1.1686
1863 2.9564
1864 7.0505
1865 9.4357
1866 0.4879
1867 0.0000
1868 3.8667
1869 -2.0209
1870 11.7638
1871 5.7183
1872 3.2791
1873 11.2620
1874 0.0000
1875 3.1520
1876 1.5969
1877 9.6243
1878 10.6595
1879 6.7700
1880 8.6339
1881 0.0000
1882 0.0400
1883 2.9428
1884 8.3212
1885 4.1220
1886 5.1858
1887 6.2354
1888 0.0000
1889 1.1987
1890 -2.4675
1891 1.5283
1892 7.1148
1893 5.0577
1894 6.2393
1895 0.0000
1896 2.9880
1897 0.4609
1898 -4.5426
1899 2.7563
1900 6.3685
1901 -4.8779
1902 0.0000
1903 -0.8729
1904 0.0000
1905 3.9807
1906 0.0000
1907 2.6621
1908 0.0000
1909 0.4352
1910 4.1741
1911 0.0000
1912 19.7744
1913 10.5068
1914 1.6479
1915 0.1851
1916 0.0000
1917 -1.5069
1918 -6.2560
1919 12.0581
1920 0.0000
1921 3.1370
1922 3.1700
1923 2.0604
1924 0.0000
1925 11.9997
1926 3.6162
1927 -0.1891
1928 2.3053
1929 5.8183
1930 5.3851
1931 6.7220
1932 4.9929
1933 -2.8579
1934 0.0000
1935 1.0657
1936 6.2680
1937 7.5885
1938 2.3432
1939 -3.0017
1940 3.8593
1941 0.0000
1942 -3.1726
1943 -0.7493
1944 10.1649
1945 9.8445
1946 7.9179
1947 1.7954
1948 0.0000
1949 1.4445
1950 4.6944
1951 8.6011
1952 4.1394
1953 4.5701
1954 3.2644
1955 0.0000
1956 -1.3833
1957 10.0879
1958 -1.7276
1959 10.4432
1960 3.5770
1961 2.8033
1962 0.0000
1963 -4.9962
1964 3.7535
1965 1.2822
1966 2.3005
1967 5.0040
1968 4.1483
1969 0.0000
1970 3.3008
1971 6.5349
1972 -3.8223
1973 15.1165
1974 6.2651
1975 -0.2501
1976 0.0000
1977 1.9370
1978 0.4792
1979 -1.5900
1980 6.1192
1981 9.9866
1982 -3.3197
1983 0.0000
1984 0.1110
1985 8.0418
1986 -2.7978
1987 0.2197
1988 -1.9002
1989 8.9397
1990 0.0000
1991 10.1942
1992 4.5393
1993 14.3112
1994 6.4141
1995 1.9834
1996 4.2207
1997 0.0000
1998 4.4845
1999 -0.5994
2000 5.0813
2001 8.9787
2002 -4.2978
2003 3.2804
2004 0.0000
2005 2.6727
2006 5.5233
2007 8.2880
2008 4.9138
2009 3.7639
2010 -0.1293
2011 0.0000
2012 -2.2089
2013 2.6607
2014 0.0000
2015 -2.7439
2016 -3.6137
2017 0.5196
2018 -1.9513
2019 1.0216
2020 6.3713
2021 9.9878
2022 8.2268
2023 0.0000
2024 -1.6279
2025 2.4454
2026 0.0000
2027 2.0228
2028 0.0000
2029 -0.3929
2030 0.0000
2031 6.7559
2032 -2.0872
2033 0.0000
2034 5.5548
2035 1.9470
2036 0.0000
2037 8.9120
2038 0.8722
2039 3.0259
2040 0.0000
2041 1.3739
2042 7.2180
2043 0.0000
2044 8.2028
2045 2.0385
2046 0.4847
2047 0.0000
2048 2.8840
2049 -0.6996
2050 0.0000
2051 6.7278
2052 0.1054
2053 3.7868
2054 0.0000
2055 5.0078
2056 8.6502
2057 0.0000
2058 8.8706
2059 5.0219
2060 5.2148
2061 0.0000
2062 -0.7627
2063 8.4112
2064 0.0000
2065 4.8914
2066 4.7956
2067 5.6759
2068 0.0000
2069 5.4395
2070 0.7849
2071 0.0000
2072 -0.3202
2073 6.2306
2074 8.9907
2075 0.0000
2076 -1.8767
2077 3.9006
2078 0.0000
2079 3.2703
2080 0.7664
2081 4.2612
2082 0.0000
2083 -1.9506
2084 -1.6412
2085 0.0000
2086 6.5230
2087 0.8465
2088 -3.8487
2089 0.0000
2090 7.5387
2091 1.7741
2092 0.0000
2093 0.9012
2094 -2.4140
2095 7.1462
2096 0.0000
2097 2.5466
2098 2.2357
2099 0.0000
2100 1.6641
2101 6.6901
2102 3.4415
2103 0.0000
2104 5.8016
2105 11.2155
2106 0.0000
2107 5.9949
2108 0.5305
2109 4.2102
2110 0.0000
2111 3.7208
2112 3.1890
2113 0.0000
2114 4.5857
2115 2.6570
2116 6.7946
2117 0.0000
2118 -4.7107
2119 9.0682
2120 0.0000
2121 10.0651
2122 4.3478
2123 9.0886
2124 0.0000
2125 -1.1795
2126 3.0479
2127 0.0000
2128 7.7007
2129 9.2408
2130 4.8705
2131 0.0000
2132 2.5993
2133 3.9776
2134 0.0000
2135 0.5646
2136 2.6578
2137 4.9633
2138 0.0000
2139 4.9223
2140 3.5524
2141 0.0000
2142 0.0548
2143 3.9905
2144 1.2669
2145 0.0000
2146 0.2533
2147 0.0000
2148 1.9511
2149 0.0000
2150 8.6082
2151 2.7013
2152 0.0000
2153 2.1773
2154 0.0000
2155 9.6672
2156 0.0000
2157 8.3391
2158 6.2132
2159 5.2339
2160 0.0000
2161 5.0354
2162 3.7846
2163 9.1609
2164 0.0000
2165 2.2183
2166 2.1680
2167 0.7071
2168 0.0000
2169 10.5170
2170 0.0000
2171 11.5521
2172 0.0000
2173 -1.3983
2174 6.6408
2175 0.0000
2176 4.6772
2177 0.0000
2178 2.7269
2179 -1.4792
2180 3.8215
2181 9.2151
2182 4.7511
2183 0.0841
2184 -2.9623
2185 14.5461
2186 -0.2534
2187 0.6372
2188 1.8614
2189 1.9994
2190 2.1954
2191 1.0245
2192 6.5467
2193 0.8226
2194 0.0000
2195 9.4720
2196 -6.4803
2197 -0.7973
2198 2.4888
2199 -4.4240
2200 8.2712
2201 -3.6076
2202 0.9004
2203 0.0000
2204 4.3378
2205 3.9224
2206 2.3371
2207 12.1892
2208 -0.9299
2209 3.6911
2210 0.0000
2211 -6.8962
2212 7.0036
2213 8.2270
2214 0.0000
2215 5.0374
2216 2.5958
2217 7.9847
2218 2.8951
2219 1.4187
2220 5.0773
2221 8.2726
2222 -4.1246
2223 0.0000
2224 3.2521
2225 -1.3766
2226 10.5112
2227 5.0608
2228 3.9947
2229 -2.9848
2230 0.0000
2231 11.4541
2232 1.4315
2233 5.5228
2234 0.0000
2235 -3.4604
2236 5.5596
2237 11.4471
2238 6.7521
2239 -1.7923
2240 9.3821
2241 8.3103
2242 6.0356
2243 0.0000
2244 4.2201
2245 1.4805
2246 5.3551
2247 4.6718
2248 -0.7317
2249 8.4338
2250 0.0000
2251 -7.1759
2252 -3.4310
2253 3.2644
2254 0.0000
2255 5.5250
2256 4.2964
2257 -7.0953
2258 6.8829
2259 -1.7844
2260 0.3060
2261 -1.6754
2262 4.9649
2263 0.0000
2264 5.9239
2265 9.3233
2266 -1.0362
2267 -7.8264
2268 1.8125
2269 1.1091
2270 0.0000
2271 -5.3951
2272 -0.7790
2273 6.0073
2274 6.9622
2275 5.0121
2276 -3.5478
2277 3.1511
2278 6.1795
2279 5.8331
2280 6.1573
2281 7.6413
2282 6.7026
2283 7.6879
2284 5.1324
2285 0.0000
2286 4.5187
2287 -6.4832
2288 -2.7892
2289 3.8725
2290 -3.5613
2291 5.7109
2292 -1.0097
2293 6.6064
2294 0.0000
2295 3.2510
2296 5.3066
2297 -0.3465
2298 12.2625
2299 -1.6100
2300 6.3972
2301 0.0000
2302 8.4228
2303 9.5093
2304 6.3651
2305 0.0000
2306 3.6475
2307 5.5044
2308 5.1376
2309 4.2861
2310 -1.0423
2311 1.8408
2312 0.1425
2313 2.7295
2314 0.0000
2315 6.7292
2316 7.0142
2317 8.9456
2318 2.7990
2319 1.1562
2320 -0.4035
2321 0.0000
2322 -0.5355
2323 8.9473
2324 -0.7697
2325 0.0000
2326 2.4408
2327 -1.7460
2328 5.5124
2329 1.6480
2330 5.8587
2331 10.7364
2332 2.5251
2333 3.9398
2334 0.0000
2335 5.1419
2336 3.0992
2337 5.9445
2338 0.6167
2339 -2.1683
2340 -10.6154
2341 0.0000
2342 -1.3386
2343 9.5477
2344 6.7535
2345 0.0000
2346 2.9746
2347 2.3821
2348 5.3432
2349 5.4073
2350 2.5521
2351 9.0313
2352 6.2664
2353 2.8942
2354 0.0000
2355 5.5347
2356 1.7234
2357 10.1777
2358 2.6797
2359 3.3699
2360 4.2553
2361 0.0000
2362 -0.6309
2363 2.9908
2364 2.8438
2365 15.7045
2366 12.4380
2367 3.2650
2368 8.4921
2369 -3.7252
2370 0.8068
2371 1.9089
2372 2.0832
2373 1.8106
2374 -0.3202
2375 5.4142
2376 0.0000
2377 1.2448
2378 1.2761
2379 3.0903
2380 1.8708
2381 0.8146
2382 -1.3093
2383 9.9692
2384 -0.4981
2385 0.0000
2386 6.6610
2387 4.9167
2388 2.2400
2389 8.3631
2390 0.0322
2391 7.0207
2392 0.0000
2393 -3.7601
2394 10.0293
2395 -1.5900
2396 0.0000
2397 2.2177
2398 -2.0736
2399 2.8730
2400 4.6691
2401 -8.7669
2402 -1.5914
2403 -6.6564
2404 3.3785
2405 0.0000
2406 6.0686
2407 -3.2475
2408 1.8667
2409 3.4966
2410 2.0777
2411 2.1164
2412 0.0000
2413 -2.5420
2414 1.7847
2415 0.0689
2416 0.0000
2417 7.5316
2418 3.4958
2419 4.2480
2420 -1.6026
2421 4.6901
2422 9.3500
2423 1.7149
2424 3.5727
2425 0.0000
2426 3.9204
2427 5.7034
2428 5.3708
2429 -2.6826
2430 1.1813
2431 -6.9329
2432 0.0000
2433 -1.8588
2434 2.3420
2435 9.7718
2436 0.0000
2437 1.6442
2438 -3.1399
2439 -0.6048
2440 2.8844
2441 -7.7734
2442 -2.1086
2443 0.6103
2444 1.0046
2445 0.0000
2446 8.8273
2447 5.4002
2448 1.3166
2449 2.8599
2450 3.8658
2451 8.4908
2452 0.0000
2453 3.9369
2454 7.1474
2455 8.1504
2456 0.8192
2457 3.7955
2458 4.8516
2459 3.8704
2460 5.2404
2461 -5.7175
2462 6.7737
2463 4.4071
2464 -6.9895
2465 -3.6464
2466 -2.2060
2467 0.0000
2468 0.1794
2469 6.9581
2470 9.4933
2471 10.9169
2472 -0.0912
2473 -0.0648
2474 -0.1162
2475 5.3954
2476 0.0000
2477 13.7202
2478 2.0181
2479 5.3356
2480 1.6811
2481 3.8367
2482 0.9313
2483 0.0000
2484 3.9534
2485 1.9820
2486 1.6418
2487 0.0000
2488 4.8001
2489 7.1515
2490 2.4655
2491 4.1309
2492 3.4395
2493 -1.5097
2494 2.4168
2495 2.6421
2496 0.0000
2497 11.2591
2498 1.1719
2499 6.3550
2500 -0.1188
2501 6.7543
2502 6.1922
2503 0.0000
2504 7.5490
2505 -2.7566
2506 7.6902
2507 0.0000
2508 8.1307
2509 -1.8521
2510 8.4378
2511 1.7756
2512 -8.2482
2513 7.6131
2514 6.7886
2515 6.8306
2516 0.0000
2517 6.4783
2518 0.3802
2519 9.4505
2520 6.0945
2521 6.0840
2522 2.3407
2523 0.0000
2524 -2.5050
2525 0.1171
2526 0.3605
2527 0.0000
2528 11.5691
2529 -3.2397
2530 4.9519
2531 6.0736
2532 8.9034
2533 8.2221
2534 10.0036
2535 0.4327
2536 0.0000
2537 13.3293
2538 4.6097
2539 7.2941
2540 1.0377
2541 7.1591
2542 3.3070
2543 0.0000
2544 -5.6965
2545 0.0000
2546 1.4172
2547 0.0000
2548 5.6222
2549 2.3639
2550 -8.2252
2551 9.7928
2552 2.2924
2553 -0.6572
2554 2.5564
2555 1.6785
2556 0.0000
2557 -1.8023
2558 -0.1221
2559 4.6947
2560 9.7963
2561 1.1285
2562 -2.4858
2563 0.0000
2564 -1.1246
2565 0.7566
2566 4.1532
2567 -1.9383
2568 5.8274
2569 -1.4108
2570 0.0000
2571 7.1212
2572 6.3709
2573 2.5823
2574 -2.2918
2575 -1.3190
2576 4.1090
2577 0.0000
2578 -3.5850
2579 6.5673
2580 10.4487
2581 7.3148
2582 0.8613
2583 6.9894
2584 0.0000
2585 2.5919
2586 9.3077
2587 1.1297
2588 -3.3561
2589 9.0323
2590 9.9746
2591 0.0000
2592 3.5861
2593 3.7998
2594 5.7391
2595 1.1019
2596 5.1304
2597 13.2881
2598 0.0000
2599 -0.0318
2600 4.1163
2601 5.0098
2602 3.5767
2603 0.2909
2604 -0.1196
2605 0.0000
2606 2.5545
2607 3.8697
2608 10.9203
2609 9.2907
2610 12.0015
2611 -2.6980
2612 0.0000
2613 -0.8136
2614 -0.6257
2615 -0.4231
2616 7.1496
2617 9.5763
2618 7.4576
2619 0.0000
2620 -5.2448
2621 -0.6259
2622 3.4392
2623 0.5242
2624 4.9733
2625 5.1844
2626 0.0000
2627 -2.6696
2628 4.6550
2629 -3.8064
2630 -2.3561
2631 0.7432
2632 6.8703
2633 0.0000
2634 3.4310
2635 11.1126
2636 4.6162
2637 2.6382
2638 3.4958
2639 -0.3480
2640 0.0000
2641 -4.4580
2642 0.5095
2643 0.1561
2644 8.8375
2645 3.3458
2646 10.4214
2647 0.0000
2648 0.2868
2649 5.3290
2650 10.3436
2651 4.8701
2652 4.3419
2653 4.0331
2654 0.0000
2655 0.2160
2656 9.4897
2657 6.4072
2658 2.8746
2659 -0.7163
2660 5.8298
2661 0.0000
2662 3.8861
2663 0.0000
2664 3.7196
2665 0.0000
2666 3.6545
2667 0.0000
2668 1.9795
2669 4.6011
2670 0.0000
2671 11.3899
2672 0.9803
2673 -0.4429
2674 4.2708
2675 0.0000
2676 3.3911
2677 1.3362
2678 7.7281
2679 0.0000
2680 6.0095
2681 1.2349
2682 9.0167
2683 0.0000
2684 11.2702
2685 -4.5891
2686 -0.5109
2687 5.6824
2688 19.1389
2689 3.4029
2690 0.5783
2691 0.5217
2692 1.3293
2693 0.0000
2694 3.1352
2695 -1.3602
2696 -2.0719
2697 -3.1971
2698 -0.2059
2699 7.5843
2700 0.0000
2701 2.8420
2702 7.7148
2703 15.4798
2704 12.2683
2705 4.8889
2706 9.7794
2707 0.0000
2708 1.7316
2709 0.8528
2710 4.6854
2711 5.6037
2712 4.9816
2713 2.8110
2714 0.0000
2715 -6.5408
2716 3.5816
2717 9.2082
2718 1.1601
2719 1.1889
2720 4.8739
2721 0.0000
2722 1.9361
2723 5.8341
2724 2.7291
2725 2.2260
2726 -0.6721
2727 8.2128
2728 0.0000
2729 4.1711
2730 0.9267
2731 3.5966
2732 -2.3075
2733 7.3738
2734 18.8912
2735 0.0000
2736 -4.0267
2737 -2.0503
2738 7.5343
2739 2.2024
2740 -4.4307
2741 -1.7150
2742 0.0000
2743 -2.5777
2744 4.7492
2745 6.8922
2746 3.0310
2747 0.7882
2748 -3.6255
2749 0.0000
2750 1.3263
2751 3.6307
2752 1.0665
2753 -1.8024
2754 3.4449
2755 11.5294
2756 0.0000
2757 -4.9376
2758 -0.3180
2759 7.2290
2760 -0.2847
2761 -2.6563
2762 5.9563
2763 0.0000
2764 3.9438
2765 8.5685
2766 1.4001
2767 3.3347
2768 -0.4839
2769 1.2181
2770 0.0000
2771 0.8990
2772 -3.9403
2773 0.0000
2774 5.3340
2775 -4.7752
2776 0.2908
2777 2.8223
2778 -6.8192
2779 -2.3981
2780 1.5160
2781 5.8279
2782 0.0000
2783 -5.5908
2784 -2.2951
2785 0.0000
2786 -5.3356
2787 0.0000
2788 1.8799
2789 0.0000
2790 -0.7789
2791 6.1131
2792 0.0000
2793 5.9970
2794 6.8206
2795 0.0000
2796 1.1635
2797 2.3410
2798 2.6732
2799 0.0000
2800 -1.2469
2801 3.2798
2802 0.0000
2803 9.7227
2804 1.6736
2805 6.5189
2806 0.0000
2807 3.9124
2808 3.3733
2809 0.0000
2810 3.4099
2811 0.8992
2812 4.3299
2813 0.0000
2814 4.7014
2815 -2.4448
2816 0.0000
2817 4.9588
2818 1.9168
2819 -1.2536
2820 0.0000
2821 1.4507
2822 7.0322
2823 0.0000
2824 6.1202
2825 7.6983
2826 6.9158
2827 0.0000
2828 -0.2369
2829 6.5634
2830 0.0000
2831 6.6638
2832 -4.8993
2833 7.8228
2834 0.0000
2835 4.0250
2836 15.2403
2837 0.0000
2838 6.4485
2839 2.8973
2840 4.5925
2841 0.0000
2842 -0.3453
2843 8.9219
2844 0.0000
2845 -0.5565
2846 3.5384
2847 2.1725
2848 0.0000
2849 0.1518
2850 7.6420
2851 0.0000
2852 1.0164
2853 9.2789
2854 -0.2385
2855 0.0000
2856 1.8398
2857 -2.3884
2858 0.0000
2859 0.4875
2860 -0.5285
2861 -0.8958
2862 0.0000
2863 0.1675
2864 4.3087
2865 0.0000
2866 4.2650
2867 -5.6501
2868 8.2639
2869 0.0000
2870 -1.1372
2871 9.3297
2872 0.0000
2873 4.8640
2874 3.2386
2875 9.8717
2876 0.0000
2877 3.6229
2878 5.8238
2879 0.0000
2880 8.2277
2881 6.3593
2882 0.5301
2883 0.0000
2884 3.5150
2885 10.3576
2886 0.0000
2887 0.4233
2888 -0.4114
2889 8.7032
2890 0.0000
2891 12.9432
2892 2.2194
2893 0.0000
2894 5.9212
2895 8.5827
2896 3.8873
2897 0.0000
2898 -4.9822
2899 4.8419
2900 0.0000
2901 -0.2972
2902 5.4570
2903 -3.5665
2904 0.0000
2905 1.6509
2906 0.0000
2907 -2.4044
2908 0.0000
2909 6.2280
2910 8.5524
2911 0.0000
2912 -2.4056
2913 0.0000
2914 7.7986
2915 0.0000
2916 2.7951
2917 8.4654
2918 5.0574
2919 0.0000
2920 4.9303
2921 6.8220
2922 2.2987
2923 0.0000
2924 3.3813
2925 7.2081
2926 -4.1277
2927 0.0000
2928 12.2798
2929 0.0000
2930 6.1327
2931 0.0000
2932 2.3027
2933 0.3629
2934 0.0000
2935 -0.7523
2936 0.0000
2937 5.4880
2938 3.0935
2939 2.4518
2940 3.7988
2941 0.3819
2942 9.9998
2943 4.1478
2944 9.0787
2945 0.7128
2946 -0.3742
2947 1.2563
2948 2.2646
2949 -1.8782
2950 6.9376
2951 0.6208
2952 7.6878
2953 0.0000
2954 4.9802
2955 -6.2957
2956 8.4631
2957 10.4605
2958 -4.9329
2959 14.8948
2960 7.8833
2961 4.7542
2962 0.0000
2963 3.5433
2964 5.4842
2965 5.3149
2966 5.0856
2967 7.3244
2968 10.0668
2969 0.0000
2970 5.0468
2971 8.2920
2972 2.9930
2973 0.0000
2974 9.7679
2975 2.5314
2976 -1.3581
2977 3.5710
2978 -1.8551
2979 4.1608
2980 4.4016
2981 3.6015
2982 0.0000
2983 7.6465
2984 13.7075
2985 -0.5261
2986 -1.0178
2987 3.4313
2988 4.7237
2989 0.0000
2990 6.4985
2991 0.1825
2992 4.1463
2993 0.0000
2994 8.2571
2995 0.6948
2996 -1.5263
2997 7.2131
2998 -1.5513
2999 0.2942
3000 -1.5958
3001 -0.1069
3002 0.0000
3003 -1.5420
3004 8.6920
3005 8.4686
3006 8.0573
3007 5.3290
3008 5.2079
3009 0.0000
3010 -4.5322
3011 6.7915
3012 -0.8064
3013 0.0000
3014 0.1216
3015 -3.3369
3016 8.5123
3017 1.9054
3018 -0.1408
3019 3.3487
3020 -0.8895
3021 8.4451
3022 0.0000
3023 6.3638
3024 4.0034
3025 11.9418
3026 11.5800
3027 4.9378
3028 -0.7562
3029 0.0000
3030 1.6387
3031 -1.9373
3032 -4.0761
3033 -0.5135
3034 3.9435
3035 6.8094
3036 4.3706
3037 8.0390
3038 3.1043
3039 2.0251
3040 4.1286
3041 -2.2567
3042 4.8023
3043 1.1492
3044 0.0000
3045 -3.4101
3046 -2.6616
3047 -2.8389
3048 9.5865
3049 1.7024
3050 -2.8055
3051 -2.7721
3052 5.1917
3053 0.0000
3054 10.2629
3055 7.9158
3056 7.5041
3057 -4.2695
3058 5.1664
3059 2.7833
3060 0.0000
3061 1.7798
3062 -1.9741
3063 6.2084
3064 0.0000
3065 2.5198
3066 3.7282
3067 6.0160
3068 1.8179
3069 -0.6612
3070 11.8192
3071 9.5070
3072 5.4042
3073 0.0000
3074 7.4955
3075 3.1534
3076 8.7734
3077 1.6374
3078 4.6769
3079 9.1597
3080 0.0000
3081 5.3495
3082 -2.3045
3083 3.6461
3084 0.0000
3085 6.0604
3086 1.5522
3087 9.2665
3088 1.1469
3089 -2.3696
3090 7.1541
3091 -10.9270
3092 6.7685
3093 0.0000
3094 0.4299
3095 6.5292
3096 -0.1470
3097 0.8716
3098 13.8631
3099 4.9438
3100 0.0000
3101 -3.4853
3102 10.1161
3103 2.0893
3104 0.0000
3105 3.4631
3106 1.6852
3107 4.7681
3108 5.0219
3109 1.9515
3110 13.6315
3111 -0.7327
3112 11.9327
3113 0.0000
3114 6.0965
3115 -0.5627
3116 3.7800
3117 -1.9478
3118 -4.0398
3119 4.9802
3120 0.0000
3121 5.3882
3122 8.1220
3123 6.9556
3124 3.2964
3125 6.3616
3126 3.8709
3127 6.7709
3128 10.4197
3129 6.1319
3130 -1.3537
3131 11.4391
3132 2.7889
3133 9.8003
3134 1.7025
3135 0.0000
3136 2.4958
3137 -1.4297
3138 5.7401
3139 7.8399
3140 -2.6521
3141 -3.0733
3142 4.6763
3143 1.0473
3144 0.0000
3145 7.2838
3146 1.5795
3147 5.8329
3148 4.6752
3149 1.1745
3150 -6.6615
3151 0.0000
3152 6.1868
3153 1.7390
3154 4.9867
3155 0.0000
3156 3.5895
3157 3.9857
3158 6.4083
3159 1.6994
3160 0.0886
3161 1.6894
3162 0.5037
3163 2.9453
3164 0.0000
3165 1.8240
3166 3.7023
3167 0.7507
3168 2.7721
3169 1.6908
3170 7.2418
3171 0.0000
3172 8.6440
3173 5.0360
3174 2.5735
3175 0.0000
3176 8.1305
3177 -4.1197
3178 5.7542
3179 3.3185
3180 3.5575
3181 0.2792
3182 -0.4086
3183 1.5906
3184 0.0000
3185 3.1350
3186 3.1875
3187 4.6533
3188 6.5929
3189 7.6204
3190 -0.0255
3191 0.0000
3192 -4.1131
3193 0.9434
3194 3.7023
3195 0.0000
3196 6.6420
3197 -6.3703
3198 1.3942
3199 5.4924
3200 2.0489
3201 3.9530
3202 2.1025
3203 6.8557
3204 0.0000
3205 -2.8203
3206 7.7916
3207 8.6271
3208 5.4983
3209 -1.8881
3210 2.2874
3211 0.0000
3212 0.9274
3213 2.5344
3214 4.7918
3215 8.0673
3216 2.0047
3217 4.2019
3218 1.7750
3219 6.3210
3220 11.3314
3221 3.4751
3222 5.9177
3223 3.0696
3224 8.9755
3225 3.0064
3226 0.0000
3227 1.2884
3228 2.3222
3229 -1.6628
3230 0.5092
3231 2.5668
3232 -6.7135
3233 -0.5514
3234 4.9029
3235 0.0000
3236 5.3277
3237 -0.0176
3238 4.8126
3239 4.1924
3240 6.4213
3241 4.0952
3242 0.0000
3243 -4.1409
3244 8.1332
3245 -1.5881
3246 0.0000
3247 1.3084
3248 2.3778
3249 4.9616
3250 3.3800
3251 -2.6534
3252 6.0561
3253 2.1418
3254 6.1360
3255 0.0000
3256 4.5907
3257 1.5716
3258 -1.1837
3259 0.9496
3260 1.0322
3261 4.8017
3262 0.0000
3263 2.4358
3264 -1.5774
3265 6.6337
3266 0.0000
3267 8.0460
3268 -0.5611
3269 3.0418
3270 8.8470
3271 4.0289
3272 13.4674
3273 3.6041
3274 7.6117
3275 0.0000
3276 1.8248
3277 1.8491
3278 4.7732
3279 7.1519
3280 7.4253
3281 6.0867
3282 0.0000
3283 -8.0915
3284 7.1733
3285 -2.5674
3286 0.0000
3287 6.7232
3288 6.4985
3289 3.4915
3290 0.1175
3291 -4.0736
3292 9.9448
3293 -3.5860
3294 5.2234
3295 0.0000
3296 6.4319
3297 3.4616
3298 1.1261
3299 9.8318
3300 1.7789
3301 -0.6429
3302 0.0000
3303 2.5444
3304 0.0000
3305 1.6411
3306 0.0000
3307 4.9109
3308 5.5670
3309 5.8319
3310 1.4775
3311 2.9208
3312 5.0113
3313 1.1959
3314 3.3067
3315 0.0000
3316 -6.8336
3317 5.1213
3318 13.3971
3319 9.9198
3320 -1.0918
3321 2.4022
3322 0.0000
3323 -2.7610
3324 3.0065
3325 -2.0419
3326 0.3390
3327 1.0975
3328 0.5365
3329 0.0000
3330 0.9422
3331 3.6087
3332 9.9788
3333 4.1435
3334 3.0844
3335 2.1903
3336 0.0000
3337 -3.4977
3338 4.3116
3339 0.0846
3340 -3.4204
3341 10.7258
3342 5.6805
3343 0.0000
3344 3.3190
3345 0.5362
3346 7.8903
3347 2.9613
3348 5.8232
3349 5.7595
3350 0.0000
3351 -1.8476
3352 6.7160
3353 10.6820
3354 10.5626
3355 8.0239
3356 0.7024
3357 0.0000
3358 -1.3297
3359 2.2139
3360 10.9238
3361 4.1121
3362 4.3878
3363 -1.3063
3364 0.0000
3365 4.6081
3366 5.8191
3367 3.1222
3368 10.6514
3369 10.1769
3370 5.3403
3371 0.0000
3372 1.5220
3373 0.5034
3374 10.6322
3375 7.4971
3376 3.6477
3377 0.5883
3378 0.0000
3379 -1.5537
3380 2.7371
3381 4.8477
3382 3.1607
3383 3.5852
3384 -1.4932
3385 0.0000
3386 -2.3498
3387 6.5020
3388 -2.2795
3389 4.4846
3390 -6.8618
3391 2.8132
3392 0.0000
3393 -3.1061
3394 2.7460
3395 0.6467
3396 -0.3672
3397 5.3025
3398 1.1288
3399 0.0000
3400 -1.3758
3401 8.3304
3402 4.7595
3403 2.4648
3404 6.3222
3405 1.1389
3406 0.0000
3407 8.2553
3408 7.9593
3409 12.1213
3410 5.0625
3411 6.4722
3412 4.5562
3413 0.0000
3414 -2.2469
3415 1.4084
3416 0.0873
3417 0.7660
3418 4.9630
3419 1.6744
3420 0.0000
3421 4.3777
3422 0.0000
3423 4.5551
3424 0.0000
3425 5.0555
3426 0.0000
3427 -0.3318
3428 7.2171
3429 0.0000
3430 4.1567
3431 2.6149
3432 6.9160
3433 0.6649
3434 0.0000
3435 6.1316
3436 2.1553
3437 1.8022
3438 0.0000
3439 4.5537
3440 4.8561
3441 3.4155
3442 0.0000
3443 4.3459
3444 3.7241
3445 3.4458
3446 4.6766
3447 5.0241
3448 -0.8745
3449 1.3248
3450 -1.6845
3451 6.3599
3452 0.0000
3453 3.9457
3454 1.7541
3455 4.5865
3456 -3.4261
3457 0.2635
3458 2.0642
3459 0.0000
3460 6.7885
3461 3.7348
3462 0.5218
3463 3.4851
3464 2.9984
3465 4.7098
3466 0.0000
3467 1.7248
3468 7.6155
3469 7.6822
3470 3.4398
3471 -6.7661
3472 3.8554
3473 0.0000
3474 2.3385
3475 0.4483
3476 11.4083
3477 6.4717
3478 -0.6400
3479 1.2035
3480 0.0000
3481 -5.3601
3482 -0.2095
3483 -1.7978
3484 1.2891
3485 5.0127
3486 3.4689
3487 0.0000
3488 3.5568
3489 2.6332
3490 10.6009
3491 8.6765
3492 8.2376
3493 3.2499
3494 0.0000
3495 0.2482
3496 1.8755
3497 13.9009
3498 -2.3811
3499 1.5215
3500 1.1846
3501 0.0000
3502 4.8213
3503 1.8056
3504 4.1519
3505 7.8084
3506 9.6322
3507 1.5402
3508 0.0000
3509 -6.1222
3510 6.1513
3511 7.3699
3512 7.2742
3513 -2.7833
3514 0.8536
3515 0.0000
3516 3.2365
3517 5.5328
3518 3.9943
3519 7.6127
3520 -0.8295
3521 3.3473
3522 0.0000
3523 -8.1039
3524 12.5961
3525 -5.2824
3526 2.5964
3527 6.1266
3528 4.0143
3529 0.0000
3530 -0.4784
3531 2.0810
3532 0.0000
3533 3.4941
3534 -1.3976
3535 2.9463
3536 -2.9869
3537 -0.7849
3538 3.7933
3539 4.7878
3540 2.6667
3541 0.0000
3542 4.3060
3543 0.6860
3544 0.0000
3545 4.7825
3546 0.0000
3547 -3.8674
3548 0.0000
3549 -1.1258
3550 -1.4580
3551 0.0000
3552 -1.4137
3553 7.7147
3554 0.0000
3555 1.5902
3556 9.2048
3557 7.4182
3558 0.0000
3559 6.6984
3560 8.6940
3561 0.0000
3562 4.0744
3563 -0.1132
3564 0.8328
3565 0.0000
3566 -2.9247
3567 5.1808
3568 0.0000
3569 3.2590
3570 3.2677
3571 6.9124
3572 0.0000
3573 -2.1829
3574 2.3867
3575 0.0000
3576 2.4642
3577 -2.6406
3578 0.8873
3579 0.0000
3580 6.7449
3581 -1.1543
3582 0.0000
3583 0.1411
3584 9.6756
3585 4.0527
3586 0.0000
3587 2.2960
3588 -0.6513
3589 0.0000
3590 6.9200
3591 5.8388
3592 5.0977
3593 0.0000
3594 1.0637
3595 0.9945
3596 0.0000
3597 4.6195
3598 -0.8667
3599 0.6823
3600 0.0000
3601 1.6176
3602 8.1674
3603 0.0000
3604 3.4519
3605 8.5606
3606 -0.8712
3607 0.0000
3608 -1.9073
3609 3.0072
3610 0.0000
3611 4.6831
3612 16.3093
3613 -0.1774
3614 0.0000
3615 1.4229
3616 8.0035
3617 0.0000
3618 5.3119
3619 7.1097
3620 3.5847
3621 0.0000
3622 3.2352
3623 4.0355
3624 0.0000
3625 3.2955
3626 11.5477
3627 8.2780
3628 0.0000
3629 -0.0086
3630 2.1776
3631 0.0000
3632 3.0681
3633 6.9003
3634 7.4002
3635 0.0000
3636 1.2013
3637 1.9229
3638 0.0000
3639 8.2256
3640 7.2238
3641 7.4078
3642 0.0000
3643 -2.3283
3644 8.7752
3645 0.0000
3646 -0.0249
3647 7.5046
3648 12.2042
3649 0.0000
3650 -0.1986
3651 4.7381
3652 0.0000
3653 -5.1939
3654 5.9974
3655 6.4016
3656 0.0000
3657 5.3885
3658 11.3100
3659 0.0000
3660 5.2822
3661 -3.1966
3662 -4.6550
3663 0.0000
3664 -1.5929
3665 0.0000
3666 -3.1196
3667 0.0000
3668 2.8482
3669 5.2851
3670 0.0000
3671 -7.1666
3672 0.0000
3673 -1.0503
3674 0.0000
3675 0.4065
3676 -1.7903
3677 10.0544
3678 0.0000
3679 10.0585
3680 5.6863
3681 -0.1096
3682 0.0000
3683 -1.8081
3684 -4.8708
3685 7.5662
3686 0.0000
3687 0.5421
3688 0.0000
3689 5.0351
3690 0.0000
3691 4.9369
3692 6.6989
3693 0.0000
3694 3.0731
3695 0.0000
3696 12.1775
3697 -1.3160
3698 7.0938
3699 0.4654
3700 5.2219
3701 -2.9901
3702 5.9394
3703 9.2116
3704 4.3856
3705 8.4066
3706 -5.9968
3707 0.8302
3708 -7.1644
3709 5.8920
3710 -1.2884
3711 1.0955
3712 0.0000
3713 8.9941
3714 -9.0046
3715 1.6839
3716 3.0804
3717 -0.2825
3718 -0.8298
3719 -0.0606
3720 1.1055
3721 0.0000
3722 2.8687
3723 1.9243
3724 11.6905
3725 9.4928
3726 5.4696
3727 3.6596
3728 0.0000
3729 3.6758
3730 1.1899
3731 8.3113
3732 0.0000
3733 5.7428
3734 -5.7899
3735 0.8639
3736 10.7481
3737 -3.4144
3738 9.5016
3739 3.0488
3740 -0.5244
3741 0.0000
3742 4.5733
3743 8.1660
3744 5.7841
3745 11.3318
3746 6.0037
3747 6.7643
3748 0.0000
3749 -1.9272
3750 10.9012
3751 0.3407
3752 0.0000
3753 2.5147
3754 -6.0063
3755 3.1124
3756 1.7727
3757 6.7357
3758 -2.8163
3759 -4.2022
3760 4.0521
3761 0.0000
3762 8.3465
3763 0.4894
3764 5.3680
3765 7.4986
3766 7.0234
3767 1.9257
3768 0.0000
3769 -3.8226
3770 -1.8892
3771 2.8379
3772 0.0000
3773 11.5528
3774 -2.1174
3775 3.5695
3776 -1.5002
3777 -0.3492
3778 10.6828
3779 8.0918
3780 0.2624
3781 0.0000
3782 6.7919
3783 -2.1520
3784 3.1481
3785 1.9273
3786 6.4208
3787 5.2304
3788 0.0000
3789 -5.1415
3790 -0.3016
3791 10.9740
3792 -0.4210
3793 -0.2576
3794 1.5305
3795 2.1482
3796 1.7482
3797 4.1286
3798 15.0182
3799 -2.4464
3800 7.3557
3801 0.8365
3802 7.6055
3803 0.0000
3804 -0.7012
3805 -0.5644
3806 7.7680
3807 2.6258
3808 4.4159
3809 3.5173
3810 -3.0099
3811 11.5278
3812 0.0000
3813 11.5439
3814 4.2596
3815 -0.1524
3816 4.0994
3817 -0.2735
3818 2.7541
3819 0.0000
3820 3.3247
3821 4.1844
3822 -1.5942
3823 0.0000
3824 14.8717
3825 1.2275
3826 9.3206
3827 0.3983
3828 1.5869
3829 8.5949
3830 3.1737
3831 7.3929
3832 0.0000
3833 8.3939
3834 2.7615
3835 2.1208
3836 -1.5362
3837 4.7194
3838 8.5038
3839 0.0000
3840 -0.0742
3841 6.7770
3842 10.6698
3843 0.0000
3844 6.8784
3845 1.2788
3846 1.1640
3847 1.1825
3848 0.7842
3849 10.3329
3850 4.8766
3851 8.0192
3852 0.0000
3853 -2.6517
3854 5.6072
3855 7.2830
3856 2.4516
3857 2.3762
3858 5.4075
3859 0.0000
3860 8.7129
3861 2.8613
3862 6.4606
3863 0.0000
3864 1.9521
3865 8.7180
3866 7.3981
3867 14.3258
3868 -5.5137
3869 8.1592
3870 4.7373
3871 9.7189
3872 0.0000
3873 3.1589
3874 4.3439
3875 6.3245
3876 12.0693
3877 5.9170
3878 7.5064
3879 0.0000
3880 -2.2418
3881 1.4110
3882 11.1032
3883 -0.3482
3884 7.9080
3885 1.2111
3886 2.6419
3887 -0.5525
3888 3.1489
3889 4.8662
3890 4.5514
3891 0.0500
3892 3.8830
3893 8.1715
3894 0.0000
3895 7.3191
3896 3.2652
3897 1.7364
3898 0.0945
3899 2.3555
3900 4.8650
3901 -1.9491
3902 5.9518
3903 0.0000
3904 0.5743
3905 11.6268
3906 0.2499
3907 3.1751
3908 3.8888
3909 10.7516
3910 0.0000
3911 -1.1994
3912 -0.1313
3913 5.4844
3914 0.0000
3915 1.1187
3916 -1.8652
3917 5.2428
3918 2.8103
3919 -6.4743
3920 3.0572
3921 2.1723
3922 2.5227
3923 0.0000
3924 -3.4456
3925 -1.5932
3926 4.0333
3927 1.4747
3928 7.5161
3929 3.9052
3930 0.0000
3931 1.4245
3932 7.9273
3933 1.4550
3934 0.0000
3935 2.5033
3936 -7.8791
3937 7.6863
3938 -3.1687
3939 -0.4291
3940 -6.0943
3941 -1.7068
3942 9.0143
3943 0.0000
3944 2.1973
3945 6.1333
3946 8.1259
3947 -1.9774
3948 -1.1303
3949 5.9699
3950 0.0000
3951 2.1450
3952 7.1552
3953 4.8424
3954 0.0000
3955 2.2530
3956 -0.7927
3957 -0.0332
3958 2.6105
3959 -4.0879
3960 5.5616
3961 12.6932
3962 9.8732
3963 0.0000
3964 7.8225
3965 7.7552
3966 6.2472
3967 4.2013
3968 -0.3131
3969 4.6352
3970 0.0000
3971 -8.3220
3972 6.6778
3973 10.5235
3974 2.2296
3975 2.3750
3976 6.2782
3977 7.3716
3978 0.2263
3979 9.8690
3980 10.2899
3981 4.4796
3982 8.3186
3983 8.9620
3984 5.6090
3985 0.0000
3986 4.8118
3987 -0.0539
3988 6.6734
3989 7.7337
3990 -5.5132
3991 11.4464
3992 -1.8170
3993 0.8800
3994 0.0000
3995 2.8169
3996 2.9862
3997 10.3477
3998 1.2543
3999 4.2491
4000 12.5895
4001 0.0000
4002 0.7810
4003 1.1397
4004 6.2782
4005 0.0000
4006 2.2652
4007 -11.3582
4008 3.2559
4009 7.7806
4010 4.1581
4011 9.8630
4012 5.7796
4013 1.7121
4014 0.0000
4015 5.8597
4016 1.5984
4017 2.2892
4018 2.2530
4019 -0.8129
4020 4.3314
4021 0.0000
4022 0.4986
4023 1.5605
4024 1.9236
4025 0.0000
4026 1.2224
4027 -0.8441
4028 -2.5626
4029 3.0685
4030 -4.7531
4031 9.3756
4032 7.8336
4033 9.8654
4034 0.0000
4035 4.6834
4036 5.2663
4037 4.9078
4038 1.0656
4039 14.0068
4040 6.3674
4041 0.0000
4042 -3.8441
4043 6.5672
4044 10.5269
4045 0.0000
4046 9.8175
4047 -2.5848
4048 6.0702
4049 4.6930
4050 0.0425
4051 9.5930
4052 2.9677
4053 4.7499
4054 0.0000
4055 5.5301
4056 -3.1885
4057 1.7908
4058 -1.3073
4059 -0.5995
4060 6.2206
4061 0.0000
4062 6.5187
4063 0.0000
4064 3.3641
4065 0.0000
4066 6.1834
4067 -0.6791
4068 -10.0809
4069 8.4502
4070 2.5691
4071 8.6419
4072 1.5175
4073 1.6473
4074 0.0000
4075 7.3605
4076 11.6333
4077 1.4067
4078 3.7964
4079 8.1698
4080 3.4895
4081 0.0000
4082 6.0768
4083 1.4149
4084 8.8927
4085 3.8973
4086 1.5820
4087 5.2702
4088 0.0000
4089 -6.7496
4090 -1.6643
4091 -1.5384
4092 -1.1543
4093 -3.7527
4094 0.5876
4095 0.0000
4096 -2.7073
4097 3.4651
4098 -2.1441
4099 3.5758
4100 -3.1188
4101 -2.3305
4102 0.0000
4103 1.1291
4104 2.1262
4105 9.8711
4106 12.4921
4107 8.6295
4108 3.9709
4109 0.0000
4110 3.9958
4111 2.2062
4112 6.5580
4113 -1.4019
4114 4.6326
4115 4.8421
4116 0.0000
4117 3.0144
4118 4.2336
4119 -3.7789
4120 -0.3218
4121 5.9917
4122 6.3538
4123 0.0000
4124 7.3387
4125 5.2774
4126 6.5967
4127 0.4414
4128 1.4667
4129 6.9294
4130 0.0000
4131 1.5429
4132 11.8397
4133 4.5545
4134 3.3678
4135 -1.2130
4136 -5.5628
4137 0.0000
4138 4.1337
4139 3.5803
4140 1.0357
4141 2.8573
4142 2.4242
4143 0.2847
4144 0.0000
4145 4.8969
4146 3.2478
4147 0.0374
4148 4.2811
4149 2.9221
4150 2.6332
4151 0.0000
4152 6.1604
4153 4.2937
4154 -2.6740
4155 8.5214
4156 4.7863
4157 0.7601
4158 0.0000
4159 5.7995
4160 3.5935
4161 -1.7052
4162 -0.6082
4163 0.7952
4164 7.1922
4165 0.0000
4166 4.4407
4167 4.9364
4168 -2.0467
4169 0.4692
4170 3.0434
4171 2.7808
4172 0.0000
4173 2.8602
4174 -1.1185
4175 4.1218
4176 5.0614
4177 -1.3774
4178 0.9064
4179 0.0000
4180 2.7295
4181 0.0000
4182 1.6970
4183 0.0000
4184 3.9743
4185 0.0000
4186 -2.4584
4187 8.0574
4188 0.0000
4189 7.9172
4190 8.0330
4191 9.1381
4192 4.5919
4193 0.0000
4194 2.1349
4195 0.0509
4196 2.5985
4197 0.0000
4198 9.2755
4199 0.2341
4200 8.5932
4201 0.0000
4202 -4.3059
4203 12.8696
4204 -2.4568
4205 5.4021
4206 11.6835
4207 -0.6860
4208 2.2639
4209 6.1079
4210 2.5957
4211 0.0000
4212 -0.9187
4213 4.4132
4214 8.5280
4215 -5.7767
4216 -1.1556
4217 -4.7943
4218 0.0000
4219 6.0761
4220 6.5460
4221 10.1068
4222 4.6993
4223 2.1241
4224 -2.1487
4225 0.0000
4226 -7.3854
4227 8.4235
4228 12.8175
4229 7.7349
4230 1.2503
4231 4.9703
4232 0.0000
4233 7.4744
4234 -3.4242
4235 6.3398
4236 8.5483
4237 -4.1302
4238 -1.9201
4239 0.0000
4240 1.8682
4241 -2.5317
4242 1.6584
4243 2.0689
4244 6.1319
4245 2.3698
4246 0.0000
4247 -5.9606
4248 5.9037
4249 1.0267
4250 6.7677
4251 6.4458
4252 4.7388
4253 0.0000
4254 -10.2039
4255 2.8259
4256 -5.0267
4257 2.1216
4258 4.3133
4259 2.8242
4260 0.0000
4261 0.6672
4262 8.9583
4263 -0.9693
4264 4.6903
4265 0.1447
4266 11.9150
4267 0.0000
4268 2.3514
4269 7.4998
4270 1.7575
4271 -3.4142
4272 2.9346
4273 -1.2805
4274 0.0000
4275 -0.1582
4276 -3.5675
4277 7.6702
4278 4.7156
4279 5.0175
4280 6.4239
4281 0.0000
4282 5.5369
4283 3.4832
4284 3.6499
4285 12.6234
4286 4.0776
4287 3.1679
4288 0.0000
4289 3.7872
4290 -6.4720
4291 0.0000
4292 2.2288
4293 9.9852
4294 9.0920
4295 -9.5696
4296 -4.3337
4297 3.0702
4298 -4.3940
4299 -1.9500
4300 0.0000
4301 8.4918
4302 4.4135
4303 0.0000
4304 0.3372
4305 0.0000
4306 1.9104
4307 0.0000
4308 4.4653
4309 8.7928
4310 0.0000
4311 -6.6994
4312 -2.4581
4313 0.0000
4314 4.4437
4315 2.0228
4316 1.3762
4317 0.0000
4318 -2.6537
4319 2.8052
4320 0.0000
4321 1.8310
4322 6.9373
4323 -5.4506
4324 0.0000
4325 -1.1443
4326 4.1332
4327 0.0000
4328 4.3097
4329 2.1311
4330 9.8355
4331 0.0000
4332 3.4042
4333 8.4040
4334 0.0000
4335 -2.6760
4336 0.6252
4337 0.4119
4338 0.0000
4339 0.9670
4340 1.6973
4341 0.0000
4342 4.9479
4343 5.1898
4344 6.8753
4345 0.0000
4346 8.0117
4347 4.6276
4348 0.0000
4349 5.6482
4350 0.5514
4351 6.7566
4352 0.0000
4353 2.2067
4354 -0.2390
4355 0.0000
4356 1.4995
4357 0.7482
4358 6.9405
4359 0.0000
4360 -3.4254
4361 -2.1208
4362 0.0000
4363 -0.3504
4364 2.5924
4365 1.6795
4366 0.0000
4367 0.8270
4368 7.4439
4369 0.0000
4370 -2.6110
4371 6.4461
4372 2.6500
4373 0.0000
4374 2.7034
4375 1.6301
4376 0.0000
4377 6.2939
4378 9.1857
4379 5.6009
4380 0.0000
4381 0.1940
4382 8.4560
4383 0.0000
4384 7.7632
4385 12.0120
4386 6.5508
4387 0.0000
4388 5.2117
4389 4.3966
4390 0.0000
4391 0.5790
4392 0.3747
4393 9.2196
4394 0.0000
4395 -0.0821
4396 4.3697
4397 0.0000
4398 3.5242
4399 5.2379
4400 6.9893
4401 0.0000
4402 2.3549
4403 10.2019
4404 0.0000
4405 -4.0380
4406 2.5559
4407 7.2668
4408 0.0000
4409 3.8586
4410 0.1490
4411 0.0000
4412 8.4195
4413 8.4634
4414 10.4201
4415 0.0000
4416 5.1599
4417 -4.1657
4418 0.0000
4419 -3.1366
4420 -0.1556
4421 -0.6995
4422 0.0000
4423 0.0390
4424 0.0000
4425 4.2468
4426 0.0000
4427 7.6489
4428 7.3064
4429 0.0000
4430 2.4580
4431 0.0000
4432 7.4111
4433 0.0000
4434 4.5990
4435 -2.3460
4436 6.0176
4437 0.0000
4438 1.0196
4439 14.6103
4440 7.4989
4441 0.0000
4442 4.6517
4443 8.1224
4444 8.6685
4445 0.0000
4446 2.0372
4447 0.0000
4448 4.2665
4449 0.0000
4450 3.4812
4451 -0.9898
4452 0.0000
4453 4.4576
4454 0.0000
4455 5.3310
4456 1.8393
4457 5.7868
4458 2.6611
4459 -1.9974
4460 6.2576
4461 4.7479
4462 -1.5133
4463 10.6994
4464 5.9887
4465 5.6844
4466 -4.1366
4467 -4.1308
4468 -3.2898
4469 -3.5532
4470 3.0695
4471 0.0000
4472 5.3834
4473 4.1746
4474 6.7275
4475 4.0317
4476 3.2369
4477 0.9154
4478 -4.8645
4479 7.5520
4480 0.0000
4481 2.6736
4482 -0.1712
4483 4.1057
4484 5.0214
4485 7.4211
4486 4.7797
4487 0.0000
4488 -3.2709
4489 6.1011
4490 4.5104
4491 0.0000
4492 -1.3380
4493 -0.9614
4494 -0.3277
4495 8.0351
4496 9.3290
4497 5.6427
4498 7.6524
4499 1.0108
4500 0.0000
4501 9.0575
4502 7.7033
4503 2.7023
4504 6.8881
4505 -0.1519
4506 0.8069
4507 0.0000
4508 0.4939
4509 5.9823
4510 0.0080
4511 0.0000
4512 0.9347
4513 -6.9956
4514 4.7384
4515 5.5643
4516 -1.2578
4517 1.3965
4518 3.8669
4519 13.2848
4520 0.0000
4521 4.9694
4522 2.4324
4523 13.9778
4524 5.7066
4525 2.2337
4526 -1.2742
4527 0.0000
4528 4.5132
4529 3.1253
4530 1.6366
4531 0.0000
4532 5.8465
4533 0.1549
4534 1.1735
4535 -5.7863
4536 1.9215
4537 2.2866
4538 -2.8152
4539 1.8735
4540 0.0000
4541 8.4667
4542 2.5841
4543 5.1817
4544 6.4966
4545 3.8071
4546 9.0390
4547 0.0000
4548 1.7500
4549 -8.9982
4550 1.5470
4551 6.1967
4552 -3.1251
4553 -0.1912
4554 5.1001
4555 -0.0986
4556 5.6226
4557 8.6946
4558 6.8583
4559 4.3203
4560 8.3684
4561 0.5960
4562 0.0000
4563 9.0892
4564 3.3687
4565 7.4540
4566 3.6836
4567 3.2928
4568 1.5142
4569 -1.0635
4570 9.0035
4571 0.0000
4572 6.1250
4573 2.0716
4574 8.6814
4575 1.5978
4576 3.2036
4577 5.5324
4578 0.0000
4579 -1.1688
4580 4.2780
4581 8.0747
4582 0.0000
4583 3.2584
4584 4.9852
4585 -1.9874
4586 4.9835
4587 -6.6361
4588 -4.3123
4589 -1.4943
4590 6.1746
4591 0.0000
4592 8.5719
4593 4.6150
4594 14.4687
4595 3.0214
4596 3.4035
4597 2.7951
4598 0.0000
4599 -2.4523
4600 1.4108
4601 11.1765
4602 0.0000
4603 2.6478
4604 0.4946
4605 6.1932
4606 7.0383
4607 -0.3374
4608 -2.8006
4609 1.1317
4610 7.1417
4611 0.0000
4612 -1.6567
4613 -1.0710
4614 6.6540
4615 4.7200
4616 8.8726
4617 -6.8132
4618 0.0000
4619 1.5396
4620 2.6706
4621 11.6631
4622 0.0000
4623 12.8497
4624 -2.1229
4625 4.7307
4626 -6.6246
4627 -4.1244
4628 7.9701
4629 9.5707
4630 0.3488
4631 0.0000
4632 2.7172
4633 10.0477
4634 6.9462
4635 5.2667
4636 9.9790
4637 8.9996
4638 0.0000
4639 -0.7947
4640 -1.2857
4641 -3.3789
4642 9.1044
4643 1.7174
4644 1.7059
4645 5.2994
4646 -3.1117
4647 6.0114
4648 6.8040
4649 -2.6944
4650 5.1525
4651 6.3562
4652 6.1801
4653 0.0000
4654 5.7972
4655 2.5064
4656 2.1527
4657 10.1161
4658 4.3886
4659 1.1777
4660 1.4233
4661 6.8867
4662 0.0000
4663 -3.3014
4664 6.8675
4665 -2.9877
4666 11.8618
4667 5.9820
4668 -0.2645
4669 0.0000
4670 5.3986
4671 -0.3793
4672 5.2820
4673 0.0000
4674 -0.1273
4675 -3.4816
4676 5.5445
4677 8.2202
4678 7.7292
4679 -5.7946
4680 4.1363
4681 1.9116
4682 0.0000
4683 -0.2497
4684 3.2684
4685 4.3373
4686 4.5087
4687 4.8028
4688 7.9000
4689 0.0000
4690 5.6140
4691 4.8938
4692 8.1003
4693 0.0000
4694 1.8008
4695 5.3049
4696 0.4154
4697 9.3207
4698 -0.1676
4699 2.5911
4700 -0.7523
4701 0.7935
4702 0.0000
4703 5.4129
4704 0.9375
4705 -1.2135
4706 1.8701
4707 9.0911
4708 -6.7722
4709 0.0000
4710 0.9048
4711 7.0936
4712 11.2483
4713 0.0000
4714 1.7381
4715 -8.5604
4716 4.4630
4717 -0.1628
4718 -6.2331
4719 6.3188
4720 3.9758
4721 2.1448
4722 0.0000
4723 8.2971
4724 2.1556
4725 -5.3224
4726 5.6263
4727 6.7825
4728 8.1354
4729 0.0000
4730 2.1276
4731 4.8465
4732 3.8086
4733 4.5758
4734 -3.0222
4735 3.6753
4736 16.4350
4737 7.7113
4738 6.4736
4739 8.6593
4740 5.0929
4741 3.9116
4742 3.1585
4743 -0.5857
4744 0.0000
4745 5.2293
4746 3.8205
4747 2.4065
4748 -3.2889
4749 8.4614
4750 3.4588
4751 8.7305
4752 3.8906
4753 0.0000
4754 8.0563
4755 -2.0446
4756 8.4179
4757 3.4408
4758 -1.4201
4759 3.9738
4760 0.0000
4761 4.0108
4762 1.4211
4763 8.3941
4764 0.0000
4765 8.2020
4766 1.6966
4767 -1.2848
4768 5.0056
4769 -2.7961
4770 7.4098
4771 5.7896
4772 8.3158
4773 0.0000
4774 5.8745
4775 -2.0262
4776 13.5207
4777 4.5120
4778 0.9166
4779 5.0622
4780 0.0000
4781 5.8121
4782 0.3357
4783 -5.4390
4784 0.0000
4785 6.6048
4786 6.4259
4787 7.3845
4788 3.9394
4789 -5.1521
4790 5.8024
4791 3.7966
4792 4.6678
4793 0.0000
4794 5.4505
4795 -1.1381
4796 5.1525
4797 2.7448
4798 2.0761
4799 -3.6400
4800 0.0000
4801 4.6805
4802 10.0244
4803 2.7202
4804 0.0000
4805 15.1695
4806 0.9109
4807 7.4526
4808 3.9353
4809 -3.9949
4810 3.0178
4811 -1.8743
4812 2.4195
4813 0.0000
4814 8.9582
4815 -1.4661
4816 9.4647
4817 3.1007
4818 -4.0275
4819 6.4678
4820 0.0000
4821 -6.2559
4822 0.0000
4823 8.3291
4824 0.0000
4825 11.5361
4826 1.4051
4827 -3.8465
4828 5.1715
4829 3.0846
4830 6.3680
4831 8.7700
4832 1.3225
4833 0.0000
4834 3.9582
4835 12.6128
4836 8.3993
4837 5.1889
4838 -2.7677
4839 1.7404
4840 0.0000
4841 3.1922
4842 1.9426
4843 8.2307
4844 2.1973
4845 2.9028
4846 4.0470
4847 0.0000
4848 0.9065
4849 7.8062
4850 1.5547
4851 10.4348
4852 6.3193
4853 5.5194
4854 0.0000
4855 -2.0488
4856 1.3376
4857 -0.3714
4858 1.5396
4859 1.3144
4860 3.2576
4861 0.0000
4862 0.1716
4863 2.5606
4864 4.0478
4865 -2.5482
4866 9.4008
4867 5.2740
4868 0.0000
4869 4.2512
4870 3.4334
4871 1.0531
4872 13.0028
4873 5.8770
4874 0.4756
4875 0.0000
4876 4.5769
4877 7.2901
4878 -0.0004
4879 -0.6792
4880 5.5010
4881 4.1233
4882 0.0000
4883 4.7592
4884 -2.5877
4885 2.7280
4886 0.4811
4887 3.5767
4888 11.0246
4889 0.0000
4890 1.7479
4891 4.5749
4892 -6.2163
4893 4.0104
4894 -3.8198
4895 -6.4715
4896 0.0000
4897 0.6258
4898 -2.9464
4899 3.8070
4900 4.5615
4901 5.0447
4902 -3.1177
4903 0.0000
4904 5.8696
4905 7.4644
4906 6.1868
4907 3.4351
4908 5.3530
4909 4.9197
4910 0.0000
4911 3.3770
4912 3.4004
4913 8.4101
4914 2.4001
4915 2.2268
4916 2.0315
4917 0.0000
4918 5.9236
4919 6.6900
4920 10.1539
4921 4.2865
4922 -1.8252
4923 -2.2834
4924 0.0000
4925 -0.9525
4926 5.9774
4927 3.1502
4928 2.8736
4929 4.2942
4930 8.6093
4931 0.0000
4932 -0.8313
4933 6.9782
4934 4.4721
4935 0.7613
4936 5.7299
4937 -0.9849
4938 0.0000
4939 3.4019
4940 0.0000
4941 11.6336
4942 0.0000
4943 11.6570
4944 0.0000
4945 -1.5967
4946 -5.0404
4947 0.0000
4948 8.4028
4949 2.6552
4950 0.3945
4951 1.4728
4952 0.0000
4953 11.1023
4954 1.9832
4955 12.8639
4956 0.0000
4957 6.3581
4958 8.6185
4959 6.4945
4960 0.0000
4961 8.3820
4962 4.3737
4963 2.1971
4964 6.8928
4965 1.4818
4966 5.5767
4967 10.7555
4968 1.6449
4969 4.3066
4970 0.0000
4971 -1.8356
4972 -0.1836
4973 2.7499
4974 7.6977
4975 -1.7599
4976 3.0749
4977 0.0000
4978 -1.6244
4979 6.1527
4980 11.3669
4981 0.9308
4982 -1.8302
4983 5.8372
4984 0.0000
4985 1.9334
4986 3.2936
4987 12.9856
4988 6.8349
4989 6.7847
4990 2.5211
4991 0.0000
4992 8.4013
4993 10.4116
4994 0.1424
4995 -3.4362
4996 3.0315
4997 -0.8968
4998 0.0000
4999 -9.3939
5000 7.5628
5001 1.6373
5002 4.5662
5003 5.9331
5004 4.0296
5005 0.0000
5006 1.2422
5007 8.0045
5008 2.6090
5009 1.8156
5010 9.5650
5011 6.7016
5012 0.0000
5013 -0.5464
5014 1.8022
5015 -4.2345
5016 0.4649
5017 12.1066
5018 1.6678
5019 0.0000
5020 3.4650
5021 -6.6414
5022 2.5227
5023 2.4471
5024 7.6422
5025 6.3589
5026 0.0000
5027 0.9423
5028 4.3692
5029 1.9769
5030 10.1373
5031 -0.2659
5032 -3.7796
5033 0.0000
5034 4.6453
5035 1.6654
5036 10.4093
5037 1.9302
5038 0.0023
5039 5.3694
5040 0.0000
5041 -0.4883
5042 4.3286
5043 3.6041
5044 8.2005
5045 2.4454
5046 -1.8674
5047 0.0000
5048 -5.9330
5049 -2.8711
5050 0.0000
5051 0.5687
5052 -1.1335
5053 -4.7242
5054 7.2695
5055 0.0985
5056 -5.4459
5057 -4.1015
5058 1.1132
5059 0.0000
5060 2.7451
5061 2.0454
5062 0.0000
5063 5.7169
5064 0.0000
5065 2.7439
5066 0.0000
5067 -1.6240
5068 3.2291
5069 0.0000
5070 7.6314
5071 -1.5641
5072 0.0000
5073 9.8181
5074 5.4958
5075 5.0112
5076 0.0000
5077 8.2839
5078 7.1075
5079 0.0000
5080 5.0063
5081 0.2485
5082 -2.4003
5083 0.0000
5084 1.3441
5085 10.7399
5086 0.0000
5087 12.7035
5088 6.0189
5089 5.8406
5090 0.0000
5091 3.9533
5092 0.0245
5093 0.0000
5094 7.3030
5095 0.1702
5096 3.1632
5097 0.0000
5098 0.9369
5099 -1.9248
5100 0.0000
5101 7.9334
5102 2.8284
5103 4.2544
5104 0.0000
5105 2.3485
5106 5.4915
5107 0.0000
5108 3.6176
5109 0.0647
5110 2.8165
5111 0.0000
5112 -9.1298
5113 -1.9331
5114 0.0000
5115 12.4012
5116 -1.5614
5117 8.0881
5118 0.0000
5119 1.3405
5120 1.5900
5121 0.0000
5122 -0.8288
5123 6.0090
5124 3.2164
5125 0.0000
5126 1.7270
5127 6.3433
5128 0.0000
5129 4.5677
5130 0.1769
5131 -0.1645
5132 0.0000
5133 -6.9942
5134 2.6827
5135 0.0000
5136 3.9718
5137 3.7800
5138 3.9378
5139 0.0000
5140 1.2194
5141 3.1751
5142 0.0000
5143 6.9940
5144 -2.2859
5145 -0.8018
5146 0.0000
5147 9.2253
5148 -4.3414
5149 0.0000
5150 6.1449
5151 -2.7497
5152 2.0190
5153 0.0000
5154 -2.4483
5155 2.6068
5156 0.0000
5157 6.1693
5158 11.5339
5159 -3.2870
5160 0.0000
5161 -3.0099
5162 3.5946
5163 0.0000
5164 -1.1912
5165 4.6847
5166 7.1371
5167 0.0000
5168 -2.8043
5169 5.7584
5170 0.0000
5171 6.4314
5172 4.9931
5173 6.3288
5174 0.0000
5175 3.6093
5176 3.6847
5177 0.0000
5178 4.6590
5179 6.8258
5180 -1.9581
5181 0.0000
5182 -3.2316
5183 0.0000
5184 4.0281
5185 0.0000
5186 8.4427
5187 9.5827
5188 0.0000
5189 6.9219
5190 0.0000
5191 11.4992
5192 0.0000
5193 6.8514
5194 6.3945
5195 5.0543
5196 0.0000
5197 8.4884
5198 6.2916
5199 1.3508
5200 0.0000
5201 7.1620
5202 5.0302
5203 4.8660
5204 0.0000
5205 9.6016
5206 0.0000
5207 9.2645
5208 0.0000
5209 8.7157
5210 11.1705
5211 0.0000
5212 10.6610
5213 0.0000
5214 1.6252
5215 4.0013
5216 4.0288
5217 3.2874
5218 3.0294
5219 6.7855
5220 3.3679
5221 2.2829
5222 10.7840
5223 -0.9999
5224 0.5038
5225 1.6369
5226 0.0479
5227 1.1658
5228 -2.4462
5229 1.6125
5230 0.0000
5231 1.5333
5232 2.5950
5233 4.6898
5234 2.5592
5235 4.3678
5236 -0.4714
5237 -7.4698
5238 5.5181
5239 0.0000
5240 1.1701
5241 12.6346
5242 2.0232
5243 5.6153
5244 8.3879
5245 9.4816
5246 0.0000
5247 3.7293
5248 0.7483
5249 0.7262
5250 0.0000
5251 -2.0824
5252 1.1957
5253 -4.4505
5254 10.1974
5255 1.1183
5256 2.6902
5257 -2.2334
5258 6.0470
5259 0.0000
5260 1.6759
5261 0.6946
5262 10.0286
5263 11.2465
5264 1.4687
5265 3.4760
5266 0.0000
5267 10.6969
5268 7.6167
5269 5.4608
5270 0.0000
5271 0.1622
5272 6.1223
5273 -1.1597
5274 13.1081
5275 -3.5363
5276 -2.8372
5277 -4.5622
5278 9.1066
5279 0.0000
5280 6.0996
5281 3.0760
5282 5.8982
5283 6.8706
5284 9.2542
5285 0.8661
5286 0.0000
5287 -11.8883
5288 10.6720
5289 8.3234
5290 0.0000
5291 4.3490
5292 1.6222
5293 0.8704
5294 0.7766
5295 0.0148
5296 4.9979
5297 -1.6493
5298 -0.4699
5299 0.0000
5300 13.6656
5301 6.4641
5302 4.3594
5303 7.5467
5304 3.1908
5305 4.9556
5306 0.0000
5307 -1.4903
5308 8.5591
5309 0.9088
5310 4.0320
5311 -1.6640
5312 8.8885
5313 2.9257
5314 10.4017
5315 7.2272
5316 -4.2641
5317 7.4614
5318 1.3775
5319 -2.4417
5320 4.1102
5321 0.0000
5322 -1.9034
5323 -6.3656
5324 5.2440
5325 6.5283
5326 -2.1252
5327 -0.2501
5328 1.5703
5329 4.4736
5330 0.0000
5331 0.6863
5332 12.0478
5333 0.4723
5334 -1.6617
5335 -0.2051
5336 9.2976
5337 0.0000
5338 5.8772
5339 7.5638
5340 7.3104
5341 0.0000
5342 8.5336
5343 0.3149
5344 5.3938
5345 0.4790
5346 -0.0379
5347 5.9751
5348 -4.7078
5349 10.1182
5350 0.0000
5351 8.1330
5352 5.7911
5353 9.5643
5354 3.3256
5355 11.2946
5356 -2.4117
5357 0.0000
5358 -5.8019
5359 4.8047
5360 5.9986
5361 0.0000
5362 9.7159
5363 -3.2755
5364 11.4700
5365 6.7407
5366 4.3486
5367 4.4846
5368 5.1700
5369 9.6888
5370 0.0000
5371 2.5582
5372 6.0245
5373 5.2996
5374 13.1663
5375 -0.5135
5376 -6.4932
5377 0.0000
5378 2.7595
5379 4.6558
5380 1.1026
5381 0.0000
5382 5.6159
5383 9.1911
5384 -1.0093
5385 -4.5570
5386 3.4918
5387 2.4159
5388 -7.7187
5389 0.2431
5390 0.0000
5391 -1.9758
5392 16.5258
5393 9.0590
5394 1.3799
5395 2.2311
5396 8.0828
5397 0.0000
5398 -5.2572
5399 -1.2820
5400 4.6998
5401 2.6437
5402 9.0909
5403 0.4183
5404 2.3999
5405 5.2396
5406 3.9627
5407 5.9740
5408 6.3870
5409 5.7248
5410 11.8466
5411 9.3458
5412 0.0000
5413 -3.8313
5414 0.4675
5415 1.6771
5416 9.2846
5417 2.0957
5418 3.8493
5419 -1.3703
5420 3.4626
5421 0.0000
5422 3.8020
5423 6.4319
5424 2.5469
5425 5.2872
5426 -1.6006
5427 8.0765
5428 0.0000
5429 8.5298
5430 4.3888
5431 -0.1374
5432 0.0000
5433 8.3074
5434 -3.6453
5435 4.7438
5436 6.5133
5437 5.8596
5438 3.8091
5439 11.3467
5440 -0.6316
5441 0.0000
5442 2.7338
5443 0.6703
5444 7.2410
5445 13.9883
5446 6.0915
5447 4.2548
5448 0.0000
5449 -1.0238
5450 8.8705
5451 13.3372
5452 0.0000
5453 3.8275
5454 -4.1643
5455 4.1433
5456 5.9359
5457 6.8079
5458 9.6019
5459 0.1968
5460 3.5893
5461 0.0000
5462 0.9485
5463 -3.1380
5464 1.9641
5465 11.6539
5466 -0.2351
5467 9.8197
5468 0.0000
5469 2.7007
5470 4.5124
5471 5.0978
5472 0.0000
5473 6.7942
5474 2.4010
5475 8.9881
5476 -0.1805
5477 -5.7071
5478 5.0399
5479 3.7183
5480 8.6606
5481 0.0000
5482 -0.0560
5483 -2.9404
5484 -0.3874
5485 6.9712
5486 7.3089
5487 8.3697
5488 0.0000
5489 -3.2960
5490 -0.1084
5491 7.8637
5492 4.7200
5493 4.3638
5494 -3.8372
5495 3.8452
5496 3.3500
5497 0.3495
5498 7.3768
5499 7.1168
5500 -1.0171
5501 5.9857
5502 2.9412
5503 0.0000
5504 8.0101
5505 2.8435
5506 -3.7210
5507 9.7059
5508 -0.3879
5509 -3.9540
5510 5.9152
5511 5.4053
5512 0.0000
5513 5.5628
5514 -2.2360
5515 7.3296
5516 6.8642
5517 5.0622
5518 0.8107
5519 0.0000
5520 -0.9333
5521 3.4224
5522 9.0378
5523 0.0000
5524 4.0824
5525 0.2359
5526 7.8834
5527 6.7300
5528 1.5585
5529 6.0979
5530 6.5749
5531 7.8548
5532 0.0000
5533 5.8930
5534 -0.3118
5535 4.8757
5536 -3.3649
5537 4.6017
5538 2.6530
5539 0.0000
5540 4.2915
5541 5.3917
5542 -1.6382
5543 0.0000
5544 6.9711
5545 -7.8524
5546 3.7219
5547 0.9033
5548 0.5436
5549 15.3982
5550 7.2952
5551 2.1276
5552 0.0000
5553 5.1687
5554 -6.8483
5555 -4.5215
5556 9.8647
5557 9.5206
5558 -2.8826
5559 0.0000
5560 0.5205
5561 7.9742
5562 -0.4021
5563 0.0000
5564 8.3542
5565 -0.1967
5566 15.4284
5567 3.3032
5568 1.0348
5569 5.2559
5570 9.8464
5571 2.0237
5572 0.0000
5573 5.3852
5574 1.3636
5575 2.2242
5576 1.3460
5577 5.1980
5578 -1.8668
5579 0.0000
5580 -2.9548
5581 0.0000
5582 2.9877
5583 0.0000
5584 8.7506
5585 9.2127
5586 9.3252
5587 -0.6448
5588 3.3510
5589 0.8403
5590 -1.6140
5591 1.8354
5592 0.0000
5593 -0.6227
5594 13.9988
5595 4.3528
5596 3.6657
5597 9.2979
5598 -0.6247
5599 0.0000
5600 3.6956
5601 4.1896
5602 -2.2447
5603 9.1799
5604 3.1077
5605 6.0232
5606 0.0000
5607 3.3556
5608 6.9124
5609 8.1647
5610 3.3849
5611 4.8454
5612 -1.7915
5613 0.0000
5614 3.4713
5615 5.2293
5616 8.7593
5617 4.5720
5618 10.5385
5619 3.7550
5620 0.0000
5621 -0.1558
5622 12.4880
5623 0.4981
5624 4.6355
5625 0.3544
5626 1.4294
5627 0.0000
5628 2.2302
5629 8.8580
5630 3.5950
5631 5.8542
5632 5.7319
5633 3.1924
5634 0.0000
5635 -1.3544
5636 5.7379
5637 2.1742
5638 7.6074
5639 3.9139
5640 6.0849
5641 0.0000
5642 -6.6599
5643 6.7725
5644 7.3427
5645 0.9246
5646 7.2813
5647 1.1884
5648 0.0000
5649 0.3973
5650 4.1658
5651 3.7010
5652 5.1153
5653 9.9967
5654 4.9354
5655 0.0000
5656 2.6345
5657 6.7200
5658 3.6203
5659 1.9841
5660 6.9375
5661 2.9692
5662 0.0000
5663 2.8680
5664 13.9674
5665 10.5315
5666 5.6580
5667 -3.5452
5668 2.0246
5669 0.0000
5670 10.6919
5671 11.8218
5672 5.8452
5673 6.0515
5674 7.2123
5675 -0.9154
5676 0.0000
5677 12.7239
5678 -0.6373
5679 6.4709
5680 1.5364
5681 10.4341
5682 5.5680
5683 0.0000
5684 0.8601
5685 3.9946
5686 2.8868
5687 -1.6406
5688 10.4406
5689 8.2894
5690 0.0000
5691 -0.2741
5692 3.6778
5693 -1.0816
5694 0.6582
5695 -2.0598
5696 4.2382
5697 0.0000
5698 3.6447
5699 0.0000
5700 3.2011
5701 0.0000
5702 -0.4345
5703 0.0000
5704 2.8684
5705 -1.2601
5706 0.0000
5707 5.0088
5708 -0.6039
5709 6.1149
5710 6.6354
5711 0.0000
5712 2.5139
5713 3.1859
5714 6.1627
5715 0.0000
5716 -3.1975
5717 12.0227
5718 -13.7382
5719 0.0000
5720 3.3539
5721 3.7420
5722 0.3131
5723 0.6472
5724 -1.0106
5725 3.7269
5726 -0.6962
5727 4.8482
5728 0.3512
5729 0.0000
5730 2.3321
5731 5.6183
5732 5.7762
5733 2.8792
5734 2.4694
5735 7.2057
5736 0.0000
5737 -3.2069
5738 8.6490
5739 1.8852
5740 4.9936
5741 3.1928
5742 -3.9656
5743 0.0000
5744 0.2654
5745 -0.1136
5746 6.3341
5747 4.9889
5748 1.7918
5749 5.2523
5750 0.0000
5751 -4.1473
5752 4.5237
5753 8.0467
5754 -0.6915
5755 5.3129
5756 -1.1122
5757 0.0000
5758 -2.8137
5759 12.8954
5760 6.7859
5761 5.6588
5762 3.9427
5763 -0.7806
5764 0.0000
5765 4.1065
5766 5.9756
5767 1.3082
5768 8.4984
5769 13.0848
5770 6.3662
5771 0.0000
5772 -0.7980
5773 6.9574
5774 2.7958
5775 3.0051
5776 -8.0945
5777 4.5739
5778 0.0000
5779 5.6065
5780 4.4466
5781 10.6624
5782 3.0970
5783 0.0967
5784 0.9938
5785 0.0000
5786 2.5471
5787 0.9564
5788 2.4754
5789 -2.6495
5790 -2.8125
5791 4.0401
5792 0.0000
5793 0.8136
5794 8.8212
5795 3.1013
5796 5.1912
5797 1.0955
5798 0.6568
5799 0.0000
5800 -2.0071
5801 -0.8757
5802 9.6168
5803 10.8454
5804 3.2742
5805 -3.9532
5806 0.0000
5807 -2.3175
5808 -0.5523
5809 0.0000
5810 0.4702
5811 -1.5847
5812 -1.6441
5813 -4.2479
5814 -1.1239
5815 -1.0172
5816 9.5337
5817 5.1151
5818 0.0000
5819 10.5089
5820 6.0931
5821 0.0000
5822 -2.8983
5823 0.0000
5824 3.5246
5825 0.0000
5826 -3.8945
5827 11.3567
5828 0.0000
5829 9.6650
5830 -5.8595
5831 0.0000
5832 9.7856
5833 -0.1812
5834 -2.5000
5835 0.0000
5836 -1.6555
5837 6.9377
5838 0.0000
5839 10.5428
5840 -1.2449
5841 4.3959
5842 0.0000
5843 2.7850
5844 0.2648
5845 0.0000
5846 8.4347
5847 -1.5107
5848 8.5500
5849 0.0000
5850 4.3469
5851 4.6559
5852 0.0000
5853 1.0819
5854 2.9991
5855 -6.7160
5856 0.0000
5857 4.3147
5858 6.2044
5859 0.0000
5860 4.6454
5861 9.0703
5862 5.1873
5863 0.0000
5864 6.8060
5865 2.3394
5866 0.0000
5867 7.9421
5868 2.0801
5869 6.8717
5870 0.0000
5871 -0.0180
5872 3.0053
5873 0.0000
5874 7.0709
5875 4.3718
5876 10.4974
5877 0.0000
5878 3.8436
5879 -3.1491
5880 0.0000
5881 15.9423
5882 -5.3310
5883 8.4948
5884 0.0000
5885 3.0730
5886 8.3537
5887 0.0000
5888 3.7562
5889 2.0995
5890 -2.8338
5891 0.0000
5892 -0.8976
5893 0.8314
5894 0.0000
5895 4.9136
5896 4.4217
5897 9.3978
5898 0.0000
5899 10.8607
5900 -5.5838
5901 0.0000
5902 3.7550
5903 6.7405
5904 2.9360
5905 0.0000
5906 4.6460
5907 1.2835
5908 0.0000
5909 1.2847
5910 5.3402
5911 2.5032
5912 0.0000
5913 9.4474
5914 12.7980
5915 0.0000
5916 2.3392
5917 3.5740
5918 -0.9445
5919 0.0000
5920 8.0683
5921 4.1571
5922 0.0000
5923 14.5794
5924 10.9759
5925 3.8577
5926 0.0000
5927 -1.6110
5928 5.7697
5929 0.0000
5930 6.7663
5931 8.2670
5932 -3.1276
5933 0.0000
5934 6.3320
5935 0.3135
5936 0.0000
5937 11.5010
5938 9.9133
5939 2.4263
5940 0.0000
5941 2.6479
5942 0.0000
5943 2.3565
5944 0.0000
5945 -2.2264
5946 3.3567
5947 0.0000
5948 0.2595
5949 0.0000
5950 -1.4042
5951 0.0000
5952 3.6447
5953 6.0418
5954 -4.3094
5955 0.0000
5956 10.1224
5957 -0.5680
5958 2.9565
5959 0.0000
5960 12.4143
5961 9.2121
5962 3.8481
5963 0.0000
5964 8.0623
5965 0.0000
5966 2.7416
5967 0.0000
5968 8.0821
5969 5.5406
5970 0.0000
5971 7.0575
5972 0.0000
5973 5.1941
5974 -5.2831
5975 4.4282
5976 -0.3798
5977 7.7336
5978 2.6236
5979 4.2336
5980 8.0000
5981 2.5372
5982 3.0607
5983 6.9466
5984 4.4146
5985 9.2127
5986 -0.4941
5987 0.3027
5988 -3.4377
5989 0.0000
5990 5.3558
5991 1.4586
5992 -0.1408
5993 0.5939
5994 0.5781
5995 0.6275
5996 2.9128
5997 -5.6507
5998 0.0000
5999 0.7038
6000 0.0611
6001 10.7006
6002 -0.1555
6003 9.8678
6004 6.5585
6005 0.0000
6006 -2.0957
6007 3.1825
6008 4.4004
6009 0.0000
6010 3.2657
6011 4.2506
6012 10.0370
6013 8.2246
6014 3.0039
6015 -4.3573
6016 -1.6696
6017 8.5646
6018 0.0000
6019 0.0027
6020 17.7447
6021 7.2976
6022 6.0865
6023 0.1772
6024 5.1411
6025 0.0000
6026 2.2831
6027 2.6133
6028 -4.0924
6029 0.0000
6030 -0.0022
6031 -1.6774
6032 3.8538
6033 6.9675
6034 0.2448
6035 7.0722
6036 8.7719
6037 1.6109
6038 0.0000
6039 9.6322
6040 2.9202
6041 0.8809
6042 2.2570
6043 4.3067
6044 8.0864
6045 0.0000
6046 -0.0729
6047 -5.6644
6048 4.1754
6049 0.0000
6050 10.7892
6051 -0.0220
6052 2.9002
6053 8.6985
6054 -1.9693
6055 12.0048
6056 -0.0491
6057 4.2618
6058 0.0000
6059 7.5648
6060 2.6673
6061 6.2462
6062 -1.8202
6063 0.3864
6064 8.5440
6065 0.0000
6066 2.2069
6067 2.8619
6068 0.3513
6069 0.1686
6070 10.4691
6071 -0.7529
6072 -2.5482
6073 -3.3290
6074 3.4022
6075 2.7378
6076 4.9401
6077 4.5012
6078 -0.0395
6079 4.9110
6080 0.0000
6081 2.2352
6082 0.4744
6083 -0.5398
6084 -1.9299
6085 -12.7358
6086 6.4090
6087 1.9903
6088 17.3252
6089 0.0000
6090 5.6311
6091 3.7213
6092 6.4655
6093 4.9946
6094 4.8577
6095 0.5405
6096 0.0000
6097 -5.9159
6098 -3.0065
6099 -0.5956
6100 0.0000
6101 7.7578
6102 -0.2986
6103 1.8436
6104 2.5955
6105 -1.4825
6106 2.7264
6107 0.0003
6108 -3.7083
6109 0.0000
6110 8.0287
6111 3.8114
6112 3.6118
6113 2.6268
6114 6.4989
6115 8.3642
6116 0.0000
6117 11.8465
6118 1.1657
6119 1.8555
6120 0.0000
6121 2.0112
6122 2.5746
6123 1.5208
6124 10.1219
6125 -5.0658
6126 12.7178
6127 3.9794
6128 4.1621
6129 0.0000
6130 12.8660
6131 7.7856
6132 12.7492
6133 -0.6271
6134 3.2066
6135 3.1546
6136 0.0000
6137 1.8107
6138 4.5870
6139 2.2037
6140 0.0000
6141 0.8568
6142 1.3605
6143 6.6574
6144 2.4443
6145 -1.2662
6146 3.2882
6147 -2.4425
6148 4.1939
6149 0.0000
6150 3.1308
6151 3.7365
6152 0.2226
6153 7.5367
6154 0.2516
6155 6.5058
6156 0.0000
6157 -3.5461
6158 -1.5996
6159 -2.7964
6160 9.4679
6161 2.1590
6162 -4.6332
6163 2.0804
6164 9.0238
6165 4.2072
6166 6.8680
6167 3.6434
6168 6.2129
6169 2.3637
6170 -3.0460
6171 0.0000
6172 5.1959
6173 0.5889
6174 0.7037
6175 9.4041
6176 0.9167
6177 -4.2886
6178 7.2306
6179 6.3048
6180 0.0000
6181 8.3670
6182 4.1206
6183 3.9732
6184 0.5700
6185 5.8223
6186 11.4816
6187 0.0000
6188 0.2755
6189 8.3835
6190 2.9350
6191 0.0000
6192 5.4413
6193 -1.0451
6194 5.4614
6195 4.6176
6196 0.2224
6197 6.0269
6198 7.0721
6199 -5.7279
6200 0.0000
6201 -0.8006
6202 1.3000
6203 4.6774
6204 3.0244
6205 6.2597
6206 5.2577
6207 0.0000
6208 3.0081
6209 8.7010
6210 1.0188
6211 0.0000
6212 8.0122
6213 0.7194
6214 0.3516
6215 2.5096
6216 4.2929
6217 13.6227
6218 0.7756
6219 -1.0612
6220 0.0000
6221 9.7055
6222 5.2800
6223 1.8655
6224 6.0383
6225 5.8498
6226 6.5543
6227 0.0000
6228 -0.3543
6229 -7.3311
6230 1.8770
6231 0.0000
6232 6.8154
6233 1.3946
6234 3.9063
6235 5.3326
6236 -1.5911
6237 14.4280
6238 13.0174
6239 7.2801
6240 0.0000
6241 3.5645
6242 8.4593
6243 5.5437
6244 5.3938
6245 6.4669
6246 5.8857
6247 0.0000
6248 -0.9063
6249 2.7258
6250 3.2170
6251 5.3860
6252 3.3651
6253 -2.0771
6254 12.3787
6255 -2.0381
6256 4.6469
6257 3.7610
6258 8.5953
6259 3.0070
6260 6.5461
6261 5.9145
6262 0.0000
6263 3.8504
6264 2.3525
6265 4.3256
6266 6.0617
6267 4.2192
6268 -3.3549
6269 -8.8353
6270 7.5395
6271 0.0000
6272 2.6596
6273 9.5241
6274 -6.5852
6275 4.5258
6276 7.6577
6277 3.5130
6278 0.0000
6279 -1.5042
6280 6.9411
6281 5.6502
6282 0.0000
6283 3.5570
6284 -0.4621
6285 2.7965
6286 -5.9389
6287 -0.3199
6288 0.3381
6289 1.8381
6290 5.6757
6291 0.0000
6292 3.7035
6293 10.2410
6294 -1.5120
6295 9.2234
6296 1.7462
6297 -1.1493
6298 0.0000
6299 1.0663
6300 7.9899
6301 10.7076
6302 0.0000
6303 -0.0854
6304 -10.5894
6305 -1.2867
6306 -4.0834
6307 3.8805
6308 3.7793
6309 -3.6921
6310 4.7802
6311 0.0000
6312 3.3559
6313 -0.4071
6314 7.1128
6315 5.0171
6316 13.4023
6317 2.9949
6318 0.0000
6319 -3.5615
6320 12.8527
6321 7.5446
6322 0.0000
6323 4.0646
6324 -2.4003
6325 7.9436
6326 2.4002
6327 1.3302
6328 -5.2687
6329 -0.9182
6330 4.6427
6331 0.0000
6332 11.6889
6333 1.1719
6334 5.1005
6335 10.6299
6336 6.3679
6337 3.1173
6338 0.0000
6339 -1.7076
6340 0.0000
6341 2.4606
6342 0.0000
6343 9.5662
6344 -4.5861
6345 -2.2125
6346 4.3001
6347 8.9923
6348 3.4270
6349 5.1662
6350 5.5842
6351 0.0000
6352 7.5690
6353 6.5630
6354 6.0878
6355 5.5819
6356 1.9542
6357 -1.8546
6358 0.0000
6359 -1.7787
6360 9.3348
6361 -0.2813
6362 5.5393
6363 3.3735
6364 2.6581
6365 0.0000
6366 4.8313
6367 4.8991
6368 -1.6767
6369 -0.9543
6370 1.4964
6371 11.9834
6372 0.0000
6373 5.9744
6374 -5.7441
6375 3.8558
6376 2.1445
6377 7.6546
6378 0.5285
6379 0.0000
6380 5.4992
6381 1.1634
6382 11.0613
6383 6.7273
6384 0.2510
6385 3.5458
6386 0.0000
6387 11.0605
6388 -2.1602
6389 2.5839
6390 -3.9134
6391 4.7356
6392 5.2335
6393 0.0000
6394 -1.2487
6395 1.1345
6396 7.3989
6397 3.4622
6398 8.3002
6399 -1.2644
6400 0.0000
6401 6.7053
6402 1.2717
6403 7.2677
6404 7.4355
6405 10.3660
6406 11.6157
6407 0.0000
6408 -5.0472
6409 3.4641
6410 2.9027
6411 1.3170
6412 1.8587
6413 -0.0834
6414 0.0000
6415 4.0633
6416 15.0262
6417 4.1634
6418 -0.6163
6419 6.4804
6420 11.4188
6421 0.0000
6422 1.9292
6423 6.5414
6424 9.8376
6425 9.6938
6426 -1.0934
6427 3.3833
6428 0.0000
6429 -0.3324
6430 7.2087
6431 6.1158
6432 10.1053
6433 -0.9860
6434 2.8737
6435 0.0000
6436 0.1796
6437 3.9408
6438 -2.7965
6439 5.0219
6440 12.7488
6441 0.8371
6442 0.0000
6443 4.3705
6444 4.2829
6445 9.0490
6446 -1.6096
6447 8.9109
6448 4.7472
6449 0.0000
6450 2.8396
6451 -0.7016
6452 5.4957
6453 8.1962
6454 3.8861
6455 -2.1520
6456 0.0000
6457 5.4726
6458 0.0000
6459 3.1772
6460 0.0000
6461 4.0081
6462 0.0000
6463 3.2110
6464 4.8848
6465 0.0000
6466 7.7506
6467 6.5607
6468 1.9027
6469 5.8124
6470 0.0000
6471 -0.0198
6472 6.2908
6473 -0.4893
6474 0.0000
6475 -2.9523
6476 1.8913
6477 10.3144
6478 0.0000
6479 -1.5164
6480 6.9371
6481 -1.8902
6482 10.5322
6483 5.9404
6484 12.7661
6485 -0.4639
6486 -0.1171
6487 -5.7095
6488 0.0000
6489 2.5407
6490 6.0603
6491 5.2763
6492 1.3784
6493 3.2376
6494 0.8439
6495 0.0000
6496 0.1816
6497 3.1295
6498 10.7274
6499 2.2689
6500 4.5219
6501 5.2415
6502 0.0000
6503 -2.7467
6504 3.3880
6505 7.9582
6506 4.6765
6507 6.7154
6508 5.3852
6509 0.0000
6510 -5.3078
6511 2.9761
6512 -0.8856
6513 3.2233
6514 0.0802
6515 6.8708
6516 0.0000
6517 -4.7618
6518 4.5075
6519 1.0412
6520 9.3897
6521 0.5435
6522 2.1683
6523 0.0000
6524 -4.9546
6525 0.1634
6526 4.2678
6527 7.7439
6528 0.0887
6529 6.2117
6530 0.0000
6531 -7.9003
6532 -1.0707
6533 3.0463
6534 -2.1386
6535 6.5690
6536 4.3519
6537 0.0000
6538 2.9056
6539 6.9491
6540 3.9570
6541 1.1763
6542 11.7058
6543 -1.1678
6544 0.0000
6545 -7.6792
6546 7.0410
6547 6.7667
6548 11.1867
6549 12.1892
6550 8.2683
6551 0.0000
6552 -2.0345
6553 5.9505
6554 6.8403
6555 -2.4925
6556 2.7110
6557 6.3330
6558 0.0000
6559 -2.0802
6560 4.3562
6561 2.9041
6562 10.4088
6563 4.5826
6564 -1.0431
6565 0.0000
6566 0.8922
6567 10.3117
6568 0.0000
6569 3.2197
6570 2.6422
6571 -0.1937
6572 8.1395
6573 -0.3750
6574 1.6906
6575 -0.2988
6576 2.2660
6577 0.0000
6578 9.6261
6579 -5.2783
6580 0.0000
6581 12.7036
6582 0.0000
6583 -6.5209
6584 0.0000
6585 1.5469
6586 10.4407
6587 0.0000
6588 -0.6411
6589 6.5889
6590 0.0000
6591 4.5469
6592 8.3876
6593 7.9920
6594 0.0000
6595 0.8280
6596 4.4379
6597 0.0000
6598 5.3624
6599 4.5664
6600 -13.1793
6601 0.0000
6602 2.2120
6603 -3.9070
6604 0.0000
6605 -2.4497
6606 0.3812
6607 -1.2808
6608 0.0000
6609 3.0923
6610 4.6814
6611 0.0000
6612 1.2785
6613 1.5232
6614 -5.9260
6615 0.0000
6616 0.6994
6617 10.2765
6618 0.0000
6619 5.7867
6620 3.1408
6621 -3.7092
6622 0.0000
6623 2.6691
6624 3.6361
6625 0.0000
6626 10.5402
6627 7.8944
6628 1.7117
6629 0.0000
6630 2.5492
6631 -4.3427
6632 0.0000
6633 3.0328
6634 6.3662
6635 2.3478
6636 0.0000
6637 3.6658
6638 -0.9481
6639 0.0000
6640 5.7112
6641 6.5932
6642 7.8245
6643 0.0000
6644 6.6492
6645 -2.9654
6646 0.0000
6647 1.3296
6648 8.2986
6649 9.5059
6650 0.0000
6651 7.5447
6652 -0.2708
6653 0.0000
6654 3.5916
6655 9.1224
6656 5.6598
6657 0.0000
6658 5.4315
6659 -1.0717
6660 0.0000
6661 -2.6724
6662 -0.4967
6663 9.7849
6664 0.0000
6665 5.5196
6666 -0.1842
6667 0.0000
6668 -1.7952
6669 1.4679
6670 5.3382
6671 0.0000
6672 0.4356
6673 0.5667
6674 0.0000
6675 2.2568
6676 5.5025
6677 -5.1419
6678 0.0000
6679 -1.2921
6680 1.8812
6681 0.0000
6682 3.9508
6683 10.1124
6684 9.1720
6685 0.0000
6686 1.8514
6687 -2.6112
6688 0.0000
6689 3.2168
6690 1.8045
6691 7.6094
6692 0.0000
6693 3.3850
6694 6.1428
6695 0.0000
6696 12.4105
6697 5.9968
6698 1.1029
6699 0.0000
6700 -2.0329
6701 0.0000
6702 8.4405
6703 0.0000
6704 3.4097
6705 4.2474
6706 0.0000
6707 3.3346
6708 0.0000
6709 3.6469
6710 0.0000
6711 2.1978
6712 5.1244
6713 -3.1878
6714 0.0000
6715 0.6304
6716 3.5153
6717 2.2044
6718 0.0000
6719 -3.0194
6720 7.4917
6721 11.8912
6722 0.0000
6723 0.8863
6724 0.0000
6725 2.6490
6726 0.0000
6727 2.9749
6728 8.0282
6729 0.0000
6730 6.7669
6731 0.0000
6732 8.4218
6733 1.3309
6734 5.5374
6735 9.2568
6736 -0.0534
6737 -4.7962
6738 5.8025
6739 1.5514
6740 3.2086
6741 7.3322
6742 15.5466
6743 4.2128
6744 10.4347
6745 -8.2366
6746 8.7225
6747 5.7844
6748 0.0000
6749 6.4131
6750 4.4153
6751 1.0599
6752 2.9168
6753 4.0586
6754 10.9294
6755 6.1947
6756 7.8045
6757 0.0000
6758 8.7664
6759 9.1782
6760 7.6110
6761 12.5401
6762 -0.8191
6763 1.9431
6764 0.0000
6765 4.0366
6766 -2.6692
6767 2.0149
6768 0.0000
6769 6.7752
6770 1.5973
6771 1.8030
6772 4.9593
6773 1.7330
6774 9.7295
6775 0.2705
6776 5.3689
6777 0.0000
6778 0.9816
6779 2.1473
6780 0.9021
6781 4.9989
6782 4.6462
6783 5.4282
6784 0.0000
6785 -2.0723
6786 1.9768
6787 0.8236
6788 0.0000
6789 1.0201
6790 3.0878
6791 14.8453
6792 2.7197
6793 1.6147
6794 8.7130
6795 16.8550
6796 -0.2671
6797 0.0000
6798 8.5036
6799 3.4516
6800 -4.7956
6801 8.5680
6802 -1.1720
6803 2.2532
6804 0.0000
6805 1.5747
6806 5.5097
6807 0.7220
6808 0.0000
6809 5.0837
6810 4.4958
6811 3.1096
6812 12.6534
6813 -3.7389
6814 5.1667
6815 -2.0885
6816 0.4590
6817 0.0000
6818 9.8006
6819 1.6437
6820 -0.4848
6821 0.7794
6822 -0.4353
6823 -0.9211
6824 0.0000
6825 3.7465
6826 2.5792
6827 6.1333
6828 -0.2584
6829 5.8629
6830 -0.6500
6831 5.4894
6832 5.1559
6833 7.0880
6834 5.4632
6835 -0.2496
6836 -1.1694
6837 1.2034
6838 4.7893
6839 0.0000
6840 3.1564
6841 2.7456
6842 13.1384
6843 10.9792
6844 1.2392
6845 8.0697
6846 7.7538
6847 8.2253
6848 0.0000
6849 1.8910
6850 -4.0006
6851 10.9985
6852 11.6344
6853 10.2401
6854 3.5910
6855 0.0000
6856 3.2713
6857 10.3003
6858 7.0510
6859 0.0000
6860 6.4150
6861 -3.3868
6862 4.1399
6863 2.5356
6864 1.6889
6865 -0.5344
6866 -0.1325
6867 6.1009
6868 0.0000
6869 6.9321
6870 11.8676
6871 9.7242
6872 5.3486
6873 2.2233
6874 8.5795
6875 0.0000
6876 1.6090
6877 -0.6894
6878 4.4450
6879 0.0000
6880 3.2017
6881 0.5588
6882 0.2359
6883 8.4621
6884 0.4302
6885 -1.9608
6886 -0.2071
6887 13.9896
6888 0.0000
6889 10.1812
6890 5.3826
6891 2.7007
6892 3.7853
6893 -1.6560
6894 -2.6423
6895 0.0000
6896 2.4269
6897 3.6390
6898 3.6565
6899 0.0000
6900 1.4979
6901 -5.0445
6902 3.0958
6903 6.3706
6904 -1.2641
6905 7.0508
6906 1.2849
6907 0.3885
6908 0.0000
6909 4.2049
6910 5.9881
6911 2.1025
6912 -1.8380
6913 8.3930
6914 6.6528
6915 0.0000
6916 2.9075
6917 0.6924
6918 4.3963
6919 7.1019
6920 -0.2924
6921 2.0816
6922 9.6693
6923 -0.1921
6924 0.0342
6925 13.4568
6926 2.7701
6927 3.2838
6928 1.0577
6929 7.3481
6930 0.0000
6931 10.9369
6932 -7.1970
6933 -3.3540
6934 7.6898
6935 4.1208
6936 5.3990
6937 3.8474
6938 4.8871
6939 0.0000
6940 1.1001
6941 2.4287
6942 2.9407
6943 2.8307
6944 2.8440
6945 3.0576
6946 0.0000
6947 4.8065
6948 4.1353
6949 4.5649
6950 0.0000
6951 7.0606
6952 0.4154
6953 7.4783
6954 -0.1636
6955 -0.4611
6956 7.8242
6957 4.3519
6958 9.6974
6959 0.0000
6960 6.2444
6961 -2.7378
6962 2.5614
6963 5.1860
6964 4.3429
6965 12.9644
6966 0.0000
6967 -5.6666
6968 7.2987
6969 7.9597
6970 0.0000
6971 0.3028
6972 -2.2926
6973 6.1628
6974 6.8100
6975 -6.0006
6976 -2.2707
6977 2.1683
6978 4.3426
6979 0.0000
6980 1.8598
6981 -2.5300
6982 -0.8323
6983 -1.1884
6984 11.0723
6985 3.8100
6986 0.0000
6987 2.9240
6988 0.4295
6989 7.1817
6990 0.0000
6991 -1.7356
6992 1.0348
6993 5.3444
6994 4.2376
6995 -0.4955
6996 -0.5046
6997 0.5112
6998 8.2493
6999 0.0000
7000 4.6822
7001 7.4435
7002 6.2391
7003 2.4379
7004 -0.0786
7005 4.3396
7006 0.0000
7007 -2.0876
7008 2.4286
7009 1.4178
7010 5.8666
7011 -1.0896
7012 10.5946
7013 3.6883
7014 8.5397
7015 1.6185
7016 8.5688
7017 6.3471
7018 4.1113
7019 5.6028
7020 9.5638
7021 0.0000
7022 0.9443
7023 3.8056
7024 -0.5762
7025 -1.0494
7026 -8.0066
7027 -3.1301
7028 -0.8057
7029 6.5055
7030 0.0000
7031 3.6884
7032 5.7736
7033 4.4041
7034 0.8451
7035 1.5924
7036 6.7401
7037 0.0000
7038 4.1711
7039 5.5651
7040 5.3110
7041 0.0000
7042 1.3506
7043 -9.1040
7044 9.6461
7045 6.2311
7046 -0.2616
7047 -1.1637
7048 6.9355
7049 -0.0186
7050 0.0000
7051 2.5018
7052 8.5333
7053 4.4070
7054 4.1183
7055 2.2443
7056 5.6012
7057 0.0000
7058 1.9982
7059 4.9528
7060 11.2656
7061 0.0000
7062 1.8641
7063 0.9457
7064 1.0391
7065 8.5462
7066 -3.7181
7067 1.4623
7068 4.6281
7069 7.8455
7070 0.0000
7071 4.9146
7072 9.0750
7073 5.8448
7074 8.1754
7075 0.0471
7076 -2.2706
7077 0.0000
7078 -0.4390
7079 4.0220
7080 2.2087
7081 0.0000
7082 -3.6254
7083 -1.7008
7084 2.9073
7085 2.1125
7086 0.4875
7087 9.8298
7088 4.4146
7089 2.9165
7090 0.0000
7091 0.8160
7092 4.7423
7093 0.2799
7094 -0.2168
7095 -1.5440
7096 7.3803
7097 0.0000
7098 2.3664
7099 0.0000
7100 4.8482
7101 0.0000
7102 5.6270
7103 -0.7851
7104 -4.4035
7105 9.2382
7106 7.6055
7107 1.6521
7108 0.4094
7109 8.0667
7110 0.0000
7111 3.2824
7112 5.2880
7113 0.2316
7114 7.4092
7115 -1.7849
7116 -0.1310
7117 0.0000
7118 -3.4694
7119 7.6638
7120 3.3912
7121 6.8094
7122 3.3984
7123 -4.7271
7124 0.0000
7125 0.0086
7126 -1.9116
7127 -5.2144
7128 2.3692
7129 -1.5925
7130 -2.6059
7131 0.0000
7132 1.2524
7133 3.4294
7134 1.8455
7135 9.8838
7136 0.5226
7137 0.1542
7138 0.0000
7139 -1.5684
7140 3.4248
7141 -1.8668
7142 5.0741
7143 4.0561
7144 0.4371
7145 0.0000
7146 10.2137
7147 6.2725
7148 -0.5506
7149 1.5780
7150 9.0709
7151 -1.9410
7152 0.0000
7153 -5.1958
7154 4.8533
7155 5.0099
7156 8.4498
7157 8.3006
7158 -1.6370
7159 0.0000
7160 0.0194
7161 3.1370
7162 -1.0862
7163 0.2331
7164 3.6995
7165 1.5336
7166 0.0000
7167 1.0246
7168 5.8976
7169 4.6360
7170 0.5587
7171 0.0914
7172 4.3209
7173 0.0000
7174 -6.8763
7175 6.9569
7176 0.2879
7177 9.6296
7178 9.3769
7179 7.7914
7180 0.0000
7181 1.4073
7182 16.5207
7183 10.6198
7184 10.2958
7185 7.5667
7186 5.3481
7187 0.0000
7188 2.0381
7189 4.2469
7190 -2.8072
7191 8.7187
7192 5.4466
7193 5.6265
7194 0.0000
7195 3.7977
7196 0.7839
7197 0.7157
7198 5.7442
7199 2.4980
7200 8.1352
7201 0.0000
7202 -4.6614
7203 8.3238
7204 7.7313
7205 2.4102
7206 -1.6875
7207 7.0383
7208 0.0000
7209 0.5680
7210 -4.3496
7211 10.6416
7212 4.1004
7213 -0.4398
7214 -1.7516
7215 0.0000
7216 3.5701
7217 0.0000
7218 3.0547
7219 0.0000
7220 6.5558
7221 0.0000
7222 -3.7811
7223 -0.3703
7224 0.0000
7225 4.7438
7226 8.7111
7227 10.8235
7228 0.5715
7229 0.0000
7230 -2.7775
7231 -3.4729
7232 -2.5182
7233 0.0000
7234 1.1019
7235 7.0853
7236 3.9406
7237 0.0000
7238 11.1869
7239 2.5930
7240 -3.5088
7241 -8.6369
7242 3.8599
7243 2.5640
7244 3.1920
7245 -0.5302
7246 9.8723
7247 0.0000
7248 0.9754
7249 1.2544
7250 7.5843
7251 5.8479
7252 13.7014
7253 3.1712
7254 0.0000
7255 -1.0040
7256 4.9734
7257 -2.5969
7258 6.5655
7259 -0.9121
7260 4.3694
7261 0.0000
7262 -2.6821
7263 9.2102
7264 -0.8678
7265 -3.7030
7266 0.8067
7267 4.4592
7268 0.0000
7269 2.5872
7270 9.4185
7271 8.0048
7272 6.1603
7273 6.2291
7274 3.1610
7275 0.0000
7276 -0.2814
7277 12.6056
7278 -1.2239
7279 -4.9209
7280 7.7235
7281 -1.8805
7282 0.0000
7283 -3.5799
7284 3.3695
7285 0.9155
7286 3.5773
7287 -1.1982
7288 1.3294
7289 0.0000
7290 -0.6415
7291 8.7691
7292 -4.1585
7293 9.7460
7294 0.5875
7295 -0.7434
7296 0.0000
7297 2.3606
7298 3.2584
7299 10.0144
7300 -2.0494
7301 4.2869
7302 -4.5194
7303 0.0000
7304 -2.0198
7305 7.5069
7306 14.2904
7307 8.5911
7308 12.0382
7309 1.1001
7310 0.0000
7311 5.4686
7312 -3.4203
7313 2.9027
7314 2.6347
7315 6.9106
7316 13.6363
7317 0.0000
7318 -5.8570
7319 3.8177
7320 8.8456
7321 4.6850
7322 2.9302
7323 6.1686
7324 0.0000
7325 -1.7027
7326 2.7674
7327 0.0000
7328 -6.6099
7329 -0.2469
7330 1.9436
7331 -0.2986
7332 -1.9108
7333 1.7462
7334 -1.1811
7335 2.2014
7336 0.0000
7337 6.8053
7338 -5.7742
7339 0.0000
7340 -1.2263
7341 0.0000
7342 -0.3072
7343 0.0000
7344 0.4720
7345 -4.8323
7346 0.0000
7347 -1.7763
7348 8.2060
7349 0.0000
7350 0.3228
7351 3.5175
7352 4.8741
7353 0.0000
7354 6.3452
7355 7.5518
7356 0.0000
7357 -2.5117
7358 4.6140
7359 2.1926
7360 0.0000
7361 8.4357
7362 7.8223
7363 0.0000
7364 3.6010
7365 1.9267
7366 1.4024
7367 0.0000
7368 -0.2580
7369 -4.1602
7370 0.0000
7371 7.5223
7372 2.5570
7373 7.0444
7374 0.0000
7375 4.2411
7376 0.9393
7377 0.0000
7378 7.0428
7379 4.3935
7380 10.0844
7381 0.0000
7382 4.8449
7383 11.0353
7384 0.0000
7385 3.4726
7386 0.3894
7387 -5.7685
7388 0.0000
7389 3.0534
7390 5.8477
7391 0.0000
7392 1.8029
7393 4.4992
7394 3.5560
7395 0.0000
7396 0.2861
7397 8.7436
7398 0.0000
7399 6.4449
7400 -1.2091
7401 -0.6754
7402 0.0000
7403 3.4609
7404 3.4030
7405 0.0000
7406 6.3689
7407 2.2837
7408 9.4692
7409 0.0000
7410 7.9196
7411 -4.4377
7412 0.0000
7413 -2.2295
7414 1.2731
7415 9.2704
7416 0.0000
7417 4.3434
7418 6.0066
7419 0.0000
7420 -2.3220
7421 -3.0865
7422 5.3132
7423 0.0000
7424 -1.9518
7425 8.4828
7426 0.0000
7427 6.6671
7428 0.2944
7429 4.4139
7430 0.0000
7431 3.1675
7432 -2.1801
7433 0.0000
7434 3.7363
7435 8.3466
7436 7.6411
7437 0.0000
7438 -7.0707
7439 2.8744
7440 0.0000
7441 5.0716
7442 4.0598
7443 -1.1677
7444 0.0000
7445 2.6105
7446 1.7636
7447 0.0000
7448 11.5541
7449 2.4723
7450 4.3752
7451 0.0000
7452 -0.8739
7453 5.0290
7454 0.0000
7455 6.6194
7456 11.3513
7457 2.1202
7458 0.0000
7459 -5.6664
7460 0.0000
7461 3.3502
7462 0.0000
7463 2.6917
7464 -7.0828
7465 0.0000
7466 0.7859
7467 0.0000
7468 -0.7857
7469 0.0000
7470 5.1609
7471 -1.9434
7472 0.9543
7473 0.0000
7474 0.4296
7475 -1.9283
7476 8.8028
7477 0.0000
7478 5.3729
7479 8.1210
7480 2.0807
7481 0.0000
7482 3.7485
7483 0.0000
7484 0.5412
7485 0.0000
7486 -5.4011
7487 0.8219
7488 0.0000
7489 -4.1598
7490 0.0000
7491 2.5579
7492 3.6072
7493 3.7691
7494 -2.9798
7495 5.7230
7496 9.6546
7497 1.9921
7498 -3.8877
7499 0.0000
7500 7.0583
7501 6.4507
7502 7.0412
7503 1.3232
7504 3.4169
7505 1.6835
7506 0.0000
7507 -0.3588
7508 6.6547
7509 8.8539
7510 2.5505
7511 1.1020
7512 5.1460
7513 0.0000
7514 3.0630
7515 4.7498
7516 0.4107
7517 8.6843
7518 -3.9301
7519 -1.4067
7520 0.0000
7521 -0.9700
7522 -0.0795
7523 1.2231
7524 5.6493
7525 11.0712
7526 3.3290
7527 0.0000
7528 3.1997
7529 0.4616
7530 -0.9708
7531 8.8586
7532 1.1861
7533 -1.6165
7534 0.0000
7535 8.2649
7536 6.4109
7537 8.5607
7538 9.2027
7539 8.2564
7540 8.6456
7541 0.0000
7542 1.8986
7543 5.5377
7544 -1.4161
7545 11.7233
7546 4.7239
7547 2.8952
7548 0.0000
7549 -2.0283
7550 10.1750
7551 12.6416
7552 3.1474
7553 2.9429
7554 -0.1373
7555 0.0000
7556 4.4718
7557 0.8547
7558 6.5353
7559 8.4192
7560 3.3078
7561 4.6736
7562 0.0000
7563 7.5680
7564 2.4147
7565 1.7893
7566 2.9623
7567 7.6678
7568 -1.0594
7569 0.0000
7570 2.8341
7571 3.8093
7572 -1.9502
7573 6.1973
7574 4.0082
7575 -5.2116
7576 0.0000
7577 3.6104
7578 4.7845
7579 10.4613
7580 5.6296
7581 6.0235
7582 3.0578
7583 0.0000
7584 0.7617
7585 2.4616
7586 -1.7272
7587 4.5678
7588 5.0857
7589 3.2415
7590 0.0000
7591 5.6287
7592 10.4502
7593 -4.1308
7594 2.0564
7595 3.8435
7596 2.6743
7597 0.0000
7598 -3.2658
7599 0.6127
7600 3.4242
7601 6.1086
7602 3.4867
7603 5.6903
7604 0.0000
7605 3.6861
7606 0.0000
7607 3.4012
7608 1.0185
7609 0.0000
7610 -2.0556
7611 6.1151
7612 0.0000
7613 3.8920
7614 2.8073
7615 0.0000
7616 3.0085
7617 0.0000
7618 -1.4046
7619 -0.1690
7620 0.0000
7621 3.2447
7622 4.3318
7623 0.0000
7624 -2.6346
7625 0.0000
7626 -3.3401
7627 3.4971
7628 0.0000
7629 -3.4265
7630 1.9617
7631 0.0000
7632 4.2115
7633 0.0000
7634 9.5364
7635 9.6537
7636 0.0000
7637 10.4872
7638 -2.1867
7639 0.0000
7640 0.1730
7641 0.0000
7642 0.3093
7643 6.2829
7644 0.0000
7645 -1.1558
7646 6.0583
7647 0.0000
7648 2.8730
7649 0.0000
7650 0.9260
7651 2.9780
7652 0.0000
7653 4.8224
7654 4.6474
7655 0.0000
7656 2.1742
7657 0.0000
7658 0.0215
7659 4.1022
7660 0.0000
7661 5.7483
7662 5.8184
7663 0.0000
7664 3.8561
7665 0.0000
7666 0.4450
7667 3.6496
7668 0.0000
7669 -0.8356
7670 6.2960
7671 0.0000
7672 -0.5866
7673 0.0000
7674 1.5171
7675 2.3499
7676 0.0000
7677 4.2997
7678 4.6238
7679 0.0000
7680 0.3493
7681 0.0000
7682 -4.3942
7683 7.3007
7684 0.0000
7685 5.2759
7686 2.8361
7687 0.0000
7688 4.6699
7689 0.0000
7690 4.4379
7691 3.9737
7692 0.0000
7693 3.7076
7694 1.5909
7695 0.0000
7696 -1.3644
7697 0.0000
7698 4.1021
7699 6.3946
7700 0.0000
7701 3.0726
7702 -2.7645
7703 0.0000
7704 7.2477
7705 0.0000
7706 0.5490
7707 0.5617
7708 0.0000
7709 2.6199
7710 8.9521
7711 0.0000
7712 0.2725
7713 0.0000
7714 -1.2256
7715 3.1467
7716 0.0000
7717 5.0835
7718 -2.3127
7719 0.0000
7720 0.1011
7721 0.0000
7722 -1.4181
7723 11.9616
7724 0.0000
7725 0.8384
7726 7.0921
7727 0.0000
7728 1.9715
7729 0.0000
7730 -2.5782
7731 5.0771
7732 0.0000
7733 1.4234
7734 3.9282
7735 0.0000
7736 -3.4772
7737 0.0000
7738 1.2937
7739 0.0000
7740 2.6366
