# input  : 16 : 00 61 DB 0A 68 DF 39 3E 06 F9 CE DB ED CC 15 72 
# output : 16 : 5F 10 69 C6 81 8E A2 44 2F 37 3B D8 E6 E6 FC 0D 
# cycles : 7740
1 0.0000
2 7.6552
3 3.6048
4 0.0000
5 3.1010
6 0.0000
7 -4.5236
8 2.8972
9 0.0000
10 7.7904
11 2.3123
12 0.0000
13 -4.0663
14 0.0000
15 2.7305
16 3.2165
17 0.0000
18 0.4052
19 -0.4662
20 0.0000
21 7.0945
22 0.0000
23 11.8267
24 5.7528
25 0.0000
26 0.2785
27 3.4925
28 0.0000
29 -2.7258
30 0.0000
31 -0.6367
32 3.4223
33 0.0000
34 -0.2151
35 5.3116
36 0.0000
37 -6.0537
38 0.0000
39 1.6258
40 6.3486
41 0.0000
42 6.9828
43 6.4633
44 0.0000
45 6.1899
46 0.0000
47 7.3019
48 4.2694
49 0.0000
50 2.7301
51 3.3328
52 0.0000
53 5.0814
54 0.0000
55 -0.8447
56 1.0534
57 0.0000
58 5.4687
59 2.4820
60 0.0000
61 1.8394
62 0.0000
63 3.2051
64 11.7430
65 0.0000
66 2.7657
67 2.3161
68 0.0000
69 2.0637
70 0.0000
71 1.5836
72 -3.4822
73 0.0000
74 -1.5381
75 3.5407
76 0.0000
77 1.9554
78 0.0000
79 11.3719
80 9.6838
81 0.0000
82 3.6146
83 4.2592
84 0.0000
85 5.4080
86 0.0000
87 7.0463
88 4.4835
89 0.0000
90 5.3185
91 8.1749
92 0.0000
93 -4.0864
94 0.0000
95 3.8299
96 12.3547
97 0.0000
98 1.4660
99 3.9523
100 0.0000
101 2.6026
102 0.0000
103 8.0491
104 2.9964
105 0.0000
106 6.9230
107 6.4831
108 0.0000
109 -3.4636
110 0.0000
111 0.1743
112 3.3252
113 0.0000
114 1.6313
115 2.7132
116 0.0000
117 1.6058
118 0.0000
119 -3.6931
120 0.8094
121 0.0000
122 9.6471
123 7.7376
124 0.0000
125 5.7006
126 0.0000
127 1.9795
128 6.5439
129 0.0000
130 2.6018
131 -0.0558
132 0.0000
133 2.4752
134 0.0000
135 2.2391
136 5.2876
137 0.0000
138 0.5890
139 -4.0364
140 7.1140
141 0.0000
142 -5.1558
143 13.4019
144 0.7327
145 1.7515
146 0.0000
147 7.5076
148 5.9403
149 0.0000
150 6.1066
151 7.0653
152 4.6206
153 4.0730
154 0.0000
155 -2.5683
156 -0.2416
157 0.0000
158 8.0044
159 -3.3449
160 -2.7259
161 2.1102
162 0.0000
163 5.2807
164 -4.7495
165 0.0000
166 -5.4746
167 7.3607
168 0.6549
169 -5.3174
170 0.0000
171 5.0270
172 -1.4049
173 0.0000
174 4.8289
175 -1.8130
176 5.5555
177 1.3042
178 0.0000
179 1.7846
180 4.0982
181 0.0000
182 1.3235
183 6.8602
184 6.5527
185 -3.2929
186 0.0000
187 3.7710
188 -3.1586
189 0.0000
190 7.0711
191 0.9547
192 5.1560
193 -1.5714
194 0.0000
195 -5.4436
196 9.4174
197 0.0000
198 2.7634
199 0.7907
200 5.9618
201 -1.2461
202 0.0000
203 -6.1803
204 3.0085
205 0.0000
206 2.5997
207 -0.2641
208 2.2682
209 0.7864
210 0.0000
211 4.9264
212 1.0353
213 0.0000
214 13.4556
215 7.5948
216 5.4961
217 5.9903
218 0.0000
219 5.3574
220 -0.6776
221 0.0000
222 0.7154
223 3.2402
224 7.9416
225 11.0251
226 0.0000
227 6.4332
228 -0.8115
229 0.0000
230 3.2403
231 -1.0160
232 0.0679
233 4.8034
234 0.0000
235 -7.3091
236 2.9234
237 0.0000
238 -1.9807
239 6.7484
240 7.5387
241 -0.3774
242 0.0000
243 1.7987
244 4.3208
245 0.0000
246 3.8575
247 11.8633
248 5.1228
249 0.5462
250 0.0000
251 11.0044
252 -2.6514
253 0.0000
254 -0.9500
255 12.2711
256 1.3354
257 6.9780
258 0.0000
259 -0.2879
260 7.1011
261 0.0000
262 7.3586
263 1.8873
264 6.6704
265 -6.8252
266 0.0000
267 1.5702
268 0.3571
269 0.0000
270 9.1340
271 0.0000
272 11.4564
273 4.9426
274 -3.1917
275 -5.4704
276 4.6944
277 -1.6324
278 5.4923
279 -0.5400
280 0.0000
281 -0.6485
282 7.7762
283 -1.8783
284 2.7186
285 5.8971
286 0.3272
287 0.0000
288 -1.1480
289 8.7483
290 3.4021
291 -3.1781
292 -0.1743
293 7.6667
294 0.0000
295 -3.9116
296 6.3529
297 -0.1502
298 -1.0498
299 6.2523
300 -2.5298
301 0.0000
302 -1.6121
303 5.2906
304 -1.2603
305 6.3425
306 0.9511
307 4.0715
308 0.0000
309 4.8055
310 9.0591
311 -0.8429
312 -1.5140
313 6.4068
314 -1.5034
315 0.0000
316 0.8710
317 0.1173
318 -1.7702
319 9.8703
320 -0.5898
321 8.5029
322 0.0000
323 -2.4615
324 -3.5851
325 2.8616
326 8.2279
327 -2.7974
328 1.8445
329 0.0000
330 5.3138
331 0.6545
332 5.6268
333 3.6748
334 5.6702
335 5.6050
336 0.0000
337 -0.1179
338 9.7416
339 4.5179
340 10.6966
341 2.5852
342 3.9738
343 0.0000
344 -6.9045
345 7.9579
346 10.6540
347 0.7623
348 2.0578
349 6.1679
350 0.0000
351 5.2142
352 9.2224
353 3.2163
354 1.7712
355 2.5051
356 4.5401
357 0.0000
358 1.9991
359 11.8592
360 -2.2758
361 8.5007
362 10.8113
363 4.0566
364 0.0000
365 1.8032
366 -0.5816
367 0.5349
368 3.4994
369 8.8405
370 4.6853
371 0.0000
372 0.3553
373 -2.1764
374 4.4107
375 1.9101
376 2.0517
377 -7.7100
378 0.0000
379 -1.0729
380 8.0350
381 -6.5282
382 -1.7906
383 -0.6434
384 0.3136
385 0.0000
386 1.8455
387 0.0000
388 2.8259
389 0.0000
390 6.9373
391 0.0000
392 4.0462
393 9.8737
394 0.0000
395 3.3865
396 2.9397
397 -8.2140
398 9.3899
399 0.0000
400 6.1081
401 1.5909
402 5.6171
403 0.0000
404 9.1045
405 11.6940
406 3.6983
407 0.0000
408 6.5731
409 2.6926
410 2.4982
411 5.8008
412 2.3140
413 4.5304
414 1.3654
415 -0.4054
416 3.3708
417 0.0000
418 11.8847
419 8.5948
420 1.7524
421 -3.3013
422 -4.5272
423 2.4797
424 0.0000
425 -2.5236
426 13.6039
427 8.4408
428 -0.6178
429 0.9812
430 3.9088
431 0.0000
432 2.3587
433 6.9851
434 3.5546
435 1.3176
436 3.6080
437 3.9026
438 0.0000
439 2.4141
440 9.0539
441 -3.8574
442 9.4199
443 0.4838
444 3.0331
445 0.0000
446 -2.8976
447 2.9569
448 3.1718
449 9.8381
450 -1.1196
451 1.9546
452 0.0000
453 -1.3365
454 9.2320
455 4.4782
456 1.9473
457 2.2547
458 4.6885
459 0.0000
460 -1.5848
461 3.1048
462 3.4358
463 7.1930
464 -2.7087
465 3.6266
466 0.0000
467 -3.4051
468 -3.3451
469 2.5354
470 7.1912
471 -4.6694
472 -1.5212
473 0.0000
474 -0.1043
475 2.0864
476 5.4905
477 -0.6562
478 0.9762
479 4.6289
480 0.0000
481 1.2258
482 -0.9596
483 10.8984
484 4.6701
485 4.1346
486 7.4355
487 0.0000
488 4.1417
489 3.4787
490 2.7158
491 -0.2495
492 3.7012
493 -4.2825
494 0.0000
495 4.9169
496 6.6579
497 0.0000
498 5.8522
499 -2.8194
500 -0.0724
501 1.0402
502 -0.0180
503 0.4851
504 -0.6842
505 -1.4624
506 0.0000
507 4.8683
508 3.4849
509 0.0000
510 1.3694
511 2.2483
512 0.0000
513 3.5353
514 -0.0965
515 0.0000
516 3.0880
517 7.7406
518 0.0000
519 2.1902
520 2.6547
521 5.5018
522 0.0000
523 4.0592
524 2.7161
525 0.0000
526 7.4138
527 3.7370
528 -0.2320
529 0.0000
530 3.2469
531 6.6018
532 0.0000
533 3.0245
534 2.6450
535 7.8829
536 0.0000
537 3.0282
538 -6.5517
539 0.0000
540 9.8378
541 3.2044
542 7.9809
543 0.0000
544 -1.4142
545 0.1962
546 0.0000
547 6.4761
548 4.7653
549 -0.2758
550 0.0000
551 0.3388
552 7.6167
553 0.0000
554 1.5428
555 1.7162
556 3.9488
557 0.0000
558 -1.4253
559 2.4893
560 0.0000
561 4.3769
562 7.8499
563 3.1693
564 0.0000
565 -1.4711
566 4.8189
567 0.0000
568 12.4124
569 11.7251
570 3.5579
571 0.0000
572 -1.1157
573 8.1211
574 0.0000
575 3.2965
576 4.4831
577 11.7517
578 0.0000
579 9.1767
580 -4.7024
581 0.0000
582 1.4529
583 7.0692
584 1.8403
585 0.0000
586 -3.4028
587 8.4745
588 0.0000
589 4.6014
590 1.3644
591 3.7924
592 0.0000
593 -3.5227
594 -0.7976
595 0.0000
596 7.4046
597 10.9850
598 -0.2220
599 0.0000
600 6.5789
601 1.2968
602 0.0000
603 0.9404
604 5.9076
605 4.5736
606 0.0000
607 3.0824
608 1.9449
609 0.0000
610 9.0054
611 6.6062
612 5.5659
613 0.0000
614 5.9151
615 4.8010
616 0.0000
617 12.3247
618 4.1048
619 3.7875
620 0.0000
621 6.8486
622 5.3465
623 0.0000
624 1.6227
625 10.3954
626 2.0060
627 0.0000
628 -0.0371
629 0.0000
630 0.3907
631 0.0000
632 1.8131
633 5.9956
634 0.0000
635 6.5375
636 0.0000
637 -0.9216
638 0.0000
639 0.3059
640 -2.6118
641 -1.8040
642 0.0000
643 9.5610
644 1.2827
645 8.5829
646 0.0000
647 8.2238
648 7.6410
649 3.1258
650 0.0000
651 5.3235
652 0.0000
653 9.4590
654 0.0000
655 2.4089
656 1.1273
657 0.0000
658 8.8978
659 0.0000
660 1.5015
661 2.5086
662 5.8036
663 4.7024
664 7.8410
665 10.9209
666 0.2970
667 4.1346
668 9.9900
669 5.7629
670 0.0373
671 2.5064
672 6.7081
673 0.2233
674 9.5331
675 -0.5025
676 0.0000
677 7.8139
678 -3.9393
679 -2.0523
680 4.3622
681 0.8299
682 -7.2181
683 4.5432
684 -1.9708
685 0.0000
686 5.2936
687 1.3114
688 9.7991
689 2.6711
690 6.0318
691 4.3226
692 0.0000
693 -1.8921
694 3.0262
695 -0.1585
696 0.0000
697 -0.5947
698 -4.5298
699 2.6527
700 3.1415
701 -3.2511
702 -1.6579
703 -2.3322
704 -3.9141
705 0.0000
706 -4.2514
707 4.5625
708 2.5235
709 1.5705
710 3.5418
711 13.8470
712 0.0000
713 -5.8074
714 -1.7595
715 1.5436
716 0.0000
717 8.8856
718 -0.4254
719 4.0174
720 -4.5837
721 -0.8513
722 5.7005
723 7.4863
724 4.4484
725 0.0000
726 7.6080
727 7.7753
728 4.3770
729 5.4717
730 3.1183
731 -4.0579
732 0.0000
733 -1.0154
734 4.0278
735 14.8006
736 0.0000
737 10.2649
738 -0.4240
739 4.0540
740 0.4876
741 2.1031
742 10.1805
743 0.4433
744 1.7383
745 0.0000
746 -4.4807
747 4.3190
748 2.3966
749 6.9835
750 13.5453
751 0.4136
752 0.0000
753 10.5597
754 1.2758
755 5.9284
756 5.0533
757 3.4147
758 7.4194
759 7.6921
760 2.7049
761 -4.1876
762 -0.7841
763 0.1569
764 -3.9008
765 7.8394
766 2.2629
767 0.0000
768 -0.4550
769 4.8638
770 -0.5897
771 -0.3626
772 7.6814
773 2.8877
774 4.2597
775 8.0387
776 0.0000
777 7.7673
778 7.4939
779 10.4965
780 2.2860
781 2.3528
782 -3.7673
783 0.0000
784 5.0126
785 7.3389
786 6.4975
787 0.0000
788 0.6490
789 3.4808
790 11.9373
791 4.7262
792 -0.5206
793 0.0274
794 1.9899
795 3.2687
796 0.0000
797 10.0405
798 7.9544
799 6.1677
800 -1.1197
801 2.5337
802 1.8361
803 0.0000
804 2.6376
805 4.4381
806 8.8074
807 0.0000
808 -0.2877
809 -3.7724
810 3.3974
811 2.1669
812 -8.4660
813 1.3193
814 -3.8777
815 0.0324
816 0.0000
817 3.9663
818 -0.8471
819 11.8867
820 7.8333
821 2.9007
822 1.0528
823 0.0000
824 1.8878
825 11.3861
826 2.6295
827 0.0000
828 -0.5964
829 -9.3717
830 10.8105
831 6.6823
832 1.6459
833 10.0552
834 0.2537
835 3.5803
836 0.0000
837 2.7609
838 -1.0506
839 9.4456
840 4.1508
841 2.9483
842 -0.1591
843 0.0000
844 -1.6625
845 7.9532
846 2.6956
847 9.1894
848 -1.1704
849 4.1988
850 -3.5803
851 6.5927
852 4.9090
853 7.5131
854 -4.9718
855 -5.4673
856 8.7728
857 7.9415
858 0.0000
859 9.5073
860 -6.5678
861 9.4562
862 5.9106
863 1.8547
864 13.6863
865 0.1741
866 6.6307
867 0.0000
868 5.2274
869 -0.3786
870 1.4372
871 1.8106
872 1.5208
873 11.4909
874 0.0000
875 -1.9572
876 5.9778
877 17.3401
878 0.0000
879 5.2760
880 -1.4335
881 8.1440
882 0.4097
883 -0.7391
884 18.1690
885 3.0411
886 6.7487
887 0.0000
888 10.6957
889 10.2254
890 0.0720
891 2.3681
892 12.0738
893 3.3223
894 0.0000
895 2.8959
896 3.4792
897 0.8311
898 0.0000
899 10.2379
900 5.5467
901 1.0371
902 3.2387
903 1.1893
904 16.6022
905 2.3930
906 -0.9071
907 0.0000
908 3.9964
909 6.6007
910 3.8450
911 5.4878
912 6.3193
913 8.5362
914 0.0000
915 3.4483
916 -1.9206
917 1.6801
918 0.0000
919 2.9248
920 3.9335
921 7.2125
922 4.2419
923 -5.1383
924 11.4349
925 7.1537
926 7.7948
927 0.0000
928 5.7985
929 3.7447
930 12.6705
931 0.0158
932 5.8735
933 12.2442
934 0.0000
935 6.3779
936 3.0478
937 -0.2911
938 8.1507
939 3.3169
940 -3.5865
941 1.7108
942 8.5502
943 -0.6804
944 5.4485
945 3.2313
946 2.3737
947 -0.0986
948 5.4343
949 0.0000
950 5.5994
951 -4.3258
952 8.7413
953 5.0082
954 3.0957
955 16.7044
956 -0.6671
957 -1.8728
958 0.0000
959 9.0788
960 1.0447
961 11.3394
962 8.2160
963 3.8386
964 7.1174
965 0.0000
966 1.6339
967 2.2186
968 -0.4233
969 0.0000
970 -1.3909
971 5.6734
972 0.6361
973 2.7325
974 -1.1439
975 -5.1359
976 1.2918
977 5.9263
978 0.0000
979 10.1717
980 0.9124
981 7.7964
982 5.6792
983 2.9675
984 5.5999
985 0.0000
986 8.4849
987 7.8496
988 0.7285
989 0.0000
990 7.7063
991 4.4327
992 -6.1122
993 -0.8387
994 10.1609
995 1.0090
996 -4.6759
997 -0.9318
998 0.0000
999 6.7118
1000 -5.2707
1001 1.9643
1002 2.1296
1003 4.4746
1004 -0.2531
1005 0.0000
1006 -2.4687
1007 5.8054
1008 11.6922
1009 0.0000
1010 1.5297
1011 0.0177
1012 -1.5724
1013 -4.1792
1014 -0.9768
1015 16.7246
1016 12.1030
1017 1.9124
1018 0.0000
1019 -1.2840
1020 2.5712
1021 7.8202
1022 10.5442
1023 -2.5396
1024 3.8549
1025 0.0000
1026 -0.9752
1027 0.0000
1028 10.6315
1029 0.0000
1030 2.6554
1031 0.2229
1032 10.7667
1033 8.9014
1034 9.6456
1035 6.3679
1036 5.6807
1037 3.5247
1038 0.0000
1039 2.9363
1040 -0.6014
1041 -3.8944
1042 3.2232
1043 4.9984
1044 -10.0748
1045 0.0000
1046 6.8890
1047 2.7853
1048 3.1871
1049 -0.9954
1050 0.7166
1051 3.4197
1052 0.0000
1053 3.4954
1054 9.7878
1055 4.6716
1056 0.1922
1057 5.6996
1058 2.9054
1059 0.0000
1060 4.7884
1061 4.5179
1062 13.0420
1063 8.8531
1064 -0.6323
1065 -7.5524
1066 0.0000
1067 -0.0456
1068 -1.4760
1069 0.9909
1070 -0.4439
1071 9.3212
1072 6.0815
1073 0.0000
1074 8.0924
1075 5.5503
1076 1.8505
1077 3.0524
1078 4.4610
1079 8.1028
1080 0.0000
1081 -1.1440
1082 10.0188
1083 -2.4811
1084 -1.1079
1085 -0.6545
1086 6.1804
1087 0.0000
1088 1.1026
1089 4.7211
1090 2.9593
1091 2.2568
1092 1.0794
1093 3.4741
1094 0.0000
1095 5.0677
1096 6.9119
1097 -3.0634
1098 -1.4888
1099 2.5579
1100 9.4794
1101 0.0000
1102 -1.5764
1103 2.2787
1104 -1.4109
1105 5.0232
1106 8.4227
1107 4.8320
1108 0.0000
1109 -0.7927
1110 -1.6446
1111 4.2806
1112 2.3636
1113 9.2627
1114 5.3944
1115 0.0000
1116 2.1061
1117 2.2125
1118 6.4274
1119 3.8204
1120 3.5775
1121 -2.1106
1122 0.0000
1123 3.2981
1124 3.6678
1125 6.4855
1126 3.8979
1127 6.7701
1128 2.8826
1129 0.0000
1130 1.3251
1131 0.4351
1132 5.8122
1133 1.4094
1134 6.1160
1135 6.2341
1136 0.0000
1137 -0.3978
1138 -1.2734
1139 14.0202
1140 8.6463
1141 0.5875
1142 1.8081
1143 0.0000
1144 12.0068
1145 0.0000
1146 4.5972
1147 0.0000
1148 12.4809
1149 0.0000
1150 3.9733
1151 5.8186
1152 0.0000
1153 7.6373
1154 8.4496
1155 6.9818
1156 7.5313
1157 0.0000
1158 2.8136
1159 4.2067
1160 2.3455
1161 0.0000
1162 1.1014
1163 11.0889
1164 8.8443
1165 0.0000
1166 12.2984
1167 0.2484
1168 2.0788
1169 0.1088
1170 6.4328
1171 5.2544
1172 15.5095
1173 -1.9574
1174 0.9065
1175 0.0000
1176 -0.8815
1177 1.2315
1178 4.6558
1179 0.3252
1180 4.2253
1181 2.4370
1182 0.0000
1183 2.2277
1184 4.1988
1185 2.0322
1186 11.3207
1187 -1.9046
1188 2.0775
1189 0.0000
1190 -0.2535
1191 9.0753
1192 7.9959
1193 7.0999
1194 3.7093
1195 -4.3663
1196 0.0000
1197 -1.8598
1198 1.1019
1199 3.2271
1200 4.3966
1201 -4.3981
1202 10.8612
1203 0.0000
1204 5.1471
1205 0.6405
1206 0.4724
1207 6.6819
1208 6.1244
1209 -0.9577
1210 0.0000
1211 5.5810
1212 10.3154
1213 -1.9450
1214 1.2958
1215 14.2030
1216 2.5151
1217 0.0000
1218 -3.0252
1219 4.3657
1220 4.9563
1221 4.5557
1222 3.9672
1223 3.7708
1224 0.0000
1225 -1.0907
1226 4.4473
1227 5.9845
1228 4.5060
1229 8.2979
1230 3.8869
1231 0.0000
1232 1.4223
1233 4.3141
1234 1.2088
1235 6.0479
1236 5.0717
1237 -3.3693
1238 0.0000
1239 3.2493
1240 6.3360
1241 12.5825
1242 0.8403
1243 0.5767
1244 6.9784
1245 0.0000
1246 0.3821
1247 8.5345
1248 5.1437
1249 -1.5976
1250 6.5531
1251 1.6679
1252 0.0000
1253 9.8969
1254 1.1186
1255 0.0000
1256 3.3525
1257 -2.0782
1258 1.8500
1259 3.0775
1260 -0.5391
1261 -6.1138
1262 1.2097
1263 -0.1140
1264 0.0000
1265 4.0086
1266 -0.8930
1267 0.0000
1268 6.9587
1269 0.0000
1270 -1.1651
1271 0.0000
1272 -2.6621
1273 4.5190
1274 0.0000
1275 1.3428
1276 3.9175
1277 0.0000
1278 13.2731
1279 3.8312
1280 5.0979
1281 0.0000
1282 -4.5722
1283 2.3302
1284 0.0000
1285 10.2942
1286 12.3350
1287 6.7284
1288 0.0000
1289 0.5176
1290 1.2072
1291 0.0000
1292 5.4996
1293 -1.3893
1294 -1.2735
1295 0.0000
1296 -4.2993
1297 2.0277
1298 0.0000
1299 4.3817
1300 3.6353
1301 1.5676
1302 0.0000
1303 -2.7779
1304 2.3902
1305 0.0000
1306 7.5397
1307 2.0456
1308 -1.6849
1309 0.0000
1310 5.6798
1311 7.0863
1312 0.0000
1313 8.8845
1314 11.6296
1315 -0.9863
1316 0.0000
1317 7.1737
1318 4.4139
1319 0.0000
1320 5.5460
1321 -2.7736
1322 5.6124
1323 0.0000
1324 0.9035
1325 3.4590
1326 0.0000
1327 3.1156
1328 18.5808
1329 4.9273
1330 0.0000
1331 4.1302
1332 -0.0776
1333 0.0000
1334 2.6522
1335 -4.0603
1336 4.7546
1337 0.0000
1338 -1.9805
1339 -3.9275
1340 0.0000
1341 4.6886
1342 3.5327
1343 1.2658
1344 0.0000
1345 0.0802
1346 0.0067
1347 0.0000
1348 8.7377
1349 10.3142
1350 -2.2503
1351 0.0000
1352 3.5515
1353 0.1223
1354 0.0000
1355 4.4856
1356 6.8718
1357 6.7618
1358 0.0000
1359 4.5539
1360 0.2953
1361 0.0000
1362 8.7227
1363 7.2718
1364 -0.2779
1365 0.0000
1366 1.6961
1367 4.7390
1368 0.0000
1369 4.1479
1370 1.8411
1371 2.7814
1372 0.0000
1373 2.8589
1374 8.7418
1375 0.0000
1376 2.2318
1377 10.5592
1378 8.6717
1379 0.0000
1380 -10.7101
1381 12.2484
1382 0.0000
1383 10.1432
1384 2.8013
1385 1.9839
1386 0.0000
1387 -1.7780
1388 0.0000
1389 1.4810
1390 0.0000
1391 4.1624
1392 2.0045
1393 0.0000
1394 10.1537
1395 0.0000
1396 3.8128
1397 0.0000
1398 5.9051
1399 5.3667
1400 7.9000
1401 0.0000
1402 -0.2351
1403 3.2091
1404 -1.2926
1405 0.0000
1406 -1.4941
1407 -2.5035
1408 -1.8509
1409 0.0000
1410 -0.4196
1411 0.0000
1412 3.6669
1413 0.0000
1414 6.0955
1415 4.5130
1416 0.0000
1417 2.4220
1418 0.0000
1419 11.2349
1420 1.4889
1421 4.0321
1422 4.9028
1423 4.0497
1424 3.2920
1425 3.2712
1426 9.3455
1427 1.5768
1428 -0.6689
1429 4.7553
1430 4.0596
1431 6.7135
1432 5.4996
1433 8.4749
1434 1.9604
1435 0.0000
1436 8.2875
1437 2.2586
1438 5.2326
1439 1.3571
1440 -1.5542
1441 1.0271
1442 -0.4675
1443 11.6641
1444 0.0000
1445 6.0209
1446 0.2102
1447 9.0073
1448 7.5019
1449 6.2918
1450 2.9713
1451 0.0000
1452 4.6841
1453 8.5542
1454 6.3291
1455 0.0000
1456 6.7063
1457 -1.9203
1458 5.1956
1459 5.5383
1460 4.7700
1461 1.2351
1462 -1.9578
1463 1.8328
1464 0.0000
1465 3.9543
1466 8.2101
1467 6.5145
1468 -5.2268
1469 5.7421
1470 4.0934
1471 0.0000
1472 -5.4421
1473 9.6710
1474 2.0014
1475 0.0000
1476 10.6341
1477 -1.5186
1478 2.6929
1479 5.5649
1480 5.1695
1481 1.0654
1482 3.7768
1483 9.1677
1484 0.0000
1485 -4.3212
1486 10.3155
1487 2.1681
1488 9.7547
1489 -5.2682
1490 8.5652
1491 0.0000
1492 2.0031
1493 7.8202
1494 -1.7024
1495 0.0000
1496 6.0413
1497 0.1836
1498 8.5806
1499 10.8207
1500 -1.7263
1501 -3.2442
1502 5.5923
1503 9.4720
1504 0.0000
1505 3.1791
1506 1.1727
1507 2.6965
1508 -3.6602
1509 2.4822
1510 0.9902
1511 0.0000
1512 0.7998
1513 5.9087
1514 -4.8238
1515 2.7884
1516 7.3396
1517 7.4998
1518 -3.6372
1519 -6.9107
1520 2.3571
1521 3.9531
1522 -1.6928
1523 6.2252
1524 3.2793
1525 2.1943
1526 0.0000
1527 5.5639
1528 3.8547
1529 0.8872
1530 2.4882
1531 -3.5626
1532 -13.4240
1533 -0.1627
1534 7.2349
1535 0.0000
1536 5.8122
1537 6.1228
1538 8.6759
1539 4.0665
1540 -6.3520
1541 11.3893
1542 0.0000
1543 -6.3443
1544 2.6523
1545 5.4137
1546 0.0000
1547 3.8228
1548 -3.7861
1549 0.7278
1550 -3.1348
1551 3.6088
1552 16.4786
1553 5.4667
1554 4.2181
1555 0.0000
1556 6.5368
1557 3.6145
1558 0.8794
1559 5.1651
1560 2.3476
1561 9.7227
1562 0.0000
1563 5.3543
1564 -4.3399
1565 9.0051
1566 0.0000
1567 2.7411
1568 -8.7787
1569 4.8576
1570 6.6641
1571 1.7530
1572 10.2524
1573 2.7458
1574 8.6371
1575 0.0000
1576 3.3641
1577 6.8054
1578 12.8822
1579 -2.6719
1580 7.3128
1581 -2.9162
1582 0.0000
1583 1.3399
1584 3.9965
1585 7.0635
1586 0.0000
1587 5.0690
1588 1.0654
1589 1.6835
1590 8.6714
1591 1.4169
1592 -6.5198
1593 -0.5800
1594 -3.4552
1595 0.0000
1596 6.1729
1597 -1.4972
1598 6.5269
1599 8.3701
1600 3.8660
1601 6.7434
1602 0.0000
1603 5.3793
1604 -0.8694
1605 -2.8561
1606 14.5247
1607 0.1287
1608 5.4503
1609 7.6728
1610 3.8788
1611 -2.3393
1612 5.3292
1613 -0.5197
1614 2.2856
1615 -2.2921
1616 1.2705
1617 0.0000
1618 2.9341
1619 0.4225
1620 7.3964
1621 10.9231
1622 -8.5661
1623 9.6510
1624 9.6962
1625 3.8624
1626 0.0000
1627 5.6072
1628 6.7988
1629 6.3966
1630 7.2810
1631 -2.5283
1632 5.9165
1633 0.0000
1634 -3.5722
1635 0.5984
1636 5.2507
1637 0.0000
1638 3.6882
1639 -2.8614
1640 1.0783
1641 4.8437
1642 -9.2936
1643 4.2407
1644 7.5080
1645 3.0688
1646 0.0000
1647 5.9056
1648 6.3887
1649 9.2194
1650 4.0762
1651 0.5708
1652 3.7461
1653 0.0000
1654 -2.7921
1655 5.5407
1656 2.3424
1657 0.0000
1658 4.5680
1659 2.8487
1660 5.3257
1661 5.3179
1662 -2.7653
1663 0.6124
1664 -4.4412
1665 1.6151
1666 0.0000
1667 5.4492
1668 1.8468
1669 2.3233
1670 5.2540
1671 0.4886
1672 6.8405
1673 0.0000
1674 8.0994
1675 4.3166
1676 6.0172
1677 0.0000
1678 2.2973
1679 3.7888
1680 4.9745
1681 4.9209
1682 -4.0637
1683 6.3711
1684 2.9745
1685 -3.7502
1686 0.0000
1687 7.3748
1688 3.1657
1689 3.3570
1690 6.9855
1691 5.0046
1692 6.5612
1693 0.0000
1694 1.5932
1695 3.7488
1696 3.6299
1697 4.4519
1698 9.6930
1699 8.8915
1700 3.2467
1701 2.6542
1702 7.8628
1703 6.8873
1704 1.4832
1705 -0.0938
1706 6.2487
1707 1.5046
1708 0.0000
1709 4.5152
1710 0.8067
1711 4.7541
1712 -2.6143
1713 -6.7168
1714 7.4717
1715 7.5801
1716 -0.8842
1717 0.0000
1718 4.1786
1719 6.4191
1720 0.4714
1721 7.4672
1722 3.5009
1723 2.7199
1724 0.0000
1725 0.2670
1726 3.8678
1727 5.2790
1728 0.0000
1729 1.6281
1730 -0.0739
1731 11.6142
1732 0.3993
1733 -1.7091
1734 4.2260
1735 7.6942
1736 3.1748
1737 0.0000
1738 9.9625
1739 -0.7841
1740 3.1186
1741 0.5508
1742 3.8441
1743 2.8634
1744 0.0000
1745 -2.8360
1746 2.7779
1747 -1.9211
1748 0.0000
1749 1.1261
1750 4.2706
1751 -0.8135
1752 3.2461
1753 -1.3029
1754 -3.3356
1755 -4.0154
1756 11.7571
1757 0.0000
1758 0.6218
1759 6.2355
1760 8.3107
1761 6.2888
1762 4.2702
1763 -2.1861
1764 0.0000
1765 1.3180
1766 8.4311
1767 4.8054
1768 0.0000
1769 1.7378
1770 1.8263
1771 5.9528
1772 1.2352
1773 4.9813
1774 5.5251
1775 6.9273
1776 1.6482
1777 0.0000
1778 5.7762
1779 7.1087
1780 4.1180
1781 4.8739
1782 0.2615
1783 2.9801
1784 0.0000
1785 0.6404
1786 0.0000
1787 -0.6340
1788 0.0000
1789 4.6321
1790 -3.8519
1791 -4.7163
1792 4.4485
1793 4.8484
1794 8.4926
1795 0.6002
1796 2.2989
1797 0.0000
1798 3.2693
1799 5.6879
1800 0.8982
1801 -1.4915
1802 4.1154
1803 -3.2366
1804 0.0000
1805 2.0486
1806 0.5691
1807 -4.0900
1808 -2.4959
1809 4.8922
1810 6.5622
1811 0.0000
1812 0.7211
1813 1.8719
1814 9.3850
1815 2.1464
1816 0.1808
1817 -2.7095
1818 0.0000
1819 2.6134
1820 6.9875
1821 1.3500
1822 6.6798
1823 0.6978
1824 -1.4945
1825 0.0000
1826 -0.2480
1827 14.0212
1828 -1.3782
1829 3.2943
1830 0.0212
1831 -0.3924
1832 0.0000
1833 -6.3767
1834 -3.9231
1835 11.3617
1836 5.4883
1837 5.4465
1838 0.4350
1839 0.0000
1840 0.2549
1841 2.8614
1842 3.5198
1843 5.2745
1844 7.3164
1845 3.0715
1846 0.0000
1847 6.1146
1848 9.3513
1849 7.2492
1850 1.9128
1851 5.1270
1852 2.1700
1853 0.0000
1854 4.7025
1855 4.0449
1856 14.5320
1857 4.7377
1858 5.6060
1859 4.5099
1860 0.0000
1861 -1.7425
1862 2.0194
1863 0.0585
1864 5.8382
1865 0.3434
1866 6.8354
1867 0.0000
1868 3.5314
1869 6.6919
1870 9.9288
1871 1.3412
1872 5.2440
1873 -8.3876
1874 0.0000
1875 3.0253
1876 6.8000
1877 1.3684
1878 1.7582
1879 9.3895
1880 4.2320
1881 0.0000
1882 0.2265
1883 7.9590
1884 4.1185
1885 -2.5905
1886 1.6526
1887 0.7065
1888 0.0000
1889 1.1984
1890 2.7136
1891 4.4850
1892 3.3674
1893 6.6063
1894 5.8926
1895 0.0000
1896 -9.2817
1897 9.5069
1898 4.8831
1899 -5.1264
1900 -6.7189
1901 10.7562
1902 0.0000
1903 7.9904
1904 0.0000
1905 9.1120
1906 0.0000
1907 4.8689
1908 0.0000
1909 -2.3305
1910 1.8828
1911 0.0000
1912 5.1658
1913 2.5536
1914 4.1411
1915 6.5825
1916 0.0000
1917 -2.4020
1918 -5.9624
1919 11.9509
1920 0.0000
1921 7.4813
1922 1.6839
1923 9.0083
1924 0.0000
1925 -0.3314
1926 5.1072
1927 1.3098
1928 4.6388
1929 4.3362
1930 1.7210
1931 2.4548
1932 -1.7055
1933 8.0911
1934 0.0000
1935 -2.3742
1936 2.0990
1937 1.9838
1938 -1.1028
1939 -0.4297
1940 3.2533
1941 0.0000
1942 2.0417
1943 4.5806
1944 7.6988
1945 2.9000
1946 -3.6270
1947 6.1517
1948 0.0000
1949 0.9595
1950 2.5941
1951 3.8823
1952 5.9655
1953 2.9578
1954 4.5959
1955 0.0000
1956 -3.7472
1957 5.9350
1958 -1.0421
1959 -2.9091
1960 3.5128
1961 -1.1975
1962 0.0000
1963 2.8226
1964 0.7772
1965 2.3324
1966 3.5703
1967 3.2157
1968 0.4177
1969 0.0000
1970 5.6706
1971 8.4845
1972 12.5053
1973 1.9115
1974 4.2181
1975 1.0885
1976 0.0000
1977 -1.9912
1978 1.2091
1979 5.2875
1980 4.0441
1981 1.1204
1982 4.6346
1983 0.0000
1984 -0.4743
1985 0.2973
1986 7.3380
1987 6.7393
1988 2.4464
1989 8.3814
1990 0.0000
1991 -2.7902
1992 3.7900
1993 3.1869
1994 3.8728
1995 2.3000
1996 6.2306
1997 0.0000
1998 -1.1272
1999 2.6158
2000 9.5425
2001 -2.3012
2002 3.9867
2003 9.7405
2004 0.0000
2005 -6.2586
2006 -1.4365
2007 7.8768
2008 3.3675
2009 0.8586
2010 0.6852
2011 0.0000
2012 3.0680
2013 -1.4275
2014 0.0000
2015 4.1130
2016 -4.1170
2017 4.0206
2018 5.5706
2019 -4.8826
2020 2.8440
2021 -0.1177
2022 1.7758
2023 0.0000
2024 11.5116
2025 1.1588
2026 0.0000
2027 6.5480
2028 0.0000
2029 -2.0404
2030 0.0000
2031 7.5637
2032 1.7021
2033 0.0000
2034 6.6295
2035 5.3147
2036 0.0000
2037 1.4576
2038 9.2053
2039 5.3592
2040 0.0000
2041 -0.7493
2042 -1.5526
2043 0.0000
2044 9.5519
2045 -2.0601
2046 5.4268
2047 0.0000
2048 -3.2580
2049 -3.4984
2050 0.0000
2051 7.0606
2052 0.2644
2053 2.7728
2054 0.0000
2055 -2.9086
2056 5.4290
2057 0.0000
2058 4.4879
2059 3.2092
2060 5.1614
2061 0.0000
2062 4.2470
2063 3.1538
2064 0.0000
2065 15.9721
2066 4.2042
2067 4.0226
2068 0.0000
2069 -3.1607
2070 7.6664
2071 0.0000
2072 4.5465
2073 3.1208
2074 3.4816
2075 0.0000
2076 -2.3398
2077 3.6180
2078 0.0000
2079 8.6835
2080 2.8434
2081 7.8767
2082 0.0000
2083 -2.7077
2084 -4.5481
2085 0.0000
2086 -4.2331
2087 2.7198
2088 6.8365
2089 0.0000
2090 -2.5315
2091 -3.8921
2092 0.0000
2093 0.2964
2094 3.0241
2095 8.1393
2096 0.0000
2097 2.0250
2098 10.2217
2099 0.0000
2100 0.7956
2101 -1.3973
2102 6.1231
2103 0.0000
2104 9.8959
2105 6.4739
2106 0.0000
2107 1.7291
2108 7.4610
2109 1.0478
2110 0.0000
2111 0.4027
2112 8.1741
2113 0.0000
2114 2.9942
2115 8.5289
2116 8.6500
2117 0.0000
2118 1.8575
2119 9.0134
2120 0.0000
2121 -0.0380
2122 7.7055
2123 6.2839
2124 0.0000
2125 -2.2701
2126 0.2281
2127 0.0000
2128 -0.7222
2129 2.4248
2130 -1.3587
2131 0.0000
2132 9.6006
2133 -1.2420
2134 0.0000
2135 17.7568
2136 7.1729
2137 10.4134
2138 0.0000
2139 2.3927
2140 -1.3497
2141 0.0000
2142 -4.4307
2143 -6.3472
2144 -0.4456
2145 0.0000
2146 -5.2018
2147 0.0000
2148 5.6832
2149 0.0000
2150 6.3912
2151 7.1362
2152 0.0000
2153 -2.2459
2154 0.0000
2155 -4.9899
2156 0.0000
2157 4.6159
2158 2.5929
2159 2.6577
2160 0.0000
2161 -0.1766
2162 0.9034
2163 4.0821
2164 0.0000
2165 -2.4878
2166 11.7793
2167 7.1783
2168 0.0000
2169 0.8827
2170 0.0000
2171 5.3379
2172 0.0000
2173 5.8508
2174 10.4373
2175 0.0000
2176 -4.0710
2177 0.0000
2178 -1.2991
2179 3.1132
2180 4.4388
2181 7.5368
2182 4.7678
2183 3.2416
2184 3.6338
2185 9.8344
2186 9.3212
2187 1.0642
2188 1.5249
2189 6.3488
2190 2.8275
2191 2.2903
2192 5.1109
2193 4.7302
2194 0.0000
2195 0.0600
2196 -1.2585
2197 2.3261
2198 12.7831
2199 -3.6659
2200 5.1151
2201 8.6663
2202 -0.6420
2203 0.0000
2204 -1.0334
2205 4.1664
2206 -2.0611
2207 -1.4000
2208 -0.2834
2209 -1.0814
2210 0.0000
2211 -5.0565
2212 6.9758
2213 5.1115
2214 0.0000
2215 9.8244
2216 10.1175
2217 0.6893
2218 6.6170
2219 6.0220
2220 3.2103
2221 4.6586
2222 14.1010
2223 0.0000
2224 3.9067
2225 9.8819
2226 -3.8902
2227 -1.4028
2228 5.2037
2229 5.3404
2230 0.0000
2231 5.4690
2232 1.3003
2233 5.6322
2234 0.0000
2235 -1.3897
2236 -7.9731
2237 4.9859
2238 2.3868
2239 3.2293
2240 6.0540
2241 5.2538
2242 5.8572
2243 0.0000
2244 8.2995
2245 6.4798
2246 8.0944
2247 2.2606
2248 14.4175
2249 4.3287
2250 0.0000
2251 -3.0673
2252 0.0673
2253 3.8405
2254 0.0000
2255 -3.4181
2256 1.2343
2257 -1.3998
2258 7.2967
2259 -3.1737
2260 14.8889
2261 5.0495
2262 -0.3168
2263 0.0000
2264 7.1724
2265 0.1507
2266 5.6529
2267 1.4903
2268 6.1622
2269 0.4104
2270 0.0000
2271 4.4425
2272 6.6880
2273 12.7972
2274 3.8396
2275 1.6981
2276 0.4746
2277 4.3123
2278 0.9656
2279 10.0965
2280 2.6561
2281 4.1091
2282 0.7759
2283 6.7969
2284 6.1309
2285 0.0000
2286 11.1251
2287 4.1029
2288 -2.6318
2289 -1.0185
2290 0.7683
2291 10.1986
2292 -3.7705
2293 -7.1621
2294 0.0000
2295 0.3460
2296 5.6312
2297 3.4423
2298 2.5080
2299 10.8035
2300 -4.8080
2301 0.0000
2302 -4.8381
2303 5.9844
2304 3.9962
2305 0.0000
2306 12.4974
2307 2.7589
2308 -0.1392
2309 2.2308
2310 -1.2510
2311 -1.1163
2312 -1.6042
2313 5.5432
2314 0.0000
2315 5.6935
2316 6.6882
2317 1.3354
2318 1.3350
2319 3.9449
2320 0.1374
2321 0.0000
2322 2.3639
2323 4.2832
2324 2.2866
2325 0.0000
2326 2.8443
2327 -3.4761
2328 2.2234
2329 5.0127
2330 2.0381
2331 16.1319
2332 4.2808
2333 3.2633
2334 0.0000
2335 2.4057
2336 -0.1288
2337 -4.1348
2338 2.5533
2339 -7.8202
2340 5.3726
2341 0.0000
2342 8.5379
2343 11.6994
2344 -1.6787
2345 0.0000
2346 10.6903
2347 4.9998
2348 -1.1175
2349 -4.5967
2350 -3.1991
2351 8.0581
2352 -5.0117
2353 -3.2593
2354 0.0000
2355 4.4198
2356 -2.9085
2357 9.0582
2358 4.6919
2359 8.5640
2360 3.2624
2361 0.0000
2362 2.8693
2363 10.6956
2364 9.2287
2365 -0.4244
2366 5.8724
2367 5.9895
2368 10.4334
2369 4.2622
2370 8.7398
2371 1.0788
2372 8.6857
2373 1.3081
2374 8.7265
2375 0.9453
2376 0.0000
2377 1.4701
2378 2.9561
2379 0.3104
2380 2.4826
2381 1.4603
2382 -6.4283
2383 -3.6048
2384 -3.5859
2385 0.0000
2386 5.6470
2387 -0.1874
2388 0.4118
2389 5.0040
2390 0.8213
2391 1.4548
2392 0.0000
2393 -1.3410
2394 1.7543
2395 10.5018
2396 0.0000
2397 9.3818
2398 -1.4416
2399 5.1729
2400 -0.4416
2401 -1.5178
2402 10.6231
2403 1.3171
2404 5.2632
2405 0.0000
2406 7.5031
2407 -4.7628
2408 4.7864
2409 6.8350
2410 4.9517
2411 7.6736
2412 0.0000
2413 -1.8190
2414 11.6146
2415 7.9780
2416 0.0000
2417 10.1436
2418 -6.9668
2419 3.8189
2420 7.3121
2421 -2.4591
2422 5.9426
2423 4.7742
2424 10.5071
2425 0.0000
2426 8.3694
2427 4.4643
2428 5.3101
2429 1.9352
2430 10.2913
2431 -2.7562
2432 0.0000
2433 0.7296
2434 2.1452
2435 10.0220
2436 0.0000
2437 6.7540
2438 -2.7587
2439 11.6098
2440 4.5610
2441 -1.9340
2442 -1.4633
2443 -1.6329
2444 6.9710
2445 0.0000
2446 10.9939
2447 1.6066
2448 -0.5000
2449 13.6433
2450 11.1637
2451 6.6817
2452 0.0000
2453 -3.8711
2454 3.4783
2455 -1.4087
2456 5.4605
2457 11.8932
2458 5.0392
2459 2.9557
2460 1.7101
2461 2.0847
2462 8.6028
2463 5.9591
2464 -3.3049
2465 0.6215
2466 7.6107
2467 0.0000
2468 -2.5980
2469 -6.7190
2470 -0.5126
2471 -4.7896
2472 2.1033
2473 -10.1186
2474 -2.8518
2475 4.3437
2476 0.0000
2477 4.0990
2478 7.8273
2479 0.3717
2480 6.0962
2481 0.9394
2482 12.4772
2483 0.0000
2484 -4.8932
2485 5.5551
2486 16.4847
2487 0.0000
2488 5.0914
2489 -3.2350
2490 3.0520
2491 13.1837
2492 -3.7017
2493 -1.6219
2494 -1.4979
2495 14.1034
2496 0.0000
2497 3.3477
2498 4.7926
2499 4.6498
2500 -0.7168
2501 -1.0306
2502 13.2301
2503 0.0000
2504 1.2819
2505 3.0655
2506 0.8385
2507 0.0000
2508 1.9742
2509 -0.3176
2510 5.7631
2511 -1.9816
2512 1.7940
2513 6.7384
2514 1.9026
2515 7.3241
2516 0.0000
2517 4.7687
2518 5.4755
2519 -1.1285
2520 7.1238
2521 1.5390
2522 -4.4436
2523 0.0000
2524 -0.8395
2525 2.5320
2526 8.9931
2527 0.0000
2528 3.1557
2529 -2.6519
2530 1.4943
2531 5.4141
2532 -4.5893
2533 7.1491
2534 4.8221
2535 12.9442
2536 0.0000
2537 8.6884
2538 7.6665
2539 3.4944
2540 5.9623
2541 6.7844
2542 2.9098
2543 0.0000
2544 -5.9028
2545 0.0000
2546 3.3917
2547 0.0000
2548 5.4880
2549 3.6358
2550 4.2453
2551 -1.1982
2552 5.2933
2553 9.4948
2554 3.0068
2555 3.7230
2556 0.0000
2557 7.0139
2558 5.1093
2559 9.2968
2560 5.8637
2561 3.5149
2562 2.8601
2563 0.0000
2564 4.0330
2565 -0.1054
2566 -0.4522
2567 3.6127
2568 2.0698
2569 0.9309
2570 0.0000
2571 -1.1713
2572 3.2486
2573 0.2820
2574 -1.7272
2575 6.1458
2576 4.5894
2577 0.0000
2578 0.3752
2579 0.5792
2580 9.7764
2581 6.8025
2582 3.4050
2583 6.4393
2584 0.0000
2585 0.7520
2586 7.0454
2587 4.1114
2588 6.9557
2589 1.3318
2590 6.9208
2591 0.0000
2592 2.2870
2593 4.4052
2594 0.6282
2595 7.1400
2596 3.2090
2597 0.3764
2598 0.0000
2599 -10.3594
2600 1.3935
2601 3.4034
2602 8.1046
2603 -8.0155
2604 -2.4047
2605 0.0000
2606 0.4591
2607 8.5823
2608 0.8098
2609 -1.2792
2610 6.6027
2611 4.1038
2612 0.0000
2613 -2.5817
2614 -1.3844
2615 6.5744
2616 13.4232
2617 1.3963
2618 8.0084
2619 0.0000
2620 -8.7270
2621 10.5505
2622 6.4738
2623 -0.0841
2624 5.9209
2625 2.7523
2626 0.0000
2627 2.2093
2628 1.4505
2629 4.6667
2630 0.4622
2631 -0.4216
2632 5.8103
2633 0.0000
2634 -2.8055
2635 -6.0606
2636 5.6611
2637 13.2872
2638 4.1479
2639 0.7014
2640 0.0000
2641 -2.9257
2642 15.9785
2643 2.3524
2644 5.6951
2645 2.9413
2646 5.9546
2647 0.0000
2648 0.4226
2649 10.4961
2650 7.4492
2651 4.3542
2652 8.8211
2653 6.6645
2654 0.0000
2655 -1.4021
2656 2.5690
2657 3.3230
2658 -4.1930
2659 2.1056
2660 4.2342
2661 0.0000
2662 -3.1815
2663 0.0000
2664 8.4405
2665 0.0000
2666 0.1696
2667 0.0000
2668 4.5629
2669 6.5346
2670 0.0000
2671 7.6641
2672 -2.0747
2673 0.1942
2674 -6.0667
2675 0.0000
2676 4.4745
2677 -7.7811
2678 7.1992
2679 0.0000
2680 1.7588
2681 7.5228
2682 8.0669
2683 0.0000
2684 4.5467
2685 6.1796
2686 3.5128
2687 1.3464
2688 6.8192
2689 8.2190
2690 2.9981
2691 -4.0092
2692 6.0993
2693 0.0000
2694 8.4094
2695 4.7904
2696 3.3636
2697 11.9108
2698 -1.9052
2699 5.2623
2700 0.0000
2701 0.5201
2702 1.3672
2703 6.3241
2704 3.7709
2705 4.6985
2706 0.3502
2707 0.0000
2708 -6.6371
2709 -1.9828
2710 9.9851
2711 3.5378
2712 1.5411
2713 2.4435
2714 0.0000
2715 1.0817
2716 6.0266
2717 1.7993
2718 6.5112
2719 6.4320
2720 -3.3005
2721 0.0000
2722 7.4943
2723 2.9288
2724 3.5361
2725 1.8727
2726 2.4004
2727 0.1175
2728 0.0000
2729 7.6346
2730 -3.8979
2731 4.4110
2732 -3.9564
2733 9.9956
2734 2.5717
2735 0.0000
2736 5.6979
2737 8.7297
2738 3.1317
2739 7.6208
2740 4.1315
2741 2.0015
2742 0.0000
2743 3.4700
2744 0.7667
2745 3.4113
2746 6.0606
2747 7.3696
2748 0.5689
2749 0.0000
2750 -3.4934
2751 -0.3126
2752 3.0672
2753 11.7001
2754 8.6834
2755 4.9283
2756 0.0000
2757 10.1794
2758 -0.8387
2759 0.0502
2760 3.4813
2761 10.7134
2762 6.0205
2763 0.0000
2764 6.2586
2765 6.2590
2766 -0.3553
2767 -3.1336
2768 1.4190
2769 7.1214
2770 0.0000
2771 -3.9052
2772 3.3163
2773 0.0000
2774 -0.8622
2775 -1.1905
2776 -6.8433
2777 3.7601
2778 0.6295
2779 5.3242
2780 0.1252
2781 -2.6348
2782 0.0000
2783 2.2847
2784 -5.7739
2785 0.0000
2786 3.2428
2787 0.0000
2788 -1.7391
2789 0.0000
2790 7.5100
2791 -0.8394
2792 0.0000
2793 1.4231
2794 5.2503
2795 0.0000
2796 10.1137
2797 1.5221
2798 3.1258
2799 0.0000
2800 -2.5631
2801 -0.5310
2802 0.0000
2803 4.2337
2804 5.0415
2805 0.7949
2806 0.0000
2807 3.6841
2808 4.4648
2809 0.0000
2810 4.7093
2811 3.6893
2812 4.7346
2813 0.0000
2814 -7.6031
2815 0.0925
2816 0.0000
2817 -4.4451
2818 3.3025
2819 8.9900
2820 0.0000
2821 11.1092
2822 3.6290
2823 0.0000
2824 2.9539
2825 5.1054
2826 4.7364
2827 0.0000
2828 -0.0321
2829 1.4372
2830 0.0000
2831 -1.4781
2832 5.2200
2833 -4.4556
2834 0.0000
2835 3.2884
2836 4.3144
2837 0.0000
2838 3.8331
2839 3.1593
2840 8.5180
2841 0.0000
2842 6.8829
2843 2.9655
2844 0.0000
2845 4.8351
2846 6.8885
2847 2.1618
2848 0.0000
2849 2.9101
2850 5.1063
2851 0.0000
2852 5.5132
2853 2.4796
2854 -0.4005
2855 0.0000
2856 3.1578
2857 1.6748
2858 0.0000
2859 4.1556
2860 7.5448
2861 8.1805
2862 0.0000
2863 -1.7807
2864 2.0366
2865 0.0000
2866 -2.3424
2867 7.1767
2868 8.0661
2869 0.0000
2870 5.9936
2871 3.0834
2872 0.0000
2873 9.2041
2874 0.3586
2875 -4.8062
2876 0.0000
2877 1.0064
2878 3.2086
2879 0.0000
2880 0.2750
2881 6.2684
2882 3.8085
2883 0.0000
2884 4.6246
2885 0.3060
2886 0.0000
2887 4.8622
2888 6.4238
2889 3.2757
2890 0.0000
2891 -0.8943
2892 -1.4971
2893 0.0000
2894 3.1626
2895 0.4305
2896 9.9013
2897 0.0000
2898 -3.0602
2899 9.1160
2900 0.0000
2901 1.7343
2902 14.2331
2903 -2.5030
2904 0.0000
2905 -2.6076
2906 0.0000
2907 7.0985
2908 0.0000
2909 11.2313
2910 -4.9994
2911 0.0000
2912 -0.3105
2913 0.0000
2914 10.3307
2915 0.0000
2916 1.9823
2917 5.2482
2918 -3.8533
2919 0.0000
2920 5.9597
2921 4.7408
2922 3.8664
2923 0.0000
2924 3.9451
2925 6.7998
2926 10.2413
2927 0.0000
2928 7.7954
2929 0.0000
2930 5.1493
2931 0.0000
2932 2.9997
2933 7.0995
2934 0.0000
2935 -3.4236
2936 0.0000
2937 9.2344
2938 3.3265
2939 8.5475
2940 1.0771
2941 6.9977
2942 -8.0599
2943 -0.4014
2944 -1.2070
2945 0.6148
2946 7.3417
2947 9.3043
2948 9.6887
2949 1.2563
2950 8.2555
2951 10.2934
2952 -1.6862
2953 0.0000
2954 3.9201
2955 5.9555
2956 0.2368
2957 -0.0405
2958 -2.9013
2959 3.1729
2960 -1.2697
2961 1.1946
2962 0.0000
2963 5.4529
2964 -1.5720
2965 -5.2296
2966 1.4204
2967 0.6728
2968 2.4365
2969 0.0000
2970 -1.2324
2971 6.3675
2972 1.3158
2973 0.0000
2974 14.3702
2975 6.0059
2976 5.3523
2977 12.8001
2978 -2.3148
2979 -0.7008
2980 -1.4447
2981 -1.7348
2982 0.0000
2983 0.9703
2984 1.8747
2985 3.0462
2986 4.1797
2987 -1.8535
2988 7.0137
2989 0.0000
2990 -1.3532
2991 4.9009
2992 1.4263
2993 0.0000
2994 3.8092
2995 6.8382
2996 2.0592
2997 5.7924
2998 10.4858
2999 12.0206
3000 7.1233
3001 5.2950
3002 0.0000
3003 7.5012
3004 8.3023
3005 3.7305
3006 8.1202
3007 3.0996
3008 3.9498
3009 0.0000
3010 -1.9855
3011 3.0445
3012 -1.2977
3013 0.0000
3014 -0.6147
3015 3.3337
3016 -0.1827
3017 6.3478
3018 5.7781
3019 13.6395
3020 2.2397
3021 11.3941
3022 0.0000
3023 -2.5101
3024 3.4113
3025 7.4075
3026 6.7659
3027 6.3907
3028 10.8248
3029 0.0000
3030 0.9636
3031 1.3605
3032 11.6779
3033 -2.6396
3034 13.5726
3035 6.0292
3036 10.0160
3037 7.1238
3038 11.9171
3039 8.6852
3040 5.7771
3041 -1.2323
3042 6.9606
3043 0.9932
3044 0.0000
3045 6.6818
3046 -0.8599
3047 8.3496
3048 -0.6305
3049 3.6077
3050 -1.9573
3051 -2.0141
3052 3.5006
3053 0.0000
3054 -3.9350
3055 10.5273
3056 4.1275
3057 3.7858
3058 6.9174
3059 3.1192
3060 0.0000
3061 3.4205
3062 11.9244
3063 2.3850
3064 0.0000
3065 3.9732
3066 0.7831
3067 11.0624
3068 -1.5016
3069 -0.5575
3070 12.0406
3071 8.8306
3072 5.8407
3073 0.0000
3074 -3.3582
3075 6.9763
3076 4.5309
3077 11.8477
3078 5.5891
3079 6.5424
3080 0.0000
3081 2.5927
3082 5.9979
3083 11.7119
3084 0.0000
3085 -0.4404
3086 1.0780
3087 2.6094
3088 -1.2622
3089 -1.2799
3090 1.5250
3091 2.2533
3092 4.8016
3093 0.0000
3094 -3.2733
3095 5.0955
3096 -2.5395
3097 -3.5163
3098 -0.6976
3099 6.0518
3100 0.0000
3101 2.1415
3102 5.4225
3103 5.5966
3104 0.0000
3105 4.1460
3106 -4.1242
3107 9.0130
3108 5.1883
3109 6.8284
3110 13.2292
3111 6.9912
3112 1.6999
3113 0.0000
3114 1.0642
3115 7.0690
3116 4.1640
3117 2.0467
3118 3.5394
3119 3.8949
3120 0.0000
3121 2.6214
3122 1.3877
3123 7.5009
3124 5.7133
3125 13.0291
3126 0.8495
3127 4.4279
3128 7.0306
3129 3.5179
3130 3.4394
3131 10.1542
3132 5.4663
3133 -0.0380
3134 10.2015
3135 0.0000
3136 10.6587
3137 -0.4557
3138 4.9284
3139 10.1226
3140 2.8782
3141 0.9843
3142 -3.0619
3143 9.7570
3144 0.0000
3145 5.0978
3146 3.6943
3147 3.7069
3148 8.1539
3149 3.4624
3150 7.6693
3151 0.0000
3152 1.5256
3153 2.0711
3154 2.1093
3155 0.0000
3156 1.5473
3157 4.3058
3158 3.8169
3159 5.6501
3160 -14.0796
3161 5.9560
3162 0.6288
3163 3.8065
3164 0.0000
3165 5.9894
3166 11.7462
3167 8.8679
3168 2.9645
3169 12.5410
3170 -2.8220
3171 0.0000
3172 -9.7783
3173 2.4752
3174 1.7956
3175 0.0000
3176 -0.0703
3177 -3.9425
3178 1.5025
3179 1.0754
3180 1.1049
3181 12.4492
3182 4.7455
3183 -2.2366
3184 0.0000
3185 4.6047
3186 5.1641
3187 2.9577
3188 -2.8444
3189 -1.6978
3190 1.4778
3191 0.0000
3192 -3.9944
3193 2.3716
3194 8.3419
3195 0.0000
3196 -1.4300
3197 0.6406
3198 8.9324
3199 14.1985
3200 -1.8346
3201 9.0372
3202 12.9165
3203 3.3952
3204 0.0000
3205 7.6201
3206 9.3983
3207 5.6746
3208 6.4527
3209 7.5850
3210 8.4496
3211 0.0000
3212 2.2712
3213 7.0631
3214 5.5770
3215 7.7045
3216 0.8203
3217 8.6971
3218 8.7359
3219 10.0120
3220 4.9415
3221 8.6396
3222 14.4740
3223 3.5559
3224 1.8176
3225 -0.2205
3226 0.0000
3227 1.1506
3228 2.4800
3229 -0.9999
3230 20.8479
3231 3.5988
3232 6.9424
3233 1.7246
3234 0.6383
3235 0.0000
3236 1.9822
3237 6.7119
3238 8.6514
3239 7.4275
3240 10.3096
3241 2.4972
3242 0.0000
3243 6.7954
3244 -2.1565
3245 3.8841
3246 0.0000
3247 6.6245
3248 -2.1799
3249 3.8016
3250 4.8413
3251 -1.0642
3252 -1.9797
3253 6.1898
3254 -2.6693
3255 0.0000
3256 6.9280
3257 -0.8889
3258 0.9652
3259 5.3648
3260 -0.3248
3261 -0.9210
3262 0.0000
3263 1.5452
3264 -0.8590
3265 4.0237
3266 0.0000
3267 3.8464
3268 -0.3631
3269 2.1780
3270 4.8841
3271 -2.2790
3272 2.4882
3273 5.1488
3274 1.9238
3275 0.0000
3276 3.2396
3277 0.1227
3278 10.8596
3279 5.8788
3280 7.1680
3281 -6.3474
3282 0.0000
3283 2.9402
3284 8.2424
3285 4.4952
3286 0.0000
3287 -2.9269
3288 0.3664
3289 3.4734
3290 3.3644
3291 -2.3680
3292 -2.4981
3293 1.1648
3294 0.2171
3295 0.0000
3296 4.7960
3297 14.6900
3298 5.0682
3299 9.3532
3300 2.2871
3301 2.4415
3302 0.0000
3303 2.3218
3304 0.0000
3305 5.4614
3306 0.0000
3307 -1.1690
3308 1.5229
3309 4.7882
3310 -6.4809
3311 5.6651
3312 9.0674
3313 5.3864
3314 6.4242
3315 0.0000
3316 -4.5173
3317 5.2992
3318 5.5806
3319 2.9261
3320 4.1913
3321 9.5383
3322 0.0000
3323 0.4653
3324 6.3482
3325 6.4602
3326 1.0991
3327 7.6802
3328 2.6538
3329 0.0000
3330 -0.8242
3331 9.2674
3332 7.4122
3333 3.2212
3334 4.4068
3335 8.4059
3336 0.0000
3337 7.3764
3338 -5.0021
3339 4.6265
3340 -4.9139
3341 3.9399
3342 2.1064
3343 0.0000
3344 2.6164
3345 6.9356
3346 2.9257
3347 8.2974
3348 3.2575
3349 -0.8617
3350 0.0000
3351 2.8376
3352 1.7764
3353 8.2809
3354 13.5498
3355 4.9670
3356 4.5543
3357 0.0000
3358 -3.6850
3359 8.2367
3360 -2.4350
3361 8.8821
3362 7.5441
3363 -4.1081
3364 0.0000
3365 -4.5094
3366 8.2343
3367 -1.6931
3368 -2.1904
3369 9.8609
3370 9.8969
3371 0.0000
3372 -2.3818
3373 4.1109
3374 0.5585
3375 12.6580
3376 3.1942
3377 2.8101
3378 0.0000
3379 -1.1447
3380 6.6795
3381 2.7741
3382 6.4927
3383 5.1635
3384 8.6125
3385 0.0000
3386 1.2749
3387 5.2053
3388 7.3830
3389 -0.1748
3390 0.5354
3391 4.4110
3392 0.0000
3393 1.2435
3394 2.9709
3395 6.5036
3396 4.3012
3397 6.1736
3398 1.4924
3399 0.0000
3400 11.4548
3401 -0.0815
3402 2.6195
3403 11.7740
3404 8.4915
3405 7.6578
3406 0.0000
3407 -5.3307
3408 -4.7295
3409 0.7246
3410 5.8569
3411 1.9120
3412 8.6547
3413 0.0000
3414 2.8540
3415 7.0111
3416 5.9279
3417 -2.5970
3418 0.5700
3419 11.5489
3420 0.0000
3421 -3.0045
3422 0.0000
3423 4.8813
3424 0.0000
3425 6.8012
3426 0.0000
3427 2.4318
3428 8.1978
3429 0.0000
3430 1.2743
3431 10.9503
3432 6.1826
3433 -2.0176
3434 0.0000
3435 3.6839
3436 1.6990
3437 4.1765
3438 0.0000
3439 4.6084
3440 14.1086
3441 -5.3505
3442 0.0000
3443 5.9872
3444 3.7767
3445 3.8737
3446 -0.8488
3447 13.3620
3448 2.3662
3449 -3.2153
3450 -5.6942
3451 0.9663
3452 0.0000
3453 -0.5710
3454 0.2470
3455 1.2508
3456 6.2884
3457 6.1408
3458 8.5465
3459 0.0000
3460 1.4648
3461 5.2923
3462 -0.7389
3463 4.5737
3464 4.1318
3465 -1.6582
3466 0.0000
3467 -1.5976
3468 7.7336
3469 3.6607
3470 4.4604
3471 0.1865
3472 8.1458
3473 0.0000
3474 -6.9662
3475 1.0641
3476 2.0832
3477 6.5583
3478 7.8452
3479 -3.1598
3480 0.0000
3481 -3.0127
3482 4.7159
3483 12.3567
3484 3.4881
3485 6.0002
3486 6.2663
3487 0.0000
3488 -3.9924
3489 5.6841
3490 5.0522
3491 7.9080
3492 9.4040
3493 2.1289
3494 0.0000
3495 1.3503
3496 0.2241
3497 6.6292
3498 8.5026
3499 7.7494
3500 3.8982
3501 0.0000
3502 5.4563
3503 6.1723
3504 4.0927
3505 3.0927
3506 1.6820
3507 0.4837
3508 0.0000
3509 -0.8320
3510 1.3036
3511 8.3708
3512 4.4286
3513 2.9999
3514 7.0454
3515 0.0000
3516 8.2367
3517 8.7840
3518 0.0555
3519 9.2980
3520 -2.9516
3521 3.1923
3522 0.0000
3523 1.4757
3524 -0.7445
3525 8.0658
3526 7.9016
3527 1.8630
3528 1.5530
3529 0.0000
3530 2.3929
3531 2.0196
3532 0.0000
3533 5.2534
3534 5.2135
3535 2.9454
3536 2.9476
3537 -3.3165
3538 -1.3275
3539 2.4824
3540 4.2527
3541 0.0000
3542 2.2769
3543 -6.8937
3544 0.0000
3545 -0.8917
3546 0.0000
3547 7.8784
3548 0.0000
3549 3.5457
3550 2.9424
3551 0.0000
3552 9.2875
3553 -0.4249
3554 0.0000
3555 5.8654
3556 4.4894
3557 2.9635
3558 0.0000
3559 6.1485
3560 6.4528
3561 0.0000
3562 8.6068
3563 12.4513
3564 8.3568
3565 0.0000
3566 -2.0476
3567 0.5547
3568 0.0000
3569 7.5429
3570 3.6436
3571 5.0048
3572 0.0000
3573 4.1350
3574 4.9928
3575 0.0000
3576 8.3407
3577 7.7271
3578 2.5927
3579 0.0000
3580 2.7410
3581 0.9760
3582 0.0000
3583 6.6623
3584 8.1969
3585 6.8483
3586 0.0000
3587 0.9285
3588 12.0892
3589 0.0000
3590 2.3297
3591 7.7653
3592 4.2908
3593 0.0000
3594 1.7295
3595 0.3739
3596 0.0000
3597 4.9355
3598 5.5402
3599 6.5451
3600 0.0000
3601 -4.2525
3602 4.1443
3603 0.0000
3604 -0.4306
3605 4.1351
3606 -4.7922
3607 0.0000
3608 2.1621
3609 -0.6663
3610 0.0000
3611 0.4847
3612 3.1651
3613 2.0782
3614 0.0000
3615 1.1295
3616 -0.0930
3617 0.0000
3618 -0.3802
3619 4.1665
3620 -0.4670
3621 0.0000
3622 -1.3316
3623 10.4494
3624 0.0000
3625 -1.2533
3626 -0.5643
3627 0.5059
3628 0.0000
3629 5.0182
3630 0.9098
3631 0.0000
3632 5.1513
3633 3.3890
3634 1.3574
3635 0.0000
3636 -1.7661
3637 1.2988
3638 0.0000
3639 6.3754
3640 5.1748
3641 2.1426
3642 0.0000
3643 10.1556
3644 3.6235
3645 0.0000
3646 15.0435
3647 3.0595
3648 3.4912
3649 0.0000
3650 6.3352
3651 1.9960
3652 0.0000
3653 4.9734
3654 -3.8014
3655 -3.7671
3656 0.0000
3657 -2.2974
3658 1.9841
3659 0.0000
3660 4.7904
3661 -2.0165
3662 -0.2251
3663 0.0000
3664 -7.8898
3665 0.0000
3666 2.9528
3667 0.0000
3668 1.5452
3669 0.9341
3670 0.0000
3671 0.8998
3672 0.0000
3673 5.5336
3674 0.0000
3675 5.2480
3676 2.4185
3677 0.6548
3678 0.0000
3679 7.3924
3680 1.4553
3681 -3.7278
3682 0.0000
3683 10.1174
3684 4.8775
3685 7.0717
3686 0.0000
3687 7.8944
3688 0.0000
3689 8.8799
3690 0.0000
3691 3.7917
3692 11.1099
3693 0.0000
3694 0.6701
3695 0.0000
3696 5.0500
3697 -6.7925
3698 2.9005
3699 6.4031
3700 12.6684
3701 8.7636
3702 3.1966
3703 1.5330
3704 3.1297
3705 3.4608
3706 2.0297
3707 -1.6790
3708 9.6791
3709 -0.2604
3710 7.5678
3711 2.5023
3712 0.0000
3713 4.6975
3714 3.0344
3715 0.7637
3716 0.6366
3717 -1.1606
3718 10.1177
3719 8.4074
3720 5.0845
3721 0.0000
3722 7.6421
3723 1.8229
3724 6.4710
3725 0.4688
3726 -4.5778
3727 1.2307
3728 0.0000
3729 -7.6575
3730 -2.2916
3731 -0.5254
3732 0.0000
3733 8.3452
3734 1.8213
3735 5.2942
3736 1.8029
3737 -7.5083
3738 1.3126
3739 7.0535
3740 2.9164
3741 0.0000
3742 9.1618
3743 0.2313
3744 -2.5614
3745 6.7206
3746 2.7044
3747 4.7079
3748 0.0000
3749 0.6434
3750 -5.9257
3751 6.8795
3752 0.0000
3753 6.6693
3754 2.2680
3755 8.8336
3756 9.5952
3757 -2.3338
3758 7.3157
3759 5.8794
3760 7.6917
3761 0.0000
3762 14.3421
3763 -3.3872
3764 -0.4605
3765 -3.4998
3766 4.8228
3767 1.0725
3768 0.0000
3769 5.3126
3770 6.4286
3771 12.2622
3772 0.0000
3773 -0.5188
3774 -4.6662
3775 13.6877
3776 0.8555
3777 0.8776
3778 2.7470
3779 -1.1871
3780 2.1874
3781 0.0000
3782 8.6497
3783 8.3218
3784 5.3469
3785 4.7322
3786 2.4974
3787 9.4878
3788 0.0000
3789 4.2493
3790 8.5338
3791 -2.8199
3792 5.9983
3793 5.3150
3794 6.4346
3795 -0.1895
3796 4.2184
3797 9.3805
3798 6.1921
3799 6.7203
3800 -1.4053
3801 2.8734
3802 5.6259
3803 0.0000
3804 5.0857
3805 -2.1391
3806 6.8681
3807 5.1092
3808 1.5378
3809 -5.4939
3810 3.6250
3811 -1.6498
3812 0.0000
3813 0.6868
3814 -0.7382
3815 -2.3622
3816 0.9232
3817 3.4515
3818 5.4439
3819 0.0000
3820 5.4684
3821 4.7632
3822 11.0430
3823 0.0000
3824 9.7181
3825 4.3853
3826 3.6648
3827 7.9205
3828 3.3142
3829 10.1224
3830 12.7759
3831 -5.3681
3832 0.0000
3833 -1.5255
3834 8.2638
3835 1.9605
3836 3.8212
3837 8.2119
3838 -0.3508
3839 0.0000
3840 3.6758
3841 1.1013
3842 4.2531
3843 0.0000
3844 5.5669
3845 -3.5900
3846 4.3448
3847 6.1050
3848 2.1071
3849 6.6322
3850 10.5913
3851 12.1268
3852 0.0000
3853 5.9434
3854 -5.0384
3855 2.5440
3856 1.4923
3857 4.4197
3858 10.9848
3859 0.0000
3860 1.3129
3861 4.4737
3862 4.0126
3863 0.0000
3864 2.8836
3865 2.6704
3866 4.2650
3867 -2.7179
3868 -0.3734
3869 -0.0428
3870 0.5122
3871 -3.4686
3872 0.0000
3873 5.0129
3874 2.0143
3875 11.0627
3876 6.0498
3877 4.9231
3878 6.7074
3879 0.0000
3880 4.1744
3881 8.0362
3882 0.3114
3883 2.3425
3884 -5.7201
3885 -6.4915
3886 5.4198
3887 4.4101
3888 -3.2421
3889 7.2036
3890 1.1768
3891 -3.8437
3892 8.2370
3893 4.0587
3894 0.0000
3895 3.7957
3896 10.1157
3897 8.6001
3898 6.5111
3899 0.9011
3900 9.4724
3901 8.8390
3902 6.2805
3903 0.0000
3904 12.2354
3905 1.4240
3906 7.6697
3907 4.9505
3908 -0.8415
3909 6.1655
3910 0.0000
3911 -1.7865
3912 6.4735
3913 6.5091
3914 0.0000
3915 -3.6841
3916 -5.9177
3917 9.7468
3918 9.1644
3919 0.6069
3920 8.6675
3921 2.7094
3922 6.6487
3923 0.0000
3924 5.5519
3925 -3.9333
3926 -4.7953
3927 4.3151
3928 9.9917
3929 1.6716
3930 0.0000
3931 -0.4760
3932 -3.1600
3933 7.9987
3934 0.0000
3935 3.1050
3936 2.7841
3937 4.6491
3938 -0.9168
3939 -1.1211
3940 -4.8469
3941 0.9538
3942 -1.7285
3943 0.0000
3944 11.0796
3945 6.8441
3946 2.2283
3947 9.2355
3948 8.0015
3949 3.9628
3950 0.0000
3951 -5.2814
3952 3.0016
3953 1.6701
3954 0.0000
3955 4.0363
3956 -2.0291
3957 2.0119
3958 0.3545
3959 0.3124
3960 -2.6391
3961 -0.0617
3962 1.9913
3963 0.0000
3964 -1.1552
3965 0.3408
3966 0.8891
3967 -1.9683
3968 8.6640
3969 6.5371
3970 0.0000
3971 0.5615
3972 5.4981
3973 6.6963
3974 8.3888
3975 -0.2482
3976 1.5145
3977 7.9535
3978 9.5711
3979 4.9364
3980 12.2416
3981 3.3646
3982 1.9711
3983 12.2082
3984 5.6644
3985 0.0000
3986 9.7695
3987 10.7871
3988 5.5887
3989 9.3159
3990 1.0492
3991 -3.2295
3992 -2.1523
3993 3.7059
3994 0.0000
3995 -9.2600
3996 -0.5529
3997 6.8401
3998 -2.4327
3999 2.8251
4000 3.7704
4001 0.0000
4002 -2.8583
4003 0.7994
4004 4.0238
4005 0.0000
4006 7.8188
4007 -3.9467
4008 7.2387
4009 2.2227
4010 2.9007
4011 -1.1539
4012 6.2994
4013 3.1225
4014 0.0000
4015 -8.5226
4016 -0.6063
4017 0.6252
4018 9.3882
4019 5.9107
4020 13.9450
4021 0.0000
4022 -2.4648
4023 11.6926
4024 6.2406
4025 0.0000
4026 4.8680
4027 6.2309
4028 -2.6920
4029 -0.9032
4030 -5.8447
4031 4.7014
4032 10.1358
4033 8.6811
4034 0.0000
4035 5.6909
4036 3.9490
4037 3.9938
4038 9.0989
4039 9.6798
4040 4.5625
4041 0.0000
4042 1.7862
4043 0.1486
4044 2.8972
4045 0.0000
4046 0.0154
4047 3.3141
4048 7.8599
4049 -2.4808
4050 6.0341
4051 9.2418
4052 -1.4428
4053 0.2689
4054 0.0000
4055 2.8837
4056 7.2343
4057 8.7153
4058 7.0127
4059 -2.0852
4060 10.2156
4061 0.0000
4062 3.0976
4063 0.0000
4064 6.0380
4065 0.0000
4066 6.0104
4067 -4.3252
4068 3.5162
4069 12.0872
4070 8.9233
4071 9.5828
4072 0.5513
4073 -3.8028
4074 0.0000
4075 -4.0808
4076 5.0702
4077 8.6490
4078 3.4965
4079 -3.4855
4080 3.0012
4081 0.0000
4082 5.3546
4083 -1.7622
4084 6.1949
4085 7.2699
4086 5.8333
4087 3.0441
4088 0.0000
4089 0.1473
4090 14.5493
4091 -2.7904
4092 5.1299
4093 8.3322
4094 0.0882
4095 0.0000
4096 1.5451
4097 8.2505
4098 8.4402
4099 -1.6517
4100 3.9943
4101 -0.0803
4102 0.0000
4103 1.7496
4104 10.3738
4105 5.4907
4106 0.9540
4107 -3.9565
4108 0.8874
4109 0.0000
4110 3.2656
4111 0.9504
4112 4.6447
4113 8.2203
4114 4.3572
4115 0.8141
4116 0.0000
4117 5.9969
4118 4.9201
4119 6.1002
4120 3.4881
4121 0.7892
4122 -1.3363
4123 0.0000
4124 -3.7165
4125 8.0502
4126 3.4366
4127 6.7373
4128 5.3655
4129 1.4441
4130 0.0000
4131 -0.7287
4132 3.2562
4133 5.5273
4134 7.7592
4135 2.2491
4136 0.5648
4137 0.0000
4138 7.3185
4139 0.0180
4140 4.9980
4141 4.9088
4142 -2.8467
4143 8.4248
4144 0.0000
4145 0.8131
4146 6.7795
4147 5.0035
4148 0.6570
4149 1.8516
4150 3.0595
4151 0.0000
4152 -0.0841
4153 6.7999
4154 4.0241
4155 2.7827
4156 3.4063
4157 4.2906
4158 0.0000
4159 -2.4734
4160 11.4571
4161 -1.0402
4162 8.1222
4163 7.7977
4164 4.2091
4165 0.0000
4166 2.7319
4167 7.1617
4168 1.1365
4169 2.2261
4170 6.2848
4171 -0.2447
4172 0.0000
4173 -9.4919
4174 1.2658
4175 6.5695
4176 -2.5750
4177 7.9314
4178 3.8202
4179 0.0000
4180 2.9501
4181 0.0000
4182 6.2629
4183 0.0000
4184 1.5402
4185 0.0000
4186 7.6114
4187 7.5202
4188 0.0000
4189 4.0130
4190 4.6951
4191 1.4601
4192 3.0837
4193 0.0000
4194 3.7264
4195 6.3711
4196 3.5834
4197 0.0000
4198 7.1259
4199 6.5387
4200 5.4862
4201 0.0000
4202 0.6051
4203 1.9312
4204 -0.7897
4205 -7.7255
4206 2.1427
4207 1.8902
4208 -6.2150
4209 1.3419
4210 2.1074
4211 0.0000
4212 3.3459
4213 -0.5818
4214 -0.6655
4215 4.2696
4216 7.1876
4217 -2.7051
4218 0.0000
4219 0.4055
4220 6.8676
4221 3.3713
4222 3.4728
4223 1.5518
4224 0.0560
4225 0.0000
4226 3.9889
4227 5.1678
4228 1.0960
4229 8.0860
4230 -1.9080
4231 1.7997
4232 0.0000
4233 4.0524
4234 6.6464
4235 12.3082
4236 8.1204
4237 -3.3811
4238 2.1738
4239 0.0000
4240 0.1738
4241 0.4581
4242 5.1378
4243 6.6131
4244 5.2133
4245 9.6738
4246 0.0000
4247 5.5788
4248 2.5775
4249 6.5280
4250 7.5165
4251 6.6571
4252 0.2126
4253 0.0000
4254 6.8059
4255 11.4255
4256 2.1371
4257 -1.7440
4258 0.2757
4259 1.6755
4260 0.0000
4261 7.1087
4262 12.7083
4263 6.2071
4264 5.5347
4265 6.0915
4266 7.1791
4267 0.0000
4268 4.6848
4269 1.1867
4270 -2.6835
4271 1.5016
4272 5.7544
4273 7.6306
4274 0.0000
4275 5.5036
4276 11.5935
4277 4.0122
4278 0.1654
4279 6.4963
4280 7.9439
4281 0.0000
4282 4.6768
4283 3.1916
4284 10.7908
4285 8.1569
4286 -0.2722
4287 0.6757
4288 0.0000
4289 -8.7851
4290 2.9576
4291 0.0000
4292 0.3568
4293 -5.6252
4294 -0.9267
4295 4.1705
4296 -0.3285
4297 5.3277
4298 2.7038
4299 -3.0278
4300 0.0000
4301 8.9386
4302 1.1585
4303 0.0000
4304 3.3751
4305 0.0000
4306 -0.9674
4307 0.0000
4308 -4.7862
4309 2.3028
4310 0.0000
4311 -1.2460
4312 0.0785
4313 0.0000
4314 10.4387
4315 7.6394
4316 1.7530
4317 0.0000
4318 5.8518
4319 5.4057
4320 0.0000
4321 4.6768
4322 3.9169
4323 2.6618
4324 0.0000
4325 -2.9068
4326 2.9913
4327 0.0000
4328 1.1332
4329 4.6260
4330 7.7419
4331 0.0000
4332 -2.2388
4333 6.6915
4334 0.0000
4335 2.2896
4336 1.4086
4337 10.6943
4338 0.0000
4339 0.0639
4340 9.3449
4341 0.0000
4342 -0.9970
4343 1.9007
4344 -1.7628
4345 0.0000
4346 1.1421
4347 3.2815
4348 0.0000
4349 5.0560
4350 9.1390
4351 7.3789
4352 0.0000
4353 -2.6596
4354 1.8908
4355 0.0000
4356 8.5703
4357 1.8678
4358 4.8041
4359 0.0000
4360 -7.2077
4361 -3.7308
4362 0.0000
4363 2.6420
4364 7.2599
4365 -3.4446
4366 0.0000
4367 5.3567
4368 7.4022
4369 0.0000
4370 10.8944
4371 7.0468
4372 8.8152
4373 0.0000
4374 6.6860
4375 2.3360
4376 0.0000
4377 -0.3503
4378 4.5269
4379 8.7140
4380 0.0000
4381 5.5535
4382 6.7755
4383 0.0000
4384 2.2382
4385 7.5216
4386 3.7793
4387 0.0000
4388 -4.0967
4389 -0.2722
4390 0.0000
4391 -0.3935
4392 -0.3280
4393 3.6807
4394 0.0000
4395 2.8720
4396 2.5014
4397 0.0000
4398 10.4369
4399 1.5062
4400 9.2729
4401 0.0000
4402 7.1979
4403 2.0455
4404 0.0000
4405 7.3751
4406 -1.6572
4407 6.3294
4408 0.0000
4409 -4.3420
4410 -0.4587
4411 0.0000
4412 0.7369
4413 9.5333
4414 15.4369
4415 0.0000
4416 -7.7816
4417 -5.5989
4418 0.0000
4419 0.8408
4420 3.1024
4421 3.1933
4422 0.0000
4423 -2.8103
4424 0.0000
4425 -4.8708
4426 0.0000
4427 2.9465
4428 5.2765
4429 0.0000
4430 10.4365
4431 0.0000
4432 9.2117
4433 0.0000
4434 8.2744
4435 0.0984
4436 13.1029
4437 0.0000
4438 14.5700
4439 -0.5303
4440 3.1365
4441 0.0000
4442 13.5540
4443 3.3542
4444 2.3401
4445 0.0000
4446 5.3585
4447 0.0000
4448 2.7515
4449 0.0000
4450 0.5644
4451 -3.3067
4452 0.0000
4453 6.7274
4454 0.0000
4455 -0.8507
4456 -0.9310
4457 4.8812
4458 7.0905
4459 7.9684
4460 -8.2380
4461 2.9332
4462 8.3936
4463 2.9332
4464 3.3597
4465 5.3659
4466 3.3328
4467 0.4289
4468 -5.0139
4469 4.1557
4470 6.0806
4471 0.0000
4472 3.0255
4473 -0.1124
4474 0.5120
4475 5.2129
4476 -1.6627
4477 -3.3934
4478 -2.5394
4479 3.2477
4480 0.0000
4481 9.8451
4482 7.7782
4483 8.8030
4484 5.4714
4485 -4.9141
4486 11.3242
4487 0.0000
4488 -1.8965
4489 5.5054
4490 -0.7509
4491 0.0000
4492 2.6934
4493 -2.0350
4494 -2.4052
4495 -1.2702
4496 3.5832
4497 3.8665
4498 -3.4684
4499 -1.2933
4500 0.0000
4501 10.5630
4502 0.1548
4503 3.0486
4504 6.4335
4505 6.5244
4506 -0.7280
4507 0.0000
4508 3.8056
4509 4.9842
4510 -0.5712
4511 0.0000
4512 3.5600
4513 4.8926
4514 5.2905
4515 2.4876
4516 -1.2439
4517 8.4021
4518 6.7769
4519 -2.6673
4520 0.0000
4521 6.2059
4522 3.9549
4523 5.4181
4524 -3.5882
4525 6.4865
4526 6.9651
4527 0.0000
4528 0.0630
4529 5.9740
4530 5.6398
4531 0.0000
4532 12.4258
4533 7.1058
4534 -0.0712
4535 4.4711
4536 -0.6794
4537 6.1513
4538 5.9360
4539 0.4627
4540 0.0000
4541 8.6938
4542 8.0807
4543 -2.3118
4544 -0.5793
4545 6.1946
4546 6.8793
4547 0.0000
4548 0.3478
4549 3.5764
4550 -6.2150
4551 6.7601
4552 8.0463
4553 5.0208
4554 2.9962
4555 5.0613
4556 4.1331
4557 11.1314
4558 3.2974
4559 10.6571
4560 -4.7546
4561 9.5394
4562 0.0000
4563 3.3805
4564 -6.5429
4565 12.1214
4566 12.4635
4567 1.3218
4568 12.7205
4569 0.5614
4570 4.5080
4571 0.0000
4572 14.7553
4573 1.5883
4574 9.7470
4575 0.9164
4576 -3.3978
4577 6.6156
4578 0.0000
4579 1.9769
4580 0.5963
4581 0.5145
4582 0.0000
4583 6.7999
4584 4.1015
4585 3.8003
4586 9.1950
4587 -6.3590
4588 7.4907
4589 3.9148
4590 13.7168
4591 0.0000
4592 4.7769
4593 7.2770
4594 -0.8168
4595 -0.9696
4596 6.3366
4597 8.8616
4598 0.0000
4599 -1.1181
4600 2.5636
4601 6.7713
4602 0.0000
4603 7.0899
4604 2.5843
4605 8.0379
4606 4.6615
4607 4.8701
4608 1.8458
4609 1.6253
4610 7.1928
4611 0.0000
4612 0.4311
4613 4.3937
4614 5.6517
4615 -2.2530
4616 11.6305
4617 3.2918
4618 0.0000
4619 5.5372
4620 2.0415
4621 2.2034
4622 0.0000
4623 4.0324
4624 0.5791
4625 1.6648
4626 1.7281
4627 4.1011
4628 13.1915
4629 0.4529
4630 1.0627
4631 0.0000
4632 7.5995
4633 6.9366
4634 17.8011
4635 11.2813
4636 7.8827
4637 5.0180
4638 0.0000
4639 3.4181
4640 0.7567
4641 9.7071
4642 3.3689
4643 4.4809
4644 -4.8672
4645 7.3449
4646 5.3753
4647 2.5589
4648 0.4341
4649 0.0623
4650 0.3524
4651 4.0842
4652 4.4485
4653 0.0000
4654 4.5359
4655 -1.9611
4656 4.3373
4657 7.0343
4658 5.3704
4659 -1.2553
4660 -3.2967
4661 -1.0231
4662 0.0000
4663 1.3249
4664 5.5757
4665 7.3254
4666 9.2372
4667 3.0924
4668 3.8196
4669 0.0000
4670 -0.4553
4671 -1.6349
4672 2.4612
4673 0.0000
4674 5.2943
4675 1.6826
4676 3.2558
4677 -0.0143
4678 -3.5997
4679 1.4004
4680 3.1774
4681 0.8185
4682 0.0000
4683 4.8804
4684 8.1090
4685 2.9602
4686 -1.0915
4687 -1.8242
4688 10.3035
4689 0.0000
4690 3.6409
4691 4.0789
4692 4.8419
4693 0.0000
4694 7.6534
4695 6.1024
4696 2.6337
4697 4.0351
4698 3.5965
4699 1.5747
4700 -2.8099
4701 7.1962
4702 0.0000
4703 11.2155
4704 10.7385
4705 6.6327
4706 2.0279
4707 1.0279
4708 3.3251
4709 0.0000
4710 3.3084
4711 2.1910
4712 -0.8045
4713 0.0000
4714 7.6983
4715 0.8415
4716 2.6119
4717 4.5781
4718 5.5684
4719 -2.7166
4720 -5.3055
4721 -7.7113
4722 0.0000
4723 3.0408
4724 2.7649
4725 4.4258
4726 1.1304
4727 2.2175
4728 3.2104
4729 0.0000
4730 1.5521
4731 0.8037
4732 -4.9092
4733 -1.6933
4734 6.9885
4735 5.3285
4736 1.5187
4737 -3.0654
4738 1.2660
4739 8.3009
4740 4.1852
4741 -2.6024
4742 -7.3889
4743 0.8145
4744 0.0000
4745 -2.6472
4746 6.1913
4747 1.9913
4748 1.9156
4749 0.5464
4750 -5.5801
4751 6.8688
4752 7.0040
4753 0.0000
4754 3.1165
4755 4.2759
4756 9.2412
4757 -0.9441
4758 -0.4593
4759 -0.8468
4760 0.0000
4761 -1.9731
4762 10.4784
4763 10.1250
4764 0.0000
4765 3.3842
4766 3.2209
4767 6.1112
4768 5.7256
4769 -2.1773
4770 6.9854
4771 4.0602
4772 -0.7336
4773 0.0000
4774 3.0311
4775 13.7969
4776 9.0914
4777 7.8299
4778 -2.0424
4779 9.6159
4780 0.0000
4781 7.1843
4782 7.0241
4783 -3.0345
4784 0.0000
4785 12.2076
4786 -3.1086
4787 9.1044
4788 -4.8648
4789 2.8485
4790 -0.8133
4791 -2.3924
4792 5.5785
4793 0.0000
4794 7.1009
4795 -1.0008
4796 8.1477
4797 5.9507
4798 6.4080
4799 0.1939
4800 0.0000
4801 -0.9621
4802 4.4863
4803 6.7109
4804 0.0000
4805 2.3903
4806 -3.8416
4807 4.0048
4808 6.5440
4809 4.9913
4810 7.6281
4811 0.6432
4812 10.2433
4813 0.0000
4814 5.8978
4815 3.3849
4816 5.1724
4817 1.9357
4818 4.8837
4819 1.4783
4820 0.0000
4821 1.1915
4822 0.0000
4823 0.0717
4824 0.0000
4825 2.1530
4826 -5.1891
4827 -2.1990
4828 5.1955
4829 8.8678
4830 8.6722
4831 -3.6653
4832 5.6571
4833 0.0000
4834 2.7036
4835 2.8193
4836 6.3295
4837 9.2854
4838 -0.6753
4839 5.1966
4840 0.0000
4841 -0.5091
4842 3.3388
4843 -0.5072
4844 0.9448
4845 1.7694
4846 9.6821
4847 0.0000
4848 -2.0248
4849 -2.7319
4850 0.7039
4851 0.9068
4852 3.3420
4853 7.7090
4854 0.0000
4855 -4.0617
4856 -1.8423
4857 6.0933
4858 1.3195
4859 7.1065
4860 3.4831
4861 0.0000
4862 -1.6309
4863 6.8940
4864 1.5496
4865 -0.7654
4866 8.3054
4867 8.4391
4868 0.0000
4869 -4.6373
4870 6.0317
4871 -0.1292
4872 0.6861
4873 0.5387
4874 -2.1533
4875 0.0000
4876 -10.2996
4877 1.9405
4878 7.9866
4879 6.9319
4880 1.7704
4881 -6.1375
4882 0.0000
4883 3.2927
4884 10.1148
4885 -1.0564
4886 4.7902
4887 4.2657
4888 8.1492
4889 0.0000
4890 1.2212
4891 5.8340
4892 3.8569
4893 -1.5582
4894 2.2495
4895 5.5213
4896 0.0000
4897 -3.1140
4898 6.6264
4899 -0.3795
4900 3.5846
4901 7.3958
4902 1.5459
4903 0.0000
4904 6.5651
4905 -0.4339
4906 7.3124
4907 2.6009
4908 -2.4603
4909 6.6516
4910 0.0000
4911 3.7764
4912 6.2270
4913 0.9263
4914 4.8587
4915 13.2981
4916 0.5003
4917 0.0000
4918 -0.4483
4919 5.8329
4920 5.6981
4921 5.7633
4922 -2.3042
4923 3.4844
4924 0.0000
4925 -3.6339
4926 3.9935
4927 4.5959
4928 1.1452
4929 10.5782
4930 7.5333
4931 0.0000
4932 2.4649
4933 3.5853
4934 -2.1728
4935 3.5083
4936 -1.2269
4937 -1.6768
4938 0.0000
4939 -9.8669
4940 0.0000
4941 4.2925
4942 0.0000
4943 4.2413
4944 0.0000
4945 2.8348
4946 1.4495
4947 0.0000
4948 0.1304
4949 7.2645
4950 9.1056
4951 -5.6126
4952 0.0000
4953 3.7292
4954 3.6428
4955 7.3946
4956 0.0000
4957 0.6484
4958 4.8765
4959 -0.1860
4960 0.0000
4961 2.3845
4962 4.7223
4963 -4.3470
4964 2.3119
4965 4.5803
4966 3.5312
4967 4.5664
4968 -0.0245
4969 -2.5247
4970 0.0000
4971 4.5800
4972 0.2206
4973 8.2176
4974 3.3556
4975 -0.6814
4976 0.1665
4977 0.0000
4978 1.1194
4979 9.6450
4980 4.5850
4981 -3.8685
4982 4.0589
4983 8.8321
4984 0.0000
4985 -7.0370
4986 -0.1824
4987 8.8834
4988 0.4436
4989 0.0424
4990 -0.1441
4991 0.0000
4992 4.0732
4993 -6.5876
4994 4.6701
4995 2.1145
4996 -2.7384
4997 -3.3196
4998 0.0000
4999 1.4151
5000 -2.7783
5001 0.1253
5002 10.7552
5003 1.5724
5004 3.2115
5005 0.0000
5006 1.0753
5007 9.6478
5008 0.4370
5009 3.2985
5010 10.8557
5011 0.4984
5012 0.0000
5013 2.1126
5014 10.7700
5015 1.0812
5016 -1.1354
5017 1.8326
5018 3.4567
5019 0.0000
5020 -3.2805
5021 -2.3520
5022 7.0986
5023 0.5566
5024 6.6030
5025 8.0514
5026 0.0000
5027 0.9902
5028 0.1586
5029 0.4120
5030 4.7697
5031 4.4162
5032 6.7021
5033 0.0000
5034 5.5953
5035 8.7624
5036 3.1637
5037 2.1198
5038 2.2982
5039 2.3043
5040 0.0000
5041 1.2365
5042 1.8839
5043 1.5683
5044 5.1713
5045 -2.4812
5046 -0.4451
5047 0.0000
5048 1.0671
5049 6.8568
5050 0.0000
5051 8.2951
5052 -0.8449
5053 -0.9564
5054 3.3783
5055 -4.3912
5056 0.5167
5057 3.0644
5058 -7.7385
5059 0.0000
5060 14.2012
5061 -4.7365
5062 0.0000
5063 12.4244
5064 0.0000
5065 2.2701
5066 0.0000
5067 3.7497
5068 3.5010
5069 0.0000
5070 7.3795
5071 2.9667
5072 0.0000
5073 3.9353
5074 5.3781
5075 3.8360
5076 0.0000
5077 -3.3839
5078 10.8728
5079 0.0000
5080 6.4705
5081 1.3514
5082 3.4125
5083 0.0000
5084 2.7976
5085 0.6170
5086 0.0000
5087 2.3016
5088 2.7440
5089 5.8803
5090 0.0000
5091 -3.4793
5092 5.1030
5093 0.0000
5094 1.6721
5095 0.3807
5096 5.5056
5097 0.0000
5098 2.7435
5099 3.9404
5100 0.0000
5101 6.4515
5102 1.3822
5103 4.3692
5104 0.0000
5105 2.6584
5106 4.3760
5107 0.0000
5108 10.4635
5109 13.5268
5110 3.1612
5111 0.0000
5112 8.2214
5113 -1.0925
5114 0.0000
5115 -6.0261
5116 -5.8813
5117 2.8949
5118 0.0000
5119 -1.8170
5120 10.8370
5121 0.0000
5122 3.5235
5123 3.0078
5124 5.4666
5125 0.0000
5126 -1.1294
5127 -1.3140
5128 0.0000
5129 6.9714
5130 2.3013
5131 7.6744
5132 0.0000
5133 10.2367
5134 5.9390
5135 0.0000
5136 2.1750
5137 -3.8790
5138 6.9356
5139 0.0000
5140 1.5826
5141 1.6247
5142 0.0000
5143 -3.0593
5144 3.7979
5145 5.6975
5146 0.0000
5147 -1.3718
5148 3.0688
5149 0.0000
5150 9.3269
5151 5.1260
5152 8.0988
5153 0.0000
5154 7.1285
5155 5.1538
5156 0.0000
5157 -0.4457
5158 5.6510
5159 -0.6819
5160 0.0000
5161 2.0093
5162 4.2566
5163 0.0000
5164 5.5828
5165 12.7600
5166 2.5459
5167 0.0000
5168 0.1811
5169 -4.5835
5170 0.0000
5171 1.3375
5172 11.2642
5173 2.0697
5174 0.0000
5175 -4.2756
5176 7.1559
5177 0.0000
5178 6.3272
5179 1.2414
5180 -2.0181
5181 0.0000
5182 9.3151
5183 0.0000
5184 2.9512
5185 0.0000
5186 2.9823
5187 6.1090
5188 0.0000
5189 2.3242
5190 0.0000
5191 -1.7336
5192 0.0000
5193 13.9790
5194 5.0001
5195 4.5312
5196 0.0000
5197 -3.0919
5198 4.3084
5199 -1.0739
5200 0.0000
5201 5.9143
5202 -0.2148
5203 -0.2886
5204 0.0000
5205 10.0240
5206 0.0000
5207 8.0928
5208 0.0000
5209 -4.0815
5210 7.2336
5211 0.0000
5212 0.9292
5213 0.0000
5214 5.7192
5215 0.5014
5216 0.5818
5217 1.7382
5218 1.0973
5219 9.1042
5220 -0.7282
5221 6.2342
5222 3.6993
5223 -1.0236
5224 2.5562
5225 4.3002
5226 -6.0486
5227 -2.3171
5228 6.1957
5229 3.3522
5230 0.0000
5231 3.9752
5232 -3.2554
5233 6.1062
5234 5.6828
5235 -3.0901
5236 12.9166
5237 6.5186
5238 2.6287
5239 0.0000
5240 5.7431
5241 2.2078
5242 4.3593
5243 5.7890
5244 0.7848
5245 2.5552
5246 0.0000
5247 2.5629
5248 1.0890
5249 0.2347
5250 0.0000
5251 7.7726
5252 -7.3922
5253 10.2402
5254 4.1625
5255 -0.7045
5256 11.5642
5257 3.1757
5258 8.4617
5259 0.0000
5260 4.1700
5261 11.4607
5262 4.3117
5263 5.1856
5264 -0.7433
5265 8.5510
5266 0.0000
5267 3.9045
5268 10.4672
5269 12.2956
5270 0.0000
5271 -0.6416
5272 -0.8381
5273 3.6531
5274 7.4667
5275 1.0479
5276 -1.2223
5277 2.7948
5278 2.2901
5279 0.0000
5280 4.2494
5281 3.5963
5282 -1.2932
5283 8.9513
5284 4.6633
5285 0.3623
5286 0.0000
5287 -1.2085
5288 4.6528
5289 1.9781
5290 0.0000
5291 4.9227
5292 -4.6167
5293 8.2351
5294 2.9146
5295 9.8972
5296 14.7679
5297 8.1602
5298 7.4369
5299 0.0000
5300 6.2146
5301 0.0290
5302 12.2509
5303 0.2950
5304 -3.8950
5305 0.4018
5306 0.0000
5307 -1.8366
5308 8.5235
5309 0.3950
5310 6.8269
5311 5.3363
5312 4.7435
5313 5.7442
5314 2.3448
5315 4.1410
5316 6.7672
5317 0.0677
5318 -0.5159
5319 2.1274
5320 0.3924
5321 0.0000
5322 -3.5145
5323 -1.5199
5324 1.0005
5325 -1.9986
5326 -1.1376
5327 -8.3788
5328 -2.5500
5329 4.5499
5330 0.0000
5331 -2.2508
5332 3.4595
5333 1.9892
5334 4.7913
5335 1.0909
5336 7.4650
5337 0.0000
5338 -4.2739
5339 7.8111
5340 7.0417
5341 0.0000
5342 12.2050
5343 -2.2962
5344 -1.1725
5345 8.0476
5346 -9.0524
5347 6.4328
5348 1.4272
5349 12.6928
5350 0.0000
5351 10.5521
5352 -4.1125
5353 1.2113
5354 1.5569
5355 14.1722
5356 9.9776
5357 0.0000
5358 -0.8949
5359 -0.0240
5360 2.9902
5361 0.0000
5362 1.4376
5363 -5.5785
5364 6.1678
5365 4.2258
5366 -7.1988
5367 1.6478
5368 1.0776
5369 3.5728
5370 0.0000
5371 9.7106
5372 4.5936
5373 11.5815
5374 3.9791
5375 2.4661
5376 2.1658
5377 0.0000
5378 3.1299
5379 1.9494
5380 10.8749
5381 0.0000
5382 2.1970
5383 -3.1656
5384 9.3674
5385 1.2560
5386 -0.3657
5387 11.6928
5388 -0.0882
5389 6.4696
5390 0.0000
5391 9.7158
5392 12.1483
5393 3.5740
5394 5.2882
5395 5.0238
5396 4.1459
5397 0.0000
5398 5.5642
5399 5.7038
5400 -1.3940
5401 3.1792
5402 5.8935
5403 4.9359
5404 2.0916
5405 -2.3130
5406 1.9711
5407 3.6589
5408 -0.7545
5409 -0.8869
5410 3.9222
5411 6.4574
5412 0.0000
5413 3.1361
5414 -4.9906
5415 6.6194
5416 3.5795
5417 -4.7476
5418 9.8249
5419 6.0411
5420 3.1984
5421 0.0000
5422 1.2668
5423 -7.8264
5424 -2.0521
5425 2.0617
5426 3.0796
5427 -0.9545
5428 0.0000
5429 5.9629
5430 10.4273
5431 4.5772
5432 0.0000
5433 2.8384
5434 -2.3076
5435 2.0000
5436 0.3318
5437 0.0289
5438 4.0475
5439 1.1297
5440 11.9066
5441 0.0000
5442 6.1484
5443 7.7211
5444 7.6930
5445 2.0878
5446 5.3825
5447 6.4904
5448 0.0000
5449 3.5394
5450 2.9679
5451 7.2786
5452 0.0000
5453 1.2958
5454 -0.2504
5455 4.7545
5456 10.8367
5457 -1.6396
5458 6.5762
5459 5.2784
5460 4.3527
5461 0.0000
5462 6.2440
5463 -0.4287
5464 3.6508
5465 10.5504
5466 1.1765
5467 3.0182
5468 0.0000
5469 -5.6331
5470 1.2355
5471 7.4041
5472 0.0000
5473 6.1636
5474 -1.2026
5475 6.4585
5476 5.2316
5477 6.7150
5478 11.4079
5479 13.1703
5480 8.7301
5481 0.0000
5482 10.4194
5483 5.6714
5484 9.9389
5485 3.9429
5486 6.1175
5487 0.5190
5488 0.0000
5489 3.3899
5490 -6.3557
5491 9.6083
5492 11.0960
5493 2.8946
5494 2.5919
5495 12.7318
5496 -4.7677
5497 -2.8105
5498 7.2171
5499 6.4217
5500 4.9293
5501 1.1685
5502 5.9136
5503 0.0000
5504 5.0717
5505 0.6730
5506 10.7042
5507 7.2054
5508 -4.2861
5509 3.9825
5510 3.0141
5511 0.9487
5512 0.0000
5513 13.9004
5514 1.4804
5515 3.0366
5516 3.0760
5517 6.1055
5518 5.7175
5519 0.0000
5520 -0.0370
5521 4.8514
5522 4.8346
5523 0.0000
5524 -1.3079
5525 -0.4336
5526 5.4754
5527 3.2713
5528 -0.8194
5529 7.0619
5530 1.3466
5531 7.5139
5532 0.0000
5533 4.7055
5534 6.5538
5535 2.4288
5536 0.3229
5537 -3.4863
5538 1.7027
5539 0.0000
5540 2.8207
5541 2.9825
5542 3.4491
5543 0.0000
5544 5.1064
5545 -4.1713
5546 5.2773
5547 10.7496
5548 -6.8094
5549 6.1860
5550 4.0862
5551 -1.5931
5552 0.0000
5553 -5.7699
5554 7.0556
5555 3.2340
5556 7.1146
5557 10.1676
5558 4.9763
5559 0.0000
5560 0.0333
5561 0.4522
5562 12.0893
5563 0.0000
5564 4.3481
5565 3.2862
5566 4.7982
5567 0.3276
5568 -0.2154
5569 8.8273
5570 12.6503
5571 4.5156
5572 0.0000
5573 7.7365
5574 5.9399
5575 5.5923
5576 8.9540
5577 1.2417
5578 -4.1785
5579 0.0000
5580 -2.2721
5581 0.0000
5582 2.7414
5583 0.0000
5584 7.3222
5585 -1.8076
5586 0.0727
5587 3.2779
5588 2.1777
5589 7.7890
5590 8.1149
5591 3.7144
5592 0.0000
5593 2.8978
5594 6.1230
5595 6.5107
5596 -1.3680
5597 3.3354
5598 -1.8600
5599 0.0000
5600 -7.9704
5601 9.5718
5602 8.5742
5603 1.0916
5604 6.4581
5605 2.3883
5606 0.0000
5607 -2.2575
5608 -1.5808
5609 5.8489
5610 1.9333
5611 10.9139
5612 8.2325
5613 0.0000
5614 5.5052
5615 2.5317
5616 -0.6290
5617 3.3117
5618 7.5277
5619 1.3144
5620 0.0000
5621 2.3722
5622 9.9592
5623 8.0253
5624 7.0281
5625 8.2886
5626 -1.1800
5627 0.0000
5628 1.9459
5629 8.2538
5630 0.9457
5631 2.6324
5632 -1.9311
5633 8.5069
5634 0.0000
5635 2.7507
5636 8.9536
5637 0.1136
5638 2.7090
5639 3.2441
5640 0.7258
5641 0.0000
5642 1.1683
5643 0.5823
5644 7.8049
5645 0.9819
5646 8.8887
5647 10.6954
5648 0.0000
5649 1.4195
5650 -2.9123
5651 -2.9106
5652 3.0730
5653 4.8114
5654 3.0798
5655 0.0000
5656 2.8133
5657 -0.1690
5658 0.2004
5659 8.2141
5660 -1.6974
5661 7.2293
5662 0.0000
5663 -5.7469
5664 12.1260
5665 2.9131
5666 2.8570
5667 11.6563
5668 -0.1480
5669 0.0000
5670 -0.2237
5671 4.8333
5672 1.0075
5673 4.3526
5674 6.0424
5675 0.2983
5676 0.0000
5677 -2.9509
5678 -0.5927
5679 -3.1517
5680 4.0891
5681 7.6733
5682 -3.8701
5683 0.0000
5684 4.3972
5685 1.8214
5686 6.8164
5687 4.7177
5688 10.5607
5689 -0.6426
5690 0.0000
5691 0.5003
5692 2.6588
5693 6.1424
5694 5.4548
5695 2.8349
5696 -2.4019
5697 0.0000
5698 -4.4226
5699 0.0000
5700 8.7530
5701 0.0000
5702 -3.3868
5703 0.0000
5704 9.8142
5705 -0.8830
5706 0.0000
5707 7.9707
5708 11.9744
5709 10.0079
5710 5.2803
5711 0.0000
5712 -3.4938
5713 -1.0368
5714 6.8301
5715 0.0000
5716 1.5035
5717 14.6137
5718 4.9901
5719 0.0000
5720 -1.2744
5721 1.7385
5722 -6.6332
5723 -1.7819
5724 7.1838
5725 5.1922
5726 1.7796
5727 4.8124
5728 -6.7597
5729 0.0000
5730 3.4478
5731 5.0130
5732 4.4798
5733 -4.1880
5734 1.4440
5735 -2.7753
5736 0.0000
5737 -2.1721
5738 3.6335
5739 2.1218
5740 8.8162
5741 3.2774
5742 0.7591
5743 0.0000
5744 -1.6538
5745 2.9191
5746 3.4535
5747 10.9847
5748 7.1095
5749 0.7167
5750 0.0000
5751 5.1565
5752 3.8572
5753 3.6702
5754 -4.3851
5755 3.0347
5756 7.0975
5757 0.0000
5758 3.6469
5759 4.3229
5760 5.0552
5761 4.2166
5762 4.8919
5763 2.3505
5764 0.0000
5765 6.0379
5766 2.3448
5767 10.7678
5768 4.1395
5769 0.7099
5770 4.0710
5771 0.0000
5772 -5.1903
5773 -5.8918
5774 -0.0767
5775 -1.1243
5776 1.9556
5777 1.0009
5778 0.0000
5779 -1.5713
5780 -2.5546
5781 7.4849
5782 2.9559
5783 5.7211
5784 4.9616
5785 0.0000
5786 2.0508
5787 10.1480
5788 -0.5344
5789 2.0226
5790 0.7607
5791 2.5792
5792 0.0000
5793 -4.2583
5794 5.0749
5795 5.0491
5796 0.5078
5797 10.7041
5798 -4.7504
5799 0.0000
5800 3.4743
5801 8.8313
5802 4.1655
5803 4.2323
5804 3.1889
5805 4.8417
5806 0.0000
5807 -5.5990
5808 3.1623
5809 0.0000
5810 6.4054
5811 5.8138
5812 -0.0082
5813 -3.9793
5814 1.4034
5815 10.5295
5816 5.3048
5817 5.2717
5818 0.0000
5819 5.1260
5820 0.8468
5821 0.0000
5822 -1.7405
5823 0.0000
5824 -4.4077
5825 0.0000
5826 0.8381
5827 -4.5268
5828 0.0000
5829 10.1878
5830 8.3213
5831 0.0000
5832 4.2593
5833 -5.3330
5834 3.8824
5835 0.0000
5836 1.0236
5837 0.2082
5838 0.0000
5839 5.8078
5840 9.4352
5841 -1.6256
5842 0.0000
5843 -0.0361
5844 11.9842
5845 0.0000
5846 4.5246
5847 7.5104
5848 8.2669
5849 0.0000
5850 0.1866
5851 3.1503
5852 0.0000
5853 0.2903
5854 5.1574
5855 2.9426
5856 0.0000
5857 -2.4112
5858 6.3004
5859 0.0000
5860 5.5324
5861 1.0752
5862 4.0297
5863 0.0000
5864 -3.1995
5865 -0.3638
5866 0.0000
5867 2.8691
5868 4.2679
5869 3.3299
5870 0.0000
5871 -0.0175
5872 -0.1029
5873 0.0000
5874 6.2744
5875 4.8295
5876 7.8456
5877 0.0000
5878 -0.9132
5879 7.5027
5880 0.0000
5881 9.2253
5882 2.9382
5883 1.4214
5884 0.0000
5885 -6.5590
5886 3.3964
5887 0.0000
5888 -1.9094
5889 8.1403
5890 4.9206
5891 0.0000
5892 2.4528
5893 0.4466
5894 0.0000
5895 6.8863
5896 6.2652
5897 5.3634
5898 0.0000
5899 -0.0497
5900 4.3556
5901 0.0000
5902 6.6793
5903 4.1795
5904 6.0052
5905 0.0000
5906 8.4526
5907 7.3419
5908 0.0000
5909 6.7903
5910 7.4868
5911 -5.4646
5912 0.0000
5913 5.6088
5914 0.7239
5915 0.0000
5916 7.4288
5917 1.9848
5918 6.0587
5919 0.0000
5920 0.2849
5921 11.4759
5922 0.0000
5923 8.9784
5924 3.1324
5925 7.0950
5926 0.0000
5927 7.8848
5928 6.7774
5929 0.0000
5930 -4.0963
5931 5.2378
5932 2.8766
5933 0.0000
5934 -5.5241
5935 6.8228
5936 0.0000
5937 6.7023
5938 2.8243
5939 -10.8933
5940 0.0000
5941 -3.7314
5942 0.0000
5943 -3.8210
5944 0.0000
5945 -0.0805
5946 4.0845
5947 0.0000
5948 6.8533
5949 0.0000
5950 9.5814
5951 0.0000
5952 3.8331
5953 6.0350
5954 -2.5287
5955 0.0000
5956 -2.3922
5957 -0.0255
5958 1.1755
5959 0.0000
5960 3.2296
5961 -0.0635
5962 4.4014
5963 0.0000
5964 5.9207
5965 0.0000
5966 7.2993
5967 0.0000
5968 11.5269
5969 0.9015
5970 0.0000
5971 -0.7596
5972 0.0000
5973 3.7262
5974 5.8263
5975 -6.0714
5976 4.4704
5977 0.5164
5978 9.5441
5979 -0.2921
5980 6.7681
5981 1.2673
5982 1.4172
5983 6.9377
5984 0.7648
5985 5.1111
5986 2.6888
5987 0.9716
5988 7.2001
5989 0.0000
5990 2.3740
5991 0.5900
5992 1.6642
5993 -3.9661
5994 -0.2202
5995 2.4546
5996 3.1592
5997 3.1159
5998 0.0000
5999 1.4050
6000 5.3518
6001 8.9276
6002 1.9938
6003 2.0703
6004 1.0459
6005 0.0000
6006 0.0880
6007 7.9981
6008 0.8614
6009 0.0000
6010 8.1571
6011 -3.4360
6012 6.3567
6013 3.9175
6014 9.7057
6015 0.9485
6016 1.4017
6017 6.1904
6018 0.0000
6019 4.3542
6020 6.9755
6021 1.4603
6022 -0.4629
6023 0.1715
6024 10.1041
6025 0.0000
6026 -3.0533
6027 1.2531
6028 3.4197
6029 0.0000
6030 7.0502
6031 -0.5406
6032 0.5348
6033 0.5033
6034 7.3942
6035 -5.9792
6036 6.1213
6037 0.4398
6038 0.0000
6039 0.6021
6040 7.3745
6041 3.4740
6042 10.7484
6043 4.6773
6044 5.3780
6045 0.0000
6046 -0.4852
6047 3.5185
6048 5.2356
6049 0.0000
6050 5.1266
6051 -0.8322
6052 5.6884
6053 0.5328
6054 -3.8036
6055 5.2914
6056 2.5326
6057 3.9547
6058 0.0000
6059 6.6021
6060 9.5422
6061 0.4664
6062 6.9570
6063 6.1935
6064 -1.4857
6065 0.0000
6066 3.8168
6067 4.1033
6068 -4.9452
6069 1.2851
6070 1.2608
6071 5.8372
6072 0.5860
6073 7.3246
6074 5.0763
6075 -0.7180
6076 -1.6967
6077 -0.5000
6078 0.3886
6079 1.6045
6080 0.0000
6081 6.5318
6082 7.2893
6083 -4.2683
6084 4.4299
6085 -2.8730
6086 11.5421
6087 6.0662
6088 5.6873
6089 0.0000
6090 5.1892
6091 1.0459
6092 -2.5217
6093 2.2925
6094 3.5700
6095 3.9069
6096 0.0000
6097 -3.1522
6098 5.2016
6099 3.7060
6100 0.0000
6101 -1.3503
6102 -3.9989
6103 10.6301
6104 -1.5281
6105 0.6050
6106 6.2761
6107 -5.8644
6108 5.1493
6109 0.0000
6110 9.2381
6111 10.0522
6112 9.2437
6113 6.5795
6114 3.1074
6115 2.0650
6116 0.0000
6117 -5.2003
6118 9.5411
6119 8.0327
6120 0.0000
6121 2.3698
6122 0.3192
6123 8.8704
6124 3.0213
6125 1.6322
6126 -4.5053
6127 -1.9871
6128 2.6789
6129 0.0000
6130 1.5804
6131 8.3633
6132 10.7296
6133 4.9895
6134 -1.3550
6135 0.6245
6136 0.0000
6137 1.0266
6138 3.2396
6139 -2.9861
6140 0.0000
6141 5.6204
6142 -0.2719
6143 4.4985
6144 -1.8791
6145 3.1058
6146 5.3677
6147 0.4824
6148 8.9542
6149 0.0000
6150 1.7482
6151 8.5882
6152 4.2809
6153 4.1161
6154 6.5222
6155 2.3857
6156 0.0000
6157 -1.9705
6158 0.9270
6159 4.7163
6160 -4.0539
6161 1.9674
6162 0.9043
6163 2.5019
6164 8.5528
6165 6.5401
6166 4.1095
6167 9.1266
6168 4.4384
6169 6.3264
6170 1.3549
6171 0.0000
6172 8.5496
6173 4.9222
6174 5.5965
6175 -0.3052
6176 0.3145
6177 6.4724
6178 7.0414
6179 -1.7173
6180 0.0000
6181 0.6297
6182 3.2713
6183 4.1874
6184 3.9742
6185 0.1532
6186 1.4231
6187 0.0000
6188 3.6778
6189 13.3943
6190 10.0509
6191 0.0000
6192 8.1251
6193 -0.1790
6194 -1.9850
6195 0.7973
6196 -0.7009
6197 1.6573
6198 -3.6285
6199 4.2245
6200 0.0000
6201 -3.3848
6202 7.4152
6203 3.7524
6204 3.2282
6205 4.0319
6206 3.4448
6207 0.0000
6208 -1.9537
6209 5.6063
6210 2.2367
6211 0.0000
6212 7.7904
6213 0.3497
6214 3.5502
6215 10.3013
6216 1.2149
6217 3.0570
6218 9.7899
6219 4.3474
6220 0.0000
6221 0.4960
6222 1.8453
6223 3.6694
6224 0.5926
6225 3.8641
6226 3.2393
6227 0.0000
6228 -0.1532
6229 2.8302
6230 7.1719
6231 0.0000
6232 2.3904
6233 0.7413
6234 8.8901
6235 10.0775
6236 3.9682
6237 6.8722
6238 1.0195
6239 -2.9956
6240 0.0000
6241 8.2856
6242 4.7050
6243 10.0335
6244 6.9586
6245 3.0013
6246 6.2251
6247 0.0000
6248 -1.7285
6249 0.6900
6250 -1.5311
6251 1.7130
6252 -2.6350
6253 -1.9875
6254 1.8813
6255 9.0982
6256 2.9534
6257 -3.6504
6258 -0.5200
6259 -4.8806
6260 0.7928
6261 10.1985
6262 0.0000
6263 0.7001
6264 -5.4647
6265 0.1340
6266 2.0021
6267 -0.1909
6268 7.9262
6269 7.6109
6270 7.8383
6271 0.0000
6272 3.8006
6273 -0.6733
6274 1.6710
6275 3.4588
6276 7.6033
6277 -2.7341
6278 0.0000
6279 0.7952
6280 4.2692
6281 5.9134
6282 0.0000
6283 8.1716
6284 -0.9155
6285 6.7845
6286 6.8032
6287 2.5527
6288 -1.6710
6289 -6.4951
6290 -1.0641
6291 0.0000
6292 12.6005
6293 10.6538
6294 7.9503
6295 8.7362
6296 10.5345
6297 10.8522
6298 0.0000
6299 0.3444
6300 6.4208
6301 -3.8946
6302 0.0000
6303 -1.4659
6304 -10.1907
6305 3.6888
6306 2.7776
6307 0.2399
6308 1.7386
6309 -1.3042
6310 -1.4359
6311 0.0000
6312 1.1817
6313 9.3509
6314 2.1062
6315 15.0169
6316 8.7151
6317 -0.4660
6318 0.0000
6319 -2.9196
6320 9.2547
6321 1.9662
6322 0.0000
6323 11.4338
6324 -4.7688
6325 8.8252
6326 2.8839
6327 2.2232
6328 4.3920
6329 -0.2669
6330 2.2785
6331 0.0000
6332 8.4616
6333 4.7106
6334 7.8533
6335 -4.7310
6336 1.0935
6337 2.6642
6338 0.0000
6339 3.2303
6340 0.0000
6341 2.8327
6342 0.0000
6343 8.8024
6344 4.0819
6345 -3.0768
6346 5.8488
6347 2.7060
6348 10.1250
6349 6.4025
6350 1.8715
6351 0.0000
6352 2.3898
6353 1.3811
6354 9.5239
6355 13.9960
6356 1.4100
6357 -0.4112
6358 0.0000
6359 -0.6482
6360 6.0322
6361 2.7403
6362 7.5676
6363 -3.8367
6364 1.4192
6365 0.0000
6366 -2.6210
6367 -0.3987
6368 9.6182
6369 7.5712
6370 6.8830
6371 3.0058
6372 0.0000
6373 -2.6919
6374 7.7446
6375 8.2501
6376 9.8243
6377 3.5884
6378 7.0503
6379 0.0000
6380 3.1439
6381 13.6383
6382 8.5919
6383 4.1427
6384 1.9482
6385 3.8325
6386 0.0000
6387 7.5545
6388 1.8791
6389 6.7860
6390 -0.6832
6391 2.6756
6392 9.4435
6393 0.0000
6394 2.3989
6395 4.6500
6396 1.5591
6397 8.2730
6398 6.3558
6399 6.2397
6400 0.0000
6401 -0.8040
6402 11.4713
6403 4.1758
6404 -0.3636
6405 -6.2444
6406 0.3955
6407 0.0000
6408 0.2067
6409 0.7944
6410 3.1979
6411 -0.3911
6412 -4.0555
6413 3.3090
6414 0.0000
6415 2.2784
6416 0.3050
6417 6.8595
6418 2.0453
6419 2.8760
6420 -2.3073
6421 0.0000
6422 -3.5903
6423 10.3548
6424 -1.4021
6425 13.7897
6426 -0.0663
6427 8.0499
6428 0.0000
6429 7.1850
6430 5.9641
6431 5.6360
6432 10.1369
6433 4.7643
6434 5.2322
6435 0.0000
6436 -6.2705
6437 1.2034
6438 0.5095
6439 -2.2909
6440 1.8537
6441 10.5099
6442 0.0000
6443 -0.6033
6444 3.9987
6445 1.7675
6446 8.3853
6447 4.2335
6448 0.4046
6449 0.0000
6450 -7.0139
6451 8.0133
6452 1.3833
6453 2.0084
6454 -11.8593
6455 1.8480
6456 0.0000
6457 -3.8484
6458 0.0000
6459 7.7602
6460 0.0000
6461 1.7839
6462 0.0000
6463 0.5987
6464 4.8074
6465 0.0000
6466 0.0136
6467 5.3838
6468 8.0554
6469 2.6591
6470 0.0000
6471 5.5740
6472 4.0421
6473 10.1949
6474 0.0000
6475 3.3883
6476 14.4253
6477 8.4564
6478 0.0000
6479 11.1390
6480 0.4002
6481 4.4042
6482 4.5684
6483 0.9218
6484 -3.4701
6485 -2.0497
6486 0.4913
6487 4.1361
6488 0.0000
6489 -1.0095
6490 4.0339
6491 11.8910
6492 9.7477
6493 3.4291
6494 -3.1640
6495 0.0000
6496 -0.1427
6497 4.9505
6498 1.1936
6499 7.8570
6500 2.1743
6501 0.5474
6502 0.0000
6503 4.6019
6504 -0.7789
6505 2.3396
6506 0.3320
6507 -0.6060
6508 2.3788
6509 0.0000
6510 -1.9562
6511 2.3897
6512 -0.0310
6513 1.0247
6514 0.0267
6515 0.8846
6516 0.0000
6517 2.7055
6518 9.8866
6519 8.7177
6520 5.0953
6521 5.4430
6522 3.9838
6523 0.0000
6524 3.3210
6525 1.6745
6526 -2.3635
6527 7.0271
6528 -1.3082
6529 2.4577
6530 0.0000
6531 1.1757
6532 -0.9869
6533 0.0869
6534 -0.8081
6535 1.4946
6536 -2.0092
6537 0.0000
6538 8.2614
6539 1.6824
6540 -2.2350
6541 5.9938
6542 7.3701
6543 3.3978
6544 0.0000
6545 2.6179
6546 6.6303
6547 3.9219
6548 6.5681
6549 6.4004
6550 7.1205
6551 0.0000
6552 -8.6356
6553 3.3269
6554 -5.9602
6555 -2.3852
6556 0.0942
6557 1.7025
6558 0.0000
6559 2.5246
6560 1.4632
6561 -0.0200
6562 4.8617
6563 4.9722
6564 8.0878
6565 0.0000
6566 4.3445
6567 0.4562
6568 0.0000
6569 7.3218
6570 -1.3065
6571 4.4677
6572 -4.6509
6573 2.0510
6574 -2.9607
6575 -5.9914
6576 7.0979
6577 0.0000
6578 2.7049
6579 9.4717
6580 0.0000
6581 6.3600
6582 0.0000
6583 -1.9911
6584 0.0000
6585 0.2996
6586 2.4157
6587 0.0000
6588 -4.2958
6589 9.0057
6590 0.0000
6591 6.6083
6592 2.8857
6593 -3.5378
6594 0.0000
6595 2.8717
6596 4.2431
6597 0.0000
6598 3.3302
6599 10.1703
6600 0.9190
6601 0.0000
6602 3.1591
6603 7.6898
6604 0.0000
6605 -2.8131
6606 -0.1231
6607 5.1874
6608 0.0000
6609 3.9330
6610 6.5200
6611 0.0000
6612 3.2189
6613 8.6954
6614 5.8207
6615 0.0000
6616 -3.4739
6617 4.7737
6618 0.0000
6619 5.0126
6620 3.8241
6621 5.1907
6622 0.0000
6623 6.6947
6624 8.8916
6625 0.0000
6626 3.5824
6627 6.5886
6628 3.7046
6629 0.0000
6630 9.4850
6631 7.3895
6632 0.0000
6633 6.8964
6634 -4.4591
6635 -4.0100
6636 0.0000
6637 -0.7083
6638 6.2991
6639 0.0000
6640 2.6487
6641 2.5397
6642 7.4854
6643 0.0000
6644 0.4204
6645 7.0377
6646 0.0000
6647 2.6964
6648 5.1109
6649 8.4963
6650 0.0000
6651 3.5089
6652 1.3117
6653 0.0000
6654 9.0875
6655 2.9208
6656 11.2053
6657 0.0000
6658 -0.3836
6659 9.2005
6660 0.0000
6661 1.4899
6662 -2.6112
6663 1.4839
6664 0.0000
6665 -1.7821
6666 2.7565
6667 0.0000
6668 6.8166
6669 2.8704
6670 2.2546
6671 0.0000
6672 -0.1576
6673 6.9075
6674 0.0000
6675 3.9590
6676 4.8218
6677 5.4326
6678 0.0000
6679 1.6778
6680 2.2290
6681 0.0000
6682 11.9996
6683 8.7017
6684 -0.9298
6685 0.0000
6686 -4.5057
6687 8.9667
6688 0.0000
6689 -1.0875
6690 6.5883
6691 12.3749
6692 0.0000
6693 -0.7384
6694 11.1472
6695 0.0000
6696 5.4425
6697 0.0625
6698 2.1454
6699 0.0000
6700 1.3749
6701 0.0000
6702 -0.5698
6703 0.0000
6704 10.8783
6705 4.2127
6706 0.0000
6707 1.7669
6708 0.0000
6709 7.0317
6710 0.0000
6711 10.1726
6712 -4.5563
6713 2.9171
6714 0.0000
6715 -3.4841
6716 -2.7460
6717 2.3116
6718 0.0000
6719 -0.7838
6720 5.1405
6721 7.3064
6722 0.0000
6723 3.4809
6724 0.0000
6725 6.6422
6726 0.0000
6727 1.2074
6728 8.7765
6729 0.0000
6730 -0.9570
6731 0.0000
6732 7.2234
6733 7.3529
6734 6.3361
6735 4.0530
6736 8.8910
6737 5.0273
6738 -0.1982
6739 0.8559
6740 4.1350
6741 1.0868
6742 3.0323
6743 2.6992
6744 3.3223
6745 5.3932
6746 10.4393
6747 -6.3904
6748 0.0000
6749 5.1359
6750 -1.0679
6751 4.9236
6752 2.8102
6753 -3.1220
6754 2.1124
6755 2.1770
6756 10.0993
6757 0.0000
6758 8.0580
6759 4.9203
6760 5.3869
6761 -0.3795
6762 -5.5785
6763 -3.6071
6764 0.0000
6765 1.7424
6766 -1.4405
6767 6.6894
6768 0.0000
6769 5.2474
6770 1.1582
6771 5.8332
6772 1.7008
6773 1.2258
6774 4.2804
6775 0.5423
6776 7.1578
6777 0.0000
6778 8.7668
6779 5.7025
6780 -4.1348
6781 -1.8755
6782 1.6689
6783 10.3198
6784 0.0000
6785 -1.5089
6786 10.0282
6787 -4.1821
6788 0.0000
6789 1.0577
6790 0.2586
6791 -2.1544
6792 3.9233
6793 0.6458
6794 -0.7925
6795 4.9034
6796 0.7454
6797 0.0000
6798 4.1978
6799 4.6010
6800 5.3139
6801 3.6013
6802 2.2692
6803 8.6071
6804 0.0000
6805 4.2008
6806 2.8540
6807 4.6678
6808 0.0000
6809 5.5203
6810 4.3083
6811 4.1311
6812 1.3332
6813 -11.5047
6814 11.9194
6815 3.7709
6816 5.6804
6817 0.0000
6818 9.6728
6819 -1.7712
6820 -2.3596
6821 8.6503
6822 -0.6548
6823 11.0155
6824 0.0000
6825 5.9290
6826 3.7000
6827 4.0431
6828 6.8599
6829 9.3993
6830 9.0651
6831 12.3410
6832 5.6536
6833 3.8827
6834 1.9990
6835 5.9465
6836 -5.4242
6837 6.9070
6838 4.0386
6839 0.0000
6840 -4.3344
6841 -2.7221
6842 2.5582
6843 8.9664
6844 0.9670
6845 0.3210
6846 5.5272
6847 7.0180
6848 0.0000
6849 8.3277
6850 4.7384
6851 8.3184
6852 10.3314
6853 8.9109
6854 9.4477
6855 0.0000
6856 11.3621
6857 9.3755
6858 6.4566
6859 0.0000
6860 -0.0527
6861 -3.1641
6862 2.1942
6863 -2.5816
6864 4.6421
6865 3.2937
6866 -4.1068
6867 6.2345
6868 0.0000
6869 0.8661
6870 7.4346
6871 5.5812
6872 7.1230
6873 5.0700
6874 3.7258
6875 0.0000
6876 3.1321
6877 9.3171
6878 2.6152
6879 0.0000
6880 7.4663
6881 1.5280
6882 1.8593
6883 3.0382
6884 -0.4379
6885 7.1620
6886 3.7314
6887 3.0060
6888 0.0000
6889 10.3574
6890 -4.2977
6891 -0.1918
6892 8.3239
6893 10.0886
6894 4.6524
6895 0.0000
6896 -7.4285
6897 5.2445
6898 8.1226
6899 0.0000
6900 2.2807
6901 8.8779
6902 12.1259
6903 0.0080
6904 -9.6651
6905 4.1417
6906 1.6752
6907 1.9851
6908 0.0000
6909 4.8637
6910 -0.2404
6911 7.9053
6912 4.9093
6913 5.3171
6914 5.2604
6915 0.0000
6916 4.7109
6917 6.2430
6918 5.0993
6919 1.8048
6920 3.7466
6921 4.9455
6922 3.7758
6923 7.4865
6924 4.4619
6925 2.4445
6926 9.5289
6927 0.9682
6928 1.4473
6929 -3.9666
6930 0.0000
6931 9.0090
6932 -11.3599
6933 1.0069
6934 3.6176
6935 0.8804
6936 11.3178
6937 6.0573
6938 7.4344
6939 0.0000
6940 4.5686
6941 4.0261
6942 5.6663
6943 5.0770
6944 15.1724
6945 11.0504
6946 0.0000
6947 6.5980
6948 6.2898
6949 7.6740
6950 0.0000
6951 4.2843
6952 -2.4946
6953 6.0123
6954 -0.0866
6955 -6.6959
6956 -1.3671
6957 1.3376
6958 11.1521
6959 0.0000
6960 7.8315
6961 5.4399
6962 0.1572
6963 -3.9213
6964 4.4857
6965 -1.4438
6966 0.0000
6967 -0.5546
6968 2.7746
6969 8.6273
6970 0.0000
6971 8.4627
6972 -2.3369
6973 -0.4175
6974 6.5878
6975 -2.7484
6976 12.7703
6977 8.8408
6978 0.4120
6979 0.0000
6980 -1.9423
6981 6.2543
6982 8.3294
6983 3.9705
6984 -0.0659
6985 -0.2653
6986 0.0000
6987 -1.3901
6988 -2.9907
6989 1.0491
6990 0.0000
6991 6.1449
6992 1.8019
6993 1.1120
6994 4.4005
6995 -8.1710
6996 2.7703
6997 -7.6465
6998 2.1950
6999 0.0000
7000 10.3755
7001 7.5693
7002 5.1675
7003 5.4323
7004 13.6052
7005 1.8634
7006 0.0000
7007 -2.5867
7008 -1.2601
7009 -2.1061
7010 4.2290
7011 6.4178
7012 10.7873
7013 6.9077
7014 5.5927
7015 -0.7532
7016 0.6248
7017 3.4556
7018 0.0662
7019 0.0146
7020 1.3166
7021 0.0000
7022 7.0936
7023 -0.6605
7024 -2.4867
7025 5.8911
7026 1.8645
7027 0.3403
7028 -3.6948
7029 4.0295
7030 0.0000
7031 3.2593
7032 5.2372
7033 6.9089
7034 9.2275
7035 3.6962
7036 7.7772
7037 0.0000
7038 -2.6202
7039 4.0367
7040 7.9010
7041 0.0000
7042 11.7415
7043 -2.6779
7044 1.3860
7045 6.9921
7046 -6.9669
7047 10.7725
7048 -1.6309
7049 4.9446
7050 0.0000
7051 5.3285
7052 5.3832
7053 7.4134
7054 2.2631
7055 4.8129
7056 9.2334
7057 0.0000
7058 -0.3734
7059 4.0209
7060 3.9876
7061 0.0000
7062 6.1972
7063 -0.8998
7064 3.3716
7065 -1.7984
7066 -1.6164
7067 -1.6196
7068 1.6751
7069 2.9689
7070 0.0000
7071 8.8508
7072 -1.6805
7073 8.6242
7074 2.9521
7075 7.2360
7076 5.5961
7077 0.0000
7078 -1.9437
7079 3.9220
7080 12.4078
7081 0.0000
7082 5.8182
7083 -0.4063
7084 8.4839
7085 3.6248
7086 -2.8646
7087 16.7299
7088 -2.0085
7089 1.8691
7090 0.0000
7091 9.0318
7092 8.8242
7093 -2.0534
7094 -0.7208
7095 4.2590
7096 -1.0525
7097 0.0000
7098 -4.9533
7099 0.0000
7100 2.1269
7101 0.0000
7102 4.2024
7103 2.3159
7104 -3.2955
7105 5.9337
7106 1.3088
7107 6.8107
7108 3.3454
7109 2.4727
7110 0.0000
7111 0.4390
7112 -5.2059
7113 10.2409
7114 0.7064
7115 9.5784
7116 4.3892
7117 0.0000
7118 1.7258
7119 7.7427
7120 -0.8289
7121 -3.0024
7122 -0.4786
7123 1.4929
7124 0.0000
7125 1.9126
7126 5.1709
7127 -1.7900
7128 -1.0472
7129 7.0323
7130 2.2708
7131 0.0000
7132 -4.9855
7133 -0.0175
7134 4.5975
7135 -1.2816
7136 4.5039
7137 -1.6056
7138 0.0000
7139 2.0029
7140 -1.4733
7141 2.5766
7142 2.8198
7143 -0.0396
7144 0.3339
7145 0.0000
7146 -1.0087
7147 4.5506
7148 1.8792
7149 1.0124
7150 7.7118
7151 2.2362
7152 0.0000
7153 -6.4539
7154 5.0238
7155 6.5708
7156 3.3710
7157 7.0992
7158 7.4771
7159 0.0000
7160 0.1025
7161 1.4856
7162 3.2598
7163 9.0464
7164 8.3581
7165 1.6063
7166 0.0000
7167 4.8249
7168 -4.4704
7169 3.2255
7170 -4.7003
7171 -1.9434
7172 -0.9603
7173 0.0000
7174 1.8751
7175 8.4391
7176 4.6530
7177 5.2197
7178 2.6645
7179 3.1965
7180 0.0000
7181 0.2215
7182 8.9327
7183 4.0767
7184 0.3364
7185 -5.0077
7186 4.2243
7187 0.0000
7188 5.8473
7189 -0.3063
7190 1.8574
7191 1.1199
7192 1.3657
7193 -0.5100
7194 0.0000
7195 0.7018
7196 3.3423
7197 11.3449
7198 3.9203
7199 7.3678
7200 11.1839
7201 0.0000
7202 -1.2964
7203 3.9752
7204 3.0133
7205 9.5449
7206 4.8120
7207 7.7070
7208 0.0000
7209 5.4042
7210 0.5688
7211 1.9476
7212 2.9634
7213 -1.0136
7214 -2.8720
7215 0.0000
7216 -2.3258
7217 0.0000
7218 7.3039
7219 0.0000
7220 10.7812
7221 0.0000
7222 6.7978
7223 0.7186
7224 0.0000
7225 3.0287
7226 7.1644
7227 4.9366
7228 5.3322
7229 0.0000
7230 0.9407
7231 4.3344
7232 -1.5417
7233 0.0000
7234 7.5687
7235 14.4966
7236 -1.0802
7237 0.0000
7238 1.3085
7239 -1.2139
7240 4.8083
7241 2.8539
7242 -0.3406
7243 9.3716
7244 4.0769
7245 -1.8980
7246 -2.6771
7247 0.0000
7248 -5.9915
7249 -2.6862
7250 -1.4825
7251 -0.6805
7252 3.7081
7253 1.2217
7254 0.0000
7255 -2.8776
7256 12.4245
7257 8.8567
7258 5.3809
7259 -0.4550
7260 3.7117
7261 0.0000
7262 3.9159
7263 4.5501
7264 7.8962
7265 9.7828
7266 6.0364
7267 3.2108
7268 0.0000
7269 -0.1517
7270 7.4841
7271 -0.1650
7272 4.7307
7273 7.3638
7274 -3.0095
7275 0.0000
7276 -0.6755
7277 3.6178
7278 -1.1805
7279 10.4156
7280 1.8503
7281 1.0192
7282 0.0000
7283 -0.8950
7284 4.2789
7285 7.5776
7286 5.5791
7287 1.3705
7288 -3.0458
7289 0.0000
7290 -1.1965
7291 3.7783
7292 4.0943
7293 -3.4205
7294 0.5511
7295 2.9320
7296 0.0000
7297 -2.7549
7298 5.8378
7299 0.0926
7300 3.1153
7301 -1.2843
7302 1.1947
7303 0.0000
7304 1.1132
7305 2.7299
7306 2.0545
7307 9.1824
7308 -4.1525
7309 3.9352
7310 0.0000
7311 -10.4787
7312 6.2306
7313 4.6081
7314 7.2118
7315 -1.8108
7316 1.0535
7317 0.0000
7318 -9.0595
7319 11.3157
7320 1.0064
7321 3.5086
7322 3.9357
7323 2.7624
7324 0.0000
7325 -0.8319
7326 3.8774
7327 0.0000
7328 -4.1708
7329 -1.1368
7330 2.3171
7331 6.0209
7332 10.0595
7333 -6.6834
7334 2.4202
7335 0.0865
7336 0.0000
7337 3.4327
7338 12.5923
7339 0.0000
7340 1.5082
7341 0.0000
7342 -0.7511
7343 0.0000
7344 -2.3611
7345 3.2848
7346 0.0000
7347 3.1145
7348 10.3923
7349 0.0000
7350 5.4302
7351 7.5581
7352 -3.5789
7353 0.0000
7354 3.9031
7355 1.5772
7356 0.0000
7357 -1.2403
7358 4.5154
7359 5.9383
7360 0.0000
7361 4.0630
7362 5.3410
7363 0.0000
7364 0.2682
7365 2.0957
7366 10.5250
7367 0.0000
7368 4.1210
7369 -4.9652
7370 0.0000
7371 8.3096
7372 1.8752
7373 5.5703
7374 0.0000
7375 -2.1818
7376 -1.1038
7377 0.0000
7378 8.3456
7379 0.6558
7380 -1.4719
7381 0.0000
7382 0.8992
7383 -2.0558
7384 0.0000
7385 -1.8942
7386 -1.9599
7387 -2.3898
7388 0.0000
7389 -3.2805
7390 8.2612
7391 0.0000
7392 5.3440
7393 -2.2609
7394 10.6473
7395 0.0000
7396 -2.7835
7397 11.1057
7398 0.0000
7399 3.7517
7400 -4.8973
7401 3.4023
7402 0.0000
7403 -4.7368
7404 4.5596
7405 0.0000
7406 7.9802
7407 0.6613
7408 6.5732
7409 0.0000
7410 0.6537
7411 2.7938
7412 0.0000
7413 5.0075
7414 3.5463
7415 6.9942
7416 0.0000
7417 -5.5911
7418 5.6618
7419 0.0000
7420 3.0696
7421 -4.1862
7422 1.2897
7423 0.0000
7424 5.3505
7425 3.5010
7426 0.0000
7427 6.9112
7428 -0.0445
7429 7.0061
7430 0.0000
7431 0.7320
7432 7.8090
7433 0.0000
7434 -0.3132
7435 -9.0405
7436 10.9083
7437 0.0000
7438 0.0138
7439 12.7070
7440 0.0000
7441 2.6310
7442 1.5831
7443 4.0243
7444 0.0000
7445 -5.5677
7446 9.3385
7447 0.0000
7448 -2.3028
7449 5.6620
7450 10.1882
7451 0.0000
7452 -1.0310
7453 5.4127
7454 0.0000
7455 4.7989
7456 10.0201
7457 -0.7364
7458 0.0000
7459 -0.3017
7460 0.0000
7461 1.0763
7462 0.0000
7463 6.2809
7464 8.5785
7465 0.0000
7466 -2.1777
7467 0.0000
7468 -0.6206
7469 0.0000
7470 1.0103
7471 -0.2532
7472 11.4476
7473 0.0000
7474 7.2041
7475 1.5348
7476 1.9526
7477 0.0000
7478 -0.4905
7479 4.3164
7480 6.4751
7481 0.0000
7482 10.8149
7483 0.0000
7484 15.6438
7485 0.0000
7486 -0.3572
7487 3.5665
7488 0.0000
7489 1.7286
7490 0.0000
7491 2.0615
7492 -1.4073
7493 1.9156
7494 6.8919
7495 6.3633
7496 5.9331
7497 3.5860
7498 4.8853
7499 0.0000
7500 3.0105
7501 0.4607
7502 -3.9534
7503 -2.3602
7504 8.9036
7505 1.1019
7506 0.0000
7507 1.6241
7508 0.6285
7509 8.8626
7510 2.0474
7511 5.4082
7512 9.7451
7513 0.0000
7514 2.0184
7515 4.0950
7516 5.6700
7517 9.1768
7518 7.1879
7519 -1.3284
7520 0.0000
7521 7.0587
7522 1.3143
7523 6.7158
7524 -2.2121
7525 4.6973
7526 9.2848
7527 0.0000
7528 3.5774
7529 3.2196
7530 1.8494
7531 1.7766
7532 7.6352
7533 5.5152
7534 0.0000
7535 2.3891
7536 2.8870
7537 11.5271
7538 5.8416
7539 1.7365
7540 6.2410
7541 0.0000
7542 -2.9782
7543 5.6527
7544 3.5692
7545 4.3778
7546 -1.6429
7547 1.6577
7548 0.0000
7549 -2.6952
7550 2.5466
7551 5.5073
7552 7.6121
7553 8.5898
7554 -1.7259
7555 0.0000
7556 -0.7330
7557 5.0685
7558 4.8691
7559 2.2157
7560 6.5555
7561 1.5054
7562 0.0000
7563 2.7413
7564 9.2542
7565 7.6846
7566 7.4608
7567 18.1653
7568 6.4539
7569 0.0000
7570 2.2186
7571 1.2091
7572 2.0315
7573 5.7662
7574 -1.7145
7575 -0.4616
7576 0.0000
7577 -1.8461
7578 -2.7896
7579 3.8173
7580 2.8761
7581 9.1431
7582 6.0399
7583 0.0000
7584 5.8167
7585 5.2678
7586 5.9999
7587 -2.5675
7588 10.2975
7589 -0.5389
7590 0.0000
7591 10.6720
7592 5.3908
7593 5.5464
7594 3.7274
7595 4.5850
7596 7.7580
7597 0.0000
7598 1.1247
7599 4.1001
7600 7.7355
7601 4.2294
7602 1.9936
7603 1.9076
7604 0.0000
7605 -0.1307
7606 0.0000
7607 1.4027
7608 1.2733
7609 0.0000
7610 1.1008
7611 -4.3214
7612 0.0000
7613 4.7902
7614 1.5513
7615 0.0000
7616 0.1670
7617 0.0000
7618 -0.1051
7619 5.8242
7620 0.0000
7621 2.5053
7622 6.9324
7623 0.0000
7624 -3.5044
7625 0.0000
7626 -3.2397
7627 5.9340
7628 0.0000
7629 6.6851
7630 -1.1935
7631 0.0000
7632 4.8678
7633 0.0000
7634 3.3388
7635 4.0534
7636 0.0000
7637 9.2067
7638 10.9078
7639 0.0000
7640 -1.6245
7641 0.0000
7642 -0.0767
7643 -0.8534
7644 0.0000
7645 -4.9009
7646 6.1259
7647 0.0000
7648 -1.6110
7649 0.0000
7650 -4.6698
7651 -2.3896
7652 0.0000
7653 2.3791
7654 6.9637
7655 0.0000
7656 6.5612
7657 0.0000
7658 5.7588
7659 8.2523
7660 0.0000
7661 -2.5808
7662 9.2802
7663 0.0000
7664 -4.7073
7665 0.0000
7666 6.3257
7667 -1.3400
7668 0.0000
7669 0.1535
7670 4.9497
7671 0.0000
7672 -0.4156
7673 0.0000
7674 0.2713
7675 -1.3364
7676 0.0000
7677 5.7471
7678 11.1057
7679 0.0000
7680 4.3617
7681 0.0000
7682 -3.1241
7683 -2.2268
7684 0.0000
7685 17.0093
7686 1.4912
7687 0.0000
7688 1.3625
7689 0.0000
7690 1.3598
7691 2.7586
7692 0.0000
7693 3.5529
7694 3.9832
7695 0.0000
7696 4.4015
7697 0.0000
7698 -1.5185
7699 5.3831
7700 0.0000
7701 1.9754
7702 3.0652
7703 0.0000
7704 1.0441
7705 0.0000
7706 2.4132
7707 2.2427
7708 0.0000
7709 1.3483
7710 7.6947
7711 0.0000
7712 -1.1714
7713 0.0000
7714 -6.4329
7715 15.3748
7716 0.0000
7717 4.1235
7718 5.2935
7719 0.0000
7720 -1.0615
7721 0.0000
7722 -1.4410
7723 3.4400
7724 0.0000
7725 1.8385
7726 10.4797
7727 0.0000
7728 9.6990
7729 0.0000
7730 -2.2347
7731 0.8110
7732 0.0000
7733 1.8987
7734 -0.4832
7735 0.0000
7736 -4.3809
7737 0.0000
7738 0.2593
7739 0.0000
7740 -0.4066
