# input  : 16 : 21 10 2C D7 F7 21 7C 27 01 11 E8 9B 6D 88 A5 AE 
# output : 16 : E3 C6 9A 5A 00 03 12 D1 A9 E9 10 50 EC 91 DA AC 
# cycles : 7740
1 0.0000
2 11.1544
3 1.0744
4 0.0000
5 8.9567
6 0.0000
7 -1.8818
8 1.8280
9 0.0000
10 2.2951
11 -0.2500
12 0.0000
13 -2.3362
14 0.0000
15 1.4082
16 2.7197
17 0.0000
18 -4.7645
19 7.2400
20 0.0000
21 -2.5959
22 0.0000
23 3.5220
24 5.7390
25 0.0000
26 -4.1905
27 -2.2818
28 0.0000
29 -0.9939
30 0.0000
31 5.9726
32 -3.7234
33 0.0000
34 6.3875
35 7.8289
36 0.0000
37 2.0326
38 0.0000
39 11.7831
40 10.0507
41 0.0000
42 0.4526
43 3.7976
44 0.0000
45 4.4254
46 0.0000
47 -6.8320
48 4.4541
49 0.0000
50 -0.3665
51 4.6574
52 0.0000
53 5.4154
54 0.0000
55 7.6974
56 5.7455
57 0.0000
58 -0.5054
59 0.3749
60 0.0000
61 5.3217
62 0.0000
63 5.1040
64 6.8143
65 0.0000
66 -6.9079
67 1.1168
68 0.0000
69 2.6805
70 0.0000
71 -0.6486
72 -1.9795
73 0.0000
74 2.0439
75 8.3774
76 0.0000
77 2.9715
78 0.0000
79 4.9105
80 -1.6429
81 0.0000
82 1.0503
83 9.8756
84 0.0000
85 3.3834
86 0.0000
87 2.1619
88 -1.6750
89 0.0000
90 -6.0502
91 2.0142
92 0.0000
93 5.6996
94 0.0000
95 5.8251
96 2.8323
97 0.0000
98 2.5955
99 -1.8858
100 0.0000
101 2.3592
102 0.0000
103 3.4936
104 5.6560
105 0.0000
106 5.3058
107 3.2482
108 0.0000
109 0.4037
110 0.0000
111 -2.9949
112 2.0806
113 0.0000
114 9.1694
115 7.2171
116 0.0000
117 0.5221
118 0.0000
119 0.9270
120 -4.1886
121 0.0000
122 6.4124
123 6.2419
124 0.0000
125 2.0000
126 0.0000
127 8.6207
128 2.1178
129 0.0000
130 6.3460
131 2.7304
132 0.0000
133 -0.6664
134 0.0000
135 0.2950
136 11.6428
137 0.0000
138 3.4116
139 -2.5267
140 -2.8935
141 0.0000
142 2.5148
143 -3.2139
144 5.5271
145 9.6542
146 0.0000
147 5.1548
148 3.5194
149 0.0000
150 14.9481
151 8.6132
152 8.0515
153 7.0938
154 0.0000
155 4.7286
156 7.5245
157 0.0000
158 5.2203
159 -2.1273
160 9.0603
161 6.6989
162 0.0000
163 -0.5816
164 6.0158
165 0.0000
166 4.2168
167 -1.1802
168 -1.8447
169 -0.0826
170 0.0000
171 7.6246
172 2.5085
173 0.0000
174 2.0007
175 -5.9307
176 2.0518
177 2.5281
178 0.0000
179 6.8967
180 13.9511
181 0.0000
182 3.8143
183 6.0883
184 6.0328
185 5.3902
186 0.0000
187 8.8132
188 -2.6109
189 0.0000
190 6.8879
191 -0.9318
192 8.1864
193 -2.3918
194 0.0000
195 -3.8602
196 2.5345
197 0.0000
198 0.9648
199 2.0868
200 6.1793
201 -0.7225
202 0.0000
203 -1.1558
204 2.1747
205 0.0000
206 4.2631
207 0.7969
208 8.6463
209 3.6406
210 0.0000
211 3.4646
212 2.1141
213 0.0000
214 2.6734
215 1.6251
216 3.4575
217 -3.2664
218 0.0000
219 -0.8148
220 -1.0068
221 0.0000
222 3.6093
223 5.4772
224 1.3688
225 -2.7320
226 0.0000
227 -2.3432
228 -0.2995
229 0.0000
230 -4.1383
231 -0.5043
232 9.5903
233 -0.3808
234 0.0000
235 7.9793
236 4.9827
237 0.0000
238 -5.8293
239 2.9520
240 6.8144
241 3.1030
242 0.0000
243 0.6669
244 0.8225
245 0.0000
246 4.4970
247 8.0613
248 3.3999
249 -1.1803
250 0.0000
251 1.6641
252 8.6934
253 0.0000
254 4.6183
255 2.2018
256 -0.4592
257 5.5641
258 0.0000
259 7.7383
260 7.9640
261 0.0000
262 -3.3136
263 6.7070
264 2.0436
265 0.2108
266 0.0000
267 -0.8287
268 1.7970
269 0.0000
270 5.2418
271 0.0000
272 2.5012
273 1.5213
274 2.5202
275 -2.0644
276 2.9845
277 5.5828
278 0.8007
279 4.7025
280 0.0000
281 -5.0345
282 0.1301
283 0.6852
284 11.7216
285 -3.3871
286 4.9072
287 0.0000
288 -4.5589
289 2.0947
290 3.9346
291 2.9935
292 5.1010
293 14.1225
294 0.0000
295 -0.1221
296 5.3315
297 -0.5157
298 2.7599
299 14.1929
300 5.9293
301 0.0000
302 -4.1167
303 7.8134
304 7.6560
305 3.4279
306 3.8763
307 -0.2859
308 0.0000
309 1.1380
310 3.4046
311 0.9678
312 3.3652
313 8.6110
314 0.6902
315 0.0000
316 3.7149
317 1.8315
318 1.8553
319 -1.4125
320 2.5380
321 7.6081
322 0.0000
323 1.1950
324 6.4022
325 1.4907
326 0.3256
327 9.2421
328 -2.9138
329 0.0000
330 -0.2445
331 1.2533
332 1.2461
333 -1.0959
334 6.4467
335 4.6802
336 0.0000
337 -6.4636
338 0.9289
339 3.9858
340 -4.6190
341 10.4879
342 3.3115
343 0.0000
344 -5.1953
345 2.7127
346 13.3596
347 6.0108
348 12.0296
349 -0.8974
350 0.0000
351 1.9850
352 5.5194
353 -0.0406
354 -0.5249
355 4.1517
356 2.6786
357 0.0000
358 -4.3479
359 4.2448
360 6.1291
361 5.8343
362 5.4965
363 -4.1885
364 0.0000
365 -0.2924
366 10.1565
367 7.5093
368 6.4084
369 3.3628
370 -0.2992
371 0.0000
372 -4.2495
373 8.4830
374 2.4719
375 6.0447
376 5.5375
377 10.0016
378 0.0000
379 -7.0925
380 3.3490
381 1.7931
382 6.3048
383 7.4926
384 -2.5203
385 0.0000
386 4.2181
387 0.0000
388 -1.6899
389 0.0000
390 7.6134
391 0.0000
392 7.8982
393 7.1871
394 0.0000
395 5.4899
396 7.8913
397 -0.2482
398 8.2206
399 0.0000
400 7.0078
401 -1.3445
402 8.9616
403 0.0000
404 0.2760
405 13.0486
406 0.1437
407 0.0000
408 5.1507
409 8.6075
410 4.3265
411 -1.7645
412 0.9469
413 2.7343
414 -0.9139
415 -1.6737
416 5.0400
417 0.0000
418 0.0262
419 6.7471
420 -1.1821
421 -0.2068
422 1.5052
423 5.9670
424 0.0000
425 4.3702
426 12.7425
427 3.2341
428 8.5228
429 0.3671
430 5.7923
431 0.0000
432 2.1506
433 9.2297
434 4.4125
435 0.5126
436 2.6929
437 -2.8559
438 0.0000
439 4.8223
440 0.6750
441 2.6739
442 1.0259
443 -4.4287
444 11.7686
445 0.0000
446 -3.0249
447 -2.4387
448 4.3942
449 7.2750
450 6.2819
451 4.8486
452 0.0000
453 5.0673
454 -1.8804
455 2.3180
456 11.6045
457 -1.3017
458 -2.7290
459 0.0000
460 -2.5782
461 5.9405
462 6.2401
463 8.6543
464 3.5704
465 2.1276
466 0.0000
467 3.5423
468 -0.7333
469 0.6200
470 10.4859
471 2.0171
472 8.3681
473 0.0000
474 0.0390
475 1.7451
476 3.8204
477 5.8064
478 1.6744
479 4.3786
480 0.0000
481 1.1086
482 3.3700
483 -0.0258
484 9.3638
485 -2.9423
486 -3.6990
487 0.0000
488 10.0766
489 2.0774
490 -4.2753
491 -0.9206
492 -2.2105
493 4.7945
494 0.0000
495 1.6429
496 1.0650
497 0.0000
498 5.1109
499 5.9168
500 -5.2527
501 -3.2563
502 7.0688
503 3.0142
504 -1.8669
505 -0.8291
506 0.0000
507 -4.9535
508 -0.6780
509 0.0000
510 2.0103
511 -2.6686
512 0.0000
513 9.9362
514 -0.8893
515 0.0000
516 2.2103
517 -2.9561
518 0.0000
519 5.0747
520 5.1140
521 1.2209
522 0.0000
523 -2.9321
524 7.8539
525 0.0000
526 5.3123
527 5.5693
528 8.3748
529 0.0000
530 8.4119
531 1.7326
532 0.0000
533 -0.5973
534 3.1131
535 5.1444
536 0.0000
537 2.7607
538 3.8744
539 0.0000
540 6.0402
541 7.7498
542 3.8441
543 0.0000
544 -3.6426
545 1.7478
546 0.0000
547 6.4706
548 10.8296
549 8.8755
550 0.0000
551 -4.6975
552 5.1982
553 0.0000
554 6.7975
555 -3.3690
556 8.0001
557 0.0000
558 3.6542
559 8.5002
560 0.0000
561 2.2082
562 4.6851
563 3.6480
564 0.0000
565 -5.4089
566 5.4341
567 0.0000
568 -7.5756
569 5.5317
570 8.3118
571 0.0000
572 -0.7729
573 -0.4384
574 0.0000
575 5.6987
576 3.1172
577 2.5790
578 0.0000
579 0.1456
580 7.2113
581 0.0000
582 3.4948
583 10.9135
584 8.4732
585 0.0000
586 4.2393
587 3.1071
588 0.0000
589 -0.2951
590 -1.0090
591 10.5084
592 0.0000
593 3.1975
594 2.4168
595 0.0000
596 5.8472
597 -0.7121
598 6.7582
599 0.0000
600 3.6507
601 2.8192
602 0.0000
603 3.4258
604 -5.6350
605 9.6063
606 0.0000
607 0.9257
608 5.7569
609 0.0000
610 10.0897
611 5.5955
612 3.1343
613 0.0000
614 4.1748
615 10.6292
616 0.0000
617 4.7690
618 3.1585
619 6.7480
620 0.0000
621 1.7527
622 -0.7829
623 0.0000
624 5.6909
625 6.4895
626 5.4671
627 0.0000
628 2.1455
629 0.0000
630 -1.2574
631 0.0000
632 -1.6083
633 8.4050
634 0.0000
635 3.8084
636 0.0000
637 -0.0321
638 0.0000
639 4.5466
640 2.7246
641 2.0693
642 0.0000
643 11.7467
644 0.7118
645 2.5654
646 0.0000
647 4.6480
648 -1.8741
649 4.8548
650 0.0000
651 6.7799
652 0.0000
653 9.5697
654 0.0000
655 0.7462
656 4.8530
657 0.0000
658 3.6770
659 0.0000
660 4.6266
661 4.4269
662 8.3592
663 15.2789
664 6.6342
665 4.9073
666 1.3482
667 -1.2874
668 11.7689
669 4.3603
670 -0.6441
671 5.1159
672 -0.7110
673 4.7405
674 10.5065
675 -5.1750
676 0.0000
677 5.5470
678 6.3139
679 -1.6947
680 -3.2786
681 4.4090
682 -2.3607
683 6.4684
684 -4.1891
685 0.0000
686 6.3156
687 -0.5193
688 5.2785
689 -2.1108
690 0.0503
691 2.1283
692 0.0000
693 -4.6081
694 1.6250
695 4.1706
696 0.0000
697 -2.2700
698 5.6702
699 4.7592
700 2.0091
701 3.7873
702 -2.8178
703 4.3034
704 6.1280
705 0.0000
706 2.9307
707 4.1685
708 -2.8793
709 16.3042
710 1.9496
711 -3.1114
712 0.0000
713 0.5201
714 6.9903
715 5.6115
716 0.0000
717 2.9457
718 2.4869
719 0.2236
720 -0.2935
721 -8.1654
722 -4.3492
723 0.2424
724 7.6907
725 0.0000
726 5.0680
727 -0.1946
728 5.7945
729 5.5750
730 7.2919
731 7.0433
732 0.0000
733 -1.2952
734 5.1465
735 3.0440
736 0.0000
737 3.6933
738 6.2981
739 -1.6865
740 -1.9730
741 -3.5403
742 3.5053
743 -2.7574
744 0.1046
745 0.0000
746 5.5056
747 16.7167
748 -5.2013
749 -0.6265
750 3.4433
751 11.9804
752 0.0000
753 5.4533
754 6.9588
755 1.4558
756 3.6431
757 0.3864
758 3.3148
759 1.0828
760 11.0854
761 5.2069
762 1.4978
763 -0.1641
764 3.0371
765 5.5220
766 3.6703
767 0.0000
768 4.7903
769 4.1747
770 -0.8802
771 3.1008
772 4.9933
773 -6.4189
774 -3.5897
775 0.9308
776 0.0000
777 -1.3969
778 12.6562
779 0.6170
780 3.8634
781 2.3753
782 4.2929
783 0.0000
784 -0.7755
785 7.7786
786 -4.0350
787 0.0000
788 4.9347
789 3.9932
790 -5.9624
791 7.9619
792 0.6156
793 -2.5380
794 -0.8786
795 -0.8875
796 0.0000
797 -1.2444
798 10.3873
799 -0.3500
800 5.0069
801 1.3633
802 9.1611
803 0.0000
804 1.8559
805 5.2191
806 10.3598
807 0.0000
808 9.7034
809 -2.7021
810 11.0382
811 0.2205
812 6.4401
813 8.0987
814 2.9518
815 6.0719
816 0.0000
817 6.2837
818 -2.6994
819 1.7898
820 4.1665
821 2.8007
822 6.6857
823 0.0000
824 -2.4948
825 3.3461
826 -0.1969
827 0.0000
828 3.4214
829 5.5588
830 0.3581
831 2.8792
832 -7.7919
833 9.2666
834 4.9503
835 -3.1144
836 0.0000
837 5.1610
838 3.3483
839 -1.9939
840 -1.9815
841 9.3120
842 1.6739
843 0.0000
844 2.1464
845 3.3449
846 8.6261
847 -2.4375
848 5.4841
849 7.2571
850 9.1987
851 5.4249
852 4.8818
853 2.9930
854 2.0327
855 5.1233
856 -4.0034
857 1.2108
858 0.0000
859 10.9117
860 1.1322
861 0.7227
862 -0.0820
863 -1.0723
864 -1.3976
865 6.9191
866 -0.3009
867 0.0000
868 8.1016
869 -0.2496
870 6.5925
871 7.4328
872 5.1320
873 9.2750
874 0.0000
875 3.3705
876 4.8482
877 -0.0028
878 0.0000
879 3.6697
880 4.5153
881 5.4509
882 1.5660
883 6.0868
884 14.9218
885 11.4533
886 5.6407
887 0.0000
888 2.8242
889 2.0682
890 1.0054
891 0.3993
892 1.4718
893 10.0689
894 0.0000
895 3.0194
896 -3.8689
897 -6.6818
898 0.0000
899 -0.4455
900 -1.5228
901 12.8667
902 5.3368
903 -4.8388
904 -4.8442
905 2.7874
906 2.2979
907 0.0000
908 1.8426
909 4.0744
910 3.3686
911 5.5881
912 9.8537
913 1.8837
914 0.0000
915 1.9879
916 5.9644
917 1.9697
918 0.0000
919 2.5496
920 -0.8606
921 0.8421
922 -0.9850
923 -4.7065
924 3.8264
925 1.4433
926 0.5800
927 0.0000
928 2.5920
929 6.6547
930 1.5081
931 -1.9150
932 7.9810
933 9.7874
934 0.0000
935 -1.9410
936 -1.4492
937 3.7607
938 6.5003
939 5.3735
940 3.7245
941 4.3726
942 7.8377
943 -1.3080
944 7.2929
945 5.5457
946 -4.8380
947 1.8666
948 9.3584
949 0.0000
950 3.0170
951 7.4655
952 9.6578
953 -1.0532
954 4.3357
955 16.0342
956 1.9029
957 4.1781
958 0.0000
959 12.6280
960 2.2249
961 9.0803
962 0.4013
963 5.8710
964 9.2492
965 0.0000
966 2.1842
967 6.3096
968 10.1172
969 0.0000
970 7.1323
971 0.8655
972 1.3005
973 6.3672
974 6.4669
975 5.1387
976 -1.0924
977 9.8341
978 0.0000
979 3.1583
980 8.2819
981 -1.2726
982 1.3392
983 3.2179
984 3.3834
985 0.0000
986 13.2124
987 2.8229
988 17.7007
989 0.0000
990 4.0828
991 -4.0593
992 7.5158
993 7.1012
994 0.6850
995 2.0124
996 3.6405
997 7.3795
998 0.0000
999 3.1655
1000 2.7574
1001 1.1892
1002 -0.0541
1003 12.9877
1004 6.5884
1005 0.0000
1006 -4.1628
1007 11.2668
1008 9.3425
1009 0.0000
1010 0.7912
1011 -0.0336
1012 -1.9096
1013 1.2792
1014 -7.4810
1015 -6.8294
1016 -4.2516
1017 1.7955
1018 0.0000
1019 6.7619
1020 3.6450
1021 1.0870
1022 7.1753
1023 -2.3278
1024 4.5705
1025 0.0000
1026 -2.9975
1027 0.0000
1028 0.6736
1029 0.0000
1030 8.5331
1031 -2.6793
1032 -4.7371
1033 0.1919
1034 3.3486
1035 1.9020
1036 -1.1615
1037 2.0489
1038 0.0000
1039 -0.4416
1040 4.6691
1041 5.6647
1042 10.4053
1043 2.3810
1044 -0.1991
1045 0.0000
1046 -0.9664
1047 10.9066
1048 6.4045
1049 4.4957
1050 0.5444
1051 -6.6837
1052 0.0000
1053 -3.7469
1054 -0.5416
1055 1.3132
1056 2.6248
1057 1.7283
1058 5.6903
1059 0.0000
1060 4.3628
1061 0.8738
1062 9.8123
1063 3.3837
1064 9.7995
1065 7.4663
1066 0.0000
1067 3.5018
1068 10.6563
1069 3.9981
1070 5.3215
1071 6.4659
1072 5.1459
1073 0.0000
1074 -5.4070
1075 5.2437
1076 3.2109
1077 9.5030
1078 2.9147
1079 4.6476
1080 0.0000
1081 4.0879
1082 7.1420
1083 -1.9570
1084 0.4337
1085 11.0744
1086 4.3748
1087 0.0000
1088 5.0968
1089 3.2164
1090 -0.4876
1091 6.7039
1092 -3.3492
1093 1.3692
1094 0.0000
1095 0.5305
1096 10.0001
1097 6.1904
1098 3.0201
1099 3.5666
1100 -0.0269
1101 0.0000
1102 2.8061
1103 0.3642
1104 5.7012
1105 3.4427
1106 8.9558
1107 -0.5176
1108 0.0000
1109 0.9125
1110 8.3250
1111 6.2671
1112 1.1002
1113 3.8139
1114 -6.3629
1115 0.0000
1116 2.2686
1117 4.3941
1118 7.1969
1119 8.9356
1120 6.3311
1121 2.4513
1122 0.0000
1123 4.2290
1124 2.4029
1125 -4.4773
1126 7.2565
1127 8.7171
1128 1.5345
1129 0.0000
1130 2.0065
1131 0.9704
1132 0.8374
1133 3.9159
1134 11.7938
1135 5.7344
1136 0.0000
1137 -2.5908
1138 2.2532
1139 -7.7170
1140 8.3797
1141 4.9797
1142 -2.2022
1143 0.0000
1144 -0.5766
1145 0.0000
1146 0.8823
1147 0.0000
1148 4.1652
1149 0.0000
1150 8.5870
1151 4.4797
1152 0.0000
1153 2.2410
1154 7.2199
1155 8.3808
1156 2.8072
1157 0.0000
1158 5.8423
1159 3.0864
1160 -2.3727
1161 0.0000
1162 3.0131
1163 -2.4497
1164 4.6721
1165 0.0000
1166 8.3301
1167 12.4246
1168 0.1079
1169 -0.1915
1170 6.0084
1171 7.2607
1172 4.2919
1173 -0.2690
1174 8.4785
1175 0.0000
1176 -0.1982
1177 -1.4563
1178 10.5318
1179 4.6338
1180 7.6963
1181 -2.7543
1182 0.0000
1183 0.4850
1184 2.7435
1185 2.3759
1186 4.0985
1187 -13.6075
1188 3.0260
1189 0.0000
1190 7.3810
1191 2.3036
1192 3.2524
1193 3.3363
1194 2.0898
1195 -1.9811
1196 0.0000
1197 -1.5605
1198 8.3761
1199 -0.1010
1200 -2.2846
1201 -0.6924
1202 -1.2796
1203 0.0000
1204 -0.7040
1205 -1.6735
1206 4.5720
1207 4.7371
1208 5.0771
1209 5.3875
1210 0.0000
1211 -2.1072
1212 5.5004
1213 -0.4087
1214 13.3617
1215 7.0868
1216 7.0411
1217 0.0000
1218 1.6856
1219 -0.2900
1220 2.0853
1221 8.8222
1222 15.4513
1223 -1.8140
1224 0.0000
1225 5.5588
1226 7.9772
1227 5.1837
1228 0.8659
1229 0.4951
1230 4.2693
1231 0.0000
1232 -4.1032
1233 2.9210
1234 3.0066
1235 2.3042
1236 7.1238
1237 -1.0839
1238 0.0000
1239 -0.2473
1240 0.0416
1241 2.6432
1242 4.7212
1243 3.8351
1244 7.7295
1245 0.0000
1246 -3.0498
1247 3.0414
1248 5.2248
1249 13.8892
1250 2.5690
1251 5.7155
1252 0.0000
1253 1.2679
1254 3.6606
1255 0.0000
1256 4.1232
1257 -0.7998
1258 -0.2720
1259 6.2941
1260 -4.1690
1261 -2.1256
1262 2.0589
1263 4.4256
1264 0.0000
1265 -0.5662
1266 0.9518
1267 0.0000
1268 0.9706
1269 0.0000
1270 -8.0493
1271 0.0000
1272 2.6520
1273 2.3110
1274 0.0000
1275 -5.1717
1276 5.5015
1277 0.0000
1278 0.9689
1279 4.6066
1280 6.1553
1281 0.0000
1282 -2.6853
1283 -3.4719
1284 0.0000
1285 1.4434
1286 -2.1188
1287 5.4299
1288 0.0000
1289 0.4871
1290 2.7704
1291 0.0000
1292 8.0654
1293 7.9139
1294 4.5878
1295 0.0000
1296 1.5551
1297 3.1382
1298 0.0000
1299 5.4188
1300 0.9074
1301 6.2882
1302 0.0000
1303 4.1448
1304 -0.3630
1305 0.0000
1306 2.9885
1307 4.6307
1308 -5.3063
1309 0.0000
1310 -3.1753
1311 1.3798
1312 0.0000
1313 8.0664
1314 5.1925
1315 7.1336
1316 0.0000
1317 -4.4225
1318 7.0470
1319 0.0000
1320 3.8632
1321 5.6684
1322 0.6047
1323 0.0000
1324 -1.8261
1325 14.6591
1326 0.0000
1327 8.5267
1328 2.1597
1329 -0.3852
1330 0.0000
1331 3.8562
1332 2.1849
1333 0.0000
1334 8.6363
1335 6.0457
1336 3.0463
1337 0.0000
1338 1.5745
1339 3.1879
1340 0.0000
1341 10.7300
1342 12.2578
1343 5.4713
1344 0.0000
1345 -1.3631
1346 -0.1556
1347 0.0000
1348 6.5581
1349 8.4354
1350 3.5959
1351 0.0000
1352 -0.3655
1353 5.7669
1354 0.0000
1355 -3.8310
1356 5.0867
1357 2.1284
1358 0.0000
1359 3.8526
1360 -1.1001
1361 0.0000
1362 4.7829
1363 9.6595
1364 12.2087
1365 0.0000
1366 -7.3762
1367 -3.0097
1368 0.0000
1369 1.0931
1370 -8.8386
1371 7.8683
1372 0.0000
1373 -3.3875
1374 8.6439
1375 0.0000
1376 13.3193
1377 2.4654
1378 7.8782
1379 0.0000
1380 0.8561
1381 0.0799
1382 0.0000
1383 1.0901
1384 3.1836
1385 -2.0932
1386 0.0000
1387 3.4471
1388 0.0000
1389 8.3134
1390 0.0000
1391 3.9707
1392 3.2335
1393 0.0000
1394 8.4780
1395 0.0000
1396 2.0188
1397 0.0000
1398 6.7531
1399 11.2741
1400 6.5838
1401 0.0000
1402 1.3197
1403 2.4379
1404 -1.9394
1405 0.0000
1406 7.2726
1407 5.1795
1408 -1.4416
1409 0.0000
1410 0.1660
1411 0.0000
1412 -5.3839
1413 0.0000
1414 2.7570
1415 6.5035
1416 0.0000
1417 10.5055
1418 0.0000
1419 2.0693
1420 6.7955
1421 8.5266
1422 7.1787
1423 -1.1663
1424 -1.1297
1425 2.3603
1426 7.7463
1427 5.6768
1428 2.3072
1429 0.6953
1430 10.8683
1431 3.9569
1432 0.3580
1433 7.1934
1434 7.0669
1435 0.0000
1436 5.8928
1437 -3.4152
1438 0.2123
1439 2.1777
1440 3.9807
1441 -0.1231
1442 1.0797
1443 4.1192
1444 0.0000
1445 -6.8167
1446 4.7275
1447 1.7449
1448 12.9733
1449 5.3232
1450 12.6750
1451 0.0000
1452 2.9175
1453 12.4803
1454 5.1239
1455 0.0000
1456 5.8740
1457 -0.6378
1458 3.7417
1459 2.3866
1460 -0.6286
1461 7.5675
1462 8.5492
1463 5.1025
1464 0.0000
1465 3.1359
1466 5.4324
1467 -3.9750
1468 4.6742
1469 6.8848
1470 5.8769
1471 0.0000
1472 -2.5715
1473 -0.3011
1474 5.6127
1475 0.0000
1476 7.7874
1477 6.2243
1478 9.9655
1479 5.6292
1480 9.2849
1481 1.5109
1482 3.1586
1483 5.7838
1484 0.0000
1485 4.6945
1486 5.1677
1487 0.9852
1488 3.7569
1489 1.7227
1490 -1.0042
1491 0.0000
1492 -3.0460
1493 11.6859
1494 6.0458
1495 0.0000
1496 10.9755
1497 -5.8454
1498 -0.4433
1499 -0.5090
1500 -3.6195
1501 -4.2434
1502 -0.6756
1503 6.2135
1504 0.0000
1505 8.5751
1506 -0.3096
1507 8.4748
1508 -0.9436
1509 -3.1395
1510 8.0936
1511 0.0000
1512 -0.4092
1513 4.9845
1514 9.0564
1515 -1.0227
1516 2.5776
1517 1.2927
1518 6.2748
1519 3.0456
1520 2.3237
1521 5.8086
1522 -4.2612
1523 -0.8221
1524 0.9887
1525 4.8874
1526 0.0000
1527 -0.7028
1528 -8.0618
1529 0.8671
1530 7.1528
1531 -1.7478
1532 7.3514
1533 0.7936
1534 3.5856
1535 0.0000
1536 7.8684
1537 0.4417
1538 2.1150
1539 3.7499
1540 5.1103
1541 -1.0098
1542 0.0000
1543 9.8496
1544 2.6625
1545 0.5960
1546 0.0000
1547 8.3308
1548 -7.3135
1549 7.8408
1550 5.1224
1551 4.5166
1552 -9.0203
1553 -2.5378
1554 -0.8187
1555 0.0000
1556 3.0776
1557 -3.6688
1558 0.2806
1559 0.1556
1560 4.0994
1561 4.4106
1562 0.0000
1563 -4.5479
1564 13.3510
1565 5.2590
1566 0.0000
1567 1.9819
1568 2.6475
1569 0.8025
1570 8.7844
1571 -3.6311
1572 -0.1438
1573 7.5767
1574 5.7820
1575 0.0000
1576 2.5635
1577 1.3371
1578 3.0871
1579 2.5103
1580 0.9752
1581 4.4713
1582 0.0000
1583 2.1722
1584 -3.2230
1585 4.4118
1586 0.0000
1587 4.6625
1588 -2.0698
1589 -1.5445
1590 8.5153
1591 -3.7192
1592 11.7097
1593 4.1199
1594 -3.9904
1595 0.0000
1596 8.2793
1597 13.5124
1598 6.9625
1599 2.1706
1600 8.5953
1601 3.5821
1602 0.0000
1603 0.3384
1604 -6.9713
1605 0.6473
1606 0.3558
1607 5.5752
1608 -0.2120
1609 6.3456
1610 8.9484
1611 11.4339
1612 0.3490
1613 5.0637
1614 1.4360
1615 2.4075
1616 1.7929
1617 0.0000
1618 5.5578
1619 -3.0029
1620 5.4918
1621 0.5287
1622 2.5343
1623 5.3522
1624 4.6940
1625 3.5839
1626 0.0000
1627 0.8272
1628 7.1086
1629 9.1803
1630 3.0675
1631 2.8048
1632 -0.6629
1633 0.0000
1634 -0.8005
1635 6.2404
1636 1.3057
1637 0.0000
1638 0.7308
1639 1.2089
1640 1.1352
1641 8.4390
1642 -3.0712
1643 4.5836
1644 6.9183
1645 0.4090
1646 0.0000
1647 3.0430
1648 6.0996
1649 8.5907
1650 7.0262
1651 3.8105
1652 5.6838
1653 0.0000
1654 6.2588
1655 14.7364
1656 11.5735
1657 0.0000
1658 7.8959
1659 -0.6343
1660 5.4027
1661 8.5554
1662 2.9088
1663 -5.3699
1664 5.0066
1665 -2.1280
1666 0.0000
1667 2.6479
1668 -2.2535
1669 7.8081
1670 -0.6487
1671 6.5501
1672 5.5530
1673 0.0000
1674 -1.5276
1675 7.8332
1676 7.2865
1677 0.0000
1678 7.6623
1679 1.4886
1680 6.4886
1681 -1.1612
1682 1.6253
1683 -4.3357
1684 4.2138
1685 1.4958
1686 0.0000
1687 2.5849
1688 16.0913
1689 9.0746
1690 0.6191
1691 5.6923
1692 13.5508
1693 0.0000
1694 -0.1548
1695 8.8497
1696 1.3258
1697 9.1794
1698 -1.9626
1699 7.4876
1700 -3.6545
1701 5.0617
1702 1.6177
1703 2.4928
1704 4.7020
1705 0.5819
1706 4.3502
1707 0.4754
1708 0.0000
1709 8.4937
1710 -4.4255
1711 9.2162
1712 1.4066
1713 4.6174
1714 -0.2577
1715 3.2981
1716 -4.4321
1717 0.0000
1718 9.0467
1719 -0.5235
1720 3.0189
1721 2.4090
1722 9.8351
1723 -2.7775
1724 0.0000
1725 1.4456
1726 5.3200
1727 11.8403
1728 0.0000
1729 7.0160
1730 0.2858
1731 1.8397
1732 2.4685
1733 0.8634
1734 0.3077
1735 3.1643
1736 8.5526
1737 0.0000
1738 7.9159
1739 11.5183
1740 3.8023
1741 3.2845
1742 4.2284
1743 10.8062
1744 0.0000
1745 3.6568
1746 5.8565
1747 -0.0512
1748 0.0000
1749 4.8710
1750 0.1343
1751 3.3922
1752 -4.6265
1753 5.1774
1754 -1.6127
1755 -5.5810
1756 -1.0418
1757 0.0000
1758 4.4520
1759 5.5265
1760 13.1229
1761 1.2860
1762 3.9065
1763 2.1367
1764 0.0000
1765 -4.5672
1766 0.3128
1767 1.9519
1768 0.0000
1769 6.6600
1770 -5.2661
1771 -1.4390
1772 2.4727
1773 -2.2627
1774 0.6891
1775 1.8869
1776 -2.5971
1777 0.0000
1778 3.9984
1779 -1.6028
1780 7.1212
1781 6.6470
1782 0.3026
1783 1.1315
1784 0.0000
1785 -4.9394
1786 0.0000
1787 -0.8928
1788 0.0000
1789 3.6916
1790 0.1180
1791 2.9552
1792 10.0499
1793 -0.7749
1794 3.4531
1795 7.2798
1796 5.4751
1797 0.0000
1798 4.5888
1799 4.8862
1800 0.7274
1801 2.9710
1802 6.9666
1803 -2.9337
1804 0.0000
1805 -2.4524
1806 6.6328
1807 5.0108
1808 -3.3210
1809 7.1527
1810 10.1205
1811 0.0000
1812 6.9775
1813 -1.3766
1814 3.3642
1815 5.0782
1816 1.4377
1817 -1.3698
1818 0.0000
1819 1.7145
1820 6.2619
1821 13.0840
1822 2.8888
1823 -2.5770
1824 0.4936
1825 0.0000
1826 -4.3303
1827 -5.9142
1828 8.1686
1829 8.9059
1830 6.4837
1831 5.4306
1832 0.0000
1833 2.1450
1834 0.9314
1835 -1.0639
1836 1.8704
1837 6.9035
1838 7.6225
1839 0.0000
1840 -1.2899
1841 4.3045
1842 -1.8120
1843 -0.1901
1844 0.5367
1845 -0.1123
1846 0.0000
1847 -6.0765
1848 6.5317
1849 1.2289
1850 -1.9864
1851 1.3056
1852 11.5050
1853 0.0000
1854 -3.3845
1855 5.8428
1856 7.9127
1857 5.8380
1858 5.5610
1859 -2.0319
1860 0.0000
1861 4.8581
1862 7.9706
1863 2.5791
1864 7.3541
1865 -1.9854
1866 6.4829
1867 0.0000
1868 5.3351
1869 5.2700
1870 0.1918
1871 -0.2648
1872 4.7045
1873 -4.4323
1874 0.0000
1875 3.7021
1876 12.5322
1877 5.3549
1878 4.2751
1879 11.7841
1880 5.5141
1881 0.0000
1882 -3.4345
1883 11.9572
1884 -0.3144
1885 3.8424
1886 7.7115
1887 9.3898
1888 0.0000
1889 3.3644
1890 9.2060
1891 11.7461
1892 5.2610
1893 6.5178
1894 4.1138
1895 0.0000
1896 2.6249
1897 1.1999
1898 -0.8719
1899 2.2195
1900 0.5737
1901 9.5169
1902 0.0000
1903 3.8047
1904 0.0000
1905 3.1302
1906 0.0000
1907 -2.5849
1908 0.0000
1909 7.1931
1910 4.6720
1911 0.0000
1912 3.5992
1913 5.1087
1914 4.8578
1915 10.5323
1916 0.0000
1917 2.1121
1918 3.9600
1919 1.1704
1920 0.0000
1921 4.4665
1922 5.8797
1923 1.4144
1924 0.0000
1925 -0.8010
1926 6.6163
1927 -4.6197
1928 1.6475
1929 3.6180
1930 -2.4607
1931 9.5044
1932 5.6203
1933 12.1914
1934 0.0000
1935 1.5119
1936 5.9491
1937 11.6181
1938 4.7884
1939 0.4542
1940 -1.0915
1941 0.0000
1942 -0.8421
1943 3.9754
1944 3.6273
1945 9.6175
1946 3.5559
1947 -3.2389
1948 0.0000
1949 -2.0516
1950 5.2486
1951 -0.3104
1952 4.9125
1953 3.9075
1954 -0.9298
1955 0.0000
1956 2.4354
1957 3.9080
1958 9.7257
1959 7.2712
1960 4.9337
1961 2.6229
1962 0.0000
1963 -0.0248
1964 0.5020
1965 5.1946
1966 1.7581
1967 5.3668
1968 2.4193
1969 0.0000
1970 3.9773
1971 6.6758
1972 7.5782
1973 6.4692
1974 -2.6324
1975 0.3041
1976 0.0000
1977 3.0742
1978 8.9792
1979 8.6589
1980 8.2394
1981 2.8784
1982 2.0722
1983 0.0000
1984 -0.5859
1985 -2.7750
1986 3.2491
1987 11.4027
1988 -0.5986
1989 3.0846
1990 0.0000
1991 0.2193
1992 7.0484
1993 5.2578
1994 0.6690
1995 -1.3099
1996 -1.1247
1997 0.0000
1998 -1.4665
1999 9.3718
2000 6.3725
2001 3.3197
2002 7.9882
2003 3.5805
2004 0.0000
2005 -4.7497
2006 2.5171
2007 -0.6137
2008 7.7037
2009 6.0357
2010 -1.8907
2011 0.0000
2012 4.0350
2013 1.7810
2014 0.0000
2015 15.5108
2016 -1.7659
2017 -0.6103
2018 -0.4773
2019 -4.1150
2020 -3.5333
2021 -3.5507
2022 4.6401
2023 0.0000
2024 -0.7155
2025 3.5456
2026 0.0000
2027 -2.8408
2028 0.0000
2029 5.4689
2030 0.0000
2031 5.8102
2032 8.3080
2033 0.0000
2034 -0.3243
2035 4.6325
2036 0.0000
2037 -4.0388
2038 3.0890
2039 9.1872
2040 0.0000
2041 -2.0113
2042 2.7656
2043 0.0000
2044 12.7543
2045 -2.3587
2046 -0.9112
2047 0.0000
2048 8.8672
2049 0.9262
2050 0.0000
2051 4.6444
2052 8.8043
2053 4.8768
2054 0.0000
2055 12.3902
2056 -4.7870
2057 0.0000
2058 0.9006
2059 -1.3213
2060 2.6848
2061 0.0000
2062 -3.1402
2063 -2.2431
2064 0.0000
2065 0.9911
2066 2.4498
2067 -2.0017
2068 0.0000
2069 6.3906
2070 14.6075
2071 0.0000
2072 0.6124
2073 7.8498
2074 4.6534
2075 0.0000
2076 6.7676
2077 -0.4595
2078 0.0000
2079 12.1298
2080 4.5162
2081 -2.9059
2082 0.0000
2083 -4.1977
2084 -7.0708
2085 0.0000
2086 6.1141
2087 -1.8615
2088 7.9655
2089 0.0000
2090 -1.9851
2091 -3.3910
2092 0.0000
2093 7.6627
2094 1.1275
2095 7.2848
2096 0.0000
2097 2.4275
2098 2.8064
2099 0.0000
2100 11.5993
2101 10.0740
2102 1.6934
2103 0.0000
2104 2.1466
2105 -1.0389
2106 0.0000
2107 6.3738
2108 -1.6484
2109 5.1037
2110 0.0000
2111 -0.8271
2112 8.4548
2113 0.0000
2114 -1.2063
2115 4.5225
2116 3.0089
2117 0.0000
2118 6.8200
2119 -1.5704
2120 0.0000
2121 5.0831
2122 -0.9258
2123 2.4944
2124 0.0000
2125 1.2471
2126 6.3179
2127 0.0000
2128 5.1153
2129 8.7677
2130 9.7498
2131 0.0000
2132 -3.3252
2133 5.8497
2134 0.0000
2135 1.5363
2136 1.3600
2137 4.4977
2138 0.0000
2139 5.9045
2140 0.3597
2141 0.0000
2142 5.0407
2143 1.6155
2144 3.3285
2145 0.0000
2146 -1.5267
2147 0.0000
2148 5.4808
2149 0.0000
2150 1.9181
2151 -0.9280
2152 0.0000
2153 -0.4086
2154 0.0000
2155 12.9932
2156 0.0000
2157 2.4456
2158 8.8217
2159 -7.3274
2160 0.0000
2161 4.0539
2162 -0.7673
2163 4.8136
2164 0.0000
2165 3.2726
2166 3.9304
2167 5.2531
2168 0.0000
2169 4.2563
2170 0.0000
2171 -5.9995
2172 0.0000
2173 3.6585
2174 5.9850
2175 0.0000
2176 1.9966
2177 0.0000
2178 4.7462
2179 -3.0093
2180 3.5437
2181 0.7791
2182 2.6003
2183 6.6445
2184 5.1750
2185 4.5119
2186 2.5636
2187 1.4672
2188 2.1807
2189 0.9833
2190 11.5598
2191 -4.1629
2192 0.9185
2193 10.0228
2194 0.0000
2195 5.3645
2196 -3.7111
2197 -0.7858
2198 8.4328
2199 -1.6889
2200 -5.5500
2201 -2.9169
2202 1.5610
2203 0.0000
2204 3.0815
2205 7.5671
2206 -3.7343
2207 -1.2392
2208 -0.3784
2209 6.8773
2210 0.0000
2211 -4.5531
2212 11.1599
2213 0.0507
2214 0.0000
2215 1.0692
2216 0.2117
2217 5.4173
2218 -0.4214
2219 3.4037
2220 -2.5020
2221 4.3746
2222 6.3971
2223 0.0000
2224 5.2062
2225 2.1839
2226 3.8312
2227 1.8054
2228 2.3441
2229 1.3012
2230 0.0000
2231 5.4270
2232 11.5561
2233 1.7116
2234 0.0000
2235 10.0871
2236 -2.9804
2237 1.0447
2238 -0.4215
2239 2.4939
2240 9.8202
2241 8.0899
2242 -1.2974
2243 0.0000
2244 8.0502
2245 4.3953
2246 3.2525
2247 4.2639
2248 7.8491
2249 3.3915
2250 0.0000
2251 3.9007
2252 1.1873
2253 5.0689
2254 0.0000
2255 -4.0761
2256 -2.3579
2257 5.4412
2258 6.4583
2259 -1.2869
2260 9.7138
2261 2.2552
2262 4.3146
2263 0.0000
2264 4.2323
2265 4.6395
2266 -1.0279
2267 4.0730
2268 1.4845
2269 0.1811
2270 0.0000
2271 5.0833
2272 6.9468
2273 8.7715
2274 6.7670
2275 6.0356
2276 5.8499
2277 -0.5933
2278 5.6698
2279 -0.4003
2280 2.7758
2281 5.8164
2282 6.2281
2283 -1.4681
2284 11.4774
2285 0.0000
2286 6.8216
2287 -7.5056
2288 8.2927
2289 5.3740
2290 0.0216
2291 10.3888
2292 -0.7663
2293 5.8378
2294 0.0000
2295 -0.8305
2296 -1.0546
2297 5.0682
2298 11.8707
2299 -4.4081
2300 4.6694
2301 0.0000
2302 1.7879
2303 3.2728
2304 1.7724
2305 0.0000
2306 3.7633
2307 1.2236
2308 0.2382
2309 6.5467
2310 4.2862
2311 8.4524
2312 -4.4742
2313 1.8761
2314 0.0000
2315 9.5543
2316 8.5348
2317 6.1189
2318 -1.6654
2319 0.6810
2320 1.4425
2321 0.0000
2322 -2.3031
2323 3.0790
2324 3.7249
2325 0.0000
2326 -2.7428
2327 2.2486
2328 -1.7676
2329 -1.5548
2330 -4.5876
2331 6.8318
2332 -1.1858
2333 0.3690
2334 0.0000
2335 3.1628
2336 6.7969
2337 -0.3421
2338 2.4807
2339 13.5340
2340 2.7563
2341 0.0000
2342 0.1321
2343 8.9595
2344 16.6454
2345 0.0000
2346 5.2280
2347 2.6530
2348 7.7978
2349 3.8526
2350 1.2406
2351 -0.7630
2352 0.2934
2353 4.3641
2354 0.0000
2355 -1.0905
2356 -2.4940
2357 9.4197
2358 4.1040
2359 10.1729
2360 0.7068
2361 0.0000
2362 3.9638
2363 10.3066
2364 7.0356
2365 6.1599
2366 -1.8747
2367 7.1615
2368 -0.7823
2369 8.5112
2370 6.5371
2371 -2.6575
2372 11.2283
2373 2.7703
2374 3.5436
2375 -3.8964
2376 0.0000
2377 3.8408
2378 1.3150
2379 4.7034
2380 0.7205
2381 1.8877
2382 -0.9114
2383 -3.1103
2384 5.5557
2385 0.0000
2386 7.5152
2387 0.5476
2388 8.1632
2389 5.5817
2390 10.5415
2391 5.4867
2392 0.0000
2393 7.3791
2394 3.9994
2395 -5.5361
2396 0.0000
2397 3.3616
2398 -1.9880
2399 3.4810
2400 5.3366
2401 -3.7985
2402 5.2746
2403 6.3165
2404 -1.6947
2405 0.0000
2406 4.9882
2407 8.7107
2408 3.7605
2409 2.4779
2410 5.2023
2411 8.0547
2412 0.0000
2413 1.2721
2414 2.2628
2415 1.3234
2416 0.0000
2417 3.9757
2418 -1.5373
2419 6.7203
2420 -0.2242
2421 1.6537
2422 -1.9690
2423 0.4496
2424 12.5585
2425 0.0000
2426 10.4833
2427 5.1869
2428 7.9104
2429 -1.0775
2430 2.7294
2431 4.8376
2432 0.0000
2433 -3.5044
2434 1.2335
2435 -2.2297
2436 0.0000
2437 1.7002
2438 2.3684
2439 4.1162
2440 -3.0144
2441 6.0349
2442 17.6173
2443 1.8766
2444 10.7139
2445 0.0000
2446 5.4789
2447 7.1625
2448 10.8547
2449 0.0273
2450 -0.1208
2451 3.6795
2452 0.0000
2453 4.8169
2454 -1.8340
2455 1.5075
2456 5.9313
2457 1.7005
2458 4.0391
2459 9.7343
2460 13.2267
2461 3.8694
2462 1.7101
2463 1.4297
2464 -0.5660
2465 4.7266
2466 1.9250
2467 0.0000
2468 -0.3071
2469 -3.2303
2470 -0.1394
2471 5.9976
2472 -2.9056
2473 -3.2253
2474 0.7242
2475 0.6028
2476 0.0000
2477 -0.5139
2478 9.0547
2479 1.3711
2480 -6.0194
2481 12.4638
2482 2.7519
2483 0.0000
2484 -1.0028
2485 4.4228
2486 9.4956
2487 0.0000
2488 4.0586
2489 2.5102
2490 4.5289
2491 5.7698
2492 -2.8135
2493 19.7052
2494 7.7956
2495 3.6145
2496 0.0000
2497 10.1745
2498 9.1089
2499 1.2975
2500 1.6503
2501 2.5861
2502 4.4032
2503 0.0000
2504 3.6345
2505 3.9334
2506 6.0260
2507 0.0000
2508 6.9016
2509 0.3359
2510 8.0132
2511 -6.4343
2512 2.2012
2513 9.2596
2514 8.8669
2515 9.3908
2516 0.0000
2517 4.5194
2518 8.3548
2519 2.4649
2520 7.3357
2521 6.6407
2522 -1.7499
2523 0.0000
2524 4.7206
2525 -5.9809
2526 2.6933
2527 0.0000
2528 3.7265
2529 3.8217
2530 1.8925
2531 0.7967
2532 -4.9454
2533 -0.9462
2534 6.1202
2535 -1.6216
2536 0.0000
2537 4.3507
2538 -2.4795
2539 6.8094
2540 6.4981
2541 -1.5159
2542 -2.6042
2543 0.0000
2544 -1.1583
2545 0.0000
2546 -0.7238
2547 0.0000
2548 4.2289
2549 9.8108
2550 3.9677
2551 2.4779
2552 6.6889
2553 3.3651
2554 -2.6896
2555 -4.3906
2556 0.0000
2557 -2.8921
2558 4.2899
2559 -1.6335
2560 -5.0303
2561 -0.6028
2562 5.5304
2563 0.0000
2564 0.3957
2565 8.3757
2566 0.0308
2567 0.5959
2568 4.4096
2569 3.1214
2570 0.0000
2571 -4.6190
2572 2.5770
2573 2.6411
2574 0.7118
2575 -1.5949
2576 8.1652
2577 0.0000
2578 0.0233
2579 -3.4773
2580 0.3514
2581 9.4276
2582 8.3588
2583 1.7748
2584 0.0000
2585 -1.6816
2586 5.6341
2587 4.3846
2588 -2.1359
2589 17.9524
2590 7.8395
2591 0.0000
2592 0.6564
2593 2.3607
2594 2.3239
2595 10.3728
2596 5.4075
2597 6.9840
2598 0.0000
2599 6.2385
2600 11.3973
2601 6.8139
2602 0.8100
2603 -2.8836
2604 6.1761
2605 0.0000
2606 0.2264
2607 7.9253
2608 1.2340
2609 14.0679
2610 2.8996
2611 5.2232
2612 0.0000
2613 2.0741
2614 -3.9328
2615 6.0562
2616 -2.9790
2617 9.1615
2618 5.7254
2619 0.0000
2620 -3.0021
2621 1.6181
2622 -1.7270
2623 3.8081
2624 2.2040
2625 9.9909
2626 0.0000
2627 -3.5313
2628 -4.3820
2629 5.0874
2630 -3.1776
2631 8.8040
2632 7.0170
2633 0.0000
2634 5.8316
2635 5.4402
2636 5.1296
2637 1.8990
2638 6.6910
2639 6.8975
2640 0.0000
2641 3.9730
2642 -4.2045
2643 3.1404
2644 4.7784
2645 3.7530
2646 12.0212
2647 0.0000
2648 0.5413
2649 8.3851
2650 -1.5478
2651 1.6160
2652 4.6691
2653 12.1770
2654 0.0000
2655 -6.3659
2656 0.1583
2657 3.3902
2658 11.3550
2659 2.1246
2660 5.2283
2661 0.0000
2662 2.4002
2663 0.0000
2664 3.7339
2665 0.0000
2666 0.6248
2667 0.0000
2668 2.4718
2669 -0.9894
2670 0.0000
2671 9.5336
2672 2.8687
2673 3.0672
2674 2.4375
2675 0.0000
2676 6.9905
2677 -1.2341
2678 6.0952
2679 0.0000
2680 4.0294
2681 2.7241
2682 1.0770
2683 0.0000
2684 4.6400
2685 -0.5019
2686 6.6418
2687 -3.8064
2688 4.3748
2689 -4.6078
2690 2.9164
2691 1.3906
2692 8.1055
2693 0.0000
2694 3.7657
2695 -4.1103
2696 4.5506
2697 -0.0767
2698 6.0442
2699 -0.2586
2700 0.0000
2701 3.4037
2702 1.9600
2703 6.5791
2704 2.1472
2705 7.3269
2706 5.8235
2707 0.0000
2708 -6.5270
2709 1.2354
2710 8.5387
2711 6.4943
2712 5.6823
2713 -4.5795
2714 0.0000
2715 -0.9534
2716 -0.1822
2717 11.3606
2718 4.1567
2719 -1.7567
2720 -1.5416
2721 0.0000
2722 6.1924
2723 9.9020
2724 5.4930
2725 3.0387
2726 5.1673
2727 7.3944
2728 0.0000
2729 -2.2567
2730 0.5987
2731 1.8482
2732 7.2696
2733 7.4365
2734 5.5886
2735 0.0000
2736 -3.3268
2737 9.6299
2738 5.7014
2739 2.4973
2740 -0.8109
2741 1.1642
2742 0.0000
2743 1.5346
2744 8.6955
2745 5.8717
2746 9.0844
2747 0.3112
2748 -1.0505
2749 0.0000
2750 1.2163
2751 4.5559
2752 3.7428
2753 3.3663
2754 -0.9337
2755 7.4970
2756 0.0000
2757 -1.3636
2758 1.2934
2759 10.9157
2760 -0.3991
2761 4.2155
2762 9.8459
2763 0.0000
2764 -2.4374
2765 8.3001
2766 -0.1683
2767 -1.0514
2768 3.3107
2769 2.5474
2770 0.0000
2771 8.6794
2772 6.4583
2773 0.0000
2774 2.9159
2775 4.2245
2776 -4.5732
2777 8.9569
2778 2.0972
2779 5.6011
2780 -0.7833
2781 2.5790
2782 0.0000
2783 4.2905
2784 5.5763
2785 0.0000
2786 4.1101
2787 0.0000
2788 6.8108
2789 0.0000
2790 6.2510
2791 2.9427
2792 0.0000
2793 2.7930
2794 4.8193
2795 0.0000
2796 4.4359
2797 4.7934
2798 -1.3967
2799 0.0000
2800 -6.4765
2801 5.1564
2802 0.0000
2803 9.0673
2804 -1.2023
2805 1.3691
2806 0.0000
2807 -0.7912
2808 4.5969
2809 0.0000
2810 -3.9762
2811 4.7007
2812 10.8646
2813 0.0000
2814 6.0596
2815 0.8644
2816 0.0000
2817 -1.6166
2818 4.0608
2819 1.5537
2820 0.0000
2821 -2.4372
2822 1.9808
2823 0.0000
2824 1.2134
2825 4.4327
2826 7.7689
2827 0.0000
2828 5.0549
2829 2.2978
2830 0.0000
2831 -1.3136
2832 11.1849
2833 3.7579
2834 0.0000
2835 8.0804
2836 6.0494
2837 0.0000
2838 4.9804
2839 3.5442
2840 4.2106
2841 0.0000
2842 0.2465
2843 2.3013
2844 0.0000
2845 5.0168
2846 8.8278
2847 -3.3410
2848 0.0000
2849 -3.1876
2850 1.7414
2851 0.0000
2852 3.0702
2853 8.4007
2854 13.0961
2855 0.0000
2856 -3.0285
2857 7.9001
2858 0.0000
2859 4.6067
2860 10.0816
2861 -6.0021
2862 0.0000
2863 6.7083
2864 -2.6872
2865 0.0000
2866 3.3159
2867 6.2670
2868 -1.8314
2869 0.0000
2870 6.1040
2871 5.8024
2872 0.0000
2873 4.6451
2874 2.8739
2875 6.1272
2876 0.0000
2877 1.0479
2878 11.5762
2879 0.0000
2880 3.0780
2881 -0.3960
2882 7.4100
2883 0.0000
2884 -1.5396
2885 5.6673
2886 0.0000
2887 -0.1426
2888 13.8430
2889 -1.9037
2890 0.0000
2891 -0.0083
2892 -4.6091
2893 0.0000
2894 -4.3918
2895 9.0081
2896 9.4451
2897 0.0000
2898 7.7070
2899 2.8051
2900 0.0000
2901 10.2881
2902 -1.4693
2903 -9.7115
2904 0.0000
2905 4.5390
2906 0.0000
2907 2.6811
2908 0.0000
2909 7.4008
2910 11.6623
2911 0.0000
2912 -3.1930
2913 0.0000
2914 -5.6297
2915 0.0000
2916 9.3819
2917 5.6066
2918 -1.0665
2919 0.0000
2920 0.6050
2921 2.4121
2922 2.8140
2923 0.0000
2924 0.5432
2925 -0.3636
2926 -0.2054
2927 0.0000
2928 -2.3623
2929 0.0000
2930 3.6680
2931 0.0000
2932 8.1958
2933 -1.2324
2934 0.0000
2935 -1.6206
2936 0.0000
2937 -3.9747
2938 2.5356
2939 2.4570
2940 8.6665
2941 2.6996
2942 4.5717
2943 -3.2447
2944 2.1317
2945 4.7264
2946 -10.2352
2947 -1.1123
2948 4.6846
2949 -1.4241
2950 3.2867
2951 5.0162
2952 2.5831
2953 0.0000
2954 1.8767
2955 -6.0194
2956 -0.1243
2957 5.4577
2958 -2.9323
2959 9.2405
2960 4.8550
2961 6.1523
2962 0.0000
2963 0.5381
2964 4.1014
2965 3.0560
2966 -3.5309
2967 2.6236
2968 2.9517
2969 0.0000
2970 5.6148
2971 10.9288
2972 3.1112
2973 0.0000
2974 1.3288
2975 -0.8076
2976 0.7341
2977 -2.3811
2978 0.1715
2979 10.9809
2980 0.4946
2981 -1.6304
2982 0.0000
2983 7.0506
2984 8.6090
2985 3.4016
2986 1.5808
2987 1.3170
2988 9.1821
2989 0.0000
2990 -0.4296
2991 2.1080
2992 1.2057
2993 0.0000
2994 7.0409
2995 -6.7131
2996 4.9872
2997 0.7199
2998 3.6694
2999 -4.0256
3000 -3.5177
3001 7.5440
3002 0.0000
3003 3.3706
3004 5.3632
3005 1.6230
3006 6.6044
3007 -1.6905
3008 2.9580
3009 0.0000
3010 -1.7355
3011 5.1763
3012 5.9368
3013 0.0000
3014 2.9075
3015 1.0996
3016 5.0546
3017 2.4549
3018 3.3585
3019 5.0259
3020 -1.0953
3021 3.7812
3022 0.0000
3023 15.7292
3024 10.1666
3025 2.6962
3026 9.6376
3027 0.8249
3028 7.0904
3029 0.0000
3030 6.7288
3031 3.5579
3032 -0.2345
3033 5.3053
3034 5.8797
3035 5.4347
3036 9.1990
3037 3.7711
3038 -2.4089
3039 2.8590
3040 1.3004
3041 -1.6950
3042 5.3932
3043 1.8059
3044 0.0000
3045 10.0710
3046 -1.0418
3047 -1.7800
3048 1.5311
3049 -5.4669
3050 8.6040
3051 -0.0692
3052 9.8276
3053 0.0000
3054 4.8202
3055 -6.8819
3056 5.7359
3057 -3.5574
3058 7.8304
3059 6.6907
3060 0.0000
3061 2.8412
3062 3.6402
3063 2.6612
3064 0.0000
3065 9.6816
3066 -2.5599
3067 2.7833
3068 7.1256
3069 -1.9583
3070 -2.7430
3071 -4.2126
3072 2.1369
3073 0.0000
3074 9.4563
3075 9.8840
3076 10.2515
3077 -0.0314
3078 7.8110
3079 1.1093
3080 0.0000
3081 2.1821
3082 3.7235
3083 -1.2135
3084 0.0000
3085 3.6464
3086 1.3021
3087 2.5528
3088 4.7745
3089 -2.1866
3090 -2.9566
3091 2.4290
3092 -1.3734
3093 0.0000
3094 6.0050
3095 2.9204
3096 5.4922
3097 8.5682
3098 -1.0778
3099 3.8525
3100 0.0000
3101 7.3085
3102 4.4669
3103 6.6948
3104 0.0000
3105 7.0406
3106 2.2285
3107 -0.0974
3108 6.0055
3109 -5.1436
3110 21.5471
3111 3.2354
3112 -5.5208
3113 0.0000
3114 -2.0842
3115 4.5000
3116 4.5048
3117 11.3386
3118 5.1524
3119 7.0918
3120 0.0000
3121 0.8652
3122 7.7361
3123 8.7276
3124 -0.7333
3125 -1.5464
3126 8.7916
3127 6.8736
3128 10.0753
3129 4.5781
3130 -0.0222
3131 4.9557
3132 -0.6035
3133 10.2487
3134 3.6004
3135 0.0000
3136 4.8845
3137 -2.0832
3138 3.5379
3139 7.1311
3140 -7.1381
3141 11.7926
3142 11.2788
3143 2.7333
3144 0.0000
3145 3.7724
3146 7.3613
3147 6.7993
3148 8.4432
3149 8.0960
3150 -2.1978
3151 0.0000
3152 -2.1681
3153 10.9249
3154 11.9126
3155 0.0000
3156 10.3832
3157 -3.6361
3158 -0.4114
3159 5.4712
3160 3.7524
3161 7.6270
3162 3.9979
3163 9.3870
3164 0.0000
3165 4.0121
3166 4.1005
3167 2.2671
3168 6.4455
3169 10.1845
3170 5.9775
3171 0.0000
3172 6.2556
3173 5.7806
3174 12.3095
3175 0.0000
3176 1.8206
3177 -0.1355
3178 5.5909
3179 13.1067
3180 -0.0526
3181 8.1067
3182 6.7349
3183 1.4724
3184 0.0000
3185 2.3564
3186 -4.1847
3187 2.9967
3188 14.4997
3189 5.4822
3190 14.2053
3191 0.0000
3192 1.0129
3193 10.6970
3194 0.8730
3195 0.0000
3196 2.8104
3197 0.5067
3198 -0.1463
3199 5.9266
3200 -3.8116
3201 11.2223
3202 7.4240
3203 11.0711
3204 0.0000
3205 4.9737
3206 1.4088
3207 15.7863
3208 7.5984
3209 3.9314
3210 5.1182
3211 0.0000
3212 7.5167
3213 8.0745
3214 -2.0408
3215 9.0836
3216 2.3122
3217 3.1122
3218 8.6842
3219 8.8912
3220 3.7471
3221 -4.9416
3222 6.2629
3223 6.9819
3224 1.3697
3225 9.0234
3226 0.0000
3227 8.6136
3228 -13.5481
3229 4.9682
3230 0.4035
3231 -3.1095
3232 -2.7175
3233 -1.0580
3234 4.1976
3235 0.0000
3236 11.1177
3237 3.3607
3238 7.1829
3239 0.1191
3240 2.7193
3241 2.5673
3242 0.0000
3243 -1.5485
3244 0.3451
3245 8.2266
3246 0.0000
3247 3.6037
3248 -7.7807
3249 -4.8348
3250 2.6989
3251 2.3724
3252 -2.5444
3253 2.6509
3254 3.7438
3255 0.0000
3256 5.9498
3257 6.2082
3258 4.4047
3259 2.5434
3260 3.0854
3261 5.8358
3262 0.0000
3263 2.3956
3264 7.5369
3265 -1.0347
3266 0.0000
3267 -2.5155
3268 5.4377
3269 -1.8957
3270 -1.3832
3271 6.0408
3272 5.2986
3273 0.6956
3274 7.7541
3275 0.0000
3276 10.2080
3277 5.8450
3278 4.2459
3279 7.0748
3280 5.3482
3281 -0.2167
3282 0.0000
3283 -7.4904
3284 7.3075
3285 6.1598
3286 0.0000
3287 4.1708
3288 -4.8464
3289 -1.2805
3290 4.4741
3291 -7.6995
3292 1.4082
3293 0.7931
3294 0.4959
3295 0.0000
3296 -3.0208
3297 6.7808
3298 -0.2720
3299 3.1834
3300 -5.6156
3301 3.1355
3302 0.0000
3303 -3.4946
3304 0.0000
3305 -2.0937
3306 0.0000
3307 5.1310
3308 3.8526
3309 -2.7814
3310 0.2224
3311 -0.3806
3312 1.4179
3313 3.0706
3314 -2.8883
3315 0.0000
3316 -4.2872
3317 2.9466
3318 2.0867
3319 7.1011
3320 2.1905
3321 8.2696
3322 0.0000
3323 -3.8804
3324 12.6193
3325 5.8865
3326 -1.2334
3327 4.3907
3328 7.7571
3329 0.0000
3330 -9.2079
3331 5.0334
3332 -1.7191
3333 5.9126
3334 -2.4342
3335 0.4843
3336 0.0000
3337 5.0551
3338 2.6496
3339 -5.8083
3340 2.4509
3341 8.1407
3342 9.8453
3343 0.0000
3344 -0.5547
3345 -1.4649
3346 7.2912
3347 7.1539
3348 4.9367
3349 3.7280
3350 0.0000
3351 1.1569
3352 2.9199
3353 1.7281
3354 8.9775
3355 2.0421
3356 4.6182
3357 0.0000
3358 1.7208
3359 8.1506
3360 0.7230
3361 1.0437
3362 7.2423
3363 2.0532
3364 0.0000
3365 5.5027
3366 1.3836
3367 2.0532
3368 5.2897
3369 4.4019
3370 7.6464
3371 0.0000
3372 -2.4411
3373 -5.6623
3374 -2.5945
3375 7.7579
3376 5.7299
3377 0.8382
3378 0.0000
3379 1.7288
3380 5.4845
3381 0.9514
3382 -0.2376
3383 8.3374
3384 0.2619
3385 0.0000
3386 -1.9367
3387 6.3770
3388 11.0423
3389 -0.6498
3390 3.4688
3391 5.4667
3392 0.0000
3393 -1.0062
3394 4.4680
3395 8.2673
3396 11.4010
3397 5.8234
3398 2.4681
3399 0.0000
3400 -0.0356
3401 4.5152
3402 -0.7196
3403 3.3767
3404 6.1969
3405 1.6571
3406 0.0000
3407 6.1082
3408 6.1919
3409 2.7067
3410 3.8699
3411 2.0436
3412 5.3795
3413 0.0000
3414 2.3956
3415 5.3274
3416 4.8943
3417 -0.2037
3418 8.3430
3419 1.1891
3420 0.0000
3421 5.3108
3422 0.0000
3423 8.7973
3424 0.0000
3425 6.2141
3426 0.0000
3427 3.2779
3428 7.3135
3429 0.0000
3430 -2.7561
3431 6.3749
3432 2.5554
3433 5.4367
3434 0.0000
3435 3.0931
3436 6.1914
3437 -1.5340
3438 0.0000
3439 4.3625
3440 5.3484
3441 7.7825
3442 0.0000
3443 3.0256
3444 -0.0450
3445 4.0639
3446 -7.1595
3447 3.8816
3448 5.9851
3449 2.3043
3450 -0.5164
3451 4.2744
3452 0.0000
3453 -5.5221
3454 6.8351
3455 4.4722
3456 1.4651
3457 0.0911
3458 -0.3562
3459 0.0000
3460 -2.2390
3461 9.6845
3462 6.3731
3463 2.4413
3464 5.1197
3465 1.9493
3466 0.0000
3467 -4.0269
3468 3.4705
3469 -0.3014
3470 3.6651
3471 2.2088
3472 -4.2428
3473 0.0000
3474 6.2743
3475 3.3343
3476 5.4744
3477 8.7933
3478 -3.6442
3479 3.5232
3480 0.0000
3481 -1.1094
3482 0.3834
3483 6.6702
3484 6.3343
3485 1.2947
3486 0.3630
3487 0.0000
3488 6.7062
3489 13.1335
3490 9.1607
3491 4.0445
3492 5.6129
3493 4.9939
3494 0.0000
3495 2.4401
3496 12.6239
3497 5.2879
3498 4.3153
3499 7.4505
3500 2.2858
3501 0.0000
3502 -0.6575
3503 -0.0086
3504 0.1050
3505 -0.7081
3506 5.6467
3507 -0.7126
3508 0.0000
3509 -5.4772
3510 5.5167
3511 -2.2508
3512 -0.6937
3513 -5.0075
3514 1.9075
3515 0.0000
3516 -0.5960
3517 4.5959
3518 -0.6894
3519 3.2896
3520 4.2973
3521 5.8951
3522 0.0000
3523 -7.9946
3524 8.1835
3525 2.9653
3526 3.0436
3527 13.1269
3528 4.6630
3529 0.0000
3530 3.5713
3531 2.2779
3532 0.0000
3533 7.1530
3534 8.2194
3535 2.4280
3536 -1.0861
3537 -2.4303
3538 3.5639
3539 1.6367
3540 -0.8851
3541 0.0000
3542 7.4686
3543 4.1746
3544 0.0000
3545 4.5010
3546 0.0000
3547 1.0663
3548 0.0000
3549 -5.6366
3550 4.1573
3551 0.0000
3552 -0.5219
3553 0.6401
3554 0.0000
3555 1.8412
3556 2.3669
3557 2.5972
3558 0.0000
3559 -1.8350
3560 5.1499
3561 0.0000
3562 8.6142
3563 0.7709
3564 5.7193
3565 0.0000
3566 1.7689
3567 1.1818
3568 0.0000
3569 6.2019
3570 6.5344
3571 6.0017
3572 0.0000
3573 4.8042
3574 8.2142
3575 0.0000
3576 5.2888
3577 1.1372
3578 2.9095
3579 0.0000
3580 2.1082
3581 5.9561
3582 0.0000
3583 5.4840
3584 7.1983
3585 9.9697
3586 0.0000
3587 0.7359
3588 4.1606
3589 0.0000
3590 3.9219
3591 3.5330
3592 0.2296
3593 0.0000
3594 -5.0453
3595 -3.6066
3596 0.0000
3597 7.0443
3598 3.4521
3599 -5.4269
3600 0.0000
3601 -4.1863
3602 3.9866
3603 0.0000
3604 5.9851
3605 3.7747
3606 6.4206
3607 0.0000
3608 -0.2929
3609 5.5500
3610 0.0000
3611 2.8019
3612 3.7481
3613 5.0706
3614 0.0000
3615 -4.9570
3616 8.1813
3617 0.0000
3618 3.7508
3619 7.7517
3620 7.1602
3621 0.0000
3622 1.4604
3623 6.7576
3624 0.0000
3625 0.3421
3626 6.3306
3627 5.1265
3628 0.0000
3629 -6.1827
3630 3.0362
3631 0.0000
3632 4.8637
3633 2.0151
3634 0.2174
3635 0.0000
3636 5.3515
3637 10.0372
3638 0.0000
3639 2.7539
3640 -1.1989
3641 7.8550
3642 0.0000
3643 1.8852
3644 1.5396
3645 0.0000
3646 2.5583
3647 5.0069
3648 -2.7134
3649 0.0000
3650 -5.1861
3651 3.6139
3652 0.0000
3653 9.5857
3654 2.1796
3655 6.5270
3656 0.0000
3657 1.2974
3658 4.8250
3659 0.0000
3660 -3.3868
3661 -2.6672
3662 -5.2317
3663 0.0000
3664 -5.5727
3665 0.0000
3666 3.6279
3667 0.0000
3668 1.6029
3669 2.9726
3670 0.0000
3671 5.6409
3672 0.0000
3673 10.6761
3674 0.0000
3675 2.5138
3676 2.9564
3677 4.9845
3678 0.0000
3679 14.0793
3680 9.3232
3681 2.0852
3682 0.0000
3683 1.1313
3684 -5.6784
3685 6.7050
3686 0.0000
3687 6.0847
3688 0.0000
3689 6.3092
3690 0.0000
3691 5.2829
3692 8.0625
3693 0.0000
3694 7.5051
3695 0.0000
3696 4.5098
3697 -0.9041
3698 -2.6077
3699 1.4352
3700 9.2908
3701 6.4797
3702 -0.5990
3703 7.3344
3704 3.5843
3705 -0.1406
3706 5.1058
3707 -0.0344
3708 11.9804
3709 11.9806
3710 2.7317
3711 8.9316
3712 0.0000
3713 8.3336
3714 2.3126
3715 -1.5574
3716 3.1970
3717 -1.2814
3718 1.6585
3719 7.4846
3720 4.3021
3721 0.0000
3722 4.0566
3723 5.7582
3724 -0.2757
3725 6.9568
3726 2.0319
3727 6.4354
3728 0.0000
3729 6.2172
3730 10.9370
3731 6.4693
3732 0.0000
3733 8.4361
3734 1.1416
3735 1.6400
3736 0.8293
3737 1.8388
3738 14.2281
3739 8.2646
3740 -1.0941
3741 0.0000
3742 5.3044
3743 -4.3810
3744 4.8821
3745 9.1031
3746 2.1587
3747 6.8807
3748 0.0000
3749 -0.2880
3750 5.5911
3751 10.4917
3752 0.0000
3753 -2.9501
3754 3.9182
3755 5.8212
3756 1.1449
3757 1.1295
3758 11.8602
3759 3.5725
3760 -3.3000
3761 0.0000
3762 5.6091
3763 4.9934
3764 5.4401
3765 6.9080
3766 6.0407
3767 -1.9144
3768 0.0000
3769 -1.3118
3770 2.6032
3771 19.5444
3772 0.0000
3773 1.8409
3774 4.0524
3775 10.4618
3776 0.5324
3777 2.2271
3778 13.8986
3779 1.4270
3780 6.7294
3781 0.0000
3782 8.2504
3783 12.2668
3784 -0.2622
3785 4.2874
3786 0.1521
3787 -0.2247
3788 0.0000
3789 -4.3605
3790 6.5511
3791 1.0516
3792 0.9850
3793 4.0229
3794 0.1123
3795 8.1652
3796 7.5831
3797 7.0311
3798 1.0527
3799 14.4618
3800 -1.1204
3801 8.7351
3802 4.0850
3803 0.0000
3804 6.7866
3805 -1.2878
3806 -0.8570
3807 -2.1222
3808 0.0354
3809 6.3171
3810 5.4871
3811 6.3669
3812 0.0000
3813 5.3785
3814 -4.2010
3815 0.5426
3816 11.9591
3817 7.3137
3818 5.8120
3819 0.0000
3820 0.0019
3821 12.9974
3822 0.5953
3823 0.0000
3824 2.4725
3825 -1.8314
3826 9.6341
3827 3.8387
3828 1.1193
3829 -3.5126
3830 -3.3984
3831 5.7569
3832 0.0000
3833 2.3641
3834 2.3869
3835 3.7874
3836 2.5436
3837 9.6105
3838 3.7152
3839 0.0000
3840 10.4919
3841 4.0261
3842 7.0018
3843 0.0000
3844 6.0826
3845 4.9148
3846 16.3936
3847 2.6922
3848 1.8780
3849 10.7496
3850 4.3525
3851 -4.5973
3852 0.0000
3853 7.0736
3854 11.6188
3855 5.6229
3856 7.0828
3857 4.4895
3858 0.3072
3859 0.0000
3860 2.0825
3861 4.8222
3862 -0.9332
3863 0.0000
3864 8.6781
3865 2.2863
3866 0.5587
3867 7.9193
3868 6.1246
3869 2.4045
3870 5.7618
3871 2.5264
3872 0.0000
3873 4.6613
3874 1.5220
3875 11.9882
3876 3.2563
3877 4.9643
3878 7.1528
3879 0.0000
3880 2.9377
3881 0.1438
3882 2.7186
3883 2.2848
3884 8.9478
3885 0.1151
3886 9.4191
3887 6.8207
3888 1.8877
3889 3.1997
3890 -0.6789
3891 3.1413
3892 3.3341
3893 2.8587
3894 0.0000
3895 4.6385
3896 -2.7107
3897 12.4446
3898 -3.2385
3899 -0.4850
3900 14.9388
3901 5.0107
3902 10.5019
3903 0.0000
3904 5.0249
3905 4.0672
3906 9.7169
3907 4.7143
3908 9.6773
3909 9.5687
3910 0.0000
3911 -5.6307
3912 5.2634
3913 11.9810
3914 0.0000
3915 5.5762
3916 2.2019
3917 4.9963
3918 1.5996
3919 4.5032
3920 -5.7619
3921 -0.8701
3922 2.7438
3923 0.0000
3924 4.5186
3925 -1.7479
3926 -3.9778
3927 5.8389
3928 5.6447
3929 6.1223
3930 0.0000
3931 -0.9230
3932 3.7619
3933 7.2301
3934 0.0000
3935 0.0509
3936 4.3591
3937 2.7040
3938 8.6661
3939 -0.6516
3940 -4.7130
3941 -2.9552
3942 0.9959
3943 0.0000
3944 7.8628
3945 6.0069
3946 6.7573
3947 13.4898
3948 1.6393
3949 4.7806
3950 0.0000
3951 -2.4909
3952 6.7101
3953 -1.6443
3954 0.0000
3955 3.1173
3956 3.4998
3957 3.6760
3958 7.2111
3959 -3.6119
3960 10.7746
3961 3.6504
3962 3.9307
3963 0.0000
3964 1.3269
3965 11.9209
3966 -1.0939
3967 5.6186
3968 4.8099
3969 7.5897
3970 0.0000
3971 2.4382
3972 3.0096
3973 1.0977
3974 7.3926
3975 6.1422
3976 4.3386
3977 4.2579
3978 4.7739
3979 5.6648
3980 10.0057
3981 -0.6310
3982 6.1783
3983 6.6327
3984 2.1814
3985 0.0000
3986 7.2281
3987 -3.0207
3988 1.3112
3989 4.9902
3990 1.4414
3991 -0.4523
3992 -0.5639
3993 -3.0707
3994 0.0000
3995 15.1476
3996 5.4579
3997 8.2864
3998 4.1694
3999 10.0093
4000 6.8546
4001 0.0000
4002 3.4387
4003 5.8022
4004 5.9116
4005 0.0000
4006 1.5995
4007 -1.2075
4008 10.8547
4009 6.6608
4010 -0.5575
4011 -3.8632
4012 4.2751
4013 8.0622
4014 0.0000
4015 11.4523
4016 9.9103
4017 5.0134
4018 6.7268
4019 14.5899
4020 6.4697
4021 0.0000
4022 1.7169
4023 3.5666
4024 6.6696
4025 0.0000
4026 1.0530
4027 5.2258
4028 -0.7746
4029 4.8262
4030 0.6359
4031 7.3979
4032 0.2532
4033 4.4373
4034 0.0000
4035 7.1503
4036 4.5814
4037 5.7364
4038 -2.6574
4039 16.0326
4040 -5.4819
4041 0.0000
4042 1.6997
4043 7.8930
4044 0.0521
4045 0.0000
4046 1.5866
4047 0.7357
4048 7.9776
4049 2.3038
4050 -0.4861
4051 5.1887
4052 11.9035
4053 4.6889
4054 0.0000
4055 0.1720
4056 -1.1262
4057 1.9131
4058 6.6249
4059 0.0799
4060 1.0396
4061 0.0000
4062 -1.4472
4063 0.0000
4064 4.1345
4065 0.0000
4066 7.4319
4067 -3.1053
4068 -3.5875
4069 4.8498
4070 3.4517
4071 -2.3814
4072 3.5889
4073 -1.4346
4074 0.0000
4075 3.8833
4076 5.1466
4077 5.0729
4078 4.1136
4079 6.5814
4080 3.2576
4081 0.0000
4082 4.1316
4083 4.1001
4084 9.9382
4085 6.7759
4086 3.8969
4087 4.4337
4088 0.0000
4089 -0.6484
4090 3.4960
4091 -1.8607
4092 0.1043
4093 0.8928
4094 0.0294
4095 0.0000
4096 0.9623
4097 11.2139
4098 -3.7140
4099 2.2476
4100 9.9124
4101 5.4533
4102 0.0000
4103 2.1103
4104 6.6130
4105 -4.0888
4106 7.8913
4107 -0.8773
4108 1.3509
4109 0.0000
4110 0.1715
4111 3.7731
4112 -4.6146
4113 -1.5062
4114 6.7145
4115 3.6491
4116 0.0000
4117 1.2754
4118 -1.7652
4119 5.2965
4120 5.0684
4121 2.8038
4122 4.5066
4123 0.0000
4124 0.6117
4125 -3.0828
4126 1.2347
4127 2.4625
4128 1.1882
4129 1.2353
4130 0.0000
4131 2.0233
4132 5.1395
4133 11.2322
4134 2.5049
4135 4.7177
4136 2.7985
4137 0.0000
4138 0.9030
4139 10.4756
4140 3.1756
4141 3.4708
4142 9.2843
4143 7.8227
4144 0.0000
4145 7.1623
4146 6.3019
4147 12.7557
4148 8.1820
4149 5.9742
4150 2.2884
4151 0.0000
4152 -2.7894
4153 -2.4058
4154 -1.1219
4155 1.3919
4156 2.3808
4157 -5.6679
4158 0.0000
4159 2.1254
4160 3.6797
4161 12.5679
4162 7.7965
4163 5.8610
4164 -2.4450
4165 0.0000
4166 8.9219
4167 11.0676
4168 4.1223
4169 2.1933
4170 7.9963
4171 0.1955
4172 0.0000
4173 -3.9849
4174 2.9840
4175 9.7220
4176 -4.6869
4177 2.5002
4178 -0.9225
4179 0.0000
4180 3.3804
4181 0.0000
4182 3.1672
4183 0.0000
4184 7.4500
4185 0.0000
4186 -2.9753
4187 14.4579
4188 0.0000
4189 1.7456
4190 6.5664
4191 0.8311
4192 -3.5455
4193 0.0000
4194 5.3488
4195 -3.0347
4196 4.4754
4197 0.0000
4198 4.8634
4199 4.0530
4200 0.1830
4201 0.0000
4202 6.3040
4203 5.3518
4204 -6.9955
4205 -1.0459
4206 0.5411
4207 -3.8734
4208 -0.4811
4209 -5.5131
4210 3.5149
4211 0.0000
4212 6.0812
4213 3.9912
4214 4.7303
4215 4.1524
4216 5.9416
4217 3.5264
4218 0.0000
4219 -3.4828
4220 6.6028
4221 8.8845
4222 6.5294
4223 -3.9457
4224 3.4324
4225 0.0000
4226 0.3729
4227 0.9357
4228 -2.4748
4229 6.5562
4230 5.0549
4231 2.1400
4232 0.0000
4233 6.9163
4234 0.7629
4235 9.5831
4236 5.1965
4237 3.6551
4238 -1.4765
4239 0.0000
4240 3.2679
4241 3.4277
4242 4.6035
4243 4.6371
4244 -3.3986
4245 0.1203
4246 0.0000
4247 6.9021
4248 5.2939
4249 7.4410
4250 -2.1522
4251 5.8799
4252 3.9915
4253 0.0000
4254 -5.8615
4255 7.5085
4256 4.6655
4257 8.7679
4258 3.6816
4259 1.2897
4260 0.0000
4261 -3.2847
4262 5.9964
4263 2.9397
4264 2.7507
4265 0.9902
4266 6.2441
4267 0.0000
4268 1.7569
4269 11.4358
4270 -3.1756
4271 4.7000
4272 5.5119
4273 3.5559
4274 0.0000
4275 4.0242
4276 8.2457
4277 7.1634
4278 4.8363
4279 -2.3317
4280 4.6418
4281 0.0000
4282 1.4947
4283 3.9349
4284 2.7468
4285 3.9688
4286 -1.9004
4287 0.3683
4288 0.0000
4289 0.1643
4290 -2.4503
4291 0.0000
4292 1.5494
4293 1.4236
4294 -2.3503
4295 4.1654
4296 -0.0077
4297 -1.3425
4298 0.4696
4299 1.9358
4300 0.0000
4301 4.8392
4302 -3.2542
4303 0.0000
4304 -0.4967
4305 0.0000
4306 1.9068
4307 0.0000
4308 1.5666
4309 0.1187
4310 0.0000
4311 7.0794
4312 -6.4132
4313 0.0000
4314 2.2992
4315 8.4161
4316 3.6297
4317 0.0000
4318 -6.1972
4319 7.6143
4320 0.0000
4321 4.8917
4322 2.8172
4323 4.1135
4324 0.0000
4325 -3.0558
4326 0.0492
4327 0.0000
4328 8.2859
4329 10.5603
4330 6.1956
4331 0.0000
4332 3.7892
4333 1.9057
4334 0.0000
4335 6.0140
4336 7.7398
4337 6.0590
4338 0.0000
4339 2.9919
4340 2.7032
4341 0.0000
4342 10.5776
4343 3.8602
4344 9.5232
4345 0.0000
4346 2.0406
4347 -1.2502
4348 0.0000
4349 5.6227
4350 8.9866
4351 4.3553
4352 0.0000
4353 2.5349
4354 -4.5777
4355 0.0000
4356 2.2987
4357 11.8582
4358 -4.7899
4359 0.0000
4360 1.9283
4361 -2.8761
4362 0.0000
4363 3.2814
4364 2.9714
4365 5.4715
4366 0.0000
4367 8.5910
4368 -0.1798
4369 0.0000
4370 -0.9011
4371 -0.0627
4372 9.4883
4373 0.0000
4374 1.7092
4375 1.3466
4376 0.0000
4377 -1.1468
4378 3.2980
4379 4.9109
4380 0.0000
4381 5.5845
4382 4.5656
4383 0.0000
4384 0.4307
4385 9.8985
4386 -1.0971
4387 0.0000
4388 3.3172
4389 2.0869
4390 0.0000
4391 7.4017
4392 1.2240
4393 9.8796
4394 0.0000
4395 -3.5314
4396 4.6477
4397 0.0000
4398 12.1036
4399 6.0551
4400 3.8194
4401 0.0000
4402 -0.1673
4403 3.0979
4404 0.0000
4405 5.1102
4406 10.7585
4407 8.5296
4408 0.0000
4409 2.3143
4410 11.6574
4411 0.0000
4412 2.9811
4413 5.5241
4414 6.9139
4415 0.0000
4416 2.1565
4417 5.9005
4418 0.0000
4419 9.2832
4420 1.8064
4421 8.1630
4422 0.0000
4423 4.2441
4424 0.0000
4425 5.3830
4426 0.0000
4427 -2.2500
4428 -0.7316
4429 0.0000
4430 5.6622
4431 0.0000
4432 2.7319
4433 0.0000
4434 8.1479
4435 2.1910
4436 -0.4842
4437 0.0000
4438 3.5989
4439 3.5630
4440 -0.7104
4441 0.0000
4442 4.7241
4443 4.9003
4444 0.0778
4445 0.0000
4446 3.8719
4447 0.0000
4448 7.0436
4449 0.0000
4450 2.4749
4451 3.9600
4452 0.0000
4453 4.9808
4454 0.0000
4455 9.5782
4456 4.3295
4457 1.9662
4458 -2.4215
4459 8.0011
4460 6.0510
4461 -5.5761
4462 -1.6874
4463 8.2021
4464 -1.8242
4465 -0.9922
4466 11.3732
4467 0.1574
4468 -1.5323
4469 2.4441
4470 1.5562
4471 0.0000
4472 2.9047
4473 2.7997
4474 2.1630
4475 7.5780
4476 -4.1752
4477 0.0490
4478 5.1109
4479 2.2211
4480 0.0000
4481 1.9882
4482 9.2745
4483 1.8397
4484 8.2621
4485 -5.6729
4486 -1.8641
4487 0.0000
4488 0.4145
4489 10.7654
4490 3.3180
4491 0.0000
4492 6.7072
4493 -1.4694
4494 11.1663
4495 8.9906
4496 10.7363
4497 4.1240
4498 0.4913
4499 8.2748
4500 0.0000
4501 9.6940
4502 7.5114
4503 2.5363
4504 4.0890
4505 8.9275
4506 -3.7230
4507 0.0000
4508 3.9910
4509 -3.9252
4510 4.5854
4511 0.0000
4512 2.2331
4513 0.3693
4514 4.1184
4515 7.7908
4516 -6.1710
4517 -2.2809
4518 9.3907
4519 7.2089
4520 0.0000
4521 -2.0932
4522 6.6208
4523 3.0724
4524 -9.0471
4525 0.6919
4526 2.5711
4527 0.0000
4528 0.0856
4529 4.9949
4530 4.7362
4531 0.0000
4532 2.5306
4533 2.1793
4534 2.8926
4535 -4.1522
4536 9.7671
4537 1.2581
4538 1.9118
4539 0.9802
4540 0.0000
4541 8.0091
4542 4.4163
4543 2.6300
4544 10.8314
4545 3.7268
4546 0.2942
4547 0.0000
4548 3.4486
4549 -0.8432
4550 2.3279
4551 -2.9948
4552 4.6189
4553 10.3004
4554 5.1782
4555 2.6497
4556 -3.9711
4557 5.9996
4558 2.0740
4559 4.2526
4560 1.9847
4561 1.9293
4562 0.0000
4563 11.5812
4564 0.2176
4565 6.4323
4566 -1.4488
4567 -1.5124
4568 0.1438
4569 -0.0583
4570 4.7616
4571 0.0000
4572 12.9180
4573 4.8479
4574 -1.9972
4575 -0.5904
4576 10.9343
4577 4.2088
4578 0.0000
4579 8.3272
4580 14.3231
4581 2.2899
4582 0.0000
4583 1.4260
4584 -1.1093
4585 0.1669
4586 0.1100
4587 -0.1490
4588 0.7165
4589 1.7642
4590 5.3457
4591 0.0000
4592 6.7712
4593 -5.4388
4594 10.9615
4595 4.6922
4596 2.4869
4597 6.6305
4598 0.0000
4599 -0.2690
4600 10.5736
4601 -1.1079
4602 0.0000
4603 0.1089
4604 1.7412
4605 0.8966
4606 6.5445
4607 -4.5321
4608 -2.1303
4609 2.6016
4610 4.6585
4611 0.0000
4612 1.9245
4613 -6.0060
4614 6.4399
4615 5.8143
4616 5.2720
4617 8.4614
4618 0.0000
4619 -2.8147
4620 1.5660
4621 -2.6955
4622 0.0000
4623 6.1353
4624 6.2357
4625 9.0711
4626 -2.2652
4627 3.2382
4628 1.3567
4629 -2.3534
4630 2.8236
4631 0.0000
4632 4.6586
4633 1.7077
4634 -0.2058
4635 7.1786
4636 4.3693
4637 0.2510
4638 0.0000
4639 7.9844
4640 1.3228
4641 4.7961
4642 1.6009
4643 14.0417
4644 -0.5760
4645 3.0119
4646 2.2325
4647 -4.2166
4648 5.0995
4649 3.3284
4650 6.9406
4651 4.4549
4652 0.9815
4653 0.0000
4654 9.2625
4655 1.6654
4656 8.7374
4657 1.2568
4658 5.5541
4659 1.8874
4660 0.2787
4661 5.8501
4662 0.0000
4663 7.6417
4664 0.1883
4665 1.6601
4666 4.9367
4667 13.2301
4668 0.8609
4669 0.0000
4670 -1.8661
4671 -0.5374
4672 5.3255
4673 0.0000
4674 6.9265
4675 -6.8097
4676 8.4103
4677 0.9804
4678 11.8148
4679 -2.2318
4680 -2.3261
4681 -1.7246
4682 0.0000
4683 6.0642
4684 1.2655
4685 -0.5008
4686 0.9327
4687 6.1769
4688 5.9617
4689 0.0000
4690 -0.8621
4691 5.6249
4692 10.9525
4693 0.0000
4694 3.6127
4695 -4.7414
4696 1.0671
4697 -3.9485
4698 1.9889
4699 2.7458
4700 1.8699
4701 -2.0037
4702 0.0000
4703 -1.9768
4704 -0.0336
4705 6.1262
4706 -2.6411
4707 3.4480
4708 4.3211
4709 0.0000
4710 -2.3489
4711 -7.2426
4712 0.7357
4713 0.0000
4714 10.9999
4715 0.4719
4716 1.9304
4717 -0.1060
4718 -1.8308
4719 -8.8824
4720 -7.0607
4721 7.1126
4722 0.0000
4723 -0.1788
4724 13.7213
4725 7.2684
4726 3.3489
4727 3.1366
4728 7.8854
4729 0.0000
4730 5.3746
4731 10.1908
4732 -1.5221
4733 -2.4933
4734 4.2224
4735 2.2954
4736 4.7951
4737 -0.9045
4738 6.6001
4739 9.3873
4740 8.4012
4741 3.1531
4742 2.8207
4743 -2.5981
4744 0.0000
4745 2.2786
4746 2.1242
4747 4.1583
4748 0.7253
4749 0.5613
4750 11.0264
4751 1.4247
4752 2.8282
4753 0.0000
4754 2.3265
4755 -0.8983
4756 5.9179
4757 3.0977
4758 4.2865
4759 11.9988
4760 0.0000
4761 4.9675
4762 3.3700
4763 -1.5328
4764 0.0000
4765 4.4653
4766 -3.2688
4767 -0.9461
4768 2.8321
4769 -3.7569
4770 -1.1621
4771 -3.0201
4772 3.4837
4773 0.0000
4774 3.5018
4775 -4.4704
4776 2.7754
4777 0.6976
4778 3.6930
4779 4.6470
4780 0.0000
4781 -0.1399
4782 4.1991
4783 6.9638
4784 0.0000
4785 -0.9010
4786 -3.5864
4787 4.1004
4788 3.6571
4789 0.5960
4790 1.5751
4791 -2.5070
4792 8.3398
4793 0.0000
4794 5.0901
4795 15.0799
4796 4.1851
4797 5.2025
4798 2.6878
4799 -2.0335
4800 0.0000
4801 -5.2143
4802 -2.2513
4803 7.0219
4804 0.0000
4805 0.2154
4806 -2.6281
4807 11.8899
4808 1.5339
4809 4.4585
4810 15.4138
4811 11.2380
4812 1.8017
4813 0.0000
4814 4.9649
4815 -0.5735
4816 0.5088
4817 3.9436
4818 0.5849
4819 7.7666
4820 0.0000
4821 1.8413
4822 0.0000
4823 1.2894
4824 0.0000
4825 11.5048
4826 3.4821
4827 -2.2086
4828 8.4165
4829 8.5039
4830 0.1119
4831 5.3313
4832 9.3898
4833 0.0000
4834 -3.2491
4835 10.1562
4836 4.9748
4837 -2.6174
4838 0.6864
4839 -3.1254
4840 0.0000
4841 -4.3484
4842 1.7176
4843 3.9505
4844 0.7778
4845 -0.5446
4846 3.9744
4847 0.0000
4848 -2.8569
4849 7.5922
4850 0.6204
4851 -3.1364
4852 4.0048
4853 -2.1295
4854 0.0000
4855 -1.4292
4856 -2.0200
4857 5.0419
4858 4.7984
4859 0.7214
4860 8.1919
4861 0.0000
4862 1.1892
4863 6.3398
4864 2.1038
4865 -4.4824
4866 8.1630
4867 6.2340
4868 0.0000
4869 -0.0486
4870 4.3806
4871 -2.4087
4872 8.8999
4873 8.7696
4874 7.7575
4875 0.0000
4876 2.3530
4877 -0.4088
4878 7.1680
4879 6.0510
4880 -0.0327
4881 0.5924
4882 0.0000
4883 1.9826
4884 8.3937
4885 -0.5323
4886 3.1978
4887 4.7673
4888 2.2583
4889 0.0000
4890 3.1690
4891 6.0860
4892 8.9226
4893 6.6761
4894 -0.0168
4895 -0.4994
4896 0.0000
4897 -0.2847
4898 6.3462
4899 2.5842
4900 1.4607
4901 12.1603
4902 8.9785
4903 0.0000
4904 3.1319
4905 -1.5462
4906 0.6469
4907 10.9307
4908 2.4727
4909 -2.2829
4910 0.0000
4911 -0.6205
4912 9.1189
4913 1.8050
4914 4.0130
4915 8.0946
4916 -0.4533
4917 0.0000
4918 1.6017
4919 8.2413
4920 3.8824
4921 3.6843
4922 10.9226
4923 8.4105
4924 0.0000
4925 -10.7169
4926 -1.0781
4927 9.9227
4928 -1.9113
4929 4.5808
4930 14.7678
4931 0.0000
4932 0.7246
4933 9.3086
4934 3.2307
4935 6.1663
4936 2.2029
4937 2.3493
4938 0.0000
4939 -1.9188
4940 0.0000
4941 -1.9339
4942 0.0000
4943 1.8650
4944 0.0000
4945 -2.0230
4946 4.5451
4947 0.0000
4948 -2.5409
4949 2.3444
4950 3.7204
4951 3.6790
4952 0.0000
4953 6.0741
4954 3.3638
4955 10.5002
4956 0.0000
4957 2.8248
4958 15.6891
4959 -0.6008
4960 0.0000
4961 5.5020
4962 6.1861
4963 2.7533
4964 3.0476
4965 5.9068
4966 6.0588
4967 2.9218
4968 5.0790
4969 5.6853
4970 0.0000
4971 0.0895
4972 4.7109
4973 7.0824
4974 0.2690
4975 1.6292
4976 8.8174
4977 0.0000
4978 0.0794
4979 7.4314
4980 3.4976
4981 6.3117
4982 -2.8858
4983 -1.3847
4984 0.0000
4985 2.0921
4986 0.3718
4987 6.8669
4988 5.3126
4989 8.5139
4990 2.8658
4991 0.0000
4992 -8.3728
4993 1.4129
4994 -11.9500
4995 4.1481
4996 4.2769
4997 0.5754
4998 0.0000
4999 3.9420
5000 7.9766
5001 -3.0602
5002 8.8099
5003 -3.0136
5004 9.4702
5005 0.0000
5006 -0.3863
5007 3.4984
5008 10.1993
5009 5.1208
5010 0.9885
5011 2.3483
5012 0.0000
5013 1.8240
5014 10.0341
5015 6.1550
5016 -3.7914
5017 1.2587
5018 5.0036
5019 0.0000
5020 5.2476
5021 -1.3773
5022 8.2560
5023 8.1363
5024 3.5550
5025 4.2269
5026 0.0000
5027 2.9498
5028 5.3557
5029 1.2870
5030 -0.5229
5031 -0.4407
5032 3.9346
5033 0.0000
5034 0.2314
5035 8.2131
5036 2.8839
5037 5.1000
5038 4.0796
5039 3.8081
5040 0.0000
5041 3.2856
5042 10.3276
5043 8.0527
5044 -0.1571
5045 -3.1162
5046 0.1979
5047 0.0000
5048 -5.9532
5049 1.1633
5050 0.0000
5051 11.1478
5052 0.2527
5053 0.9389
5054 -5.9803
5055 1.2407
5056 -0.3002
5057 0.9406
5058 7.4163
5059 0.0000
5060 8.6282
5061 -0.3232
5062 0.0000
5063 1.5878
5064 0.0000
5065 2.5477
5066 0.0000
5067 -0.1137
5068 -0.1177
5069 0.0000
5070 3.7610
5071 3.8581
5072 0.0000
5073 3.6020
5074 -0.5563
5075 -2.4666
5076 0.0000
5077 3.9728
5078 -0.9680
5079 0.0000
5080 1.4327
5081 2.5531
5082 13.2871
5083 0.0000
5084 7.2759
5085 6.9161
5086 0.0000
5087 6.1003
5088 6.2845
5089 8.3408
5090 0.0000
5091 -6.0569
5092 -0.9214
5093 0.0000
5094 0.3853
5095 2.6134
5096 2.0029
5097 0.0000
5098 -0.7855
5099 -1.7140
5100 0.0000
5101 3.0105
5102 -2.1879
5103 3.6918
5104 0.0000
5105 1.6413
5106 1.7276
5107 0.0000
5108 4.6727
5109 5.7996
5110 5.5003
5111 0.0000
5112 0.1332
5113 2.9421
5114 0.0000
5115 1.3125
5116 3.2140
5117 2.7545
5118 0.0000
5119 2.0237
5120 4.1892
5121 0.0000
5122 0.0699
5123 6.4921
5124 -1.3092
5125 0.0000
5126 0.0059
5127 1.7814
5128 0.0000
5129 1.9735
5130 0.3750
5131 0.3675
5132 0.0000
5133 4.1890
5134 4.2853
5135 0.0000
5136 5.8629
5137 7.6293
5138 -0.7839
5139 0.0000
5140 -0.5885
5141 1.7883
5142 0.0000
5143 6.9514
5144 -0.0024
5145 6.7397
5146 0.0000
5147 3.3462
5148 3.3933
5149 0.0000
5150 6.7219
5151 6.4174
5152 -0.0525
5153 0.0000
5154 5.3147
5155 7.2738
5156 0.0000
5157 -0.7659
5158 2.8693
5159 2.8120
5160 0.0000
5161 -5.2632
5162 5.4468
5163 0.0000
5164 -5.4398
5165 4.6737
5166 8.4222
5167 0.0000
5168 -2.1414
5169 7.7749
5170 0.0000
5171 4.6133
5172 6.5286
5173 4.5270
5174 0.0000
5175 3.9184
5176 8.3904
5177 0.0000
5178 13.0895
5179 10.1913
5180 1.5691
5181 0.0000
5182 4.4027
5183 0.0000
5184 -0.1470
5185 0.0000
5186 -0.3410
5187 1.7443
5188 0.0000
5189 2.4410
5190 0.0000
5191 1.0990
5192 0.0000
5193 5.6702
5194 -1.3815
5195 2.6416
5196 0.0000
5197 -3.3471
5198 0.0979
5199 5.8781
5200 0.0000
5201 6.9691
5202 5.5311
5203 7.8391
5204 0.0000
5205 2.3581
5206 0.0000
5207 3.4944
5208 0.0000
5209 -0.9965
5210 10.3203
5211 0.0000
5212 -0.3364
5213 0.0000
5214 2.2292
5215 0.5127
5216 8.2980
5217 0.3704
5218 6.5796
5219 -3.7070
5220 2.9239
5221 10.0724
5222 1.2316
5223 1.1024
5224 5.7298
5225 8.0698
5226 4.3646
5227 -0.5674
5228 7.4460
5229 1.2396
5230 0.0000
5231 4.6485
5232 2.5513
5233 -2.4175
5234 3.0095
5235 3.1534
5236 16.4713
5237 11.6827
5238 -0.9324
5239 0.0000
5240 6.8539
5241 10.9210
5242 9.0546
5243 5.4822
5244 3.3249
5245 -6.7984
5246 0.0000
5247 4.7752
5248 5.2343
5249 1.2790
5250 0.0000
5251 2.7079
5252 0.8101
5253 8.8494
5254 13.5539
5255 -4.4276
5256 -6.9698
5257 4.3001
5258 11.5875
5259 0.0000
5260 3.0735
5261 10.1423
5262 -0.8010
5263 0.1343
5264 5.4951
5265 8.1683
5266 0.0000
5267 5.9170
5268 5.3832
5269 4.4730
5270 0.0000
5271 1.2375
5272 1.6733
5273 7.8975
5274 2.1733
5275 2.8569
5276 1.4251
5277 3.8340
5278 1.8055
5279 0.0000
5280 4.5470
5281 0.3368
5282 1.1941
5283 2.4267
5284 3.1358
5285 3.7224
5286 0.0000
5287 0.1616
5288 8.8022
5289 0.3499
5290 0.0000
5291 5.5182
5292 -0.4297
5293 0.5402
5294 0.9164
5295 2.4759
5296 4.2365
5297 -1.3306
5298 1.9818
5299 0.0000
5300 -2.0482
5301 6.4803
5302 5.2516
5303 2.9655
5304 -1.1114
5305 11.9890
5306 0.0000
5307 4.8631
5308 -6.9894
5309 -4.7585
5310 7.1427
5311 10.2686
5312 9.6215
5313 7.4625
5314 8.3765
5315 7.9014
5316 5.6544
5317 0.7622
5318 8.9486
5319 -1.2270
5320 3.0207
5321 0.0000
5322 6.0346
5323 -2.5641
5324 -3.3022
5325 0.4949
5326 0.6675
5327 8.7521
5328 6.3380
5329 2.1911
5330 0.0000
5331 8.4325
5332 1.8916
5333 -0.7939
5334 -2.3137
5335 -0.0393
5336 3.8713
5337 0.0000
5338 -2.9748
5339 5.8632
5340 9.0696
5341 0.0000
5342 3.7320
5343 -5.6551
5344 7.4215
5345 4.4647
5346 2.7763
5347 2.0089
5348 3.7517
5349 7.1787
5350 0.0000
5351 10.2883
5352 1.5600
5353 8.5193
5354 7.7586
5355 2.3496
5356 3.4003
5357 0.0000
5358 6.2681
5359 5.7816
5360 -5.4630
5361 0.0000
5362 -0.5461
5363 -0.9008
5364 8.1662
5365 3.5725
5366 0.7641
5367 3.2623
5368 -1.0766
5369 7.6499
5370 0.0000
5371 17.2387
5372 -5.4118
5373 -5.7912
5374 3.4481
5375 6.7144
5376 -0.0665
5377 0.0000
5378 2.5508
5379 2.1933
5380 -1.5852
5381 0.0000
5382 -0.5493
5383 -1.8316
5384 7.7356
5385 10.6358
5386 -0.7149
5387 1.9561
5388 4.7578
5389 6.8150
5390 0.0000
5391 2.7036
5392 6.3770
5393 1.5865
5394 5.7388
5395 2.6937
5396 5.9965
5397 0.0000
5398 2.0245
5399 -0.9894
5400 -3.7021
5401 4.2269
5402 2.0338
5403 -5.8917
5404 2.6632
5405 1.8470
5406 -2.2385
5407 4.6387
5408 6.6094
5409 1.7007
5410 5.8267
5411 7.7110
5412 0.0000
5413 1.8471
5414 -0.4181
5415 3.6559
5416 12.4656
5417 -2.6560
5418 8.7896
5419 0.1404
5420 -2.3804
5421 0.0000
5422 3.7196
5423 2.2448
5424 -0.7176
5425 6.7257
5426 3.4125
5427 7.6642
5428 0.0000
5429 -1.4091
5430 2.5369
5431 -2.5742
5432 0.0000
5433 1.8032
5434 9.5821
5435 4.2423
5436 5.5674
5437 2.6447
5438 2.9795
5439 -2.2098
5440 -1.6870
5441 0.0000
5442 5.5813
5443 5.2342
5444 2.6574
5445 3.4693
5446 7.0674
5447 15.4014
5448 0.0000
5449 -5.7672
5450 -3.9764
5451 7.7871
5452 0.0000
5453 7.7091
5454 -2.1875
5455 2.3041
5456 5.4924
5457 0.7474
5458 10.4848
5459 2.1447
5460 7.7850
5461 0.0000
5462 4.7587
5463 4.4526
5464 7.3735
5465 2.5022
5466 7.1942
5467 7.6397
5468 0.0000
5469 -0.5050
5470 4.9918
5471 1.1164
5472 0.0000
5473 3.4086
5474 -2.3674
5475 9.2359
5476 -3.4813
5477 -1.2699
5478 -3.8789
5479 0.2061
5480 -0.8743
5481 0.0000
5482 8.2064
5483 -0.3448
5484 0.5218
5485 8.5013
5486 5.4174
5487 6.0265
5488 0.0000
5489 2.8653
5490 5.9848
5491 7.6024
5492 -2.0316
5493 6.2438
5494 -3.3049
5495 -1.7799
5496 2.8784
5497 6.8275
5498 -0.1981
5499 -1.4349
5500 5.3112
5501 1.6114
5502 12.8153
5503 0.0000
5504 10.9288
5505 -0.4968
5506 4.4655
5507 -3.3456
5508 9.5196
5509 19.7883
5510 6.3739
5511 -3.7426
5512 0.0000
5513 5.2777
5514 6.6147
5515 8.1810
5516 5.6096
5517 -1.0141
5518 1.2212
5519 0.0000
5520 -5.1481
5521 6.3598
5522 5.0951
5523 0.0000
5524 4.0890
5525 -9.7222
5526 -0.8396
5527 5.2482
5528 -1.1424
5529 10.6207
5530 3.4118
5531 -4.2681
5532 0.0000
5533 -3.6839
5534 10.8314
5535 6.2653
5536 1.8513
5537 -0.7811
5538 1.3511
5539 0.0000
5540 2.8930
5541 1.4484
5542 4.9580
5543 0.0000
5544 3.9032
5545 -0.0154
5546 4.7648
5547 6.0431
5548 6.2116
5549 -3.4164
5550 -2.4003
5551 9.0470
5552 0.0000
5553 2.4006
5554 9.5349
5555 1.5827
5556 0.7944
5557 7.8451
5558 2.7707
5559 0.0000
5560 0.4298
5561 3.7220
5562 0.2425
5563 0.0000
5564 1.7670
5565 -3.2132
5566 -2.4764
5567 8.5302
5568 -3.0028
5569 1.8141
5570 3.3170
5571 2.6223
5572 0.0000
5573 4.4186
5574 4.9089
5575 2.6716
5576 -1.1209
5577 0.1560
5578 3.0716
5579 0.0000
5580 -0.2435
5581 0.0000
5582 -0.1915
5583 0.0000
5584 4.3979
5585 -2.7358
5586 -0.4563
5587 5.0232
5588 6.8643
5589 2.9215
5590 -4.9504
5591 7.0185
5592 0.0000
5593 -1.2085
5594 3.8611
5595 4.7875
5596 -2.0313
5597 4.2672
5598 -1.3566
5599 0.0000
5600 0.8184
5601 7.1839
5602 6.8636
5603 5.9237
5604 1.6974
5605 8.9411
5606 0.0000
5607 0.9808
5608 4.8182
5609 0.6864
5610 13.0719
5611 -1.4177
5612 1.0926
5613 0.0000
5614 8.0443
5615 8.9097
5616 6.6264
5617 1.4495
5618 2.4853
5619 10.3673
5620 0.0000
5621 6.0401
5622 12.7157
5623 -1.8533
5624 6.4622
5625 2.9635
5626 3.3344
5627 0.0000
5628 4.1638
5629 0.8106
5630 3.7468
5631 6.8913
5632 9.6117
5633 0.6603
5634 0.0000
5635 -9.0091
5636 -5.8636
5637 3.1652
5638 6.6033
5639 7.2210
5640 3.7401
5641 0.0000
5642 -5.6828
5643 4.4287
5644 -0.0747
5645 -1.1745
5646 -0.1622
5647 4.1488
5648 0.0000
5649 3.2894
5650 9.1580
5651 8.0730
5652 0.2863
5653 0.2688
5654 6.2991
5655 0.0000
5656 0.3240
5657 10.1181
5658 6.9302
5659 3.5063
5660 2.9889
5661 6.3691
5662 0.0000
5663 1.2213
5664 7.3222
5665 10.1550
5666 1.9353
5667 0.0103
5668 6.4549
5669 0.0000
5670 1.6618
5671 6.5971
5672 5.5504
5673 5.9326
5674 8.7856
5675 0.7680
5676 0.0000
5677 3.2468
5678 5.0560
5679 3.3656
5680 0.7365
5681 8.9079
5682 1.4839
5683 0.0000
5684 6.3633
5685 4.0484
5686 -1.3415
5687 -2.5251
5688 10.2276
5689 2.0601
5690 0.0000
5691 -1.2204
5692 -1.6694
5693 7.5897
5694 7.4840
5695 2.0176
5696 0.1540
5697 0.0000
5698 -1.9377
5699 0.0000
5700 5.7368
5701 0.0000
5702 8.9944
5703 0.0000
5704 3.0662
5705 4.4608
5706 0.0000
5707 4.9985
5708 -1.5198
5709 -4.8257
5710 -0.6365
5711 0.0000
5712 2.2605
5713 5.9225
5714 7.6756
5715 0.0000
5716 2.2391
5717 2.0438
5718 -0.9819
5719 0.0000
5720 -2.1465
5721 2.8478
5722 1.3273
5723 13.6111
5724 -1.3983
5725 1.1803
5726 1.6111
5727 -0.1965
5728 -1.5748
5729 0.0000
5730 -0.9569
5731 3.6346
5732 8.0688
5733 -0.7948
5734 2.3407
5735 4.4569
5736 0.0000
5737 5.7047
5738 3.4929
5739 7.7436
5740 8.8279
5741 4.3113
5742 6.2337
5743 0.0000
5744 3.1195
5745 3.5142
5746 5.6822
5747 2.3196
5748 3.0781
5749 -6.7293
5750 0.0000
5751 -2.4600
5752 6.6259
5753 3.0030
5754 -0.9900
5755 0.1173
5756 6.5229
5757 0.0000
5758 0.0795
5759 4.6520
5760 0.9203
5761 11.7203
5762 9.4492
5763 7.9260
5764 0.0000
5765 -2.2320
5766 5.4044
5767 4.2767
5768 0.0166
5769 3.4730
5770 4.1743
5771 0.0000
5772 0.4935
5773 -2.9911
5774 1.1030
5775 5.7388
5776 0.7587
5777 -0.3015
5778 0.0000
5779 -1.9334
5780 5.3738
5781 5.0112
5782 8.7064
5783 0.2580
5784 0.5492
5785 0.0000
5786 2.0392
5787 5.3876
5788 11.5050
5789 8.2736
5790 -1.2954
5791 8.7912
5792 0.0000
5793 4.1053
5794 1.5715
5795 0.3623
5796 4.9040
5797 7.7518
5798 -0.1676
5799 0.0000
5800 5.3658
5801 5.1365
5802 5.6385
5803 3.4619
5804 4.2001
5805 3.3649
5806 0.0000
5807 -0.4350
5808 1.3356
5809 0.0000
5810 6.0246
5811 3.2516
5812 -5.4078
5813 -2.2780
5814 1.2003
5815 11.6980
5816 4.8877
5817 -1.4262
5818 0.0000
5819 10.9265
5820 2.0820
5821 0.0000
5822 0.9762
5823 0.0000
5824 -8.9516
5825 0.0000
5826 13.5080
5827 0.7790
5828 0.0000
5829 0.8590
5830 3.3729
5831 0.0000
5832 5.5851
5833 3.9335
5834 4.6663
5835 0.0000
5836 3.6414
5837 -2.9882
5838 0.0000
5839 1.5051
5840 7.0157
5841 8.6402
5842 0.0000
5843 3.1293
5844 4.6246
5845 0.0000
5846 3.1006
5847 4.1351
5848 11.2818
5849 0.0000
5850 8.7697
5851 1.2366
5852 0.0000
5853 11.0500
5854 -0.8216
5855 1.4241
5856 0.0000
5857 8.1704
5858 4.6026
5859 0.0000
5860 10.6146
5861 9.9757
5862 5.2962
5863 0.0000
5864 -2.9581
5865 13.5203
5866 0.0000
5867 5.7553
5868 11.1098
5869 3.3340
5870 0.0000
5871 -6.8288
5872 6.4696
5873 0.0000
5874 5.8194
5875 5.6326
5876 9.0824
5877 0.0000
5878 1.7256
5879 11.9199
5880 0.0000
5881 6.1528
5882 6.8783
5883 6.3465
5884 0.0000
5885 -2.6440
5886 6.7986
5887 0.0000
5888 -3.8989
5889 12.0067
5890 1.2050
5891 0.0000
5892 -2.8444
5893 -1.0174
5894 0.0000
5895 7.4812
5896 7.4592
5897 5.4408
5898 0.0000
5899 5.9280
5900 -4.3239
5901 0.0000
5902 3.1608
5903 8.0870
5904 6.5887
5905 0.0000
5906 5.2981
5907 6.9199
5908 0.0000
5909 2.1228
5910 4.5279
5911 5.5329
5912 0.0000
5913 -3.8327
5914 6.2462
5915 0.0000
5916 3.1909
5917 9.4584
5918 5.0946
5919 0.0000
5920 3.3776
5921 2.5183
5922 0.0000
5923 10.5277
5924 3.7663
5925 5.9170
5926 0.0000
5927 0.9017
5928 3.4220
5929 0.0000
5930 0.9936
5931 6.0863
5932 9.6219
5933 0.0000
5934 -1.2918
5935 5.3976
5936 0.0000
5937 5.3055
5938 7.6824
5939 -8.5010
5940 0.0000
5941 3.4252
5942 0.0000
5943 4.3510
5944 0.0000
5945 1.7319
5946 -1.9946
5947 0.0000
5948 3.3164
5949 0.0000
5950 6.9512
5951 0.0000
5952 8.2349
5953 6.9015
5954 4.1016
5955 0.0000
5956 5.6435
5957 7.0789
5958 3.9665
5959 0.0000
5960 -1.2613
5961 6.2072
5962 -1.2698
5963 0.0000
5964 3.0258
5965 0.0000
5966 -5.5568
5967 0.0000
5968 4.2641
5969 6.0262
5970 0.0000
5971 -4.5969
5972 0.0000
5973 6.4610
5974 2.7093
5975 -6.4876
5976 8.4183
5977 -2.8621
5978 6.1302
5979 8.8494
5980 6.6394
5981 5.6508
5982 14.6015
5983 2.3098
5984 -6.3098
5985 8.9922
5986 1.3216
5987 1.4578
5988 6.6670
5989 0.0000
5990 5.3897
5991 -5.0801
5992 3.1549
5993 2.1467
5994 0.9172
5995 0.9695
5996 -2.4974
5997 0.8867
5998 0.0000
5999 7.1261
6000 -1.9488
6001 2.4169
6002 2.8089
6003 2.7221
6004 2.1242
6005 0.0000
6006 8.0345
6007 3.8522
6008 0.8847
6009 0.0000
6010 11.3630
6011 -4.3705
6012 2.2156
6013 0.3356
6014 1.5825
6015 -0.4774
6016 4.2692
6017 1.5347
6018 0.0000
6019 3.5535
6020 9.4234
6021 1.9088
6022 8.0817
6023 1.2729
6024 3.0066
6025 0.0000
6026 -2.2719
6027 11.0824
6028 -6.6294
6029 0.0000
6030 2.7637
6031 -9.5789
6032 -2.3067
6033 4.6546
6034 0.8556
6035 4.2094
6036 -8.6174
6037 1.9491
6038 0.0000
6039 4.8228
6040 -5.1550
6041 -2.4888
6042 -0.5307
6043 9.2595
6044 6.6824
6045 0.0000
6046 4.9609
6047 10.4565
6048 4.6466
6049 0.0000
6050 0.9373
6051 0.7136
6052 1.3980
6053 2.0531
6054 -2.3127
6055 -3.6162
6056 -5.1309
6057 0.0865
6058 0.0000
6059 -7.1072
6060 5.6980
6061 0.3282
6062 3.4077
6063 4.3626
6064 4.1802
6065 0.0000
6066 -0.0524
6067 6.7829
6068 2.9365
6069 4.1592
6070 -3.0717
6071 4.1348
6072 8.0955
6073 6.0777
6074 4.9261
6075 3.7059
6076 7.3503
6077 10.2658
6078 3.1644
6079 1.1741
6080 0.0000
6081 2.1072
6082 -2.6840
6083 3.7197
6084 0.9855
6085 2.5721
6086 -3.8549
6087 -0.4789
6088 5.5571
6089 0.0000
6090 5.8378
6091 5.5499
6092 0.6406
6093 9.1169
6094 10.2369
6095 0.4458
6096 0.0000
6097 0.7787
6098 5.5101
6099 -0.4924
6100 0.0000
6101 4.0533
6102 5.7072
6103 8.8531
6104 4.4586
6105 0.6111
6106 -0.7737
6107 -1.7816
6108 6.3640
6109 0.0000
6110 -2.2399
6111 2.6688
6112 0.1106
6113 5.4389
6114 3.9214
6115 3.0470
6116 0.0000
6117 -3.0656
6118 4.9254
6119 -1.0932
6120 0.0000
6121 0.7399
6122 -7.6441
6123 3.4543
6124 7.1127
6125 4.7058
6126 11.6944
6127 9.9948
6128 4.3238
6129 0.0000
6130 1.5733
6131 -2.3641
6132 4.4555
6133 -2.2219
6134 7.4223
6135 3.8404
6136 0.0000
6137 2.8750
6138 3.5001
6139 8.9262
6140 0.0000
6141 0.0212
6142 0.2467
6143 0.5487
6144 -3.3403
6145 -2.5704
6146 13.6953
6147 9.9965
6148 8.7907
6149 0.0000
6150 -0.9589
6151 6.9559
6152 -2.2943
6153 0.6385
6154 9.4507
6155 4.3208
6156 0.0000
6157 -4.3290
6158 0.1983
6159 5.9314
6160 -1.2166
6161 6.2878
6162 4.9487
6163 7.2753
6164 2.5295
6165 13.6916
6166 8.1562
6167 5.0116
6168 -0.0504
6169 0.7637
6170 9.1739
6171 0.0000
6172 5.6225
6173 -3.3477
6174 8.1807
6175 6.7202
6176 3.5057
6177 -3.5084
6178 0.8254
6179 12.3283
6180 0.0000
6181 5.0547
6182 -1.1165
6183 1.1185
6184 12.6111
6185 1.8948
6186 6.0376
6187 0.0000
6188 3.2140
6189 5.2065
6190 -3.2993
6191 0.0000
6192 -2.1564
6193 6.5392
6194 4.0639
6195 -4.0064
6196 -1.4347
6197 10.6215
6198 2.9554
6199 -2.8534
6200 0.0000
6201 8.4757
6202 1.7091
6203 -0.1955
6204 2.1075
6205 0.5125
6206 6.1668
6207 0.0000
6208 7.8445
6209 -0.6719
6210 7.3133
6211 0.0000
6212 2.3885
6213 3.6204
6214 5.6856
6215 1.7241
6216 2.1503
6217 8.3092
6218 1.6916
6219 6.1334
6220 0.0000
6221 7.1858
6222 4.7731
6223 2.7678
6224 6.0922
6225 9.6815
6226 0.3851
6227 0.0000
6228 5.9965
6229 6.1244
6230 6.4490
6231 0.0000
6232 7.4198
6233 0.1757
6234 1.1941
6235 4.2572
6236 1.0723
6237 -4.6020
6238 -7.3937
6239 2.7369
6240 0.0000
6241 -1.4549
6242 -3.0482
6243 -0.9288
6244 7.3037
6245 12.5724
6246 6.6682
6247 0.0000
6248 1.1482
6249 3.5882
6250 7.3259
6251 -3.0997
6252 -2.7505
6253 -0.3098
6254 9.0293
6255 5.5525
6256 -1.3491
6257 5.0250
6258 5.3874
6259 -0.1670
6260 9.9695
6261 4.6677
6262 0.0000
6263 3.9959
6264 -6.0326
6265 0.7073
6266 1.9189
6267 -4.5568
6268 -2.2684
6269 4.1699
6270 3.2006
6271 0.0000
6272 9.3834
6273 5.6659
6274 5.5806
6275 5.6944
6276 3.9294
6277 0.5322
6278 0.0000
6279 -1.6589
6280 1.3036
6281 5.8946
6282 0.0000
6283 2.9022
6284 7.2661
6285 2.4677
6286 0.3714
6287 5.8164
6288 -2.1575
6289 -2.0586
6290 2.5201
6291 0.0000
6292 3.5876
6293 -1.1014
6294 1.9357
6295 1.6669
6296 7.2712
6297 9.7984
6298 0.0000
6299 -4.1288
6300 5.7853
6301 1.5680
6302 0.0000
6303 11.4160
6304 0.6768
6305 11.2180
6306 10.3470
6307 -6.9601
6308 -4.9091
6309 2.0218
6310 14.2945
6311 0.0000
6312 12.4156
6313 0.1487
6314 4.0641
6315 1.2424
6316 8.6370
6317 -0.1345
6318 0.0000
6319 3.5939
6320 -9.2778
6321 3.0979
6322 0.0000
6323 4.7879
6324 3.3281
6325 2.4400
6326 13.3732
6327 1.9242
6328 3.1147
6329 5.9242
6330 1.3165
6331 0.0000
6332 -0.6321
6333 10.2431
6334 1.6753
6335 6.9492
6336 5.5808
6337 -0.9774
6338 0.0000
6339 -2.1495
6340 0.0000
6341 5.1088
6342 0.0000
6343 10.9034
6344 9.3967
6345 3.5021
6346 -1.1649
6347 4.9857
6348 5.2716
6349 2.0690
6350 8.9620
6351 0.0000
6352 -2.4133
6353 8.0952
6354 8.5383
6355 -2.3795
6356 3.2031
6357 8.3776
6358 0.0000
6359 -6.4438
6360 4.1680
6361 7.1130
6362 3.2340
6363 1.0191
6364 14.8940
6365 0.0000
6366 -2.5702
6367 -1.7240
6368 6.8204
6369 5.9052
6370 5.6148
6371 3.4902
6372 0.0000
6373 -10.2058
6374 -1.5624
6375 10.8871
6376 7.1583
6377 5.7109
6378 10.5128
6379 0.0000
6380 1.0440
6381 2.0121
6382 6.7945
6383 -1.3175
6384 -2.2932
6385 -0.5995
6386 0.0000
6387 -8.0161
6388 -2.1553
6389 3.5565
6390 1.0772
6391 6.7618
6392 5.5504
6393 0.0000
6394 0.5256
6395 1.6941
6396 10.8642
6397 -0.1242
6398 4.2391
6399 3.1305
6400 0.0000
6401 -3.6611
6402 8.6356
6403 1.4705
6404 6.1744
6405 5.2645
6406 5.0437
6407 0.0000
6408 0.3419
6409 2.2703
6410 6.4342
6411 11.0996
6412 2.4044
6413 8.9295
6414 0.0000
6415 -0.2081
6416 5.5603
6417 6.3824
6418 7.3102
6419 5.4799
6420 5.4407
6421 0.0000
6422 4.2929
6423 4.8743
6424 0.0359
6425 9.8385
6426 6.9071
6427 6.4309
6428 0.0000
6429 2.1650
6430 2.3248
6431 4.4858
6432 3.6711
6433 9.7954
6434 1.5935
6435 0.0000
6436 -4.8521
6437 1.6687
6438 7.5249
6439 1.5930
6440 2.6379
6441 2.6857
6442 0.0000
6443 4.8602
6444 0.0945
6445 4.0699
6446 6.2127
6447 6.4347
6448 4.9123
6449 0.0000
6450 1.5259
6451 2.6731
6452 -1.2124
6453 5.8406
6454 -5.0525
6455 6.5769
6456 0.0000
6457 2.6535
6458 0.0000
6459 4.3072
6460 0.0000
6461 1.8719
6462 0.0000
6463 8.8954
6464 5.7984
6465 0.0000
6466 7.3822
6467 10.4314
6468 5.5041
6469 1.0018
6470 0.0000
6471 2.1656
6472 2.9712
6473 4.7392
6474 0.0000
6475 5.1472
6476 6.3038
6477 6.6020
6478 0.0000
6479 3.0531
6480 6.1122
6481 3.6804
6482 5.9486
6483 0.2210
6484 5.8708
6485 3.7206
6486 2.8922
6487 7.5682
6488 0.0000
6489 2.6001
6490 5.9712
6491 3.8488
6492 6.3192
6493 -0.5561
6494 8.1483
6495 0.0000
6496 -2.6532
6497 2.4972
6498 10.6635
6499 8.6881
6500 5.6696
6501 1.2088
6502 0.0000
6503 0.1688
6504 7.1975
6505 0.1968
6506 -1.9432
6507 5.1415
6508 2.8953
6509 0.0000
6510 -5.5074
6511 -0.0619
6512 -1.5359
6513 -0.2246
6514 2.9395
6515 0.5199
6516 0.0000
6517 6.1186
6518 5.5039
6519 8.4704
6520 7.4304
6521 3.2077
6522 2.1663
6523 0.0000
6524 3.5378
6525 2.6561
6526 5.0930
6527 2.8354
6528 13.0602
6529 9.8510
6530 0.0000
6531 2.6909
6532 0.7091
6533 2.0693
6534 5.3164
6535 -2.3370
6536 0.1107
6537 0.0000
6538 -2.0008
6539 -6.7711
6540 20.5306
6541 -4.1220
6542 10.5413
6543 -1.1516
6544 0.0000
6545 -5.1008
6546 2.6840
6547 5.3687
6548 4.0832
6549 -3.0296
6550 2.3651
6551 0.0000
6552 1.6865
6553 11.5952
6554 -0.0192
6555 -7.5373
6556 -1.9543
6557 1.9453
6558 0.0000
6559 0.4274
6560 4.2507
6561 0.9100
6562 12.4567
6563 1.0604
6564 6.6409
6565 0.0000
6566 4.1070
6567 5.0471
6568 0.0000
6569 3.4164
6570 -10.0655
6571 4.6276
6572 2.2701
6573 2.2138
6574 0.1311
6575 9.1513
6576 -2.4892
6577 0.0000
6578 6.2877
6579 0.5396
6580 0.0000
6581 9.1541
6582 0.0000
6583 -2.7687
6584 0.0000
6585 -5.1551
6586 7.2422
6587 0.0000
6588 5.8481
6589 8.7557
6590 0.0000
6591 6.3374
6592 6.0780
6593 6.6307
6594 0.0000
6595 7.2348
6596 8.3595
6597 0.0000
6598 2.3858
6599 6.0788
6600 -7.0671
6601 0.0000
6602 0.0249
6603 -3.7376
6604 0.0000
6605 4.5362
6606 7.9310
6607 3.4214
6608 0.0000
6609 -0.4621
6610 -0.8022
6611 0.0000
6612 1.5354
6613 2.6548
6614 8.4786
6615 0.0000
6616 0.7988
6617 3.7968
6618 0.0000
6619 8.4119
6620 6.1283
6621 7.2513
6622 0.0000
6623 2.0557
6624 -0.0600
6625 0.0000
6626 0.8236
6627 5.8848
6628 5.9535
6629 0.0000
6630 6.3184
6631 6.6863
6632 0.0000
6633 4.2832
6634 5.5175
6635 7.1829
6636 0.0000
6637 0.4099
6638 0.0790
6639 0.0000
6640 -0.0267
6641 3.1843
6642 0.9096
6643 0.0000
6644 10.8338
6645 4.5480
6646 0.0000
6647 10.1324
6648 3.3631
6649 -5.5771
6650 0.0000
6651 -0.0717
6652 5.6970
6653 0.0000
6654 7.3699
6655 7.4858
6656 0.5154
6657 0.0000
6658 -3.9482
6659 6.3929
6660 0.0000
6661 4.6439
6662 -2.2024
6663 6.9936
6664 0.0000
6665 -0.7611
6666 1.8719
6667 0.0000
6668 6.5596
6669 3.6400
6670 2.3984
6671 0.0000
6672 2.0856
6673 -4.6919
6674 0.0000
6675 9.3740
6676 7.7089
6677 6.1372
6678 0.0000
6679 3.0374
6680 3.3393
6681 0.0000
6682 -1.0201
6683 5.2414
6684 6.4369
6685 0.0000
6686 0.0086
6687 6.7422
6688 0.0000
6689 1.0095
6690 -0.2853
6691 6.3060
6692 0.0000
6693 1.7327
6694 -5.1293
6695 0.0000
6696 -5.8585
6697 -0.3106
6698 4.7388
6699 0.0000
6700 3.2529
6701 0.0000
6702 3.0338
6703 0.0000
6704 3.1821
6705 17.2488
6706 0.0000
6707 3.5329
6708 0.0000
6709 15.3598
6710 0.0000
6711 3.9029
6712 5.9330
6713 6.9137
6714 0.0000
6715 5.6122
6716 9.8542
6717 3.5410
6718 0.0000
6719 2.4928
6720 2.6812
6721 -4.7046
6722 0.0000
6723 2.0974
6724 0.0000
6725 5.9954
6726 0.0000
6727 5.6675
6728 1.0443
6729 0.0000
6730 3.0107
6731 0.0000
6732 10.4697
6733 -1.0321
6734 2.5580
6735 8.8781
6736 9.2605
6737 2.0410
6738 -3.4693
6739 9.0690
6740 0.7729
6741 1.3196
6742 14.0278
6743 -1.4313
6744 2.4397
6745 2.0490
6746 11.6863
6747 -1.9238
6748 0.0000
6749 8.7987
6750 1.3142
6751 3.6478
6752 4.8112
6753 1.2740
6754 5.9002
6755 -2.1228
6756 1.6214
6757 0.0000
6758 5.7656
6759 7.7912
6760 5.9943
6761 5.1009
6762 5.7344
6763 0.1822
6764 0.0000
6765 -0.3441
6766 15.2644
6767 8.5727
6768 0.0000
6769 5.8644
6770 -5.9737
6771 3.6917
6772 -6.4479
6773 0.1517
6774 10.9142
6775 5.6623
6776 4.6537
6777 0.0000
6778 -3.3011
6779 -1.1719
6780 2.5195
6781 10.2217
6782 0.7577
6783 3.1740
6784 0.0000
6785 -2.9086
6786 5.3392
6787 0.6814
6788 0.0000
6789 1.2593
6790 -5.2584
6791 -0.2866
6792 1.3940
6793 0.2494
6794 6.4024
6795 3.7246
6796 5.1115
6797 0.0000
6798 2.9652
6799 5.9370
6800 2.3554
6801 1.5239
6802 4.2860
6803 -3.6274
6804 0.0000
6805 -3.9682
6806 -2.7912
6807 -0.7444
6808 0.0000
6809 10.8377
6810 0.0546
6811 2.3565
6812 7.8692
6813 -1.8770
6814 0.3545
6815 -0.3116
6816 5.5169
6817 0.0000
6818 10.2869
6819 3.3496
6820 3.6722
6821 10.4708
6822 2.1259
6823 3.1575
6824 0.0000
6825 -1.1845
6826 1.0381
6827 9.9336
6828 8.1358
6829 4.7237
6830 0.1713
6831 9.6291
6832 -0.2869
6833 1.9694
6834 5.7987
6835 -1.4115
6836 -1.6055
6837 5.6591
6838 7.0147
6839 0.0000
6840 8.6448
6841 -3.0676
6842 7.0870
6843 11.4872
6844 4.4697
6845 13.1917
6846 7.4456
6847 6.5542
6848 0.0000
6849 12.0244
6850 -5.1414
6851 8.9922
6852 4.0086
6853 9.6905
6854 1.5443
6855 0.0000
6856 7.4464
6857 2.7642
6858 -2.3007
6859 0.0000
6860 6.5040
6861 -0.2022
6862 1.8910
6863 5.3856
6864 -9.6369
6865 11.5194
6866 2.3446
6867 11.3680
6868 0.0000
6869 2.1528
6870 4.1743
6871 2.8581
6872 2.5390
6873 5.7492
6874 5.5671
6875 0.0000
6876 3.7627
6877 -1.0622
6878 -2.6148
6879 0.0000
6880 3.7184
6881 -4.7408
6882 9.3086
6883 1.3235
6884 -1.9226
6885 -2.0126
6886 0.6784
6887 4.9054
6888 0.0000
6889 6.0001
6890 -0.4156
6891 3.6040
6892 1.2506
6893 4.3831
6894 -1.1678
6895 0.0000
6896 -1.6501
6897 0.0978
6898 2.6238
6899 0.0000
6900 -1.9526
6901 4.5537
6902 9.6480
6903 4.3335
6904 6.3637
6905 -3.0090
6906 -1.0038
6907 4.4893
6908 0.0000
6909 1.7677
6910 4.8141
6911 6.3251
6912 -4.3060
6913 -0.6870
6914 6.2739
6915 0.0000
6916 -5.0967
6917 -2.6152
6918 2.2569
6919 5.2353
6920 3.7494
6921 13.5797
6922 5.6302
6923 6.8603
6924 0.1865
6925 1.8722
6926 5.4995
6927 -0.9417
6928 4.7949
6929 3.9486
6930 0.0000
6931 1.9786
6932 6.7938
6933 6.8473
6934 2.5191
6935 4.6632
6936 -0.7515
6937 -4.2313
6938 1.5167
6939 0.0000
6940 4.4163
6941 7.3126
6942 10.1218
6943 4.6940
6944 0.6595
6945 0.1421
6946 0.0000
6947 -0.4270
6948 5.4288
6949 2.8544
6950 0.0000
6951 10.5192
6952 -1.4691
6953 0.3957
6954 -6.5197
6955 7.0584
6956 13.6178
6957 2.4978
6958 3.1214
6959 0.0000
6960 -1.2823
6961 8.5310
6962 -0.3795
6963 -0.2367
6964 8.3782
6965 6.6640
6966 0.0000
6967 -0.6471
6968 9.6738
6969 9.3392
6970 0.0000
6971 1.0400
6972 -3.1679
6973 -0.3079
6974 -4.2113
6975 2.9210
6976 1.5101
6977 -0.0736
6978 4.4352
6979 0.0000
6980 4.8430
6981 7.5687
6982 5.8894
6983 -4.2606
6984 5.1911
6985 0.5142
6986 0.0000
6987 3.2118
6988 10.7114
6989 8.7599
6990 0.0000
6991 13.8597
6992 -2.4243
6993 6.3153
6994 8.8116
6995 7.8033
6996 -1.2314
6997 -0.2861
6998 2.4158
6999 0.0000
7000 3.5217
7001 1.8409
7002 -2.8685
7003 11.3151
7004 0.4471
7005 10.6015
7006 0.0000
7007 -2.2262
7008 6.2435
7009 5.8148
7010 2.3265
7011 3.5143
7012 0.0789
7013 4.6845
7014 6.2945
7015 4.4262
7016 4.4300
7017 1.2067
7018 5.5394
7019 -0.1467
7020 5.4454
7021 0.0000
7022 5.2333
7023 3.2755
7024 6.4492
7025 2.7683
7026 -4.2502
7027 -2.1239
7028 -2.4391
7029 3.2751
7030 0.0000
7031 2.5621
7032 0.6459
7033 -2.4653
7034 -3.8950
7035 2.6575
7036 3.9368
7037 0.0000
7038 9.3839
7039 4.6876
7040 2.9119
7041 0.0000
7042 10.8374
7043 6.0928
7044 4.3526
7045 0.6979
7046 -3.3754
7047 4.1303
7048 -0.1825
7049 7.5776
7050 0.0000
7051 5.3565
7052 6.6276
7053 -3.4611
7054 2.5090
7055 11.1733
7056 15.1202
7057 0.0000
7058 2.8777
7059 1.4065
7060 8.7603
7061 0.0000
7062 9.8258
7063 2.3194
7064 -1.3065
7065 11.0910
7066 -0.3022
7067 11.9537
7068 1.3344
7069 0.4243
7070 0.0000
7071 -0.4518
7072 -9.2651
7073 1.0826
7074 7.1718
7075 7.4782
7076 -2.3591
7077 0.0000
7078 -6.7766
7079 2.6105
7080 9.8958
7081 0.0000
7082 8.8008
7083 0.7090
7084 -2.5010
7085 1.4955
7086 0.1180
7087 10.7167
7088 -4.3766
7089 3.2875
7090 0.0000
7091 2.1342
7092 1.0096
7093 7.9510
7094 -8.7506
7095 5.0812
7096 4.3152
7097 0.0000
7098 2.5884
7099 0.0000
7100 6.6815
7101 0.0000
7102 2.3018
7103 -0.5454
7104 -0.2796
7105 3.3980
7106 10.3499
7107 -4.8590
7108 5.9952
7109 -4.7409
7110 0.0000
7111 6.1683
7112 8.7604
7113 -1.1431
7114 3.9731
7115 -1.2130
7116 -1.0572
7117 0.0000
7118 3.4013
7119 0.7312
7120 3.8531
7121 1.1731
7122 6.5839
7123 2.9102
7124 0.0000
7125 2.4102
7126 3.1394
7127 6.2615
7128 5.6760
7129 1.6242
7130 1.3683
7131 0.0000
7132 -4.4090
7133 7.5907
7134 0.5248
7135 0.4390
7136 5.7131
7137 0.5145
7138 0.0000
7139 -1.8230
7140 6.9063
7141 8.2150
7142 10.1756
7143 0.5472
7144 -2.6855
7145 0.0000
7146 2.2705
7147 4.4852
7148 6.6011
7149 6.1920
7150 7.6424
7151 5.4358
7152 0.0000
7153 4.5891
7154 3.1791
7155 7.4350
7156 5.5362
7157 5.6484
7158 3.5820
7159 0.0000
7160 5.1052
7161 9.4534
7162 3.6575
7163 4.9059
7164 10.6870
7165 5.8708
7166 0.0000
7167 2.8173
7168 2.6580
7169 0.7348
7170 7.1959
7171 3.6265
7172 8.0528
7173 0.0000
7174 5.0593
7175 4.0050
7176 2.1989
7177 -3.1390
7178 2.0610
7179 5.1865
7180 0.0000
7181 0.9155
7182 7.5728
7183 3.0090
7184 -2.5260
7185 9.1104
7186 -0.3517
7187 0.0000
7188 -2.5873
7189 1.4444
7190 6.6695
7191 -0.4968
7192 4.4421
7193 5.2566
7194 0.0000
7195 1.8826
7196 6.3789
7197 6.3459
7198 3.0142
7199 -3.3681
7200 8.7715
7201 0.0000
7202 -0.1007
7203 9.9349
7204 4.7787
7205 0.5701
7206 5.7761
7207 3.0860
7208 0.0000
7209 -6.5406
7210 7.7239
7211 -2.9407
7212 -3.0387
7213 5.9485
7214 4.9020
7215 0.0000
7216 -3.4286
7217 0.0000
7218 7.3244
7219 0.0000
7220 3.1843
7221 0.0000
7222 0.6857
7223 -1.1726
7224 0.0000
7225 -3.5814
7226 3.4699
7227 10.6161
7228 0.2043
7229 0.0000
7230 -0.5092
7231 10.8174
7232 2.4241
7233 0.0000
7234 2.4529
7235 3.4378
7236 9.6210
7237 0.0000
7238 5.5378
7239 -2.2521
7240 -3.0982
7241 -0.5574
7242 7.0940
7243 0.0193
7244 5.8682
7245 -0.1481
7246 13.0528
7247 0.0000
7248 1.5929
7249 1.5954
7250 8.8415
7251 4.0362
7252 -0.2157
7253 -0.4180
7254 0.0000
7255 -0.9143
7256 11.9790
7257 7.3925
7258 2.8111
7259 3.3267
7260 -6.8145
7261 0.0000
7262 4.5544
7263 4.5326
7264 9.9841
7265 4.2828
7266 4.2726
7267 2.0652
7268 0.0000
7269 -5.7354
7270 2.4670
7271 4.7403
7272 5.3940
7273 8.6692
7274 5.1428
7275 0.0000
7276 1.4768
7277 9.9913
7278 4.8054
7279 6.2715
7280 -0.2021
7281 5.4059
7282 0.0000
7283 8.1999
7284 1.5053
7285 6.3637
7286 2.6049
7287 2.4719
7288 3.7387
7289 0.0000
7290 4.1401
7291 4.2753
7292 3.0899
7293 6.9813
7294 1.1956
7295 0.4664
7296 0.0000
7297 0.5841
7298 1.9681
7299 6.5709
7300 -0.4588
7301 7.3754
7302 2.5676
7303 0.0000
7304 0.6591
7305 -0.7301
7306 8.5839
7307 -0.1951
7308 1.0971
7309 15.7362
7310 0.0000
7311 -7.2314
7312 -1.3858
7313 -0.2923
7314 -4.2575
7315 -0.4678
7316 9.3246
7317 0.0000
7318 -1.6683
7319 5.4325
7320 4.9463
7321 9.9662
7322 0.8094
7323 2.7910
7324 0.0000
7325 6.0043
7326 4.6880
7327 0.0000
7328 4.9057
7329 -0.3496
7330 5.3606
7331 -0.7753
7332 -2.9896
7333 -4.4371
7334 1.4720
7335 4.7183
7336 0.0000
7337 2.2831
7338 5.6490
7339 0.0000
7340 7.1130
7341 0.0000
7342 -6.3282
7343 0.0000
7344 6.6762
7345 6.5403
7346 0.0000
7347 7.8039
7348 4.5534
7349 0.0000
7350 4.0064
7351 1.3668
7352 5.0534
7353 0.0000
7354 2.9928
7355 -0.2321
7356 0.0000
7357 10.5166
7358 10.1641
7359 5.1978
7360 0.0000
7361 -3.1272
7362 -6.5863
7363 0.0000
7364 -1.3560
7365 0.3005
7366 -3.3122
7367 0.0000
7368 -3.4969
7369 5.3517
7370 0.0000
7371 3.4905
7372 -4.6333
7373 1.5126
7374 0.0000
7375 -0.2583
7376 0.2569
7377 0.0000
7378 8.2385
7379 2.8734
7380 4.5377
7381 0.0000
7382 -0.1270
7383 12.8666
7384 0.0000
7385 -4.4407
7386 -0.5704
7387 -2.3978
7388 0.0000
7389 -1.8224
7390 -5.4434
7391 0.0000
7392 2.3254
7393 2.2886
7394 2.9840
7395 0.0000
7396 3.3625
7397 7.4594
7398 0.0000
7399 6.4507
7400 1.9513
7401 0.7413
7402 0.0000
7403 -0.2831
7404 1.6403
7405 0.0000
7406 -3.7237
7407 2.2698
7408 6.6170
7409 0.0000
7410 2.8681
7411 1.7499
7412 0.0000
7413 8.2823
7414 0.7441
7415 6.8740
7416 0.0000
7417 -3.5664
7418 -0.2839
7419 0.0000
7420 2.3073
7421 10.8604
7422 8.1274
7423 0.0000
7424 -5.2312
7425 1.2173
7426 0.0000
7427 0.5777
7428 -2.6579
7429 9.3840
7430 0.0000
7431 -0.9135
7432 1.5449
7433 0.0000
7434 13.1910
7435 1.3047
7436 15.0653
7437 0.0000
7438 4.2685
7439 5.0664
7440 0.0000
7441 10.1873
7442 2.7855
7443 6.3166
7444 0.0000
7445 4.1980
7446 -2.9564
7447 0.0000
7448 2.9280
7449 7.2558
7450 5.1046
7451 0.0000
7452 -3.7044
7453 -1.6347
7454 0.0000
7455 4.0262
7456 7.8700
7457 3.4029
7458 0.0000
7459 0.7837
7460 0.0000
7461 -1.8778
7462 0.0000
7463 -1.4194
7464 9.0668
7465 0.0000
7466 0.2682
7467 0.0000
7468 8.6516
7469 0.0000
7470 1.4819
7471 8.5918
7472 4.2110
7473 0.0000
7474 2.3446
7475 3.8334
7476 3.3690
7477 0.0000
7478 8.6143
7479 10.7005
7480 0.2282
7481 0.0000
7482 3.7021
7483 0.0000
7484 7.6761
7485 0.0000
7486 1.8516
7487 0.7742
7488 0.0000
7489 5.6791
7490 0.0000
7491 3.2682
7492 3.1911
7493 6.6674
7494 7.5233
7495 4.9238
7496 3.5304
7497 -2.8095
7498 4.7250
7499 0.0000
7500 -1.2087
7501 -3.6243
7502 6.0679
7503 4.1499
7504 0.7182
7505 7.9043
7506 0.0000
7507 -1.1172
7508 5.9720
7509 7.8920
7510 6.7274
7511 -0.1331
7512 11.1956
7513 0.0000
7514 -4.1093
7515 4.1485
7516 5.1669
7517 4.0604
7518 3.8384
7519 2.8700
7520 0.0000
7521 2.3912
7522 2.4139
7523 -1.4685
7524 -8.5740
7525 -1.9143
7526 3.1543
7527 0.0000
7528 3.4356
7529 5.5993
7530 -5.2979
7531 0.3814
7532 -0.0766
7533 -1.0727
7534 0.0000
7535 0.8438
7536 3.1244
7537 3.6823
7538 4.0705
7539 1.5645
7540 -0.0455
7541 0.0000
7542 -2.0047
7543 11.4914
7544 -0.4490
7545 2.7950
7546 1.6021
7547 -0.1687
7548 0.0000
7549 -6.0891
7550 -1.7188
7551 3.3666
7552 2.5875
7553 0.6979
7554 0.6142
7555 0.0000
7556 0.8386
7557 1.1832
7558 4.6940
7559 7.7850
7560 4.8845
7561 -2.9887
7562 0.0000
7563 -6.3673
7564 3.2402
7565 -0.8474
7566 -2.8166
7567 8.7414
7568 -3.0823
7569 0.0000
7570 0.8859
7571 5.5023
7572 -10.5593
7573 2.6229
7574 6.0222
7575 6.4161
7576 0.0000
7577 4.1925
7578 0.8823
7579 10.7626
7580 7.9096
7581 11.1972
7582 7.8972
7583 0.0000
7584 2.6293
7585 14.5181
7586 7.1411
7587 18.9636
7588 6.6421
7589 3.1799
7590 0.0000
7591 -0.9961
7592 8.1797
7593 14.6436
7594 9.7831
7595 3.7861
7596 7.6329
7597 0.0000
7598 8.2646
7599 0.9754
7600 8.7332
7601 1.7319
7602 4.6288
7603 3.6335
7604 0.0000
7605 -6.4671
7606 0.0000
7607 5.8260
7608 -0.1545
7609 0.0000
7610 0.8211
7611 5.2321
7612 0.0000
7613 6.6052
7614 1.2476
7615 0.0000
7616 1.6157
7617 0.0000
7618 3.9899
7619 1.8362
7620 0.0000
7621 0.9674
7622 2.1269
7623 0.0000
7624 7.0680
7625 0.0000
7626 3.6634
7627 8.3619
7628 0.0000
7629 5.8813
7630 2.3890
7631 0.0000
7632 -3.2532
7633 0.0000
7634 7.0140
7635 4.3909
7636 0.0000
7637 6.5450
7638 9.0087
7639 0.0000
7640 1.1105
7641 0.0000
7642 -1.3118
7643 4.0532
7644 0.0000
7645 0.8174
7646 8.4472
7647 0.0000
7648 0.4166
7649 0.0000
7650 -0.8653
7651 8.0215
7652 0.0000
7653 1.3893
7654 0.9303
7655 0.0000
7656 -2.5468
7657 0.0000
7658 -4.2175
7659 0.3025
7660 0.0000
7661 5.0175
7662 8.5489
7663 0.0000
7664 2.3630
7665 0.0000
7666 -0.8775
7667 5.4717
7668 0.0000
7669 1.9746
7670 5.2126
7671 0.0000
7672 8.2275
7673 0.0000
7674 -0.0529
7675 5.4350
7676 0.0000
7677 4.3282
7678 -5.1279
7679 0.0000
7680 7.9200
7681 0.0000
7682 2.5890
7683 2.6919
7684 0.0000
7685 8.5729
7686 5.2770
7687 0.0000
7688 6.0123
7689 0.0000
7690 3.1464
7691 4.9543
7692 0.0000
7693 -0.2358
7694 4.8843
7695 0.0000
7696 -2.0739
7697 0.0000
7698 -2.9190
7699 9.5282
7700 0.0000
7701 3.4800
7702 0.3166
7703 0.0000
7704 6.9991
7705 0.0000
7706 9.7066
7707 7.7141
7708 0.0000
7709 1.4787
7710 3.6982
7711 0.0000
7712 -4.7867
7713 0.0000
7714 -0.1328
7715 2.3898
7716 0.0000
7717 -0.0483
7718 5.2800
7719 0.0000
7720 4.2574
7721 0.0000
7722 3.0854
7723 7.4667
7724 0.0000
7725 7.8126
7726 4.2706
7727 0.0000
7728 -0.6581
7729 0.0000
7730 2.9107
7731 8.7434
7732 0.0000
7733 3.7865
7734 -8.7581
7735 0.0000
7736 -4.9277
7737 0.0000
7738 -1.3210
7739 0.0000
7740 0.7378
