# input  : 16 : C5 4A 0A 87 98 3D EC EB 9B 67 BF 14 59 14 3E 26 
# output : 16 : 94 78 36 70 89 47 59 13 98 1F AD 1E 64 40 C2 D8 
# cycles : 7740
1 0.0000
2 5.3715
3 0.2182
4 0.0000
5 7.6701
6 0.0000
7 0.5715
8 1.4020
9 0.0000
10 -8.6775
11 3.8718
12 0.0000
13 -1.2855
14 0.0000
15 1.4162
16 4.2474
17 0.0000
18 3.6060
19 -2.3009
20 0.0000
21 -2.4277
22 0.0000
23 1.8773
24 -0.5365
25 0.0000
26 3.8479
27 12.7995
28 0.0000
29 1.2810
30 0.0000
31 1.1250
32 3.2833
33 0.0000
34 0.3760
35 2.7316
36 0.0000
37 0.7937
38 0.0000
39 13.3065
40 0.6178
41 0.0000
42 3.4278
43 2.6157
44 0.0000
45 6.9600
46 0.0000
47 3.3675
48 6.5987
49 0.0000
50 3.3256
51 1.8941
52 0.0000
53 5.4115
54 0.0000
55 3.2386
56 4.0121
57 0.0000
58 5.8117
59 8.4357
60 0.0000
61 -0.7235
62 0.0000
63 3.4006
64 5.1970
65 0.0000
66 1.1798
67 -1.7982
68 0.0000
69 7.1519
70 0.0000
71 6.3337
72 3.7511
73 0.0000
74 -4.6809
75 0.3543
76 0.0000
77 -0.7706
78 0.0000
79 2.0377
80 -0.8415
81 0.0000
82 4.7869
83 0.5532
84 0.0000
85 -1.8028
86 0.0000
87 10.1756
88 5.4496
89 0.0000
90 1.6036
91 5.3416
92 0.0000
93 8.5070
94 0.0000
95 0.9496
96 2.1820
97 0.0000
98 -1.1996
99 4.2190
100 0.0000
101 3.0084
102 0.0000
103 6.8872
104 2.5959
105 0.0000
106 2.0820
107 15.9575
108 0.0000
109 -7.1584
110 0.0000
111 3.3316
112 12.7028
113 0.0000
114 -4.3466
115 7.0071
116 0.0000
117 2.8676
118 0.0000
119 7.3836
120 12.2801
121 0.0000
122 8.9089
123 5.1558
124 0.0000
125 1.5759
126 0.0000
127 3.1510
128 2.7665
129 0.0000
130 4.6389
131 -1.8024
132 0.0000
133 2.3683
134 0.0000
135 6.4802
136 -5.6560
137 0.0000
138 4.9068
139 6.7312
140 -2.8116
141 0.0000
142 6.3555
143 6.4359
144 6.3130
145 -4.2511
146 0.0000
147 -1.0536
148 -2.1953
149 0.0000
150 9.6261
151 6.8249
152 6.4169
153 4.9071
154 0.0000
155 10.3056
156 -0.1310
157 0.0000
158 5.4778
159 -6.0429
160 3.0280
161 -2.9251
162 0.0000
163 2.8977
164 2.3929
165 0.0000
166 3.8149
167 3.4363
168 5.7894
169 5.7273
170 0.0000
171 -0.2500
172 0.9064
173 0.0000
174 2.2316
175 6.2146
176 1.2425
177 5.5454
178 0.0000
179 0.9122
180 0.1357
181 0.0000
182 1.3263
183 1.3479
184 3.7809
185 -1.7706
186 0.0000
187 -2.4348
188 1.7782
189 0.0000
190 6.4979
191 7.7639
192 0.2183
193 1.0404
194 0.0000
195 -3.2926
196 7.0233
197 0.0000
198 6.7073
199 7.8302
200 5.5448
201 2.6527
202 0.0000
203 -1.0021
204 6.0846
205 0.0000
206 4.4193
207 2.4712
208 4.3911
209 -8.4516
210 0.0000
211 1.1089
212 -0.0451
213 0.0000
214 5.1603
215 10.0853
216 4.6906
217 3.1843
218 0.0000
219 -1.6445
220 2.7216
221 0.0000
222 4.4058
223 1.4769
224 0.4422
225 3.1571
226 0.0000
227 3.5476
228 1.1300
229 0.0000
230 4.3649
231 2.2572
232 -2.6051
233 0.4520
234 0.0000
235 6.7939
236 8.4377
237 0.0000
238 1.8182
239 -2.0824
240 0.5725
241 1.2351
242 0.0000
243 -0.5344
244 3.8799
245 0.0000
246 5.4129
247 5.3079
248 2.5133
249 -3.3973
250 0.0000
251 4.5097
252 -0.5092
253 0.0000
254 3.6892
255 9.7253
256 10.0334
257 1.5968
258 0.0000
259 -1.9580
260 4.8758
261 0.0000
262 4.4631
263 2.1451
264 -2.1458
265 2.9050
266 0.0000
267 4.1638
268 -0.3226
269 0.0000
270 1.9040
271 0.0000
272 5.6905
273 2.2768
274 -0.7932
275 5.9454
276 12.7990
277 -1.3779
278 -0.8267
279 8.2914
280 0.0000
281 -0.6028
282 7.9032
283 11.2928
284 -0.6392
285 0.7055
286 6.2208
287 0.0000
288 2.0715
289 -1.6631
290 6.3693
291 -1.3546
292 5.9444
293 -3.4159
294 0.0000
295 -0.8163
296 2.9441
297 1.5203
298 6.5532
299 0.7381
300 3.1045
301 0.0000
302 6.0350
303 7.3956
304 1.9374
305 4.5475
306 2.7315
307 7.4302
308 0.0000
309 2.5014
310 5.8369
311 -1.5549
312 6.5913
313 10.1757
314 2.5252
315 0.0000
316 -11.4809
317 -0.8553
318 9.2194
319 3.0234
320 3.9247
321 7.9241
322 0.0000
323 -0.6440
324 0.6309
325 6.0403
326 1.8546
327 7.9370
328 0.4873
329 0.0000
330 -4.8203
331 6.1802
332 1.4071
333 4.1950
334 8.6849
335 -4.5562
336 0.0000
337 -10.1966
338 4.0859
339 -1.9255
340 1.8514
341 6.3522
342 2.2207
343 0.0000
344 -0.8767
345 9.2255
346 7.8059
347 4.0416
348 4.1242
349 0.2368
350 0.0000
351 9.5302
352 -2.1907
353 0.0030
354 1.8337
355 9.7737
356 -2.0613
357 0.0000
358 3.2016
359 -3.1159
360 6.6440
361 0.4413
362 10.4052
363 8.3571
364 0.0000
365 -1.0813
366 -1.1359
367 5.6538
368 1.4104
369 5.7626
370 6.9973
371 0.0000
372 1.4214
373 11.5869
374 0.3603
375 4.0095
376 5.7357
377 4.3665
378 0.0000
379 -4.7263
380 -0.4045
381 0.2648
382 12.8868
383 0.6729
384 8.2330
385 0.0000
386 7.9216
387 0.0000
388 1.3832
389 0.0000
390 6.3258
391 0.0000
392 2.2908
393 9.7090
394 0.0000
395 5.9204
396 10.5831
397 1.9399
398 4.5182
399 0.0000
400 1.8988
401 -0.6934
402 -3.6517
403 0.0000
404 9.7635
405 14.5550
406 2.1571
407 0.0000
408 -2.6696
409 5.3256
410 -0.8514
411 2.3276
412 7.5164
413 2.0244
414 6.9545
415 4.2514
416 2.9906
417 0.0000
418 1.5888
419 3.9534
420 -9.5780
421 4.5280
422 -1.1417
423 2.7982
424 0.0000
425 -0.3323
426 13.4605
427 0.5842
428 9.0951
429 -1.3765
430 8.9609
431 0.0000
432 -1.1684
433 11.3526
434 13.6585
435 5.7976
436 -5.7042
437 1.2204
438 0.0000
439 -0.8126
440 0.6815
441 4.1123
442 3.4894
443 8.3742
444 4.7256
445 0.0000
446 1.2117
447 -4.9239
448 8.2509
449 1.0999
450 -2.5143
451 1.8833
452 0.0000
453 -8.4782
454 0.4301
455 1.5032
456 1.9064
457 10.3336
458 -1.2374
459 0.0000
460 1.3436
461 3.5270
462 9.9491
463 2.2445
464 1.8172
465 -2.4855
466 0.0000
467 -4.0007
468 2.4291
469 -1.0935
470 1.0886
471 7.3224
472 7.6431
473 0.0000
474 5.4750
475 1.5621
476 2.6710
477 -5.2776
478 5.7046
479 3.9762
480 0.0000
481 -2.3043
482 0.9452
483 4.9731
484 4.6620
485 1.2346
486 10.9345
487 0.0000
488 6.5366
489 10.8881
490 8.8280
491 2.1577
492 2.7023
493 -0.6765
494 0.0000
495 5.2177
496 1.3394
497 0.0000
498 11.4301
499 5.1011
500 0.6134
501 7.0794
502 0.4104
503 -1.3509
504 1.6531
505 5.5939
506 0.0000
507 -0.3896
508 2.2389
509 0.0000
510 0.8386
511 -2.7257
512 0.0000
513 -0.6421
514 -2.0367
515 0.0000
516 0.6175
517 9.3626
518 0.0000
519 3.9457
520 -6.6212
521 1.3945
522 0.0000
523 0.2340
524 4.8429
525 0.0000
526 2.3100
527 1.9497
528 8.4701
529 0.0000
530 1.0420
531 4.8059
532 0.0000
533 4.1924
534 -0.0784
535 -1.7646
536 0.0000
537 -0.6803
538 12.6183
539 0.0000
540 2.5906
541 1.6508
542 0.0748
543 0.0000
544 4.2782
545 -7.3373
546 0.0000
547 3.1050
548 2.8698
549 5.4228
550 0.0000
551 -0.2294
552 0.4279
553 0.0000
554 2.5469
555 12.2538
556 1.2584
557 0.0000
558 0.9343
559 8.4602
560 0.0000
561 4.4736
562 4.2437
563 2.7908
564 0.0000
565 0.9699
566 2.8802
567 0.0000
568 -1.5994
569 4.5354
570 3.2033
571 0.0000
572 -7.7084
573 9.5898
574 0.0000
575 -2.3832
576 1.7537
577 7.2581
578 0.0000
579 -3.1516
580 -4.2944
581 0.0000
582 3.8934
583 -1.4784
584 3.5065
585 0.0000
586 -0.0502
587 0.2430
588 0.0000
589 7.8534
590 8.7794
591 1.7715
592 0.0000
593 -5.0277
594 3.7692
595 0.0000
596 4.8091
597 2.2325
598 -1.0367
599 0.0000
600 1.4836
601 0.7249
602 0.0000
603 -1.2245
604 4.8258
605 7.3516
606 0.0000
607 2.4812
608 -1.5536
609 0.0000
610 3.5953
611 1.3437
612 -0.7029
613 0.0000
614 2.3117
615 -0.2850
616 0.0000
617 5.2337
618 6.3090
619 3.1838
620 0.0000
621 3.8104
622 3.9395
623 0.0000
624 1.6839
625 -0.7204
626 -1.1670
627 0.0000
628 1.4608
629 0.0000
630 0.8470
631 0.0000
632 0.1003
633 9.0819
634 0.0000
635 2.0448
636 0.0000
637 7.8217
638 0.0000
639 8.5975
640 2.9930
641 -2.0318
642 0.0000
643 6.7780
644 -0.2616
645 1.9736
646 0.0000
647 3.3382
648 9.0456
649 -6.9449
650 0.0000
651 2.7099
652 0.0000
653 12.4214
654 0.0000
655 3.7072
656 5.5539
657 0.0000
658 1.6795
659 0.0000
660 0.8239
661 -0.2194
662 2.3052
663 1.8171
664 2.0095
665 -0.4703
666 -0.3817
667 8.0675
668 -3.1363
669 1.8972
670 4.9305
671 4.8511
672 -1.8116
673 4.0020
674 -0.5716
675 7.4500
676 0.0000
677 -1.7023
678 2.8717
679 5.6040
680 6.5683
681 -1.3966
682 6.9708
683 -4.5718
684 -3.9392
685 0.0000
686 8.0756
687 8.7513
688 4.1266
689 2.0711
690 10.2696
691 -0.2423
692 0.0000
693 1.8597
694 9.1151
695 1.4802
696 0.0000
697 0.9188
698 4.7026
699 0.1950
700 1.3857
701 -3.2137
702 4.6013
703 -0.1644
704 -0.4426
705 0.0000
706 3.1941
707 6.7321
708 6.7169
709 -0.3000
710 11.8982
711 9.7254
712 0.0000
713 4.9799
714 -0.8550
715 4.5280
716 0.0000
717 5.9437
718 1.9922
719 9.0813
720 3.0842
721 -4.9472
722 4.1982
723 1.7272
724 2.2496
725 0.0000
726 0.1654
727 4.2889
728 5.7245
729 -1.2285
730 0.7601
731 1.9137
732 0.0000
733 0.1767
734 -0.2863
735 4.8158
736 0.0000
737 7.5964
738 -2.6196
739 7.2380
740 0.3668
741 5.1339
742 9.1433
743 4.6167
744 5.7125
745 0.0000
746 9.8618
747 10.5494
748 0.1525
749 4.4839
750 3.7998
751 10.7919
752 0.0000
753 -4.9034
754 6.6925
755 9.6194
756 9.1682
757 11.7963
758 1.5576
759 3.5150
760 0.2398
761 7.0806
762 9.0843
763 3.4933
764 -3.6705
765 9.5245
766 1.0703
767 0.0000
768 2.6517
769 9.5734
770 8.2201
771 -2.6004
772 -2.8372
773 7.4932
774 1.5349
775 6.1710
776 0.0000
777 6.6611
778 2.7128
779 -2.0552
780 4.9832
781 -0.9115
782 3.7755
783 0.0000
784 -2.4604
785 4.6383
786 -3.1405
787 0.0000
788 6.2197
789 -0.7626
790 5.7190
791 7.0267
792 -1.6477
793 10.1378
794 9.6373
795 5.4014
796 0.0000
797 2.8969
798 1.0929
799 -2.6177
800 -5.6718
801 5.9145
802 7.1161
803 0.0000
804 10.2576
805 -4.4977
806 1.9223
807 0.0000
808 2.2334
809 0.4146
810 6.2657
811 -1.2000
812 3.9856
813 1.3517
814 -2.0753
815 -0.8477
816 0.0000
817 5.5043
818 0.2965
819 5.9017
820 12.3285
821 4.3720
822 -0.2226
823 0.0000
824 -1.8931
825 3.3705
826 -2.3253
827 0.0000
828 3.6617
829 -3.1566
830 8.1248
831 0.8238
832 1.1163
833 -1.7211
834 -2.5534
835 0.5640
836 0.0000
837 1.6945
838 -1.0560
839 -0.9782
840 -1.1749
841 -0.7911
842 4.5142
843 0.0000
844 -0.7058
845 9.7200
846 0.7923
847 7.0546
848 6.5997
849 8.6620
850 0.4498
851 10.5925
852 3.6624
853 2.1172
854 1.0862
855 -3.2832
856 -7.1197
857 8.2940
858 0.0000
859 4.9276
860 1.3741
861 5.0176
862 4.9430
863 0.4069
864 12.1986
865 5.6832
866 5.6576
867 0.0000
868 4.8460
869 6.8018
870 0.8388
871 -0.1344
872 3.0635
873 4.4560
874 0.0000
875 3.4728
876 2.4206
877 -0.5001
878 0.0000
879 -0.5274
880 -1.4612
881 4.6788
882 7.2719
883 3.4169
884 2.2303
885 -1.9775
886 3.7885
887 0.0000
888 -0.2363
889 1.0756
890 9.1151
891 11.4633
892 -1.9165
893 3.3648
894 0.0000
895 7.5658
896 2.3036
897 5.8846
898 0.0000
899 2.8118
900 -1.3471
901 -3.9953
902 7.8980
903 7.3435
904 10.8063
905 -0.9851
906 7.4917
907 0.0000
908 8.6806
909 5.9088
910 4.5863
911 6.6059
912 8.8921
913 0.6342
914 0.0000
915 0.6826
916 5.1635
917 5.9389
918 0.0000
919 2.8196
920 -0.5513
921 1.5719
922 6.9730
923 8.5686
924 8.7923
925 -2.3255
926 0.3435
927 0.0000
928 4.1582
929 5.2427
930 3.8126
931 3.7210
932 3.4746
933 -0.9411
934 0.0000
935 -7.4280
936 3.1398
937 -0.2924
938 13.9671
939 11.2313
940 0.7804
941 3.5384
942 -2.8683
943 5.6362
944 6.1699
945 5.7484
946 0.2123
947 5.1028
948 4.3655
949 0.0000
950 3.8140
951 3.7071
952 9.4569
953 2.0469
954 -2.3700
955 -6.3008
956 -3.2720
957 7.1498
958 0.0000
959 7.1753
960 1.2113
961 -0.6360
962 2.5116
963 7.4518
964 8.5082
965 0.0000
966 2.5167
967 0.0601
968 1.0969
969 0.0000
970 5.1839
971 2.7760
972 7.5073
973 7.4337
974 4.3287
975 6.5809
976 11.4511
977 5.1854
978 0.0000
979 8.3061
980 5.8959
981 -3.7469
982 -3.0879
983 0.9094
984 2.5040
985 0.0000
986 5.7281
987 11.7473
988 7.4202
989 0.0000
990 2.5032
991 -10.0703
992 10.1204
993 1.7536
994 0.3676
995 3.4275
996 3.1487
997 1.5228
998 0.0000
999 11.4441
1000 10.5085
1001 2.5397
1002 8.7799
1003 1.5672
1004 -2.2376
1005 0.0000
1006 0.2883
1007 7.2596
1008 1.4924
1009 0.0000
1010 2.7696
1011 7.9936
1012 6.0854
1013 -1.8102
1014 9.6740
1015 8.8368
1016 9.9937
1017 2.8792
1018 0.0000
1019 14.8811
1020 -5.9334
1021 10.0483
1022 7.8455
1023 3.4119
1024 4.3530
1025 0.0000
1026 -2.2328
1027 0.0000
1028 3.4695
1029 0.0000
1030 3.5098
1031 2.4298
1032 -4.5432
1033 0.7137
1034 2.3465
1035 1.9016
1036 10.7205
1037 -3.1436
1038 0.0000
1039 0.7633
1040 7.3750
1041 5.1683
1042 1.7441
1043 2.3855
1044 1.9100
1045 0.0000
1046 0.4545
1047 10.2368
1048 9.4754
1049 6.3194
1050 4.5933
1051 8.4816
1052 0.0000
1053 -2.6863
1054 2.3253
1055 2.9651
1056 1.3108
1057 4.8011
1058 2.8170
1059 0.0000
1060 -8.7516
1061 2.9702
1062 14.2283
1063 -0.2787
1064 3.1303
1065 0.3220
1066 0.0000
1067 5.3567
1068 -2.1813
1069 1.9359
1070 1.8200
1071 3.6575
1072 -0.2340
1073 0.0000
1074 -0.5297
1075 -6.5352
1076 11.7178
1077 -0.6854
1078 9.6650
1079 3.9206
1080 0.0000
1081 3.7487
1082 -1.7465
1083 2.5675
1084 4.4015
1085 6.0034
1086 5.6272
1087 0.0000
1088 3.7382
1089 12.8380
1090 -0.2602
1091 6.3140
1092 0.1138
1093 4.5995
1094 0.0000
1095 3.2403
1096 2.3974
1097 1.4582
1098 12.0651
1099 11.7186
1100 4.3347
1101 0.0000
1102 3.9274
1103 0.3288
1104 5.8680
1105 -3.9267
1106 10.9552
1107 7.6390
1108 0.0000
1109 1.1154
1110 4.9012
1111 2.3302
1112 2.0868
1113 3.5343
1114 4.4895
1115 0.0000
1116 1.1520
1117 1.5727
1118 0.3918
1119 1.0691
1120 6.3959
1121 3.9313
1122 0.0000
1123 6.5719
1124 1.8489
1125 1.9896
1126 -0.3324
1127 5.8663
1128 6.2435
1129 0.0000
1130 2.7923
1131 3.8460
1132 -0.5857
1133 6.2116
1134 9.7143
1135 10.4698
1136 0.0000
1137 1.5001
1138 2.5043
1139 12.6133
1140 11.2331
1141 0.4226
1142 8.6917
1143 0.0000
1144 0.6766
1145 0.0000
1146 6.1960
1147 0.0000
1148 7.8683
1149 0.0000
1150 2.5519
1151 6.2936
1152 0.0000
1153 0.8497
1154 -0.1272
1155 6.6928
1156 8.8778
1157 0.0000
1158 -0.7589
1159 -1.2300
1160 3.2952
1161 0.0000
1162 2.7099
1163 4.5131
1164 2.3340
1165 0.0000
1166 8.3595
1167 6.6141
1168 1.5568
1169 5.8053
1170 10.0582
1171 15.3988
1172 0.6311
1173 2.9757
1174 3.5151
1175 0.0000
1176 -4.1340
1177 6.7482
1178 0.8219
1179 7.3076
1180 6.2240
1181 -1.5557
1182 0.0000
1183 -0.2991
1184 4.0801
1185 5.1493
1186 10.3922
1187 3.1476
1188 0.1771
1189 0.0000
1190 0.6954
1191 -1.8083
1192 -1.5797
1193 3.6149
1194 0.9219
1195 5.2707
1196 0.0000
1197 12.9615
1198 0.3768
1199 2.1649
1200 0.6890
1201 5.8374
1202 -0.4490
1203 0.0000
1204 4.6316
1205 -2.6036
1206 1.0841
1207 1.9786
1208 6.8084
1209 3.6432
1210 0.0000
1211 -2.2327
1212 2.7275
1213 -0.2834
1214 3.9761
1215 1.9702
1216 11.1652
1217 0.0000
1218 3.8928
1219 1.1964
1220 7.0932
1221 5.2563
1222 0.3198
1223 -1.6020
1224 0.0000
1225 6.2206
1226 3.8460
1227 12.6559
1228 4.4210
1229 2.6399
1230 9.6032
1231 0.0000
1232 2.8363
1233 7.0477
1234 -0.0367
1235 4.7820
1236 0.6429
1237 6.4030
1238 0.0000
1239 -1.0020
1240 1.0085
1241 6.9844
1242 3.8526
1243 1.6935
1244 11.3018
1245 0.0000
1246 -6.7617
1247 1.6218
1248 -1.2930
1249 5.6358
1250 4.4647
1251 1.9173
1252 0.0000
1253 2.2583
1254 6.4835
1255 0.0000
1256 3.0661
1257 2.2873
1258 1.0295
1259 5.1103
1260 4.6650
1261 0.2469
1262 -8.1615
1263 5.5804
1264 0.0000
1265 1.2432
1266 1.3464
1267 0.0000
1268 7.0370
1269 0.0000
1270 4.2876
1271 0.0000
1272 1.8564
1273 -4.4548
1274 0.0000
1275 3.6991
1276 3.8480
1277 0.0000
1278 0.9043
1279 6.8714
1280 -2.9412
1281 0.0000
1282 9.1251
1283 0.2755
1284 0.0000
1285 1.6887
1286 10.0365
1287 -5.1608
1288 0.0000
1289 -0.5497
1290 4.7044
1291 0.0000
1292 9.3215
1293 0.5454
1294 -3.5688
1295 0.0000
1296 -4.8649
1297 -1.7283
1298 0.0000
1299 -0.9491
1300 0.9581
1301 1.4280
1302 0.0000
1303 3.5096
1304 9.2608
1305 0.0000
1306 8.7373
1307 7.6412
1308 5.5710
1309 0.0000
1310 0.4701
1311 -1.8911
1312 0.0000
1313 2.4199
1314 4.5988
1315 2.3605
1316 0.0000
1317 5.3313
1318 11.2431
1319 0.0000
1320 9.3238
1321 4.7651
1322 -1.3307
1323 0.0000
1324 0.2014
1325 7.9642
1326 0.0000
1327 8.2265
1328 11.7614
1329 -3.6898
1330 0.0000
1331 -0.7067
1332 9.5368
1333 0.0000
1334 -2.6214
1335 3.0251
1336 4.0337
1337 0.0000
1338 -5.3633
1339 4.7709
1340 0.0000
1341 -1.4922
1342 12.1078
1343 4.9408
1344 0.0000
1345 2.4914
1346 1.5683
1347 0.0000
1348 6.2637
1349 12.9740
1350 0.8383
1351 0.0000
1352 -4.7068
1353 5.6250
1354 0.0000
1355 7.8548
1356 2.4987
1357 1.5086
1358 0.0000
1359 0.5704
1360 1.5280
1361 0.0000
1362 0.8570
1363 3.5192
1364 3.6012
1365 0.0000
1366 -0.8752
1367 4.6405
1368 0.0000
1369 4.9255
1370 6.8807
1371 9.9497
1372 0.0000
1373 -3.1070
1374 1.2977
1375 0.0000
1376 10.7993
1377 7.8750
1378 5.8398
1379 0.0000
1380 3.2597
1381 9.9666
1382 0.0000
1383 -3.3502
1384 0.9365
1385 -2.5577
1386 0.0000
1387 -2.4951
1388 0.0000
1389 8.4141
1390 0.0000
1391 -7.5144
1392 8.6131
1393 0.0000
1394 5.7965
1395 0.0000
1396 4.6195
1397 0.0000
1398 6.4689
1399 3.9229
1400 4.7043
1401 0.0000
1402 16.8320
1403 1.8694
1404 15.8911
1405 0.0000
1406 3.5837
1407 7.3260
1408 1.5746
1409 0.0000
1410 0.1399
1411 0.0000
1412 -2.2642
1413 0.0000
1414 11.1801
1415 2.2418
1416 0.0000
1417 2.4302
1418 0.0000
1419 -2.6510
1420 3.9724
1421 2.6159
1422 2.6659
1423 4.4838
1424 -0.2945
1425 -2.5789
1426 5.8009
1427 2.0158
1428 3.4799
1429 10.4927
1430 -4.9098
1431 4.1446
1432 2.5152
1433 1.7237
1434 7.5519
1435 0.0000
1436 2.9985
1437 2.9794
1438 5.0985
1439 9.3197
1440 0.7237
1441 11.8041
1442 2.7596
1443 13.0320
1444 0.0000
1445 5.2073
1446 5.9741
1447 3.6097
1448 7.0151
1449 -0.6702
1450 5.7431
1451 0.0000
1452 1.2031
1453 4.3079
1454 -6.5114
1455 0.0000
1456 1.1655
1457 4.3884
1458 4.0548
1459 0.7389
1460 -0.1412
1461 -5.6239
1462 -1.3024
1463 -5.6611
1464 0.0000
1465 11.8379
1466 4.3459
1467 1.1569
1468 4.9123
1469 -2.5876
1470 7.9245
1471 0.0000
1472 3.7395
1473 0.9134
1474 -6.3928
1475 0.0000
1476 8.2625
1477 0.8581
1478 3.2079
1479 5.1294
1480 2.0530
1481 12.7053
1482 -0.2337
1483 2.0620
1484 0.0000
1485 3.1856
1486 -3.7589
1487 7.8937
1488 13.8469
1489 4.1210
1490 1.9000
1491 0.0000
1492 -0.0485
1493 1.7436
1494 3.9181
1495 0.0000
1496 -1.0219
1497 -1.3702
1498 1.4950
1499 8.5805
1500 1.7057
1501 3.2770
1502 -7.5831
1503 4.8710
1504 0.0000
1505 1.5512
1506 11.1838
1507 -2.9398
1508 8.3867
1509 9.3507
1510 2.5345
1511 0.0000
1512 1.2955
1513 3.0092
1514 5.5670
1515 10.0746
1516 11.9543
1517 8.1818
1518 4.1022
1519 -4.0362
1520 0.9672
1521 3.9291
1522 4.6829
1523 5.2791
1524 7.4465
1525 5.9837
1526 0.0000
1527 0.6795
1528 -4.6314
1529 4.1152
1530 1.9962
1531 0.7071
1532 4.5580
1533 7.9770
1534 3.8429
1535 0.0000
1536 -0.0084
1537 10.4376
1538 7.5760
1539 -3.0297
1540 7.0208
1541 1.0061
1542 0.0000
1543 1.7897
1544 2.5302
1545 5.0965
1546 0.0000
1547 4.8495
1548 5.2319
1549 1.8137
1550 3.1192
1551 -0.3384
1552 7.4744
1553 6.4284
1554 2.6764
1555 0.0000
1556 5.7403
1557 0.5112
1558 6.3958
1559 7.2458
1560 -1.7041
1561 5.2597
1562 0.0000
1563 -3.9357
1564 -5.5111
1565 7.1012
1566 0.0000
1567 7.6240
1568 -0.1267
1569 8.3985
1570 6.5839
1571 -10.2050
1572 17.4473
1573 2.4081
1574 3.9680
1575 0.0000
1576 4.6080
1577 -6.8766
1578 3.6777
1579 1.2006
1580 5.3505
1581 5.9532
1582 0.0000
1583 2.3525
1584 2.7874
1585 5.1466
1586 0.0000
1587 1.2012
1588 -1.5200
1589 2.2447
1590 1.6229
1591 3.6920
1592 4.3599
1593 7.8930
1594 -1.3299
1595 0.0000
1596 0.4183
1597 5.9961
1598 5.7659
1599 3.0908
1600 0.8988
1601 4.3805
1602 0.0000
1603 -2.0587
1604 1.8466
1605 -0.7231
1606 5.2510
1607 5.7763
1608 -10.0279
1609 7.0838
1610 3.3793
1611 8.0737
1612 12.9651
1613 1.9626
1614 2.5676
1615 6.2831
1616 6.2209
1617 0.0000
1618 2.6203
1619 -1.5352
1620 1.8486
1621 2.0536
1622 -3.6658
1623 6.3566
1624 -2.3110
1625 10.6467
1626 0.0000
1627 7.9462
1628 1.3587
1629 6.2074
1630 12.0004
1631 6.3984
1632 3.1227
1633 0.0000
1634 2.0433
1635 1.8349
1636 6.0316
1637 0.0000
1638 2.8711
1639 2.8683
1640 9.0099
1641 1.8104
1642 0.5313
1643 3.0102
1644 -3.5713
1645 1.5862
1646 0.0000
1647 3.1025
1648 4.0130
1649 4.3309
1650 -2.6270
1651 3.7169
1652 8.4078
1653 0.0000
1654 -3.3906
1655 -8.6767
1656 3.6065
1657 0.0000
1658 7.6742
1659 3.5896
1660 -0.3681
1661 2.8098
1662 4.7472
1663 -0.9265
1664 -4.2232
1665 5.1481
1666 0.0000
1667 4.5298
1668 9.3513
1669 10.3392
1670 8.7884
1671 4.5005
1672 11.9173
1673 0.0000
1674 -1.3325
1675 2.6206
1676 9.1577
1677 0.0000
1678 6.9272
1679 -0.6867
1680 -2.6554
1681 5.1100
1682 2.5698
1683 14.8206
1684 3.8673
1685 1.2831
1686 0.0000
1687 -2.9514
1688 4.1575
1689 9.1396
1690 3.6591
1691 6.9277
1692 0.3774
1693 0.0000
1694 -1.7100
1695 10.1403
1696 0.3822
1697 3.3136
1698 3.2406
1699 4.9198
1700 3.5656
1701 -8.2320
1702 3.0232
1703 -5.5587
1704 7.1201
1705 3.5974
1706 5.3500
1707 1.9024
1708 0.0000
1709 9.1344
1710 -12.2075
1711 3.8394
1712 8.6926
1713 4.0809
1714 10.8628
1715 1.9763
1716 5.4931
1717 0.0000
1718 2.7623
1719 4.0332
1720 3.6163
1721 7.2329
1722 11.8086
1723 5.0924
1724 0.0000
1725 -0.9935
1726 12.6139
1727 8.5031
1728 0.0000
1729 4.7415
1730 -1.1205
1731 7.2114
1732 12.5007
1733 -5.7227
1734 0.7062
1735 -2.7040
1736 3.6506
1737 0.0000
1738 11.4445
1739 10.2862
1740 3.6614
1741 -1.3257
1742 2.7874
1743 2.0069
1744 0.0000
1745 0.6100
1746 3.7594
1747 8.3984
1748 0.0000
1749 -2.0508
1750 -3.5618
1751 -2.6034
1752 0.6299
1753 3.6152
1754 0.1722
1755 2.9849
1756 6.7996
1757 0.0000
1758 10.0608
1759 7.0972
1760 8.4163
1761 -0.2592
1762 13.0373
1763 0.7507
1764 0.0000
1765 -2.2511
1766 -3.0327
1767 0.7214
1768 0.0000
1769 0.6442
1770 7.8566
1771 3.0597
1772 9.7673
1773 5.5517
1774 -3.4402
1775 3.5994
1776 0.8852
1777 0.0000
1778 5.8378
1779 9.9414
1780 -4.6873
1781 6.0570
1782 1.9961
1783 5.3105
1784 0.0000
1785 6.4563
1786 0.0000
1787 1.4139
1788 0.0000
1789 13.8876
1790 -5.4257
1791 -2.2831
1792 2.3415
1793 1.3933
1794 4.6362
1795 3.3997
1796 -0.1617
1797 0.0000
1798 -2.2702
1799 9.4475
1800 8.1869
1801 3.7283
1802 6.1106
1803 -1.7541
1804 0.0000
1805 7.2503
1806 7.1685
1807 7.8962
1808 1.7422
1809 4.1420
1810 4.1084
1811 0.0000
1812 2.3755
1813 9.9263
1814 10.2949
1815 5.2874
1816 -2.3998
1817 1.6377
1818 0.0000
1819 -0.8483
1820 4.0601
1821 5.6241
1822 4.9231
1823 2.2700
1824 10.7601
1825 0.0000
1826 3.1173
1827 -1.3135
1828 5.7504
1829 -4.2584
1830 6.4902
1831 7.4260
1832 0.0000
1833 -1.9557
1834 7.0006
1835 -3.6768
1836 0.6220
1837 0.2648
1838 5.1152
1839 0.0000
1840 2.2511
1841 2.7528
1842 5.3427
1843 2.1020
1844 0.0271
1845 6.3316
1846 0.0000
1847 -1.3276
1848 2.7760
1849 1.0249
1850 2.4172
1851 1.9356
1852 -6.6673
1853 0.0000
1854 8.1974
1855 0.3815
1856 -0.5386
1857 -1.2272
1858 4.3694
1859 8.9362
1860 0.0000
1861 -1.8409
1862 0.9539
1863 3.9619
1864 9.3417
1865 8.7134
1866 6.4148
1867 0.0000
1868 2.0288
1869 9.1208
1870 0.1449
1871 1.5034
1872 4.3086
1873 0.3518
1874 0.0000
1875 -0.2153
1876 1.6552
1877 -12.2985
1878 -1.3639
1879 -1.0437
1880 3.0741
1881 0.0000
1882 -4.7126
1883 9.1771
1884 10.8031
1885 3.7049
1886 6.7001
1887 5.4598
1888 0.0000
1889 4.0708
1890 6.0067
1891 4.7072
1892 1.2465
1893 6.1230
1894 4.8324
1895 0.0000
1896 7.8453
1897 5.4870
1898 3.3384
1899 -1.3936
1900 4.0368
1901 0.1876
1902 0.0000
1903 -2.5845
1904 0.0000
1905 2.6350
1906 0.0000
1907 3.8000
1908 0.0000
1909 -1.8710
1910 -2.3485
1911 0.0000
1912 14.2644
1913 5.7505
1914 6.4977
1915 3.2241
1916 0.0000
1917 -5.6929
1918 -3.7821
1919 15.6684
1920 0.0000
1921 0.1353
1922 10.0266
1923 9.1374
1924 0.0000
1925 10.4364
1926 7.9350
1927 -1.5932
1928 8.9533
1929 6.3649
1930 0.3927
1931 8.6590
1932 3.6581
1933 0.4345
1934 0.0000
1935 -1.9049
1936 -1.2306
1937 3.2659
1938 1.3930
1939 -0.8137
1940 13.7218
1941 0.0000
1942 1.8836
1943 6.0505
1944 16.5008
1945 8.3398
1946 5.8865
1947 13.0194
1948 0.0000
1949 -2.2526
1950 5.5187
1951 -2.5101
1952 4.8533
1953 -4.3923
1954 -5.6485
1955 0.0000
1956 3.8373
1957 1.5010
1958 9.4164
1959 5.3166
1960 -0.6411
1961 -1.7507
1962 0.0000
1963 4.8763
1964 10.8379
1965 1.5906
1966 9.3992
1967 9.3871
1968 3.7888
1969 0.0000
1970 0.3250
1971 3.5046
1972 5.0939
1973 8.5823
1974 6.5192
1975 -2.3348
1976 0.0000
1977 -1.8295
1978 2.0311
1979 5.1570
1980 5.5327
1981 6.2573
1982 -3.1551
1983 0.0000
1984 -2.4598
1985 9.6283
1986 6.1468
1987 1.5816
1988 9.7513
1989 4.4877
1990 0.0000
1991 -0.5870
1992 10.2851
1993 4.7654
1994 -4.8446
1995 1.9448
1996 3.9302
1997 0.0000
1998 1.9858
1999 3.4169
2000 0.9917
2001 0.1085
2002 2.2273
2003 2.6084
2004 0.0000
2005 -4.0228
2006 0.2456
2007 3.9544
2008 4.8434
2009 3.1959
2010 6.8707
2011 0.0000
2012 1.4594
2013 10.4261
2014 0.0000
2015 -1.1391
2016 6.1455
2017 -4.2189
2018 -3.9689
2019 -6.2730
2020 1.6621
2021 1.2314
2022 4.8172
2023 0.0000
2024 2.2375
2025 1.6645
2026 0.0000
2027 5.6308
2028 0.0000
2029 -0.9781
2030 0.0000
2031 1.1142
2032 0.1646
2033 0.0000
2034 -2.6790
2035 1.0911
2036 0.0000
2037 1.5853
2038 2.2606
2039 -2.0092
2040 0.0000
2041 -0.8427
2042 2.7454
2043 0.0000
2044 7.9004
2045 1.0569
2046 -2.6564
2047 0.0000
2048 -3.4572
2049 10.1713
2050 0.0000
2051 4.2429
2052 2.2960
2053 0.4095
2054 0.0000
2055 2.5059
2056 2.3235
2057 0.0000
2058 4.9337
2059 11.5315
2060 4.2862
2061 0.0000
2062 -3.9219
2063 11.1095
2064 0.0000
2065 10.3181
2066 12.0975
2067 10.7014
2068 0.0000
2069 -1.7544
2070 -0.3146
2071 0.0000
2072 0.2533
2073 -3.5854
2074 4.5104
2075 0.0000
2076 2.5772
2077 6.0423
2078 0.0000
2079 6.8863
2080 0.2263
2081 0.4160
2082 0.0000
2083 2.6865
2084 0.8851
2085 0.0000
2086 -4.1289
2087 7.1111
2088 -2.0450
2089 0.0000
2090 -3.2828
2091 0.5618
2092 0.0000
2093 6.8582
2094 8.1910
2095 13.9043
2096 0.0000
2097 -3.3391
2098 -4.5231
2099 0.0000
2100 3.7428
2101 -4.9718
2102 3.6537
2103 0.0000
2104 5.4088
2105 3.7968
2106 0.0000
2107 5.0898
2108 4.7519
2109 6.8709
2110 0.0000
2111 -1.9579
2112 7.0170
2113 0.0000
2114 1.5856
2115 6.3474
2116 -3.7369
2117 0.0000
2118 -2.8073
2119 1.7429
2120 0.0000
2121 5.1520
2122 4.6683
2123 4.4709
2124 0.0000
2125 -0.5391
2126 -1.6629
2127 0.0000
2128 5.3179
2129 -0.6633
2130 -1.3812
2131 0.0000
2132 -2.1216
2133 2.7660
2134 0.0000
2135 9.2517
2136 10.5043
2137 2.3433
2138 0.0000
2139 -3.6209
2140 2.8876
2141 0.0000
2142 3.5961
2143 4.1082
2144 2.0173
2145 0.0000
2146 -2.7874
2147 0.0000
2148 6.4932
2149 0.0000
2150 1.4466
2151 8.9342
2152 0.0000
2153 -2.5125
2154 0.0000
2155 6.7948
2156 0.0000
2157 3.7776
2158 10.0577
2159 0.1914
2160 0.0000
2161 -5.0842
2162 5.6994
2163 10.7939
2164 0.0000
2165 2.9460
2166 1.5902
2167 -2.0876
2168 0.0000
2169 0.4951
2170 0.0000
2171 8.5332
2172 0.0000
2173 2.0259
2174 7.5658
2175 0.0000
2176 -2.0020
2177 0.0000
2178 4.8380
2179 0.3098
2180 -2.3163
2181 6.1874
2182 5.6345
2183 4.4533
2184 4.1958
2185 -2.1884
2186 6.8751
2187 2.4593
2188 0.8950
2189 0.7349
2190 0.8973
2191 0.5157
2192 -0.9737
2193 0.2036
2194 0.0000
2195 10.0518
2196 -2.1674
2197 1.5248
2198 0.9420
2199 1.8779
2200 9.2767
2201 -6.6744
2202 2.7024
2203 0.0000
2204 9.4186
2205 -3.3193
2206 5.4949
2207 1.5903
2208 7.7416
2209 3.3849
2210 0.0000
2211 0.2129
2212 -0.2665
2213 1.7798
2214 0.0000
2215 -4.2571
2216 5.0297
2217 -3.0301
2218 6.5237
2219 5.4111
2220 6.6797
2221 2.5798
2222 -2.7691
2223 0.0000
2224 7.2462
2225 8.2204
2226 11.1560
2227 2.2798
2228 2.5830
2229 0.9291
2230 0.0000
2231 -1.8082
2232 5.4911
2233 7.8041
2234 0.0000
2235 11.1734
2236 0.4495
2237 -3.6508
2238 8.3941
2239 -3.9824
2240 -3.9740
2241 4.5758
2242 0.1128
2243 0.0000
2244 4.9137
2245 5.9884
2246 6.0124
2247 4.5890
2248 3.4408
2249 10.4303
2250 0.0000
2251 0.8081
2252 3.3709
2253 4.5474
2254 0.0000
2255 2.9896
2256 2.4808
2257 0.5532
2258 0.0483
2259 4.9586
2260 -1.9561
2261 -3.7512
2262 6.7951
2263 0.0000
2264 9.4362
2265 4.6068
2266 7.1435
2267 4.9949
2268 5.5278
2269 1.2477
2270 0.0000
2271 2.2908
2272 10.9045
2273 7.1930
2274 15.0306
2275 6.6826
2276 0.9898
2277 0.9351
2278 5.4562
2279 12.4513
2280 6.7287
2281 4.5594
2282 4.5635
2283 10.8234
2284 7.5034
2285 0.0000
2286 5.9445
2287 0.6220
2288 14.3647
2289 8.1147
2290 4.9739
2291 12.2414
2292 3.2894
2293 4.3429
2294 0.0000
2295 5.5618
2296 4.6994
2297 6.7099
2298 5.6483
2299 1.6910
2300 -5.1459
2301 0.0000
2302 1.0426
2303 1.6308
2304 0.6717
2305 0.0000
2306 0.9843
2307 0.8090
2308 4.7588
2309 9.8391
2310 -0.9512
2311 5.1082
2312 2.4213
2313 2.9777
2314 0.0000
2315 6.8337
2316 4.3658
2317 3.8292
2318 6.7257
2319 10.2096
2320 2.1060
2321 0.0000
2322 2.0919
2323 2.7332
2324 1.9889
2325 0.0000
2326 4.6095
2327 -0.3905
2328 9.7055
2329 0.3731
2330 3.0204
2331 3.0196
2332 -0.3320
2333 11.2006
2334 0.0000
2335 1.4406
2336 14.8301
2337 5.0429
2338 2.0933
2339 3.2203
2340 10.1373
2341 0.0000
2342 2.8359
2343 2.0377
2344 -0.0379
2345 0.0000
2346 8.7958
2347 2.3433
2348 3.5876
2349 7.3220
2350 5.0519
2351 5.4127
2352 5.0874
2353 0.7405
2354 0.0000
2355 3.4835
2356 3.5294
2357 -0.0939
2358 2.7492
2359 6.0467
2360 -0.6161
2361 0.0000
2362 3.3815
2363 -2.4399
2364 6.7550
2365 -1.4218
2366 8.5334
2367 0.0555
2368 2.4219
2369 4.1712
2370 6.6223
2371 6.6921
2372 2.4701
2373 3.2005
2374 9.1000
2375 3.4483
2376 0.0000
2377 3.0457
2378 1.6812
2379 13.8816
2380 5.4321
2381 1.2358
2382 3.0210
2383 -2.4857
2384 4.9040
2385 0.0000
2386 6.6534
2387 6.2613
2388 0.3681
2389 1.5056
2390 5.6253
2391 10.2127
2392 0.0000
2393 -0.9859
2394 1.2652
2395 3.1221
2396 0.0000
2397 -0.9665
2398 0.4847
2399 2.2285
2400 0.9920
2401 -2.9648
2402 -2.3254
2403 3.2987
2404 14.0521
2405 0.0000
2406 9.1158
2407 2.3267
2408 9.2231
2409 3.5838
2410 4.0114
2411 2.8228
2412 0.0000
2413 2.3129
2414 6.8301
2415 6.6232
2416 0.0000
2417 0.4434
2418 0.5926
2419 6.3152
2420 7.6828
2421 -5.2738
2422 8.9854
2423 5.3985
2424 7.2334
2425 0.0000
2426 10.8989
2427 -1.8279
2428 -8.4512
2429 -2.4236
2430 4.5671
2431 2.7581
2432 0.0000
2433 -1.3066
2434 1.1375
2435 0.3141
2436 0.0000
2437 8.1463
2438 -2.5723
2439 -2.5442
2440 3.1622
2441 -2.6398
2442 11.3605
2443 5.4973
2444 -1.4355
2445 0.0000
2446 5.2558
2447 -1.4769
2448 -3.6959
2449 1.9962
2450 3.8393
2451 6.3246
2452 0.0000
2453 6.6657
2454 2.0358
2455 4.7524
2456 6.4027
2457 8.9379
2458 6.7493
2459 2.7026
2460 7.3456
2461 1.2430
2462 0.5803
2463 -1.0359
2464 2.0865
2465 11.5446
2466 7.0527
2467 0.0000
2468 3.0989
2469 -0.4588
2470 6.2091
2471 2.0325
2472 -2.8225
2473 3.3225
2474 0.0645
2475 2.8073
2476 0.0000
2477 6.3353
2478 7.0190
2479 1.1733
2480 4.7562
2481 4.7605
2482 1.9003
2483 0.0000
2484 3.2603
2485 12.2041
2486 2.6034
2487 0.0000
2488 8.5004
2489 -7.2707
2490 3.7712
2491 4.9188
2492 1.7834
2493 -1.7762
2494 1.6053
2495 11.2396
2496 0.0000
2497 1.4498
2498 5.5875
2499 -0.2747
2500 2.9216
2501 11.0266
2502 2.4034
2503 0.0000
2504 -1.8927
2505 6.1526
2506 7.7814
2507 0.0000
2508 3.2998
2509 0.7367
2510 4.8392
2511 1.6393
2512 1.5378
2513 10.5894
2514 -1.2272
2515 4.0512
2516 0.0000
2517 12.4398
2518 6.3132
2519 4.7170
2520 8.2847
2521 7.7349
2522 -0.8530
2523 0.0000
2524 2.2740
2525 6.4179
2526 3.6145
2527 0.0000
2528 2.9596
2529 0.0764
2530 4.8747
2531 2.5279
2532 -4.3756
2533 8.0620
2534 5.1469
2535 8.8414
2536 0.0000
2537 4.1461
2538 -0.9762
2539 5.5461
2540 -0.4734
2541 -3.3746
2542 1.6620
2543 0.0000
2544 8.2515
2545 0.0000
2546 0.0443
2547 0.0000
2548 -1.0521
2549 2.4705
2550 10.9504
2551 6.2336
2552 2.1574
2553 3.4075
2554 6.3208
2555 3.2899
2556 0.0000
2557 7.3129
2558 9.0442
2559 -0.1307
2560 0.6672
2561 0.5731
2562 -5.8625
2563 0.0000
2564 -2.5324
2565 10.8272
2566 7.1830
2567 7.1868
2568 0.6413
2569 1.0462
2570 0.0000
2571 -2.9316
2572 5.7856
2573 7.8120
2574 7.2299
2575 0.1221
2576 1.5850
2577 0.0000
2578 2.2866
2579 -2.1692
2580 2.8832
2581 9.8816
2582 6.4961
2583 -1.9021
2584 0.0000
2585 -3.0633
2586 1.6664
2587 -2.7918
2588 2.0642
2589 -0.4676
2590 8.1942
2591 0.0000
2592 5.9897
2593 9.1421
2594 4.7515
2595 -3.5544
2596 6.0410
2597 10.3337
2598 0.0000
2599 -0.3831
2600 0.5488
2601 -0.2010
2602 3.2532
2603 1.5134
2604 4.5407
2605 0.0000
2606 -4.3997
2607 0.9620
2608 1.4137
2609 7.1487
2610 5.2300
2611 -0.9990
2612 0.0000
2613 -3.5123
2614 6.8390
2615 3.0945
2616 -5.7288
2617 11.1231
2618 -6.6050
2619 0.0000
2620 3.0914
2621 2.1018
2622 1.0860
2623 6.9294
2624 2.6988
2625 2.7443
2626 0.0000
2627 0.8002
2628 6.0139
2629 -2.9017
2630 7.4435
2631 7.2473
2632 -1.8744
2633 0.0000
2634 -5.3500
2635 2.6617
2636 1.5827
2637 -1.2524
2638 0.3417
2639 8.5032
2640 0.0000
2641 5.9568
2642 -1.1055
2643 5.2940
2644 -3.9912
2645 7.2361
2646 6.3874
2647 0.0000
2648 -0.8316
2649 2.1223
2650 0.0314
2651 8.1970
2652 8.4954
2653 8.8299
2654 0.0000
2655 -1.4920
2656 6.4026
2657 8.9607
2658 1.4148
2659 1.0617
2660 3.9125
2661 0.0000
2662 -1.5723
2663 0.0000
2664 5.6246
2665 0.0000
2666 4.2285
2667 0.0000
2668 5.4490
2669 13.3830
2670 0.0000
2671 -0.0734
2672 -0.9122
2673 6.9855
2674 1.5192
2675 0.0000
2676 6.3622
2677 -6.0612
2678 -1.0753
2679 0.0000
2680 1.4900
2681 12.8407
2682 9.5032
2683 0.0000
2684 10.3761
2685 -1.7958
2686 -5.1631
2687 1.6457
2688 7.6009
2689 1.6385
2690 1.7422
2691 4.0015
2692 3.5924
2693 0.0000
2694 -2.7829
2695 -1.7615
2696 2.8901
2697 1.6690
2698 11.2372
2699 -0.6244
2700 0.0000
2701 2.6949
2702 4.6130
2703 0.1089
2704 5.0860
2705 -6.6236
2706 8.1698
2707 0.0000
2708 1.2759
2709 -1.6595
2710 6.4330
2711 10.4132
2712 0.8116
2713 6.9308
2714 0.0000
2715 0.7211
2716 6.4412
2717 5.1888
2718 4.4588
2719 3.0741
2720 -0.2340
2721 0.0000
2722 -1.5332
2723 1.9144
2724 10.3210
2725 -4.2921
2726 6.5105
2727 1.2345
2728 0.0000
2729 3.4606
2730 0.1961
2731 1.4108
2732 3.5381
2733 11.1287
2734 9.4769
2735 0.0000
2736 -7.4717
2737 7.5498
2738 2.6111
2739 10.7569
2740 1.6480
2741 3.7317
2742 0.0000
2743 4.5716
2744 8.2982
2745 5.7374
2746 2.8210
2747 6.5154
2748 1.7208
2749 0.0000
2750 4.3715
2751 -0.0304
2752 -1.6358
2753 -6.6409
2754 4.3429
2755 4.7508
2756 0.0000
2757 5.7759
2758 2.2469
2759 6.4188
2760 -4.7753
2761 6.1280
2762 10.7202
2763 0.0000
2764 2.6474
2765 6.9163
2766 -0.9506
2767 -7.6234
2768 1.9254
2769 3.1059
2770 0.0000
2771 2.1635
2772 14.3458
2773 0.0000
2774 5.9862
2775 -1.0126
2776 -2.5182
2777 -2.3281
2778 -6.5403
2779 3.3661
2780 7.2784
2781 -2.0610
2782 0.0000
2783 4.1712
2784 4.9487
2785 0.0000
2786 2.3139
2787 0.0000
2788 0.1685
2789 0.0000
2790 -1.9556
2791 5.2909
2792 0.0000
2793 9.3009
2794 6.4152
2795 0.0000
2796 -0.0934
2797 4.3754
2798 5.2989
2799 0.0000
2800 0.7670
2801 5.8023
2802 0.0000
2803 5.1319
2804 -7.6486
2805 1.7125
2806 0.0000
2807 2.4797
2808 9.6085
2809 0.0000
2810 3.7182
2811 4.7974
2812 -0.3396
2813 0.0000
2814 1.0744
2815 8.6239
2816 0.0000
2817 2.6615
2818 -0.2926
2819 -6.5266
2820 0.0000
2821 9.5379
2822 8.6710
2823 0.0000
2824 -4.4384
2825 -7.2471
2826 13.6404
2827 0.0000
2828 2.8813
2829 -0.5810
2830 0.0000
2831 9.4391
2832 2.1498
2833 -1.6795
2834 0.0000
2835 2.7858
2836 8.9182
2837 0.0000
2838 8.3833
2839 6.5885
2840 9.1262
2841 0.0000
2842 5.6306
2843 2.4990
2844 0.0000
2845 4.0119
2846 3.9396
2847 4.1709
2848 0.0000
2849 7.6488
2850 9.2955
2851 0.0000
2852 6.1200
2853 9.6071
2854 -6.3365
2855 0.0000
2856 5.8142
2857 0.5697
2858 0.0000
2859 2.3036
2860 0.0795
2861 1.6393
2862 0.0000
2863 9.4183
2864 -1.1499
2865 0.0000
2866 7.6293
2867 0.7108
2868 17.0641
2869 0.0000
2870 -1.2422
2871 3.2156
2872 0.0000
2873 3.3811
2874 1.8286
2875 1.4266
2876 0.0000
2877 -3.5506
2878 0.9429
2879 0.0000
2880 3.4207
2881 3.5135
2882 6.1114
2883 0.0000
2884 6.8108
2885 1.9097
2886 0.0000
2887 -1.4335
2888 5.5318
2889 10.1270
2890 0.0000
2891 2.3832
2892 6.1757
2893 0.0000
2894 5.3410
2895 8.9691
2896 0.4521
2897 0.0000
2898 0.4631
2899 9.0632
2900 0.0000
2901 2.9077
2902 -0.0773
2903 -2.1158
2904 0.0000
2905 -2.6074
2906 0.0000
2907 5.2879
2908 0.0000
2909 0.0504
2910 0.4127
2911 0.0000
2912 5.0764
2913 0.0000
2914 -2.8580
2915 0.0000
2916 -0.1378
2917 2.1107
2918 5.6579
2919 0.0000
2920 6.8583
2921 9.1746
2922 0.5505
2923 0.0000
2924 3.5566
2925 0.0284
2926 -0.1893
2927 0.0000
2928 8.3805
2929 0.0000
2930 6.1966
2931 0.0000
2932 4.6282
2933 -0.2915
2934 0.0000
2935 2.3181
2936 0.0000
2937 -0.4582
2938 0.1477
2939 0.3571
2940 9.5113
2941 3.2768
2942 -4.6570
2943 7.7314
2944 10.4391
2945 9.3899
2946 4.4655
2947 2.4528
2948 -0.2242
2949 3.8417
2950 0.2119
2951 9.1298
2952 -5.6353
2953 0.0000
2954 10.9621
2955 -4.0164
2956 7.5601
2957 5.9313
2958 -1.5011
2959 11.3909
2960 6.6040
2961 -0.9164
2962 0.0000
2963 6.8480
2964 -4.2426
2965 5.8659
2966 6.0859
2967 4.5743
2968 5.1882
2969 0.0000
2970 4.5609
2971 0.8761
2972 -4.2302
2973 0.0000
2974 -3.6065
2975 -14.7145
2976 4.1376
2977 5.7909
2978 -3.5637
2979 -11.0415
2980 3.8996
2981 7.1794
2982 0.0000
2983 2.3921
2984 7.8350
2985 6.3153
2986 9.0564
2987 6.7353
2988 4.8934
2989 0.0000
2990 3.1051
2991 -2.2150
2992 13.3696
2993 0.0000
2994 2.4020
2995 -0.6592
2996 5.4912
2997 2.9716
2998 2.0821
2999 12.0937
3000 5.4359
3001 0.8360
3002 0.0000
3003 7.0918
3004 0.0872
3005 -0.1125
3006 11.9400
3007 8.7516
3008 0.3913
3009 0.0000
3010 0.7427
3011 5.2625
3012 12.4047
3013 0.0000
3014 0.1199
3015 -10.9847
3016 8.3858
3017 1.5786
3018 -6.3840
3019 1.2395
3020 3.2940
3021 -2.9555
3022 0.0000
3023 11.7076
3024 3.2817
3025 2.9753
3026 7.2706
3027 0.9216
3028 14.9788
3029 0.0000
3030 6.6012
3031 -1.5858
3032 3.9227
3033 6.6023
3034 -1.7090
3035 6.3829
3036 0.4389
3037 -0.5669
3038 0.8973
3039 6.5043
3040 0.0347
3041 -1.6699
3042 5.7229
3043 15.3973
3044 0.0000
3045 2.6210
3046 1.0192
3047 2.5671
3048 6.6944
3049 -5.4519
3050 9.2498
3051 8.3262
3052 7.6052
3053 0.0000
3054 1.5645
3055 3.9879
3056 3.0678
3057 3.6560
3058 3.9080
3059 5.2876
3060 0.0000
3061 3.0113
3062 0.2296
3063 7.3085
3064 0.0000
3065 -4.1096
3066 -3.6908
3067 1.3879
3068 3.3719
3069 3.6322
3070 13.3501
3071 3.4831
3072 3.1948
3073 0.0000
3074 6.3689
3075 6.5899
3076 2.8310
3077 -0.4891
3078 8.1085
3079 10.2403
3080 0.0000
3081 4.8763
3082 -2.4503
3083 10.1313
3084 0.0000
3085 7.0828
3086 -0.7922
3087 4.7520
3088 5.6200
3089 -0.3572
3090 11.2554
3091 0.6133
3092 8.2201
3093 0.0000
3094 0.0391
3095 7.6035
3096 1.8481
3097 -2.3202
3098 3.5259
3099 2.0564
3100 0.0000
3101 -1.4795
3102 1.9841
3103 7.0285
3104 0.0000
3105 -3.5712
3106 7.4304
3107 6.5454
3108 5.3618
3109 2.7369
3110 14.4770
3111 -3.7205
3112 8.2798
3113 0.0000
3114 14.3470
3115 -0.9289
3116 9.5965
3117 8.1087
3118 -3.3785
3119 3.5111
3120 0.0000
3121 6.5544
3122 1.2233
3123 3.1090
3124 7.6353
3125 9.1272
3126 -3.3010
3127 0.3266
3128 5.9009
3129 8.3680
3130 5.7635
3131 1.4874
3132 1.7837
3133 11.2570
3134 2.6622
3135 0.0000
3136 4.5413
3137 4.3449
3138 1.9184
3139 0.1271
3140 4.0615
3141 6.6987
3142 4.2463
3143 5.4779
3144 0.0000
3145 6.1463
3146 11.0067
3147 7.1019
3148 3.6782
3149 -1.0227
3150 -1.8150
3151 0.0000
3152 4.3324
3153 -0.2583
3154 -1.1919
3155 0.0000
3156 3.7332
3157 0.5704
3158 1.6090
3159 4.1567
3160 -4.2392
3161 15.0187
3162 3.9061
3163 11.0764
3164 0.0000
3165 -0.7052
3166 12.8781
3167 15.5267
3168 3.1274
3169 1.9005
3170 3.6064
3171 0.0000
3172 -0.4079
3173 12.4395
3174 7.5157
3175 0.0000
3176 2.7096
3177 7.3365
3178 0.8133
3179 3.2635
3180 1.2993
3181 -2.7959
3182 0.4990
3183 6.0953
3184 0.0000
3185 4.3280
3186 5.1214
3187 5.1500
3188 4.9741
3189 2.0422
3190 -2.3923
3191 0.0000
3192 -1.0937
3193 7.7075
3194 2.0379
3195 0.0000
3196 5.4293
3197 -4.5642
3198 3.7482
3199 1.9428
3200 2.3290
3201 -1.7877
3202 6.8216
3203 -0.5438
3204 0.0000
3205 7.5893
3206 9.3773
3207 4.9944
3208 -1.1001
3209 16.3099
3210 4.6476
3211 0.0000
3212 2.7746
3213 -3.9688
3214 3.5434
3215 0.7513
3216 0.6148
3217 13.2925
3218 3.3164
3219 7.6391
3220 9.2983
3221 7.2909
3222 -1.2884
3223 2.5316
3224 3.9908
3225 6.5176
3226 0.0000
3227 11.7662
3228 -1.1455
3229 5.8266
3230 2.2283
3231 6.0374
3232 12.3918
3233 6.6064
3234 3.6201
3235 0.0000
3236 -0.9046
3237 12.0659
3238 5.4256
3239 6.7795
3240 -2.2405
3241 0.5370
3242 0.0000
3243 10.6301
3244 -5.6611
3245 7.2030
3246 0.0000
3247 5.8494
3248 -6.5068
3249 5.6349
3250 -4.5695
3251 -8.7299
3252 4.6972
3253 8.5245
3254 5.9070
3255 0.0000
3256 -0.2944
3257 -4.7543
3258 -1.8058
3259 1.8570
3260 4.2464
3261 9.7246
3262 0.0000
3263 -1.9174
3264 10.2999
3265 3.8651
3266 0.0000
3267 2.6641
3268 1.9798
3269 14.3281
3270 -1.1191
3271 -2.3645
3272 8.5121
3273 2.9012
3274 10.3846
3275 0.0000
3276 0.3315
3277 8.1355
3278 -0.0347
3279 6.9144
3280 2.7026
3281 -0.9234
3282 0.0000
3283 2.9921
3284 4.7837
3285 8.0222
3286 0.0000
3287 0.2902
3288 3.2436
3289 5.6994
3290 0.6769
3291 6.6389
3292 9.9605
3293 3.1825
3294 1.9034
3295 0.0000
3296 5.7328
3297 3.1529
3298 5.2385
3299 11.1196
3300 -5.2992
3301 3.6325
3302 0.0000
3303 0.5170
3304 0.0000
3305 7.6477
3306 0.0000
3307 4.4787
3308 1.4468
3309 -3.1518
3310 4.0037
3311 2.5629
3312 3.4394
3313 2.0083
3314 -5.2974
3315 0.0000
3316 -4.6371
3317 0.6430
3318 1.4058
3319 11.8180
3320 4.6519
3321 4.5510
3322 0.0000
3323 -0.1638
3324 0.0006
3325 1.8459
3326 6.1584
3327 3.1047
3328 1.5500
3329 0.0000
3330 2.3172
3331 4.9395
3332 0.6029
3333 8.9761
3334 -2.1836
3335 10.2816
3336 0.0000
3337 0.7222
3338 -0.5401
3339 10.2132
3340 1.0548
3341 2.1144
3342 3.1777
3343 0.0000
3344 -0.4726
3345 -4.6387
3346 10.2022
3347 4.6409
3348 0.7116
3349 9.7387
3350 0.0000
3351 -1.8912
3352 2.9573
3353 5.8410
3354 5.6864
3355 9.4919
3356 1.0253
3357 0.0000
3358 -1.1084
3359 3.0714
3360 2.2853
3361 -0.3375
3362 7.2212
3363 5.1660
3364 0.0000
3365 2.1901
3366 1.5801
3367 4.4093
3368 4.0841
3369 3.3087
3370 3.1075
3371 0.0000
3372 -0.3449
3373 6.1830
3374 12.4851
3375 10.7876
3376 5.6327
3377 -2.8151
3378 0.0000
3379 7.7900
3380 6.0834
3381 -3.3176
3382 1.2610
3383 10.6554
3384 9.4978
3385 0.0000
3386 -5.5267
3387 -1.6421
3388 10.2772
3389 11.4397
3390 6.0890
3391 -0.0959
3392 0.0000
3393 8.4777
3394 3.3263
3395 7.4315
3396 8.1996
3397 1.2634
3398 5.7992
3399 0.0000
3400 2.5623
3401 7.1996
3402 -1.1453
3403 5.7861
3404 3.1722
3405 1.3476
3406 0.0000
3407 3.0597
3408 -2.8026
3409 3.6032
3410 -1.1974
3411 11.4898
3412 7.5220
3413 0.0000
3414 3.3038
3415 4.0197
3416 2.5371
3417 2.9426
3418 -2.7750
3419 3.8644
3420 0.0000
3421 -2.1197
3422 0.0000
3423 5.9266
3424 0.0000
3425 1.4230
3426 0.0000
3427 0.7281
3428 3.4492
3429 0.0000
3430 2.4961
3431 8.7811
3432 1.8843
3433 1.3202
3434 0.0000
3435 2.9431
3436 3.6404
3437 1.8889
3438 0.0000
3439 2.3817
3440 10.0006
3441 5.2555
3442 0.0000
3443 10.2439
3444 6.5307
3445 -3.2823
3446 -1.2465
3447 4.6217
3448 2.4084
3449 2.6871
3450 -0.1451
3451 6.9322
3452 0.0000
3453 1.1409
3454 4.5866
3455 -0.8826
3456 2.5375
3457 5.3061
3458 0.7087
3459 0.0000
3460 -1.4151
3461 6.2580
3462 9.3123
3463 5.6611
3464 6.4126
3465 3.8691
3466 0.0000
3467 0.8927
3468 6.9056
3469 4.1250
3470 2.5935
3471 0.4878
3472 7.0873
3473 0.0000
3474 -2.2180
3475 4.5920
3476 5.2555
3477 5.0910
3478 5.3988
3479 5.7242
3480 0.0000
3481 -0.8776
3482 1.9256
3483 6.1521
3484 2.9281
3485 5.7715
3486 4.9230
3487 0.0000
3488 5.0307
3489 8.0136
3490 7.4257
3491 1.5420
3492 0.2120
3493 4.2816
3494 0.0000
3495 3.8492
3496 3.2110
3497 6.0825
3498 3.8744
3499 2.2988
3500 3.2743
3501 0.0000
3502 -2.0361
3503 7.5890
3504 0.9365
3505 1.3427
3506 1.2855
3507 -1.9073
3508 0.0000
3509 2.8440
3510 0.1018
3511 13.1402
3512 13.3433
3513 -0.2683
3514 3.7622
3515 0.0000
3516 1.6863
3517 6.0345
3518 -1.9648
3519 0.9747
3520 2.4365
3521 4.9232
3522 0.0000
3523 -1.2074
3524 -3.0525
3525 -0.5997
3526 10.5631
3527 -6.2576
3528 2.3553
3529 0.0000
3530 -5.8477
3531 -4.2542
3532 0.0000
3533 3.6355
3534 2.2285
3535 -3.6695
3536 -1.9715
3537 6.6624
3538 -6.4815
3539 0.8899
3540 2.6005
3541 0.0000
3542 -2.6106
3543 1.3011
3544 0.0000
3545 3.2538
3546 0.0000
3547 -1.4427
3548 0.0000
3549 6.2191
3550 -0.6480
3551 0.0000
3552 3.4379
3553 9.7988
3554 0.0000
3555 1.8555
3556 6.4622
3557 4.8938
3558 0.0000
3559 4.5534
3560 12.3019
3561 0.0000
3562 0.8684
3563 -0.2103
3564 -0.5659
3565 0.0000
3566 -2.0768
3567 -0.7805
3568 0.0000
3569 6.4053
3570 6.0001
3571 3.8320
3572 0.0000
3573 -4.2823
3574 6.4100
3575 0.0000
3576 6.6634
3577 7.6912
3578 3.2304
3579 0.0000
3580 -0.6560
3581 10.3219
3582 0.0000
3583 10.4257
3584 1.7335
3585 -2.9764
3586 0.0000
3587 -1.1223
3588 3.8115
3589 0.0000
3590 -1.4145
3591 3.7479
3592 7.9787
3593 0.0000
3594 0.2978
3595 7.0861
3596 0.0000
3597 10.9194
3598 11.5365
3599 12.2615
3600 0.0000
3601 3.4771
3602 0.5641
3603 0.0000
3604 3.3144
3605 1.7576
3606 2.6776
3607 0.0000
3608 6.0581
3609 14.7324
3610 0.0000
3611 -1.4134
3612 -0.8535
3613 7.1575
3614 0.0000
3615 8.2047
3616 5.2650
3617 0.0000
3618 1.8661
3619 2.5533
3620 -1.0820
3621 0.0000
3622 0.6767
3623 5.9216
3624 0.0000
3625 -5.8160
3626 5.7803
3627 7.2291
3628 0.0000
3629 0.9083
3630 9.8661
3631 0.0000
3632 1.7699
3633 4.4103
3634 1.8172
3635 0.0000
3636 5.0275
3637 4.4245
3638 0.0000
3639 6.1928
3640 5.3723
3641 5.5285
3642 0.0000
3643 4.6978
3644 5.1360
3645 0.0000
3646 4.8984
3647 3.5601
3648 3.0956
3649 0.0000
3650 -0.9861
3651 3.2926
3652 0.0000
3653 -3.1913
3654 3.0094
3655 13.2098
3656 0.0000
3657 2.3949
3658 1.5304
3659 0.0000
3660 7.0018
3661 5.9449
3662 8.3122
3663 0.0000
3664 -0.6104
3665 0.0000
3666 1.7290
3667 0.0000
3668 6.6258
3669 5.2031
3670 0.0000
3671 4.7816
3672 0.0000
3673 4.0286
3674 0.0000
3675 1.3359
3676 4.1203
3677 5.2284
3678 0.0000
3679 -1.1505
3680 5.1481
3681 5.6567
3682 0.0000
3683 2.0828
3684 2.9462
3685 -3.6389
3686 0.0000
3687 -0.6957
3688 0.0000
3689 0.1595
3690 0.0000
3691 9.7032
3692 9.7436
3693 0.0000
3694 7.5646
3695 0.0000
3696 0.3038
3697 7.0949
3698 6.7214
3699 7.8828
3700 1.9946
3701 0.4133
3702 1.6798
3703 3.9520
3704 4.0232
3705 2.3443
3706 2.8981
3707 10.0821
3708 5.1234
3709 0.0715
3710 -0.5133
3711 4.9845
3712 0.0000
3713 4.1685
3714 -2.2611
3715 1.0546
3716 -4.5245
3717 2.0108
3718 3.1008
3719 -0.0151
3720 4.0725
3721 0.0000
3722 10.7503
3723 5.0183
3724 3.5571
3725 4.6953
3726 5.6656
3727 -1.0651
3728 0.0000
3729 4.0595
3730 -1.9955
3731 -2.7239
3732 0.0000
3733 9.2305
3734 8.0016
3735 6.0070
3736 -3.7179
3737 -0.6186
3738 5.5045
3739 -8.3181
3740 6.5164
3741 0.0000
3742 -0.2511
3743 -3.3992
3744 7.4681
3745 7.4798
3746 5.3231
3747 3.8481
3748 0.0000
3749 2.1063
3750 3.4230
3751 7.1441
3752 0.0000
3753 7.0106
3754 1.9546
3755 6.4905
3756 1.8300
3757 1.5967
3758 7.3296
3759 -4.9834
3760 3.5451
3761 0.0000
3762 9.3382
3763 5.1467
3764 5.3096
3765 2.2869
3766 -3.7385
3767 -2.3937
3768 0.0000
3769 1.9997
3770 0.7980
3771 8.3538
3772 0.0000
3773 7.7358
3774 4.2665
3775 -2.3084
3776 2.3879
3777 6.3251
3778 4.6285
3779 -4.7567
3780 6.6388
3781 0.0000
3782 0.7264
3783 0.0998
3784 2.7743
3785 11.1619
3786 7.6578
3787 8.6119
3788 0.0000
3789 4.7939
3790 -4.9679
3791 5.8318
3792 7.7931
3793 4.0043
3794 -1.4380
3795 10.0626
3796 8.5128
3797 3.7864
3798 8.5439
3799 4.0803
3800 -4.0421
3801 5.3569
3802 8.3737
3803 0.0000
3804 1.4445
3805 -1.2510
3806 4.6690
3807 -2.3574
3808 1.7797
3809 0.9313
3810 1.8397
3811 -0.2810
3812 0.0000
3813 2.5826
3814 -4.5862
3815 12.0521
3816 4.9458
3817 6.2598
3818 3.5396
3819 0.0000
3820 -7.7360
3821 5.7963
3822 1.0067
3823 0.0000
3824 7.9979
3825 0.6535
3826 1.2768
3827 1.7260
3828 -6.3766
3829 8.5680
3830 7.8791
3831 0.8030
3832 0.0000
3833 -1.1773
3834 -2.6540
3835 -0.0816
3836 6.6153
3837 -5.1371
3838 0.8637
3839 0.0000
3840 0.2324
3841 0.9071
3842 6.6117
3843 0.0000
3844 5.0979
3845 -0.4558
3846 -2.2871
3847 -0.6330
3848 4.0904
3849 1.3963
3850 -4.0043
3851 4.4198
3852 0.0000
3853 8.7112
3854 8.2838
3855 7.3462
3856 6.7374
3857 10.4176
3858 0.4722
3859 0.0000
3860 6.1803
3861 10.6557
3862 3.8333
3863 0.0000
3864 -5.8167
3865 0.6252
3866 8.5586
3867 6.0832
3868 4.3222
3869 3.7981
3870 6.4937
3871 8.7340
3872 0.0000
3873 9.6872
3874 -2.0434
3875 2.0827
3876 5.1880
3877 -1.4946
3878 6.4738
3879 0.0000
3880 4.7688
3881 -3.3422
3882 11.9530
3883 2.9000
3884 11.2235
3885 -0.2037
3886 2.3210
3887 3.6880
3888 0.4998
3889 12.9378
3890 12.0681
3891 4.3113
3892 0.1514
3893 8.9498
3894 0.0000
3895 4.5415
3896 -1.0519
3897 4.9532
3898 3.9125
3899 2.2552
3900 1.1429
3901 -4.0553
3902 7.8894
3903 0.0000
3904 0.1755
3905 -1.6660
3906 -0.0174
3907 8.0937
3908 3.1556
3909 3.4505
3910 0.0000
3911 -2.8570
3912 6.3123
3913 5.3898
3914 0.0000
3915 -3.0062
3916 0.4469
3917 -0.9051
3918 2.3094
3919 1.7048
3920 -6.8775
3921 0.6978
3922 1.4353
3923 0.0000
3924 7.2428
3925 2.7260
3926 -4.9237
3927 2.6265
3928 1.8394
3929 0.8444
3930 0.0000
3931 -2.2844
3932 -3.5585
3933 1.9482
3934 0.0000
3935 3.9626
3936 -1.0442
3937 -5.3163
3938 1.1300
3939 -0.7348
3940 13.6735
3941 4.5429
3942 6.3428
3943 0.0000
3944 7.2176
3945 1.3531
3946 8.9925
3947 -1.2277
3948 0.6942
3949 2.0262
3950 0.0000
3951 -4.9855
3952 7.0113
3953 -2.0258
3954 0.0000
3955 1.3668
3956 1.0944
3957 0.0965
3958 3.0320
3959 -8.1465
3960 -0.1620
3961 -3.1595
3962 6.9098
3963 0.0000
3964 7.1786
3965 3.1745
3966 3.3114
3967 4.2884
3968 -0.7518
3969 7.0248
3970 0.0000
3971 4.9748
3972 7.2084
3973 -1.4718
3974 4.7197
3975 -3.2760
3976 4.6678
3977 0.8434
3978 7.8449
3979 9.2646
3980 6.6145
3981 9.8191
3982 1.4404
3983 -0.8267
3984 -0.1607
3985 0.0000
3986 1.0768
3987 1.2380
3988 9.4064
3989 1.3937
3990 -4.7922
3991 16.4441
3992 6.5096
3993 12.1096
3994 0.0000
3995 11.3138
3996 8.1290
3997 -0.6186
3998 6.7250
3999 4.5407
4000 -3.8910
4001 0.0000
4002 1.4417
4003 7.2771
4004 8.2097
4005 0.0000
4006 5.7268
4007 -1.5733
4008 13.7071
4009 2.6716
4010 -6.4767
4011 -3.7206
4012 -1.6353
4013 2.2769
4014 0.0000
4015 1.7470
4016 -1.7350
4017 11.6420
4018 15.8807
4019 8.1449
4020 0.9261
4021 0.0000
4022 -2.0757
4023 9.5617
4024 3.7701
4025 0.0000
4026 5.3677
4027 -0.2953
4028 -5.7131
4029 4.4488
4030 -2.5145
4031 -4.3546
4032 2.2205
4033 5.2005
4034 0.0000
4035 6.6233
4036 -1.3359
4037 12.1093
4038 0.7032
4039 2.4714
4040 0.3344
4041 0.0000
4042 -2.0208
4043 0.0464
4044 9.7655
4045 0.0000
4046 6.7718
4047 0.3371
4048 -0.3379
4049 3.3490
4050 -1.0519
4051 16.6651
4052 3.8625
4053 -2.5770
4054 0.0000
4055 11.5349
4056 -1.7536
4057 3.6934
4058 7.6806
4059 0.9936
4060 -1.4651
4061 0.0000
4062 -2.1758
4063 0.0000
4064 0.3423
4065 0.0000
4066 7.4470
4067 -0.3093
4068 2.7515
4069 4.6522
4070 1.7473
4071 5.9079
4072 -3.2955
4073 -0.4947
4074 0.0000
4075 -7.7388
4076 3.8198
4077 -0.3115
4078 13.0465
4079 3.1158
4080 3.4756
4081 0.0000
4082 2.7464
4083 6.4268
4084 5.8461
4085 3.6392
4086 7.4289
4087 10.9814
4088 0.0000
4089 2.1072
4090 5.3772
4091 5.5942
4092 1.5430
4093 -3.7558
4094 6.0886
4095 0.0000
4096 11.0133
4097 2.0841
4098 3.6447
4099 3.3965
4100 4.6812
4101 6.5428
4102 0.0000
4103 -0.4669
4104 -1.3781
4105 -0.6105
4106 3.9402
4107 0.9065
4108 -0.5484
4109 0.0000
4110 -3.4438
4111 -0.0978
4112 -1.6511
4113 3.0451
4114 3.2646
4115 6.8567
4116 0.0000
4117 -0.4237
4118 5.3859
4119 5.0848
4120 7.4806
4121 7.8026
4122 3.9432
4123 0.0000
4124 3.6359
4125 4.8869
4126 -3.0758
4127 4.3413
4128 1.0511
4129 9.9153
4130 0.0000
4131 0.9476
4132 -0.6575
4133 6.9856
4134 9.6347
4135 2.1945
4136 5.8881
4137 0.0000
4138 1.4124
4139 3.5921
4140 -4.5445
4141 3.6179
4142 6.6148
4143 8.6215
4144 0.0000
4145 -5.0103
4146 8.8014
4147 5.0798
4148 8.4851
4149 9.2579
4150 -1.2221
4151 0.0000
4152 5.2610
4153 -0.2564
4154 7.0869
4155 -2.7918
4156 5.8283
4157 3.1388
4158 0.0000
4159 1.7301
4160 3.0471
4161 1.6556
4162 2.7024
4163 6.7650
4164 7.6168
4165 0.0000
4166 -6.7109
4167 5.1812
4168 3.3712
4169 10.6887
4170 -0.7469
4171 6.6522
4172 0.0000
4173 -0.2085
4174 8.7427
4175 8.3383
4176 9.0759
4177 -2.4554
4178 1.8063
4179 0.0000
4180 -1.8435
4181 0.0000
4182 0.8797
4183 0.0000
4184 4.5340
4185 0.0000
4186 4.5309
4187 5.9812
4188 0.0000
4189 3.9105
4190 6.7288
4191 11.4475
4192 4.4507
4193 0.0000
4194 5.0644
4195 5.9251
4196 1.7746
4197 0.0000
4198 9.6596
4199 2.9111
4200 2.8254
4201 0.0000
4202 6.6473
4203 9.3712
4204 -1.0903
4205 0.3607
4206 8.4137
4207 5.6063
4208 7.3124
4209 9.3641
4210 -1.1031
4211 0.0000
4212 6.0765
4213 4.1020
4214 8.0572
4215 7.8830
4216 5.5554
4217 -0.3192
4218 0.0000
4219 3.4146
4220 0.9219
4221 3.1617
4222 7.3737
4223 12.0209
4224 0.1348
4225 0.0000
4226 -2.6592
4227 4.1739
4228 7.9485
4229 2.3126
4230 2.7010
4231 4.4031
4232 0.0000
4233 -5.1631
4234 -1.7128
4235 0.8235
4236 8.6967
4237 2.9580
4238 3.3654
4239 0.0000
4240 9.0727
4241 2.2917
4242 4.8796
4243 3.2831
4244 -0.7777
4245 -2.6972
4246 0.0000
4247 6.5015
4248 0.7209
4249 10.3704
4250 9.4602
4251 8.6271
4252 1.8815
4253 0.0000
4254 5.7159
4255 5.9182
4256 -2.7945
4257 -2.7383
4258 3.5280
4259 2.4148
4260 0.0000
4261 0.7853
4262 1.7977
4263 5.5296
4264 14.3505
4265 3.1847
4266 7.5131
4267 0.0000
4268 1.3424
4269 3.0406
4270 -2.8027
4271 7.3822
4272 16.2856
4273 3.3777
4274 0.0000
4275 5.2337
4276 -0.7787
4277 2.4774
4278 8.4808
4279 4.7722
4280 5.8112
4281 0.0000
4282 1.0136
4283 -2.2472
4284 5.1964
4285 6.2167
4286 1.2349
4287 -1.6297
4288 0.0000
4289 3.4922
4290 -5.0334
4291 0.0000
4292 2.5127
4293 -3.4588
4294 -3.9370
4295 7.4022
4296 -0.1546
4297 3.1774
4298 -1.1558
4299 -0.0842
4300 0.0000
4301 2.5146
4302 -2.5865
4303 0.0000
4304 6.9583
4305 0.0000
4306 5.4529
4307 0.0000
4308 7.8869
4309 4.0294
4310 0.0000
4311 9.5786
4312 1.2363
4313 0.0000
4314 1.8336
4315 4.2007
4316 3.0115
4317 0.0000
4318 -2.0264
4319 -0.7795
4320 0.0000
4321 5.9589
4322 9.6833
4323 0.6980
4324 0.0000
4325 0.1529
4326 3.2716
4327 0.0000
4328 6.8694
4329 5.6136
4330 3.0662
4331 0.0000
4332 3.0517
4333 7.1811
4334 0.0000
4335 6.5664
4336 -1.8913
4337 5.5636
4338 0.0000
4339 6.8290
4340 6.5363
4341 0.0000
4342 10.1381
4343 6.2583
4344 -0.5189
4345 0.0000
4346 2.1451
4347 3.2780
4348 0.0000
4349 3.8256
4350 8.1661
4351 6.3798
4352 0.0000
4353 -2.8334
4354 2.1656
4355 0.0000
4356 5.2241
4357 6.7378
4358 0.3193
4359 0.0000
4360 3.9761
4361 2.7411
4362 0.0000
4363 3.1128
4364 4.1990
4365 8.9522
4366 0.0000
4367 5.9775
4368 -5.3442
4369 0.0000
4370 0.0693
4371 4.6553
4372 0.0811
4373 0.0000
4374 -0.9817
4375 3.2071
4376 0.0000
4377 0.6286
4378 3.4125
4379 7.8037
4380 0.0000
4381 1.2551
4382 8.2669
4383 0.0000
4384 5.4367
4385 9.4345
4386 7.6275
4387 0.0000
4388 0.2810
4389 11.7832
4390 0.0000
4391 0.1371
4392 4.9612
4393 5.1942
4394 0.0000
4395 5.7141
4396 9.0200
4397 0.0000
4398 2.3661
4399 -0.1140
4400 6.8763
4401 0.0000
4402 -5.7080
4403 1.0531
4404 0.0000
4405 -1.9078
4406 2.4920
4407 9.0733
4408 0.0000
4409 -7.7278
4410 7.6311
4411 0.0000
4412 4.4535
4413 3.6451
4414 10.3529
4415 0.0000
4416 3.8574
4417 5.8445
4418 0.0000
4419 9.3769
4420 10.1257
4421 -5.3191
4422 0.0000
4423 -1.7127
4424 0.0000
4425 2.8286
4426 0.0000
4427 3.4966
4428 5.1751
4429 0.0000
4430 1.0710
4431 0.0000
4432 -2.1465
4433 0.0000
4434 -3.5573
4435 5.1378
4436 2.0380
4437 0.0000
4438 3.5791
4439 9.5739
4440 0.6843
4441 0.0000
4442 -1.0844
4443 6.8228
4444 5.8453
4445 0.0000
4446 13.7385
4447 0.0000
4448 6.3107
4449 0.0000
4450 7.0127
4451 -3.0509
4452 0.0000
4453 -7.3740
4454 0.0000
4455 4.9867
4456 -0.9915
4457 -0.2145
4458 3.1717
4459 12.5467
4460 1.3475
4461 3.5915
4462 5.2104
4463 7.1680
4464 6.6994
4465 4.7735
4466 1.3595
4467 4.9247
4468 2.1747
4469 3.5503
4470 8.0082
4471 0.0000
4472 2.9452
4473 -5.2172
4474 15.9205
4475 2.9272
4476 0.8577
4477 -0.2778
4478 0.5933
4479 2.5196
4480 0.0000
4481 3.8642
4482 8.4417
4483 -2.6123
4484 6.4938
4485 0.8435
4486 6.7805
4487 0.0000
4488 -6.3026
4489 10.2837
4490 0.3024
4491 0.0000
4492 -1.4117
4493 1.0479
4494 6.1760
4495 1.8125
4496 3.4057
4497 14.0173
4498 -2.5616
4499 10.6195
4500 0.0000
4501 3.5481
4502 6.3784
4503 -0.9616
4504 -1.7151
4505 10.0814
4506 5.7609
4507 0.0000
4508 4.0122
4509 0.5366
4510 8.1532
4511 0.0000
4512 3.3076
4513 -1.6742
4514 8.0181
4515 2.9174
4516 1.4234
4517 6.3172
4518 1.1684
4519 10.5776
4520 0.0000
4521 3.9894
4522 9.3129
4523 5.9743
4524 9.9274
4525 1.6806
4526 2.7229
4527 0.0000
4528 -4.5391
4529 -0.0620
4530 13.1116
4531 0.0000
4532 3.8664
4533 -4.3504
4534 2.8583
4535 3.1531
4536 -0.6841
4537 6.5505
4538 8.7410
4539 7.1363
4540 0.0000
4541 5.6702
4542 0.6202
4543 5.1150
4544 4.7649
4545 -1.2827
4546 9.3538
4547 0.0000
4548 -0.0695
4549 5.6193
4550 6.4597
4551 8.3082
4552 4.4551
4553 7.4480
4554 2.4757
4555 6.3570
4556 5.5327
4557 3.2206
4558 10.1606
4559 -0.5150
4560 5.1116
4561 2.0540
4562 0.0000
4563 6.5652
4564 0.9580
4565 -0.1436
4566 6.1742
4567 -1.6759
4568 5.4421
4569 4.3543
4570 7.9747
4571 0.0000
4572 -0.7609
4573 0.7261
4574 10.8206
4575 9.4195
4576 10.5749
4577 3.8787
4578 0.0000
4579 4.9811
4580 -0.5847
4581 1.8002
4582 0.0000
4583 8.4207
4584 3.4674
4585 4.4160
4586 4.8575
4587 0.6972
4588 3.6521
4589 5.8101
4590 13.1888
4591 0.0000
4592 2.2538
4593 5.8140
4594 10.1643
4595 -0.0790
4596 4.8645
4597 4.7574
4598 0.0000
4599 -4.5230
4600 2.0185
4601 -3.3496
4602 0.0000
4603 7.3663
4604 -4.4500
4605 3.4215
4606 -0.4976
4607 -3.5965
4608 -0.7143
4609 -0.3181
4610 3.2124
4611 0.0000
4612 7.1427
4613 6.5829
4614 -5.0878
4615 3.4492
4616 5.1899
4617 13.8155
4618 0.0000
4619 0.0727
4620 -1.2325
4621 -2.0721
4622 0.0000
4623 0.4522
4624 3.0322
4625 4.7125
4626 13.2596
4627 -2.5095
4628 4.8894
4629 -5.1215
4630 7.6648
4631 0.0000
4632 1.2728
4633 3.7674
4634 10.1874
4635 6.6876
4636 -1.3648
4637 7.9732
4638 0.0000
4639 2.7900
4640 2.9461
4641 8.9266
4642 7.0671
4643 -0.2617
4644 11.1593
4645 2.3629
4646 5.6380
4647 -2.1877
4648 3.8992
4649 6.1212
4650 8.9710
4651 -0.1655
4652 0.1853
4653 0.0000
4654 11.4850
4655 -3.8211
4656 3.8385
4657 2.5260
4658 5.0383
4659 2.0224
4660 3.5576
4661 8.0851
4662 0.0000
4663 -0.9882
4664 4.4964
4665 2.9623
4666 -3.5836
4667 -1.7796
4668 7.7963
4669 0.0000
4670 6.6110
4671 -3.6638
4672 3.6611
4673 0.0000
4674 2.4931
4675 1.0032
4676 12.1996
4677 9.8095
4678 3.4584
4679 5.3003
4680 -1.6354
4681 9.8246
4682 0.0000
4683 -0.1369
4684 -7.1930
4685 -4.7200
4686 1.9541
4687 6.0023
4688 3.9059
4689 0.0000
4690 -0.8283
4691 -2.1063
4692 6.2061
4693 0.0000
4694 -0.5100
4695 -4.1608
4696 -2.7811
4697 5.6076
4698 -0.0142
4699 0.5894
4700 -1.4517
4701 -0.9205
4702 0.0000
4703 1.4466
4704 8.6610
4705 9.8073
4706 -3.4894
4707 4.2678
4708 0.4354
4709 0.0000
4710 -8.2520
4711 2.5917
4712 10.5280
4713 0.0000
4714 10.9284
4715 -0.6901
4716 6.1133
4717 3.5222
4718 -6.5169
4719 5.2664
4720 7.3318
4721 -2.2946
4722 0.0000
4723 -1.6968
4724 5.4271
4725 4.2632
4726 3.1632
4727 0.0148
4728 1.0960
4729 0.0000
4730 -4.2355
4731 0.8562
4732 5.1038
4733 13.3597
4734 1.2793
4735 3.3473
4736 3.5219
4737 1.3695
4738 2.9212
4739 0.3951
4740 -7.3621
4741 5.7175
4742 6.1048
4743 0.3983
4744 0.0000
4745 4.2068
4746 -6.6308
4747 3.2532
4748 9.3159
4749 1.0827
4750 -7.1057
4751 8.5336
4752 1.6953
4753 0.0000
4754 4.3078
4755 7.2844
4756 5.6647
4757 8.5215
4758 7.2217
4759 16.9322
4760 0.0000
4761 7.8948
4762 2.6833
4763 -2.4420
4764 0.0000
4765 6.1992
4766 -6.8398
4767 15.1394
4768 3.4403
4769 1.6588
4770 10.2244
4771 2.9001
4772 8.5980
4773 0.0000
4774 -7.2036
4775 2.8065
4776 3.9349
4777 9.8133
4778 9.0577
4779 8.8526
4780 0.0000
4781 -1.4359
4782 7.2262
4783 2.5690
4784 0.0000
4785 10.3957
4786 -3.6721
4787 -4.2314
4788 2.5925
4789 -1.4787
4790 3.9095
4791 -1.1248
4792 6.8159
4793 0.0000
4794 4.0089
4795 0.0779
4796 -0.0403
4797 11.6363
4798 7.3264
4799 3.1882
4800 0.0000
4801 -4.8139
4802 6.5306
4803 7.5440
4804 0.0000
4805 6.4236
4806 3.7203
4807 15.4566
4808 2.4623
4809 -0.2108
4810 4.3524
4811 7.8099
4812 1.8042
4813 0.0000
4814 16.0808
4815 4.9146
4816 3.1374
4817 -6.3280
4818 6.7053
4819 4.2619
4820 0.0000
4821 3.2646
4822 0.0000
4823 4.4345
4824 0.0000
4825 3.0097
4826 -2.8110
4827 -8.1228
4828 -6.6687
4829 -1.6430
4830 -3.2002
4831 4.6054
4832 4.8559
4833 0.0000
4834 -8.1020
4835 5.5912
4836 1.5540
4837 2.7506
4838 5.8616
4839 5.6085
4840 0.0000
4841 3.3173
4842 4.5721
4843 11.9035
4844 6.2540
4845 -2.9292
4846 3.9544
4847 0.0000
4848 -5.0102
4849 9.7240
4850 1.1719
4851 12.8143
4852 8.7280
4853 -1.4077
4854 0.0000
4855 0.8176
4856 10.9461
4857 8.6973
4858 6.9412
4859 5.3042
4860 7.4246
4861 0.0000
4862 4.2627
4863 3.6522
4864 5.3087
4865 6.4247
4866 8.6978
4867 -7.9111
4868 0.0000
4869 -4.9863
4870 3.9963
4871 2.1994
4872 4.3070
4873 7.5354
4874 -2.0194
4875 0.0000
4876 4.3373
4877 7.8468
4878 3.5669
4879 6.5562
4880 1.9670
4881 4.5098
4882 0.0000
4883 5.9916
4884 6.9271
4885 7.8969
4886 5.3371
4887 7.3728
4888 6.5124
4889 0.0000
4890 -0.4314
4891 5.4530
4892 8.5667
4893 6.1085
4894 -0.9253
4895 2.2601
4896 0.0000
4897 -0.4819
4898 -2.2730
4899 -0.6979
4900 7.2699
4901 2.3975
4902 11.9026
4903 0.0000
4904 1.2643
4905 -2.2251
4906 8.8369
4907 3.8891
4908 8.9215
4909 4.7054
4910 0.0000
4911 -1.1582
4912 4.9193
4913 -3.0194
4914 4.3914
4915 6.2672
4916 4.0166
4917 0.0000
4918 0.6401
4919 6.0041
4920 3.3435
4921 0.8782
4922 3.1543
4923 5.8456
4924 0.0000
4925 -7.4180
4926 0.7380
4927 -1.2609
4928 5.7098
4929 3.2455
4930 9.6767
4931 0.0000
4932 5.7967
4933 -1.3572
4934 16.9207
4935 8.8490
4936 -0.0762
4937 0.5237
4938 0.0000
4939 -1.2720
4940 0.0000
4941 -1.3299
4942 0.0000
4943 7.4199
4944 0.0000
4945 9.2070
4946 -2.6157
4947 0.0000
4948 -3.9683
4949 0.3227
4950 4.4193
4951 6.2531
4952 0.0000
4953 7.7459
4954 -7.4474
4955 8.7136
4956 0.0000
4957 1.4731
4958 4.0774
4959 5.1215
4960 0.0000
4961 -2.0846
4962 4.6573
4963 -5.1561
4964 0.5724
4965 4.5047
4966 1.4599
4967 10.6191
4968 6.1150
4969 1.9279
4970 0.0000
4971 3.6321
4972 -5.5496
4973 7.5697
4974 4.1174
4975 2.4739
4976 3.7072
4977 0.0000
4978 0.3696
4979 15.2532
4980 -3.5592
4981 13.4734
4982 3.5501
4983 4.5481
4984 0.0000
4985 5.4748
4986 7.6652
4987 3.1407
4988 6.6203
4989 -1.9670
4990 6.2038
4991 0.0000
4992 0.0238
4993 2.9137
4994 4.9455
4995 -1.6665
4996 -0.3442
4997 2.1913
4998 0.0000
4999 -1.7291
5000 3.3928
5001 -1.3877
5002 3.6201
5003 3.6485
5004 8.8901
5005 0.0000
5006 -2.7956
5007 0.6132
5008 -0.0297
5009 5.1925
5010 6.0817
5011 4.4344
5012 0.0000
5013 0.3448
5014 9.2435
5015 6.1889
5016 2.4745
5017 3.5266
5018 2.3254
5019 0.0000
5020 3.3118
5021 -1.6464
5022 -1.2097
5023 9.3441
5024 4.7780
5025 4.7716
5026 0.0000
5027 -3.9023
5028 4.8410
5029 6.0739
5030 3.3491
5031 5.9530
5032 2.2381
5033 0.0000
5034 4.1009
5035 10.5858
5036 9.5775
5037 3.5028
5038 2.8654
5039 5.9135
5040 0.0000
5041 4.4394
5042 -3.0445
5043 2.5721
5044 14.3136
5045 0.8319
5046 -5.4156
5047 0.0000
5048 -6.2145
5049 4.2776
5050 0.0000
5051 3.7325
5052 -1.3263
5053 -5.8054
5054 4.2369
5055 -3.3445
5056 3.0212
5057 -1.6507
5058 -8.3736
5059 0.0000
5060 7.8973
5061 -1.2542
5062 0.0000
5063 6.6180
5064 0.0000
5065 1.6847
5066 0.0000
5067 -1.4075
5068 2.9475
5069 0.0000
5070 4.5898
5071 7.5384
5072 0.0000
5073 5.5027
5074 4.3963
5075 0.3863
5076 0.0000
5077 -5.4175
5078 13.8408
5079 0.0000
5080 5.6780
5081 9.9333
5082 3.1396
5083 0.0000
5084 2.0219
5085 0.7682
5086 0.0000
5087 6.8589
5088 1.5526
5089 12.9295
5090 0.0000
5091 3.5416
5092 3.0274
5093 0.0000
5094 6.5989
5095 3.7250
5096 3.0357
5097 0.0000
5098 -5.2581
5099 0.0832
5100 0.0000
5101 3.9732
5102 0.1540
5103 4.4869
5104 0.0000
5105 -1.5398
5106 8.4409
5107 0.0000
5108 3.0040
5109 7.9516
5110 8.2171
5111 0.0000
5112 -0.9772
5113 5.6536
5114 0.0000
5115 8.6527
5116 4.9813
5117 -0.9301
5118 0.0000
5119 0.7137
5120 3.0242
5121 0.0000
5122 -6.7865
5123 -0.7002
5124 4.6038
5125 0.0000
5126 -3.5265
5127 12.5852
5128 0.0000
5129 -0.8046
5130 3.8918
5131 1.8623
5132 0.0000
5133 1.5554
5134 6.5034
5135 0.0000
5136 6.2356
5137 5.1689
5138 6.1980
5139 0.0000
5140 7.7266
5141 4.5482
5142 0.0000
5143 5.4589
5144 3.4782
5145 -0.9814
5146 0.0000
5147 5.2081
5148 2.2954
5149 0.0000
5150 17.1266
5151 8.2957
5152 10.6505
5153 0.0000
5154 -0.6230
5155 3.4348
5156 0.0000
5157 5.5175
5158 4.3363
5159 2.7362
5160 0.0000
5161 3.7050
5162 9.0861
5163 0.0000
5164 6.1142
5165 -2.6629
5166 8.3542
5167 0.0000
5168 4.4345
5169 -2.0664
5170 0.0000
5171 -0.7848
5172 7.6652
5173 1.7591
5174 0.0000
5175 -1.3691
5176 5.5735
5177 0.0000
5178 -5.0147
5179 0.1581
5180 7.0867
5181 0.0000
5182 1.6649
5183 0.0000
5184 2.4938
5185 0.0000
5186 7.9004
5187 4.5260
5188 0.0000
5189 -3.2359
5190 0.0000
5191 -1.6094
5192 0.0000
5193 8.4418
5194 6.8050
5195 8.6845
5196 0.0000
5197 11.5747
5198 8.5096
5199 4.7560
5200 0.0000
5201 -1.8687
5202 10.4144
5203 0.7023
5204 0.0000
5205 -5.4867
5206 0.0000
5207 13.0053
5208 0.0000
5209 1.0501
5210 3.5829
5211 0.0000
5212 4.7254
5213 0.0000
5214 3.9383
5215 2.0072
5216 6.4924
5217 1.4762
5218 0.9175
5219 4.5975
5220 9.4960
5221 4.9114
5222 3.5115
5223 6.4808
5224 7.6896
5225 1.1668
5226 2.5950
5227 -6.5032
5228 3.8533
5229 6.8104
5230 0.0000
5231 -0.7435
5232 2.4775
5233 7.1058
5234 -3.1469
5235 -3.5643
5236 14.7399
5237 7.4228
5238 8.4139
5239 0.0000
5240 0.8864
5241 3.8118
5242 8.2745
5243 -2.0103
5244 -0.4650
5245 1.3616
5246 0.0000
5247 -0.3912
5248 -7.3004
5249 3.1656
5250 0.0000
5251 11.6160
5252 2.3889
5253 2.1363
5254 2.8114
5255 1.0237
5256 13.4443
5257 -2.0710
5258 4.0050
5259 0.0000
5260 6.4237
5261 4.6360
5262 4.1303
5263 15.1807
5264 0.6968
5265 4.7065
5266 0.0000
5267 -1.2621
5268 10.1288
5269 7.0459
5270 0.0000
5271 5.8260
5272 0.1738
5273 1.2043
5274 1.7075
5275 1.6245
5276 -1.5540
5277 -0.7983
5278 9.1203
5279 0.0000
5280 4.4383
5281 13.0314
5282 4.2447
5283 -5.1136
5284 -3.1766
5285 -0.9743
5286 0.0000
5287 -0.3148
5288 3.5018
5289 7.2044
5290 0.0000
5291 2.5033
5292 -3.1294
5293 0.1581
5294 8.2160
5295 2.0493
5296 -3.4890
5297 -2.5098
5298 11.4295
5299 0.0000
5300 7.4276
5301 8.3554
5302 7.0192
5303 16.2379
5304 3.2096
5305 2.8429
5306 0.0000
5307 4.8097
5308 5.6591
5309 4.3974
5310 7.7481
5311 3.7924
5312 4.0319
5313 2.0823
5314 9.3326
5315 3.0167
5316 5.6017
5317 0.8928
5318 -0.8935
5319 4.9762
5320 3.9191
5321 0.0000
5322 3.3245
5323 -1.1256
5324 16.7108
5325 1.5184
5326 2.9857
5327 4.5723
5328 4.6894
5329 3.1202
5330 0.0000
5331 5.7605
5332 4.9412
5333 9.7714
5334 4.9220
5335 0.5035
5336 3.4619
5337 0.0000
5338 1.2040
5339 9.2087
5340 3.9333
5341 0.0000
5342 2.2331
5343 1.7414
5344 1.7407
5345 5.7730
5346 1.0621
5347 10.2977
5348 -0.7172
5349 2.4546
5350 0.0000
5351 6.9386
5352 1.8655
5353 4.8015
5354 0.5576
5355 5.0457
5356 2.6614
5357 0.0000
5358 3.0738
5359 1.6012
5360 5.8865
5361 0.0000
5362 4.2066
5363 -6.7281
5364 1.2821
5365 3.1323
5366 -3.7914
5367 3.0500
5368 0.1007
5369 2.5559
5370 0.0000
5371 14.5917
5372 0.0887
5373 5.0652
5374 1.0640
5375 2.6791
5376 0.7782
5377 0.0000
5378 -1.4816
5379 -7.1611
5380 3.0907
5381 0.0000
5382 4.0354
5383 -1.5504
5384 0.0809
5385 1.0909
5386 -0.2392
5387 3.4504
5388 0.2557
5389 3.1853
5390 0.0000
5391 1.4730
5392 7.7435
5393 11.1395
5394 3.6646
5395 9.0387
5396 3.8072
5397 0.0000
5398 -0.2452
5399 1.8836
5400 8.9581
5401 1.3655
5402 1.7814
5403 5.9247
5404 3.2325
5405 -3.2868
5406 10.0404
5407 -2.1189
5408 -2.2821
5409 -0.6899
5410 2.7890
5411 0.0365
5412 0.0000
5413 -2.3587
5414 5.8545
5415 1.3829
5416 7.4708
5417 5.0127
5418 5.6657
5419 0.1283
5420 -3.7843
5421 0.0000
5422 2.6547
5423 2.9601
5424 1.8027
5425 3.2981
5426 9.6106
5427 7.5852
5428 0.0000
5429 3.2117
5430 6.9016
5431 4.6581
5432 0.0000
5433 8.1306
5434 -4.7404
5435 4.5696
5436 0.0928
5437 5.1304
5438 13.3277
5439 5.0811
5440 2.7526
5441 0.0000
5442 7.5737
5443 1.8138
5444 4.3781
5445 12.5988
5446 -0.7773
5447 4.6185
5448 0.0000
5449 -2.5903
5450 3.7751
5451 -3.9709
5452 0.0000
5453 6.2477
5454 -2.2443
5455 8.6286
5456 2.0040
5457 -4.2120
5458 -0.1252
5459 -7.4712
5460 8.5588
5461 0.0000
5462 3.5085
5463 -2.9661
5464 4.3800
5465 5.2083
5466 7.5611
5467 8.8755
5468 0.0000
5469 -7.3857
5470 4.7923
5471 -1.8211
5472 0.0000
5473 -8.8348
5474 3.1824
5475 4.8308
5476 2.1457
5477 4.5614
5478 8.1699
5479 7.7342
5480 1.8187
5481 0.0000
5482 5.6790
5483 0.8568
5484 -2.0841
5485 5.5271
5486 3.3461
5487 3.7312
5488 0.0000
5489 3.0577
5490 5.4196
5491 8.9886
5492 11.4130
5493 4.8865
5494 -0.9522
5495 -5.3771
5496 2.4100
5497 4.9559
5498 -0.1987
5499 3.9356
5500 9.9774
5501 5.7281
5502 5.5047
5503 0.0000
5504 -1.1980
5505 5.7523
5506 6.4750
5507 4.9708
5508 5.8155
5509 -5.0190
5510 0.3686
5511 7.0413
5512 0.0000
5513 -6.4633
5514 1.7536
5515 5.0683
5516 3.4981
5517 3.2881
5518 3.2901
5519 0.0000
5520 -1.5114
5521 3.6588
5522 13.0370
5523 0.0000
5524 8.4059
5525 1.4272
5526 5.2891
5527 5.4935
5528 2.8769
5529 5.4283
5530 -0.9462
5531 8.9175
5532 0.0000
5533 9.0414
5534 5.7898
5535 14.6165
5536 3.6501
5537 13.7282
5538 6.7579
5539 0.0000
5540 -3.5120
5541 2.8732
5542 1.7164
5543 0.0000
5544 10.8294
5545 5.3678
5546 1.5351
5547 8.1404
5548 4.4979
5549 6.4406
5550 1.2847
5551 2.4928
5552 0.0000
5553 -0.7143
5554 7.0362
5555 5.2859
5556 4.4761
5557 11.6158
5558 3.1122
5559 0.0000
5560 2.5533
5561 11.6741
5562 -0.6892
5563 0.0000
5564 -0.0777
5565 1.3250
5566 8.1734
5567 -0.6301
5568 -9.3106
5569 -6.0319
5570 -0.3512
5571 3.4922
5572 0.0000
5573 -2.4453
5574 8.8432
5575 4.2431
5576 8.5538
5577 0.9580
5578 -2.1253
5579 0.0000
5580 -1.8603
5581 0.0000
5582 -2.0400
5583 0.0000
5584 -5.8913
5585 -0.0354
5586 -5.1189
5587 0.6806
5588 4.2518
5589 2.4102
5590 4.1450
5591 -1.4918
5592 0.0000
5593 -0.0057
5594 8.2719
5595 4.5363
5596 1.5666
5597 5.3307
5598 6.7780
5599 0.0000
5600 3.9088
5601 -0.0511
5602 5.7574
5603 3.0596
5604 2.3096
5605 4.0351
5606 0.0000
5607 -0.0440
5608 7.3137
5609 10.6330
5610 10.9581
5611 7.2210
5612 3.6641
5613 0.0000
5614 5.6676
5615 -0.4966
5616 1.4008
5617 -0.3116
5618 -1.2767
5619 9.9361
5620 0.0000
5621 -0.6098
5622 7.0822
5623 0.8958
5624 6.7407
5625 0.9363
5626 3.1259
5627 0.0000
5628 1.2997
5629 1.9706
5630 6.8426
5631 12.2015
5632 6.5141
5633 7.2424
5634 0.0000
5635 1.0472
5636 11.2879
5637 1.5125
5638 -0.9022
5639 -0.2430
5640 3.8255
5641 0.0000
5642 0.7948
5643 -0.6813
5644 -0.9014
5645 5.9813
5646 6.4135
5647 6.6972
5648 0.0000
5649 2.0522
5650 7.9736
5651 3.3986
5652 12.4053
5653 8.1124
5654 8.0104
5655 0.0000
5656 -3.5690
5657 4.2508
5658 9.8040
5659 4.8912
5660 3.1042
5661 3.7332
5662 0.0000
5663 -2.6669
5664 5.9634
5665 -1.1772
5666 2.1384
5667 6.0047
5668 2.4583
5669 0.0000
5670 12.6098
5671 8.9062
5672 6.8087
5673 5.5539
5674 10.4544
5675 6.6155
5676 0.0000
5677 4.2859
5678 7.8465
5679 15.5368
5680 2.4055
5681 3.2014
5682 3.6906
5683 0.0000
5684 9.4034
5685 10.0987
5686 7.1456
5687 7.7539
5688 4.4227
5689 10.9071
5690 0.0000
5691 2.8487
5692 3.1073
5693 -7.1540
5694 0.3067
5695 3.6955
5696 6.1611
5697 0.0000
5698 -1.2885
5699 0.0000
5700 8.7915
5701 0.0000
5702 -1.5571
5703 0.0000
5704 0.2491
5705 6.5646
5706 0.0000
5707 -2.7895
5708 -0.1452
5709 6.4638
5710 0.4978
5711 0.0000
5712 -1.8970
5713 1.0555
5714 3.1355
5715 0.0000
5716 1.6403
5717 6.7654
5718 7.3867
5719 0.0000
5720 1.8497
5721 2.4070
5722 0.3481
5723 2.6145
5724 0.7933
5725 6.0001
5726 1.8599
5727 3.6026
5728 3.0705
5729 0.0000
5730 2.1797
5731 0.7716
5732 -1.7262
5733 8.3629
5734 3.6315
5735 11.3496
5736 0.0000
5737 -3.2057
5738 6.4650
5739 6.8034
5740 8.1183
5741 5.7264
5742 7.9680
5743 0.0000
5744 7.2135
5745 5.5132
5746 4.2710
5747 4.4898
5748 3.1004
5749 4.3069
5750 0.0000
5751 0.3884
5752 5.0576
5753 4.0610
5754 -1.3829
5755 0.9662
5756 2.1080
5757 0.0000
5758 7.1938
5759 6.0985
5760 -2.0067
5761 4.3886
5762 -2.7425
5763 5.9463
5764 0.0000
5765 0.5248
5766 10.5558
5767 9.0400
5768 1.8051
5769 10.0348
5770 4.4735
5771 0.0000
5772 2.0885
5773 -0.0231
5774 2.5507
5775 1.5663
5776 2.1306
5777 3.8891
5778 0.0000
5779 6.8853
5780 10.5973
5781 7.8304
5782 8.1257
5783 6.5231
5784 6.2861
5785 0.0000
5786 2.4595
5787 2.0838
5788 -4.8618
5789 4.6314
5790 0.7277
5791 5.3051
5792 0.0000
5793 -3.0897
5794 -0.6885
5795 4.2167
5796 5.1769
5797 -0.0160
5798 1.3476
5799 0.0000
5800 -0.3038
5801 -0.1707
5802 3.4981
5803 8.9607
5804 2.6173
5805 4.6248
5806 0.0000
5807 0.5280
5808 2.2317
5809 0.0000
5810 4.1555
5811 -0.3444
5812 5.5535
5813 -5.9116
5814 -3.6788
5815 12.0052
5816 7.8112
5817 8.8768
5818 0.0000
5819 0.6995
5820 8.1868
5821 0.0000
5822 2.1587
5823 0.0000
5824 0.8237
5825 0.0000
5826 -1.5736
5827 0.4529
5828 0.0000
5829 1.6973
5830 1.2283
5831 0.0000
5832 1.8310
5833 2.4906
5834 1.1188
5835 0.0000
5836 2.1036
5837 -2.8117
5838 0.0000
5839 9.2386
5840 -8.1865
5841 7.7056
5842 0.0000
5843 0.8921
5844 3.1858
5845 0.0000
5846 3.6944
5847 -0.9078
5848 -1.3542
5849 0.0000
5850 1.7035
5851 2.4927
5852 0.0000
5853 0.1357
5854 3.4390
5855 2.4458
5856 0.0000
5857 3.5171
5858 5.8477
5859 0.0000
5860 5.0884
5861 -4.7466
5862 -0.5726
5863 0.0000
5864 7.9873
5865 4.7873
5866 0.0000
5867 -4.6363
5868 9.3433
5869 1.5659
5870 0.0000
5871 0.7578
5872 7.5013
5873 0.0000
5874 2.1018
5875 8.2665
5876 6.7492
5877 0.0000
5878 0.6805
5879 7.6608
5880 0.0000
5881 3.0699
5882 3.0560
5883 4.4290
5884 0.0000
5885 3.1358
5886 5.4684
5887 0.0000
5888 11.7212
5889 5.2991
5890 7.7560
5891 0.0000
5892 -3.2002
5893 9.7111
5894 0.0000
5895 5.5742
5896 4.5579
5897 5.5604
5898 0.0000
5899 4.4271
5900 6.7851
5901 0.0000
5902 -0.3954
5903 -7.7263
5904 8.2893
5905 0.0000
5906 2.7831
5907 -5.9721
5908 0.0000
5909 9.3660
5910 6.0504
5911 6.7364
5912 0.0000
5913 0.2538
5914 4.3949
5915 0.0000
5916 0.9723
5917 3.5031
5918 4.4724
5919 0.0000
5920 1.5495
5921 5.2921
5922 0.0000
5923 8.3238
5924 -1.5209
5925 7.0461
5926 0.0000
5927 -2.5975
5928 9.7685
5929 0.0000
5930 -1.5550
5931 -4.7352
5932 0.4667
5933 0.0000
5934 1.2603
5935 1.2481
5936 0.0000
5937 9.8222
5938 4.3718
5939 -2.8819
5940 0.0000
5941 4.4411
5942 0.0000
5943 6.6480
5944 0.0000
5945 3.3989
5946 6.8642
5947 0.0000
5948 -0.4844
5949 0.0000
5950 12.4413
5951 0.0000
5952 3.2346
5953 0.3565
5954 5.0309
5955 0.0000
5956 4.1305
5957 5.1855
5958 11.4908
5959 0.0000
5960 -4.9673
5961 -0.9016
5962 2.1119
5963 0.0000
5964 2.9950
5965 0.0000
5966 1.8233
5967 0.0000
5968 -3.8230
5969 9.0189
5970 0.0000
5971 0.6095
5972 0.0000
5973 -4.4654
5974 2.8805
5975 4.7781
5976 6.3746
5977 1.1334
5978 7.0998
5979 4.0888
5980 5.1566
5981 2.0700
5982 1.7031
5983 10.3520
5984 6.5048
5985 1.8521
5986 2.1684
5987 0.6896
5988 5.8966
5989 0.0000
5990 3.4285
5991 3.9903
5992 3.7177
5993 6.3625
5994 -2.4235
5995 7.0217
5996 6.4964
5997 -4.0101
5998 0.0000
5999 11.1696
6000 1.6275
6001 7.0075
6002 5.0230
6003 5.0567
6004 2.3080
6005 0.0000
6006 8.4751
6007 1.1698
6008 -5.4814
6009 0.0000
6010 3.0012
6011 0.3571
6012 0.1966
6013 1.5626
6014 1.7740
6015 2.4677
6016 -3.9087
6017 11.4242
6018 0.0000
6019 6.9085
6020 1.9259
6021 1.8728
6022 2.7619
6023 9.6300
6024 6.1022
6025 0.0000
6026 -2.4598
6027 4.9207
6028 3.0676
6029 0.0000
6030 -2.1771
6031 0.4521
6032 4.1986
6033 6.6749
6034 9.7474
6035 5.9588
6036 1.5536
6037 -2.5117
6038 0.0000
6039 7.7123
6040 3.6909
6041 -2.4568
6042 3.9500
6043 3.9020
6044 -0.1462
6045 0.0000
6046 3.7762
6047 0.5576
6048 9.3050
6049 0.0000
6050 1.6374
6051 -4.6981
6052 3.6525
6053 0.6230
6054 -0.0546
6055 5.8215
6056 9.3342
6057 10.1517
6058 0.0000
6059 11.0964
6060 -0.4614
6061 7.8654
6062 -0.7776
6063 6.8450
6064 -1.0475
6065 0.0000
6066 -1.3445
6067 1.4174
6068 5.3568
6069 3.0702
6070 6.6160
6071 -3.7204
6072 0.0211
6073 13.2623
6074 10.3466
6075 8.0786
6076 3.8882
6077 1.5237
6078 2.3591
6079 11.4969
6080 0.0000
6081 -2.0358
6082 -0.9950
6083 7.0391
6084 4.3283
6085 9.0340
6086 3.6558
6087 7.3600
6088 -1.2370
6089 0.0000
6090 1.4207
6091 3.1898
6092 5.8756
6093 6.1331
6094 9.8140
6095 -0.3230
6096 0.0000
6097 1.6503
6098 6.9814
6099 4.9314
6100 0.0000
6101 2.6879
6102 -0.9970
6103 2.0010
6104 9.1297
6105 -6.7247
6106 -2.6919
6107 -1.4979
6108 -2.1853
6109 0.0000
6110 5.1043
6111 -1.2590
6112 7.2085
6113 -1.5727
6114 4.8013
6115 1.4304
6116 0.0000
6117 1.8204
6118 8.1228
6119 7.7433
6120 0.0000
6121 6.0460
6122 1.5359
6123 -1.7965
6124 3.9690
6125 -0.1193
6126 4.9732
6127 2.9425
6128 3.0047
6129 0.0000
6130 11.8856
6131 6.9779
6132 -3.5904
6133 8.0774
6134 9.6549
6135 1.4415
6136 0.0000
6137 -3.9815
6138 3.0007
6139 8.9373
6140 0.0000
6141 1.6713
6142 0.7166
6143 7.5817
6144 4.9854
6145 -1.1282
6146 21.8079
6147 6.9508
6148 -1.9481
6149 0.0000
6150 7.4454
6151 2.5556
6152 4.8549
6153 10.9448
6154 5.6449
6155 4.3735
6156 0.0000
6157 -3.7516
6158 -5.2459
6159 0.9254
6160 7.4396
6161 0.4835
6162 6.6954
6163 8.0229
6164 3.2507
6165 7.8755
6166 1.1317
6167 1.5543
6168 4.8836
6169 5.2308
6170 9.4669
6171 0.0000
6172 3.3771
6173 -0.5660
6174 5.3485
6175 4.0051
6176 -0.5161
6177 7.7360
6178 3.8821
6179 -1.5167
6180 0.0000
6181 7.9360
6182 7.7686
6183 3.5249
6184 -1.1438
6185 3.4366
6186 4.5364
6187 0.0000
6188 -4.4534
6189 4.3263
6190 -1.4019
6191 0.0000
6192 2.4226
6193 -1.5780
6194 2.3413
6195 2.8424
6196 -2.1763
6197 8.2485
6198 2.1833
6199 0.1015
6200 0.0000
6201 -1.2080
6202 1.8535
6203 4.1607
6204 -1.5830
6205 6.2405
6206 6.1138
6207 0.0000
6208 0.0146
6209 10.5811
6210 -2.4869
6211 0.0000
6212 8.5265
6213 -1.7629
6214 4.1844
6215 4.3824
6216 1.4643
6217 4.2493
6218 -4.9689
6219 2.8767
6220 0.0000
6221 1.8526
6222 2.0543
6223 8.0024
6224 9.0456
6225 4.5588
6226 2.6886
6227 0.0000
6228 -4.5837
6229 0.4385
6230 9.3490
6231 0.0000
6232 7.3563
6233 -7.3989
6234 8.4017
6235 0.2324
6236 4.0322
6237 1.1201
6238 -1.5438
6239 11.2792
6240 0.0000
6241 -2.6957
6242 3.3611
6243 2.3791
6244 5.3187
6245 6.0124
6246 11.3296
6247 0.0000
6248 6.5619
6249 5.0259
6250 3.6348
6251 3.5884
6252 2.7713
6253 3.2420
6254 2.9636
6255 2.1189
6256 7.5774
6257 8.0601
6258 14.3843
6259 -2.9660
6260 5.9336
6261 4.8958
6262 0.0000
6263 0.6719
6264 11.0787
6265 3.9326
6266 1.6989
6267 -6.1975
6268 13.7590
6269 9.2568
6270 9.7104
6271 0.0000
6272 3.1446
6273 1.8913
6274 7.8336
6275 12.3470
6276 4.5493
6277 6.0378
6278 0.0000
6279 2.4655
6280 4.5920
6281 3.3041
6282 0.0000
6283 7.9338
6284 -8.0862
6285 7.2103
6286 -1.5306
6287 3.8290
6288 9.5223
6289 -0.8690
6290 8.0877
6291 0.0000
6292 1.2098
6293 2.7574
6294 8.5492
6295 1.1235
6296 8.2166
6297 5.9766
6298 0.0000
6299 3.4539
6300 -3.8279
6301 10.9169
6302 0.0000
6303 1.1586
6304 -3.5483
6305 0.0613
6306 6.7724
6307 -1.9920
6308 7.2158
6309 6.5850
6310 4.8205
6311 0.0000
6312 0.5919
6313 -1.3990
6314 6.0811
6315 8.4607
6316 5.7576
6317 5.0515
6318 0.0000
6319 -2.4090
6320 5.5777
6321 2.5227
6322 0.0000
6323 3.1893
6324 0.8269
6325 5.1153
6326 -1.4852
6327 -4.2864
6328 3.9890
6329 4.4769
6330 -2.9765
6331 0.0000
6332 2.9661
6333 7.6085
6334 6.7095
6335 2.8845
6336 6.9411
6337 -3.4380
6338 0.0000
6339 -2.5252
6340 0.0000
6341 9.1083
6342 0.0000
6343 8.4034
6344 7.5259
6345 -2.9305
6346 2.7094
6347 -1.2433
6348 -1.6207
6349 0.5695
6350 -3.4533
6351 0.0000
6352 -4.7158
6353 11.7516
6354 1.2917
6355 9.1391
6356 6.5479
6357 4.4684
6358 0.0000
6359 -5.9779
6360 8.9654
6361 -2.2314
6362 8.3954
6363 5.7717
6364 -3.1608
6365 0.0000
6366 2.2838
6367 10.4188
6368 9.7231
6369 0.9957
6370 6.0106
6371 -0.3722
6372 0.0000
6373 8.0420
6374 1.1044
6375 5.8606
6376 6.7617
6377 5.1495
6378 -0.2431
6379 0.0000
6380 -3.2185
6381 9.2008
6382 11.5189
6383 10.6785
6384 9.9272
6385 8.4058
6386 0.0000
6387 3.9908
6388 5.0046
6389 1.4898
6390 6.0285
6391 4.9220
6392 6.6659
6393 0.0000
6394 6.2436
6395 -0.8658
6396 9.5495
6397 3.7939
6398 13.4332
6399 13.5913
6400 0.0000
6401 -0.7928
6402 6.5874
6403 -1.4333
6404 -3.2877
6405 6.4520
6406 0.4463
6407 0.0000
6408 4.2773
6409 -1.8418
6410 8.5889
6411 -4.7788
6412 -0.2088
6413 2.1391
6414 0.0000
6415 0.2658
6416 11.1878
6417 1.0486
6418 4.4895
6419 3.8070
6420 2.0752
6421 0.0000
6422 0.8274
6423 6.7899
6424 4.0855
6425 1.9005
6426 4.9399
6427 7.5882
6428 0.0000
6429 -5.7085
6430 8.8021
6431 -6.0423
6432 5.4984
6433 8.3733
6434 4.2814
6435 0.0000
6436 -1.9654
6437 9.8271
6438 -0.5902
6439 0.9578
6440 10.1764
6441 -3.3108
6442 0.0000
6443 -0.0291
6444 5.1391
6445 4.0956
6446 3.5122
6447 8.5472
6448 2.2567
6449 0.0000
6450 -2.0223
6451 8.7202
6452 12.1039
6453 3.0921
6454 -1.1148
6455 -4.5908
6456 0.0000
6457 4.8486
6458 0.0000
6459 4.0981
6460 0.0000
6461 1.6972
6462 0.0000
6463 7.0039
6464 5.7065
6465 0.0000
6466 4.6235
6467 -2.7672
6468 2.0229
6469 8.6550
6470 0.0000
6471 7.9472
6472 1.2106
6473 8.9619
6474 0.0000
6475 3.9054
6476 2.4089
6477 6.2269
6478 0.0000
6479 5.1713
6480 -1.7948
6481 1.0619
6482 -1.7888
6483 5.0177
6484 3.2838
6485 9.6051
6486 6.6377
6487 4.1739
6488 0.0000
6489 5.1220
6490 9.1936
6491 7.4261
6492 -3.2692
6493 0.8008
6494 -2.6347
6495 0.0000
6496 3.6472
6497 2.6816
6498 3.4047
6499 2.8082
6500 9.4272
6501 3.6573
6502 0.0000
6503 4.0718
6504 11.0341
6505 1.3002
6506 3.1134
6507 -1.1590
6508 1.8115
6509 0.0000
6510 10.7601
6511 4.7785
6512 -0.6670
6513 -3.9866
6514 2.4846
6515 1.8846
6516 0.0000
6517 1.9832
6518 5.3551
6519 -4.4913
6520 5.6283
6521 5.3274
6522 6.6402
6523 0.0000
6524 3.1917
6525 5.8454
6526 0.4462
6527 -1.0823
6528 8.4848
6529 -1.8130
6530 0.0000
6531 1.2495
6532 6.1191
6533 3.5064
6534 -2.1322
6535 -1.2152
6536 3.3989
6537 0.0000
6538 -2.0831
6539 4.4548
6540 2.0483
6541 2.1195
6542 0.7802
6543 3.7251
6544 0.0000
6545 -0.2762
6546 -5.2207
6547 6.9395
6548 6.9525
6549 4.9450
6550 6.3195
6551 0.0000
6552 -6.8394
6553 1.4215
6554 -0.7175
6555 -0.4603
6556 4.5818
6557 5.6305
6558 0.0000
6559 -4.0798
6560 6.7080
6561 3.3621
6562 10.4151
6563 -1.2281
6564 -2.3797
6565 0.0000
6566 -0.6939
6567 5.9458
6568 0.0000
6569 -3.5963
6570 5.4527
6571 -0.0735
6572 3.3751
6573 -0.9408
6574 -5.9446
6575 5.8235
6576 6.3364
6577 0.0000
6578 -1.1122
6579 2.0033
6580 0.0000
6581 -0.1593
6582 0.0000
6583 6.1528
6584 0.0000
6585 -6.5872
6586 1.4392
6587 0.0000
6588 10.6953
6589 -3.5631
6590 0.0000
6591 4.1145
6592 7.1203
6593 -3.3405
6594 0.0000
6595 2.0917
6596 2.5392
6597 0.0000
6598 -1.0218
6599 12.0268
6600 3.1968
6601 0.0000
6602 -5.3179
6603 6.3449
6604 0.0000
6605 -0.2414
6606 5.4591
6607 9.2176
6608 0.0000
6609 2.3923
6610 -0.6722
6611 0.0000
6612 -3.1497
6613 -1.3766
6614 2.2859
6615 0.0000
6616 -7.6858
6617 2.1383
6618 0.0000
6619 6.2238
6620 -0.3008
6621 2.9442
6622 0.0000
6623 -3.9568
6624 9.6061
6625 0.0000
6626 8.1102
6627 7.8583
6628 3.7642
6629 0.0000
6630 -0.0140
6631 1.1747
6632 0.0000
6633 6.9729
6634 11.8087
6635 12.5701
6636 0.0000
6637 6.7668
6638 5.7376
6639 0.0000
6640 2.7069
6641 4.6558
6642 4.9290
6643 0.0000
6644 -2.8072
6645 5.8548
6646 0.0000
6647 2.6054
6648 5.2211
6649 -1.5320
6650 0.0000
6651 -0.7528
6652 0.9222
6653 0.0000
6654 3.8057
6655 3.2033
6656 9.8467
6657 0.0000
6658 0.4259
6659 8.5450
6660 0.0000
6661 3.3091
6662 1.8869
6663 3.7626
6664 0.0000
6665 3.1539
6666 -6.7792
6667 0.0000
6668 4.6340
6669 2.7209
6670 4.3386
6671 0.0000
6672 4.5767
6673 7.8155
6674 0.0000
6675 3.8184
6676 -0.4001
6677 6.0863
6678 0.0000
6679 -1.4139
6680 9.8172
6681 0.0000
6682 1.4881
6683 -0.7029
6684 8.3336
6685 0.0000
6686 5.3794
6687 5.4487
6688 0.0000
6689 8.5306
6690 -0.6510
6691 6.7871
6692 0.0000
6693 0.9690
6694 5.5767
6695 0.0000
6696 4.5666
6697 6.3713
6698 1.4986
6699 0.0000
6700 -2.6203
6701 0.0000
6702 7.8924
6703 0.0000
6704 4.5924
6705 6.1016
6706 0.0000
6707 1.3362
6708 0.0000
6709 -0.9973
6710 0.0000
6711 10.0368
6712 2.3968
6713 3.5128
6714 0.0000
6715 2.4649
6716 -5.8561
6717 16.7040
6718 0.0000
6719 3.1557
6720 6.8906
6721 -6.8882
6722 0.0000
6723 3.7866
6724 0.0000
6725 4.3445
6726 0.0000
6727 -0.6393
6728 -5.5425
6729 0.0000
6730 -1.7009
6731 0.0000
6732 3.6880
6733 3.9825
6734 2.2328
6735 8.2502
6736 4.2697
6737 6.3388
6738 4.7061
6739 4.3555
6740 10.4204
6741 3.3721
6742 1.7587
6743 1.4550
6744 5.3995
6745 1.2676
6746 9.8465
6747 6.9568
6748 0.0000
6749 4.1443
6750 -3.5964
6751 7.8323
6752 3.4717
6753 -1.9243
6754 16.2195
6755 4.8615
6756 7.3566
6757 0.0000
6758 9.3019
6759 9.8171
6760 3.4249
6761 0.9772
6762 4.9198
6763 5.5460
6764 0.0000
6765 1.0415
6766 2.0358
6767 11.1073
6768 0.0000
6769 4.1735
6770 4.9680
6771 9.9002
6772 2.0748
6773 -0.4074
6774 -1.0638
6775 7.5036
6776 4.4523
6777 0.0000
6778 -1.6549
6779 0.6385
6780 1.9551
6781 4.8446
6782 -5.3912
6783 -2.7959
6784 0.0000
6785 7.0972
6786 -0.2195
6787 5.3467
6788 0.0000
6789 3.7822
6790 -5.8597
6791 -2.5762
6792 -0.2558
6793 -2.3637
6794 5.1434
6795 8.4598
6796 6.6683
6797 0.0000
6798 7.6748
6799 -1.2166
6800 2.2920
6801 2.7568
6802 0.7602
6803 1.1077
6804 0.0000
6805 9.8657
6806 3.7809
6807 0.5158
6808 0.0000
6809 0.5152
6810 0.0314
6811 3.8943
6812 -0.2810
6813 -1.0234
6814 3.7740
6815 -3.8884
6816 7.8526
6817 0.0000
6818 1.2258
6819 0.0783
6820 -1.7465
6821 4.3373
6822 9.0903
6823 -0.5713
6824 0.0000
6825 -1.6218
6826 3.4084
6827 7.1633
6828 0.0732
6829 10.4371
6830 13.5420
6831 7.6981
6832 9.3366
6833 7.9452
6834 7.5603
6835 -1.0830
6836 -1.1941
6837 6.2848
6838 5.1352
6839 0.0000
6840 1.7685
6841 2.5951
6842 0.9963
6843 14.5450
6844 0.9896
6845 7.2827
6846 3.3175
6847 4.9312
6848 0.0000
6849 -2.7754
6850 5.1941
6851 4.6170
6852 -0.2568
6853 7.1962
6854 4.7201
6855 0.0000
6856 4.1490
6857 6.3429
6858 13.8187
6859 0.0000
6860 3.4268
6861 0.3150
6862 -2.0748
6863 1.7672
6864 -3.1756
6865 6.8331
6866 4.0007
6867 8.1950
6868 0.0000
6869 9.4122
6870 3.5930
6871 3.3205
6872 7.4196
6873 8.8288
6874 3.1273
6875 0.0000
6876 -3.8128
6877 2.4875
6878 0.0755
6879 0.0000
6880 6.9557
6881 1.2407
6882 7.6026
6883 2.0150
6884 -3.5800
6885 1.7257
6886 -3.1925
6887 9.7527
6888 0.0000
6889 -1.3645
6890 2.8275
6891 -6.4834
6892 0.6924
6893 10.6440
6894 0.1398
6895 0.0000
6896 -1.4114
6897 -1.9040
6898 8.0325
6899 0.0000
6900 4.7854
6901 5.6731
6902 1.7841
6903 3.5282
6904 0.3338
6905 10.1444
6906 1.6106
6907 -3.2507
6908 0.0000
6909 4.8045
6910 0.8279
6911 5.6900
6912 3.8232
6913 1.2458
6914 14.0811
6915 0.0000
6916 -1.9576
6917 5.6706
6918 7.7273
6919 6.6406
6920 3.4328
6921 2.1563
6922 6.8789
6923 11.9150
6924 5.5912
6925 2.9646
6926 8.7637
6927 -7.2153
6928 5.7546
6929 4.7184
6930 0.0000
6931 10.1524
6932 8.0333
6933 0.5638
6934 0.6336
6935 -5.0104
6936 4.8766
6937 10.0503
6938 9.3822
6939 0.0000
6940 7.2893
6941 8.8663
6942 7.0162
6943 5.3271
6944 -5.3267
6945 12.7092
6946 0.0000
6947 -0.9579
6948 4.0085
6949 4.0173
6950 0.0000
6951 -2.3324
6952 -6.2007
6953 0.0474
6954 -7.5713
6955 -0.5672
6956 0.8643
6957 -6.3476
6958 7.0172
6959 0.0000
6960 2.8773
6961 -4.3698
6962 4.9938
6963 5.7828
6964 2.6209
6965 4.5352
6966 0.0000
6967 -5.0309
6968 -0.7716
6969 6.3984
6970 0.0000
6971 7.3552
6972 2.7768
6973 4.7415
6974 5.2303
6975 -2.9839
6976 0.0650
6977 -7.7455
6978 12.0115
6979 0.0000
6980 1.8250
6981 -0.2544
6982 -5.0766
6983 3.7984
6984 8.4613
6985 5.4751
6986 0.0000
6987 1.7372
6988 4.8652
6989 3.6096
6990 0.0000
6991 9.2646
6992 2.5769
6993 5.8615
6994 -0.5954
6995 3.1484
6996 -1.1511
6997 7.1054
6998 1.8121
6999 0.0000
7000 -0.5370
7001 -2.1938
7002 1.6551
7003 0.5785
7004 5.3466
7005 6.4739
7006 0.0000
7007 -3.6155
7008 -0.6507
7009 2.0628
7010 7.9593
7011 5.2570
7012 11.2285
7013 4.8072
7014 4.7077
7015 0.1522
7016 4.9806
7017 9.4586
7018 6.7973
7019 11.2920
7020 6.7386
7021 0.0000
7022 4.1023
7023 6.7593
7024 1.8641
7025 5.3523
7026 -3.8104
7027 9.2526
7028 -2.2921
7029 -0.4868
7030 0.0000
7031 -1.3865
7032 6.5904
7033 0.1727
7034 12.7860
7035 -1.8749
7036 11.1518
7037 0.0000
7038 6.8452
7039 9.9219
7040 -1.5759
7041 0.0000
7042 5.8537
7043 -2.1272
7044 6.7454
7045 -4.8152
7046 -6.0464
7047 0.6530
7048 3.5429
7049 -0.0109
7050 0.0000
7051 6.6680
7052 8.4853
7053 -2.8942
7054 -1.6831
7055 9.1251
7056 2.2543
7057 0.0000
7058 3.1586
7059 1.0965
7060 1.7070
7061 0.0000
7062 -0.4491
7063 2.5159
7064 3.7831
7065 2.1059
7066 6.4540
7067 4.8245
7068 -0.7327
7069 4.7250
7070 0.0000
7071 5.0448
7072 13.2111
7073 -3.0871
7074 2.9715
7075 4.3571
7076 -6.1797
7077 0.0000
7078 -0.2176
7079 12.3692
7080 0.3927
7081 0.0000
7082 6.7755
7083 5.1137
7084 2.8848
7085 -7.1503
7086 0.9810
7087 2.6659
7088 5.0918
7089 2.6600
7090 0.0000
7091 8.5267
7092 -3.7659
7093 -3.4395
7094 -1.6704
7095 3.7883
7096 0.2297
7097 0.0000
7098 -1.3426
7099 0.0000
7100 0.5022
7101 0.0000
7102 8.7339
7103 7.8556
7104 -5.1287
7105 1.7420
7106 -0.2528
7107 -1.8633
7108 3.3451
7109 7.4410
7110 0.0000
7111 3.1657
7112 6.0515
7113 0.6692
7114 2.3732
7115 6.4546
7116 -1.6987
7117 0.0000
7118 2.5976
7119 5.4761
7120 7.9273
7121 2.1788
7122 11.4406
7123 6.5460
7124 0.0000
7125 3.7970
7126 2.7272
7127 -1.3873
7128 1.5342
7129 5.4625
7130 4.7316
7131 0.0000
7132 -0.2098
7133 0.8786
7134 4.5562
7135 7.7274
7136 -9.0256
7137 7.9701
7138 0.0000
7139 5.9219
7140 -0.3858
7141 7.2720
7142 8.2967
7143 8.3443
7144 4.9950
7145 0.0000
7146 4.1049
7147 -1.7255
7148 -0.3337
7149 10.4068
7150 2.7511
7151 1.4313
7152 0.0000
7153 -2.9878
7154 8.0303
7155 3.3542
7156 1.5814
7157 -0.1752
7158 -1.0204
7159 0.0000
7160 -2.5385
7161 2.9553
7162 0.3363
7163 -1.7268
7164 7.5960
7165 4.5897
7166 0.0000
7167 3.2295
7168 1.8994
7169 5.6507
7170 6.1238
7171 1.7888
7172 4.5885
7173 0.0000
7174 2.3114
7175 9.6225
7176 6.7528
7177 5.3907
7178 16.2472
7179 2.7197
7180 0.0000
7181 5.3344
7182 5.9050
7183 2.1569
7184 0.9998
7185 1.4735
7186 -0.6760
7187 0.0000
7188 -4.7898
7189 -2.2365
7190 3.4611
7191 11.4315
7192 6.1825
7193 3.2207
7194 0.0000
7195 -2.8822
7196 1.7672
7197 3.8802
7198 0.8912
7199 1.1288
7200 3.5115
7201 0.0000
7202 -2.2325
7203 -1.2293
7204 0.8904
7205 1.9388
7206 17.4267
7207 6.0131
7208 0.0000
7209 -8.1050
7210 -2.5867
7211 -1.4491
7212 5.8466
7213 0.2350
7214 4.6866
7215 0.0000
7216 3.7870
7217 0.0000
7218 2.9210
7219 0.0000
7220 7.7855
7221 0.0000
7222 1.1838
7223 0.9586
7224 0.0000
7225 8.1103
7226 6.3545
7227 -1.7901
7228 2.1695
7229 0.0000
7230 -6.2713
7231 7.9134
7232 5.3920
7233 0.0000
7234 6.4916
7235 7.3491
7236 9.2879
7237 0.0000
7238 3.8136
7239 -0.4064
7240 0.1029
7241 5.8686
7242 2.5654
7243 10.1855
7244 -1.8448
7245 -0.2098
7246 4.8446
7247 0.0000
7248 -3.4876
7249 6.9926
7250 2.3951
7251 5.2964
7252 3.3771
7253 -0.1027
7254 0.0000
7255 1.1526
7256 3.7940
7257 1.3078
7258 3.4307
7259 4.8179
7260 5.9659
7261 0.0000
7262 2.9685
7263 5.4609
7264 -3.1166
7265 -3.8290
7266 -2.1112
7267 -4.6699
7268 0.0000
7269 1.5150
7270 1.9692
7271 4.7662
7272 -4.9317
7273 7.1172
7274 -0.3792
7275 0.0000
7276 8.8793
7277 9.8827
7278 8.0779
7279 4.3538
7280 8.2648
7281 5.8089
7282 0.0000
7283 2.3694
7284 1.8590
7285 3.4674
7286 0.1162
7287 5.9140
7288 11.7447
7289 0.0000
7290 -3.1522
7291 7.7558
7292 1.8295
7293 7.8107
7294 -1.1402
7295 3.6131
7296 0.0000
7297 -4.4126
7298 5.4983
7299 4.9550
7300 2.5624
7301 6.0858
7302 0.1813
7303 0.0000
7304 2.8389
7305 6.4746
7306 1.9416
7307 -0.6979
7308 -2.3835
7309 1.8515
7310 0.0000
7311 -1.2628
7312 1.5561
7313 0.3012
7314 -4.5789
7315 -5.7920
7316 3.2202
7317 0.0000
7318 5.8921
7319 -1.4717
7320 3.1568
7321 2.5067
7322 -0.1932
7323 5.1312
7324 0.0000
7325 0.6148
7326 -2.4452
7327 0.0000
7328 5.0129
7329 -3.8844
7330 5.0114
7331 -3.7117
7332 1.6046
7333 -4.0602
7334 0.0276
7335 9.3594
7336 0.0000
7337 12.7716
7338 6.3993
7339 0.0000
7340 4.1819
7341 0.0000
7342 -1.6895
7343 0.0000
7344 -4.7416
7345 6.8102
7346 0.0000
7347 -1.7373
7348 1.1981
7349 0.0000
7350 7.5747
7351 5.4599
7352 5.9821
7353 0.0000
7354 3.3866
7355 4.1297
7356 0.0000
7357 1.0807
7358 6.5858
7359 8.9742
7360 0.0000
7361 2.4113
7362 3.9747
7363 0.0000
7364 6.3750
7365 0.3163
7366 2.0211
7367 0.0000
7368 -3.9543
7369 0.2957
7370 0.0000
7371 8.4304
7372 3.2446
7373 7.6407
7374 0.0000
7375 -0.2477
7376 10.1085
7377 0.0000
7378 -4.8473
7379 -1.8686
7380 1.8009
7381 0.0000
7382 7.3474
7383 6.4159
7384 0.0000
7385 2.0017
7386 4.0029
7387 3.2534
7388 0.0000
7389 2.8282
7390 0.4407
7391 0.0000
7392 7.0748
7393 3.3733
7394 3.1129
7395 0.0000
7396 4.9022
7397 1.5273
7398 0.0000
7399 4.0290
7400 8.9214
7401 6.6085
7402 0.0000
7403 5.4935
7404 0.2329
7405 0.0000
7406 5.9111
7407 1.3812
7408 3.6140
7409 0.0000
7410 -2.7547
7411 1.9996
7412 0.0000
7413 6.5630
7414 5.7083
7415 4.2376
7416 0.0000
7417 -4.3495
7418 10.0459
7419 0.0000
7420 10.7886
7421 11.1973
7422 4.1992
7423 0.0000
7424 10.5734
7425 5.3038
7426 0.0000
7427 5.9051
7428 5.5806
7429 3.3256
7430 0.0000
7431 -1.9103
7432 12.7149
7433 0.0000
7434 6.6019
7435 4.8468
7436 7.8882
7437 0.0000
7438 8.3368
7439 6.5824
7440 0.0000
7441 -2.9411
7442 0.9725
7443 4.5491
7444 0.0000
7445 -4.7488
7446 -0.2408
7447 0.0000
7448 13.3361
7449 9.5496
7450 3.2758
7451 0.0000
7452 -1.9763
7453 -2.3660
7454 0.0000
7455 4.1180
7456 0.7431
7457 2.3490
7458 0.0000
7459 8.2270
7460 0.0000
7461 1.5913
7462 0.0000
7463 -0.6981
7464 0.0189
7465 0.0000
7466 6.4281
7467 0.0000
7468 -0.3461
7469 0.0000
7470 2.1614
7471 -2.6632
7472 2.0188
7473 0.0000
7474 7.0841
7475 4.2742
7476 -4.0684
7477 0.0000
7478 5.2113
7479 2.0155
7480 2.5491
7481 0.0000
7482 -2.0940
7483 0.0000
7484 8.5316
7485 0.0000
7486 7.5638
7487 3.2936
7488 0.0000
7489 -4.8112
7490 0.0000
7491 3.5146
7492 0.0177
7493 -6.9622
7494 1.1809
7495 2.3317
7496 5.0420
7497 1.7945
7498 5.6200
7499 0.0000
7500 3.8260
7501 5.6108
7502 2.6204
7503 5.2488
7504 2.0872
7505 2.1413
7506 0.0000
7507 3.0758
7508 15.8566
7509 4.9821
7510 3.0331
7511 4.0768
7512 6.0471
7513 0.0000
7514 -0.2282
7515 6.8899
7516 7.5034
7517 -1.8232
7518 7.9533
7519 5.4255
7520 0.0000
7521 0.6183
7522 2.4454
7523 4.2360
7524 8.3864
7525 7.4727
7526 3.3059
7527 0.0000
7528 5.1172
7529 7.8081
7530 9.7308
7531 8.7110
7532 3.8138
7533 4.8749
7534 0.0000
7535 2.1464
7536 11.4903
7537 7.0749
7538 7.0603
7539 1.7662
7540 7.5033
7541 0.0000
7542 -6.9571
7543 10.3189
7544 4.8285
7545 6.1370
7546 4.0708
7547 2.9296
7548 0.0000
7549 1.1635
7550 9.4992
7551 -2.2652
7552 -3.3617
7553 5.7215
7554 4.0857
7555 0.0000
7556 -0.5264
7557 -8.3666
7558 4.6704
7559 5.9383
7560 5.4674
7561 -3.2346
7562 0.0000
7563 -4.6550
7564 5.0794
7565 -0.5755
7566 9.2900
7567 4.9548
7568 5.6484
7569 0.0000
7570 1.2681
7571 3.1406
7572 5.0227
7573 8.3461
7574 6.1493
7575 -0.3245
7576 0.0000
7577 1.4372
7578 2.8718
7579 1.6757
7580 3.8766
7581 4.2274
7582 11.1509
7583 0.0000
7584 1.6653
7585 2.9882
7586 2.7146
7587 -0.6717
7588 4.0734
7589 0.4550
7590 0.0000
7591 0.6551
7592 6.7531
7593 5.2932
7594 1.4967
7595 2.1231
7596 3.8837
7597 0.0000
7598 -2.4525
7599 3.7528
7600 -4.2806
7601 11.4818
7602 2.9820
7603 -1.1511
7604 0.0000
7605 -0.0003
7606 0.0000
7607 2.3782
7608 0.1170
7609 0.0000
7610 -2.5322
7611 2.5902
7612 0.0000
7613 0.7044
7614 1.3823
7615 0.0000
7616 1.0591
7617 0.0000
7618 0.5502
7619 1.5433
7620 0.0000
7621 -2.6780
7622 3.2125
7623 0.0000
7624 4.3499
7625 0.0000
7626 -4.8069
7627 6.8020
7628 0.0000
7629 -0.4763
7630 1.9332
7631 0.0000
7632 -3.5586
7633 0.0000
7634 -0.2112
7635 -0.6624
7636 0.0000
7637 2.4784
7638 -6.7156
7639 0.0000
7640 -1.3810
7641 0.0000
7642 1.7046
7643 7.5075
7644 0.0000
7645 5.7827
7646 1.8014
7647 0.0000
7648 1.1573
7649 0.0000
7650 4.5745
7651 9.7376
7652 0.0000
7653 6.5915
7654 1.9406
7655 0.0000
7656 2.4692
7657 0.0000
7658 -4.5535
7659 3.4009
7660 0.0000
7661 6.2804
7662 6.2907
7663 0.0000
7664 1.5708
7665 0.0000
7666 -3.2983
7667 -4.3330
7668 0.0000
7669 6.3283
7670 4.3873
7671 0.0000
7672 -9.3047
7673 0.0000
7674 2.0263
7675 10.1775
7676 0.0000
7677 7.1283
7678 5.5758
7679 0.0000
7680 -0.5537
7681 0.0000
7682 -0.9376
7683 2.7046
7684 0.0000
7685 6.2631
7686 6.2513
7687 0.0000
7688 2.0318
7689 0.0000
7690 4.4641
7691 7.2218
7692 0.0000
7693 5.1012
7694 0.1097
7695 0.0000
7696 0.1876
7697 0.0000
7698 1.3367
7699 7.4053
7700 0.0000
7701 0.8092
7702 5.2579
7703 0.0000
7704 1.7500
7705 0.0000
7706 4.9290
7707 0.5963
7708 0.0000
7709 10.2102
7710 5.3638
7711 0.0000
7712 0.9764
7713 0.0000
7714 1.2857
7715 -0.5540
7716 0.0000
7717 -0.3176
7718 7.9737
7719 0.0000
7720 0.5780
7721 0.0000
7722 0.4582
7723 3.6315
7724 0.0000
7725 12.8466
7726 9.7424
7727 0.0000
7728 4.7197
7729 0.0000
7730 2.6749
7731 12.1876
7732 0.0000
7733 0.9479
7734 -3.2781
7735 0.0000
7736 3.2511
7737 0.0000
7738 -0.0906
7739 0.0000
7740 1.5065
