# input  : 16 : EF 27 6D F2 F5 A2 D9 55 11 DD 82 8B BF F6 C5 1A 
# output : 16 : B2 F2 19 96 CA 6C F9 D2 89 FB A7 A6 0A 40 3D 85 
# cycles : 7740
1 0.0000
2 -0.7145
3 -0.5544
4 0.0000
5 -1.2868
6 0.0000
7 13.4797
8 1.4168
9 0.0000
10 7.7426
11 3.2204
12 0.0000
13 5.4643
14 0.0000
15 -1.0852
16 3.9658
17 0.0000
18 1.6071
19 4.9972
20 0.0000
21 1.7397
22 0.0000
23 -2.3005
24 12.5933
25 0.0000
26 -4.9914
27 -0.4022
28 0.0000
29 1.8089
30 0.0000
31 3.8993
32 7.7240
33 0.0000
34 3.6135
35 6.6460
36 0.0000
37 -2.4613
38 0.0000
39 2.3444
40 8.9897
41 0.0000
42 5.1083
43 7.7498
44 0.0000
45 -3.3306
46 0.0000
47 2.6340
48 6.1889
49 0.0000
50 7.0967
51 7.7360
52 0.0000
53 -0.0037
54 0.0000
55 4.0524
56 -3.7440
57 0.0000
58 7.7438
59 4.5609
60 0.0000
61 3.3567
62 0.0000
63 3.5773
64 1.5676
65 0.0000
66 -7.2228
67 1.2698
68 0.0000
69 -8.3421
70 0.0000
71 0.2950
72 -0.6977
73 0.0000
74 7.6480
75 4.7367
76 0.0000
77 9.6902
78 0.0000
79 3.2373
80 12.8876
81 0.0000
82 2.5210
83 8.2486
84 0.0000
85 3.8400
86 0.0000
87 -3.6780
88 2.7334
89 0.0000
90 9.2738
91 4.5529
92 0.0000
93 3.7398
94 0.0000
95 1.3522
96 -0.1717
97 0.0000
98 4.5992
99 5.6757
100 0.0000
101 -2.1537
102 0.0000
103 4.9909
104 5.7351
105 0.0000
106 1.2475
107 7.0639
108 0.0000
109 10.6181
110 0.0000
111 14.5146
112 10.6326
113 0.0000
114 0.9809
115 8.3943
116 0.0000
117 4.8340
118 0.0000
119 -1.6345
120 6.6291
121 0.0000
122 4.7052
123 9.3684
124 0.0000
125 0.6865
126 0.0000
127 -1.7098
128 -3.1685
129 0.0000
130 -2.2648
131 7.4053
132 0.0000
133 1.5525
134 0.0000
135 -2.5569
136 -1.1137
137 0.0000
138 7.7644
139 0.9345
140 -5.9038
141 0.0000
142 6.8708
143 6.8467
144 -2.0430
145 -4.1173
146 0.0000
147 0.3779
148 3.2993
149 0.0000
150 9.1210
151 7.8061
152 8.0937
153 10.2012
154 0.0000
155 -1.5824
156 9.2074
157 0.0000
158 11.5415
159 -0.6423
160 -4.3880
161 3.8786
162 0.0000
163 -0.0086
164 1.8886
165 0.0000
166 8.7685
167 -4.9134
168 9.2401
169 4.2555
170 0.0000
171 3.1186
172 -0.7741
173 0.0000
174 7.0490
175 3.9791
176 5.8710
177 1.0852
178 0.0000
179 3.8902
180 2.7844
181 0.0000
182 9.0294
183 -2.9901
184 0.6688
185 -1.1197
186 0.0000
187 6.0720
188 3.0799
189 0.0000
190 5.3325
191 6.1991
192 7.2176
193 5.7210
194 0.0000
195 -4.4619
196 -1.7006
197 0.0000
198 -0.8337
199 3.6683
200 1.6393
201 6.2295
202 0.0000
203 -0.3858
204 0.4354
205 0.0000
206 4.4333
207 2.5927
208 12.2788
209 -0.5820
210 0.0000
211 -1.8202
212 2.2083
213 0.0000
214 4.1562
215 7.8468
216 5.8371
217 0.9222
218 0.0000
219 4.3426
220 4.4502
221 0.0000
222 6.3964
223 3.3442
224 7.3624
225 9.1402
226 0.0000
227 0.5586
228 3.9171
229 0.0000
230 -0.7095
231 1.6375
232 -6.5842
233 6.3662
234 0.0000
235 -5.8860
236 1.1907
237 0.0000
238 5.2320
239 0.2263
240 1.3528
241 7.2136
242 0.0000
243 -3.1562
244 -1.9597
245 0.0000
246 9.2178
247 11.4968
248 1.1151
249 -2.1550
250 0.0000
251 -4.2798
252 1.5756
253 0.0000
254 8.6654
255 2.1136
256 4.1202
257 4.3546
258 0.0000
259 2.4635
260 8.0752
261 0.0000
262 -5.2850
263 8.2168
264 1.7493
265 -0.1211
266 0.0000
267 -4.4881
268 4.1593
269 0.0000
270 1.3098
271 0.0000
272 4.8801
273 6.3725
274 -0.4590
275 10.1867
276 4.7368
277 5.1808
278 -0.6732
279 1.9330
280 0.0000
281 -0.7978
282 3.7599
283 -0.0963
284 5.9988
285 5.6447
286 1.4395
287 0.0000
288 2.8519
289 3.2854
290 1.5080
291 -0.0135
292 0.9698
293 3.9577
294 0.0000
295 2.0455
296 2.6847
297 2.2736
298 -5.1257
299 6.6904
300 -3.2466
301 0.0000
302 4.1139
303 3.1861
304 3.2262
305 7.7580
306 3.3767
307 5.0002
308 0.0000
309 6.2176
310 9.9676
311 1.0000
312 -0.4405
313 -6.4758
314 3.4064
315 0.0000
316 2.3090
317 4.4058
318 -1.0981
319 5.2649
320 4.7198
321 2.0628
322 0.0000
323 -0.5971
324 9.2233
325 -1.1597
326 7.0782
327 -7.5313
328 -2.8258
329 0.0000
330 3.9015
331 7.6155
332 10.0819
333 -1.5313
334 1.6068
335 1.0542
336 0.0000
337 -0.4650
338 9.3590
339 6.1635
340 1.7328
341 3.9719
342 -2.9587
343 0.0000
344 0.8735
345 -0.4434
346 -3.3904
347 6.6130
348 5.1269
349 4.3507
350 0.0000
351 3.8596
352 -0.5282
353 2.8664
354 -0.6011
355 4.9821
356 -2.7700
357 0.0000
358 5.0952
359 9.2660
360 5.0577
361 6.0576
362 -1.3293
363 5.9379
364 0.0000
365 1.8059
366 4.6739
367 11.6529
368 -6.5166
369 2.0906
370 -0.4290
371 0.0000
372 2.9175
373 3.1984
374 -8.2131
375 -7.4542
376 0.9797
377 4.5347
378 0.0000
379 3.3093
380 10.1683
381 5.0256
382 3.3473
383 6.9291
384 -3.9726
385 0.0000
386 -0.0434
387 0.0000
388 -2.9996
389 0.0000
390 5.2801
391 0.0000
392 3.0911
393 6.3422
394 0.0000
395 0.4941
396 8.7816
397 4.6758
398 9.5938
399 0.0000
400 0.0662
401 8.7649
402 2.1653
403 0.0000
404 0.1847
405 13.0790
406 -2.5095
407 0.0000
408 -4.3772
409 10.1635
410 -1.0777
411 6.9498
412 2.5973
413 -1.0718
414 0.9021
415 -0.9570
416 7.2814
417 0.0000
418 1.7557
419 6.2453
420 4.2144
421 1.1730
422 3.0159
423 -1.9916
424 0.0000
425 -5.7292
426 5.4065
427 4.0108
428 0.7052
429 4.7051
430 7.2376
431 0.0000
432 -8.6802
433 4.5354
434 6.2703
435 12.5669
436 4.3723
437 5.1663
438 0.0000
439 -0.7318
440 2.9533
441 2.4111
442 4.3471
443 2.3638
444 0.8197
445 0.0000
446 1.0875
447 -3.2202
448 -1.5047
449 6.4518
450 -2.4512
451 3.4851
452 0.0000
453 0.7462
454 -1.0874
455 2.0094
456 7.3112
457 -1.5053
458 3.2575
459 0.0000
460 1.5168
461 2.4102
462 4.4331
463 -0.4726
464 4.0563
465 4.0873
466 0.0000
467 5.9042
468 -2.1203
469 1.8872
470 3.8227
471 0.9575
472 0.8333
473 0.0000
474 7.1819
475 5.9322
476 9.7822
477 3.7269
478 2.8010
479 2.3649
480 0.0000
481 -4.6867
482 1.0746
483 4.0026
484 4.7384
485 -2.9807
486 6.5386
487 0.0000
488 -1.8376
489 4.8004
490 7.6555
491 5.3631
492 3.6562
493 1.3326
494 0.0000
495 -3.5044
496 3.8641
497 0.0000
498 3.3592
499 -0.4410
500 -1.6641
501 1.0336
502 -3.7854
503 3.4395
504 2.4269
505 2.0816
506 0.0000
507 6.7201
508 3.2651
509 0.0000
510 2.8856
511 3.4988
512 0.0000
513 1.4881
514 7.9347
515 0.0000
516 0.5134
517 -3.7306
518 0.0000
519 -0.3281
520 3.0743
521 7.6545
522 0.0000
523 -4.3687
524 2.4354
525 0.0000
526 1.0292
527 12.9984
528 3.6223
529 0.0000
530 9.5358
531 12.0982
532 0.0000
533 0.9912
534 4.6442
535 15.3390
536 0.0000
537 -3.1167
538 5.5141
539 0.0000
540 3.8258
541 6.1870
542 1.6121
543 0.0000
544 -2.3890
545 8.5548
546 0.0000
547 1.4125
548 4.9934
549 6.2191
550 0.0000
551 5.0143
552 8.2101
553 0.0000
554 10.1728
555 5.4706
556 10.6432
557 0.0000
558 2.8417
559 4.6845
560 0.0000
561 3.9213
562 15.2896
563 3.1059
564 0.0000
565 -0.2715
566 4.9114
567 0.0000
568 -3.0417
569 1.2573
570 8.5333
571 0.0000
572 -1.2081
573 -1.7077
574 0.0000
575 0.3181
576 2.4308
577 -0.8685
578 0.0000
579 2.6964
580 -0.5320
581 0.0000
582 4.9176
583 4.9609
584 5.0377
585 0.0000
586 4.7063
587 2.0847
588 0.0000
589 0.7927
590 1.2966
591 0.4284
592 0.0000
593 -5.4723
594 -0.1680
595 0.0000
596 7.6128
597 10.3562
598 5.0582
599 0.0000
600 1.6677
601 1.2442
602 0.0000
603 7.6310
604 8.4896
605 -0.1598
606 0.0000
607 5.4908
608 0.1119
609 0.0000
610 -3.5239
611 -0.3635
612 3.5525
613 0.0000
614 -6.1525
615 6.7915
616 0.0000
617 1.2248
618 2.4274
619 3.3367
620 0.0000
621 -2.5376
622 1.0127
623 0.0000
624 13.2699
625 12.8088
626 0.5613
627 0.0000
628 3.9515
629 0.0000
630 3.2675
631 0.0000
632 3.5335
633 7.6930
634 0.0000
635 8.9443
636 0.0000
637 7.3790
638 0.0000
639 4.5202
640 6.3677
641 13.1696
642 0.0000
643 -7.1566
644 3.9598
645 5.0203
646 0.0000
647 3.6879
648 3.3011
649 -2.6613
650 0.0000
651 5.4748
652 0.0000
653 4.1620
654 0.0000
655 6.8444
656 -5.6520
657 0.0000
658 -0.5293
659 0.0000
660 12.0168
661 -0.2551
662 -0.6965
663 5.0591
664 2.2297
665 -1.0049
666 6.3096
667 2.7809
668 1.7828
669 4.4013
670 2.3112
671 6.4018
672 2.2797
673 -1.9399
674 2.3141
675 0.5991
676 0.0000
677 3.8739
678 0.6404
679 4.4069
680 5.2256
681 6.7729
682 9.3806
683 3.0729
684 1.4187
685 0.0000
686 5.0407
687 -4.0054
688 8.8211
689 13.3566
690 3.2579
691 -2.3382
692 0.0000
693 2.9092
694 11.8917
695 4.6782
696 0.0000
697 2.5380
698 -2.2768
699 8.5926
700 12.2053
701 -5.5433
702 -0.2519
703 -1.9645
704 4.1070
705 0.0000
706 6.7649
707 6.0384
708 7.5440
709 4.1792
710 6.9696
711 12.5726
712 0.0000
713 -9.0820
714 4.1853
715 7.7450
716 0.0000
717 14.1115
718 -2.7684
719 4.2327
720 7.5044
721 -0.9671
722 -1.3992
723 11.1207
724 8.0974
725 0.0000
726 11.4952
727 5.4909
728 3.1115
729 5.1453
730 7.7795
731 12.8056
732 0.0000
733 -0.9380
734 1.4556
735 6.5146
736 0.0000
737 -3.5863
738 4.2387
739 5.0647
740 7.5741
741 -2.8651
742 11.3420
743 1.7074
744 12.2100
745 0.0000
746 -3.4701
747 -0.3233
748 6.5451
749 15.7946
750 8.6132
751 -0.2896
752 0.0000
753 -2.5403
754 -6.6179
755 2.6482
756 4.1657
757 8.8162
758 8.0094
759 7.1056
760 11.1691
761 6.4777
762 9.6617
763 0.6007
764 -1.0136
765 9.0813
766 4.4274
767 0.0000
768 4.0455
769 -1.6943
770 4.5220
771 -1.5249
772 -1.8538
773 -5.6822
774 0.6255
775 1.0718
776 0.0000
777 7.0075
778 0.1339
779 5.0070
780 3.6315
781 -1.6645
782 3.6481
783 0.0000
784 5.9992
785 7.5086
786 4.9659
787 0.0000
788 3.5089
789 0.5806
790 4.5662
791 6.5776
792 6.1044
793 7.6705
794 1.5479
795 5.4913
796 0.0000
797 2.8295
798 1.1285
799 6.8101
800 -1.0961
801 2.7318
802 6.2089
803 0.0000
804 -1.4238
805 8.1478
806 -2.8741
807 0.0000
808 3.1969
809 -2.1856
810 -3.4705
811 5.5063
812 1.6351
813 -7.0375
814 -1.8870
815 11.1776
816 0.0000
817 -3.7647
818 2.3573
819 3.0725
820 -0.1521
821 3.4120
822 3.8959
823 0.0000
824 5.5669
825 1.1150
826 7.8901
827 0.0000
828 3.9183
829 0.0518
830 6.6566
831 -2.4997
832 6.0867
833 14.2088
834 5.0532
835 5.0949
836 0.0000
837 -1.7330
838 2.8296
839 4.0045
840 6.4864
841 6.5546
842 4.9974
843 0.0000
844 -3.8158
845 8.7064
846 6.6337
847 8.4943
848 4.8280
849 0.5207
850 5.3157
851 5.6246
852 3.1095
853 3.7225
854 2.9874
855 6.3447
856 1.0915
857 5.1738
858 0.0000
859 5.0627
860 2.8443
861 4.2925
862 13.2247
863 -7.0514
864 11.0867
865 8.2362
866 -0.4193
867 0.0000
868 -0.0055
869 1.2366
870 -5.8150
871 4.4550
872 0.5269
873 10.8304
874 0.0000
875 -0.4557
876 5.1112
877 9.3700
878 0.0000
879 1.3565
880 2.3557
881 3.0273
882 7.3118
883 3.9528
884 11.0202
885 8.3693
886 4.5391
887 0.0000
888 -0.8298
889 2.0312
890 1.9797
891 -0.0965
892 6.1198
893 4.3824
894 0.0000
895 7.3709
896 11.2581
897 1.3468
898 0.0000
899 -0.8624
900 0.8183
901 5.2669
902 -5.0454
903 -0.4431
904 2.5633
905 5.2821
906 10.9808
907 0.0000
908 6.0129
909 -2.3219
910 9.0359
911 -0.2666
912 2.2220
913 2.5385
914 0.0000
915 -1.3135
916 -0.0073
917 5.0000
918 0.0000
919 4.8241
920 1.4563
921 6.2093
922 13.0700
923 -1.2795
924 6.6417
925 -3.1930
926 4.1414
927 0.0000
928 3.8257
929 5.3801
930 0.2629
931 3.8957
932 4.0088
933 8.2168
934 0.0000
935 -1.1443
936 7.9660
937 0.8138
938 9.9137
939 9.0196
940 7.0492
941 0.3989
942 7.1331
943 -0.0242
944 7.1617
945 -0.4940
946 0.6244
947 7.3927
948 1.7175
949 0.0000
950 4.2828
951 1.2024
952 8.1908
953 -1.5786
954 1.3856
955 8.0305
956 -0.3446
957 -2.9639
958 0.0000
959 11.8092
960 -1.3281
961 4.3148
962 8.0510
963 6.8500
964 2.3301
965 0.0000
966 4.0350
967 7.0623
968 2.7541
969 0.0000
970 3.3295
971 7.6225
972 4.4019
973 -3.0695
974 9.4445
975 12.7458
976 12.7140
977 -2.1314
978 0.0000
979 -1.0799
980 7.8642
981 3.2537
982 5.6320
983 0.4930
984 9.6555
985 0.0000
986 -2.2448
987 7.4452
988 -5.3932
989 0.0000
990 0.8558
991 -0.7681
992 0.8622
993 6.8758
994 2.2706
995 -7.7500
996 0.3084
997 1.9276
998 0.0000
999 1.5587
1000 -3.7708
1001 5.7094
1002 4.2680
1003 8.0063
1004 0.0574
1005 0.0000
1006 2.4161
1007 9.4118
1008 0.9664
1009 0.0000
1010 -1.6503
1011 -1.4127
1012 9.4355
1013 7.5603
1014 -4.0691
1015 -4.6034
1016 -3.0999
1017 -0.3833
1018 0.0000
1019 10.1375
1020 4.9814
1021 8.7503
1022 3.0805
1023 3.3591
1024 -1.5827
1025 0.0000
1026 0.0142
1027 0.0000
1028 1.3724
1029 0.0000
1030 2.3028
1031 -0.5307
1032 4.9664
1033 5.3995
1034 2.2223
1035 9.6331
1036 2.6935
1037 -0.1737
1038 0.0000
1039 8.9990
1040 2.8927
1041 7.8892
1042 6.8389
1043 3.7721
1044 7.2388
1045 0.0000
1046 6.8736
1047 7.3490
1048 2.6461
1049 7.1727
1050 4.7649
1051 0.9479
1052 0.0000
1053 -4.1363
1054 2.3265
1055 6.1839
1056 1.9522
1057 1.1366
1058 -3.5205
1059 0.0000
1060 2.5651
1061 6.9461
1062 4.1976
1063 5.0229
1064 6.9223
1065 0.9708
1066 0.0000
1067 -1.0352
1068 7.5567
1069 -6.0425
1070 4.6020
1071 3.8127
1072 -0.5645
1073 0.0000
1074 2.4081
1075 4.0887
1076 2.5093
1077 1.2081
1078 -3.6863
1079 5.5129
1080 0.0000
1081 5.4339
1082 3.0786
1083 6.0010
1084 9.5824
1085 7.4803
1086 8.0126
1087 0.0000
1088 -4.2445
1089 4.9769
1090 7.8141
1091 4.6423
1092 8.6446
1093 2.5069
1094 0.0000
1095 -8.1389
1096 2.9653
1097 -2.5630
1098 0.4786
1099 6.4280
1100 0.2412
1101 0.0000
1102 7.6629
1103 -3.0414
1104 3.5128
1105 1.1491
1106 3.5553
1107 -1.1697
1108 0.0000
1109 9.2239
1110 3.7377
1111 5.0901
1112 9.4100
1113 6.3804
1114 8.1196
1115 0.0000
1116 -2.0135
1117 -1.3811
1118 0.5538
1119 4.5386
1120 8.3032
1121 1.3852
1122 0.0000
1123 -2.8345
1124 6.4386
1125 8.5154
1126 5.7961
1127 -1.3009
1128 1.8466
1129 0.0000
1130 0.6860
1131 4.2939
1132 -5.0988
1133 5.8691
1134 7.2442
1135 5.5953
1136 0.0000
1137 2.8998
1138 3.4223
1139 -0.7159
1140 4.9697
1141 1.1246
1142 -0.2658
1143 0.0000
1144 1.3371
1145 0.0000
1146 1.5801
1147 0.0000
1148 6.0399
1149 0.0000
1150 1.0295
1151 3.4018
1152 0.0000
1153 -3.6264
1154 4.0819
1155 7.2212
1156 9.3453
1157 0.0000
1158 -4.6255
1159 3.9506
1160 1.5658
1161 0.0000
1162 7.5710
1163 3.2315
1164 -3.8072
1165 0.0000
1166 7.4510
1167 -3.0522
1168 6.0800
1169 6.3735
1170 4.0560
1171 5.5201
1172 5.0421
1173 0.8797
1174 13.1298
1175 0.0000
1176 1.4933
1177 5.4686
1178 7.1116
1179 3.2998
1180 2.3668
1181 1.5316
1182 0.0000
1183 0.6583
1184 8.3549
1185 8.1637
1186 -0.0303
1187 5.1375
1188 7.2766
1189 0.0000
1190 -3.1004
1191 7.8035
1192 9.5874
1193 5.6264
1194 3.0045
1195 1.2393
1196 0.0000
1197 5.6776
1198 9.4918
1199 3.2914
1200 0.8692
1201 12.4672
1202 -3.5830
1203 0.0000
1204 1.7419
1205 0.2592
1206 -0.8522
1207 2.7303
1208 1.8405
1209 4.8461
1210 0.0000
1211 -1.6981
1212 8.9152
1213 2.3269
1214 -4.0638
1215 5.0276
1216 5.3069
1217 0.0000
1218 -0.0773
1219 8.3040
1220 4.2763
1221 6.9216
1222 3.0950
1223 -0.2066
1224 0.0000
1225 -0.2819
1226 4.3588
1227 7.1403
1228 -2.1863
1229 0.5435
1230 2.0219
1231 0.0000
1232 6.5291
1233 2.8816
1234 4.3640
1235 -1.6699
1236 -0.8859
1237 3.5518
1238 0.0000
1239 4.7389
1240 -5.6958
1241 10.1243
1242 6.8116
1243 5.7373
1244 5.6444
1245 0.0000
1246 12.2469
1247 1.9231
1248 5.5329
1249 1.2537
1250 8.6868
1251 -0.6077
1252 0.0000
1253 1.1678
1254 -1.8854
1255 0.0000
1256 4.0003
1257 -0.4058
1258 -2.6100
1259 -1.4354
1260 1.7990
1261 -0.3156
1262 -3.3445
1263 1.0790
1264 0.0000
1265 1.2405
1266 -1.6472
1267 0.0000
1268 -1.9171
1269 0.0000
1270 -4.5498
1271 0.0000
1272 1.9760
1273 6.4353
1274 0.0000
1275 -1.0558
1276 10.7726
1277 0.0000
1278 8.2239
1279 4.5190
1280 6.4306
1281 0.0000
1282 4.3261
1283 7.1544
1284 0.0000
1285 4.9682
1286 8.1856
1287 -5.4143
1288 0.0000
1289 5.4430
1290 2.0318
1291 0.0000
1292 8.5852
1293 11.3663
1294 7.7791
1295 0.0000
1296 1.9812
1297 -0.6315
1298 0.0000
1299 13.1475
1300 9.7176
1301 2.2040
1302 0.0000
1303 1.2374
1304 6.7044
1305 0.0000
1306 3.3576
1307 7.1650
1308 -0.3207
1309 0.0000
1310 4.8986
1311 8.4838
1312 0.0000
1313 10.1515
1314 8.1870
1315 8.0179
1316 0.0000
1317 1.7202
1318 -0.9032
1319 0.0000
1320 -3.3031
1321 1.8611
1322 11.5906
1323 0.0000
1324 8.0936
1325 7.9401
1326 0.0000
1327 2.9915
1328 -2.8142
1329 4.9755
1330 0.0000
1331 -2.3994
1332 8.5490
1333 0.0000
1334 7.7437
1335 8.9398
1336 6.4761
1337 0.0000
1338 -5.8927
1339 2.9852
1340 0.0000
1341 -1.7169
1342 1.0632
1343 1.7153
1344 0.0000
1345 0.3964
1346 0.8026
1347 0.0000
1348 -4.5773
1349 1.5618
1350 0.4829
1351 0.0000
1352 6.6084
1353 -0.0426
1354 0.0000
1355 8.6326
1356 1.1378
1357 -0.0775
1358 0.0000
1359 1.8695
1360 -0.8255
1361 0.0000
1362 4.8329
1363 -1.0620
1364 6.7906
1365 0.0000
1366 4.3996
1367 6.4442
1368 0.0000
1369 10.4916
1370 12.1944
1371 3.8542
1372 0.0000
1373 5.4907
1374 -1.5787
1375 0.0000
1376 2.0480
1377 5.1953
1378 4.9401
1379 0.0000
1380 3.4063
1381 -0.9739
1382 0.0000
1383 3.0820
1384 1.6959
1385 -4.0094
1386 0.0000
1387 -5.5303
1388 0.0000
1389 1.9693
1390 0.0000
1391 0.1843
1392 3.1552
1393 0.0000
1394 8.5308
1395 0.0000
1396 12.8757
1397 0.0000
1398 0.9322
1399 6.9312
1400 10.3238
1401 0.0000
1402 -1.1123
1403 4.0733
1404 2.6883
1405 0.0000
1406 5.8518
1407 -0.2722
1408 3.3770
1409 0.0000
1410 6.1769
1411 0.0000
1412 14.6356
1413 0.0000
1414 1.8536
1415 6.3571
1416 0.0000
1417 4.9201
1418 0.0000
1419 5.9389
1420 7.5130
1421 -0.6587
1422 6.5195
1423 3.3946
1424 1.1763
1425 -4.4454
1426 -2.0109
1427 5.5779
1428 0.3107
1429 7.1996
1430 -2.0967
1431 -3.0386
1432 -5.0882
1433 4.7485
1434 1.2967
1435 0.0000
1436 5.6220
1437 -0.4112
1438 2.6914
1439 1.5238
1440 -4.4890
1441 4.6856
1442 2.8939
1443 2.6807
1444 0.0000
1445 9.1390
1446 2.6277
1447 8.7367
1448 8.8177
1449 5.3375
1450 2.0302
1451 0.0000
1452 2.1697
1453 6.6564
1454 -4.4037
1455 0.0000
1456 4.1898
1457 6.2651
1458 1.1005
1459 2.4655
1460 4.0809
1461 -1.0288
1462 -1.4276
1463 5.8867
1464 0.0000
1465 0.6584
1466 9.0536
1467 4.2547
1468 0.6778
1469 4.9982
1470 5.1936
1471 0.0000
1472 1.9556
1473 2.2602
1474 6.6537
1475 0.0000
1476 9.9629
1477 11.0956
1478 1.4854
1479 0.0047
1480 -3.4121
1481 1.6461
1482 -0.3987
1483 3.4581
1484 0.0000
1485 10.0680
1486 8.7592
1487 1.3685
1488 6.0181
1489 0.6561
1490 2.7268
1491 0.0000
1492 5.7479
1493 6.0689
1494 8.1672
1495 0.0000
1496 0.4346
1497 -2.6694
1498 4.2715
1499 -2.0684
1500 3.1192
1501 4.0607
1502 3.7593
1503 0.6206
1504 0.0000
1505 2.9030
1506 6.5236
1507 0.9031
1508 4.5961
1509 10.4525
1510 -0.7261
1511 0.0000
1512 3.8782
1513 8.6934
1514 -4.9906
1515 4.6738
1516 3.4183
1517 5.0318
1518 3.6836
1519 5.3563
1520 -0.4996
1521 2.8782
1522 5.4219
1523 -1.9547
1524 4.2950
1525 -0.6898
1526 0.0000
1527 2.2157
1528 -1.2327
1529 -1.4119
1530 1.3379
1531 -2.1034
1532 0.0386
1533 -3.7626
1534 9.3650
1535 0.0000
1536 1.9344
1537 6.1896
1538 9.8817
1539 5.6895
1540 3.8109
1541 1.4613
1542 0.0000
1543 -7.2459
1544 -3.3176
1545 12.5164
1546 0.0000
1547 5.1153
1548 -0.6425
1549 2.6860
1550 2.0973
1551 -7.2609
1552 -3.3482
1553 0.7997
1554 4.0084
1555 0.0000
1556 1.6382
1557 10.1535
1558 7.4259
1559 4.8565
1560 5.1611
1561 1.6206
1562 0.0000
1563 1.7096
1564 2.7194
1565 -3.5016
1566 0.0000
1567 0.0101
1568 5.3462
1569 3.6056
1570 0.9544
1571 -3.5455
1572 5.1919
1573 1.1467
1574 8.0939
1575 0.0000
1576 -1.6167
1577 10.3037
1578 3.0846
1579 2.9187
1580 7.6408
1581 7.8197
1582 0.0000
1583 2.0034
1584 10.4963
1585 4.4524
1586 0.0000
1587 0.1073
1588 -1.8266
1589 4.0304
1590 4.6392
1591 3.2627
1592 12.8690
1593 4.4652
1594 3.4072
1595 0.0000
1596 2.7917
1597 -6.4764
1598 2.8156
1599 6.2364
1600 6.3807
1601 4.9818
1602 0.0000
1603 -3.2557
1604 2.1842
1605 -1.1645
1606 5.1133
1607 10.2676
1608 5.4927
1609 6.1617
1610 7.9704
1611 3.3378
1612 14.6906
1613 0.2948
1614 -0.3307
1615 0.7053
1616 9.7884
1617 0.0000
1618 -0.5895
1619 2.4802
1620 1.1802
1621 -1.1713
1622 2.5080
1623 12.2478
1624 4.8395
1625 5.8074
1626 0.0000
1627 3.4572
1628 0.6814
1629 3.1068
1630 3.1131
1631 10.4331
1632 2.5520
1633 0.0000
1634 1.3522
1635 12.7905
1636 -1.5076
1637 0.0000
1638 5.3660
1639 -0.9558
1640 0.8854
1641 3.5490
1642 -6.6669
1643 11.5155
1644 0.7992
1645 12.6484
1646 0.0000
1647 4.0185
1648 5.4482
1649 3.9801
1650 -0.7123
1651 5.1627
1652 -3.4045
1653 0.0000
1654 4.7113
1655 2.9870
1656 5.4368
1657 0.0000
1658 5.5060
1659 4.3635
1660 3.9373
1661 4.7456
1662 3.8690
1663 8.0573
1664 6.1359
1665 -4.8973
1666 0.0000
1667 -0.4284
1668 10.3463
1669 -1.4661
1670 0.7542
1671 6.6288
1672 5.7418
1673 0.0000
1674 5.2365
1675 4.4877
1676 6.4933
1677 0.0000
1678 3.8881
1679 -9.8390
1680 8.3954
1681 8.2633
1682 -4.4408
1683 1.7160
1684 8.4315
1685 2.1804
1686 0.0000
1687 0.5415
1688 5.7669
1689 8.3601
1690 8.5073
1691 4.3269
1692 11.3198
1693 0.0000
1694 6.7728
1695 -1.0765
1696 -2.7000
1697 2.6896
1698 8.6170
1699 8.4763
1700 4.0141
1701 8.1813
1702 4.5026
1703 7.4355
1704 13.6497
1705 5.5543
1706 3.9430
1707 2.2354
1708 0.0000
1709 6.8796
1710 0.1659
1711 2.5519
1712 7.5927
1713 -7.8508
1714 2.6152
1715 1.2670
1716 5.0189
1717 0.0000
1718 10.6613
1719 8.8082
1720 4.0734
1721 8.2682
1722 -0.4273
1723 1.7724
1724 0.0000
1725 0.6028
1726 1.8788
1727 5.8591
1728 0.0000
1729 5.1766
1730 6.8850
1731 3.4698
1732 -1.4176
1733 -2.5642
1734 1.5342
1735 -4.0339
1736 5.0948
1737 0.0000
1738 6.5818
1739 7.0616
1740 0.0265
1741 0.2087
1742 8.5619
1743 3.4173
1744 0.0000
1745 -2.9527
1746 -0.6812
1747 2.0937
1748 0.0000
1749 7.0339
1750 -0.8623
1751 3.7057
1752 1.6296
1753 3.6921
1754 12.4371
1755 1.7102
1756 9.9884
1757 0.0000
1758 5.2996
1759 -1.8427
1760 4.4920
1761 -1.7905
1762 10.2877
1763 5.8793
1764 0.0000
1765 3.0873
1766 -0.6327
1767 9.7546
1768 0.0000
1769 3.3069
1770 -2.2682
1771 5.8679
1772 10.6914
1773 -4.6570
1774 9.0638
1775 6.5303
1776 12.0038
1777 0.0000
1778 10.0899
1779 4.6120
1780 -0.8924
1781 15.0565
1782 0.1742
1783 2.9480
1784 0.0000
1785 2.1755
1786 0.0000
1787 10.3869
1788 0.0000
1789 2.8842
1790 2.8545
1791 3.4428
1792 3.9097
1793 0.2754
1794 1.5310
1795 3.7995
1796 0.2239
1797 0.0000
1798 7.2138
1799 4.7886
1800 2.6809
1801 3.6475
1802 -1.3122
1803 6.8628
1804 0.0000
1805 -9.4071
1806 9.6981
1807 12.3332
1808 1.9619
1809 -0.6589
1810 0.9071
1811 0.0000
1812 2.3025
1813 4.4642
1814 12.3793
1815 9.6195
1816 7.9219
1817 2.5217
1818 0.0000
1819 1.2953
1820 1.1902
1821 -3.4089
1822 4.9463
1823 8.2569
1824 -5.6126
1825 0.0000
1826 4.5581
1827 5.7710
1828 4.2259
1829 4.8913
1830 1.8652
1831 3.0794
1832 0.0000
1833 -1.0635
1834 -4.2625
1835 6.3048
1836 1.0582
1837 4.6468
1838 4.2698
1839 0.0000
1840 -4.7058
1841 6.9283
1842 6.3633
1843 7.2365
1844 5.2534
1845 0.0048
1846 0.0000
1847 -2.9152
1848 0.8468
1849 5.8946
1850 1.2040
1851 4.5454
1852 1.0954
1853 0.0000
1854 -3.7524
1855 5.9283
1856 1.3086
1857 -2.7764
1858 2.6475
1859 0.2157
1860 0.0000
1861 4.2819
1862 -0.5359
1863 12.2493
1864 -4.8534
1865 8.0926
1866 1.8611
1867 0.0000
1868 -9.6214
1869 2.5835
1870 4.3777
1871 12.0755
1872 9.0239
1873 9.2241
1874 0.0000
1875 1.5793
1876 6.6134
1877 12.6662
1878 3.7362
1879 3.6764
1880 12.2864
1881 0.0000
1882 -2.5861
1883 1.4214
1884 7.9676
1885 -3.0763
1886 4.7232
1887 5.3093
1888 0.0000
1889 9.6802
1890 5.3705
1891 3.8262
1892 2.8230
1893 8.2657
1894 5.2795
1895 0.0000
1896 -1.4255
1897 6.1635
1898 0.8496
1899 -0.5515
1900 10.8291
1901 2.6887
1902 0.0000
1903 -2.7592
1904 0.0000
1905 -1.1175
1906 0.0000
1907 3.5554
1908 0.0000
1909 7.0363
1910 10.4067
1911 0.0000
1912 2.5462
1913 7.3214
1914 0.4110
1915 4.9804
1916 0.0000
1917 9.6656
1918 -3.5861
1919 4.1244
1920 0.0000
1921 4.6571
1922 1.7956
1923 6.7730
1924 0.0000
1925 8.4260
1926 14.6486
1927 4.9338
1928 -1.6031
1929 7.2737
1930 -2.8212
1931 2.7659
1932 -0.8784
1933 0.5681
1934 0.0000
1935 5.1685
1936 1.7771
1937 4.7553
1938 -4.6995
1939 0.8023
1940 8.1602
1941 0.0000
1942 -7.9745
1943 -1.3110
1944 7.4326
1945 3.2357
1946 1.1839
1947 5.5539
1948 0.0000
1949 3.1658
1950 5.6864
1951 1.6605
1952 10.2831
1953 -1.9545
1954 -1.7670
1955 0.0000
1956 -3.1063
1957 9.9517
1958 9.3472
1959 3.5627
1960 4.6678
1961 2.4818
1962 0.0000
1963 -1.8948
1964 5.4643
1965 1.7196
1966 9.2146
1967 2.0051
1968 3.5865
1969 0.0000
1970 3.1666
1971 6.3719
1972 7.2397
1973 6.2844
1974 1.7736
1975 9.7717
1976 0.0000
1977 0.7044
1978 7.2187
1979 0.5703
1980 13.1404
1981 0.1546
1982 -0.7016
1983 0.0000
1984 -2.6316
1985 8.8602
1986 5.8284
1987 15.3714
1988 -3.2663
1989 -1.0248
1990 0.0000
1991 9.0707
1992 4.5412
1993 13.2163
1994 3.4047
1995 -0.9774
1996 8.5378
1997 0.0000
1998 -5.3862
1999 -1.1633
2000 1.6237
2001 -5.9804
2002 5.8938
2003 -1.5028
2004 0.0000
2005 4.0908
2006 3.0978
2007 3.7131
2008 1.0786
2009 1.3443
2010 6.2245
2011 0.0000
2012 -6.3920
2013 1.7327
2014 0.0000
2015 3.6102
2016 -1.6141
2017 5.3260
2018 1.2807
2019 13.3489
2020 -0.1651
2021 2.9218
2022 -4.9737
2023 0.0000
2024 2.8834
2025 7.4552
2026 0.0000
2027 5.4107
2028 0.0000
2029 1.2610
2030 0.0000
2031 3.4837
2032 -1.6578
2033 0.0000
2034 1.7251
2035 1.1017
2036 0.0000
2037 6.5978
2038 12.6807
2039 -1.0690
2040 0.0000
2041 5.7485
2042 5.0164
2043 0.0000
2044 8.7198
2045 2.0129
2046 1.9694
2047 0.0000
2048 5.1100
2049 2.4969
2050 0.0000
2051 1.2631
2052 1.8283
2053 11.4948
2054 0.0000
2055 2.4011
2056 6.4472
2057 0.0000
2058 0.9994
2059 4.0043
2060 8.0153
2061 0.0000
2062 -1.9603
2063 5.1944
2064 0.0000
2065 3.3985
2066 8.0410
2067 0.2542
2068 0.0000
2069 -5.0460
2070 12.9824
2071 0.0000
2072 4.4965
2073 -1.8906
2074 -0.9247
2075 0.0000
2076 -0.3048
2077 8.0664
2078 0.0000
2079 -1.3241
2080 2.0480
2081 3.6622
2082 0.0000
2083 1.7916
2084 5.3308
2085 0.0000
2086 3.6187
2087 5.4287
2088 1.9629
2089 0.0000
2090 3.2249
2091 3.3527
2092 0.0000
2093 5.0510
2094 4.4805
2095 3.3513
2096 0.0000
2097 -4.7565
2098 1.5905
2099 0.0000
2100 5.4586
2101 11.1795
2102 -4.0682
2103 0.0000
2104 5.2304
2105 9.3448
2106 0.0000
2107 10.1408
2108 2.8330
2109 5.2181
2110 0.0000
2111 5.7496
2112 7.0653
2113 0.0000
2114 7.4224
2115 6.9700
2116 -0.9156
2117 0.0000
2118 1.4388
2119 6.3905
2120 0.0000
2121 1.1207
2122 1.6452
2123 11.8801
2124 0.0000
2125 3.5824
2126 7.9525
2127 0.0000
2128 7.4290
2129 -1.1956
2130 10.9006
2131 0.0000
2132 3.0738
2133 4.2848
2134 0.0000
2135 2.8765
2136 -1.0497
2137 6.3255
2138 0.0000
2139 -2.9148
2140 2.9386
2141 0.0000
2142 0.2212
2143 4.0808
2144 -1.4872
2145 0.0000
2146 3.5013
2147 0.0000
2148 4.7700
2149 0.0000
2150 0.3520
2151 12.0339
2152 0.0000
2153 1.2372
2154 0.0000
2155 0.9099
2156 0.0000
2157 4.3786
2158 6.9686
2159 6.0576
2160 0.0000
2161 -2.5356
2162 10.6821
2163 12.5720
2164 0.0000
2165 8.7419
2166 -0.3908
2167 3.3774
2168 0.0000
2169 5.1171
2170 0.0000
2171 0.4234
2172 0.0000
2173 8.3971
2174 6.2721
2175 0.0000
2176 2.1516
2177 0.0000
2178 6.4420
2179 -2.0830
2180 0.8543
2181 4.9469
2182 2.0025
2183 -3.0276
2184 4.0575
2185 7.3172
2186 -1.1950
2187 7.0649
2188 4.4872
2189 -10.2655
2190 3.8215
2191 -5.7457
2192 12.7563
2193 1.6083
2194 0.0000
2195 3.6615
2196 1.4093
2197 1.9262
2198 9.2904
2199 -9.7818
2200 4.9796
2201 -0.2103
2202 -2.5105
2203 0.0000
2204 5.7339
2205 2.6805
2206 9.6266
2207 18.3822
2208 7.2428
2209 6.7493
2210 0.0000
2211 -6.5796
2212 2.0243
2213 -2.9488
2214 0.0000
2215 10.2153
2216 5.7214
2217 -2.2433
2218 4.2331
2219 -6.1972
2220 -11.2902
2221 0.7870
2222 5.5248
2223 0.0000
2224 2.5363
2225 8.9995
2226 2.1427
2227 1.7623
2228 -2.0628
2229 2.7101
2230 0.0000
2231 9.9062
2232 2.5002
2233 3.6815
2234 0.0000
2235 2.6882
2236 -4.9440
2237 6.3534
2238 7.5924
2239 6.1910
2240 2.4695
2241 -2.2705
2242 9.4769
2243 0.0000
2244 2.4884
2245 3.4527
2246 4.4190
2247 8.7985
2248 6.4236
2249 1.1326
2250 0.0000
2251 2.0237
2252 -4.0134
2253 12.1075
2254 0.0000
2255 6.4140
2256 -5.8372
2257 3.3668
2258 8.1148
2259 -5.3897
2260 14.3414
2261 -0.4459
2262 1.8689
2263 0.0000
2264 3.6539
2265 4.6571
2266 8.1421
2267 -2.1752
2268 6.3012
2269 0.7350
2270 0.0000
2271 -2.0540
2272 4.4481
2273 0.1515
2274 -4.6056
2275 5.6092
2276 -2.3903
2277 9.2915
2278 8.2984
2279 9.7111
2280 14.5934
2281 2.6611
2282 8.9661
2283 3.0602
2284 8.2166
2285 0.0000
2286 1.3485
2287 1.8898
2288 10.4793
2289 5.1852
2290 -0.6054
2291 -2.4033
2292 3.0733
2293 17.2396
2294 0.0000
2295 3.6655
2296 12.0202
2297 5.5101
2298 1.2524
2299 2.4087
2300 3.8683
2301 0.0000
2302 0.0329
2303 -0.0889
2304 4.9725
2305 0.0000
2306 14.5968
2307 -1.5961
2308 3.0551
2309 -2.8703
2310 3.0925
2311 12.1560
2312 6.3544
2313 2.7110
2314 0.0000
2315 0.6413
2316 7.8150
2317 10.3890
2318 2.7508
2319 6.0655
2320 1.8795
2321 0.0000
2322 5.1516
2323 -4.6209
2324 2.9416
2325 0.0000
2326 3.9751
2327 -1.0726
2328 10.7852
2329 2.5765
2330 -0.1052
2331 -1.6455
2332 9.9697
2333 1.2698
2334 0.0000
2335 -0.1676
2336 -0.8168
2337 7.1445
2338 0.8176
2339 1.9845
2340 8.8207
2341 0.0000
2342 5.5792
2343 12.5325
2344 5.1651
2345 0.0000
2346 7.5341
2347 0.9266
2348 10.1242
2349 10.3260
2350 4.0912
2351 9.2344
2352 4.8248
2353 12.5039
2354 0.0000
2355 2.0640
2356 7.8206
2357 1.5908
2358 5.6488
2359 3.6158
2360 3.9191
2361 0.0000
2362 0.7422
2363 6.1375
2364 8.8427
2365 1.1549
2366 -0.7245
2367 6.5869
2368 4.7164
2369 3.7767
2370 4.8346
2371 -0.6347
2372 6.0676
2373 4.9860
2374 4.8049
2375 7.7824
2376 0.0000
2377 -4.9619
2378 0.7695
2379 -2.9977
2380 0.3870
2381 -1.7995
2382 6.7407
2383 0.4768
2384 6.8158
2385 0.0000
2386 10.2954
2387 1.2284
2388 6.1449
2389 -5.4887
2390 6.1533
2391 4.4027
2392 0.0000
2393 -0.7995
2394 2.3814
2395 -0.0921
2396 0.0000
2397 1.7881
2398 -7.7170
2399 -1.5180
2400 9.8267
2401 -8.9622
2402 0.4781
2403 1.2715
2404 4.4939
2405 0.0000
2406 8.8034
2407 9.7591
2408 7.3554
2409 2.7786
2410 0.4037
2411 9.0133
2412 0.0000
2413 10.0363
2414 0.9405
2415 4.8102
2416 0.0000
2417 2.9330
2418 -5.2475
2419 -2.3619
2420 4.6352
2421 5.4227
2422 0.4574
2423 0.0443
2424 0.4349
2425 0.0000
2426 4.1119
2427 4.1996
2428 6.1500
2429 3.1985
2430 -2.9399
2431 10.1503
2432 0.0000
2433 -3.2957
2434 7.3015
2435 8.0988
2436 0.0000
2437 4.8360
2438 5.5686
2439 3.0104
2440 7.2452
2441 4.9695
2442 7.1309
2443 5.8201
2444 7.1850
2445 0.0000
2446 8.4702
2447 9.6487
2448 1.7930
2449 6.6851
2450 0.6639
2451 -1.0644
2452 0.0000
2453 5.9888
2454 8.7231
2455 1.5259
2456 13.5106
2457 7.7352
2458 11.4552
2459 6.9540
2460 0.7856
2461 5.0139
2462 5.4640
2463 2.8391
2464 7.2448
2465 1.0079
2466 -2.6568
2467 0.0000
2468 7.0637
2469 -0.0039
2470 5.5933
2471 3.6179
2472 0.5251
2473 3.6632
2474 3.9392
2475 8.4011
2476 0.0000
2477 4.7824
2478 0.4110
2479 11.8887
2480 11.8268
2481 -0.6530
2482 4.9871
2483 0.0000
2484 -3.3488
2485 10.9594
2486 1.9390
2487 0.0000
2488 10.4737
2489 0.5437
2490 3.8009
2491 4.4430
2492 -0.8710
2493 4.4674
2494 -1.4635
2495 3.4334
2496 0.0000
2497 4.2774
2498 7.2327
2499 9.5983
2500 12.8642
2501 0.1896
2502 7.9037
2503 0.0000
2504 -1.3369
2505 -0.3124
2506 1.7041
2507 0.0000
2508 1.4348
2509 3.1474
2510 10.5706
2511 4.1170
2512 -1.6266
2513 -2.9650
2514 -4.3558
2515 4.0154
2516 0.0000
2517 2.3012
2518 4.2860
2519 2.4488
2520 8.2241
2521 2.4977
2522 3.1516
2523 0.0000
2524 -3.5369
2525 8.3946
2526 -1.4672
2527 0.0000
2528 8.6178
2529 -0.5602
2530 0.3088
2531 6.8982
2532 2.3708
2533 8.2565
2534 1.8168
2535 2.8235
2536 0.0000
2537 0.1900
2538 4.3502
2539 11.9577
2540 0.9239
2541 4.7784
2542 -2.4771
2543 0.0000
2544 -2.3966
2545 0.0000
2546 -1.2777
2547 0.0000
2548 3.4847
2549 0.0889
2550 8.9132
2551 0.9495
2552 3.5203
2553 1.3494
2554 0.7327
2555 10.6313
2556 0.0000
2557 -1.1910
2558 0.2080
2559 2.1878
2560 10.6904
2561 2.9000
2562 10.7411
2563 0.0000
2564 -1.5025
2565 7.2451
2566 10.0978
2567 -2.8402
2568 -5.3444
2569 8.0043
2570 0.0000
2571 5.0556
2572 3.6954
2573 6.0811
2574 6.0008
2575 -1.3418
2576 -3.7549
2577 0.0000
2578 0.8736
2579 2.2052
2580 -3.9227
2581 -1.8857
2582 12.3114
2583 -3.5766
2584 0.0000
2585 1.0450
2586 3.0202
2587 1.5124
2588 7.1070
2589 5.6081
2590 4.8903
2591 0.0000
2592 0.2038
2593 0.2674
2594 7.3922
2595 3.1612
2596 6.7249
2597 2.4721
2598 0.0000
2599 -1.9991
2600 1.7320
2601 0.0211
2602 9.6223
2603 3.1641
2604 2.5178
2605 0.0000
2606 -2.6474
2607 3.8121
2608 5.9570
2609 7.7740
2610 -2.1395
2611 9.3760
2612 0.0000
2613 4.2009
2614 5.9783
2615 7.2478
2616 6.7491
2617 4.5667
2618 4.3888
2619 0.0000
2620 3.3182
2621 3.1027
2622 7.6581
2623 8.2005
2624 4.6312
2625 6.9253
2626 0.0000
2627 -4.8595
2628 0.7149
2629 -1.3805
2630 4.2085
2631 4.3171
2632 1.9606
2633 0.0000
2634 4.1927
2635 -0.9203
2636 3.8067
2637 6.6246
2638 -0.9458
2639 2.9904
2640 0.0000
2641 -7.9453
2642 5.2940
2643 2.6027
2644 4.1713
2645 6.1462
2646 3.4846
2647 0.0000
2648 -2.3112
2649 0.2058
2650 -2.0597
2651 1.4478
2652 2.8082
2653 1.5560
2654 0.0000
2655 2.9146
2656 8.4065
2657 -1.3967
2658 -0.0895
2659 -3.0442
2660 0.7132
2661 0.0000
2662 5.7902
2663 0.0000
2664 13.3088
2665 0.0000
2666 4.7038
2667 0.0000
2668 -1.3779
2669 6.9191
2670 0.0000
2671 -2.2229
2672 5.1872
2673 7.8020
2674 -2.1594
2675 0.0000
2676 -6.2543
2677 1.2433
2678 2.8052
2679 0.0000
2680 2.6803
2681 -3.8343
2682 7.2401
2683 0.0000
2684 1.6266
2685 -2.6796
2686 3.9861
2687 8.3539
2688 6.6110
2689 6.2764
2690 7.4327
2691 3.3995
2692 4.1593
2693 0.0000
2694 4.9137
2695 1.5014
2696 -4.0522
2697 10.9616
2698 15.1339
2699 3.5782
2700 0.0000
2701 -2.6570
2702 8.1616
2703 0.7709
2704 1.2882
2705 -1.5423
2706 1.0878
2707 0.0000
2708 8.0647
2709 8.2983
2710 7.8783
2711 4.8465
2712 0.9922
2713 -2.5980
2714 0.0000
2715 5.2888
2716 4.2171
2717 9.2137
2718 2.6681
2719 -1.8126
2720 4.9325
2721 0.0000
2722 3.9556
2723 2.6887
2724 9.7290
2725 1.6552
2726 -0.8255
2727 0.5656
2728 0.0000
2729 -0.0896
2730 8.1195
2731 -3.0351
2732 3.5250
2733 7.0909
2734 6.3786
2735 0.0000
2736 1.8822
2737 4.1181
2738 2.0975
2739 1.9939
2740 -2.8394
2741 0.1305
2742 0.0000
2743 -0.1439
2744 3.6370
2745 7.2881
2746 1.5409
2747 4.9785
2748 5.8761
2749 0.0000
2750 5.7163
2751 4.7322
2752 5.4359
2753 3.1969
2754 7.5424
2755 -2.1055
2756 0.0000
2757 3.0575
2758 4.1639
2759 4.1844
2760 -4.7982
2761 0.3966
2762 1.3749
2763 0.0000
2764 -0.6483
2765 1.3206
2766 -1.2440
2767 9.8922
2768 -2.0132
2769 10.7649
2770 0.0000
2771 3.3678
2772 -1.6365
2773 0.0000
2774 10.4283
2775 3.8995
2776 1.6753
2777 1.3035
2778 -3.0558
2779 -1.8134
2780 -2.0630
2781 4.0658
2782 0.0000
2783 -3.9234
2784 0.4304
2785 0.0000
2786 3.2148
2787 0.0000
2788 3.2186
2789 0.0000
2790 -1.0361
2791 1.1530
2792 0.0000
2793 1.9504
2794 11.8923
2795 0.0000
2796 -1.1782
2797 0.0687
2798 9.6133
2799 0.0000
2800 -4.0471
2801 1.3767
2802 0.0000
2803 3.7521
2804 11.3902
2805 -1.8373
2806 0.0000
2807 -0.3947
2808 -0.9122
2809 0.0000
2810 4.8056
2811 1.6623
2812 -4.7041
2813 0.0000
2814 4.3330
2815 3.7779
2816 0.0000
2817 -0.3248
2818 6.1625
2819 1.9688
2820 0.0000
2821 -1.5519
2822 7.1999
2823 0.0000
2824 3.7146
2825 -2.4950
2826 3.6398
2827 0.0000
2828 9.6949
2829 6.7176
2830 0.0000
2831 6.1466
2832 -1.0369
2833 -3.0690
2834 0.0000
2835 -0.3179
2836 10.8073
2837 0.0000
2838 4.1354
2839 6.9038
2840 5.8003
2841 0.0000
2842 -3.1413
2843 -1.0081
2844 0.0000
2845 7.6825
2846 -1.7578
2847 -0.5355
2848 0.0000
2849 -0.0956
2850 -2.1974
2851 0.0000
2852 10.5652
2853 7.5935
2854 6.5009
2855 0.0000
2856 2.0232
2857 5.5559
2858 0.0000
2859 5.3981
2860 9.3766
2861 5.7382
2862 0.0000
2863 2.6464
2864 -3.2315
2865 0.0000
2866 4.4587
2867 1.5255
2868 1.6724
2869 0.0000
2870 -6.8540
2871 1.5840
2872 0.0000
2873 14.3410
2874 5.5309
2875 4.2760
2876 0.0000
2877 -5.4318
2878 9.1143
2879 0.0000
2880 2.6349
2881 -1.4666
2882 -2.5070
2883 0.0000
2884 0.1577
2885 -1.7806
2886 0.0000
2887 1.8073
2888 0.6572
2889 7.0905
2890 0.0000
2891 -0.4537
2892 4.2588
2893 0.0000
2894 4.7483
2895 4.5859
2896 6.3291
2897 0.0000
2898 -4.8011
2899 1.7138
2900 0.0000
2901 -3.0564
2902 4.5887
2903 5.9619
2904 0.0000
2905 5.7952
2906 0.0000
2907 -1.9134
2908 0.0000
2909 2.2819
2910 0.5959
2911 0.0000
2912 3.0205
2913 0.0000
2914 4.5671
2915 0.0000
2916 5.0758
2917 3.5555
2918 0.7264
2919 0.0000
2920 0.6553
2921 -1.2398
2922 -0.0098
2923 0.0000
2924 10.9073
2925 5.8706
2926 -3.7236
2927 0.0000
2928 9.5991
2929 0.0000
2930 1.6538
2931 0.0000
2932 2.2861
2933 3.8482
2934 0.0000
2935 0.5063
2936 0.0000
2937 7.5906
2938 -4.1420
2939 9.6432
2940 2.5798
2941 1.5305
2942 -0.3188
2943 -0.4033
2944 -3.3888
2945 2.5173
2946 10.5932
2947 7.3919
2948 2.0452
2949 9.2072
2950 -3.6427
2951 2.8271
2952 -6.5209
2953 0.0000
2954 9.4330
2955 -3.1004
2956 6.7595
2957 8.5134
2958 1.9340
2959 5.8119
2960 -1.5707
2961 7.1719
2962 0.0000
2963 3.3090
2964 10.7482
2965 5.2290
2966 -1.5590
2967 8.7333
2968 5.7563
2969 0.0000
2970 6.3482
2971 6.2025
2972 4.3806
2973 0.0000
2974 1.7239
2975 3.6821
2976 -0.1515
2977 7.2264
2978 4.1160
2979 7.2188
2980 -4.1647
2981 -2.4006
2982 0.0000
2983 8.7907
2984 9.5524
2985 6.0932
2986 6.1924
2987 -0.7987
2988 13.0946
2989 0.0000
2990 0.2371
2991 9.0819
2992 5.8932
2993 0.0000
2994 2.4597
2995 -2.2033
2996 3.5847
2997 4.9648
2998 -2.3992
2999 11.1571
3000 -0.5062
3001 6.9030
3002 0.0000
3003 3.1441
3004 5.6692
3005 4.9222
3006 -3.0275
3007 2.3817
3008 5.3910
3009 0.0000
3010 2.0630
3011 -0.6473
3012 2.0917
3013 0.0000
3014 -6.6786
3015 -2.6978
3016 4.6868
3017 2.5599
3018 -5.3899
3019 0.5344
3020 2.6149
3021 4.8911
3022 0.0000
3023 1.2310
3024 1.6770
3025 1.9542
3026 1.2334
3027 11.1336
3028 5.1735
3029 0.0000
3030 10.3196
3031 1.6392
3032 6.5422
3033 1.0282
3034 9.9964
3035 5.2180
3036 8.2287
3037 12.6489
3038 1.4951
3039 5.3380
3040 12.0967
3041 -1.7732
3042 -2.1041
3043 3.2851
3044 0.0000
3045 -1.4283
3046 -1.9080
3047 7.6868
3048 5.4852
3049 3.9452
3050 0.7129
3051 0.6909
3052 2.5943
3053 0.0000
3054 1.8500
3055 5.0430
3056 8.0722
3057 1.1134
3058 -0.5130
3059 7.0256
3060 0.0000
3061 2.6933
3062 7.9660
3063 -0.9025
3064 0.0000
3065 3.7261
3066 -0.4454
3067 4.4040
3068 0.2369
3069 1.2449
3070 8.1215
3071 -1.8981
3072 6.1535
3073 0.0000
3074 1.9508
3075 10.8547
3076 4.9619
3077 2.4769
3078 8.2296
3079 6.9609
3080 0.0000
3081 0.5929
3082 5.2906
3083 10.8991
3084 0.0000
3085 7.8832
3086 1.2986
3087 4.4035
3088 8.0418
3089 5.5258
3090 9.8172
3091 16.0835
3092 7.8638
3093 0.0000
3094 1.9678
3095 9.5457
3096 4.9648
3097 4.0758
3098 5.3191
3099 -0.6534
3100 0.0000
3101 -6.4811
3102 6.5317
3103 -0.2936
3104 0.0000
3105 5.5595
3106 -0.9894
3107 3.7126
3108 5.0065
3109 3.9451
3110 -3.1804
3111 -0.2974
3112 3.6698
3113 0.0000
3114 -4.6140
3115 -2.1626
3116 -1.8605
3117 7.1834
3118 0.7608
3119 5.3085
3120 0.0000
3121 6.3719
3122 3.2116
3123 3.4264
3124 7.2604
3125 0.2489
3126 2.8256
3127 6.2852
3128 3.3381
3129 6.4791
3130 1.7391
3131 -3.2400
3132 -1.0559
3133 7.9517
3134 7.0221
3135 0.0000
3136 -1.3663
3137 7.2424
3138 0.6318
3139 5.0903
3140 -5.7713
3141 3.3284
3142 2.5325
3143 2.6446
3144 0.0000
3145 2.0636
3146 6.2171
3147 -6.6792
3148 1.4618
3149 -0.2402
3150 13.9484
3151 0.0000
3152 1.2785
3153 2.4411
3154 5.4903
3155 0.0000
3156 4.1030
3157 -2.0269
3158 5.1494
3159 7.3631
3160 1.4504
3161 1.0412
3162 -1.7868
3163 5.0754
3164 0.0000
3165 2.5960
3166 7.1157
3167 3.1318
3168 9.9764
3169 5.4411
3170 4.4230
3171 0.0000
3172 0.5537
3173 -4.0081
3174 6.1396
3175 0.0000
3176 8.2369
3177 -3.8681
3178 0.3369
3179 -1.6517
3180 -3.5869
3181 11.7611
3182 7.7494
3183 5.8766
3184 0.0000
3185 5.2807
3186 5.6165
3187 -3.3411
3188 -0.9895
3189 5.3478
3190 5.8641
3191 0.0000
3192 1.8766
3193 2.7715
3194 5.3860
3195 0.0000
3196 7.0579
3197 1.4684
3198 -1.1519
3199 1.2513
3200 1.3721
3201 0.5385
3202 -5.3358
3203 9.5564
3204 0.0000
3205 -1.8440
3206 11.6988
3207 7.2768
3208 6.5775
3209 7.9724
3210 6.7964
3211 0.0000
3212 0.8344
3213 -2.5314
3214 3.6381
3215 -1.7426
3216 0.5664
3217 11.8613
3218 12.2190
3219 1.7764
3220 7.9044
3221 9.6594
3222 5.0990
3223 2.6418
3224 8.4340
3225 -1.1349
3226 0.0000
3227 9.0258
3228 -1.5872
3229 -1.5511
3230 6.4814
3231 -3.3128
3232 9.4191
3233 -1.6899
3234 2.1145
3235 0.0000
3236 9.9586
3237 9.6801
3238 5.7265
3239 5.1775
3240 3.1304
3241 9.4590
3242 0.0000
3243 -0.8139
3244 3.7897
3245 3.7221
3246 0.0000
3247 3.6218
3248 0.5624
3249 10.7466
3250 7.3017
3251 -2.1779
3252 -2.8854
3253 -9.1298
3254 3.8730
3255 0.0000
3256 3.6331
3257 4.2999
3258 1.4936
3259 11.0782
3260 8.7571
3261 9.1359
3262 0.0000
3263 6.2674
3264 7.4181
3265 9.4757
3266 0.0000
3267 0.4407
3268 -1.7506
3269 6.4401
3270 0.6580
3271 0.8185
3272 10.3059
3273 3.4517
3274 3.3936
3275 0.0000
3276 -0.6447
3277 9.0863
3278 2.6279
3279 -1.0942
3280 5.8655
3281 -0.9113
3282 0.0000
3283 -2.8140
3284 -0.2581
3285 -1.5886
3286 0.0000
3287 8.9030
3288 -0.0879
3289 3.2391
3290 6.2411
3291 1.3971
3292 -6.1947
3293 -3.8287
3294 5.4978
3295 0.0000
3296 1.5667
3297 -1.3579
3298 7.0334
3299 2.8685
3300 -1.4145
3301 9.7160
3302 0.0000
3303 5.3345
3304 0.0000
3305 -2.2863
3306 0.0000
3307 4.5836
3308 -2.0268
3309 -8.8766
3310 2.9985
3311 4.6795
3312 5.0916
3313 0.3336
3314 5.5670
3315 0.0000
3316 3.2517
3317 7.1527
3318 6.6977
3319 -1.7023
3320 5.3555
3321 -4.9047
3322 0.0000
3323 0.9508
3324 1.6784
3325 7.9717
3326 3.2550
3327 6.6616
3328 -2.9656
3329 0.0000
3330 -2.8718
3331 7.3540
3332 4.1216
3333 6.7218
3334 5.5260
3335 3.0526
3336 0.0000
3337 -5.7866
3338 -0.1255
3339 3.6037
3340 5.8508
3341 -0.4845
3342 7.5265
3343 0.0000
3344 1.1108
3345 6.2823
3346 7.4914
3347 9.2363
3348 9.0208
3349 4.4807
3350 0.0000
3351 4.1725
3352 3.2659
3353 5.0069
3354 -1.1549
3355 10.9007
3356 5.0041
3357 0.0000
3358 3.3810
3359 -4.1033
3360 4.1470
3361 5.9324
3362 -0.4958
3363 -5.2080
3364 0.0000
3365 -3.0632
3366 6.9482
3367 -0.6193
3368 0.4969
3369 0.1957
3370 3.5565
3371 0.0000
3372 -3.5163
3373 8.2795
3374 3.4371
3375 3.8266
3376 4.1994
3377 -1.5647
3378 0.0000
3379 3.1896
3380 -0.5350
3381 7.0198
3382 5.0924
3383 13.6639
3384 4.2014
3385 0.0000
3386 1.2545
3387 -2.3025
3388 2.2510
3389 2.7199
3390 0.2976
3391 2.6047
3392 0.0000
3393 2.8967
3394 0.3461
3395 6.8269
3396 6.0401
3397 5.0756
3398 2.2245
3399 0.0000
3400 1.4398
3401 9.0665
3402 3.5228
3403 8.3261
3404 4.1487
3405 2.9030
3406 0.0000
3407 7.5405
3408 6.2246
3409 4.3044
3410 4.2400
3411 3.5896
3412 2.6370
3413 0.0000
3414 1.9913
3415 5.4523
3416 3.5722
3417 -0.2086
3418 5.6046
3419 1.6886
3420 0.0000
3421 8.5991
3422 0.0000
3423 -1.1030
3424 0.0000
3425 1.9085
3426 0.0000
3427 7.4015
3428 9.0539
3429 0.0000
3430 3.7835
3431 3.9707
3432 11.0933
3433 8.5677
3434 0.0000
3435 8.9800
3436 9.4810
3437 -2.9755
3438 0.0000
3439 5.4242
3440 3.1781
3441 7.5056
3442 0.0000
3443 -1.7355
3444 3.8059
3445 3.5746
3446 0.7663
3447 7.0167
3448 -1.8575
3449 -2.3442
3450 6.9722
3451 5.3016
3452 0.0000
3453 2.9107
3454 14.1133
3455 3.1314
3456 0.2038
3457 -3.1755
3458 -1.9203
3459 0.0000
3460 0.7279
3461 7.0244
3462 4.5000
3463 4.3303
3464 5.8569
3465 8.6203
3466 0.0000
3467 6.9218
3468 -2.6939
3469 8.8360
3470 7.5433
3471 -0.6207
3472 0.4146
3473 0.0000
3474 3.4405
3475 4.5962
3476 4.3889
3477 0.5552
3478 0.9670
3479 0.7164
3480 0.0000
3481 0.0584
3482 3.0941
3483 -6.7122
3484 8.3378
3485 10.5151
3486 6.2828
3487 0.0000
3488 0.9728
3489 2.5677
3490 2.9524
3491 1.6013
3492 10.6398
3493 1.1753
3494 0.0000
3495 4.7866
3496 8.6956
3497 2.4548
3498 2.5178
3499 -0.2909
3500 1.6988
3501 0.0000
3502 -2.5000
3503 3.3621
3504 -1.2194
3505 -2.2357
3506 2.9738
3507 -1.0940
3508 0.0000
3509 8.1230
3510 3.3010
3511 8.8123
3512 4.5466
3513 -6.1276
3514 9.8358
3515 0.0000
3516 -2.5287
3517 5.3480
3518 9.7355
3519 -1.2713
3520 5.0249
3521 9.8419
3522 0.0000
3523 -4.1310
3524 9.9184
3525 6.8875
3526 4.2577
3527 -1.8847
3528 3.5946
3529 0.0000
3530 2.4438
3531 -0.6267
3532 0.0000
3533 6.3326
3534 -4.8180
3535 6.6846
3536 0.3807
3537 -7.6883
3538 2.6937
3539 5.0062
3540 -2.6025
3541 0.0000
3542 2.5074
3543 1.5886
3544 0.0000
3545 10.9991
3546 0.0000
3547 11.7481
3548 0.0000
3549 -0.7811
3550 2.3039
3551 0.0000
3552 -0.6276
3553 -0.4087
3554 0.0000
3555 5.4642
3556 4.6428
3557 5.6075
3558 0.0000
3559 1.5395
3560 3.0351
3561 0.0000
3562 -0.8934
3563 -8.0822
3564 5.8254
3565 0.0000
3566 -3.0618
3567 2.3842
3568 0.0000
3569 4.4497
3570 0.7126
3571 4.9628
3572 0.0000
3573 9.0111
3574 9.1078
3575 0.0000
3576 4.3243
3577 2.4658
3578 -5.8595
3579 0.0000
3580 -1.2113
3581 1.3944
3582 0.0000
3583 -6.8724
3584 0.3941
3585 2.5184
3586 0.0000
3587 0.1045
3588 13.8197
3589 0.0000
3590 1.3737
3591 11.0823
3592 2.0678
3593 0.0000
3594 -2.4631
3595 5.1453
3596 0.0000
3597 -4.3065
3598 8.6080
3599 2.4486
3600 0.0000
3601 0.8519
3602 5.7331
3603 0.0000
3604 0.9300
3605 1.2518
3606 3.4519
3607 0.0000
3608 1.8131
3609 7.0244
3610 0.0000
3611 2.0957
3612 -1.6384
3613 1.8442
3614 0.0000
3615 5.4311
3616 3.5513
3617 0.0000
3618 11.4648
3619 2.1469
3620 6.5165
3621 0.0000
3622 0.3776
3623 3.3410
3624 0.0000
3625 1.7749
3626 5.7220
3627 8.4474
3628 0.0000
3629 2.2694
3630 0.5593
3631 0.0000
3632 4.1207
3633 2.7500
3634 2.8338
3635 0.0000
3636 -0.9608
3637 4.5681
3638 0.0000
3639 5.0956
3640 -2.6797
3641 0.7754
3642 0.0000
3643 -2.3937
3644 7.5740
3645 0.0000
3646 5.4720
3647 6.3155
3648 9.7010
3649 0.0000
3650 7.7193
3651 6.8826
3652 0.0000
3653 9.5403
3654 8.1302
3655 5.5381
3656 0.0000
3657 -6.0235
3658 6.2672
3659 0.0000
3660 7.0717
3661 1.6493
3662 -4.3111
3663 0.0000
3664 4.4441
3665 0.0000
3666 8.9374
3667 0.0000
3668 4.9675
3669 8.5519
3670 0.0000
3671 -0.1467
3672 0.0000
3673 3.2402
3674 0.0000
3675 -3.2594
3676 -2.9528
3677 4.4610
3678 0.0000
3679 -1.5767
3680 11.2923
3681 3.4002
3682 0.0000
3683 2.3370
3684 -6.1123
3685 5.4039
3686 0.0000
3687 3.7105
3688 0.0000
3689 11.9278
3690 0.0000
3691 4.1174
3692 5.1497
3693 0.0000
3694 1.7409
3695 0.0000
3696 -1.9456
3697 9.5321
3698 4.1184
3699 -4.1963
3700 1.5491
3701 1.9963
3702 1.6501
3703 4.6189
3704 9.6135
3705 12.6462
3706 3.2069
3707 4.2073
3708 -0.4319
3709 3.4491
3710 4.9278
3711 8.0756
3712 0.0000
3713 8.3978
3714 -8.0052
3715 2.1067
3716 0.8209
3717 1.9884
3718 11.1124
3719 4.7401
3720 7.3068
3721 0.0000
3722 4.5632
3723 2.2690
3724 3.7007
3725 6.4026
3726 8.5755
3727 2.4872
3728 0.0000
3729 0.2721
3730 -0.1139
3731 6.9379
3732 0.0000
3733 -0.7453
3734 0.4820
3735 1.0356
3736 10.3055
3737 3.0151
3738 -4.2924
3739 5.6308
3740 6.6174
3741 0.0000
3742 6.6134
3743 1.1780
3744 9.3399
3745 8.5061
3746 2.7430
3747 11.9988
3748 0.0000
3749 0.7164
3750 1.7652
3751 1.9133
3752 0.0000
3753 2.4575
3754 -0.4329
3755 2.6472
3756 -1.6855
3757 0.0492
3758 10.1265
3759 -0.9577
3760 4.7595
3761 0.0000
3762 6.6165
3763 -1.5401
3764 8.6975
3765 7.1678
3766 6.1418
3767 3.1790
3768 0.0000
3769 -9.1957
3770 5.7101
3771 1.1513
3772 0.0000
3773 7.0591
3774 -5.1129
3775 -1.4707
3776 1.8947
3777 0.1882
3778 -0.1300
3779 2.1622
3780 -0.3278
3781 0.0000
3782 7.0572
3783 6.5304
3784 1.7233
3785 1.6584
3786 8.3915
3787 3.3938
3788 0.0000
3789 4.7765
3790 3.3013
3791 -3.7448
3792 2.0576
3793 7.5256
3794 4.2278
3795 5.3304
3796 5.2736
3797 2.4493
3798 3.4923
3799 7.1785
3800 2.7920
3801 3.1126
3802 7.5829
3803 0.0000
3804 -2.7552
3805 0.1466
3806 5.6437
3807 4.3507
3808 6.1732
3809 8.0549
3810 -1.1068
3811 6.5559
3812 0.0000
3813 -0.8150
3814 1.6037
3815 2.9653
3816 0.2984
3817 3.8248
3818 1.5743
3819 0.0000
3820 -1.1565
3821 4.8143
3822 4.0031
3823 0.0000
3824 4.1545
3825 0.7967
3826 4.9551
3827 1.0247
3828 6.3186
3829 -0.7312
3830 1.4780
3831 5.9634
3832 0.0000
3833 -0.9372
3834 -4.0511
3835 4.8617
3836 4.8471
3837 0.2392
3838 0.9711
3839 0.0000
3840 6.8165
3841 2.4101
3842 3.7896
3843 0.0000
3844 -0.3662
3845 -1.1021
3846 13.4380
3847 2.1961
3848 5.4104
3849 7.2393
3850 4.6682
3851 -1.6778
3852 0.0000
3853 1.7423
3854 12.5583
3855 2.1653
3856 4.2004
3857 9.8984
3858 -2.9462
3859 0.0000
3860 1.6195
3861 6.5103
3862 2.5361
3863 0.0000
3864 -1.0635
3865 -1.7523
3866 3.5979
3867 1.9674
3868 0.9100
3869 -7.6338
3870 -1.6020
3871 -2.4793
3872 0.0000
3873 7.0107
3874 13.1193
3875 0.0972
3876 5.8448
3877 4.1691
3878 10.9816
3879 0.0000
3880 -2.2369
3881 -1.3381
3882 1.1891
3883 0.3497
3884 5.0994
3885 4.5861
3886 6.3322
3887 2.1052
3888 4.6418
3889 11.1603
3890 -2.4771
3891 4.4736
3892 2.4808
3893 3.3711
3894 0.0000
3895 5.3027
3896 -0.6525
3897 4.9110
3898 -0.3927
3899 7.4629
3900 -0.0204
3901 -1.8620
3902 -1.0543
3903 0.0000
3904 4.5398
3905 3.6016
3906 -1.5043
3907 0.0280
3908 3.6762
3909 6.6354
3910 0.0000
3911 -2.1826
3912 0.1505
3913 4.3623
3914 0.0000
3915 3.2725
3916 0.6623
3917 4.2136
3918 -2.2596
3919 -0.2545
3920 -4.9094
3921 5.0442
3922 -3.3040
3923 0.0000
3924 6.9295
3925 3.7208
3926 -1.9078
3927 -3.4919
3928 1.0889
3929 7.3833
3930 0.0000
3931 3.7575
3932 4.3028
3933 0.2814
3934 0.0000
3935 3.6456
3936 0.8124
3937 -2.0163
3938 4.1262
3939 -1.0474
3940 8.4648
3941 2.0571
3942 7.1934
3943 0.0000
3944 5.0840
3945 6.2075
3946 4.9719
3947 10.5714
3948 1.1813
3949 8.3863
3950 0.0000
3951 -5.2293
3952 13.0670
3953 6.2321
3954 0.0000
3955 4.3181
3956 -2.3674
3957 8.2375
3958 7.0060
3959 4.3622
3960 11.3368
3961 -2.2606
3962 11.8503
3963 0.0000
3964 12.2524
3965 5.2929
3966 8.4102
3967 9.1011
3968 5.5538
3969 5.8077
3970 0.0000
3971 -3.3345
3972 3.7233
3973 7.4748
3974 0.0251
3975 2.8953
3976 7.0191
3977 0.3559
3978 3.6065
3979 2.2714
3980 8.5325
3981 0.1677
3982 -4.4433
3983 9.2110
3984 3.6647
3985 0.0000
3986 -8.9551
3987 -4.7570
3988 6.2013
3989 0.2536
3990 0.4609
3991 15.6966
3992 0.1487
3993 0.8133
3994 0.0000
3995 4.0296
3996 1.8638
3997 0.3771
3998 -2.9350
3999 1.2058
4000 8.6768
4001 0.0000
4002 6.8925
4003 1.5369
4004 3.0576
4005 0.0000
4006 8.1513
4007 9.9955
4008 6.3758
4009 9.8769
4010 -1.8861
4011 -0.8623
4012 -2.8776
4013 1.0742
4014 0.0000
4015 2.1803
4016 1.3087
4017 10.8171
4018 10.8155
4019 6.3158
4020 2.6345
4021 0.0000
4022 -2.9703
4023 10.9111
4024 6.1301
4025 0.0000
4026 5.3003
4027 -0.6799
4028 3.9747
4029 4.4334
4030 1.3418
4031 6.2817
4032 6.7697
4033 4.6362
4034 0.0000
4035 0.6280
4036 -0.1162
4037 10.9889
4038 3.6386
4039 6.2677
4040 -2.1103
4041 0.0000
4042 -6.7039
4043 4.4205
4044 5.4958
4045 0.0000
4046 1.5259
4047 0.0257
4048 3.9117
4049 -1.9892
4050 -4.3469
4051 12.0937
4052 4.3676
4053 -0.0586
4054 0.0000
4055 9.0115
4056 8.1558
4057 4.6733
4058 9.9751
4059 0.4373
4060 2.5130
4061 0.0000
4062 -10.5701
4063 0.0000
4064 -1.1927
4065 0.0000
4066 5.2507
4067 1.1554
4068 0.8651
4069 8.3173
4070 7.5200
4071 4.9590
4072 2.5068
4073 4.3402
4074 0.0000
4075 -1.7187
4076 8.5452
4077 6.3953
4078 4.0086
4079 -4.4989
4080 2.9836
4081 0.0000
4082 6.9994
4083 6.6190
4084 -1.1101
4085 1.0628
4086 5.8602
4087 0.6925
4088 0.0000
4089 5.7920
4090 3.9189
4091 -1.3074
4092 8.9799
4093 -2.3950
4094 0.8045
4095 0.0000
4096 -2.0828
4097 11.0183
4098 1.4331
4099 5.3746
4100 12.4374
4101 5.1287
4102 0.0000
4103 -0.1770
4104 3.1225
4105 7.9247
4106 4.5286
4107 0.2062
4108 2.6274
4109 0.0000
4110 0.8789
4111 10.0981
4112 4.9473
4113 7.5504
4114 0.0941
4115 1.0161
4116 0.0000
4117 -2.6403
4118 -3.1574
4119 6.4159
4120 2.1860
4121 1.5259
4122 11.5940
4123 0.0000
4124 1.3474
4125 8.5720
4126 5.4069
4127 1.8843
4128 -0.1182
4129 6.1149
4130 0.0000
4131 -3.8931
4132 9.3363
4133 8.1978
4134 4.1625
4135 6.4529
4136 2.2174
4137 0.0000
4138 -2.0420
4139 2.3725
4140 2.5152
4141 1.1476
4142 11.4086
4143 0.3024
4144 0.0000
4145 -3.2521
4146 10.2297
4147 3.6518
4148 3.5352
4149 -5.3295
4150 5.6313
4151 0.0000
4152 0.8872
4153 1.8742
4154 10.0430
4155 8.8678
4156 6.9946
4157 1.8419
4158 0.0000
4159 0.5963
4160 -0.0622
4161 4.1773
4162 -4.6357
4163 9.2967
4164 11.4969
4165 0.0000
4166 -2.3487
4167 2.6372
4168 3.6041
4169 0.1891
4170 5.6531
4171 3.8981
4172 0.0000
4173 5.1350
4174 4.3259
4175 7.2958
4176 1.8691
4177 6.4303
4178 10.2767
4179 0.0000
4180 -3.0777
4181 0.0000
4182 8.0844
4183 0.0000
4184 13.0347
4185 0.0000
4186 -1.2174
4187 3.2772
4188 0.0000
4189 0.1973
4190 2.0333
4191 10.5081
4192 1.1630
4193 0.0000
4194 5.5783
4195 2.0645
4196 5.2647
4197 0.0000
4198 5.6131
4199 6.5580
4200 7.7461
4201 0.0000
4202 3.5913
4203 6.1337
4204 -2.8111
4205 -1.1549
4206 5.2823
4207 1.7142
4208 1.8105
4209 2.0119
4210 7.3185
4211 0.0000
4212 2.8570
4213 2.9768
4214 2.7767
4215 0.1394
4216 -1.0930
4217 9.4667
4218 0.0000
4219 0.2070
4220 6.8237
4221 17.6204
4222 8.6134
4223 1.7331
4224 5.7331
4225 0.0000
4226 4.3407
4227 7.0911
4228 5.7186
4229 12.1765
4230 1.9635
4231 0.6815
4232 0.0000
4233 3.2314
4234 9.6451
4235 6.3150
4236 0.9731
4237 3.7708
4238 7.9054
4239 0.0000
4240 -4.2247
4241 8.0336
4242 11.5068
4243 10.3815
4244 2.6022
4245 1.1212
4246 0.0000
4247 4.1803
4248 9.5826
4249 3.4782
4250 0.3533
4251 4.6925
4252 6.0656
4253 0.0000
4254 3.9146
4255 3.4872
4256 2.5707
4257 0.7940
4258 -0.8446
4259 -3.1405
4260 0.0000
4261 3.8499
4262 6.6946
4263 10.3155
4264 3.9644
4265 -2.1652
4266 -0.4442
4267 0.0000
4268 -6.3819
4269 9.5561
4270 5.5443
4271 -5.9686
4272 2.8741
4273 0.1128
4274 0.0000
4275 -2.3828
4276 1.1012
4277 2.8263
4278 6.4439
4279 2.3403
4280 3.6100
4281 0.0000
4282 2.1786
4283 3.9656
4284 2.5856
4285 6.7826
4286 4.7300
4287 -1.9167
4288 0.0000
4289 4.0128
4290 3.2426
4291 0.0000
4292 -2.5746
4293 4.5317
4294 5.2937
4295 -0.3361
4296 -5.9371
4297 -0.3189
4298 2.8714
4299 -0.0964
4300 0.0000
4301 7.9452
4302 11.4473
4303 0.0000
4304 5.9151
4305 0.0000
4306 1.4188
4307 0.0000
4308 7.0176
4309 6.7431
4310 0.0000
4311 6.1362
4312 1.2897
4313 0.0000
4314 4.0605
4315 4.5235
4316 1.9439
4317 0.0000
4318 0.8827
4319 6.6775
4320 0.0000
4321 0.1304
4322 5.6497
4323 -0.2565
4324 0.0000
4325 0.5836
4326 -3.0224
4327 0.0000
4328 4.3419
4329 -0.8240
4330 0.0528
4331 0.0000
4332 -1.2630
4333 9.1445
4334 0.0000
4335 0.5253
4336 4.7371
4337 9.6788
4338 0.0000
4339 -3.0069
4340 5.6554
4341 0.0000
4342 -2.5561
4343 1.1259
4344 4.9706
4345 0.0000
4346 3.0788
4347 1.6237
4348 0.0000
4349 -3.3853
4350 6.9610
4351 2.7687
4352 0.0000
4353 5.5587
4354 13.7714
4355 0.0000
4356 4.7554
4357 -0.5895
4358 1.6745
4359 0.0000
4360 -3.5679
4361 3.6477
4362 0.0000
4363 6.6576
4364 1.8723
4365 0.2064
4366 0.0000
4367 0.9485
4368 8.4288
4369 0.0000
4370 7.6070
4371 8.5188
4372 5.4884
4373 0.0000
4374 2.5978
4375 5.6193
4376 0.0000
4377 -2.9964
4378 5.7521
4379 -2.4133
4380 0.0000
4381 -1.4656
4382 2.8837
4383 0.0000
4384 10.2118
4385 10.0175
4386 4.5274
4387 0.0000
4388 0.9131
4389 6.1334
4390 0.0000
4391 2.1880
4392 0.6947
4393 5.7366
4394 0.0000
4395 1.3404
4396 2.6529
4397 0.0000
4398 -0.3416
4399 2.9908
4400 6.3005
4401 0.0000
4402 3.9025
4403 0.4583
4404 0.0000
4405 9.0486
4406 14.7947
4407 -7.3959
4408 0.0000
4409 2.2572
4410 3.9202
4411 0.0000
4412 4.8392
4413 -4.2461
4414 -1.5840
4415 0.0000
4416 -0.6132
4417 0.6988
4418 0.0000
4419 3.6395
4420 9.5614
4421 -2.1540
4422 0.0000
4423 1.8774
4424 0.0000
4425 0.9662
4426 0.0000
4427 -0.3945
4428 -0.0178
4429 0.0000
4430 -1.5260
4431 0.0000
4432 -1.8575
4433 0.0000
4434 7.0947
4435 4.1964
4436 9.3571
4437 0.0000
4438 8.9373
4439 -5.8536
4440 2.1729
4441 0.0000
4442 1.4859
4443 12.7734
4444 6.1015
4445 0.0000
4446 4.2492
4447 0.0000
4448 2.2613
4449 0.0000
4450 5.3101
4451 4.5458
4452 0.0000
4453 -2.7992
4454 0.0000
4455 2.2862
4456 3.7834
4457 -6.3636
4458 0.2939
4459 3.0471
4460 4.0229
4461 -5.8498
4462 8.6122
4463 8.7821
4464 5.9827
4465 7.1340
4466 0.4732
4467 -0.8367
4468 2.0778
4469 7.5094
4470 1.9291
4471 0.0000
4472 -6.2301
4473 1.5162
4474 3.6308
4475 1.8995
4476 3.5865
4477 11.6481
4478 -6.7010
4479 3.1161
4480 0.0000
4481 2.3350
4482 5.1317
4483 4.3162
4484 3.5035
4485 3.7228
4486 -3.5138
4487 0.0000
4488 -0.3373
4489 -1.9064
4490 9.2769
4491 0.0000
4492 7.5849
4493 -2.0771
4494 1.1099
4495 1.1625
4496 0.4726
4497 10.3391
4498 1.7179
4499 2.3630
4500 0.0000
4501 9.6984
4502 2.8078
4503 6.7085
4504 -2.9317
4505 5.4571
4506 0.4811
4507 0.0000
4508 0.5056
4509 3.4012
4510 5.1871
4511 0.0000
4512 -4.2265
4513 -4.1189
4514 3.8305
4515 5.8348
4516 -1.1534
4517 7.6369
4518 -0.3369
4519 9.7376
4520 0.0000
4521 7.4051
4522 5.5691
4523 6.7001
4524 8.1355
4525 4.5478
4526 -4.8211
4527 0.0000
4528 4.0913
4529 -1.2633
4530 6.6136
4531 0.0000
4532 2.3775
4533 0.3875
4534 2.5518
4535 1.3475
4536 -9.6570
4537 -2.0236
4538 0.2535
4539 1.6450
4540 0.0000
4541 4.0076
4542 2.1384
4543 4.6682
4544 10.4504
4545 9.9514
4546 6.4595
4547 0.0000
4548 4.3124
4549 4.8338
4550 3.8994
4551 -1.9357
4552 1.6997
4553 7.0757
4554 5.2172
4555 4.2708
4556 9.0300
4557 5.6103
4558 3.9510
4559 2.6252
4560 3.3380
4561 12.6355
4562 0.0000
4563 -0.2647
4564 1.2254
4565 9.2884
4566 5.8601
4567 0.5593
4568 8.6198
4569 1.9442
4570 4.9506
4571 0.0000
4572 -1.9521
4573 5.8048
4574 -0.7586
4575 3.9338
4576 8.4393
4577 8.2039
4578 0.0000
4579 5.7714
4580 15.7494
4581 6.3942
4582 0.0000
4583 2.2513
4584 -0.8651
4585 3.7256
4586 -3.4811
4587 1.6323
4588 12.4319
4589 6.4172
4590 8.5973
4591 0.0000
4592 -1.5355
4593 5.1200
4594 5.0066
4595 6.7171
4596 -0.3730
4597 4.3079
4598 0.0000
4599 2.5616
4600 -0.8993
4601 14.1011
4602 0.0000
4603 5.2063
4604 -4.6071
4605 6.9213
4606 1.7178
4607 7.7571
4608 7.6116
4609 2.6195
4610 10.1226
4611 0.0000
4612 -0.6797
4613 8.3477
4614 4.1845
4615 1.7820
4616 -0.5989
4617 8.0524
4618 0.0000
4619 -1.4756
4620 4.5482
4621 10.2817
4622 0.0000
4623 9.7945
4624 -2.7441
4625 5.7715
4626 0.9293
4627 1.7739
4628 14.7526
4629 3.0208
4630 12.5541
4631 0.0000
4632 7.2626
4633 -0.8721
4634 12.1985
4635 5.1436
4636 7.5900
4637 1.1605
4638 0.0000
4639 2.4788
4640 -5.7315
4641 3.6046
4642 6.8191
4643 14.2085
4644 14.8605
4645 5.6014
4646 6.1893
4647 11.7186
4648 2.3446
4649 2.2877
4650 -0.7992
4651 -3.6123
4652 11.8635
4653 0.0000
4654 4.4765
4655 1.9511
4656 6.3356
4657 6.3187
4658 0.2940
4659 5.4421
4660 2.8555
4661 -0.4376
4662 0.0000
4663 5.9249
4664 -1.8547
4665 2.4900
4666 5.7164
4667 -1.9644
4668 -0.3042
4669 0.0000
4670 4.8380
4671 8.7088
4672 7.5826
4673 0.0000
4674 -2.1266
4675 -1.3628
4676 1.9815
4677 5.4351
4678 -1.3522
4679 3.3198
4680 0.9546
4681 3.7263
4682 0.0000
4683 3.3947
4684 7.9385
4685 6.8815
4686 -2.0415
4687 -7.1156
4688 4.0477
4689 0.0000
4690 4.1023
4691 1.3350
4692 7.2273
4693 0.0000
4694 11.7502
4695 -2.0022
4696 8.9596
4697 0.9243
4698 -5.5768
4699 3.5945
4700 11.4279
4701 8.1036
4702 0.0000
4703 8.2513
4704 2.9286
4705 7.1205
4706 0.6347
4707 4.0404
4708 8.1222
4709 0.0000
4710 1.4413
4711 7.8762
4712 -2.1164
4713 0.0000
4714 0.5694
4715 1.2069
4716 2.4329
4717 2.7176
4718 -2.1260
4719 -0.9954
4720 7.1905
4721 -4.0043
4722 0.0000
4723 12.4625
4724 7.1955
4725 10.5213
4726 -2.4598
4727 -0.7003
4728 6.2521
4729 0.0000
4730 -1.5672
4731 11.0441
4732 4.6520
4733 -3.7375
4734 11.2285
4735 5.1178
4736 4.8410
4737 6.0027
4738 1.2855
4739 13.9355
4740 7.1612
4741 11.6762
4742 -2.2040
4743 2.4692
4744 0.0000
4745 4.3393
4746 -1.7197
4747 1.3112
4748 8.6372
4749 -1.4879
4750 12.3924
4751 0.3491
4752 2.7424
4753 0.0000
4754 7.1858
4755 4.8179
4756 2.4522
4757 3.7264
4758 3.0396
4759 3.1324
4760 0.0000
4761 5.7751
4762 5.3203
4763 2.0748
4764 0.0000
4765 4.2159
4766 -2.8562
4767 2.4272
4768 2.9678
4769 -0.7312
4770 0.3068
4771 0.9051
4772 4.9956
4773 0.0000
4774 0.6687
4775 3.5210
4776 7.0708
4777 4.4521
4778 0.0005
4779 9.2651
4780 0.0000
4781 -0.9732
4782 4.7423
4783 5.8830
4784 0.0000
4785 10.3564
4786 0.2594
4787 6.6962
4788 7.6063
4789 0.3434
4790 5.0750
4791 -8.3711
4792 12.0113
4793 0.0000
4794 -5.4693
4795 9.0076
4796 6.5026
4797 13.2624
4798 11.6952
4799 0.2672
4800 0.0000
4801 -2.7416
4802 2.8080
4803 5.6300
4804 0.0000
4805 1.7864
4806 -4.3259
4807 4.6136
4808 1.7653
4809 4.5250
4810 8.0503
4811 0.2403
4812 4.5433
4813 0.0000
4814 2.0663
4815 7.1883
4816 3.2408
4817 -1.1020
4818 1.6065
4819 7.6562
4820 0.0000
4821 3.1834
4822 0.0000
4823 0.5375
4824 0.0000
4825 7.1169
4826 6.4344
4827 0.3703
4828 3.7537
4829 7.1009
4830 7.6416
4831 -5.7912
4832 2.5433
4833 0.0000
4834 2.1680
4835 3.9639
4836 2.4996
4837 1.4455
4838 2.3969
4839 1.3207
4840 0.0000
4841 -0.1727
4842 -0.8079
4843 -0.3354
4844 2.0749
4845 3.6937
4846 1.8708
4847 0.0000
4848 1.5077
4849 3.7060
4850 0.8690
4851 6.8594
4852 -0.5759
4853 5.4890
4854 0.0000
4855 0.0248
4856 0.7078
4857 7.5345
4858 7.2482
4859 6.0030
4860 8.9737
4861 0.0000
4862 4.1420
4863 8.3854
4864 6.8644
4865 4.8231
4866 -4.0075
4867 1.6276
4868 0.0000
4869 0.0310
4870 -1.0227
4871 6.4588
4872 -0.5312
4873 1.9165
4874 4.8484
4875 0.0000
4876 0.9965
4877 3.1827
4878 -3.3202
4879 10.1713
4880 2.5056
4881 -3.4137
4882 0.0000
4883 0.3130
4884 4.4058
4885 5.3560
4886 9.5592
4887 6.0172
4888 9.6525
4889 0.0000
4890 2.4642
4891 -1.6969
4892 2.6765
4893 -0.2326
4894 7.4228
4895 7.5492
4896 0.0000
4897 -0.3688
4898 3.9009
4899 5.6203
4900 7.0006
4901 7.2747
4902 -0.0397
4903 0.0000
4904 4.7965
4905 9.5744
4906 3.9680
4907 10.1027
4908 6.5890
4909 4.7934
4910 0.0000
4911 2.5201
4912 10.2268
4913 11.5507
4914 2.6231
4915 8.4128
4916 0.8416
4917 0.0000
4918 2.1010
4919 4.6186
4920 5.3760
4921 1.9876
4922 4.8247
4923 -0.2450
4924 0.0000
4925 -2.9700
4926 4.3654
4927 -2.3930
4928 3.7559
4929 4.6925
4930 5.7629
4931 0.0000
4932 2.6228
4933 1.9978
4934 6.1769
4935 11.4698
4936 6.8046
4937 3.2350
4938 0.0000
4939 -1.0729
4940 0.0000
4941 0.6366
4942 0.0000
4943 2.8015
4944 0.0000
4945 2.7712
4946 -0.5805
4947 0.0000
4948 6.4135
4949 4.7896
4950 2.8537
4951 5.6536
4952 0.0000
4953 5.0965
4954 -4.0535
4955 10.3171
4956 0.0000
4957 3.2834
4958 7.1760
4959 4.3396
4960 0.0000
4961 2.7789
4962 4.8190
4963 2.4782
4964 7.3773
4965 1.4886
4966 2.5698
4967 4.8417
4968 -2.1410
4969 -4.0946
4970 0.0000
4971 6.2626
4972 -4.9487
4973 2.9345
4974 7.0814
4975 1.1437
4976 2.2740
4977 0.0000
4978 0.0615
4979 5.0055
4980 4.9786
4981 2.8243
4982 1.2516
4983 6.3714
4984 0.0000
4985 1.5007
4986 1.9823
4987 5.1481
4988 5.3568
4989 -5.0679
4990 -4.6885
4991 0.0000
4992 3.9434
4993 2.6719
4994 0.6370
4995 5.7611
4996 5.5573
4997 6.7300
4998 0.0000
4999 1.3815
5000 2.3542
5001 1.1854
5002 -0.1872
5003 3.7423
5004 3.1558
5005 0.0000
5006 1.2494
5007 13.3410
5008 5.4278
5009 6.9649
5010 8.9424
5011 2.9608
5012 0.0000
5013 7.6029
5014 6.3581
5015 -0.5700
5016 8.4492
5017 -3.7778
5018 5.2248
5019 0.0000
5020 2.7734
5021 -0.3556
5022 9.9831
5023 -2.0777
5024 6.9486
5025 2.3440
5026 0.0000
5027 0.8061
5028 1.0287
5029 6.3374
5030 3.7416
5031 5.5131
5032 11.2454
5033 0.0000
5034 4.2318
5035 8.7879
5036 2.4442
5037 2.4216
5038 4.9341
5039 1.5855
5040 0.0000
5041 3.0478
5042 0.6516
5043 13.4892
5044 -1.9051
5045 -5.1974
5046 11.7883
5047 0.0000
5048 -5.0094
5049 2.0822
5050 0.0000
5051 2.0471
5052 4.8572
5053 -5.5119
5054 -7.8118
5055 -5.5820
5056 -0.7408
5057 0.6574
5058 -4.4581
5059 0.0000
5060 3.0553
5061 -0.1172
5062 0.0000
5063 -1.8826
5064 0.0000
5065 5.3068
5066 0.0000
5067 3.1182
5068 2.9809
5069 0.0000
5070 3.6748
5071 9.3906
5072 0.0000
5073 11.3132
5074 6.8091
5075 2.2112
5076 0.0000
5077 8.5309
5078 3.3786
5079 0.0000
5080 3.8614
5081 -0.8569
5082 4.8764
5083 0.0000
5084 0.0829
5085 7.0154
5086 0.0000
5087 11.2058
5088 2.8834
5089 -1.3500
5090 0.0000
5091 2.5579
5092 -0.2903
5093 0.0000
5094 6.3813
5095 8.6392
5096 3.6297
5097 0.0000
5098 -2.2599
5099 0.5022
5100 0.0000
5101 1.7567
5102 2.3196
5103 3.3513
5104 0.0000
5105 4.6606
5106 1.7074
5107 0.0000
5108 8.5241
5109 9.3544
5110 9.8754
5111 0.0000
5112 5.1128
5113 7.9196
5114 0.0000
5115 8.5138
5116 11.7504
5117 3.4005
5118 0.0000
5119 -4.5964
5120 2.1984
5121 0.0000
5122 3.9640
5123 -0.8107
5124 5.7328
5125 0.0000
5126 -2.1187
5127 7.6322
5128 0.0000
5129 2.7800
5130 3.5141
5131 10.0676
5132 0.0000
5133 4.5097
5134 2.8446
5135 0.0000
5136 6.6630
5137 4.9179
5138 4.7693
5139 0.0000
5140 -0.8301
5141 7.2998
5142 0.0000
5143 4.4932
5144 3.1440
5145 6.2971
5146 0.0000
5147 3.3364
5148 6.6172
5149 0.0000
5150 2.2050
5151 -7.7367
5152 2.5985
5153 0.0000
5154 -5.2676
5155 8.2997
5156 0.0000
5157 -2.4806
5158 5.4373
5159 -0.7037
5160 0.0000
5161 -3.9237
5162 -3.4909
5163 0.0000
5164 3.9719
5165 -1.4339
5166 5.1602
5167 0.0000
5168 3.9971
5169 4.6142
5170 0.0000
5171 5.8753
5172 2.8635
5173 10.5072
5174 0.0000
5175 -0.6688
5176 4.0665
5177 0.0000
5178 1.9991
5179 2.3031
5180 -0.7140
5181 0.0000
5182 0.1304
5183 0.0000
5184 -3.5054
5185 0.0000
5186 2.1426
5187 6.7479
5188 0.0000
5189 2.4560
5190 0.0000
5191 13.7663
5192 0.0000
5193 2.0784
5194 5.3666
5195 -0.1275
5196 0.0000
5197 5.3433
5198 4.4277
5199 8.0761
5200 0.0000
5201 0.9093
5202 2.8520
5203 2.0763
5204 0.0000
5205 1.6937
5206 0.0000
5207 -0.1571
5208 0.0000
5209 5.7103
5210 0.1494
5211 0.0000
5212 -3.4720
5213 0.0000
5214 2.2384
5215 0.9884
5216 -5.4451
5217 9.5284
5218 9.3037
5219 7.1290
5220 10.6939
5221 5.8415
5222 15.0878
5223 -1.2210
5224 4.7728
5225 0.4260
5226 4.1378
5227 1.0448
5228 10.5728
5229 9.8317
5230 0.0000
5231 5.4263
5232 -0.2153
5233 1.6508
5234 9.7127
5235 2.8332
5236 -6.6368
5237 -2.5914
5238 8.0609
5239 0.0000
5240 3.7663
5241 10.8011
5242 6.2896
5243 1.8816
5244 -5.9621
5245 5.4801
5246 0.0000
5247 -4.8120
5248 5.3917
5249 10.8884
5250 0.0000
5251 -1.7827
5252 2.3467
5253 -1.9507
5254 6.7443
5255 -3.3775
5256 -5.2006
5257 4.1000
5258 0.9250
5259 0.0000
5260 -0.3812
5261 4.9064
5262 2.0885
5263 5.2948
5264 3.6974
5265 3.4450
5266 0.0000
5267 -2.3630
5268 5.8679
5269 10.0651
5270 0.0000
5271 5.3117
5272 2.2126
5273 3.1563
5274 -0.9898
5275 -3.2159
5276 13.5091
5277 4.0691
5278 0.0912
5279 0.0000
5280 2.1896
5281 3.4362
5282 -1.6660
5283 1.6499
5284 -3.9790
5285 4.6058
5286 0.0000
5287 6.8464
5288 5.9206
5289 2.4960
5290 0.0000
5291 4.9873
5292 -4.6251
5293 -2.1824
5294 3.3900
5295 -3.7852
5296 12.4438
5297 4.6624
5298 6.2455
5299 0.0000
5300 4.8036
5301 -1.0461
5302 2.0547
5303 6.6948
5304 4.5544
5305 14.1319
5306 0.0000
5307 4.0788
5308 1.3337
5309 3.5370
5310 7.7423
5311 7.8085
5312 4.0105
5313 3.7437
5314 6.1733
5315 0.4524
5316 4.2390
5317 5.6998
5318 -2.6824
5319 -2.3851
5320 -1.5800
5321 0.0000
5322 0.0450
5323 -0.1773
5324 -1.1369
5325 -0.2702
5326 -1.0697
5327 14.1141
5328 11.7044
5329 9.5726
5330 0.0000
5331 5.2882
5332 -0.0253
5333 -0.4691
5334 2.4482
5335 6.2228
5336 6.3264
5337 0.0000
5338 2.7952
5339 7.1258
5340 0.4136
5341 0.0000
5342 7.1305
5343 2.1218
5344 1.9940
5345 -4.7662
5346 -1.5054
5347 -4.7501
5348 1.7898
5349 4.9852
5350 0.0000
5351 2.0011
5352 12.9430
5353 5.5048
5354 5.5881
5355 3.1493
5356 1.2280
5357 0.0000
5358 0.4906
5359 3.1145
5360 -2.9243
5361 0.0000
5362 9.1287
5363 -0.2024
5364 -2.9277
5365 7.1928
5366 -4.6126
5367 4.8886
5368 3.5807
5369 0.7602
5370 0.0000
5371 6.0492
5372 7.2882
5373 2.4812
5374 2.8210
5375 4.9854
5376 2.9269
5377 0.0000
5378 11.6250
5379 5.4327
5380 1.3738
5381 0.0000
5382 2.9065
5383 0.1638
5384 -1.5902
5385 2.7671
5386 3.7181
5387 -3.0355
5388 -6.7396
5389 0.7644
5390 0.0000
5391 10.4227
5392 2.8926
5393 4.8046
5394 1.0527
5395 2.1183
5396 7.1556
5397 0.0000
5398 -2.0896
5399 1.9009
5400 8.1794
5401 2.5847
5402 7.9416
5403 9.1608
5404 -2.6237
5405 4.4343
5406 8.0326
5407 6.3027
5408 1.9646
5409 1.9541
5410 8.0457
5411 -5.1091
5412 0.0000
5413 10.1017
5414 7.5246
5415 2.1437
5416 7.4306
5417 -3.4854
5418 12.5416
5419 5.7290
5420 5.2216
5421 0.0000
5422 5.3470
5423 1.4988
5424 -0.2858
5425 -10.8138
5426 1.9545
5427 6.8560
5428 0.0000
5429 2.3875
5430 8.6637
5431 5.5052
5432 0.0000
5433 8.7386
5434 4.6800
5435 7.1117
5436 2.2513
5437 1.8655
5438 -5.1053
5439 7.0074
5440 7.4042
5441 0.0000
5442 0.6570
5443 4.3042
5444 2.7483
5445 10.5384
5446 -0.3823
5447 0.9548
5448 0.0000
5449 -0.7302
5450 -0.7435
5451 -4.4618
5452 0.0000
5453 3.1465
5454 2.9479
5455 1.4921
5456 6.6336
5457 -2.3362
5458 7.8023
5459 9.3578
5460 4.3944
5461 0.0000
5462 -2.1184
5463 1.3925
5464 -1.6443
5465 -4.9031
5466 9.9668
5467 2.9101
5468 0.0000
5469 -2.2157
5470 -1.4818
5471 3.6015
5472 0.0000
5473 3.5259
5474 -4.5493
5475 4.0182
5476 7.4400
5477 1.1331
5478 0.8531
5479 -4.0644
5480 1.1570
5481 0.0000
5482 3.4995
5483 2.8934
5484 9.9128
5485 6.2940
5486 1.8312
5487 9.2335
5488 0.0000
5489 -1.2626
5490 7.3502
5491 2.7356
5492 6.6824
5493 2.3143
5494 7.2351
5495 10.1963
5496 -2.2245
5497 8.3214
5498 10.6121
5499 8.3467
5500 0.3824
5501 0.3486
5502 2.8397
5503 0.0000
5504 6.1575
5505 3.5853
5506 0.9005
5507 4.6527
5508 -7.4162
5509 -4.0169
5510 -2.4718
5511 9.9757
5512 0.0000
5513 8.1673
5514 0.2700
5515 1.3825
5516 6.8797
5517 4.8813
5518 5.5135
5519 0.0000
5520 2.3788
5521 -3.5804
5522 1.8454
5523 0.0000
5524 3.5083
5525 0.2951
5526 1.5266
5527 -0.3077
5528 2.0610
5529 5.9271
5530 -0.4146
5531 11.3214
5532 0.0000
5533 -0.7140
5534 0.0384
5535 2.7459
5536 7.5176
5537 3.9560
5538 7.1820
5539 0.0000
5540 0.8033
5541 5.6736
5542 2.7230
5543 0.0000
5544 4.9243
5545 -0.8749
5546 10.3586
5547 3.4432
5548 -6.1453
5549 11.8065
5550 3.0058
5551 -2.4993
5552 0.0000
5553 4.7497
5554 -0.3945
5555 9.1528
5556 9.1116
5557 4.9057
5558 -0.6584
5559 0.0000
5560 -3.4837
5561 1.0596
5562 2.3796
5563 0.0000
5564 8.7450
5565 3.7271
5566 -4.2435
5567 1.6793
5568 -2.7832
5569 -0.5623
5570 -3.4738
5571 -3.2516
5572 0.0000
5573 9.0738
5574 4.4637
5575 4.5170
5576 2.7055
5577 0.5336
5578 8.2038
5579 0.0000
5580 0.7297
5581 0.0000
5582 6.1551
5583 0.0000
5584 2.7142
5585 11.6065
5586 2.0225
5587 1.4727
5588 -3.1056
5589 4.9712
5590 0.9991
5591 3.2624
5592 0.0000
5593 -4.0720
5594 2.0456
5595 -2.8509
5596 4.6544
5597 5.4620
5598 0.2647
5599 0.0000
5600 -2.6790
5601 -5.6898
5602 3.9358
5603 -0.8249
5604 0.6224
5605 5.2318
5606 0.0000
5607 1.6348
5608 -2.6354
5609 8.5656
5610 2.6277
5611 1.3762
5612 -4.3654
5613 0.0000
5614 2.9317
5615 4.4462
5616 1.0297
5617 6.8831
5618 7.0927
5619 8.2760
5620 0.0000
5621 6.1629
5622 -1.6571
5623 3.0650
5624 -5.3840
5625 9.1142
5626 4.8932
5627 0.0000
5628 6.3149
5629 5.2227
5630 2.9801
5631 2.4202
5632 -3.4724
5633 9.4235
5634 0.0000
5635 5.0283
5636 4.4632
5637 5.2951
5638 1.1516
5639 0.2445
5640 -0.2232
5641 0.0000
5642 1.5988
5643 3.6160
5644 2.7868
5645 0.4022
5646 1.4571
5647 -0.4121
5648 0.0000
5649 2.9557
5650 7.0141
5651 8.5681
5652 3.1797
5653 12.0373
5654 7.6885
5655 0.0000
5656 5.5910
5657 5.3309
5658 13.2573
5659 4.0250
5660 5.0595
5661 8.4021
5662 0.0000
5663 4.9423
5664 5.8039
5665 6.9634
5666 7.3107
5667 3.9911
5668 3.3004
5669 0.0000
5670 -5.1666
5671 6.7931
5672 5.6702
5673 6.4945
5674 6.3795
5675 2.6530
5676 0.0000
5677 -1.3366
5678 5.4423
5679 2.6552
5680 7.7556
5681 6.8899
5682 0.3582
5683 0.0000
5684 -1.5270
5685 4.5490
5686 7.7860
5687 6.4190
5688 11.6313
5689 7.6518
5690 0.0000
5691 1.6236
5692 -0.3455
5693 7.9979
5694 1.0115
5695 4.9644
5696 3.6467
5697 0.0000
5698 -5.5603
5699 0.0000
5700 -4.0575
5701 0.0000
5702 4.8560
5703 0.0000
5704 2.1118
5705 5.4993
5706 0.0000
5707 -5.8097
5708 6.4214
5709 9.0390
5710 6.4970
5711 0.0000
5712 5.4334
5713 8.1201
5714 1.9850
5715 0.0000
5716 1.9055
5717 2.9352
5718 -2.3775
5719 0.0000
5720 8.5965
5721 4.9335
5722 -1.5139
5723 3.7357
5724 7.6594
5725 11.4385
5726 15.3657
5727 9.4535
5728 0.9765
5729 0.0000
5730 4.7025
5731 -0.5682
5732 5.5837
5733 6.3151
5734 7.7087
5735 3.2151
5736 0.0000
5737 1.2439
5738 5.1875
5739 5.5583
5740 5.4626
5741 7.5971
5742 6.3704
5743 0.0000
5744 -3.8048
5745 5.8998
5746 9.1462
5747 4.9395
5748 0.0331
5749 3.8973
5750 0.0000
5751 0.9068
5752 5.6653
5753 2.1682
5754 -2.4188
5755 0.9751
5756 5.6765
5757 0.0000
5758 3.0433
5759 4.7008
5760 0.6823
5761 6.3495
5762 0.2533
5763 7.4196
5764 0.0000
5765 2.2112
5766 7.0351
5767 12.6889
5768 3.0825
5769 4.4979
5770 9.9453
5771 0.0000
5772 3.6930
5773 -0.3939
5774 -5.7953
5775 -1.3960
5776 2.1610
5777 0.6823
5778 0.0000
5779 -0.9832
5780 -1.7205
5781 7.8145
5782 6.2056
5783 5.8249
5784 6.9951
5785 0.0000
5786 -2.2518
5787 4.2757
5788 9.4390
5789 3.0124
5790 0.6133
5791 7.3710
5792 0.0000
5793 -8.2936
5794 9.4723
5795 -2.0598
5796 4.9282
5797 8.2611
5798 1.8880
5799 0.0000
5800 3.1911
5801 -3.0744
5802 -0.1124
5803 9.5519
5804 0.4413
5805 1.6076
5806 0.0000
5807 0.9800
5808 3.2970
5809 0.0000
5810 11.3570
5811 2.2541
5812 1.1564
5813 -2.9021
5814 -0.9887
5815 17.6287
5816 9.0882
5817 4.9471
5818 0.0000
5819 6.5494
5820 6.0403
5821 0.0000
5822 -0.5955
5823 0.0000
5824 -3.1026
5825 0.0000
5826 -2.5854
5827 0.4062
5828 0.0000
5829 -3.8324
5830 1.9454
5831 0.0000
5832 0.5535
5833 -0.5123
5834 3.6897
5835 0.0000
5836 5.9731
5837 1.8022
5838 0.0000
5839 5.2814
5840 3.0247
5841 5.2654
5842 0.0000
5843 -0.9835
5844 11.1725
5845 0.0000
5846 -2.4032
5847 8.6573
5848 4.3688
5849 0.0000
5850 -3.2346
5851 9.1916
5852 0.0000
5853 3.0942
5854 3.0404
5855 -3.5988
5856 0.0000
5857 1.1252
5858 5.2963
5859 0.0000
5860 5.9887
5861 4.7157
5862 2.4210
5863 0.0000
5864 -0.4031
5865 2.5225
5866 0.0000
5867 -4.3223
5868 8.1873
5869 -2.9632
5870 0.0000
5871 1.8476
5872 3.9730
5873 0.0000
5874 6.8865
5875 -0.2140
5876 2.1536
5877 0.0000
5878 -0.3057
5879 2.2160
5880 0.0000
5881 4.9867
5882 6.0220
5883 0.4300
5884 0.0000
5885 -0.8434
5886 -1.3273
5887 0.0000
5888 2.6131
5889 3.1066
5890 9.0936
5891 0.0000
5892 -1.4274
5893 -0.3585
5894 0.0000
5895 8.8002
5896 5.1185
5897 0.5137
5898 0.0000
5899 -4.5513
5900 3.5235
5901 0.0000
5902 5.7726
5903 6.9197
5904 3.0460
5905 0.0000
5906 3.1713
5907 6.9118
5908 0.0000
5909 -2.5360
5910 2.5741
5911 11.0730
5912 0.0000
5913 -2.5780
5914 5.7210
5915 0.0000
5916 4.9803
5917 6.4548
5918 13.4488
5919 0.0000
5920 -1.1328
5921 3.2291
5922 0.0000
5923 1.3882
5924 1.5554
5925 9.6307
5926 0.0000
5927 -1.1796
5928 4.3635
5929 0.0000
5930 4.7929
5931 7.7200
5932 8.3870
5933 0.0000
5934 2.7915
5935 1.0695
5936 0.0000
5937 9.2291
5938 6.9265
5939 4.4003
5940 0.0000
5941 -5.0250
5942 0.0000
5943 5.0125
5944 0.0000
5945 4.1492
5946 4.2213
5947 0.0000
5948 5.1680
5949 0.0000
5950 7.8081
5951 0.0000
5952 3.9864
5953 2.3531
5954 1.2145
5955 0.0000
5956 3.7608
5957 4.0339
5958 4.1580
5959 0.0000
5960 7.5500
5961 4.6383
5962 -2.3683
5963 0.0000
5964 9.2539
5965 0.0000
5966 9.1552
5967 0.0000
5968 -0.8701
5969 -1.5323
5970 0.0000
5971 -0.9957
5972 0.0000
5973 5.1173
5974 0.4921
5975 5.7477
5976 8.1923
5977 9.9415
5978 -5.4139
5979 5.0981
5980 0.1939
5981 -2.4133
5982 0.6149
5983 1.9661
5984 2.5709
5985 0.5851
5986 2.4051
5987 4.0124
5988 -1.1995
5989 0.0000
5990 5.9407
5991 -6.0472
5992 4.7733
5993 1.7353
5994 -0.5320
5995 6.0266
5996 1.9491
5997 0.7562
5998 0.0000
5999 1.0287
6000 3.4552
6001 6.1690
6002 5.9556
6003 4.4669
6004 2.2023
6005 0.0000
6006 -5.9972
6007 2.8467
6008 5.5514
6009 0.0000
6010 4.0453
6011 0.2512
6012 4.9644
6013 3.9356
6014 -2.3548
6015 -0.2003
6016 0.2171
6017 7.6515
6018 0.0000
6019 5.5578
6020 10.6776
6021 9.4530
6022 14.5173
6023 -3.7055
6024 6.2284
6025 0.0000
6026 0.3852
6027 4.7835
6028 3.8969
6029 0.0000
6030 3.2896
6031 1.8294
6032 -2.1927
6033 0.4754
6034 -1.8602
6035 5.2440
6036 2.5556
6037 3.2714
6038 0.0000
6039 10.2473
6040 4.7912
6041 0.0391
6042 4.7888
6043 5.8261
6044 2.4555
6045 0.0000
6046 -1.1019
6047 7.0365
6048 4.9100
6049 0.0000
6050 11.6247
6051 7.0930
6052 3.7275
6053 2.7463
6054 -2.3711
6055 13.7422
6056 0.5738
6057 5.9571
6058 0.0000
6059 10.1875
6060 1.7685
6061 5.4004
6062 4.1252
6063 1.9424
6064 3.9992
6065 0.0000
6066 -3.9971
6067 -1.7496
6068 5.6041
6069 -1.8311
6070 0.7896
6071 5.1372
6072 2.6867
6073 4.7661
6074 5.4322
6075 4.6251
6076 1.2758
6077 5.4975
6078 2.0303
6079 6.2463
6080 0.0000
6081 -3.3943
6082 -3.9423
6083 10.8223
6084 2.4900
6085 0.8691
6086 4.0063
6087 0.0427
6088 5.9245
6089 0.0000
6090 8.4807
6091 8.9132
6092 11.6124
6093 1.5192
6094 0.8874
6095 5.2617
6096 0.0000
6097 -2.9881
6098 3.2996
6099 6.2200
6100 0.0000
6101 10.3419
6102 2.3370
6103 15.6452
6104 3.6215
6105 10.4855
6106 7.3327
6107 3.0350
6108 3.1630
6109 0.0000
6110 -4.1175
6111 -2.3110
6112 2.3061
6113 3.6318
6114 4.4917
6115 6.1139
6116 0.0000
6117 1.8017
6118 9.5272
6119 1.9893
6120 0.0000
6121 10.7928
6122 -1.9145
6123 0.0173
6124 1.8702
6125 1.9372
6126 7.6951
6127 1.7270
6128 0.1689
6129 0.0000
6130 3.0497
6131 6.3155
6132 -2.6248
6133 -5.8604
6134 -2.7163
6135 5.9047
6136 0.0000
6137 2.1931
6138 5.2804
6139 5.1594
6140 0.0000
6141 0.0094
6142 -1.9547
6143 5.8744
6144 5.5540
6145 5.1408
6146 -1.1424
6147 -7.8120
6148 -1.6811
6149 0.0000
6150 7.3109
6151 6.5006
6152 0.2940
6153 5.3731
6154 4.7850
6155 5.9985
6156 0.0000
6157 1.0530
6158 -0.4051
6159 -3.4615
6160 4.0512
6161 5.2690
6162 7.7179
6163 0.0640
6164 2.4662
6165 1.3477
6166 3.0754
6167 -1.8052
6168 0.1688
6169 0.8266
6170 1.2483
6171 0.0000
6172 2.0059
6173 2.1665
6174 1.1141
6175 -0.1969
6176 2.1206
6177 10.6300
6178 -3.8151
6179 7.9395
6180 0.0000
6181 5.1053
6182 4.6049
6183 2.9585
6184 4.4061
6185 5.8596
6186 5.4189
6187 0.0000
6188 0.1061
6189 3.1342
6190 3.6720
6191 0.0000
6192 0.9126
6193 -4.2926
6194 -1.6121
6195 3.0574
6196 -1.6616
6197 -4.4906
6198 -3.0620
6199 -1.8992
6200 0.0000
6201 4.0806
6202 7.4427
6203 4.0250
6204 6.5123
6205 9.0105
6206 6.3285
6207 0.0000
6208 3.0297
6209 5.7387
6210 1.9948
6211 0.0000
6212 4.6606
6213 3.3150
6214 -1.6686
6215 6.4046
6216 0.9706
6217 9.1926
6218 16.4528
6219 3.7824
6220 0.0000
6221 9.7771
6222 3.1214
6223 6.4004
6224 2.0085
6225 2.1599
6226 4.0274
6227 0.0000
6228 0.1330
6229 7.7758
6230 9.7067
6231 0.0000
6232 11.1115
6233 -0.0895
6234 1.3219
6235 7.7195
6236 -3.9808
6237 -3.6363
6238 0.4242
6239 3.8281
6240 0.0000
6241 9.8195
6242 13.2871
6243 4.0897
6244 1.6324
6245 3.6239
6246 2.2436
6247 0.0000
6248 0.6490
6249 3.1038
6250 1.6460
6251 3.5620
6252 13.8633
6253 10.6323
6254 9.9594
6255 -3.4955
6256 -1.5607
6257 3.7508
6258 3.1973
6259 6.2777
6260 3.0613
6261 5.4888
6262 0.0000
6263 2.0056
6264 5.7864
6265 6.6819
6266 4.2034
6267 0.4579
6268 0.3456
6269 -0.7867
6270 8.6148
6271 0.0000
6272 8.4245
6273 3.0632
6274 7.6755
6275 0.7170
6276 5.6943
6277 1.1046
6278 0.0000
6279 -4.6103
6280 8.5220
6281 8.3917
6282 0.0000
6283 -5.1748
6284 0.6497
6285 2.6720
6286 6.2587
6287 -0.6845
6288 8.6165
6289 5.4409
6290 -5.5360
6291 0.0000
6292 3.9014
6293 -0.1549
6294 7.7702
6295 -3.7857
6296 5.7950
6297 9.0177
6298 0.0000
6299 7.0739
6300 -2.9636
6301 6.7217
6302 0.0000
6303 1.7512
6304 -2.9035
6305 0.8669
6306 10.4219
6307 -1.9147
6308 2.0688
6309 2.4508
6310 10.2332
6311 0.0000
6312 -4.3315
6313 1.4712
6314 7.6581
6315 9.6756
6316 8.6721
6317 -6.6263
6318 0.0000
6319 -6.7571
6320 5.6849
6321 -2.5812
6322 0.0000
6323 10.2811
6324 -3.8179
6325 9.0071
6326 0.2920
6327 -8.2316
6328 7.0444
6329 11.3767
6330 2.9553
6331 0.0000
6332 10.5184
6333 -4.3125
6334 9.3033
6335 1.1315
6336 1.5817
6337 -1.1288
6338 0.0000
6339 6.5739
6340 0.0000
6341 -2.0481
6342 0.0000
6343 0.5733
6344 5.4782
6345 4.8433
6346 4.7522
6347 4.1030
6348 10.7853
6349 -0.4424
6350 1.7417
6351 0.0000
6352 3.5669
6353 4.7215
6354 8.3266
6355 4.9161
6356 10.0565
6357 -0.2338
6358 0.0000
6359 4.9506
6360 -2.0166
6361 -2.7399
6362 7.2983
6363 6.4189
6364 4.7641
6365 0.0000
6366 -1.1227
6367 7.7061
6368 -5.0566
6369 4.5687
6370 -4.5333
6371 2.8828
6372 0.0000
6373 2.6022
6374 11.8247
6375 2.6599
6376 13.4910
6377 3.1153
6378 7.3976
6379 0.0000
6380 -6.6241
6381 1.9912
6382 0.2982
6383 5.6719
6384 6.0744
6385 8.0776
6386 0.0000
6387 -3.9328
6388 5.0157
6389 -4.3192
6390 0.9729
6391 1.9518
6392 4.5453
6393 0.0000
6394 6.3124
6395 12.1790
6396 2.5261
6397 8.7030
6398 4.0049
6399 3.4497
6400 0.0000
6401 -7.6449
6402 7.1953
6403 2.5611
6404 -2.7892
6405 5.2960
6406 3.8200
6407 0.0000
6408 2.7195
6409 4.6145
6410 6.6341
6411 -2.1121
6412 7.6953
6413 2.7860
6414 0.0000
6415 3.7142
6416 3.0542
6417 2.8662
6418 -0.1934
6419 8.9768
6420 6.5281
6421 0.0000
6422 15.4461
6423 -1.7156
6424 8.6943
6425 4.3323
6426 -0.3003
6427 2.8600
6428 0.0000
6429 -1.8913
6430 -0.3817
6431 8.3229
6432 9.7450
6433 9.4710
6434 6.0332
6435 0.0000
6436 11.0110
6437 11.5203
6438 10.2507
6439 4.5307
6440 3.7055
6441 4.1796
6442 0.0000
6443 5.2926
6444 5.8920
6445 6.9801
6446 8.0237
6447 13.0507
6448 -2.0237
6449 0.0000
6450 4.0850
6451 9.1902
6452 6.6306
6453 -0.1295
6454 -1.7720
6455 7.4451
6456 0.0000
6457 -1.9125
6458 0.0000
6459 -0.4929
6460 0.0000
6461 0.7639
6462 0.0000
6463 0.9124
6464 13.1950
6465 0.0000
6466 9.1233
6467 9.1030
6468 5.0744
6469 5.1537
6470 0.0000
6471 6.5692
6472 1.1727
6473 5.1107
6474 0.0000
6475 -3.3447
6476 6.1533
6477 4.7279
6478 0.0000
6479 -0.4824
6480 2.0580
6481 -1.8917
6482 1.7687
6483 0.7303
6484 4.1904
6485 -1.5141
6486 1.0842
6487 1.6169
6488 0.0000
6489 2.8248
6490 2.7647
6491 5.5119
6492 10.6629
6493 0.8459
6494 0.1938
6495 0.0000
6496 -0.4681
6497 -1.1613
6498 10.8324
6499 13.2186
6500 -4.4710
6501 3.4248
6502 0.0000
6503 -0.2625
6504 7.1186
6505 -0.4608
6506 -1.3191
6507 -4.6147
6508 -9.0056
6509 0.0000
6510 3.6643
6511 5.2967
6512 2.4205
6513 1.8148
6514 1.2506
6515 11.0586
6516 0.0000
6517 5.7254
6518 9.9183
6519 3.4828
6520 4.7007
6521 5.0369
6522 0.6477
6523 0.0000
6524 -1.2939
6525 -4.8609
6526 2.6772
6527 2.3438
6528 2.8215
6529 14.3705
6530 0.0000
6531 2.2253
6532 7.3064
6533 1.6571
6534 2.2499
6535 8.2248
6536 0.1616
6537 0.0000
6538 0.7112
6539 4.7038
6540 5.0717
6541 1.3740
6542 14.1162
6543 1.3391
6544 0.0000
6545 0.1834
6546 1.4223
6547 9.4695
6548 1.0594
6549 3.1045
6550 6.6071
6551 0.0000
6552 2.4831
6553 2.6675
6554 -3.1572
6555 1.1610
6556 -1.1302
6557 0.0985
6558 0.0000
6559 1.2135
6560 -0.5165
6561 12.7636
6562 -2.3903
6563 3.2615
6564 0.1522
6565 0.0000
6566 -1.3091
6567 3.0085
6568 0.0000
6569 4.2168
6570 0.3577
6571 3.5003
6572 0.0595
6573 -1.6506
6574 1.0283
6575 -5.8611
6576 8.1646
6577 0.0000
6578 3.1823
6579 5.9823
6580 0.0000
6581 3.1987
6582 0.0000
6583 1.0337
6584 0.0000
6585 6.7485
6586 -1.6143
6587 0.0000
6588 7.1389
6589 2.5689
6590 0.0000
6591 4.4106
6592 -1.5457
6593 3.1250
6594 0.0000
6595 -1.8539
6596 4.2048
6597 0.0000
6598 9.7177
6599 5.0668
6600 1.0448
6601 0.0000
6602 2.3906
6603 2.3883
6604 0.0000
6605 -1.2170
6606 3.9945
6607 5.1425
6608 0.0000
6609 -6.3236
6610 -0.9653
6611 0.0000
6612 1.9059
6613 7.7188
6614 -4.2436
6615 0.0000
6616 0.5717
6617 7.5512
6618 0.0000
6619 1.8305
6620 3.9452
6621 -0.2716
6622 0.0000
6623 -0.6988
6624 4.5206
6625 0.0000
6626 3.0798
6627 -5.3062
6628 -0.2972
6629 0.0000
6630 2.1156
6631 6.3658
6632 0.0000
6633 1.5375
6634 8.6472
6635 6.7389
6636 0.0000
6637 -4.2524
6638 4.1237
6639 0.0000
6640 -0.2743
6641 1.3304
6642 -5.3108
6643 0.0000
6644 0.3888
6645 12.8286
6646 0.0000
6647 -0.4505
6648 3.1005
6649 0.8128
6650 0.0000
6651 -0.9580
6652 11.0014
6653 0.0000
6654 3.6028
6655 9.4875
6656 4.7025
6657 0.0000
6658 6.5423
6659 -2.2407
6660 0.0000
6661 4.5523
6662 5.7072
6663 5.2495
6664 0.0000
6665 2.1181
6666 -0.7672
6667 0.0000
6668 1.6282
6669 -1.9273
6670 0.2262
6671 0.0000
6672 9.8826
6673 7.7893
6674 0.0000
6675 -1.2215
6676 9.3552
6677 4.4933
6678 0.0000
6679 -4.6804
6680 0.9820
6681 0.0000
6682 1.8430
6683 6.4688
6684 5.4329
6685 0.0000
6686 1.4916
6687 15.4564
6688 0.0000
6689 4.0007
6690 2.3008
6691 1.9620
6692 0.0000
6693 6.5745
6694 -5.0946
6695 0.0000
6696 11.2912
6697 9.2392
6698 0.1739
6699 0.0000
6700 1.7977
6701 0.0000
6702 2.0237
6703 0.0000
6704 -1.8130
6705 8.1707
6706 0.0000
6707 1.7519
6708 0.0000
6709 2.0872
6710 0.0000
6711 1.0473
6712 7.7620
6713 5.5975
6714 0.0000
6715 6.0887
6716 5.8090
6717 2.8584
6718 0.0000
6719 7.6288
6720 -0.2918
6721 7.0016
6722 0.0000
6723 0.3358
6724 0.0000
6725 5.0719
6726 0.0000
6727 -0.8099
6728 2.2260
6729 0.0000
6730 2.9844
6731 0.0000
6732 5.5237
6733 3.0568
6734 3.1488
6735 3.5685
6736 6.9172
6737 0.9783
6738 2.5095
6739 10.9433
6740 10.0820
6741 3.4395
6742 4.0397
6743 11.0103
6744 1.2223
6745 2.1217
6746 8.7828
6747 0.0258
6748 0.0000
6749 6.6579
6750 5.7001
6751 -1.0149
6752 -1.2093
6753 0.9956
6754 10.3123
6755 5.5110
6756 6.1707
6757 0.0000
6758 0.3518
6759 7.4961
6760 3.5062
6761 3.2577
6762 6.2498
6763 -2.1501
6764 0.0000
6765 10.3493
6766 3.3160
6767 11.2268
6768 0.0000
6769 3.3294
6770 -3.3216
6771 11.8013
6772 8.5381
6773 4.3193
6774 7.7511
6775 5.5341
6776 9.0005
6777 0.0000
6778 9.7623
6779 3.4988
6780 6.0148
6781 1.4262
6782 0.0092
6783 -1.0068
6784 0.0000
6785 1.8371
6786 6.9601
6787 1.3070
6788 0.0000
6789 5.5631
6790 1.8944
6791 1.1185
6792 4.4106
6793 0.9273
6794 2.6420
6795 2.9308
6796 5.4942
6797 0.0000
6798 8.7629
6799 3.1208
6800 3.9115
6801 3.3845
6802 4.6548
6803 -2.4128
6804 0.0000
6805 2.5179
6806 -1.9021
6807 1.2423
6808 0.0000
6809 -1.7487
6810 8.3062
6811 5.8972
6812 -1.4354
6813 0.5800
6814 8.6578
6815 -9.9389
6816 7.1283
6817 0.0000
6818 3.1902
6819 -1.8225
6820 -4.3970
6821 8.5535
6822 6.3478
6823 6.7772
6824 0.0000
6825 11.9727
6826 1.0138
6827 5.2555
6828 12.3425
6829 0.4056
6830 -0.4258
6831 12.5125
6832 -2.6546
6833 8.7978
6834 1.5236
6835 -1.6241
6836 -4.4459
6837 3.6258
6838 7.4613
6839 0.0000
6840 -4.6310
6841 -6.3519
6842 2.0104
6843 5.3208
6844 1.6907
6845 6.6141
6846 3.3516
6847 -0.4800
6848 0.0000
6849 9.2680
6850 7.5197
6851 8.7683
6852 -3.2377
6853 0.1276
6854 3.9746
6855 0.0000
6856 0.9154
6857 3.1030
6858 7.4677
6859 0.0000
6860 4.9885
6861 -6.4268
6862 0.9471
6863 2.3689
6864 -7.6149
6865 -0.6687
6866 3.1349
6867 8.3697
6868 0.0000
6869 7.7841
6870 7.8618
6871 7.2797
6872 5.0915
6873 4.7895
6874 5.6693
6875 0.0000
6876 -2.6240
6877 7.4108
6878 2.3367
6879 0.0000
6880 0.3871
6881 0.4770
6882 -2.6850
6883 5.5131
6884 -6.2962
6885 7.2648
6886 1.2794
6887 -5.3327
6888 0.0000
6889 7.4705
6890 1.7825
6891 2.1845
6892 8.0816
6893 -0.9699
6894 3.1927
6895 0.0000
6896 -3.9076
6897 6.6254
6898 7.8068
6899 0.0000
6900 5.8289
6901 8.2567
6902 7.3375
6903 -2.1554
6904 -2.8957
6905 -1.6020
6906 -3.5896
6907 1.0798
6908 0.0000
6909 4.3065
6910 4.7980
6911 -5.7371
6912 5.4722
6913 2.0775
6914 2.9519
6915 0.0000
6916 -3.9607
6917 5.1095
6918 5.5497
6919 3.0779
6920 11.4493
6921 4.4559
6922 11.1990
6923 4.5643
6924 11.9509
6925 -0.4279
6926 7.8938
6927 1.4253
6928 0.5891
6929 1.6464
6930 0.0000
6931 3.1556
6932 7.9634
6933 5.0083
6934 9.3868
6935 1.7160
6936 -0.0504
6937 2.1998
6938 -0.5403
6939 0.0000
6940 0.9890
6941 1.6745
6942 11.7231
6943 5.9648
6944 0.7051
6945 4.9667
6946 0.0000
6947 4.0877
6948 3.3368
6949 2.4689
6950 0.0000
6951 8.0694
6952 -4.7228
6953 3.1933
6954 2.6315
6955 -3.8911
6956 14.4700
6957 6.3576
6958 2.7404
6959 0.0000
6960 12.4390
6961 5.9374
6962 -4.5526
6963 5.2466
6964 3.8429
6965 10.8049
6966 0.0000
6967 2.2881
6968 9.9299
6969 8.2829
6970 0.0000
6971 5.6967
6972 4.8947
6973 0.7252
6974 2.9774
6975 -2.7372
6976 8.3586
6977 6.5006
6978 0.3868
6979 0.0000
6980 0.4582
6981 3.4861
6982 1.7544
6983 3.4410
6984 7.4421
6985 4.5711
6986 0.0000
6987 2.5933
6988 11.1222
6989 0.1584
6990 0.0000
6991 9.1267
6992 -4.1480
6993 5.9362
6994 2.9338
6995 5.7570
6996 -0.0667
6997 -6.3531
6998 5.1313
6999 0.0000
7000 2.2979
7001 -1.2705
7002 5.8049
7003 8.3709
7004 2.4007
7005 7.0536
7006 0.0000
7007 3.7667
7008 3.7262
7009 5.9938
7010 2.3450
7011 7.9099
7012 5.4333
7013 14.7370
7014 -1.8421
7015 7.4302
7016 1.1621
7017 2.0992
7018 -4.2149
7019 3.7368
7020 1.5980
7021 0.0000
7022 11.2043
7023 5.0069
7024 1.3921
7025 4.5406
7026 -1.8413
7027 8.3389
7028 0.5781
7029 -6.3080
7030 0.0000
7031 6.1715
7032 -0.7053
7033 3.5830
7034 0.1049
7035 2.5750
7036 5.7337
7037 0.0000
7038 -1.1343
7039 6.7046
7040 1.6863
7041 0.0000
7042 2.1368
7043 0.2978
7044 9.1245
7045 3.0597
7046 -4.4181
7047 -2.2100
7048 4.7477
7049 7.5283
7050 0.0000
7051 0.5290
7052 -0.1542
7053 4.8624
7054 5.7624
7055 17.0732
7056 13.4028
7057 0.0000
7058 1.1063
7059 0.1091
7060 8.5215
7061 0.0000
7062 0.9409
7063 -1.6266
7064 10.2300
7065 2.6304
7066 -0.0028
7067 8.9020
7068 3.8571
7069 7.6483
7070 0.0000
7071 3.5275
7072 3.2299
7073 -0.1886
7074 0.1635
7075 4.7157
7076 3.8433
7077 0.0000
7078 -3.3736
7079 -7.2416
7080 5.2459
7081 0.0000
7082 5.8553
7083 1.8095
7084 5.6424
7085 3.0385
7086 0.7004
7087 -3.7670
7088 -1.8821
7089 2.8242
7090 0.0000
7091 -2.0284
7092 7.2482
7093 2.1836
7094 9.9091
7095 5.5312
7096 0.0388
7097 0.0000
7098 -2.2598
7099 0.0000
7100 0.3620
7101 0.0000
7102 2.8116
7103 6.7564
7104 -3.1939
7105 2.3896
7106 8.4672
7107 3.9111
7108 10.4112
7109 -0.4142
7110 0.0000
7111 3.3713
7112 7.0076
7113 9.7570
7114 1.4615
7115 1.3128
7116 3.3701
7117 0.0000
7118 -2.7615
7119 6.7237
7120 5.2669
7121 -2.0193
7122 7.5386
7123 2.6317
7124 0.0000
7125 3.5835
7126 -0.6115
7127 12.5299
7128 10.8964
7129 -1.9782
7130 0.4234
7131 0.0000
7132 0.4829
7133 11.6271
7134 3.9698
7135 2.9420
7136 1.1785
7137 -2.2368
7138 0.0000
7139 0.3175
7140 0.6895
7141 9.8623
7142 5.6242
7143 0.8890
7144 9.9349
7145 0.0000
7146 0.1733
7147 2.5682
7148 5.5782
7149 6.4652
7150 5.3258
7151 3.3423
7152 0.0000
7153 -1.5979
7154 2.5728
7155 1.0552
7156 -4.8871
7157 -4.2950
7158 0.8044
7159 0.0000
7160 -3.0200
7161 9.6213
7162 7.9303
7163 5.8446
7164 1.6471
7165 1.0355
7166 0.0000
7167 -0.1922
7168 3.8274
7169 0.6718
7170 0.5155
7171 9.0878
7172 10.0881
7173 0.0000
7174 -6.6123
7175 6.9855
7176 -1.0698
7177 4.9859
7178 2.5691
7179 5.6431
7180 0.0000
7181 -4.1412
7182 1.8028
7183 6.1328
7184 -0.7387
7185 12.1106
7186 6.2039
7187 0.0000
7188 -0.1665
7189 2.5188
7190 0.5661
7191 0.4986
7192 -3.7853
7193 1.9454
7194 0.0000
7195 -6.8642
7196 5.2358
7197 5.9622
7198 -2.1287
7199 6.1115
7200 6.0603
7201 0.0000
7202 8.2028
7203 0.7645
7204 -2.2162
7205 9.7830
7206 15.0948
7207 3.8287
7208 0.0000
7209 5.1462
7210 10.7167
7211 11.9112
7212 -2.9989
7213 1.2315
7214 -6.4132
7215 0.0000
7216 2.8279
7217 0.0000
7218 5.3117
7219 0.0000
7220 8.6232
7221 0.0000
7222 -0.5607
7223 4.5814
7224 0.0000
7225 -1.3760
7226 5.9612
7227 0.5098
7228 -1.3025
7229 0.0000
7230 3.1959
7231 0.5379
7232 4.9225
7233 0.0000
7234 11.4739
7235 7.1740
7236 8.0983
7237 0.0000
7238 7.6229
7239 -1.3402
7240 2.0735
7241 -5.3047
7242 0.5668
7243 6.5771
7244 9.3951
7245 3.4463
7246 -5.6635
7247 0.0000
7248 0.8953
7249 -0.8591
7250 -0.0933
7251 14.2945
7252 4.0856
7253 6.9017
7254 0.0000
7255 3.1275
7256 3.4483
7257 6.1169
7258 2.6710
7259 2.6871
7260 7.1782
7261 0.0000
7262 -1.9163
7263 2.7493
7264 0.6367
7265 2.4087
7266 3.5354
7267 6.9002
7268 0.0000
7269 1.4428
7270 -0.6841
7271 2.0641
7272 8.9119
7273 1.5959
7274 -1.5216
7275 0.0000
7276 2.5989
7277 7.2259
7278 6.0407
7279 2.4382
7280 1.9233
7281 5.8154
7282 0.0000
7283 3.5844
7284 5.8103
7285 2.7693
7286 0.5136
7287 10.5300
7288 6.7734
7289 0.0000
7290 7.8052
7291 4.3490
7292 10.0404
7293 6.3682
7294 0.2729
7295 -0.7451
7296 0.0000
7297 -4.5799
7298 1.1335
7299 1.7310
7300 3.9268
7301 1.0974
7302 10.5161
7303 0.0000
7304 0.0312
7305 1.4980
7306 13.9438
7307 7.6106
7308 4.3505
7309 2.8470
7310 0.0000
7311 2.3245
7312 -1.3147
7313 0.0939
7314 13.0635
7315 6.7221
7316 -0.8201
7317 0.0000
7318 -0.0354
7319 5.0022
7320 6.4927
7321 2.7544
7322 -0.7819
7323 -1.6477
7324 0.0000
7325 1.2973
7326 -2.6998
7327 0.0000
7328 -0.4845
7329 1.1446
7330 1.9977
7331 5.4582
7332 -1.2235
7333 3.5024
7334 4.7677
7335 4.7459
7336 0.0000
7337 4.7977
7338 4.0690
7339 0.0000
7340 4.3652
7341 0.0000
7342 -1.2206
7343 0.0000
7344 3.2048
7345 1.7067
7346 0.0000
7347 4.0014
7348 5.9068
7349 0.0000
7350 4.4994
7351 3.4325
7352 4.3540
7353 0.0000
7354 -7.9050
7355 3.7759
7356 0.0000
7357 -4.0036
7358 -1.0631
7359 -3.6500
7360 0.0000
7361 0.2451
7362 1.0228
7363 0.0000
7364 5.4441
7365 6.8773
7366 5.3695
7367 0.0000
7368 4.6423
7369 9.1779
7370 0.0000
7371 6.4084
7372 4.6220
7373 2.3774
7374 0.0000
7375 6.6056
7376 10.1713
7377 0.0000
7378 0.1133
7379 4.0651
7380 5.2096
7381 0.0000
7382 2.0404
7383 9.3107
7384 0.0000
7385 -0.2092
7386 2.4753
7387 4.8181
7388 0.0000
7389 2.0285
7390 2.1377
7391 0.0000
7392 -0.7753
7393 -2.0993
7394 -1.4864
7395 0.0000
7396 -2.5730
7397 6.9380
7398 0.0000
7399 11.0965
7400 5.8285
7401 0.8922
7402 0.0000
7403 3.3023
7404 8.1598
7405 0.0000
7406 7.5491
7407 8.2796
7408 4.9177
7409 0.0000
7410 -2.6655
7411 -0.8473
7412 0.0000
7413 -6.2799
7414 -0.8301
7415 2.3035
7416 0.0000
7417 -2.7154
7418 4.3671
7419 0.0000
7420 1.1749
7421 7.1385
7422 4.6582
7423 0.0000
7424 -2.1691
7425 2.1308
7426 0.0000
7427 5.6138
7428 -5.9520
7429 1.0029
7430 0.0000
7431 -0.5220
7432 6.5372
7433 0.0000
7434 3.9972
7435 2.4729
7436 11.5866
7437 0.0000
7438 2.3692
7439 1.0772
7440 0.0000
7441 1.6445
7442 0.7411
7443 5.9720
7444 0.0000
7445 10.3193
7446 4.8503
7447 0.0000
7448 9.5190
7449 10.6224
7450 4.1812
7451 0.0000
7452 -1.6505
7453 5.0044
7454 0.0000
7455 6.5069
7456 3.8769
7457 4.7471
7458 0.0000
7459 3.0322
7460 0.0000
7461 0.7055
7462 0.0000
7463 4.7387
7464 4.7265
7465 0.0000
7466 3.8617
7467 0.0000
7468 -2.5960
7469 0.0000
7470 2.0244
7471 6.1703
7472 -0.8508
7473 0.0000
7474 9.8062
7475 5.9545
7476 4.2656
7477 0.0000
7478 8.9570
7479 3.3395
7480 3.1852
7481 0.0000
7482 15.6351
7483 0.0000
7484 0.8933
7485 0.0000
7486 3.1179
7487 7.7964
7488 0.0000
7489 4.9449
7490 0.0000
7491 11.4423
7492 1.5984
7493 -4.0511
7494 5.8130
7495 -1.3248
7496 6.3095
7497 9.5931
7498 5.5921
7499 0.0000
7500 0.6145
7501 6.8019
7502 5.7242
7503 4.6096
7504 0.1222
7505 -4.7891
7506 0.0000
7507 4.7771
7508 2.9544
7509 5.6191
7510 4.8119
7511 2.6886
7512 -9.7757
7513 0.0000
7514 -5.5641
7515 6.1921
7516 12.1660
7517 5.0557
7518 8.6931
7519 2.2518
7520 0.0000
7521 -3.8355
7522 2.0948
7523 4.6604
7524 1.4964
7525 -0.1328
7526 1.9974
7527 0.0000
7528 2.5355
7529 0.4942
7530 7.7119
7531 9.2641
7532 4.4741
7533 5.6739
7534 0.0000
7535 -5.2764
7536 1.4843
7537 8.9879
7538 1.9566
7539 9.5891
7540 -1.5750
7541 0.0000
7542 -0.8459
7543 8.2349
7544 6.8799
7545 1.6659
7546 2.0717
7547 5.7437
7548 0.0000
7549 10.2780
7550 2.8616
7551 -0.9743
7552 4.4880
7553 9.1513
7554 0.9152
7555 0.0000
7556 4.6656
7557 6.1102
7558 2.9699
7559 7.4095
7560 1.8428
7561 2.0253
7562 0.0000
7563 3.2885
7564 -1.7624
7565 6.4268
7566 12.2186
7567 9.0391
7568 2.5064
7569 0.0000
7570 3.3018
7571 5.7369
7572 1.3858
7573 2.3831
7574 -0.2020
7575 4.6753
7576 0.0000
7577 4.5419
7578 1.5193
7579 -1.6774
7580 9.1689
7581 8.6490
7582 1.1659
7583 0.0000
7584 0.0821
7585 2.4021
7586 4.2385
7587 -2.4488
7588 2.5621
7589 8.9615
7590 0.0000
7591 0.3956
7592 8.1364
7593 4.7783
7594 4.6077
7595 4.7098
7596 1.0927
7597 0.0000
7598 0.9442
7599 1.0000
7600 4.5223
7601 -4.0081
7602 -3.2374
7603 0.1363
7604 0.0000
7605 4.7390
7606 0.0000
7607 1.9285
7608 3.9398
7609 0.0000
7610 3.9102
7611 6.3221
7612 0.0000
7613 3.2595
7614 8.6803
7615 0.0000
7616 -6.1753
7617 0.0000
7618 1.1345
7619 8.3952
7620 0.0000
7621 6.1895
7622 3.0866
7623 0.0000
7624 -0.0809
7625 0.0000
7626 5.9353
7627 9.2644
7628 0.0000
7629 3.1306
7630 10.5799
7631 0.0000
7632 1.0061
7633 0.0000
7634 5.3972
7635 -0.9122
7636 0.0000
7637 3.2829
7638 4.6459
7639 0.0000
7640 -5.1815
7641 0.0000
7642 0.0683
7643 4.3919
7644 0.0000
7645 5.5097
7646 5.9108
7647 0.0000
7648 -0.9337
7649 0.0000
7650 6.5966
7651 7.5947
7652 0.0000
7653 2.4216
7654 5.2471
7655 0.0000
7656 -5.9659
7657 0.0000
7658 -0.4602
7659 7.2312
7660 0.0000
7661 2.4039
7662 -3.0512
7663 0.0000
7664 1.9695
7665 0.0000
7666 1.0844
7667 9.2826
7668 0.0000
7669 2.7944
7670 2.6770
7671 0.0000
7672 2.4522
7673 0.0000
7674 3.2319
7675 1.6055
7676 0.0000
7677 -1.2131
7678 3.4179
7679 0.0000
7680 2.0646
7681 0.0000
7682 -2.6080
7683 1.5561
7684 0.0000
7685 7.9572
7686 2.8126
7687 0.0000
7688 -2.5726
7689 0.0000
7690 4.7359
7691 1.0109
7692 0.0000
7693 5.0134
7694 -1.5135
7695 0.0000
7696 7.6203
7697 0.0000
7698 7.9823
7699 1.7470
7700 0.0000
7701 3.5903
7702 12.4070
7703 0.0000
7704 1.2949
7705 0.0000
7706 4.9795
7707 4.8061
7708 0.0000
7709 2.7947
7710 10.7601
7711 0.0000
7712 -1.9154
7713 0.0000
7714 -1.8554
7715 -4.0000
7716 0.0000
7717 3.4111
7718 3.7850
7719 0.0000
7720 0.3168
7721 0.0000
7722 4.7450
7723 4.4951
7724 0.0000
7725 9.6020
7726 -2.7423
7727 0.0000
7728 5.0430
7729 0.0000
7730 7.6134
7731 4.0042
7732 0.0000
7733 2.6083
7734 6.6024
7735 0.0000
7736 -2.3089
7737 0.0000
7738 -3.3947
7739 0.0000
7740 -6.8421
