# input  : 16 : 4A 57 7D 87 5F 93 E2 20 F3 AE 0B 00 A7 6D 04 88 
# output : 16 : F5 5D 6C 6E 76 9F 3C 91 CC 37 B5 2D 9D AA 65 E3 
# cycles : 7740
1 0.0000
2 2.7241
3 -2.3050
4 0.0000
5 -4.8923
6 0.0000
7 -1.9156
8 6.3933
9 0.0000
10 2.4123
11 -1.2970
12 0.0000
13 10.8169
14 0.0000
15 11.6276
16 9.8919
17 0.0000
18 -2.5031
19 -4.0530
20 0.0000
21 -1.2392
22 0.0000
23 5.4311
24 9.9808
25 0.0000
26 -0.2620
27 4.4561
28 0.0000
29 0.3182
30 0.0000
31 3.4976
32 6.0956
33 0.0000
34 -5.8116
35 6.1618
36 0.0000
37 -6.8887
38 0.0000
39 9.3363
40 10.2934
41 0.0000
42 7.3301
43 7.8657
44 0.0000
45 1.2412
46 0.0000
47 -1.5959
48 -0.9347
49 0.0000
50 4.1678
51 4.0765
52 0.0000
53 0.0961
54 0.0000
55 6.3920
56 3.7658
57 0.0000
58 2.7169
59 -0.8785
60 0.0000
61 6.7068
62 0.0000
63 3.5592
64 0.4150
65 0.0000
66 3.6290
67 1.0751
68 0.0000
69 5.5276
70 0.0000
71 8.0051
72 8.6316
73 0.0000
74 3.4195
75 1.6820
76 0.0000
77 -0.8859
78 0.0000
79 4.1470
80 4.5331
81 0.0000
82 8.0661
83 4.4336
84 0.0000
85 -0.2821
86 0.0000
87 3.5219
88 9.4393
89 0.0000
90 -1.8230
91 6.4962
92 0.0000
93 5.6570
94 0.0000
95 0.5394
96 9.6412
97 0.0000
98 6.3036
99 -2.6547
100 0.0000
101 -7.5375
102 0.0000
103 7.3869
104 7.5721
105 0.0000
106 -0.1733
107 8.4471
108 0.0000
109 3.7385
110 0.0000
111 -1.3891
112 11.2041
113 0.0000
114 -0.3417
115 -0.5905
116 0.0000
117 -6.6658
118 0.0000
119 2.2110
120 1.3280
121 0.0000
122 -5.4152
123 9.6800
124 0.0000
125 3.6557
126 0.0000
127 -5.5157
128 7.9724
129 0.0000
130 -5.1807
131 0.0264
132 0.0000
133 -1.4174
134 0.0000
135 6.1996
136 6.4257
137 0.0000
138 -2.8265
139 -1.0233
140 8.1350
141 0.0000
142 2.6728
143 3.8661
144 4.5129
145 6.4470
146 0.0000
147 7.9794
148 -3.2009
149 0.0000
150 5.9355
151 3.4631
152 -2.5465
153 -3.8109
154 0.0000
155 -0.5462
156 5.5206
157 0.0000
158 5.2344
159 -0.7191
160 3.3981
161 -1.6896
162 0.0000
163 3.9138
164 5.1546
165 0.0000
166 3.1150
167 2.0123
168 8.8889
169 -3.2461
170 0.0000
171 4.5539
172 -0.3517
173 0.0000
174 6.9574
175 -0.8300
176 2.6394
177 -0.3615
178 0.0000
179 0.5552
180 0.9776
181 0.0000
182 3.5300
183 -2.3272
184 2.3537
185 1.9587
186 0.0000
187 -2.6379
188 0.2371
189 0.0000
190 9.8959
191 4.7895
192 -0.9845
193 2.6603
194 0.0000
195 5.1652
196 6.9124
197 0.0000
198 14.1866
199 0.4016
200 1.7686
201 -3.4336
202 0.0000
203 0.8064
204 -3.4543
205 0.0000
206 7.3053
207 -3.5149
208 2.6962
209 -5.6426
210 0.0000
211 8.4172
212 2.8478
213 0.0000
214 16.1957
215 1.5191
216 -1.7362
217 0.1455
218 0.0000
219 -3.1709
220 9.1470
221 0.0000
222 10.0741
223 -0.3510
224 5.0029
225 4.6180
226 0.0000
227 0.0443
228 5.8705
229 0.0000
230 1.1700
231 -0.8578
232 3.4997
233 3.9470
234 0.0000
235 1.4938
236 -1.6128
237 0.0000
238 -3.2258
239 4.4599
240 1.1607
241 9.1007
242 0.0000
243 0.4453
244 2.0764
245 0.0000
246 3.7575
247 8.7807
248 9.1645
249 -6.6456
250 0.0000
251 -1.0549
252 -1.7119
253 0.0000
254 6.4081
255 2.2398
256 3.1078
257 3.9073
258 0.0000
259 -2.7489
260 5.5073
261 0.0000
262 1.5191
263 11.0873
264 8.7775
265 1.5392
266 0.0000
267 0.8136
268 -0.7694
269 0.0000
270 0.2282
271 0.0000
272 5.6922
273 6.3102
274 4.0705
275 -2.4268
276 3.4547
277 0.4113
278 1.5280
279 3.0762
280 0.0000
281 -3.4429
282 8.6858
283 6.1754
284 5.2338
285 0.6690
286 -7.6322
287 0.0000
288 5.3906
289 7.9326
290 -0.1316
291 3.1217
292 8.6159
293 0.3389
294 0.0000
295 -2.6572
296 7.0893
297 3.1503
298 3.6767
299 4.0290
300 5.9626
301 0.0000
302 -0.0030
303 8.3811
304 7.2214
305 5.3218
306 0.8526
307 -3.2064
308 0.0000
309 1.7371
310 2.1047
311 9.5654
312 6.5591
313 0.8281
314 13.5013
315 0.0000
316 -5.3483
317 3.6891
318 2.8159
319 -2.1200
320 5.2245
321 7.5384
322 0.0000
323 0.1365
324 3.2087
325 6.1588
326 7.2788
327 5.5628
328 5.9431
329 0.0000
330 2.9556
331 4.5279
332 3.8011
333 -6.2017
334 3.3094
335 7.9519
336 0.0000
337 2.5582
338 2.1807
339 10.6537
340 3.5989
341 4.9747
342 -1.4103
343 0.0000
344 2.8836
345 3.1851
346 3.5028
347 10.8555
348 7.2234
349 -3.5319
350 0.0000
351 -6.3791
352 -5.0096
353 -4.4987
354 -2.2144
355 -0.5960
356 1.7314
357 0.0000
358 -1.3170
359 5.2654
360 4.7218
361 7.2423
362 13.1623
363 10.4886
364 0.0000
365 2.7855
366 5.9160
367 2.0593
368 1.1156
369 2.1663
370 0.2051
371 0.0000
372 0.4990
373 9.6500
374 1.7103
375 2.0956
376 5.3558
377 2.9484
378 0.0000
379 0.9671
380 7.5791
381 2.5526
382 5.6998
383 -1.7336
384 -1.9334
385 0.0000
386 2.6920
387 0.0000
388 1.9945
389 0.0000
390 3.4115
391 0.0000
392 1.3006
393 4.5370
394 0.0000
395 4.6583
396 6.3183
397 6.1986
398 6.1177
399 0.0000
400 3.2858
401 4.0079
402 13.5224
403 0.0000
404 10.7225
405 5.2175
406 0.6001
407 0.0000
408 1.2673
409 2.0683
410 6.4129
411 -2.3147
412 -6.5714
413 10.0955
414 1.2731
415 -3.2980
416 7.9358
417 0.0000
418 5.6369
419 11.7366
420 8.1018
421 5.2234
422 6.9921
423 -2.2421
424 0.0000
425 7.1557
426 13.6103
427 2.7852
428 4.2905
429 5.9623
430 8.8630
431 0.0000
432 5.0219
433 2.4622
434 3.1593
435 7.0665
436 6.0038
437 3.5883
438 0.0000
439 -3.3184
440 1.0584
441 0.9650
442 5.9711
443 -0.2720
444 6.0377
445 0.0000
446 0.2447
447 0.8264
448 5.8615
449 6.6705
450 6.3325
451 3.7514
452 0.0000
453 -2.9491
454 -8.0243
455 2.0569
456 1.7118
457 1.0963
458 2.0725
459 0.0000
460 1.8396
461 5.1743
462 -0.4792
463 7.0810
464 2.5984
465 2.0632
466 0.0000
467 -5.0855
468 5.2985
469 7.3067
470 -2.4044
471 1.3184
472 4.4136
473 0.0000
474 1.5273
475 6.3057
476 8.0381
477 7.2623
478 -0.0762
479 6.2447
480 0.0000
481 -2.0455
482 0.7371
483 10.8453
484 1.3567
485 3.5579
486 1.6127
487 0.0000
488 7.5913
489 8.9517
490 -4.5473
491 3.4285
492 3.0769
493 4.6699
494 0.0000
495 -0.3530
496 6.7377
497 0.0000
498 6.3793
499 -1.3471
500 -0.3569
501 2.6441
502 1.9280
503 1.6740
504 0.2087
505 3.0703
506 0.0000
507 6.6818
508 1.7695
509 0.0000
510 -3.1984
511 2.4381
512 0.0000
513 4.3072
514 3.2338
515 0.0000
516 2.9613
517 1.1941
518 0.0000
519 10.3614
520 10.4374
521 -0.8976
522 0.0000
523 -6.3750
524 1.9212
525 0.0000
526 8.5428
527 4.4783
528 2.2587
529 0.0000
530 5.1323
531 8.4179
532 0.0000
533 3.4006
534 10.8869
535 3.5100
536 0.0000
537 5.0290
538 5.0115
539 0.0000
540 3.1682
541 7.4095
542 8.0993
543 0.0000
544 3.9809
545 7.4014
546 0.0000
547 5.3520
548 11.2224
549 4.3666
550 0.0000
551 -3.2961
552 8.2845
553 0.0000
554 10.9421
555 5.9496
556 9.6758
557 0.0000
558 -8.1460
559 3.5882
560 0.0000
561 2.6962
562 3.7194
563 6.1758
564 0.0000
565 -3.5115
566 -2.9407
567 0.0000
568 2.8014
569 -3.3632
570 5.3110
571 0.0000
572 -0.6763
573 -2.0438
574 0.0000
575 4.6781
576 1.3075
577 6.5496
578 0.0000
579 1.5808
580 4.3817
581 0.0000
582 8.5021
583 12.2054
584 -6.4815
585 0.0000
586 3.2486
587 10.2232
588 0.0000
589 3.5249
590 -1.0330
591 6.3608
592 0.0000
593 -0.0010
594 -0.2453
595 0.0000
596 -1.4222
597 6.4402
598 2.5860
599 0.0000
600 6.2322
601 7.4844
602 0.0000
603 2.5047
604 6.4949
605 7.1660
606 0.0000
607 1.2773
608 5.3493
609 0.0000
610 5.2107
611 2.5127
612 7.1757
613 0.0000
614 -4.1361
615 11.2426
616 0.0000
617 8.9595
618 3.4426
619 13.5940
620 0.0000
621 6.1924
622 2.1786
623 0.0000
624 -2.8347
625 12.1634
626 4.6140
627 0.0000
628 1.2466
629 0.0000
630 1.4223
631 0.0000
632 1.6045
633 10.4371
634 0.0000
635 1.2632
636 0.0000
637 1.9132
638 0.0000
639 6.7468
640 1.6121
641 -3.0656
642 0.0000
643 6.6646
644 0.5458
645 -4.9706
646 0.0000
647 7.1596
648 7.4056
649 -0.4319
650 0.0000
651 -1.6164
652 0.0000
653 0.0382
654 0.0000
655 -2.2251
656 2.1419
657 0.0000
658 -2.6302
659 0.0000
660 5.0941
661 0.7650
662 4.4169
663 11.7299
664 5.4486
665 -2.6346
666 9.2927
667 12.7222
668 -0.7355
669 4.5488
670 9.3713
671 4.3595
672 3.7938
673 4.1362
674 3.0153
675 -0.1062
676 0.0000
677 5.3766
678 -0.1515
679 1.1808
680 4.2827
681 3.6523
682 6.3531
683 -0.3104
684 7.1715
685 0.0000
686 0.8360
687 0.4575
688 7.8806
689 2.9316
690 -0.2689
691 2.2946
692 0.0000
693 1.4393
694 8.2844
695 7.7426
696 0.0000
697 1.9724
698 -2.0265
699 5.2586
700 -1.5708
701 -11.1549
702 -3.8073
703 0.7949
704 1.8718
705 0.0000
706 10.6726
707 6.3125
708 1.7020
709 1.6205
710 3.4589
711 6.2210
712 0.0000
713 -1.4757
714 4.6744
715 13.1237
716 0.0000
717 2.0619
718 5.0972
719 7.8480
720 8.1683
721 -3.4557
722 5.7080
723 1.1309
724 0.5031
725 0.0000
726 5.2562
727 -0.6186
728 3.1146
729 7.0293
730 8.1138
731 -2.2581
732 0.0000
733 -0.2122
734 -1.9110
735 1.4543
736 0.0000
737 6.2250
738 3.0706
739 1.0403
740 7.9358
741 -0.8991
742 -5.0539
743 -3.3250
744 0.5978
745 0.0000
746 7.1145
747 10.1079
748 4.5736
749 10.4136
750 7.7328
751 5.6346
752 0.0000
753 -2.4469
754 6.6985
755 6.3193
756 2.5090
757 5.3040
758 11.6128
759 7.6380
760 9.0895
761 -4.5964
762 6.1721
763 -5.0845
764 -6.1321
765 4.3780
766 -0.1558
767 0.0000
768 1.2313
769 3.7863
770 4.4183
771 10.2138
772 -0.7468
773 0.0911
774 -7.9662
775 10.5111
776 0.0000
777 5.6214
778 5.4624
779 0.7046
780 -0.0381
781 12.8211
782 6.4543
783 0.0000
784 7.1447
785 3.3079
786 4.0246
787 0.0000
788 4.9510
789 -0.2673
790 5.3421
791 3.3010
792 5.4369
793 -2.8017
794 2.1564
795 5.3807
796 0.0000
797 0.2829
798 2.7216
799 16.2406
800 -3.9104
801 3.4514
802 0.6036
803 0.0000
804 -0.9233
805 8.2421
806 4.2029
807 0.0000
808 -1.3230
809 1.5928
810 2.3632
811 8.3605
812 0.8587
813 7.1191
814 -3.3123
815 6.4607
816 0.0000
817 6.8234
818 8.7214
819 8.6329
820 2.8643
821 7.0257
822 2.5470
823 0.0000
824 -3.4833
825 1.4849
826 6.3776
827 0.0000
828 3.7322
829 1.9036
830 5.9701
831 5.2575
832 -4.9869
833 0.5843
834 -0.7688
835 4.3759
836 0.0000
837 5.2762
838 2.0154
839 1.1353
840 4.6289
841 7.6571
842 5.5106
843 0.0000
844 0.2734
845 7.6030
846 5.8794
847 1.8698
848 12.9195
849 11.9434
850 0.8985
851 2.3990
852 3.2529
853 2.9214
854 4.9768
855 2.9928
856 6.8181
857 4.0847
858 0.0000
859 3.3466
860 3.8944
861 2.2346
862 3.6024
863 7.5772
864 8.1778
865 -3.6032
866 1.8697
867 0.0000
868 8.8593
869 5.3714
870 3.3060
871 11.6193
872 4.8955
873 -2.9017
874 0.0000
875 4.5523
876 1.9995
877 9.2542
878 0.0000
879 1.6927
880 2.7021
881 3.1833
882 3.1328
883 0.0762
884 -5.2004
885 -5.2728
886 10.3849
887 0.0000
888 9.6674
889 12.8341
890 -3.6861
891 5.6302
892 1.1262
893 5.2852
894 0.0000
895 3.4866
896 4.2139
897 1.3771
898 0.0000
899 3.9109
900 6.7481
901 7.5351
902 -2.5752
903 -7.2118
904 -2.1371
905 1.3865
906 3.2065
907 0.0000
908 4.1361
909 4.9789
910 -1.7295
911 2.6082
912 5.3854
913 0.6590
914 0.0000
915 7.7765
916 9.3789
917 0.5275
918 0.0000
919 0.8728
920 7.5457
921 13.2331
922 3.7014
923 -5.7736
924 0.5968
925 -2.0807
926 1.9281
927 0.0000
928 9.5302
929 0.3230
930 -1.8665
931 5.7599
932 -0.9508
933 2.9646
934 0.0000
935 1.0127
936 13.0257
937 2.0815
938 2.0876
939 0.4043
940 -2.2895
941 14.2001
942 -6.4457
943 -0.4131
944 2.4355
945 8.2795
946 3.2845
947 8.5195
948 2.1899
949 0.0000
950 2.5988
951 -0.5048
952 -1.0972
953 -2.0253
954 2.3074
955 -0.6441
956 -2.1868
957 -1.2403
958 0.0000
959 3.0775
960 1.9355
961 16.2392
962 11.6130
963 0.9883
964 5.8601
965 0.0000
966 -1.5698
967 3.8396
968 6.3668
969 0.0000
970 4.7479
971 2.1448
972 5.3241
973 6.7762
974 2.6725
975 8.0483
976 6.3403
977 9.7272
978 0.0000
979 1.7785
980 -1.9231
981 1.3887
982 5.2586
983 5.2061
984 6.4078
985 0.0000
986 2.7509
987 -2.9849
988 7.8599
989 0.0000
990 15.3287
991 -0.6983
992 -3.7959
993 3.9321
994 -0.4849
995 9.6591
996 4.7351
997 3.5177
998 0.0000
999 5.4831
1000 1.5233
1001 2.0492
1002 -2.0189
1003 3.0881
1004 6.0774
1005 0.0000
1006 5.7503
1007 -2.9813
1008 -1.2114
1009 0.0000
1010 -1.3433
1011 -6.5940
1012 -3.2717
1013 -3.0390
1014 -0.2444
1015 -11.0604
1016 -2.4851
1017 2.3544
1018 0.0000
1019 4.8156
1020 3.5539
1021 4.1089
1022 3.5662
1023 5.6643
1024 7.1208
1025 0.0000
1026 0.9617
1027 0.0000
1028 4.6828
1029 0.0000
1030 5.8987
1031 2.3592
1032 2.6341
1033 1.6573
1034 3.5292
1035 7.9820
1036 5.3935
1037 3.0344
1038 0.0000
1039 -3.7190
1040 5.8696
1041 -4.0033
1042 8.9049
1043 5.8504
1044 8.0376
1045 0.0000
1046 7.9893
1047 -5.2478
1048 -2.4495
1049 5.1785
1050 -2.7927
1051 3.8500
1052 0.0000
1053 0.9721
1054 12.1666
1055 6.6166
1056 -1.9891
1057 11.7494
1058 6.4265
1059 0.0000
1060 7.2047
1061 8.4797
1062 0.7835
1063 2.7476
1064 -4.6015
1065 10.7898
1066 0.0000
1067 8.8419
1068 3.7780
1069 2.0340
1070 9.2625
1071 7.4931
1072 -0.2698
1073 0.0000
1074 0.0112
1075 12.3143
1076 10.1684
1077 8.3642
1078 3.3375
1079 3.6586
1080 0.0000
1081 -0.5628
1082 5.1953
1083 2.4319
1084 6.5499
1085 -2.2685
1086 5.2366
1087 0.0000
1088 -3.1942
1089 8.7187
1090 3.6801
1091 10.5826
1092 -1.0258
1093 5.0391
1094 0.0000
1095 -1.0609
1096 -0.8480
1097 8.1240
1098 10.2577
1099 1.0435
1100 2.9506
1101 0.0000
1102 -2.0578
1103 2.1229
1104 4.3142
1105 6.0733
1106 7.5678
1107 0.0573
1108 0.0000
1109 6.0580
1110 -0.3492
1111 5.7253
1112 6.8186
1113 2.5806
1114 -3.0536
1115 0.0000
1116 2.3240
1117 7.1844
1118 1.0548
1119 5.4379
1120 10.0665
1121 -6.6366
1122 0.0000
1123 -2.6759
1124 7.9670
1125 3.1483
1126 -2.2184
1127 6.3486
1128 2.5846
1129 0.0000
1130 -0.1486
1131 6.2209
1132 12.0678
1133 -2.2904
1134 9.3000
1135 5.7551
1136 0.0000
1137 -3.8447
1138 4.7782
1139 4.9670
1140 3.3644
1141 0.0259
1142 5.1717
1143 0.0000
1144 3.1669
1145 0.0000
1146 -2.6182
1147 0.0000
1148 0.7406
1149 0.0000
1150 0.6992
1151 2.6068
1152 0.0000
1153 6.5957
1154 9.4942
1155 8.6803
1156 2.0334
1157 0.0000
1158 4.1196
1159 5.4739
1160 1.5743
1161 0.0000
1162 -0.9540
1163 4.8072
1164 9.6051
1165 0.0000
1166 8.7369
1167 3.4639
1168 7.7742
1169 -1.1949
1170 5.6817
1171 -3.3919
1172 0.1744
1173 0.6646
1174 3.6175
1175 0.0000
1176 2.2116
1177 -2.0767
1178 3.5620
1179 7.2579
1180 1.8824
1181 8.0500
1182 0.0000
1183 0.0671
1184 3.7139
1185 10.1897
1186 4.2048
1187 2.5489
1188 2.3000
1189 0.0000
1190 2.0980
1191 0.3358
1192 4.1827
1193 0.9839
1194 5.9728
1195 -4.1574
1196 0.0000
1197 2.3853
1198 -2.1354
1199 -0.3863
1200 2.4767
1201 -0.5769
1202 4.4490
1203 0.0000
1204 -5.7641
1205 9.9707
1206 -1.8002
1207 -3.5133
1208 0.8535
1209 0.9931
1210 0.0000
1211 -6.3160
1212 9.9494
1213 1.2461
1214 1.3466
1215 6.5644
1216 0.1618
1217 0.0000
1218 4.7400
1219 3.7824
1220 -1.3849
1221 4.0380
1222 6.1709
1223 0.0200
1224 0.0000
1225 0.7325
1226 6.6829
1227 3.6539
1228 4.2704
1229 1.1875
1230 0.7677
1231 0.0000
1232 5.7395
1233 -1.1487
1234 7.0847
1235 9.5573
1236 7.8946
1237 -5.5950
1238 0.0000
1239 0.9611
1240 -5.3401
1241 -2.3538
1242 6.9415
1243 1.6549
1244 7.8186
1245 0.0000
1246 2.9328
1247 6.2148
1248 13.8361
1249 4.8089
1250 3.2921
1251 3.8509
1252 0.0000
1253 -7.3358
1254 4.9158
1255 0.0000
1256 6.1378
1257 -1.2371
1258 -0.3225
1259 -6.5029
1260 -6.6671
1261 4.9557
1262 1.9306
1263 3.6079
1264 0.0000
1265 -8.3064
1266 -0.2274
1267 0.0000
1268 5.9700
1269 0.0000
1270 3.0794
1271 0.0000
1272 1.6104
1273 6.6743
1274 0.0000
1275 2.6482
1276 10.9160
1277 0.0000
1278 2.9461
1279 -6.5458
1280 3.9121
1281 0.0000
1282 2.6044
1283 -4.7768
1284 0.0000
1285 0.7032
1286 0.0401
1287 3.7563
1288 0.0000
1289 2.8399
1290 3.5274
1291 0.0000
1292 5.0557
1293 6.4016
1294 3.2594
1295 0.0000
1296 2.4675
1297 5.3701
1298 0.0000
1299 7.9652
1300 5.3438
1301 0.4205
1302 0.0000
1303 -2.4984
1304 -0.1019
1305 0.0000
1306 2.8421
1307 6.7338
1308 1.2703
1309 0.0000
1310 9.4563
1311 1.4459
1312 0.0000
1313 7.2226
1314 5.4847
1315 1.2210
1316 0.0000
1317 -2.1422
1318 4.3477
1319 0.0000
1320 -0.3083
1321 3.0203
1322 7.7944
1323 0.0000
1324 -3.4804
1325 4.6159
1326 0.0000
1327 -2.4535
1328 0.3290
1329 2.4169
1330 0.0000
1331 -1.9919
1332 9.6789
1333 0.0000
1334 2.7842
1335 -1.0263
1336 10.7875
1337 0.0000
1338 -4.0333
1339 0.7868
1340 0.0000
1341 3.3824
1342 2.1077
1343 5.0203
1344 0.0000
1345 -5.0413
1346 6.8551
1347 0.0000
1348 0.7131
1349 -3.7444
1350 2.1899
1351 0.0000
1352 2.2265
1353 6.8362
1354 0.0000
1355 -2.6969
1356 11.1846
1357 7.4852
1358 0.0000
1359 -1.5386
1360 7.5895
1361 0.0000
1362 4.7197
1363 10.1951
1364 3.7432
1365 0.0000
1366 -1.4788
1367 -4.2894
1368 0.0000
1369 1.4236
1370 -3.6381
1371 6.5655
1372 0.0000
1373 3.7646
1374 0.8089
1375 0.0000
1376 5.4385
1377 3.1628
1378 12.3934
1379 0.0000
1380 3.3275
1381 -0.8782
1382 0.0000
1383 11.4267
1384 5.6059
1385 -0.3626
1386 0.0000
1387 -1.6978
1388 0.0000
1389 1.1704
1390 0.0000
1391 1.6433
1392 2.1724
1393 0.0000
1394 14.2599
1395 0.0000
1396 -1.6465
1397 0.0000
1398 5.1603
1399 2.8583
1400 1.6162
1401 0.0000
1402 -4.0453
1403 7.7064
1404 2.1715
1405 0.0000
1406 0.4494
1407 2.3218
1408 0.5045
1409 0.0000
1410 2.9452
1411 0.0000
1412 3.4153
1413 0.0000
1414 1.2454
1415 6.0777
1416 0.0000
1417 1.6995
1418 0.0000
1419 2.5983
1420 6.3024
1421 1.2926
1422 -6.2993
1423 5.5353
1424 9.2058
1425 3.7522
1426 5.4032
1427 2.9019
1428 6.3092
1429 0.9099
1430 0.4595
1431 0.4244
1432 -0.1858
1433 -0.5821
1434 2.6730
1435 0.0000
1436 5.4986
1437 6.3438
1438 5.8022
1439 8.0018
1440 -3.3722
1441 11.6920
1442 8.1735
1443 9.3353
1444 0.0000
1445 6.0958
1446 0.6526
1447 0.1357
1448 7.1096
1449 0.0750
1450 4.5242
1451 0.0000
1452 -1.6009
1453 12.7655
1454 9.7578
1455 0.0000
1456 9.5978
1457 -3.3130
1458 13.9087
1459 7.0343
1460 3.7031
1461 10.4616
1462 4.7914
1463 5.9033
1464 0.0000
1465 12.6032
1466 6.9458
1467 2.1137
1468 3.9233
1469 2.3011
1470 4.2834
1471 0.0000
1472 -1.5028
1473 7.8346
1474 8.5550
1475 0.0000
1476 4.4838
1477 5.8010
1478 8.6038
1479 7.7077
1480 -0.7941
1481 -2.2272
1482 1.9425
1483 4.6707
1484 0.0000
1485 3.2188
1486 2.7644
1487 5.8029
1488 0.9366
1489 -4.6833
1490 5.1307
1491 0.0000
1492 -1.0019
1493 3.4548
1494 10.2827
1495 0.0000
1496 4.9559
1497 -0.8711
1498 3.9187
1499 10.8327
1500 3.4811
1501 8.6690
1502 7.4381
1503 12.0453
1504 0.0000
1505 12.6072
1506 0.8796
1507 2.1515
1508 14.0989
1509 -5.3022
1510 2.2478
1511 0.0000
1512 7.8757
1513 3.2727
1514 0.2747
1515 8.1890
1516 0.9709
1517 7.0906
1518 8.3812
1519 0.1869
1520 4.7478
1521 11.5611
1522 3.4415
1523 4.4055
1524 3.5240
1525 2.8468
1526 0.0000
1527 -2.2690
1528 1.5797
1529 10.3352
1530 5.1424
1531 2.3320
1532 7.7078
1533 -1.5963
1534 6.2912
1535 0.0000
1536 7.3230
1537 2.7601
1538 1.7013
1539 -4.3993
1540 6.3122
1541 1.1497
1542 0.0000
1543 1.8326
1544 -0.2504
1545 2.6933
1546 0.0000
1547 5.7234
1548 5.6846
1549 0.7599
1550 -1.0383
1551 -1.0153
1552 -5.5470
1553 -0.2792
1554 -2.9053
1555 0.0000
1556 1.8530
1557 11.7664
1558 5.7059
1559 12.8080
1560 10.4217
1561 11.7878
1562 0.0000
1563 -11.8884
1564 5.8317
1565 6.5805
1566 0.0000
1567 4.5395
1568 0.2666
1569 5.9131
1570 8.7319
1571 -0.4836
1572 9.3032
1573 0.5000
1574 7.1794
1575 0.0000
1576 8.6472
1577 10.9710
1578 4.5365
1579 10.2317
1580 5.8612
1581 3.4748
1582 0.0000
1583 -0.6761
1584 5.3870
1585 5.3583
1586 0.0000
1587 7.3467
1588 2.3265
1589 2.3572
1590 1.6681
1591 -8.8187
1592 4.9153
1593 -3.5155
1594 1.8596
1595 0.0000
1596 5.8843
1597 0.9749
1598 5.6426
1599 5.1168
1600 0.0281
1601 10.5636
1602 0.0000
1603 4.2253
1604 -0.9568
1605 8.8794
1606 -1.4719
1607 5.4573
1608 6.0446
1609 -1.1744
1610 2.3491
1611 10.7369
1612 0.7668
1613 -2.4713
1614 2.5652
1615 1.7235
1616 0.6964
1617 0.0000
1618 3.5083
1619 -5.4279
1620 9.9632
1621 6.1712
1622 -5.9363
1623 7.3306
1624 2.9481
1625 3.6908
1626 0.0000
1627 3.5614
1628 5.4130
1629 -0.7921
1630 10.4247
1631 6.7599
1632 -2.9706
1633 0.0000
1634 1.9615
1635 0.5723
1636 7.6356
1637 0.0000
1638 14.0050
1639 -3.0805
1640 3.7616
1641 7.2464
1642 -0.8613
1643 8.3016
1644 0.6835
1645 7.0353
1646 0.0000
1647 1.4670
1648 4.5523
1649 7.4107
1650 3.1858
1651 6.6341
1652 6.0658
1653 0.0000
1654 3.6683
1655 5.2407
1656 -0.6533
1657 0.0000
1658 6.5752
1659 -0.8680
1660 6.7113
1661 -2.4780
1662 -4.6863
1663 0.8237
1664 3.1084
1665 2.3859
1666 0.0000
1667 6.6583
1668 2.9498
1669 4.8905
1670 1.9136
1671 2.2649
1672 1.9563
1673 0.0000
1674 3.9872
1675 6.7652
1676 2.0485
1677 0.0000
1678 6.4380
1679 0.9797
1680 -0.3237
1681 -1.1949
1682 0.2140
1683 3.0039
1684 1.6427
1685 -0.6501
1686 0.0000
1687 5.2767
1688 4.4174
1689 3.2682
1690 0.4209
1691 0.8102
1692 8.8390
1693 0.0000
1694 1.5597
1695 5.9274
1696 5.8629
1697 6.5688
1698 7.3035
1699 8.7529
1700 4.0215
1701 4.4767
1702 3.1520
1703 9.5715
1704 8.3371
1705 0.6998
1706 6.2472
1707 -0.7783
1708 0.0000
1709 4.1934
1710 -2.5222
1711 1.9466
1712 3.9784
1713 2.7587
1714 11.0551
1715 6.0954
1716 3.4477
1717 0.0000
1718 -0.1631
1719 1.2365
1720 7.4479
1721 -4.2535
1722 -2.8788
1723 4.2859
1724 0.0000
1725 4.5046
1726 0.6646
1727 9.8754
1728 0.0000
1729 4.8128
1730 5.8570
1731 6.0108
1732 4.9735
1733 -1.3329
1734 5.7882
1735 -1.8694
1736 1.1560
1737 0.0000
1738 8.1196
1739 2.0373
1740 1.6854
1741 3.6331
1742 6.7564
1743 2.7647
1744 0.0000
1745 1.1666
1746 1.8633
1747 2.7531
1748 0.0000
1749 -4.1398
1750 2.4729
1751 4.0032
1752 7.1089
1753 2.0566
1754 -1.0535
1755 1.4514
1756 5.9397
1757 0.0000
1758 5.9089
1759 12.2019
1760 9.4640
1761 1.5457
1762 -3.3406
1763 -1.9761
1764 0.0000
1765 1.1805
1766 2.3771
1767 9.3345
1768 0.0000
1769 8.0648
1770 0.8900
1771 10.5953
1772 1.4831
1773 -4.3403
1774 15.0175
1775 1.7091
1776 4.7562
1777 0.0000
1778 6.3889
1779 4.3949
1780 1.8663
1781 4.8158
1782 -1.6680
1783 2.9861
1784 0.0000
1785 -3.7456
1786 0.0000
1787 4.1327
1788 0.0000
1789 4.9954
1790 2.8514
1791 1.1783
1792 4.5279
1793 -7.4719
1794 -0.8379
1795 2.5012
1796 4.5867
1797 0.0000
1798 5.7673
1799 1.7736
1800 4.6164
1801 10.4663
1802 5.6848
1803 3.6503
1804 0.0000
1805 10.7618
1806 8.6729
1807 0.4113
1808 1.9906
1809 5.5069
1810 11.5095
1811 0.0000
1812 -0.7097
1813 9.3010
1814 0.5274
1815 14.1210
1816 7.6159
1817 -5.0840
1818 0.0000
1819 8.3386
1820 -4.7565
1821 9.4402
1822 6.0601
1823 3.9362
1824 5.1129
1825 0.0000
1826 0.5337
1827 8.5787
1828 11.4221
1829 4.8837
1830 -3.6247
1831 1.4291
1832 0.0000
1833 1.3232
1834 0.0799
1835 5.7757
1836 7.2089
1837 5.7847
1838 -0.9458
1839 0.0000
1840 -1.3951
1841 -0.0143
1842 -0.4627
1843 -0.1665
1844 -0.3702
1845 6.1640
1846 0.0000
1847 8.4754
1848 9.9109
1849 3.4773
1850 -0.4724
1851 5.3170
1852 -0.1022
1853 0.0000
1854 -3.8317
1855 7.7345
1856 2.2774
1857 1.3788
1858 7.6043
1859 4.0920
1860 0.0000
1861 4.5093
1862 2.9266
1863 -1.5974
1864 -3.5226
1865 5.3792
1866 6.2541
1867 0.0000
1868 -2.7928
1869 4.0046
1870 4.5608
1871 1.3554
1872 1.0219
1873 2.8803
1874 0.0000
1875 10.2072
1876 1.8464
1877 7.7208
1878 -4.8393
1879 12.2350
1880 13.5161
1881 0.0000
1882 4.9915
1883 2.2193
1884 6.5479
1885 7.7982
1886 7.4833
1887 5.3372
1888 0.0000
1889 0.3629
1890 10.3438
1891 3.7980
1892 0.9196
1893 2.5177
1894 1.9202
1895 0.0000
1896 2.8469
1897 -0.0366
1898 4.9221
1899 -2.3461
1900 6.1902
1901 1.1629
1902 0.0000
1903 -4.5652
1904 0.0000
1905 4.6838
1906 0.0000
1907 7.9525
1908 0.0000
1909 8.1481
1910 0.2207
1911 0.0000
1912 4.9336
1913 5.6776
1914 2.8100
1915 3.5318
1916 0.0000
1917 -0.6408
1918 0.1662
1919 5.7012
1920 0.0000
1921 5.8441
1922 3.3071
1923 4.3772
1924 0.0000
1925 8.2651
1926 15.1615
1927 2.6473
1928 -0.1059
1929 5.1608
1930 2.4650
1931 4.6111
1932 2.8134
1933 6.0409
1934 0.0000
1935 -2.9267
1936 -1.0960
1937 2.6110
1938 1.9055
1939 2.7221
1940 10.4622
1941 0.0000
1942 0.7486
1943 5.7040
1944 10.4206
1945 5.9660
1946 5.0826
1947 10.4750
1948 0.0000
1949 -0.9720
1950 1.0932
1951 -2.4345
1952 7.8823
1953 4.5308
1954 0.9799
1955 0.0000
1956 0.6698
1957 5.9742
1958 6.2898
1959 -2.5026
1960 2.7798
1961 2.0111
1962 0.0000
1963 0.5156
1964 0.8336
1965 3.5584
1966 4.8320
1967 7.1568
1968 4.9713
1969 0.0000
1970 -6.7965
1971 8.9397
1972 9.5171
1973 0.0932
1974 2.2485
1975 -0.5580
1976 0.0000
1977 -2.6137
1978 0.5811
1979 6.7804
1980 4.6999
1981 -1.9701
1982 7.3714
1983 0.0000
1984 6.4013
1985 0.4015
1986 4.5226
1987 4.3686
1988 -1.2496
1989 6.7563
1990 0.0000
1991 -1.5397
1992 -2.9591
1993 9.1906
1994 0.5948
1995 1.3142
1996 1.7247
1997 0.0000
1998 3.7771
1999 3.4467
2000 4.4732
2001 7.7725
2002 -1.7420
2003 3.7441
2004 0.0000
2005 3.6709
2006 7.5927
2007 9.0620
2008 10.4193
2009 -4.2107
2010 4.2451
2011 0.0000
2012 -1.7136
2013 9.0699
2014 0.0000
2015 4.7047
2016 -3.2419
2017 0.8001
2018 4.6974
2019 -12.2397
2020 -0.5140
2021 -0.3476
2022 -3.3016
2023 0.0000
2024 1.4968
2025 -0.9362
2026 0.0000
2027 3.6302
2028 0.0000
2029 -0.4877
2030 0.0000
2031 6.2944
2032 5.7446
2033 0.0000
2034 12.4979
2035 4.7677
2036 0.0000
2037 -2.2262
2038 0.1343
2039 -0.3214
2040 0.0000
2041 2.1220
2042 2.6785
2043 0.0000
2044 4.2728
2045 13.2827
2046 1.6371
2047 0.0000
2048 -0.7743
2049 5.4113
2050 0.0000
2051 6.8183
2052 3.4744
2053 -1.6893
2054 0.0000
2055 3.6318
2056 5.0762
2057 0.0000
2058 5.1914
2059 1.2917
2060 7.9037
2061 0.0000
2062 0.6928
2063 5.3258
2064 0.0000
2065 3.2305
2066 2.4412
2067 7.4281
2068 0.0000
2069 3.6578
2070 2.0791
2071 0.0000
2072 7.5130
2073 -0.3585
2074 2.7645
2075 0.0000
2076 7.4875
2077 5.4254
2078 0.0000
2079 -0.3453
2080 7.1746
2081 3.7367
2082 0.0000
2083 -0.1654
2084 7.3874
2085 0.0000
2086 -5.6765
2087 4.5269
2088 -3.5059
2089 0.0000
2090 -5.1855
2091 1.0266
2092 0.0000
2093 8.3381
2094 11.7658
2095 7.4613
2096 0.0000
2097 4.5767
2098 -0.5789
2099 0.0000
2100 10.5491
2101 3.8312
2102 -3.2624
2103 0.0000
2104 2.5105
2105 -5.6094
2106 0.0000
2107 0.0879
2108 14.3446
2109 -2.7070
2110 0.0000
2111 -4.1030
2112 2.2557
2113 0.0000
2114 7.7933
2115 7.7224
2116 6.8251
2117 0.0000
2118 -6.6127
2119 -1.5914
2120 0.0000
2121 -3.4612
2122 -2.8685
2123 10.1367
2124 0.0000
2125 8.6237
2126 7.7330
2127 0.0000
2128 8.4813
2129 -4.4220
2130 2.0159
2131 0.0000
2132 -1.9711
2133 3.3632
2134 0.0000
2135 2.5811
2136 6.3713
2137 2.9531
2138 0.0000
2139 8.0443
2140 8.4652
2141 0.0000
2142 5.3799
2143 -3.0146
2144 10.9977
2145 0.0000
2146 0.4533
2147 0.0000
2148 -4.7884
2149 0.0000
2150 -0.8560
2151 0.8536
2152 0.0000
2153 3.4873
2154 0.0000
2155 2.9033
2156 0.0000
2157 3.4842
2158 14.0352
2159 6.4048
2160 0.0000
2161 3.7390
2162 7.7533
2163 4.0870
2164 0.0000
2165 11.7466
2166 0.6972
2167 8.5465
2168 0.0000
2169 5.4021
2170 0.0000
2171 8.3987
2172 0.0000
2173 5.7390
2174 4.8010
2175 0.0000
2176 3.8774
2177 0.0000
2178 4.1741
2179 -8.0946
2180 4.7839
2181 9.1842
2182 2.9311
2183 5.0636
2184 -1.5329
2185 2.7181
2186 -0.7002
2187 3.8898
2188 -1.1901
2189 4.7367
2190 6.4599
2191 5.2546
2192 7.7071
2193 6.1449
2194 0.0000
2195 5.7667
2196 0.8744
2197 10.1306
2198 9.4693
2199 -2.1917
2200 3.4905
2201 6.0145
2202 12.7729
2203 0.0000
2204 7.0494
2205 -1.9238
2206 10.2245
2207 -5.0370
2208 -1.5959
2209 2.7848
2210 0.0000
2211 -3.0968
2212 9.3773
2213 -2.3907
2214 0.0000
2215 1.4808
2216 0.8301
2217 2.3697
2218 6.1602
2219 0.2460
2220 5.7298
2221 8.8843
2222 -0.2852
2223 0.0000
2224 2.9976
2225 0.4793
2226 0.3486
2227 1.7857
2228 8.5723
2229 0.5438
2230 0.0000
2231 4.2690
2232 7.7823
2233 10.5801
2234 0.0000
2235 -0.2619
2236 -1.2649
2237 5.8455
2238 3.4196
2239 5.4872
2240 3.6839
2241 -0.8450
2242 7.4169
2243 0.0000
2244 -4.7085
2245 -2.3950
2246 4.5328
2247 8.4437
2248 4.7790
2249 -1.0226
2250 0.0000
2251 0.7370
2252 -2.8181
2253 -0.0194
2254 0.0000
2255 -0.2460
2256 1.4661
2257 -3.0410
2258 1.8577
2259 1.6309
2260 -2.3480
2261 -0.2023
2262 6.0792
2263 0.0000
2264 4.6278
2265 3.8733
2266 4.1154
2267 -0.3030
2268 1.7943
2269 2.2365
2270 0.0000
2271 -0.6907
2272 -0.5428
2273 6.0791
2274 -2.3592
2275 0.0015
2276 -1.5469
2277 -1.6968
2278 4.3893
2279 7.0074
2280 3.4108
2281 2.7274
2282 1.5332
2283 1.3923
2284 4.3243
2285 0.0000
2286 6.3629
2287 -4.1741
2288 4.0866
2289 5.5426
2290 -6.9089
2291 5.9664
2292 1.8907
2293 2.8525
2294 0.0000
2295 3.7124
2296 0.5546
2297 15.0789
2298 1.0591
2299 5.1865
2300 2.0834
2301 0.0000
2302 -1.0512
2303 12.0009
2304 9.7046
2305 0.0000
2306 -6.4472
2307 3.4994
2308 11.0647
2309 -4.1063
2310 -4.7551
2311 0.1117
2312 -10.5188
2313 6.3392
2314 0.0000
2315 1.5727
2316 0.8907
2317 -9.4098
2318 -0.4757
2319 10.5599
2320 1.9103
2321 0.0000
2322 5.5535
2323 2.3424
2324 1.9607
2325 0.0000
2326 2.0058
2327 0.3792
2328 10.1254
2329 -1.9958
2330 1.7903
2331 -5.2901
2332 4.6650
2333 2.3730
2334 0.0000
2335 0.5802
2336 4.1892
2337 8.5520
2338 12.2561
2339 4.1844
2340 1.5855
2341 0.0000
2342 6.7960
2343 4.1209
2344 2.1724
2345 0.0000
2346 1.0813
2347 -1.3691
2348 -3.2107
2349 3.2287
2350 2.9611
2351 7.4875
2352 4.7670
2353 4.9222
2354 0.0000
2355 0.5409
2356 1.1229
2357 3.7195
2358 4.6535
2359 5.2044
2360 -0.0600
2361 0.0000
2362 0.1045
2363 14.3088
2364 -0.0673
2365 7.1001
2366 6.9598
2367 4.2797
2368 10.5761
2369 5.8249
2370 -1.8918
2371 2.7201
2372 5.9270
2373 1.6379
2374 3.3773
2375 3.2285
2376 0.0000
2377 -2.2101
2378 4.7830
2379 5.0296
2380 7.1105
2381 0.1156
2382 1.1989
2383 -2.0218
2384 -1.2494
2385 0.0000
2386 6.2840
2387 5.6870
2388 3.6876
2389 3.2349
2390 7.9133
2391 -0.1244
2392 0.0000
2393 4.7551
2394 4.7308
2395 6.1552
2396 0.0000
2397 5.4088
2398 -10.0564
2399 -4.3040
2400 2.4782
2401 -2.5265
2402 -6.5361
2403 -2.7312
2404 -2.9118
2405 0.0000
2406 9.7954
2407 -0.3925
2408 9.8507
2409 4.3927
2410 3.8410
2411 2.9902
2412 0.0000
2413 -1.1985
2414 4.1445
2415 1.5525
2416 0.0000
2417 1.9539
2418 -2.9228
2419 4.2404
2420 3.8185
2421 -3.8025
2422 4.3032
2423 -1.0509
2424 4.0874
2425 0.0000
2426 4.3981
2427 0.8857
2428 7.2586
2429 4.5735
2430 7.0465
2431 -1.5095
2432 0.0000
2433 3.1616
2434 11.9111
2435 -1.6384
2436 0.0000
2437 5.3382
2438 0.4264
2439 8.8482
2440 1.6698
2441 -3.7258
2442 0.7299
2443 -1.6161
2444 5.1439
2445 0.0000
2446 1.0906
2447 3.2457
2448 10.5611
2449 0.6338
2450 2.0704
2451 -3.1378
2452 0.0000
2453 -0.8072
2454 0.4380
2455 0.8963
2456 6.4213
2457 1.2417
2458 9.8406
2459 0.9606
2460 1.7136
2461 -1.9077
2462 1.2007
2463 -1.3879
2464 0.3628
2465 7.5140
2466 10.3921
2467 0.0000
2468 0.8212
2469 -7.6935
2470 3.8096
2471 6.2377
2472 -9.2750
2473 16.0268
2474 8.2271
2475 5.2268
2476 0.0000
2477 2.9832
2478 8.9235
2479 5.2936
2480 2.4426
2481 10.1782
2482 6.7411
2483 0.0000
2484 -0.6440
2485 0.5924
2486 10.3188
2487 0.0000
2488 -1.4008
2489 -0.1926
2490 4.0184
2491 -0.9049
2492 0.7469
2493 -3.0386
2494 -9.2170
2495 5.9401
2496 0.0000
2497 6.7987
2498 4.0890
2499 1.4130
2500 11.5451
2501 7.8026
2502 4.6828
2503 0.0000
2504 6.7442
2505 -3.9034
2506 10.3105
2507 0.0000
2508 4.5437
2509 0.6163
2510 12.9102
2511 11.3121
2512 -0.1663
2513 6.4247
2514 3.2198
2515 -0.4406
2516 0.0000
2517 2.2872
2518 6.5309
2519 10.3689
2520 5.4855
2521 0.5646
2522 -1.6282
2523 0.0000
2524 5.4320
2525 4.0376
2526 -7.1839
2527 0.0000
2528 -0.8554
2529 -1.2684
2530 2.8380
2531 10.3858
2532 1.6744
2533 8.1332
2534 -7.7517
2535 8.9276
2536 0.0000
2537 3.7605
2538 8.6522
2539 -5.1736
2540 9.7568
2541 6.1951
2542 5.2278
2543 0.0000
2544 -0.4334
2545 0.0000
2546 -0.4524
2547 0.0000
2548 4.8536
2549 0.7601
2550 3.1481
2551 7.3822
2552 6.0123
2553 0.4965
2554 8.4431
2555 7.1569
2556 0.0000
2557 6.3923
2558 5.2464
2559 1.2535
2560 7.0375
2561 -6.0621
2562 5.9092
2563 0.0000
2564 1.2623
2565 -2.1010
2566 2.6891
2567 9.1985
2568 4.1869
2569 -5.9273
2570 0.0000
2571 -5.1541
2572 1.7981
2573 -0.1954
2574 2.4217
2575 2.0590
2576 11.6043
2577 0.0000
2578 3.0728
2579 10.1243
2580 4.0696
2581 1.0080
2582 0.3805
2583 0.9650
2584 0.0000
2585 -3.1975
2586 2.0929
2587 8.0688
2588 2.7995
2589 8.7695
2590 -3.3798
2591 0.0000
2592 -2.5125
2593 7.0002
2594 4.0144
2595 5.1846
2596 4.0183
2597 11.2198
2598 0.0000
2599 0.6528
2600 2.0243
2601 7.5729
2602 2.3807
2603 -7.3783
2604 -1.1481
2605 0.0000
2606 4.1353
2607 10.9822
2608 -0.7491
2609 8.7873
2610 8.5464
2611 7.4733
2612 0.0000
2613 -1.0303
2614 7.4095
2615 4.2442
2616 0.6740
2617 1.1739
2618 -3.4306
2619 0.0000
2620 1.8243
2621 8.2016
2622 -1.3365
2623 8.0934
2624 9.3603
2625 5.1527
2626 0.0000
2627 -5.6882
2628 5.0944
2629 -3.3639
2630 3.2005
2631 5.8754
2632 -0.2883
2633 0.0000
2634 -2.0650
2635 8.6964
2636 7.3631
2637 3.2143
2638 -3.8181
2639 2.4221
2640 0.0000
2641 -3.1236
2642 2.9842
2643 3.8178
2644 -2.4194
2645 2.5021
2646 -4.7763
2647 0.0000
2648 -2.9261
2649 13.8461
2650 7.6260
2651 7.1072
2652 2.9308
2653 9.7516
2654 0.0000
2655 -1.1527
2656 -5.8460
2657 11.9758
2658 1.1595
2659 4.2273
2660 -6.9953
2661 0.0000
2662 -3.4936
2663 0.0000
2664 7.5505
2665 0.0000
2666 3.0057
2667 0.0000
2668 2.8988
2669 4.1466
2670 0.0000
2671 6.9735
2672 -1.5943
2673 4.5001
2674 5.3944
2675 0.0000
2676 5.8663
2677 9.5772
2678 -1.3672
2679 0.0000
2680 2.2178
2681 5.1243
2682 6.5704
2683 0.0000
2684 6.0052
2685 2.0106
2686 5.4226
2687 1.7806
2688 5.5334
2689 0.0163
2690 -1.2877
2691 2.4195
2692 3.7591
2693 0.0000
2694 -3.0470
2695 -3.2135
2696 -4.1971
2697 -0.0382
2698 -9.5767
2699 -1.7925
2700 0.0000
2701 2.5418
2702 6.6214
2703 9.7760
2704 10.5902
2705 -4.3193
2706 5.2850
2707 0.0000
2708 5.5936
2709 6.4042
2710 5.2319
2711 9.6350
2712 5.5281
2713 3.8444
2714 0.0000
2715 2.3534
2716 4.7142
2717 11.4905
2718 3.5904
2719 5.1665
2720 7.1301
2721 0.0000
2722 -0.1475
2723 5.8258
2724 4.3970
2725 0.7915
2726 1.7642
2727 5.4205
2728 0.0000
2729 1.5381
2730 5.9746
2731 1.7714
2732 -2.5945
2733 3.0685
2734 -5.2968
2735 0.0000
2736 -0.5612
2737 6.7345
2738 6.7149
2739 1.6709
2740 -2.4818
2741 2.6104
2742 0.0000
2743 -0.1281
2744 9.8470
2745 7.7554
2746 5.8238
2747 8.4799
2748 -7.1193
2749 0.0000
2750 -5.0719
2751 9.1154
2752 1.3081
2753 5.8871
2754 14.7184
2755 1.6360
2756 0.0000
2757 2.2906
2758 8.5296
2759 2.2452
2760 4.7799
2761 -1.2131
2762 2.7687
2763 0.0000
2764 5.4656
2765 2.2570
2766 7.0911
2767 4.9250
2768 2.6555
2769 4.9429
2770 0.0000
2771 1.1100
2772 7.6304
2773 0.0000
2774 6.4113
2775 2.0980
2776 -3.0873
2777 -1.7923
2778 -0.2166
2779 0.7152
2780 -3.5519
2781 -3.3611
2782 0.0000
2783 -2.1080
2784 1.9418
2785 0.0000
2786 3.2438
2787 0.0000
2788 3.0339
2789 0.0000
2790 5.7297
2791 -2.5620
2792 0.0000
2793 1.7459
2794 -1.4386
2795 0.0000
2796 7.4385
2797 6.3005
2798 12.5680
2799 0.0000
2800 0.9450
2801 4.5200
2802 0.0000
2803 0.0912
2804 0.9311
2805 1.7411
2806 0.0000
2807 -4.3595
2808 5.5123
2809 0.0000
2810 6.0544
2811 5.1241
2812 4.3842
2813 0.0000
2814 -1.1296
2815 2.1213
2816 0.0000
2817 -0.2247
2818 4.3260
2819 -3.4574
2820 0.0000
2821 2.5347
2822 9.5189
2823 0.0000
2824 1.5275
2825 1.7116
2826 11.8000
2827 0.0000
2828 1.2155
2829 1.2999
2830 0.0000
2831 3.4679
2832 8.6540
2833 2.5003
2834 0.0000
2835 6.0513
2836 4.5038
2837 0.0000
2838 7.8112
2839 4.3556
2840 8.2376
2841 0.0000
2842 3.4724
2843 4.3683
2844 0.0000
2845 0.6027
2846 1.8148
2847 3.7765
2848 0.0000
2849 0.4830
2850 5.3764
2851 0.0000
2852 7.1839
2853 -1.9209
2854 0.6731
2855 0.0000
2856 0.5281
2857 2.6810
2858 0.0000
2859 6.6847
2860 8.3539
2861 6.8115
2862 0.0000
2863 -2.6028
2864 3.6952
2865 0.0000
2866 1.0752
2867 3.2646
2868 4.5016
2869 0.0000
2870 -1.8931
2871 1.1320
2872 0.0000
2873 -1.7638
2874 5.0660
2875 2.2589
2876 0.0000
2877 -1.9580
2878 -1.9402
2879 0.0000
2880 3.7021
2881 2.5054
2882 0.7547
2883 0.0000
2884 4.9291
2885 -1.1888
2886 0.0000
2887 1.7181
2888 5.0186
2889 1.9448
2890 0.0000
2891 3.7837
2892 4.5286
2893 0.0000
2894 -3.6360
2895 6.4955
2896 11.7305
2897 0.0000
2898 5.0806
2899 3.5355
2900 0.0000
2901 9.2587
2902 5.2498
2903 1.6912
2904 0.0000
2905 5.8314
2906 0.0000
2907 8.7777
2908 0.0000
2909 2.7322
2910 8.8313
2911 0.0000
2912 0.5907
2913 0.0000
2914 3.5977
2915 0.0000
2916 -0.1951
2917 5.8669
2918 16.1213
2919 0.0000
2920 8.7936
2921 4.3308
2922 2.6239
2923 0.0000
2924 7.0105
2925 0.6594
2926 4.6583
2927 0.0000
2928 9.6720
2929 0.0000
2930 12.8360
2931 0.0000
2932 7.1416
2933 2.4554
2934 0.0000
2935 -5.0450
2936 0.0000
2937 0.2446
2938 0.2887
2939 1.1247
2940 4.6311
2941 2.8137
2942 9.5180
2943 -1.4398
2944 10.5635
2945 3.8003
2946 -3.3488
2947 8.2038
2948 -0.1512
2949 7.8624
2950 3.7962
2951 6.3895
2952 -2.0020
2953 0.0000
2954 1.1395
2955 7.5147
2956 -3.0114
2957 9.0217
2958 -5.6606
2959 11.1525
2960 7.2514
2961 0.0224
2962 0.0000
2963 4.1887
2964 7.1851
2965 5.9728
2966 -6.1406
2967 0.8281
2968 7.1366
2969 0.0000
2970 4.6638
2971 1.2941
2972 9.0597
2973 0.0000
2974 0.3128
2975 3.7929
2976 6.9049
2977 5.5440
2978 -4.1310
2979 6.8442
2980 1.9111
2981 9.3604
2982 0.0000
2983 6.6043
2984 7.9148
2985 6.3612
2986 0.1223
2987 8.2387
2988 5.3337
2989 0.0000
2990 5.8110
2991 2.2145
2992 2.8097
2993 0.0000
2994 -0.2219
2995 -3.6907
2996 3.4343
2997 3.6833
2998 -0.3207
2999 2.2760
3000 7.2029
3001 9.9744
3002 0.0000
3003 4.8857
3004 -2.2278
3005 7.6952
3006 8.0745
3007 4.2198
3008 0.5886
3009 0.0000
3010 1.5405
3011 -1.4536
3012 1.6237
3013 0.0000
3014 1.6544
3015 -1.9244
3016 3.1141
3017 -0.8307
3018 -4.9830
3019 12.4066
3020 2.9386
3021 1.8379
3022 0.0000
3023 11.8650
3024 6.7800
3025 -3.2720
3026 4.4330
3027 9.2874
3028 11.0565
3029 0.0000
3030 -2.2166
3031 2.9338
3032 -2.7662
3033 -0.1335
3034 5.9458
3035 -0.5026
3036 15.0262
3037 8.9564
3038 6.6763
3039 7.1188
3040 2.3411
3041 4.5574
3042 12.7863
3043 6.0226
3044 0.0000
3045 1.6614
3046 3.8333
3047 7.1499
3048 7.9072
3049 -0.4076
3050 -7.1930
3051 -1.8016
3052 3.5155
3053 0.0000
3054 9.8008
3055 1.9665
3056 9.5000
3057 0.5796
3058 4.7941
3059 2.9105
3060 0.0000
3061 1.7177
3062 4.3036
3063 7.2814
3064 0.0000
3065 -7.9379
3066 -0.5433
3067 2.9538
3068 7.2618
3069 -3.8221
3070 13.2302
3071 0.8683
3072 -1.2784
3073 0.0000
3074 5.0495
3075 4.9122
3076 14.4367
3077 -0.1612
3078 8.6544
3079 6.3050
3080 0.0000
3081 -0.3408
3082 0.6373
3083 5.4146
3084 0.0000
3085 4.7282
3086 -3.6599
3087 -0.4200
3088 -1.8863
3089 -2.8222
3090 6.3347
3091 4.7063
3092 13.1506
3093 0.0000
3094 6.1605
3095 8.5955
3096 8.7005
3097 6.7502
3098 2.7993
3099 2.9538
3100 0.0000
3101 3.6055
3102 6.6558
3103 2.7309
3104 0.0000
3105 3.2093
3106 -5.0547
3107 2.6273
3108 0.7911
3109 0.9342
3110 -3.3902
3111 -0.8045
3112 2.1525
3113 0.0000
3114 7.2031
3115 11.3955
3116 -3.7709
3117 3.7252
3118 -1.6378
3119 4.3447
3120 0.0000
3121 5.6631
3122 3.2443
3123 9.8671
3124 4.0674
3125 10.2903
3126 2.7068
3127 6.7592
3128 6.7279
3129 -1.7286
3130 5.3672
3131 -0.3084
3132 5.7647
3133 5.2309
3134 8.8226
3135 0.0000
3136 5.7629
3137 3.4293
3138 -1.9060
3139 4.6872
3140 -0.8767
3141 5.2776
3142 1.8189
3143 8.6391
3144 0.0000
3145 3.2095
3146 -0.3903
3147 -0.1509
3148 12.2140
3149 -4.4929
3150 0.3764
3151 0.0000
3152 -2.2584
3153 7.1952
3154 2.9931
3155 0.0000
3156 6.4563
3157 1.8170
3158 15.1825
3159 0.6398
3160 3.2459
3161 8.2790
3162 1.4128
3163 6.7728
3164 0.0000
3165 1.9523
3166 0.4613
3167 8.8097
3168 4.9745
3169 3.7200
3170 12.6279
3171 0.0000
3172 5.1571
3173 12.3493
3174 3.8229
3175 0.0000
3176 3.9139
3177 2.3301
3178 4.2074
3179 9.3079
3180 -5.9099
3181 -1.0730
3182 3.9557
3183 6.3363
3184 0.0000
3185 0.2990
3186 0.9959
3187 4.3881
3188 6.6730
3189 5.8147
3190 12.1935
3191 0.0000
3192 -6.0831
3193 -2.3316
3194 3.6039
3195 0.0000
3196 5.6722
3197 -4.7709
3198 7.7332
3199 4.9424
3200 0.8735
3201 1.2660
3202 -1.3151
3203 4.6125
3204 0.0000
3205 3.0439
3206 4.6595
3207 8.3802
3208 10.2938
3209 7.1930
3210 8.3170
3211 0.0000
3212 -0.4295
3213 4.9156
3214 1.4730
3215 0.2293
3216 5.6551
3217 -0.5547
3218 1.5366
3219 4.8500
3220 -0.2091
3221 4.1915
3222 5.4604
3223 0.1287
3224 7.8542
3225 1.9616
3226 0.0000
3227 10.0726
3228 5.2286
3229 -1.3306
3230 7.2873
3231 -5.4956
3232 13.4935
3233 4.1200
3234 6.4446
3235 0.0000
3236 5.8005
3237 12.4963
3238 2.9240
3239 -2.8369
3240 1.5121
3241 6.5717
3242 0.0000
3243 -1.5591
3244 11.6466
3245 7.7756
3246 0.0000
3247 1.9659
3248 -0.7956
3249 5.2778
3250 3.7540
3251 0.1209
3252 -0.2231
3253 -0.6373
3254 0.2057
3255 0.0000
3256 12.0442
3257 3.9772
3258 7.7904
3259 4.4571
3260 2.2979
3261 5.9102
3262 0.0000
3263 3.5159
3264 5.9966
3265 -0.6214
3266 0.0000
3267 2.5559
3268 -2.4532
3269 -5.1614
3270 -2.1972
3271 2.8376
3272 2.7166
3273 -4.2035
3274 2.5190
3275 0.0000
3276 -0.2920
3277 2.4346
3278 2.3532
3279 -1.7599
3280 1.8604
3281 -1.1841
3282 0.0000
3283 3.5126
3284 1.4424
3285 1.2538
3286 0.0000
3287 -1.3023
3288 -1.0803
3289 1.7369
3290 -5.8665
3291 0.2105
3292 4.7142
3293 -1.0399
3294 5.0235
3295 0.0000
3296 5.8900
3297 3.0940
3298 9.2288
3299 2.0174
3300 2.2712
3301 1.5838
3302 0.0000
3303 0.5582
3304 0.0000
3305 3.9157
3306 0.0000
3307 -2.1993
3308 -0.0420
3309 8.2489
3310 2.2206
3311 4.4538
3312 -1.1375
3313 1.1454
3314 -2.1987
3315 0.0000
3316 5.2363
3317 4.7824
3318 -1.9601
3319 7.1550
3320 4.0339
3321 3.7923
3322 0.0000
3323 -2.9588
3324 3.2441
3325 11.4870
3326 2.4714
3327 0.3995
3328 7.8939
3329 0.0000
3330 7.3862
3331 5.7368
3332 3.7785
3333 5.5549
3334 4.5522
3335 -2.5391
3336 0.0000
3337 6.0386
3338 2.8465
3339 4.6045
3340 6.5447
3341 2.7454
3342 -3.4179
3343 0.0000
3344 3.8210
3345 5.6487
3346 3.5415
3347 4.1745
3348 6.7714
3349 2.7970
3350 0.0000
3351 4.4321
3352 4.0941
3353 2.2386
3354 8.1646
3355 5.5303
3356 1.3011
3357 0.0000
3358 9.0260
3359 1.6329
3360 9.8551
3361 3.8132
3362 0.1301
3363 0.4690
3364 0.0000
3365 0.0799
3366 -0.6097
3367 -2.0850
3368 0.3789
3369 0.9905
3370 5.6390
3371 0.0000
3372 -1.2018
3373 1.1865
3374 -4.4445
3375 -3.5990
3376 3.2439
3377 1.2302
3378 0.0000
3379 -1.0744
3380 2.9687
3381 5.5290
3382 -2.0757
3383 8.6728
3384 8.4142
3385 0.0000
3386 7.1269
3387 6.5551
3388 4.0804
3389 4.6419
3390 1.1573
3391 2.7171
3392 0.0000
3393 -2.4062
3394 6.5903
3395 8.8480
3396 3.8044
3397 3.2776
3398 7.2711
3399 0.0000
3400 4.0094
3401 0.4215
3402 5.2019
3403 5.5078
3404 5.0482
3405 2.8596
3406 0.0000
3407 -1.2148
3408 7.3865
3409 5.5448
3410 3.8255
3411 6.9402
3412 9.9760
3413 0.0000
3414 0.7381
3415 10.4561
3416 9.0660
3417 9.3781
3418 5.1443
3419 1.5575
3420 0.0000
3421 -4.8881
3422 0.0000
3423 4.3582
3424 0.0000
3425 2.7653
3426 0.0000
3427 0.9363
3428 4.7417
3429 0.0000
3430 5.7412
3431 4.1917
3432 2.9553
3433 7.0711
3434 0.0000
3435 5.7744
3436 2.1907
3437 -4.8874
3438 0.0000
3439 0.4281
3440 2.4982
3441 8.9904
3442 0.0000
3443 6.3794
3444 0.7891
3445 -1.9789
3446 -3.1788
3447 5.1741
3448 4.2000
3449 0.1581
3450 4.2193
3451 1.4127
3452 0.0000
3453 -2.6296
3454 9.4578
3455 2.7426
3456 5.7166
3457 3.9006
3458 4.4028
3459 0.0000
3460 -0.7725
3461 10.6245
3462 9.5005
3463 0.6233
3464 7.5722
3465 -3.1362
3466 0.0000
3467 6.0903
3468 7.2470
3469 7.1939
3470 6.5947
3471 5.8870
3472 -1.7057
3473 0.0000
3474 -1.1281
3475 15.4741
3476 6.2167
3477 0.1315
3478 -5.9047
3479 1.3017
3480 0.0000
3481 2.3491
3482 1.7644
3483 10.6821
3484 2.5661
3485 8.6957
3486 2.5637
3487 0.0000
3488 7.2603
3489 -3.5215
3490 4.4231
3491 1.6109
3492 -0.2346
3493 1.6825
3494 0.0000
3495 -1.7971
3496 4.5708
3497 4.9004
3498 4.9251
3499 13.1537
3500 1.9100
3501 0.0000
3502 -0.7548
3503 8.4411
3504 5.7913
3505 -1.6676
3506 -5.2429
3507 5.3775
3508 0.0000
3509 2.0125
3510 6.9112
3511 4.4145
3512 5.1496
3513 1.6922
3514 -0.5006
3515 0.0000
3516 -2.2192
3517 -0.5518
3518 2.8538
3519 3.0755
3520 -0.3597
3521 7.0480
3522 0.0000
3523 4.4241
3524 6.1206
3525 5.4059
3526 7.6799
3527 0.1390
3528 8.2896
3529 0.0000
3530 -0.1855
3531 3.7965
3532 0.0000
3533 5.1084
3534 4.5453
3535 -5.4950
3536 -1.0513
3537 -0.0338
3538 -0.2399
3539 1.0955
3540 -3.2279
3541 0.0000
3542 3.9658
3543 3.3232
3544 0.0000
3545 3.2464
3546 0.0000
3547 3.4387
3548 0.0000
3549 -2.9096
3550 5.5734
3551 0.0000
3552 8.6266
3553 7.2027
3554 0.0000
3555 0.9175
3556 9.3467
3557 3.8739
3558 0.0000
3559 -4.3474
3560 5.0522
3561 0.0000
3562 3.8235
3563 0.5846
3564 0.9016
3565 0.0000
3566 -1.4930
3567 6.4996
3568 0.0000
3569 0.1648
3570 8.5488
3571 -1.0963
3572 0.0000
3573 4.7607
3574 10.1890
3575 0.0000
3576 5.3592
3577 5.0603
3578 4.3498
3579 0.0000
3580 -3.5482
3581 9.8595
3582 0.0000
3583 7.8449
3584 9.1373
3585 9.0194
3586 0.0000
3587 -0.1624
3588 1.3145
3589 0.0000
3590 6.5294
3591 5.9541
3592 5.3876
3593 0.0000
3594 1.0198
3595 -7.2175
3596 0.0000
3597 1.5288
3598 -2.6318
3599 8.5680
3600 0.0000
3601 6.2196
3602 9.9292
3603 0.0000
3604 7.4904
3605 -2.8521
3606 4.7031
3607 0.0000
3608 0.1368
3609 11.2792
3610 0.0000
3611 8.1297
3612 6.0232
3613 3.7275
3614 0.0000
3615 -5.6234
3616 3.2490
3617 0.0000
3618 2.0265
3619 1.6371
3620 1.5119
3621 0.0000
3622 -2.7210
3623 10.0731
3624 0.0000
3625 -2.6701
3626 -10.0465
3627 3.9849
3628 0.0000
3629 -3.3740
3630 1.2051
3631 0.0000
3632 4.1103
3633 3.3095
3634 -0.2152
3635 0.0000
3636 3.8335
3637 15.0715
3638 0.0000
3639 5.9051
3640 1.0653
3641 0.6146
3642 0.0000
3643 1.4983
3644 0.6516
3645 0.0000
3646 1.9870
3647 1.4585
3648 7.1317
3649 0.0000
3650 -4.0336
3651 6.3750
3652 0.0000
3653 9.6768
3654 -0.6990
3655 7.8509
3656 0.0000
3657 -0.2255
3658 11.0227
3659 0.0000
3660 0.5439
3661 3.5556
3662 8.3425
3663 0.0000
3664 -2.5015
3665 0.0000
3666 0.3325
3667 0.0000
3668 4.4990
3669 -3.3493
3670 0.0000
3671 -1.8535
3672 0.0000
3673 4.5324
3674 0.0000
3675 4.4839
3676 -4.9400
3677 5.3924
3678 0.0000
3679 7.8504
3680 9.4491
3681 7.0289
3682 0.0000
3683 1.1490
3684 5.0628
3685 0.2639
3686 0.0000
3687 -1.7483
3688 0.0000
3689 6.9886
3690 0.0000
3691 1.8246
3692 -0.2417
3693 0.0000
3694 8.9423
3695 0.0000
3696 7.0884
3697 3.9772
3698 -1.0070
3699 1.1083
3700 9.0059
3701 9.0059
3702 1.7397
3703 10.9352
3704 3.0827
3705 6.3564
3706 8.9147
3707 -2.7760
3708 11.5467
3709 0.3789
3710 9.1818
3711 2.2484
3712 0.0000
3713 10.5007
3714 -4.4092
3715 -1.9470
3716 5.0602
3717 0.1221
3718 4.9852
3719 5.9003
3720 6.4399
3721 0.0000
3722 2.7338
3723 4.7822
3724 2.0416
3725 2.9729
3726 8.7353
3727 0.5781
3728 0.0000
3729 0.6192
3730 10.5268
3731 1.3999
3732 0.0000
3733 0.5286
3734 -7.7065
3735 3.1366
3736 4.0849
3737 2.9683
3738 9.4556
3739 5.6783
3740 0.0572
3741 0.0000
3742 5.0827
3743 9.9820
3744 -0.8683
3745 -4.6941
3746 2.1557
3747 6.9491
3748 0.0000
3749 3.9803
3750 1.2170
3751 6.2780
3752 0.0000
3753 -8.6326
3754 -5.1732
3755 3.9587
3756 0.8909
3757 -2.7338
3758 -1.9746
3759 -2.1919
3760 3.5683
3761 0.0000
3762 6.0251
3763 0.7317
3764 2.8443
3765 -0.8071
3766 7.2037
3767 6.3788
3768 0.0000
3769 4.4132
3770 1.1873
3771 6.7395
3772 0.0000
3773 5.0991
3774 -1.1187
3775 5.7531
3776 -1.0525
3777 -2.8284
3778 8.3754
3779 11.3512
3780 10.4364
3781 0.0000
3782 6.5335
3783 4.1962
3784 1.8823
3785 5.5697
3786 4.3541
3787 1.1790
3788 0.0000
3789 -3.3353
3790 0.0398
3791 0.0089
3792 0.9659
3793 -1.1054
3794 -1.6408
3795 -0.1392
3796 6.9587
3797 3.6029
3798 2.3378
3799 6.2408
3800 -3.3196
3801 2.4461
3802 -2.6257
3803 0.0000
3804 4.0558
3805 -2.6887
3806 8.2514
3807 1.5297
3808 -4.7003
3809 9.3882
3810 2.5544
3811 2.0787
3812 0.0000
3813 2.0579
3814 -3.9672
3815 8.9808
3816 11.8810
3817 2.0915
3818 9.5083
3819 0.0000
3820 3.0337
3821 3.4936
3822 5.2371
3823 0.0000
3824 0.5274
3825 -3.3972
3826 7.5567
3827 11.1945
3828 -0.6438
3829 11.6357
3830 -2.3811
3831 9.0816
3832 0.0000
3833 -5.4625
3834 10.8117
3835 -1.7257
3836 1.6484
3837 9.1742
3838 8.8150
3839 0.0000
3840 1.1577
3841 4.0671
3842 5.3908
3843 0.0000
3844 7.4471
3845 0.8597
3846 7.7517
3847 4.1902
3848 -2.0827
3849 13.9677
3850 0.8942
3851 3.0354
3852 0.0000
3853 8.6011
3854 4.8404
3855 3.4279
3856 4.8906
3857 1.4364
3858 6.9167
3859 0.0000
3860 3.9396
3861 -3.8778
3862 3.3744
3863 0.0000
3864 3.3875
3865 4.6410
3866 8.5685
3867 9.3620
3868 -4.6944
3869 6.3088
3870 2.9511
3871 11.1563
3872 0.0000
3873 5.4749
3874 -1.5316
3875 5.9544
3876 6.2615
3877 4.5070
3878 1.8517
3879 0.0000
3880 -1.5240
3881 8.9703
3882 -0.2336
3883 14.3757
3884 6.4707
3885 7.8026
3886 2.1140
3887 7.1422
3888 4.1099
3889 3.0501
3890 0.9767
3891 2.6504
3892 0.2570
3893 9.9612
3894 0.0000
3895 0.7394
3896 -0.5650
3897 11.9060
3898 6.8017
3899 -4.3290
3900 5.3642
3901 9.2520
3902 9.8382
3903 0.0000
3904 1.5682
3905 5.6127
3906 6.8910
3907 2.1659
3908 8.2875
3909 5.9962
3910 0.0000
3911 14.3847
3912 8.8693
3913 6.2838
3914 0.0000
3915 10.1337
3916 2.9086
3917 7.0278
3918 3.5984
3919 1.1520
3920 2.7805
3921 -0.4200
3922 3.2310
3923 0.0000
3924 1.8863
3925 6.4392
3926 -0.0199
3927 5.8291
3928 6.2222
3929 11.3727
3930 0.0000
3931 -11.0883
3932 5.0078
3933 -3.7815
3934 0.0000
3935 0.0878
3936 -4.1521
3937 3.2554
3938 -0.8217
3939 1.0188
3940 10.2014
3941 3.3178
3942 10.7688
3943 0.0000
3944 -1.2985
3945 7.9790
3946 -0.9913
3947 0.2962
3948 1.0082
3949 -1.1295
3950 0.0000
3951 -3.4102
3952 -0.6212
3953 3.6565
3954 0.0000
3955 2.4869
3956 -0.8837
3957 0.9669
3958 4.3310
3959 8.2959
3960 4.0371
3961 3.2171
3962 8.3063
3963 0.0000
3964 10.4109
3965 4.8237
3966 5.1318
3967 8.7514
3968 -0.4527
3969 7.1905
3970 0.0000
3971 10.4217
3972 1.6940
3973 4.4234
3974 -2.2585
3975 6.6906
3976 3.1777
3977 3.3834
3978 -1.3618
3979 2.8761
3980 12.6716
3981 13.6279
3982 5.1191
3983 1.1051
3984 4.7294
3985 0.0000
3986 7.0856
3987 -2.4771
3988 1.0432
3989 8.0023
3990 -6.1047
3991 1.4511
3992 -3.6277
3993 2.1071
3994 0.0000
3995 6.1193
3996 5.5105
3997 1.0127
3998 10.2323
3999 2.9391
4000 8.6660
4001 0.0000
4002 3.4604
4003 3.1331
4004 -0.1574
4005 0.0000
4006 2.5804
4007 2.7030
4008 12.6250
4009 -2.1031
4010 -4.5958
4011 16.1909
4012 3.5342
4013 5.1161
4014 0.0000
4015 7.5009
4016 -2.8147
4017 14.5303
4018 7.8448
4019 7.5774
4020 4.8919
4021 0.0000
4022 -0.6747
4023 3.7232
4024 0.9081
4025 0.0000
4026 0.4217
4027 5.2039
4028 2.4765
4029 6.4182
4030 -3.6650
4031 4.8497
4032 3.2417
4033 2.8675
4034 0.0000
4035 3.5455
4036 7.3774
4037 -1.8652
4038 8.0646
4039 2.2081
4040 -0.7158
4041 0.0000
4042 -0.1487
4043 3.2420
4044 4.2328
4045 0.0000
4046 9.9976
4047 1.5591
4048 8.3168
4049 3.6274
4050 -0.5196
4051 1.6904
4052 -1.2012
4053 3.7211
4054 0.0000
4055 4.4975
4056 5.8533
4057 1.0592
4058 6.6242
4059 5.5938
4060 1.9287
4061 0.0000
4062 -3.6777
4063 0.0000
4064 2.7273
4065 0.0000
4066 3.9568
4067 0.4129
4068 0.7829
4069 6.8274
4070 3.7169
4071 -2.1685
4072 6.0114
4073 2.7891
4074 0.0000
4075 -0.0334
4076 6.8541
4077 5.8805
4078 0.6775
4079 3.1870
4080 3.1484
4081 0.0000
4082 -2.1954
4083 4.6488
4084 -1.4196
4085 -2.7515
4086 3.7486
4087 7.9117
4088 0.0000
4089 3.4821
4090 5.7412
4091 12.2445
4092 7.2799
4093 12.4446
4094 6.8672
4095 0.0000
4096 -0.2309
4097 4.4540
4098 8.0884
4099 8.5578
4100 3.1902
4101 2.6927
4102 0.0000
4103 -2.3805
4104 0.6376
4105 0.4484
4106 4.3245
4107 4.1398
4108 0.6857
4109 0.0000
4110 -3.4341
4111 1.1291
4112 7.3638
4113 -0.1491
4114 5.1041
4115 2.7937
4116 0.0000
4117 3.8727
4118 4.8901
4119 3.1121
4120 3.8067
4121 10.8378
4122 -0.9912
4123 0.0000
4124 -6.8912
4125 6.2153
4126 14.5458
4127 4.3483
4128 4.4875
4129 3.8576
4130 0.0000
4131 0.4641
4132 5.4939
4133 7.9686
4134 8.0742
4135 7.0206
4136 4.2658
4137 0.0000
4138 -1.0945
4139 0.1540
4140 2.9493
4141 7.8546
4142 2.1220
4143 -0.0424
4144 0.0000
4145 2.4798
4146 11.9979
4147 9.3668
4148 5.9531
4149 -0.0791
4150 4.9339
4151 0.0000
4152 -2.6107
4153 9.1272
4154 8.1083
4155 9.0977
4156 7.6084
4157 6.2086
4158 0.0000
4159 0.9292
4160 8.0775
4161 8.6540
4162 -2.1932
4163 2.1355
4164 6.0317
4165 0.0000
4166 -0.7345
4167 2.8095
4168 6.9524
4169 0.8327
4170 -4.6294
4171 2.3770
4172 0.0000
4173 -0.8036
4174 8.4993
4175 2.1709
4176 5.0818
4177 2.0867
4178 2.7875
4179 0.0000
4180 0.6219
4181 0.0000
4182 2.5065
4183 0.0000
4184 9.4909
4185 0.0000
4186 4.3064
4187 1.8993
4188 0.0000
4189 2.3598
4190 7.7019
4191 5.9699
4192 6.3521
4193 0.0000
4194 5.4083
4195 -4.1846
4196 6.9603
4197 0.0000
4198 8.7342
4199 13.4733
4200 -1.1008
4201 0.0000
4202 -8.2048
4203 4.5019
4204 1.5815
4205 14.0919
4206 7.9055
4207 -1.1648
4208 -0.3380
4209 3.1197
4210 9.4710
4211 0.0000
4212 2.4293
4213 3.6796
4214 -3.7989
4215 9.9141
4216 5.6052
4217 2.9113
4218 0.0000
4219 3.6019
4220 -1.0236
4221 -4.0822
4222 -1.9484
4223 6.1216
4224 3.3921
4225 0.0000
4226 2.4159
4227 4.1614
4228 10.1090
4229 0.6061
4230 -4.7058
4231 5.7581
4232 0.0000
4233 0.8640
4234 -3.0090
4235 11.6159
4236 8.1385
4237 -0.3609
4238 4.6052
4239 0.0000
4240 6.1383
4241 6.4929
4242 4.4758
4243 -1.4088
4244 -1.1172
4245 3.3355
4246 0.0000
4247 -0.3728
4248 6.6138
4249 2.8833
4250 3.0184
4251 3.5040
4252 4.5300
4253 0.0000
4254 6.0142
4255 8.1168
4256 6.5354
4257 4.3302
4258 -0.8539
4259 0.1531
4260 0.0000
4261 6.6510
4262 1.0340
4263 1.5023
4264 13.2751
4265 11.3928
4266 9.9635
4267 0.0000
4268 -1.5786
4269 11.3624
4270 -0.2565
4271 -0.2394
4272 3.2094
4273 4.7603
4274 0.0000
4275 -2.5729
4276 1.7708
4277 1.6297
4278 5.6003
4279 4.6965
4280 8.8949
4281 0.0000
4282 5.7738
4283 9.4761
4284 3.8408
4285 0.5420
4286 -0.9108
4287 -1.5023
4288 0.0000
4289 -3.5338
4290 -1.5188
4291 0.0000
4292 8.2809
4293 -4.3031
4294 3.1910
4295 -1.9047
4296 -1.7529
4297 3.0178
4298 2.0284
4299 -0.1961
4300 0.0000
4301 0.0948
4302 6.1580
4303 0.0000
4304 3.8815
4305 0.0000
4306 -3.4787
4307 0.0000
4308 3.9154
4309 1.7368
4310 0.0000
4311 8.8135
4312 -0.5150
4313 0.0000
4314 5.3149
4315 7.5788
4316 1.9332
4317 0.0000
4318 -1.8146
4319 1.3427
4320 0.0000
4321 12.6759
4322 6.8410
4323 2.8681
4324 0.0000
4325 3.3819
4326 -0.3758
4327 0.0000
4328 -1.8694
4329 1.3490
4330 4.0893
4331 0.0000
4332 1.2286
4333 0.1190
4334 0.0000
4335 1.6084
4336 -4.9093
4337 4.5328
4338 0.0000
4339 2.8690
4340 4.3092
4341 0.0000
4342 12.5730
4343 -5.3589
4344 2.1025
4345 0.0000
4346 -8.3551
4347 4.2990
4348 0.0000
4349 3.3639
4350 0.6305
4351 0.3990
4352 0.0000
4353 -2.3467
4354 -5.6239
4355 0.0000
4356 7.9853
4357 4.9247
4358 2.9722
4359 0.0000
4360 1.6274
4361 2.8818
4362 0.0000
4363 -2.4987
4364 2.4411
4365 -1.4545
4366 0.0000
4367 3.3526
4368 6.5524
4369 0.0000
4370 -4.6256
4371 5.2981
4372 8.1473
4373 0.0000
4374 0.1265
4375 8.0684
4376 0.0000
4377 6.1894
4378 5.5528
4379 2.2021
4380 0.0000
4381 0.9213
4382 12.9158
4383 0.0000
4384 3.4792
4385 3.3614
4386 12.3089
4387 0.0000
4388 -12.0396
4389 3.6029
4390 0.0000
4391 0.9764
4392 5.4881
4393 4.0559
4394 0.0000
4395 -1.8127
4396 9.5404
4397 0.0000
4398 5.1807
4399 3.1066
4400 3.1265
4401 0.0000
4402 -4.7010
4403 -2.2806
4404 0.0000
4405 10.6816
4406 8.4959
4407 12.1437
4408 0.0000
4409 1.7084
4410 5.0688
4411 0.0000
4412 -1.2925
4413 -9.2227
4414 4.7474
4415 0.0000
4416 5.5019
4417 6.1136
4418 0.0000
4419 5.9725
4420 8.5781
4421 -9.0532
4422 0.0000
4423 -0.0880
4424 0.0000
4425 15.1550
4426 0.0000
4427 4.7682
4428 -0.0441
4429 0.0000
4430 3.5255
4431 0.0000
4432 -0.2409
4433 0.0000
4434 7.5357
4435 -4.0733
4436 8.1455
4437 0.0000
4438 0.8529
4439 2.6188
4440 3.3425
4441 0.0000
4442 8.1653
4443 0.3076
4444 7.7447
4445 0.0000
4446 0.9594
4447 0.0000
4448 7.5214
4449 0.0000
4450 0.2101
4451 6.7374
4452 0.0000
4453 0.5492
4454 0.0000
4455 4.7238
4456 -2.1698
4457 6.7319
4458 3.1763
4459 3.3544
4460 -2.1599
4461 1.6376
4462 7.3839
4463 4.7486
4464 2.6754
4465 2.9430
4466 3.5532
4467 1.7954
4468 2.1928
4469 7.3733
4470 5.1740
4471 0.0000
4472 7.0168
4473 1.1264
4474 5.4019
4475 3.2170
4476 0.5539
4477 -2.6124
4478 1.4072
4479 1.2251
4480 0.0000
4481 9.4975
4482 11.4635
4483 5.9857
4484 2.5913
4485 9.0606
4486 1.9431
4487 0.0000
4488 7.7452
4489 3.3905
4490 3.7449
4491 0.0000
4492 6.3880
4493 -1.6511
4494 12.8565
4495 13.2613
4496 -1.4480
4497 6.1258
4498 4.2280
4499 2.6396
4500 0.0000
4501 1.0668
4502 3.4456
4503 7.5227
4504 3.3174
4505 0.1525
4506 -0.6872
4507 0.0000
4508 4.7747
4509 4.0977
4510 8.2099
4511 0.0000
4512 1.8531
4513 -1.9832
4514 8.2103
4515 4.9750
4516 0.0094
4517 3.1158
4518 -3.5085
4519 10.8602
4520 0.0000
4521 9.5751
4522 4.7341
4523 0.3599
4524 4.0385
4525 5.6953
4526 -1.1550
4527 0.0000
4528 4.6116
4529 7.8710
4530 2.9960
4531 0.0000
4532 3.7715
4533 -1.3564
4534 2.0123
4535 8.8208
4536 -6.2193
4537 7.0547
4538 5.2237
4539 4.4578
4540 0.0000
4541 3.3943
4542 5.3668
4543 1.7630
4544 -5.2185
4545 -6.6516
4546 -0.9486
4547 0.0000
4548 8.5579
4549 4.1194
4550 5.2791
4551 4.2381
4552 4.8262
4553 6.5354
4554 6.7975
4555 7.6239
4556 -4.2437
4557 6.2813
4558 13.3914
4559 -0.9062
4560 3.2082
4561 6.3032
4562 0.0000
4563 3.9648
4564 1.4982
4565 10.2938
4566 9.8371
4567 -7.4944
4568 5.9240
4569 4.1507
4570 6.3183
4571 0.0000
4572 0.7759
4573 1.9502
4574 9.7313
4575 6.6360
4576 7.6431
4577 6.4178
4578 0.0000
4579 7.1807
4580 4.1728
4581 -2.2647
4582 0.0000
4583 4.8372
4584 0.1449
4585 4.3475
4586 1.9354
4587 7.8979
4588 -0.4924
4589 -7.8331
4590 5.0112
4591 0.0000
4592 2.0572
4593 8.7129
4594 2.0706
4595 2.7401
4596 2.6108
4597 3.9004
4598 0.0000
4599 2.8676
4600 1.7297
4601 8.1147
4602 0.0000
4603 0.9277
4604 1.2253
4605 4.4804
4606 2.3450
4607 0.5275
4608 4.3526
4609 1.7401
4610 -1.9466
4611 0.0000
4612 1.4063
4613 2.0333
4614 2.6195
4615 6.6607
4616 4.9097
4617 6.3979
4618 0.0000
4619 -1.5866
4620 4.3642
4621 -2.5819
4622 0.0000
4623 1.7052
4624 0.1380
4625 -4.5460
4626 4.8976
4627 -5.5833
4628 -5.6737
4629 4.7798
4630 3.2426
4631 0.0000
4632 18.7346
4633 0.8639
4634 2.6155
4635 4.2069
4636 1.2628
4637 0.1806
4638 0.0000
4639 2.8984
4640 1.2630
4641 -2.9008
4642 6.3443
4643 7.2976
4644 -1.9342
4645 3.9525
4646 4.9030
4647 -7.0263
4648 6.8133
4649 10.3769
4650 6.6843
4651 6.3836
4652 9.0182
4653 0.0000
4654 -3.3966
4655 -11.1760
4656 6.9041
4657 0.6610
4658 2.1483
4659 -7.4212
4660 -3.2682
4661 3.8122
4662 0.0000
4663 8.2570
4664 10.8869
4665 9.4942
4666 6.5235
4667 5.3984
4668 3.3699
4669 0.0000
4670 0.4872
4671 3.5383
4672 7.6838
4673 0.0000
4674 5.5991
4675 -5.7135
4676 9.4066
4677 -3.0782
4678 4.0845
4679 9.9668
4680 -0.6755
4681 5.9280
4682 0.0000
4683 8.5872
4684 4.8067
4685 1.1329
4686 3.7212
4687 2.0611
4688 10.2738
4689 0.0000
4690 1.7369
4691 9.9683
4692 1.1721
4693 0.0000
4694 6.6895
4695 -0.0657
4696 6.7045
4697 3.1248
4698 -4.7497
4699 3.7117
4700 0.4965
4701 0.8736
4702 0.0000
4703 -0.0010
4704 -5.1835
4705 9.8772
4706 6.0760
4707 7.3724
4708 -1.0937
4709 0.0000
4710 5.5783
4711 -7.0936
4712 7.4112
4713 0.0000
4714 2.1680
4715 -0.8394
4716 -0.2952
4717 10.3409
4718 -9.6075
4719 4.7369
4720 5.0408
4721 13.1221
4722 0.0000
4723 8.2750
4724 8.1608
4725 -0.9951
4726 3.6592
4727 -2.1952
4728 5.2012
4729 0.0000
4730 6.3199
4731 6.2891
4732 4.5544
4733 8.9683
4734 5.0291
4735 -1.0916
4736 8.8846
4737 14.5129
4738 2.0236
4739 13.9589
4740 5.8464
4741 6.3577
4742 -3.9065
4743 5.2790
4744 0.0000
4745 8.3639
4746 5.4705
4747 2.3837
4748 0.8856
4749 3.0690
4750 -1.3880
4751 -1.0908
4752 1.6836
4753 0.0000
4754 5.9334
4755 4.5115
4756 2.3144
4757 3.5905
4758 7.6318
4759 8.0224
4760 0.0000
4761 -1.6790
4762 -1.7240
4763 7.8693
4764 0.0000
4765 2.9903
4766 3.6573
4767 -6.3179
4768 0.4633
4769 3.6713
4770 -0.1767
4771 4.0626
4772 1.2876
4773 0.0000
4774 3.9930
4775 3.5400
4776 0.3520
4777 -0.2229
4778 4.4229
4779 4.6696
4780 0.0000
4781 2.3241
4782 2.5835
4783 -1.2598
4784 0.0000
4785 3.8248
4786 -0.2602
4787 2.4814
4788 3.5033
4789 0.2392
4790 3.7436
4791 3.4379
4792 1.8077
4793 0.0000
4794 8.1611
4795 13.1175
4796 9.6920
4797 4.8806
4798 10.4154
4799 -5.2955
4800 0.0000
4801 -3.4126
4802 9.8450
4803 0.5344
4804 0.0000
4805 3.6512
4806 -6.9543
4807 13.2582
4808 7.9357
4809 0.3185
4810 4.7718
4811 -1.7261
4812 -2.1192
4813 0.0000
4814 7.1744
4815 1.7178
4816 -1.9047
4817 0.9453
4818 3.4667
4819 -1.7171
4820 0.0000
4821 2.6335
4822 0.0000
4823 5.9826
4824 0.0000
4825 6.6375
4826 8.4325
4827 1.0365
4828 -3.7881
4829 7.8930
4830 6.8396
4831 2.4698
4832 2.7297
4833 0.0000
4834 -2.2379
4835 9.7490
4836 5.9101
4837 6.8483
4838 2.0634
4839 0.8655
4840 0.0000
4841 1.9364
4842 7.2194
4843 0.9439
4844 1.2908
4845 0.0102
4846 4.9194
4847 0.0000
4848 3.3677
4849 3.6173
4850 4.3712
4851 10.2714
4852 9.5665
4853 10.1775
4854 0.0000
4855 1.2619
4856 0.1279
4857 2.0908
4858 2.4356
4859 3.9229
4860 2.0266
4861 0.0000
4862 4.0175
4863 4.4891
4864 7.6320
4865 7.9252
4866 2.7014
4867 2.8206
4868 0.0000
4869 11.1726
4870 8.8364
4871 -0.1653
4872 6.5792
4873 8.9513
4874 4.0561
4875 0.0000
4876 -3.7010
4877 7.4246
4878 2.4791
4879 -1.1825
4880 4.5591
4881 2.6692
4882 0.0000
4883 2.1294
4884 5.1312
4885 1.4467
4886 -3.0108
4887 -0.0973
4888 0.6282
4889 0.0000
4890 1.8977
4891 -7.5233
4892 1.4184
4893 18.0443
4894 6.3427
4895 3.4187
4896 0.0000
4897 -0.2420
4898 4.3892
4899 -1.8118
4900 8.1173
4901 -0.5816
4902 2.3902
4903 0.0000
4904 -7.6070
4905 3.9660
4906 9.0144
4907 -2.6802
4908 3.4503
4909 1.8144
4910 0.0000
4911 0.9907
4912 3.1594
4913 0.1960
4914 6.8538
4915 9.4914
4916 0.8275
4917 0.0000
4918 -1.2936
4919 9.6368
4920 6.6656
4921 6.2818
4922 1.1139
4923 0.5851
4924 0.0000
4925 -0.1388
4926 -0.4560
4927 8.5484
4928 5.1909
4929 9.2796
4930 6.9916
4931 0.0000
4932 -0.5069
4933 2.5298
4934 7.1977
4935 9.1742
4936 -2.8420
4937 3.3898
4938 0.0000
4939 -3.8303
4940 0.0000
4941 -0.0565
4942 0.0000
4943 -1.6662
4944 0.0000
4945 7.2146
4946 0.8060
4947 0.0000
4948 2.9381
4949 0.5510
4950 10.8104
4951 7.1577
4952 0.0000
4953 2.4766
4954 5.9794
4955 9.3373
4956 0.0000
4957 3.1485
4958 -4.1129
4959 0.6977
4960 0.0000
4961 -2.2247
4962 -5.6692
4963 0.3451
4964 9.1161
4965 -3.8163
4966 -2.3433
4967 5.7919
4968 -6.0241
4969 6.3172
4970 0.0000
4971 5.5596
4972 -1.9981
4973 4.4119
4974 13.2013
4975 -7.0235
4976 -1.1836
4977 0.0000
4978 0.4123
4979 4.4039
4980 3.6941
4981 4.2747
4982 6.1619
4983 2.8621
4984 0.0000
4985 -4.9864
4986 3.5146
4987 13.7777
4988 4.1988
4989 1.8890
4990 -4.0535
4991 0.0000
4992 0.2812
4993 7.2943
4994 2.4939
4995 5.6392
4996 2.3855
4997 -1.6791
4998 0.0000
4999 -5.6367
5000 13.5052
5001 6.8165
5002 5.4481
5003 6.7801
5004 3.2787
5005 0.0000
5006 1.1075
5007 12.0175
5008 5.2064
5009 3.7869
5010 5.0136
5011 -2.7593
5012 0.0000
5013 0.6972
5014 3.4557
5015 5.3284
5016 9.8252
5017 5.3490
5018 0.4458
5019 0.0000
5020 6.9197
5021 -1.1372
5022 4.9171
5023 2.7412
5024 0.6146
5025 3.1681
5026 0.0000
5027 8.8262
5028 1.4040
5029 -4.6270
5030 4.9111
5031 -1.1342
5032 6.7045
5033 0.0000
5034 2.1873
5035 4.6640
5036 3.4190
5037 4.0326
5038 -4.7590
5039 1.6708
5040 0.0000
5041 3.7987
5042 7.6711
5043 3.1235
5044 -2.7817
5045 10.5528
5046 -10.5808
5047 0.0000
5048 0.6133
5049 -0.3658
5050 0.0000
5051 4.8316
5052 7.8377
5053 6.0804
5054 0.5906
5055 -2.8947
5056 -1.1910
5057 1.4367
5058 -1.3681
5059 0.0000
5060 1.1800
5061 2.6029
5062 0.0000
5063 1.7770
5064 0.0000
5065 2.2530
5066 0.0000
5067 1.7649
5068 -2.1190
5069 0.0000
5070 2.1196
5071 6.0518
5072 0.0000
5073 -7.6225
5074 -0.7786
5075 2.0132
5076 0.0000
5077 8.3105
5078 6.0957
5079 0.0000
5080 5.6845
5081 4.0435
5082 0.8782
5083 0.0000
5084 -3.8573
5085 4.1264
5086 0.0000
5087 6.4714
5088 5.6856
5089 7.7851
5090 0.0000
5091 3.9754
5092 -4.0095
5093 0.0000
5094 0.5118
5095 -1.9787
5096 1.0005
5097 0.0000
5098 1.3400
5099 -0.0537
5100 0.0000
5101 2.0012
5102 4.2007
5103 4.3139
5104 0.0000
5105 -3.5136
5106 15.3051
5107 0.0000
5108 -0.0818
5109 3.6377
5110 4.9627
5111 0.0000
5112 1.1854
5113 3.3846
5114 0.0000
5115 3.5648
5116 4.2215
5117 9.1904
5118 0.0000
5119 3.7553
5120 7.4265
5121 0.0000
5122 8.4323
5123 2.4479
5124 -6.3162
5125 0.0000
5126 -2.5142
5127 2.3138
5128 0.0000
5129 -9.4217
5130 0.5927
5131 4.4636
5132 0.0000
5133 3.4218
5134 10.4750
5135 0.0000
5136 3.8241
5137 -1.2325
5138 1.0788
5139 0.0000
5140 8.9769
5141 9.6757
5142 0.0000
5143 3.8122
5144 1.7103
5145 8.2249
5146 0.0000
5147 1.0059
5148 -1.5730
5149 0.0000
5150 1.9544
5151 -0.2827
5152 5.2557
5153 0.0000
5154 2.8605
5155 7.8984
5156 0.0000
5157 3.9595
5158 7.4188
5159 7.5555
5160 0.0000
5161 -1.3264
5162 -3.5608
5163 0.0000
5164 1.1701
5165 4.6388
5166 -2.1022
5167 0.0000
5168 1.0502
5169 1.3888
5170 0.0000
5171 3.8108
5172 -2.2377
5173 4.7923
5174 0.0000
5175 -4.2332
5176 10.6431
5177 0.0000
5178 5.3292
5179 9.1183
5180 6.2170
5181 0.0000
5182 2.9215
5183 0.0000
5184 2.2994
5185 0.0000
5186 8.0760
5187 5.7487
5188 0.0000
5189 -0.1603
5190 0.0000
5191 8.7657
5192 0.0000
5193 8.4558
5194 9.3067
5195 9.9047
5196 0.0000
5197 8.1883
5198 4.4618
5199 2.4524
5200 0.0000
5201 7.6032
5202 4.8330
5203 10.3439
5204 0.0000
5205 -4.6704
5206 0.0000
5207 3.9493
5208 0.0000
5209 -4.1606
5210 -4.4681
5211 0.0000
5212 -3.0500
5213 0.0000
5214 6.7549
5215 6.4606
5216 3.7873
5217 -4.4294
5218 0.6714
5219 1.8322
5220 3.7285
5221 6.3630
5222 5.4010
5223 7.9205
5224 6.1641
5225 2.2192
5226 9.0710
5227 2.1030
5228 -0.5980
5229 1.3705
5230 0.0000
5231 -0.2458
5232 3.5041
5233 3.2424
5234 -0.4927
5235 -0.1013
5236 3.7727
5237 0.6048
5238 8.2628
5239 0.0000
5240 2.8367
5241 -0.8696
5242 8.9878
5243 9.7850
5244 4.8841
5245 4.5625
5246 0.0000
5247 -4.3362
5248 7.8689
5249 1.7318
5250 0.0000
5251 6.4469
5252 0.0326
5253 13.2561
5254 -0.8258
5255 0.3431
5256 2.6840
5257 6.2137
5258 8.2677
5259 0.0000
5260 -0.3303
5261 5.7902
5262 1.8363
5263 2.3783
5264 1.3900
5265 3.7086
5266 0.0000
5267 1.3304
5268 4.1682
5269 0.7822
5270 0.0000
5271 2.7389
5272 -6.3953
5273 4.5771
5274 2.6854
5275 0.8462
5276 -0.9780
5277 3.2897
5278 2.0752
5279 0.0000
5280 4.4751
5281 6.0729
5282 2.4165
5283 2.6976
5284 -11.0744
5285 1.6942
5286 0.0000
5287 -1.6380
5288 -0.3758
5289 4.1112
5290 0.0000
5291 7.1480
5292 -4.4499
5293 8.5033
5294 9.7715
5295 2.4846
5296 4.4610
5297 6.4977
5298 9.1188
5299 0.0000
5300 5.2122
5301 2.9670
5302 0.0722
5303 8.8630
5304 8.1990
5305 9.2690
5306 0.0000
5307 -2.7555
5308 4.7545
5309 6.9572
5310 5.7782
5311 6.0280
5312 4.2198
5313 8.0792
5314 -7.5125
5315 1.8497
5316 -0.3763
5317 2.7274
5318 5.4551
5319 4.3696
5320 4.6480
5321 0.0000
5322 5.5740
5323 4.0928
5324 11.8099
5325 -7.9704
5326 3.6812
5327 9.2292
5328 5.7144
5329 7.0309
5330 0.0000
5331 9.7683
5332 -3.4499
5333 3.3735
5334 10.2532
5335 6.8977
5336 3.5235
5337 0.0000
5338 1.4045
5339 -0.0849
5340 3.0407
5341 0.0000
5342 15.3358
5343 -5.0213
5344 5.5006
5345 10.1873
5346 4.6772
5347 14.6215
5348 2.4229
5349 6.5721
5350 0.0000
5351 -3.4552
5352 4.1305
5353 0.7853
5354 2.9907
5355 1.6283
5356 6.4352
5357 0.0000
5358 -2.3043
5359 7.7018
5360 0.1324
5361 0.0000
5362 11.2639
5363 -0.1018
5364 3.5628
5365 3.1383
5366 2.4456
5367 8.1608
5368 12.7927
5369 1.9063
5370 0.0000
5371 3.7378
5372 7.3197
5373 4.4202
5374 7.0302
5375 2.7615
5376 7.9981
5377 0.0000
5378 0.0407
5379 3.6862
5380 3.1581
5381 0.0000
5382 1.2377
5383 0.0578
5384 7.2415
5385 3.3497
5386 -5.0009
5387 -2.8324
5388 1.2958
5389 1.2367
5390 0.0000
5391 9.6588
5392 1.2850
5393 4.3746
5394 1.3923
5395 6.6290
5396 -1.6211
5397 0.0000
5398 -2.5207
5399 2.1609
5400 -3.9549
5401 4.9018
5402 1.0073
5403 7.8060
5404 1.7369
5405 1.7675
5406 3.1068
5407 2.4973
5408 4.4574
5409 -4.9967
5410 -1.7458
5411 4.9562
5412 0.0000
5413 7.0450
5414 -2.0547
5415 -1.0482
5416 1.0882
5417 -0.1017
5418 12.7310
5419 2.4086
5420 -0.5715
5421 0.0000
5422 7.5858
5423 -0.9846
5424 -2.2193
5425 2.4795
5426 10.8583
5427 0.6477
5428 0.0000
5429 3.7645
5430 3.0636
5431 7.0476
5432 0.0000
5433 7.5085
5434 1.3570
5435 14.1603
5436 4.8896
5437 -6.6253
5438 4.4339
5439 -0.3918
5440 10.1272
5441 0.0000
5442 8.6938
5443 -4.5157
5444 -2.2116
5445 1.1927
5446 9.3052
5447 0.9537
5448 0.0000
5449 8.3590
5450 4.4163
5451 3.8555
5452 0.0000
5453 6.0476
5454 2.5084
5455 0.0004
5456 11.3707
5457 0.3924
5458 12.2419
5459 5.5205
5460 1.2329
5461 0.0000
5462 9.7574
5463 11.4410
5464 5.2039
5465 11.0784
5466 1.6902
5467 8.6183
5468 0.0000
5469 -2.5428
5470 9.2146
5471 -1.0427
5472 0.0000
5473 5.4998
5474 2.9093
5475 7.2393
5476 -0.9713
5477 -1.2511
5478 10.7093
5479 3.8150
5480 6.1110
5481 0.0000
5482 2.4665
5483 -1.5113
5484 8.3916
5485 6.8790
5486 -1.3879
5487 4.7163
5488 0.0000
5489 4.2425
5490 -4.4931
5491 4.7927
5492 -2.8798
5493 7.8237
5494 3.0699
5495 7.7716
5496 9.6779
5497 -1.7153
5498 2.8613
5499 5.5897
5500 2.7359
5501 5.4470
5502 4.5253
5503 0.0000
5504 1.8928
5505 -3.1358
5506 3.2514
5507 9.5603
5508 1.5593
5509 3.3717
5510 -7.0325
5511 2.3797
5512 0.0000
5513 1.1863
5514 2.2163
5515 -0.5914
5516 7.8994
5517 6.9056
5518 7.5129
5519 0.0000
5520 2.7643
5521 3.3896
5522 0.7286
5523 0.0000
5524 5.0894
5525 -6.1225
5526 -4.6278
5527 1.3108
5528 0.9051
5529 -0.0365
5530 3.9768
5531 8.4327
5532 0.0000
5533 -5.5116
5534 3.7316
5535 8.6622
5536 3.4602
5537 6.9535
5538 7.8847
5539 0.0000
5540 8.1796
5541 7.5408
5542 5.1588
5543 0.0000
5544 11.4147
5545 -3.9281
5546 3.8757
5547 -2.7478
5548 2.4057
5549 3.1584
5550 1.7719
5551 5.3217
5552 0.0000
5553 5.2425
5554 4.7599
5555 -1.8424
5556 -0.4833
5557 8.3205
5558 -5.5733
5559 0.0000
5560 -5.1085
5561 2.5417
5562 2.7749
5563 0.0000
5564 12.5955
5565 -1.4553
5566 -0.4220
5567 3.5870
5568 4.6034
5569 5.1286
5570 -0.6878
5571 -8.0003
5572 0.0000
5573 1.8799
5574 7.5620
5575 3.8400
5576 5.8806
5577 6.6522
5578 0.2133
5579 0.0000
5580 -3.2474
5581 0.0000
5582 -2.5249
5583 0.0000
5584 6.0488
5585 0.8728
5586 7.1384
5587 9.3513
5588 2.0236
5589 7.6430
5590 1.5667
5591 3.2137
5592 0.0000
5593 -3.0790
5594 3.5157
5595 0.9452
5596 13.0873
5597 -1.1690
5598 7.9352
5599 0.0000
5600 2.1697
5601 6.6958
5602 -0.6498
5603 2.7338
5604 9.1642
5605 -2.0906
5606 0.0000
5607 -4.6063
5608 3.6423
5609 12.5107
5610 1.9224
5611 8.2924
5612 7.3205
5613 0.0000
5614 2.4028
5615 -0.4031
5616 3.1019
5617 6.2373
5618 1.8348
5619 5.0971
5620 0.0000
5621 -3.4100
5622 3.4950
5623 1.0441
5624 4.1077
5625 12.6699
5626 7.2507
5627 0.0000
5628 2.4568
5629 -4.1335
5630 2.9937
5631 -0.9148
5632 5.6588
5633 -3.1117
5634 0.0000
5635 -6.0632
5636 0.4464
5637 9.3840
5638 7.3433
5639 5.6104
5640 1.1735
5641 0.0000
5642 -3.9108
5643 6.0464
5644 0.0585
5645 7.5050
5646 6.2840
5647 2.9739
5648 0.0000
5649 -2.6020
5650 3.9939
5651 6.0792
5652 4.9599
5653 -2.9695
5654 7.5581
5655 0.0000
5656 0.0150
5657 5.8785
5658 11.5080
5659 3.3409
5660 9.5538
5661 3.8287
5662 0.0000
5663 -5.1648
5664 5.7492
5665 5.0107
5666 0.4810
5667 -1.6895
5668 2.0944
5669 0.0000
5670 -0.0382
5671 0.9367
5672 5.4415
5673 9.2867
5674 5.1089
5675 2.6874
5676 0.0000
5677 0.9516
5678 -3.8369
5679 8.8054
5680 7.0272
5681 2.7953
5682 3.6056
5683 0.0000
5684 2.2558
5685 7.7820
5686 9.9819
5687 -2.5671
5688 3.0104
5689 9.2064
5690 0.0000
5691 6.1427
5692 11.9727
5693 -1.2329
5694 -0.1689
5695 0.3874
5696 2.6045
5697 0.0000
5698 -0.3578
5699 0.0000
5700 6.8611
5701 0.0000
5702 8.6771
5703 0.0000
5704 2.2019
5705 10.1992
5706 0.0000
5707 0.8697
5708 8.8577
5709 6.1491
5710 2.8495
5711 0.0000
5712 0.1074
5713 10.6693
5714 1.5895
5715 0.0000
5716 5.7422
5717 1.9086
5718 2.3549
5719 0.0000
5720 6.3878
5721 7.4754
5722 0.2118
5723 -2.3219
5724 -0.2146
5725 -0.2063
5726 1.1883
5727 -1.8026
5728 9.2389
5729 0.0000
5730 -0.3969
5731 9.5796
5732 3.4939
5733 4.8506
5734 -3.9358
5735 1.2050
5736 0.0000
5737 2.7292
5738 0.8567
5739 5.4372
5740 2.3925
5741 2.4314
5742 -1.4583
5743 0.0000
5744 -0.6844
5745 8.5814
5746 3.6889
5747 9.3386
5748 -2.2979
5749 1.7903
5750 0.0000
5751 9.0034
5752 2.1968
5753 -2.4515
5754 2.3176
5755 2.4123
5756 7.9004
5757 0.0000
5758 4.6207
5759 3.1068
5760 7.4089
5761 2.7883
5762 -5.9376
5763 -2.2213
5764 0.0000
5765 2.8192
5766 7.5020
5767 4.8167
5768 8.9021
5769 7.6240
5770 1.2737
5771 0.0000
5772 4.2324
5773 4.8462
5774 -0.7001
5775 -3.4172
5776 -5.0857
5777 3.6014
5778 0.0000
5779 -2.5959
5780 3.3015
5781 6.4381
5782 7.8544
5783 1.8155
5784 2.9154
5785 0.0000
5786 3.3970
5787 6.9651
5788 11.1468
5789 4.6616
5790 4.8516
5791 0.7346
5792 0.0000
5793 -7.7960
5794 10.0368
5795 6.8606
5796 -1.0164
5797 5.9499
5798 12.4707
5799 0.0000
5800 4.3180
5801 2.9465
5802 5.3781
5803 1.3737
5804 5.1235
5805 -1.6381
5806 0.0000
5807 -0.5498
5808 0.9257
5809 0.0000
5810 9.5565
5811 -1.3800
5812 -0.5103
5813 5.1895
5814 2.8869
5815 19.0410
5816 -3.3600
5817 0.1664
5818 0.0000
5819 9.3580
5820 1.1222
5821 0.0000
5822 2.3646
5823 0.0000
5824 3.6436
5825 0.0000
5826 5.2057
5827 2.9567
5828 0.0000
5829 4.8327
5830 4.2009
5831 0.0000
5832 -1.2569
5833 1.4061
5834 -4.3441
5835 0.0000
5836 -0.5570
5837 10.6262
5838 0.0000
5839 -3.5185
5840 0.4906
5841 0.9860
5842 0.0000
5843 -2.3905
5844 5.6793
5845 0.0000
5846 10.7823
5847 -2.7888
5848 3.4191
5849 0.0000
5850 -3.3478
5851 6.2978
5852 0.0000
5853 -1.1633
5854 0.7116
5855 2.1159
5856 0.0000
5857 1.7437
5858 11.6612
5859 0.0000
5860 -2.7085
5861 3.3358
5862 2.6811
5863 0.0000
5864 0.8147
5865 3.0808
5866 0.0000
5867 0.5375
5868 -3.0735
5869 4.4053
5870 0.0000
5871 3.8556
5872 3.5936
5873 0.0000
5874 4.7685
5875 1.3513
5876 8.3374
5877 0.0000
5878 3.4598
5879 14.3447
5880 0.0000
5881 -3.4489
5882 2.5413
5883 5.9813
5884 0.0000
5885 -7.4558
5886 0.8823
5887 0.0000
5888 0.9881
5889 4.2333
5890 6.3461
5891 0.0000
5892 7.4225
5893 -1.9581
5894 0.0000
5895 4.1531
5896 5.0991
5897 -5.5223
5898 0.0000
5899 5.5945
5900 -0.4111
5901 0.0000
5902 -0.4741
5903 -1.0597
5904 11.4630
5905 0.0000
5906 1.0226
5907 -7.5067
5908 0.0000
5909 15.0827
5910 1.4239
5911 2.9563
5912 0.0000
5913 -2.9135
5914 3.2124
5915 0.0000
5916 -1.7974
5917 0.3053
5918 5.0894
5919 0.0000
5920 -0.3414
5921 -1.6893
5922 0.0000
5923 7.8113
5924 -1.8140
5925 1.0596
5926 0.0000
5927 -5.0674
5928 2.5156
5929 0.0000
5930 6.9441
5931 7.5025
5932 6.8961
5933 0.0000
5934 -0.8374
5935 2.7953
5936 0.0000
5937 -4.5426
5938 3.4025
5939 3.2445
5940 0.0000
5941 4.3703
5942 0.0000
5943 6.0684
5944 0.0000
5945 3.1223
5946 2.8997
5947 0.0000
5948 -2.5243
5949 0.0000
5950 5.1619
5951 0.0000
5952 9.4016
5953 -3.4990
5954 -2.9255
5955 0.0000
5956 4.7578
5957 2.6541
5958 -2.9576
5959 0.0000
5960 2.2867
5961 -5.8279
5962 1.9893
5963 0.0000
5964 -1.0402
5965 0.0000
5966 1.2349
5967 0.0000
5968 1.2105
5969 2.4694
5970 0.0000
5971 -0.7002
5972 0.0000
5973 -1.4885
5974 4.9351
5975 -3.5149
5976 -0.3032
5977 -9.0872
5978 7.3737
5979 3.8397
5980 2.7998
5981 4.3107
5982 4.1581
5983 0.8851
5984 4.1054
5985 6.5432
5986 2.3500
5987 3.9457
5988 0.8936
5989 0.0000
5990 8.6052
5991 -3.4176
5992 2.2065
5993 -3.1519
5994 0.1464
5995 10.8006
5996 0.7201
5997 7.5187
5998 0.0000
5999 10.6034
6000 1.0293
6001 6.8977
6002 5.9817
6003 5.0317
6004 9.3469
6005 0.0000
6006 0.6184
6007 -2.9173
6008 3.3590
6009 0.0000
6010 3.8007
6011 -1.3127
6012 -0.5742
6013 2.5988
6014 2.0142
6015 4.4630
6016 1.4930
6017 -3.5989
6018 0.0000
6019 6.2655
6020 1.4807
6021 4.0735
6022 0.9499
6023 2.7302
6024 0.7041
6025 0.0000
6026 2.6207
6027 1.1684
6028 -3.2606
6029 0.0000
6030 1.6622
6031 2.6703
6032 1.7045
6033 0.9667
6034 0.6211
6035 -0.7322
6036 -1.3237
6037 2.0403
6038 0.0000
6039 2.9512
6040 7.8000
6041 11.6057
6042 4.1159
6043 4.9985
6044 8.3316
6045 0.0000
6046 4.2945
6047 -1.5359
6048 -5.6667
6049 0.0000
6050 3.9692
6051 0.4265
6052 3.2348
6053 -3.6261
6054 -0.9882
6055 9.7071
6056 1.9619
6057 5.8998
6058 0.0000
6059 8.5436
6060 0.1589
6061 0.2831
6062 6.2471
6063 7.6634
6064 1.2245
6065 0.0000
6066 1.1954
6067 0.8281
6068 2.5608
6069 0.6388
6070 9.7244
6071 7.3015
6072 6.7188
6073 2.6547
6074 -3.3568
6075 1.4492
6076 7.5102
6077 5.6063
6078 -0.5878
6079 -3.8155
6080 0.0000
6081 7.6990
6082 0.0961
6083 3.3992
6084 -2.4254
6085 4.7911
6086 1.7778
6087 -2.0817
6088 3.7530
6089 0.0000
6090 6.8130
6091 5.2598
6092 1.1830
6093 10.1472
6094 4.6054
6095 2.9542
6096 0.0000
6097 0.8061
6098 4.4410
6099 -0.1748
6100 0.0000
6101 6.0616
6102 -0.6058
6103 6.6197
6104 2.4129
6105 4.8679
6106 -4.9826
6107 -2.4874
6108 -1.7889
6109 0.0000
6110 -0.3612
6111 5.8541
6112 6.2931
6113 2.7413
6114 -3.5803
6115 3.7678
6116 0.0000
6117 11.5884
6118 5.2070
6119 3.6432
6120 0.0000
6121 7.3090
6122 -0.7835
6123 -0.2673
6124 3.7765
6125 -1.0702
6126 12.7745
6127 11.7547
6128 1.3579
6129 0.0000
6130 9.2739
6131 8.4194
6132 1.9466
6133 1.7490
6134 10.3539
6135 -0.4796
6136 0.0000
6137 0.7161
6138 2.2956
6139 -0.3681
6140 0.0000
6141 0.6016
6142 0.6976
6143 3.9717
6144 8.2708
6145 -4.6760
6146 10.5040
6147 2.3668
6148 0.4859
6149 0.0000
6150 2.2945
6151 2.5901
6152 10.1917
6153 6.1381
6154 2.3605
6155 2.9717
6156 0.0000
6157 1.9194
6158 8.2045
6159 2.7036
6160 1.0235
6161 -1.1934
6162 5.6919
6163 9.0209
6164 7.0566
6165 7.9572
6166 5.7030
6167 3.8381
6168 0.2036
6169 6.8979
6170 11.5406
6171 0.0000
6172 -0.1644
6173 -4.0476
6174 4.1730
6175 0.0108
6176 -0.5169
6177 4.2139
6178 2.1453
6179 0.3866
6180 0.0000
6181 1.2096
6182 8.2379
6183 4.3835
6184 -1.4185
6185 4.3816
6186 0.7399
6187 0.0000
6188 -4.1586
6189 -5.2717
6190 10.2568
6191 0.0000
6192 4.9374
6193 2.7502
6194 3.2168
6195 5.3604
6196 3.6070
6197 3.0641
6198 -3.4699
6199 12.5339
6200 0.0000
6201 8.7125
6202 -1.9064
6203 9.8959
6204 3.4500
6205 6.5497
6206 8.2354
6207 0.0000
6208 0.7528
6209 6.5040
6210 -2.0191
6211 0.0000
6212 8.6089
6213 1.6034
6214 2.6005
6215 3.0732
6216 -0.2864
6217 -1.5563
6218 -5.1984
6219 1.6845
6220 0.0000
6221 4.3240
6222 2.0668
6223 0.6751
6224 4.6900
6225 9.9606
6226 -2.9751
6227 0.0000
6228 -3.4961
6229 2.8813
6230 8.5447
6231 0.0000
6232 11.1418
6233 -0.4926
6234 3.7160
6235 -0.3679
6236 -0.2913
6237 -3.1328
6238 4.2937
6239 0.8854
6240 0.0000
6241 7.1234
6242 7.9050
6243 2.5968
6244 2.7408
6245 0.5306
6246 1.7840
6247 0.0000
6248 1.0949
6249 6.0574
6250 -5.5782
6251 3.8707
6252 9.8918
6253 -1.9769
6254 11.7084
6255 3.8411
6256 -3.1094
6257 4.8317
6258 6.0152
6259 6.7028
6260 2.3905
6261 2.8586
6262 0.0000
6263 5.0481
6264 -0.1526
6265 1.7327
6266 7.5001
6267 0.7986
6268 -0.8425
6269 6.1690
6270 7.2374
6271 0.0000
6272 1.4875
6273 2.5685
6274 4.8772
6275 -0.3959
6276 5.0956
6277 -1.8270
6278 0.0000
6279 3.9111
6280 5.2068
6281 5.7582
6282 0.0000
6283 3.1919
6284 -1.3406
6285 7.5632
6286 7.8772
6287 5.2138
6288 5.1584
6289 8.3680
6290 4.5471
6291 0.0000
6292 7.4514
6293 6.5037
6294 -0.2326
6295 0.2635
6296 5.9439
6297 12.3014
6298 0.0000
6299 5.0945
6300 -7.7846
6301 2.9157
6302 0.0000
6303 4.6862
6304 2.3566
6305 -1.1319
6306 1.0469
6307 0.6069
6308 0.1231
6309 0.8334
6310 4.6049
6311 0.0000
6312 2.4900
6313 2.5635
6314 1.4030
6315 1.5141
6316 4.1841
6317 6.8656
6318 0.0000
6319 -0.3656
6320 -2.6511
6321 6.4862
6322 0.0000
6323 1.8500
6324 -0.0936
6325 11.5058
6326 6.3504
6327 -4.6750
6328 8.8397
6329 5.0244
6330 9.1920
6331 0.0000
6332 1.0878
6333 5.5033
6334 2.1861
6335 3.5192
6336 -1.3110
6337 6.4928
6338 0.0000
6339 3.6861
6340 0.0000
6341 4.5824
6342 0.0000
6343 9.6650
6344 0.6728
6345 6.0750
6346 4.1860
6347 -0.1280
6348 1.3921
6349 0.1164
6350 -0.0052
6351 0.0000
6352 -1.9160
6353 0.2544
6354 5.1835
6355 6.7254
6356 2.3440
6357 8.2760
6358 0.0000
6359 4.4806
6360 6.0036
6361 9.2476
6362 -2.4496
6363 11.1863
6364 1.8826
6365 0.0000
6366 -3.6289
6367 9.7409
6368 4.1394
6369 8.9545
6370 2.6864
6371 -2.8047
6372 0.0000
6373 1.6193
6374 -4.2700
6375 7.1102
6376 -1.7148
6377 -1.3245
6378 2.4648
6379 0.0000
6380 3.6000
6381 1.6414
6382 5.4645
6383 3.2318
6384 0.4473
6385 7.0794
6386 0.0000
6387 -0.9382
6388 2.3924
6389 17.9343
6390 -1.4934
6391 1.8815
6392 8.5708
6393 0.0000
6394 5.4718
6395 6.9018
6396 -7.2975
6397 -1.5297
6398 1.9064
6399 4.5438
6400 0.0000
6401 -0.2111
6402 7.9327
6403 2.6236
6404 6.9611
6405 -2.4695
6406 -0.5770
6407 0.0000
6408 -2.5704
6409 8.4386
6410 -1.2475
6411 3.4915
6412 2.0500
6413 2.8975
6414 0.0000
6415 -4.9018
6416 7.0196
6417 0.6162
6418 7.1993
6419 8.9523
6420 7.0542
6421 0.0000
6422 -3.3397
6423 2.4398
6424 3.7022
6425 3.0000
6426 1.3085
6427 -1.1992
6428 0.0000
6429 2.3626
6430 -0.3058
6431 2.8860
6432 10.7243
6433 5.8636
6434 -7.1834
6435 0.0000
6436 5.8373
6437 16.6297
6438 0.3212
6439 3.3822
6440 11.0272
6441 -3.3630
6442 0.0000
6443 2.5315
6444 -4.5237
6445 2.7249
6446 -2.5458
6447 5.7620
6448 3.7715
6449 0.0000
6450 3.5108
6451 11.0601
6452 -0.2096
6453 5.1134
6454 4.9342
6455 -0.4692
6456 0.0000
6457 -11.5556
6458 0.0000
6459 5.0477
6460 0.0000
6461 7.1509
6462 0.0000
6463 8.1174
6464 9.6627
6465 0.0000
6466 4.2421
6467 -0.2716
6468 -1.1072
6469 1.0406
6470 0.0000
6471 8.9385
6472 2.4614
6473 9.1687
6474 0.0000
6475 3.3946
6476 8.3309
6477 2.1219
6478 0.0000
6479 1.1775
6480 3.8190
6481 5.3182
6482 5.0765
6483 1.5796
6484 1.3155
6485 11.9890
6486 0.0367
6487 3.6600
6488 0.0000
6489 1.6188
6490 7.7869
6491 7.4330
6492 8.9412
6493 7.9701
6494 7.7446
6495 0.0000
6496 -1.9094
6497 1.1277
6498 5.1144
6499 4.3185
6500 5.2170
6501 1.6897
6502 0.0000
6503 0.4761
6504 8.5876
6505 6.2449
6506 0.4707
6507 5.9413
6508 2.6557
6509 0.0000
6510 -4.2826
6511 -1.3442
6512 8.0201
6513 -2.1246
6514 2.3704
6515 1.5104
6516 0.0000
6517 7.2838
6518 8.0839
6519 2.9935
6520 5.8785
6521 8.6317
6522 2.9723
6523 0.0000
6524 5.7604
6525 11.3453
6526 12.1725
6527 2.0154
6528 7.0348
6529 3.7595
6530 0.0000
6531 -9.8899
6532 -4.0693
6533 5.6513
6534 1.9271
6535 3.5396
6536 1.7651
6537 0.0000
6538 5.5626
6539 6.9466
6540 4.2210
6541 6.4368
6542 2.6096
6543 8.7989
6544 0.0000
6545 -4.8741
6546 9.9828
6547 3.6773
6548 4.2218
6549 10.6733
6550 4.5316
6551 0.0000
6552 0.2473
6553 2.6825
6554 4.3021
6555 2.0017
6556 7.0376
6557 5.2572
6558 0.0000
6559 -2.5778
6560 2.0791
6561 2.4232
6562 5.6516
6563 3.7167
6564 2.0114
6565 0.0000
6566 5.7638
6567 2.5645
6568 0.0000
6569 1.9695
6570 -2.8490
6571 2.2804
6572 9.4386
6573 -2.2937
6574 8.4578
6575 3.5458
6576 3.8557
6577 0.0000
6578 0.3073
6579 2.4969
6580 0.0000
6581 9.6550
6582 0.0000
6583 7.7969
6584 0.0000
6585 7.3337
6586 -3.2402
6587 0.0000
6588 1.3271
6589 3.6401
6590 0.0000
6591 10.4287
6592 2.7229
6593 -3.3543
6594 0.0000
6595 7.4985
6596 2.6234
6597 0.0000
6598 -2.1492
6599 8.0930
6600 0.8278
6601 0.0000
6602 4.7408
6603 -5.4846
6604 0.0000
6605 7.4141
6606 6.5309
6607 4.0806
6608 0.0000
6609 2.3694
6610 6.3711
6611 0.0000
6612 2.0203
6613 15.2419
6614 -0.1891
6615 0.0000
6616 2.8821
6617 -0.6765
6618 0.0000
6619 3.0607
6620 1.7311
6621 -2.2011
6622 0.0000
6623 2.3019
6624 1.7545
6625 0.0000
6626 -1.3894
6627 -7.8950
6628 5.2245
6629 0.0000
6630 3.1940
6631 11.2021
6632 0.0000
6633 1.8716
6634 2.6044
6635 3.8303
6636 0.0000
6637 -0.4179
6638 3.4847
6639 0.0000
6640 8.2878
6641 3.0200
6642 0.8489
6643 0.0000
6644 3.2909
6645 9.8304
6646 0.0000
6647 -2.1381
6648 4.4042
6649 7.6699
6650 0.0000
6651 -0.2477
6652 9.5789
6653 0.0000
6654 8.8345
6655 10.6234
6656 3.3341
6657 0.0000
6658 -1.2537
6659 -0.2246
6660 0.0000
6661 7.8352
6662 3.8883
6663 5.7193
6664 0.0000
6665 0.6646
6666 2.2310
6667 0.0000
6668 6.8096
6669 11.5115
6670 2.7847
6671 0.0000
6672 2.8815
6673 10.2270
6674 0.0000
6675 1.0415
6676 4.6123
6677 12.3328
6678 0.0000
6679 4.3390
6680 7.9935
6681 0.0000
6682 3.9265
6683 11.9065
6684 6.7442
6685 0.0000
6686 -1.0328
6687 2.9564
6688 0.0000
6689 4.8530
6690 3.2064
6691 5.8023
6692 0.0000
6693 -4.4967
6694 6.9867
6695 0.0000
6696 1.9722
6697 4.4175
6698 2.5573
6699 0.0000
6700 3.5325
6701 0.0000
6702 5.0755
6703 0.0000
6704 6.6100
6705 5.1438
6706 0.0000
6707 9.6159
6708 0.0000
6709 0.8587
6710 0.0000
6711 13.0210
6712 5.1283
6713 2.2610
6714 0.0000
6715 4.1017
6716 9.3634
6717 4.0975
6718 0.0000
6719 4.3128
6720 -0.1962
6721 6.6779
6722 0.0000
6723 -1.7646
6724 0.0000
6725 5.1831
6726 0.0000
6727 12.2900
6728 2.9824
6729 0.0000
6730 -1.6005
6731 0.0000
6732 12.6788
6733 5.1080
6734 4.2373
6735 4.1004
6736 6.4605
6737 8.2243
6738 -0.5626
6739 6.7664
6740 -0.0825
6741 5.3288
6742 3.0807
6743 -1.0270
6744 -0.2059
6745 2.2999
6746 1.5329
6747 13.5844
6748 0.0000
6749 2.2459
6750 0.7453
6751 4.6372
6752 5.4556
6753 -0.6541
6754 5.1701
6755 0.9340
6756 7.3542
6757 0.0000
6758 1.5885
6759 -0.7808
6760 7.1897
6761 8.5649
6762 2.5757
6763 3.9109
6764 0.0000
6765 -3.6709
6766 -2.5094
6767 -2.3779
6768 0.0000
6769 6.5370
6770 4.5038
6771 -4.4166
6772 5.2294
6773 -1.1788
6774 0.1306
6775 6.0614
6776 -0.3149
6777 0.0000
6778 2.1232
6779 1.6605
6780 2.5162
6781 5.2524
6782 2.5999
6783 2.6547
6784 0.0000
6785 -4.6181
6786 7.2923
6787 3.3543
6788 0.0000
6789 0.9489
6790 -5.6989
6791 -1.0764
6792 7.0141
6793 -6.7330
6794 -0.7917
6795 -6.7944
6796 -0.0426
6797 0.0000
6798 6.6781
6799 3.6022
6800 4.3210
6801 1.1515
6802 9.0361
6803 1.7947
6804 0.0000
6805 -0.5266
6806 3.1361
6807 5.7100
6808 0.0000
6809 -3.4922
6810 0.2142
6811 9.4592
6812 5.3763
6813 -0.2862
6814 -3.4237
6815 4.1352
6816 9.1681
6817 0.0000
6818 8.7647
6819 -2.2373
6820 9.3229
6821 7.5320
6822 3.1711
6823 1.0878
6824 0.0000
6825 -9.6929
6826 4.9699
6827 -5.2643
6828 8.3032
6829 1.4272
6830 4.1025
6831 10.1592
6832 3.9318
6833 1.8726
6834 5.9627
6835 8.7963
6836 2.5644
6837 8.9131
6838 10.7811
6839 0.0000
6840 7.2315
6841 5.0336
6842 7.4085
6843 -1.2183
6844 -1.9408
6845 -0.0272
6846 1.5817
6847 3.1799
6848 0.0000
6849 5.1980
6850 2.3321
6851 6.2982
6852 3.0813
6853 4.9127
6854 8.5849
6855 0.0000
6856 -3.6156
6857 -0.5846
6858 5.8861
6859 0.0000
6860 -0.5714
6861 -2.2723
6862 2.9277
6863 2.0299
6864 0.0797
6865 8.3134
6866 5.0617
6867 6.6503
6868 0.0000
6869 -0.2295
6870 6.7896
6871 4.1015
6872 8.4133
6873 4.2027
6874 4.6443
6875 0.0000
6876 3.6131
6877 3.8243
6878 3.7976
6879 0.0000
6880 3.8109
6881 11.0363
6882 3.0752
6883 -2.1269
6884 0.1398
6885 10.1222
6886 2.5260
6887 2.8761
6888 0.0000
6889 10.0583
6890 6.1752
6891 0.7790
6892 -4.7496
6893 8.7212
6894 8.2573
6895 0.0000
6896 0.2007
6897 14.3319
6898 1.6351
6899 0.0000
6900 6.9512
6901 3.2136
6902 -0.7160
6903 5.3580
6904 -3.7976
6905 -2.8353
6906 -8.3677
6907 -0.2027
6908 0.0000
6909 2.4049
6910 6.9755
6911 4.3583
6912 1.8414
6913 5.4939
6914 -2.9024
6915 0.0000
6916 11.5790
6917 3.4938
6918 -3.2966
6919 1.8294
6920 2.1892
6921 9.6311
6922 7.7211
6923 8.4636
6924 -1.7204
6925 1.7766
6926 -0.1219
6927 -1.8838
6928 3.5654
6929 7.0219
6930 0.0000
6931 4.5630
6932 5.0231
6933 5.4901
6934 8.1801
6935 -1.9979
6936 12.8083
6937 9.1852
6938 4.4261
6939 0.0000
6940 9.3057
6941 5.4541
6942 3.3359
6943 1.6115
6944 9.2981
6945 0.5887
6946 0.0000
6947 4.4327
6948 0.6407
6949 3.3352
6950 0.0000
6951 1.8196
6952 -1.4391
6953 5.3105
6954 9.1689
6955 2.4074
6956 8.1258
6957 7.4594
6958 6.6781
6959 0.0000
6960 3.1058
6961 4.6651
6962 9.1599
6963 14.8526
6964 3.9856
6965 -3.2283
6966 0.0000
6967 2.3068
6968 5.8847
6969 6.6545
6970 0.0000
6971 3.0518
6972 -1.0678
6973 3.0933
6974 4.1717
6975 -2.3949
6976 -2.1451
6977 -1.6814
6978 10.3308
6979 0.0000
6980 7.5054
6981 5.3778
6982 2.3023
6983 1.2014
6984 3.3250
6985 5.4288
6986 0.0000
6987 4.3299
6988 5.2736
6989 2.9741
6990 0.0000
6991 -1.1463
6992 0.0896
6993 2.8926
6994 10.5477
6995 -7.1687
6996 4.5021
6997 2.3388
6998 2.7236
6999 0.0000
7000 7.9009
7001 9.1585
7002 7.1531
7003 2.1675
7004 8.1506
7005 9.4883
7006 0.0000
7007 5.1856
7008 7.1231
7009 6.6168
7010 1.0698
7011 9.8171
7012 5.2812
7013 5.8435
7014 2.3209
7015 1.8408
7016 4.7064
7017 -1.6243
7018 -0.3142
7019 -0.9072
7020 5.5955
7021 0.0000
7022 7.2293
7023 1.8738
7024 9.9443
7025 6.3732
7026 -0.2307
7027 2.7334
7028 1.0780
7029 0.4633
7030 0.0000
7031 6.6636
7032 2.2601
7033 8.3930
7034 5.9520
7035 3.7913
7036 4.9526
7037 0.0000
7038 3.3770
7039 9.7216
7040 12.5306
7041 0.0000
7042 3.8017
7043 -1.7603
7044 2.7313
7045 5.4410
7046 -8.4035
7047 9.5062
7048 9.8631
7049 7.5540
7050 0.0000
7051 8.0762
7052 4.5150
7053 10.9648
7054 8.3163
7055 -0.6983
7056 4.2523
7057 0.0000
7058 -7.6503
7059 0.2983
7060 0.7826
7061 0.0000
7062 -0.7039
7063 0.9689
7064 7.6413
7065 5.4872
7066 1.2812
7067 11.1326
7068 -0.8037
7069 2.1052
7070 0.0000
7071 5.5352
7072 6.3550
7073 0.8518
7074 3.0668
7075 -0.0981
7076 5.0967
7077 0.0000
7078 -6.3062
7079 9.1606
7080 7.9348
7081 0.0000
7082 2.6192
7083 -2.5981
7084 1.5243
7085 5.7973
7086 -6.1778
7087 0.9825
7088 1.2319
7089 9.2822
7090 0.0000
7091 7.6583
7092 16.2127
7093 6.2363
7094 5.3555
7095 6.7541
7096 3.5697
7097 0.0000
7098 -1.0081
7099 0.0000
7100 6.0439
7101 0.0000
7102 9.5420
7103 -0.0748
7104 3.5165
7105 0.3542
7106 3.6901
7107 0.7599
7108 -4.5841
7109 4.9678
7110 0.0000
7111 6.4278
7112 7.2700
7113 1.8502
7114 4.2736
7115 7.2638
7116 3.1581
7117 0.0000
7118 1.9937
7119 14.2939
7120 3.4308
7121 3.4212
7122 -0.4335
7123 0.0077
7124 0.0000
7125 -2.0443
7126 4.8204
7127 4.9806
7128 4.5522
7129 1.1631
7130 -1.1612
7131 0.0000
7132 -2.1456
7133 5.6595
7134 9.3108
7135 5.8230
7136 3.8177
7137 -2.3256
7138 0.0000
7139 6.2869
7140 3.4724
7141 1.2358
7142 4.5920
7143 -1.3914
7144 2.6889
7145 0.0000
7146 7.5275
7147 -2.6499
7148 4.3005
7149 4.4707
7150 4.0901
7151 -1.9351
7152 0.0000
7153 -3.4330
7154 3.9026
7155 11.3906
7156 5.0361
7157 8.9753
7158 3.2066
7159 0.0000
7160 3.1553
7161 10.9744
7162 6.5065
7163 12.4714
7164 4.4584
7165 5.7243
7166 0.0000
7167 2.9062
7168 5.9798
7169 -0.5232
7170 2.8068
7171 4.6115
7172 1.0522
7173 0.0000
7174 4.6209
7175 9.0244
7176 5.4684
7177 -3.3506
7178 2.4787
7179 6.9978
7180 0.0000
7181 8.0403
7182 -4.1856
7183 -0.9822
7184 5.4193
7185 2.2220
7186 -2.2490
7187 0.0000
7188 10.3668
7189 2.6019
7190 1.8055
7191 1.9627
7192 6.0736
7193 9.3506
7194 0.0000
7195 8.0668
7196 11.7511
7197 8.6896
7198 3.2163
7199 11.4701
7200 5.5534
7201 0.0000
7202 7.3456
7203 3.7143
7204 5.9975
7205 1.2127
7206 8.9639
7207 4.1464
7208 0.0000
7209 -1.9492
7210 5.8473
7211 1.0524
7212 2.7969
7213 -3.4805
7214 2.5139
7215 0.0000
7216 -2.4374
7217 0.0000
7218 0.9466
7219 0.0000
7220 2.7854
7221 0.0000
7222 10.9339
7223 0.4608
7224 0.0000
7225 -1.4685
7226 3.6986
7227 -0.2667
7228 -8.2409
7229 0.0000
7230 -0.6123
7231 2.6096
7232 8.5311
7233 0.0000
7234 4.9227
7235 2.4973
7236 0.2472
7237 0.0000
7238 3.1297
7239 -5.5382
7240 1.1927
7241 -2.5324
7242 -5.1367
7243 2.2884
7244 7.2410
7245 2.3002
7246 9.8939
7247 0.0000
7248 5.4366
7249 5.3894
7250 5.5151
7251 1.7042
7252 5.9442
7253 -1.3451
7254 0.0000
7255 -7.6504
7256 12.8441
7257 8.3616
7258 5.7712
7259 3.0458
7260 9.9793
7261 0.0000
7262 -0.2161
7263 4.1689
7264 6.6033
7265 3.8355
7266 -2.3516
7267 0.6489
7268 0.0000
7269 0.8341
7270 7.8609
7271 4.5232
7272 4.3053
7273 7.9131
7274 -5.8910
7275 0.0000
7276 2.0162
7277 9.6126
7278 2.8212
7279 7.6561
7280 2.6657
7281 -2.4271
7282 0.0000
7283 9.3233
7284 4.4489
7285 5.4362
7286 -0.3501
7287 -2.5610
7288 2.2328
7289 0.0000
7290 6.8133
7291 -3.6911
7292 -4.4951
7293 -0.2137
7294 0.6205
7295 5.4533
7296 0.0000
7297 -0.7517
7298 -1.9852
7299 11.0636
7300 5.9833
7301 -5.5604
7302 12.5104
7303 0.0000
7304 0.2856
7305 7.0434
7306 2.3327
7307 3.1204
7308 3.5182
7309 3.7774
7310 0.0000
7311 -4.2037
7312 3.7461
7313 -0.7575
7314 0.5585
7315 9.4415
7316 4.5367
7317 0.0000
7318 1.4355
7319 9.9851
7320 11.6375
7321 -0.5215
7322 6.5092
7323 5.1826
7324 0.0000
7325 0.8834
7326 6.5766
7327 0.0000
7328 7.9144
7329 -3.9153
7330 15.4437
7331 -0.8283
7332 0.8890
7333 -2.0583
7334 2.3242
7335 10.4386
7336 0.0000
7337 1.2656
7338 -3.1389
7339 0.0000
7340 1.9054
7341 0.0000
7342 2.5900
7343 0.0000
7344 -5.9821
7345 2.2850
7346 0.0000
7347 5.5283
7348 0.3272
7349 0.0000
7350 4.6626
7351 6.6744
7352 5.3389
7353 0.0000
7354 0.1342
7355 0.2092
7356 0.0000
7357 2.0559
7358 -0.9721
7359 3.9193
7360 0.0000
7361 -1.0439
7362 6.4837
7363 0.0000
7364 3.2502
7365 7.5443
7366 -1.8849
7367 0.0000
7368 5.6310
7369 9.3839
7370 0.0000
7371 -4.0646
7372 2.7465
7373 -6.4896
7374 0.0000
7375 0.5680
7376 4.6758
7377 0.0000
7378 8.8384
7379 1.1040
7380 13.8917
7381 0.0000
7382 4.8856
7383 -1.4128
7384 0.0000
7385 -2.5484
7386 8.3624
7387 6.3857
7388 0.0000
7389 -2.4585
7390 -0.6396
7391 0.0000
7392 1.3730
7393 0.5174
7394 1.9655
7395 0.0000
7396 0.6089
7397 3.3544
7398 0.0000
7399 5.6475
7400 11.7587
7401 2.6570
7402 0.0000
7403 7.7170
7404 2.3643
7405 0.0000
7406 0.1887
7407 6.7683
7408 -0.2307
7409 0.0000
7410 0.2792
7411 1.0068
7412 0.0000
7413 7.2087
7414 7.8903
7415 0.1718
7416 0.0000
7417 5.5222
7418 -0.3018
7419 0.0000
7420 13.5896
7421 6.2505
7422 8.4673
7423 0.0000
7424 0.5720
7425 3.5757
7426 0.0000
7427 -1.5018
7428 -0.4816
7429 -2.4927
7430 0.0000
7431 -3.7909
7432 -0.7304
7433 0.0000
7434 5.4027
7435 11.0848
7436 -0.0764
7437 0.0000
7438 3.4320
7439 5.8386
7440 0.0000
7441 3.7086
7442 -4.3074
7443 0.1197
7444 0.0000
7445 -4.8134
7446 5.1180
7447 0.0000
7448 -4.8990
7449 7.6608
7450 9.7179
7451 0.0000
7452 4.5608
7453 1.9413
7454 0.0000
7455 7.5966
7456 -0.9924
7457 3.9432
7458 0.0000
7459 0.8920
7460 0.0000
7461 0.8905
7462 0.0000
7463 5.2777
7464 2.6280
7465 0.0000
7466 2.3831
7467 0.0000
7468 8.1000
7469 0.0000
7470 5.2880
7471 2.2382
7472 9.6646
7473 0.0000
7474 7.5783
7475 0.7232
7476 12.9236
7477 0.0000
7478 3.4582
7479 -1.7326
7480 -3.1263
7481 0.0000
7482 -0.4708
7483 0.0000
7484 0.9993
7485 0.0000
7486 8.8054
7487 -3.8156
7488 0.0000
7489 1.2419
7490 0.0000
7491 5.1262
7492 2.5816
7493 -2.1049
7494 -0.4969
7495 5.9283
7496 10.1725
7497 -1.1842
7498 -3.6340
7499 0.0000
7500 5.0111
7501 -0.7427
7502 3.6424
7503 6.6184
7504 2.3211
7505 -1.8841
7506 0.0000
7507 8.7290
7508 2.6098
7509 10.9941
7510 -1.8651
7511 2.4126
7512 -0.7779
7513 0.0000
7514 -8.7367
7515 8.7557
7516 7.4059
7517 -2.2380
7518 -1.7461
7519 4.5517
7520 0.0000
7521 0.7080
7522 14.4458
7523 5.9740
7524 5.5601
7525 9.8054
7526 0.5596
7527 0.0000
7528 -0.0320
7529 5.7479
7530 4.6798
7531 8.3742
7532 7.8202
7533 3.4007
7534 0.0000
7535 -3.1906
7536 -4.0620
7537 12.2414
7538 3.3219
7539 5.0147
7540 -6.1806
7541 0.0000
7542 -3.5255
7543 -0.6367
7544 1.6024
7545 3.7130
7546 0.7045
7547 6.9191
7548 0.0000
7549 -2.1943
7550 6.5119
7551 -2.2887
7552 0.0300
7553 5.1804
7554 3.1315
7555 0.0000
7556 -5.1031
7557 3.4499
7558 4.3018
7559 1.2014
7560 12.1915
7561 8.3114
7562 0.0000
7563 3.8544
7564 6.5981
7565 12.7826
7566 5.6348
7567 10.2756
7568 11.5806
7569 0.0000
7570 2.6776
7571 3.5486
7572 0.7937
7573 2.5662
7574 0.5595
7575 3.1583
7576 0.0000
7577 2.4552
7578 0.3096
7579 2.5692
7580 2.2932
7581 9.2919
7582 13.0203
7583 0.0000
7584 -4.7534
7585 3.2741
7586 1.1577
7587 8.7776
7588 0.2800
7589 3.5010
7590 0.0000
7591 -3.0397
7592 5.7721
7593 4.5413
7594 1.7677
7595 7.1154
7596 -0.5519
7597 0.0000
7598 4.2147
7599 1.2263
7600 9.8141
7601 4.6357
7602 -2.1562
7603 -0.4995
7604 0.0000
7605 4.7831
7606 0.0000
7607 -0.7387
7608 -0.1194
7609 0.0000
7610 -2.1425
7611 6.2112
7612 0.0000
7613 5.3614
7614 13.4687
7615 0.0000
7616 2.1021
7617 0.0000
7618 8.8212
7619 -1.9565
7620 0.0000
7621 -4.7938
7622 1.3120
7623 0.0000
7624 4.0970
7625 0.0000
7626 1.1137
7627 5.6137
7628 0.0000
7629 5.8962
7630 -0.7089
7631 0.0000
7632 4.5474
7633 0.0000
7634 -1.1449
7635 8.7578
7636 0.0000
7637 0.9003
7638 2.3423
7639 0.0000
7640 -0.4789
7641 0.0000
7642 -1.6980
7643 5.0326
7644 0.0000
7645 4.3988
7646 0.6089
7647 0.0000
7648 9.1098
7649 0.0000
7650 4.0469
7651 13.9477
7652 0.0000
7653 10.9085
7654 3.4499
7655 0.0000
7656 -1.1031
7657 0.0000
7658 3.7401
7659 4.3625
7660 0.0000
7661 5.5561
7662 2.2017
7663 0.0000
7664 3.8172
7665 0.0000
7666 6.5453
7667 0.8749
7668 0.0000
7669 -0.0368
7670 0.3124
7671 0.0000
7672 5.6723
7673 0.0000
7674 -1.7366
7675 4.9716
7676 0.0000
7677 4.6785
7678 3.2762
7679 0.0000
7680 -0.7589
7681 0.0000
7682 -0.8695
7683 2.4695
7684 0.0000
7685 2.1987
7686 6.4999
7687 0.0000
7688 4.6308
7689 0.0000
7690 0.5942
7691 -0.7952
7692 0.0000
7693 9.3203
7694 5.0444
7695 0.0000
7696 0.8034
7697 0.0000
7698 1.7068
7699 6.4211
7700 0.0000
7701 4.5854
7702 2.8953
7703 0.0000
7704 -3.6934
7705 0.0000
7706 6.8747
7707 3.6465
7708 0.0000
7709 3.1309
7710 8.6074
7711 0.0000
7712 -1.8028
7713 0.0000
7714 4.1582
7715 8.4996
7716 0.0000
7717 -2.1746
7718 -2.5591
7719 0.0000
7720 1.2050
7721 0.0000
7722 -5.2475
7723 -6.8506
7724 0.0000
7725 8.0770
7726 9.9092
7727 0.0000
7728 5.1009
7729 0.0000
7730 3.6952
7731 13.4035
7732 0.0000
7733 1.2908
7734 2.2180
7735 0.0000
7736 -1.4192
7737 0.0000
7738 7.4941
7739 0.0000
7740 7.6571
