# input  : 16 : 4D 40 CE 94 B7 DD 96 4B 3B F3 F7 66 15 5F C5 26 
# output : 16 : A8 B0 A6 B2 9F F0 44 21 25 93 4F 52 55 50 6F 30 
# cycles : 7740
1 0.0000
2 5.1359
3 2.3871
4 0.0000
5 0.5686
6 0.0000
7 7.8778
8 9.9447
9 0.0000
10 2.2852
11 -3.3459
12 0.0000
13 -0.0207
14 0.0000
15 -3.8801
16 4.7144
17 0.0000
18 4.5170
19 -2.0508
20 0.0000
21 -5.4432
22 0.0000
23 1.0417
24 8.1497
25 0.0000
26 -6.0956
27 0.5240
28 0.0000
29 3.9517
30 0.0000
31 -3.9741
32 -1.6823
33 0.0000
34 -2.4417
35 5.8968
36 0.0000
37 1.6868
38 0.0000
39 3.8994
40 8.3567
41 0.0000
42 2.3570
43 13.7367
44 0.0000
45 1.8189
46 0.0000
47 2.6801
48 -2.9217
49 0.0000
50 0.3516
51 4.7598
52 0.0000
53 4.8916
54 0.0000
55 2.2796
56 -5.2051
57 0.0000
58 3.1877
59 8.7678
60 0.0000
61 7.0202
62 0.0000
63 7.6046
64 1.0349
65 0.0000
66 2.4249
67 -0.7627
68 0.0000
69 5.5985
70 0.0000
71 0.3772
72 3.2543
73 0.0000
74 2.7979
75 3.6156
76 0.0000
77 1.7116
78 0.0000
79 7.0336
80 13.0776
81 0.0000
82 -4.5696
83 7.7283
84 0.0000
85 -0.1288
86 0.0000
87 2.2171
88 14.4238
89 0.0000
90 6.0499
91 1.8113
92 0.0000
93 11.8678
94 0.0000
95 10.6539
96 4.8238
97 0.0000
98 -8.7872
99 10.9942
100 0.0000
101 1.3032
102 0.0000
103 2.6074
104 11.5502
105 0.0000
106 2.2347
107 3.6135
108 0.0000
109 6.3952
110 0.0000
111 -3.4999
112 3.9226
113 0.0000
114 0.1524
115 4.7350
116 0.0000
117 -3.5526
118 0.0000
119 2.4076
120 0.9329
121 0.0000
122 -6.9719
123 1.9393
124 0.0000
125 2.6957
126 0.0000
127 10.3979
128 8.1244
129 0.0000
130 6.3142
131 2.1153
132 0.0000
133 -9.0705
134 0.0000
135 2.4630
136 -8.5088
137 0.0000
138 1.8469
139 -1.5453
140 -4.9051
141 0.0000
142 4.6113
143 1.6806
144 2.3803
145 -0.0269
146 0.0000
147 1.1247
148 4.3735
149 0.0000
150 6.7649
151 13.8708
152 -1.6690
153 2.2103
154 0.0000
155 -4.5094
156 4.0947
157 0.0000
158 0.2501
159 0.5755
160 5.4176
161 -5.7669
162 0.0000
163 -2.0510
164 2.6945
165 0.0000
166 -2.8122
167 2.2322
168 -1.4434
169 1.9690
170 0.0000
171 4.4905
172 6.3072
173 0.0000
174 6.5235
175 -2.9071
176 9.3747
177 2.6140
178 0.0000
179 -2.2065
180 -3.7342
181 0.0000
182 4.4564
183 8.7840
184 2.0622
185 4.9744
186 0.0000
187 -4.4016
188 7.7899
189 0.0000
190 4.9636
191 -2.2466
192 7.5917
193 7.0055
194 0.0000
195 0.0454
196 -3.8447
197 0.0000
198 1.0505
199 4.3330
200 4.7701
201 -0.7112
202 0.0000
203 4.1240
204 2.2623
205 0.0000
206 12.3844
207 7.2380
208 4.7608
209 1.8176
210 0.0000
211 -1.5953
212 1.0630
213 0.0000
214 14.0033
215 7.7925
216 -1.2429
217 5.1981
218 0.0000
219 -0.6774
220 -0.6748
221 0.0000
222 7.8166
223 5.4465
224 -2.4293
225 5.5795
226 0.0000
227 -0.6862
228 6.4359
229 0.0000
230 -3.8224
231 -0.6058
232 2.0577
233 -1.8183
234 0.0000
235 8.0830
236 -1.4946
237 0.0000
238 -1.3357
239 2.4616
240 1.5926
241 0.3497
242 0.0000
243 0.5206
244 5.0949
245 0.0000
246 11.4387
247 9.3997
248 9.8011
249 1.5255
250 0.0000
251 2.8656
252 7.3444
253 0.0000
254 5.6186
255 8.0875
256 4.7203
257 5.5054
258 0.0000
259 2.5373
260 4.8811
261 0.0000
262 5.4975
263 2.5130
264 -0.0002
265 -0.4171
266 0.0000
267 -2.5935
268 4.6800
269 0.0000
270 10.9796
271 0.0000
272 1.1386
273 -1.3891
274 6.3073
275 -0.7198
276 3.5936
277 9.1712
278 0.6204
279 3.9827
280 0.0000
281 -2.9211
282 -5.3715
283 0.9304
284 -2.1440
285 8.3761
286 1.7242
287 0.0000
288 -0.3687
289 4.8790
290 6.6583
291 7.1296
292 9.6237
293 2.3578
294 0.0000
295 8.9728
296 4.9568
297 5.4282
298 0.8159
299 7.5291
300 -0.2738
301 0.0000
302 -2.7861
303 -2.3239
304 8.5647
305 4.3286
306 -0.2271
307 3.5105
308 0.0000
309 7.5819
310 6.5225
311 5.8874
312 6.8266
313 1.7552
314 4.8194
315 0.0000
316 1.9771
317 13.3425
318 6.8350
319 8.4579
320 9.1504
321 -0.0807
322 0.0000
323 3.9659
324 5.5499
325 6.7755
326 0.1663
327 8.9258
328 3.0538
329 0.0000
330 6.6944
331 4.5652
332 6.4510
333 5.7186
334 2.1366
335 0.4155
336 0.0000
337 -1.7636
338 5.7921
339 7.7223
340 4.4218
341 8.7664
342 -4.1532
343 0.0000
344 6.9914
345 3.8253
346 -4.9081
347 3.7984
348 2.8455
349 5.6411
350 0.0000
351 -2.9335
352 9.0414
353 7.1220
354 7.5013
355 2.7804
356 -2.2133
357 0.0000
358 -0.3578
359 1.5759
360 -0.3142
361 -4.0353
362 7.2927
363 1.4756
364 0.0000
365 5.3920
366 1.8915
367 -2.5220
368 0.1687
369 4.7420
370 15.2331
371 0.0000
372 -0.8740
373 4.7387
374 9.7513
375 1.9122
376 4.9906
377 8.1791
378 0.0000
379 4.4066
380 1.4879
381 1.4108
382 12.4933
383 -2.6627
384 9.7141
385 0.0000
386 -5.9689
387 0.0000
388 0.9790
389 0.0000
390 8.2809
391 0.0000
392 1.7149
393 8.5370
394 0.0000
395 -0.2220
396 1.2007
397 5.0637
398 2.3450
399 0.0000
400 7.5219
401 1.7898
402 10.9322
403 0.0000
404 6.1354
405 4.1225
406 -3.6514
407 0.0000
408 -5.5361
409 4.6408
410 0.1871
411 -2.4065
412 1.8769
413 -3.2797
414 4.8158
415 3.1422
416 6.4555
417 0.0000
418 3.1658
419 6.2230
420 5.2428
421 4.3985
422 -1.7461
423 1.8137
424 0.0000
425 -2.9662
426 4.6490
427 3.5926
428 3.4982
429 2.7457
430 6.5256
431 0.0000
432 2.6300
433 8.3414
434 15.0195
435 2.4326
436 1.0623
437 -0.7431
438 0.0000
439 0.8249
440 2.7259
441 -4.6667
442 -8.5521
443 0.7509
444 -0.4446
445 0.0000
446 -0.4421
447 0.5800
448 2.2027
449 3.7806
450 4.4209
451 5.6661
452 0.0000
453 1.5011
454 0.1285
455 2.7464
456 6.0588
457 0.8010
458 5.9435
459 0.0000
460 1.7024
461 2.9070
462 9.4064
463 3.5605
464 3.9101
465 -5.8913
466 0.0000
467 0.2023
468 -2.5102
469 1.3206
470 4.9360
471 -0.5363
472 3.0730
473 0.0000
474 6.2596
475 4.4806
476 14.2575
477 7.7217
478 3.1166
479 4.0870
480 0.0000
481 0.4987
482 7.3571
483 3.0404
484 2.6521
485 6.0229
486 6.8146
487 0.0000
488 1.4434
489 8.2207
490 -5.1862
491 2.4224
492 5.6204
493 4.0769
494 0.0000
495 1.7424
496 -1.2101
497 0.0000
498 8.5897
499 0.1488
500 -2.1283
501 3.6313
502 -3.0187
503 -2.4846
504 -2.7729
505 6.8768
506 0.0000
507 -0.5593
508 -2.2008
509 0.0000
510 2.5265
511 5.1038
512 0.0000
513 3.3479
514 4.2690
515 0.0000
516 10.5143
517 4.0398
518 0.0000
519 7.1671
520 3.0305
521 0.0714
522 0.0000
523 0.4285
524 6.1414
525 0.0000
526 9.9749
527 1.0031
528 3.6426
529 0.0000
530 0.6097
531 4.2572
532 0.0000
533 12.8127
534 3.0291
535 11.4453
536 0.0000
537 5.1682
538 1.6850
539 0.0000
540 -0.0118
541 10.2641
542 3.4361
543 0.0000
544 -2.5481
545 4.1562
546 0.0000
547 6.5343
548 6.8186
549 6.1679
550 0.0000
551 -2.1828
552 0.9143
553 0.0000
554 8.3425
555 -0.0714
556 -0.5289
557 0.0000
558 -1.1031
559 -4.6187
560 0.0000
561 3.3256
562 0.0336
563 0.8566
564 0.0000
565 1.1708
566 5.1545
567 0.0000
568 12.1607
569 5.0165
570 1.4268
571 0.0000
572 -1.3922
573 -1.6998
574 0.0000
575 4.5677
576 -0.8787
577 1.7664
578 0.0000
579 4.6548
580 4.2683
581 0.0000
582 2.7314
583 9.4143
584 9.0152
585 0.0000
586 4.4097
587 -1.6233
588 0.0000
589 0.4916
590 3.5347
591 4.6722
592 0.0000
593 1.4976
594 1.9695
595 0.0000
596 3.6987
597 7.1890
598 4.8515
599 0.0000
600 4.6529
601 4.3824
602 0.0000
603 4.8663
604 6.0554
605 1.7259
606 0.0000
607 3.7455
608 3.5552
609 0.0000
610 6.0764
611 -0.8171
612 5.6262
613 0.0000
614 -3.4854
615 -0.8955
616 0.0000
617 1.4734
618 11.5134
619 7.1195
620 0.0000
621 4.7005
622 7.8347
623 0.0000
624 5.5561
625 0.6017
626 5.5069
627 0.0000
628 -1.3484
629 0.0000
630 1.8269
631 0.0000
632 2.8306
633 2.8428
634 0.0000
635 2.7913
636 0.0000
637 6.9033
638 0.0000
639 -2.8607
640 7.5570
641 3.2818
642 0.0000
643 -0.0837
644 10.3072
645 0.9722
646 0.0000
647 2.8797
648 2.8738
649 -3.1381
650 0.0000
651 -3.4860
652 0.0000
653 -0.6235
654 0.0000
655 11.1590
656 3.9837
657 0.0000
658 12.1665
659 0.0000
660 3.1748
661 8.0294
662 0.1741
663 11.0591
664 6.2985
665 8.6199
666 5.6839
667 6.7548
668 5.7304
669 -1.8854
670 6.6869
671 5.0508
672 3.6385
673 0.5404
674 -0.9813
675 3.9053
676 0.0000
677 -0.5671
678 -6.0653
679 2.2772
680 6.9660
681 -0.5190
682 4.2243
683 11.7928
684 2.2337
685 0.0000
686 2.7976
687 7.5448
688 8.4754
689 8.5530
690 8.4348
691 7.0393
692 0.0000
693 0.5424
694 3.1142
695 0.2185
696 0.0000
697 1.4962
698 -1.4968
699 9.6580
700 4.6036
701 -1.8450
702 7.9742
703 -1.0896
704 7.7631
705 0.0000
706 9.0295
707 4.9984
708 6.3168
709 -0.5209
710 1.7048
711 12.0427
712 0.0000
713 -1.0854
714 -0.3165
715 2.7890
716 0.0000
717 3.4538
718 -0.7432
719 4.5055
720 2.0441
721 1.1464
722 -0.0162
723 1.3617
724 2.1998
725 0.0000
726 6.8888
727 1.6341
728 2.2267
729 8.6769
730 4.8274
731 5.4255
732 0.0000
733 -5.4134
734 -4.9414
735 -4.2344
736 0.0000
737 6.2237
738 1.1955
739 0.9349
740 13.8690
741 -1.5296
742 11.0108
743 8.4968
744 4.2054
745 0.0000
746 5.4866
747 6.4144
748 4.9475
749 6.0012
750 4.5589
751 2.6386
752 0.0000
753 -0.2759
754 2.6163
755 12.1835
756 7.0014
757 3.3563
758 0.9799
759 3.0754
760 1.2883
761 6.9593
762 4.7741
763 5.8848
764 3.2137
765 6.1582
766 -1.0739
767 0.0000
768 9.6928
769 -6.2427
770 8.4293
771 8.6910
772 -7.2672
773 -1.8863
774 -6.4047
775 8.2170
776 0.0000
777 1.7201
778 0.5749
779 7.3754
780 0.3974
781 -0.6372
782 -0.7920
783 0.0000
784 3.1449
785 5.7277
786 3.5597
787 0.0000
788 8.1973
789 0.6516
790 1.6418
791 -1.8943
792 8.3444
793 7.6055
794 4.6891
795 8.4398
796 0.0000
797 3.2590
798 3.1909
799 6.9585
800 6.5670
801 3.8859
802 2.8731
803 0.0000
804 -3.3671
805 5.0299
806 -2.2584
807 0.0000
808 8.5768
809 1.3101
810 2.7699
811 8.3298
812 0.8155
813 4.9397
814 3.5741
815 0.7310
816 0.0000
817 7.5888
818 6.2147
819 6.7800
820 -4.1896
821 -2.5671
822 4.5629
823 0.0000
824 -2.9098
825 2.1280
826 0.8368
827 0.0000
828 6.8575
829 5.2022
830 4.2579
831 8.5041
832 0.4133
833 9.4584
834 7.7834
835 14.1876
836 0.0000
837 11.3855
838 4.8592
839 8.2161
840 7.1064
841 6.2251
842 -1.1575
843 0.0000
844 1.8690
845 -7.5281
846 -3.0752
847 -0.0916
848 4.3613
849 4.1597
850 3.2551
851 2.5547
852 2.0352
853 6.0512
854 6.5861
855 2.2541
856 -1.0465
857 -5.9470
858 0.0000
859 9.5559
860 -3.7209
861 8.3656
862 -1.4028
863 -6.5150
864 -2.3477
865 -2.3011
866 3.2973
867 0.0000
868 7.9848
869 2.4040
870 1.8084
871 -3.9580
872 2.7873
873 -2.0975
874 0.0000
875 -2.3031
876 3.4249
877 11.9903
878 0.0000
879 5.7829
880 -3.0901
881 2.0406
882 8.7676
883 1.2119
884 10.6066
885 5.1570
886 2.7798
887 0.0000
888 4.8720
889 -4.1334
890 3.1136
891 4.7897
892 0.7783
893 3.1913
894 0.0000
895 4.3312
896 1.1952
897 7.1558
898 0.0000
899 7.3923
900 -5.9412
901 5.6463
902 4.5592
903 -1.0946
904 3.3055
905 -4.9321
906 -1.7495
907 0.0000
908 4.0301
909 -3.5980
910 7.4826
911 2.2238
912 2.9230
913 3.6539
914 0.0000
915 -2.0845
916 3.0506
917 6.1498
918 0.0000
919 2.9191
920 -2.3816
921 2.0852
922 5.5514
923 -3.1025
924 3.4072
925 1.9888
926 9.7012
927 0.0000
928 0.5243
929 7.2082
930 7.1428
931 6.4414
932 -1.7646
933 4.9243
934 0.0000
935 8.1816
936 -0.6803
937 4.6585
938 2.1510
939 4.8220
940 5.8049
941 7.1673
942 0.1372
943 6.3986
944 6.7753
945 5.9394
946 9.6455
947 3.8131
948 1.6624
949 0.0000
950 4.1318
951 0.0809
952 6.5760
953 7.3209
954 0.1767
955 4.7809
956 2.4917
957 5.3992
958 0.0000
959 -3.5993
960 2.9256
961 12.5383
962 13.3562
963 6.6616
964 5.1717
965 0.0000
966 0.5557
967 2.6365
968 3.5779
969 0.0000
970 5.7446
971 -2.5737
972 1.9647
973 3.9118
974 -1.7180
975 6.0226
976 -0.9284
977 8.6636
978 0.0000
979 3.3998
980 0.2178
981 -0.1846
982 3.7504
983 -2.2467
984 2.4894
985 0.0000
986 1.1523
987 -1.4988
988 1.7521
989 0.0000
990 3.2447
991 -9.0390
992 3.3981
993 1.4997
994 2.1313
995 -0.6204
996 3.3128
997 -2.1450
998 0.0000
999 -1.2304
1000 8.0166
1001 9.1572
1002 5.6498
1003 0.0954
1004 -0.2232
1005 0.0000
1006 7.7732
1007 0.6304
1008 6.9878
1009 0.0000
1010 5.5287
1011 0.3899
1012 5.1018
1013 -0.7542
1014 2.6916
1015 11.9075
1016 3.6122
1017 1.4562
1018 0.0000
1019 4.3073
1020 10.6329
1021 2.8927
1022 2.5553
1023 7.6553
1024 -0.2471
1025 0.0000
1026 -1.1046
1027 0.0000
1028 6.5470
1029 0.0000
1030 4.2960
1031 -5.1684
1032 1.5255
1033 8.5007
1034 5.0013
1035 2.2866
1036 3.9474
1037 1.5359
1038 0.0000
1039 2.8309
1040 3.4744
1041 4.5496
1042 9.2720
1043 3.3485
1044 3.7371
1045 0.0000
1046 3.3975
1047 1.2945
1048 6.5009
1049 0.1122
1050 8.9623
1051 3.8301
1052 0.0000
1053 -4.8784
1054 8.4200
1055 3.0503
1056 1.9367
1057 5.7135
1058 5.2088
1059 0.0000
1060 -0.3091
1061 2.9872
1062 -0.0371
1063 4.3428
1064 2.8369
1065 5.0974
1066 0.0000
1067 5.1390
1068 3.1892
1069 5.1302
1070 -8.2653
1071 0.2397
1072 5.5600
1073 0.0000
1074 4.7390
1075 5.5678
1076 12.9284
1077 0.1254
1078 -0.1754
1079 2.9202
1080 0.0000
1081 -7.2280
1082 2.5510
1083 6.7540
1084 0.7624
1085 2.9661
1086 2.5633
1087 0.0000
1088 9.4505
1089 8.5620
1090 2.4032
1091 3.4460
1092 0.9904
1093 1.4282
1094 0.0000
1095 -2.0394
1096 7.8183
1097 12.1023
1098 -3.4177
1099 1.0571
1100 1.7901
1101 0.0000
1102 2.6491
1103 8.5464
1104 10.2501
1105 -0.8622
1106 0.0862
1107 3.8681
1108 0.0000
1109 4.7222
1110 -0.6030
1111 5.1268
1112 1.1054
1113 2.1773
1114 -0.9156
1115 0.0000
1116 -2.5321
1117 8.3695
1118 8.8944
1119 9.6201
1120 5.2924
1121 2.7172
1122 0.0000
1123 -0.0778
1124 11.3523
1125 1.5401
1126 -1.1077
1127 0.2731
1128 2.7316
1129 0.0000
1130 1.3047
1131 4.5485
1132 6.8157
1133 3.4906
1134 9.1158
1135 8.5226
1136 0.0000
1137 -3.6608
1138 3.4662
1139 1.0507
1140 4.1149
1141 -1.6508
1142 3.1279
1143 0.0000
1144 0.5048
1145 0.0000
1146 -3.2612
1147 0.0000
1148 -6.1335
1149 0.0000
1150 -0.2162
1151 -1.8082
1152 0.0000
1153 -2.3337
1154 -0.0503
1155 8.7400
1156 3.6815
1157 0.0000
1158 3.5260
1159 12.5450
1160 3.7202
1161 0.0000
1162 6.8115
1163 -0.1608
1164 11.3421
1165 0.0000
1166 6.5838
1167 -2.7334
1168 -0.8142
1169 -0.8474
1170 4.3714
1171 6.9762
1172 0.8053
1173 -1.1893
1174 4.8037
1175 0.0000
1176 -3.1452
1177 2.2594
1178 8.6062
1179 3.4664
1180 2.9145
1181 -3.0566
1182 0.0000
1183 5.0127
1184 -2.2929
1185 6.3159
1186 8.1356
1187 2.5714
1188 7.6038
1189 0.0000
1190 4.6653
1191 -0.2468
1192 6.3726
1193 5.3554
1194 8.7220
1195 -0.7661
1196 0.0000
1197 -2.3402
1198 7.5711
1199 7.4649
1200 4.0229
1201 3.4084
1202 -2.0995
1203 0.0000
1204 2.4546
1205 -1.6655
1206 9.2669
1207 -0.5805
1208 11.2547
1209 4.4099
1210 0.0000
1211 7.2460
1212 2.5468
1213 3.7356
1214 -1.0166
1215 0.4338
1216 4.8719
1217 0.0000
1218 0.4400
1219 7.7822
1220 11.4957
1221 -2.2419
1222 3.5760
1223 11.5102
1224 0.0000
1225 6.1166
1226 8.3738
1227 1.8566
1228 1.3597
1229 -2.3871
1230 -0.2974
1231 0.0000
1232 -3.5215
1233 1.1188
1234 1.8541
1235 3.4772
1236 -6.0656
1237 4.8104
1238 0.0000
1239 1.8199
1240 -6.0150
1241 14.7998
1242 5.2931
1243 4.2874
1244 -0.2413
1245 0.0000
1246 -4.3798
1247 7.7791
1248 5.1765
1249 16.2992
1250 -1.4335
1251 5.3403
1252 0.0000
1253 0.4525
1254 -1.4680
1255 0.0000
1256 -0.4313
1257 1.6090
1258 3.1984
1259 -0.2920
1260 -1.9231
1261 -4.5459
1262 0.7186
1263 -2.0510
1264 0.0000
1265 -3.0504
1266 6.2005
1267 0.0000
1268 8.5161
1269 0.0000
1270 5.5101
1271 0.0000
1272 5.0354
1273 5.4045
1274 0.0000
1275 4.7185
1276 1.9441
1277 0.0000
1278 7.6937
1279 0.1324
1280 5.7184
1281 0.0000
1282 -3.9963
1283 16.5991
1284 0.0000
1285 4.4536
1286 3.2324
1287 2.4887
1288 0.0000
1289 7.8164
1290 1.0900
1291 0.0000
1292 8.6921
1293 6.3278
1294 4.9764
1295 0.0000
1296 -2.8904
1297 -1.9262
1298 0.0000
1299 -0.2316
1300 6.3335
1301 -1.3658
1302 0.0000
1303 4.3759
1304 -2.1895
1305 0.0000
1306 4.7497
1307 5.9114
1308 1.7507
1309 0.0000
1310 7.4333
1311 0.6164
1312 0.0000
1313 8.9435
1314 11.5761
1315 -2.5837
1316 0.0000
1317 -5.6863
1318 7.2663
1319 0.0000
1320 1.5778
1321 4.4978
1322 8.9051
1323 0.0000
1324 -2.0418
1325 7.3437
1326 0.0000
1327 3.7813
1328 6.9412
1329 6.8357
1330 0.0000
1331 5.3310
1332 7.2848
1333 0.0000
1334 8.7830
1335 1.1894
1336 1.3625
1337 0.0000
1338 1.2344
1339 2.8822
1340 0.0000
1341 -0.8359
1342 5.9885
1343 1.3435
1344 0.0000
1345 -1.4467
1346 13.9146
1347 0.0000
1348 0.6187
1349 10.4123
1350 13.0115
1351 0.0000
1352 1.0630
1353 6.7485
1354 0.0000
1355 2.5270
1356 9.3936
1357 7.6420
1358 0.0000
1359 1.9860
1360 9.2228
1361 0.0000
1362 -5.4684
1363 3.9387
1364 -1.2444
1365 0.0000
1366 -1.2200
1367 1.7784
1368 0.0000
1369 5.7836
1370 3.4562
1371 6.3535
1372 0.0000
1373 7.1574
1374 5.6523
1375 0.0000
1376 6.0693
1377 10.4787
1378 10.6139
1379 0.0000
1380 0.4180
1381 2.5947
1382 0.0000
1383 -2.0845
1384 4.8911
1385 -1.3927
1386 0.0000
1387 -2.2572
1388 0.0000
1389 5.7923
1390 0.0000
1391 2.6118
1392 -1.6993
1393 0.0000
1394 2.6973
1395 0.0000
1396 1.2380
1397 0.0000
1398 4.8310
1399 -9.0168
1400 2.2415
1401 0.0000
1402 4.0031
1403 2.0478
1404 5.2969
1405 0.0000
1406 0.9729
1407 4.9875
1408 3.7974
1409 0.0000
1410 -1.1681
1411 0.0000
1412 2.3127
1413 0.0000
1414 6.6824
1415 9.7867
1416 0.0000
1417 1.5747
1418 0.0000
1419 11.7226
1420 0.0202
1421 -1.3625
1422 5.3212
1423 1.7955
1424 3.0340
1425 -0.3632
1426 6.5728
1427 7.7448
1428 -1.0141
1429 5.8509
1430 8.1062
1431 8.8071
1432 -1.3177
1433 4.1795
1434 -0.3597
1435 0.0000
1436 5.9949
1437 -2.3903
1438 6.4225
1439 4.6244
1440 -0.3517
1441 16.6324
1442 6.5271
1443 3.1547
1444 0.0000
1445 2.6297
1446 0.1305
1447 -4.0417
1448 3.8014
1449 4.7414
1450 0.6610
1451 0.0000
1452 6.9739
1453 9.3095
1454 3.2420
1455 0.0000
1456 -1.9319
1457 0.2310
1458 6.7609
1459 -3.2326
1460 1.9696
1461 7.0121
1462 7.5306
1463 5.5059
1464 0.0000
1465 13.7148
1466 3.6375
1467 0.5635
1468 4.4046
1469 10.5490
1470 8.2665
1471 0.0000
1472 -2.8062
1473 4.8121
1474 -2.3608
1475 0.0000
1476 4.1477
1477 -2.2394
1478 1.4417
1479 4.2381
1480 -3.2117
1481 5.4721
1482 -1.6593
1483 3.1367
1484 0.0000
1485 2.9217
1486 10.9791
1487 0.2912
1488 4.8297
1489 4.1551
1490 1.6430
1491 0.0000
1492 5.7092
1493 6.1494
1494 -1.6724
1495 0.0000
1496 3.9959
1497 -9.3455
1498 4.9824
1499 5.8095
1500 -5.0245
1501 -3.0742
1502 -5.3548
1503 -3.1815
1504 0.0000
1505 9.8322
1506 7.2284
1507 12.4694
1508 4.7995
1509 -1.2491
1510 4.6490
1511 0.0000
1512 4.1135
1513 2.5088
1514 6.6395
1515 9.7483
1516 6.6536
1517 7.4191
1518 2.0834
1519 6.0670
1520 -1.5364
1521 8.5125
1522 4.2838
1523 -0.2158
1524 1.8162
1525 9.8475
1526 0.0000
1527 7.9145
1528 1.9526
1529 4.2744
1530 4.8295
1531 3.3761
1532 0.2748
1533 -5.4234
1534 7.0115
1535 0.0000
1536 9.8906
1537 3.1329
1538 4.2016
1539 11.6174
1540 2.6298
1541 5.3161
1542 0.0000
1543 -8.3064
1544 0.0118
1545 2.3882
1546 0.0000
1547 6.7183
1548 5.2894
1549 13.6699
1550 0.0343
1551 2.3285
1552 2.3218
1553 -5.9877
1554 0.4156
1555 0.0000
1556 6.1442
1557 1.9723
1558 -0.1438
1559 -1.0461
1560 8.2443
1561 1.9966
1562 0.0000
1563 0.2844
1564 8.3340
1565 -0.4812
1566 0.0000
1567 2.3289
1568 0.5351
1569 6.9546
1570 2.5721
1571 -0.4637
1572 0.7968
1573 -5.0900
1574 7.6342
1575 0.0000
1576 4.5914
1577 4.9028
1578 3.5631
1579 6.2160
1580 4.3471
1581 14.1259
1582 0.0000
1583 3.0465
1584 6.9072
1585 -6.3355
1586 0.0000
1587 -1.0049
1588 1.5918
1589 1.7082
1590 -3.3755
1591 0.8580
1592 -4.2891
1593 -0.0124
1594 -0.5699
1595 0.0000
1596 0.9183
1597 2.4882
1598 9.4332
1599 11.5973
1600 0.8099
1601 4.0942
1602 0.0000
1603 -1.6644
1604 4.0319
1605 6.8463
1606 7.5742
1607 8.5309
1608 5.2870
1609 3.5276
1610 8.1856
1611 -3.6550
1612 9.0051
1613 3.2036
1614 1.1397
1615 4.4430
1616 3.6464
1617 0.0000
1618 5.9647
1619 -1.0029
1620 3.9595
1621 2.8055
1622 -7.1313
1623 -2.2572
1624 4.2046
1625 2.5306
1626 0.0000
1627 -1.3125
1628 1.3673
1629 7.1738
1630 2.3389
1631 11.0031
1632 7.4892
1633 0.0000
1634 3.2936
1635 15.8883
1636 4.3705
1637 0.0000
1638 -5.7725
1639 -1.5831
1640 8.3348
1641 5.1481
1642 -0.3619
1643 2.7340
1644 3.9356
1645 1.9533
1646 0.0000
1647 3.1631
1648 0.1376
1649 3.9996
1650 11.1895
1651 -0.0477
1652 12.4787
1653 0.0000
1654 1.6667
1655 5.4877
1656 8.2111
1657 0.0000
1658 4.4645
1659 -6.4568
1660 0.6220
1661 5.4353
1662 -2.1659
1663 -3.1949
1664 -1.1677
1665 13.3113
1666 0.0000
1667 5.0959
1668 7.4384
1669 1.5870
1670 2.8239
1671 12.8135
1672 5.9554
1673 0.0000
1674 4.5949
1675 -1.5076
1676 6.1292
1677 0.0000
1678 -3.1098
1679 1.3944
1680 8.5182
1681 4.8024
1682 -2.5572
1683 -4.0036
1684 -1.1163
1685 4.6265
1686 0.0000
1687 4.4688
1688 0.8422
1689 3.1044
1690 8.0303
1691 3.8196
1692 8.5072
1693 0.0000
1694 5.2424
1695 4.0209
1696 -4.0106
1697 3.6976
1698 8.8738
1699 4.8506
1700 7.1562
1701 5.4136
1702 7.3949
1703 -5.6827
1704 7.6161
1705 6.2246
1706 1.2046
1707 7.6819
1708 0.0000
1709 7.1266
1710 8.1414
1711 4.4270
1712 -1.8623
1713 3.9558
1714 13.3583
1715 5.7604
1716 3.2108
1717 0.0000
1718 1.8200
1719 -1.1636
1720 -0.0512
1721 1.5049
1722 4.1782
1723 7.3360
1724 0.0000
1725 6.7922
1726 2.9157
1727 13.1407
1728 0.0000
1729 0.9299
1730 -5.3142
1731 6.6500
1732 -2.3603
1733 8.1469
1734 8.9873
1735 4.9822
1736 -2.6417
1737 0.0000
1738 6.1883
1739 6.5974
1740 7.6680
1741 9.7144
1742 9.2059
1743 12.5610
1744 0.0000
1745 -0.5483
1746 7.7632
1747 9.2426
1748 0.0000
1749 -0.0961
1750 -5.2236
1751 2.9257
1752 9.0823
1753 -0.9933
1754 7.4339
1755 8.5663
1756 7.5988
1757 0.0000
1758 7.2245
1759 1.6669
1760 12.0426
1761 3.6338
1762 11.9185
1763 -0.8105
1764 0.0000
1765 -4.4984
1766 4.1328
1767 5.6598
1768 0.0000
1769 7.4961
1770 0.4186
1771 9.1882
1772 8.1623
1773 0.1871
1774 12.5904
1775 -1.7986
1776 10.4042
1777 0.0000
1778 3.5116
1779 2.0997
1780 2.8486
1781 7.3880
1782 -3.5984
1783 -2.4390
1784 0.0000
1785 -2.0711
1786 0.0000
1787 2.3173
1788 0.0000
1789 7.0418
1790 1.4175
1791 2.5151
1792 0.2631
1793 12.9913
1794 10.2055
1795 2.3609
1796 8.7013
1797 0.0000
1798 -2.1410
1799 -1.9233
1800 8.1458
1801 3.3398
1802 2.5633
1803 -4.9053
1804 0.0000
1805 6.8015
1806 1.2105
1807 2.6789
1808 -1.2410
1809 4.8689
1810 1.8084
1811 0.0000
1812 6.1949
1813 11.4543
1814 5.5624
1815 4.0841
1816 4.6111
1817 5.0095
1818 0.0000
1819 1.4718
1820 2.9631
1821 9.5342
1822 -1.8067
1823 3.1820
1824 3.2595
1825 0.0000
1826 1.2517
1827 3.5981
1828 5.0096
1829 5.8787
1830 4.9508
1831 -6.4176
1832 0.0000
1833 -1.5728
1834 -6.8453
1835 6.6680
1836 2.6114
1837 8.2502
1838 -8.0511
1839 0.0000
1840 2.3867
1841 6.9770
1842 3.2328
1843 8.8091
1844 1.7165
1845 6.0852
1846 0.0000
1847 -6.6880
1848 0.4457
1849 6.3382
1850 8.5839
1851 -2.7490
1852 0.6694
1853 0.0000
1854 0.8913
1855 6.3891
1856 8.6192
1857 0.0302
1858 -0.7204
1859 0.6761
1860 0.0000
1861 2.7516
1862 -4.8474
1863 5.8432
1864 0.3890
1865 8.1038
1866 2.7973
1867 0.0000
1868 0.3862
1869 11.3547
1870 -3.1554
1871 5.4630
1872 3.9016
1873 7.0337
1874 0.0000
1875 3.3223
1876 -0.9687
1877 8.6532
1878 0.3580
1879 0.8998
1880 0.2749
1881 0.0000
1882 4.4210
1883 -0.6281
1884 6.5762
1885 2.7300
1886 4.3160
1887 -2.2740
1888 0.0000
1889 -3.5810
1890 8.3633
1891 5.6299
1892 8.4470
1893 7.7041
1894 9.1058
1895 0.0000
1896 -3.5136
1897 1.0361
1898 4.3483
1899 5.8120
1900 -3.1445
1901 -13.7866
1902 0.0000
1903 -2.4315
1904 0.0000
1905 5.7778
1906 0.0000
1907 6.1937
1908 0.0000
1909 3.5210
1910 -1.2067
1911 0.0000
1912 3.7336
1913 12.1534
1914 4.7456
1915 13.6793
1916 0.0000
1917 1.6873
1918 8.4187
1919 0.1093
1920 0.0000
1921 5.6313
1922 1.2001
1923 5.8011
1924 0.0000
1925 10.1395
1926 2.5364
1927 -1.7540
1928 1.4643
1929 6.9244
1930 -0.3955
1931 1.4322
1932 0.9304
1933 -4.1921
1934 0.0000
1935 6.9307
1936 4.4901
1937 0.8628
1938 -1.1562
1939 -1.3925
1940 2.0141
1941 0.0000
1942 8.5894
1943 -4.5681
1944 11.4827
1945 11.7580
1946 7.6581
1947 2.3478
1948 0.0000
1949 2.0815
1950 5.9112
1951 4.8021
1952 11.7341
1953 1.7958
1954 -0.1595
1955 0.0000
1956 2.1251
1957 4.7266
1958 9.1717
1959 1.6608
1960 3.5887
1961 -1.1571
1962 0.0000
1963 4.1397
1964 7.3289
1965 0.4764
1966 2.8730
1967 -2.0531
1968 4.7953
1969 0.0000
1970 -0.4033
1971 7.6878
1972 5.6199
1973 11.4144
1974 6.2496
1975 1.5018
1976 0.0000
1977 -4.1637
1978 8.0855
1979 -0.1864
1980 5.3429
1981 9.1236
1982 -2.8327
1983 0.0000
1984 7.8449
1985 7.2630
1986 3.3896
1987 2.7837
1988 -5.5282
1989 2.7441
1990 0.0000
1991 10.5587
1992 -2.3000
1993 0.4758
1994 7.8251
1995 0.9186
1996 10.4167
1997 0.0000
1998 7.0314
1999 10.3577
2000 2.5202
2001 1.4703
2002 -2.3775
2003 10.4894
2004 0.0000
2005 -1.0267
2006 -6.8481
2007 4.8848
2008 3.6857
2009 -1.9487
2010 5.3345
2011 0.0000
2012 -3.0692
2013 -1.1497
2014 0.0000
2015 4.7232
2016 -5.4974
2017 5.7153
2018 -2.4149
2019 4.5528
2020 -2.3042
2021 -2.9266
2022 -0.1202
2023 0.0000
2024 4.5453
2025 8.6069
2026 0.0000
2027 12.7716
2028 0.0000
2029 1.3890
2030 0.0000
2031 5.4208
2032 -2.1327
2033 0.0000
2034 4.0260
2035 2.8841
2036 0.0000
2037 5.4413
2038 10.5585
2039 7.0220
2040 0.0000
2041 0.3940
2042 -0.4897
2043 0.0000
2044 5.7127
2045 3.8377
2046 0.7316
2047 0.0000
2048 4.7706
2049 8.3099
2050 0.0000
2051 8.2423
2052 4.7680
2053 1.4018
2054 0.0000
2055 -2.3039
2056 9.9816
2057 0.0000
2058 -1.1498
2059 3.7113
2060 1.4227
2061 0.0000
2062 6.7692
2063 4.2118
2064 0.0000
2065 8.3874
2066 6.0759
2067 4.6588
2068 0.0000
2069 -2.9448
2070 12.2688
2071 0.0000
2072 10.4452
2073 2.2024
2074 -2.3959
2075 0.0000
2076 2.6086
2077 8.7252
2078 0.0000
2079 13.6804
2080 7.3254
2081 -0.9778
2082 0.0000
2083 1.8563
2084 6.2935
2085 0.0000
2086 2.5244
2087 5.0496
2088 10.4146
2089 0.0000
2090 8.1363
2091 4.7035
2092 0.0000
2093 6.4186
2094 -0.6359
2095 7.7565
2096 0.0000
2097 -2.2348
2098 11.3384
2099 0.0000
2100 0.5403
2101 -4.8907
2102 3.6135
2103 0.0000
2104 -2.5752
2105 -1.6187
2106 0.0000
2107 0.8435
2108 7.7541
2109 6.7145
2110 0.0000
2111 -1.3567
2112 5.4615
2113 0.0000
2114 4.5877
2115 -6.1156
2116 4.2851
2117 0.0000
2118 -2.4012
2119 -2.4539
2120 0.0000
2121 8.7016
2122 0.7109
2123 4.8486
2124 0.0000
2125 1.8360
2126 5.2610
2127 0.0000
2128 0.7529
2129 2.5842
2130 8.7507
2131 0.0000
2132 -5.6269
2133 3.2718
2134 0.0000
2135 4.1928
2136 -5.5211
2137 4.5299
2138 0.0000
2139 6.0387
2140 8.3675
2141 0.0000
2142 8.6976
2143 3.9372
2144 -0.1228
2145 0.0000
2146 2.4688
2147 0.0000
2148 -0.1041
2149 0.0000
2150 2.3145
2151 8.5473
2152 0.0000
2153 5.2360
2154 0.0000
2155 9.9661
2156 0.0000
2157 0.9744
2158 9.7683
2159 8.8438
2160 0.0000
2161 4.5477
2162 1.5730
2163 -1.1793
2164 0.0000
2165 7.0246
2166 5.5191
2167 -0.8278
2168 0.0000
2169 -1.9588
2170 0.0000
2171 5.3756
2172 0.0000
2173 7.1747
2174 8.2385
2175 0.0000
2176 -1.7298
2177 0.0000
2178 0.9121
2179 1.6818
2180 5.8261
2181 4.8147
2182 2.1713
2183 1.3990
2184 -3.1569
2185 -2.8970
2186 4.3304
2187 6.0074
2188 2.2565
2189 -1.3470
2190 1.8316
2191 2.0349
2192 7.4915
2193 4.3088
2194 0.0000
2195 3.5232
2196 7.3156
2197 3.9430
2198 0.3173
2199 -1.4199
2200 6.3664
2201 4.0446
2202 8.9315
2203 0.0000
2204 6.6020
2205 2.8470
2206 2.7000
2207 -1.9117
2208 6.0640
2209 -0.6123
2210 0.0000
2211 -0.3888
2212 5.0257
2213 -0.3145
2214 0.0000
2215 10.3854
2216 -3.4857
2217 4.5862
2218 -3.6521
2219 -2.2350
2220 5.6911
2221 -1.6385
2222 -5.1870
2223 0.0000
2224 9.2989
2225 5.6624
2226 4.1914
2227 -0.6720
2228 1.3676
2229 9.4109
2230 0.0000
2231 -0.1910
2232 3.1763
2233 2.0739
2234 0.0000
2235 -2.4132
2236 -6.6081
2237 6.2567
2238 1.3932
2239 -2.1238
2240 6.1235
2241 -0.5728
2242 9.9977
2243 0.0000
2244 6.9054
2245 3.9217
2246 1.0452
2247 -1.2766
2248 4.5434
2249 9.0041
2250 0.0000
2251 -1.0536
2252 1.5001
2253 -0.0764
2254 0.0000
2255 6.7725
2256 -3.2634
2257 6.7878
2258 8.6987
2259 -1.9026
2260 7.7132
2261 6.8748
2262 6.2030
2263 0.0000
2264 11.0871
2265 1.2083
2266 7.8666
2267 5.3963
2268 -0.6219
2269 9.5732
2270 0.0000
2271 0.0984
2272 4.6872
2273 6.2421
2274 6.9050
2275 3.4742
2276 0.8370
2277 3.1175
2278 1.7884
2279 4.2608
2280 14.7529
2281 1.6376
2282 -3.6968
2283 3.1771
2284 -4.0538
2285 0.0000
2286 10.3166
2287 -2.9028
2288 -1.6019
2289 5.3058
2290 2.0709
2291 0.3043
2292 2.0885
2293 -3.1122
2294 0.0000
2295 -4.1069
2296 -0.0541
2297 2.2239
2298 8.7329
2299 6.2229
2300 0.4308
2301 0.0000
2302 3.6359
2303 6.0924
2304 12.3784
2305 0.0000
2306 4.9359
2307 -2.0858
2308 10.8690
2309 5.8571
2310 -1.4828
2311 10.9899
2312 1.1183
2313 5.1016
2314 0.0000
2315 1.3790
2316 0.4124
2317 5.9014
2318 1.6974
2319 8.4982
2320 1.2111
2321 0.0000
2322 -2.7630
2323 2.1436
2324 12.4643
2325 0.0000
2326 6.0724
2327 3.0148
2328 6.0476
2329 -6.1689
2330 -0.4293
2331 2.3764
2332 2.3079
2333 9.7187
2334 0.0000
2335 10.6138
2336 -1.7019
2337 -1.2916
2338 9.0669
2339 8.5414
2340 -1.1150
2341 0.0000
2342 -2.9650
2343 8.3026
2344 -4.6250
2345 0.0000
2346 6.2711
2347 -8.4981
2348 8.0406
2349 -5.0555
2350 1.8913
2351 12.3269
2352 7.9584
2353 10.1743
2354 0.0000
2355 5.0871
2356 -1.7357
2357 3.6178
2358 2.7462
2359 5.4468
2360 5.2006
2361 0.0000
2362 -0.1013
2363 5.5107
2364 2.5704
2365 1.5819
2366 3.9838
2367 0.6048
2368 2.3557
2369 -0.9846
2370 5.5440
2371 7.3746
2372 5.8899
2373 4.2068
2374 -2.7379
2375 -0.9421
2376 0.0000
2377 0.2031
2378 -0.2270
2379 8.0333
2380 8.4815
2381 5.7804
2382 -0.8683
2383 1.9190
2384 3.4380
2385 0.0000
2386 0.0542
2387 1.8259
2388 3.9619
2389 3.7393
2390 7.0676
2391 -1.4791
2392 0.0000
2393 -3.2396
2394 -6.5166
2395 5.4617
2396 0.0000
2397 8.9176
2398 5.9536
2399 3.5172
2400 3.9716
2401 -0.4482
2402 -1.3306
2403 -7.5339
2404 1.4428
2405 0.0000
2406 0.3669
2407 -0.1652
2408 5.6642
2409 -0.4896
2410 3.6249
2411 -0.8696
2412 0.0000
2413 4.9234
2414 3.2839
2415 1.5488
2416 0.0000
2417 3.6075
2418 0.1315
2419 -1.4802
2420 4.8139
2421 2.6133
2422 -5.3174
2423 -1.6611
2424 4.0892
2425 0.0000
2426 9.8511
2427 2.3535
2428 2.4639
2429 -4.5510
2430 1.8614
2431 13.1710
2432 0.0000
2433 -2.4921
2434 5.3390
2435 5.6348
2436 0.0000
2437 7.5863
2438 0.1795
2439 -1.7133
2440 7.8095
2441 2.8459
2442 3.5491
2443 2.3541
2444 5.8457
2445 0.0000
2446 7.7323
2447 7.2993
2448 1.7342
2449 4.6619
2450 3.8282
2451 1.5711
2452 0.0000
2453 4.2656
2454 5.6806
2455 2.7584
2456 -6.3223
2457 8.6060
2458 16.3002
2459 7.7062
2460 5.4816
2461 1.1111
2462 0.9723
2463 6.2422
2464 -3.3382
2465 5.0727
2466 6.3292
2467 0.0000
2468 9.1539
2469 0.4145
2470 9.7328
2471 10.2334
2472 -7.2690
2473 1.6079
2474 -7.1299
2475 0.6513
2476 0.0000
2477 1.5320
2478 -3.9432
2479 3.6981
2480 6.1565
2481 -1.0628
2482 5.4365
2483 0.0000
2484 1.7902
2485 2.1355
2486 0.3091
2487 0.0000
2488 3.0820
2489 0.4731
2490 8.1764
2491 9.3446
2492 1.3596
2493 3.0721
2494 8.8570
2495 -0.2821
2496 0.0000
2497 6.2237
2498 6.0347
2499 4.1543
2500 4.2014
2501 9.3083
2502 2.7359
2503 0.0000
2504 -1.9471
2505 13.9687
2506 12.9285
2507 0.0000
2508 4.9442
2509 1.2024
2510 4.9648
2511 2.4842
2512 5.7055
2513 9.2986
2514 3.2290
2515 -7.6369
2516 0.0000
2517 8.1294
2518 12.5118
2519 4.2481
2520 0.0260
2521 4.7248
2522 -4.1172
2523 0.0000
2524 0.4216
2525 3.4276
2526 6.3653
2527 0.0000
2528 6.2641
2529 3.8087
2530 6.6713
2531 3.3232
2532 5.3984
2533 8.0537
2534 0.2259
2535 8.8623
2536 0.0000
2537 9.5155
2538 2.0327
2539 1.3431
2540 4.9201
2541 -0.0268
2542 -1.8012
2543 0.0000
2544 -7.9476
2545 0.0000
2546 7.0575
2547 0.0000
2548 6.5358
2549 10.6093
2550 -0.2881
2551 1.8186
2552 2.1726
2553 8.5618
2554 9.9537
2555 -0.5000
2556 0.0000
2557 -3.9703
2558 4.7246
2559 -2.2646
2560 0.7948
2561 2.8168
2562 6.3018
2563 0.0000
2564 1.4160
2565 -2.7256
2566 -0.2463
2567 4.0113
2568 6.7143
2569 1.2394
2570 0.0000
2571 -0.8607
2572 1.0988
2573 4.3550
2574 3.6897
2575 -2.5314
2576 6.2817
2577 0.0000
2578 0.0475
2579 10.7404
2580 4.3488
2581 11.8664
2582 3.3651
2583 3.5613
2584 0.0000
2585 -0.5197
2586 11.2941
2587 -0.0818
2588 0.4583
2589 6.8316
2590 3.9592
2591 0.0000
2592 -0.7349
2593 4.0890
2594 6.7872
2595 6.3298
2596 3.5914
2597 2.4938
2598 0.0000
2599 -2.2021
2600 -0.8144
2601 2.4856
2602 7.2657
2603 6.2524
2604 8.2700
2605 0.0000
2606 5.5673
2607 1.3140
2608 6.0751
2609 5.4240
2610 8.8680
2611 2.9645
2612 0.0000
2613 -1.9589
2614 4.5356
2615 2.7582
2616 3.1095
2617 1.2483
2618 1.1004
2619 0.0000
2620 -0.7729
2621 -0.8792
2622 4.2320
2623 4.6167
2624 7.8393
2625 7.2352
2626 0.0000
2627 -1.9266
2628 4.4390
2629 5.9467
2630 6.7176
2631 9.2426
2632 1.7878
2633 0.0000
2634 -8.8396
2635 2.7102
2636 -0.2606
2637 10.9691
2638 2.9846
2639 -6.2776
2640 0.0000
2641 5.4365
2642 8.2630
2643 13.6888
2644 11.5322
2645 8.3866
2646 3.0404
2647 0.0000
2648 1.8820
2649 4.4360
2650 8.4670
2651 10.2668
2652 6.0636
2653 8.6130
2654 0.0000
2655 7.9767
2656 6.4669
2657 2.8665
2658 6.3204
2659 1.1752
2660 -4.2147
2661 0.0000
2662 1.8464
2663 0.0000
2664 1.5932
2665 0.0000
2666 3.3953
2667 0.0000
2668 8.1524
2669 10.9611
2670 0.0000
2671 6.1902
2672 10.6607
2673 0.9644
2674 1.3013
2675 0.0000
2676 5.4834
2677 6.3341
2678 2.2359
2679 0.0000
2680 3.2818
2681 2.5856
2682 -0.6706
2683 0.0000
2684 4.3318
2685 -4.4178
2686 0.4388
2687 7.1380
2688 10.6302
2689 8.3333
2690 1.6879
2691 6.5163
2692 5.1825
2693 0.0000
2694 -9.1253
2695 8.1206
2696 4.1955
2697 3.1092
2698 3.0893
2699 3.4821
2700 0.0000
2701 0.3058
2702 5.9272
2703 -0.2255
2704 2.8519
2705 6.6663
2706 -2.0142
2707 0.0000
2708 0.3846
2709 3.4018
2710 7.7756
2711 7.6680
2712 0.6150
2713 6.4460
2714 0.0000
2715 2.5544
2716 -0.6839
2717 2.5942
2718 4.1945
2719 7.8629
2720 4.4279
2721 0.0000
2722 4.0542
2723 4.2621
2724 2.9719
2725 -1.5088
2726 6.6134
2727 5.0018
2728 0.0000
2729 3.7047
2730 7.4652
2731 8.2049
2732 0.5950
2733 3.5120
2734 7.5155
2735 0.0000
2736 2.5548
2737 8.6562
2738 0.5003
2739 4.7939
2740 6.9660
2741 9.9281
2742 0.0000
2743 -3.5242
2744 8.7231
2745 -1.5875
2746 3.1078
2747 -6.7896
2748 4.5789
2749 0.0000
2750 1.2007
2751 10.6510
2752 0.1860
2753 3.0097
2754 10.2985
2755 1.7693
2756 0.0000
2757 -1.9857
2758 4.0558
2759 0.9738
2760 3.8581
2761 7.5020
2762 6.2908
2763 0.0000
2764 -0.7968
2765 11.1544
2766 -2.8450
2767 1.3314
2768 3.9328
2769 4.9057
2770 0.0000
2771 2.4209
2772 -5.8144
2773 0.0000
2774 -3.6669
2775 -6.4831
2776 3.0054
2777 -0.8886
2778 3.7268
2779 -1.0867
2780 1.6842
2781 0.7884
2782 0.0000
2783 6.5665
2784 8.4982
2785 0.0000
2786 7.0327
2787 0.0000
2788 -0.5946
2789 0.0000
2790 0.2917
2791 9.6533
2792 0.0000
2793 4.5956
2794 0.3039
2795 0.0000
2796 5.5830
2797 7.3721
2798 6.6391
2799 0.0000
2800 5.4148
2801 2.3881
2802 0.0000
2803 7.5624
2804 8.4773
2805 2.1026
2806 0.0000
2807 -0.7772
2808 2.0320
2809 0.0000
2810 2.3114
2811 7.3668
2812 1.4285
2813 0.0000
2814 -2.6796
2815 5.6923
2816 0.0000
2817 -1.3050
2818 2.4621
2819 9.7805
2820 0.0000
2821 6.8570
2822 3.2813
2823 0.0000
2824 7.0861
2825 4.3923
2826 1.0121
2827 0.0000
2828 0.3669
2829 11.6737
2830 0.0000
2831 2.8599
2832 0.9188
2833 -1.9328
2834 0.0000
2835 0.6169
2836 5.6276
2837 0.0000
2838 5.7951
2839 -6.7143
2840 6.0183
2841 0.0000
2842 -3.1089
2843 5.2934
2844 0.0000
2845 4.2767
2846 5.1570
2847 7.6161
2848 0.0000
2849 6.0716
2850 5.9963
2851 0.0000
2852 7.0484
2853 -6.1202
2854 7.2206
2855 0.0000
2856 -1.5976
2857 5.5992
2858 0.0000
2859 7.2205
2860 6.0079
2861 9.1745
2862 0.0000
2863 -0.7693
2864 2.8071
2865 0.0000
2866 0.1391
2867 9.9385
2868 12.2289
2869 0.0000
2870 3.2610
2871 -3.4471
2872 0.0000
2873 3.7696
2874 6.1494
2875 6.0314
2876 0.0000
2877 3.7278
2878 1.0322
2879 0.0000
2880 2.8921
2881 -0.5611
2882 2.8351
2883 0.0000
2884 -2.1719
2885 6.1494
2886 0.0000
2887 8.2871
2888 1.1443
2889 4.3418
2890 0.0000
2891 -4.4596
2892 10.6761
2893 0.0000
2894 3.1791
2895 8.7332
2896 7.0925
2897 0.0000
2898 4.4449
2899 0.0626
2900 0.0000
2901 9.2383
2902 0.8894
2903 4.6562
2904 0.0000
2905 -1.4907
2906 0.0000
2907 6.2323
2908 0.0000
2909 -3.7881
2910 -2.0739
2911 0.0000
2912 0.5799
2913 0.0000
2914 2.1863
2915 0.0000
2916 0.1757
2917 -2.1359
2918 6.5981
2919 0.0000
2920 -3.7514
2921 3.4536
2922 -0.3774
2923 0.0000
2924 4.5613
2925 1.0140
2926 -0.9254
2927 0.0000
2928 3.5401
2929 0.0000
2930 1.1884
2931 0.0000
2932 8.5476
2933 -1.1111
2934 0.0000
2935 -5.2436
2936 0.0000
2937 1.7426
2938 3.0836
2939 -2.3572
2940 7.6985
2941 3.8486
2942 1.0526
2943 -0.5558
2944 4.3920
2945 12.6480
2946 2.3840
2947 10.0559
2948 -1.9620
2949 7.3440
2950 -3.4499
2951 2.5604
2952 -1.2435
2953 0.0000
2954 4.9965
2955 -0.0517
2956 -0.6627
2957 -0.3378
2958 -1.0566
2959 -5.2565
2960 0.8971
2961 -0.6129
2962 0.0000
2963 7.5622
2964 9.7374
2965 4.1925
2966 -2.6984
2967 -1.0031
2968 1.9700
2969 0.0000
2970 -6.5016
2971 7.5337
2972 5.0946
2973 0.0000
2974 7.5585
2975 -3.7097
2976 7.9870
2977 -1.6934
2978 1.2833
2979 6.3833
2980 -3.1518
2981 5.6067
2982 0.0000
2983 1.3014
2984 2.7610
2985 8.2073
2986 -1.1299
2987 3.1498
2988 8.8997
2989 0.0000
2990 2.9267
2991 5.4985
2992 9.9469
2993 0.0000
2994 7.3599
2995 -2.7277
2996 3.4477
2997 2.3101
2998 -6.0400
2999 1.5724
3000 -0.6934
3001 6.1348
3002 0.0000
3003 3.1049
3004 4.9226
3005 6.1468
3006 1.3666
3007 2.6681
3008 0.8471
3009 0.0000
3010 2.1050
3011 -6.1210
3012 3.6412
3013 0.0000
3014 -3.0166
3015 4.2555
3016 8.4154
3017 4.7572
3018 2.3927
3019 1.7316
3020 -3.0991
3021 6.4635
3022 0.0000
3023 -3.6421
3024 -0.1308
3025 5.5058
3026 -4.3183
3027 8.6181
3028 9.8208
3029 0.0000
3030 2.0370
3031 2.1357
3032 5.5338
3033 13.3793
3034 1.7764
3035 1.7167
3036 5.4391
3037 -4.9141
3038 2.9010
3039 11.6549
3040 -1.2682
3041 1.4592
3042 3.9901
3043 5.1627
3044 0.0000
3045 1.9164
3046 -9.6703
3047 -1.7720
3048 -0.3808
3049 -3.6821
3050 -1.7167
3051 3.8809
3052 3.2391
3053 0.0000
3054 10.7631
3055 1.1619
3056 8.6601
3057 2.8458
3058 0.6560
3059 4.5257
3060 0.0000
3061 1.0613
3062 7.9181
3063 4.3147
3064 0.0000
3065 8.4170
3066 -3.4002
3067 6.2749
3068 8.1620
3069 -3.5814
3070 0.8500
3071 2.9109
3072 5.2621
3073 0.0000
3074 3.1759
3075 2.8968
3076 2.7069
3077 4.1709
3078 -0.6042
3079 8.2529
3080 0.0000
3081 8.4506
3082 -1.7410
3083 -4.7045
3084 0.0000
3085 0.7651
3086 -2.3865
3087 7.5334
3088 -0.1487
3089 -5.9871
3090 8.4438
3091 -0.0681
3092 2.2845
3093 0.0000
3094 5.4002
3095 -3.7018
3096 -1.4483
3097 -0.7592
3098 7.0637
3099 8.5955
3100 0.0000
3101 -4.1699
3102 1.3031
3103 13.4899
3104 0.0000
3105 -2.1773
3106 -1.7435
3107 5.2017
3108 3.9683
3109 0.7591
3110 11.9527
3111 -1.2318
3112 8.9170
3113 0.0000
3114 5.4238
3115 -0.8681
3116 7.1103
3117 4.8247
3118 7.1856
3119 9.4648
3120 0.0000
3121 1.3550
3122 -9.8057
3123 4.4661
3124 8.9476
3125 12.6537
3126 5.7965
3127 2.4941
3128 3.1383
3129 6.9646
3130 4.3748
3131 -2.9959
3132 3.6441
3133 -0.4745
3134 1.3716
3135 0.0000
3136 8.0587
3137 -0.2109
3138 -1.9474
3139 4.2467
3140 -2.2315
3141 -0.5562
3142 -0.5085
3143 7.1989
3144 0.0000
3145 -1.1691
3146 -2.2540
3147 5.3757
3148 4.3624
3149 12.5785
3150 1.9426
3151 0.0000
3152 3.9797
3153 -2.6266
3154 5.3407
3155 0.0000
3156 7.8447
3157 3.3871
3158 4.9482
3159 3.9623
3160 4.7021
3161 1.2096
3162 -5.3327
3163 7.4843
3164 0.0000
3165 3.6937
3166 4.4347
3167 -1.7090
3168 10.7060
3169 5.9278
3170 11.3627
3171 0.0000
3172 4.3412
3173 9.0696
3174 11.0440
3175 0.0000
3176 3.4080
3177 1.5634
3178 7.2020
3179 4.1158
3180 -1.8409
3181 12.5698
3182 8.2445
3183 9.6946
3184 0.0000
3185 2.7129
3186 -2.3811
3187 12.0999
3188 -0.1525
3189 3.0975
3190 -6.6927
3191 0.0000
3192 -0.1941
3193 14.5364
3194 1.4035
3195 0.0000
3196 3.2280
3197 -0.1950
3198 8.0118
3199 4.4170
3200 -2.2988
3201 10.0160
3202 9.2168
3203 6.0852
3204 0.0000
3205 11.1252
3206 14.5852
3207 5.8623
3208 3.3158
3209 5.0650
3210 -0.0253
3211 0.0000
3212 4.0304
3213 2.3277
3214 7.6601
3215 -1.4339
3216 7.2922
3217 7.8988
3218 6.0938
3219 2.7811
3220 5.7918
3221 -6.0161
3222 2.0818
3223 -5.1463
3224 -0.9112
3225 -5.8524
3226 0.0000
3227 7.2384
3228 -4.2076
3229 7.2798
3230 6.0805
3231 1.6253
3232 -8.7593
3233 -1.3440
3234 8.9020
3235 0.0000
3236 2.8554
3237 2.0071
3238 2.5333
3239 6.6573
3240 5.1559
3241 5.9309
3242 0.0000
3243 3.7766
3244 2.0593
3245 5.6572
3246 0.0000
3247 3.5502
3248 4.8645
3249 0.7396
3250 6.4563
3251 -3.4619
3252 5.3017
3253 -1.0333
3254 3.0151
3255 0.0000
3256 8.9775
3257 -2.7708
3258 0.5408
3259 -1.4698
3260 3.3558
3261 0.1929
3262 0.0000
3263 -6.0112
3264 -0.0535
3265 7.9992
3266 0.0000
3267 -2.0153
3268 0.2781
3269 -3.9104
3270 2.9402
3271 -0.3485
3272 -3.6701
3273 -5.9750
3274 1.5773
3275 0.0000
3276 5.1269
3277 1.4994
3278 5.5188
3279 -1.0780
3280 -0.8916
3281 3.7593
3282 0.0000
3283 2.4733
3284 7.6756
3285 0.7716
3286 0.0000
3287 7.1493
3288 -3.6366
3289 -2.1182
3290 1.5633
3291 -0.1451
3292 6.1582
3293 -6.3483
3294 -0.2683
3295 0.0000
3296 -1.3483
3297 1.8950
3298 8.5807
3299 11.9768
3300 -0.4914
3301 4.1292
3302 0.0000
3303 -4.1166
3304 0.0000
3305 3.3809
3306 0.0000
3307 9.1980
3308 2.5791
3309 -1.9290
3310 2.9522
3311 4.6995
3312 1.4556
3313 -2.0021
3314 -0.9439
3315 0.0000
3316 0.2978
3317 4.5009
3318 3.3191
3319 5.7450
3320 -1.4605
3321 -6.3057
3322 0.0000
3323 -1.1938
3324 -1.6323
3325 5.2852
3326 1.3592
3327 11.9173
3328 6.4597
3329 0.0000
3330 3.4018
3331 -6.9136
3332 9.2725
3333 8.9115
3334 6.9967
3335 3.4490
3336 0.0000
3337 -2.5389
3338 -2.1721
3339 7.0428
3340 0.9920
3341 1.9341
3342 8.1370
3343 0.0000
3344 6.3509
3345 1.1569
3346 1.8297
3347 6.0757
3348 3.6295
3349 4.3139
3350 0.0000
3351 -0.6101
3352 2.9061
3353 6.0870
3354 2.6456
3355 1.4472
3356 3.1576
3357 0.0000
3358 -0.9277
3359 7.5962
3360 1.1863
3361 -2.3549
3362 8.7849
3363 7.9826
3364 0.0000
3365 2.3601
3366 4.5260
3367 7.2780
3368 8.6207
3369 4.7694
3370 -0.6145
3371 0.0000
3372 1.3697
3373 4.5500
3374 0.1766
3375 7.5899
3376 9.4682
3377 -2.1224
3378 0.0000
3379 5.1221
3380 2.8311
3381 8.3164
3382 2.1360
3383 8.6086
3384 3.5779
3385 0.0000
3386 -5.9868
3387 2.5768
3388 -3.3650
3389 -2.4780
3390 6.6354
3391 2.8637
3392 0.0000
3393 -6.6424
3394 -0.6507
3395 6.6298
3396 2.9452
3397 0.3603
3398 6.1347
3399 0.0000
3400 -1.0388
3401 5.3478
3402 7.5698
3403 1.0084
3404 0.7645
3405 9.5801
3406 0.0000
3407 7.4907
3408 -1.9293
3409 6.1043
3410 3.9853
3411 0.1181
3412 4.2673
3413 0.0000
3414 2.9049
3415 4.0810
3416 13.9339
3417 1.0370
3418 -1.3969
3419 6.5078
3420 0.0000
3421 -8.5818
3422 0.0000
3423 7.3643
3424 0.0000
3425 0.6852
3426 0.0000
3427 6.3048
3428 0.5010
3429 0.0000
3430 1.7863
3431 12.6122
3432 0.6003
3433 0.1539
3434 0.0000
3435 -1.9607
3436 11.2511
3437 5.6214
3438 0.0000
3439 4.9235
3440 8.2234
3441 12.9119
3442 0.0000
3443 4.2939
3444 6.3131
3445 3.0701
3446 7.8851
3447 5.3338
3448 10.7141
3449 4.5810
3450 4.2518
3451 9.9491
3452 0.0000
3453 -3.8771
3454 -0.3192
3455 3.1292
3456 3.4468
3457 -2.1310
3458 3.2075
3459 0.0000
3460 1.5097
3461 11.2619
3462 4.4928
3463 5.0775
3464 6.3439
3465 4.3673
3466 0.0000
3467 -2.7907
3468 6.2301
3469 9.2365
3470 9.5476
3471 9.9233
3472 3.9580
3473 0.0000
3474 1.6047
3475 6.5826
3476 1.2732
3477 5.2821
3478 4.9807
3479 1.1088
3480 0.0000
3481 0.8812
3482 2.8495
3483 0.1342
3484 0.1520
3485 6.6503
3486 -1.8530
3487 0.0000
3488 1.0143
3489 7.2121
3490 5.0306
3491 13.8942
3492 2.6442
3493 4.1458
3494 0.0000
3495 10.2085
3496 4.7883
3497 2.7142
3498 -0.5902
3499 3.9753
3500 3.5146
3501 0.0000
3502 2.1017
3503 10.9143
3504 0.6479
3505 5.0107
3506 5.1650
3507 8.4624
3508 0.0000
3509 7.1089
3510 9.3093
3511 8.0170
3512 2.8953
3513 1.3585
3514 4.7476
3515 0.0000
3516 0.0572
3517 3.0772
3518 0.6076
3519 7.3714
3520 1.3865
3521 12.9076
3522 0.0000
3523 -2.9269
3524 4.6471
3525 0.5567
3526 1.2410
3527 0.4022
3528 3.0291
3529 0.0000
3530 1.9536
3531 -5.1531
3532 0.0000
3533 2.6374
3534 -0.7224
3535 -1.3405
3536 2.3848
3537 3.7454
3538 -7.1824
3539 -2.2235
3540 1.4187
3541 0.0000
3542 10.2795
3543 2.6781
3544 0.0000
3545 4.3227
3546 0.0000
3547 4.5723
3548 0.0000
3549 5.6845
3550 5.5123
3551 0.0000
3552 -3.3870
3553 4.0827
3554 0.0000
3555 -3.5788
3556 0.2846
3557 4.9925
3558 0.0000
3559 1.9446
3560 5.7927
3561 0.0000
3562 4.2613
3563 7.7190
3564 2.5413
3565 0.0000
3566 2.1853
3567 7.8272
3568 0.0000
3569 4.0133
3570 6.2429
3571 4.6499
3572 0.0000
3573 0.5193
3574 15.9602
3575 0.0000
3576 3.8726
3577 9.7299
3578 1.6318
3579 0.0000
3580 0.9319
3581 -4.8908
3582 0.0000
3583 8.3774
3584 -2.8879
3585 1.8904
3586 0.0000
3587 -2.8957
3588 5.6461
3589 0.0000
3590 -3.0854
3591 1.9573
3592 7.0145
3593 0.0000
3594 4.3256
3595 4.8822
3596 0.0000
3597 7.5051
3598 3.5560
3599 -2.9095
3600 0.0000
3601 1.6859
3602 5.5039
3603 0.0000
3604 6.3933
3605 2.2462
3606 3.1794
3607 0.0000
3608 -4.4852
3609 8.4355
3610 0.0000
3611 3.2092
3612 8.4226
3613 -0.8314
3614 0.0000
3615 3.2265
3616 0.2986
3617 0.0000
3618 -2.0397
3619 10.0792
3620 6.6281
3621 0.0000
3622 -7.9264
3623 3.4283
3624 0.0000
3625 -3.2799
3626 1.1229
3627 12.1195
3628 0.0000
3629 -3.9069
3630 -7.6551
3631 0.0000
3632 2.5710
3633 0.8945
3634 -3.2246
3635 0.0000
3636 -2.7137
3637 1.7633
3638 0.0000
3639 5.3671
3640 4.8682
3641 1.7068
3642 0.0000
3643 -2.0466
3644 -0.6893
3645 0.0000
3646 -4.5119
3647 -6.5863
3648 2.6953
3649 0.0000
3650 -1.0539
3651 5.4490
3652 0.0000
3653 1.2270
3654 -2.4087
3655 5.9411
3656 0.0000
3657 -4.1372
3658 6.5956
3659 0.0000
3660 9.9242
3661 8.1628
3662 0.9716
3663 0.0000
3664 -6.3668
3665 0.0000
3666 6.7894
3667 0.0000
3668 2.3782
3669 -3.1989
3670 0.0000
3671 8.0014
3672 0.0000
3673 3.1085
3674 0.0000
3675 10.4927
3676 3.8645
3677 12.9515
3678 0.0000
3679 5.9226
3680 5.2835
3681 6.9156
3682 0.0000
3683 2.4013
3684 4.9474
3685 1.5206
3686 0.0000
3687 4.6631
3688 0.0000
3689 4.6973
3690 0.0000
3691 1.2797
3692 5.2865
3693 0.0000
3694 -0.6427
3695 0.0000
3696 -2.5215
3697 -3.8819
3698 4.2794
3699 3.7880
3700 5.9141
3701 3.5761
3702 0.6021
3703 2.9483
3704 -0.3681
3705 5.7813
3706 1.0032
3707 5.6868
3708 4.9263
3709 6.2244
3710 2.1502
3711 -0.2009
3712 0.0000
3713 9.9509
3714 -4.1020
3715 2.7133
3716 9.7086
3717 0.9976
3718 5.8132
3719 -2.0021
3720 16.7735
3721 0.0000
3722 15.3989
3723 3.3339
3724 2.6432
3725 3.4594
3726 -4.3964
3727 0.9490
3728 0.0000
3729 2.2039
3730 -0.2339
3731 -0.0573
3732 0.0000
3733 -3.1855
3734 6.0765
3735 1.6240
3736 0.6394
3737 1.4142
3738 -2.3929
3739 4.4348
3740 3.6628
3741 0.0000
3742 4.3421
3743 -3.5539
3744 -0.1050
3745 5.0394
3746 3.0423
3747 3.5272
3748 0.0000
3749 0.2565
3750 6.5492
3751 1.5510
3752 0.0000
3753 7.5726
3754 -1.0228
3755 -1.5845
3756 6.8802
3757 -3.1893
3758 5.4469
3759 -0.9990
3760 13.3085
3761 0.0000
3762 -1.2204
3763 1.4118
3764 0.6722
3765 2.6287
3766 0.2877
3767 1.3624
3768 0.0000
3769 -2.9858
3770 7.6577
3771 7.3951
3772 0.0000
3773 3.6239
3774 1.4855
3775 4.9648
3776 8.1988
3777 2.5831
3778 -1.7380
3779 3.1719
3780 -1.5155
3781 0.0000
3782 2.7855
3783 -3.5456
3784 5.5247
3785 9.2291
3786 4.6383
3787 -0.2432
3788 0.0000
3789 -4.2453
3790 5.8036
3791 3.8412
3792 9.9966
3793 1.3701
3794 4.5837
3795 -0.4150
3796 -0.2957
3797 5.8910
3798 -0.7375
3799 0.3283
3800 3.2422
3801 0.6470
3802 12.3600
3803 0.0000
3804 -2.0476
3805 5.4623
3806 7.3505
3807 6.7662
3808 2.7992
3809 14.2690
3810 5.6879
3811 1.6844
3812 0.0000
3813 5.2430
3814 5.1119
3815 0.5248
3816 9.6227
3817 1.9031
3818 11.8547
3819 0.0000
3820 2.6074
3821 1.4272
3822 3.6817
3823 0.0000
3824 5.8633
3825 5.6733
3826 -5.9710
3827 -3.6393
3828 2.0041
3829 -5.5559
3830 2.0302
3831 0.3811
3832 0.0000
3833 6.9814
3834 8.0805
3835 0.2095
3836 10.0792
3837 6.0615
3838 1.2768
3839 0.0000
3840 -7.4385
3841 5.2694
3842 10.5358
3843 0.0000
3844 3.3633
3845 -3.8813
3846 3.5775
3847 4.2081
3848 -0.5483
3849 -0.8038
3850 2.3916
3851 3.5867
3852 0.0000
3853 -2.4583
3854 -0.1217
3855 12.7008
3856 6.8003
3857 2.4862
3858 1.2901
3859 0.0000
3860 3.4463
3861 7.1750
3862 -1.6574
3863 0.0000
3864 3.4132
3865 -2.6909
3866 4.5061
3867 -0.2992
3868 6.1121
3869 3.7354
3870 3.1140
3871 9.7019
3872 0.0000
3873 7.9457
3874 5.9930
3875 10.2549
3876 2.3417
3877 -2.6470
3878 6.7724
3879 0.0000
3880 -1.5255
3881 2.6097
3882 9.8411
3883 8.4544
3884 8.5951
3885 0.3088
3886 7.5336
3887 5.8704
3888 -1.5522
3889 6.6041
3890 11.2891
3891 1.9732
3892 9.3925
3893 5.7784
3894 0.0000
3895 3.7674
3896 -1.7548
3897 3.9393
3898 0.7017
3899 -2.1297
3900 8.8340
3901 4.4429
3902 6.6496
3903 0.0000
3904 -2.6979
3905 3.8560
3906 3.3980
3907 6.5422
3908 0.4988
3909 -2.3837
3910 0.0000
3911 0.5309
3912 3.6590
3913 -1.5764
3914 0.0000
3915 14.1230
3916 -0.7074
3917 6.9520
3918 0.1350
3919 -5.1226
3920 8.0813
3921 -0.7455
3922 9.0112
3923 0.0000
3924 1.6638
3925 0.3343
3926 2.0887
3927 1.9541
3928 -1.3381
3929 0.1041
3930 0.0000
3931 -2.5196
3932 11.2564
3933 4.2895
3934 0.0000
3935 5.7054
3936 3.9894
3937 7.3557
3938 2.3231
3939 1.5578
3940 6.2221
3941 8.9956
3942 5.0583
3943 0.0000
3944 7.0427
3945 7.1446
3946 3.8843
3947 1.5821
3948 0.0882
3949 -0.7609
3950 0.0000
3951 0.9542
3952 4.7122
3953 -1.6229
3954 0.0000
3955 8.7989
3956 5.3772
3957 8.8078
3958 -2.3637
3959 6.1718
3960 12.7684
3961 7.6698
3962 11.2121
3963 0.0000
3964 10.4562
3965 -2.8512
3966 0.7696
3967 4.5822
3968 -5.9253
3969 2.0304
3970 0.0000
3971 4.1154
3972 7.9111
3973 5.9775
3974 1.3872
3975 5.0089
3976 0.5167
3977 1.5210
3978 9.2016
3979 4.2159
3980 8.9184
3981 7.5841
3982 0.2812
3983 4.5710
3984 -0.4329
3985 0.0000
3986 -2.3948
3987 1.2548
3988 8.4920
3989 5.1591
3990 2.1218
3991 -2.4871
3992 2.3779
3993 1.5772
3994 0.0000
3995 10.3226
3996 4.1639
3997 9.6662
3998 7.9692
3999 3.3221
4000 -1.5561
4001 0.0000
4002 3.2427
4003 6.4012
4004 5.1469
4005 0.0000
4006 3.1238
4007 2.7447
4008 7.1173
4009 4.7734
4010 -5.5994
4011 0.5445
4012 0.8238
4013 8.0751
4014 0.0000
4015 8.4179
4016 2.9464
4017 -1.3803
4018 4.7159
4019 5.2079
4020 5.0519
4021 0.0000
4022 4.1439
4023 -1.1089
4024 -0.5590
4025 0.0000
4026 0.1456
4027 -0.9967
4028 4.9801
4029 5.2952
4030 1.1768
4031 7.3381
4032 -1.3356
4033 4.7191
4034 0.0000
4035 9.6710
4036 5.9437
4037 7.5929
4038 3.0553
4039 0.6951
4040 3.4281
4041 0.0000
4042 -4.4675
4043 -1.8073
4044 -0.9263
4045 0.0000
4046 1.9100
4047 -3.6264
4048 4.7699
4049 -3.1155
4050 -1.0552
4051 1.5592
4052 12.1388
4053 2.8093
4054 0.0000
4055 4.3852
4056 6.1287
4057 -1.7625
4058 8.6414
4059 3.2750
4060 -5.6761
4061 0.0000
4062 3.6675
4063 0.0000
4064 -0.1755
4065 0.0000
4066 2.9494
4067 1.3905
4068 0.5362
4069 4.4794
4070 7.7069
4071 0.3716
4072 1.0614
4073 -1.7628
4074 0.0000
4075 -4.5181
4076 4.7543
4077 3.5391
4078 1.3413
4079 3.4742
4080 -1.6836
4081 0.0000
4082 1.4344
4083 4.4420
4084 2.3866
4085 5.2961
4086 5.3763
4087 -3.7681
4088 0.0000
4089 7.7843
4090 2.8559
4091 11.0782
4092 1.5000
4093 4.8484
4094 3.2510
4095 0.0000
4096 -0.7784
4097 -2.9804
4098 2.8347
4099 4.4336
4100 3.9868
4101 2.2845
4102 0.0000
4103 -4.3787
4104 5.3124
4105 4.1775
4106 2.6644
4107 9.5487
4108 1.9444
4109 0.0000
4110 -5.3718
4111 11.5338
4112 5.9622
4113 9.6971
4114 4.4371
4115 1.5627
4116 0.0000
4117 -7.1775
4118 -0.1890
4119 6.9327
4120 7.6290
4121 6.4019
4122 1.4222
4123 0.0000
4124 -0.6713
4125 -2.0507
4126 1.5424
4127 6.0581
4128 10.9448
4129 5.5278
4130 0.0000
4131 -8.3749
4132 3.1024
4133 2.9276
4134 4.0307
4135 -0.3555
4136 8.3959
4137 0.0000
4138 1.8419
4139 2.4326
4140 3.6408
4141 1.4052
4142 1.9322
4143 2.4621
4144 0.0000
4145 3.5251
4146 -8.6721
4147 2.5693
4148 0.2605
4149 -7.1908
4150 5.7004
4151 0.0000
4152 -2.7849
4153 -1.8036
4154 5.5892
4155 3.1489
4156 10.1554
4157 3.5030
4158 0.0000
4159 1.8412
4160 2.7888
4161 5.0708
4162 5.4715
4163 4.3250
4164 6.1273
4165 0.0000
4166 -1.2002
4167 -0.1875
4168 -2.0039
4169 1.2647
4170 2.6200
4171 9.7545
4172 0.0000
4173 0.9875
4174 4.9312
4175 -2.1716
4176 9.6535
4177 3.9543
4178 -4.6199
4179 0.0000
4180 -8.9349
4181 0.0000
4182 6.3523
4183 0.0000
4184 7.0932
4185 0.0000
4186 3.9415
4187 2.3963
4188 0.0000
4189 2.9262
4190 6.5319
4191 9.0423
4192 2.7668
4193 0.0000
4194 0.5811
4195 5.7350
4196 4.6435
4197 0.0000
4198 0.8828
4199 1.2278
4200 -3.5335
4201 0.0000
4202 2.8074
4203 6.3063
4204 0.8832
4205 -6.3321
4206 0.8701
4207 3.7046
4208 0.7961
4209 4.8700
4210 0.2893
4211 0.0000
4212 4.3140
4213 0.9075
4214 0.2635
4215 2.9707
4216 7.1285
4217 -0.2873
4218 0.0000
4219 3.3734
4220 4.7356
4221 3.5661
4222 -0.7331
4223 3.5986
4224 -0.6210
4225 0.0000
4226 0.7144
4227 -1.2870
4228 9.6692
4229 8.0573
4230 -3.8055
4231 1.2689
4232 0.0000
4233 3.6253
4234 0.7152
4235 -1.7486
4236 3.8048
4237 1.2218
4238 -1.6989
4239 0.0000
4240 3.6122
4241 6.8791
4242 -2.4909
4243 4.6369
4244 5.5645
4245 -3.8781
4246 0.0000
4247 2.7672
4248 11.1538
4249 7.0845
4250 4.9553
4251 -0.1954
4252 3.2673
4253 0.0000
4254 5.8879
4255 7.4836
4256 0.9169
4257 2.2443
4258 3.3860
4259 4.4786
4260 0.0000
4261 -2.6440
4262 3.9398
4263 4.7612
4264 1.3407
4265 -1.6216
4266 7.9798
4267 0.0000
4268 1.6431
4269 10.0904
4270 -0.6933
4271 -2.8221
4272 -1.3862
4273 8.2531
4274 0.0000
4275 -0.5035
4276 -0.4528
4277 1.7843
4278 3.5542
4279 -0.2612
4280 3.4979
4281 0.0000
4282 -0.6187
4283 -0.5921
4284 9.1795
4285 6.0941
4286 3.8196
4287 4.6492
4288 0.0000
4289 -1.1136
4290 0.0771
4291 0.0000
4292 5.1195
4293 -4.1846
4294 5.4635
4295 -4.2289
4296 2.6667
4297 2.5026
4298 5.0919
4299 -1.1575
4300 0.0000
4301 8.3511
4302 -1.8133
4303 0.0000
4304 4.4042
4305 0.0000
4306 4.9945
4307 0.0000
4308 2.2542
4309 2.8506
4310 0.0000
4311 2.0838
4312 6.5641
4313 0.0000
4314 5.1221
4315 3.4331
4316 4.3518
4317 0.0000
4318 4.3725
4319 7.2315
4320 0.0000
4321 -0.6954
4322 4.7186
4323 4.7614
4324 0.0000
4325 -1.8893
4326 4.8465
4327 0.0000
4328 5.3924
4329 2.5441
4330 4.0213
4331 0.0000
4332 -1.6554
4333 2.4227
4334 0.0000
4335 -1.0086
4336 5.4661
4337 6.5232
4338 0.0000
4339 1.2819
4340 3.7058
4341 0.0000
4342 4.4173
4343 0.8374
4344 2.8781
4345 0.0000
4346 0.9688
4347 9.0002
4348 0.0000
4349 2.0659
4350 -0.4818
4351 6.3762
4352 0.0000
4353 -3.5292
4354 8.6506
4355 0.0000
4356 6.1191
4357 -0.2466
4358 9.0817
4359 0.0000
4360 4.1242
4361 -2.0221
4362 0.0000
4363 2.1853
4364 7.8466
4365 8.8203
4366 0.0000
4367 -4.1900
4368 10.4207
4369 0.0000
4370 3.9995
4371 2.0463
4372 6.1543
4373 0.0000
4374 -4.2461
4375 2.6266
4376 0.0000
4377 3.7553
4378 14.2684
4379 -2.7596
4380 0.0000
4381 6.9327
4382 -0.6818
4383 0.0000
4384 1.4963
4385 6.6461
4386 1.6754
4387 0.0000
4388 -5.9477
4389 -0.4621
4390 0.0000
4391 -2.9375
4392 -2.2192
4393 0.7366
4394 0.0000
4395 1.3397
4396 6.8435
4397 0.0000
4398 3.6682
4399 -3.0894
4400 5.1421
4401 0.0000
4402 0.9832
4403 3.3355
4404 0.0000
4405 -3.3159
4406 2.1849
4407 5.2544
4408 0.0000
4409 1.1901
4410 10.1645
4411 0.0000
4412 4.4651
4413 -5.5978
4414 2.9555
4415 0.0000
4416 1.6303
4417 4.6287
4418 0.0000
4419 2.8678
4420 -0.6991
4421 10.0132
4422 0.0000
4423 -0.1787
4424 0.0000
4425 1.9194
4426 0.0000
4427 4.2321
4428 5.9239
4429 0.0000
4430 8.3106
4431 0.0000
4432 3.5738
4433 0.0000
4434 3.6910
4435 -0.5947
4436 0.1089
4437 0.0000
4438 10.7297
4439 2.2596
4440 1.2204
4441 0.0000
4442 7.3702
4443 6.5370
4444 1.9442
4445 0.0000
4446 -1.0615
4447 0.0000
4448 -3.1849
4449 0.0000
4450 8.5658
4451 -0.1406
4452 0.0000
4453 -1.3890
4454 0.0000
4455 5.2482
4456 -0.8630
4457 -0.1542
4458 2.1137
4459 6.1484
4460 0.1487
4461 -0.2537
4462 -4.4369
4463 2.8462
4464 4.9143
4465 10.9416
4466 4.0354
4467 5.2176
4468 -2.2965
4469 4.9283
4470 -2.9332
4471 0.0000
4472 -0.4522
4473 -0.1274
4474 1.8083
4475 -7.8868
4476 8.9529
4477 7.7999
4478 1.3567
4479 11.6050
4480 0.0000
4481 1.5213
4482 4.7422
4483 4.4410
4484 3.3749
4485 -0.9828
4486 0.5467
4487 0.0000
4488 -2.6327
4489 0.9424
4490 -1.6717
4491 0.0000
4492 12.4308
4493 6.0260
4494 3.5031
4495 8.4823
4496 2.0573
4497 -1.7176
4498 0.0420
4499 4.9604
4500 0.0000
4501 5.3777
4502 -1.4243
4503 14.2445
4504 10.2124
4505 0.2641
4506 2.5842
4507 0.0000
4508 -4.8075
4509 8.8709
4510 5.1821
4511 0.0000
4512 -1.3965
4513 -0.4544
4514 5.7388
4515 3.7825
4516 5.3901
4517 7.7167
4518 12.3609
4519 4.3284
4520 0.0000
4521 9.2913
4522 8.9262
4523 10.9383
4524 9.8045
4525 7.3613
4526 0.0670
4527 0.0000
4528 4.5563
4529 4.8737
4530 2.3585
4531 0.0000
4532 4.1342
4533 -3.7682
4534 7.8938
4535 3.0143
4536 -4.1865
4537 -1.3386
4538 5.5720
4539 -3.0508
4540 0.0000
4541 4.1305
4542 3.0721
4543 0.4099
4544 5.4976
4545 4.0182
4546 2.2562
4547 0.0000
4548 3.5873
4549 -3.0196
4550 4.6549
4551 5.3446
4552 4.6275
4553 1.9579
4554 4.3707
4555 1.0220
4556 12.6453
4557 0.6306
4558 6.0295
4559 1.2338
4560 6.9763
4561 13.4462
4562 0.0000
4563 6.8215
4564 -0.4460
4565 9.7650
4566 5.6196
4567 -0.3279
4568 4.7037
4569 8.7132
4570 10.5647
4571 0.0000
4572 8.3177
4573 1.3522
4574 7.2247
4575 1.2616
4576 7.4468
4577 8.4819
4578 0.0000
4579 -1.8318
4580 2.7091
4581 8.5252
4582 0.0000
4583 5.2459
4584 -8.5454
4585 -8.3211
4586 4.6695
4587 -0.2774
4588 0.9392
4589 2.1320
4590 6.0609
4591 0.0000
4592 2.1092
4593 6.2545
4594 10.2739
4595 10.6691
4596 6.5481
4597 10.8430
4598 0.0000
4599 0.7946
4600 4.0746
4601 0.9421
4602 0.0000
4603 5.4099
4604 4.2099
4605 5.7831
4606 3.1712
4607 -3.9827
4608 3.6846
4609 -0.5938
4610 -1.6381
4611 0.0000
4612 1.6244
4613 1.2545
4614 7.1635
4615 7.8695
4616 9.4980
4617 6.5857
4618 0.0000
4619 -5.2631
4620 4.8625
4621 4.2946
4622 0.0000
4623 7.7737
4624 -2.7559
4625 -6.7100
4626 0.6204
4627 0.9952
4628 9.5650
4629 7.5063
4630 2.2996
4631 0.0000
4632 8.6962
4633 2.7685
4634 -1.7819
4635 0.8775
4636 7.4878
4637 9.1080
4638 0.0000
4639 0.2449
4640 5.5184
4641 -0.5647
4642 6.6747
4643 1.1176
4644 7.3073
4645 -2.7806
4646 5.8947
4647 0.9795
4648 8.6077
4649 5.8346
4650 4.4337
4651 0.6799
4652 4.2792
4653 0.0000
4654 0.9521
4655 1.4658
4656 7.9102
4657 6.7776
4658 -5.4503
4659 3.7476
4660 -0.6699
4661 7.0049
4662 0.0000
4663 7.1466
4664 -1.1326
4665 -6.0087
4666 5.6721
4667 8.0385
4668 0.1177
4669 0.0000
4670 4.0300
4671 0.5081
4672 8.8123
4673 0.0000
4674 -1.7049
4675 -4.6824
4676 9.7010
4677 9.3110
4678 0.6746
4679 -10.7928
4680 -1.3435
4681 16.0060
4682 0.0000
4683 4.7238
4684 -0.4595
4685 8.6281
4686 0.8939
4687 3.0297
4688 3.3656
4689 0.0000
4690 4.8003
4691 0.5755
4692 -3.4270
4693 0.0000
4694 5.1440
4695 -2.5613
4696 4.1531
4697 8.1105
4698 5.3418
4699 1.4757
4700 2.4859
4701 -5.9659
4702 0.0000
4703 3.5007
4704 5.8283
4705 4.8669
4706 1.7998
4707 3.6013
4708 7.7792
4709 0.0000
4710 0.6820
4711 2.2944
4712 5.2999
4713 0.0000
4714 0.6217
4715 1.3294
4716 6.7127
4717 10.0044
4718 -1.2024
4719 6.0142
4720 5.9511
4721 4.9707
4722 0.0000
4723 1.4016
4724 3.5093
4725 1.6452
4726 -3.0994
4727 -1.5021
4728 1.1246
4729 0.0000
4730 1.6994
4731 0.4180
4732 -2.3669
4733 5.1295
4734 10.5371
4735 -3.4441
4736 7.6241
4737 2.0763
4738 1.7137
4739 2.8864
4740 1.9124
4741 2.9882
4742 4.5859
4743 3.6655
4744 0.0000
4745 1.1394
4746 2.6396
4747 4.3057
4748 -3.7632
4749 -7.1140
4750 5.7696
4751 1.9343
4752 5.4397
4753 0.0000
4754 11.6232
4755 0.8270
4756 1.6306
4757 5.3940
4758 7.8088
4759 6.8982
4760 0.0000
4761 -5.1323
4762 2.4032
4763 -0.1896
4764 0.0000
4765 0.0131
4766 -5.0644
4767 -0.5954
4768 0.9911
4769 4.9490
4770 -3.4816
4771 9.4824
4772 -0.3365
4773 0.0000
4774 -2.9834
4775 6.8523
4776 -0.1755
4777 4.1892
4778 8.5511
4779 0.3885
4780 0.0000
4781 -0.5806
4782 1.3867
4783 -1.4382
4784 0.0000
4785 2.8256
4786 -1.2913
4787 9.9750
4788 2.0286
4789 3.7787
4790 10.2040
4791 3.5693
4792 5.1525
4793 0.0000
4794 8.3790
4795 -1.2705
4796 -1.9133
4797 -5.4616
4798 5.4826
4799 4.5262
4800 0.0000
4801 0.0923
4802 11.0411
4803 -0.4801
4804 0.0000
4805 1.2679
4806 0.3388
4807 2.1964
4808 6.6164
4809 -3.1255
4810 -0.8505
4811 -5.1896
4812 7.9379
4813 0.0000
4814 9.3492
4815 -4.6849
4816 -0.4182
4817 4.8515
4818 2.6406
4819 7.3759
4820 0.0000
4821 2.8493
4822 0.0000
4823 0.6157
4824 0.0000
4825 2.9393
4826 5.0872
4827 -8.1691
4828 1.8235
4829 5.2871
4830 2.6455
4831 2.1697
4832 8.6083
4833 0.0000
4834 -2.7430
4835 6.4210
4836 10.5452
4837 9.3445
4838 2.1636
4839 2.7807
4840 0.0000
4841 -3.1453
4842 -2.2449
4843 -1.6984
4844 9.4107
4845 6.5345
4846 3.2247
4847 0.0000
4848 -6.5728
4849 2.5616
4850 4.0896
4851 7.1078
4852 3.5357
4853 6.8256
4854 0.0000
4855 2.4809
4856 -1.1671
4857 6.2712
4858 4.1965
4859 3.4916
4860 0.2331
4861 0.0000
4862 2.9891
4863 -1.3064
4864 7.4820
4865 5.3742
4866 -0.5106
4867 -4.2253
4868 0.0000
4869 -0.4368
4870 3.9478
4871 2.4290
4872 3.9608
4873 2.2539
4874 7.5948
4875 0.0000
4876 7.6721
4877 -1.6942
4878 7.1693
4879 7.2006
4880 -2.2232
4881 4.5880
4882 0.0000
4883 -0.0504
4884 4.3592
4885 1.3423
4886 0.9104
4887 6.0126
4888 3.1194
4889 0.0000
4890 -7.1427
4891 2.1324
4892 9.3290
4893 0.2714
4894 0.9960
4895 4.9680
4896 0.0000
4897 7.5414
4898 -1.1559
4899 6.2448
4900 8.9747
4901 7.8419
4902 8.6536
4903 0.0000
4904 -2.3967
4905 1.9673
4906 9.2284
4907 10.8348
4908 4.5626
4909 6.6716
4910 0.0000
4911 -0.4566
4912 6.9627
4913 9.8001
4914 13.8589
4915 4.4336
4916 -1.7904
4917 0.0000
4918 0.4065
4919 0.0962
4920 6.0428
4921 1.6640
4922 2.3018
4923 5.9176
4924 0.0000
4925 -1.7715
4926 -0.3010
4927 8.6995
4928 10.6630
4929 9.5881
4930 8.4591
4931 0.0000
4932 -9.8452
4933 -1.4687
4934 1.7927
4935 11.3703
4936 1.7002
4937 -1.3242
4938 0.0000
4939 0.8640
4940 0.0000
4941 8.1617
4942 0.0000
4943 8.2610
4944 0.0000
4945 -0.1809
4946 3.6814
4947 0.0000
4948 3.6702
4949 -10.9346
4950 0.1044
4951 6.0558
4952 0.0000
4953 0.6724
4954 1.8377
4955 7.8813
4956 0.0000
4957 -1.8605
4958 5.0605
4959 4.3043
4960 0.0000
4961 12.0639
4962 10.0280
4963 3.5941
4964 4.2342
4965 2.9807
4966 8.5177
4967 -0.7135
4968 -3.3473
4969 6.2881
4970 0.0000
4971 -0.4354
4972 -1.7798
4973 7.6767
4974 7.2499
4975 1.8789
4976 -4.9230
4977 0.0000
4978 0.3594
4979 10.1269
4980 3.9107
4981 6.1837
4982 2.7819
4983 2.2582
4984 0.0000
4985 2.7913
4986 0.8552
4987 0.7823
4988 5.4799
4989 4.2843
4990 7.6210
4991 0.0000
4992 -0.8856
4993 11.9752
4994 4.1184
4995 2.4547
4996 14.8184
4997 1.9138
4998 0.0000
4999 -8.3863
5000 8.9019
5001 5.2550
5002 1.1659
5003 1.5131
5004 2.4068
5005 0.0000
5006 -0.9428
5007 9.8800
5008 5.4143
5009 1.8946
5010 5.5248
5011 4.3417
5012 0.0000
5013 -2.4861
5014 3.2922
5015 5.6702
5016 7.4513
5017 2.1756
5018 4.4538
5019 0.0000
5020 0.3843
5021 0.9542
5022 11.1970
5023 6.8805
5024 -0.6548
5025 2.8100
5026 0.0000
5027 3.4531
5028 1.5903
5029 7.7912
5030 3.1372
5031 8.7788
5032 -0.3202
5033 0.0000
5034 -1.0660
5035 4.3723
5036 -0.1199
5037 -0.7429
5038 5.7394
5039 2.2028
5040 0.0000
5041 10.9579
5042 7.0978
5043 -0.4374
5044 3.3232
5045 4.1289
5046 3.8180
5047 0.0000
5048 0.6145
5049 -1.4842
5050 0.0000
5051 9.2872
5052 3.7234
5053 -5.4535
5054 -4.1020
5055 -3.9459
5056 6.4717
5057 3.1796
5058 0.2811
5059 0.0000
5060 3.2968
5061 -3.2526
5062 0.0000
5063 -2.3392
5064 0.0000
5065 2.0707
5066 0.0000
5067 6.8189
5068 2.1645
5069 0.0000
5070 10.9979
5071 4.8001
5072 0.0000
5073 8.3782
5074 6.2509
5075 1.1579
5076 0.0000
5077 -5.1894
5078 4.3972
5079 0.0000
5080 3.9051
5081 0.2010
5082 0.6501
5083 0.0000
5084 2.0062
5085 -2.9808
5086 0.0000
5087 1.7632
5088 2.3954
5089 8.0514
5090 0.0000
5091 7.0907
5092 4.4639
5093 0.0000
5094 1.7895
5095 0.5004
5096 6.3057
5097 0.0000
5098 -0.9011
5099 0.4272
5100 0.0000
5101 1.8895
5102 8.2818
5103 9.7355
5104 0.0000
5105 -9.4448
5106 5.3612
5107 0.0000
5108 0.7254
5109 4.4082
5110 8.2243
5111 0.0000
5112 -6.5426
5113 0.3233
5114 0.0000
5115 2.6224
5116 5.4684
5117 -1.4545
5118 0.0000
5119 8.2926
5120 7.7987
5121 0.0000
5122 10.4051
5123 2.7441
5124 1.6705
5125 0.0000
5126 1.4844
5127 -1.6714
5128 0.0000
5129 0.0473
5130 7.4269
5131 3.6586
5132 0.0000
5133 -1.4724
5134 8.4907
5135 0.0000
5136 10.1888
5137 5.3878
5138 5.9267
5139 0.0000
5140 9.4509
5141 6.9286
5142 0.0000
5143 10.1731
5144 1.5298
5145 0.6191
5146 0.0000
5147 -0.4037
5148 6.1610
5149 0.0000
5150 8.6079
5151 9.8065
5152 8.4921
5153 0.0000
5154 3.0803
5155 -3.9315
5156 0.0000
5157 4.5052
5158 6.2901
5159 2.3082
5160 0.0000
5161 3.6706
5162 10.9304
5163 0.0000
5164 -3.5266
5165 12.9137
5166 8.8287
5167 0.0000
5168 -10.2421
5169 12.3680
5170 0.0000
5171 -5.6378
5172 4.1591
5173 2.4384
5174 0.0000
5175 -0.3860
5176 6.0801
5177 0.0000
5178 3.2608
5179 2.3475
5180 -0.9061
5181 0.0000
5182 4.1246
5183 0.0000
5184 4.9595
5185 0.0000
5186 -0.0913
5187 1.6867
5188 0.0000
5189 -1.2190
5190 0.0000
5191 9.6251
5192 0.0000
5193 9.3076
5194 -2.1618
5195 6.1730
5196 0.0000
5197 1.6692
5198 2.7953
5199 6.5666
5200 0.0000
5201 8.4807
5202 2.3543
5203 0.3602
5204 0.0000
5205 3.8934
5206 0.0000
5207 4.8159
5208 0.0000
5209 6.2070
5210 -0.7151
5211 0.0000
5212 3.6509
5213 0.0000
5214 1.3331
5215 2.1586
5216 2.7216
5217 5.5082
5218 9.2255
5219 8.5901
5220 3.2154
5221 -0.4062
5222 9.0973
5223 2.0908
5224 8.4787
5225 2.6121
5226 -0.5989
5227 6.3161
5228 3.5691
5229 2.1659
5230 0.0000
5231 5.2675
5232 1.9745
5233 6.8940
5234 4.6637
5235 -3.9929
5236 -0.2423
5237 0.0726
5238 0.1133
5239 0.0000
5240 7.2121
5241 11.0623
5242 4.7907
5243 3.9584
5244 8.2669
5245 3.7333
5246 0.0000
5247 -4.1966
5248 9.1974
5249 1.1745
5250 0.0000
5251 1.9080
5252 -2.4491
5253 3.9752
5254 6.0806
5255 -1.4141
5256 9.5927
5257 2.8163
5258 0.5248
5259 0.0000
5260 3.4097
5261 -1.2556
5262 -5.2431
5263 1.6624
5264 -1.5796
5265 1.8037
5266 0.0000
5267 -2.5746
5268 1.8892
5269 1.2494
5270 0.0000
5271 8.1049
5272 -9.8355
5273 4.2837
5274 -5.7135
5275 -3.0842
5276 -1.1938
5277 -3.7606
5278 7.9462
5279 0.0000
5280 6.1234
5281 -1.6527
5282 -0.9001
5283 4.4252
5284 9.6278
5285 6.9915
5286 0.0000
5287 -6.7766
5288 1.8443
5289 4.2218
5290 0.0000
5291 7.1513
5292 -0.1031
5293 2.1350
5294 6.3088
5295 0.8160
5296 3.4012
5297 -9.2893
5298 3.5908
5299 0.0000
5300 3.9015
5301 2.7868
5302 6.0534
5303 4.9707
5304 2.8119
5305 3.8675
5306 0.0000
5307 -3.5862
5308 6.7357
5309 11.9591
5310 7.7166
5311 -4.0883
5312 5.0565
5313 4.7142
5314 3.0467
5315 13.7634
5316 9.3133
5317 10.5299
5318 1.7848
5319 -2.1296
5320 9.3279
5321 0.0000
5322 1.1196
5323 2.1140
5324 1.2874
5325 2.3116
5326 0.2967
5327 -4.3490
5328 6.1074
5329 2.4694
5330 0.0000
5331 7.4456
5332 -0.7419
5333 5.0080
5334 12.8077
5335 -6.4898
5336 1.8835
5337 0.0000
5338 1.6244
5339 2.0940
5340 9.5124
5341 0.0000
5342 -2.4614
5343 0.4370
5344 4.3374
5345 3.4426
5346 -5.4511
5347 12.8603
5348 7.2277
5349 1.3491
5350 0.0000
5351 -2.2734
5352 8.4649
5353 4.1557
5354 8.0590
5355 7.1663
5356 1.9973
5357 0.0000
5358 0.0010
5359 2.8434
5360 4.5324
5361 0.0000
5362 2.8938
5363 -0.0707
5364 1.2105
5365 5.0777
5366 0.2877
5367 -4.5869
5368 1.2461
5369 0.5898
5370 0.0000
5371 7.5358
5372 12.2008
5373 -0.1643
5374 6.5775
5375 4.4435
5376 5.9340
5377 0.0000
5378 -8.5397
5379 -2.3349
5380 9.0623
5381 0.0000
5382 9.0869
5383 1.7063
5384 2.4663
5385 4.9540
5386 0.1704
5387 5.5292
5388 10.0381
5389 -4.3658
5390 0.0000
5391 2.0092
5392 2.9643
5393 2.8077
5394 9.8105
5395 1.9541
5396 -1.9785
5397 0.0000
5398 -3.2481
5399 4.9024
5400 8.0985
5401 -5.1302
5402 0.8597
5403 6.3109
5404 7.4687
5405 6.9792
5406 6.1331
5407 8.9539
5408 4.9130
5409 -5.0340
5410 11.3088
5411 9.7018
5412 0.0000
5413 1.2061
5414 -3.9059
5415 3.8285
5416 3.0602
5417 -5.2492
5418 7.1664
5419 4.6229
5420 3.4123
5421 0.0000
5422 0.1396
5423 2.5384
5424 3.2894
5425 3.4412
5426 3.6755
5427 7.3342
5428 0.0000
5429 0.0568
5430 8.4639
5431 5.8424
5432 0.0000
5433 0.9643
5434 2.4394
5435 3.7470
5436 1.6034
5437 -1.9010
5438 12.4091
5439 4.0800
5440 4.5898
5441 0.0000
5442 1.7157
5443 5.4757
5444 1.8361
5445 4.0477
5446 -1.0745
5447 9.9096
5448 0.0000
5449 5.7127
5450 -5.0262
5451 1.9338
5452 0.0000
5453 7.6225
5454 -1.3537
5455 -0.1158
5456 4.2156
5457 1.2534
5458 6.3586
5459 0.0541
5460 10.1251
5461 0.0000
5462 3.6438
5463 6.0658
5464 8.2890
5465 10.0119
5466 3.6362
5467 3.7173
5468 0.0000
5469 3.4416
5470 2.0414
5471 4.2300
5472 0.0000
5473 6.9339
5474 0.0818
5475 10.0524
5476 3.0171
5477 0.0675
5478 10.4339
5479 -1.9105
5480 9.2966
5481 0.0000
5482 -1.0007
5483 10.2933
5484 3.2845
5485 5.3816
5486 3.4919
5487 5.0932
5488 0.0000
5489 6.6434
5490 -0.3197
5491 8.1763
5492 2.3698
5493 5.8830
5494 2.8708
5495 -0.9798
5496 0.9137
5497 9.7634
5498 3.6193
5499 5.2996
5500 3.7266
5501 1.7851
5502 -3.8493
5503 0.0000
5504 8.5528
5505 -3.7657
5506 -5.6967
5507 -2.2970
5508 4.3088
5509 -2.5650
5510 0.2846
5511 -1.4708
5512 0.0000
5513 -1.3547
5514 0.7275
5515 1.4228
5516 5.7506
5517 8.8764
5518 6.8814
5519 0.0000
5520 -0.1651
5521 6.5010
5522 11.0519
5523 0.0000
5524 7.3946
5525 4.1027
5526 3.3785
5527 9.0643
5528 -5.6277
5529 -6.9952
5530 6.7734
5531 9.6494
5532 0.0000
5533 4.2531
5534 7.1364
5535 6.3384
5536 -0.0875
5537 6.1944
5538 5.2382
5539 0.0000
5540 1.4010
5541 11.7708
5542 1.8701
5543 0.0000
5544 2.3815
5545 1.1772
5546 7.7691
5547 0.1842
5548 3.3618
5549 -1.7669
5550 3.2632
5551 7.2135
5552 0.0000
5553 14.2553
5554 4.9849
5555 1.4102
5556 0.2648
5557 5.2648
5558 0.3761
5559 0.0000
5560 -0.8039
5561 1.5592
5562 1.2565
5563 0.0000
5564 2.3785
5565 0.2048
5566 -0.0339
5567 0.6060
5568 -3.9103
5569 -3.2905
5570 2.4938
5571 5.7669
5572 0.0000
5573 7.7260
5574 0.0932
5575 6.1633
5576 -2.1609
5577 2.3088
5578 3.6336
5579 0.0000
5580 -3.8529
5581 0.0000
5582 5.5181
5583 0.0000
5584 11.9151
5585 1.5738
5586 1.3072
5587 9.9237
5588 5.8376
5589 9.0733
5590 -1.4947
5591 -1.9008
5592 0.0000
5593 0.2860
5594 1.7143
5595 1.1971
5596 6.5766
5597 -2.7027
5598 -0.0055
5599 0.0000
5600 0.3237
5601 6.0560
5602 4.3740
5603 5.0314
5604 -1.1598
5605 2.0014
5606 0.0000
5607 -1.7287
5608 4.4750
5609 3.3996
5610 6.8907
5611 1.9102
5612 8.4791
5613 0.0000
5614 2.5438
5615 -5.7492
5616 7.3801
5617 1.2496
5618 4.1602
5619 4.6861
5620 0.0000
5621 0.5497
5622 8.0061
5623 6.6170
5624 0.2547
5625 6.5560
5626 1.1670
5627 0.0000
5628 -1.1623
5629 11.7973
5630 7.7726
5631 3.6819
5632 1.7642
5633 8.6542
5634 0.0000
5635 4.3383
5636 0.0983
5637 7.4921
5638 14.7996
5639 4.8076
5640 2.5952
5641 0.0000
5642 7.8973
5643 1.9717
5644 4.8667
5645 2.3876
5646 5.3579
5647 -2.7057
5648 0.0000
5649 -2.5307
5650 5.7071
5651 0.5394
5652 0.3133
5653 6.9651
5654 0.4518
5655 0.0000
5656 0.7654
5657 6.1838
5658 -1.3449
5659 10.9446
5660 -0.2441
5661 5.2743
5662 0.0000
5663 9.3151
5664 10.9071
5665 8.6331
5666 0.5903
5667 7.1323
5668 -1.8790
5669 0.0000
5670 -5.9584
5671 4.8984
5672 0.3920
5673 3.4324
5674 4.1301
5675 4.4634
5676 0.0000
5677 1.8652
5678 0.9354
5679 -4.1489
5680 -4.9362
5681 5.6250
5682 4.8313
5683 0.0000
5684 0.4047
5685 4.4208
5686 12.2788
5687 5.2937
5688 5.4833
5689 14.8903
5690 0.0000
5691 -2.0296
5692 2.4327
5693 2.2739
5694 4.8673
5695 0.8978
5696 6.0542
5697 0.0000
5698 4.9536
5699 0.0000
5700 9.3628
5701 0.0000
5702 13.0334
5703 0.0000
5704 5.9037
5705 3.5060
5706 0.0000
5707 4.0762
5708 10.4743
5709 2.0618
5710 0.6891
5711 0.0000
5712 8.9187
5713 7.3751
5714 4.5948
5715 0.0000
5716 6.2707
5717 0.8101
5718 2.3176
5719 0.0000
5720 8.5268
5721 2.5757
5722 2.5709
5723 3.9224
5724 6.5170
5725 4.5995
5726 11.1220
5727 -4.1792
5728 -4.1204
5729 0.0000
5730 4.3244
5731 -2.6991
5732 1.6796
5733 5.6435
5734 -4.0771
5735 3.8307
5736 0.0000
5737 -0.0208
5738 -0.5443
5739 10.2094
5740 7.3055
5741 6.0079
5742 4.1079
5743 0.0000
5744 4.6539
5745 -2.8625
5746 5.5112
5747 3.2005
5748 2.8514
5749 -1.4534
5750 0.0000
5751 -2.0957
5752 3.9631
5753 4.0369
5754 11.6593
5755 2.1766
5756 -7.5700
5757 0.0000
5758 3.4303
5759 3.2725
5760 11.4565
5761 3.6828
5762 3.3638
5763 7.2946
5764 0.0000
5765 1.2886
5766 6.1569
5767 15.5615
5768 5.9218
5769 3.7652
5770 13.0178
5771 0.0000
5772 10.6814
5773 10.9853
5774 7.1157
5775 3.9546
5776 7.1750
5777 -5.3078
5778 0.0000
5779 8.5508
5780 5.1747
5781 7.9438
5782 13.5243
5783 -7.5050
5784 4.3622
5785 0.0000
5786 3.5390
5787 4.8958
5788 6.4606
5789 0.7302
5790 3.8115
5791 7.4991
5792 0.0000
5793 -3.7435
5794 0.4875
5795 13.7179
5796 2.6824
5797 3.6551
5798 10.5134
5799 0.0000
5800 5.9652
5801 -1.6574
5802 1.1887
5803 2.9708
5804 9.6546
5805 6.3714
5806 0.0000
5807 -2.0676
5808 -4.2725
5809 0.0000
5810 10.9096
5811 -0.4728
5812 3.9055
5813 -2.1829
5814 0.1477
5815 5.5183
5816 5.4825
5817 -2.0501
5818 0.0000
5819 10.3688
5820 1.8713
5821 0.0000
5822 1.7683
5823 0.0000
5824 5.9498
5825 0.0000
5826 -4.7472
5827 -4.2101
5828 0.0000
5829 8.0231
5830 2.3383
5831 0.0000
5832 2.6549
5833 1.6585
5834 6.2190
5835 0.0000
5836 -1.2491
5837 3.7899
5838 0.0000
5839 12.8986
5840 3.7011
5841 0.6778
5842 0.0000
5843 6.4863
5844 4.9437
5845 0.0000
5846 -3.8299
5847 8.2228
5848 4.0138
5849 0.0000
5850 3.1505
5851 4.2488
5852 0.0000
5853 3.7692
5854 5.5101
5855 2.8687
5856 0.0000
5857 -0.8900
5858 5.7869
5859 0.0000
5860 11.0237
5861 1.5912
5862 2.1949
5863 0.0000
5864 -1.0914
5865 2.1717
5866 0.0000
5867 5.6935
5868 3.8580
5869 4.0378
5870 0.0000
5871 -0.0915
5872 3.0117
5873 0.0000
5874 8.8076
5875 10.4655
5876 3.5061
5877 0.0000
5878 4.0273
5879 9.2442
5880 0.0000
5881 7.3993
5882 4.0246
5883 -0.9686
5884 0.0000
5885 -1.6504
5886 0.2503
5887 0.0000
5888 6.5229
5889 3.6069
5890 0.5381
5891 0.0000
5892 -3.3911
5893 3.2288
5894 0.0000
5895 -1.7967
5896 0.3311
5897 5.3349
5898 0.0000
5899 2.3431
5900 6.4932
5901 0.0000
5902 12.3596
5903 12.4742
5904 6.9619
5905 0.0000
5906 5.2440
5907 3.2180
5908 0.0000
5909 -0.7941
5910 2.1221
5911 -2.5894
5912 0.0000
5913 -0.0772
5914 3.1702
5915 0.0000
5916 -1.9796
5917 -1.4942
5918 4.2533
5919 0.0000
5920 -0.9920
5921 -0.0380
5922 0.0000
5923 4.7245
5924 4.7975
5925 3.4949
5926 0.0000
5927 4.2220
5928 5.0820
5929 0.0000
5930 2.9847
5931 6.6454
5932 6.0077
5933 0.0000
5934 3.3413
5935 8.6603
5936 0.0000
5937 13.9626
5938 4.8456
5939 -2.5374
5940 0.0000
5941 2.4052
5942 0.0000
5943 -1.1506
5944 0.0000
5945 1.2761
5946 10.4464
5947 0.0000
5948 0.0796
5949 0.0000
5950 4.8432
5951 0.0000
5952 5.4569
5953 7.2902
5954 5.1174
5955 0.0000
5956 11.4640
5957 0.0118
5958 -0.5637
5959 0.0000
5960 11.3803
5961 4.3557
5962 3.8264
5963 0.0000
5964 6.4752
5965 0.0000
5966 9.2284
5967 0.0000
5968 1.4581
5969 2.8740
5970 0.0000
5971 1.1573
5972 0.0000
5973 2.9374
5974 2.5636
5975 5.8053
5976 9.0263
5977 3.8517
5978 0.7933
5979 1.9490
5980 8.4852
5981 4.2128
5982 -2.3004
5983 8.9952
5984 4.4277
5985 9.6060
5986 4.0670
5987 4.9450
5988 1.7013
5989 0.0000
5990 4.2190
5991 0.9209
5992 4.7743
5993 -0.0388
5994 -3.8389
5995 7.1346
5996 -1.8344
5997 1.3546
5998 0.0000
5999 3.3528
6000 2.3207
6001 0.5382
6002 7.1693
6003 2.6145
6004 -0.0036
6005 0.0000
6006 -7.5422
6007 -2.8090
6008 -2.9534
6009 0.0000
6010 7.9519
6011 1.3261
6012 3.0689
6013 6.5518
6014 1.9939
6015 1.0127
6016 1.6578
6017 -2.0619
6018 0.0000
6019 9.6568
6020 9.4536
6021 6.0006
6022 0.2420
6023 3.8857
6024 -1.2216
6025 0.0000
6026 -2.0897
6027 0.6557
6028 4.4302
6029 0.0000
6030 5.5474
6031 -1.8107
6032 0.9008
6033 0.3640
6034 -1.8264
6035 8.4352
6036 14.0049
6037 6.3850
6038 0.0000
6039 8.9344
6040 3.9834
6041 4.2779
6042 4.9098
6043 0.5077
6044 -6.6714
6045 0.0000
6046 -4.6509
6047 0.9216
6048 6.6582
6049 0.0000
6050 4.4859
6051 0.8901
6052 9.2559
6053 0.7277
6054 8.3285
6055 13.8063
6056 5.4842
6057 0.7503
6058 0.0000
6059 0.3615
6060 -3.3271
6061 2.8931
6062 2.4240
6063 3.1494
6064 0.3408
6065 0.0000
6066 7.5301
6067 6.1261
6068 5.4559
6069 6.5567
6070 -0.9163
6071 4.6089
6072 9.6326
6073 5.1539
6074 6.7761
6075 4.4210
6076 5.5537
6077 -2.5921
6078 -1.5363
6079 2.6431
6080 0.0000
6081 8.1435
6082 3.7441
6083 7.1375
6084 -3.3429
6085 2.7818
6086 -1.6918
6087 -3.7344
6088 0.1497
6089 0.0000
6090 8.4726
6091 -2.2305
6092 3.5301
6093 5.6581
6094 4.2873
6095 1.6069
6096 0.0000
6097 4.5741
6098 6.5173
6099 5.2059
6100 0.0000
6101 12.8340
6102 -7.3568
6103 2.4168
6104 10.2173
6105 -4.8072
6106 5.3597
6107 7.4659
6108 4.8335
6109 0.0000
6110 5.7630
6111 2.5884
6112 5.8884
6113 -1.1522
6114 -0.9337
6115 0.5004
6116 0.0000
6117 3.5420
6118 4.9365
6119 7.2642
6120 0.0000
6121 6.7577
6122 0.4429
6123 3.5747
6124 -2.7570
6125 -0.8599
6126 -2.8759
6127 -2.2336
6128 0.1104
6129 0.0000
6130 7.7518
6131 7.5096
6132 3.5029
6133 -1.5849
6134 6.1988
6135 7.5967
6136 0.0000
6137 5.7943
6138 4.6244
6139 3.2080
6140 0.0000
6141 5.2329
6142 1.2846
6143 2.8069
6144 2.7432
6145 4.2155
6146 8.9687
6147 3.1126
6148 0.3919
6149 0.0000
6150 3.9467
6151 0.7919
6152 1.7703
6153 1.1288
6154 6.1912
6155 -1.2640
6156 0.0000
6157 0.9028
6158 4.6359
6159 2.2843
6160 -4.4503
6161 14.4695
6162 6.2609
6163 5.7498
6164 4.6279
6165 10.6974
6166 8.6044
6167 5.6016
6168 2.0184
6169 -2.4529
6170 12.1878
6171 0.0000
6172 3.4971
6173 1.6721
6174 14.5995
6175 4.0451
6176 7.3644
6177 0.2100
6178 0.1042
6179 4.8666
6180 0.0000
6181 0.7487
6182 -0.8523
6183 1.2022
6184 2.4714
6185 3.2375
6186 3.9100
6187 0.0000
6188 0.3973
6189 13.5195
6190 -0.3471
6191 0.0000
6192 5.4000
6193 -0.1275
6194 0.4394
6195 2.0330
6196 -1.0355
6197 10.2991
6198 1.4990
6199 4.5653
6200 0.0000
6201 10.6704
6202 6.8726
6203 -7.4674
6204 -9.4038
6205 1.0949
6206 5.5244
6207 0.0000
6208 -1.3131
6209 -0.6421
6210 -1.6010
6211 0.0000
6212 4.2014
6213 -0.4516
6214 -2.9449
6215 -2.4461
6216 -1.9891
6217 -1.2177
6218 -8.7546
6219 -5.9792
6220 0.0000
6221 13.9870
6222 6.4204
6223 7.6462
6224 5.7583
6225 6.1918
6226 11.3753
6227 0.0000
6228 -5.8124
6229 7.1119
6230 11.4034
6231 0.0000
6232 0.2973
6233 6.8816
6234 3.7621
6235 1.7653
6236 6.9510
6237 11.9930
6238 1.8579
6239 7.3481
6240 0.0000
6241 3.8075
6242 4.7913
6243 7.4816
6244 -0.7355
6245 3.8687
6246 4.7042
6247 0.0000
6248 -1.9233
6249 7.6963
6250 1.6564
6251 10.7780
6252 1.5526
6253 -2.3033
6254 3.5710
6255 10.7997
6256 -1.3797
6257 2.5563
6258 6.0522
6259 3.0116
6260 9.5118
6261 4.0445
6262 0.0000
6263 4.7826
6264 -5.8199
6265 4.7234
6266 5.2313
6267 -2.4087
6268 3.9890
6269 -6.1035
6270 11.4899
6271 0.0000
6272 14.1798
6273 2.8212
6274 -1.2523
6275 8.9282
6276 4.5271
6277 2.9275
6278 0.0000
6279 2.3745
6280 5.6028
6281 3.3562
6282 0.0000
6283 3.5653
6284 -12.1403
6285 -1.4017
6286 8.9267
6287 -2.4059
6288 8.9512
6289 5.5798
6290 5.4962
6291 0.0000
6292 2.3398
6293 10.0499
6294 1.3279
6295 4.8033
6296 2.5198
6297 6.4629
6298 0.0000
6299 1.6277
6300 9.8487
6301 5.5468
6302 0.0000
6303 9.0146
6304 -3.7884
6305 1.6883
6306 1.9174
6307 -2.2955
6308 7.1158
6309 -0.4460
6310 5.8616
6311 0.0000
6312 6.9148
6313 2.8600
6314 -6.0747
6315 -1.5682
6316 6.5217
6317 4.7437
6318 0.0000
6319 -2.9812
6320 -3.6117
6321 0.7242
6322 0.0000
6323 0.9876
6324 3.0759
6325 10.1649
6326 4.5055
6327 0.3466
6328 4.6464
6329 1.6321
6330 -4.5239
6331 0.0000
6332 7.2717
6333 6.3914
6334 3.6278
6335 4.4018
6336 2.4771
6337 3.4603
6338 0.0000
6339 0.9533
6340 0.0000
6341 7.3671
6342 0.0000
6343 10.3256
6344 0.8145
6345 -0.8984
6346 4.4515
6347 4.3735
6348 0.7666
6349 1.3189
6350 -4.3017
6351 0.0000
6352 -0.3864
6353 4.7431
6354 0.8433
6355 -2.4830
6356 5.0272
6357 7.8131
6358 0.0000
6359 2.7710
6360 1.1817
6361 4.7171
6362 4.0587
6363 6.3572
6364 5.4325
6365 0.0000
6366 10.5566
6367 3.8637
6368 2.0442
6369 6.8788
6370 7.0193
6371 6.8648
6372 0.0000
6373 -1.5122
6374 6.7410
6375 7.8414
6376 1.9822
6377 6.8732
6378 -5.7190
6379 0.0000
6380 -4.3163
6381 1.0598
6382 0.4880
6383 2.9835
6384 4.0186
6385 -3.2826
6386 0.0000
6387 3.4361
6388 3.8243
6389 6.4711
6390 14.0820
6391 6.5708
6392 7.8823
6393 0.0000
6394 -0.3329
6395 7.6396
6396 3.3280
6397 0.4042
6398 4.4615
6399 2.8384
6400 0.0000
6401 -4.0651
6402 13.3603
6403 8.8127
6404 3.9362
6405 9.1518
6406 1.1689
6407 0.0000
6408 4.2282
6409 -4.8748
6410 7.4606
6411 -3.7758
6412 1.1131
6413 4.0352
6414 0.0000
6415 -6.4077
6416 2.2874
6417 7.1749
6418 -1.9379
6419 6.0015
6420 5.8182
6421 0.0000
6422 5.5983
6423 1.0857
6424 3.9262
6425 0.5788
6426 2.6320
6427 7.5571
6428 0.0000
6429 4.2852
6430 4.2302
6431 -2.4478
6432 1.0602
6433 5.2592
6434 9.2534
6435 0.0000
6436 -0.2602
6437 -1.4095
6438 5.5307
6439 9.2927
6440 1.5299
6441 8.0506
6442 0.0000
6443 -1.5823
6444 2.6528
6445 2.8641
6446 2.0367
6447 6.3272
6448 8.5595
6449 0.0000
6450 8.2526
6451 -0.8688
6452 9.5483
6453 -1.4506
6454 2.1107
6455 4.2034
6456 0.0000
6457 -6.5497
6458 0.0000
6459 4.8014
6460 0.0000
6461 4.2716
6462 0.0000
6463 6.4301
6464 3.7861
6465 0.0000
6466 6.9798
6467 -0.9552
6468 2.7494
6469 7.9151
6470 0.0000
6471 6.8901
6472 1.7943
6473 3.5228
6474 0.0000
6475 5.2003
6476 2.3619
6477 9.1063
6478 0.0000
6479 -0.5472
6480 4.5660
6481 2.1120
6482 2.3089
6483 7.7872
6484 1.6103
6485 1.6872
6486 4.4425
6487 0.3007
6488 0.0000
6489 -1.1055
6490 4.2052
6491 10.0440
6492 4.1589
6493 7.7790
6494 4.1823
6495 0.0000
6496 -1.9187
6497 4.9936
6498 4.2268
6499 1.3434
6500 -1.5693
6501 -0.0622
6502 0.0000
6503 -2.9736
6504 7.9789
6505 -2.1370
6506 -2.4704
6507 3.4447
6508 0.3352
6509 0.0000
6510 0.8360
6511 2.9901
6512 -3.6323
6513 3.8355
6514 6.2615
6515 6.7254
6516 0.0000
6517 7.0749
6518 0.7907
6519 6.0453
6520 5.6536
6521 -1.9413
6522 11.1668
6523 0.0000
6524 0.4761
6525 -1.8734
6526 8.7341
6527 -2.6470
6528 10.9979
6529 7.6105
6530 0.0000
6531 5.7464
6532 -0.8444
6533 3.2457
6534 4.8668
6535 5.6250
6536 -1.9692
6537 0.0000
6538 -0.2482
6539 4.2167
6540 0.0960
6541 5.8049
6542 -3.5598
6543 5.6440
6544 0.0000
6545 2.0014
6546 8.5596
6547 4.0860
6548 6.9314
6549 3.2455
6550 0.0022
6551 0.0000
6552 -0.0016
6553 1.8850
6554 0.9681
6555 1.8021
6556 1.5859
6557 6.1168
6558 0.0000
6559 5.0556
6560 7.0664
6561 5.9326
6562 5.5451
6563 7.5654
6564 4.3560
6565 0.0000
6566 1.3439
6567 -3.1304
6568 0.0000
6569 4.5772
6570 1.9732
6571 6.4656
6572 7.4094
6573 8.3915
6574 -8.5220
6575 -0.6708
6576 0.1048
6577 0.0000
6578 2.0982
6579 7.5762
6580 0.0000
6581 1.6349
6582 0.0000
6583 4.3743
6584 0.0000
6585 5.4454
6586 2.8291
6587 0.0000
6588 8.5044
6589 4.7811
6590 0.0000
6591 4.8789
6592 3.7897
6593 5.8117
6594 0.0000
6595 2.8700
6596 6.0862
6597 0.0000
6598 3.1427
6599 6.7093
6600 4.2631
6601 0.0000
6602 -0.5701
6603 7.9408
6604 0.0000
6605 2.0146
6606 5.8161
6607 2.7432
6608 0.0000
6609 -2.5895
6610 9.6983
6611 0.0000
6612 -1.0467
6613 -1.3852
6614 -0.6644
6615 0.0000
6616 -5.4407
6617 6.0400
6618 0.0000
6619 4.7058
6620 -1.1177
6621 3.5225
6622 0.0000
6623 2.1833
6624 3.1512
6625 0.0000
6626 2.4079
6627 -1.0029
6628 1.2036
6629 0.0000
6630 4.1931
6631 4.1632
6632 0.0000
6633 5.0547
6634 9.9409
6635 4.1444
6636 0.0000
6637 2.4425
6638 1.3820
6639 0.0000
6640 -0.2783
6641 -7.7831
6642 -2.9819
6643 0.0000
6644 11.9497
6645 1.0609
6646 0.0000
6647 9.3397
6648 10.6628
6649 7.2787
6650 0.0000
6651 6.9225
6652 13.3851
6653 0.0000
6654 2.0791
6655 -1.2176
6656 -7.2868
6657 0.0000
6658 6.6392
6659 6.7616
6660 0.0000
6661 -0.3118
6662 4.8448
6663 0.4285
6664 0.0000
6665 -4.1441
6666 8.7647
6667 0.0000
6668 -1.8144
6669 11.9494
6670 3.9635
6671 0.0000
6672 0.6910
6673 9.5649
6674 0.0000
6675 -2.6971
6676 -5.5278
6677 9.6169
6678 0.0000
6679 10.1915
6680 3.0475
6681 0.0000
6682 6.4067
6683 2.3157
6684 10.7193
6685 0.0000
6686 -3.9440
6687 7.1762
6688 0.0000
6689 0.8495
6690 5.8882
6691 5.0753
6692 0.0000
6693 4.5135
6694 1.0383
6695 0.0000
6696 8.0504
6697 -1.3007
6698 5.5915
6699 0.0000
6700 -1.5207
6701 0.0000
6702 7.0175
6703 0.0000
6704 -8.7389
6705 4.9912
6706 0.0000
6707 7.6295
6708 0.0000
6709 -3.2579
6710 0.0000
6711 11.2672
6712 7.9977
6713 4.1534
6714 0.0000
6715 14.5654
6716 6.5252
6717 7.6518
6718 0.0000
6719 2.0258
6720 7.4315
6721 5.0678
6722 0.0000
6723 2.1530
6724 0.0000
6725 -1.8248
6726 0.0000
6727 0.5127
6728 -1.8630
6729 0.0000
6730 2.6531
6731 0.0000
6732 0.7183
6733 8.5561
6734 -2.0098
6735 0.0794
6736 -5.0058
6737 6.7103
6738 -1.3060
6739 6.6286
6740 -0.2228
6741 7.4232
6742 0.3064
6743 -3.5797
6744 2.5257
6745 -0.2749
6746 -3.7855
6747 3.0992
6748 0.0000
6749 -3.1834
6750 0.7271
6751 1.0804
6752 8.6556
6753 1.4396
6754 -6.8167
6755 -3.5034
6756 1.2944
6757 0.0000
6758 10.9842
6759 10.4907
6760 9.2122
6761 9.5080
6762 5.7654
6763 5.4015
6764 0.0000
6765 -3.8775
6766 4.2734
6767 5.5440
6768 0.0000
6769 3.2528
6770 9.0606
6771 6.9951
6772 -0.8838
6773 3.5733
6774 9.9512
6775 0.5881
6776 4.6784
6777 0.0000
6778 -2.0540
6779 10.3587
6780 10.6214
6781 3.2753
6782 3.3009
6783 5.1730
6784 0.0000
6785 6.7084
6786 5.8735
6787 8.0063
6788 0.0000
6789 8.2220
6790 4.4815
6791 4.5787
6792 -7.4887
6793 0.3420
6794 15.4205
6795 0.2870
6796 5.4016
6797 0.0000
6798 3.6399
6799 2.5409
6800 0.6449
6801 0.2447
6802 6.8750
6803 3.9941
6804 0.0000
6805 -0.1009
6806 7.4122
6807 3.5185
6808 0.0000
6809 9.3425
6810 4.8489
6811 3.6107
6812 -3.9651
6813 -1.2144
6814 -2.2827
6815 1.8619
6816 6.9436
6817 0.0000
6818 10.4266
6819 3.5579
6820 1.0811
6821 -0.2934
6822 3.7867
6823 6.7182
6824 0.0000
6825 -3.0956
6826 4.9111
6827 -4.3117
6828 8.3063
6829 6.5768
6830 -3.9023
6831 4.1843
6832 6.7474
6833 11.4493
6834 11.0307
6835 0.8778
6836 7.1763
6837 8.5327
6838 10.4059
6839 0.0000
6840 5.0788
6841 1.0592
6842 13.5438
6843 7.9551
6844 7.6453
6845 7.3289
6846 7.0369
6847 -1.2898
6848 0.0000
6849 3.6378
6850 3.6928
6851 4.1499
6852 1.8538
6853 10.8408
6854 5.1417
6855 0.0000
6856 4.3731
6857 8.0592
6858 1.0468
6859 0.0000
6860 2.9600
6861 3.1185
6862 -2.7739
6863 -1.6694
6864 -2.2214
6865 14.3700
6866 4.6104
6867 6.7345
6868 0.0000
6869 4.9773
6870 1.2539
6871 7.7438
6872 4.2002
6873 7.6937
6874 4.7950
6875 0.0000
6876 0.1308
6877 -4.5528
6878 3.3847
6879 0.0000
6880 3.2115
6881 1.7122
6882 -1.2724
6883 -0.5254
6884 -0.6519
6885 2.7473
6886 1.7079
6887 0.1289
6888 0.0000
6889 -0.0496
6890 1.6978
6891 -1.1890
6892 4.7818
6893 5.3323
6894 0.8805
6895 0.0000
6896 -1.7487
6897 1.1810
6898 4.6601
6899 0.0000
6900 -1.7261
6901 -1.3450
6902 7.7944
6903 7.2917
6904 -1.2480
6905 -1.0825
6906 2.1306
6907 3.2581
6908 0.0000
6909 2.9004
6910 6.2778
6911 3.7802
6912 6.0493
6913 2.2005
6914 3.1403
6915 0.0000
6916 1.4264
6917 3.6623
6918 8.6903
6919 6.6287
6920 7.0349
6921 -1.4765
6922 10.3358
6923 3.6823
6924 1.5722
6925 -1.5122
6926 3.9356
6927 10.2474
6928 7.6329
6929 -0.5281
6930 0.0000
6931 9.4798
6932 -3.2281
6933 0.5614
6934 0.2447
6935 -1.7818
6936 10.0289
6937 1.5433
6938 1.3148
6939 0.0000
6940 5.9620
6941 1.3970
6942 1.6928
6943 8.0281
6944 9.9025
6945 3.8589
6946 0.0000
6947 -2.1762
6948 3.0626
6949 4.4752
6950 0.0000
6951 6.5387
6952 -3.5899
6953 1.3622
6954 2.9163
6955 2.4222
6956 3.8188
6957 -0.2348
6958 -0.7244
6959 0.0000
6960 3.7980
6961 9.8987
6962 -4.1244
6963 0.5935
6964 -4.9950
6965 1.7568
6966 0.0000
6967 2.1677
6968 11.3856
6969 8.1585
6970 0.0000
6971 7.6655
6972 2.5117
6973 9.6606
6974 3.5568
6975 -2.0074
6976 9.8677
6977 7.9044
6978 3.8688
6979 0.0000
6980 5.1096
6981 6.1369
6982 8.2400
6983 9.0032
6984 8.6728
6985 6.4698
6986 0.0000
6987 -3.0944
6988 6.2870
6989 1.3520
6990 0.0000
6991 9.2047
6992 -6.0265
6993 6.8753
6994 -5.3086
6995 -0.5947
6996 -3.1083
6997 1.8498
6998 5.6151
6999 0.0000
7000 2.9335
7001 5.1794
7002 6.4298
7003 4.8863
7004 3.8129
7005 8.1577
7006 0.0000
7007 5.3999
7008 3.9199
7009 8.0709
7010 5.1365
7011 -0.1365
7012 5.8973
7013 8.8126
7014 5.5474
7015 0.6431
7016 4.5662
7017 0.9475
7018 2.9134
7019 9.4228
7020 4.8283
7021 0.0000
7022 4.4937
7023 1.3700
7024 11.7933
7025 4.2731
7026 5.4366
7027 2.6360
7028 -1.6154
7029 8.6312
7030 0.0000
7031 6.0075
7032 4.5770
7033 2.6834
7034 -1.9799
7035 4.4595
7036 6.6285
7037 0.0000
7038 0.5956
7039 3.7237
7040 5.7157
7041 0.0000
7042 6.4067
7043 4.2215
7044 8.0129
7045 9.3119
7046 8.1725
7047 14.2487
7048 -1.7924
7049 1.0111
7050 0.0000
7051 11.2062
7052 10.1813
7053 6.2705
7054 -0.2679
7055 7.2145
7056 6.9904
7057 0.0000
7058 7.4829
7059 3.7949
7060 -3.9633
7061 0.0000
7062 2.2391
7063 4.5534
7064 -0.0544
7065 1.6299
7066 -4.0410
7067 1.0478
7068 -6.5623
7069 -9.5842
7070 0.0000
7071 10.4683
7072 10.8304
7073 14.7873
7074 10.9838
7075 7.0395
7076 -1.8535
7077 0.0000
7078 -2.7341
7079 3.3232
7080 -3.9428
7081 0.0000
7082 8.7795
7083 -3.7830
7084 5.3575
7085 10.5529
7086 1.0923
7087 11.4640
7088 -0.9034
7089 3.8382
7090 0.0000
7091 10.8039
7092 16.4164
7093 10.8071
7094 3.5570
7095 -0.3877
7096 5.2211
7097 0.0000
7098 5.9070
7099 0.0000
7100 -3.2478
7101 0.0000
7102 7.0719
7103 -3.3662
7104 -1.6304
7105 8.6579
7106 5.1965
7107 4.1607
7108 3.8205
7109 5.9658
7110 0.0000
7111 4.6868
7112 0.2345
7113 12.8532
7114 6.0640
7115 6.9223
7116 6.4604
7117 0.0000
7118 5.7466
7119 5.1519
7120 -0.7560
7121 -2.2630
7122 10.8193
7123 -0.2083
7124 0.0000
7125 9.1248
7126 0.3546
7127 8.0646
7128 5.1202
7129 6.0366
7130 6.0417
7131 0.0000
7132 -1.9788
7133 4.3256
7134 6.8594
7135 10.1503
7136 7.4220
7137 4.8537
7138 0.0000
7139 2.8488
7140 9.7713
7141 1.2593
7142 -4.6496
7143 -3.7299
7144 2.2922
7145 0.0000
7146 1.6888
7147 -3.6199
7148 5.9221
7149 -0.3816
7150 9.3522
7151 -0.5967
7152 0.0000
7153 3.0456
7154 4.1008
7155 -0.6513
7156 5.6809
7157 5.3170
7158 -1.7694
7159 0.0000
7160 0.0136
7161 -1.0193
7162 -0.1582
7163 -6.4306
7164 7.1723
7165 5.3527
7166 0.0000
7167 -2.0133
7168 -5.8317
7169 7.1808
7170 4.6221
7171 9.2922
7172 -1.1698
7173 0.0000
7174 -7.0674
7175 6.1421
7176 4.4234
7177 0.7090
7178 6.9558
7179 4.7498
7180 0.0000
7181 6.5380
7182 6.6996
7183 0.7553
7184 4.2013
7185 5.3798
7186 0.1411
7187 0.0000
7188 3.0808
7189 7.4605
7190 5.5167
7191 8.4940
7192 14.5421
7193 1.6794
7194 0.0000
7195 -0.3340
7196 7.2150
7197 1.8697
7198 7.1959
7199 6.5326
7200 -0.2614
7201 0.0000
7202 -2.2084
7203 0.0527
7204 1.2967
7205 6.8609
7206 8.2773
7207 0.8703
7208 0.0000
7209 0.9199
7210 7.2838
7211 0.8471
7212 2.3974
7213 -0.1407
7214 4.3529
7215 0.0000
7216 3.8804
7217 0.0000
7218 11.7679
7219 0.0000
7220 4.2964
7221 0.0000
7222 7.1765
7223 7.8745
7224 0.0000
7225 9.0857
7226 3.6154
7227 6.7344
7228 1.3857
7229 0.0000
7230 3.6869
7231 6.5252
7232 8.3809
7233 0.0000
7234 6.6772
7235 8.0278
7236 7.4788
7237 0.0000
7238 4.3031
7239 6.8629
7240 -2.3971
7241 -2.6094
7242 -2.0154
7243 4.8678
7244 -3.7426
7245 -0.6064
7246 3.1952
7247 0.0000
7248 0.2583
7249 -1.7555
7250 2.5679
7251 6.0394
7252 4.0596
7253 2.2128
7254 0.0000
7255 4.4202
7256 9.5415
7257 3.2142
7258 3.5489
7259 1.7650
7260 8.3682
7261 0.0000
7262 4.2230
7263 5.3205
7264 -0.0014
7265 3.4829
7266 -0.8250
7267 0.5006
7268 0.0000
7269 7.4507
7270 6.3167
7271 9.1812
7272 1.0442
7273 0.6177
7274 8.5731
7275 0.0000
7276 -0.0723
7277 6.9656
7278 -1.6869
7279 -2.2019
7280 8.5586
7281 4.2661
7282 0.0000
7283 6.0355
7284 -9.3549
7285 -1.2954
7286 -6.4471
7287 2.6102
7288 3.5600
7289 0.0000
7290 -0.2875
7291 4.7184
7292 -5.5417
7293 -2.7715
7294 0.9500
7295 -0.1106
7296 0.0000
7297 2.8622
7298 1.0755
7299 5.6450
7300 3.3141
7301 10.3829
7302 -1.2289
7303 0.0000
7304 6.7623
7305 2.5371
7306 3.7726
7307 -9.5255
7308 1.7285
7309 -3.9868
7310 0.0000
7311 0.8186
7312 4.1690
7313 10.1606
7314 9.6796
7315 4.0038
7316 4.3654
7317 0.0000
7318 1.9871
7319 5.6557
7320 4.0012
7321 4.0383
7322 1.0542
7323 7.4173
7324 0.0000
7325 1.5741
7326 6.6381
7327 0.0000
7328 -1.4609
7329 1.5441
7330 2.9410
7331 9.7319
7332 3.6464
7333 -0.7320
7334 6.8176
7335 6.6203
7336 0.0000
7337 8.1601
7338 1.1244
7339 0.0000
7340 1.0218
7341 0.0000
7342 -0.9786
7343 0.0000
7344 -3.6303
7345 7.2131
7346 0.0000
7347 0.0527
7348 1.0037
7349 0.0000
7350 4.6892
7351 9.2407
7352 -0.2386
7353 0.0000
7354 3.0875
7355 4.1213
7356 0.0000
7357 6.5874
7358 4.5216
7359 5.8176
7360 0.0000
7361 -1.8477
7362 6.5387
7363 0.0000
7364 10.2036
7365 1.7601
7366 10.6817
7367 0.0000
7368 2.7053
7369 1.8988
7370 0.0000
7371 1.8269
7372 -0.4541
7373 -2.3083
7374 0.0000
7375 -2.4727
7376 -1.3162
7377 0.0000
7378 -0.4106
7379 4.0082
7380 1.6249
7381 0.0000
7382 7.6332
7383 5.7377
7384 0.0000
7385 9.9360
7386 5.7643
7387 3.7066
7388 0.0000
7389 -10.1902
7390 3.0078
7391 0.0000
7392 3.7519
7393 0.9654
7394 6.0011
7395 0.0000
7396 -7.6798
7397 9.1738
7398 0.0000
7399 3.5935
7400 2.5190
7401 6.5027
7402 0.0000
7403 5.0024
7404 -2.2501
7405 0.0000
7406 4.3495
7407 3.4361
7408 3.2343
7409 0.0000
7410 0.3332
7411 1.8991
7412 0.0000
7413 3.6431
7414 7.4584
7415 3.0097
7416 0.0000
7417 0.1812
7418 1.5414
7419 0.0000
7420 11.3242
7421 1.8236
7422 8.3050
7423 0.0000
7424 -0.2201
7425 -1.5433
7426 0.0000
7427 14.9813
7428 2.1426
7429 5.9926
7430 0.0000
7431 1.7611
7432 0.8562
7433 0.0000
7434 3.5817
7435 -1.0334
7436 4.8717
7437 0.0000
7438 0.2140
7439 6.4874
7440 0.0000
7441 -2.3710
7442 4.3680
7443 5.1612
7444 0.0000
7445 -0.9157
7446 6.2289
7447 0.0000
7448 -3.7410
7449 -5.1494
7450 9.5351
7451 0.0000
7452 4.9154
7453 2.9083
7454 0.0000
7455 8.3309
7456 0.1111
7457 -6.8271
7458 0.0000
7459 0.5955
7460 0.0000
7461 -4.7596
7462 0.0000
7463 5.7502
7464 1.1766
7465 0.0000
7466 5.6780
7467 0.0000
7468 6.7412
7469 0.0000
7470 6.9696
7471 -0.2525
7472 6.4985
7473 0.0000
7474 2.4368
7475 -5.6130
7476 7.8219
7477 0.0000
7478 1.8954
7479 4.9055
7480 -0.6500
7481 0.0000
7482 -1.5766
7483 0.0000
7484 3.7231
7485 0.0000
7486 2.1541
7487 -2.9844
7488 0.0000
7489 2.1784
7490 0.0000
7491 11.8608
7492 6.5751
7493 -1.2457
7494 -2.9473
7495 4.4539
7496 9.4497
7497 5.5584
7498 -0.8100
7499 0.0000
7500 -0.7819
7501 12.9214
7502 3.9639
7503 0.8511
7504 11.8653
7505 -2.1533
7506 0.0000
7507 -1.0255
7508 5.6782
7509 7.0096
7510 7.2227
7511 4.7421
7512 -0.7044
7513 0.0000
7514 -5.8942
7515 3.2612
7516 4.2871
7517 0.5510
7518 4.2151
7519 -3.3950
7520 0.0000
7521 -1.0467
7522 4.2805
7523 11.2535
7524 4.1190
7525 4.3096
7526 5.8570
7527 0.0000
7528 1.9683
7529 1.0305
7530 3.1278
7531 0.3752
7532 0.2704
7533 7.1834
7534 0.0000
7535 -2.8563
7536 8.0715
7537 4.5454
7538 -4.1154
7539 7.9601
7540 4.4549
7541 0.0000
7542 -9.0898
7543 -0.6770
7544 5.2150
7545 7.4669
7546 1.5481
7547 4.7695
7548 0.0000
7549 5.5300
7550 7.9446
7551 7.9447
7552 2.9222
7553 6.9863
7554 8.7208
7555 0.0000
7556 -1.2237
7557 4.9864
7558 8.6068
7559 5.7342
7560 6.1552
7561 -1.0014
7562 0.0000
7563 0.9981
7564 8.7940
7565 0.6335
7566 1.3192
7567 4.4989
7568 1.3637
7569 0.0000
7570 1.0469
7571 7.8547
7572 0.1443
7573 -2.9551
7574 5.6506
7575 4.1399
7576 0.0000
7577 3.1402
7578 -1.0875
7579 -0.8473
7580 5.6757
7581 -1.2523
7582 4.3602
7583 0.0000
7584 -1.6197
7585 0.0834
7586 -0.2330
7587 0.9021
7588 11.3432
7589 1.5283
7590 0.0000
7591 -0.9685
7592 6.8203
7593 -0.1038
7594 9.4520
7595 9.6214
7596 -1.0506
7597 0.0000
7598 -6.4970
7599 -0.0110
7600 2.2797
7601 5.9019
7602 6.9600
7603 0.6907
7604 0.0000
7605 1.5557
7606 0.0000
7607 3.1138
7608 3.5417
7609 0.0000
7610 5.5410
7611 5.3545
7612 0.0000
7613 -1.8496
7614 -0.9935
7615 0.0000
7616 0.5158
7617 0.0000
7618 -0.9103
7619 1.6651
7620 0.0000
7621 4.3847
7622 7.3341
7623 0.0000
7624 -1.3295
7625 0.0000
7626 -1.8621
7627 3.3640
7628 0.0000
7629 5.8152
7630 8.8862
7631 0.0000
7632 -1.3595
7633 0.0000
7634 -1.8028
7635 4.4591
7636 0.0000
7637 1.0630
7638 -6.2734
7639 0.0000
7640 -0.8193
7641 0.0000
7642 -0.4911
7643 4.5462
7644 0.0000
7645 10.3432
7646 3.1373
7647 0.0000
7648 -0.9504
7649 0.0000
7650 1.8717
7651 2.3059
7652 0.0000
7653 3.5517
7654 -0.6249
7655 0.0000
7656 -0.8344
7657 0.0000
7658 3.4387
7659 1.4678
7660 0.0000
7661 -0.8973
7662 7.1816
7663 0.0000
7664 6.3197
7665 0.0000
7666 -2.4691
7667 -1.8943
7668 0.0000
7669 0.3865
7670 1.8744
7671 0.0000
7672 0.4946
7673 0.0000
7674 -1.7371
7675 -3.0129
7676 0.0000
7677 3.2811
7678 6.0803
7679 0.0000
7680 1.3106
7681 0.0000
7682 2.8953
7683 1.5523
7684 0.0000
7685 -3.3746
7686 6.3805
7687 0.0000
7688 2.5592
7689 0.0000
7690 0.7979
7691 10.6295
7692 0.0000
7693 3.1613
7694 5.2968
7695 0.0000
7696 2.4934
7697 0.0000
7698 -1.9536
7699 4.9240
7700 0.0000
7701 2.4790
7702 4.9766
7703 0.0000
7704 3.9062
7705 0.0000
7706 1.8498
7707 7.7517
7708 0.0000
7709 8.7488
7710 -0.1104
7711 0.0000
7712 1.7152
7713 0.0000
7714 2.0883
7715 4.3290
7716 0.0000
7717 -1.9332
7718 3.1256
7719 0.0000
7720 10.9480
7721 0.0000
7722 10.5715
7723 4.3229
7724 0.0000
7725 2.0466
7726 6.5737
7727 0.0000
7728 0.9454
7729 0.0000
7730 1.7604
7731 0.7631
7732 0.0000
7733 -1.3926
7734 -1.3075
7735 0.0000
7736 3.0616
7737 0.0000
7738 -0.9985
7739 0.0000
7740 2.8218
