# input  : 16 : 43 97 82 AC C0 B9 83 15 A0 5A BE B5 D0 1F 28 A7 
# output : 16 : D9 4A 99 BC BF BF 6F 62 30 CB 9E 8E 82 1F A3 13 
# cycles : 7740
1 0.0000
2 4.0563
3 5.4410
4 0.0000
5 -0.2849
6 0.0000
7 -4.6937
8 1.4021
9 0.0000
10 0.6847
11 5.7901
12 0.0000
13 -6.1776
14 0.0000
15 8.3185
16 10.6216
17 0.0000
18 2.6833
19 1.7282
20 0.0000
21 0.5779
22 0.0000
23 -5.1421
24 -2.3366
25 0.0000
26 4.5416
27 2.2427
28 0.0000
29 -3.0451
30 0.0000
31 -0.5815
32 2.9235
33 0.0000
34 -4.7217
35 1.0626
36 0.0000
37 -1.9938
38 0.0000
39 -2.2170
40 1.5059
41 0.0000
42 2.2755
43 9.4475
44 0.0000
45 1.1796
46 0.0000
47 3.1617
48 7.3790
49 0.0000
50 4.7309
51 7.4106
52 0.0000
53 5.2361
54 0.0000
55 4.2462
56 4.5096
57 0.0000
58 1.8781
59 3.4059
60 0.0000
61 -3.4086
62 0.0000
63 9.3672
64 7.6812
65 0.0000
66 1.3367
67 5.0490
68 0.0000
69 5.8965
70 0.0000
71 1.7812
72 1.9866
73 0.0000
74 -1.2395
75 7.8198
76 0.0000
77 0.1631
78 0.0000
79 7.6881
80 12.7091
81 0.0000
82 6.6307
83 2.6370
84 0.0000
85 -0.7690
86 0.0000
87 8.1428
88 7.0311
89 0.0000
90 1.2879
91 -2.6021
92 0.0000
93 -1.7347
94 0.0000
95 2.3883
96 4.9732
97 0.0000
98 4.3812
99 1.6925
100 0.0000
101 4.0077
102 0.0000
103 4.0749
104 -2.8139
105 0.0000
106 0.6857
107 6.6194
108 0.0000
109 -1.7150
110 0.0000
111 9.8896
112 6.5653
113 0.0000
114 -1.3811
115 3.1543
116 0.0000
117 7.0150
118 0.0000
119 0.4742
120 6.7491
121 0.0000
122 4.1065
123 6.2583
124 0.0000
125 4.5099
126 0.0000
127 3.3177
128 7.5382
129 0.0000
130 -1.0089
131 -3.2736
132 0.0000
133 4.4615
134 0.0000
135 2.7039
136 3.6443
137 0.0000
138 5.2977
139 -5.1808
140 3.9287
141 0.0000
142 5.1505
143 1.6753
144 6.0980
145 2.1413
146 0.0000
147 2.2595
148 -1.0405
149 0.0000
150 3.7159
151 8.8190
152 -0.6330
153 0.5215
154 0.0000
155 -2.2399
156 -1.2781
157 0.0000
158 2.5990
159 5.5391
160 6.9109
161 -2.1264
162 0.0000
163 -0.1132
164 -4.2510
165 0.0000
166 -0.5173
167 5.4468
168 -1.6782
169 1.3826
170 0.0000
171 3.6207
172 1.4206
173 0.0000
174 5.1447
175 -1.6493
176 -2.8362
177 0.4343
178 0.0000
179 -0.0535
180 -0.5863
181 0.0000
182 10.7962
183 -4.9063
184 7.4831
185 3.2006
186 0.0000
187 3.8990
188 0.3789
189 0.0000
190 5.7445
191 4.2777
192 10.9761
193 -4.0509
194 0.0000
195 3.6831
196 5.2955
197 0.0000
198 6.5197
199 2.2217
200 9.3695
201 6.6215
202 0.0000
203 0.8128
204 6.1327
205 0.0000
206 2.2710
207 4.5400
208 3.5675
209 5.4515
210 0.0000
211 -0.3280
212 1.8123
213 0.0000
214 8.1025
215 8.9593
216 1.5190
217 -5.4778
218 0.0000
219 -2.6454
220 -2.7521
221 0.0000
222 -0.0528
223 2.7458
224 -0.6758
225 1.2059
226 0.0000
227 0.9860
228 0.7935
229 0.0000
230 3.0388
231 -1.1777
232 4.1052
233 -1.6403
234 0.0000
235 3.5346
236 2.7152
237 0.0000
238 3.8749
239 6.0141
240 -2.6760
241 4.1624
242 0.0000
243 4.2402
244 -2.7108
245 0.0000
246 7.7085
247 6.2098
248 0.5940
249 5.0327
250 0.0000
251 -1.7665
252 11.8348
253 0.0000
254 4.2962
255 3.8203
256 3.7273
257 10.4777
258 0.0000
259 3.7456
260 5.8521
261 0.0000
262 1.4153
263 6.4217
264 0.5166
265 -2.7513
266 0.0000
267 1.3562
268 1.3115
269 0.0000
270 8.0781
271 0.0000
272 2.4407
273 -1.9243
274 -0.6031
275 3.1216
276 -1.2715
277 5.3752
278 4.0002
279 6.5098
280 0.0000
281 -0.7193
282 2.8513
283 8.5150
284 3.1053
285 1.3033
286 5.5169
287 0.0000
288 0.2481
289 -3.2692
290 1.3980
291 0.4373
292 2.6642
293 2.8652
294 0.0000
295 0.0275
296 0.1867
297 6.3910
298 10.8435
299 2.8865
300 7.8550
301 0.0000
302 -0.5744
303 2.2053
304 10.7580
305 14.1687
306 2.7065
307 -4.8519
308 0.0000
309 1.4726
310 4.5852
311 3.5510
312 7.9806
313 3.6167
314 4.5740
315 0.0000
316 4.5310
317 2.7865
318 5.7460
319 -1.9633
320 7.2165
321 -1.4223
322 0.0000
323 6.0307
324 11.8969
325 3.7968
326 -1.7100
327 1.0065
328 6.5589
329 0.0000
330 0.7816
331 2.5608
332 3.7566
333 6.0280
334 7.7000
335 0.7742
336 0.0000
337 0.0285
338 -1.8314
339 2.3990
340 9.8624
341 2.8356
342 3.9051
343 0.0000
344 8.2249
345 10.1080
346 4.8848
347 11.1661
348 6.0380
349 1.2605
350 0.0000
351 -3.8984
352 2.8296
353 16.2523
354 5.7971
355 4.7314
356 -2.8616
357 0.0000
358 1.0473
359 -4.8925
360 4.3601
361 6.2623
362 4.3870
363 4.6497
364 0.0000
365 6.7045
366 9.4887
367 0.1410
368 10.7968
369 4.6958
370 2.9268
371 0.0000
372 1.7346
373 6.4823
374 2.9281
375 0.7797
376 7.7647
377 9.0829
378 0.0000
379 3.8576
380 0.1323
381 10.4596
382 4.3370
383 0.2106
384 -3.7674
385 0.0000
386 0.6793
387 0.0000
388 -3.0438
389 0.0000
390 10.4919
391 0.0000
392 3.1234
393 5.3865
394 0.0000
395 4.0461
396 -3.6609
397 4.0026
398 8.0796
399 0.0000
400 6.5383
401 8.4539
402 0.8145
403 0.0000
404 4.4940
405 6.5672
406 5.7271
407 0.0000
408 2.6160
409 0.2295
410 -1.4945
411 7.7152
412 4.3443
413 -0.5130
414 2.1960
415 3.9951
416 -0.2087
417 0.0000
418 5.4912
419 6.0859
420 11.1717
421 -1.5674
422 10.6369
423 6.1931
424 0.0000
425 1.9092
426 10.7417
427 5.3273
428 2.6926
429 3.5951
430 7.7451
431 0.0000
432 2.8782
433 5.8812
434 2.6407
435 2.5241
436 7.4276
437 -8.3562
438 0.0000
439 4.9923
440 4.3251
441 1.6183
442 -0.7256
443 9.9432
444 2.8339
445 0.0000
446 3.3808
447 5.2820
448 8.8863
449 5.6685
450 0.0962
451 2.4887
452 0.0000
453 -3.8376
454 8.2996
455 0.8104
456 0.3759
457 5.3771
458 0.9244
459 0.0000
460 -3.7536
461 7.2990
462 2.7522
463 6.3252
464 1.7178
465 9.3029
466 0.0000
467 -4.1253
468 4.9375
469 3.0894
470 9.1646
471 -1.5808
472 3.1098
473 0.0000
474 -0.0644
475 1.9545
476 8.0704
477 5.7575
478 2.5373
479 0.0868
480 0.0000
481 3.5686
482 8.8374
483 1.6082
484 1.1031
485 8.9848
486 0.1725
487 0.0000
488 4.7033
489 5.8142
490 4.2887
491 1.3580
492 -7.4565
493 -4.1960
494 0.0000
495 -0.7944
496 0.2078
497 0.0000
498 5.1873
499 -7.2538
500 -1.5391
501 1.4853
502 -2.2363
503 2.9526
504 6.1781
505 -3.9075
506 0.0000
507 6.1628
508 2.0489
509 0.0000
510 -0.9337
511 8.9927
512 0.0000
513 -1.2730
514 3.5099
515 0.0000
516 2.4693
517 5.7569
518 0.0000
519 8.1525
520 0.1741
521 2.9048
522 0.0000
523 3.0895
524 8.9781
525 0.0000
526 8.6880
527 0.3197
528 -1.6578
529 0.0000
530 -3.9869
531 3.9568
532 0.0000
533 -1.2481
534 0.4246
535 1.6263
536 0.0000
537 4.9140
538 3.3968
539 0.0000
540 -8.8067
541 -1.7267
542 2.2829
543 0.0000
544 -3.9873
545 7.1091
546 0.0000
547 4.1719
548 1.6664
549 8.9532
550 0.0000
551 1.1883
552 5.5171
553 0.0000
554 3.6937
555 13.5970
556 1.3903
557 0.0000
558 -7.9165
559 4.6163
560 0.0000
561 0.9633
562 0.2919
563 7.5264
564 0.0000
565 -0.1211
566 4.6887
567 0.0000
568 -0.8237
569 2.7122
570 -10.4315
571 0.0000
572 2.9330
573 5.5398
574 0.0000
575 13.0588
576 -2.1632
577 -1.2728
578 0.0000
579 5.0265
580 4.2505
581 0.0000
582 8.3880
583 2.0811
584 6.0593
585 0.0000
586 -8.2345
587 1.6106
588 0.0000
589 9.4497
590 5.6468
591 5.5891
592 0.0000
593 0.6570
594 6.5872
595 0.0000
596 7.0247
597 -6.5561
598 1.1773
599 0.0000
600 5.6791
601 6.8607
602 0.0000
603 5.7607
604 -1.4258
605 1.7002
606 0.0000
607 -2.9283
608 10.7673
609 0.0000
610 9.0265
611 0.7496
612 4.1922
613 0.0000
614 10.4109
615 10.0021
616 0.0000
617 3.1383
618 -0.8992
619 13.0699
620 0.0000
621 4.4641
622 4.8247
623 0.0000
624 3.4032
625 -4.4320
626 -4.5403
627 0.0000
628 -2.5912
629 0.0000
630 0.1043
631 0.0000
632 3.1326
633 10.7795
634 0.0000
635 3.8024
636 0.0000
637 -0.8987
638 0.0000
639 2.8422
640 6.9859
641 3.0867
642 0.0000
643 0.9192
644 3.2848
645 -0.8498
646 0.0000
647 3.3564
648 3.7177
649 3.6927
650 0.0000
651 -3.2439
652 0.0000
653 -5.7417
654 0.0000
655 -0.9338
656 3.3975
657 0.0000
658 1.2612
659 0.0000
660 -1.4369
661 4.3553
662 0.5470
663 0.0148
664 5.3575
665 3.8121
666 0.2724
667 4.8091
668 5.6543
669 -4.6498
670 2.4627
671 -3.2203
672 0.7656
673 1.9053
674 8.5526
675 10.1074
676 0.0000
677 5.8471
678 0.2611
679 7.4575
680 5.2934
681 0.2647
682 6.9272
683 -1.0380
684 3.1780
685 0.0000
686 10.3165
687 2.1334
688 7.5737
689 11.0260
690 -5.1191
691 5.7524
692 0.0000
693 4.3117
694 3.0801
695 1.4602
696 0.0000
697 -2.8510
698 0.5277
699 3.1768
700 -4.7621
701 2.8343
702 -1.1050
703 3.7843
704 4.8959
705 0.0000
706 2.5205
707 3.3409
708 4.4263
709 7.2060
710 0.5445
711 5.8387
712 0.0000
713 2.6012
714 0.2665
715 3.9453
716 0.0000
717 1.0380
718 -6.1722
719 0.4227
720 3.3410
721 6.1183
722 -1.6869
723 -4.3819
724 8.0256
725 0.0000
726 13.5957
727 2.5378
728 7.1646
729 1.7776
730 5.6855
731 1.1446
732 0.0000
733 0.7267
734 -3.3161
735 2.4733
736 0.0000
737 10.5976
738 -3.3260
739 7.5277
740 -1.8615
741 -1.6297
742 1.6309
743 2.2304
744 2.6650
745 0.0000
746 8.0656
747 3.1349
748 9.1396
749 1.9545
750 7.4949
751 -0.4888
752 0.0000
753 3.2959
754 1.6293
755 6.0407
756 4.6500
757 11.9397
758 0.9039
759 0.3038
760 2.7362
761 13.4634
762 3.4320
763 3.0154
764 2.9272
765 3.9356
766 -0.2046
767 0.0000
768 -1.2478
769 -3.2252
770 2.3071
771 0.0739
772 -7.4264
773 -0.3963
774 -0.3141
775 2.7878
776 0.0000
777 5.9622
778 11.6476
779 0.0268
780 4.3676
781 7.6097
782 -1.3572
783 0.0000
784 3.3538
785 -4.6517
786 -0.1939
787 0.0000
788 -3.2699
789 -1.3249
790 -1.1349
791 7.6254
792 1.8323
793 -11.2323
794 -2.0455
795 -1.0815
796 0.0000
797 5.3722
798 -0.8184
799 0.5302
800 10.8691
801 7.1922
802 5.5423
803 0.0000
804 0.1488
805 3.6235
806 2.2995
807 0.0000
808 5.8253
809 6.1913
810 -2.4543
811 6.3352
812 1.7620
813 5.1095
814 -3.0667
815 7.6994
816 0.0000
817 4.3783
818 6.0819
819 -5.3248
820 2.6022
821 1.6726
822 3.3737
823 0.0000
824 1.9359
825 9.5709
826 4.1403
827 0.0000
828 0.7340
829 6.0205
830 10.9189
831 8.8363
832 -7.6844
833 -4.2662
834 -2.5641
835 5.1298
836 0.0000
837 9.0807
838 7.8141
839 10.0410
840 5.6015
841 -2.7928
842 3.3911
843 0.0000
844 5.6152
845 4.0301
846 1.0861
847 10.8501
848 11.9715
849 6.7950
850 0.0080
851 3.1843
852 12.2292
853 -0.1909
854 7.6150
855 -5.3802
856 1.1159
857 -1.5823
858 0.0000
859 4.9115
860 4.6073
861 8.0873
862 3.9408
863 -4.1434
864 0.1212
865 -0.3427
866 8.0112
867 0.0000
868 2.3223
869 -2.2356
870 -0.3975
871 1.4786
872 3.0590
873 -3.3408
874 0.0000
875 -0.5111
876 0.5960
877 5.2279
878 0.0000
879 1.3084
880 -0.3263
881 0.3599
882 0.5383
883 -6.3924
884 8.3662
885 15.2588
886 4.3584
887 0.0000
888 0.3256
889 2.8287
890 2.3556
891 8.0854
892 2.6114
893 -1.3632
894 0.0000
895 -0.6943
896 2.7926
897 4.8705
898 0.0000
899 -1.0912
900 2.4747
901 4.6983
902 4.2382
903 -5.0479
904 6.9678
905 9.3938
906 0.6733
907 0.0000
908 16.9310
909 7.7337
910 6.9536
911 4.4958
912 4.9300
913 8.9061
914 0.0000
915 -1.9680
916 3.4379
917 -3.5006
918 0.0000
919 3.1416
920 1.1403
921 3.2111
922 -4.2418
923 -9.2982
924 6.6062
925 -11.3289
926 0.0696
927 0.0000
928 9.6428
929 0.4919
930 5.5848
931 9.8755
932 2.5944
933 5.6030
934 0.0000
935 7.4415
936 5.1435
937 -0.6621
938 6.8789
939 1.6014
940 2.3093
941 1.3839
942 5.8526
943 5.6163
944 5.7643
945 7.6864
946 3.6058
947 7.2237
948 10.2136
949 0.0000
950 1.8698
951 -4.5457
952 6.4968
953 7.7087
954 1.8084
955 -2.7424
956 -7.3870
957 4.6036
958 0.0000
959 4.8242
960 10.7189
961 4.2997
962 11.4123
963 12.1041
964 3.9165
965 0.0000
966 -7.0942
967 -6.2630
968 3.1941
969 0.0000
970 2.3187
971 3.1260
972 3.0306
973 0.0857
974 2.4539
975 10.9846
976 3.6602
977 9.7610
978 0.0000
979 7.1764
980 5.0255
981 5.5409
982 7.2551
983 4.9640
984 4.6890
985 0.0000
986 0.9255
987 7.2988
988 5.3874
989 0.0000
990 -1.4308
991 3.0179
992 8.0325
993 6.2485
994 -1.1844
995 2.6723
996 -1.0311
997 5.6658
998 0.0000
999 5.1176
1000 5.4492
1001 10.2309
1002 11.9456
1003 11.3350
1004 7.8694
1005 0.0000
1006 -3.5410
1007 2.0056
1008 -1.5784
1009 0.0000
1010 1.5772
1011 -0.4957
1012 3.9396
1013 -0.2532
1014 -1.4282
1015 -0.4480
1016 -3.7117
1017 -7.7874
1018 0.0000
1019 0.4897
1020 9.3651
1021 -1.4120
1022 6.5354
1023 -2.0723
1024 0.3764
1025 0.0000
1026 3.2736
1027 0.0000
1028 2.1841
1029 0.0000
1030 10.7764
1031 8.5858
1032 -5.8654
1033 10.4104
1034 8.8160
1035 5.9724
1036 4.7991
1037 -2.2364
1038 0.0000
1039 -4.7642
1040 -0.6746
1041 9.2829
1042 7.8614
1043 5.1879
1044 -1.2658
1045 0.0000
1046 2.5424
1047 5.1970
1048 2.1852
1049 3.8492
1050 -2.3387
1051 2.1477
1052 0.0000
1053 0.0256
1054 -2.0177
1055 2.9694
1056 0.8708
1057 7.2073
1058 -4.1568
1059 0.0000
1060 1.7120
1061 5.5474
1062 4.4307
1063 1.1113
1064 11.0418
1065 1.5981
1066 0.0000
1067 0.4012
1068 8.1312
1069 4.1475
1070 6.3246
1071 0.2376
1072 -2.5401
1073 0.0000
1074 -0.6741
1075 3.0157
1076 2.6686
1077 0.1287
1078 5.9488
1079 -4.7601
1080 0.0000
1081 8.3329
1082 7.5705
1083 5.2200
1084 5.7370
1085 -0.4992
1086 -1.2435
1087 0.0000
1088 2.5024
1089 7.5957
1090 -0.4000
1091 -0.6317
1092 12.3325
1093 -0.0461
1094 0.0000
1095 7.1462
1096 8.5156
1097 7.7656
1098 6.6658
1099 6.9393
1100 4.6731
1101 0.0000
1102 1.5432
1103 1.6191
1104 7.0196
1105 10.9248
1106 2.5561
1107 4.9797
1108 0.0000
1109 -0.9429
1110 4.5062
1111 -0.3226
1112 6.9429
1113 -1.5321
1114 6.9443
1115 0.0000
1116 -1.7021
1117 5.3164
1118 6.1035
1119 -6.0515
1120 1.9618
1121 3.2555
1122 0.0000
1123 0.1526
1124 3.9728
1125 3.9619
1126 8.2269
1127 7.3167
1128 5.8493
1129 0.0000
1130 7.6814
1131 2.9011
1132 7.6847
1133 3.5668
1134 4.9692
1135 3.2456
1136 0.0000
1137 0.2135
1138 8.6665
1139 8.5234
1140 4.4376
1141 -3.6955
1142 0.1443
1143 0.0000
1144 6.7055
1145 0.0000
1146 1.1609
1147 0.0000
1148 8.5656
1149 0.0000
1150 7.8387
1151 -1.4640
1152 0.0000
1153 -2.1578
1154 4.9721
1155 -0.0019
1156 1.4071
1157 0.0000
1158 10.7904
1159 4.9415
1160 2.9069
1161 0.0000
1162 1.2205
1163 -2.0829
1164 -0.3593
1165 0.0000
1166 7.6697
1167 6.2623
1168 1.9299
1169 6.9207
1170 5.2178
1171 3.2330
1172 6.8198
1173 0.4282
1174 2.5789
1175 0.0000
1176 2.0920
1177 2.6938
1178 3.5247
1179 6.6356
1180 5.9853
1181 1.6771
1182 0.0000
1183 2.0848
1184 4.2081
1185 -0.2855
1186 5.6655
1187 2.0934
1188 3.0303
1189 0.0000
1190 -0.9509
1191 4.8448
1192 -2.4855
1193 1.4165
1194 1.9233
1195 -0.4839
1196 0.0000
1197 1.4346
1198 5.0423
1199 7.7830
1200 5.9951
1201 5.3445
1202 4.9718
1203 0.0000
1204 -2.0871
1205 5.8696
1206 7.0957
1207 -0.6040
1208 -1.8367
1209 4.6005
1210 0.0000
1211 2.5235
1212 5.6870
1213 10.9226
1214 5.2931
1215 4.3125
1216 0.4017
1217 0.0000
1218 1.7978
1219 -0.1724
1220 11.9258
1221 7.8157
1222 0.7589
1223 3.2460
1224 0.0000
1225 3.7051
1226 -2.2389
1227 6.8395
1228 11.0216
1229 0.3088
1230 7.7088
1231 0.0000
1232 3.2346
1233 5.4656
1234 8.2216
1235 3.6831
1236 5.5277
1237 0.8605
1238 0.0000
1239 -1.0697
1240 5.5140
1241 8.9116
1242 9.3339
1243 5.2190
1244 7.4903
1245 0.0000
1246 -6.0966
1247 9.5515
1248 -1.4478
1249 1.0108
1250 6.5479
1251 0.1868
1252 0.0000
1253 0.1945
1254 -2.5292
1255 0.0000
1256 6.4554
1257 0.1622
1258 4.2355
1259 -2.0760
1260 -1.2576
1261 2.9296
1262 5.8049
1263 6.3940
1264 0.0000
1265 -0.4695
1266 -6.9014
1267 0.0000
1268 1.3677
1269 0.0000
1270 0.4112
1271 0.0000
1272 1.6065
1273 -2.3669
1274 0.0000
1275 6.2250
1276 5.7724
1277 0.0000
1278 11.5791
1279 4.6947
1280 3.1491
1281 0.0000
1282 2.5893
1283 3.3601
1284 0.0000
1285 4.0777
1286 4.7517
1287 3.4191
1288 0.0000
1289 3.6059
1290 5.3936
1291 0.0000
1292 1.4591
1293 8.5101
1294 5.4922
1295 0.0000
1296 -9.9119
1297 0.2137
1298 0.0000
1299 -1.7968
1300 10.1102
1301 3.2900
1302 0.0000
1303 -1.9245
1304 3.0167
1305 0.0000
1306 3.7022
1307 -0.5686
1308 4.9039
1309 0.0000
1310 -3.0090
1311 2.1574
1312 0.0000
1313 -0.3491
1314 6.4177
1315 2.8541
1316 0.0000
1317 0.5061
1318 2.3020
1319 0.0000
1320 8.1275
1321 0.1693
1322 -1.6799
1323 0.0000
1324 3.1426
1325 1.7306
1326 0.0000
1327 0.8038
1328 2.9198
1329 -0.5381
1330 0.0000
1331 2.4249
1332 -0.0323
1333 0.0000
1334 4.3862
1335 2.6975
1336 6.6115
1337 0.0000
1338 0.1872
1339 10.7823
1340 0.0000
1341 2.0416
1342 0.2637
1343 10.5145
1344 0.0000
1345 0.5670
1346 7.8043
1347 0.0000
1348 2.9688
1349 3.9437
1350 3.6966
1351 0.0000
1352 3.9759
1353 5.6144
1354 0.0000
1355 2.5318
1356 1.0012
1357 0.7874
1358 0.0000
1359 -7.3734
1360 2.4588
1361 0.0000
1362 5.2102
1363 1.0068
1364 4.5391
1365 0.0000
1366 -1.3196
1367 -0.6886
1368 0.0000
1369 2.1465
1370 2.7252
1371 9.9190
1372 0.0000
1373 6.2494
1374 8.3564
1375 0.0000
1376 9.5569
1377 11.9962
1378 10.3622
1379 0.0000
1380 2.4729
1381 10.6240
1382 0.0000
1383 -0.9405
1384 1.7027
1385 -4.2752
1386 0.0000
1387 -1.2180
1388 0.0000
1389 -2.5556
1390 0.0000
1391 0.3811
1392 -1.9106
1393 0.0000
1394 -2.6768
1395 0.0000
1396 6.9285
1397 0.0000
1398 9.7031
1399 1.1367
1400 14.5779
1401 0.0000
1402 0.9222
1403 12.3251
1404 -0.3456
1405 0.0000
1406 9.2809
1407 1.9634
1408 7.9774
1409 0.0000
1410 13.9906
1411 0.0000
1412 0.6741
1413 0.0000
1414 2.0242
1415 7.1864
1416 0.0000
1417 -0.2010
1418 0.0000
1419 3.4295
1420 -1.8687
1421 2.2400
1422 8.8004
1423 -0.9646
1424 4.7743
1425 -1.1412
1426 -0.3822
1427 2.1586
1428 8.0804
1429 6.3233
1430 1.2325
1431 6.7581
1432 -2.0141
1433 11.4639
1434 7.5914
1435 0.0000
1436 9.1857
1437 1.7508
1438 -1.2445
1439 3.0672
1440 -7.6183
1441 9.0138
1442 3.8247
1443 2.2034
1444 0.0000
1445 8.9435
1446 -1.5925
1447 10.2635
1448 -0.4351
1449 2.9997
1450 2.0390
1451 0.0000
1452 1.5862
1453 12.3475
1454 2.6866
1455 0.0000
1456 2.2847
1457 1.5005
1458 2.5559
1459 7.9034
1460 -2.1595
1461 4.4612
1462 3.3769
1463 7.4324
1464 0.0000
1465 3.9220
1466 -4.3058
1467 3.3879
1468 0.5030
1469 2.8128
1470 7.5598
1471 0.0000
1472 0.7928
1473 0.6531
1474 2.9366
1475 0.0000
1476 4.6674
1477 1.1710
1478 -0.0551
1479 -1.4402
1480 4.9408
1481 17.3298
1482 3.3887
1483 5.9170
1484 0.0000
1485 9.3739
1486 -2.4766
1487 5.0069
1488 7.2419
1489 5.6256
1490 0.5188
1491 0.0000
1492 -4.5193
1493 5.2435
1494 2.2822
1495 0.0000
1496 -0.7783
1497 -5.6300
1498 2.2235
1499 5.1293
1500 -4.3253
1501 12.2463
1502 5.8959
1503 7.8982
1504 0.0000
1505 6.2584
1506 6.6939
1507 4.8658
1508 -5.1306
1509 -1.9625
1510 9.2389
1511 0.0000
1512 4.3302
1513 11.1203
1514 -1.6531
1515 1.8469
1516 -6.1206
1517 2.2256
1518 5.3895
1519 5.4332
1520 7.6149
1521 13.9245
1522 6.0795
1523 -0.9853
1524 5.5578
1525 3.9446
1526 0.0000
1527 8.0349
1528 1.1229
1529 7.4867
1530 -5.8372
1531 2.8357
1532 0.3134
1533 -3.0179
1534 -3.5861
1535 0.0000
1536 8.2534
1537 6.4326
1538 2.9447
1539 0.2098
1540 6.6602
1541 7.6287
1542 0.0000
1543 5.7219
1544 -4.0086
1545 4.8255
1546 0.0000
1547 1.5711
1548 -0.7302
1549 7.0750
1550 3.0601
1551 1.5447
1552 -7.0341
1553 -1.3989
1554 8.0372
1555 0.0000
1556 15.1679
1557 2.7555
1558 5.8613
1559 4.6624
1560 2.6371
1561 7.2258
1562 0.0000
1563 4.6801
1564 5.0388
1565 3.4695
1566 0.0000
1567 7.9672
1568 0.6878
1569 10.4570
1570 13.9266
1571 7.2210
1572 8.5568
1573 2.1279
1574 11.8024
1575 0.0000
1576 -1.9983
1577 0.4226
1578 5.2655
1579 -5.1043
1580 3.3480
1581 5.0382
1582 0.0000
1583 2.3588
1584 3.9884
1585 -0.7442
1586 0.0000
1587 3.5249
1588 -0.5675
1589 10.2008
1590 12.8440
1591 -0.6519
1592 4.8175
1593 6.5823
1594 7.0752
1595 0.0000
1596 2.7701
1597 0.5271
1598 0.7063
1599 5.7776
1600 0.4509
1601 4.7076
1602 0.0000
1603 -0.2873
1604 5.8489
1605 -2.7882
1606 2.2133
1607 7.7083
1608 0.6549
1609 7.9250
1610 4.7613
1611 -1.3102
1612 6.3903
1613 0.3079
1614 2.8430
1615 2.9934
1616 1.8901
1617 0.0000
1618 4.8061
1619 -1.8669
1620 5.5423
1621 -4.7037
1622 -1.2710
1623 9.1246
1624 6.2865
1625 5.0271
1626 0.0000
1627 11.0945
1628 0.3554
1629 3.1285
1630 -4.1038
1631 0.0230
1632 10.5376
1633 0.0000
1634 -0.0832
1635 1.8637
1636 2.9039
1637 0.0000
1638 1.2116
1639 -2.6930
1640 2.9721
1641 3.4995
1642 -10.0760
1643 5.9683
1644 1.6106
1645 3.1165
1646 0.0000
1647 0.9637
1648 -0.5287
1649 -5.0361
1650 5.5262
1651 5.1824
1652 6.8937
1653 0.0000
1654 0.3757
1655 -2.4247
1656 5.0769
1657 0.0000
1658 9.0244
1659 5.5288
1660 -6.7840
1661 3.7632
1662 1.5487
1663 0.5092
1664 0.1278
1665 0.2377
1666 0.0000
1667 5.8273
1668 5.9004
1669 0.4136
1670 5.6757
1671 9.9500
1672 3.8275
1673 0.0000
1674 -4.5716
1675 4.9491
1676 3.4878
1677 0.0000
1678 5.9010
1679 4.9855
1680 1.1696
1681 6.0743
1682 -1.4139
1683 4.5620
1684 1.4475
1685 4.9896
1686 0.0000
1687 1.5960
1688 2.6123
1689 10.8427
1690 14.8693
1691 7.2980
1692 1.6612
1693 0.0000
1694 6.9997
1695 5.8353
1696 3.1298
1697 2.4294
1698 3.6091
1699 1.9672
1700 6.4084
1701 8.3940
1702 5.5582
1703 7.8025
1704 0.2556
1705 1.4967
1706 4.9850
1707 4.8991
1708 0.0000
1709 1.4702
1710 -3.2226
1711 7.2035
1712 -3.5155
1713 -4.0601
1714 2.2246
1715 2.2181
1716 0.9917
1717 0.0000
1718 3.4242
1719 3.9852
1720 8.2546
1721 7.4443
1722 1.5907
1723 11.2073
1724 0.0000
1725 -4.5460
1726 7.7112
1727 4.0101
1728 0.0000
1729 -1.9151
1730 1.6757
1731 7.5034
1732 1.3259
1733 -0.1574
1734 4.3094
1735 -12.6656
1736 10.7058
1737 0.0000
1738 2.6418
1739 11.4405
1740 8.8400
1741 6.0697
1742 13.4581
1743 5.8561
1744 0.0000
1745 4.9506
1746 0.5133
1747 7.8851
1748 0.0000
1749 4.4328
1750 -5.4675
1751 0.2626
1752 10.5792
1753 -6.3018
1754 -0.4299
1755 0.9980
1756 5.6354
1757 0.0000
1758 -2.2393
1759 7.5754
1760 6.4953
1761 0.5538
1762 -1.5014
1763 8.2429
1764 0.0000
1765 1.1426
1766 -0.3720
1767 -2.3939
1768 0.0000
1769 2.4733
1770 3.6559
1771 9.5798
1772 1.4890
1773 0.9863
1774 0.1012
1775 5.7339
1776 -0.3704
1777 0.0000
1778 3.5273
1779 9.2373
1780 4.3716
1781 5.2812
1782 0.5622
1783 -0.6389
1784 0.0000
1785 3.3924
1786 0.0000
1787 7.6668
1788 0.0000
1789 2.4950
1790 6.0428
1791 1.0874
1792 2.5132
1793 10.0565
1794 8.0231
1795 2.1956
1796 6.1461
1797 0.0000
1798 -6.3034
1799 6.7498
1800 5.1993
1801 -0.5612
1802 -0.6746
1803 9.1494
1804 0.0000
1805 -2.9107
1806 -5.9018
1807 -1.6436
1808 7.6235
1809 3.4647
1810 3.2253
1811 0.0000
1812 3.7418
1813 -0.7922
1814 1.9635
1815 -3.6959
1816 -0.4375
1817 4.6441
1818 0.0000
1819 -2.9694
1820 -1.1501
1821 6.3507
1822 12.3090
1823 4.2306
1824 -0.9369
1825 0.0000
1826 10.0722
1827 6.1912
1828 -3.0218
1829 4.6888
1830 -1.3788
1831 7.1000
1832 0.0000
1833 -5.8096
1834 3.7612
1835 11.6217
1836 2.7959
1837 1.2272
1838 2.6818
1839 0.0000
1840 6.0593
1841 -1.3786
1842 5.3121
1843 -2.7440
1844 1.7024
1845 5.5982
1846 0.0000
1847 1.9590
1848 4.5863
1849 16.5895
1850 9.9915
1851 6.2810
1852 -2.0163
1853 0.0000
1854 1.4299
1855 -0.6786
1856 5.8065
1857 5.9844
1858 5.4999
1859 -2.2287
1860 0.0000
1861 0.3196
1862 3.0576
1863 3.6514
1864 -0.1433
1865 10.1440
1866 0.5798
1867 0.0000
1868 2.3371
1869 14.7484
1870 -1.0841
1871 12.6472
1872 6.9105
1873 14.9957
1874 0.0000
1875 -3.0185
1876 7.1001
1877 1.0138
1878 4.7383
1879 8.9359
1880 8.2019
1881 0.0000
1882 2.2046
1883 9.6695
1884 6.8434
1885 3.5542
1886 6.6570
1887 -1.2812
1888 0.0000
1889 0.8372
1890 -5.2725
1891 6.7504
1892 1.7007
1893 4.8752
1894 3.1084
1895 0.0000
1896 2.7555
1897 -0.3342
1898 2.8139
1899 5.6224
1900 8.7447
1901 2.1862
1902 0.0000
1903 -0.4394
1904 0.0000
1905 9.7292
1906 0.0000
1907 0.0348
1908 0.0000
1909 2.7185
1910 1.7597
1911 0.0000
1912 3.3754
1913 3.1369
1914 5.7959
1915 4.3936
1916 0.0000
1917 5.0338
1918 -6.1120
1919 8.5831
1920 0.0000
1921 10.9197
1922 7.8823
1923 8.7817
1924 0.0000
1925 12.7313
1926 15.6848
1927 6.6305
1928 0.2645
1929 5.5406
1930 7.5167
1931 4.8170
1932 6.1847
1933 6.2312
1934 0.0000
1935 -1.4464
1936 4.4309
1937 2.5263
1938 5.2048
1939 -2.1342
1940 3.2556
1941 0.0000
1942 3.2466
1943 0.5081
1944 2.4135
1945 6.2207
1946 0.7483
1947 1.4547
1948 0.0000
1949 6.6394
1950 7.2467
1951 1.7688
1952 4.5284
1953 -3.2530
1954 4.9901
1955 0.0000
1956 -4.0503
1957 5.7151
1958 -1.3914
1959 -0.8560
1960 2.8640
1961 -0.6230
1962 0.0000
1963 5.8203
1964 1.5439
1965 -0.7552
1966 6.6763
1967 10.2147
1968 2.4888
1969 0.0000
1970 -3.3837
1971 9.2395
1972 11.2330
1973 1.4817
1974 10.6288
1975 5.8330
1976 0.0000
1977 -1.9473
1978 6.2459
1979 -0.8114
1980 4.7097
1981 0.8041
1982 -2.0239
1983 0.0000
1984 -1.3254
1985 4.0184
1986 9.4366
1987 5.9136
1988 -0.1286
1989 10.3754
1990 0.0000
1991 -5.9676
1992 2.9969
1993 7.7709
1994 17.1299
1995 1.0382
1996 2.7704
1997 0.0000
1998 -0.5978
1999 2.3754
2000 3.7842
2001 -1.0175
2002 7.4327
2003 2.4013
2004 0.0000
2005 8.9636
2006 -3.5962
2007 -2.4275
2008 3.8956
2009 -1.2240
2010 2.3519
2011 0.0000
2012 -3.2864
2013 -5.3220
2014 0.0000
2015 2.5962
2016 -9.5024
2017 -2.4517
2018 -6.4907
2019 -3.0367
2020 -5.3885
2021 1.5284
2022 4.5285
2023 0.0000
2024 6.2578
2025 2.8168
2026 0.0000
2027 -4.9480
2028 0.0000
2029 -0.1711
2030 0.0000
2031 4.5236
2032 1.7051
2033 0.0000
2034 -4.7638
2035 4.9723
2036 0.0000
2037 8.9151
2038 -6.2075
2039 7.6619
2040 0.0000
2041 -1.2376
2042 4.9591
2043 0.0000
2044 4.4529
2045 6.0295
2046 -1.2723
2047 0.0000
2048 -2.2326
2049 4.4223
2050 0.0000
2051 0.5601
2052 -0.4857
2053 6.7836
2054 0.0000
2055 0.8187
2056 -3.9647
2057 0.0000
2058 -0.1285
2059 4.7106
2060 -0.7251
2061 0.0000
2062 -5.6531
2063 -1.6648
2064 0.0000
2065 5.8145
2066 4.6170
2067 3.8656
2068 0.0000
2069 1.5251
2070 -1.8635
2071 0.0000
2072 12.7976
2073 11.7023
2074 7.5781
2075 0.0000
2076 -1.3132
2077 3.0664
2078 0.0000
2079 9.1438
2080 -1.9468
2081 7.5422
2082 0.0000
2083 -0.1426
2084 5.2925
2085 0.0000
2086 7.1620
2087 -0.1166
2088 0.8561
2089 0.0000
2090 -3.4120
2091 -6.0031
2092 0.0000
2093 2.5071
2094 6.9094
2095 2.7708
2096 0.0000
2097 -0.6665
2098 -3.1314
2099 0.0000
2100 6.5367
2101 10.7421
2102 7.3022
2103 0.0000
2104 2.1858
2105 6.3565
2106 0.0000
2107 7.5531
2108 2.9697
2109 4.9747
2110 0.0000
2111 4.5705
2112 2.5912
2113 0.0000
2114 -0.2126
2115 5.2867
2116 9.2829
2117 0.0000
2118 0.0399
2119 3.5124
2120 0.0000
2121 5.8396
2122 7.5745
2123 9.5514
2124 0.0000
2125 2.5749
2126 3.7605
2127 0.0000
2128 4.0102
2129 8.5275
2130 5.5045
2131 0.0000
2132 2.2797
2133 3.4063
2134 0.0000
2135 1.1532
2136 5.9123
2137 4.7368
2138 0.0000
2139 1.1989
2140 9.0226
2141 0.0000
2142 4.3812
2143 13.7629
2144 -6.6721
2145 0.0000
2146 0.3565
2147 0.0000
2148 4.3482
2149 0.0000
2150 0.0034
2151 4.0108
2152 0.0000
2153 5.4756
2154 0.0000
2155 4.4311
2156 0.0000
2157 4.4672
2158 4.1330
2159 4.9363
2160 0.0000
2161 3.8957
2162 -5.1467
2163 5.2858
2164 0.0000
2165 -1.3761
2166 0.5828
2167 6.3751
2168 0.0000
2169 5.9208
2170 0.0000
2171 4.2245
2172 0.0000
2173 7.7235
2174 1.3197
2175 0.0000
2176 -1.5273
2177 0.0000
2178 9.9547
2179 0.3165
2180 6.8859
2181 3.2093
2182 8.4931
2183 3.5178
2184 8.4209
2185 1.4979
2186 -0.1447
2187 5.2580
2188 3.3330
2189 3.6375
2190 -0.1240
2191 -2.2072
2192 7.4598
2193 6.5339
2194 0.0000
2195 6.6714
2196 1.9979
2197 2.1185
2198 0.7168
2199 0.4181
2200 0.4619
2201 -8.1885
2202 2.5635
2203 0.0000
2204 6.8802
2205 3.9242
2206 -0.7003
2207 -0.8919
2208 7.1822
2209 3.6428
2210 0.0000
2211 1.2050
2212 16.4456
2213 -4.4389
2214 0.0000
2215 3.7969
2216 -2.4519
2217 2.2032
2218 7.9225
2219 -2.9462
2220 5.7722
2221 -1.7069
2222 4.0068
2223 0.0000
2224 5.7227
2225 -1.7168
2226 1.7580
2227 -6.3235
2228 5.9553
2229 3.4437
2230 0.0000
2231 1.2144
2232 3.7088
2233 -1.3306
2234 0.0000
2235 0.7017
2236 -3.3861
2237 6.1613
2238 11.1873
2239 -4.4118
2240 2.8415
2241 7.5374
2242 2.2897
2243 0.0000
2244 5.2513
2245 10.0174
2246 3.8605
2247 3.6039
2248 1.1722
2249 8.4563
2250 0.0000
2251 -5.9492
2252 12.9856
2253 4.6604
2254 0.0000
2255 2.0429
2256 -1.4598
2257 13.4701
2258 2.8764
2259 -1.2065
2260 0.3895
2261 4.4186
2262 -1.2254
2263 0.0000
2264 2.2572
2265 3.2444
2266 0.3408
2267 -0.8655
2268 -0.2063
2269 3.1935
2270 0.0000
2271 -1.9380
2272 1.4167
2273 1.7297
2274 3.5318
2275 2.3840
2276 2.2884
2277 13.0043
2278 -8.4127
2279 -1.5252
2280 -1.9280
2281 4.1341
2282 0.4616
2283 7.4143
2284 6.4213
2285 0.0000
2286 10.9828
2287 -3.5831
2288 6.8674
2289 4.9726
2290 -2.8913
2291 2.7062
2292 0.7258
2293 7.8976
2294 0.0000
2295 4.8255
2296 -3.5677
2297 3.8606
2298 4.2310
2299 3.3472
2300 4.8589
2301 0.0000
2302 -2.8311
2303 1.2120
2304 -0.5355
2305 0.0000
2306 8.3701
2307 -5.2938
2308 8.0518
2309 4.7203
2310 1.6359
2311 7.4981
2312 2.7939
2313 1.4612
2314 0.0000
2315 6.7528
2316 0.8726
2317 6.7919
2318 3.2342
2319 -0.1607
2320 14.8415
2321 0.0000
2322 1.0128
2323 5.4278
2324 3.4669
2325 0.0000
2326 7.8712
2327 -4.0438
2328 5.0883
2329 10.3811
2330 0.4113
2331 17.7530
2332 6.8255
2333 6.9637
2334 0.0000
2335 4.2669
2336 -2.1784
2337 9.0663
2338 -0.1421
2339 5.0760
2340 -2.5895
2341 0.0000
2342 -1.0762
2343 9.9356
2344 0.1586
2345 0.0000
2346 5.6991
2347 9.4573
2348 2.7290
2349 3.7523
2350 -1.2233
2351 6.1924
2352 7.1045
2353 1.3504
2354 0.0000
2355 5.4797
2356 10.9975
2357 5.5259
2358 -2.1946
2359 2.2380
2360 2.2677
2361 0.0000
2362 -2.9320
2363 4.5509
2364 10.3656
2365 -0.2089
2366 0.0998
2367 -1.9249
2368 4.2865
2369 6.7659
2370 4.7891
2371 10.1736
2372 -1.6514
2373 -0.8317
2374 9.9226
2375 -2.1787
2376 0.0000
2377 1.3477
2378 3.3715
2379 0.6035
2380 0.2194
2381 -3.4159
2382 1.7328
2383 -4.4688
2384 2.6553
2385 0.0000
2386 8.5648
2387 9.6424
2388 2.5875
2389 5.4763
2390 2.5177
2391 12.8252
2392 0.0000
2393 -5.1063
2394 4.4420
2395 8.2850
2396 0.0000
2397 -0.5554
2398 2.5459
2399 8.9560
2400 4.7274
2401 1.0576
2402 -2.9568
2403 6.7181
2404 6.7413
2405 0.0000
2406 6.1142
2407 11.1946
2408 3.4665
2409 5.0091
2410 6.0690
2411 3.4714
2412 0.0000
2413 -3.3590
2414 3.3307
2415 4.2104
2416 0.0000
2417 4.5204
2418 0.3987
2419 1.2548
2420 7.4647
2421 -1.1354
2422 9.0110
2423 -0.4422
2424 -0.8834
2425 0.0000
2426 0.3749
2427 2.6619
2428 7.6261
2429 6.4969
2430 6.8909
2431 4.6790
2432 0.0000
2433 7.6856
2434 3.5793
2435 2.0402
2436 0.0000
2437 6.3349
2438 -2.3965
2439 12.0557
2440 2.3502
2441 0.7014
2442 8.7382
2443 1.8400
2444 9.4673
2445 0.0000
2446 11.4498
2447 -2.0798
2448 -1.2820
2449 9.3575
2450 3.8184
2451 5.2388
2452 0.0000
2453 1.7202
2454 3.7946
2455 1.6386
2456 1.3253
2457 -0.4737
2458 5.7743
2459 16.4831
2460 7.3952
2461 3.7402
2462 -3.9911
2463 1.6150
2464 -3.8216
2465 3.8712
2466 8.2103
2467 0.0000
2468 0.4437
2469 -0.7746
2470 9.0741
2471 6.0338
2472 1.4995
2473 7.5823
2474 0.6604
2475 2.6499
2476 0.0000
2477 -0.0721
2478 2.7459
2479 8.3745
2480 3.0147
2481 1.9496
2482 1.7328
2483 0.0000
2484 7.1106
2485 5.3036
2486 2.0168
2487 0.0000
2488 5.5211
2489 -0.9024
2490 -0.2055
2491 -6.4102
2492 -7.2951
2493 11.1083
2494 4.3888
2495 1.8291
2496 0.0000
2497 2.1539
2498 5.0259
2499 6.0835
2500 2.8976
2501 3.0168
2502 10.1699
2503 0.0000
2504 1.5753
2505 6.3924
2506 3.1032
2507 0.0000
2508 2.1237
2509 3.8406
2510 1.5579
2511 -0.4493
2512 -6.7069
2513 9.8771
2514 3.6812
2515 6.9438
2516 0.0000
2517 0.4570
2518 2.6371
2519 12.0545
2520 9.0226
2521 7.4533
2522 -1.3721
2523 0.0000
2524 -1.6969
2525 5.7383
2526 9.3166
2527 0.0000
2528 5.3815
2529 4.0957
2530 5.3565
2531 5.9997
2532 -0.4241
2533 10.7142
2534 -3.6200
2535 5.2596
2536 0.0000
2537 -5.7464
2538 8.1727
2539 4.0293
2540 1.0979
2541 6.8661
2542 4.5838
2543 0.0000
2544 -6.0390
2545 0.0000
2546 7.7532
2547 0.0000
2548 3.8433
2549 5.4337
2550 0.8101
2551 5.7334
2552 13.6202
2553 11.5752
2554 9.2835
2555 -2.2503
2556 0.0000
2557 -4.0176
2558 10.0000
2559 10.4491
2560 2.5600
2561 2.1091
2562 8.2696
2563 0.0000
2564 -3.8469
2565 7.9716
2566 3.9650
2567 -1.4900
2568 4.1048
2569 -0.8986
2570 0.0000
2571 6.7041
2572 2.0046
2573 -2.3039
2574 8.3096
2575 -2.5672
2576 3.9277
2577 0.0000
2578 -2.8918
2579 9.7511
2580 4.0624
2581 7.6584
2582 7.6938
2583 -3.7401
2584 0.0000
2585 8.1267
2586 0.4653
2587 8.0931
2588 3.7953
2589 -1.7312
2590 -2.9769
2591 0.0000
2592 5.1274
2593 7.8331
2594 0.1874
2595 4.8605
2596 3.1844
2597 -2.6763
2598 0.0000
2599 2.4307
2600 3.9930
2601 6.1235
2602 10.3108
2603 3.0674
2604 -3.5740
2605 0.0000
2606 0.6006
2607 6.4350
2608 5.8897
2609 1.0057
2610 -1.5662
2611 0.1276
2612 0.0000
2613 -3.8526
2614 -3.5108
2615 3.4523
2616 0.8462
2617 -1.9659
2618 6.2494
2619 0.0000
2620 8.0206
2621 7.6387
2622 3.5359
2623 11.6863
2624 8.0254
2625 4.7335
2626 0.0000
2627 -9.0328
2628 11.2439
2629 0.5331
2630 4.2871
2631 7.0809
2632 6.2556
2633 0.0000
2634 2.7157
2635 4.2364
2636 0.4155
2637 -1.4344
2638 3.4234
2639 9.3289
2640 0.0000
2641 1.6714
2642 4.7421
2643 -0.0540
2644 4.9647
2645 6.3529
2646 5.7229
2647 0.0000
2648 -3.1552
2649 2.6185
2650 2.9761
2651 5.6056
2652 5.3667
2653 1.1218
2654 0.0000
2655 5.1503
2656 2.8882
2657 4.8119
2658 3.3497
2659 2.5023
2660 1.7040
2661 0.0000
2662 1.2484
2663 0.0000
2664 2.1939
2665 0.0000
2666 7.4835
2667 0.0000
2668 6.7334
2669 3.8668
2670 0.0000
2671 3.3190
2672 4.0264
2673 9.0003
2674 0.0061
2675 0.0000
2676 6.3888
2677 3.1211
2678 11.9541
2679 0.0000
2680 5.0553
2681 9.9054
2682 5.1269
2683 0.0000
2684 -3.3357
2685 -4.8627
2686 7.7196
2687 5.8630
2688 15.7104
2689 3.6320
2690 0.9256
2691 -0.5282
2692 5.9140
2693 0.0000
2694 1.2755
2695 -0.9204
2696 1.6642
2697 9.8546
2698 -9.5362
2699 -3.1003
2700 0.0000
2701 -1.0013
2702 6.4955
2703 2.7013
2704 3.3780
2705 4.6615
2706 3.2947
2707 0.0000
2708 1.1659
2709 4.7354
2710 12.5829
2711 2.6171
2712 0.8798
2713 -4.2316
2714 0.0000
2715 2.8243
2716 -2.1556
2717 4.8582
2718 4.4416
2719 6.3821
2720 0.0324
2721 0.0000
2722 8.6203
2723 0.1666
2724 3.1264
2725 1.7235
2726 0.6576
2727 6.8591
2728 0.0000
2729 5.3704
2730 5.6260
2731 4.6320
2732 -1.5347
2733 3.7231
2734 0.3850
2735 0.0000
2736 -0.9529
2737 5.6347
2738 7.7321
2739 0.2374
2740 -2.3875
2741 3.0009
2742 0.0000
2743 4.1242
2744 2.6855
2745 6.7972
2746 1.4244
2747 -2.0928
2748 1.8918
2749 0.0000
2750 -1.4265
2751 -1.6172
2752 0.6259
2753 7.7293
2754 7.8652
2755 2.7274
2756 0.0000
2757 -1.5290
2758 -3.2739
2759 0.5411
2760 -0.5911
2761 14.8354
2762 6.2110
2763 0.0000
2764 -3.8589
2765 1.5988
2766 -3.5664
2767 -3.7625
2768 2.0407
2769 5.8719
2770 0.0000
2771 -3.7100
2772 -3.6962
2773 0.0000
2774 9.6173
2775 2.1823
2776 0.6701
2777 -3.1838
2778 -4.5616
2779 6.5132
2780 0.9109
2781 0.9613
2782 0.0000
2783 4.8087
2784 3.8191
2785 0.0000
2786 -0.5370
2787 0.0000
2788 4.8971
2789 0.0000
2790 7.8699
2791 2.9148
2792 0.0000
2793 -1.4696
2794 4.8434
2795 0.0000
2796 2.5668
2797 1.9296
2798 0.6402
2799 0.0000
2800 0.3492
2801 4.4092
2802 0.0000
2803 -3.9078
2804 1.2537
2805 4.8878
2806 0.0000
2807 1.3086
2808 2.3085
2809 0.0000
2810 1.9218
2811 -1.0678
2812 6.8529
2813 0.0000
2814 1.8911
2815 4.4285
2816 0.0000
2817 10.6083
2818 4.9572
2819 1.2129
2820 0.0000
2821 7.2764
2822 7.5335
2823 0.0000
2824 6.2742
2825 11.0862
2826 2.1008
2827 0.0000
2828 1.3349
2829 1.7369
2830 0.0000
2831 5.0677
2832 8.4276
2833 -1.5109
2834 0.0000
2835 6.3851
2836 8.1582
2837 0.0000
2838 4.3559
2839 7.3389
2840 6.9448
2841 0.0000
2842 2.6100
2843 3.3577
2844 0.0000
2845 1.7829
2846 0.5807
2847 6.7072
2848 0.0000
2849 5.2489
2850 8.7679
2851 0.0000
2852 4.3502
2853 6.6940
2854 7.7371
2855 0.0000
2856 -5.7135
2857 4.1466
2858 0.0000
2859 2.4896
2860 8.6640
2861 1.6323
2862 0.0000
2863 0.8354
2864 10.9588
2865 0.0000
2866 16.0169
2867 4.9595
2868 8.4990
2869 0.0000
2870 -1.5825
2871 1.7075
2872 0.0000
2873 0.2889
2874 0.5527
2875 -1.8699
2876 0.0000
2877 -2.3257
2878 2.4911
2879 0.0000
2880 1.6087
2881 -1.2325
2882 1.5560
2883 0.0000
2884 8.9931
2885 6.9842
2886 0.0000
2887 0.5996
2888 -1.8319
2889 1.5931
2890 0.0000
2891 -2.9287
2892 5.0127
2893 0.0000
2894 -1.1727
2895 -9.8047
2896 9.5778
2897 0.0000
2898 2.5613
2899 6.6066
2900 0.0000
2901 4.1898
2902 8.0998
2903 -1.9181
2904 0.0000
2905 1.0610
2906 0.0000
2907 -1.7063
2908 0.0000
2909 1.2445
2910 0.1682
2911 0.0000
2912 5.0703
2913 0.0000
2914 -0.2077
2915 0.0000
2916 -1.7140
2917 4.2734
2918 0.1429
2919 0.0000
2920 5.2321
2921 -2.0604
2922 5.0565
2923 0.0000
2924 -2.6673
2925 1.8459
2926 6.2127
2927 0.0000
2928 0.5673
2929 0.0000
2930 11.9561
2931 0.0000
2932 9.4345
2933 7.6139
2934 0.0000
2935 5.5174
2936 0.0000
2937 10.5022
2938 3.4967
2939 0.5844
2940 -1.9361
2941 3.0382
2942 4.0245
2943 0.0199
2944 -5.5830
2945 5.3854
2946 3.1455
2947 -3.2628
2948 3.6608
2949 6.8334
2950 3.0627
2951 3.7916
2952 1.2697
2953 0.0000
2954 3.1392
2955 3.2565
2956 14.8442
2957 9.3073
2958 3.6539
2959 7.1795
2960 6.7573
2961 3.1008
2962 0.0000
2963 7.1300
2964 13.9903
2965 -2.7998
2966 1.4525
2967 -3.0021
2968 -0.2665
2969 0.0000
2970 2.3620
2971 9.9704
2972 6.5075
2973 0.0000
2974 1.3524
2975 15.5801
2976 11.2145
2977 4.5439
2978 3.8556
2979 -0.5455
2980 -2.4499
2981 14.5547
2982 0.0000
2983 1.6131
2984 1.6726
2985 11.1756
2986 3.1672
2987 -6.7044
2988 -1.1250
2989 0.0000
2990 3.2303
2991 4.8918
2992 3.3297
2993 0.0000
2994 6.4461
2995 -2.2585
2996 -3.0526
2997 -1.9090
2998 -0.3577
2999 6.2845
3000 0.9602
3001 -6.4659
3002 0.0000
3003 6.2889
3004 4.3487
3005 6.3054
3006 4.2315
3007 7.0305
3008 3.4380
3009 0.0000
3010 6.5932
3011 4.1660
3012 -1.9947
3013 0.0000
3014 9.6799
3015 -2.9023
3016 7.9231
3017 5.0232
3018 4.3131
3019 13.7304
3020 3.9678
3021 7.7088
3022 0.0000
3023 9.1305
3024 4.1209
3025 5.5235
3026 13.8074
3027 -6.8454
3028 3.2937
3029 0.0000
3030 1.2524
3031 1.1610
3032 6.5314
3033 2.7401
3034 -6.3500
3035 -2.0171
3036 11.3589
3037 6.4134
3038 -4.4269
3039 3.0199
3040 5.2062
3041 1.4018
3042 2.1339
3043 5.1791
3044 0.0000
3045 5.3988
3046 0.2180
3047 5.2878
3048 6.9900
3049 10.0443
3050 6.4489
3051 4.5783
3052 -0.8215
3053 0.0000
3054 12.0018
3055 10.8938
3056 6.0643
3057 3.1258
3058 4.4927
3059 5.5630
3060 0.0000
3061 -4.1934
3062 9.7063
3063 12.5579
3064 0.0000
3065 0.2846
3066 3.4949
3067 -0.2892
3068 -3.0656
3069 3.3614
3070 17.9419
3071 -2.4033
3072 -1.5370
3073 0.0000
3074 5.7314
3075 2.0409
3076 -0.7445
3077 11.1774
3078 -1.3787
3079 3.8513
3080 0.0000
3081 0.2073
3082 6.9933
3083 10.8417
3084 0.0000
3085 -1.6192
3086 3.3956
3087 -2.1565
3088 -3.6602
3089 4.2356
3090 -3.8252
3091 -4.9005
3092 0.8154
3093 0.0000
3094 14.6987
3095 10.5069
3096 2.4851
3097 3.4838
3098 3.8662
3099 3.6138
3100 0.0000
3101 -2.1700
3102 2.7946
3103 4.7318
3104 0.0000
3105 3.6927
3106 -5.6959
3107 4.0146
3108 3.2016
3109 -6.8607
3110 0.8476
3111 1.0017
3112 12.7166
3113 0.0000
3114 7.4403
3115 5.7590
3116 4.2888
3117 4.5151
3118 3.9144
3119 2.6577
3120 0.0000
3121 4.9604
3122 7.4742
3123 2.8144
3124 4.2216
3125 4.0965
3126 2.6484
3127 6.5148
3128 12.7504
3129 5.8451
3130 7.5484
3131 6.4346
3132 1.1318
3133 2.4962
3134 6.4126
3135 0.0000
3136 2.9631
3137 -0.7575
3138 1.9857
3139 10.8038
3140 -3.2436
3141 -2.4417
3142 -3.2148
3143 5.8884
3144 0.0000
3145 2.3734
3146 4.0518
3147 2.5139
3148 5.3645
3149 -1.3757
3150 -0.1352
3151 0.0000
3152 1.2718
3153 6.6559
3154 4.9875
3155 0.0000
3156 2.7367
3157 3.9946
3158 9.0130
3159 3.8357
3160 -1.9730
3161 -6.2585
3162 -0.7144
3163 2.7251
3164 0.0000
3165 6.9518
3166 2.7610
3167 -0.9362
3168 7.2609
3169 -1.0895
3170 8.3405
3171 0.0000
3172 -2.9101
3173 4.0935
3174 1.9385
3175 0.0000
3176 3.3268
3177 0.7855
3178 3.3591
3179 2.8018
3180 -3.0287
3181 -6.1053
3182 -1.1161
3183 7.4701
3184 0.0000
3185 13.0595
3186 -2.1774
3187 4.3065
3188 12.8947
3189 0.9822
3190 9.6728
3191 0.0000
3192 -0.5146
3193 8.3761
3194 12.0943
3195 0.0000
3196 4.3820
3197 5.6353
3198 0.2937
3199 5.9210
3200 -0.1486
3201 1.6410
3202 6.2540
3203 2.7293
3204 0.0000
3205 9.6543
3206 3.6220
3207 0.0793
3208 3.1930
3209 11.4639
3210 0.3000
3211 0.0000
3212 -3.3513
3213 4.8038
3214 2.5681
3215 5.4538
3216 -2.8103
3217 5.4621
3218 6.4304
3219 9.6656
3220 2.3186
3221 9.9699
3222 7.0084
3223 6.4964
3224 9.0653
3225 2.7787
3226 0.0000
3227 0.3088
3228 4.2621
3229 -3.5462
3230 1.7664
3231 5.5449
3232 9.7759
3233 10.5644
3234 9.3101
3235 0.0000
3236 1.9960
3237 7.5315
3238 7.1779
3239 -2.6647
3240 4.9301
3241 -1.0398
3242 0.0000
3243 5.8124
3244 5.5846
3245 6.3781
3246 0.0000
3247 8.5279
3248 0.1761
3249 6.1862
3250 1.0054
3251 -7.1804
3252 3.0458
3253 3.7943
3254 2.2055
3255 0.0000
3256 3.4669
3257 3.7968
3258 8.7728
3259 6.2086
3260 6.7374
3261 7.1610
3262 0.0000
3263 -2.7132
3264 -1.3320
3265 0.2641
3266 0.0000
3267 4.9460
3268 2.3932
3269 10.7560
3270 7.7351
3271 -1.5084
3272 -1.5249
3273 3.8139
3274 5.8575
3275 0.0000
3276 9.9441
3277 0.7521
3278 6.8125
3279 14.0292
3280 7.8431
3281 -2.0916
3282 0.0000
3283 -4.0826
3284 -0.3626
3285 -1.1226
3286 0.0000
3287 5.9559
3288 -5.5829
3289 3.3478
3290 1.5320
3291 -3.1918
3292 10.3056
3293 1.7418
3294 5.2061
3295 0.0000
3296 7.7436
3297 -2.2291
3298 2.5887
3299 3.8887
3300 -0.1315
3301 -2.4924
3302 0.0000
3303 1.1138
3304 0.0000
3305 2.4927
3306 0.0000
3307 14.0868
3308 -1.6210
3309 3.8235
3310 6.2340
3311 -2.2257
3312 7.7862
3313 -1.8558
3314 1.7222
3315 0.0000
3316 2.0264
3317 12.9627
3318 0.6472
3319 4.3166
3320 -0.2204
3321 0.3980
3322 0.0000
3323 1.9971
3324 0.9389
3325 7.3730
3326 6.7275
3327 1.1947
3328 -6.4105
3329 0.0000
3330 2.6098
3331 0.2615
3332 5.9578
3333 3.1952
3334 4.1406
3335 -2.2703
3336 0.0000
3337 -1.6374
3338 3.5392
3339 12.0789
3340 7.5630
3341 -0.4887
3342 1.5583
3343 0.0000
3344 2.0387
3345 1.1230
3346 0.3275
3347 8.9677
3348 -3.7954
3349 1.9981
3350 0.0000
3351 4.7359
3352 16.3799
3353 2.1060
3354 6.8633
3355 10.3631
3356 -4.0647
3357 0.0000
3358 0.6817
3359 3.4690
3360 4.4775
3361 6.2050
3362 2.2673
3363 2.5849
3364 0.0000
3365 4.7717
3366 5.6269
3367 9.7215
3368 4.6206
3369 8.9734
3370 12.3644
3371 0.0000
3372 4.2580
3373 0.8437
3374 7.3204
3375 0.9971
3376 -4.4435
3377 3.8516
3378 0.0000
3379 7.0214
3380 7.2478
3381 0.0359
3382 -0.8493
3383 12.3427
3384 2.4160
3385 0.0000
3386 7.5877
3387 5.1939
3388 7.8819
3389 2.0042
3390 2.7722
3391 7.8041
3392 0.0000
3393 6.4647
3394 3.6147
3395 0.2334
3396 3.8029
3397 13.4936
3398 10.2967
3399 0.0000
3400 1.9771
3401 4.6196
3402 7.0304
3403 -1.7894
3404 -4.5097
3405 5.1724
3406 0.0000
3407 4.5903
3408 6.7095
3409 1.3509
3410 1.6773
3411 4.7050
3412 5.7731
3413 0.0000
3414 0.5674
3415 9.4065
3416 5.0576
3417 4.1332
3418 1.6458
3419 5.7261
3420 0.0000
3421 -1.4702
3422 0.0000
3423 6.5378
3424 0.0000
3425 1.4386
3426 0.0000
3427 1.2261
3428 -2.9710
3429 0.0000
3430 3.5394
3431 5.8001
3432 4.0753
3433 3.5997
3434 0.0000
3435 3.8742
3436 5.8705
3437 -7.7328
3438 0.0000
3439 9.9579
3440 9.4699
3441 5.5340
3442 0.0000
3443 12.6986
3444 0.9641
3445 3.4655
3446 6.6138
3447 8.8950
3448 6.2780
3449 2.6342
3450 2.3075
3451 2.6846
3452 0.0000
3453 0.1594
3454 0.0944
3455 6.9463
3456 0.5730
3457 -1.8550
3458 6.4381
3459 0.0000
3460 1.5141
3461 -0.0552
3462 4.3083
3463 11.2491
3464 10.2902
3465 -6.0412
3466 0.0000
3467 3.3602
3468 5.3472
3469 9.3521
3470 1.4178
3471 0.9389
3472 -1.7720
3473 0.0000
3474 5.1047
3475 6.7421
3476 14.4724
3477 9.0509
3478 13.1285
3479 -0.2613
3480 0.0000
3481 2.7410
3482 8.3828
3483 -5.1459
3484 6.7693
3485 5.9717
3486 2.9708
3487 0.0000
3488 1.7806
3489 6.4595
3490 9.5537
3491 -1.4992
3492 3.7406
3493 -0.2348
3494 0.0000
3495 -4.3507
3496 6.7290
3497 3.8312
3498 -0.6281
3499 -6.6770
3500 -1.6452
3501 0.0000
3502 1.5181
3503 10.2823
3504 0.4748
3505 -4.9511
3506 3.3961
3507 1.8353
3508 0.0000
3509 6.2299
3510 2.0288
3511 1.1905
3512 7.1111
3513 6.9407
3514 8.5892
3515 0.0000
3516 -3.5346
3517 6.0941
3518 -0.0748
3519 -1.2993
3520 -0.5018
3521 7.4287
3522 0.0000
3523 1.0025
3524 9.0076
3525 2.3011
3526 8.5691
3527 5.3952
3528 -1.8856
3529 0.0000
3530 3.0813
3531 0.4522
3532 0.0000
3533 4.2155
3534 -1.0756
3535 0.0747
3536 -0.0465
3537 1.4487
3538 9.4172
3539 -0.9666
3540 -5.9987
3541 0.0000
3542 3.9106
3543 3.9021
3544 0.0000
3545 4.7444
3546 0.0000
3547 8.8114
3548 0.0000
3549 2.7233
3550 -1.0038
3551 0.0000
3552 -6.4597
3553 4.9328
3554 0.0000
3555 1.3329
3556 4.1793
3557 -1.4627
3558 0.0000
3559 2.9487
3560 18.0816
3561 0.0000
3562 7.9400
3563 -1.2302
3564 7.6524
3565 0.0000
3566 0.5398
3567 9.2112
3568 0.0000
3569 1.0133
3570 2.5388
3571 5.6677
3572 0.0000
3573 -1.3649
3574 14.9887
3575 0.0000
3576 6.5273
3577 5.7462
3578 2.2425
3579 0.0000
3580 1.5108
3581 5.1420
3582 0.0000
3583 7.1734
3584 0.9133
3585 7.4812
3586 0.0000
3587 -0.7181
3588 1.5068
3589 0.0000
3590 -6.3201
3591 2.5929
3592 3.4898
3593 0.0000
3594 3.1542
3595 6.6095
3596 0.0000
3597 0.0566
3598 0.8838
3599 9.5579
3600 0.0000
3601 -5.8777
3602 9.8167
3603 0.0000
3604 5.1229
3605 3.3270
3606 5.2929
3607 0.0000
3608 4.7948
3609 -0.7639
3610 0.0000
3611 5.2226
3612 4.6949
3613 10.8982
3614 0.0000
3615 1.9845
3616 7.4867
3617 0.0000
3618 4.0102
3619 8.4914
3620 1.8937
3621 0.0000
3622 1.1695
3623 8.9165
3624 0.0000
3625 0.0749
3626 3.1570
3627 6.6343
3628 0.0000
3629 -3.0273
3630 10.3478
3631 0.0000
3632 11.3375
3633 10.0095
3634 -1.2615
3635 0.0000
3636 4.8100
3637 4.2632
3638 0.0000
3639 2.5724
3640 6.2753
3641 6.8415
3642 0.0000
3643 -2.8403
3644 8.0494
3645 0.0000
3646 5.8402
3647 7.5572
3648 5.8810
3649 0.0000
3650 7.2252
3651 7.4350
3652 0.0000
3653 3.9470
3654 2.0654
3655 -1.9991
3656 0.0000
3657 0.8461
3658 5.6877
3659 0.0000
3660 -4.4123
3661 8.1962
3662 -0.4523
3663 0.0000
3664 0.5485
3665 0.0000
3666 0.7929
3667 0.0000
3668 -6.8333
3669 1.2922
3670 0.0000
3671 -4.2806
3672 0.0000
3673 1.4437
3674 0.0000
3675 6.9783
3676 7.7271
3677 5.6800
3678 0.0000
3679 5.6434
3680 1.6469
3681 0.0200
3682 0.0000
3683 1.0410
3684 -0.1953
3685 3.5429
3686 0.0000
3687 -4.5398
3688 0.0000
3689 6.1074
3690 0.0000
3691 2.2415
3692 4.6393
3693 0.0000
3694 -9.0210
3695 0.0000
3696 6.7226
3697 -7.2016
3698 1.4619
3699 1.7620
3700 4.3631
3701 8.1100
3702 3.5376
3703 11.1316
3704 8.2023
3705 10.1658
3706 3.3744
3707 -1.9039
3708 2.1782
3709 -0.9421
3710 3.0521
3711 -1.5133
3712 0.0000
3713 -0.5153
3714 4.2975
3715 8.3099
3716 5.6278
3717 7.0584
3718 -3.7872
3719 7.6381
3720 9.6659
3721 0.0000
3722 9.3605
3723 15.1327
3724 3.9305
3725 6.8909
3726 -1.3299
3727 1.6821
3728 0.0000
3729 3.7051
3730 -2.2751
3731 2.2321
3732 0.0000
3733 11.0005
3734 -4.2687
3735 2.6596
3736 6.9807
3737 3.3980
3738 7.2338
3739 1.2544
3740 10.3209
3741 0.0000
3742 5.2093
3743 12.8477
3744 1.4658
3745 1.7381
3746 2.8108
3747 4.5786
3748 0.0000
3749 8.9173
3750 4.3857
3751 6.5025
3752 0.0000
3753 -4.6690
3754 -1.1156
3755 2.9660
3756 2.8504
3757 1.5314
3758 12.1426
3759 7.4572
3760 5.3631
3761 0.0000
3762 5.0652
3763 -0.3331
3764 1.5635
3765 4.4076
3766 -0.4417
3767 7.0849
3768 0.0000
3769 6.9823
3770 2.4014
3771 0.0211
3772 0.0000
3773 -1.3643
3774 3.8784
3775 -0.2970
3776 1.9688
3777 0.8457
3778 5.7645
3779 2.7610
3780 4.5246
3781 0.0000
3782 4.5334
3783 7.1095
3784 2.6831
3785 7.0594
3786 14.2338
3787 2.4570
3788 0.0000
3789 0.3653
3790 5.8234
3791 6.4807
3792 6.1131
3793 0.2177
3794 1.4760
3795 3.8011
3796 0.9576
3797 3.1048
3798 11.4017
3799 0.5645
3800 5.6468
3801 -2.9057
3802 -1.7796
3803 0.0000
3804 3.0394
3805 2.7450
3806 5.5760
3807 1.2177
3808 2.5564
3809 -0.6173
3810 3.0528
3811 0.4295
3812 0.0000
3813 8.1072
3814 4.2714
3815 2.5944
3816 -0.5330
3817 -3.4379
3818 2.4742
3819 0.0000
3820 -1.6960
3821 14.8252
3822 2.0588
3823 0.0000
3824 6.1390
3825 1.7075
3826 3.3315
3827 5.2553
3828 -2.3601
3829 -4.6624
3830 4.9672
3831 -0.4964
3832 0.0000
3833 -2.6142
3834 4.1058
3835 3.7812
3836 0.7841
3837 7.3652
3838 3.5128
3839 0.0000
3840 2.3365
3841 0.4844
3842 2.1326
3843 0.0000
3844 10.2961
3845 -0.9545
3846 2.9912
3847 4.6736
3848 -5.7441
3849 -2.4053
3850 -3.5538
3851 7.0477
3852 0.0000
3853 7.0215
3854 4.7193
3855 5.4891
3856 8.5376
3857 8.5437
3858 -0.1565
3859 0.0000
3860 2.6446
3861 3.6180
3862 2.5643
3863 0.0000
3864 8.9342
3865 -3.0704
3866 5.7789
3867 7.7697
3868 -4.6917
3869 9.7159
3870 7.8996
3871 12.1940
3872 0.0000
3873 4.5083
3874 2.8899
3875 8.8684
3876 -4.6007
3877 3.0556
3878 10.1868
3879 0.0000
3880 11.2442
3881 2.5858
3882 2.0332
3883 3.2854
3884 6.7663
3885 1.2862
3886 6.8622
3887 2.9475
3888 4.7269
3889 -1.9242
3890 4.4787
3891 5.9711
3892 0.2648
3893 -2.0142
3894 0.0000
3895 5.4189
3896 1.5102
3897 6.7849
3898 -3.2817
3899 7.1164
3900 1.7754
3901 0.7558
3902 3.5787
3903 0.0000
3904 11.1105
3905 0.4573
3906 5.2484
3907 -0.9903
3908 7.1538
3909 2.4328
3910 0.0000
3911 -1.2849
3912 -4.0393
3913 9.4472
3914 0.0000
3915 1.2410
3916 5.0884
3917 10.9063
3918 -2.2720
3919 1.7919
3920 17.0622
3921 3.9828
3922 11.6528
3923 0.0000
3924 0.2098
3925 1.1440
3926 1.7041
3927 6.5229
3928 -1.4513
3929 0.5430
3930 0.0000
3931 3.4937
3932 12.2370
3933 0.5257
3934 0.0000
3935 5.9184
3936 5.9685
3937 5.8153
3938 2.1080
3939 2.7389
3940 1.4391
3941 -2.0591
3942 -0.6944
3943 0.0000
3944 11.1774
3945 5.5484
3946 5.5642
3947 4.4839
3948 -5.0805
3949 3.3139
3950 0.0000
3951 0.3933
3952 6.2153
3953 -0.5353
3954 0.0000
3955 -6.3223
3956 0.4267
3957 4.3031
3958 -1.5619
3959 -0.3843
3960 -3.5354
3961 2.5212
3962 5.5186
3963 0.0000
3964 3.6167
3965 3.9339
3966 3.9538
3967 0.6283
3968 0.2543
3969 8.0514
3970 0.0000
3971 -2.3499
3972 8.0971
3973 0.7907
3974 4.7964
3975 7.1930
3976 2.7257
3977 0.4437
3978 6.0237
3979 1.3606
3980 -3.3072
3981 6.3221
3982 -3.1088
3983 -4.3056
3984 8.9119
3985 0.0000
3986 1.6594
3987 2.8218
3988 5.8049
3989 3.9983
3990 2.4195
3991 14.6273
3992 6.3495
3993 4.6717
3994 0.0000
3995 3.5851
3996 3.9557
3997 -0.0784
3998 2.7363
3999 8.0737
4000 -1.7023
4001 0.0000
4002 -2.7201
4003 6.6887
4004 10.7939
4005 0.0000
4006 -2.5824
4007 -1.8966
4008 1.4147
4009 5.9453
4010 6.0273
4011 11.8105
4012 7.5553
4013 6.8862
4014 0.0000
4015 10.7456
4016 11.3530
4017 7.2859
4018 1.9464
4019 8.5300
4020 7.4867
4021 0.0000
4022 3.5760
4023 3.3442
4024 13.4922
4025 0.0000
4026 4.0597
4027 6.5250
4028 8.5839
4029 15.3187
4030 -1.0366
4031 -1.4285
4032 4.0093
4033 4.2456
4034 0.0000
4035 8.9915
4036 7.0395
4037 3.0827
4038 11.6329
4039 6.2661
4040 0.3234
4041 0.0000
4042 -5.1166
4043 9.3725
4044 -4.8486
4045 0.0000
4046 -2.6045
4047 1.7653
4048 -0.8981
4049 3.8899
4050 0.9916
4051 4.3802
4052 -0.7633
4053 -3.4430
4054 0.0000
4055 -0.7784
4056 6.6655
4057 4.4776
4058 6.1232
4059 2.1041
4060 1.4319
4061 0.0000
4062 -7.1539
4063 0.0000
4064 3.9377
4065 0.0000
4066 1.1687
4067 -3.3541
4068 5.3525
4069 -2.8942
4070 3.8210
4071 2.5331
4072 10.8404
4073 1.1921
4074 0.0000
4075 -4.7173
4076 7.9950
4077 2.3580
4078 -0.0345
4079 5.4118
4080 -3.2857
4081 0.0000
4082 1.7566
4083 2.0415
4084 -4.2776
4085 -0.1304
4086 -4.0118
4087 8.7454
4088 0.0000
4089 0.1052
4090 -1.3065
4091 7.7502
4092 0.7371
4093 6.8383
4094 4.5727
4095 0.0000
4096 -1.2251
4097 4.0300
4098 0.9821
4099 5.7231
4100 6.9083
4101 2.0930
4102 0.0000
4103 0.4795
4104 -4.7490
4105 14.0320
4106 2.4590
4107 -3.6075
4108 6.1412
4109 0.0000
4110 -3.0388
4111 6.4559
4112 1.3420
4113 5.3861
4114 0.7844
4115 1.2253
4116 0.0000
4117 -8.8434
4118 7.8278
4119 13.5491
4120 6.7109
4121 3.6369
4122 3.1752
4123 0.0000
4124 -0.7995
4125 -0.0306
4126 4.7479
4127 1.2953
4128 4.4065
4129 7.8496
4130 0.0000
4131 4.1802
4132 9.9663
4133 6.1245
4134 2.6232
4135 6.8478
4136 -0.7932
4137 0.0000
4138 2.0788
4139 0.4658
4140 6.6631
4141 10.5737
4142 7.4061
4143 0.1144
4144 0.0000
4145 -0.4883
4146 -1.3188
4147 1.0172
4148 -2.6323
4149 5.3686
4150 7.4194
4151 0.0000
4152 -4.1198
4153 0.4448
4154 6.4444
4155 -1.6236
4156 1.5790
4157 2.6185
4158 0.0000
4159 0.8890
4160 7.4023
4161 6.8408
4162 1.8662
4163 6.4482
4164 4.0047
4165 0.0000
4166 -10.5188
4167 9.8794
4168 -2.3203
4169 4.0927
4170 13.6911
4171 3.2091
4172 0.0000
4173 6.8910
4174 -0.5450
4175 3.1869
4176 -2.2805
4177 0.5240
4178 7.7074
4179 0.0000
4180 -2.5615
4181 0.0000
4182 -0.8680
4183 0.0000
4184 11.7715
4185 0.0000
4186 -0.0721
4187 8.4375
4188 0.0000
4189 -3.1988
4190 -4.6658
4191 4.3749
4192 2.9817
4193 0.0000
4194 4.5683
4195 8.6367
4196 4.8412
4197 0.0000
4198 0.6641
4199 5.8263
4200 -0.4033
4201 0.0000
4202 2.4645
4203 -0.3383
4204 2.4462
4205 2.7997
4206 -0.5374
4207 1.8705
4208 0.8496
4209 -3.4454
4210 1.4479
4211 0.0000
4212 5.2687
4213 6.2270
4214 3.8594
4215 4.0659
4216 -6.3362
4217 0.9320
4218 0.0000
4219 1.1076
4220 3.2470
4221 2.4802
4222 10.3291
4223 2.5935
4224 1.6509
4225 0.0000
4226 7.1903
4227 10.0134
4228 11.8009
4229 2.1445
4230 2.3527
4231 -0.8002
4232 0.0000
4233 1.2024
4234 1.1862
4235 8.5729
4236 4.3187
4237 0.4637
4238 2.3390
4239 0.0000
4240 -2.0967
4241 2.4132
4242 6.4061
4243 9.3432
4244 10.8235
4245 2.3710
4246 0.0000
4247 -1.3846
4248 7.1494
4249 1.9657
4250 -0.5600
4251 4.7358
4252 3.3894
4253 0.0000
4254 -3.0626
4255 14.3403
4256 2.0681
4257 2.9235
4258 -0.5458
4259 1.2943
4260 0.0000
4261 7.0754
4262 9.2793
4263 2.9949
4264 7.1919
4265 4.1447
4266 3.7505
4267 0.0000
4268 6.1139
4269 7.2180
4270 3.8955
4271 3.9188
4272 3.2724
4273 -1.2668
4274 0.0000
4275 1.8747
4276 1.9399
4277 5.7227
4278 5.5878
4279 3.9402
4280 5.5998
4281 0.0000
4282 2.6310
4283 -2.9646
4284 7.9397
4285 6.3183
4286 4.7238
4287 13.5277
4288 0.0000
4289 -3.0692
4290 4.8417
4291 0.0000
4292 5.3753
4293 -3.1385
4294 5.5046
4295 -1.4941
4296 3.3250
4297 0.8571
4298 3.7711
4299 9.1542
4300 0.0000
4301 3.0420
4302 -0.1565
4303 0.0000
4304 8.5661
4305 0.0000
4306 -8.9253
4307 0.0000
4308 10.4554
4309 2.6514
4310 0.0000
4311 -0.2488
4312 -1.4691
4313 0.0000
4314 0.4568
4315 1.8431
4316 7.9820
4317 0.0000
4318 0.6732
4319 9.0383
4320 0.0000
4321 2.9999
4322 9.5707
4323 3.9020
4324 0.0000
4325 2.6874
4326 -3.6694
4327 0.0000
4328 5.8035
4329 6.4238
4330 12.7214
4331 0.0000
4332 -1.0936
4333 10.1960
4334 0.0000
4335 3.4810
4336 6.9105
4337 4.1476
4338 0.0000
4339 -1.2773
4340 2.0998
4341 0.0000
4342 -0.7962
4343 3.9180
4344 6.7431
4345 0.0000
4346 2.3245
4347 11.1654
4348 0.0000
4349 8.0868
4350 3.0633
4351 12.5536
4352 0.0000
4353 -1.8311
4354 -2.2247
4355 0.0000
4356 0.8118
4357 -0.4559
4358 -0.0495
4359 0.0000
4360 1.3810
4361 10.4260
4362 0.0000
4363 4.6529
4364 -2.7038
4365 8.1580
4366 0.0000
4367 -0.0853
4368 4.4996
4369 0.0000
4370 -1.0145
4371 5.8557
4372 -3.3554
4373 0.0000
4374 -3.7658
4375 6.5081
4376 0.0000
4377 8.0548
4378 3.9832
4379 7.3836
4380 0.0000
4381 4.4282
4382 11.0470
4383 0.0000
4384 0.0716
4385 1.6983
4386 7.6228
4387 0.0000
4388 0.2436
4389 -7.6754
4390 0.0000
4391 0.8624
4392 4.7733
4393 -4.6753
4394 0.0000
4395 5.5750
4396 3.6105
4397 0.0000
4398 1.8193
4399 -12.7656
4400 2.6592
4401 0.0000
4402 2.8506
4403 3.3137
4404 0.0000
4405 7.9135
4406 5.8710
4407 6.2335
4408 0.0000
4409 -2.6279
4410 6.4863
4411 0.0000
4412 5.5855
4413 5.8481
4414 7.0037
4415 0.0000
4416 -4.2209
4417 7.6864
4418 0.0000
4419 7.2076
4420 -1.4810
4421 3.8539
4422 0.0000
4423 -3.0965
4424 0.0000
4425 0.5509
4426 0.0000
4427 -2.8257
4428 12.1875
4429 0.0000
4430 8.6122
4431 0.0000
4432 5.7421
4433 0.0000
4434 1.1824
4435 1.6700
4436 1.4380
4437 0.0000
4438 4.5169
4439 3.0971
4440 3.2826
4441 0.0000
4442 7.3827
4443 7.4330
4444 5.5197
4445 0.0000
4446 3.8418
4447 0.0000
4448 -4.8581
4449 0.0000
4450 6.8878
4451 0.4761
4452 0.0000
4453 3.0786
4454 0.0000
4455 0.9710
4456 1.6053
4457 4.3448
4458 -2.6833
4459 2.9210
4460 2.2428
4461 -2.5219
4462 5.3896
4463 -0.3489
4464 1.6434
4465 6.8468
4466 1.7516
4467 -0.9986
4468 1.5299
4469 -2.7827
4470 -0.5207
4471 0.0000
4472 5.1096
4473 -1.9590
4474 -0.2450
4475 1.9117
4476 -1.7448
4477 14.5707
4478 5.1017
4479 -5.3336
4480 0.0000
4481 5.1412
4482 7.7836
4483 -1.6794
4484 6.6846
4485 2.4517
4486 0.8674
4487 0.0000
4488 -2.4536
4489 0.8217
4490 8.4118
4491 0.0000
4492 0.1695
4493 7.4817
4494 5.8596
4495 0.3950
4496 -3.1497
4497 -3.4270
4498 -1.2038
4499 14.6197
4500 0.0000
4501 1.9864
4502 14.3569
4503 9.4624
4504 5.1260
4505 6.8062
4506 11.0155
4507 0.0000
4508 -0.6282
4509 8.0336
4510 -0.2707
4511 0.0000
4512 5.8211
4513 -1.8905
4514 4.6253
4515 -2.9688
4516 -1.1839
4517 0.6441
4518 6.8910
4519 -4.1086
4520 0.0000
4521 2.1931
4522 -6.4629
4523 13.8659
4524 5.6165
4525 6.0426
4526 3.4454
4527 0.0000
4528 -2.4066
4529 5.3708
4530 -0.7243
4531 0.0000
4532 8.9795
4533 3.8132
4534 4.7150
4535 2.1436
4536 0.3067
4537 1.9546
4538 -1.8883
4539 7.1955
4540 0.0000
4541 1.2849
4542 -3.5225
4543 6.5412
4544 5.5991
4545 -1.5160
4546 2.0840
4547 0.0000
4548 3.2906
4549 6.0518
4550 2.1288
4551 5.9680
4552 5.7143
4553 3.9968
4554 3.3454
4555 6.7323
4556 4.1352
4557 2.3183
4558 5.0421
4559 6.8571
4560 -0.3283
4561 0.5440
4562 0.0000
4563 6.0239
4564 -2.0881
4565 0.1149
4566 2.6985
4567 -4.5567
4568 -0.9091
4569 -5.7707
4570 5.6017
4571 0.0000
4572 6.7040
4573 3.8991
4574 -1.3137
4575 8.6784
4576 -4.3369
4577 6.7810
4578 0.0000
4579 -4.3116
4580 -0.6412
4581 9.3503
4582 0.0000
4583 1.0475
4584 0.7664
4585 6.7224
4586 4.4165
4587 -6.9034
4588 11.9264
4589 7.0105
4590 5.9475
4591 0.0000
4592 16.0224
4593 5.5054
4594 3.4855
4595 4.6946
4596 7.3027
4597 4.4977
4598 0.0000
4599 -0.3057
4600 7.6230
4601 11.7440
4602 0.0000
4603 10.9971
4604 6.2312
4605 1.6141
4606 0.2953
4607 14.5495
4608 3.9958
4609 8.1958
4610 8.1588
4611 0.0000
4612 8.4011
4613 0.3980
4614 1.7337
4615 8.5548
4616 -3.7138
4617 6.5872
4618 0.0000
4619 3.0022
4620 5.7751
4621 9.0029
4622 0.0000
4623 -2.6745
4624 -1.6739
4625 -1.9210
4626 3.8531
4627 -0.2131
4628 -1.3666
4629 1.0036
4630 -2.6686
4631 0.0000
4632 10.9210
4633 2.5469
4634 -0.8310
4635 3.4231
4636 1.7187
4637 3.4056
4638 0.0000
4639 0.9406
4640 0.3365
4641 -0.4404
4642 -1.7966
4643 1.4273
4644 1.8742
4645 1.9080
4646 1.5755
4647 4.9156
4648 4.8204
4649 1.0849
4650 3.4966
4651 -1.5579
4652 0.9089
4653 0.0000
4654 5.9026
4655 -9.0598
4656 -3.0449
4657 -3.6062
4658 0.6817
4659 -1.2297
4660 -3.7286
4661 4.0449
4662 0.0000
4663 4.9410
4664 4.3327
4665 0.9266
4666 1.2518
4667 3.3902
4668 6.3677
4669 0.0000
4670 6.2795
4671 -2.1753
4672 4.4001
4673 0.0000
4674 -2.0076
4675 0.8098
4676 5.6477
4677 1.3314
4678 5.3218
4679 -2.4036
4680 -0.0049
4681 2.8389
4682 0.0000
4683 3.7553
4684 1.1092
4685 -5.6730
4686 4.4312
4687 7.4129
4688 7.6408
4689 0.0000
4690 -4.9983
4691 -0.0657
4692 4.0234
4693 0.0000
4694 4.4698
4695 -0.9539
4696 2.9820
4697 9.5423
4698 -2.1592
4699 2.0046
4700 0.7834
4701 1.1886
4702 0.0000
4703 11.7373
4704 7.1555
4705 -2.3704
4706 -1.3652
4707 3.7184
4708 2.9862
4709 0.0000
4710 2.4340
4711 -1.5035
4712 2.0303
4713 0.0000
4714 7.8785
4715 -1.4734
4716 3.6865
4717 4.2936
4718 5.4528
4719 7.4615
4720 0.6954
4721 0.1576
4722 0.0000
4723 -0.3927
4724 -0.7454
4725 2.9007
4726 1.3767
4727 -2.8540
4728 0.2627
4729 0.0000
4730 3.8520
4731 4.1523
4732 -1.9250
4733 6.1630
4734 7.5101
4735 6.9468
4736 6.9523
4737 0.4235
4738 4.7041
4739 5.4792
4740 5.0959
4741 4.1306
4742 1.6977
4743 11.1056
4744 0.0000
4745 2.0831
4746 -2.0813
4747 9.9843
4748 4.2451
4749 1.7813
4750 -7.3928
4751 -0.2550
4752 8.5664
4753 0.0000
4754 7.0032
4755 0.7212
4756 6.3208
4757 7.8943
4758 8.2170
4759 4.0055
4760 0.0000
4761 1.6600
4762 7.5725
4763 -1.6803
4764 0.0000
4765 -0.7466
4766 -0.7956
4767 4.5932
4768 4.7415
4769 -3.3768
4770 -2.1264
4771 0.0696
4772 10.1284
4773 0.0000
4774 11.1402
4775 -0.9052
4776 15.7475
4777 0.9029
4778 2.5102
4779 4.5445
4780 0.0000
4781 -2.3256
4782 2.2969
4783 6.5478
4784 0.0000
4785 1.8969
4786 0.7044
4787 6.4007
4788 0.8318
4789 -1.7098
4790 5.9388
4791 6.6465
4792 -3.8608
4793 0.0000
4794 4.2190
4795 5.6757
4796 2.4843
4797 4.7786
4798 5.8987
4799 9.3084
4800 0.0000
4801 -4.6021
4802 1.7678
4803 8.7155
4804 0.0000
4805 7.3447
4806 -3.5519
4807 6.1613
4808 2.1574
4809 -2.0551
4810 6.3369
4811 13.7892
4812 7.9940
4813 0.0000
4814 2.9568
4815 -0.1566
4816 4.0943
4817 2.7812
4818 -0.9229
4819 -1.2728
4820 0.0000
4821 3.1442
4822 0.0000
4823 8.9745
4824 0.0000
4825 6.8272
4826 -1.0326
4827 1.1146
4828 2.9283
4829 5.5668
4830 2.2361
4831 -4.5075
4832 -1.3272
4833 0.0000
4834 1.5583
4835 7.3821
4836 2.8303
4837 4.9130
4838 1.5022
4839 2.7942
4840 0.0000
4841 -1.8991
4842 7.1193
4843 3.3960
4844 0.7146
4845 6.1436
4846 5.0238
4847 0.0000
4848 -0.5767
4849 4.6957
4850 2.2624
4851 -2.8254
4852 5.4580
4853 9.4394
4854 0.0000
4855 -3.5437
4856 3.8151
4857 4.5969
4858 10.9448
4859 5.3557
4860 -1.1030
4861 0.0000
4862 -0.1436
4863 3.9372
4864 13.8063
4865 -5.9647
4866 0.5394
4867 3.2259
4868 0.0000
4869 -0.9239
4870 16.6409
4871 4.6777
4872 4.7847
4873 10.6982
4874 -3.6599
4875 0.0000
4876 -0.0641
4877 4.6636
4878 4.4289
4879 6.6977
4880 -3.7233
4881 -3.0136
4882 0.0000
4883 0.1163
4884 -0.3486
4885 -0.1520
4886 5.5431
4887 2.3876
4888 5.5608
4889 0.0000
4890 -3.1104
4891 -2.3116
4892 2.7651
4893 3.3795
4894 4.5484
4895 4.0385
4896 0.0000
4897 0.4362
4898 -3.9529
4899 1.7024
4900 6.4849
4901 6.3301
4902 7.3543
4903 0.0000
4904 0.4364
4905 10.9458
4906 1.3657
4907 4.0695
4908 3.4984
4909 -0.0588
4910 0.0000
4911 -1.5965
4912 5.9827
4913 1.5026
4914 7.5276
4915 3.5339
4916 3.8142
4917 0.0000
4918 -1.2270
4919 4.2136
4920 4.5560
4921 1.0439
4922 1.6316
4923 3.3284
4924 0.0000
4925 -1.1863
4926 -5.6705
4927 5.5014
4928 8.8180
4929 4.6502
4930 6.1859
4931 0.0000
4932 -0.7580
4933 9.2188
4934 5.7942
4935 7.7009
4936 4.0444
4937 -0.8777
4938 0.0000
4939 -0.4508
4940 0.0000
4941 7.9111
4942 0.0000
4943 1.3694
4944 0.0000
4945 -2.8171
4946 -0.2906
4947 0.0000
4948 3.9998
4949 -1.3153
4950 -0.3320
4951 5.6348
4952 0.0000
4953 10.0544
4954 2.5024
4955 10.2692
4956 0.0000
4957 5.7871
4958 6.3654
4959 -0.6708
4960 0.0000
4961 5.6792
4962 4.8699
4963 5.1621
4964 7.4890
4965 -0.3996
4966 4.7949
4967 3.7978
4968 2.2904
4969 3.6995
4970 0.0000
4971 -2.7496
4972 0.4893
4973 7.4303
4974 4.3762
4975 1.5693
4976 -2.7555
4977 0.0000
4978 1.7373
4979 7.0190
4980 1.5758
4981 3.9547
4982 11.3333
4983 8.8802
4984 0.0000
4985 -3.8289
4986 -1.4246
4987 5.4569
4988 3.0628
4989 2.6121
4990 3.0609
4991 0.0000
4992 4.8052
4993 4.1711
4994 -4.1731
4995 8.6104
4996 10.6000
4997 8.8456
4998 0.0000
4999 -3.9181
5000 5.3598
5001 11.7267
5002 4.3856
5003 3.6247
5004 5.2100
5005 0.0000
5006 5.6652
5007 2.1315
5008 8.2400
5009 2.6705
5010 8.2887
5011 -0.6699
5012 0.0000
5013 11.2777
5014 1.4688
5015 5.4655
5016 -0.8278
5017 3.9525
5018 -0.5841
5019 0.0000
5020 2.1482
5021 5.0776
5022 5.5361
5023 -1.6687
5024 3.4827
5025 2.5115
5026 0.0000
5027 1.6153
5028 7.5334
5029 4.0063
5030 6.6169
5031 3.3086
5032 0.7493
5033 0.0000
5034 -3.1220
5035 0.0156
5036 11.7333
5037 4.5041
5038 3.7727
5039 -5.9856
5040 0.0000
5041 7.8185
5042 7.9244
5043 6.4938
5044 8.1232
5045 1.5371
5046 1.9914
5047 0.0000
5048 0.8494
5049 3.0470
5050 0.0000
5051 3.3890
5052 1.7363
5053 -2.4182
5054 3.0291
5055 1.2216
5056 6.6533
5057 2.0649
5058 -2.7784
5059 0.0000
5060 5.4038
5061 -3.6025
5062 0.0000
5063 2.0681
5064 0.0000
5065 -4.9265
5066 0.0000
5067 5.5271
5068 6.1411
5069 0.0000
5070 3.6949
5071 5.0144
5072 0.0000
5073 3.2060
5074 2.1769
5075 3.7918
5076 0.0000
5077 -0.1623
5078 2.0265
5079 0.0000
5080 0.3859
5081 10.3805
5082 -0.6491
5083 0.0000
5084 -6.9366
5085 0.3034
5086 0.0000
5087 -2.9363
5088 2.7304
5089 -0.1107
5090 0.0000
5091 5.4773
5092 6.4867
5093 0.0000
5094 4.9082
5095 5.4585
5096 3.6406
5097 0.0000
5098 2.4591
5099 3.9020
5100 0.0000
5101 -4.1020
5102 -3.8611
5103 -1.8826
5104 0.0000
5105 4.9620
5106 0.6245
5107 0.0000
5108 -0.2605
5109 7.3038
5110 7.9600
5111 0.0000
5112 2.7898
5113 3.3230
5114 0.0000
5115 6.1777
5116 6.6035
5117 4.3694
5118 0.0000
5119 -1.0347
5120 -5.2807
5121 0.0000
5122 7.5945
5123 9.1262
5124 4.7622
5125 0.0000
5126 -3.0612
5127 7.3919
5128 0.0000
5129 2.9474
5130 6.4352
5131 6.9770
5132 0.0000
5133 -8.2281
5134 1.2870
5135 0.0000
5136 10.0767
5137 9.6199
5138 3.7359
5139 0.0000
5140 -4.8067
5141 6.7769
5142 0.0000
5143 8.1887
5144 -0.6122
5145 7.0428
5146 0.0000
5147 11.7563
5148 -2.6643
5149 0.0000
5150 3.9929
5151 -6.5767
5152 0.2994
5153 0.0000
5154 -0.3237
5155 8.8162
5156 0.0000
5157 10.3313
5158 2.7210
5159 -3.7522
5160 0.0000
5161 1.3863
5162 -0.7511
5163 0.0000
5164 14.4034
5165 10.2682
5166 8.1508
5167 0.0000
5168 -5.9401
5169 9.1593
5170 0.0000
5171 -2.5314
5172 -1.4697
5173 6.8825
5174 0.0000
5175 -1.3828
5176 4.7712
5177 0.0000
5178 -3.5386
5179 -2.3973
5180 1.3622
5181 0.0000
5182 5.6629
5183 0.0000
5184 -2.7238
5185 0.0000
5186 -3.5497
5187 -0.7400
5188 0.0000
5189 2.7226
5190 0.0000
5191 2.3153
5192 0.0000
5193 13.6940
5194 2.1451
5195 1.7656
5196 0.0000
5197 -4.3302
5198 -1.2196
5199 1.6572
5200 0.0000
5201 7.7003
5202 -4.3413
5203 1.8210
5204 0.0000
5205 -6.7198
5206 0.0000
5207 4.4278
5208 0.0000
5209 0.0370
5210 5.5644
5211 0.0000
5212 4.4467
5213 0.0000
5214 6.7463
5215 -3.0448
5216 8.8582
5217 7.8042
5218 3.1588
5219 2.1980
5220 -2.0950
5221 5.6281
5222 4.4447
5223 8.9352
5224 8.1200
5225 6.7149
5226 6.1591
5227 3.0523
5228 0.1214
5229 -4.6423
5230 0.0000
5231 2.8136
5232 6.1795
5233 8.1772
5234 0.8845
5235 1.4909
5236 4.2088
5237 5.8346
5238 -0.8854
5239 0.0000
5240 -0.1093
5241 4.4271
5242 1.4184
5243 4.4641
5244 1.1055
5245 0.7377
5246 0.0000
5247 5.1579
5248 -1.6174
5249 11.6119
5250 0.0000
5251 5.3752
5252 -3.3718
5253 8.1119
5254 8.3935
5255 -5.6694
5256 0.8033
5257 0.4682
5258 0.9857
5259 0.0000
5260 2.1785
5261 12.4656
5262 2.8731
5263 5.8658
5264 4.7509
5265 0.1069
5266 0.0000
5267 4.9632
5268 -1.6827
5269 0.6001
5270 0.0000
5271 11.6209
5272 -1.3214
5273 -5.8187
5274 3.0999
5275 1.7755
5276 -1.5042
5277 0.8027
5278 8.2321
5279 0.0000
5280 4.1616
5281 -2.6348
5282 -2.7632
5283 3.9576
5284 0.2672
5285 -1.3336
5286 0.0000
5287 0.7150
5288 -1.1176
5289 2.2090
5290 0.0000
5291 0.6415
5292 0.9493
5293 -6.1387
5294 10.2820
5295 -4.0142
5296 3.9953
5297 -0.4060
5298 5.7148
5299 0.0000
5300 5.2827
5301 4.7453
5302 0.1206
5303 6.9289
5304 -1.0151
5305 8.0655
5306 0.0000
5307 -1.2487
5308 9.0537
5309 3.2024
5310 3.1477
5311 5.9635
5312 -5.3747
5313 6.2660
5314 -0.9038
5315 2.0504
5316 10.4700
5317 11.6287
5318 3.1889
5319 -1.5451
5320 6.5822
5321 0.0000
5322 -3.3987
5323 -3.2016
5324 2.9396
5325 8.4101
5326 -1.3234
5327 5.3011
5328 6.7037
5329 5.5716
5330 0.0000
5331 7.2695
5332 2.1435
5333 -0.2784
5334 -1.2516
5335 -12.5543
5336 -1.7852
5337 0.0000
5338 -7.5114
5339 3.2858
5340 5.2902
5341 0.0000
5342 6.0130
5343 4.5035
5344 2.0828
5345 1.4424
5346 1.4367
5347 2.3831
5348 -2.2253
5349 4.0612
5350 0.0000
5351 7.5293
5352 4.8582
5353 6.4951
5354 3.8913
5355 3.5606
5356 7.5805
5357 0.0000
5358 6.6746
5359 -1.6062
5360 5.6113
5361 0.0000
5362 8.9263
5363 2.6476
5364 1.5420
5365 7.0695
5366 1.0205
5367 9.5380
5368 0.1980
5369 2.8604
5370 0.0000
5371 2.9032
5372 2.6667
5373 -3.3795
5374 2.8304
5375 11.8811
5376 -0.4103
5377 0.0000
5378 -2.5866
5379 3.6218
5380 -3.4037
5381 0.0000
5382 2.3102
5383 -0.5695
5384 7.3054
5385 -1.9112
5386 1.5130
5387 -10.1819
5388 2.8544
5389 4.3322
5390 0.0000
5391 -0.0925
5392 2.2530
5393 1.6577
5394 0.6141
5395 -1.8834
5396 1.2535
5397 0.0000
5398 6.7072
5399 -1.5310
5400 3.6528
5401 11.5562
5402 3.7859
5403 5.5681
5404 5.4741
5405 -2.0055
5406 3.5783
5407 2.1679
5408 3.1725
5409 10.7900
5410 4.4381
5411 3.3743
5412 0.0000
5413 5.6383
5414 -3.8711
5415 5.9397
5416 0.0678
5417 5.3220
5418 15.0976
5419 4.4121
5420 4.6447
5421 0.0000
5422 12.5688
5423 4.6400
5424 2.6669
5425 12.7094
5426 11.6462
5427 3.9059
5428 0.0000
5429 -6.5385
5430 12.9972
5431 1.2445
5432 0.0000
5433 -2.1984
5434 3.1402
5435 12.7007
5436 2.6232
5437 -1.1427
5438 14.2748
5439 4.1923
5440 11.0255
5441 0.0000
5442 5.2962
5443 7.2292
5444 0.7899
5445 3.2265
5446 -6.1703
5447 3.2065
5448 0.0000
5449 0.5269
5450 6.5779
5451 3.3602
5452 0.0000
5453 9.5152
5454 5.4591
5455 6.1897
5456 8.9719
5457 4.1389
5458 9.0723
5459 4.2914
5460 0.1440
5461 0.0000
5462 -0.9752
5463 3.1432
5464 8.3944
5465 -1.1746
5466 5.0989
5467 8.8839
5468 0.0000
5469 6.9617
5470 4.8130
5471 8.0318
5472 0.0000
5473 5.3247
5474 3.1362
5475 7.8698
5476 6.2849
5477 -3.4627
5478 12.9444
5479 8.0909
5480 13.5022
5481 0.0000
5482 4.4515
5483 5.1727
5484 4.2396
5485 4.4952
5486 -2.6242
5487 -1.6958
5488 0.0000
5489 0.1523
5490 2.7122
5491 4.2664
5492 11.7934
5493 8.6051
5494 2.6532
5495 -2.9134
5496 5.8910
5497 3.7662
5498 6.1043
5499 2.6219
5500 7.6665
5501 7.6001
5502 2.5605
5503 0.0000
5504 4.0935
5505 4.3695
5506 9.0290
5507 1.8374
5508 -1.9230
5509 6.4806
5510 -0.7502
5511 3.1951
5512 0.0000
5513 -3.1102
5514 4.4278
5515 4.5322
5516 3.8530
5517 7.0475
5518 11.9455
5519 0.0000
5520 1.3145
5521 -0.4482
5522 4.0727
5523 0.0000
5524 6.8388
5525 8.6217
5526 -2.6196
5527 5.6206
5528 2.3844
5529 -2.3879
5530 -2.5029
5531 2.0713
5532 0.0000
5533 6.8537
5534 6.6321
5535 4.3080
5536 1.6383
5537 2.5417
5538 11.7752
5539 0.0000
5540 0.4827
5541 4.9555
5542 5.5084
5543 0.0000
5544 2.2933
5545 4.5392
5546 -0.1650
5547 9.2991
5548 -0.1763
5549 -0.9002
5550 -0.9843
5551 1.4882
5552 0.0000
5553 8.7642
5554 5.1214
5555 10.0039
5556 2.7310
5557 6.3068
5558 3.6155
5559 0.0000
5560 4.2092
5561 7.4530
5562 7.9701
5563 0.0000
5564 8.6504
5565 5.5112
5566 5.7195
5567 3.1826
5568 -3.2105
5569 11.1611
5570 -0.3608
5571 4.8456
5572 0.0000
5573 0.4526
5574 3.8259
5575 1.1762
5576 2.6219
5577 5.0649
5578 2.2523
5579 0.0000
5580 -2.2893
5581 0.0000
5582 7.5114
5583 0.0000
5584 5.4887
5585 3.3859
5586 3.2739
5587 11.7582
5588 -3.3240
5589 4.0826
5590 0.0270
5591 1.4490
5592 0.0000
5593 -1.6796
5594 8.7538
5595 4.4190
5596 5.2173
5597 -2.2372
5598 5.6756
5599 0.0000
5600 -3.4507
5601 0.8367
5602 -2.0884
5603 -6.5381
5604 6.0651
5605 -2.0136
5606 0.0000
5607 -0.8068
5608 -1.4871
5609 7.3205
5610 11.1011
5611 4.3172
5612 0.3053
5613 0.0000
5614 -1.6447
5615 7.4462
5616 8.4306
5617 -2.5435
5618 2.8427
5619 1.4889
5620 0.0000
5621 0.5916
5622 0.2427
5623 7.4010
5624 8.8022
5625 9.4392
5626 1.2512
5627 0.0000
5628 -0.7657
5629 2.9100
5630 -2.3416
5631 6.3459
5632 7.6215
5633 10.8941
5634 0.0000
5635 2.2262
5636 1.3786
5637 8.9894
5638 -0.4956
5639 -5.5039
5640 5.4908
5641 0.0000
5642 0.8710
5643 6.6571
5644 3.1966
5645 -0.7498
5646 3.0782
5647 4.8203
5648 0.0000
5649 -0.7207
5650 4.0405
5651 0.8859
5652 1.7244
5653 4.9741
5654 -2.5424
5655 0.0000
5656 -1.7027
5657 4.2220
5658 3.0735
5659 -0.8008
5660 3.5606
5661 0.8018
5662 0.0000
5663 4.4338
5664 9.0197
5665 11.2076
5666 7.5585
5667 0.7520
5668 10.8787
5669 0.0000
5670 -2.8932
5671 7.8640
5672 12.3723
5673 2.1955
5674 7.8452
5675 5.1585
5676 0.0000
5677 1.3644
5678 1.0046
5679 6.2284
5680 11.0069
5681 -1.0824
5682 7.9833
5683 0.0000
5684 -3.0616
5685 2.7983
5686 5.2678
5687 10.7178
5688 4.6907
5689 -0.1944
5690 0.0000
5691 3.0250
5692 1.3409
5693 5.3659
5694 6.1292
5695 -0.4027
5696 1.7104
5697 0.0000
5698 -1.4306
5699 0.0000
5700 -0.5448
5701 0.0000
5702 0.0921
5703 0.0000
5704 5.3372
5705 3.4438
5706 0.0000
5707 2.8894
5708 0.9087
5709 -0.1364
5710 10.7951
5711 0.0000
5712 9.7501
5713 2.0521
5714 9.3258
5715 0.0000
5716 5.2385
5717 6.7689
5718 -0.5001
5719 0.0000
5720 10.6707
5721 -2.5405
5722 4.8271
5723 7.7602
5724 3.3422
5725 9.0060
5726 6.9442
5727 0.0616
5728 0.2531
5729 0.0000
5730 -1.8226
5731 -1.6974
5732 5.2121
5733 3.6257
5734 -5.6410
5735 -2.4848
5736 0.0000
5737 -8.6713
5738 6.3231
5739 0.8783
5740 5.0370
5741 4.4309
5742 6.8861
5743 0.0000
5744 -1.6280
5745 0.2787
5746 9.8098
5747 5.1596
5748 -2.9215
5749 1.2316
5750 0.0000
5751 -4.6876
5752 3.5659
5753 -0.5424
5754 3.1830
5755 4.3191
5756 3.8432
5757 0.0000
5758 0.0624
5759 7.0788
5760 5.0867
5761 2.5186
5762 -0.1443
5763 7.5345
5764 0.0000
5765 1.4505
5766 10.3481
5767 1.7007
5768 6.9937
5769 2.9666
5770 9.7926
5771 0.0000
5772 -0.0170
5773 -0.2617
5774 -2.1859
5775 1.4639
5776 -1.3394
5777 3.4481
5778 0.0000
5779 5.6539
5780 -3.0226
5781 3.0312
5782 6.4516
5783 7.0505
5784 0.5959
5785 0.0000
5786 -4.4174
5787 6.0215
5788 1.9240
5789 1.2162
5790 9.6413
5791 6.9880
5792 0.0000
5793 3.1729
5794 9.6591
5795 5.0633
5796 -4.0818
5797 4.5406
5798 7.0788
5799 0.0000
5800 4.9919
5801 2.2588
5802 7.0507
5803 3.3025
5804 3.5922
5805 3.3587
5806 0.0000
5807 1.8958
5808 0.8979
5809 0.0000
5810 3.8445
5811 -4.6318
5812 4.2386
5813 1.6867
5814 0.4032
5815 13.7578
5816 1.8300
5817 2.1349
5818 0.0000
5819 13.2064
5820 1.4932
5821 0.0000
5822 2.7746
5823 0.0000
5824 -4.9446
5825 0.0000
5826 -1.8899
5827 6.1802
5828 0.0000
5829 2.0081
5830 -7.6847
5831 0.0000
5832 -2.2407
5833 3.4445
5834 -4.2256
5835 0.0000
5836 -1.1653
5837 3.0295
5838 0.0000
5839 0.4264
5840 9.5171
5841 8.1589
5842 0.0000
5843 3.8432
5844 0.9260
5845 0.0000
5846 9.3406
5847 7.8568
5848 -1.7510
5849 0.0000
5850 4.6259
5851 -4.7473
5852 0.0000
5853 -2.2759
5854 -1.3155
5855 9.6590
5856 0.0000
5857 4.1707
5858 4.3588
5859 0.0000
5860 7.8834
5861 4.8842
5862 1.2611
5863 0.0000
5864 -2.6588
5865 5.8016
5866 0.0000
5867 5.7860
5868 1.4611
5869 4.0212
5870 0.0000
5871 0.7963
5872 7.7048
5873 0.0000
5874 3.7467
5875 12.1879
5876 10.0390
5877 0.0000
5878 0.6851
5879 6.7674
5880 0.0000
5881 2.2637
5882 5.6100
5883 2.6007
5884 0.0000
5885 1.5917
5886 3.3355
5887 0.0000
5888 7.7208
5889 6.8609
5890 3.1757
5891 0.0000
5892 2.8036
5893 -3.7847
5894 0.0000
5895 9.4204
5896 8.7353
5897 -3.3880
5898 0.0000
5899 -3.4730
5900 5.1058
5901 0.0000
5902 9.7111
5903 4.9163
5904 4.5325
5905 0.0000
5906 4.7811
5907 10.9996
5908 0.0000
5909 2.4789
5910 -2.5224
5911 9.4956
5912 0.0000
5913 -3.7303
5914 2.9063
5915 0.0000
5916 -5.4221
5917 -3.2142
5918 1.6854
5919 0.0000
5920 8.9047
5921 6.5833
5922 0.0000
5923 3.9220
5924 1.8098
5925 4.3827
5926 0.0000
5927 3.9078
5928 2.9980
5929 0.0000
5930 -1.1838
5931 5.1904
5932 11.2201
5933 0.0000
5934 1.5034
5935 7.6563
5936 0.0000
5937 6.9054
5938 7.3510
5939 2.2996
5940 0.0000
5941 1.4211
5942 0.0000
5943 -3.2348
5944 0.0000
5945 0.4490
5946 3.2105
5947 0.0000
5948 10.5157
5949 0.0000
5950 5.7583
5951 0.0000
5952 0.8026
5953 2.8533
5954 0.4162
5955 0.0000
5956 11.2260
5957 8.2797
5958 4.5741
5959 0.0000
5960 -8.5161
5961 2.7773
5962 6.2498
5963 0.0000
5964 1.6262
5965 0.0000
5966 11.7951
5967 0.0000
5968 3.8408
5969 -5.7321
5970 0.0000
5971 -2.1830
5972 0.0000
5973 5.7924
5974 0.8343
5975 7.3816
5976 9.5290
5977 8.2311
5978 0.4384
5979 -0.4805
5980 3.8042
5981 9.6330
5982 2.0559
5983 12.8424
5984 8.6274
5985 3.9369
5986 6.0142
5987 0.4456
5988 1.6065
5989 0.0000
5990 3.7812
5991 0.0627
5992 5.4795
5993 2.6803
5994 -0.9154
5995 3.6090
5996 -0.7659
5997 -0.0218
5998 0.0000
5999 4.4442
6000 -0.5179
6001 -0.7447
6002 -4.5436
6003 2.8316
6004 -3.1216
6005 0.0000
6006 -8.0921
6007 -1.2317
6008 1.7089
6009 0.0000
6010 0.5460
6011 -5.6511
6012 -0.2347
6013 -0.5921
6014 2.8862
6015 0.6873
6016 0.7498
6017 -0.2459
6018 0.0000
6019 2.0493
6020 4.1169
6021 -1.8326
6022 2.7302
6023 6.7466
6024 2.2477
6025 0.0000
6026 1.6020
6027 12.5812
6028 3.8320
6029 0.0000
6030 6.4613
6031 -2.9170
6032 8.0498
6033 8.7105
6034 0.1968
6035 17.4831
6036 3.8856
6037 5.5471
6038 0.0000
6039 0.8875
6040 4.5660
6041 5.7142
6042 7.3738
6043 -3.1119
6044 4.4387
6045 0.0000
6046 -0.0884
6047 1.9987
6048 1.5723
6049 0.0000
6050 5.3974
6051 -2.5269
6052 7.2900
6053 2.1955
6054 5.2625
6055 -0.0780
6056 -4.7188
6057 9.2295
6058 0.0000
6059 14.8278
6060 -5.6112
6061 6.5042
6062 6.5999
6063 -2.9835
6064 5.4667
6065 0.0000
6066 0.0125
6067 7.4231
6068 8.9464
6069 16.2316
6070 -3.5794
6071 4.9769
6072 2.4127
6073 2.9592
6074 6.0265
6075 6.8689
6076 9.3985
6077 8.3687
6078 4.4313
6079 10.8400
6080 0.0000
6081 2.6790
6082 2.7149
6083 7.8070
6084 1.5347
6085 0.3326
6086 8.5176
6087 10.5966
6088 9.5278
6089 0.0000
6090 0.8453
6091 1.2049
6092 6.0241
6093 -0.3144
6094 1.0880
6095 6.5247
6096 0.0000
6097 -2.3520
6098 7.9975
6099 -4.3220
6100 0.0000
6101 5.5078
6102 -5.8881
6103 1.1700
6104 -1.0594
6105 1.5217
6106 11.7245
6107 -0.3935
6108 3.8799
6109 0.0000
6110 -0.8470
6111 4.1674
6112 6.2151
6113 2.1897
6114 5.2755
6115 11.2743
6116 0.0000
6117 1.4669
6118 2.7372
6119 10.8787
6120 0.0000
6121 -0.7866
6122 5.8970
6123 6.5532
6124 2.6492
6125 4.0914
6126 -5.4485
6127 4.1114
6128 10.5104
6129 0.0000
6130 2.1056
6131 6.0074
6132 3.2230
6133 2.7619
6134 5.0228
6135 -5.7924
6136 0.0000
6137 5.5936
6138 0.9149
6139 -3.3648
6140 0.0000
6141 4.9101
6142 1.4346
6143 3.7907
6144 -1.1108
6145 -3.8074
6146 -5.3696
6147 -6.3075
6148 0.4403
6149 0.0000
6150 -1.3486
6151 9.8665
6152 0.0129
6153 1.6955
6154 9.2568
6155 4.0236
6156 0.0000
6157 -1.2655
6158 9.5297
6159 0.2489
6160 4.5672
6161 8.3034
6162 8.4178
6163 7.8006
6164 6.5259
6165 -0.7640
6166 -2.0914
6167 5.6072
6168 4.5609
6169 4.0872
6170 9.5606
6171 0.0000
6172 2.4206
6173 2.2741
6174 4.6456
6175 13.6241
6176 3.6457
6177 9.1109
6178 3.0727
6179 0.2583
6180 0.0000
6181 7.1421
6182 3.4653
6183 1.2297
6184 7.0863
6185 4.0784
6186 5.8789
6187 0.0000
6188 5.4631
6189 11.5666
6190 5.4660
6191 0.0000
6192 6.3348
6193 -9.9514
6194 5.5537
6195 5.0112
6196 -2.0787
6197 3.1228
6198 -1.8938
6199 4.1552
6200 0.0000
6201 10.0101
6202 8.8568
6203 5.5718
6204 6.4056
6205 3.2457
6206 6.0956
6207 0.0000
6208 1.7548
6209 9.7343
6210 5.5175
6211 0.0000
6212 3.3608
6213 1.1990
6214 5.1166
6215 8.3073
6216 -0.2416
6217 16.4322
6218 7.9404
6219 7.6965
6220 0.0000
6221 1.3584
6222 4.7414
6223 8.0418
6224 4.9293
6225 8.2788
6226 4.6178
6227 0.0000
6228 -3.1763
6229 5.6636
6230 -2.6974
6231 0.0000
6232 1.4190
6233 -1.6068
6234 1.1682
6235 7.2839
6236 -4.2292
6237 8.8661
6238 -8.7037
6239 9.4740
6240 0.0000
6241 10.3613
6242 2.6596
6243 5.3514
6244 13.6306
6245 1.6673
6246 0.6469
6247 0.0000
6248 -0.0109
6249 2.2543
6250 -5.3559
6251 7.3349
6252 7.2235
6253 2.5538
6254 6.5432
6255 3.6496
6256 7.5165
6257 7.7383
6258 2.5049
6259 4.1253
6260 3.4676
6261 0.9503
6262 0.0000
6263 5.8467
6264 -5.4073
6265 9.3347
6266 3.0065
6267 -2.6567
6268 -5.5431
6269 -3.5199
6270 5.5647
6271 0.0000
6272 4.5036
6273 -1.8306
6274 8.8182
6275 3.8336
6276 3.8164
6277 8.8529
6278 0.0000
6279 -0.8473
6280 4.1694
6281 4.6964
6282 0.0000
6283 1.2149
6284 -3.5593
6285 3.1093
6286 3.1728
6287 0.7881
6288 8.1296
6289 6.7816
6290 12.4499
6291 0.0000
6292 7.9787
6293 11.4496
6294 -1.4233
6295 5.9828
6296 0.3139
6297 13.0289
6298 0.0000
6299 -4.4791
6300 0.0868
6301 0.7073
6302 0.0000
6303 6.5577
6304 1.0365
6305 5.1350
6306 -0.3645
6307 -0.7852
6308 6.1185
6309 1.0759
6310 2.2311
6311 0.0000
6312 10.1671
6313 11.8854
6314 3.2388
6315 7.2291
6316 -2.0314
6317 4.0513
6318 0.0000
6319 6.9100
6320 2.2894
6321 1.0694
6322 0.0000
6323 -0.9441
6324 5.8865
6325 3.8332
6326 -5.1834
6327 -2.3019
6328 -2.1068
6329 4.9534
6330 -1.0652
6331 0.0000
6332 10.3490
6333 7.9212
6334 1.6749
6335 2.0766
6336 -1.3135
6337 2.8573
6338 0.0000
6339 3.7497
6340 0.0000
6341 0.7698
6342 0.0000
6343 7.5076
6344 -2.1124
6345 -2.1997
6346 4.7432
6347 0.8765
6348 -1.7437
6349 -1.1341
6350 -0.5567
6351 0.0000
6352 2.0542
6353 2.8781
6354 1.9450
6355 1.6956
6356 8.0619
6357 5.3155
6358 0.0000
6359 4.2832
6360 6.4862
6361 5.0007
6362 9.3515
6363 3.7129
6364 5.7338
6365 0.0000
6366 5.8255
6367 4.3960
6368 9.6074
6369 4.9887
6370 -5.4050
6371 5.1613
6372 0.0000
6373 5.0555
6374 4.0069
6375 3.0166
6376 4.7008
6377 7.6268
6378 10.8251
6379 0.0000
6380 -4.4256
6381 8.7892
6382 -1.3154
6383 -1.8118
6384 10.6933
6385 0.7350
6386 0.0000
6387 0.9458
6388 6.8821
6389 2.7178
6390 -1.4813
6391 9.3486
6392 1.6613
6393 0.0000
6394 -1.4050
6395 4.8311
6396 -0.7750
6397 2.2787
6398 0.2451
6399 2.4212
6400 0.0000
6401 0.4316
6402 5.7670
6403 2.6833
6404 -1.3527
6405 12.2165
6406 4.7021
6407 0.0000
6408 4.2577
6409 8.9624
6410 7.7320
6411 2.6489
6412 -6.8665
6413 -1.1588
6414 0.0000
6415 7.0467
6416 12.7651
6417 6.9595
6418 12.2893
6419 9.3847
6420 -2.0515
6421 0.0000
6422 -1.3162
6423 7.6764
6424 2.3210
6425 7.1560
6426 1.9138
6427 5.6082
6428 0.0000
6429 4.2178
6430 -1.0020
6431 1.8927
6432 5.0779
6433 0.7721
6434 2.4576
6435 0.0000
6436 -8.6217
6437 6.0294
6438 8.1729
6439 7.8463
6440 -0.5764
6441 7.4732
6442 0.0000
6443 1.7648
6444 7.1728
6445 8.9193
6446 5.0782
6447 3.0983
6448 1.9180
6449 0.0000
6450 -0.7665
6451 1.1427
6452 2.9657
6453 0.6914
6454 5.4014
6455 1.1532
6456 0.0000
6457 5.6881
6458 0.0000
6459 0.7342
6460 0.0000
6461 3.4101
6462 0.0000
6463 6.9744
6464 4.8015
6465 0.0000
6466 9.9489
6467 3.1149
6468 6.9468
6469 5.0537
6470 0.0000
6471 3.3426
6472 12.8783
6473 5.0895
6474 0.0000
6475 0.1332
6476 2.5323
6477 8.7111
6478 0.0000
6479 5.7734
6480 4.4743
6481 -4.3895
6482 0.0504
6483 6.4727
6484 4.0505
6485 3.9187
6486 6.6996
6487 -3.7795
6488 0.0000
6489 -3.2439
6490 7.1939
6491 11.0077
6492 9.7534
6493 3.6134
6494 3.0079
6495 0.0000
6496 -0.4378
6497 8.1842
6498 3.0870
6499 4.2436
6500 4.0566
6501 -0.3098
6502 0.0000
6503 -3.1848
6504 3.1927
6505 2.0919
6506 4.4661
6507 1.5295
6508 4.9011
6509 0.0000
6510 -0.6884
6511 8.1886
6512 1.0034
6513 1.6654
6514 3.9569
6515 6.3055
6516 0.0000
6517 -5.2222
6518 4.1142
6519 7.4655
6520 -5.7633
6521 10.3540
6522 6.2356
6523 0.0000
6524 4.4626
6525 7.0136
6526 4.8166
6527 -3.9774
6528 4.9458
6529 10.1993
6530 0.0000
6531 0.0924
6532 0.5072
6533 7.6128
6534 4.0164
6535 -4.5861
6536 8.6169
6537 0.0000
6538 1.2733
6539 6.9560
6540 9.4214
6541 10.6432
6542 3.0879
6543 -2.4627
6544 0.0000
6545 -8.2336
6546 5.1367
6547 5.8752
6548 9.2779
6549 6.0788
6550 14.4106
6551 0.0000
6552 -1.3640
6553 -3.9912
6554 -5.9433
6555 -4.8601
6556 7.7419
6557 1.2937
6558 0.0000
6559 -0.3211
6560 5.4454
6561 7.0686
6562 10.5152
6563 8.4123
6564 -2.3617
6565 0.0000
6566 -2.6355
6567 8.7234
6568 0.0000
6569 2.7347
6570 1.4543
6571 3.3051
6572 5.4294
6573 1.2580
6574 -6.8878
6575 4.7323
6576 11.2575
6577 0.0000
6578 5.4210
6579 12.1677
6580 0.0000
6581 1.2302
6582 0.0000
6583 -1.5943
6584 0.0000
6585 -0.1968
6586 4.8544
6587 0.0000
6588 4.5247
6589 4.3539
6590 0.0000
6591 1.2559
6592 -0.0011
6593 5.0880
6594 0.0000
6595 -4.6149
6596 0.1809
6597 0.0000
6598 2.0158
6599 5.6804
6600 7.1325
6601 0.0000
6602 -2.7119
6603 0.8135
6604 0.0000
6605 9.3499
6606 3.6452
6607 -2.3225
6608 0.0000
6609 0.1448
6610 3.6210
6611 0.0000
6612 3.4866
6613 5.4925
6614 4.4489
6615 0.0000
6616 1.9770
6617 8.4838
6618 0.0000
6619 5.2384
6620 3.6594
6621 2.2661
6622 0.0000
6623 2.6531
6624 0.8697
6625 0.0000
6626 9.6035
6627 0.4179
6628 3.5533
6629 0.0000
6630 2.4545
6631 2.5752
6632 0.0000
6633 4.2207
6634 9.6754
6635 2.4093
6636 0.0000
6637 8.2499
6638 -6.9002
6639 0.0000
6640 13.3474
6641 5.3003
6642 2.9006
6643 0.0000
6644 -0.7778
6645 3.5826
6646 0.0000
6647 5.6619
6648 1.0255
6649 0.2754
6650 0.0000
6651 -3.4114
6652 2.3031
6653 0.0000
6654 5.3784
6655 1.2824
6656 1.1057
6657 0.0000
6658 2.0514
6659 8.3155
6660 0.0000
6661 -0.1721
6662 10.7607
6663 3.5871
6664 0.0000
6665 -11.3805
6666 3.7766
6667 0.0000
6668 5.4500
6669 5.3195
6670 3.3902
6671 0.0000
6672 5.6278
6673 1.7517
6674 0.0000
6675 9.5658
6676 5.2113
6677 3.6188
6678 0.0000
6679 -3.9269
6680 3.7539
6681 0.0000
6682 5.5787
6683 7.9874
6684 2.9993
6685 0.0000
6686 -3.6915
6687 3.3229
6688 0.0000
6689 0.0990
6690 -2.5016
6691 10.1028
6692 0.0000
6693 3.4761
6694 3.9590
6695 0.0000
6696 -4.9847
6697 -3.9134
6698 -4.9899
6699 0.0000
6700 -1.3615
6701 0.0000
6702 0.2180
6703 0.0000
6704 4.1331
6705 4.3882
6706 0.0000
6707 3.9372
6708 0.0000
6709 9.4016
6710 0.0000
6711 4.0195
6712 -1.0110
6713 1.9885
6714 0.0000
6715 3.7058
6716 1.3249
6717 0.7198
6718 0.0000
6719 -4.5440
6720 -2.5335
6721 4.4570
6722 0.0000
6723 6.4850
6724 0.0000
6725 13.4475
6726 0.0000
6727 6.8359
6728 2.9599
6729 0.0000
6730 2.8869
6731 0.0000
6732 7.5464
6733 7.3544
6734 -0.2759
6735 8.8276
6736 7.3490
6737 7.9886
6738 1.1635
6739 5.3609
6740 -4.0735
6741 -1.6614
6742 7.1960
6743 4.0862
6744 3.0156
6745 2.7143
6746 11.6661
6747 1.0339
6748 0.0000
6749 1.7190
6750 2.0865
6751 5.6222
6752 6.6513
6753 -4.0730
6754 4.8340
6755 3.3549
6756 -0.7989
6757 0.0000
6758 2.1853
6759 11.6964
6760 4.3043
6761 11.6721
6762 6.5721
6763 5.8664
6764 0.0000
6765 4.0765
6766 0.8321
6767 -4.8619
6768 0.0000
6769 1.6256
6770 1.2487
6771 -3.8426
6772 1.0217
6773 -0.8094
6774 -1.4701
6775 -0.2810
6776 -3.9702
6777 0.0000
6778 6.5254
6779 1.3243
6780 2.4761
6781 10.2262
6782 1.6670
6783 1.3628
6784 0.0000
6785 -6.2500
6786 12.2685
6787 4.9888
6788 0.0000
6789 2.4087
6790 1.5188
6791 -1.1680
6792 4.8460
6793 -6.5378
6794 2.7154
6795 -1.9882
6796 5.4560
6797 0.0000
6798 0.7603
6799 6.5671
6800 1.8526
6801 -0.3398
6802 1.4315
6803 1.1232
6804 0.0000
6805 -4.3431
6806 0.5065
6807 5.7000
6808 0.0000
6809 3.1565
6810 3.1548
6811 7.6895
6812 -0.7375
6813 4.1483
6814 -1.5754
6815 -3.9684
6816 3.0154
6817 0.0000
6818 10.7360
6819 12.2104
6820 14.1046
6821 3.2653
6822 6.2217
6823 5.4893
6824 0.0000
6825 7.4363
6826 2.4546
6827 8.8408
6828 7.5619
6829 5.3371
6830 4.9370
6831 2.6651
6832 2.4248
6833 5.3949
6834 3.4726
6835 1.1135
6836 0.8634
6837 3.3813
6838 1.2562
6839 0.0000
6840 4.4284
6841 1.9966
6842 8.2571
6843 0.9344
6844 -4.6497
6845 15.9607
6846 3.6605
6847 6.1666
6848 0.0000
6849 8.8886
6850 9.5569
6851 4.5401
6852 5.9401
6853 4.8378
6854 4.2612
6855 0.0000
6856 1.9387
6857 3.8852
6858 -3.8297
6859 0.0000
6860 3.4375
6861 -2.5695
6862 4.2384
6863 12.0040
6864 -3.1429
6865 0.6252
6866 -7.2033
6867 1.6541
6868 0.0000
6869 -0.8138
6870 5.6146
6871 10.9645
6872 8.1476
6873 3.6356
6874 2.0261
6875 0.0000
6876 3.1354
6877 -1.4069
6878 16.0578
6879 0.0000
6880 9.6822
6881 -1.4718
6882 6.9578
6883 -0.2524
6884 -4.0076
6885 16.5351
6886 1.2222
6887 10.3510
6888 0.0000
6889 1.0278
6890 2.8564
6891 3.5038
6892 6.3447
6893 9.0991
6894 5.2295
6895 0.0000
6896 1.8630
6897 6.5026
6898 5.3478
6899 0.0000
6900 2.3172
6901 2.6004
6902 8.5002
6903 2.2605
6904 2.0911
6905 0.2334
6906 10.6542
6907 7.3014
6908 0.0000
6909 2.8843
6910 6.4396
6911 1.2949
6912 3.2610
6913 4.2646
6914 4.9370
6915 0.0000
6916 -6.0412
6917 8.9210
6918 -2.0711
6919 5.4929
6920 4.6075
6921 3.2956
6922 8.7374
6923 -2.7354
6924 5.1717
6925 9.1406
6926 1.7535
6927 -3.1696
6928 11.3015
6929 1.8671
6930 0.0000
6931 9.3689
6932 -1.4238
6933 4.8051
6934 9.5777
6935 2.6154
6936 3.2421
6937 8.2888
6938 5.9629
6939 0.0000
6940 0.8287
6941 2.8216
6942 2.9666
6943 -2.1579
6944 9.0876
6945 0.5972
6946 0.0000
6947 -0.6892
6948 0.2815
6949 7.5397
6950 0.0000
6951 -1.7826
6952 1.4933
6953 6.4582
6954 3.3626
6955 7.6800
6956 12.9018
6957 4.2781
6958 1.2298
6959 0.0000
6960 -0.0873
6961 11.1957
6962 2.3244
6963 1.9236
6964 6.1558
6965 8.6385
6966 0.0000
6967 -3.4258
6968 7.7318
6969 0.3730
6970 0.0000
6971 3.9485
6972 -1.8953
6973 -0.1489
6974 10.8513
6975 -3.7805
6976 -0.2186
6977 3.6436
6978 0.4335
6979 0.0000
6980 6.2990
6981 3.2088
6982 -2.3130
6983 11.9090
6984 2.4627
6985 7.6936
6986 0.0000
6987 -1.6631
6988 1.1578
6989 -0.8731
6990 0.0000
6991 0.3240
6992 -6.6934
6993 4.3257
6994 4.0104
6995 -4.6257
6996 -0.7135
6997 2.4897
6998 2.2163
6999 0.0000
7000 7.8659
7001 2.2840
7002 1.0146
7003 0.7423
7004 5.3428
7005 7.6560
7006 0.0000
7007 2.9822
7008 -0.0100
7009 6.7964
7010 7.5701
7011 7.5238
7012 2.4385
7013 3.4141
7014 2.4190
7015 3.0733
7016 7.2328
7017 7.1913
7018 3.0289
7019 0.2093
7020 0.0147
7021 0.0000
7022 2.0113
7023 -0.3485
7024 -3.1587
7025 -1.1568
7026 5.1552
7027 3.1142
7028 0.3686
7029 8.8951
7030 0.0000
7031 2.6983
7032 1.8993
7033 10.7830
7034 5.2976
7035 -1.6209
7036 6.2279
7037 0.0000
7038 0.7542
7039 5.3849
7040 10.7815
7041 0.0000
7042 7.1232
7043 -3.4035
7044 8.1228
7045 4.8403
7046 -2.3016
7047 -3.4065
7048 5.3494
7049 2.2216
7050 0.0000
7051 10.5806
7052 0.9022
7053 3.8624
7054 2.4771
7055 11.8716
7056 3.5304
7057 0.0000
7058 1.0976
7059 3.6063
7060 9.5460
7061 0.0000
7062 3.6565
7063 5.5935
7064 2.0830
7065 11.3189
7066 1.4168
7067 -2.3953
7068 6.2240
7069 2.7984
7070 0.0000
7071 4.6319
7072 5.3985
7073 5.1196
7074 4.5499
7075 9.6245
7076 -1.3951
7077 0.0000
7078 -1.2638
7079 -1.8712
7080 1.2136
7081 0.0000
7082 4.6939
7083 -9.4397
7084 3.9139
7085 -2.9659
7086 -2.8640
7087 7.1721
7088 7.7388
7089 -3.5581
7090 0.0000
7091 9.4279
7092 4.9100
7093 4.5501
7094 13.7562
7095 0.7002
7096 3.1309
7097 0.0000
7098 -10.1023
7099 0.0000
7100 4.2765
7101 0.0000
7102 14.0849
7103 -4.6729
7104 2.5861
7105 4.8395
7106 -4.8023
7107 -3.2938
7108 -0.6975
7109 1.9826
7110 0.0000
7111 8.4369
7112 8.4493
7113 11.3886
7114 -0.1914
7115 5.6029
7116 -0.5838
7117 0.0000
7118 1.7622
7119 0.9491
7120 1.5764
7121 5.3191
7122 0.7127
7123 7.7614
7124 0.0000
7125 5.3059
7126 2.3129
7127 2.9340
7128 -0.3465
7129 4.6985
7130 5.9511
7131 0.0000
7132 3.6628
7133 2.4195
7134 2.6971
7135 1.3703
7136 7.1179
7137 -3.8501
7138 0.0000
7139 1.6344
7140 3.6608
7141 5.8705
7142 -0.3154
7143 6.4139
7144 -4.9045
7145 0.0000
7146 3.3742
7147 7.2968
7148 -6.0250
7149 2.6786
7150 6.3987
7151 3.9483
7152 0.0000
7153 -3.1895
7154 6.8320
7155 0.1284
7156 -1.9916
7157 5.7985
7158 -1.9877
7159 0.0000
7160 -3.7288
7161 -3.1379
7162 2.6017
7163 0.4739
7164 1.7553
7165 -1.9903
7166 0.0000
7167 0.0699
7168 1.7470
7169 2.8281
7170 0.8451
7171 1.8303
7172 9.8484
7173 0.0000
7174 1.8834
7175 8.4605
7176 -1.4621
7177 -1.6027
7178 4.3909
7179 6.3595
7180 0.0000
7181 -5.5041
7182 3.2403
7183 10.5446
7184 1.5294
7185 6.5075
7186 0.6788
7187 0.0000
7188 1.1715
7189 15.6195
7190 0.3727
7191 0.1620
7192 6.8513
7193 2.5074
7194 0.0000
7195 3.2435
7196 -2.5216
7197 2.9074
7198 4.0066
7199 7.1327
7200 10.2311
7201 0.0000
7202 -1.5729
7203 1.2251
7204 8.8600
7205 3.6192
7206 6.1678
7207 8.3371
7208 0.0000
7209 -3.5310
7210 5.8241
7211 12.1928
7212 7.6914
7213 3.6072
7214 9.3405
7215 0.0000
7216 -2.5559
7217 0.0000
7218 1.4424
7219 0.0000
7220 7.3001
7221 0.0000
7222 2.0003
7223 1.2435
7224 0.0000
7225 -0.0347
7226 5.0547
7227 1.4701
7228 -0.3898
7229 0.0000
7230 3.5514
7231 4.8190
7232 6.6806
7233 0.0000
7234 6.9787
7235 9.9995
7236 6.5346
7237 0.0000
7238 3.4039
7239 1.6505
7240 -4.2712
7241 -4.6984
7242 -1.2057
7243 3.3720
7244 11.0233
7245 4.4501
7246 15.1646
7247 0.0000
7248 -4.0680
7249 -0.4724
7250 1.3307
7251 8.9055
7252 2.6879
7253 4.7293
7254 0.0000
7255 -1.3156
7256 8.5385
7257 7.0443
7258 4.8149
7259 11.7061
7260 5.3509
7261 0.0000
7262 6.3144
7263 9.9841
7264 0.4366
7265 2.1261
7266 6.7603
7267 3.5958
7268 0.0000
7269 5.2838
7270 0.8856
7271 6.7639
7272 -0.0745
7273 -0.9388
7274 3.1754
7275 0.0000
7276 2.3810
7277 5.3748
7278 0.2036
7279 -0.2925
7280 -0.5116
7281 7.8800
7282 0.0000
7283 -0.7856
7284 10.1687
7285 9.2101
7286 2.9761
7287 -2.6594
7288 3.2772
7289 0.0000
7290 -1.3632
7291 4.8848
7292 1.8777
7293 1.1822
7294 1.9060
7295 1.9147
7296 0.0000
7297 1.5585
7298 7.7161
7299 5.0280
7300 15.2140
7301 7.5650
7302 1.3701
7303 0.0000
7304 5.6223
7305 0.2125
7306 7.2761
7307 4.6761
7308 5.7650
7309 1.8205
7310 0.0000
7311 -0.5503
7312 1.7843
7313 4.7232
7314 2.4026
7315 2.5392
7316 5.2108
7317 0.0000
7318 -4.0318
7319 1.5609
7320 6.6271
7321 1.6832
7322 0.3444
7323 -0.5166
7324 0.0000
7325 -1.7304
7326 6.5104
7327 0.0000
7328 -0.4146
7329 1.4516
7330 4.2066
7331 11.1642
7332 1.4572
7333 -6.0752
7334 -4.1445
7335 10.3956
7336 0.0000
7337 0.0819
7338 0.2949
7339 0.0000
7340 1.0893
7341 0.0000
7342 -1.8783
7343 0.0000
7344 -1.5705
7345 -6.3406
7346 0.0000
7347 1.4237
7348 -0.5399
7349 0.0000
7350 6.8110
7351 1.7067
7352 1.6270
7353 0.0000
7354 -0.2913
7355 -0.4743
7356 0.0000
7357 10.4243
7358 3.5058
7359 2.2730
7360 0.0000
7361 2.9347
7362 0.2351
7363 0.0000
7364 4.6315
7365 3.8374
7366 8.3810
7367 0.0000
7368 -3.2579
7369 6.3223
7370 0.0000
7371 9.4737
7372 6.1566
7373 0.8602
7374 0.0000
7375 1.4255
7376 5.6743
7377 0.0000
7378 4.0482
7379 6.8693
7380 2.6423
7381 0.0000
7382 -0.6222
7383 -0.8032
7384 0.0000
7385 7.1814
7386 8.7930
7387 0.7050
7388 0.0000
7389 -7.8083
7390 5.5735
7391 0.0000
7392 3.4491
7393 4.8343
7394 8.7432
7395 0.0000
7396 5.8825
7397 9.1786
7398 0.0000
7399 2.8793
7400 11.4825
7401 -2.8071
7402 0.0000
7403 -1.0526
7404 8.2100
7405 0.0000
7406 -1.5719
7407 -0.6099
7408 -1.0707
7409 0.0000
7410 -3.5881
7411 1.3817
7412 0.0000
7413 2.7563
7414 1.7601
7415 -2.3214
7416 0.0000
7417 -1.8901
7418 0.2035
7419 0.0000
7420 1.3212
7421 -3.5666
7422 5.2621
7423 0.0000
7424 1.8643
7425 5.6865
7426 0.0000
7427 6.0807
7428 2.0014
7429 9.4662
7430 0.0000
7431 -0.3356
7432 -0.5745
7433 0.0000
7434 3.1805
7435 -0.7944
7436 11.8375
7437 0.0000
7438 -6.1614
7439 1.6095
7440 0.0000
7441 1.5356
7442 0.5668
7443 5.1788
7444 0.0000
7445 3.5655
7446 5.1816
7447 0.0000
7448 6.8803
7449 0.2252
7450 9.4945
7451 0.0000
7452 -3.5805
7453 8.3302
7454 0.0000
7455 7.4620
7456 2.7303
7457 3.4920
7458 0.0000
7459 -1.5110
7460 0.0000
7461 -4.0149
7462 0.0000
7463 8.3187
7464 3.7077
7465 0.0000
7466 11.6587
7467 0.0000
7468 3.2702
7469 0.0000
7470 9.5599
7471 1.9912
7472 9.5509
7473 0.0000
7474 5.4696
7475 6.1191
7476 4.6859
7477 0.0000
7478 3.3062
7479 6.8553
7480 -1.5602
7481 0.0000
7482 -0.0102
7483 0.0000
7484 10.4292
7485 0.0000
7486 2.3595
7487 4.4343
7488 0.0000
7489 -4.8899
7490 0.0000
7491 3.8428
7492 7.9875
7493 1.5096
7494 -5.7093
7495 -5.5574
7496 5.0974
7497 6.0234
7498 7.0162
7499 0.0000
7500 3.0271
7501 11.5811
7502 4.6119
7503 1.4890
7504 6.7746
7505 7.2185
7506 0.0000
7507 -4.6413
7508 2.5968
7509 12.4709
7510 5.5119
7511 3.5456
7512 3.7667
7513 0.0000
7514 -3.2174
7515 -2.7587
7516 0.2766
7517 9.5440
7518 3.9446
7519 6.3290
7520 0.0000
7521 -6.4166
7522 5.1183
7523 12.8862
7524 3.7817
7525 -2.3886
7526 1.9651
7527 0.0000
7528 -3.1602
7529 5.1824
7530 8.6241
7531 7.8424
7532 3.9868
7533 -1.1902
7534 0.0000
7535 1.0641
7536 3.4160
7537 1.9848
7538 3.0595
7539 -3.0748
7540 3.9040
7541 0.0000
7542 -1.5058
7543 8.1894
7544 7.4024
7545 0.1684
7546 8.4624
7547 2.3128
7548 0.0000
7549 0.7904
7550 -4.0442
7551 1.7371
7552 3.2939
7553 8.8867
7554 0.1074
7555 0.0000
7556 2.4931
7557 4.5840
7558 0.9722
7559 1.6097
7560 14.1074
7561 8.6469
7562 0.0000
7563 6.9323
7564 4.8564
7565 1.1774
7566 6.2486
7567 2.9870
7568 4.2508
7569 0.0000
7570 6.8290
7571 5.2459
7572 5.8233
7573 6.4795
7574 1.6466
7575 3.7444
7576 0.0000
7577 8.2568
7578 2.0992
7579 6.7572
7580 10.4230
7581 4.7723
7582 3.1170
7583 0.0000
7584 -0.0629
7585 9.8603
7586 7.7111
7587 1.8223
7588 1.8278
7589 2.4814
7590 0.0000
7591 3.0427
7592 4.8501
7593 4.2669
7594 3.2349
7595 6.0558
7596 3.9611
7597 0.0000
7598 -3.0097
7599 5.7945
7600 -3.4735
7601 5.6672
7602 -0.0932
7603 -3.4402
7604 0.0000
7605 -9.2403
7606 0.0000
7607 0.4532
7608 -1.6770
7609 0.0000
7610 0.5042
7611 5.8283
7612 0.0000
7613 5.2025
7614 3.4064
7615 0.0000
7616 -1.5267
7617 0.0000
7618 0.9520
7619 5.9155
7620 0.0000
7621 -3.3839
7622 5.1792
7623 0.0000
7624 4.0468
7625 0.0000
7626 -3.3433
7627 5.2828
7628 0.0000
7629 6.2130
7630 0.7604
7631 0.0000
7632 -1.4990
7633 0.0000
7634 3.7791
7635 10.9589
7636 0.0000
7637 8.3108
7638 5.3142
7639 0.0000
7640 -0.6654
7641 0.0000
7642 3.1424
7643 8.5602
7644 0.0000
7645 10.0259
7646 -3.1397
7647 0.0000
7648 -2.7251
7649 0.0000
7650 2.9390
7651 1.1312
7652 0.0000
7653 6.2094
7654 -0.8076
7655 0.0000
7656 8.5758
7657 0.0000
7658 1.7554
7659 2.5853
7660 0.0000
7661 7.6707
7662 0.1798
7663 0.0000
7664 -1.5620
7665 0.0000
7666 -5.3000
7667 1.8350
7668 0.0000
7669 3.0908
7670 4.9770
7671 0.0000
7672 -2.1605
7673 0.0000
7674 -3.8737
7675 -7.4893
7676 0.0000
7677 6.3061
7678 1.1768
7679 0.0000
7680 7.6279
7681 0.0000
7682 5.6493
7683 4.0173
7684 0.0000
7685 4.3971
7686 4.6294
7687 0.0000
7688 1.4425
7689 0.0000
7690 4.2437
7691 8.5296
7692 0.0000
7693 3.3975
7694 2.0424
7695 0.0000
7696 -1.4631
7697 0.0000
7698 -5.7290
7699 3.3268
7700 0.0000
7701 8.4904
7702 2.4917
7703 0.0000
7704 3.5416
7705 0.0000
7706 -1.0960
7707 -0.1946
7708 0.0000
7709 0.5342
7710 1.0019
7711 0.0000
7712 -3.0691
7713 0.0000
7714 -2.6751
7715 5.0694
7716 0.0000
7717 1.6271
7718 7.1989
7719 0.0000
7720 -0.5437
7721 0.0000
7722 3.8251
7723 7.6396
7724 0.0000
7725 0.8372
7726 13.0741
7727 0.0000
7728 2.9179
7729 0.0000
7730 0.4862
7731 4.8135
7732 0.0000
7733 4.5234
7734 4.0969
7735 0.0000
7736 0.6193
7737 0.0000
7738 0.0110
7739 0.0000
7740 -1.2600
