# input  : 16 : 23 B4 40 C8 C4 5C B9 26 38 3C B6 73 C1 1B 6B 4D 
# output : 16 : 9D 31 4A 8B 37 35 63 53 1B 79 6C 03 BD 35 FD 68 
# cycles : 7740
1 0.0000
2 -2.1341
3 0.6387
4 0.0000
5 0.3098
6 0.0000
7 2.1434
8 2.8218
9 0.0000
10 -1.7223
11 2.4518
12 0.0000
13 0.7430
14 0.0000
15 -1.1339
16 10.2043
17 0.0000
18 -0.6557
19 3.1193
20 0.0000
21 -0.9796
22 0.0000
23 -0.1795
24 -1.5576
25 0.0000
26 -0.4387
27 4.5123
28 0.0000
29 -2.3022
30 0.0000
31 5.9522
32 4.7685
33 0.0000
34 4.9751
35 3.1020
36 0.0000
37 3.4647
38 0.0000
39 5.3551
40 6.9042
41 0.0000
42 1.9613
43 9.0964
44 0.0000
45 -1.1637
46 0.0000
47 4.6653
48 7.2715
49 0.0000
50 -1.9689
51 12.8088
52 0.0000
53 -6.4914
54 0.0000
55 12.9034
56 8.5264
57 0.0000
58 4.4121
59 10.9128
60 0.0000
61 -0.4108
62 0.0000
63 8.5426
64 6.0753
65 0.0000
66 3.7579
67 -2.2859
68 0.0000
69 4.8388
70 0.0000
71 4.9900
72 0.7550
73 0.0000
74 4.0655
75 7.1632
76 0.0000
77 13.3185
78 0.0000
79 9.4762
80 2.1223
81 0.0000
82 -0.0182
83 8.2413
84 0.0000
85 6.9744
86 0.0000
87 7.7367
88 5.6081
89 0.0000
90 -2.2230
91 0.3794
92 0.0000
93 -0.2610
94 0.0000
95 9.7463
96 5.8210
97 0.0000
98 2.0992
99 4.7447
100 0.0000
101 1.1464
102 0.0000
103 -2.6798
104 -1.7462
105 0.0000
106 0.0998
107 6.8827
108 0.0000
109 -0.3834
110 0.0000
111 2.5897
112 4.2090
113 0.0000
114 4.5692
115 10.2194
116 0.0000
117 2.0306
118 0.0000
119 5.2718
120 8.0737
121 0.0000
122 -3.1794
123 4.3900
124 0.0000
125 7.7390
126 0.0000
127 1.7929
128 1.0954
129 0.0000
130 -1.4844
131 5.4139
132 0.0000
133 -8.8809
134 0.0000
135 3.9203
136 -0.9810
137 0.0000
138 -1.1109
139 -0.3184
140 -2.2285
141 0.0000
142 0.6442
143 1.4516
144 2.5602
145 -1.7968
146 0.0000
147 0.9410
148 9.8374
149 0.0000
150 1.8235
151 6.2186
152 -1.8024
153 3.8454
154 0.0000
155 -1.3626
156 -3.0430
157 0.0000
158 1.8069
159 5.8843
160 3.3513
161 8.0540
162 0.0000
163 3.4316
164 7.2019
165 0.0000
166 5.4226
167 -4.3034
168 1.0610
169 7.3020
170 0.0000
171 0.9217
172 4.8695
173 0.0000
174 4.7344
175 -0.4079
176 2.8095
177 -1.6330
178 0.0000
179 -3.4587
180 3.4365
181 0.0000
182 8.9393
183 0.9691
184 3.7585
185 1.9225
186 0.0000
187 -2.1947
188 0.5419
189 0.0000
190 -1.5071
191 9.0611
192 3.4360
193 0.2353
194 0.0000
195 -5.4834
196 -2.5815
197 0.0000
198 5.5347
199 6.4099
200 -5.2596
201 2.4414
202 0.0000
203 -6.3646
204 6.0094
205 0.0000
206 -2.2624
207 4.6717
208 11.0320
209 -1.0953
210 0.0000
211 -2.0429
212 0.9328
213 0.0000
214 10.0029
215 3.3782
216 -0.9177
217 6.0934
218 0.0000
219 7.9818
220 -1.3280
221 0.0000
222 3.5621
223 2.9643
224 -0.6384
225 11.3967
226 0.0000
227 -1.1290
228 -0.9659
229 0.0000
230 0.0630
231 11.3057
232 9.5776
233 4.3242
234 0.0000
235 2.5259
236 7.1400
237 0.0000
238 3.2771
239 9.7148
240 1.1781
241 0.9537
242 0.0000
243 4.3288
244 2.6480
245 0.0000
246 7.3565
247 6.2696
248 4.7335
249 5.6553
250 0.0000
251 -3.6886
252 4.6857
253 0.0000
254 -1.6603
255 -1.0843
256 5.6681
257 8.8801
258 0.0000
259 -0.5240
260 3.9511
261 0.0000
262 3.8100
263 10.8792
264 0.5725
265 0.3477
266 0.0000
267 2.2359
268 -0.8348
269 0.0000
270 -2.8255
271 0.0000
272 1.1088
273 1.0674
274 0.2467
275 4.6649
276 -2.8916
277 10.0966
278 4.3836
279 -0.8339
280 0.0000
281 -1.1874
282 1.0279
283 -4.1995
284 9.8249
285 1.0258
286 4.9113
287 0.0000
288 5.3052
289 -3.2401
290 7.9830
291 1.1128
292 7.2988
293 0.5448
294 0.0000
295 -6.4521
296 1.4145
297 5.1697
298 15.2505
299 -4.6799
300 8.8960
301 0.0000
302 3.2324
303 1.4243
304 9.5467
305 11.1441
306 5.4752
307 7.1226
308 0.0000
309 -0.0228
310 11.3468
311 4.9231
312 10.5190
313 1.2658
314 -2.6323
315 0.0000
316 3.5108
317 9.1025
318 2.2148
319 5.4142
320 3.2154
321 2.2149
322 0.0000
323 -3.1494
324 1.7828
325 3.7874
326 1.4159
327 1.5463
328 1.8888
329 0.0000
330 -0.4997
331 4.9106
332 2.5604
333 6.2388
334 10.3731
335 6.7270
336 0.0000
337 -4.6636
338 -1.9636
339 6.3915
340 7.6955
341 3.6045
342 4.2228
343 0.0000
344 -3.6356
345 0.8955
346 12.4759
347 6.2343
348 5.9291
349 9.7872
350 0.0000
351 4.1547
352 5.3241
353 12.5588
354 1.6763
355 2.3172
356 4.9101
357 0.0000
358 4.5782
359 4.0418
360 5.1020
361 2.1161
362 8.6146
363 7.1514
364 0.0000
365 -0.2608
366 -4.1249
367 2.9131
368 4.1669
369 11.2370
370 0.6577
371 0.0000
372 1.6122
373 1.4334
374 -1.3683
375 2.7846
376 5.3778
377 3.7286
378 0.0000
379 0.7433
380 2.4107
381 8.5638
382 1.4743
383 1.5323
384 -1.4158
385 0.0000
386 3.1118
387 0.0000
388 0.5898
389 0.0000
390 7.7291
391 0.0000
392 5.7931
393 9.9842
394 0.0000
395 8.0709
396 4.6148
397 0.5842
398 3.4658
399 0.0000
400 1.4004
401 7.0956
402 -0.1171
403 0.0000
404 6.1736
405 5.8645
406 0.6575
407 0.0000
408 0.9161
409 0.7091
410 -7.2886
411 2.5791
412 1.0940
413 -6.2835
414 3.2606
415 5.8563
416 -0.6277
417 0.0000
418 2.9117
419 2.5450
420 -6.1509
421 2.2628
422 5.6553
423 2.1460
424 0.0000
425 -1.1991
426 9.0485
427 0.0453
428 3.8063
429 5.9747
430 -1.8553
431 0.0000
432 5.2387
433 6.4455
434 -1.7437
435 5.5214
436 4.4021
437 0.8465
438 0.0000
439 2.2626
440 -3.3980
441 -3.2816
442 0.8193
443 -4.6057
444 2.3122
445 0.0000
446 3.6758
447 5.1400
448 6.2401
449 7.4322
450 -1.4029
451 2.2749
452 0.0000
453 0.0356
454 -1.7415
455 4.5500
456 3.7970
457 4.2457
458 6.6265
459 0.0000
460 4.7850
461 -2.0531
462 -3.4142
463 2.0024
464 -1.0213
465 -3.9885
466 0.0000
467 -0.4858
468 4.3743
469 -3.8534
470 2.2524
471 4.8187
472 8.9415
473 0.0000
474 3.3332
475 10.0558
476 1.7192
477 4.2261
478 6.1849
479 0.9022
480 0.0000
481 -2.9741
482 5.0770
483 3.0146
484 3.2452
485 1.3974
486 5.5876
487 0.0000
488 13.9802
489 1.1941
490 6.0442
491 1.1352
492 8.3446
493 -0.7259
494 0.0000
495 0.9199
496 2.3973
497 0.0000
498 3.3025
499 1.1342
500 4.7755
501 -5.1837
502 -2.9615
503 2.9272
504 12.3042
505 -1.6077
506 0.0000
507 -1.6674
508 -1.7309
509 0.0000
510 -0.1916
511 -4.9948
512 0.0000
513 -1.7665
514 3.7992
515 0.0000
516 3.3868
517 1.6673
518 0.0000
519 4.4510
520 2.8004
521 0.9085
522 0.0000
523 -0.8066
524 2.7637
525 0.0000
526 7.9922
527 2.9290
528 9.0050
529 0.0000
530 -4.3944
531 5.1388
532 0.0000
533 9.3565
534 13.3383
535 2.8195
536 0.0000
537 0.9949
538 12.6415
539 0.0000
540 -3.3312
541 2.0223
542 0.5990
543 0.0000
544 6.4258
545 6.5327
546 0.0000
547 4.5823
548 5.7824
549 6.9329
550 0.0000
551 0.5278
552 -1.5536
553 0.0000
554 -3.8301
555 0.3828
556 3.4290
557 0.0000
558 2.0510
559 2.4492
560 0.0000
561 2.9881
562 13.5400
563 3.4245
564 0.0000
565 -6.1377
566 -0.7861
567 0.0000
568 2.5211
569 2.6345
570 -1.0667
571 0.0000
572 -2.1530
573 0.1127
574 0.0000
575 6.3006
576 7.3905
577 6.9184
578 0.0000
579 -2.3577
580 7.2855
581 0.0000
582 2.4053
583 2.7810
584 6.3846
585 0.0000
586 3.3571
587 1.0807
588 0.0000
589 0.1782
590 -0.2201
591 4.7345
592 0.0000
593 5.4217
594 2.7940
595 0.0000
596 4.1164
597 -0.0727
598 3.1988
599 0.0000
600 6.5484
601 6.6927
602 0.0000
603 -3.9996
604 6.0866
605 10.7678
606 0.0000
607 2.1188
608 8.7982
609 0.0000
610 0.9800
611 2.4923
612 4.5165
613 0.0000
614 -3.1069
615 4.0325
616 0.0000
617 2.2559
618 0.2537
619 9.3520
620 0.0000
621 4.2230
622 3.1810
623 0.0000
624 7.2425
625 5.9665
626 -1.8067
627 0.0000
628 -3.2641
629 0.0000
630 6.0881
631 0.0000
632 6.7290
633 1.9082
634 0.0000
635 -0.9838
636 0.0000
637 5.6649
638 0.0000
639 5.7404
640 4.6265
641 1.0397
642 0.0000
643 3.3398
644 2.6968
645 11.9857
646 0.0000
647 3.2937
648 10.8171
649 5.9778
650 0.0000
651 6.9237
652 0.0000
653 8.7390
654 0.0000
655 11.7488
656 7.0928
657 0.0000
658 -0.7538
659 0.0000
660 9.1556
661 -2.4976
662 -2.0550
663 4.2621
664 -1.1410
665 2.5113
666 8.8278
667 8.7153
668 7.2998
669 3.1864
670 0.0901
671 12.0766
672 0.3445
673 1.6364
674 -5.0885
675 15.4537
676 0.0000
677 2.2749
678 0.9853
679 4.8346
680 0.7851
681 0.7892
682 10.5892
683 9.6069
684 -1.3876
685 0.0000
686 4.2247
687 12.1680
688 3.0376
689 1.1261
690 5.4758
691 4.7023
692 0.0000
693 1.5059
694 5.7455
695 9.5308
696 0.0000
697 -5.0183
698 0.7380
699 4.7272
700 2.0825
701 -6.3685
702 10.5973
703 6.9476
704 12.4091
705 0.0000
706 7.6656
707 4.7780
708 -1.3735
709 2.6471
710 -1.5909
711 1.0175
712 0.0000
713 1.6426
714 -0.0404
715 2.5494
716 0.0000
717 6.7378
718 1.7447
719 2.9274
720 14.2117
721 -8.9114
722 9.2271
723 0.0335
724 12.4033
725 0.0000
726 12.7980
727 -4.6472
728 5.0193
729 1.7492
730 -5.9601
731 3.2827
732 0.0000
733 -1.5005
734 1.7869
735 3.7280
736 0.0000
737 5.4824
738 -2.0752
739 2.0757
740 11.1734
741 0.2208
742 11.3915
743 3.8270
744 6.4415
745 0.0000
746 7.8576
747 3.6131
748 -6.6955
749 4.2894
750 -9.3643
751 9.0954
752 0.0000
753 1.7112
754 2.9820
755 6.4592
756 11.5348
757 4.1747
758 -1.6635
759 10.1575
760 6.4159
761 1.9301
762 -0.2846
763 -0.4572
764 -0.0512
765 4.2579
766 2.2898
767 0.0000
768 7.0845
769 2.7178
770 5.3479
771 12.6793
772 3.4222
773 -1.0131
774 11.6389
775 12.1924
776 0.0000
777 5.3320
778 2.0853
779 1.9304
780 3.1413
781 0.7167
782 4.9055
783 0.0000
784 0.0308
785 5.2062
786 1.4253
787 0.0000
788 2.7770
789 -3.2406
790 1.3701
791 4.1354
792 -5.2100
793 -2.0260
794 2.7427
795 6.7615
796 0.0000
797 -0.6825
798 3.8928
799 11.0087
800 5.1278
801 1.8886
802 4.2191
803 0.0000
804 5.5721
805 3.9868
806 3.2007
807 0.0000
808 2.8269
809 -4.6137
810 1.6388
811 3.9307
812 -0.2188
813 -4.5689
814 -3.7247
815 4.0105
816 0.0000
817 3.5745
818 7.4706
819 -2.0826
820 3.6489
821 2.6332
822 5.1927
823 0.0000
824 2.9507
825 -0.5746
826 5.9076
827 0.0000
828 6.2768
829 -1.7277
830 4.2033
831 -1.0588
832 2.3480
833 4.6838
834 4.5269
835 12.9372
836 0.0000
837 7.4024
838 2.3010
839 -1.0373
840 5.2628
841 8.1965
842 -2.1701
843 0.0000
844 6.0079
845 2.9933
846 8.3468
847 8.6732
848 1.6799
849 -5.5199
850 4.9788
851 0.5809
852 10.6169
853 -1.8471
854 9.6134
855 -2.9891
856 5.8944
857 1.8274
858 0.0000
859 8.5901
860 1.5061
861 5.0854
862 1.9092
863 0.3782
864 4.0136
865 18.1230
866 4.5630
867 0.0000
868 -0.6344
869 -0.3209
870 9.5223
871 6.3715
872 7.5275
873 4.3463
874 0.0000
875 -0.8474
876 1.5062
877 7.0182
878 0.0000
879 4.5202
880 5.0255
881 4.8924
882 6.1999
883 -0.8776
884 14.9005
885 3.5847
886 9.3232
887 0.0000
888 7.8751
889 -0.5537
890 7.0756
891 4.4892
892 0.7332
893 3.5696
894 0.0000
895 -4.9706
896 11.6542
897 5.1777
898 0.0000
899 2.1064
900 7.7653
901 8.6990
902 11.7972
903 4.0507
904 -4.5851
905 -10.5355
906 -1.6499
907 0.0000
908 -0.2691
909 6.0825
910 5.9080
911 -0.6677
912 4.9264
913 4.8432
914 0.0000
915 -0.6683
916 4.5777
917 -4.8046
918 0.0000
919 8.1400
920 -2.1748
921 -2.2208
922 3.6582
923 1.1121
924 5.3779
925 2.0998
926 -0.9531
927 0.0000
928 -0.4012
929 9.2949
930 1.1305
931 5.0698
932 7.2562
933 4.4680
934 0.0000
935 -0.8678
936 9.3079
937 -1.8099
938 6.1778
939 0.4579
940 1.0932
941 8.0876
942 2.1820
943 5.2079
944 -1.2852
945 2.0048
946 -5.2531
947 9.7871
948 11.9295
949 0.0000
950 5.4693
951 5.2955
952 5.7947
953 -0.1974
954 8.0161
955 4.0459
956 3.7342
957 3.6601
958 0.0000
959 1.7275
960 6.1387
961 5.7891
962 1.9084
963 7.8826
964 11.5660
965 0.0000
966 1.0998
967 4.5167
968 2.8902
969 0.0000
970 9.0053
971 1.7413
972 8.6612
973 -0.6366
974 -1.7697
975 1.7773
976 0.6423
977 6.8649
978 0.0000
979 -3.0996
980 8.1978
981 4.2135
982 8.9410
983 8.2742
984 11.2754
985 0.0000
986 -3.2194
987 4.8884
988 -0.5961
989 0.0000
990 4.2176
991 -3.6677
992 1.6818
993 -0.0633
994 -2.3580
995 -1.2266
996 4.2793
997 6.0179
998 0.0000
999 11.8888
1000 8.9546
1001 -3.1266
1002 9.4873
1003 11.2568
1004 -2.8896
1005 0.0000
1006 0.1519
1007 12.3709
1008 7.7057
1009 0.0000
1010 2.8859
1011 -7.0384
1012 9.4008
1013 12.1786
1014 -6.2869
1015 9.7958
1016 7.5243
1017 5.8904
1018 0.0000
1019 1.2628
1020 1.4472
1021 6.7599
1022 7.5474
1023 -0.6970
1024 -0.9931
1025 0.0000
1026 0.8744
1027 0.0000
1028 3.1783
1029 0.0000
1030 3.8520
1031 10.3196
1032 5.1420
1033 7.6962
1034 0.3614
1035 2.1546
1036 -4.1558
1037 1.8479
1038 0.0000
1039 0.3814
1040 4.4203
1041 5.0014
1042 1.5833
1043 -0.3697
1044 3.3088
1045 0.0000
1046 -1.5208
1047 6.3274
1048 9.7234
1049 9.9718
1050 7.5044
1051 4.4499
1052 0.0000
1053 -1.7814
1054 0.1658
1055 -2.1874
1056 4.7539
1057 1.1535
1058 9.3041
1059 0.0000
1060 5.4402
1061 -1.4242
1062 4.7079
1063 -2.1795
1064 10.1237
1065 7.7093
1066 0.0000
1067 5.3664
1068 11.9269
1069 7.7384
1070 5.4756
1071 -2.8593
1072 1.2460
1073 0.0000
1074 -0.3324
1075 1.5843
1076 10.1154
1077 4.6928
1078 7.1948
1079 2.6371
1080 0.0000
1081 -2.7638
1082 3.0946
1083 6.5420
1084 4.7232
1085 9.3194
1086 1.2336
1087 0.0000
1088 -1.0674
1089 6.9041
1090 8.0722
1091 9.0738
1092 7.2134
1093 0.0134
1094 0.0000
1095 -9.8292
1096 2.3857
1097 0.5934
1098 3.7823
1099 3.5702
1100 1.0468
1101 0.0000
1102 1.2390
1103 6.3527
1104 -3.5688
1105 -1.5354
1106 4.2560
1107 10.3849
1108 0.0000
1109 -0.6288
1110 3.1260
1111 10.2620
1112 5.0431
1113 3.7349
1114 2.3681
1115 0.0000
1116 1.3713
1117 5.9950
1118 7.5028
1119 2.0276
1120 1.1739
1121 0.4245
1122 0.0000
1123 4.2943
1124 0.1571
1125 -0.9675
1126 1.4663
1127 4.2164
1128 7.6756
1129 0.0000
1130 2.8355
1131 7.3807
1132 11.1291
1133 10.7013
1134 4.1182
1135 2.1848
1136 0.0000
1137 7.4469
1138 4.8900
1139 3.1013
1140 0.1716
1141 -0.6252
1142 -5.3034
1143 0.0000
1144 2.1914
1145 0.0000
1146 -2.2053
1147 0.0000
1148 -0.1315
1149 0.0000
1150 1.1332
1151 -6.2505
1152 0.0000
1153 -4.2970
1154 3.0542
1155 -1.3467
1156 4.4418
1157 0.0000
1158 -3.0142
1159 4.6129
1160 6.2386
1161 0.0000
1162 1.9170
1163 6.4919
1164 3.6075
1165 0.0000
1166 6.5681
1167 4.9011
1168 -4.2435
1169 4.3415
1170 7.2267
1171 5.6843
1172 2.3557
1173 6.4755
1174 8.9119
1175 0.0000
1176 0.6313
1177 0.9712
1178 5.4716
1179 9.1426
1180 1.0377
1181 1.0245
1182 0.0000
1183 -2.7513
1184 6.3626
1185 7.4728
1186 5.8214
1187 6.7840
1188 2.6303
1189 0.0000
1190 -3.2811
1191 -0.8195
1192 6.5015
1193 3.2247
1194 1.5522
1195 4.0769
1196 0.0000
1197 1.7739
1198 5.9983
1199 6.5560
1200 4.2562
1201 -0.0721
1202 3.2844
1203 0.0000
1204 5.3836
1205 7.3455
1206 2.2202
1207 -1.7473
1208 -4.5512
1209 0.4488
1210 0.0000
1211 -3.4957
1212 11.9149
1213 0.6785
1214 4.1975
1215 8.9369
1216 13.1940
1217 0.0000
1218 0.8740
1219 3.4394
1220 4.5820
1221 1.4850
1222 7.6371
1223 2.0057
1224 0.0000
1225 8.1715
1226 11.3512
1227 6.7845
1228 3.2348
1229 -0.7673
1230 -0.5791
1231 0.0000
1232 0.1951
1233 2.6331
1234 6.3392
1235 7.0873
1236 3.3493
1237 4.0512
1238 0.0000
1239 1.5644
1240 1.6579
1241 10.6012
1242 6.2464
1243 7.3571
1244 8.1280
1245 0.0000
1246 -4.4070
1247 15.4805
1248 12.5938
1249 -2.8240
1250 2.9499
1251 5.6906
1252 0.0000
1253 3.3142
1254 2.1074
1255 0.0000
1256 6.8913
1257 0.2931
1258 0.5842
1259 0.1400
1260 7.5896
1261 2.8995
1262 -4.0921
1263 -4.8911
1264 0.0000
1265 2.6047
1266 -1.8586
1267 0.0000
1268 0.3932
1269 0.0000
1270 2.7849
1271 0.0000
1272 3.8957
1273 -0.2302
1274 0.0000
1275 3.1614
1276 10.2903
1277 0.0000
1278 6.9727
1279 -2.1625
1280 -1.5543
1281 0.0000
1282 3.1277
1283 4.9126
1284 0.0000
1285 1.5545
1286 12.3368
1287 4.0357
1288 0.0000
1289 -4.2218
1290 5.8418
1291 0.0000
1292 3.7305
1293 -2.8996
1294 2.3772
1295 0.0000
1296 -1.2871
1297 3.5569
1298 0.0000
1299 5.1814
1300 12.6878
1301 6.9459
1302 0.0000
1303 6.6271
1304 -6.1940
1305 0.0000
1306 4.3769
1307 9.4956
1308 10.0224
1309 0.0000
1310 5.3981
1311 5.3142
1312 0.0000
1313 3.1655
1314 7.9697
1315 3.0840
1316 0.0000
1317 5.8145
1318 0.9694
1319 0.0000
1320 -1.2776
1321 -2.1966
1322 -1.4483
1323 0.0000
1324 2.5754
1325 8.7411
1326 0.0000
1327 1.3017
1328 3.4591
1329 5.7141
1330 0.0000
1331 -6.3434
1332 -2.9039
1333 0.0000
1334 5.4366
1335 3.8131
1336 12.8101
1337 0.0000
1338 0.9385
1339 1.4269
1340 0.0000
1341 -1.5705
1342 0.1349
1343 5.3636
1344 0.0000
1345 5.1261
1346 -3.3319
1347 0.0000
1348 5.2255
1349 11.4942
1350 6.3447
1351 0.0000
1352 -1.9274
1353 8.5653
1354 0.0000
1355 7.3744
1356 -1.9177
1357 4.8347
1358 0.0000
1359 2.5167
1360 4.0422
1361 0.0000
1362 1.9697
1363 1.5845
1364 0.4397
1365 0.0000
1366 8.5771
1367 7.2458
1368 0.0000
1369 6.1065
1370 3.1131
1371 11.6336
1372 0.0000
1373 -1.3672
1374 2.1738
1375 0.0000
1376 4.2086
1377 7.7565
1378 3.3073
1379 0.0000
1380 5.9051
1381 9.1140
1382 0.0000
1383 3.9426
1384 7.0950
1385 0.6277
1386 0.0000
1387 -2.7982
1388 0.0000
1389 0.9745
1390 0.0000
1391 0.5794
1392 1.8326
1393 0.0000
1394 -2.3253
1395 0.0000
1396 1.0289
1397 0.0000
1398 1.4295
1399 8.7210
1400 7.1318
1401 0.0000
1402 10.3171
1403 4.3031
1404 4.8723
1405 0.0000
1406 6.7333
1407 8.9536
1408 12.4256
1409 0.0000
1410 1.2742
1411 0.0000
1412 -2.4951
1413 0.0000
1414 3.2869
1415 9.7873
1416 0.0000
1417 -0.7663
1418 0.0000
1419 1.6064
1420 4.2497
1421 1.5678
1422 7.4097
1423 2.2594
1424 3.0597
1425 0.7777
1426 3.6494
1427 -3.6982
1428 6.5395
1429 6.3955
1430 3.3275
1431 1.4223
1432 -0.9071
1433 2.9030
1434 8.2661
1435 0.0000
1436 4.3450
1437 3.9555
1438 3.8328
1439 0.1234
1440 -2.0344
1441 2.7642
1442 -2.3575
1443 2.4771
1444 0.0000
1445 0.9045
1446 1.2350
1447 6.9070
1448 4.4723
1449 6.9772
1450 4.4552
1451 0.0000
1452 -5.2145
1453 -1.7303
1454 3.1797
1455 0.0000
1456 11.0902
1457 -7.6762
1458 3.9647
1459 1.3341
1460 5.9340
1461 -2.6546
1462 3.7006
1463 2.2192
1464 0.0000
1465 4.5653
1466 8.5527
1467 7.1371
1468 -0.4439
1469 6.3650
1470 4.4549
1471 0.0000
1472 3.3889
1473 8.6675
1474 -1.3600
1475 0.0000
1476 4.0557
1477 -3.8487
1478 2.5698
1479 0.3077
1480 1.4039
1481 11.1602
1482 -1.4251
1483 11.4462
1484 0.0000
1485 9.3634
1486 -2.4276
1487 4.9733
1488 13.5190
1489 1.9486
1490 2.2239
1491 0.0000
1492 -0.1410
1493 4.8637
1494 8.1624
1495 0.0000
1496 5.9463
1497 -0.2356
1498 4.7754
1499 8.9901
1500 4.4545
1501 9.8654
1502 2.5463
1503 6.9136
1504 0.0000
1505 10.0830
1506 3.1105
1507 3.1469
1508 7.1009
1509 -0.8698
1510 1.8669
1511 0.0000
1512 -3.0063
1513 -0.6109
1514 4.6305
1515 1.6083
1516 -0.7757
1517 1.1959
1518 4.8869
1519 6.1491
1520 2.5081
1521 7.6201
1522 6.1125
1523 0.1087
1524 3.8141
1525 -2.3766
1526 0.0000
1527 3.3305
1528 -0.3572
1529 6.9992
1530 -1.2125
1531 -0.2121
1532 0.3073
1533 -3.7065
1534 1.9713
1535 0.0000
1536 3.7606
1537 1.2357
1538 2.0672
1539 1.5756
1540 -4.3573
1541 2.1857
1542 0.0000
1543 -2.0455
1544 5.0425
1545 -6.3366
1546 0.0000
1547 -1.4488
1548 -0.1382
1549 -2.2862
1550 -1.6153
1551 -0.0061
1552 3.5936
1553 -4.1317
1554 0.5466
1555 0.0000
1556 6.9705
1557 3.3614
1558 9.3648
1559 6.9958
1560 1.6599
1561 -0.7812
1562 0.0000
1563 -2.5228
1564 0.6111
1565 4.8367
1566 0.0000
1567 7.0090
1568 -2.0074
1569 -0.7038
1570 -1.7653
1571 2.8383
1572 5.5603
1573 1.9126
1574 -3.4352
1575 0.0000
1576 -0.4901
1577 4.6416
1578 5.9745
1579 -6.1679
1580 0.1734
1581 6.8949
1582 0.0000
1583 -2.0095
1584 8.1131
1585 4.0957
1586 0.0000
1587 -2.5512
1588 2.6694
1589 -4.4029
1590 -0.5114
1591 6.8207
1592 5.1939
1593 8.9415
1594 -1.3000
1595 0.0000
1596 5.0786
1597 3.0669
1598 6.6179
1599 9.0666
1600 5.2215
1601 -1.4567
1602 0.0000
1603 1.2979
1604 8.8152
1605 4.0449
1606 6.1272
1607 0.5902
1608 4.9153
1609 8.0101
1610 6.6569
1611 1.1944
1612 6.8335
1613 -1.1018
1614 -0.8710
1615 5.9472
1616 -0.0743
1617 0.0000
1618 4.9448
1619 5.4537
1620 3.3084
1621 1.2873
1622 -3.5660
1623 -5.7334
1624 -1.9594
1625 10.1497
1626 0.0000
1627 8.8507
1628 -0.5845
1629 0.4216
1630 -2.8753
1631 4.2672
1632 8.0122
1633 0.0000
1634 3.9079
1635 -0.6007
1636 -0.9981
1637 0.0000
1638 4.6671
1639 -2.1982
1640 0.3540
1641 13.0189
1642 -1.3578
1643 -3.1913
1644 3.2781
1645 0.9195
1646 0.0000
1647 7.0570
1648 13.0917
1649 6.9226
1650 10.5582
1651 6.5022
1652 8.1649
1653 0.0000
1654 -4.9137
1655 1.4922
1656 -2.1837
1657 0.0000
1658 9.4714
1659 4.5467
1660 6.3138
1661 4.8126
1662 0.1382
1663 1.3787
1664 3.4659
1665 4.9760
1666 0.0000
1667 7.9642
1668 9.9078
1669 -0.7167
1670 9.7028
1671 6.5586
1672 7.7962
1673 0.0000
1674 6.0074
1675 0.4277
1676 -7.6748
1677 0.0000
1678 7.1242
1679 2.3224
1680 -3.4446
1681 1.1051
1682 0.1703
1683 0.5024
1684 -1.6526
1685 2.0826
1686 0.0000
1687 8.1781
1688 8.0263
1689 7.0650
1690 -1.4855
1691 6.9855
1692 9.2050
1693 0.0000
1694 -2.6274
1695 12.4148
1696 4.9128
1697 -1.5670
1698 10.5733
1699 8.6345
1700 6.6865
1701 4.1444
1702 2.7270
1703 5.2588
1704 4.7664
1705 11.1242
1706 9.8309
1707 3.0469
1708 0.0000
1709 -0.7829
1710 6.5276
1711 1.7786
1712 1.2589
1713 3.9195
1714 -2.6076
1715 2.2316
1716 -1.0589
1717 0.0000
1718 3.0879
1719 11.0339
1720 3.9738
1721 2.9673
1722 4.1241
1723 1.6396
1724 0.0000
1725 -4.5786
1726 4.8203
1727 9.7971
1728 0.0000
1729 -1.2657
1730 -10.5380
1731 14.1000
1732 2.0569
1733 -2.4065
1734 9.1092
1735 -1.1043
1736 4.7682
1737 0.0000
1738 -0.0215
1739 2.2297
1740 6.6105
1741 0.3517
1742 6.7174
1743 7.8977
1744 0.0000
1745 2.2196
1746 0.1399
1747 0.5737
1748 0.0000
1749 8.7235
1750 -14.2994
1751 2.1228
1752 5.3780
1753 5.9244
1754 16.0486
1755 1.0883
1756 -0.7236
1757 0.0000
1758 5.6131
1759 4.0022
1760 2.7606
1761 2.8712
1762 3.2512
1763 -2.1578
1764 0.0000
1765 -1.4183
1766 7.0631
1767 2.3280
1768 0.0000
1769 5.1275
1770 4.9621
1771 2.6089
1772 3.0332
1773 4.7282
1774 -0.8764
1775 -9.8203
1776 6.6057
1777 0.0000
1778 11.5020
1779 5.2832
1780 2.4599
1781 10.2179
1782 -3.1239
1783 -0.6329
1784 0.0000
1785 1.9157
1786 0.0000
1787 5.6730
1788 0.0000
1789 1.5966
1790 -0.1029
1791 -5.7066
1792 3.7923
1793 1.2580
1794 4.1244
1795 0.7165
1796 3.6419
1797 0.0000
1798 -0.4797
1799 0.9181
1800 -8.4514
1801 3.8843
1802 2.2538
1803 2.2739
1804 0.0000
1805 -1.3465
1806 0.1773
1807 4.8512
1808 3.4035
1809 1.2351
1810 4.0202
1811 0.0000
1812 -5.2303
1813 -1.8852
1814 5.7476
1815 0.8236
1816 4.9503
1817 2.3777
1818 0.0000
1819 0.5862
1820 3.8304
1821 1.5726
1822 -5.3455
1823 5.4350
1824 1.5378
1825 0.0000
1826 -1.4061
1827 7.2111
1828 5.9680
1829 2.6368
1830 5.4623
1831 9.1406
1832 0.0000
1833 2.3940
1834 0.8788
1835 -3.3500
1836 6.8505
1837 7.1398
1838 -0.1456
1839 0.0000
1840 6.1279
1841 2.3331
1842 5.9035
1843 12.4413
1844 0.7244
1845 6.9824
1846 0.0000
1847 5.0876
1848 3.0370
1849 13.2160
1850 6.7325
1851 10.6531
1852 -0.0094
1853 0.0000
1854 5.6202
1855 6.3709
1856 1.9734
1857 0.9842
1858 7.3466
1859 9.5173
1860 0.0000
1861 5.7321
1862 -0.1315
1863 3.5692
1864 -3.4769
1865 10.4374
1866 12.9894
1867 0.0000
1868 -0.4595
1869 -0.6948
1870 0.7351
1871 5.9720
1872 3.8460
1873 9.0884
1874 0.0000
1875 0.4826
1876 3.2360
1877 3.7691
1878 0.3763
1879 4.1055
1880 4.1863
1881 0.0000
1882 0.7377
1883 5.4749
1884 2.3112
1885 4.7006
1886 7.0278
1887 3.4689
1888 0.0000
1889 4.9061
1890 -9.1241
1891 7.5605
1892 0.0535
1893 10.3694
1894 7.5852
1895 0.0000
1896 -1.0142
1897 7.1590
1898 6.5278
1899 11.9067
1900 3.4836
1901 -0.0369
1902 0.0000
1903 3.3589
1904 0.0000
1905 11.2932
1906 0.0000
1907 6.7255
1908 0.0000
1909 3.6334
1910 5.1733
1911 0.0000
1912 2.1960
1913 5.8045
1914 4.6345
1915 10.9236
1916 0.0000
1917 5.5337
1918 4.7013
1919 9.4360
1920 0.0000
1921 1.1743
1922 3.3128
1923 3.8358
1924 0.0000
1925 1.5271
1926 10.6195
1927 -1.6030
1928 -1.6573
1929 9.1953
1930 7.5910
1931 5.1911
1932 4.8207
1933 -0.6347
1934 0.0000
1935 4.0996
1936 -6.4996
1937 -1.3788
1938 4.7367
1939 5.9627
1940 -3.8988
1941 0.0000
1942 1.3574
1943 -2.6436
1944 7.7074
1945 1.5123
1946 3.0962
1947 5.3300
1948 0.0000
1949 -3.2937
1950 6.6023
1951 7.8136
1952 9.0114
1953 1.9830
1954 5.6019
1955 0.0000
1956 5.2133
1957 -0.1303
1958 3.3047
1959 3.4861
1960 6.3662
1961 3.2648
1962 0.0000
1963 -2.8566
1964 5.8069
1965 5.3594
1966 4.5888
1967 1.4567
1968 -2.3855
1969 0.0000
1970 0.6939
1971 5.5592
1972 5.8390
1973 4.4811
1974 -2.2773
1975 -1.8937
1976 0.0000
1977 4.9067
1978 5.6611
1979 3.0932
1980 6.6816
1981 -0.6226
1982 6.6882
1983 0.0000
1984 2.7767
1985 6.4578
1986 6.8734
1987 9.7972
1988 3.6070
1989 3.9839
1990 0.0000
1991 3.0103
1992 7.1534
1993 5.0823
1994 4.9748
1995 3.0105
1996 2.4432
1997 0.0000
1998 3.4898
1999 10.3043
2000 1.4348
2001 0.7781
2002 7.2179
2003 7.9814
2004 0.0000
2005 -0.1485
2006 7.0031
2007 0.2242
2008 5.2229
2009 4.1454
2010 3.1819
2011 0.0000
2012 -0.3938
2013 2.8434
2014 0.0000
2015 5.1183
2016 3.4025
2017 5.3761
2018 -8.6487
2019 3.4058
2020 0.1436
2021 -6.7039
2022 1.2303
2023 0.0000
2024 5.7030
2025 2.8201
2026 0.0000
2027 6.0469
2028 0.0000
2029 6.7586
2030 0.0000
2031 3.8023
2032 -0.5117
2033 0.0000
2034 0.4698
2035 3.8725
2036 0.0000
2037 -0.2194
2038 5.9410
2039 -3.0409
2040 0.0000
2041 1.2243
2042 -1.5011
2043 0.0000
2044 -2.7872
2045 2.6295
2046 2.8283
2047 0.0000
2048 -2.8195
2049 0.9888
2050 0.0000
2051 2.6249
2052 9.1005
2053 5.5426
2054 0.0000
2055 6.3586
2056 0.1214
2057 0.0000
2058 6.4756
2059 6.0808
2060 1.8528
2061 0.0000
2062 -2.0975
2063 4.2396
2064 0.0000
2065 -0.0353
2066 -3.2679
2067 2.2096
2068 0.0000
2069 0.0181
2070 1.5474
2071 0.0000
2072 12.2838
2073 4.8330
2074 1.1355
2075 0.0000
2076 -3.0136
2077 3.9153
2078 0.0000
2079 8.3209
2080 3.8921
2081 -0.8300
2082 0.0000
2083 8.5003
2084 3.5894
2085 0.0000
2086 5.5673
2087 5.9396
2088 9.7010
2089 0.0000
2090 5.9874
2091 9.4998
2092 0.0000
2093 -3.9604
2094 6.3658
2095 3.6512
2096 0.0000
2097 -1.8312
2098 2.5554
2099 0.0000
2100 4.1960
2101 6.3600
2102 6.2917
2103 0.0000
2104 6.9781
2105 2.4657
2106 0.0000
2107 6.8259
2108 8.9835
2109 7.1663
2110 0.0000
2111 3.0170
2112 4.6419
2113 0.0000
2114 1.9967
2115 2.7878
2116 6.0940
2117 0.0000
2118 5.5819
2119 5.8646
2120 0.0000
2121 4.5918
2122 12.8844
2123 2.7931
2124 0.0000
2125 2.9842
2126 -0.4529
2127 0.0000
2128 3.1266
2129 0.6113
2130 10.1410
2131 0.0000
2132 6.9566
2133 1.2122
2134 0.0000
2135 -1.0098
2136 3.5428
2137 8.3997
2138 0.0000
2139 5.4189
2140 6.3288
2141 0.0000
2142 3.1557
2143 8.2691
2144 -1.3973
2145 0.0000
2146 0.8785
2147 0.0000
2148 2.5483
2149 0.0000
2150 -1.3194
2151 8.6691
2152 0.0000
2153 3.6961
2154 0.0000
2155 -1.9299
2156 0.0000
2157 3.8132
2158 0.1729
2159 7.5526
2160 0.0000
2161 0.8541
2162 4.8904
2163 1.0706
2164 0.0000
2165 4.8658
2166 0.8135
2167 5.1464
2168 0.0000
2169 5.2896
2170 0.0000
2171 6.2549
2172 0.0000
2173 3.7158
2174 11.8555
2175 0.0000
2176 5.3569
2177 0.0000
2178 0.4108
2179 -0.1985
2180 -2.3593
2181 3.5747
2182 4.8927
2183 0.8313
2184 0.9558
2185 8.5908
2186 2.4073
2187 2.0853
2188 -0.0008
2189 -1.7348
2190 3.6770
2191 3.0491
2192 7.5343
2193 6.1687
2194 0.0000
2195 8.7521
2196 2.4189
2197 11.9582
2198 -2.4760
2199 -4.5798
2200 7.6565
2201 9.2914
2202 3.1256
2203 0.0000
2204 5.0618
2205 7.0829
2206 0.7609
2207 4.7109
2208 -4.0727
2209 -0.8606
2210 0.0000
2211 -0.2856
2212 9.2510
2213 9.6342
2214 0.0000
2215 2.6717
2216 4.7788
2217 1.4012
2218 2.3826
2219 -5.6075
2220 0.2939
2221 3.0984
2222 8.9655
2223 0.0000
2224 0.9524
2225 4.6652
2226 7.8184
2227 3.2635
2228 3.7175
2229 5.2439
2230 0.0000
2231 -0.3703
2232 0.6282
2233 2.5293
2234 0.0000
2235 1.8176
2236 6.0701
2237 6.4870
2238 2.5971
2239 -0.8697
2240 0.1737
2241 3.1123
2242 8.3525
2243 0.0000
2244 5.8796
2245 6.1177
2246 3.5754
2247 -0.3252
2248 2.1124
2249 2.8652
2250 0.0000
2251 0.3017
2252 0.9947
2253 2.7074
2254 0.0000
2255 7.3027
2256 -1.8860
2257 3.3694
2258 11.0700
2259 -0.4913
2260 0.4429
2261 4.2600
2262 2.7637
2263 0.0000
2264 8.5779
2265 3.0870
2266 1.9452
2267 7.3814
2268 5.1848
2269 -0.4023
2270 0.0000
2271 3.3232
2272 6.0263
2273 3.5919
2274 -1.6294
2275 6.1472
2276 6.9312
2277 6.1480
2278 -1.7117
2279 -0.7473
2280 6.5725
2281 1.8849
2282 2.8968
2283 4.2818
2284 1.8750
2285 0.0000
2286 4.9398
2287 9.4195
2288 9.2285
2289 -6.0488
2290 -4.4412
2291 8.9921
2292 -2.2015
2293 4.1107
2294 0.0000
2295 3.7740
2296 6.2397
2297 5.2511
2298 -2.5004
2299 7.6404
2300 3.2491
2301 0.0000
2302 -2.9841
2303 3.7368
2304 3.7043
2305 0.0000
2306 6.2529
2307 -3.4235
2308 -0.6353
2309 -1.2150
2310 -2.3953
2311 14.6368
2312 2.7951
2313 4.4237
2314 0.0000
2315 8.2408
2316 1.3884
2317 6.7962
2318 11.4450
2319 6.5220
2320 2.4321
2321 0.0000
2322 -0.4392
2323 -7.3276
2324 1.3564
2325 0.0000
2326 2.3020
2327 -1.6738
2328 6.9379
2329 8.7112
2330 1.0075
2331 2.7878
2332 5.9034
2333 4.8323
2334 0.0000
2335 4.8672
2336 7.1218
2337 7.8328
2338 6.0539
2339 0.8249
2340 4.4215
2341 0.0000
2342 -4.0298
2343 4.7102
2344 4.6721
2345 0.0000
2346 -2.2851
2347 8.2558
2348 9.6081
2349 7.8399
2350 -1.4207
2351 4.8113
2352 0.5284
2353 2.1496
2354 0.0000
2355 7.5047
2356 9.1812
2357 0.5713
2358 7.2058
2359 3.5148
2360 -6.3411
2361 0.0000
2362 -3.8965
2363 3.8368
2364 5.1542
2365 8.4297
2366 -0.0779
2367 4.2360
2368 2.6867
2369 1.0890
2370 6.3335
2371 6.7745
2372 2.4123
2373 5.6424
2374 7.1943
2375 0.0481
2376 0.0000
2377 1.7190
2378 -0.8204
2379 3.3513
2380 10.8505
2381 -0.9107
2382 11.2760
2383 1.3328
2384 13.6480
2385 0.0000
2386 6.5914
2387 10.1993
2388 10.7684
2389 0.8276
2390 4.0777
2391 6.7666
2392 0.0000
2393 3.8655
2394 1.4134
2395 9.0820
2396 0.0000
2397 -0.5263
2398 2.1923
2399 -1.0000
2400 7.7117
2401 -3.4689
2402 12.4111
2403 2.9844
2404 10.2788
2405 0.0000
2406 -2.6815
2407 2.9887
2408 7.2490
2409 0.8505
2410 4.2203
2411 3.6621
2412 0.0000
2413 7.0911
2414 10.4855
2415 6.0011
2416 0.0000
2417 -0.9088
2418 4.1185
2419 8.9063
2420 1.4630
2421 3.2267
2422 4.3182
2423 -2.9502
2424 8.2117
2425 0.0000
2426 3.2928
2427 10.3631
2428 8.7575
2429 8.0962
2430 9.1668
2431 2.9489
2432 0.0000
2433 5.7251
2434 5.0835
2435 3.1810
2436 0.0000
2437 6.8635
2438 -2.3719
2439 0.8703
2440 6.6943
2441 1.3317
2442 3.4713
2443 -4.3334
2444 1.9139
2445 0.0000
2446 15.9096
2447 2.1082
2448 -0.2378
2449 1.7119
2450 5.8479
2451 6.8571
2452 0.0000
2453 -0.2583
2454 4.6328
2455 -4.2819
2456 4.6005
2457 0.8695
2458 -0.0597
2459 7.7091
2460 7.6225
2461 -2.8581
2462 7.0195
2463 2.1308
2464 0.8153
2465 -2.0951
2466 -0.2997
2467 0.0000
2468 5.6385
2469 -0.2197
2470 -4.0113
2471 5.5880
2472 -7.6765
2473 1.5821
2474 -1.6585
2475 4.2501
2476 0.0000
2477 8.9773
2478 6.1657
2479 6.1640
2480 7.0676
2481 2.9206
2482 12.9727
2483 0.0000
2484 1.9819
2485 3.3125
2486 7.9315
2487 0.0000
2488 -1.2418
2489 -2.9145
2490 6.4336
2491 9.8520
2492 -5.5489
2493 -0.9831
2494 0.2172
2495 7.9680
2496 0.0000
2497 2.7070
2498 3.7360
2499 4.2709
2500 6.5587
2501 4.4672
2502 2.8635
2503 0.0000
2504 -1.6509
2505 5.3431
2506 2.4241
2507 0.0000
2508 8.5845
2509 -0.1866
2510 5.6996
2511 3.1621
2512 -2.6172
2513 0.6001
2514 -1.8576
2515 -0.7481
2516 0.0000
2517 1.6394
2518 3.1566
2519 5.9220
2520 -1.2825
2521 7.4017
2522 -5.0978
2523 0.0000
2524 7.0970
2525 10.4181
2526 9.4760
2527 0.0000
2528 2.6971
2529 0.6176
2530 11.4460
2531 -2.0764
2532 0.8705
2533 16.6061
2534 0.6867
2535 9.3798
2536 0.0000
2537 3.3472
2538 3.3092
2539 15.7482
2540 10.5381
2541 0.1652
2542 -3.3836
2543 0.0000
2544 -4.5342
2545 0.0000
2546 7.6862
2547 0.0000
2548 8.9070
2549 2.9166
2550 2.7166
2551 9.5859
2552 8.3007
2553 11.3719
2554 3.7470
2555 5.6041
2556 0.0000
2557 2.5409
2558 12.0988
2559 5.0000
2560 6.1198
2561 5.6605
2562 0.0187
2563 0.0000
2564 5.9029
2565 5.8619
2566 6.8078
2567 -8.3508
2568 0.0737
2569 0.0406
2570 0.0000
2571 4.8789
2572 -4.9207
2573 10.1823
2574 4.6191
2575 2.6928
2576 -2.4438
2577 0.0000
2578 5.2096
2579 2.7789
2580 7.0094
2581 3.7562
2582 10.6550
2583 4.4331
2584 0.0000
2585 -3.8144
2586 5.0642
2587 1.7666
2588 1.4260
2589 2.8153
2590 -4.5077
2591 0.0000
2592 1.1085
2593 -5.2379
2594 2.2857
2595 0.6363
2596 10.6622
2597 1.5262
2598 0.0000
2599 -1.8936
2600 7.6268
2601 7.5468
2602 8.0837
2603 6.2919
2604 1.2868
2605 0.0000
2606 -1.8885
2607 -2.7556
2608 -0.8562
2609 -1.3177
2610 1.5704
2611 4.8874
2612 0.0000
2613 2.6607
2614 3.0559
2615 1.4347
2616 6.8050
2617 4.9034
2618 0.3013
2619 0.0000
2620 -2.3635
2621 1.1997
2622 2.3229
2623 0.4982
2624 5.2052
2625 10.4558
2626 0.0000
2627 -0.2733
2628 3.7414
2629 7.1858
2630 11.6823
2631 0.0908
2632 5.7713
2633 0.0000
2634 6.1272
2635 3.7858
2636 2.9203
2637 7.6144
2638 6.9914
2639 1.1471
2640 0.0000
2641 7.3530
2642 10.1733
2643 4.2555
2644 2.1830
2645 5.3532
2646 -4.4444
2647 0.0000
2648 6.0916
2649 8.5802
2650 0.6679
2651 5.4079
2652 -2.0651
2653 -0.9798
2654 0.0000
2655 4.4252
2656 3.4865
2657 5.1881
2658 -1.2614
2659 10.4567
2660 6.0585
2661 0.0000
2662 -5.0039
2663 0.0000
2664 2.1952
2665 0.0000
2666 3.0047
2667 0.0000
2668 4.6526
2669 3.3562
2670 0.0000
2671 10.6926
2672 10.1311
2673 5.3843
2674 7.1110
2675 0.0000
2676 3.7308
2677 4.3727
2678 5.1472
2679 0.0000
2680 5.3588
2681 5.3370
2682 5.3456
2683 0.0000
2684 11.2906
2685 0.4491
2686 2.8661
2687 -2.0178
2688 4.8917
2689 -5.4699
2690 -6.4559
2691 -0.1976
2692 3.2298
2693 0.0000
2694 -1.9184
2695 5.4977
2696 -6.7564
2697 0.9468
2698 2.2198
2699 4.5015
2700 0.0000
2701 1.5627
2702 3.8698
2703 1.6408
2704 5.3756
2705 1.1778
2706 1.1929
2707 0.0000
2708 1.4218
2709 3.1447
2710 4.0970
2711 4.4846
2712 0.4772
2713 0.9971
2714 0.0000
2715 6.9069
2716 -7.8217
2717 1.1476
2718 10.1299
2719 2.8340
2720 -2.4162
2721 0.0000
2722 -4.9436
2723 3.4540
2724 7.4830
2725 8.0092
2726 5.8785
2727 2.4331
2728 0.0000
2729 7.9549
2730 6.7117
2731 0.7686
2732 10.5841
2733 0.0774
2734 1.2917
2735 0.0000
2736 -2.1333
2737 2.2856
2738 -2.5175
2739 4.8219
2740 6.2885
2741 -0.1384
2742 0.0000
2743 -4.1650
2744 6.7684
2745 4.2976
2746 8.6306
2747 -0.1291
2748 5.8357
2749 0.0000
2750 -6.3267
2751 1.0077
2752 1.6618
2753 0.6243
2754 1.3474
2755 -0.4989
2756 0.0000
2757 2.6612
2758 6.3066
2759 9.2065
2760 1.0082
2761 -2.9023
2762 0.8532
2763 0.0000
2764 3.0232
2765 9.3945
2766 8.7390
2767 -0.4498
2768 -2.5119
2769 0.9825
2770 0.0000
2771 5.7862
2772 1.6816
2773 0.0000
2774 4.0862
2775 -0.0157
2776 -2.9155
2777 4.9938
2778 -0.0120
2779 6.4449
2780 -1.3624
2781 4.3751
2782 0.0000
2783 9.1737
2784 6.2698
2785 0.0000
2786 0.1017
2787 0.0000
2788 1.8128
2789 0.0000
2790 -2.0304
2791 7.1225
2792 0.0000
2793 8.3598
2794 9.0644
2795 0.0000
2796 1.0270
2797 1.4851
2798 6.1782
2799 0.0000
2800 -2.6297
2801 9.7528
2802 0.0000
2803 12.9562
2804 -2.1173
2805 1.6881
2806 0.0000
2807 1.2054
2808 9.4964
2809 0.0000
2810 -3.0086
2811 -0.3120
2812 3.4089
2813 0.0000
2814 4.2481
2815 4.9758
2816 0.0000
2817 -0.0525
2818 4.4897
2819 0.6195
2820 0.0000
2821 1.5322
2822 8.2260
2823 0.0000
2824 9.9347
2825 -1.3676
2826 2.1187
2827 0.0000
2828 2.5459
2829 3.0616
2830 0.0000
2831 1.6720
2832 1.9455
2833 1.0361
2834 0.0000
2835 -2.2942
2836 4.7698
2837 0.0000
2838 12.3950
2839 15.2945
2840 5.2887
2841 0.0000
2842 -2.6301
2843 -2.3371
2844 0.0000
2845 8.7479
2846 13.2090
2847 -0.0169
2848 0.0000
2849 9.3822
2850 3.4743
2851 0.0000
2852 2.5688
2853 4.6003
2854 4.3379
2855 0.0000
2856 0.7183
2857 8.3601
2858 0.0000
2859 -5.7515
2860 4.5235
2861 -0.9199
2862 0.0000
2863 -6.2911
2864 -0.0859
2865 0.0000
2866 2.4856
2867 3.0409
2868 1.2077
2869 0.0000
2870 -1.5764
2871 0.1217
2872 0.0000
2873 1.3359
2874 3.4844
2875 -3.7016
2876 0.0000
2877 -2.3317
2878 6.7665
2879 0.0000
2880 3.6028
2881 4.8446
2882 19.2993
2883 0.0000
2884 -4.7120
2885 14.8041
2886 0.0000
2887 -5.9813
2888 -1.1059
2889 5.9011
2890 0.0000
2891 6.2279
2892 6.7950
2893 0.0000
2894 4.0908
2895 -3.1015
2896 4.2534
2897 0.0000
2898 -3.0938
2899 2.9483
2900 0.0000
2901 3.1470
2902 0.6876
2903 -5.2792
2904 0.0000
2905 -1.5384
2906 0.0000
2907 9.1837
2908 0.0000
2909 5.5411
2910 8.2047
2911 0.0000
2912 6.5061
2913 0.0000
2914 0.4010
2915 0.0000
2916 7.9720
2917 -3.0816
2918 5.1245
2919 0.0000
2920 -6.6119
2921 -9.7696
2922 7.1706
2923 0.0000
2924 5.9279
2925 9.9427
2926 7.8602
2927 0.0000
2928 8.8121
2929 0.0000
2930 4.5468
2931 0.0000
2932 0.9575
2933 2.7677
2934 0.0000
2935 -2.9953
2936 0.0000
2937 6.3541
2938 -3.9165
2939 1.4584
2940 13.0627
2941 2.9141
2942 9.1392
2943 6.6753
2944 3.5446
2945 0.6078
2946 1.7024
2947 2.5441
2948 4.5757
2949 8.7114
2950 7.1642
2951 4.3310
2952 9.7053
2953 0.0000
2954 4.5124
2955 -4.8977
2956 9.0762
2957 6.6978
2958 -3.2352
2959 0.9488
2960 1.2040
2961 -7.9060
2962 0.0000
2963 6.5767
2964 -7.3875
2965 3.6991
2966 -0.2706
2967 -6.7081
2968 2.0561
2969 0.0000
2970 -2.2849
2971 9.6269
2972 1.9256
2973 0.0000
2974 1.1670
2975 3.9602
2976 -0.3576
2977 8.2992
2978 6.7266
2979 3.9803
2980 -2.0406
2981 8.6369
2982 0.0000
2983 5.5826
2984 -0.1705
2985 7.4305
2986 4.5548
2987 -3.2434
2988 -2.3653
2989 0.0000
2990 3.4348
2991 6.3404
2992 3.6373
2993 0.0000
2994 3.4879
2995 -3.6485
2996 -0.2697
2997 0.9737
2998 -3.2505
2999 -0.8932
3000 -3.2089
3001 5.8037
3002 0.0000
3003 14.9294
3004 -0.4593
3005 5.4017
3006 5.3190
3007 4.5066
3008 9.0143
3009 0.0000
3010 3.5062
3011 3.4389
3012 4.9372
3013 0.0000
3014 3.2801
3015 3.7360
3016 2.4160
3017 4.7845
3018 -0.5447
3019 -1.2775
3020 2.8793
3021 12.4715
3022 0.0000
3023 2.9274
3024 -3.6299
3025 4.9206
3026 -4.3817
3027 3.2055
3028 10.4242
3029 0.0000
3030 2.8270
3031 10.0881
3032 8.8297
3033 5.5170
3034 4.4721
3035 1.5410
3036 7.5818
3037 7.2032
3038 5.0431
3039 1.8959
3040 5.1247
3041 -1.1342
3042 10.3770
3043 5.2761
3044 0.0000
3045 6.4403
3046 -7.7708
3047 2.7299
3048 4.2069
3049 -2.3753
3050 14.7448
3051 3.8986
3052 6.5247
3053 0.0000
3054 8.0934
3055 7.4487
3056 7.7476
3057 6.2583
3058 5.9007
3059 8.5091
3060 0.0000
3061 -6.7834
3062 -8.7508
3063 1.3847
3064 0.0000
3065 3.0886
3066 -2.2576
3067 9.4063
3068 -5.6579
3069 -4.3815
3070 13.0921
3071 4.1840
3072 6.6806
3073 0.0000
3074 13.0757
3075 9.4187
3076 12.4223
3077 1.8019
3078 3.5309
3079 14.1664
3080 0.0000
3081 -0.8001
3082 6.5085
3083 2.5922
3084 0.0000
3085 5.2544
3086 1.0507
3087 6.1724
3088 3.0056
3089 8.0639
3090 4.9339
3091 10.0901
3092 1.6018
3093 0.0000
3094 4.5705
3095 -0.1153
3096 10.0012
3097 3.4898
3098 0.7284
3099 6.4998
3100 0.0000
3101 -9.4266
3102 4.1294
3103 -5.7838
3104 0.0000
3105 0.6362
3106 -3.3435
3107 2.0501
3108 5.4032
3109 3.3985
3110 8.8725
3111 -5.3188
3112 -1.3361
3113 0.0000
3114 4.4123
3115 8.7265
3116 4.3360
3117 5.0125
3118 3.3578
3119 2.4615
3120 0.0000
3121 4.8965
3122 -0.1073
3123 0.9596
3124 1.3524
3125 1.5850
3126 1.9038
3127 1.2665
3128 -7.9595
3129 1.5989
3130 5.7140
3131 15.6926
3132 -0.3041
3133 -0.8357
3134 5.8334
3135 0.0000
3136 -1.1152
3137 0.9904
3138 -0.9215
3139 6.1394
3140 9.1767
3141 -3.2692
3142 -1.1023
3143 -1.1726
3144 0.0000
3145 1.7705
3146 5.1698
3147 3.4415
3148 1.1872
3149 2.4517
3150 8.5623
3151 0.0000
3152 -3.8647
3153 3.5224
3154 2.4452
3155 0.0000
3156 3.8405
3157 -1.2707
3158 5.2881
3159 7.5729
3160 0.2103
3161 1.3952
3162 -1.3638
3163 3.0532
3164 0.0000
3165 2.0736
3166 2.0780
3167 1.4710
3168 7.2002
3169 3.6984
3170 12.8098
3171 0.0000
3172 -5.6849
3173 5.9542
3174 1.1519
3175 0.0000
3176 3.9206
3177 1.0641
3178 1.4200
3179 4.3294
3180 2.0606
3181 -11.3334
3182 8.4139
3183 -1.7222
3184 0.0000
3185 7.5159
3186 5.8006
3187 2.3321
3188 3.1597
3189 4.9558
3190 -5.7832
3191 0.0000
3192 3.6346
3193 4.5162
3194 15.7390
3195 0.0000
3196 0.9729
3197 1.2943
3198 7.3771
3199 1.7963
3200 -4.1856
3201 -5.7842
3202 -5.0905
3203 5.3918
3204 0.0000
3205 2.9356
3206 4.4632
3207 6.6174
3208 11.7775
3209 1.3957
3210 8.4473
3211 0.0000
3212 2.8514
3213 1.0535
3214 3.2861
3215 12.5680
3216 5.1582
3217 5.8635
3218 3.9654
3219 5.5220
3220 5.0975
3221 6.3419
3222 3.3701
3223 -3.3468
3224 1.0964
3225 8.7115
3226 0.0000
3227 4.6874
3228 -6.8481
3229 1.1028
3230 -5.8161
3231 -4.9733
3232 4.1971
3233 -1.6449
3234 4.7702
3235 0.0000
3236 -2.1175
3237 11.1452
3238 5.3899
3239 6.2731
3240 1.8760
3241 -0.5610
3242 0.0000
3243 1.1661
3244 4.7619
3245 1.7915
3246 0.0000
3247 -2.3435
3248 1.6647
3249 1.8263
3250 -1.4467
3251 -5.4328
3252 17.0370
3253 -1.9836
3254 3.6460
3255 0.0000
3256 7.8678
3257 3.0169
3258 1.8188
3259 -4.9011
3260 6.4134
3261 8.8115
3262 0.0000
3263 0.0997
3264 3.1458
3265 2.8856
3266 0.0000
3267 4.1306
3268 -0.4601
3269 5.3981
3270 2.8331
3271 -2.1119
3272 5.7082
3273 4.9848
3274 4.8986
3275 0.0000
3276 2.0664
3277 6.4488
3278 2.9723
3279 5.1577
3280 9.6969
3281 1.3006
3282 0.0000
3283 -2.5471
3284 1.2407
3285 -1.2727
3286 0.0000
3287 3.2686
3288 7.4300
3289 -5.6373
3290 -2.4194
3291 4.5159
3292 4.6880
3293 2.2948
3294 -0.4642
3295 0.0000
3296 7.2569
3297 3.3783
3298 2.8911
3299 -1.0174
3300 -6.9626
3301 5.8375
3302 0.0000
3303 4.2362
3304 0.0000
3305 4.5803
3306 0.0000
3307 13.5919
3308 -1.0217
3309 3.1583
3310 2.4754
3311 11.8105
3312 9.2930
3313 -1.0318
3314 0.4415
3315 0.0000
3316 2.7844
3317 5.5238
3318 0.7371
3319 -9.7817
3320 -5.4516
3321 0.0296
3322 0.0000
3323 2.9653
3324 2.1358
3325 -3.7371
3326 11.7190
3327 2.6507
3328 7.5390
3329 0.0000
3330 4.5662
3331 7.6260
3332 4.8767
3333 4.0431
3334 0.0655
3335 1.4903
3336 0.0000
3337 2.3482
3338 5.1863
3339 4.7495
3340 11.7171
3341 2.1047
3342 0.9010
3343 0.0000
3344 4.7326
3345 -2.0624
3346 4.5742
3347 9.1668
3348 6.4622
3349 9.1776
3350 0.0000
3351 0.9029
3352 -0.8188
3353 4.1769
3354 0.1436
3355 2.8282
3356 6.9679
3357 0.0000
3358 -3.4474
3359 -0.2775
3360 5.8025
3361 9.2601
3362 4.8272
3363 3.5939
3364 0.0000
3365 -3.1513
3366 8.6601
3367 -1.9367
3368 4.5053
3369 2.9673
3370 6.3380
3371 0.0000
3372 -1.5826
3373 9.0229
3374 4.3699
3375 7.5261
3376 0.7825
3377 3.8588
3378 0.0000
3379 -1.3845
3380 9.0844
3381 2.3200
3382 4.2995
3383 6.9818
3384 -1.9642
3385 0.0000
3386 4.1728
3387 4.1101
3388 3.8119
3389 2.0390
3390 5.9327
3391 3.8851
3392 0.0000
3393 1.2880
3394 4.7319
3395 2.6476
3396 13.3181
3397 -2.0429
3398 -0.6204
3399 0.0000
3400 -1.4641
3401 4.0209
3402 4.2171
3403 11.9007
3404 4.3898
3405 3.5706
3406 0.0000
3407 0.0848
3408 2.9398
3409 6.7473
3410 1.8044
3411 4.5138
3412 1.2731
3413 0.0000
3414 6.8375
3415 -1.0836
3416 0.3001
3417 -9.0364
3418 0.2595
3419 5.0466
3420 0.0000
3421 -0.4879
3422 0.0000
3423 4.0134
3424 0.0000
3425 1.8000
3426 0.0000
3427 2.2118
3428 -1.3859
3429 0.0000
3430 10.3413
3431 12.8254
3432 4.7655
3433 -2.5371
3434 0.0000
3435 8.3434
3436 -0.8197
3437 -3.0242
3438 0.0000
3439 -1.3139
3440 7.5906
3441 5.9219
3442 0.0000
3443 5.2187
3444 -2.2730
3445 -2.4219
3446 4.4281
3447 8.6288
3448 11.9970
3449 -1.0067
3450 2.3672
3451 7.0288
3452 0.0000
3453 -4.9142
3454 0.2054
3455 3.4893
3456 3.8079
3457 8.9310
3458 4.1790
3459 0.0000
3460 4.0743
3461 4.6122
3462 4.5712
3463 1.3227
3464 -7.2663
3465 4.1704
3466 0.0000
3467 -3.7146
3468 8.8805
3469 0.3574
3470 4.1227
3471 0.4454
3472 2.4128
3473 0.0000
3474 -1.1521
3475 2.1258
3476 8.0229
3477 5.0318
3478 4.5366
3479 2.7867
3480 0.0000
3481 2.2288
3482 -7.3662
3483 3.5159
3484 7.5542
3485 0.6102
3486 6.5723
3487 0.0000
3488 -5.9470
3489 3.4236
3490 6.0234
3491 2.2941
3492 11.4325
3493 2.7368
3494 0.0000
3495 1.9325
3496 7.1559
3497 2.8663
3498 2.6729
3499 11.9797
3500 9.6853
3501 0.0000
3502 8.2043
3503 0.1517
3504 8.1024
3505 3.7511
3506 -1.6887
3507 4.1570
3508 0.0000
3509 5.6699
3510 3.4579
3511 12.6605
3512 7.1743
3513 5.2276
3514 3.9381
3515 0.0000
3516 1.4438
3517 6.6142
3518 1.4001
3519 1.7201
3520 2.2163
3521 5.3408
3522 0.0000
3523 0.7497
3524 8.1032
3525 7.2252
3526 4.2907
3527 -4.6393
3528 -3.2978
3529 0.0000
3530 4.6323
3531 -4.8800
3532 0.0000
3533 5.7120
3534 1.1172
3535 5.4023
3536 7.4457
3537 -0.1365
3538 -0.5234
3539 -0.2685
3540 -7.7692
3541 0.0000
3542 4.1851
3543 -7.2075
3544 0.0000
3545 -1.2179
3546 0.0000
3547 2.6220
3548 0.0000
3549 0.7320
3550 1.4126
3551 0.0000
3552 6.3261
3553 0.4583
3554 0.0000
3555 1.6146
3556 3.2480
3557 3.2037
3558 0.0000
3559 -4.3113
3560 -1.3121
3561 0.0000
3562 -4.2638
3563 3.3065
3564 -3.6403
3565 0.0000
3566 1.3743
3567 2.4385
3568 0.0000
3569 10.0327
3570 -1.2633
3571 0.6289
3572 0.0000
3573 -1.9904
3574 5.4463
3575 0.0000
3576 9.7240
3577 1.7034
3578 4.2377
3579 0.0000
3580 6.4621
3581 5.8757
3582 0.0000
3583 -2.1929
3584 -1.6814
3585 0.7019
3586 0.0000
3587 -0.4857
3588 5.3250
3589 0.0000
3590 8.6337
3591 -0.2626
3592 6.0093
3593 0.0000
3594 -1.8424
3595 4.4889
3596 0.0000
3597 6.5473
3598 10.5444
3599 5.2746
3600 0.0000
3601 -2.1287
3602 4.9976
3603 0.0000
3604 8.1113
3605 5.6742
3606 -4.1647
3607 0.0000
3608 -1.0614
3609 4.1459
3610 0.0000
3611 -2.4546
3612 -1.7520
3613 6.7700
3614 0.0000
3615 1.5147
3616 -2.1581
3617 0.0000
3618 1.7171
3619 3.0464
3620 8.9166
3621 0.0000
3622 6.2205
3623 9.6144
3624 0.0000
3625 2.7330
3626 7.2438
3627 13.1286
3628 0.0000
3629 1.4633
3630 -3.6711
3631 0.0000
3632 5.6708
3633 -2.0084
3634 -0.8154
3635 0.0000
3636 -4.9471
3637 2.4310
3638 0.0000
3639 1.4176
3640 7.7120
3641 3.3881
3642 0.0000
3643 4.8409
3644 11.8111
3645 0.0000
3646 2.6226
3647 6.5690
3648 4.1250
3649 0.0000
3650 0.6189
3651 -2.7933
3652 0.0000
3653 4.9846
3654 5.6134
3655 -0.7306
3656 0.0000
3657 0.3881
3658 2.6103
3659 0.0000
3660 8.1975
3661 2.4403
3662 0.3059
3663 0.0000
3664 -7.2934
3665 0.0000
3666 5.7016
3667 0.0000
3668 0.8040
3669 4.8774
3670 0.0000
3671 0.1346
3672 0.0000
3673 3.7793
3674 0.0000
3675 9.6688
3676 -4.5082
3677 3.3673
3678 0.0000
3679 0.1393
3680 4.5911
3681 6.3516
3682 0.0000
3683 1.5895
3684 5.4220
3685 3.6426
3686 0.0000
3687 0.5510
3688 0.0000
3689 -1.4290
3690 0.0000
3691 5.7751
3692 7.6289
3693 0.0000
3694 0.6836
3695 0.0000
3696 9.9477
3697 -0.9213
3698 2.0875
3699 5.7073
3700 7.0333
3701 -0.0043
3702 4.7931
3703 1.2292
3704 9.9356
3705 5.7658
3706 -1.7763
3707 2.4567
3708 6.7804
3709 -3.1095
3710 5.2530
3711 5.4520
3712 0.0000
3713 2.1978
3714 -2.9741
3715 -3.9247
3716 3.5150
3717 -1.6712
3718 6.6664
3719 2.0832
3720 7.5259
3721 0.0000
3722 11.6705
3723 0.9532
3724 4.8598
3725 7.4505
3726 1.3755
3727 -0.5759
3728 0.0000
3729 -1.5406
3730 0.2723
3731 7.0033
3732 0.0000
3733 0.5641
3734 4.9025
3735 13.5936
3736 5.1083
3737 -4.4917
3738 13.4784
3739 5.1791
3740 1.3938
3741 0.0000
3742 7.5093
3743 5.7202
3744 7.8641
3745 2.3476
3746 5.0829
3747 4.7616
3748 0.0000
3749 1.0818
3750 -1.7720
3751 8.1079
3752 0.0000
3753 3.8645
3754 -8.7232
3755 2.8053
3756 -1.0768
3757 -0.5260
3758 2.0599
3759 -3.0794
3760 0.6706
3761 0.0000
3762 9.5179
3763 -2.9323
3764 7.8102
3765 -0.4421
3766 11.5088
3767 -0.4138
3768 0.0000
3769 1.4099
3770 5.9472
3771 8.6044
3772 0.0000
3773 8.7622
3774 1.7476
3775 -0.9777
3776 8.9937
3777 -8.0074
3778 -1.1366
3779 -2.1203
3780 -0.8885
3781 0.0000
3782 6.5711
3783 1.8740
3784 -1.3795
3785 5.1485
3786 8.3936
3787 3.7059
3788 0.0000
3789 1.9972
3790 1.4342
3791 11.2054
3792 0.5551
3793 2.9257
3794 4.6863
3795 5.2902
3796 8.6726
3797 3.7418
3798 7.8000
3799 7.2369
3800 -5.6604
3801 9.3627
3802 3.2423
3803 0.0000
3804 3.2656
3805 0.5068
3806 0.1644
3807 6.0332
3808 3.3499
3809 -0.5725
3810 -0.4995
3811 -0.0654
3812 0.0000
3813 1.9715
3814 1.0778
3815 4.0593
3816 3.4971
3817 -1.3195
3818 8.7936
3819 0.0000
3820 2.3671
3821 1.7027
3822 6.5149
3823 0.0000
3824 3.2712
3825 -2.0063
3826 3.0933
3827 -2.0961
3828 2.8652
3829 15.3132
3830 -0.6869
3831 14.2681
3832 0.0000
3833 -3.4581
3834 7.1885
3835 1.9949
3836 -0.6641
3837 1.5886
3838 3.6931
3839 0.0000
3840 -3.5908
3841 4.0054
3842 8.8240
3843 0.0000
3844 3.3886
3845 0.9695
3846 7.0887
3847 2.3785
3848 -0.0994
3849 8.0762
3850 -5.9321
3851 8.4064
3852 0.0000
3853 1.6500
3854 1.7443
3855 4.3231
3856 0.5052
3857 7.5507
3858 7.5763
3859 0.0000
3860 -0.6965
3861 8.4712
3862 2.5015
3863 0.0000
3864 1.0333
3865 0.7573
3866 -2.4330
3867 4.5448
3868 5.3745
3869 2.0180
3870 -1.8908
3871 -4.5102
3872 0.0000
3873 2.5108
3874 7.1510
3875 10.3821
3876 5.8821
3877 3.4430
3878 -2.9127
3879 0.0000
3880 -8.3845
3881 2.9558
3882 5.5027
3883 6.2290
3884 7.8265
3885 0.6425
3886 4.4869
3887 8.2642
3888 3.0325
3889 2.8254
3890 9.0574
3891 -1.2536
3892 -2.4878
3893 10.4108
3894 0.0000
3895 3.7251
3896 -3.8260
3897 14.6900
3898 -0.9972
3899 -1.7466
3900 10.1533
3901 -3.1944
3902 1.3071
3903 0.0000
3904 5.6268
3905 5.9068
3906 5.1273
3907 3.9098
3908 4.2172
3909 -3.9016
3910 0.0000
3911 9.7005
3912 5.6828
3913 -3.9321
3914 0.0000
3915 11.3887
3916 5.3777
3917 10.5802
3918 3.2459
3919 -4.5970
3920 -4.0426
3921 -2.7072
3922 -3.0155
3923 0.0000
3924 -0.4459
3925 12.7294
3926 -0.5939
3927 -0.5922
3928 5.6544
3929 4.2183
3930 0.0000
3931 -4.4874
3932 5.3511
3933 8.7010
3934 0.0000
3935 -2.7291
3936 -1.8094
3937 6.2723
3938 1.2210
3939 -1.9746
3940 13.0247
3941 10.9139
3942 5.1923
3943 0.0000
3944 0.3053
3945 -2.5456
3946 2.6516
3947 7.9853
3948 0.4658
3949 4.2823
3950 0.0000
3951 2.0036
3952 4.0949
3953 4.8850
3954 0.0000
3955 10.1316
3956 7.5375
3957 -1.8318
3958 8.2059
3959 -2.9251
3960 -5.1342
3961 3.0773
3962 4.3483
3963 0.0000
3964 12.4025
3965 8.3352
3966 6.7083
3967 5.9077
3968 2.1851
3969 5.9031
3970 0.0000
3971 4.0620
3972 1.3462
3973 2.4080
3974 4.6062
3975 7.6009
3976 4.1137
3977 7.0617
3978 -0.3375
3979 3.5860
3980 4.7731
3981 -0.5701
3982 8.0067
3983 13.5652
3984 4.7279
3985 0.0000
3986 2.6734
3987 -0.7846
3988 10.1250
3989 3.0753
3990 0.0791
3991 15.6640
3992 1.9475
3993 8.8543
3994 0.0000
3995 6.3328
3996 3.5324
3997 7.1331
3998 12.4964
3999 12.1561
4000 11.4888
4001 0.0000
4002 -3.4762
4003 2.8993
4004 1.1916
4005 0.0000
4006 7.4007
4007 4.1790
4008 -0.6826
4009 7.4371
4010 0.3402
4011 1.3762
4012 2.6077
4013 7.7009
4014 0.0000
4015 8.0666
4016 -1.3445
4017 2.9272
4018 -2.9602
4019 7.6496
4020 3.2584
4021 0.0000
4022 -3.4034
4023 8.2958
4024 4.0281
4025 0.0000
4026 6.8630
4027 0.6693
4028 14.1903
4029 4.9728
4030 -3.5709
4031 2.2155
4032 -4.1831
4033 10.4457
4034 0.0000
4035 10.9742
4036 4.6473
4037 9.3352
4038 10.1997
4039 12.2481
4040 7.0247
4041 0.0000
4042 -4.4279
4043 -2.2902
4044 2.9886
4045 0.0000
4046 3.1927
4047 -3.2022
4048 4.0806
4049 5.5406
4050 -7.1602
4051 7.9674
4052 5.8942
4053 4.6707
4054 0.0000
4055 0.6277
4056 3.4764
4057 12.7746
4058 5.3059
4059 0.5885
4060 -3.9059
4061 0.0000
4062 0.3532
4063 0.0000
4064 5.6430
4065 0.0000
4066 5.3176
4067 6.4278
4068 2.9340
4069 12.8265
4070 11.6302
4071 0.0241
4072 6.0599
4073 7.0226
4074 0.0000
4075 1.0095
4076 4.4542
4077 -0.1648
4078 0.0424
4079 -0.1532
4080 -0.1003
4081 0.0000
4082 -4.8176
4083 -4.4373
4084 2.2134
4085 6.1639
4086 -3.2913
4087 3.3203
4088 0.0000
4089 1.2234
4090 3.9833
4091 4.9655
4092 9.2777
4093 -0.9587
4094 3.4425
4095 0.0000
4096 7.4749
4097 5.3530
4098 12.2739
4099 -0.0773
4100 -1.9379
4101 -2.7360
4102 0.0000
4103 -2.9096
4104 3.3886
4105 5.0286
4106 -0.0295
4107 11.0035
4108 7.1182
4109 0.0000
4110 -1.2986
4111 -2.9162
4112 -1.9998
4113 7.9189
4114 -0.1601
4115 -1.1172
4116 0.0000
4117 1.0504
4118 3.5135
4119 3.4971
4120 5.5658
4121 6.4472
4122 -1.5149
4123 0.0000
4124 -3.8858
4125 3.7589
4126 4.9762
4127 9.7743
4128 0.9908
4129 5.5262
4130 0.0000
4131 -1.2743
4132 8.0989
4133 5.1995
4134 -1.1750
4135 4.7754
4136 4.0644
4137 0.0000
4138 4.8624
4139 -0.2900
4140 8.0405
4141 -1.6509
4142 2.7414
4143 -0.3157
4144 0.0000
4145 -0.0333
4146 7.9146
4147 6.0640
4148 1.7935
4149 1.2986
4150 4.3636
4151 0.0000
4152 1.2218
4153 2.7358
4154 12.8276
4155 2.0482
4156 11.9151
4157 6.3226
4158 0.0000
4159 -2.9351
4160 10.6288
4161 3.6462
4162 -0.5273
4163 -2.0571
4164 -1.7303
4165 0.0000
4166 0.5506
4167 10.1255
4168 5.9117
4169 4.8169
4170 3.4401
4171 4.7924
4172 0.0000
4173 6.6597
4174 2.7840
4175 9.5028
4176 7.6409
4177 0.7012
4178 1.0393
4179 0.0000
4180 3.4198
4181 0.0000
4182 2.2684
4183 0.0000
4184 10.6070
4185 0.0000
4186 4.8963
4187 10.1521
4188 0.0000
4189 2.9140
4190 -1.7662
4191 11.4459
4192 2.1945
4193 0.0000
4194 3.8861
4195 4.3169
4196 7.7387
4197 0.0000
4198 3.9483
4199 8.0264
4200 -1.0934
4201 0.0000
4202 -0.3183
4203 16.4287
4204 1.6621
4205 4.1949
4206 10.7699
4207 -0.6041
4208 4.2523
4209 2.7709
4210 6.4043
4211 0.0000
4212 -0.6987
4213 3.8347
4214 -4.7073
4215 -2.0693
4216 3.3692
4217 0.5205
4218 0.0000
4219 -4.5631
4220 5.7482
4221 1.9141
4222 7.2705
4223 -0.4259
4224 1.0650
4225 0.0000
4226 2.1550
4227 6.5569
4228 10.3292
4229 6.0921
4230 6.3616
4231 1.5498
4232 0.0000
4233 0.0812
4234 4.0719
4235 3.8295
4236 0.7555
4237 3.7149
4238 3.7504
4239 0.0000
4240 -2.8283
4241 -2.3036
4242 4.8413
4243 4.1983
4244 9.5325
4245 9.3610
4246 0.0000
4247 2.4720
4248 2.6631
4249 1.3272
4250 1.6527
4251 5.4564
4252 3.0061
4253 0.0000
4254 4.4491
4255 5.1927
4256 1.9563
4257 3.8595
4258 9.3707
4259 -5.9048
4260 0.0000
4261 1.1668
4262 7.9662
4263 5.5486
4264 2.5409
4265 -0.8009
4266 5.1769
4267 0.0000
4268 -0.1753
4269 7.1726
4270 2.2932
4271 -7.5107
4272 6.0470
4273 4.8953
4274 0.0000
4275 -1.8153
4276 -1.2921
4277 3.8903
4278 6.5933
4279 0.7003
4280 9.8949
4281 0.0000
4282 7.4067
4283 -1.2954
4284 8.7789
4285 13.7366
4286 3.2273
4287 6.7923
4288 0.0000
4289 1.2257
4290 2.8234
4291 0.0000
4292 0.3087
4293 5.4186
4294 -5.5331
4295 -4.9701
4296 -2.8462
4297 -1.1399
4298 2.3411
4299 -2.5414
4300 0.0000
4301 -6.4071
4302 -8.9794
4303 0.0000
4304 3.6566
4305 0.0000
4306 2.5702
4307 0.0000
4308 -0.9649
4309 4.3954
4310 0.0000
4311 7.7451
4312 2.3322
4313 0.0000
4314 7.1277
4315 2.6899
4316 8.7738
4317 0.0000
4318 5.8847
4319 1.2381
4320 0.0000
4321 0.1052
4322 14.2397
4323 0.7590
4324 0.0000
4325 -0.0777
4326 0.5546
4327 0.0000
4328 4.8550
4329 2.0064
4330 10.3366
4331 0.0000
4332 -3.4945
4333 4.2054
4334 0.0000
4335 5.4919
4336 -4.3960
4337 -3.1472
4338 0.0000
4339 -2.8141
4340 3.0843
4341 0.0000
4342 6.9723
4343 8.7382
4344 5.0957
4345 0.0000
4346 1.9155
4347 0.3761
4348 0.0000
4349 1.7781
4350 11.8430
4351 3.1534
4352 0.0000
4353 7.0933
4354 3.3466
4355 0.0000
4356 8.5497
4357 -2.5693
4358 3.8614
4359 0.0000
4360 -5.4292
4361 5.0486
4362 0.0000
4363 0.8339
4364 8.1635
4365 -2.5988
4366 0.0000
4367 -1.9068
4368 -0.0449
4369 0.0000
4370 8.7368
4371 7.1291
4372 2.4986
4373 0.0000
4374 1.4980
4375 -2.5948
4376 0.0000
4377 6.1165
4378 12.0363
4379 8.9150
4380 0.0000
4381 -0.8512
4382 10.5077
4383 0.0000
4384 8.7603
4385 7.0605
4386 4.7273
4387 0.0000
4388 5.8798
4389 -0.5649
4390 0.0000
4391 0.9725
4392 5.4003
4393 -0.2926
4394 0.0000
4395 1.9582
4396 -4.2747
4397 0.0000
4398 8.8020
4399 3.2955
4400 10.7707
4401 0.0000
4402 -2.3029
4403 -0.1315
4404 0.0000
4405 -3.9550
4406 11.3992
4407 9.5470
4408 0.0000
4409 7.0142
4410 -2.7652
4411 0.0000
4412 1.6099
4413 6.2087
4414 7.5775
4415 0.0000
4416 1.1895
4417 -3.4754
4418 0.0000
4419 6.2627
4420 -3.2098
4421 6.6487
4422 0.0000
4423 -4.4054
4424 0.0000
4425 4.8538
4426 0.0000
4427 3.5773
4428 8.1164
4429 0.0000
4430 8.4398
4431 0.0000
4432 4.7756
4433 0.0000
4434 -0.2620
4435 3.9979
4436 8.6204
4437 0.0000
4438 9.5786
4439 9.6755
4440 6.8648
4441 0.0000
4442 6.2898
4443 7.1060
4444 5.2132
4445 0.0000
4446 -9.1277
4447 0.0000
4448 9.5439
4449 0.0000
4450 6.5426
4451 7.1184
4452 0.0000
4453 4.1422
4454 0.0000
4455 5.8421
4456 9.7196
4457 -0.4045
4458 4.3540
4459 3.8509
4460 9.3304
4461 5.9960
4462 7.3000
4463 8.9279
4464 -4.0748
4465 2.0256
4466 0.2192
4467 -2.3995
4468 -0.9274
4469 9.9404
4470 2.8290
4471 0.0000
4472 7.3203
4473 0.0369
4474 3.4143
4475 8.6798
4476 5.2941
4477 -1.9913
4478 0.2031
4479 7.9833
4480 0.0000
4481 4.9262
4482 4.5505
4483 8.2025
4484 -0.5013
4485 -4.7572
4486 0.9540
4487 0.0000
4488 -1.4528
4489 9.1716
4490 3.3877
4491 0.0000
4492 1.3464
4493 -5.1550
4494 6.5855
4495 10.2463
4496 8.9712
4497 8.6418
4498 7.0102
4499 6.3167
4500 0.0000
4501 12.3239
4502 7.7638
4503 -1.5707
4504 5.5835
4505 1.2631
4506 2.4893
4507 0.0000
4508 4.9574
4509 4.1952
4510 -1.0445
4511 0.0000
4512 1.6314
4513 -6.0223
4514 7.7457
4515 8.6766
4516 2.1158
4517 11.9515
4518 6.5795
4519 2.2507
4520 0.0000
4521 13.2287
4522 10.1186
4523 5.0723
4524 4.9800
4525 8.2477
4526 4.3819
4527 0.0000
4528 -5.8915
4529 -6.9286
4530 1.7119
4531 0.0000
4532 6.3189
4533 -4.7121
4534 1.7188
4535 3.4261
4536 -5.4131
4537 1.9319
4538 -7.0529
4539 4.1448
4540 0.0000
4541 10.5185
4542 2.9622
4543 4.8148
4544 6.4793
4545 -3.5789
4546 11.4026
4547 0.0000
4548 0.9641
4549 2.7762
4550 3.6846
4551 1.5210
4552 1.4810
4553 7.8662
4554 5.0784
4555 4.1510
4556 10.0937
4557 6.2263
4558 0.9712
4559 -0.8537
4560 1.1405
4561 3.6143
4562 0.0000
4563 8.1237
4564 -1.7009
4565 2.6869
4566 -0.8902
4567 3.1302
4568 12.5350
4569 -4.6131
4570 4.2750
4571 0.0000
4572 2.7580
4573 7.9788
4574 7.9506
4575 -5.4764
4576 4.6503
4577 0.8748
4578 0.0000
4579 -3.5907
4580 -1.3790
4581 9.6338
4582 0.0000
4583 1.2412
4584 5.7047
4585 3.7349
4586 3.0147
4587 -1.5344
4588 5.8148
4589 1.4623
4590 -0.1565
4591 0.0000
4592 13.9572
4593 9.0614
4594 3.7361
4595 8.3507
4596 -0.7259
4597 7.1758
4598 0.0000
4599 6.7233
4600 3.0627
4601 -5.0359
4602 0.0000
4603 10.5507
4604 -10.4770
4605 2.9417
4606 7.4016
4607 1.5580
4608 0.5883
4609 8.5527
4610 2.1827
4611 0.0000
4612 4.1172
4613 5.4615
4614 16.3183
4615 4.8442
4616 7.9570
4617 -2.8987
4618 0.0000
4619 3.1905
4620 5.2993
4621 9.1262
4622 0.0000
4623 2.6510
4624 -6.1804
4625 11.4995
4626 1.6902
4627 3.3204
4628 13.2703
4629 9.5594
4630 2.9249
4631 0.0000
4632 1.8264
4633 -0.0483
4634 5.5954
4635 1.9139
4636 10.3753
4637 14.2053
4638 0.0000
4639 4.3903
4640 4.2977
4641 6.1776
4642 4.5074
4643 6.6667
4644 -2.2781
4645 0.0229
4646 7.2016
4647 0.9423
4648 -1.6156
4649 6.8772
4650 5.6949
4651 5.8663
4652 14.0297
4653 0.0000
4654 9.7150
4655 -1.0124
4656 6.0790
4657 8.5593
4658 -4.0185
4659 11.8523
4660 9.4367
4661 5.3665
4662 0.0000
4663 2.0936
4664 2.8492
4665 4.1767
4666 8.3025
4667 -2.6577
4668 0.2262
4669 0.0000
4670 2.2808
4671 6.1718
4672 2.3717
4673 0.0000
4674 4.6639
4675 3.9843
4676 -4.0840
4677 4.6087
4678 -6.7569
4679 1.1736
4680 9.2479
4681 3.8887
4682 0.0000
4683 -0.0008
4684 5.3766
4685 5.7205
4686 9.5710
4687 3.8734
4688 -1.0074
4689 0.0000
4690 1.2466
4691 6.7253
4692 4.4610
4693 0.0000
4694 -2.8617
4695 0.5030
4696 0.8274
4697 -0.7104
4698 -1.5943
4699 11.3328
4700 4.3507
4701 3.9809
4702 0.0000
4703 3.6959
4704 2.9687
4705 2.0721
4706 4.5087
4707 4.8038
4708 6.7137
4709 0.0000
4710 -0.1696
4711 13.4821
4712 1.4050
4713 0.0000
4714 3.3775
4715 2.1830
4716 1.2657
4717 -3.4589
4718 2.3643
4719 1.9368
4720 -5.2351
4721 -0.5139
4722 0.0000
4723 3.8913
4724 -1.0737
4725 -0.2601
4726 3.8039
4727 5.0538
4728 0.8298
4729 0.0000
4730 8.4936
4731 4.7470
4732 10.5042
4733 6.3181
4734 7.3704
4735 7.3763
4736 -1.2276
4737 5.4194
4738 11.0221
4739 7.7192
4740 3.9804
4741 -1.3109
4742 3.8110
4743 12.3366
4744 0.0000
4745 -2.1054
4746 -5.2924
4747 11.4356
4748 13.1442
4749 5.6720
4750 12.0027
4751 3.7673
4752 1.0035
4753 0.0000
4754 9.1475
4755 5.3977
4756 7.9125
4757 -4.8169
4758 8.4693
4759 2.6060
4760 0.0000
4761 3.8708
4762 4.1101
4763 11.6141
4764 0.0000
4765 6.1274
4766 -0.4294
4767 4.9444
4768 2.6503
4769 -1.3522
4770 8.2999
4771 2.4412
4772 12.5902
4773 0.0000
4774 7.8208
4775 0.1783
4776 4.5683
4777 -3.4462
4778 5.1744
4779 6.3845
4780 0.0000
4781 2.8218
4782 2.5011
4783 0.3338
4784 0.0000
4785 8.8771
4786 7.1883
4787 1.3092
4788 -8.7753
4789 -0.9826
4790 6.9341
4791 4.9866
4792 1.6536
4793 0.0000
4794 1.6900
4795 7.6031
4796 7.3604
4797 2.2011
4798 5.4027
4799 2.5054
4800 0.0000
4801 -5.1488
4802 2.9771
4803 -1.1464
4804 0.0000
4805 3.6765
4806 0.1004
4807 -5.4171
4808 4.3113
4809 -5.1195
4810 9.6071
4811 4.2046
4812 -2.7057
4813 0.0000
4814 -1.2674
4815 0.6706
4816 0.5252
4817 3.7640
4818 3.6192
4819 -1.0865
4820 0.0000
4821 -3.8363
4822 0.0000
4823 -0.1850
4824 0.0000
4825 0.9509
4826 0.9956
4827 -2.6177
4828 8.0532
4829 4.5319
4830 4.6571
4831 -1.6187
4832 7.8970
4833 0.0000
4834 9.3709
4835 -3.0427
4836 3.5776
4837 -2.6139
4838 5.2538
4839 5.9082
4840 0.0000
4841 -0.0566
4842 5.3924
4843 -1.0022
4844 5.1822
4845 6.3353
4846 0.2844
4847 0.0000
4848 1.8681
4849 8.6520
4850 4.3180
4851 12.0710
4852 4.0490
4853 0.6882
4854 0.0000
4855 -4.6999
4856 6.1082
4857 0.3531
4858 -0.9164
4859 1.5830
4860 1.6710
4861 0.0000
4862 -2.1524
4863 2.5652
4864 5.2988
4865 2.3937
4866 -0.8710
4867 -1.1247
4868 0.0000
4869 6.2638
4870 7.8099
4871 -0.9699
4872 -0.8907
4873 3.9490
4874 2.3198
4875 0.0000
4876 6.2186
4877 -2.7048
4878 4.5849
4879 4.6793
4880 5.1545
4881 5.2010
4882 0.0000
4883 -0.8347
4884 4.7536
4885 -3.9989
4886 4.4690
4887 -6.2124
4888 3.3558
4889 0.0000
4890 8.5237
4891 5.6753
4892 9.8546
4893 11.2566
4894 3.5120
4895 3.8675
4896 0.0000
4897 -0.5195
4898 -1.5808
4899 11.3037
4900 8.7505
4901 2.9699
4902 4.1604
4903 0.0000
4904 11.1539
4905 2.2509
4906 12.7704
4907 1.1389
4908 -1.1550
4909 1.1598
4910 0.0000
4911 5.3350
4912 -0.1440
4913 2.1597
4914 1.4149
4915 6.5073
4916 3.8361
4917 0.0000
4918 10.0762
4919 3.3472
4920 10.6934
4921 6.9212
4922 4.1334
4923 -1.9154
4924 0.0000
4925 3.1354
4926 0.0555
4927 6.2713
4928 2.0422
4929 3.1234
4930 4.1359
4931 0.0000
4932 -2.4598
4933 4.2362
4934 7.4340
4935 5.4097
4936 3.6744
4937 1.9160
4938 0.0000
4939 8.6680
4940 0.0000
4941 4.0827
4942 0.0000
4943 6.6301
4944 0.0000
4945 2.1790
4946 3.7758
4947 0.0000
4948 6.0765
4949 5.8238
4950 3.7651
4951 8.3800
4952 0.0000
4953 6.4549
4954 4.3874
4955 11.0686
4956 0.0000
4957 8.4296
4958 3.7750
4959 0.1007
4960 0.0000
4961 1.2662
4962 14.5640
4963 0.0579
4964 5.6426
4965 6.1700
4966 10.3175
4967 10.7480
4968 -0.3225
4969 7.0335
4970 0.0000
4971 -3.3999
4972 1.8448
4973 5.8915
4974 5.2887
4975 2.8318
4976 3.6881
4977 0.0000
4978 4.5821
4979 12.2352
4980 7.1044
4981 6.8855
4982 -0.2961
4983 5.5873
4984 0.0000
4985 11.5423
4986 0.5260
4987 6.3585
4988 -1.0146
4989 3.2109
4990 -1.0273
4991 0.0000
4992 2.4003
4993 4.4456
4994 7.8093
4995 1.7152
4996 -3.0195
4997 2.0253
4998 0.0000
4999 0.1519
5000 6.0739
5001 -0.6818
5002 8.1189
5003 8.7198
5004 3.6478
5005 0.0000
5006 4.1540
5007 0.8681
5008 3.5612
5009 5.6985
5010 8.3053
5011 4.3440
5012 0.0000
5013 -2.0738
5014 1.3043
5015 12.8051
5016 0.4108
5017 5.0523
5018 6.3458
5019 0.0000
5020 -4.6946
5021 0.8766
5022 6.2081
5023 8.9356
5024 1.6542
5025 5.9465
5026 0.0000
5027 -5.0557
5028 2.4283
5029 -3.8439
5030 3.6229
5031 7.0886
5032 12.5557
5033 0.0000
5034 0.0552
5035 3.6893
5036 4.1668
5037 3.0942
5038 -1.3693
5039 5.3229
5040 0.0000
5041 3.1681
5042 2.0256
5043 5.1400
5044 8.5603
5045 -1.0550
5046 -2.9041
5047 0.0000
5048 -3.3534
5049 7.8413
5050 0.0000
5051 12.8316
5052 -5.1998
5053 -1.7432
5054 2.3999
5055 -4.3354
5056 -0.3081
5057 -4.5524
5058 0.2240
5059 0.0000
5060 0.1250
5061 -7.3340
5062 0.0000
5063 4.5258
5064 0.0000
5065 7.5860
5066 0.0000
5067 0.3121
5068 3.8934
5069 0.0000
5070 8.6589
5071 5.6187
5072 0.0000
5073 1.4082
5074 8.1854
5075 7.1773
5076 0.0000
5077 1.4732
5078 3.7375
5079 0.0000
5080 10.0964
5081 6.3505
5082 6.3191
5083 0.0000
5084 2.1099
5085 9.7787
5086 0.0000
5087 0.4120
5088 8.8600
5089 7.0191
5090 0.0000
5091 -1.6191
5092 11.9854
5093 0.0000
5094 0.6084
5095 9.2834
5096 5.8381
5097 0.0000
5098 -0.0103
5099 3.2789
5100 0.0000
5101 -1.2556
5102 8.4212
5103 2.4454
5104 0.0000
5105 9.6179
5106 2.5511
5107 0.0000
5108 -0.2310
5109 5.2467
5110 6.3360
5111 0.0000
5112 -0.9962
5113 7.4413
5114 0.0000
5115 3.0259
5116 7.7058
5117 6.1394
5118 0.0000
5119 -0.3032
5120 10.0144
5121 0.0000
5122 1.1149
5123 -0.5397
5124 1.3451
5125 0.0000
5126 -4.3821
5127 11.1581
5128 0.0000
5129 10.2606
5130 4.9623
5131 5.2754
5132 0.0000
5133 -1.2724
5134 1.4431
5135 0.0000
5136 7.7308
5137 -0.7433
5138 4.8330
5139 0.0000
5140 -3.9439
5141 6.1221
5142 0.0000
5143 -6.8723
5144 4.0172
5145 0.0916
5146 0.0000
5147 3.7292
5148 3.9734
5149 0.0000
5150 7.4353
5151 7.1708
5152 8.2056
5153 0.0000
5154 1.8701
5155 -0.0648
5156 0.0000
5157 6.2198
5158 -0.8350
5159 6.7897
5160 0.0000
5161 9.6502
5162 -3.9000
5163 0.0000
5164 12.4592
5165 9.6708
5166 3.0841
5167 0.0000
5168 2.7016
5169 -0.6352
5170 0.0000
5171 3.1793
5172 8.9675
5173 7.2501
5174 0.0000
5175 2.4134
5176 3.2493
5177 0.0000
5178 5.4124
5179 3.7800
5180 0.3398
5181 0.0000
5182 3.7744
5183 0.0000
5184 3.6724
5185 0.0000
5186 5.2304
5187 5.3212
5188 0.0000
5189 5.8453
5190 0.0000
5191 5.8329
5192 0.0000
5193 8.4688
5194 4.5245
5195 -0.0170
5196 0.0000
5197 -0.5098
5198 -1.7496
5199 1.6692
5200 0.0000
5201 -0.2510
5202 6.5938
5203 2.8841
5204 0.0000
5205 4.9515
5206 0.0000
5207 6.9476
5208 0.0000
5209 -2.8466
5210 0.8531
5211 0.0000
5212 1.4949
5213 0.0000
5214 -0.0676
5215 9.5600
5216 0.7171
5217 2.8923
5218 -1.6939
5219 1.1085
5220 7.9953
5221 4.6932
5222 1.2164
5223 6.5954
5224 2.1176
5225 -2.9776
5226 -4.0872
5227 9.0050
5228 2.4321
5229 5.3468
5230 0.0000
5231 11.8939
5232 1.6714
5233 10.4639
5234 11.5588
5235 0.5691
5236 -7.3530
5237 -2.4828
5238 -1.5651
5239 0.0000
5240 12.5635
5241 13.0364
5242 4.7494
5243 -0.4528
5244 -2.4290
5245 7.0603
5246 0.0000
5247 6.6647
5248 10.8749
5249 8.0325
5250 0.0000
5251 2.6280
5252 0.0128
5253 6.1266
5254 1.6693
5255 -5.3325
5256 16.1658
5257 4.8242
5258 6.1999
5259 0.0000
5260 -1.3722
5261 1.6745
5262 4.2544
5263 0.8323
5264 5.9548
5265 -4.5648
5266 0.0000
5267 6.9050
5268 -2.4801
5269 -2.8121
5270 0.0000
5271 0.3085
5272 2.8952
5273 2.9109
5274 10.1616
5275 2.6907
5276 -5.6628
5277 4.3233
5278 1.9682
5279 0.0000
5280 6.6108
5281 -2.2973
5282 6.1181
5283 5.8834
5284 0.7885
5285 4.3201
5286 0.0000
5287 -9.1205
5288 3.2165
5289 6.0496
5290 0.0000
5291 7.2702
5292 -2.1054
5293 5.0026
5294 14.6438
5295 -7.9599
5296 3.9826
5297 4.5788
5298 7.5127
5299 0.0000
5300 7.3147
5301 0.7203
5302 4.0710
5303 2.7256
5304 3.7716
5305 -2.4057
5306 0.0000
5307 3.2808
5308 1.5139
5309 8.3453
5310 3.6966
5311 9.9779
5312 6.8645
5313 2.1073
5314 2.4989
5315 8.4661
5316 3.4879
5317 2.1869
5318 4.3974
5319 5.4573
5320 3.0531
5321 0.0000
5322 13.0513
5323 1.8625
5324 6.1153
5325 -1.2803
5326 -1.3547
5327 1.3776
5328 2.7266
5329 8.5494
5330 0.0000
5331 4.5912
5332 6.6604
5333 4.8519
5334 7.0503
5335 5.3395
5336 0.1318
5337 0.0000
5338 -4.6472
5339 4.7798
5340 9.9887
5341 0.0000
5342 -1.4946
5343 -1.8699
5344 -1.8230
5345 3.8963
5346 -13.0306
5347 -1.4791
5348 -2.0316
5349 -6.5977
5350 0.0000
5351 2.4288
5352 -4.2968
5353 1.2451
5354 6.9081
5355 0.8112
5356 5.2311
5357 0.0000
5358 4.6451
5359 -0.2195
5360 5.2392
5361 0.0000
5362 5.7495
5363 -1.3382
5364 5.1150
5365 5.5067
5366 -3.6630
5367 -0.8695
5368 3.4070
5369 4.9614
5370 0.0000
5371 8.0291
5372 0.6162
5373 8.1775
5374 2.0504
5375 1.1998
5376 9.0490
5377 0.0000
5378 3.4418
5379 6.4305
5380 2.1009
5381 0.0000
5382 5.5748
5383 3.8541
5384 -5.2161
5385 -1.0041
5386 -2.8612
5387 12.3556
5388 8.3498
5389 0.7107
5390 0.0000
5391 7.3604
5392 4.3125
5393 3.1799
5394 6.2944
5395 4.6290
5396 -6.9330
5397 0.0000
5398 -2.4104
5399 5.2936
5400 -0.9827
5401 11.4204
5402 0.3053
5403 -3.0066
5404 -2.5168
5405 1.9402
5406 8.6041
5407 5.2958
5408 -2.4113
5409 3.3205
5410 0.6883
5411 1.5690
5412 0.0000
5413 -2.4793
5414 4.0632
5415 7.0898
5416 2.3542
5417 -1.7732
5418 10.9737
5419 0.1881
5420 -0.8436
5421 0.0000
5422 13.1563
5423 5.5011
5424 13.0312
5425 7.1039
5426 -1.3692
5427 6.0007
5428 0.0000
5429 -7.2883
5430 6.9993
5431 8.1980
5432 0.0000
5433 1.0924
5434 1.8637
5435 9.9494
5436 6.1069
5437 0.9561
5438 7.6919
5439 -0.7591
5440 3.3890
5441 0.0000
5442 -1.3104
5443 6.6934
5444 0.8244
5445 4.5961
5446 8.0281
5447 11.1039
5448 0.0000
5449 -0.5022
5450 1.9495
5451 6.0881
5452 0.0000
5453 2.4616
5454 -6.7077
5455 -0.2607
5456 4.2995
5457 1.8214
5458 -3.7371
5459 4.2629
5460 8.4329
5461 0.0000
5462 0.5757
5463 0.7868
5464 12.4393
5465 2.2741
5466 2.3414
5467 0.8112
5468 0.0000
5469 -3.9344
5470 0.6940
5471 0.9787
5472 0.0000
5473 2.8230
5474 -0.9902
5475 3.5440
5476 1.3461
5477 5.2492
5478 5.3556
5479 2.3976
5480 8.4408
5481 0.0000
5482 -1.2168
5483 2.9694
5484 -3.1930
5485 10.2644
5486 7.0842
5487 -0.6796
5488 0.0000
5489 6.3942
5490 -1.6541
5491 0.2325
5492 1.8325
5493 -2.2481
5494 4.2877
5495 -1.4668
5496 5.8232
5497 12.4028
5498 7.2248
5499 6.6567
5500 -0.5606
5501 3.4141
5502 1.4510
5503 0.0000
5504 1.5062
5505 -4.2486
5506 1.9218
5507 -1.9360
5508 0.2938
5509 5.0688
5510 5.4760
5511 -0.1879
5512 0.0000
5513 -1.5284
5514 -1.5856
5515 7.2953
5516 -1.6492
5517 4.9045
5518 5.2787
5519 0.0000
5520 10.7276
5521 10.2245
5522 -0.0885
5523 0.0000
5524 2.0752
5525 -9.5026
5526 8.0575
5527 12.7331
5528 4.7653
5529 9.9864
5530 -7.9185
5531 3.4888
5532 0.0000
5533 -0.3929
5534 4.2710
5535 0.0232
5536 2.2057
5537 1.6226
5538 1.6513
5539 0.0000
5540 4.5690
5541 6.5020
5542 -3.7667
5543 0.0000
5544 8.1200
5545 -3.4373
5546 3.6404
5547 11.0392
5548 -3.0976
5549 -0.2655
5550 1.8734
5551 13.5937
5552 0.0000
5553 2.5425
5554 11.0661
5555 -3.5967
5556 5.1076
5557 3.4083
5558 5.8823
5559 0.0000
5560 1.1666
5561 4.2466
5562 2.6131
5563 0.0000
5564 3.8222
5565 4.3672
5566 -0.2997
5567 6.6803
5568 4.3225
5569 1.0423
5570 -4.1463
5571 2.9365
5572 0.0000
5573 12.3133
5574 -1.3441
5575 4.8191
5576 -1.2686
5577 -1.0000
5578 0.0288
5579 0.0000
5580 6.9724
5581 0.0000
5582 2.7945
5583 0.0000
5584 4.1027
5585 5.5770
5586 6.3032
5587 3.7811
5588 10.9856
5589 6.8748
5590 2.8107
5591 2.5359
5592 0.0000
5593 0.1520
5594 -0.3779
5595 8.1186
5596 3.9113
5597 4.9217
5598 8.1657
5599 0.0000
5600 -2.7825
5601 6.5431
5602 7.3343
5603 5.2219
5604 10.3994
5605 9.4089
5606 0.0000
5607 0.4535
5608 11.1393
5609 2.0029
5610 3.4986
5611 -3.4466
5612 -2.5156
5613 0.0000
5614 -0.0642
5615 13.3914
5616 1.5264
5617 -7.8183
5618 1.4294
5619 5.4631
5620 0.0000
5621 7.9943
5622 7.2329
5623 7.4306
5624 9.3619
5625 7.9336
5626 0.3120
5627 0.0000
5628 -1.5153
5629 4.8562
5630 7.8621
5631 5.3875
5632 3.9506
5633 0.6733
5634 0.0000
5635 0.4426
5636 6.2676
5637 9.0447
5638 2.3882
5639 8.4939
5640 1.8143
5641 0.0000
5642 6.3576
5643 17.8620
5644 -1.7444
5645 7.9600
5646 -2.2491
5647 -0.4933
5648 0.0000
5649 -1.1808
5650 2.1161
5651 0.1165
5652 2.2105
5653 6.8241
5654 0.5404
5655 0.0000
5656 -0.5342
5657 8.9793
5658 5.2850
5659 10.4738
5660 8.8771
5661 7.7224
5662 0.0000
5663 7.3290
5664 8.2244
5665 8.0762
5666 7.4219
5667 8.2337
5668 4.7798
5669 0.0000
5670 -2.8444
5671 1.7770
5672 7.7197
5673 4.0639
5674 2.7995
5675 0.7240
5676 0.0000
5677 0.0094
5678 -0.9497
5679 -3.2754
5680 -1.8180
5681 3.1395
5682 4.0182
5683 0.0000
5684 -2.4847
5685 1.2588
5686 14.2407
5687 -0.2493
5688 0.6520
5689 -1.3071
5690 0.0000
5691 -0.4658
5692 2.8146
5693 9.2444
5694 7.2096
5695 5.0336
5696 3.6416
5697 0.0000
5698 -1.1855
5699 0.0000
5700 10.2534
5701 0.0000
5702 6.3426
5703 0.0000
5704 1.9766
5705 9.0438
5706 0.0000
5707 -4.9345
5708 4.8819
5709 3.5885
5710 4.4586
5711 0.0000
5712 4.3826
5713 2.4475
5714 7.9702
5715 0.0000
5716 -1.9238
5717 5.1766
5718 6.8109
5719 0.0000
5720 5.3100
5721 0.9730
5722 7.1722
5723 -2.5669
5724 4.8498
5725 8.6173
5726 5.4977
5727 2.5569
5728 0.7150
5729 0.0000
5730 0.6953
5731 4.7011
5732 5.2782
5733 11.7557
5734 -0.7007
5735 2.7979
5736 0.0000
5737 -1.4698
5738 1.6864
5739 8.0982
5740 8.0226
5741 -3.1553
5742 1.0300
5743 0.0000
5744 0.4169
5745 0.6805
5746 9.7792
5747 4.4112
5748 3.3282
5749 5.9927
5750 0.0000
5751 -2.8540
5752 1.0855
5753 10.2174
5754 3.3120
5755 5.3478
5756 7.1018
5757 0.0000
5758 -0.2499
5759 8.9986
5760 4.8518
5761 9.2152
5762 2.9111
5763 3.9750
5764 0.0000
5765 -5.2196
5766 5.1950
5767 1.9824
5768 6.3257
5769 6.3166
5770 4.8894
5771 0.0000
5772 0.3389
5773 6.9058
5774 2.8064
5775 1.9377
5776 5.5340
5777 2.0396
5778 0.0000
5779 3.9270
5780 14.4287
5781 6.4375
5782 7.8475
5783 1.9731
5784 1.7074
5785 0.0000
5786 8.8596
5787 4.4904
5788 -3.1110
5789 7.4714
5790 -4.5442
5791 8.6369
5792 0.0000
5793 -0.4309
5794 7.3433
5795 4.3028
5796 9.0955
5797 0.1517
5798 4.0399
5799 0.0000
5800 1.4952
5801 5.4917
5802 14.9718
5803 6.1047
5804 9.8868
5805 -5.3729
5806 0.0000
5807 -1.6599
5808 -1.3847
5809 0.0000
5810 8.5608
5811 -3.5376
5812 6.6201
5813 0.7538
5814 1.6035
5815 3.1191
5816 4.2446
5817 2.2014
5818 0.0000
5819 4.6483
5820 -1.0817
5821 0.0000
5822 5.1339
5823 0.0000
5824 1.7435
5825 0.0000
5826 2.4734
5827 -0.4245
5828 0.0000
5829 5.7747
5830 5.2916
5831 0.0000
5832 6.5915
5833 -1.5533
5834 4.5561
5835 0.0000
5836 3.8468
5837 11.6127
5838 0.0000
5839 -2.7192
5840 0.7826
5841 5.8542
5842 0.0000
5843 4.0568
5844 -3.2970
5845 0.0000
5846 3.4644
5847 8.2925
5848 5.2091
5849 0.0000
5850 -4.3510
5851 4.9530
5852 0.0000
5853 7.8588
5854 -4.5633
5855 0.2221
5856 0.0000
5857 1.5517
5858 3.7564
5859 0.0000
5860 0.6214
5861 7.1728
5862 2.1556
5863 0.0000
5864 -0.1368
5865 3.1139
5866 0.0000
5867 7.9197
5868 -0.3238
5869 6.2305
5870 0.0000
5871 0.4767
5872 3.6997
5873 0.0000
5874 -3.7367
5875 5.1399
5876 -2.3372
5877 0.0000
5878 3.3837
5879 5.6102
5880 0.0000
5881 9.0682
5882 3.8136
5883 2.0747
5884 0.0000
5885 -0.0412
5886 5.0813
5887 0.0000
5888 1.9509
5889 3.5995
5890 2.9423
5891 0.0000
5892 -3.5176
5893 -0.4701
5894 0.0000
5895 4.7052
5896 2.4863
5897 5.2896
5898 0.0000
5899 6.1936
5900 2.1573
5901 0.0000
5902 5.4352
5903 9.0047
5904 4.9432
5905 0.0000
5906 5.1988
5907 5.3850
5908 0.0000
5909 7.2299
5910 6.5414
5911 -0.2212
5912 0.0000
5913 3.2471
5914 3.6067
5915 0.0000
5916 3.4906
5917 5.8953
5918 1.3147
5919 0.0000
5920 1.9056
5921 10.1185
5922 0.0000
5923 0.4769
5924 7.3467
5925 7.5572
5926 0.0000
5927 0.7760
5928 8.7875
5929 0.0000
5930 1.6464
5931 6.0041
5932 5.1239
5933 0.0000
5934 11.3927
5935 7.4368
5936 0.0000
5937 -2.8155
5938 2.7301
5939 -1.5251
5940 0.0000
5941 -3.1939
5942 0.0000
5943 3.2056
5944 0.0000
5945 -1.7629
5946 9.2349
5947 0.0000
5948 1.3747
5949 0.0000
5950 11.2758
5951 0.0000
5952 3.3036
5953 1.4489
5954 5.1875
5955 0.0000
5956 2.2594
5957 2.0587
5958 0.9328
5959 0.0000
5960 7.3811
5961 -1.6763
5962 10.8385
5963 0.0000
5964 6.9017
5965 0.0000
5966 13.3262
5967 0.0000
5968 -4.7305
5969 2.4091
5970 0.0000
5971 8.1011
5972 0.0000
5973 7.0032
5974 -0.8838
5975 1.8272
5976 -1.4789
5977 1.4115
5978 8.1636
5979 0.2760
5980 1.4397
5981 2.4430
5982 4.3322
5983 9.6028
5984 1.6966
5985 1.4434
5986 -0.6109
5987 4.9695
5988 10.6163
5989 0.0000
5990 -1.5541
5991 1.5043
5992 10.4600
5993 7.6112
5994 5.8615
5995 9.0585
5996 4.6541
5997 3.2444
5998 0.0000
5999 2.5707
6000 5.3152
6001 8.4341
6002 4.6405
6003 10.5284
6004 5.9295
6005 0.0000
6006 -0.6842
6007 10.6297
6008 -3.6785
6009 0.0000
6010 -3.2510
6011 -5.6980
6012 4.9436
6013 7.6955
6014 -0.2314
6015 -3.0584
6016 3.6551
6017 9.0262
6018 0.0000
6019 3.0678
6020 7.1864
6021 5.4488
6022 10.8130
6023 4.8835
6024 8.4282
6025 0.0000
6026 3.2680
6027 2.0306
6028 -2.2063
6029 0.0000
6030 2.2372
6031 1.4065
6032 5.0876
6033 0.7446
6034 1.4264
6035 5.9810
6036 3.2551
6037 7.0341
6038 0.0000
6039 9.2041
6040 4.8749
6041 3.6843
6042 1.1164
6043 2.8130
6044 7.6328
6045 0.0000
6046 1.3608
6047 0.0320
6048 -6.1799
6049 0.0000
6050 -0.8395
6051 3.4249
6052 -0.7373
6053 6.3338
6054 2.2401
6055 -11.5336
6056 1.6957
6057 0.7512
6058 0.0000
6059 -1.9146
6060 4.2915
6061 0.0715
6062 -1.2720
6063 10.5475
6064 8.8438
6065 0.0000
6066 15.4443
6067 -4.3035
6068 -2.7002
6069 9.5852
6070 -2.1877
6071 4.8450
6072 2.9665
6073 4.7652
6074 2.2883
6075 4.8263
6076 7.2762
6077 3.1417
6078 1.0724
6079 0.8120
6080 0.0000
6081 -3.4905
6082 1.5058
6083 4.7117
6084 3.5876
6085 -3.1658
6086 7.0587
6087 1.2097
6088 9.4074
6089 0.0000
6090 5.6126
6091 6.5565
6092 3.8928
6093 3.3706
6094 -8.5345
6095 6.5491
6096 0.0000
6097 8.9592
6098 0.4989
6099 6.2814
6100 0.0000
6101 8.6917
6102 -7.2432
6103 6.5159
6104 1.4659
6105 -0.4959
6106 8.6549
6107 2.8690
6108 1.0769
6109 0.0000
6110 6.0806
6111 0.0508
6112 4.4179
6113 4.0491
6114 1.7560
6115 7.2137
6116 0.0000
6117 -2.3460
6118 5.0928
6119 9.0932
6120 0.0000
6121 3.0385
6122 6.6787
6123 9.7099
6124 -0.4070
6125 0.5671
6126 3.1464
6127 0.2923
6128 2.9303
6129 0.0000
6130 3.1924
6131 -2.2043
6132 4.2973
6133 8.2840
6134 2.2637
6135 -2.0853
6136 0.0000
6137 -3.9427
6138 8.6751
6139 -1.4699
6140 0.0000
6141 0.7750
6142 -8.6003
6143 1.3310
6144 10.1464
6145 1.2539
6146 0.0890
6147 1.6176
6148 7.2184
6149 0.0000
6150 1.3004
6151 2.5267
6152 3.5106
6153 0.5175
6154 4.0760
6155 5.7924
6156 0.0000
6157 2.2017
6158 6.5123
6159 3.7870
6160 10.0722
6161 4.7424
6162 1.9934
6163 1.1054
6164 6.9610
6165 1.0774
6166 1.8514
6167 3.3871
6168 -2.3064
6169 -5.6725
6170 4.4496
6171 0.0000
6172 2.0014
6173 0.7176
6174 1.7850
6175 -1.8840
6176 2.6701
6177 4.8967
6178 -6.7618
6179 5.1716
6180 0.0000
6181 6.9446
6182 2.7920
6183 5.9576
6184 1.6525
6185 2.4626
6186 2.0822
6187 0.0000
6188 8.4839
6189 1.1772
6190 2.7691
6191 0.0000
6192 7.0785
6193 -3.8117
6194 2.7076
6195 5.3790
6196 1.1628
6197 3.8570
6198 9.9015
6199 12.0467
6200 0.0000
6201 5.5797
6202 2.0833
6203 1.9405
6204 3.4935
6205 10.4878
6206 6.3495
6207 0.0000
6208 6.1387
6209 0.4225
6210 4.2956
6211 0.0000
6212 4.5222
6213 -7.4720
6214 1.9167
6215 6.0837
6216 -0.2051
6217 3.8566
6218 -4.8065
6219 1.0213
6220 0.0000
6221 8.9244
6222 -2.6156
6223 5.1329
6224 2.2927
6225 11.6858
6226 4.6112
6227 0.0000
6228 -0.9369
6229 0.4830
6230 1.4826
6231 0.0000
6232 -1.2160
6233 -1.6759
6234 14.1252
6235 7.4870
6236 -9.4208
6237 3.9199
6238 5.7039
6239 6.8674
6240 0.0000
6241 2.3247
6242 12.7192
6243 1.9774
6244 -0.8404
6245 5.3329
6246 5.0813
6247 0.0000
6248 1.8376
6249 0.5320
6250 3.8063
6251 1.2035
6252 1.1429
6253 0.3647
6254 6.8651
6255 7.6817
6256 4.3636
6257 7.3473
6258 2.8395
6259 -0.3456
6260 7.8120
6261 1.5732
6262 0.0000
6263 11.9046
6264 -5.1909
6265 1.5134
6266 11.2459
6267 -3.8825
6268 -0.2120
6269 -3.7208
6270 3.8900
6271 0.0000
6272 8.1074
6273 -0.7319
6274 12.0756
6275 3.8671
6276 2.8286
6277 6.7476
6278 0.0000
6279 6.4161
6280 -0.2867
6281 1.3822
6282 0.0000
6283 3.1575
6284 -0.8449
6285 5.6307
6286 -0.3639
6287 7.3883
6288 12.7999
6289 5.4419
6290 6.5343
6291 0.0000
6292 6.3726
6293 4.5869
6294 4.7072
6295 9.2541
6296 4.9224
6297 2.3367
6298 0.0000
6299 -3.8365
6300 2.2650
6301 1.3947
6302 0.0000
6303 4.8325
6304 1.6922
6305 -3.3898
6306 -1.4460
6307 -10.8628
6308 -0.5832
6309 -1.0133
6310 1.9346
6311 0.0000
6312 7.3347
6313 0.3266
6314 5.1721
6315 0.4420
6316 9.7897
6317 8.4273
6318 0.0000
6319 0.5808
6320 3.3808
6321 16.9490
6322 0.0000
6323 6.7387
6324 1.2899
6325 8.5265
6326 9.6622
6327 1.3504
6328 13.4112
6329 8.2570
6330 8.3417
6331 0.0000
6332 1.8844
6333 8.2676
6334 1.0369
6335 6.0499
6336 5.0178
6337 1.2760
6338 0.0000
6339 -12.3196
6340 0.0000
6341 5.6483
6342 0.0000
6343 -0.3190
6344 4.1661
6345 0.4920
6346 -4.6445
6347 7.0670
6348 12.9037
6349 6.7775
6350 6.1314
6351 0.0000
6352 -4.2556
6353 0.6601
6354 -5.9628
6355 4.2325
6356 2.7928
6357 -2.4298
6358 0.0000
6359 0.7271
6360 5.2991
6361 3.5843
6362 4.8806
6363 3.9883
6364 -2.2753
6365 0.0000
6366 9.4255
6367 0.3270
6368 3.1636
6369 -1.4150
6370 2.8748
6371 3.8411
6372 0.0000
6373 1.5590
6374 7.9479
6375 5.4951
6376 3.4885
6377 0.9305
6378 4.6609
6379 0.0000
6380 4.5399
6381 4.8874
6382 -2.0788
6383 -1.7608
6384 -0.1925
6385 -4.0361
6386 0.0000
6387 -1.5096
6388 10.5806
6389 4.2845
6390 -2.8331
6391 6.8351
6392 6.7169
6393 0.0000
6394 -6.2597
6395 7.2411
6396 3.1873
6397 8.8788
6398 10.1035
6399 6.8198
6400 0.0000
6401 2.8912
6402 6.0516
6403 1.7269
6404 7.3036
6405 6.6022
6406 -2.6799
6407 0.0000
6408 -3.6046
6409 7.6328
6410 3.3977
6411 -0.0075
6412 1.5520
6413 2.3524
6414 0.0000
6415 7.4898
6416 1.3860
6417 7.4463
6418 2.0602
6419 8.2844
6420 0.9489
6421 0.0000
6422 -0.3259
6423 4.4637
6424 5.2891
6425 3.3812
6426 4.3049
6427 9.9503
6428 0.0000
6429 3.0357
6430 -2.3236
6431 5.4178
6432 6.3643
6433 7.0386
6434 -2.1843
6435 0.0000
6436 2.4894
6437 4.0519
6438 7.3156
6439 6.5698
6440 9.7281
6441 4.3316
6442 0.0000
6443 -2.3071
6444 6.2520
6445 9.0823
6446 -1.8491
6447 6.2851
6448 5.1836
6449 0.0000
6450 -1.0197
6451 6.0784
6452 9.9854
6453 5.4743
6454 7.7477
6455 6.3441
6456 0.0000
6457 -4.2925
6458 0.0000
6459 12.7560
6460 0.0000
6461 6.1267
6462 0.0000
6463 2.6670
6464 8.2030
6465 0.0000
6466 8.4228
6467 9.7621
6468 9.5984
6469 5.2353
6470 0.0000
6471 5.8227
6472 6.5744
6473 3.2847
6474 0.0000
6475 12.6473
6476 8.0890
6477 12.7038
6478 0.0000
6479 0.5793
6480 7.3607
6481 9.3516
6482 -1.5939
6483 5.7658
6484 -1.2596
6485 2.6295
6486 -3.4508
6487 5.6396
6488 0.0000
6489 1.9033
6490 -2.2017
6491 7.4231
6492 2.9884
6493 3.9403
6494 0.6388
6495 0.0000
6496 -4.3242
6497 1.1825
6498 6.2608
6499 5.3543
6500 0.3384
6501 3.7129
6502 0.0000
6503 0.2737
6504 6.5198
6505 3.4097
6506 4.7103
6507 5.4652
6508 6.6603
6509 0.0000
6510 -5.6504
6511 -0.1193
6512 -1.0838
6513 2.7615
6514 10.2761
6515 -6.8832
6516 0.0000
6517 -3.4159
6518 11.0050
6519 0.8467
6520 6.3984
6521 1.5067
6522 6.1398
6523 0.0000
6524 -1.5636
6525 4.9272
6526 10.1214
6527 -2.6748
6528 2.1317
6529 8.9893
6530 0.0000
6531 -3.5724
6532 0.9872
6533 1.3612
6534 -4.6783
6535 -3.9133
6536 2.5876
6537 0.0000
6538 0.1785
6539 1.0522
6540 2.2003
6541 4.1863
6542 4.0358
6543 8.8000
6544 0.0000
6545 3.0042
6546 -4.2077
6547 6.5816
6548 5.8568
6549 2.8452
6550 5.5008
6551 0.0000
6552 5.1554
6553 9.5170
6554 -2.1553
6555 -1.1973
6556 3.1728
6557 1.3782
6558 0.0000
6559 -0.7637
6560 3.7504
6561 9.2797
6562 8.6718
6563 7.9411
6564 -1.4462
6565 0.0000
6566 -1.3917
6567 -0.0995
6568 0.0000
6569 3.8252
6570 -0.3693
6571 5.1902
6572 2.1693
6573 6.9549
6574 -1.9190
6575 0.6124
6576 5.1769
6577 0.0000
6578 8.2585
6579 1.8330
6580 0.0000
6581 -1.7555
6582 0.0000
6583 0.7023
6584 0.0000
6585 0.4577
6586 1.1740
6587 0.0000
6588 -1.3918
6589 -0.6015
6590 0.0000
6591 9.9269
6592 5.0240
6593 3.6077
6594 0.0000
6595 -0.0719
6596 -1.1970
6597 0.0000
6598 12.2707
6599 5.1822
6600 1.1540
6601 0.0000
6602 3.4653
6603 7.8493
6604 0.0000
6605 2.4541
6606 1.4432
6607 -0.3297
6608 0.0000
6609 -1.8647
6610 5.4194
6611 0.0000
6612 7.6731
6613 4.2248
6614 -7.1436
6615 0.0000
6616 3.8110
6617 -0.3332
6618 0.0000
6619 7.9667
6620 3.1310
6621 12.9028
6622 0.0000
6623 -3.9037
6624 -0.0043
6625 0.0000
6626 6.8767
6627 6.9330
6628 2.5030
6629 0.0000
6630 -3.1472
6631 6.6619
6632 0.0000
6633 1.2991
6634 7.8913
6635 5.0856
6636 0.0000
6637 1.1473
6638 -2.9933
6639 0.0000
6640 6.1563
6641 7.1780
6642 1.6286
6643 0.0000
6644 1.4418
6645 0.3208
6646 0.0000
6647 3.1129
6648 -0.9919
6649 3.0419
6650 0.0000
6651 -2.7067
6652 1.4713
6653 0.0000
6654 4.7267
6655 10.9221
6656 0.8620
6657 0.0000
6658 1.3039
6659 6.9214
6660 0.0000
6661 1.1124
6662 6.2014
6663 5.5008
6664 0.0000
6665 2.1349
6666 4.0894
6667 0.0000
6668 -2.6555
6669 -3.1847
6670 2.6094
6671 0.0000
6672 0.4626
6673 8.8752
6674 0.0000
6675 5.5411
6676 10.6488
6677 11.8365
6678 0.0000
6679 -4.4002
6680 11.1153
6681 0.0000
6682 -2.1657
6683 6.2778
6684 1.6780
6685 0.0000
6686 0.4641
6687 -2.2445
6688 0.0000
6689 5.9647
6690 7.2480
6691 4.1951
6692 0.0000
6693 -2.4069
6694 5.6937
6695 0.0000
6696 5.6971
6697 2.7429
6698 -4.2758
6699 0.0000
6700 2.7051
6701 0.0000
6702 2.5638
6703 0.0000
6704 4.3993
6705 5.9303
6706 0.0000
6707 9.6755
6708 0.0000
6709 -3.1482
6710 0.0000
6711 7.6931
6712 1.4942
6713 5.5747
6714 0.0000
6715 7.9262
6716 4.3021
6717 3.7783
6718 0.0000
6719 0.6285
6720 1.5565
6721 3.9563
6722 0.0000
6723 5.4302
6724 0.0000
6725 -1.4216
6726 0.0000
6727 9.9256
6728 11.3323
6729 0.0000
6730 0.9721
6731 0.0000
6732 6.4958
6733 -3.1733
6734 0.0318
6735 6.3035
6736 7.1126
6737 1.7965
6738 4.2165
6739 5.4058
6740 10.1507
6741 4.6314
6742 -3.2366
6743 10.1136
6744 7.6434
6745 2.2245
6746 11.2068
6747 -3.0645
6748 0.0000
6749 0.9671
6750 -7.2546
6751 3.6321
6752 -3.3279
6753 -8.9344
6754 18.1070
6755 11.9904
6756 7.1024
6757 0.0000
6758 10.5676
6759 3.7814
6760 9.1116
6761 7.8062
6762 5.0298
6763 -1.9764
6764 0.0000
6765 2.0405
6766 8.4715
6767 12.1240
6768 0.0000
6769 4.3881
6770 -3.2626
6771 -5.2191
6772 3.5133
6773 2.9415
6774 2.8732
6775 -0.8185
6776 -3.2664
6777 0.0000
6778 6.2731
6779 10.9201
6780 6.6968
6781 9.2092
6782 2.0332
6783 2.2475
6784 0.0000
6785 -1.5293
6786 0.0944
6787 10.6172
6788 0.0000
6789 7.5323
6790 0.6606
6791 1.1579
6792 4.6252
6793 -9.4478
6794 12.8387
6795 5.9296
6796 9.3522
6797 0.0000
6798 4.4562
6799 -1.8689
6800 5.8459
6801 4.4276
6802 13.1242
6803 3.3984
6804 0.0000
6805 6.4032
6806 9.6099
6807 7.8397
6808 0.0000
6809 2.5679
6810 1.6266
6811 5.2342
6812 -3.9512
6813 0.9185
6814 1.9646
6815 5.5424
6816 8.1000
6817 0.0000
6818 4.5237
6819 3.1837
6820 1.4275
6821 4.2784
6822 3.8645
6823 -0.0003
6824 0.0000
6825 0.2069
6826 1.5970
6827 6.3047
6828 3.9627
6829 6.4246
6830 9.6435
6831 14.0366
6832 0.0162
6833 7.9756
6834 2.1207
6835 3.9349
6836 2.7674
6837 2.0099
6838 -0.0266
6839 0.0000
6840 4.5894
6841 0.3684
6842 3.0762
6843 2.2810
6844 3.1422
6845 -2.7570
6846 3.1434
6847 2.8333
6848 0.0000
6849 6.7786
6850 2.8419
6851 2.7533
6852 1.3429
6853 -0.6609
6854 3.3031
6855 0.0000
6856 -1.4597
6857 1.2225
6858 3.3642
6859 0.0000
6860 9.0242
6861 2.3861
6862 2.6736
6863 2.1362
6864 1.0081
6865 10.0497
6866 4.3180
6867 9.2744
6868 0.0000
6869 8.6620
6870 8.0734
6871 4.2273
6872 0.2327
6873 6.9207
6874 7.8001
6875 0.0000
6876 2.1318
6877 3.3886
6878 7.0293
6879 0.0000
6880 1.9544
6881 5.2992
6882 6.1399
6883 6.0994
6884 0.2343
6885 11.1561
6886 9.8007
6887 5.4259
6888 0.0000
6889 9.8772
6890 5.4468
6891 7.9821
6892 8.7646
6893 0.7261
6894 7.6096
6895 0.0000
6896 0.2711
6897 2.6384
6898 -3.0568
6899 0.0000
6900 -4.5524
6901 4.5487
6902 8.2067
6903 -1.4641
6904 2.0590
6905 -0.3503
6906 -1.0801
6907 4.1575
6908 0.0000
6909 3.3983
6910 2.2612
6911 9.7592
6912 10.2726
6913 3.0915
6914 0.6776
6915 0.0000
6916 1.5155
6917 1.4106
6918 5.9271
6919 7.3907
6920 3.5868
6921 0.8890
6922 -3.4542
6923 6.1902
6924 9.6599
6925 6.5429
6926 1.7348
6927 2.3705
6928 2.1177
6929 -0.5503
6930 0.0000
6931 3.2457
6932 -3.0257
6933 6.2645
6934 2.0656
6935 -0.6512
6936 0.0801
6937 -3.4131
6938 6.0538
6939 0.0000
6940 5.3724
6941 1.5114
6942 7.5961
6943 4.5457
6944 10.8096
6945 0.8643
6946 0.0000
6947 -2.4862
6948 3.5267
6949 -0.4914
6950 0.0000
6951 1.7523
6952 1.7820
6953 4.2723
6954 3.8031
6955 8.2971
6956 -2.5919
6957 -4.7627
6958 6.3930
6959 0.0000
6960 8.6525
6961 8.9717
6962 9.0389
6963 7.5149
6964 0.0824
6965 8.5126
6966 0.0000
6967 8.3028
6968 5.7140
6969 4.4696
6970 0.0000
6971 -2.0830
6972 -4.3840
6973 8.0166
6974 2.5854
6975 0.7530
6976 17.0017
6977 5.0954
6978 1.5255
6979 0.0000
6980 7.1012
6981 7.6387
6982 -3.3169
6983 2.9054
6984 7.6596
6985 8.2598
6986 0.0000
6987 -1.3625
6988 -0.8698
6989 3.9290
6990 0.0000
6991 8.1487
6992 -1.5944
6993 0.0043
6994 4.2956
6995 -5.2203
6996 5.5067
6997 4.2397
6998 4.3811
6999 0.0000
7000 2.9469
7001 2.8517
7002 10.6427
7003 4.2580
7004 -0.1323
7005 4.7579
7006 0.0000
7007 -3.8034
7008 6.4680
7009 5.3405
7010 5.2013
7011 6.3766
7012 -0.0327
7013 9.3946
7014 4.1807
7015 4.0420
7016 1.8539
7017 4.1751
7018 -2.7241
7019 7.0982
7020 4.1414
7021 0.0000
7022 7.7322
7023 1.0319
7024 1.2520
7025 5.7240
7026 6.6535
7027 6.4014
7028 6.1936
7029 5.0412
7030 0.0000
7031 3.3414
7032 0.7383
7033 3.9751
7034 3.6702
7035 10.9782
7036 9.7228
7037 0.0000
7038 -2.0942
7039 6.4367
7040 7.6959
7041 0.0000
7042 4.2215
7043 -3.6860
7044 -3.1788
7045 8.0815
7046 -2.7185
7047 3.3876
7048 2.3134
7049 10.2852
7050 0.0000
7051 9.7190
7052 8.3370
7053 5.3891
7054 3.8925
7055 0.0668
7056 2.8008
7057 0.0000
7058 -0.9739
7059 4.9250
7060 10.0214
7061 0.0000
7062 8.7747
7063 -4.2810
7064 8.2053
7065 7.9466
7066 5.1031
7067 2.6767
7068 -10.1733
7069 7.8256
7070 0.0000
7071 7.6091
7072 1.6657
7073 -3.3284
7074 2.6639
7075 1.2330
7076 0.7411
7077 0.0000
7078 0.2540
7079 -6.2755
7080 7.8835
7081 0.0000
7082 4.6941
7083 0.5399
7084 7.5337
7085 2.0774
7086 10.5569
7087 8.2027
7088 9.9487
7089 0.9302
7090 0.0000
7091 0.7876
7092 15.3997
7093 0.4096
7094 -0.9942
7095 -3.0731
7096 -0.5875
7097 0.0000
7098 1.3714
7099 0.0000
7100 1.8381
7101 0.0000
7102 10.3852
7103 -1.9966
7104 1.5996
7105 -0.5206
7106 -0.9163
7107 4.5399
7108 7.9969
7109 9.8526
7110 0.0000
7111 0.0199
7112 4.8503
7113 -3.6746
7114 4.7759
7115 4.5112
7116 5.3384
7117 0.0000
7118 1.1253
7119 8.1012
7120 1.4473
7121 -1.2723
7122 -0.1164
7123 4.5266
7124 0.0000
7125 4.2879
7126 1.2247
7127 7.0100
7128 5.6309
7129 1.3868
7130 7.7150
7131 0.0000
7132 3.3038
7133 2.2790
7134 1.3247
7135 0.7399
7136 -2.6011
7137 5.7999
7138 0.0000
7139 4.6149
7140 4.9220
7141 -3.2965
7142 5.8356
7143 -1.6497
7144 4.3781
7145 0.0000
7146 -1.2551
7147 8.4196
7148 -0.4943
7149 0.3675
7150 5.2340
7151 4.4094
7152 0.0000
7153 -0.0454
7154 -2.6871
7155 6.5238
7156 4.2714
7157 0.4811
7158 4.1609
7159 0.0000
7160 -0.7365
7161 0.4857
7162 2.9087
7163 4.7680
7164 1.8451
7165 6.7440
7166 0.0000
7167 -2.1160
7168 8.2286
7169 -8.4511
7170 10.4774
7171 7.3972
7172 -5.3895
7173 0.0000
7174 -0.2016
7175 4.1102
7176 7.1435
7177 2.7535
7178 -2.9125
7179 6.3404
7180 0.0000
7181 0.3584
7182 1.9978
7183 1.0239
7184 -1.4644
7185 4.1832
7186 7.2117
7187 0.0000
7188 -2.7051
7189 11.4386
7190 7.1867
7191 12.8469
7192 -3.3099
7193 0.8997
7194 0.0000
7195 2.5126
7196 12.6885
7197 -0.9867
7198 -1.3484
7199 3.5358
7200 2.4329
7201 0.0000
7202 6.2680
7203 1.5880
7204 5.4716
7205 1.4802
7206 4.8920
7207 -1.1976
7208 0.0000
7209 -1.2583
7210 2.9487
7211 -2.9341
7212 5.1326
7213 8.3919
7214 5.4192
7215 0.0000
7216 3.7002
7217 0.0000
7218 9.0336
7219 0.0000
7220 4.0789
7221 0.0000
7222 1.5923
7223 3.8079
7224 0.0000
7225 2.2279
7226 5.1420
7227 4.5099
7228 3.8813
7229 0.0000
7230 7.0965
7231 5.3368
7232 6.7552
7233 0.0000
7234 -2.0113
7235 1.8822
7236 8.0049
7237 0.0000
7238 10.4393
7239 6.6013
7240 0.9932
7241 2.7244
7242 5.0502
7243 13.4608
7244 1.3828
7245 4.6508
7246 2.7116
7247 0.0000
7248 1.0476
7249 -1.1899
7250 11.3016
7251 4.4282
7252 -1.3450
7253 -1.7348
7254 0.0000
7255 -0.9575
7256 7.7555
7257 -2.2530
7258 5.2150
7259 3.0699
7260 1.6781
7261 0.0000
7262 1.5259
7263 0.9229
7264 7.7875
7265 2.0215
7266 4.9794
7267 -1.9856
7268 0.0000
7269 2.0430
7270 5.3334
7271 8.4129
7272 3.0822
7273 1.5898
7274 5.4607
7275 0.0000
7276 2.9115
7277 6.4486
7278 5.0617
7279 7.3932
7280 9.6407
7281 9.8028
7282 0.0000
7283 2.7393
7284 2.0236
7285 -0.2595
7286 -3.3519
7287 7.8194
7288 -2.0206
7289 0.0000
7290 0.7081
7291 -0.2578
7292 7.7106
7293 5.8630
7294 8.7260
7295 3.2536
7296 0.0000
7297 3.4858
7298 7.9390
7299 11.4428
7300 5.9622
7301 -2.7639
7302 4.3796
7303 0.0000
7304 6.9309
7305 0.4742
7306 -0.1351
7307 4.1675
7308 1.4264
7309 3.2424
7310 0.0000
7311 -2.5221
7312 3.5868
7313 -0.2052
7314 2.9248
7315 1.5442
7316 11.6867
7317 0.0000
7318 -0.8285
7319 1.4038
7320 10.3393
7321 2.4822
7322 0.7284
7323 8.3366
7324 0.0000
7325 2.2467
7326 7.0418
7327 0.0000
7328 2.5252
7329 -6.6161
7330 1.6433
7331 2.7102
7332 2.1697
7333 -3.2830
7334 0.9497
7335 10.8608
7336 0.0000
7337 -1.9416
7338 -0.8085
7339 0.0000
7340 -3.8930
7341 0.0000
7342 -2.4351
7343 0.0000
7344 -1.0783
7345 2.2156
7346 0.0000
7347 7.4421
7348 0.5776
7349 0.0000
7350 7.6975
7351 0.3102
7352 0.6944
7353 0.0000
7354 7.3523
7355 3.3945
7356 0.0000
7357 -6.7726
7358 0.8565
7359 6.8536
7360 0.0000
7361 -1.5623
7362 2.4982
7363 0.0000
7364 1.0678
7365 0.2481
7366 5.8649
7367 0.0000
7368 3.5773
7369 3.5945
7370 0.0000
7371 -6.5429
7372 2.4954
7373 9.7772
7374 0.0000
7375 -1.7662
7376 3.4091
7377 0.0000
7378 3.3798
7379 2.0935
7380 -0.6818
7381 0.0000
7382 5.9715
7383 4.5090
7384 0.0000
7385 0.8196
7386 3.9277
7387 6.4307
7388 0.0000
7389 -5.0975
7390 10.7172
7391 0.0000
7392 2.1548
7393 8.2813
7394 7.2396
7395 0.0000
7396 6.7858
7397 7.1122
7398 0.0000
7399 3.3852
7400 4.8511
7401 5.6889
7402 0.0000
7403 -3.1178
7404 -4.7604
7405 0.0000
7406 8.2321
7407 6.1191
7408 11.0540
7409 0.0000
7410 -2.1643
7411 7.8179
7412 0.0000
7413 5.4852
7414 7.4261
7415 8.2291
7416 0.0000
7417 7.6490
7418 -2.5486
7419 0.0000
7420 2.4209
7421 -0.3241
7422 2.0431
7423 0.0000
7424 1.8107
7425 2.3022
7426 0.0000
7427 0.8823
7428 2.6957
7429 3.9776
7430 0.0000
7431 -0.3739
7432 5.7728
7433 0.0000
7434 0.5434
7435 7.6773
7436 0.1867
7437 0.0000
7438 2.0440
7439 3.7612
7440 0.0000
7441 3.4397
7442 4.0642
7443 9.6854
7444 0.0000
7445 -4.2179
7446 6.2416
7447 0.0000
7448 0.2664
7449 6.0769
7450 1.3972
7451 0.0000
7452 -0.4019
7453 9.0436
7454 0.0000
7455 6.0890
7456 1.0598
7457 -3.2377
7458 0.0000
7459 -6.4807
7460 0.0000
7461 -4.1470
7462 0.0000
7463 0.8926
7464 4.3522
7465 0.0000
7466 5.9145
7467 0.0000
7468 6.2378
7469 0.0000
7470 -3.1735
7471 1.3447
7472 5.2023
7473 0.0000
7474 3.7265
7475 0.5982
7476 5.9041
7477 0.0000
7478 7.1364
7479 1.3599
7480 5.6592
7481 0.0000
7482 6.2175
7483 0.0000
7484 9.0624
7485 0.0000
7486 8.7893
7487 4.9304
7488 0.0000
7489 5.5958
7490 0.0000
7491 13.2498
7492 1.0008
7493 -4.9619
7494 2.3747
7495 4.2335
7496 6.8392
7497 -9.7364
7498 4.0563
7499 0.0000
7500 5.6906
7501 9.2115
7502 0.7535
7503 -2.3330
7504 4.6896
7505 0.1566
7506 0.0000
7507 2.4947
7508 4.0205
7509 -3.4753
7510 1.2485
7511 -0.1907
7512 0.9016
7513 0.0000
7514 -0.6315
7515 6.8116
7516 -0.1615
7517 2.1516
7518 0.6631
7519 1.8936
7520 0.0000
7521 -6.6569
7522 6.9746
7523 4.7143
7524 5.6793
7525 2.9380
7526 7.2222
7527 0.0000
7528 3.2889
7529 -0.9259
7530 5.3639
7531 1.8562
7532 4.9461
7533 4.3139
7534 0.0000
7535 -6.2184
7536 -1.5897
7537 7.7805
7538 2.8615
7539 5.6438
7540 6.9615
7541 0.0000
7542 0.5631
7543 12.1553
7544 6.3278
7545 8.5204
7546 5.4864
7547 6.7011
7548 0.0000
7549 2.7151
7550 2.3138
7551 -0.6144
7552 4.8163
7553 1.1186
7554 -4.5678
7555 0.0000
7556 -3.1298
7557 8.2708
7558 7.9198
7559 -3.1328
7560 4.3660
7561 -0.7192
7562 0.0000
7563 1.9741
7564 -0.0963
7565 1.9131
7566 2.6270
7567 1.7437
7568 6.7090
7569 0.0000
7570 -4.3474
7571 3.4022
7572 1.3714
7573 -2.6483
7574 5.3791
7575 6.8693
7576 0.0000
7577 -3.9046
7578 12.5343
7579 4.8579
7580 12.4433
7581 5.5219
7582 4.6103
7583 0.0000
7584 1.9773
7585 4.6939
7586 0.9353
7587 1.5514
7588 11.7333
7589 10.2220
7590 0.0000
7591 4.8948
7592 11.8416
7593 7.9274
7594 4.2887
7595 9.4057
7596 12.9795
7597 0.0000
7598 -0.4231
7599 0.8812
7600 -1.5099
7601 -0.8311
7602 4.0399
7603 5.3433
7604 0.0000
7605 -3.5680
7606 0.0000
7607 7.6577
7608 3.9747
7609 0.0000
7610 -0.8657
7611 5.1702
7612 0.0000
7613 10.8556
7614 9.6559
7615 0.0000
7616 -4.5945
7617 0.0000
7618 -3.3686
7619 5.4415
7620 0.0000
7621 -2.0193
7622 -2.4782
7623 0.0000
7624 -5.0884
7625 0.0000
7626 5.9713
7627 5.9401
7628 0.0000
7629 -1.3962
7630 5.4588
7631 0.0000
7632 8.9013
7633 0.0000
7634 -3.7446
7635 3.6187
7636 0.0000
7637 6.4278
7638 9.0806
7639 0.0000
7640 -2.5446
7641 0.0000
7642 2.3740
7643 -0.2321
7644 0.0000
7645 5.4695
7646 -1.2454
7647 0.0000
7648 4.3584
7649 0.0000
7650 -1.2804
7651 3.0491
7652 0.0000
7653 2.8206
7654 4.9790
7655 0.0000
7656 6.9056
7657 0.0000
7658 0.4067
7659 5.7537
7660 0.0000
7661 3.5829
7662 4.4465
7663 0.0000
7664 7.8701
7665 0.0000
7666 -5.7185
7667 8.8426
7668 0.0000
7669 0.1726
7670 -2.4470
7671 0.0000
7672 -3.4880
7673 0.0000
7674 4.3263
7675 7.5796
7676 0.0000
7677 -3.1083
7678 1.5975
7679 0.0000
7680 -2.4625
7681 0.0000
7682 0.5981
7683 2.3802
7684 0.0000
7685 -0.0983
7686 -4.6132
7687 0.0000
7688 4.6911
7689 0.0000
7690 5.2958
7691 7.5801
7692 0.0000
7693 -0.2028
7694 5.4407
7695 0.0000
7696 5.5998
7697 0.0000
7698 -0.1556
7699 10.2330
7700 0.0000
7701 0.4329
7702 -0.1072
7703 0.0000
7704 -5.2872
7705 0.0000
7706 3.1059
7707 9.2370
7708 0.0000
7709 5.5746
7710 3.7190
7711 0.0000
7712 8.8781
7713 0.0000
7714 0.7873
7715 4.1097
7716 0.0000
7717 7.1677
7718 1.3292
7719 0.0000
7720 1.0834
7721 0.0000
7722 -2.3376
7723 -0.1410
7724 0.0000
7725 5.0740
7726 3.1191
7727 0.0000
7728 2.7324
7729 0.0000
7730 0.7158
7731 3.8290
7732 0.0000
7733 4.8180
7734 6.4548
7735 0.0000
7736 -2.5903
7737 0.0000
7738 -1.1312
7739 0.0000
7740 8.0024
