# input  : 16 : 3A 3D 19 10 75 57 E7 B3 3F 12 60 1B 3A 99 1E F4 
# output : 16 : A0 E7 6C 70 A5 EC C1 61 6D 25 CF B0 AF A2 04 D3 
# cycles : 7740
1 0.0000
2 3.7050
3 0.5859
4 0.0000
5 2.0041
6 0.0000
7 1.4938
8 9.6452
9 0.0000
10 5.2605
11 2.9982
12 0.0000
13 0.3014
14 0.0000
15 11.8424
16 2.1326
17 0.0000
18 3.8269
19 3.6546
20 0.0000
21 2.8843
22 0.0000
23 0.1917
24 -1.1508
25 0.0000
26 3.3950
27 5.1951
28 0.0000
29 0.9640
30 0.0000
31 6.1091
32 6.7403
33 0.0000
34 -5.4157
35 -6.1168
36 0.0000
37 1.1666
38 0.0000
39 10.4981
40 8.0000
41 0.0000
42 1.0097
43 4.1262
44 0.0000
45 -0.7896
46 0.0000
47 7.0718
48 -0.2200
49 0.0000
50 3.2818
51 0.9548
52 0.0000
53 -3.8763
54 0.0000
55 3.5401
56 6.3930
57 0.0000
58 -1.6791
59 7.2895
60 0.0000
61 1.2468
62 0.0000
63 8.5146
64 6.9845
65 0.0000
66 3.1203
67 6.4586
68 0.0000
69 0.6769
70 0.0000
71 3.2750
72 5.0669
73 0.0000
74 -0.3923
75 6.6323
76 0.0000
77 4.7485
78 0.0000
79 2.4467
80 -3.9942
81 0.0000
82 9.6942
83 -1.2562
84 0.0000
85 5.9432
86 0.0000
87 9.3321
88 5.7145
89 0.0000
90 8.3290
91 0.6013
92 0.0000
93 -3.9343
94 0.0000
95 9.1347
96 4.8220
97 0.0000
98 7.4174
99 -0.6736
100 0.0000
101 6.8272
102 0.0000
103 7.7446
104 7.6750
105 0.0000
106 3.3315
107 -1.4633
108 0.0000
109 4.7217
110 0.0000
111 -2.3017
112 -1.2561
113 0.0000
114 2.2397
115 10.3516
116 0.0000
117 -0.0393
118 0.0000
119 9.6915
120 10.7617
121 0.0000
122 -2.6940
123 4.0207
124 0.0000
125 -3.6887
126 0.0000
127 1.9808
128 4.7393
129 0.0000
130 7.7269
131 -3.3672
132 0.0000
133 6.1618
134 0.0000
135 3.4848
136 3.4222
137 0.0000
138 0.7016
139 4.1150
140 1.8801
141 0.0000
142 2.8693
143 4.6152
144 -2.8406
145 -0.6972
146 0.0000
147 -6.8764
148 3.5752
149 0.0000
150 8.5425
151 8.6741
152 -0.4520
153 -4.0547
154 0.0000
155 3.1842
156 -5.2042
157 0.0000
158 1.3570
159 -1.4722
160 6.2330
161 6.6164
162 0.0000
163 -8.0241
164 3.0900
165 0.0000
166 5.2306
167 -0.5526
168 1.0432
169 7.1364
170 0.0000
171 2.1898
172 -2.2780
173 0.0000
174 -2.8115
175 0.7613
176 3.9228
177 -1.9358
178 0.0000
179 5.3086
180 1.0259
181 0.0000
182 -3.1050
183 4.5011
184 3.1340
185 -1.7797
186 0.0000
187 -0.4350
188 4.5068
189 0.0000
190 2.4293
191 7.3012
192 0.9669
193 4.7297
194 0.0000
195 -3.1414
196 -5.9499
197 0.0000
198 2.1861
199 0.2840
200 3.5015
201 6.5071
202 0.0000
203 10.1083
204 0.3057
205 0.0000
206 -1.0912
207 4.8887
208 2.5547
209 -0.6638
210 0.0000
211 10.9311
212 -4.2690
213 0.0000
214 8.1494
215 8.0908
216 1.0691
217 -2.1904
218 0.0000
219 8.7008
220 1.6471
221 0.0000
222 5.3040
223 4.4256
224 -0.9647
225 -1.2819
226 0.0000
227 -2.7239
228 4.4158
229 0.0000
230 1.6293
231 9.3479
232 -3.3484
233 -5.5023
234 0.0000
235 2.9590
236 1.2328
237 0.0000
238 4.0140
239 12.9948
240 7.1324
241 5.2827
242 0.0000
243 0.0646
244 3.4898
245 0.0000
246 13.1051
247 5.7224
248 8.1949
249 5.6468
250 0.0000
251 -3.7299
252 0.0390
253 0.0000
254 -0.1164
255 5.0106
256 3.3809
257 6.4905
258 0.0000
259 4.1678
260 -2.4059
261 0.0000
262 3.2634
263 10.8842
264 -1.1430
265 -7.3610
266 0.0000
267 -6.0252
268 -4.8129
269 0.0000
270 6.2930
271 0.0000
272 8.5979
273 4.4854
274 1.0814
275 4.1390
276 1.4658
277 -3.0094
278 0.1184
279 2.0409
280 0.0000
281 -1.0103
282 3.0942
283 -1.5426
284 7.9585
285 3.5215
286 3.1905
287 0.0000
288 -1.5737
289 -0.7231
290 8.6260
291 2.9098
292 5.5908
293 5.2491
294 0.0000
295 -2.9288
296 0.5760
297 1.1624
298 2.2469
299 4.6947
300 4.5108
301 0.0000
302 1.1252
303 3.2694
304 15.7385
305 6.2214
306 10.8653
307 4.0864
308 0.0000
309 -0.3470
310 1.0504
311 7.5339
312 7.9289
313 7.9157
314 3.3680
315 0.0000
316 0.3227
317 6.0348
318 5.6936
319 1.0181
320 4.8956
321 6.5087
322 0.0000
323 4.8834
324 -0.3955
325 -3.5437
326 -5.1717
327 9.8193
328 8.3172
329 0.0000
330 -3.8701
331 7.5853
332 3.4028
333 8.9804
334 8.4428
335 7.5781
336 0.0000
337 0.5927
338 -1.6261
339 4.2466
340 6.1061
341 5.1140
342 2.0048
343 0.0000
344 -7.6679
345 7.2309
346 5.7834
347 10.0800
348 5.2081
349 1.2873
350 0.0000
351 -3.8334
352 7.0266
353 2.7083
354 6.5913
355 2.8644
356 6.9105
357 0.0000
358 1.5093
359 8.7799
360 8.5221
361 12.8465
362 10.1485
363 5.7603
364 0.0000
365 -5.2882
366 -0.9625
367 2.8919
368 4.7091
369 6.3743
370 2.9734
371 0.0000
372 6.0053
373 0.5355
374 -2.1239
375 5.0022
376 9.9362
377 14.4509
378 0.0000
379 -0.0527
380 -3.6729
381 -0.1905
382 4.3325
383 3.8021
384 -0.5569
385 0.0000
386 0.5155
387 0.0000
388 11.2743
389 0.0000
390 4.8084
391 0.0000
392 2.3609
393 1.6765
394 0.0000
395 9.4451
396 5.2146
397 11.8068
398 2.0043
399 0.0000
400 1.9058
401 4.1893
402 1.7630
403 0.0000
404 9.5490
405 7.9217
406 4.5756
407 0.0000
408 0.8187
409 2.2425
410 -7.5289
411 -1.2769
412 -0.1943
413 6.2552
414 10.1617
415 4.8438
416 5.7275
417 0.0000
418 4.0194
419 4.7136
420 11.0938
421 3.6754
422 -0.6346
423 2.8061
424 0.0000
425 1.3074
426 7.4916
427 8.1762
428 6.3105
429 4.7989
430 5.1166
431 0.0000
432 -0.1937
433 12.5105
434 2.7709
435 4.7678
436 -9.7086
437 3.5363
438 0.0000
439 -5.4467
440 2.0005
441 6.8175
442 2.2007
443 8.1242
444 2.2690
445 0.0000
446 13.4412
447 3.6159
448 -2.1134
449 4.5196
450 0.4675
451 4.2665
452 0.0000
453 3.8335
454 1.4307
455 3.4091
456 2.7817
457 0.4411
458 3.3157
459 0.0000
460 5.1544
461 4.2728
462 3.7892
463 -0.5553
464 -0.4439
465 -3.9454
466 0.0000
467 1.4988
468 6.4069
469 -1.4255
470 0.6000
471 0.8275
472 3.5734
473 0.0000
474 7.1426
475 -3.0173
476 4.9717
477 8.7680
478 0.0487
479 -3.4585
480 0.0000
481 -6.2412
482 -2.2960
483 4.6689
484 10.5901
485 6.1327
486 6.8623
487 0.0000
488 -4.1428
489 3.6265
490 -3.1156
491 -3.1146
492 4.8028
493 1.1959
494 0.0000
495 -1.2097
496 6.5147
497 0.0000
498 2.9333
499 -0.9495
500 6.1725
501 3.7201
502 6.6231
503 -3.5593
504 -4.9357
505 3.1611
506 0.0000
507 4.0993
508 -1.5755
509 0.0000
510 -9.5407
511 -1.1472
512 0.0000
513 6.0598
514 -1.4908
515 0.0000
516 3.2143
517 1.6471
518 0.0000
519 -6.3514
520 3.8947
521 1.8514
522 0.0000
523 4.0048
524 3.0185
525 0.0000
526 -0.6901
527 -6.5785
528 7.9088
529 0.0000
530 5.7786
531 4.2741
532 0.0000
533 9.7063
534 4.6258
535 -0.5409
536 0.0000
537 1.7550
538 4.4291
539 0.0000
540 5.0012
541 7.2759
542 2.6530
543 0.0000
544 8.8166
545 2.3888
546 0.0000
547 7.2576
548 1.3012
549 -3.3409
550 0.0000
551 5.7175
552 6.7394
553 0.0000
554 9.0626
555 0.1051
556 7.6318
557 0.0000
558 1.9911
559 5.4865
560 0.0000
561 8.8274
562 1.2174
563 7.8969
564 0.0000
565 4.2973
566 -0.6175
567 0.0000
568 11.9848
569 3.8381
570 7.3748
571 0.0000
572 5.2151
573 4.6958
574 0.0000
575 2.4251
576 3.9293
577 0.1021
578 0.0000
579 0.9113
580 0.0997
581 0.0000
582 6.2608
583 6.1141
584 5.3617
585 0.0000
586 0.4250
587 3.7708
588 0.0000
589 5.9321
590 5.8466
591 5.7527
592 0.0000
593 -1.1849
594 5.4925
595 0.0000
596 3.0165
597 11.5840
598 13.4457
599 0.0000
600 6.0415
601 6.2785
602 0.0000
603 6.3685
604 -3.9662
605 6.0792
606 0.0000
607 -7.3188
608 2.4991
609 0.0000
610 2.6599
611 5.3260
612 5.2175
613 0.0000
614 0.1848
615 10.5526
616 0.0000
617 7.6704
618 1.1017
619 10.6445
620 0.0000
621 -1.1438
622 -1.7103
623 0.0000
624 14.4031
625 3.2724
626 -5.0822
627 0.0000
628 0.5891
629 0.0000
630 3.1518
631 0.0000
632 1.8038
633 1.6175
634 0.0000
635 7.1221
636 0.0000
637 7.9844
638 0.0000
639 -4.9361
640 6.9445
641 7.6175
642 0.0000
643 4.9404
644 10.3403
645 -0.2412
646 0.0000
647 0.0549
648 6.8732
649 6.8414
650 0.0000
651 4.2618
652 0.0000
653 4.5926
654 0.0000
655 0.0845
656 -2.9464
657 0.0000
658 3.8485
659 0.0000
660 4.7536
661 5.3329
662 1.4959
663 10.6042
664 -0.4322
665 8.7986
666 4.3410
667 2.9051
668 1.4400
669 2.1275
670 4.6670
671 5.8200
672 3.6869
673 3.8085
674 3.6991
675 0.2816
676 0.0000
677 2.0464
678 6.7424
679 2.4605
680 8.9788
681 6.0462
682 -2.6709
683 -0.6749
684 11.0064
685 0.0000
686 5.7428
687 4.8815
688 7.1694
689 7.6569
690 8.3210
691 -4.0394
692 0.0000
693 0.9493
694 3.7462
695 -10.7680
696 0.0000
697 5.5389
698 0.3860
699 0.9467
700 -0.9982
701 -2.7511
702 -0.5499
703 1.0725
704 4.1769
705 0.0000
706 2.5231
707 6.6788
708 6.1045
709 10.5527
710 6.6090
711 -2.4744
712 0.0000
713 -3.6051
714 2.0933
715 0.0055
716 0.0000
717 3.5197
718 5.7967
719 3.6234
720 4.1312
721 2.3259
722 1.7639
723 2.0882
724 2.2348
725 0.0000
726 10.3081
727 1.4429
728 7.5886
729 8.9826
730 4.4906
731 -3.3622
732 0.0000
733 -2.2577
734 -6.8035
735 3.0621
736 0.0000
737 -0.8292
738 2.4087
739 -5.1959
740 -2.8258
741 -0.0916
742 -2.6274
743 3.7148
744 6.9332
745 0.0000
746 -0.9894
747 10.9506
748 9.6274
749 4.3157
750 -0.4031
751 4.1608
752 0.0000
753 -2.9461
754 -3.3426
755 -0.9361
756 2.1678
757 6.6005
758 2.7208
759 1.4148
760 6.5408
761 -0.5843
762 3.5784
763 -0.2565
764 2.7299
765 4.3385
766 3.5577
767 0.0000
768 -1.2991
769 -1.6418
770 7.8680
771 5.3629
772 -4.3499
773 18.3505
774 2.7856
775 7.5061
776 0.0000
777 3.5381
778 1.2734
779 0.9115
780 -2.1005
781 9.9230
782 -0.5079
783 0.0000
784 0.3396
785 3.2312
786 5.4548
787 0.0000
788 -0.3531
789 -1.6201
790 3.1736
791 2.8163
792 -4.0134
793 -0.3167
794 4.7420
795 4.6889
796 0.0000
797 6.1636
798 1.6932
799 1.6890
800 -2.3026
801 -0.9882
802 7.0265
803 0.0000
804 -2.6240
805 10.5841
806 5.5681
807 0.0000
808 10.0402
809 -5.4746
810 1.9095
811 1.8361
812 6.1306
813 10.7921
814 -4.1985
815 2.0923
816 0.0000
817 8.8079
818 3.8850
819 -2.5901
820 6.4016
821 7.8029
822 6.1354
823 0.0000
824 -5.4224
825 12.2112
826 -0.0887
827 0.0000
828 10.4165
829 7.2592
830 7.3738
831 3.5558
832 5.5768
833 -0.2560
834 2.8179
835 5.2573
836 0.0000
837 8.8704
838 -2.9292
839 5.7954
840 -2.2217
841 9.5740
842 -8.6333
843 0.0000
844 -4.6458
845 3.0783
846 3.4199
847 -1.2940
848 2.7410
849 4.4065
850 -0.1889
851 -4.6429
852 -3.6299
853 8.5444
854 5.1483
855 0.9700
856 10.4834
857 4.0069
858 0.0000
859 2.8018
860 -2.5749
861 -4.8627
862 -1.1807
863 1.9005
864 7.8355
865 13.1118
866 6.2515
867 0.0000
868 0.2779
869 1.8220
870 5.6402
871 5.7985
872 6.7050
873 5.8991
874 0.0000
875 4.7622
876 1.5601
877 9.2312
878 0.0000
879 2.1462
880 0.0850
881 -1.1874
882 4.7652
883 5.3521
884 4.0481
885 3.2004
886 5.3116
887 0.0000
888 -0.7128
889 1.9248
890 0.7791
891 6.5635
892 0.3055
893 12.1028
894 0.0000
895 -2.7318
896 7.8452
897 -1.6341
898 0.0000
899 7.3518
900 -0.7162
901 6.0252
902 8.6205
903 2.9757
904 13.2632
905 3.9658
906 9.0875
907 0.0000
908 15.9102
909 -5.1957
910 7.6197
911 11.0467
912 9.2240
913 0.2901
914 0.0000
915 4.8623
916 -1.2567
917 6.9418
918 0.0000
919 3.0008
920 1.3219
921 4.7348
922 4.4289
923 -8.1825
924 -6.2062
925 2.7927
926 14.8810
927 0.0000
928 0.8626
929 -1.0060
930 8.9132
931 14.1501
932 5.6942
933 6.1459
934 0.0000
935 0.8720
936 12.7723
937 -0.2865
938 -2.8469
939 8.3001
940 4.8616
941 4.8301
942 13.5698
943 2.6608
944 6.1964
945 0.1943
946 -3.0270
947 -4.5200
948 8.2849
949 0.0000
950 -1.5452
951 1.5216
952 10.6963
953 8.2138
954 -2.5873
955 5.7983
956 -1.1646
957 4.7160
958 0.0000
959 4.8136
960 11.2855
961 1.9459
962 4.6654
963 3.7580
964 13.8920
965 0.0000
966 6.3251
967 -1.9069
968 3.9184
969 0.0000
970 9.4186
971 -4.4694
972 3.5012
973 -1.2147
974 -7.8631
975 6.0144
976 -0.8974
977 -6.4821
978 0.0000
979 6.0989
980 3.8024
981 5.0934
982 -0.6742
983 7.8582
984 7.8220
985 0.0000
986 -5.2238
987 11.1482
988 7.7953
989 0.0000
990 -7.2263
991 -0.7590
992 3.2084
993 -0.6097
994 4.8357
995 -8.5745
996 -4.0690
997 9.3317
998 0.0000
999 6.9143
1000 -6.1277
1001 3.8787
1002 4.0377
1003 7.4712
1004 -3.2571
1005 0.0000
1006 -6.8671
1007 -0.7736
1008 2.5139
1009 0.0000
1010 -0.5159
1011 -0.9795
1012 7.6738
1013 4.8739
1014 1.5929
1015 0.0114
1016 3.9236
1017 4.9043
1018 0.0000
1019 3.2303
1020 4.2296
1021 1.9883
1022 2.7432
1023 -6.7917
1024 7.9465
1025 0.0000
1026 -3.9516
1027 0.0000
1028 6.0599
1029 0.0000
1030 4.3885
1031 2.8628
1032 -5.7249
1033 12.2775
1034 5.7827
1035 8.1389
1036 -0.5374
1037 -3.9437
1038 0.0000
1039 0.3906
1040 5.7035
1041 3.0595
1042 1.9653
1043 -0.2320
1044 1.7355
1045 0.0000
1046 1.0517
1047 4.1894
1048 5.5972
1049 7.2910
1050 7.0955
1051 1.5733
1052 0.0000
1053 -0.9570
1054 0.5882
1055 5.3566
1056 -0.7758
1057 5.4618
1058 1.1456
1059 0.0000
1060 2.4182
1061 2.4856
1062 4.0428
1063 5.3178
1064 6.4172
1065 -1.4323
1066 0.0000
1067 2.1743
1068 1.9056
1069 -0.8187
1070 3.8655
1071 6.0911
1072 -1.0537
1073 0.0000
1074 -3.6049
1075 4.9346
1076 -3.2193
1077 5.6447
1078 0.8534
1079 3.5145
1080 0.0000
1081 1.5319
1082 -4.6388
1083 1.3951
1084 12.2204
1085 -0.7079
1086 -0.1594
1087 0.0000
1088 3.8745
1089 -4.7722
1090 -4.0744
1091 2.2686
1092 12.2630
1093 0.0396
1094 0.0000
1095 6.2323
1096 8.1200
1097 1.6660
1098 6.3052
1099 0.4109
1100 1.2395
1101 0.0000
1102 3.6332
1103 10.4993
1104 6.7632
1105 10.2059
1106 -2.5425
1107 3.1978
1108 0.0000
1109 -1.2855
1110 3.4047
1111 5.1029
1112 7.7535
1113 4.2680
1114 -3.1511
1115 0.0000
1116 1.2047
1117 8.8894
1118 4.8556
1119 -0.3471
1120 0.1524
1121 5.5752
1122 0.0000
1123 5.6864
1124 6.7652
1125 -1.1962
1126 2.7505
1127 6.9108
1128 5.3061
1129 0.0000
1130 -5.7188
1131 5.2853
1132 1.9812
1133 1.4102
1134 4.0731
1135 0.1490
1136 0.0000
1137 -0.2458
1138 6.8753
1139 3.6657
1140 4.3685
1141 5.2699
1142 0.3973
1143 0.0000
1144 2.0707
1145 0.0000
1146 6.2364
1147 0.0000
1148 1.3619
1149 0.0000
1150 0.4044
1151 2.3699
1152 0.0000
1153 2.8317
1154 0.6330
1155 6.8947
1156 9.4958
1157 0.0000
1158 4.2578
1159 1.8652
1160 -0.0520
1161 0.0000
1162 5.9554
1163 0.8016
1164 7.0780
1165 0.0000
1166 9.1088
1167 4.8305
1168 3.9992
1169 0.8982
1170 9.9729
1171 6.8365
1172 8.7148
1173 6.0705
1174 2.8616
1175 0.0000
1176 3.9764
1177 4.5892
1178 -1.4351
1179 0.8356
1180 4.2333
1181 4.1640
1182 0.0000
1183 -5.3268
1184 3.7250
1185 -0.6601
1186 3.5741
1187 0.0667
1188 2.8470
1189 0.0000
1190 -1.3118
1191 9.1085
1192 4.0830
1193 5.4769
1194 3.7297
1195 0.6643
1196 0.0000
1197 4.1201
1198 6.0441
1199 2.8049
1200 1.7050
1201 16.5312
1202 -4.4083
1203 0.0000
1204 -7.9079
1205 -0.4822
1206 5.9554
1207 0.8505
1208 5.2894
1209 6.1689
1210 0.0000
1211 2.3858
1212 4.0928
1213 -1.7879
1214 2.2217
1215 6.6897
1216 5.5083
1217 0.0000
1218 2.1204
1219 5.8004
1220 1.6959
1221 12.7315
1222 4.6729
1223 1.2450
1224 0.0000
1225 -3.0519
1226 -0.4431
1227 5.5404
1228 9.6626
1229 -1.7779
1230 2.8335
1231 0.0000
1232 2.3009
1233 4.0635
1234 5.4547
1235 -0.3152
1236 -0.4320
1237 6.6274
1238 0.0000
1239 1.7448
1240 0.6572
1241 7.4742
1242 6.7318
1243 4.6546
1244 7.7944
1245 0.0000
1246 3.0792
1247 12.6929
1248 12.0827
1249 3.8672
1250 1.4391
1251 0.7661
1252 0.0000
1253 -5.7216
1254 5.7216
1255 0.0000
1256 13.5853
1257 2.6935
1258 -2.0158
1259 1.5637
1260 -0.3143
1261 2.5637
1262 -1.4569
1263 4.0361
1264 0.0000
1265 6.1061
1266 -2.9596
1267 0.0000
1268 9.4528
1269 0.0000
1270 1.9913
1271 0.0000
1272 -3.2882
1273 1.1844
1274 0.0000
1275 -0.9913
1276 10.8161
1277 0.0000
1278 2.9527
1279 4.4644
1280 6.8560
1281 0.0000
1282 2.3814
1283 4.3659
1284 0.0000
1285 3.0693
1286 3.8345
1287 2.4998
1288 0.0000
1289 5.4619
1290 4.3314
1291 0.0000
1292 -5.7111
1293 8.5831
1294 4.7118
1295 0.0000
1296 -1.4593
1297 6.8711
1298 0.0000
1299 2.9858
1300 3.6055
1301 2.2866
1302 0.0000
1303 2.5797
1304 11.1109
1305 0.0000
1306 8.7382
1307 6.5316
1308 -1.1041
1309 0.0000
1310 -5.0702
1311 11.4488
1312 0.0000
1313 3.8317
1314 8.8645
1315 3.9528
1316 0.0000
1317 -4.9466
1318 10.0646
1319 0.0000
1320 5.7098
1321 2.5372
1322 -0.4619
1323 0.0000
1324 0.7915
1325 7.6575
1326 0.0000
1327 6.3072
1328 -1.7890
1329 2.7933
1330 0.0000
1331 5.7328
1332 -1.7006
1333 0.0000
1334 2.6949
1335 4.0135
1336 -0.7288
1337 0.0000
1338 -1.2915
1339 5.5261
1340 0.0000
1341 6.0134
1342 9.7530
1343 5.5887
1344 0.0000
1345 0.7964
1346 8.2109
1347 0.0000
1348 0.4794
1349 0.6590
1350 4.5036
1351 0.0000
1352 -4.9736
1353 3.9323
1354 0.0000
1355 4.2476
1356 6.5237
1357 -0.0422
1358 0.0000
1359 2.2403
1360 5.3718
1361 0.0000
1362 4.1469
1363 8.1174
1364 4.4393
1365 0.0000
1366 1.2003
1367 7.5667
1368 0.0000
1369 1.7606
1370 4.6483
1371 2.8407
1372 0.0000
1373 1.9749
1374 7.3352
1375 0.0000
1376 1.5836
1377 3.5191
1378 7.9339
1379 0.0000
1380 1.6996
1381 3.5042
1382 0.0000
1383 4.4513
1384 5.5317
1385 8.8158
1386 0.0000
1387 3.1396
1388 0.0000
1389 -1.2147
1390 0.0000
1391 6.4310
1392 8.8959
1393 0.0000
1394 3.7674
1395 0.0000
1396 -2.1959
1397 0.0000
1398 2.4975
1399 -0.0541
1400 -4.6772
1401 0.0000
1402 -4.1533
1403 11.9607
1404 1.6187
1405 0.0000
1406 5.0728
1407 4.7264
1408 6.3308
1409 0.0000
1410 2.2878
1411 0.0000
1412 7.2831
1413 0.0000
1414 7.3496
1415 -0.4286
1416 0.0000
1417 1.5682
1418 0.0000
1419 8.5681
1420 1.6798
1421 -0.8489
1422 9.6239
1423 2.8723
1424 3.3998
1425 0.7796
1426 1.3031
1427 -2.3369
1428 9.5346
1429 -4.8379
1430 5.1200
1431 6.9517
1432 -5.6281
1433 6.6264
1434 4.1870
1435 0.0000
1436 -0.0836
1437 -0.0963
1438 1.5975
1439 0.7319
1440 -1.9616
1441 1.5768
1442 1.4932
1443 3.3443
1444 0.0000
1445 5.4250
1446 1.2328
1447 7.1400
1448 6.0240
1449 3.8543
1450 2.1238
1451 0.0000
1452 1.3357
1453 -0.4876
1454 5.6601
1455 0.0000
1456 5.5645
1457 -4.1502
1458 1.5061
1459 1.3209
1460 0.8013
1461 3.5565
1462 -3.9005
1463 12.0071
1464 0.0000
1465 5.9615
1466 3.2827
1467 0.1361
1468 1.4670
1469 -0.8016
1470 -0.9847
1471 0.0000
1472 -1.0293
1473 2.8567
1474 4.7681
1475 0.0000
1476 -2.8175
1477 4.5335
1478 11.0474
1479 7.2937
1480 -1.3459
1481 18.1464
1482 4.6464
1483 6.0099
1484 0.0000
1485 9.6288
1486 5.0383
1487 1.9981
1488 7.5203
1489 7.2918
1490 2.6860
1491 0.0000
1492 -1.1189
1493 5.3425
1494 0.9473
1495 0.0000
1496 1.4254
1497 -5.5513
1498 11.0226
1499 -1.9881
1500 -7.2310
1501 -5.9629
1502 -3.3888
1503 7.6603
1504 0.0000
1505 4.6111
1506 8.3301
1507 2.1783
1508 -4.0332
1509 3.9896
1510 3.6330
1511 0.0000
1512 1.6694
1513 -3.2922
1514 4.9242
1515 4.2193
1516 2.8806
1517 2.7434
1518 7.6675
1519 -0.0051
1520 3.3703
1521 1.0495
1522 3.9145
1523 1.0127
1524 6.5440
1525 -5.2360
1526 0.0000
1527 7.3907
1528 -1.5983
1529 8.0227
1530 -2.5168
1531 -1.9774
1532 -2.1049
1533 0.1340
1534 -0.9675
1535 0.0000
1536 6.3680
1537 -6.9525
1538 5.0554
1539 1.9503
1540 -0.1516
1541 1.8348
1542 0.0000
1543 -4.4885
1544 5.8545
1545 1.5640
1546 0.0000
1547 10.8922
1548 0.5593
1549 7.3800
1550 1.2470
1551 -0.4238
1552 7.1242
1553 7.9045
1554 8.5589
1555 0.0000
1556 1.9992
1557 -2.1694
1558 0.2511
1559 4.0458
1560 -4.8140
1561 5.1955
1562 0.0000
1563 -1.2689
1564 3.1390
1565 3.4581
1566 0.0000
1567 1.8497
1568 8.7686
1569 9.8782
1570 8.7738
1571 -2.4525
1572 8.4823
1573 6.7554
1574 -5.9363
1575 0.0000
1576 3.9134
1577 -1.3521
1578 5.4819
1579 -3.1844
1580 3.1264
1581 4.3333
1582 0.0000
1583 -1.8863
1584 4.0481
1585 1.2080
1586 0.0000
1587 5.1687
1588 4.8463
1589 10.2096
1590 7.0296
1591 -4.1818
1592 1.4838
1593 -2.6081
1594 7.2775
1595 0.0000
1596 7.1162
1597 -2.4047
1598 3.5430
1599 12.1754
1600 -7.2953
1601 -1.9041
1602 0.0000
1603 9.9158
1604 -1.0505
1605 1.6412
1606 2.2829
1607 5.1320
1608 4.6151
1609 2.5247
1610 3.9642
1611 8.5209
1612 7.5015
1613 4.7046
1614 -0.1415
1615 4.1667
1616 7.8078
1617 0.0000
1618 7.2785
1619 0.7760
1620 5.8545
1621 1.5713
1622 -2.5955
1623 5.2512
1624 9.1374
1625 7.5589
1626 0.0000
1627 7.9186
1628 -4.2003
1629 4.7023
1630 5.5120
1631 0.8925
1632 5.7268
1633 0.0000
1634 5.3765
1635 7.2070
1636 5.9700
1637 0.0000
1638 -7.5932
1639 2.1864
1640 0.8178
1641 7.9864
1642 8.2627
1643 10.1032
1644 3.3809
1645 5.3309
1646 0.0000
1647 -3.3917
1648 5.5199
1649 9.8487
1650 -0.2934
1651 7.2928
1652 5.3456
1653 0.0000
1654 6.3200
1655 2.4356
1656 10.7613
1657 0.0000
1658 5.1142
1659 -1.4002
1660 3.7490
1661 4.2951
1662 4.4070
1663 10.9719
1664 2.3910
1665 8.3625
1666 0.0000
1667 -1.0823
1668 12.1517
1669 4.0149
1670 3.1248
1671 3.6718
1672 0.7687
1673 0.0000
1674 3.9421
1675 6.0512
1676 1.6973
1677 0.0000
1678 3.8799
1679 2.2775
1680 5.4988
1681 3.0343
1682 -7.1401
1683 1.1224
1684 6.3366
1685 -1.7566
1686 0.0000
1687 11.9332
1688 2.8510
1689 6.3689
1690 1.8794
1691 6.0463
1692 -0.2835
1693 0.0000
1694 -3.3613
1695 7.5957
1696 -1.5236
1697 3.6334
1698 1.4622
1699 3.8478
1700 2.0148
1701 12.1361
1702 9.8716
1703 10.7495
1704 7.4750
1705 -2.1951
1706 10.0642
1707 0.5333
1708 0.0000
1709 -2.4450
1710 -5.0391
1711 5.6971
1712 0.6793
1713 1.1601
1714 0.9025
1715 -9.1669
1716 2.3743
1717 0.0000
1718 3.6536
1719 5.0605
1720 3.3737
1721 -0.5795
1722 5.4859
1723 10.5207
1724 0.0000
1725 2.9732
1726 7.2472
1727 2.8207
1728 0.0000
1729 7.3143
1730 -2.0045
1731 12.3231
1732 3.5065
1733 -2.2061
1734 6.7168
1735 -2.5804
1736 1.8676
1737 0.0000
1738 1.6691
1739 9.8163
1740 8.7066
1741 -4.6561
1742 1.4727
1743 8.9686
1744 0.0000
1745 -1.1313
1746 0.5134
1747 1.9955
1748 0.0000
1749 7.5309
1750 -3.2901
1751 9.2060
1752 0.0779
1753 -2.8710
1754 3.8872
1755 -0.0970
1756 7.2782
1757 0.0000
1758 10.3961
1759 1.6079
1760 -0.1333
1761 2.2026
1762 15.0527
1763 1.7697
1764 0.0000
1765 1.2931
1766 6.9003
1767 4.8543
1768 0.0000
1769 5.4057
1770 3.7153
1771 2.9225
1772 4.1976
1773 -6.8852
1774 3.8038
1775 -1.8207
1776 4.2178
1777 0.0000
1778 1.4548
1779 5.0565
1780 -1.1097
1781 2.9958
1782 -4.1033
1783 4.4389
1784 0.0000
1785 6.7494
1786 0.0000
1787 2.8275
1788 0.0000
1789 14.0651
1790 6.4911
1791 1.8635
1792 5.2365
1793 5.3374
1794 4.5448
1795 -0.4138
1796 4.5071
1797 0.0000
1798 -1.7432
1799 12.5501
1800 0.4547
1801 2.1679
1802 1.9637
1803 1.7510
1804 0.0000
1805 1.8140
1806 5.6540
1807 6.4888
1808 -1.8567
1809 5.8159
1810 0.1031
1811 0.0000
1812 3.4976
1813 4.5430
1814 8.7538
1815 4.7043
1816 3.1681
1817 8.8810
1818 0.0000
1819 0.3736
1820 -2.5716
1821 5.9083
1822 3.3619
1823 1.6202
1824 1.4073
1825 0.0000
1826 -1.3998
1827 -1.3041
1828 8.8701
1829 0.2963
1830 -6.3728
1831 1.6309
1832 0.0000
1833 5.6446
1834 9.6533
1835 7.0157
1836 2.1959
1837 8.6889
1838 3.2175
1839 0.0000
1840 -2.1161
1841 10.0222
1842 -3.2246
1843 -2.6313
1844 3.9841
1845 -0.5875
1846 0.0000
1847 0.0475
1848 0.3090
1849 -1.2354
1850 -2.3008
1851 3.7414
1852 -0.3336
1853 0.0000
1854 -0.7037
1855 14.3919
1856 -8.7195
1857 6.7622
1858 1.7552
1859 4.5128
1860 0.0000
1861 1.0327
1862 6.2954
1863 4.4713
1864 0.7581
1865 -1.7486
1866 3.9423
1867 0.0000
1868 -0.7586
1869 7.4808
1870 6.9185
1871 6.7144
1872 8.3865
1873 1.2311
1874 0.0000
1875 8.0587
1876 7.4968
1877 2.7259
1878 -2.7073
1879 0.9002
1880 5.5160
1881 0.0000
1882 -8.8595
1883 -3.5752
1884 -3.1574
1885 2.8854
1886 -0.7121
1887 10.8823
1888 0.0000
1889 1.8149
1890 7.6361
1891 8.8667
1892 3.5935
1893 5.7316
1894 3.4458
1895 0.0000
1896 2.3174
1897 14.5134
1898 -1.9842
1899 0.6989
1900 6.5477
1901 -2.6673
1902 0.0000
1903 -5.1018
1904 0.0000
1905 0.0924
1906 0.0000
1907 2.3296
1908 0.0000
1909 2.8834
1910 1.0990
1911 0.0000
1912 0.4321
1913 9.6688
1914 4.9890
1915 11.9409
1916 0.0000
1917 -3.0207
1918 3.1670
1919 5.4599
1920 0.0000
1921 5.3819
1922 4.8119
1923 2.3144
1924 0.0000
1925 7.2591
1926 6.7982
1927 0.8955
1928 -1.1835
1929 -7.2378
1930 2.0194
1931 5.5701
1932 1.3952
1933 5.2923
1934 0.0000
1935 -0.2365
1936 2.1999
1937 -0.0758
1938 3.0129
1939 2.3009
1940 0.5617
1941 0.0000
1942 3.4323
1943 8.1098
1944 11.6384
1945 8.8547
1946 8.9380
1947 5.6887
1948 0.0000
1949 6.3011
1950 2.2339
1951 11.1706
1952 11.7124
1953 3.0278
1954 2.0657
1955 0.0000
1956 -8.2421
1957 11.9095
1958 -0.7397
1959 7.0699
1960 -10.5348
1961 7.2912
1962 0.0000
1963 -5.9585
1964 12.4262
1965 8.7496
1966 10.8231
1967 1.2156
1968 6.9625
1969 0.0000
1970 -1.0525
1971 10.3307
1972 -1.6833
1973 3.1834
1974 8.5224
1975 3.2805
1976 0.0000
1977 8.1611
1978 5.2182
1979 -2.9171
1980 5.3862
1981 -1.1835
1982 6.5116
1983 0.0000
1984 -3.3125
1985 7.8476
1986 -0.9472
1987 10.4656
1988 7.1016
1989 2.4156
1990 0.0000
1991 -4.1924
1992 5.0004
1993 12.6009
1994 5.8721
1995 -3.1040
1996 0.1104
1997 0.0000
1998 -0.4806
1999 7.9489
2000 9.0251
2001 3.3380
2002 6.4650
2003 4.7617
2004 0.0000
2005 5.7449
2006 5.0374
2007 12.2960
2008 7.1183
2009 4.8599
2010 -6.4423
2011 0.0000
2012 1.4310
2013 3.7875
2014 0.0000
2015 6.0396
2016 2.4271
2017 -4.5775
2018 -5.5225
2019 -0.2091
2020 -1.6493
2021 5.5881
2022 7.8601
2023 0.0000
2024 5.8913
2025 -1.8602
2026 0.0000
2027 2.1940
2028 0.0000
2029 1.2543
2030 0.0000
2031 4.7153
2032 -0.6793
2033 0.0000
2034 6.0225
2035 4.6790
2036 0.0000
2037 0.5866
2038 5.9106
2039 -1.0302
2040 0.0000
2041 4.4507
2042 8.5069
2043 0.0000
2044 -2.6970
2045 9.2157
2046 4.2190
2047 0.0000
2048 8.2569
2049 0.5360
2050 0.0000
2051 4.7577
2052 4.7717
2053 5.8712
2054 0.0000
2055 -2.9449
2056 -0.9383
2057 0.0000
2058 1.7802
2059 2.7726
2060 1.5535
2061 0.0000
2062 0.7557
2063 9.0449
2064 0.0000
2065 3.6463
2066 -0.7365
2067 3.7381
2068 0.0000
2069 4.6124
2070 0.8489
2071 0.0000
2072 0.7649
2073 6.4894
2074 0.5474
2075 0.0000
2076 11.8457
2077 -3.2460
2078 0.0000
2079 2.3907
2080 5.4791
2081 7.1027
2082 0.0000
2083 0.2526
2084 3.0294
2085 0.0000
2086 -4.5252
2087 2.4017
2088 -0.4131
2089 0.0000
2090 -1.7595
2091 4.6772
2092 0.0000
2093 2.0628
2094 3.8143
2095 11.3503
2096 0.0000
2097 0.6519
2098 -3.2554
2099 0.0000
2100 5.3053
2101 -0.3469
2102 6.5872
2103 0.0000
2104 4.2625
2105 6.2974
2106 0.0000
2107 4.0533
2108 2.9078
2109 0.3859
2110 0.0000
2111 -4.0906
2112 7.5922
2113 0.0000
2114 5.3719
2115 8.5658
2116 4.5218
2117 0.0000
2118 3.5640
2119 5.9567
2120 0.0000
2121 5.4017
2122 2.8783
2123 6.3390
2124 0.0000
2125 -2.3630
2126 1.0834
2127 0.0000
2128 6.1483
2129 -8.2178
2130 5.0423
2131 0.0000
2132 -0.2887
2133 13.5227
2134 0.0000
2135 3.6835
2136 6.2787
2137 9.5662
2138 0.0000
2139 0.8046
2140 -6.8171
2141 0.0000
2142 -3.8867
2143 -0.1586
2144 -0.4535
2145 0.0000
2146 0.5920
2147 0.0000
2148 -0.0047
2149 0.0000
2150 4.1798
2151 5.6849
2152 0.0000
2153 11.7353
2154 0.0000
2155 6.8951
2156 0.0000
2157 -4.3931
2158 5.1617
2159 1.3895
2160 0.0000
2161 -0.6113
2162 7.1849
2163 3.6591
2164 0.0000
2165 -2.1573
2166 4.7608
2167 6.7923
2168 0.0000
2169 6.5130
2170 0.0000
2171 5.3834
2172 0.0000
2173 -0.1063
2174 12.4759
2175 0.0000
2176 2.8964
2177 0.0000
2178 5.2319
2179 2.2781
2180 1.1420
2181 -2.7959
2182 6.2938
2183 6.1794
2184 6.7486
2185 1.5901
2186 -1.6373
2187 -3.2443
2188 -1.3616
2189 3.5548
2190 9.0972
2191 2.4307
2192 3.6368
2193 8.0017
2194 0.0000
2195 0.6084
2196 1.5504
2197 4.8662
2198 8.2560
2199 -6.1126
2200 7.2152
2201 9.8856
2202 -1.7778
2203 0.0000
2204 2.0412
2205 8.1086
2206 3.7807
2207 4.2102
2208 7.5561
2209 6.6073
2210 0.0000
2211 0.1566
2212 9.9439
2213 4.8256
2214 0.0000
2215 2.6030
2216 -1.9175
2217 6.5380
2218 1.4567
2219 6.8392
2220 1.5607
2221 0.4021
2222 2.8709
2223 0.0000
2224 5.4483
2225 11.1681
2226 9.7137
2227 -1.9641
2228 1.7914
2229 -2.5751
2230 0.0000
2231 2.1117
2232 6.4259
2233 1.8662
2234 0.0000
2235 6.1746
2236 1.3179
2237 8.2625
2238 6.4230
2239 3.0070
2240 12.0316
2241 5.2142
2242 1.3199
2243 0.0000
2244 6.0026
2245 -1.4065
2246 -1.0513
2247 2.6586
2248 3.0742
2249 5.1955
2250 0.0000
2251 4.2617
2252 -0.1048
2253 0.5463
2254 0.0000
2255 0.6947
2256 -5.4351
2257 5.4755
2258 6.3755
2259 -7.4100
2260 -1.8682
2261 0.9861
2262 0.8532
2263 0.0000
2264 -0.4316
2265 9.5631
2266 -1.8881
2267 4.8435
2268 4.1204
2269 10.0668
2270 0.0000
2271 -1.9764
2272 -2.0239
2273 3.0055
2274 -4.5680
2275 5.8596
2276 5.1537
2277 7.3867
2278 3.6868
2279 -5.8253
2280 4.7093
2281 8.7206
2282 10.1388
2283 8.4545
2284 4.2364
2285 0.0000
2286 4.9404
2287 1.1799
2288 -2.7635
2289 7.4785
2290 -4.5097
2291 2.3403
2292 -6.1752
2293 0.1401
2294 0.0000
2295 2.8680
2296 6.0470
2297 0.3960
2298 6.0762
2299 -0.0593
2300 5.3756
2301 0.0000
2302 6.4781
2303 7.3059
2304 5.1689
2305 0.0000
2306 -3.2765
2307 -6.2268
2308 2.4632
2309 2.8092
2310 -1.5541
2311 -3.1529
2312 -1.3971
2313 8.7446
2314 0.0000
2315 1.1006
2316 7.4498
2317 -1.8120
2318 2.0679
2319 6.5923
2320 2.5633
2321 0.0000
2322 2.0064
2323 6.9840
2324 2.3758
2325 0.0000
2326 9.3717
2327 4.2599
2328 4.2838
2329 2.3914
2330 1.7117
2331 -3.7557
2332 -2.2240
2333 9.3547
2334 0.0000
2335 0.2216
2336 1.8878
2337 8.4718
2338 2.6288
2339 11.5179
2340 3.7062
2341 0.0000
2342 2.6693
2343 10.8169
2344 5.0679
2345 0.0000
2346 -4.2528
2347 -3.5461
2348 8.5043
2349 7.6196
2350 -0.9261
2351 -1.4989
2352 5.0037
2353 3.5186
2354 0.0000
2355 9.5292
2356 -2.5484
2357 1.4219
2358 11.1819
2359 11.5806
2360 7.9563
2361 0.0000
2362 5.1291
2363 5.9293
2364 5.0392
2365 2.9255
2366 4.5171
2367 0.8759
2368 15.9595
2369 7.7295
2370 4.8818
2371 2.2715
2372 -1.8297
2373 4.4549
2374 3.8406
2375 8.9800
2376 0.0000
2377 -1.7807
2378 -4.1079
2379 4.3814
2380 -2.0334
2381 6.1405
2382 -3.8787
2383 4.3195
2384 6.3472
2385 0.0000
2386 4.8739
2387 11.5829
2388 6.3506
2389 3.6122
2390 3.7144
2391 5.0095
2392 0.0000
2393 0.4129
2394 4.3071
2395 0.4356
2396 0.0000
2397 4.7207
2398 5.4123
2399 8.8169
2400 0.7519
2401 1.4189
2402 2.8748
2403 -1.6431
2404 -5.8253
2405 0.0000
2406 -0.1495
2407 4.4102
2408 8.7414
2409 5.0661
2410 2.1584
2411 1.5541
2412 0.0000
2413 1.0440
2414 2.9388
2415 9.5864
2416 0.0000
2417 5.8529
2418 -0.5275
2419 4.6138
2420 4.9383
2421 -7.5962
2422 -4.1451
2423 -2.3048
2424 1.3790
2425 0.0000
2426 3.5884
2427 8.0498
2428 7.5307
2429 6.0855
2430 3.4386
2431 2.1543
2432 0.0000
2433 3.3015
2434 1.9412
2435 3.8324
2436 0.0000
2437 4.6476
2438 1.1988
2439 2.0826
2440 5.0718
2441 0.0914
2442 -3.2458
2443 0.7349
2444 11.0194
2445 0.0000
2446 4.0720
2447 6.8572
2448 7.9355
2449 5.9140
2450 8.9458
2451 5.3004
2452 0.0000
2453 -2.1390
2454 0.3305
2455 2.0825
2456 10.1194
2457 9.0526
2458 12.1377
2459 10.6449
2460 8.9969
2461 11.2588
2462 7.1131
2463 -4.3296
2464 -3.4203
2465 -1.8008
2466 -2.3092
2467 0.0000
2468 -1.6069
2469 7.6316
2470 11.5460
2471 10.5523
2472 -6.1137
2473 -7.6460
2474 -3.5776
2475 0.9444
2476 0.0000
2477 7.8922
2478 2.5918
2479 5.9579
2480 -5.6581
2481 4.2366
2482 3.9655
2483 0.0000
2484 0.1306
2485 4.6405
2486 6.9256
2487 0.0000
2488 6.7376
2489 -0.8600
2490 9.1541
2491 9.0775
2492 2.6252
2493 12.6229
2494 -2.3207
2495 11.1680
2496 0.0000
2497 2.2326
2498 -1.1938
2499 9.2572
2500 6.3414
2501 6.3098
2502 5.3036
2503 0.0000
2504 3.1957
2505 8.9018
2506 3.3634
2507 0.0000
2508 6.2336
2509 -3.9514
2510 -3.2303
2511 2.0568
2512 -1.4914
2513 11.6065
2514 12.8108
2515 0.8568
2516 0.0000
2517 8.2480
2518 1.7503
2519 1.2136
2520 3.9666
2521 8.7366
2522 -3.6254
2523 0.0000
2524 2.6771
2525 -5.1958
2526 4.5509
2527 0.0000
2528 8.2202
2529 -2.3262
2530 2.8190
2531 4.0773
2532 -2.5468
2533 1.1914
2534 9.7041
2535 2.2490
2536 0.0000
2537 5.8926
2538 6.2153
2539 3.9957
2540 3.0946
2541 -1.9042
2542 -3.7277
2543 0.0000
2544 1.4044
2545 0.0000
2546 5.0637
2547 0.0000
2548 2.4141
2549 1.8046
2550 1.6459
2551 3.5445
2552 5.9067
2553 -5.2339
2554 2.5004
2555 1.8842
2556 0.0000
2557 1.7681
2558 -2.7075
2559 -2.9904
2560 8.2845
2561 1.5536
2562 7.5734
2563 0.0000
2564 0.5362
2565 2.3919
2566 -4.0573
2567 1.8282
2568 5.0159
2569 -1.6253
2570 0.0000
2571 3.0570
2572 9.4830
2573 2.7795
2574 5.8373
2575 3.0945
2576 -1.2016
2577 0.0000
2578 -0.2620
2579 4.4398
2580 -0.8978
2581 3.7267
2582 4.7184
2583 0.2444
2584 0.0000
2585 2.0186
2586 -9.4680
2587 6.9541
2588 4.7902
2589 -0.2060
2590 2.9282
2591 0.0000
2592 -0.4378
2593 5.3025
2594 -5.1896
2595 -0.5999
2596 -2.2826
2597 5.6653
2598 0.0000
2599 5.1917
2600 6.7935
2601 10.3157
2602 4.3234
2603 -5.8974
2604 -2.8496
2605 0.0000
2606 -2.1310
2607 1.8330
2608 -1.2719
2609 6.6661
2610 3.2748
2611 10.3919
2612 0.0000
2613 -5.2027
2614 3.6356
2615 7.2548
2616 -0.1485
2617 10.3299
2618 3.9042
2619 0.0000
2620 5.7560
2621 0.7230
2622 2.8597
2623 -1.1157
2624 5.3973
2625 5.9504
2626 0.0000
2627 1.6927
2628 7.5430
2629 4.0510
2630 11.5092
2631 0.8736
2632 3.7382
2633 0.0000
2634 -5.3096
2635 12.9479
2636 9.1521
2637 3.9472
2638 7.7531
2639 6.9672
2640 0.0000
2641 -1.6970
2642 -1.0449
2643 -0.3592
2644 5.0413
2645 7.6158
2646 3.6650
2647 0.0000
2648 0.2828
2649 5.0040
2650 8.3862
2651 5.4904
2652 7.0211
2653 2.8555
2654 0.0000
2655 -5.7826
2656 1.3025
2657 -6.3750
2658 -1.9310
2659 1.2665
2660 8.2920
2661 0.0000
2662 2.7578
2663 0.0000
2664 8.3375
2665 0.0000
2666 -1.6256
2667 0.0000
2668 4.3526
2669 7.5890
2670 0.0000
2671 -0.2267
2672 0.3652
2673 2.2354
2674 3.6844
2675 0.0000
2676 4.8945
2677 4.9137
2678 5.0655
2679 0.0000
2680 2.5758
2681 5.5279
2682 6.1950
2683 0.0000
2684 8.3293
2685 -2.4464
2686 0.1106
2687 0.7763
2688 8.8581
2689 -0.6241
2690 -0.0529
2691 7.3126
2692 3.9382
2693 0.0000
2694 -1.0060
2695 -6.2883
2696 1.5439
2697 6.8353
2698 3.7281
2699 6.6926
2700 0.0000
2701 4.5426
2702 5.4724
2703 4.1541
2704 7.3609
2705 6.0024
2706 -2.1160
2707 0.0000
2708 6.3377
2709 4.2186
2710 1.3682
2711 8.7540
2712 -5.2098
2713 2.9638
2714 0.0000
2715 7.2140
2716 1.1555
2717 -0.4430
2718 5.2104
2719 3.1321
2720 4.7989
2721 0.0000
2722 1.4677
2723 6.2178
2724 2.1001
2725 4.9583
2726 -0.7748
2727 0.4035
2728 0.0000
2729 1.6036
2730 2.8986
2731 5.0268
2732 1.8376
2733 1.2410
2734 7.3381
2735 0.0000
2736 0.4430
2737 14.7301
2738 5.6254
2739 8.0913
2740 -2.6761
2741 5.3628
2742 0.0000
2743 -1.2082
2744 4.5289
2745 8.8179
2746 6.8921
2747 2.7880
2748 4.8299
2749 0.0000
2750 6.0785
2751 9.4987
2752 7.3594
2753 3.4684
2754 3.7275
2755 8.3859
2756 0.0000
2757 -6.3989
2758 1.8444
2759 5.3575
2760 3.1542
2761 -3.2333
2762 -2.9976
2763 0.0000
2764 1.6122
2765 2.5730
2766 -5.2221
2767 5.6835
2768 5.6351
2769 -5.4489
2770 0.0000
2771 2.2381
2772 4.8933
2773 0.0000
2774 1.8972
2775 3.2709
2776 -2.0076
2777 -2.3451
2778 3.4781
2779 1.9892
2780 4.5261
2781 4.0127
2782 0.0000
2783 -3.1147
2784 -1.2938
2785 0.0000
2786 -4.1834
2787 0.0000
2788 5.6641
2789 0.0000
2790 -2.0792
2791 6.7683
2792 0.0000
2793 8.6048
2794 2.8302
2795 0.0000
2796 0.6335
2797 10.0833
2798 -2.4489
2799 0.0000
2800 -0.7722
2801 3.3355
2802 0.0000
2803 3.2970
2804 10.6295
2805 -0.3826
2806 0.0000
2807 3.6087
2808 -0.5253
2809 0.0000
2810 0.2085
2811 -0.1248
2812 3.2518
2813 0.0000
2814 -4.8424
2815 6.8109
2816 0.0000
2817 10.0839
2818 3.2992
2819 12.4850
2820 0.0000
2821 -0.1694
2822 8.2325
2823 0.0000
2824 -0.5904
2825 0.7805
2826 2.1794
2827 0.0000
2828 0.1896
2829 -1.2218
2830 0.0000
2831 4.8656
2832 2.2225
2833 5.2115
2834 0.0000
2835 3.9670
2836 2.5469
2837 0.0000
2838 6.5910
2839 7.6712
2840 0.5588
2841 0.0000
2842 3.8573
2843 7.3091
2844 0.0000
2845 0.9033
2846 -0.1128
2847 5.5360
2848 0.0000
2849 -6.3457
2850 8.1068
2851 0.0000
2852 -1.0690
2853 7.2541
2854 1.3052
2855 0.0000
2856 6.2247
2857 4.3184
2858 0.0000
2859 -0.7567
2860 2.2188
2861 0.1342
2862 0.0000
2863 1.9830
2864 7.3480
2865 0.0000
2866 7.0590
2867 4.4822
2868 13.5413
2869 0.0000
2870 2.2438
2871 -1.2786
2872 0.0000
2873 9.0938
2874 4.5545
2875 4.6389
2876 0.0000
2877 0.1393
2878 7.7747
2879 0.0000
2880 7.8918
2881 1.2706
2882 7.9611
2883 0.0000
2884 -2.4058
2885 4.8898
2886 0.0000
2887 -4.0709
2888 9.2382
2889 5.5991
2890 0.0000
2891 -1.7592
2892 5.9119
2893 0.0000
2894 2.0017
2895 4.4289
2896 10.8837
2897 0.0000
2898 0.9833
2899 -3.8746
2900 0.0000
2901 0.7412
2902 -2.1963
2903 -1.9341
2904 0.0000
2905 -3.5183
2906 0.0000
2907 3.7070
2908 0.0000
2909 1.2899
2910 -1.2289
2911 0.0000
2912 0.7815
2913 0.0000
2914 5.6347
2915 0.0000
2916 5.8817
2917 2.2373
2918 6.0916
2919 0.0000
2920 1.7913
2921 -1.5049
2922 -2.8697
2923 0.0000
2924 1.4215
2925 2.9822
2926 2.0532
2927 0.0000
2928 -2.5722
2929 0.0000
2930 14.3466
2931 0.0000
2932 7.9909
2933 2.8201
2934 0.0000
2935 8.6416
2936 0.0000
2937 2.3316
2938 1.3931
2939 12.5261
2940 -0.7596
2941 10.1893
2942 -1.3216
2943 7.3905
2944 10.7028
2945 5.6824
2946 6.8544
2947 4.8313
2948 6.9408
2949 -2.4756
2950 6.9389
2951 4.8603
2952 -1.0305
2953 0.0000
2954 0.8838
2955 -6.3229
2956 4.7479
2957 7.4900
2958 -1.6672
2959 10.5498
2960 2.8072
2961 8.6536
2962 0.0000
2963 10.5852
2964 0.9008
2965 0.3695
2966 0.4039
2967 6.9398
2968 6.9050
2969 0.0000
2970 2.0204
2971 1.5442
2972 11.6637
2973 0.0000
2974 -0.8525
2975 -1.4598
2976 4.3722
2977 4.8191
2978 -7.1622
2979 2.7213
2980 2.1890
2981 4.2555
2982 0.0000
2983 7.9025
2984 2.5391
2985 -0.6602
2986 4.5869
2987 7.4611
2988 7.1366
2989 0.0000
2990 7.1150
2991 2.0076
2992 3.4674
2993 0.0000
2994 8.5672
2995 0.7384
2996 12.2262
2997 3.5041
2998 2.2647
2999 7.6879
3000 8.6639
3001 11.0233
3002 0.0000
3003 11.0024
3004 -0.9614
3005 5.1391
3006 1.4769
3007 6.5223
3008 6.6187
3009 0.0000
3010 5.0834
3011 2.9958
3012 12.5391
3013 0.0000
3014 -0.5718
3015 -3.7358
3016 7.3300
3017 2.0865
3018 4.4977
3019 0.5076
3020 -3.8861
3021 11.4440
3022 0.0000
3023 3.1255
3024 1.7359
3025 4.8406
3026 4.0571
3027 2.2100
3028 2.0034
3029 0.0000
3030 -2.4531
3031 8.0267
3032 7.4296
3033 12.0691
3034 1.6331
3035 9.2789
3036 1.6326
3037 9.6536
3038 4.0155
3039 -2.6287
3040 6.5205
3041 7.9696
3042 12.4734
3043 -1.1573
3044 0.0000
3045 -0.7997
3046 -0.9678
3047 6.4913
3048 5.9814
3049 1.2890
3050 -4.5978
3051 7.6895
3052 2.2185
3053 0.0000
3054 4.8982
3055 3.5493
3056 3.3016
3057 9.2525
3058 6.8092
3059 1.1580
3060 0.0000
3061 -4.5138
3062 -1.8270
3063 -0.0055
3064 0.0000
3065 6.8134
3066 4.3999
3067 -1.5963
3068 -1.8885
3069 0.0398
3070 7.9279
3071 7.2583
3072 7.2080
3073 0.0000
3074 5.4115
3075 -3.1801
3076 -3.2622
3077 7.0347
3078 10.6083
3079 0.1827
3080 0.0000
3081 -1.3136
3082 1.5954
3083 7.9919
3084 0.0000
3085 -4.3960
3086 2.7813
3087 7.4854
3088 0.9930
3089 -1.7551
3090 8.6421
3091 2.8686
3092 1.4664
3093 0.0000
3094 7.2963
3095 4.0569
3096 2.5594
3097 0.3562
3098 -2.0358
3099 4.7993
3100 0.0000
3101 -4.2100
3102 2.9340
3103 8.2894
3104 0.0000
3105 8.8894
3106 -1.7985
3107 6.1045
3108 8.2593
3109 1.6966
3110 2.6774
3111 -4.4702
3112 -0.8536
3113 0.0000
3114 3.2272
3115 5.2861
3116 9.4187
3117 -2.6128
3118 -3.1619
3119 0.6742
3120 0.0000
3121 5.3423
3122 3.9545
3123 -2.9589
3124 -5.7134
3125 9.5014
3126 1.2286
3127 1.7427
3128 4.0041
3129 7.8565
3130 11.2511
3131 8.1454
3132 2.1829
3133 -0.0308
3134 1.8116
3135 0.0000
3136 12.9574
3137 4.0756
3138 1.7491
3139 -3.9205
3140 -0.8579
3141 7.8427
3142 8.1429
3143 1.8618
3144 0.0000
3145 -2.8559
3146 1.0527
3147 11.8281
3148 7.4573
3149 4.0464
3150 3.3213
3151 0.0000
3152 -8.7159
3153 5.7142
3154 2.1678
3155 0.0000
3156 2.9905
3157 -0.5904
3158 3.7281
3159 4.4160
3160 8.0923
3161 13.9327
3162 4.7487
3163 2.5420
3164 0.0000
3165 -0.5231
3166 3.5559
3167 -6.1417
3168 4.8441
3169 7.5401
3170 5.0904
3171 0.0000
3172 -3.4957
3173 0.9526
3174 -1.5644
3175 0.0000
3176 0.3030
3177 -3.4853
3178 -0.8527
3179 5.4189
3180 1.9832
3181 7.9429
3182 -3.3852
3183 5.9699
3184 0.0000
3185 6.8874
3186 9.8237
3187 4.2804
3188 7.7136
3189 8.6903
3190 0.2076
3191 0.0000
3192 -1.8182
3193 1.5059
3194 8.7294
3195 0.0000
3196 -6.3064
3197 -1.5685
3198 4.5039
3199 10.0508
3200 -4.8459
3201 13.8196
3202 11.0075
3203 10.6909
3204 0.0000
3205 7.3164
3206 0.6325
3207 1.0033
3208 4.0595
3209 3.4079
3210 9.7470
3211 0.0000
3212 -0.5898
3213 -0.9473
3214 12.2124
3215 13.1813
3216 5.2811
3217 7.3601
3218 5.5675
3219 7.8711
3220 3.3159
3221 9.0219
3222 10.1029
3223 -1.1149
3224 -2.8836
3225 7.0922
3226 0.0000
3227 -2.7361
3228 6.2690
3229 5.7693
3230 4.7957
3231 -0.5898
3232 12.7989
3233 10.4533
3234 5.6066
3235 0.0000
3236 5.8851
3237 5.8714
3238 4.1397
3239 2.0952
3240 7.8675
3241 8.0287
3242 0.0000
3243 -3.9845
3244 1.4644
3245 0.5713
3246 0.0000
3247 8.3453
3248 -2.8303
3249 5.6161
3250 8.6132
3251 1.8825
3252 18.4505
3253 1.7916
3254 3.5149
3255 0.0000
3256 0.2783
3257 -0.8098
3258 7.2966
3259 3.0118
3260 2.7588
3261 9.0701
3262 0.0000
3263 5.7178
3264 7.5407
3265 3.7602
3266 0.0000
3267 -1.6567
3268 2.2495
3269 -2.2232
3270 7.5609
3271 1.2304
3272 6.4032
3273 3.5733
3274 6.8417
3275 0.0000
3276 3.2688
3277 8.7313
3278 8.9720
3279 6.9087
3280 2.3751
3281 -13.7357
3282 0.0000
3283 -0.8522
3284 2.8263
3285 -3.4504
3286 0.0000
3287 -4.2232
3288 -1.6029
3289 4.9118
3290 0.2513
3291 -0.6105
3292 12.1184
3293 6.3055
3294 1.0211
3295 0.0000
3296 6.7065
3297 -0.5120
3298 2.6596
3299 -6.0544
3300 1.1811
3301 8.8438
3302 0.0000
3303 -5.9384
3304 0.0000
3305 1.5493
3306 0.0000
3307 7.2096
3308 7.7080
3309 4.8788
3310 3.9891
3311 5.9800
3312 7.3526
3313 -0.4614
3314 -3.4890
3315 0.0000
3316 0.9172
3317 0.8607
3318 1.8679
3319 0.9319
3320 0.0315
3321 2.4818
3322 0.0000
3323 -0.2116
3324 2.0507
3325 3.9456
3326 0.8985
3327 0.8895
3328 5.9533
3329 0.0000
3330 -4.3151
3331 0.9201
3332 1.4854
3333 11.8276
3334 -1.6530
3335 -0.5548
3336 0.0000
3337 4.6088
3338 -3.4715
3339 -2.5373
3340 3.5307
3341 5.1036
3342 2.5574
3343 0.0000
3344 -1.9510
3345 -1.0104
3346 6.0391
3347 2.2398
3348 7.2590
3349 6.9283
3350 0.0000
3351 -3.0306
3352 9.3426
3353 5.0294
3354 2.4641
3355 7.7706
3356 3.5100
3357 0.0000
3358 0.3953
3359 4.1765
3360 6.1078
3361 0.9478
3362 13.5559
3363 7.0861
3364 0.0000
3365 6.2056
3366 6.5199
3367 -0.3447
3368 -1.0832
3369 3.5734
3370 0.8666
3371 0.0000
3372 3.9675
3373 2.6506
3374 -2.5571
3375 4.0526
3376 7.0096
3377 2.2149
3378 0.0000
3379 2.1879
3380 4.2748
3381 13.6394
3382 3.7276
3383 1.9861
3384 9.1763
3385 0.0000
3386 0.2591
3387 6.0899
3388 2.9846
3389 -2.2794
3390 8.3546
3391 -3.7830
3392 0.0000
3393 3.4540
3394 11.9989
3395 8.4053
3396 4.0023
3397 0.3041
3398 7.2234
3399 0.0000
3400 3.3493
3401 -1.2512
3402 3.8199
3403 10.8069
3404 6.9913
3405 14.3054
3406 0.0000
3407 0.0568
3408 2.8751
3409 7.9425
3410 2.3152
3411 8.7974
3412 3.4257
3413 0.0000
3414 -3.1014
3415 2.6175
3416 2.8099
3417 4.8482
3418 4.1865
3419 0.9377
3420 0.0000
3421 7.1042
3422 0.0000
3423 3.8723
3424 0.0000
3425 0.6085
3426 0.0000
3427 -3.5422
3428 1.9113
3429 0.0000
3430 0.9965
3431 2.4512
3432 1.8953
3433 4.4902
3434 0.0000
3435 6.2875
3436 8.0310
3437 -6.5736
3438 0.0000
3439 0.8858
3440 1.6613
3441 7.1460
3442 0.0000
3443 -3.0981
3444 3.2362
3445 5.6946
3446 1.6436
3447 12.3075
3448 2.9028
3449 4.1687
3450 -0.9087
3451 2.4140
3452 0.0000
3453 5.7311
3454 4.7503
3455 -0.6516
3456 1.1589
3457 7.4641
3458 -5.2542
3459 0.0000
3460 -1.5971
3461 2.1154
3462 2.2261
3463 -2.0271
3464 5.3197
3465 8.6692
3466 0.0000
3467 -7.3004
3468 3.7751
3469 6.0409
3470 -5.1207
3471 2.8105
3472 3.9648
3473 0.0000
3474 7.1905
3475 5.3674
3476 2.2070
3477 10.2110
3478 -3.6191
3479 0.3097
3480 0.0000
3481 1.5161
3482 3.0799
3483 1.4363
3484 1.5515
3485 0.4869
3486 7.2537
3487 0.0000
3488 1.5480
3489 4.0211
3490 5.2122
3491 5.5147
3492 10.2010
3493 1.8280
3494 0.0000
3495 4.0756
3496 5.3893
3497 1.5295
3498 13.8925
3499 3.4498
3500 6.0364
3501 0.0000
3502 -2.0877
3503 7.2221
3504 -6.0309
3505 7.9855
3506 8.4316
3507 6.3688
3508 0.0000
3509 4.5123
3510 4.2884
3511 7.0844
3512 5.2822
3513 8.1717
3514 8.2321
3515 0.0000
3516 -1.0280
3517 7.1508
3518 2.0871
3519 -0.0790
3520 6.6850
3521 3.1076
3522 0.0000
3523 -2.3010
3524 12.9925
3525 6.3445
3526 2.4126
3527 0.8890
3528 2.7127
3529 0.0000
3530 0.5690
3531 2.1303
3532 0.0000
3533 5.0346
3534 2.4171
3535 1.3580
3536 2.9489
3537 -4.4525
3538 -0.7901
3539 6.9718
3540 0.2570
3541 0.0000
3542 5.5046
3543 7.9930
3544 0.0000
3545 -4.1520
3546 0.0000
3547 3.6535
3548 0.0000
3549 1.5450
3550 3.3463
3551 0.0000
3552 5.7351
3553 5.1903
3554 0.0000
3555 5.8066
3556 8.9628
3557 -2.5217
3558 0.0000
3559 -2.8547
3560 3.0828
3561 0.0000
3562 -1.6287
3563 4.5917
3564 5.8173
3565 0.0000
3566 0.7295
3567 2.6752
3568 0.0000
3569 7.1836
3570 7.4931
3571 -0.7056
3572 0.0000
3573 -0.5982
3574 -1.1463
3575 0.0000
3576 1.3356
3577 4.8253
3578 7.4334
3579 0.0000
3580 1.9072
3581 2.1446
3582 0.0000
3583 0.7215
3584 4.1861
3585 8.6286
3586 0.0000
3587 4.4738
3588 6.6110
3589 0.0000
3590 10.6351
3591 0.2052
3592 7.8617
3593 0.0000
3594 -0.6656
3595 4.5842
3596 0.0000
3597 9.5123
3598 8.8792
3599 6.7943
3600 0.0000
3601 1.7208
3602 0.2613
3603 0.0000
3604 4.9762
3605 -1.9035
3606 2.8138
3607 0.0000
3608 1.4002
3609 5.0281
3610 0.0000
3611 10.4655
3612 7.0170
3613 4.7486
3614 0.0000
3615 -1.9617
3616 7.6530
3617 0.0000
3618 -0.6498
3619 4.0316
3620 4.4255
3621 0.0000
3622 -2.4572
3623 -0.9021
3624 0.0000
3625 0.2353
3626 8.5017
3627 2.5043
3628 0.0000
3629 3.3430
3630 5.7864
3631 0.0000
3632 4.0850
3633 3.7268
3634 -2.5618
3635 0.0000
3636 0.9111
3637 3.2810
3638 0.0000
3639 8.4315
3640 1.7156
3641 1.6225
3642 0.0000
3643 0.4421
3644 8.7236
3645 0.0000
3646 0.1476
3647 5.6222
3648 7.4149
3649 0.0000
3650 2.2959
3651 0.0556
3652 0.0000
3653 6.9842
3654 -2.0280
3655 9.0351
3656 0.0000
3657 1.6985
3658 -6.9585
3659 0.0000
3660 8.5489
3661 13.8802
3662 -3.3698
3663 0.0000
3664 -4.0299
3665 0.0000
3666 6.2816
3667 0.0000
3668 -0.5728
3669 6.4207
3670 0.0000
3671 0.5791
3672 0.0000
3673 7.4527
3674 0.0000
3675 6.2862
3676 2.2612
3677 3.7334
3678 0.0000
3679 9.2416
3680 2.7460
3681 1.3217
3682 0.0000
3683 1.3396
3684 5.0394
3685 -1.4099
3686 0.0000
3687 3.3680
3688 0.0000
3689 2.9478
3690 0.0000
3691 2.1398
3692 -7.0444
3693 0.0000
3694 9.5599
3695 0.0000
3696 9.3039
3697 1.2085
3698 -1.5457
3699 1.9759
3700 5.1496
3701 4.2846
3702 7.9517
3703 -0.0256
3704 1.2209
3705 2.3489
3706 2.0506
3707 -1.1556
3708 6.5036
3709 -2.5365
3710 -0.9930
3711 10.9276
3712 0.0000
3713 5.0828
3714 3.3290
3715 -4.3324
3716 12.2711
3717 -1.8516
3718 2.4435
3719 4.9776
3720 9.8863
3721 0.0000
3722 9.7976
3723 7.0269
3724 2.0676
3725 -2.4774
3726 -0.6840
3727 -0.7487
3728 0.0000
3729 -7.8226
3730 -1.0564
3731 6.3843
3732 0.0000
3733 -1.1695
3734 -4.0134
3735 7.6284
3736 0.7529
3737 -1.7173
3738 14.1919
3739 6.2208
3740 5.3739
3741 0.0000
3742 1.8496
3743 2.3211
3744 -1.2419
3745 7.7479
3746 0.1657
3747 2.6010
3748 0.0000
3749 0.6616
3750 11.8873
3751 2.6244
3752 0.0000
3753 3.7209
3754 -2.5088
3755 2.8484
3756 10.2229
3757 1.1878
3758 1.8769
3759 3.1806
3760 3.6856
3761 0.0000
3762 8.0216
3763 8.4510
3764 1.6399
3765 -1.0844
3766 -0.8640
3767 -1.0139
3768 0.0000
3769 -6.1513
3770 5.6130
3771 -0.0732
3772 0.0000
3773 6.3448
3774 -0.8611
3775 3.9346
3776 5.3522
3777 -6.4507
3778 2.8545
3779 -2.9615
3780 7.9662
3781 0.0000
3782 0.9684
3783 -3.1684
3784 -0.2615
3785 4.6662
3786 3.6854
3787 6.2185
3788 0.0000
3789 0.3713
3790 -0.2125
3791 5.9430
3792 3.6847
3793 -0.3880
3794 9.6998
3795 2.8960
3796 8.6904
3797 9.7236
3798 -2.8647
3799 0.4028
3800 -2.1925
3801 2.4639
3802 -4.3732
3803 0.0000
3804 0.4946
3805 -0.2671
3806 11.1051
3807 6.3544
3808 -0.1078
3809 1.1428
3810 -2.6358
3811 5.9297
3812 0.0000
3813 11.3119
3814 5.0023
3815 2.5288
3816 4.5327
3817 5.5284
3818 -3.8436
3819 0.0000
3820 -5.8820
3821 8.5657
3822 16.6334
3823 0.0000
3824 6.7699
3825 0.3577
3826 10.3256
3827 3.6808
3828 1.7895
3829 9.3203
3830 7.2034
3831 8.2074
3832 0.0000
3833 5.7543
3834 7.6880
3835 8.2669
3836 3.8235
3837 5.0308
3838 6.4101
3839 0.0000
3840 -3.4010
3841 15.7351
3842 -2.9293
3843 0.0000
3844 -1.5691
3845 1.3639
3846 1.3978
3847 4.8187
3848 3.9816
3849 9.0650
3850 2.3403
3851 6.6664
3852 0.0000
3853 5.6733
3854 6.0752
3855 1.5153
3856 -0.7662
3857 6.7219
3858 0.9199
3859 0.0000
3860 2.9951
3861 1.7714
3862 -0.1635
3863 0.0000
3864 4.7336
3865 0.2961
3866 -3.7323
3867 1.6064
3868 -4.2342
3869 7.8272
3870 4.9462
3871 3.4179
3872 0.0000
3873 11.1677
3874 -1.5592
3875 1.9659
3876 -1.0821
3877 6.3713
3878 6.8291
3879 0.0000
3880 8.3630
3881 -2.4068
3882 -1.3203
3883 9.7369
3884 6.0014
3885 -0.4408
3886 8.7821
3887 8.7314
3888 -0.6875
3889 -4.2353
3890 3.2950
3891 -2.0778
3892 1.7830
3893 2.4754
3894 0.0000
3895 5.4838
3896 6.2990
3897 12.6071
3898 10.5916
3899 -7.0687
3900 9.3238
3901 -0.6948
3902 6.0667
3903 0.0000
3904 5.9051
3905 10.1250
3906 -0.0540
3907 5.9399
3908 7.7561
3909 3.6396
3910 0.0000
3911 -1.7793
3912 6.8072
3913 8.0197
3914 0.0000
3915 -2.5453
3916 -6.7981
3917 0.6491
3918 7.8798
3919 -2.7703
3920 0.6514
3921 0.1138
3922 -3.9041
3923 0.0000
3924 9.1798
3925 6.9968
3926 -0.0285
3927 7.7476
3928 4.6577
3929 10.1693
3930 0.0000
3931 4.5038
3932 5.5959
3933 10.3000
3934 0.0000
3935 -2.3410
3936 -0.1590
3937 1.5986
3938 2.7803
3939 -2.4635
3940 10.0020
3941 5.2365
3942 1.9792
3943 0.0000
3944 -1.3073
3945 6.3774
3946 11.2007
3947 2.1468
3948 8.5311
3949 1.0680
3950 0.0000
3951 4.5920
3952 6.9894
3953 3.1862
3954 0.0000
3955 2.2888
3956 5.2547
3957 6.8373
3958 4.9756
3959 -8.6010
3960 -6.7070
3961 -9.6232
3962 -3.9040
3963 0.0000
3964 8.1058
3965 -6.9917
3966 12.3560
3967 1.3286
3968 9.3023
3969 4.6025
3970 0.0000
3971 -2.8811
3972 -0.2868
3973 4.2257
3974 1.1667
3975 2.7222
3976 7.3880
3977 12.2650
3978 6.0336
3979 3.1195
3980 2.6552
3981 -3.5136
3982 -0.9565
3983 1.4841
3984 10.0808
3985 0.0000
3986 0.2344
3987 -3.3515
3988 1.8188
3989 10.8081
3990 1.4548
3991 11.4066
3992 1.4090
3993 4.0705
3994 0.0000
3995 2.7313
3996 6.8725
3997 9.6363
3998 0.0967
3999 1.8580
4000 4.9207
4001 0.0000
4002 5.8492
4003 -1.0751
4004 7.3973
4005 0.0000
4006 1.0774
4007 -0.1829
4008 6.2523
4009 -0.2581
4010 3.6397
4011 7.0771
4012 -2.1190
4013 10.7904
4014 0.0000
4015 2.3505
4016 5.3177
4017 8.4102
4018 13.5834
4019 0.9685
4020 7.7509
4021 0.0000
4022 2.4939
4023 5.9545
4024 0.2043
4025 0.0000
4026 8.5038
4027 -6.3068
4028 3.4557
4029 11.9417
4030 3.2732
4031 -2.1334
4032 -2.4508
4033 4.5509
4034 0.0000
4035 14.3322
4036 6.0132
4037 3.1962
4038 6.5891
4039 3.0406
4040 -4.0761
4041 0.0000
4042 -0.0099
4043 5.7663
4044 5.1492
4045 0.0000
4046 -1.4850
4047 -1.0417
4048 0.1819
4049 3.8507
4050 0.1074
4051 0.1235
4052 2.7300
4053 5.5053
4054 0.0000
4055 -0.1129
4056 2.0644
4057 4.2904
4058 8.2352
4059 10.5246
4060 5.3005
4061 0.0000
4062 -1.1599
4063 0.0000
4064 5.2300
4065 0.0000
4066 5.9432
4067 -8.7095
4068 -7.9604
4069 1.5896
4070 9.5518
4071 9.5589
4072 -0.5747
4073 4.2095
4074 0.0000
4075 -4.4538
4076 1.8484
4077 -1.4184
4078 -0.5996
4079 10.1414
4080 -4.6892
4081 0.0000
4082 3.7016
4083 6.2258
4084 2.9585
4085 1.2128
4086 -1.9046
4087 2.7147
4088 0.0000
4089 1.7961
4090 4.4164
4091 -5.7873
4092 5.2784
4093 5.8631
4094 -8.4128
4095 0.0000
4096 -0.3241
4097 5.7395
4098 8.5708
4099 -0.2439
4100 7.0179
4101 8.2624
4102 0.0000
4103 -0.4120
4104 3.5281
4105 5.0099
4106 2.4156
4107 3.0780
4108 5.2576
4109 0.0000
4110 -1.4111
4111 4.0965
4112 0.8645
4113 -1.3810
4114 6.9355
4115 6.8071
4116 0.0000
4117 -6.4828
4118 10.0429
4119 6.8176
4120 2.9033
4121 -0.6852
4122 4.5570
4123 0.0000
4124 -8.5050
4125 5.8413
4126 6.8408
4127 6.9183
4128 2.5960
4129 5.6452
4130 0.0000
4131 -2.1414
4132 1.8449
4133 5.6884
4134 0.7421
4135 0.0137
4136 5.8094
4137 0.0000
4138 0.3424
4139 9.0455
4140 9.1932
4141 -2.9350
4142 2.7045
4143 6.9330
4144 0.0000
4145 0.9502
4146 5.4669
4147 -1.5607
4148 1.3985
4149 3.2621
4150 2.3924
4151 0.0000
4152 4.2374
4153 7.4409
4154 6.3759
4155 -2.7618
4156 5.1905
4157 0.0178
4158 0.0000
4159 5.1073
4160 11.2275
4161 0.8324
4162 1.1891
4163 1.4815
4164 8.9987
4165 0.0000
4166 -3.7013
4167 3.1112
4168 -4.0429
4169 -0.3335
4170 1.9555
4171 0.9825
4172 0.0000
4173 0.7661
4174 -4.7133
4175 8.2464
4176 2.7372
4177 -3.1687
4178 -5.4659
4179 0.0000
4180 -3.5011
4181 0.0000
4182 -5.8952
4183 0.0000
4184 8.9623
4185 0.0000
4186 6.6704
4187 6.5388
4188 0.0000
4189 6.6166
4190 10.2231
4191 5.2106
4192 6.2517
4193 0.0000
4194 2.8283
4195 -6.4001
4196 3.7554
4197 0.0000
4198 7.2692
4199 3.7825
4200 0.2396
4201 0.0000
4202 -2.0938
4203 -0.2381
4204 2.0065
4205 0.3069
4206 -2.9227
4207 -3.2533
4208 2.1142
4209 7.3545
4210 -2.5897
4211 0.0000
4212 -3.4966
4213 4.6048
4214 1.2647
4215 5.6509
4216 1.9316
4217 1.2370
4218 0.0000
4219 0.9081
4220 -6.5112
4221 5.2322
4222 7.7184
4223 5.2852
4224 1.3685
4225 0.0000
4226 -4.7311
4227 10.1468
4228 8.9361
4229 5.7437
4230 0.4814
4231 -0.9894
4232 0.0000
4233 -1.9940
4234 3.2051
4235 6.3369
4236 14.2997
4237 1.8294
4238 -0.1368
4239 0.0000
4240 9.4277
4241 -4.2058
4242 1.0281
4243 7.1876
4244 3.5396
4245 5.4527
4246 0.0000
4247 3.6881
4248 1.2209
4249 5.4937
4250 2.9751
4251 2.7949
4252 3.6027
4253 0.0000
4254 5.1814
4255 3.5366
4256 -1.6325
4257 -2.6271
4258 -10.1991
4259 -3.4664
4260 0.0000
4261 -5.0685
4262 0.9119
4263 10.9668
4264 9.9362
4265 -2.4839
4266 -0.1618
4267 0.0000
4268 -2.4758
4269 9.0517
4270 1.7935
4271 1.2346
4272 5.8100
4273 4.4279
4274 0.0000
4275 2.6705
4276 3.5358
4277 4.4413
4278 9.9307
4279 -0.6424
4280 5.4486
4281 0.0000
4282 0.4871
4283 1.0784
4284 5.4987
4285 4.1847
4286 8.7000
4287 3.3143
4288 0.0000
4289 5.9041
4290 -1.0279
4291 0.0000
4292 9.5867
4293 -5.0084
4294 6.2123
4295 -10.1358
4296 -1.5899
4297 3.6265
4298 -1.3372
4299 -7.8321
4300 0.0000
4301 7.5150
4302 1.0953
4303 0.0000
4304 -0.6059
4305 0.0000
4306 2.6013
4307 0.0000
4308 0.3509
4309 2.8435
4310 0.0000
4311 12.7816
4312 1.9050
4313 0.0000
4314 8.0217
4315 8.5962
4316 6.3930
4317 0.0000
4318 1.1325
4319 -5.7170
4320 0.0000
4321 -1.7254
4322 9.3706
4323 1.2274
4324 0.0000
4325 3.7658
4326 -0.2417
4327 0.0000
4328 13.1086
4329 14.4594
4330 -7.0071
4331 0.0000
4332 1.2322
4333 6.2774
4334 0.0000
4335 4.4286
4336 -1.6511
4337 -2.0008
4338 0.0000
4339 -4.8953
4340 9.4326
4341 0.0000
4342 12.5055
4343 12.6782
4344 1.9122
4345 0.0000
4346 0.0928
4347 6.1598
4348 0.0000
4349 14.1705
4350 7.9717
4351 2.5570
4352 0.0000
4353 2.9918
4354 2.8889
4355 0.0000
4356 11.6434
4357 -2.4617
4358 11.8044
4359 0.0000
4360 1.1167
4361 4.1148
4362 0.0000
4363 1.6456
4364 4.3082
4365 0.5910
4366 0.0000
4367 4.0315
4368 -1.3258
4369 0.0000
4370 6.6021
4371 3.2917
4372 4.7397
4373 0.0000
4374 0.4232
4375 1.7402
4376 0.0000
4377 7.8700
4378 3.1420
4379 2.8381
4380 0.0000
4381 7.6386
4382 7.6610
4383 0.0000
4384 4.5852
4385 6.6285
4386 4.6751
4387 0.0000
4388 -1.4788
4389 -2.9263
4390 0.0000
4391 2.9868
4392 9.5623
4393 8.0694
4394 0.0000
4395 -1.9648
4396 3.6899
4397 0.0000
4398 4.0390
4399 3.9000
4400 2.8359
4401 0.0000
4402 1.2991
4403 4.5008
4404 0.0000
4405 0.4563
4406 3.6723
4407 4.9299
4408 0.0000
4409 6.1854
4410 3.8125
4411 0.0000
4412 8.3503
4413 7.0535
4414 4.1450
4415 0.0000
4416 -2.3138
4417 8.7308
4418 0.0000
4419 8.5500
4420 7.0099
4421 0.6649
4422 0.0000
4423 6.8907
4424 0.0000
4425 3.9712
4426 0.0000
4427 -1.2435
4428 4.3485
4429 0.0000
4430 -0.5900
4431 0.0000
4432 2.3042
4433 0.0000
4434 5.0374
4435 4.4176
4436 8.9193
4437 0.0000
4438 5.5718
4439 7.3317
4440 7.6369
4441 0.0000
4442 5.3437
4443 7.2616
4444 11.0692
4445 0.0000
4446 4.4395
4447 0.0000
4448 2.5723
4449 0.0000
4450 7.5098
4451 9.9201
4452 0.0000
4453 6.8231
4454 0.0000
4455 3.4109
4456 0.5047
4457 1.2022
4458 -0.7618
4459 -0.6963
4460 -5.1639
4461 8.8481
4462 -2.6955
4463 5.1196
4464 -0.4095
4465 1.5854
4466 2.8903
4467 6.6883
4468 -0.5398
4469 3.0582
4470 9.1999
4471 0.0000
4472 8.0141
4473 -3.2939
4474 3.3312
4475 13.4814
4476 9.3799
4477 7.5065
4478 0.9903
4479 3.5448
4480 0.0000
4481 1.5029
4482 8.1666
4483 11.0496
4484 -5.0680
4485 6.6219
4486 3.9228
4487 0.0000
4488 -2.7434
4489 4.4852
4490 4.7722
4491 0.0000
4492 -0.7410
4493 8.3048
4494 3.5791
4495 -3.6406
4496 -4.5106
4497 7.8659
4498 2.3330
4499 6.2877
4500 0.0000
4501 -0.1658
4502 2.3743
4503 -0.8163
4504 3.4910
4505 0.4356
4506 3.6354
4507 0.0000
4508 5.7681
4509 2.5398
4510 8.3109
4511 0.0000
4512 -3.6224
4513 -0.1975
4514 5.0193
4515 0.7619
4516 -9.4887
4517 5.4473
4518 -1.6998
4519 0.2411
4520 0.0000
4521 4.7102
4522 2.2641
4523 8.5381
4524 10.8213
4525 6.5719
4526 3.9876
4527 0.0000
4528 1.4995
4529 7.4096
4530 2.1239
4531 0.0000
4532 5.0135
4533 3.7673
4534 8.0557
4535 5.2210
4536 -3.8951
4537 13.6085
4538 4.4025
4539 3.2380
4540 0.0000
4541 7.2659
4542 12.2957
4543 -2.5279
4544 0.3985
4545 9.6715
4546 7.2452
4547 0.0000
4548 -4.2430
4549 5.8766
4550 4.2980
4551 -1.4524
4552 -0.7862
4553 12.1539
4554 0.9953
4555 -0.0314
4556 2.9235
4557 6.9957
4558 4.3009
4559 3.5207
4560 8.5177
4561 3.6430
4562 0.0000
4563 1.1193
4564 -2.1161
4565 5.8636
4566 1.1484
4567 -0.3282
4568 -0.7148
4569 -5.1669
4570 5.3066
4571 0.0000
4572 1.6100
4573 -0.6682
4574 8.6147
4575 7.9891
4576 6.9751
4577 5.4026
4578 0.0000
4579 1.1711
4580 1.4878
4581 8.9565
4582 0.0000
4583 6.2945
4584 -3.4693
4585 6.6673
4586 -1.9910
4587 -4.0955
4588 0.9395
4589 -0.1859
4590 2.0038
4591 0.0000
4592 7.5255
4593 9.9673
4594 7.3291
4595 5.1944
4596 3.1956
4597 5.7136
4598 0.0000
4599 6.1604
4600 -3.7760
4601 5.2083
4602 0.0000
4603 7.2131
4604 2.1000
4605 5.8828
4606 6.5282
4607 3.1977
4608 15.8452
4609 -0.1584
4610 2.4471
4611 0.0000
4612 -0.6380
4613 -2.2674
4614 0.9457
4615 5.0331
4616 5.7575
4617 1.6655
4618 0.0000
4619 1.8040
4620 5.9507
4621 4.0754
4622 0.0000
4623 9.7521
4624 4.6677
4625 10.1375
4626 3.4489
4627 5.8994
4628 17.4134
4629 -1.9614
4630 7.9583
4631 0.0000
4632 1.4159
4633 0.8892
4634 -1.7585
4635 7.5332
4636 3.1966
4637 6.9122
4638 0.0000
4639 -3.2756
4640 5.3877
4641 5.0197
4642 5.8906
4643 5.3098
4644 5.9145
4645 10.4979
4646 4.9989
4647 0.7607
4648 5.7909
4649 -2.0512
4650 8.4420
4651 4.7010
4652 -0.1815
4653 0.0000
4654 7.8173
4655 -0.8189
4656 4.2919
4657 -6.2361
4658 3.7937
4659 -2.6365
4660 1.8134
4661 -4.6142
4662 0.0000
4663 6.6002
4664 0.1583
4665 0.9586
4666 2.2778
4667 0.2572
4668 6.5187
4669 0.0000
4670 -1.7524
4671 1.8683
4672 3.3677
4673 0.0000
4674 -1.4060
4675 10.0565
4676 4.7176
4677 -6.1828
4678 1.7223
4679 2.3634
4680 -6.9616
4681 7.6488
4682 0.0000
4683 8.9079
4684 6.8946
4685 1.8470
4686 0.6057
4687 6.1642
4688 -1.5314
4689 0.0000
4690 -3.3135
4691 13.5972
4692 -0.1361
4693 0.0000
4694 3.7983
4695 -4.9367
4696 3.5554
4697 4.9546
4698 -2.5412
4699 3.4623
4700 4.2683
4701 1.9720
4702 0.0000
4703 6.5805
4704 3.2404
4705 3.8483
4706 2.2948
4707 9.2446
4708 -1.3610
4709 0.0000
4710 0.1999
4711 11.2811
4712 4.5967
4713 0.0000
4714 4.8022
4715 6.6306
4716 0.7993
4717 -0.9612
4718 -1.4636
4719 -0.1651
4720 0.7073
4721 1.2284
4722 0.0000
4723 4.3538
4724 2.9877
4725 4.7221
4726 8.5395
4727 6.0101
4728 0.4187
4729 0.0000
4730 -1.6100
4731 4.4521
4732 -2.7858
4733 -0.2713
4734 1.5120
4735 4.4610
4736 6.5807
4737 5.5966
4738 2.5601
4739 4.2974
4740 11.6285
4741 -4.1680
4742 0.4669
4743 12.3201
4744 0.0000
4745 13.9761
4746 -0.0399
4747 0.0759
4748 2.5783
4749 -1.5082
4750 2.4559
4751 -3.2270
4752 3.5584
4753 0.0000
4754 8.3264
4755 2.9467
4756 9.6576
4757 -3.7262
4758 3.7744
4759 11.0081
4760 0.0000
4761 -4.0022
4762 -0.3930
4763 3.1272
4764 0.0000
4765 3.7595
4766 1.4386
4767 2.7942
4768 8.9279
4769 0.9387
4770 1.8975
4771 0.3278
4772 -2.9879
4773 0.0000
4774 2.1036
4775 4.0489
4776 2.9748
4777 -4.2993
4778 10.4785
4779 1.0488
4780 0.0000
4781 4.4190
4782 3.5738
4783 -6.2692
4784 0.0000
4785 1.1442
4786 -2.9599
4787 3.7198
4788 7.0366
4789 0.5461
4790 -1.9350
4791 1.2677
4792 7.1801
4793 0.0000
4794 1.6185
4795 14.1113
4796 0.3703
4797 -0.1144
4798 7.5376
4799 -1.4716
4800 0.0000
4801 3.6985
4802 6.6295
4803 -2.6627
4804 0.0000
4805 1.4079
4806 -5.8115
4807 3.8629
4808 2.5134
4809 -4.0656
4810 3.0722
4811 3.0615
4812 2.7529
4813 0.0000
4814 -0.1616
4815 -1.6560
4816 7.1235
4817 0.8145
4818 2.0073
4819 1.8176
4820 0.0000
4821 -2.2058
4822 0.0000
4823 7.7780
4824 0.0000
4825 5.8938
4826 3.1064
4827 -2.0398
4828 5.9297
4829 1.2950
4830 -1.2592
4831 2.8365
4832 -0.0953
4833 0.0000
4834 -0.0152
4835 -3.5229
4836 1.2446
4837 11.0809
4838 1.6519
4839 7.1884
4840 0.0000
4841 7.4294
4842 8.6695
4843 3.3303
4844 8.6552
4845 -0.9532
4846 3.1401
4847 0.0000
4848 -1.4068
4849 2.5527
4850 2.6848
4851 2.0020
4852 8.0191
4853 2.4040
4854 0.0000
4855 -2.2516
4856 4.7089
4857 1.5841
4858 1.4003
4859 -0.8013
4860 9.6221
4861 0.0000
4862 2.1901
4863 5.9533
4864 5.5210
4865 4.0951
4866 9.7585
4867 2.7216
4868 0.0000
4869 0.4846
4870 3.2313
4871 1.1022
4872 4.2400
4873 1.8162
4874 3.3212
4875 0.0000
4876 3.7462
4877 0.6667
4878 1.4518
4879 3.2733
4880 2.7465
4881 3.9697
4882 0.0000
4883 3.9696
4884 2.1557
4885 1.7678
4886 6.7951
4887 8.5542
4888 -2.8214
4889 0.0000
4890 3.1270
4891 5.0884
4892 7.2738
4893 1.3892
4894 1.0097
4895 4.9637
4896 0.0000
4897 -1.5332
4898 1.8347
4899 -0.1039
4900 6.6981
4901 5.5343
4902 -1.7846
4903 0.0000
4904 -2.1666
4905 10.4641
4906 9.0878
4907 5.5423
4908 -0.7950
4909 9.4998
4910 0.0000
4911 7.0122
4912 -3.1937
4913 -7.2042
4914 6.6629
4915 2.0323
4916 3.9365
4917 0.0000
4918 1.2388
4919 8.5880
4920 5.5067
4921 4.5988
4922 10.7458
4923 -0.8197
4924 0.0000
4925 -3.4665
4926 9.6585
4927 14.0416
4928 6.2390
4929 -1.5486
4930 5.9906
4931 0.0000
4932 2.8571
4933 1.8247
4934 14.1696
4935 7.0373
4936 6.6191
4937 0.7227
4938 0.0000
4939 -0.5301
4940 0.0000
4941 -7.6939
4942 0.0000
4943 12.9148
4944 0.0000
4945 3.7393
4946 -3.3596
4947 0.0000
4948 4.6055
4949 7.0842
4950 8.5389
4951 4.4030
4952 0.0000
4953 9.1395
4954 4.3313
4955 2.5140
4956 0.0000
4957 2.1275
4958 -2.0300
4959 0.6327
4960 0.0000
4961 0.4879
4962 6.0982
4963 -2.0517
4964 4.5752
4965 1.9025
4966 11.8683
4967 14.7945
4968 -5.5453
4969 4.5989
4970 0.0000
4971 1.1277
4972 2.4109
4973 14.5105
4974 6.3345
4975 2.1049
4976 3.4673
4977 0.0000
4978 5.9898
4979 2.2981
4980 2.3141
4981 1.7592
4982 -4.7718
4983 5.4674
4984 0.0000
4985 2.5765
4986 8.6067
4987 7.4666
4988 8.4457
4989 4.7104
4990 2.2511
4991 0.0000
4992 -1.9991
4993 9.6035
4994 -0.1818
4995 1.1427
4996 6.5454
4997 -3.1937
4998 0.0000
4999 -3.1301
5000 -1.0043
5001 -3.4432
5002 3.8487
5003 6.2823
5004 -0.4682
5005 0.0000
5006 0.6350
5007 8.6026
5008 12.7700
5009 1.6896
5010 8.0379
5011 4.9535
5012 0.0000
5013 5.1773
5014 1.2903
5015 -2.6538
5016 7.4057
5017 -2.8222
5018 0.7936
5019 0.0000
5020 -3.7174
5021 0.6203
5022 0.8934
5023 3.3248
5024 2.3377
5025 -4.5721
5026 0.0000
5027 6.7957
5028 6.9528
5029 3.8814
5030 -0.9107
5031 1.7329
5032 1.5195
5033 0.0000
5034 -5.1027
5035 6.2681
5036 7.1736
5037 12.3621
5038 3.7505
5039 6.3144
5040 0.0000
5041 -1.9358
5042 7.7620
5043 3.2839
5044 2.8569
5045 -1.9729
5046 3.5825
5047 0.0000
5048 7.2764
5049 -3.3288
5050 0.0000
5051 8.8531
5052 2.3771
5053 2.6526
5054 0.1997
5055 1.2869
5056 -0.0397
5057 -5.3653
5058 -2.9905
5059 0.0000
5060 10.4264
5061 2.7156
5062 0.0000
5063 9.2153
5064 0.0000
5065 4.8647
5066 0.0000
5067 1.8087
5068 4.1052
5069 0.0000
5070 6.5036
5071 14.1072
5072 0.0000
5073 4.0322
5074 11.0912
5075 4.5188
5076 0.0000
5077 -6.0961
5078 1.3703
5079 0.0000
5080 3.4194
5081 6.9824
5082 2.0015
5083 0.0000
5084 3.3492
5085 12.6119
5086 0.0000
5087 -0.7314
5088 14.9743
5089 0.6002
5090 0.0000
5091 -0.9633
5092 4.8493
5093 0.0000
5094 -0.0421
5095 10.3965
5096 -4.1711
5097 0.0000
5098 4.9560
5099 4.4520
5100 0.0000
5101 -3.6277
5102 1.0696
5103 3.3564
5104 0.0000
5105 -1.6615
5106 6.3079
5107 0.0000
5108 6.2355
5109 6.1358
5110 2.0818
5111 0.0000
5112 -1.4869
5113 1.2112
5114 0.0000
5115 0.5824
5116 2.2703
5117 6.4219
5118 0.0000
5119 -3.9880
5120 2.4981
5121 0.0000
5122 7.5443
5123 -0.0540
5124 -1.8256
5125 0.0000
5126 -3.9415
5127 5.2550
5128 0.0000
5129 6.6723
5130 5.1477
5131 5.3290
5132 0.0000
5133 3.5734
5134 0.1867
5135 0.0000
5136 7.3723
5137 13.7268
5138 -2.6616
5139 0.0000
5140 2.8964
5141 1.2091
5142 0.0000
5143 1.0552
5144 4.6282
5145 4.1159
5146 0.0000
5147 -0.7299
5148 4.9619
5149 0.0000
5150 8.3304
5151 5.1885
5152 4.2591
5153 0.0000
5154 -2.1131
5155 0.8559
5156 0.0000
5157 7.7640
5158 6.5050
5159 9.6475
5160 0.0000
5161 -3.3653
5162 5.0123
5163 0.0000
5164 5.6824
5165 -9.9777
5166 3.4843
5167 0.0000
5168 -0.4018
5169 8.1638
5170 0.0000
5171 1.4673
5172 2.7575
5173 4.7271
5174 0.0000
5175 5.7477
5176 9.0156
5177 0.0000
5178 1.5061
5179 8.9019
5180 -8.0859
5181 0.0000
5182 -5.8517
5183 0.0000
5184 1.6111
5185 0.0000
5186 2.5853
5187 8.2908
5188 0.0000
5189 6.2412
5190 0.0000
5191 5.6461
5192 0.0000
5193 5.4087
5194 5.7499
5195 1.5782
5196 0.0000
5197 6.7371
5198 5.1106
5199 4.6690
5200 0.0000
5201 1.8399
5202 2.2792
5203 -1.9755
5204 0.0000
5205 -0.9628
5206 0.0000
5207 0.3862
5208 0.0000
5209 5.2682
5210 1.0286
5211 0.0000
5212 -4.8558
5213 0.0000
5214 -2.3194
5215 4.6516
5216 5.7954
5217 1.6138
5218 1.6386
5219 1.8756
5220 -0.1934
5221 4.3646
5222 1.5432
5223 1.7586
5224 7.8257
5225 5.2168
5226 0.6760
5227 0.5216
5228 9.8082
5229 15.8318
5230 0.0000
5231 5.4826
5232 4.5057
5233 1.7022
5234 -3.1423
5235 -3.9368
5236 7.4667
5237 9.8292
5238 5.9042
5239 0.0000
5240 3.3183
5241 2.2943
5242 3.8119
5243 4.4270
5244 8.1089
5245 11.3900
5246 0.0000
5247 0.2669
5248 11.2751
5249 5.0013
5250 0.0000
5251 6.3397
5252 -4.0501
5253 2.6602
5254 1.9071
5255 2.4119
5256 5.3255
5257 -2.5344
5258 3.6862
5259 0.0000
5260 5.9535
5261 17.0821
5262 0.4060
5263 9.8412
5264 9.5759
5265 5.1809
5266 0.0000
5267 2.6771
5268 13.0131
5269 0.9413
5270 0.0000
5271 3.8887
5272 -1.4285
5273 -2.1259
5274 4.3038
5275 -4.0471
5276 2.4367
5277 -2.7202
5278 13.6640
5279 0.0000
5280 -0.6029
5281 3.3141
5282 10.8165
5283 7.0980
5284 1.7956
5285 14.7203
5286 0.0000
5287 3.9079
5288 9.3385
5289 -4.3434
5290 0.0000
5291 3.6709
5292 2.9624
5293 0.2595
5294 4.8714
5295 -3.9687
5296 1.1989
5297 3.2947
5298 5.2973
5299 0.0000
5300 1.4999
5301 1.6139
5302 -2.6492
5303 6.2769
5304 8.0834
5305 1.5177
5306 0.0000
5307 1.0116
5308 -2.0160
5309 0.8206
5310 2.9741
5311 1.6492
5312 1.9834
5313 3.0902
5314 4.6876
5315 6.8879
5316 8.2540
5317 2.3942
5318 0.0887
5319 7.5151
5320 -0.2961
5321 0.0000
5322 10.7574
5323 0.5800
5324 4.4579
5325 4.6380
5326 1.4413
5327 0.6285
5328 2.2142
5329 6.6773
5330 0.0000
5331 2.3812
5332 9.9860
5333 5.8661
5334 5.3984
5335 -0.1290
5336 1.9758
5337 0.0000
5338 -2.5323
5339 5.4121
5340 6.7793
5341 0.0000
5342 -2.7351
5343 -2.9271
5344 3.0383
5345 6.5535
5346 -0.1947
5347 3.4799
5348 10.0392
5349 6.3567
5350 0.0000
5351 3.0516
5352 1.3992
5353 4.0346
5354 4.6630
5355 1.6260
5356 0.2522
5357 0.0000
5358 3.0110
5359 -6.1953
5360 0.8621
5361 0.0000
5362 2.5603
5363 5.4594
5364 0.9613
5365 13.9769
5366 5.8110
5367 13.0688
5368 1.1324
5369 4.6920
5370 0.0000
5371 5.3356
5372 3.3779
5373 10.8278
5374 1.8310
5375 2.7877
5376 5.1133
5377 0.0000
5378 -1.0450
5379 -1.2944
5380 1.7752
5381 0.0000
5382 3.5561
5383 4.2224
5384 8.9338
5385 4.0359
5386 3.4856
5387 7.8998
5388 6.6479
5389 3.0609
5390 0.0000
5391 10.0385
5392 7.4602
5393 6.7572
5394 -3.3065
5395 -1.3948
5396 2.2479
5397 0.0000
5398 -5.4984
5399 -1.1447
5400 3.9894
5401 7.7207
5402 0.3353
5403 6.1843
5404 3.1903
5405 -3.1776
5406 3.6877
5407 3.5585
5408 8.2036
5409 1.2546
5410 4.2336
5411 12.9844
5412 0.0000
5413 2.4441
5414 2.6204
5415 6.9815
5416 7.4932
5417 0.4650
5418 4.5160
5419 -5.1978
5420 3.3472
5421 0.0000
5422 10.8609
5423 0.8113
5424 6.8573
5425 3.1287
5426 2.5385
5427 5.1859
5428 0.0000
5429 4.5989
5430 2.4459
5431 0.4433
5432 0.0000
5433 -0.3752
5434 0.9057
5435 3.7570
5436 7.4856
5437 4.7744
5438 -2.4365
5439 2.4802
5440 4.3808
5441 0.0000
5442 -2.9463
5443 5.6563
5444 1.0267
5445 -1.8839
5446 0.0489
5447 0.3713
5448 0.0000
5449 3.9153
5450 7.1623
5451 6.8669
5452 0.0000
5453 -0.0041
5454 0.1745
5455 2.6839
5456 2.0924
5457 0.3259
5458 10.1646
5459 3.8587
5460 6.5354
5461 0.0000
5462 2.4843
5463 6.7507
5464 -3.0520
5465 7.4478
5466 5.4844
5467 4.7230
5468 0.0000
5469 0.3208
5470 1.6105
5471 -1.4033
5472 0.0000
5473 1.7113
5474 3.0933
5475 7.8838
5476 16.5413
5477 -2.0632
5478 -1.2114
5479 -2.1310
5480 10.5571
5481 0.0000
5482 4.9230
5483 8.3067
5484 10.2378
5485 5.5140
5486 3.1578
5487 6.7929
5488 0.0000
5489 -2.2875
5490 4.3093
5491 4.8336
5492 1.4746
5493 4.1934
5494 5.5172
5495 2.1055
5496 -1.1637
5497 6.7647
5498 9.4766
5499 6.1087
5500 5.3163
5501 7.5513
5502 -0.8477
5503 0.0000
5504 3.3012
5505 6.6240
5506 1.7628
5507 6.7704
5508 0.4745
5509 12.5797
5510 9.4524
5511 1.3305
5512 0.0000
5513 3.6736
5514 12.8040
5515 -4.1546
5516 3.6139
5517 10.7554
5518 5.6945
5519 0.0000
5520 1.3951
5521 5.8695
5522 7.1646
5523 0.0000
5524 5.6856
5525 7.5225
5526 0.4928
5527 10.8417
5528 0.5781
5529 13.2574
5530 2.3488
5531 -4.1857
5532 0.0000
5533 2.6216
5534 3.1592
5535 6.0673
5536 4.8512
5537 8.7034
5538 11.0428
5539 0.0000
5540 0.5356
5541 1.0890
5542 2.0379
5543 0.0000
5544 -1.7386
5545 -2.4415
5546 7.0866
5547 3.7373
5548 1.5906
5549 2.3726
5550 -2.5113
5551 12.5829
5552 0.0000
5553 6.1349
5554 2.0946
5555 3.8723
5556 8.9621
5557 13.1435
5558 8.3379
5559 0.0000
5560 -5.2262
5561 -3.0885
5562 0.4036
5563 0.0000
5564 5.8625
5565 5.5108
5566 -3.3872
5567 3.7921
5568 0.7602
5569 -0.1522
5570 3.5226
5571 0.8167
5572 0.0000
5573 12.1138
5574 9.3781
5575 -3.9395
5576 7.7834
5577 0.4836
5578 0.3444
5579 0.0000
5580 -1.6720
5581 0.0000
5582 7.3836
5583 0.0000
5584 -1.6601
5585 5.3944
5586 -1.6693
5587 3.4014
5588 -0.9933
5589 5.3373
5590 0.7875
5591 -2.7360
5592 0.0000
5593 4.1400
5594 7.3603
5595 5.5954
5596 5.0774
5597 -3.3210
5598 -8.4336
5599 0.0000
5600 6.4787
5601 5.8696
5602 0.9143
5603 4.7836
5604 3.2495
5605 1.9305
5606 0.0000
5607 13.5926
5608 -0.7839
5609 9.6478
5610 6.2505
5611 5.2926
5612 0.6270
5613 0.0000
5614 -0.9941
5615 10.1055
5616 2.2418
5617 6.8811
5618 10.7175
5619 0.9704
5620 0.0000
5621 4.5743
5622 2.8700
5623 -1.3034
5624 2.3768
5625 6.5950
5626 2.5846
5627 0.0000
5628 5.8897
5629 -0.2053
5630 3.5397
5631 -0.8551
5632 5.6319
5633 6.6715
5634 0.0000
5635 0.8811
5636 -1.5529
5637 7.6165
5638 2.0373
5639 -2.5894
5640 5.7662
5641 0.0000
5642 -4.6696
5643 2.5289
5644 5.6621
5645 -2.4403
5646 1.7468
5647 1.8850
5648 0.0000
5649 1.9680
5650 -0.4129
5651 4.5481
5652 13.2298
5653 1.5080
5654 4.1087
5655 0.0000
5656 -4.8011
5657 1.3229
5658 5.8461
5659 1.6046
5660 6.9053
5661 7.6966
5662 0.0000
5663 -2.0804
5664 4.2889
5665 6.3503
5666 7.4401
5667 1.8900
5668 2.6025
5669 0.0000
5670 -0.9615
5671 2.4298
5672 4.0479
5673 -4.6771
5674 5.7067
5675 0.9895
5676 0.0000
5677 0.3268
5678 -7.9471
5679 4.1633
5680 -1.9809
5681 9.8207
5682 7.9630
5683 0.0000
5684 0.7996
5685 6.8151
5686 3.5152
5687 -8.7584
5688 2.8152
5689 2.9322
5690 0.0000
5691 4.5643
5692 -6.4195
5693 5.6734
5694 4.1578
5695 -2.5010
5696 -1.1109
5697 0.0000
5698 1.0518
5699 0.0000
5700 -2.6927
5701 0.0000
5702 5.1229
5703 0.0000
5704 4.9781
5705 1.6681
5706 0.0000
5707 7.0767
5708 -3.6750
5709 7.5433
5710 6.5809
5711 0.0000
5712 5.4976
5713 9.4403
5714 6.6265
5715 0.0000
5716 -0.4899
5717 3.7700
5718 2.8338
5719 0.0000
5720 13.9919
5721 -1.0616
5722 -1.0708
5723 4.1098
5724 9.0976
5725 0.3415
5726 4.4263
5727 6.0801
5728 3.9160
5729 0.0000
5730 -0.1524
5731 0.3744
5732 4.5745
5733 -7.5909
5734 -2.1674
5735 5.5089
5736 0.0000
5737 -6.5920
5738 2.9662
5739 2.7056
5740 1.7663
5741 2.4031
5742 1.8368
5743 0.0000
5744 3.6630
5745 6.4772
5746 -4.3177
5747 2.5414
5748 3.6718
5749 8.2012
5750 0.0000
5751 -2.3911
5752 11.1821
5753 -1.5562
5754 4.2745
5755 0.2813
5756 -3.8650
5757 0.0000
5758 0.5708
5759 1.1591
5760 1.1161
5761 7.1329
5762 -4.2920
5763 7.3060
5764 0.0000
5765 -1.1297
5766 4.7787
5767 5.2771
5768 9.9883
5769 -6.7403
5770 2.7847
5771 0.0000
5772 7.2582
5773 1.3656
5774 0.1632
5775 -3.5459
5776 -0.7377
5777 9.3009
5778 0.0000
5779 1.2671
5780 -4.9744
5781 4.6949
5782 13.6887
5783 8.5519
5784 9.2936
5785 0.0000
5786 1.1898
5787 -0.6474
5788 5.5719
5789 4.1006
5790 4.1847
5791 2.7048
5792 0.0000
5793 0.9409
5794 -2.1475
5795 1.1592
5796 -2.7003
5797 6.1459
5798 2.5695
5799 0.0000
5800 -8.3933
5801 5.7129
5802 6.6080
5803 4.0230
5804 -0.5127
5805 7.7850
5806 0.0000
5807 -2.2951
5808 -4.4381
5809 0.0000
5810 1.1776
5811 -2.1154
5812 3.4018
5813 6.2548
5814 -3.2980
5815 7.3161
5816 -2.1359
5817 -2.0596
5818 0.0000
5819 -1.8273
5820 -0.1144
5821 0.0000
5822 2.7881
5823 0.0000
5824 5.5033
5825 0.0000
5826 1.7053
5827 -0.1837
5828 0.0000
5829 3.1175
5830 3.9255
5831 0.0000
5832 7.0988
5833 4.6916
5834 3.8284
5835 0.0000
5836 1.0081
5837 -0.0534
5838 0.0000
5839 -3.6372
5840 2.9614
5841 -3.7241
5842 0.0000
5843 0.0860
5844 2.7285
5845 0.0000
5846 4.6890
5847 6.4087
5848 5.6571
5849 0.0000
5850 -1.9572
5851 2.4029
5852 0.0000
5853 0.4828
5854 2.5168
5855 8.3123
5856 0.0000
5857 0.8675
5858 8.9476
5859 0.0000
5860 4.3375
5861 5.0042
5862 5.8547
5863 0.0000
5864 0.6042
5865 6.4335
5866 0.0000
5867 10.9734
5868 7.4232
5869 5.3316
5870 0.0000
5871 1.3735
5872 -4.8878
5873 0.0000
5874 -3.6377
5875 8.9484
5876 9.2941
5877 0.0000
5878 -2.4255
5879 2.6753
5880 0.0000
5881 1.9193
5882 0.7717
5883 2.7570
5884 0.0000
5885 4.3082
5886 -0.2600
5887 0.0000
5888 1.9793
5889 1.7533
5890 -2.1390
5891 0.0000
5892 -1.6746
5893 2.7096
5894 0.0000
5895 1.7037
5896 -6.1907
5897 1.7890
5898 0.0000
5899 -2.8118
5900 1.1456
5901 0.0000
5902 3.0189
5903 1.3387
5904 3.3144
5905 0.0000
5906 1.3961
5907 2.3775
5908 0.0000
5909 -3.5468
5910 6.5366
5911 -0.8455
5912 0.0000
5913 2.5139
5914 7.8887
5915 0.0000
5916 7.7555
5917 5.1428
5918 8.1269
5919 0.0000
5920 0.1258
5921 2.9582
5922 0.0000
5923 1.4471
5924 1.6906
5925 9.4059
5926 0.0000
5927 1.3647
5928 3.7692
5929 0.0000
5930 1.3667
5931 10.1048
5932 10.0618
5933 0.0000
5934 0.5080
5935 6.7287
5936 0.0000
5937 8.1826
5938 4.8966
5939 1.9169
5940 0.0000
5941 -2.8973
5942 0.0000
5943 6.5006
5944 0.0000
5945 2.0844
5946 9.2137
5947 0.0000
5948 3.7447
5949 0.0000
5950 -1.6674
5951 0.0000
5952 7.7662
5953 -5.6189
5954 4.7369
5955 0.0000
5956 9.5991
5957 4.1602
5958 5.2692
5959 0.0000
5960 8.5784
5961 6.2782
5962 6.4339
5963 0.0000
5964 5.1527
5965 0.0000
5966 3.7981
5967 0.0000
5968 0.8873
5969 7.8477
5970 0.0000
5971 -8.7567
5972 0.0000
5973 -2.7508
5974 6.7540
5975 2.3642
5976 4.3087
5977 10.6026
5978 5.6977
5979 0.5548
5980 8.0769
5981 5.7105
5982 8.8053
5983 13.4405
5984 -2.9375
5985 0.6114
5986 1.3425
5987 1.6372
5988 3.5592
5989 0.0000
5990 5.5913
5991 4.2550
5992 6.1399
5993 5.1213
5994 3.0948
5995 11.3062
5996 -0.4737
5997 -2.9172
5998 0.0000
5999 5.0069
6000 6.9825
6001 9.1556
6002 -0.9187
6003 0.6770
6004 0.5330
6005 0.0000
6006 1.0310
6007 7.1898
6008 3.2032
6009 0.0000
6010 3.1968
6011 2.6340
6012 6.0899
6013 11.6895
6014 0.8704
6015 8.8455
6016 1.9916
6017 4.9625
6018 0.0000
6019 6.4485
6020 2.7022
6021 4.0463
6022 10.8171
6023 6.2526
6024 9.9295
6025 0.0000
6026 0.2779
6027 6.6022
6028 10.4907
6029 0.0000
6030 3.1620
6031 -1.9106
6032 10.8089
6033 14.1541
6034 -3.0833
6035 6.0992
6036 1.1288
6037 11.1693
6038 0.0000
6039 11.9811
6040 3.4385
6041 1.3743
6042 5.0075
6043 2.4631
6044 -1.4524
6045 0.0000
6046 0.4029
6047 6.0949
6048 0.0382
6049 0.0000
6050 -0.6204
6051 0.1715
6052 11.3715
6053 3.8032
6054 -0.4147
6055 12.1035
6056 5.0499
6057 -2.4606
6058 0.0000
6059 4.7394
6060 0.3641
6061 9.8358
6062 1.6656
6063 1.6173
6064 12.4667
6065 0.0000
6066 -2.3959
6067 3.9421
6068 -1.8395
6069 3.7527
6070 5.5135
6071 1.4077
6072 9.9818
6073 11.6210
6074 1.4497
6075 5.4608
6076 3.6535
6077 2.3086
6078 -3.0673
6079 3.6588
6080 0.0000
6081 6.5533
6082 2.9678
6083 3.7107
6084 -0.2386
6085 4.0695
6086 2.5639
6087 -2.0564
6088 0.8389
6089 0.0000
6090 8.2366
6091 1.8540
6092 -0.5332
6093 10.2630
6094 13.6471
6095 3.4892
6096 0.0000
6097 2.0316
6098 0.2649
6099 2.5854
6100 0.0000
6101 5.7775
6102 5.0937
6103 0.9229
6104 -3.4114
6105 -4.5814
6106 8.7845
6107 6.6834
6108 6.1603
6109 0.0000
6110 5.3364
6111 5.8594
6112 -0.8732
6113 2.2801
6114 7.4722
6115 7.1775
6116 0.0000
6117 -2.0504
6118 13.6458
6119 2.0549
6120 0.0000
6121 -4.1327
6122 -0.2163
6123 -3.1513
6124 0.7364
6125 1.3222
6126 -2.5167
6127 3.3233
6128 -4.9376
6129 0.0000
6130 7.2590
6131 0.3397
6132 1.9301
6133 9.9541
6134 1.9948
6135 2.0233
6136 0.0000
6137 5.5705
6138 13.9359
6139 -4.2424
6140 0.0000
6141 6.5735
6142 6.7061
6143 4.7357
6144 6.1867
6145 -0.4222
6146 15.4053
6147 6.1442
6148 3.6864
6149 0.0000
6150 9.8873
6151 0.3242
6152 0.4050
6153 2.8452
6154 14.7689
6155 2.4753
6156 0.0000
6157 0.6886
6158 -3.9800
6159 7.4019
6160 3.9686
6161 4.3590
6162 4.5559
6163 8.7940
6164 9.3512
6165 2.1856
6166 -2.4572
6167 0.2920
6168 -0.1495
6169 2.8208
6170 2.2182
6171 0.0000
6172 -1.1011
6173 -0.4771
6174 5.9852
6175 1.0625
6176 0.1911
6177 2.7416
6178 8.8329
6179 7.4368
6180 0.0000
6181 -3.4516
6182 7.4558
6183 9.9763
6184 -2.6945
6185 6.7423
6186 -0.2547
6187 0.0000
6188 4.1511
6189 1.8395
6190 4.0900
6191 0.0000
6192 1.1723
6193 -5.2256
6194 8.9378
6195 -4.8544
6196 -5.6304
6197 5.4858
6198 2.3416
6199 8.6514
6200 0.0000
6201 6.0732
6202 4.7156
6203 5.2072
6204 5.9579
6205 5.8099
6206 7.7608
6207 0.0000
6208 -0.4205
6209 -3.9058
6210 -0.4766
6211 0.0000
6212 5.8788
6213 4.7579
6214 -6.3834
6215 -0.0940
6216 7.7226
6217 1.5591
6218 4.9095
6219 5.5108
6220 0.0000
6221 3.6432
6222 1.7422
6223 -3.1921
6224 0.3191
6225 8.5773
6226 11.1419
6227 0.0000
6228 -4.2693
6229 10.9399
6230 6.5910
6231 0.0000
6232 -0.8562
6233 3.7393
6234 2.3167
6235 9.0454
6236 -1.2379
6237 12.1497
6238 5.3884
6239 -3.8428
6240 0.0000
6241 9.8563
6242 1.8571
6243 -0.9270
6244 8.1014
6245 7.4634
6246 8.7533
6247 0.0000
6248 3.0775
6249 6.0957
6250 5.1477
6251 0.7941
6252 6.4844
6253 2.7906
6254 1.1488
6255 2.3865
6256 5.3163
6257 -2.0218
6258 5.2641
6259 -5.1399
6260 9.9269
6261 7.9831
6262 0.0000
6263 -3.1868
6264 -1.5378
6265 10.5670
6266 7.0170
6267 -5.4471
6268 3.9772
6269 6.6636
6270 1.5380
6271 0.0000
6272 10.4513
6273 2.1454
6274 6.4531
6275 6.2140
6276 3.8312
6277 6.1986
6278 0.0000
6279 5.7159
6280 7.8725
6281 2.9495
6282 0.0000
6283 3.8247
6284 2.2653
6285 1.7625
6286 7.2796
6287 -2.1093
6288 8.0344
6289 -4.0572
6290 8.1325
6291 0.0000
6292 -0.8113
6293 2.3182
6294 -2.9640
6295 0.0006
6296 2.4166
6297 10.1036
6298 0.0000
6299 1.9454
6300 5.4749
6301 10.1065
6302 0.0000
6303 7.3340
6304 -3.7572
6305 5.4289
6306 4.0908
6307 0.7199
6308 1.5629
6309 -1.5435
6310 6.1992
6311 0.0000
6312 5.3566
6313 2.5331
6314 5.8053
6315 10.7635
6316 0.8140
6317 -3.8056
6318 0.0000
6319 7.7387
6320 1.7979
6321 0.7411
6322 0.0000
6323 -3.7040
6324 6.0377
6325 -0.1537
6326 6.8202
6327 -5.4693
6328 -7.0027
6329 0.4059
6330 -3.3957
6331 0.0000
6332 8.7484
6333 -1.0148
6334 7.2126
6335 -0.4542
6336 -0.5033
6337 2.1705
6338 0.0000
6339 0.7981
6340 0.0000
6341 1.3303
6342 0.0000
6343 2.4558
6344 6.5748
6345 3.7289
6346 4.7286
6347 8.3175
6348 3.8508
6349 1.0820
6350 -1.7674
6351 0.0000
6352 -2.1694
6353 4.9655
6354 6.3487
6355 11.8622
6356 5.9824
6357 -0.5913
6358 0.0000
6359 -0.0387
6360 7.6340
6361 3.1068
6362 4.8963
6363 4.8770
6364 2.7664
6365 0.0000
6366 -4.4445
6367 1.2463
6368 14.0608
6369 9.7330
6370 3.7822
6371 -1.3586
6372 0.0000
6373 1.2174
6374 14.0844
6375 -1.7712
6376 10.1378
6377 -0.2745
6378 -3.3018
6379 0.0000
6380 -3.4171
6381 1.4411
6382 4.5322
6383 1.6131
6384 7.9055
6385 -6.3587
6386 0.0000
6387 -2.9661
6388 -0.1650
6389 2.6466
6390 0.7561
6391 7.0896
6392 -0.4016
6393 0.0000
6394 2.2339
6395 1.1010
6396 3.9045
6397 0.5853
6398 1.0801
6399 3.5121
6400 0.0000
6401 5.7345
6402 8.2917
6403 1.6414
6404 3.3862
6405 4.8171
6406 -0.4691
6407 0.0000
6408 -6.7724
6409 5.8388
6410 5.7307
6411 3.9125
6412 0.3520
6413 3.0803
6414 0.0000
6415 0.4532
6416 -3.4289
6417 -1.2062
6418 0.3512
6419 5.0166
6420 1.2930
6421 0.0000
6422 -4.0350
6423 -0.9342
6424 2.1529
6425 7.0712
6426 3.6460
6427 3.4587
6428 0.0000
6429 -1.3653
6430 6.9693
6431 2.2038
6432 5.9445
6433 6.5021
6434 3.7247
6435 0.0000
6436 -2.2968
6437 2.7493
6438 9.5254
6439 2.0116
6440 -2.8626
6441 6.0301
6442 0.0000
6443 -2.8898
6444 1.4097
6445 -2.6033
6446 0.3943
6447 3.2739
6448 3.2197
6449 0.0000
6450 3.8005
6451 0.9183
6452 5.2195
6453 1.5970
6454 -1.9267
6455 -1.5860
6456 0.0000
6457 0.9606
6458 0.0000
6459 0.9431
6460 0.0000
6461 -1.4928
6462 0.0000
6463 1.8863
6464 2.6824
6465 0.0000
6466 9.1585
6467 6.4138
6468 -1.9902
6469 6.9062
6470 0.0000
6471 -1.5198
6472 1.7507
6473 3.8695
6474 0.0000
6475 4.9387
6476 -0.1993
6477 10.4475
6478 0.0000
6479 3.3786
6480 7.1396
6481 5.0470
6482 2.9393
6483 2.4700
6484 1.2626
6485 10.1842
6486 1.0193
6487 1.8810
6488 0.0000
6489 0.3544
6490 10.5406
6491 5.6863
6492 5.8487
6493 3.7042
6494 5.6255
6495 0.0000
6496 -2.3114
6497 4.4753
6498 3.7867
6499 9.9729
6500 4.0628
6501 2.4069
6502 0.0000
6503 -1.1493
6504 9.1812
6505 2.0070
6506 -1.9178
6507 -0.5299
6508 4.6107
6509 0.0000
6510 -0.2821
6511 -2.3976
6512 4.2032
6513 5.0249
6514 0.1401
6515 2.5851
6516 0.0000
6517 5.6321
6518 1.3709
6519 17.9248
6520 2.4016
6521 2.4934
6522 4.0488
6523 0.0000
6524 1.0034
6525 1.3872
6526 7.8473
6527 9.1456
6528 4.7121
6529 4.0457
6530 0.0000
6531 0.7133
6532 10.2477
6533 2.2599
6534 2.2721
6535 9.3920
6536 7.0661
6537 0.0000
6538 5.5007
6539 2.1212
6540 5.1775
6541 5.2539
6542 7.0985
6543 7.4894
6544 0.0000
6545 4.5389
6546 4.1785
6547 10.0398
6548 0.2748
6549 2.9984
6550 -2.7431
6551 0.0000
6552 -1.2279
6553 3.0616
6554 -1.4220
6555 11.5162
6556 11.5735
6557 5.3173
6558 0.0000
6559 0.7734
6560 -1.1971
6561 10.1999
6562 5.1942
6563 -0.7872
6564 -0.0956
6565 0.0000
6566 4.6205
6567 7.3225
6568 0.0000
6569 13.8264
6570 3.2315
6571 -2.8316
6572 4.9754
6573 0.1895
6574 13.7765
6575 7.9750
6576 0.3350
6577 0.0000
6578 3.1977
6579 8.8844
6580 0.0000
6581 0.1568
6582 0.0000
6583 -2.5879
6584 0.0000
6585 7.0181
6586 -0.0657
6587 0.0000
6588 -0.0505
6589 5.9794
6590 0.0000
6591 0.2422
6592 2.5670
6593 7.9003
6594 0.0000
6595 1.9806
6596 8.4614
6597 0.0000
6598 9.0646
6599 11.5110
6600 3.9491
6601 0.0000
6602 -0.4960
6603 5.4072
6604 0.0000
6605 2.5059
6606 6.4999
6607 3.0535
6608 0.0000
6609 5.3452
6610 11.1623
6611 0.0000
6612 -2.8116
6613 -1.7560
6614 7.0433
6615 0.0000
6616 1.2043
6617 6.7648
6618 0.0000
6619 4.4659
6620 1.3545
6621 -0.7359
6622 0.0000
6623 -2.5680
6624 4.5986
6625 0.0000
6626 2.8505
6627 4.4605
6628 8.5907
6629 0.0000
6630 2.7476
6631 8.7252
6632 0.0000
6633 1.0087
6634 -3.1111
6635 7.6840
6636 0.0000
6637 0.9782
6638 8.5083
6639 0.0000
6640 9.7584
6641 1.7109
6642 -2.6031
6643 0.0000
6644 0.2565
6645 0.6096
6646 0.0000
6647 1.2662
6648 3.1152
6649 2.2630
6650 0.0000
6651 6.0248
6652 9.4253
6653 0.0000
6654 8.9222
6655 -0.9122
6656 12.0973
6657 0.0000
6658 4.6066
6659 3.5085
6660 0.0000
6661 2.5609
6662 5.2589
6663 -0.8629
6664 0.0000
6665 5.0742
6666 3.5329
6667 0.0000
6668 1.1473
6669 9.6149
6670 2.0871
6671 0.0000
6672 -1.6577
6673 -0.0217
6674 0.0000
6675 3.9302
6676 9.5658
6677 6.1833
6678 0.0000
6679 -7.2635
6680 13.2518
6681 0.0000
6682 4.4317
6683 3.4415
6684 1.1359
6685 0.0000
6686 2.8740
6687 0.1901
6688 0.0000
6689 10.3288
6690 0.9920
6691 11.2888
6692 0.0000
6693 5.6375
6694 11.9362
6695 0.0000
6696 -1.0114
6697 -6.6177
6698 -2.5069
6699 0.0000
6700 3.2954
6701 0.0000
6702 -0.4305
6703 0.0000
6704 2.9936
6705 10.8376
6706 0.0000
6707 0.8318
6708 0.0000
6709 0.4580
6710 0.0000
6711 6.0508
6712 3.2053
6713 4.5329
6714 0.0000
6715 3.5551
6716 2.5047
6717 7.3995
6718 0.0000
6719 3.4260
6720 4.9855
6721 5.3636
6722 0.0000
6723 2.7981
6724 0.0000
6725 4.0888
6726 0.0000
6727 -1.9565
6728 -8.8123
6729 0.0000
6730 0.2629
6731 0.0000
6732 5.6979
6733 0.0652
6734 -4.4217
6735 -7.6934
6736 5.8359
6737 6.8916
6738 0.5873
6739 5.5465
6740 8.0827
6741 0.9135
6742 1.0545
6743 1.2305
6744 2.1829
6745 1.8180
6746 7.6511
6747 -8.2757
6748 0.0000
6749 4.4791
6750 2.9052
6751 -1.0612
6752 5.8780
6753 -0.8309
6754 -9.2207
6755 -4.3016
6756 7.6964
6757 0.0000
6758 6.8258
6759 2.9118
6760 9.3048
6761 4.4376
6762 4.2325
6763 -0.4245
6764 0.0000
6765 3.2902
6766 2.9380
6767 2.2427
6768 0.0000
6769 4.1138
6770 -0.9667
6771 -4.5120
6772 4.0298
6773 -3.2172
6774 4.3754
6775 -1.7364
6776 7.3529
6777 0.0000
6778 3.4658
6779 0.6648
6780 4.0475
6781 6.2875
6782 3.3322
6783 7.2820
6784 0.0000
6785 -3.1337
6786 -5.3271
6787 5.3513
6788 0.0000
6789 7.4773
6790 -1.8723
6791 7.3570
6792 8.3708
6793 -1.0986
6794 11.3971
6795 -3.7395
6796 -1.4805
6797 0.0000
6798 10.6405
6799 5.8102
6800 -1.3673
6801 4.4668
6802 1.8818
6803 1.8660
6804 0.0000
6805 1.3410
6806 11.1659
6807 3.2553
6808 0.0000
6809 5.0406
6810 -3.4493
6811 1.5666
6812 4.1530
6813 -2.8184
6814 5.9716
6815 -0.9116
6816 5.4126
6817 0.0000
6818 11.6800
6819 9.9318
6820 5.1682
6821 -0.2982
6822 1.1099
6823 3.4259
6824 0.0000
6825 6.9724
6826 11.8990
6827 3.2085
6828 0.2168
6829 1.6776
6830 6.9618
6831 -0.0018
6832 1.4658
6833 5.0561
6834 6.9759
6835 6.4363
6836 0.4145
6837 2.6518
6838 0.3987
6839 0.0000
6840 1.8448
6841 -4.1743
6842 1.8272
6843 2.0062
6844 4.4875
6845 2.7374
6846 -2.3771
6847 3.3971
6848 0.0000
6849 8.5824
6850 5.2042
6851 4.0906
6852 2.9820
6853 5.3710
6854 11.8466
6855 0.0000
6856 0.2915
6857 12.3722
6858 5.6334
6859 0.0000
6860 5.4902
6861 -0.0829
6862 -1.5745
6863 1.6532
6864 0.0402
6865 4.1979
6866 0.6913
6867 6.5135
6868 0.0000
6869 1.0687
6870 11.7512
6871 1.9051
6872 -0.3112
6873 6.5137
6874 5.9719
6875 0.0000
6876 -2.8422
6877 11.2300
6878 6.2895
6879 0.0000
6880 6.8384
6881 -5.8522
6882 2.9926
6883 1.2190
6884 6.7343
6885 8.1481
6886 0.8197
6887 9.9030
6888 0.0000
6889 6.9545
6890 -0.3586
6891 -1.1391
6892 6.3459
6893 16.0294
6894 -4.1583
6895 0.0000
6896 2.4056
6897 4.1100
6898 8.8114
6899 0.0000
6900 7.4097
6901 -1.8575
6902 -5.1652
6903 4.3911
6904 0.1595
6905 -0.5084
6906 -6.2632
6907 9.9492
6908 0.0000
6909 4.0912
6910 -4.9656
6911 4.4593
6912 5.9125
6913 3.5984
6914 -3.0384
6915 0.0000
6916 1.9246
6917 2.1112
6918 0.0803
6919 3.1882
6920 1.2924
6921 15.0914
6922 -5.2013
6923 0.6465
6924 -0.1644
6925 3.6929
6926 1.0426
6927 9.1794
6928 -3.7557
6929 3.6029
6930 0.0000
6931 3.0125
6932 8.4825
6933 5.0549
6934 2.0923
6935 -1.1493
6936 6.2352
6937 3.7860
6938 5.9627
6939 0.0000
6940 -1.6767
6941 -4.3730
6942 4.5503
6943 2.5155
6944 9.9816
6945 4.4458
6946 0.0000
6947 3.5336
6948 1.5741
6949 8.2273
6950 0.0000
6951 -1.4158
6952 1.0511
6953 7.0233
6954 7.9774
6955 0.0643
6956 5.3465
6957 4.3414
6958 12.0959
6959 0.0000
6960 3.4347
6961 3.2593
6962 2.3429
6963 9.5816
6964 0.2320
6965 2.9494
6966 0.0000
6967 -1.7359
6968 7.4473
6969 3.1978
6970 0.0000
6971 -0.4005
6972 6.0995
6973 4.0512
6974 4.9511
6975 -5.1334
6976 0.4156
6977 3.3170
6978 -1.8326
6979 0.0000
6980 7.1331
6981 4.7991
6982 -1.4461
6983 1.3142
6984 12.1925
6985 8.8451
6986 0.0000
6987 4.4012
6988 3.5242
6989 1.7568
6990 0.0000
6991 -2.0861
6992 2.7488
6993 9.4049
6994 4.2088
6995 9.6867
6996 -2.4021
6997 1.4962
6998 2.3139
6999 0.0000
7000 4.7554
7001 5.0761
7002 4.8056
7003 5.0025
7004 3.2248
7005 5.1758
7006 0.0000
7007 3.0500
7008 5.0294
7009 1.2842
7010 5.6122
7011 9.3924
7012 7.1420
7013 0.9078
7014 7.8406
7015 8.6309
7016 10.2532
7017 7.3690
7018 -3.9690
7019 -0.3434
7020 0.8045
7021 0.0000
7022 -5.3145
7023 4.1855
7024 -1.8438
7025 -5.1015
7026 -8.5632
7027 3.9909
7028 1.2157
7029 2.2758
7030 0.0000
7031 5.0085
7032 -2.8165
7033 15.4857
7034 7.2847
7035 10.4384
7036 4.8680
7037 0.0000
7038 0.3204
7039 3.0053
7040 2.5954
7041 0.0000
7042 6.4782
7043 1.1659
7044 2.4429
7045 7.3786
7046 2.6863
7047 4.3079
7048 3.1258
7049 -0.0052
7050 0.0000
7051 9.9734
7052 12.8273
7053 4.8513
7054 2.8516
7055 5.1743
7056 -2.4190
7057 0.0000
7058 -4.5481
7059 3.4660
7060 5.9683
7061 0.0000
7062 9.0829
7063 -0.2471
7064 12.7615
7065 2.0157
7066 -0.4098
7067 9.0079
7068 4.9281
7069 2.3734
7070 0.0000
7071 6.6746
7072 0.0910
7073 1.5041
7074 4.0035
7075 5.1110
7076 3.0039
7077 0.0000
7078 -0.3579
7079 2.4084
7080 9.6459
7081 0.0000
7082 10.6998
7083 0.1826
7084 6.7107
7085 0.6091
7086 -5.0283
7087 -1.6675
7088 8.2570
7089 -5.0818
7090 0.0000
7091 3.9616
7092 2.8165
7093 3.1000
7094 -0.1731
7095 3.9740
7096 2.2167
7097 0.0000
7098 3.2341
7099 0.0000
7100 -2.0821
7101 0.0000
7102 6.4564
7103 1.5178
7104 -2.0587
7105 3.3643
7106 5.5249
7107 -3.9032
7108 10.2285
7109 2.8987
7110 0.0000
7111 2.2067
7112 10.2627
7113 1.7775
7114 6.0437
7115 -2.7164
7116 0.4863
7117 0.0000
7118 4.2928
7119 2.3187
7120 9.8186
7121 1.4925
7122 9.7980
7123 -3.4460
7124 0.0000
7125 -0.1570
7126 4.7670
7127 -2.1345
7128 2.9785
7129 10.3794
7130 2.9886
7131 0.0000
7132 -1.9444
7133 3.3990
7134 1.0161
7135 0.3782
7136 1.9648
7137 -0.7807
7138 0.0000
7139 0.3344
7140 -3.2217
7141 6.5884
7142 2.9008
7143 11.1661
7144 2.1515
7145 0.0000
7146 3.4230
7147 7.0506
7148 8.4632
7149 10.8272
7150 2.3955
7151 3.1613
7152 0.0000
7153 -4.3840
7154 2.4478
7155 3.2424
7156 11.6642
7157 4.7882
7158 -0.6320
7159 0.0000
7160 4.0051
7161 6.2742
7162 5.3499
7163 3.6493
7164 -2.0541
7165 13.2400
7166 0.0000
7167 0.0068
7168 0.9486
7169 4.5392
7170 0.6744
7171 6.8144
7172 -1.8131
7173 0.0000
7174 6.1648
7175 4.6751
7176 4.3042
7177 -2.6416
7178 9.2509
7179 4.7486
7180 0.0000
7181 0.5289
7182 8.0132
7183 2.8596
7184 6.8063
7185 4.2738
7186 0.4801
7187 0.0000
7188 0.7302
7189 8.4272
7190 5.3196
7191 5.2726
7192 1.9800
7193 9.9433
7194 0.0000
7195 7.5858
7196 3.4426
7197 4.4194
7198 -5.7448
7199 4.9291
7200 3.4219
7201 0.0000
7202 -6.1728
7203 6.6132
7204 6.3997
7205 1.6806
7206 6.5527
7207 4.9234
7208 0.0000
7209 0.1195
7210 -0.7507
7211 12.7588
7212 10.3536
7213 -2.4183
7214 7.5802
7215 0.0000
7216 -4.5153
7217 0.0000
7218 3.1671
7219 0.0000
7220 -2.0802
7221 0.0000
7222 4.7784
7223 4.2672
7224 0.0000
7225 0.6984
7226 3.9805
7227 -1.7349
7228 0.9460
7229 0.0000
7230 4.4512
7231 -0.1616
7232 -3.5480
7233 0.0000
7234 0.4170
7235 10.7464
7236 5.0628
7237 0.0000
7238 14.1952
7239 0.9088
7240 5.1383
7241 3.9537
7242 3.7370
7243 9.1288
7244 7.6222
7245 -3.1596
7246 6.7694
7247 0.0000
7248 1.6769
7249 2.3008
7250 17.4178
7251 6.9081
7252 4.2890
7253 1.0254
7254 0.0000
7255 3.2599
7256 5.8348
7257 8.5471
7258 -0.7599
7259 6.4586
7260 1.6163
7261 0.0000
7262 -5.3140
7263 3.1927
7264 0.9242
7265 8.4318
7266 -0.9278
7267 6.0330
7268 0.0000
7269 -3.4980
7270 -0.3614
7271 1.7603
7272 4.4724
7273 0.0784
7274 -6.0633
7275 0.0000
7276 -6.0615
7277 6.5604
7278 7.8099
7279 4.3618
7280 3.2402
7281 0.6661
7282 0.0000
7283 9.9706
7284 7.2216
7285 4.6803
7286 0.5580
7287 -2.9329
7288 3.5340
7289 0.0000
7290 -7.2232
7291 0.0072
7292 5.3323
7293 0.6999
7294 2.5053
7295 2.0990
7296 0.0000
7297 1.1775
7298 6.6959
7299 10.2338
7300 5.5328
7301 2.7958
7302 10.1875
7303 0.0000
7304 5.4144
7305 4.8765
7306 2.4063
7307 3.7844
7308 1.3525
7309 6.9846
7310 0.0000
7311 5.9852
7312 2.7871
7313 -1.6030
7314 0.6477
7315 -1.6827
7316 10.2949
7317 0.0000
7318 0.7412
7319 4.5602
7320 5.6838
7321 0.7734
7322 2.5870
7323 2.4395
7324 0.0000
7325 -2.0786
7326 8.9574
7327 0.0000
7328 6.6725
7329 -5.4997
7330 2.7619
7331 -2.4502
7332 -1.8547
7333 2.4298
7334 -8.0381
7335 -2.1090
7336 0.0000
7337 7.4991
7338 2.4914
7339 0.0000
7340 10.6066
7341 0.0000
7342 7.1666
7343 0.0000
7344 -2.4502
7345 5.7294
7346 0.0000
7347 -1.4508
7348 0.5835
7349 0.0000
7350 1.0378
7351 1.2829
7352 -2.0357
7353 0.0000
7354 -1.1184
7355 9.5782
7356 0.0000
7357 2.0355
7358 -1.0143
7359 0.1499
7360 0.0000
7361 -3.2068
7362 5.6694
7363 0.0000
7364 3.6135
7365 11.5888
7366 6.7580
7367 0.0000
7368 -6.5144
7369 -4.3505
7370 0.0000
7371 -0.7389
7372 6.2506
7373 7.3288
7374 0.0000
7375 0.6324
7376 1.1004
7377 0.0000
7378 3.4525
7379 8.6703
7380 2.0559
7381 0.0000
7382 -1.8913
7383 7.2816
7384 0.0000
7385 9.1475
7386 10.7072
7387 -1.3201
7388 0.0000
7389 -0.0068
7390 -3.6118
7391 0.0000
7392 1.2374
7393 7.1066
7394 0.5243
7395 0.0000
7396 3.9170
7397 1.7742
7398 0.0000
7399 5.7801
7400 3.3162
7401 4.6585
7402 0.0000
7403 -1.1502
7404 5.0054
7405 0.0000
7406 3.3060
7407 3.4606
7408 2.1735
7409 0.0000
7410 -1.7124
7411 3.5362
7412 0.0000
7413 0.2630
7414 -2.4051
7415 11.9948
7416 0.0000
7417 1.9551
7418 9.8426
7419 0.0000
7420 1.2764
7421 0.3501
7422 8.7625
7423 0.0000
7424 -1.9740
7425 3.6918
7426 0.0000
7427 4.4237
7428 4.5938
7429 5.3456
7430 0.0000
7431 -6.1212
7432 4.5131
7433 0.0000
7434 4.5025
7435 7.2412
7436 2.3280
7437 0.0000
7438 -3.5840
7439 7.9735
7440 0.0000
7441 6.5255
7442 -2.1347
7443 4.2055
7444 0.0000
7445 0.8807
7446 4.7920
7447 0.0000
7448 5.2878
7449 -1.3977
7450 -3.5988
7451 0.0000
7452 -0.5974
7453 1.9099
7454 0.0000
7455 3.8179
7456 -2.2637
7457 5.7017
7458 0.0000
7459 3.5872
7460 0.0000
7461 2.7373
7462 0.0000
7463 8.2432
7464 -0.8753
7465 0.0000
7466 6.4464
7467 0.0000
7468 4.1760
7469 0.0000
7470 1.3794
7471 13.5993
7472 6.7950
7473 0.0000
7474 10.8749
7475 10.5345
7476 1.1610
7477 0.0000
7478 2.8023
7479 -1.2945
7480 4.4433
7481 0.0000
7482 -0.7210
7483 0.0000
7484 5.1659
7485 0.0000
7486 3.1870
7487 3.7874
7488 0.0000
7489 1.5266
7490 0.0000
7491 1.9650
7492 1.5032
7493 0.3245
7494 6.6862
7495 4.1728
7496 3.5641
7497 3.7828
7498 -2.3008
7499 0.0000
7500 4.4686
7501 4.9528
7502 6.0057
7503 12.8124
7504 7.6357
7505 -1.2126
7506 0.0000
7507 1.6933
7508 8.6060
7509 10.4593
7510 8.3586
7511 10.5673
7512 -0.2586
7513 0.0000
7514 4.1523
7515 1.0676
7516 0.8743
7517 2.4190
7518 3.5079
7519 -4.4408
7520 0.0000
7521 0.9632
7522 5.7196
7523 3.8023
7524 5.7401
7525 9.1721
7526 -1.4815
7527 0.0000
7528 1.3249
7529 1.1473
7530 9.7425
7531 6.3618
7532 10.0108
7533 14.9861
7534 0.0000
7535 -1.6472
7536 7.8103
7537 3.5320
7538 3.8935
7539 5.0654
7540 2.0229
7541 0.0000
7542 2.3756
7543 7.7089
7544 6.6768
7545 2.7126
7546 4.6643
7547 -0.0753
7548 0.0000
7549 11.2468
7550 -2.4823
7551 7.2323
7552 -4.9030
7553 0.5880
7554 -0.4739
7555 0.0000
7556 0.0163
7557 4.9250
7558 3.9607
7559 -1.1232
7560 7.0602
7561 -3.4854
7562 0.0000
7563 -8.6883
7564 -1.4689
7565 2.4333
7566 10.8060
7567 1.8726
7568 5.6711
7569 0.0000
7570 0.1841
7571 7.8494
7572 1.2040
7573 7.6406
7574 7.6210
7575 3.9693
7576 0.0000
7577 3.5665
7578 4.2590
7579 8.1280
7580 11.2383
7581 11.2619
7582 4.9429
7583 0.0000
7584 -1.1269
7585 2.4915
7586 -0.4479
7587 -1.7741
7588 1.8768
7589 -1.7437
7590 0.0000
7591 3.4024
7592 -0.7908
7593 -3.1542
7594 2.2849
7595 3.3978
7596 5.0868
7597 0.0000
7598 7.5810
7599 -2.4886
7600 1.6845
7601 7.3406
7602 3.6839
7603 -2.4065
7604 0.0000
7605 -0.0124
7606 0.0000
7607 3.7547
7608 7.9340
7609 0.0000
7610 -1.6986
7611 -3.5935
7612 0.0000
7613 5.9256
7614 1.5092
7615 0.0000
7616 -6.9666
7617 0.0000
7618 3.3211
7619 4.2612
7620 0.0000
7621 6.3142
7622 5.4368
7623 0.0000
7624 -0.4016
7625 0.0000
7626 -1.8097
7627 1.6376
7628 0.0000
7629 3.4402
7630 7.9939
7631 0.0000
7632 1.4147
7633 0.0000
7634 2.7115
7635 7.1842
7636 0.0000
7637 8.6332
7638 -0.9786
7639 0.0000
7640 7.0401
7641 0.0000
7642 0.9940
7643 4.4621
7644 0.0000
7645 -1.6621
7646 3.3411
7647 0.0000
7648 3.9632
7649 0.0000
7650 -0.7944
7651 10.3809
7652 0.0000
7653 7.7553
7654 3.3795
7655 0.0000
7656 3.4230
7657 0.0000
7658 3.2041
7659 4.5194
7660 0.0000
7661 5.2800
7662 2.9986
7663 0.0000
7664 10.4054
7665 0.0000
7666 -0.3280
7667 0.7702
7668 0.0000
7669 4.6957
7670 -1.9846
7671 0.0000
7672 3.6097
7673 0.0000
7674 2.3080
7675 6.8534
7676 0.0000
7677 13.4590
7678 7.5916
7679 0.0000
7680 0.7378
7681 0.0000
7682 2.7391
7683 4.2035
7684 0.0000
7685 3.7919
7686 5.8614
7687 0.0000
7688 -3.3008
7689 0.0000
7690 8.3762
7691 4.9057
7692 0.0000
7693 8.0925
7694 5.1477
7695 0.0000
7696 7.9103
7697 0.0000
7698 5.5170
7699 4.7188
7700 0.0000
7701 0.5612
7702 5.0303
7703 0.0000
7704 0.6214
7705 0.0000
7706 5.2741
7707 4.9093
7708 0.0000
7709 8.4562
7710 9.2853
7711 0.0000
7712 -1.2804
7713 0.0000
7714 4.0005
7715 3.2040
7716 0.0000
7717 0.3985
7718 6.0183
7719 0.0000
7720 3.1036
7721 0.0000
7722 -4.9445
7723 5.0487
7724 0.0000
7725 2.1914
7726 11.9010
7727 0.0000
7728 10.5853
7729 0.0000
7730 2.4427
7731 -4.0499
7732 0.0000
7733 4.3918
7734 4.9950
7735 0.0000
7736 5.3330
7737 0.0000
7738 -11.2780
7739 0.0000
7740 -2.7633
