# input  : 16 : 03 16 0A 68 35 F9 89 49 85 77 91 FB 96 FE 59 BD 
# output : 16 : AF 0F 49 DF B6 8D C5 B1 92 87 7D EF F1 C7 E4 0E 
# cycles : 7740
1 0.0000
2 -1.2444
3 2.2459
4 0.0000
5 -1.8799
6 0.0000
7 6.6516
8 5.6768
9 0.0000
10 -0.1144
11 1.1060
12 0.0000
13 -4.7158
14 0.0000
15 4.6566
16 -1.7052
17 0.0000
18 4.2854
19 -0.8460
20 0.0000
21 5.0916
22 0.0000
23 5.5622
24 -1.1825
25 0.0000
26 8.1107
27 0.4785
28 0.0000
29 5.1745
30 0.0000
31 0.9875
32 -2.6701
33 0.0000
34 2.0556
35 -0.7579
36 0.0000
37 4.2718
38 0.0000
39 2.7196
40 0.8171
41 0.0000
42 0.0367
43 -3.3278
44 0.0000
45 11.5106
46 0.0000
47 2.9125
48 4.8984
49 0.0000
50 5.4163
51 4.1035
52 0.0000
53 10.8557
54 0.0000
55 6.2196
56 7.3875
57 0.0000
58 -1.4041
59 10.8602
60 0.0000
61 -0.4750
62 0.0000
63 5.0039
64 2.7447
65 0.0000
66 3.9895
67 0.8367
68 0.0000
69 -1.6179
70 0.0000
71 0.8077
72 2.9048
73 0.0000
74 7.9574
75 -2.0798
76 0.0000
77 -3.9917
78 0.0000
79 1.6563
80 6.7732
81 0.0000
82 -2.0771
83 -0.7895
84 0.0000
85 2.6128
86 0.0000
87 4.3832
88 0.2243
89 0.0000
90 4.9893
91 4.1631
92 0.0000
93 7.5706
94 0.0000
95 4.9922
96 4.0196
97 0.0000
98 2.5997
99 1.1999
100 0.0000
101 5.2715
102 0.0000
103 5.8711
104 1.6934
105 0.0000
106 5.1412
107 -1.3692
108 0.0000
109 2.2503
110 0.0000
111 4.7343
112 7.4998
113 0.0000
114 0.2353
115 2.9823
116 0.0000
117 0.9468
118 0.0000
119 2.5108
120 2.5763
121 0.0000
122 3.3853
123 3.4800
124 0.0000
125 0.6687
126 0.0000
127 6.2882
128 4.6611
129 0.0000
130 -1.0090
131 -3.6986
132 0.0000
133 3.1375
134 0.0000
135 1.9646
136 -4.3384
137 0.0000
138 1.6908
139 1.9884
140 -5.7692
141 0.0000
142 -0.5637
143 4.2568
144 -0.6891
145 -5.9323
146 0.0000
147 1.6133
148 1.9072
149 0.0000
150 3.9928
151 9.7278
152 -1.8483
153 -1.7912
154 0.0000
155 4.8740
156 -5.9311
157 0.0000
158 3.3992
159 -1.5695
160 -1.1269
161 0.4230
162 0.0000
163 0.0556
164 -2.3712
165 0.0000
166 -0.9405
167 7.0649
168 -3.3735
169 0.5545
170 0.0000
171 -1.9535
172 4.3576
173 0.0000
174 8.2882
175 -1.0540
176 1.3703
177 -0.9139
178 0.0000
179 1.7663
180 0.3655
181 0.0000
182 6.6756
183 3.9824
184 2.5748
185 3.0520
186 0.0000
187 1.1345
188 -0.6099
189 0.0000
190 3.7598
191 2.9714
192 1.6054
193 1.0837
194 0.0000
195 -5.5600
196 5.6524
197 0.0000
198 -3.5334
199 8.5631
200 -5.2692
201 3.0829
202 0.0000
203 -1.4802
204 1.3405
205 0.0000
206 1.9943
207 9.6333
208 4.6809
209 2.4605
210 0.0000
211 3.9691
212 3.2183
213 0.0000
214 7.7321
215 8.6221
216 9.5980
217 5.5186
218 0.0000
219 2.7457
220 9.0591
221 0.0000
222 0.3851
223 3.1622
224 9.0323
225 2.0749
226 0.0000
227 1.4500
228 6.6605
229 0.0000
230 -1.6273
231 7.4812
232 -0.5693
233 3.4289
234 0.0000
235 -6.6138
236 2.1614
237 0.0000
238 -3.4810
239 4.0161
240 3.1794
241 2.5806
242 0.0000
243 -3.4756
244 1.5617
245 0.0000
246 9.7353
247 8.8029
248 8.4752
249 2.6133
250 0.0000
251 0.4633
252 1.7255
253 0.0000
254 4.6215
255 9.4622
256 11.3354
257 4.4973
258 0.0000
259 -5.8408
260 9.8187
261 0.0000
262 3.6906
263 -4.0834
264 7.9813
265 5.8542
266 0.0000
267 -1.1798
268 0.0219
269 0.0000
270 5.9144
271 0.0000
272 0.6374
273 0.9268
274 8.2035
275 12.7681
276 2.4942
277 6.5324
278 4.3242
279 -2.2902
280 0.0000
281 8.9407
282 -1.1778
283 -1.5235
284 -0.0488
285 3.9266
286 -5.8671
287 0.0000
288 4.1863
289 1.8754
290 0.9185
291 7.0933
292 2.0460
293 -5.8950
294 0.0000
295 -0.6095
296 6.9592
297 3.9326
298 5.6286
299 5.3002
300 2.0766
301 0.0000
302 2.6033
303 7.7865
304 8.3424
305 1.9339
306 16.8938
307 2.1532
308 0.0000
309 3.0511
310 1.8888
311 6.6296
312 1.7869
313 1.0735
314 -3.3345
315 0.0000
316 2.9637
317 5.9976
318 7.3964
319 6.2953
320 7.6816
321 10.5427
322 0.0000
323 -4.3017
324 5.9081
325 6.6642
326 10.0621
327 -3.4746
328 4.9974
329 0.0000
330 0.4388
331 8.0591
332 -1.8692
333 2.5186
334 -0.1033
335 -5.2824
336 0.0000
337 1.8331
338 0.8102
339 3.7269
340 8.2422
341 11.6063
342 4.9827
343 0.0000
344 7.8019
345 0.5306
346 4.3790
347 3.9777
348 4.8317
349 1.5663
350 0.0000
351 5.9566
352 8.9209
353 8.7864
354 0.7617
355 12.6580
356 3.6365
357 0.0000
358 0.5432
359 -5.3731
360 14.0298
361 6.8932
362 9.7990
363 5.2538
364 0.0000
365 3.7363
366 5.0712
367 7.3070
368 5.9641
369 5.6818
370 -7.5177
371 0.0000
372 -3.6186
373 -0.7100
374 0.8158
375 4.7312
376 4.1656
377 6.6572
378 0.0000
379 -0.6781
380 0.7458
381 4.3071
382 5.2903
383 2.5690
384 0.2660
385 0.0000
386 -2.1906
387 0.0000
388 2.5507
389 0.0000
390 2.3671
391 0.0000
392 2.0663
393 1.5016
394 0.0000
395 3.8462
396 6.2920
397 6.5780
398 3.2734
399 0.0000
400 -0.7577
401 7.9797
402 5.0892
403 0.0000
404 6.2723
405 5.5077
406 0.0187
407 0.0000
408 8.6748
409 0.1376
410 0.7896
411 -10.2244
412 5.6865
413 -4.5994
414 10.5233
415 5.3509
416 1.3850
417 0.0000
418 4.8265
419 3.7155
420 1.0522
421 5.4305
422 -7.5846
423 0.2857
424 0.0000
425 -4.3524
426 7.6576
427 9.8911
428 1.8887
429 -2.0872
430 11.9982
431 0.0000
432 -1.3077
433 14.7328
434 -4.8502
435 7.7362
436 4.0221
437 -0.3571
438 0.0000
439 3.6636
440 -5.3396
441 1.3555
442 6.9856
443 2.4151
444 -6.7303
445 0.0000
446 -0.4498
447 4.4559
448 2.8243
449 -2.5367
450 -1.1520
451 6.0352
452 0.0000
453 7.4131
454 4.2736
455 0.5650
456 3.5878
457 0.9919
458 2.7538
459 0.0000
460 -1.4692
461 4.4038
462 9.3335
463 8.3550
464 -5.0990
465 2.9721
466 0.0000
467 6.4091
468 1.0308
469 4.7347
470 1.7511
471 0.8565
472 5.9154
473 0.0000
474 -1.7960
475 4.5807
476 -0.2240
477 8.2468
478 -2.6150
479 0.5170
480 0.0000
481 2.6823
482 3.8675
483 4.0403
484 6.8745
485 5.3368
486 -4.8084
487 0.0000
488 -1.9349
489 3.8505
490 -0.5094
491 2.7024
492 6.1625
493 8.1793
494 0.0000
495 3.1242
496 -0.0727
497 0.0000
498 -0.7210
499 -3.4975
500 4.6766
501 2.3452
502 1.2335
503 4.3962
504 -0.1325
505 -3.7537
506 0.0000
507 4.9754
508 -6.5249
509 0.0000
510 -1.1439
511 2.1401
512 0.0000
513 7.5302
514 1.8086
515 0.0000
516 0.2398
517 8.1884
518 0.0000
519 5.7202
520 -1.0769
521 6.2011
522 0.0000
523 -1.8720
524 -1.9375
525 0.0000
526 3.7338
527 3.4845
528 2.2916
529 0.0000
530 4.0349
531 3.4433
532 0.0000
533 10.0461
534 6.4665
535 -1.1006
536 0.0000
537 -2.1641
538 18.9666
539 0.0000
540 10.7157
541 8.0014
542 3.1879
543 0.0000
544 3.0351
545 -1.4243
546 0.0000
547 4.2262
548 2.6727
549 4.0237
550 0.0000
551 1.1056
552 5.0021
553 0.0000
554 -3.5696
555 3.8571
556 4.6836
557 0.0000
558 -1.6761
559 2.0772
560 0.0000
561 4.7051
562 7.9579
563 2.7132
564 0.0000
565 -0.9825
566 3.5618
567 0.0000
568 8.2260
569 1.2110
570 -1.0801
571 0.0000
572 -0.1156
573 6.1686
574 0.0000
575 7.7831
576 4.5419
577 1.3469
578 0.0000
579 -7.1206
580 2.0405
581 0.0000
582 6.4911
583 7.1455
584 3.9398
585 0.0000
586 3.4327
587 -9.3677
588 0.0000
589 4.3503
590 4.4980
591 -6.3848
592 0.0000
593 3.9849
594 5.7937
595 0.0000
596 1.3875
597 7.7627
598 -3.8998
599 0.0000
600 1.7314
601 8.3519
602 0.0000
603 9.1606
604 6.1750
605 5.1925
606 0.0000
607 -4.9371
608 2.3791
609 0.0000
610 5.7991
611 7.0855
612 2.4047
613 0.0000
614 -7.2980
615 -1.2012
616 0.0000
617 -0.4579
618 2.8033
619 11.4370
620 0.0000
621 7.5393
622 0.1762
623 0.0000
624 7.1152
625 7.5697
626 -1.3872
627 0.0000
628 0.2411
629 0.0000
630 6.1071
631 0.0000
632 -2.1909
633 4.6371
634 0.0000
635 2.8989
636 0.0000
637 10.1058
638 0.0000
639 5.1425
640 3.9834
641 2.3589
642 0.0000
643 4.2907
644 -2.5594
645 1.9418
646 0.0000
647 5.2399
648 1.9761
649 6.2740
650 0.0000
651 2.5714
652 0.0000
653 -5.0803
654 0.0000
655 5.4020
656 10.2887
657 0.0000
658 8.8343
659 0.0000
660 -1.9723
661 -0.2227
662 -2.2756
663 8.3621
664 7.5193
665 0.7320
666 2.2095
667 7.1266
668 -0.4542
669 3.5194
670 2.0958
671 9.0188
672 -5.2357
673 6.7121
674 9.5246
675 4.6623
676 0.0000
677 1.1670
678 -2.4756
679 6.0584
680 -0.5305
681 -7.9328
682 4.8140
683 -0.4658
684 -0.4592
685 0.0000
686 5.5659
687 0.1148
688 4.2349
689 4.6103
690 5.8122
691 4.4356
692 0.0000
693 -2.1720
694 -1.0799
695 3.8778
696 0.0000
697 5.7407
698 0.6329
699 9.7981
700 1.2022
701 -1.2509
702 -0.7327
703 -4.3414
704 -0.2508
705 0.0000
706 2.9457
707 -1.7080
708 9.3231
709 5.3459
710 -0.0600
711 -3.9268
712 0.0000
713 5.8419
714 6.3457
715 -0.0121
716 0.0000
717 9.7407
718 -0.7835
719 2.9276
720 2.4321
721 -0.0896
722 -2.9639
723 1.5027
724 10.3517
725 0.0000
726 -1.5193
727 -3.3392
728 5.4733
729 1.7802
730 1.7427
731 9.0118
732 0.0000
733 8.9295
734 -6.9261
735 -0.6477
736 0.0000
737 5.7394
738 1.8961
739 1.1628
740 -1.2506
741 1.2972
742 -8.6237
743 3.4158
744 5.8718
745 0.0000
746 4.2573
747 8.3602
748 4.2330
749 0.8189
750 2.9119
751 3.8142
752 0.0000
753 -8.1919
754 -3.9821
755 -7.7012
756 5.9544
757 -5.6060
758 0.5892
759 11.4870
760 10.3397
761 8.4400
762 -0.4213
763 5.8588
764 -1.8783
765 6.9972
766 3.6559
767 0.0000
768 12.9719
769 1.1143
770 11.1536
771 -2.1328
772 -2.1332
773 -2.5748
774 11.0310
775 11.2248
776 0.0000
777 0.8883
778 6.9051
779 1.2227
780 11.6093
781 2.5747
782 5.3370
783 0.0000
784 -4.2949
785 6.0842
786 1.1467
787 0.0000
788 7.0790
789 -1.8886
790 2.3448
791 2.0832
792 3.9278
793 3.5677
794 4.0490
795 2.9594
796 0.0000
797 5.9293
798 0.3241
799 1.7672
800 10.9613
801 3.4540
802 2.9871
803 0.0000
804 -6.5070
805 2.2116
806 -0.0302
807 0.0000
808 -1.8701
809 0.8208
810 11.1228
811 3.1030
812 -0.9386
813 12.3913
814 -3.2243
815 -3.5693
816 0.0000
817 -1.3942
818 4.0071
819 2.3156
820 7.0115
821 -0.1911
822 -2.3243
823 0.0000
824 -6.7363
825 5.7569
826 1.8517
827 0.0000
828 1.8328
829 -5.6563
830 3.2363
831 5.0867
832 -0.9008
833 -1.4237
834 3.0174
835 9.7756
836 0.0000
837 0.1863
838 -3.5939
839 -10.8427
840 2.2556
841 -2.7543
842 0.0752
843 0.0000
844 0.4295
845 -1.7156
846 -3.6748
847 9.5493
848 4.5517
849 2.0787
850 3.8088
851 7.8449
852 4.0468
853 4.7343
854 2.7679
855 2.2929
856 4.0140
857 5.9673
858 0.0000
859 -1.4119
860 0.8532
861 5.7977
862 1.3758
863 -2.2528
864 7.1874
865 6.7286
866 15.8115
867 0.0000
868 7.5935
869 2.4284
870 4.7895
871 -3.5400
872 -0.0574
873 3.1095
874 0.0000
875 6.8372
876 9.6172
877 0.8693
878 0.0000
879 2.9938
880 2.7452
881 5.7973
882 -2.7119
883 -5.4869
884 -3.2651
885 -1.0349
886 5.7388
887 0.0000
888 3.2043
889 9.7806
890 -1.4612
891 -0.1025
892 0.3824
893 1.9667
894 0.0000
895 10.5772
896 1.6439
897 2.8896
898 0.0000
899 2.5764
900 -0.6437
901 2.8820
902 2.7098
903 7.1053
904 -4.6735
905 0.3390
906 5.5332
907 0.0000
908 7.1635
909 10.5851
910 4.0341
911 2.6209
912 3.1814
913 8.2509
914 0.0000
915 0.7741
916 5.9845
917 1.8573
918 0.0000
919 5.3859
920 8.8770
921 4.9122
922 0.7643
923 -4.4504
924 9.4050
925 2.4676
926 0.4647
927 0.0000
928 5.8404
929 10.5000
930 3.3235
931 -2.2549
932 9.2610
933 6.7763
934 0.0000
935 5.8463
936 4.5398
937 7.6774
938 12.2154
939 -1.9933
940 0.2875
941 0.5636
942 3.5897
943 2.3087
944 1.7947
945 0.4961
946 3.0687
947 -0.8248
948 6.9429
949 0.0000
950 6.5268
951 3.5249
952 3.9674
953 2.6989
954 1.7900
955 8.3457
956 8.8171
957 -1.1258
958 0.0000
959 5.1201
960 -1.5438
961 2.4337
962 4.8779
963 0.1139
964 5.5440
965 0.0000
966 -3.2897
967 8.4783
968 6.7402
969 0.0000
970 10.9204
971 -1.1519
972 5.7477
973 -0.7089
974 3.8867
975 4.8530
976 -0.6294
977 3.8600
978 0.0000
979 3.4824
980 4.8640
981 10.9243
982 6.0457
983 3.9233
984 7.6584
985 0.0000
986 2.6647
987 9.9486
988 0.6663
989 0.0000
990 6.6254
991 -4.9111
992 3.3376
993 4.9709
994 -1.6634
995 13.3216
996 8.3948
997 7.0940
998 0.0000
999 5.2283
1000 10.1553
1001 0.6519
1002 4.6468
1003 11.0617
1004 4.0185
1005 0.0000
1006 -0.3492
1007 5.7677
1008 5.6004
1009 0.0000
1010 0.3779
1011 -6.3812
1012 3.2677
1013 2.7344
1014 -0.5057
1015 -3.8455
1016 -4.9941
1017 7.9086
1018 0.0000
1019 10.0454
1020 -2.2339
1021 7.1237
1022 1.9814
1023 -4.6210
1024 -0.1447
1025 0.0000
1026 1.6819
1027 0.0000
1028 2.9107
1029 0.0000
1030 5.6885
1031 -0.0947
1032 9.3944
1033 7.4140
1034 10.5766
1035 8.8074
1036 -3.6040
1037 4.3776
1038 0.0000
1039 -0.9180
1040 6.1289
1041 7.4161
1042 2.2535
1043 1.2244
1044 8.9117
1045 0.0000
1046 -5.8236
1047 4.9040
1048 2.4661
1049 8.8812
1050 7.2061
1051 6.3912
1052 0.0000
1053 0.7359
1054 -6.2763
1055 5.9390
1056 3.9401
1057 4.4927
1058 3.4108
1059 0.0000
1060 -0.2583
1061 9.4655
1062 6.7811
1063 -2.1611
1064 11.1775
1065 3.1860
1066 0.0000
1067 -1.3619
1068 4.8301
1069 1.8720
1070 5.9765
1071 2.1674
1072 4.2694
1073 0.0000
1074 1.1622
1075 -6.5156
1076 -0.3551
1077 7.4676
1078 11.7305
1079 -4.3336
1080 0.0000
1081 -2.4452
1082 -1.7574
1083 1.3403
1084 -0.1244
1085 0.2981
1086 1.2322
1087 0.0000
1088 0.6931
1089 -4.1996
1090 2.2486
1091 -6.5692
1092 2.2068
1093 12.1787
1094 0.0000
1095 -1.5574
1096 -6.7097
1097 0.4456
1098 7.4334
1099 -1.0239
1100 0.4265
1101 0.0000
1102 -2.8748
1103 5.9166
1104 5.3066
1105 11.8258
1106 3.8802
1107 3.6442
1108 0.0000
1109 -1.6472
1110 7.0471
1111 2.0596
1112 4.0091
1113 8.1807
1114 -1.0659
1115 0.0000
1116 0.7938
1117 13.5312
1118 3.7336
1119 8.1685
1120 4.4087
1121 10.7535
1122 0.0000
1123 5.2232
1124 7.9593
1125 12.8425
1126 5.2153
1127 8.5519
1128 6.8867
1129 0.0000
1130 -0.6399
1131 11.9954
1132 3.6850
1133 1.8162
1134 4.7590
1135 8.7324
1136 0.0000
1137 7.3336
1138 1.8595
1139 7.7642
1140 4.0919
1141 5.9567
1142 5.3293
1143 0.0000
1144 2.7267
1145 0.0000
1146 -3.0277
1147 0.0000
1148 4.6397
1149 0.0000
1150 2.3215
1151 -0.3309
1152 0.0000
1153 6.3734
1154 -1.3313
1155 2.0708
1156 -3.1390
1157 0.0000
1158 9.7182
1159 8.8863
1160 -2.0923
1161 0.0000
1162 -2.9856
1163 4.3354
1164 2.2003
1165 0.0000
1166 7.2741
1167 7.2384
1168 -2.2879
1169 1.4249
1170 5.9652
1171 8.9336
1172 -0.0360
1173 1.6771
1174 8.2093
1175 0.0000
1176 -1.1863
1177 5.5190
1178 12.0189
1179 3.9687
1180 2.3563
1181 4.9140
1182 0.0000
1183 -0.0032
1184 7.5538
1185 -2.5280
1186 8.3341
1187 -2.0003
1188 0.9409
1189 0.0000
1190 7.0843
1191 2.8742
1192 -1.5681
1193 6.1649
1194 -9.3142
1195 3.0581
1196 0.0000
1197 -2.3812
1198 2.3568
1199 8.2244
1200 4.7558
1201 -0.5022
1202 -2.0395
1203 0.0000
1204 1.7321
1205 0.1625
1206 7.3877
1207 0.2500
1208 5.6472
1209 5.8473
1210 0.0000
1211 -2.7016
1212 1.5760
1213 4.2978
1214 2.9688
1215 1.1184
1216 4.2395
1217 0.0000
1218 8.9578
1219 3.6365
1220 8.6668
1221 4.3497
1222 4.8352
1223 -0.4234
1224 0.0000
1225 6.7076
1226 4.1899
1227 14.7899
1228 9.3015
1229 5.5418
1230 -1.1787
1231 0.0000
1232 -5.4315
1233 5.1725
1234 2.1650
1235 5.3251
1236 8.0137
1237 4.7409
1238 0.0000
1239 1.6729
1240 6.1515
1241 14.2110
1242 6.5369
1243 4.0977
1244 8.7136
1245 0.0000
1246 0.9560
1247 -2.0540
1248 6.1204
1249 3.0853
1250 9.4079
1251 -7.9491
1252 0.0000
1253 -1.5867
1254 2.9718
1255 0.0000
1256 9.6406
1257 -4.8882
1258 2.9439
1259 -0.4248
1260 7.4329
1261 -3.3056
1262 -3.0431
1263 -5.3645
1264 0.0000
1265 -1.4393
1266 -2.0993
1267 0.0000
1268 8.0132
1269 0.0000
1270 4.3601
1271 0.0000
1272 0.5705
1273 4.5160
1274 0.0000
1275 5.6491
1276 0.0970
1277 0.0000
1278 1.8676
1279 1.1345
1280 -0.8374
1281 0.0000
1282 4.8075
1283 -1.1435
1284 0.0000
1285 3.2243
1286 2.5192
1287 8.4669
1288 0.0000
1289 10.9011
1290 7.3448
1291 0.0000
1292 5.4285
1293 -0.1435
1294 1.9473
1295 0.0000
1296 -4.9379
1297 -2.7714
1298 0.0000
1299 6.5818
1300 10.1256
1301 3.5808
1302 0.0000
1303 1.7487
1304 10.9319
1305 0.0000
1306 9.7680
1307 5.8679
1308 3.6251
1309 0.0000
1310 1.2570
1311 4.1913
1312 0.0000
1313 -1.1151
1314 5.3655
1315 0.9559
1316 0.0000
1317 -2.0262
1318 5.1447
1319 0.0000
1320 5.7541
1321 11.1615
1322 -5.3711
1323 0.0000
1324 3.8592
1325 2.9260
1326 0.0000
1327 15.1782
1328 1.2815
1329 0.5373
1330 0.0000
1331 0.7523
1332 -0.7371
1333 0.0000
1334 4.4781
1335 11.7668
1336 6.1889
1337 0.0000
1338 7.3727
1339 -2.0952
1340 0.0000
1341 -2.5285
1342 -2.5648
1343 3.5677
1344 0.0000
1345 4.6955
1346 2.1422
1347 0.0000
1348 1.4386
1349 2.7357
1350 8.6168
1351 0.0000
1352 0.5685
1353 1.4448
1354 0.0000
1355 3.8962
1356 6.6767
1357 8.1237
1358 0.0000
1359 13.5903
1360 4.0888
1361 0.0000
1362 12.2994
1363 8.4753
1364 2.0879
1365 0.0000
1366 -5.5916
1367 1.4304
1368 0.0000
1369 5.6181
1370 9.4311
1371 5.4501
1372 0.0000
1373 1.4899
1374 2.7272
1375 0.0000
1376 5.9306
1377 2.8861
1378 5.3462
1379 0.0000
1380 1.9793
1381 0.3047
1382 0.0000
1383 7.5207
1384 6.3526
1385 0.6620
1386 0.0000
1387 -0.9007
1388 0.0000
1389 7.1321
1390 0.0000
1391 0.3937
1392 -3.5631
1393 0.0000
1394 6.6501
1395 0.0000
1396 9.2744
1397 0.0000
1398 6.3030
1399 -3.7039
1400 5.8434
1401 0.0000
1402 6.9423
1403 5.3447
1404 6.2632
1405 0.0000
1406 3.7396
1407 2.4156
1408 10.3668
1409 0.0000
1410 2.3077
1411 0.0000
1412 -0.1247
1413 0.0000
1414 11.4350
1415 -0.3240
1416 0.0000
1417 -0.1629
1418 0.0000
1419 -3.7912
1420 1.0928
1421 -5.8232
1422 2.9365
1423 3.2898
1424 8.3252
1425 -3.4329
1426 5.5725
1427 2.3253
1428 6.9811
1429 8.3470
1430 12.6316
1431 1.1327
1432 2.8219
1433 6.8798
1434 1.7848
1435 0.0000
1436 3.7195
1437 0.0036
1438 4.3198
1439 5.3760
1440 -2.4141
1441 4.8158
1442 3.1205
1443 9.2940
1444 0.0000
1445 11.5676
1446 6.0934
1447 2.7899
1448 8.8033
1449 3.0138
1450 4.8228
1451 0.0000
1452 4.4452
1453 7.8228
1454 0.8638
1455 0.0000
1456 7.6040
1457 0.6851
1458 -4.7597
1459 1.1973
1460 -0.8843
1461 5.7579
1462 2.7744
1463 7.1860
1464 0.0000
1465 5.1921
1466 3.2372
1467 3.3973
1468 6.0647
1469 3.4164
1470 0.3317
1471 0.0000
1472 -1.4453
1473 2.9955
1474 5.6523
1475 0.0000
1476 5.4718
1477 -10.1152
1478 8.9011
1479 8.9868
1480 -5.1297
1481 4.2883
1482 0.6361
1483 6.2024
1484 0.0000
1485 4.7683
1486 2.2266
1487 -2.9440
1488 -0.2637
1489 -0.5770
1490 -0.2011
1491 0.0000
1492 -1.1569
1493 10.0548
1494 9.2174
1495 0.0000
1496 3.1097
1497 5.8639
1498 1.4978
1499 4.9134
1500 -1.8261
1501 -2.2556
1502 0.3100
1503 10.1412
1504 0.0000
1505 4.8209
1506 -6.0609
1507 -4.8740
1508 -6.9538
1509 17.0800
1510 2.2635
1511 0.0000
1512 -8.4579
1513 1.5567
1514 5.5211
1515 3.6992
1516 8.1877
1517 -3.8714
1518 6.1047
1519 1.1143
1520 2.6897
1521 12.2359
1522 7.5505
1523 2.5684
1524 -2.9796
1525 3.3293
1526 0.0000
1527 -0.2188
1528 -7.7593
1529 2.8845
1530 -0.3173
1531 -1.2344
1532 11.5856
1533 -2.8276
1534 2.5120
1535 0.0000
1536 2.8030
1537 6.4881
1538 7.9060
1539 5.7096
1540 2.4322
1541 6.8740
1542 0.0000
1543 -3.0224
1544 6.8791
1545 -1.0420
1546 0.0000
1547 5.4147
1548 -0.4495
1549 1.9388
1550 -0.9843
1551 -2.2946
1552 6.6202
1553 -3.2083
1554 4.0929
1555 0.0000
1556 3.5727
1557 8.4252
1558 9.7755
1559 5.2173
1560 1.2021
1561 10.5784
1562 0.0000
1563 2.6669
1564 -0.2326
1565 -3.4865
1566 0.0000
1567 -0.9255
1568 1.8563
1569 -2.8645
1570 0.9411
1571 -0.4634
1572 4.1365
1573 6.8255
1574 4.7554
1575 0.0000
1576 7.9034
1577 0.2290
1578 3.2031
1579 3.5888
1580 7.9476
1581 -5.1671
1582 0.0000
1583 -4.6928
1584 -1.0174
1585 5.6920
1586 0.0000
1587 -0.8072
1588 -2.5911
1589 9.8020
1590 0.9516
1591 -4.9331
1592 1.9686
1593 6.5895
1594 8.9755
1595 0.0000
1596 9.4894
1597 1.0405
1598 10.0867
1599 9.9688
1600 3.6275
1601 2.4764
1602 0.0000
1603 3.5439
1604 9.8919
1605 9.1477
1606 2.9540
1607 8.4493
1608 8.9694
1609 5.7239
1610 0.4381
1611 -2.2221
1612 2.6835
1613 6.7196
1614 8.0347
1615 13.3828
1616 5.6822
1617 0.0000
1618 5.6003
1619 6.0165
1620 9.4519
1621 4.5632
1622 3.6034
1623 2.0657
1624 6.5752
1625 10.4507
1626 0.0000
1627 3.0207
1628 2.4748
1629 9.4990
1630 2.7974
1631 5.1214
1632 5.2588
1633 0.0000
1634 -2.8258
1635 8.4426
1636 4.7572
1637 0.0000
1638 6.6534
1639 -4.5039
1640 15.2008
1641 12.1223
1642 -2.9316
1643 7.3887
1644 -0.1990
1645 1.8565
1646 0.0000
1647 12.8295
1648 -0.8957
1649 0.7313
1650 -1.7100
1651 1.7071
1652 4.4548
1653 0.0000
1654 -6.4486
1655 4.1781
1656 1.3043
1657 0.0000
1658 7.0333
1659 -4.1701
1660 6.5272
1661 6.7767
1662 -0.8841
1663 13.1291
1664 2.7299
1665 5.8924
1666 0.0000
1667 -3.7716
1668 10.7640
1669 2.0060
1670 9.8118
1671 8.1817
1672 1.9670
1673 0.0000
1674 -4.1829
1675 2.9863
1676 8.0276
1677 0.0000
1678 3.5958
1679 0.8965
1680 -0.7075
1681 7.3024
1682 -4.2000
1683 -2.9401
1684 -2.9792
1685 4.1260
1686 0.0000
1687 9.4996
1688 0.0452
1689 6.4784
1690 5.0347
1691 0.5307
1692 12.9871
1693 0.0000
1694 5.5895
1695 2.7621
1696 10.7422
1697 4.3137
1698 8.2432
1699 10.0517
1700 9.0307
1701 4.4349
1702 1.2217
1703 5.9252
1704 8.4200
1705 2.4570
1706 9.3460
1707 -0.7295
1708 0.0000
1709 3.7464
1710 -1.0142
1711 -1.6680
1712 4.1085
1713 7.0000
1714 6.3330
1715 0.8933
1716 2.5507
1717 0.0000
1718 10.3417
1719 6.0740
1720 7.0448
1721 5.2546
1722 8.1787
1723 7.0380
1724 0.0000
1725 10.9159
1726 2.1272
1727 -1.1985
1728 0.0000
1729 -5.0501
1730 4.8311
1731 6.3758
1732 3.7289
1733 0.5743
1734 4.6340
1735 6.7597
1736 5.4276
1737 0.0000
1738 5.8795
1739 6.1406
1740 3.6860
1741 0.3930
1742 2.7174
1743 6.3741
1744 0.0000
1745 -4.4153
1746 -0.7870
1747 3.5312
1748 0.0000
1749 4.2347
1750 -0.1176
1751 7.0559
1752 6.6836
1753 2.6099
1754 1.9636
1755 -3.7619
1756 8.4990
1757 0.0000
1758 6.7129
1759 0.7672
1760 1.0901
1761 -3.1696
1762 7.1172
1763 4.1542
1764 0.0000
1765 5.1656
1766 1.7477
1767 5.8007
1768 0.0000
1769 10.6569
1770 -0.6369
1771 6.8775
1772 3.0177
1773 -3.3959
1774 -0.8579
1775 0.2235
1776 3.5883
1777 0.0000
1778 17.4755
1779 9.3758
1780 5.1458
1781 3.2632
1782 7.3394
1783 2.8609
1784 0.0000
1785 5.1186
1786 0.0000
1787 2.5594
1788 0.0000
1789 -2.1425
1790 8.1503
1791 4.5154
1792 9.2008
1793 2.6368
1794 -1.5754
1795 4.5677
1796 4.5887
1797 0.0000
1798 1.3340
1799 1.6196
1800 2.8731
1801 5.0242
1802 4.0216
1803 6.4134
1804 0.0000
1805 1.2582
1806 3.6127
1807 8.1170
1808 1.5940
1809 -0.5967
1810 3.6810
1811 0.0000
1812 5.1138
1813 3.2679
1814 10.1481
1815 1.3407
1816 8.9766
1817 -3.2848
1818 0.0000
1819 2.4242
1820 10.8299
1821 -2.2191
1822 -2.7494
1823 5.9575
1824 3.8731
1825 0.0000
1826 -2.6308
1827 8.4949
1828 9.0999
1829 1.8437
1830 2.8173
1831 4.9118
1832 0.0000
1833 -0.8214
1834 2.7318
1835 0.6449
1836 -3.6371
1837 2.5303
1838 0.2676
1839 0.0000
1840 -1.5236
1841 11.5185
1842 -2.4982
1843 7.2046
1844 1.5801
1845 4.8042
1846 0.0000
1847 2.4099
1848 5.4745
1849 3.9298
1850 4.5763
1851 3.2545
1852 3.7137
1853 0.0000
1854 4.4735
1855 3.0943
1856 1.3351
1857 3.0901
1858 5.7168
1859 2.4797
1860 0.0000
1861 1.5474
1862 3.3181
1863 4.5775
1864 0.9788
1865 2.2902
1866 1.3775
1867 0.0000
1868 3.7495
1869 8.0860
1870 0.8680
1871 1.8781
1872 3.5494
1873 2.1701
1874 0.0000
1875 4.4946
1876 9.7957
1877 1.9380
1878 -1.5230
1879 5.9389
1880 -1.2903
1881 0.0000
1882 -2.2484
1883 -4.2963
1884 7.7771
1885 -2.1799
1886 2.9767
1887 -0.0950
1888 0.0000
1889 -0.8973
1890 7.7334
1891 -0.0480
1892 -9.4384
1893 6.0632
1894 5.8320
1895 0.0000
1896 -0.3119
1897 4.7065
1898 11.0596
1899 5.9306
1900 7.1675
1901 8.1836
1902 0.0000
1903 2.4775
1904 0.0000
1905 2.8233
1906 0.0000
1907 -0.6819
1908 0.0000
1909 1.2622
1910 2.4684
1911 0.0000
1912 7.8910
1913 -1.3374
1914 6.1689
1915 7.1485
1916 0.0000
1917 5.3008
1918 -3.5210
1919 14.3325
1920 0.0000
1921 4.7392
1922 -4.9083
1923 2.9677
1924 0.0000
1925 10.2758
1926 9.2190
1927 -0.0498
1928 -3.3253
1929 3.4298
1930 2.6644
1931 0.5640
1932 5.9090
1933 3.6547
1934 0.0000
1935 7.9527
1936 -7.6177
1937 -0.1315
1938 0.8374
1939 0.2564
1940 -2.9683
1941 0.0000
1942 -1.1605
1943 6.6468
1944 6.3168
1945 3.9326
1946 10.5034
1947 5.1441
1948 0.0000
1949 -0.0413
1950 9.2090
1951 4.5700
1952 8.7157
1953 -0.5409
1954 4.7936
1955 0.0000
1956 2.1986
1957 -0.8209
1958 4.7087
1959 8.4373
1960 -1.9707
1961 0.9166
1962 0.0000
1963 4.6279
1964 4.1160
1965 3.1378
1966 3.3491
1967 -2.1295
1968 2.5308
1969 0.0000
1970 3.0589
1971 11.7995
1972 4.9789
1973 9.6424
1974 6.1448
1975 4.9263
1976 0.0000
1977 4.4966
1978 10.0860
1979 2.4001
1980 0.7510
1981 -3.5459
1982 2.2736
1983 0.0000
1984 -2.5269
1985 4.3406
1986 -0.5027
1987 2.3559
1988 -2.7936
1989 -6.4709
1990 0.0000
1991 -2.4155
1992 5.4874
1993 3.4024
1994 7.3732
1995 4.1296
1996 6.4190
1997 0.0000
1998 1.0511
1999 7.6457
2000 7.4581
2001 -0.0837
2002 4.2209
2003 5.0575
2004 0.0000
2005 0.3019
2006 -4.8035
2007 8.1771
2008 7.2410
2009 4.4780
2010 5.7257
2011 0.0000
2012 -2.6605
2013 4.4406
2014 0.0000
2015 2.1357
2016 -0.1391
2017 4.0381
2018 -3.6292
2019 -0.0040
2020 -0.7111
2021 0.0461
2022 1.6432
2023 0.0000
2024 2.9675
2025 0.0594
2026 0.0000
2027 -1.2990
2028 0.0000
2029 5.4018
2030 0.0000
2031 -5.3043
2032 -7.7238
2033 0.0000
2034 -2.5170
2035 4.3450
2036 0.0000
2037 3.2572
2038 0.4076
2039 4.7026
2040 0.0000
2041 -0.4288
2042 4.8596
2043 0.0000
2044 3.7138
2045 7.8556
2046 2.2053
2047 0.0000
2048 -0.0097
2049 1.7447
2050 0.0000
2051 9.4851
2052 3.5000
2053 4.2260
2054 0.0000
2055 -1.9561
2056 6.3306
2057 0.0000
2058 -1.3039
2059 3.0862
2060 7.4411
2061 0.0000
2062 1.7157
2063 1.3566
2064 0.0000
2065 -1.8862
2066 -0.1470
2067 4.7280
2068 0.0000
2069 -1.0456
2070 0.9240
2071 0.0000
2072 0.9371
2073 7.9345
2074 6.9365
2075 0.0000
2076 -1.0036
2077 -4.3884
2078 0.0000
2079 0.5492
2080 4.1678
2081 4.0613
2082 0.0000
2083 1.4007
2084 2.8568
2085 0.0000
2086 11.0252
2087 5.6500
2088 5.6124
2089 0.0000
2090 -2.6645
2091 9.5035
2092 0.0000
2093 7.2382
2094 2.7057
2095 7.7591
2096 0.0000
2097 4.5318
2098 -0.1121
2099 0.0000
2100 3.8086
2101 -3.7618
2102 5.8072
2103 0.0000
2104 0.2484
2105 7.1166
2106 0.0000
2107 -4.7356
2108 -0.5059
2109 8.1189
2110 0.0000
2111 4.2047
2112 0.1750
2113 0.0000
2114 1.4171
2115 7.4294
2116 2.3187
2117 0.0000
2118 -1.6162
2119 4.7868
2120 0.0000
2121 7.5540
2122 -0.2884
2123 2.6906
2124 0.0000
2125 -2.1147
2126 -0.4849
2127 0.0000
2128 4.4598
2129 1.0169
2130 5.0533
2131 0.0000
2132 -4.9901
2133 5.4231
2134 0.0000
2135 9.3613
2136 4.1324
2137 6.2103
2138 0.0000
2139 7.3247
2140 8.6804
2141 0.0000
2142 -0.7737
2143 9.9731
2144 3.0203
2145 0.0000
2146 0.6716
2147 0.0000
2148 2.6688
2149 0.0000
2150 -1.4209
2151 1.8704
2152 0.0000
2153 9.2302
2154 0.0000
2155 4.1429
2156 0.0000
2157 6.5660
2158 13.9755
2159 -2.4704
2160 0.0000
2161 6.1511
2162 4.8881
2163 0.0179
2164 0.0000
2165 4.7518
2166 2.8569
2167 2.8060
2168 0.0000
2169 0.3674
2170 0.0000
2171 0.3099
2172 0.0000
2173 9.8247
2174 0.3806
2175 0.0000
2176 6.3500
2177 0.0000
2178 8.0477
2179 1.7192
2180 10.8008
2181 6.2575
2182 2.4928
2183 -1.3944
2184 -1.4139
2185 6.4672
2186 11.0814
2187 7.0260
2188 9.9381
2189 0.5561
2190 6.6401
2191 1.2309
2192 8.0100
2193 0.6190
2194 0.0000
2195 -0.2999
2196 5.7869
2197 0.3845
2198 4.7095
2199 -5.0488
2200 5.3636
2201 2.0432
2202 4.6378
2203 0.0000
2204 7.8771
2205 4.8037
2206 5.8353
2207 3.1146
2208 5.3250
2209 1.9181
2210 0.0000
2211 -1.3221
2212 11.8038
2213 1.9253
2214 0.0000
2215 5.0415
2216 -0.5599
2217 2.7126
2218 3.1382
2219 -7.0008
2220 0.7644
2221 6.7830
2222 7.3400
2223 0.0000
2224 9.4336
2225 1.3573
2226 -6.0348
2227 2.8745
2228 -2.0806
2229 5.5608
2230 0.0000
2231 3.4485
2232 3.3021
2233 3.3704
2234 0.0000
2235 9.5347
2236 6.0656
2237 0.2720
2238 2.6937
2239 6.5805
2240 -2.9413
2241 -10.2655
2242 2.4793
2243 0.0000
2244 5.1506
2245 4.0668
2246 1.0104
2247 4.1576
2248 7.4499
2249 5.3973
2250 0.0000
2251 -5.2685
2252 -1.1620
2253 -8.8126
2254 0.0000
2255 11.7297
2256 -5.1588
2257 2.8803
2258 -0.2763
2259 2.4632
2260 9.9998
2261 7.3860
2262 9.5616
2263 0.0000
2264 4.3845
2265 1.2264
2266 5.3732
2267 -4.1424
2268 -0.4744
2269 -0.1047
2270 0.0000
2271 7.0037
2272 0.1736
2273 0.2135
2274 0.1338
2275 1.8543
2276 3.6498
2277 6.7401
2278 -0.2860
2279 1.4207
2280 -2.3642
2281 3.4205
2282 3.0628
2283 2.5284
2284 4.5967
2285 0.0000
2286 0.3912
2287 1.9102
2288 1.1909
2289 8.7544
2290 -2.6404
2291 -11.3182
2292 2.5977
2293 -2.1895
2294 0.0000
2295 3.7161
2296 4.1951
2297 -1.2185
2298 4.3144
2299 -1.6626
2300 2.6020
2301 0.0000
2302 2.2018
2303 9.3792
2304 4.8178
2305 0.0000
2306 3.2492
2307 0.9005
2308 1.5552
2309 4.5075
2310 1.0251
2311 4.9907
2312 2.8987
2313 2.0342
2314 0.0000
2315 10.1114
2316 1.8215
2317 2.3320
2318 4.6415
2319 10.7231
2320 6.1000
2321 0.0000
2322 4.7313
2323 6.0069
2324 11.2258
2325 0.0000
2326 2.8501
2327 -2.4199
2328 7.1101
2329 8.5663
2330 -4.2407
2331 0.2583
2332 -6.2637
2333 6.7142
2334 0.0000
2335 10.7113
2336 -2.7511
2337 0.3793
2338 0.7930
2339 3.0859
2340 -6.5175
2341 0.0000
2342 -2.9581
2343 1.9595
2344 5.4013
2345 0.0000
2346 4.3424
2347 -3.4232
2348 -1.5792
2349 -0.5302
2350 1.9911
2351 8.7151
2352 6.9959
2353 5.4687
2354 0.0000
2355 4.2411
2356 9.0054
2357 7.7492
2358 10.5230
2359 5.1423
2360 2.7828
2361 0.0000
2362 4.3480
2363 6.6385
2364 6.8034
2365 -2.4627
2366 7.7126
2367 6.6241
2368 3.9567
2369 4.9628
2370 7.1831
2371 7.7512
2372 4.0305
2373 -2.0636
2374 5.6652
2375 1.9762
2376 0.0000
2377 -3.3948
2378 -4.1590
2379 -2.7847
2380 -0.2633
2381 -1.7106
2382 4.7279
2383 6.7938
2384 2.7889
2385 0.0000
2386 4.8896
2387 8.0532
2388 -4.4241
2389 5.2277
2390 -1.3086
2391 2.2143
2392 0.0000
2393 1.8859
2394 9.9050
2395 2.2918
2396 0.0000
2397 0.2442
2398 6.5427
2399 11.9403
2400 7.9608
2401 4.1234
2402 9.3199
2403 -2.5139
2404 5.9746
2405 0.0000
2406 0.4954
2407 4.0773
2408 4.6164
2409 1.8667
2410 4.8921
2411 1.5433
2412 0.0000
2413 4.6668
2414 3.6544
2415 -2.2273
2416 0.0000
2417 9.4768
2418 0.8864
2419 6.6125
2420 2.4892
2421 -1.3031
2422 0.7024
2423 3.2210
2424 4.1065
2425 0.0000
2426 6.1508
2427 7.9560
2428 -1.7518
2429 4.7752
2430 0.7977
2431 8.1833
2432 0.0000
2433 1.9614
2434 0.5689
2435 8.1135
2436 0.0000
2437 3.5107
2438 -4.0449
2439 2.0506
2440 6.8048
2441 6.4003
2442 11.7326
2443 -1.1683
2444 -2.0352
2445 0.0000
2446 5.7824
2447 -6.9124
2448 10.3873
2449 13.7282
2450 0.1591
2451 8.1731
2452 0.0000
2453 2.6474
2454 4.6918
2455 8.4722
2456 -1.7641
2457 7.4436
2458 3.8244
2459 11.6623
2460 -3.6322
2461 -4.4205
2462 1.2266
2463 2.3225
2464 -4.1069
2465 1.0558
2466 9.1068
2467 0.0000
2468 7.1463
2469 0.8354
2470 7.8650
2471 12.1993
2472 -7.1479
2473 1.9374
2474 -8.2768
2475 5.7385
2476 0.0000
2477 3.0123
2478 2.0384
2479 0.9328
2480 5.0914
2481 5.4015
2482 -0.2718
2483 0.0000
2484 10.9512
2485 -0.1866
2486 11.2482
2487 0.0000
2488 12.9227
2489 0.5489
2490 9.2598
2491 10.3939
2492 -0.1253
2493 12.1765
2494 1.4371
2495 -0.0921
2496 0.0000
2497 8.9414
2498 2.2073
2499 1.9260
2500 8.2729
2501 2.2219
2502 7.2771
2503 0.0000
2504 -3.1869
2505 1.0482
2506 6.0916
2507 0.0000
2508 5.5502
2509 0.7593
2510 16.0235
2511 4.3099
2512 -3.1412
2513 4.7468
2514 2.7924
2515 -0.9805
2516 0.0000
2517 7.9097
2518 -0.5255
2519 2.8679
2520 1.9987
2521 7.6675
2522 0.2357
2523 0.0000
2524 2.7068
2525 3.2091
2526 -1.5601
2527 0.0000
2528 9.6872
2529 1.0806
2530 -0.4723
2531 11.2703
2532 -1.4621
2533 -4.5451
2534 -3.6703
2535 12.6270
2536 0.0000
2537 9.3545
2538 -0.2935
2539 5.6852
2540 -5.8040
2541 -2.6288
2542 5.4735
2543 0.0000
2544 -2.3728
2545 0.0000
2546 -1.5202
2547 0.0000
2548 5.3001
2549 8.2528
2550 -0.1540
2551 5.2456
2552 -1.8452
2553 9.2246
2554 -1.7693
2555 1.4190
2556 0.0000
2557 -1.6621
2558 1.6902
2559 -3.3936
2560 0.6204
2561 -2.5937
2562 4.5735
2563 0.0000
2564 6.9692
2565 7.4735
2566 5.0835
2567 5.7231
2568 -0.0443
2569 5.9109
2570 0.0000
2571 -2.8047
2572 7.8232
2573 11.1595
2574 3.7892
2575 7.6006
2576 0.0541
2577 0.0000
2578 3.6703
2579 -0.4392
2580 5.7499
2581 -1.0972
2582 7.4428
2583 4.4260
2584 0.0000
2585 1.5819
2586 0.2287
2587 3.6859
2588 5.3587
2589 4.4237
2590 1.2987
2591 0.0000
2592 -12.7964
2593 0.4129
2594 4.4080
2595 7.4110
2596 8.3411
2597 10.0593
2598 0.0000
2599 5.7364
2600 4.9070
2601 3.5694
2602 2.0577
2603 -1.6438
2604 -2.0355
2605 0.0000
2606 0.8840
2607 -1.6197
2608 -1.2201
2609 -1.2237
2610 8.7341
2611 -2.9862
2612 0.0000
2613 2.9956
2614 -0.0618
2615 0.4545
2616 -1.0890
2617 1.4394
2618 3.1139
2619 0.0000
2620 -5.2660
2621 1.6248
2622 2.2911
2623 1.4541
2624 15.0567
2625 -2.9411
2626 0.0000
2627 5.3937
2628 2.7235
2629 10.5790
2630 7.9724
2631 -0.2842
2632 3.2321
2633 0.0000
2634 -3.1245
2635 2.2432
2636 9.2636
2637 4.7556
2638 9.7436
2639 4.9202
2640 0.0000
2641 8.0044
2642 3.3702
2643 6.8294
2644 4.9316
2645 5.9353
2646 -2.7743
2647 0.0000
2648 -1.4843
2649 5.1209
2650 2.2054
2651 -2.9527
2652 5.4515
2653 12.7772
2654 0.0000
2655 4.7801
2656 0.0767
2657 5.7812
2658 13.6559
2659 -0.7243
2660 -2.9012
2661 0.0000
2662 -5.7846
2663 0.0000
2664 8.3667
2665 0.0000
2666 2.3460
2667 0.0000
2668 0.8194
2669 -0.7613
2670 0.0000
2671 4.9145
2672 7.8059
2673 11.4722
2674 5.2754
2675 0.0000
2676 5.3269
2677 -1.6551
2678 9.7124
2679 0.0000
2680 11.7142
2681 8.3327
2682 4.0050
2683 0.0000
2684 -11.0777
2685 -6.3284
2686 2.1392
2687 2.1470
2688 2.5964
2689 4.7666
2690 0.9550
2691 2.1838
2692 5.6802
2693 0.0000
2694 0.0497
2695 -0.7264
2696 2.4101
2697 0.1411
2698 -1.2170
2699 -2.4291
2700 0.0000
2701 0.5787
2702 4.8492
2703 3.1808
2704 1.7340
2705 7.9332
2706 7.8136
2707 0.0000
2708 1.4147
2709 5.2369
2710 10.1083
2711 12.0086
2712 0.8174
2713 2.9608
2714 0.0000
2715 5.4075
2716 5.0120
2717 5.2291
2718 6.2840
2719 6.3714
2720 5.0976
2721 0.0000
2722 2.0982
2723 1.0471
2724 0.8471
2725 6.0478
2726 3.7902
2727 1.8212
2728 0.0000
2729 2.1569
2730 9.9688
2731 -0.1366
2732 -4.4224
2733 1.8406
2734 0.1013
2735 0.0000
2736 8.2908
2737 3.1347
2738 2.7068
2739 0.8542
2740 -0.6011
2741 7.5806
2742 0.0000
2743 4.4036
2744 7.5644
2745 7.3772
2746 -0.2482
2747 3.7257
2748 5.0312
2749 0.0000
2750 -3.2160
2751 2.6200
2752 5.0242
2753 0.7936
2754 -0.4899
2755 11.7956
2756 0.0000
2757 -7.4423
2758 7.1678
2759 2.5233
2760 7.8268
2761 0.5878
2762 5.4711
2763 0.0000
2764 -4.0915
2765 8.9890
2766 1.0477
2767 -0.9381
2768 0.7538
2769 5.2631
2770 0.0000
2771 -0.5814
2772 -2.0986
2773 0.0000
2774 5.2380
2775 -4.7751
2776 -4.6596
2777 1.1498
2778 2.5254
2779 -0.5548
2780 6.2284
2781 3.4771
2782 0.0000
2783 6.0497
2784 3.0749
2785 0.0000
2786 3.4000
2787 0.0000
2788 -4.1379
2789 0.0000
2790 -0.9437
2791 -1.3885
2792 0.0000
2793 0.8338
2794 -0.9445
2795 0.0000
2796 11.3197
2797 5.7651
2798 -2.1645
2799 0.0000
2800 -1.8424
2801 9.3292
2802 0.0000
2803 -0.9057
2804 -0.6528
2805 -1.5143
2806 0.0000
2807 -0.7224
2808 5.0590
2809 0.0000
2810 1.4699
2811 -1.7340
2812 -1.8162
2813 0.0000
2814 1.9793
2815 9.2868
2816 0.0000
2817 1.0557
2818 0.4558
2819 3.9404
2820 0.0000
2821 -1.3364
2822 6.9236
2823 0.0000
2824 5.2398
2825 3.5813
2826 0.5155
2827 0.0000
2828 1.7235
2829 0.1990
2830 0.0000
2831 4.3830
2832 -4.8071
2833 -0.1606
2834 0.0000
2835 1.4026
2836 3.8888
2837 0.0000
2838 2.9732
2839 -0.8256
2840 0.9950
2841 0.0000
2842 7.1731
2843 4.1250
2844 0.0000
2845 7.8660
2846 9.2554
2847 4.1526
2848 0.0000
2849 0.3456
2850 -0.3202
2851 0.0000
2852 11.1168
2853 -2.5991
2854 -1.1000
2855 0.0000
2856 -1.4947
2857 7.4800
2858 0.0000
2859 3.2809
2860 10.5523
2861 7.7160
2862 0.0000
2863 1.2359
2864 9.0013
2865 0.0000
2866 0.3173
2867 7.1273
2868 6.4025
2869 0.0000
2870 -2.2084
2871 0.1245
2872 0.0000
2873 1.9462
2874 14.9171
2875 4.4651
2876 0.0000
2877 -5.7538
2878 -0.6603
2879 0.0000
2880 4.9771
2881 9.8626
2882 7.3217
2883 0.0000
2884 -3.5684
2885 -2.6216
2886 0.0000
2887 7.5588
2888 -0.2602
2889 8.5976
2890 0.0000
2891 -0.6718
2892 6.5287
2893 0.0000
2894 8.7780
2895 9.5464
2896 2.8480
2897 0.0000
2898 -0.9047
2899 3.4894
2900 0.0000
2901 5.9137
2902 4.6930
2903 0.8961
2904 0.0000
2905 1.8216
2906 0.0000
2907 7.9734
2908 0.0000
2909 2.0367
2910 2.1141
2911 0.0000
2912 7.7057
2913 0.0000
2914 1.2155
2915 0.0000
2916 5.4470
2917 2.7453
2918 6.8149
2919 0.0000
2920 -0.2441
2921 0.1625
2922 9.0222
2923 0.0000
2924 5.5957
2925 9.9461
2926 0.8253
2927 0.0000
2928 8.7772
2929 0.0000
2930 5.1717
2931 0.0000
2932 9.7759
2933 2.0759
2934 0.0000
2935 0.5703
2936 0.0000
2937 7.9166
2938 1.5722
2939 0.9220
2940 0.5532
2941 8.2587
2942 2.5757
2943 -0.1287
2944 -1.3761
2945 6.7001
2946 1.3715
2947 4.4585
2948 5.2446
2949 0.7550
2950 -1.6859
2951 4.2014
2952 2.7574
2953 0.0000
2954 3.6242
2955 2.3430
2956 8.9832
2957 2.8136
2958 3.1063
2959 -4.2351
2960 -4.9002
2961 2.7461
2962 0.0000
2963 0.5447
2964 -3.1273
2965 9.0609
2966 -3.7739
2967 2.4312
2968 -4.9315
2969 0.0000
2970 3.6285
2971 16.5776
2972 9.1497
2973 0.0000
2974 0.4788
2975 9.6650
2976 3.3578
2977 3.0825
2978 3.9467
2979 6.2857
2980 4.7876
2981 10.9594
2982 0.0000
2983 8.1130
2984 0.3393
2985 5.4976
2986 7.4155
2987 3.9701
2988 6.7936
2989 0.0000
2990 3.9224
2991 13.5151
2992 4.1297
2993 0.0000
2994 -2.0223
2995 3.9532
2996 1.1328
2997 -1.2301
2998 -5.4781
2999 6.7077
3000 0.9208
3001 1.1794
3002 0.0000
3003 10.1688
3004 8.7717
3005 1.4970
3006 0.4093
3007 2.5924
3008 4.8492
3009 0.0000
3010 5.6403
3011 5.6834
3012 -0.8981
3013 0.0000
3014 5.4616
3015 -2.9708
3016 8.4121
3017 5.5385
3018 5.7291
3019 15.8555
3020 2.1331
3021 4.9806
3022 0.0000
3023 5.0266
3024 5.6784
3025 1.1236
3026 3.2936
3027 -0.8393
3028 1.2968
3029 0.0000
3030 4.9084
3031 1.9982
3032 8.9985
3033 5.3403
3034 4.9196
3035 7.9029
3036 10.8580
3037 4.6736
3038 4.9885
3039 -4.3309
3040 6.5627
3041 -0.2924
3042 2.5236
3043 10.9726
3044 0.0000
3045 7.9813
3046 -0.3553
3047 -6.7934
3048 -6.3072
3049 -3.0813
3050 0.4802
3051 -5.2582
3052 4.4438
3053 0.0000
3054 10.5420
3055 -5.0744
3056 1.5291
3057 8.5378
3058 8.2925
3059 0.1824
3060 0.0000
3061 8.1511
3062 6.8069
3063 16.1605
3064 0.0000
3065 3.2090
3066 -3.1166
3067 4.6678
3068 4.5852
3069 -4.6939
3070 15.3411
3071 5.6206
3072 9.0149
3073 0.0000
3074 16.2565
3075 0.4994
3076 8.9472
3077 4.2852
3078 11.0606
3079 0.1656
3080 0.0000
3081 1.3341
3082 -1.2698
3083 0.4554
3084 0.0000
3085 9.5854
3086 1.7796
3087 14.8832
3088 4.2178
3089 2.3872
3090 -1.3108
3091 -2.6827
3092 4.1399
3093 0.0000
3094 8.0409
3095 0.0943
3096 5.0014
3097 0.7329
3098 3.5443
3099 8.0205
3100 0.0000
3101 -1.7570
3102 -1.8896
3103 4.6520
3104 0.0000
3105 7.9442
3106 2.0357
3107 2.8103
3108 8.2812
3109 -2.0251
3110 8.1059
3111 6.4091
3112 4.2928
3113 0.0000
3114 3.1511
3115 4.6308
3116 -2.5795
3117 12.7243
3118 -2.3601
3119 8.2764
3120 0.0000
3121 6.8793
3122 4.8855
3123 1.3415
3124 5.8897
3125 4.9650
3126 7.1730
3127 -2.1462
3128 4.1939
3129 7.2434
3130 3.8278
3131 7.7225
3132 4.3498
3133 -0.5127
3134 1.5938
3135 0.0000
3136 4.7049
3137 2.0157
3138 5.2021
3139 6.1270
3140 -3.3110
3141 17.5507
3142 4.6987
3143 3.1951
3144 0.0000
3145 0.7768
3146 17.8603
3147 2.6775
3148 13.5630
3149 3.7995
3150 7.8207
3151 0.0000
3152 1.7282
3153 -1.7946
3154 5.3211
3155 0.0000
3156 5.9521
3157 1.1451
3158 0.2754
3159 -1.2164
3160 1.7993
3161 4.6589
3162 6.6056
3163 11.8821
3164 0.0000
3165 8.4846
3166 7.5686
3167 5.8898
3168 9.1609
3169 17.4408
3170 3.5968
3171 0.0000
3172 -0.4172
3173 -4.9533
3174 3.3010
3175 0.0000
3176 1.8456
3177 0.0872
3178 1.8775
3179 -3.3390
3180 3.5657
3181 -2.4823
3182 1.5688
3183 -5.3200
3184 0.0000
3185 7.1784
3186 1.6885
3187 -1.8034
3188 2.4559
3189 7.7556
3190 4.5841
3191 0.0000
3192 2.9320
3193 5.5187
3194 8.1398
3195 0.0000
3196 5.6813
3197 -1.1871
3198 9.8458
3199 -3.8899
3200 7.6678
3201 -1.5835
3202 -4.4242
3203 3.7317
3204 0.0000
3205 10.3987
3206 -6.5519
3207 2.3798
3208 7.2366
3209 0.5650
3210 1.3715
3211 0.0000
3212 -5.1724
3213 8.2070
3214 -1.8314
3215 7.5984
3216 2.2895
3217 7.1328
3218 10.2415
3219 4.5992
3220 13.7201
3221 2.3039
3222 1.0471
3223 8.3870
3224 3.1562
3225 3.3765
3226 0.0000
3227 17.9430
3228 1.8718
3229 3.2109
3230 2.7104
3231 -3.5732
3232 0.9309
3233 -1.5194
3234 -2.1735
3235 0.0000
3236 7.3546
3237 0.5284
3238 4.7738
3239 6.7536
3240 4.8684
3241 6.4838
3242 0.0000
3243 2.1966
3244 9.8807
3245 7.7099
3246 0.0000
3247 9.2684
3248 -6.3136
3249 15.9645
3250 4.1213
3251 0.1601
3252 14.1795
3253 5.8740
3254 10.2340
3255 0.0000
3256 -1.8391
3257 3.7405
3258 1.7151
3259 8.5061
3260 5.2237
3261 8.6815
3262 0.0000
3263 -4.4319
3264 7.0744
3265 8.2719
3266 0.0000
3267 -1.8200
3268 -1.9804
3269 -0.7131
3270 -0.6621
3271 -3.6611
3272 8.8946
3273 11.0216
3274 12.4890
3275 0.0000
3276 -3.4169
3277 2.5195
3278 0.7129
3279 2.8800
3280 9.5500
3281 3.4800
3282 0.0000
3283 2.6650
3284 1.0051
3285 11.4560
3286 0.0000
3287 5.8949
3288 5.4564
3289 1.5902
3290 10.3747
3291 -0.3987
3292 0.5468
3293 -0.3701
3294 1.8530
3295 0.0000
3296 9.8362
3297 2.4764
3298 3.4124
3299 -0.3674
3300 4.0604
3301 0.3335
3302 0.0000
3303 7.1027
3304 0.0000
3305 0.2380
3306 0.0000
3307 9.1571
3308 0.5719
3309 2.7025
3310 15.9216
3311 -3.7378
3312 -3.0355
3313 0.2085
3314 3.6897
3315 0.0000
3316 4.5991
3317 -0.2893
3318 10.3321
3319 6.2687
3320 1.9077
3321 4.2700
3322 0.0000
3323 4.5418
3324 4.1300
3325 1.6389
3326 8.4472
3327 11.8805
3328 2.5471
3329 0.0000
3330 6.5724
3331 -5.7473
3332 1.5671
3333 -1.9169
3334 0.4692
3335 5.9331
3336 0.0000
3337 -8.1905
3338 -0.6733
3339 3.0269
3340 2.5862
3341 10.2898
3342 8.6694
3343 0.0000
3344 4.3771
3345 8.4232
3346 10.0016
3347 3.1232
3348 4.5546
3349 -7.9273
3350 0.0000
3351 3.5559
3352 1.3255
3353 1.1132
3354 1.8258
3355 9.1471
3356 0.7705
3357 0.0000
3358 8.7257
3359 9.5202
3360 7.0468
3361 0.8130
3362 4.6327
3363 1.7822
3364 0.0000
3365 -7.6389
3366 8.0864
3367 2.6950
3368 4.0108
3369 0.8155
3370 8.0973
3371 0.0000
3372 -1.7767
3373 8.7146
3374 3.1890
3375 5.5355
3376 0.5278
3377 6.4516
3378 0.0000
3379 2.2030
3380 1.1454
3381 -0.4587
3382 -4.7087
3383 -2.8980
3384 6.6246
3385 0.0000
3386 -4.4082
3387 6.9806
3388 -0.8200
3389 6.6064
3390 10.9411
3391 -0.7919
3392 0.0000
3393 -0.8099
3394 7.5577
3395 5.5171
3396 5.9561
3397 9.4036
3398 2.3544
3399 0.0000
3400 -6.0579
3401 4.5928
3402 4.7418
3403 13.7660
3404 8.5994
3405 4.1277
3406 0.0000
3407 1.8139
3408 7.4654
3409 3.4855
3410 5.3974
3411 7.5123
3412 5.8224
3413 0.0000
3414 -0.9832
3415 2.4598
3416 9.2593
3417 6.4879
3418 1.0713
3419 9.4971
3420 0.0000
3421 4.4396
3422 0.0000
3423 5.9707
3424 0.0000
3425 1.8691
3426 0.0000
3427 9.2418
3428 -1.0806
3429 0.0000
3430 6.4061
3431 9.0169
3432 1.7700
3433 1.4077
3434 0.0000
3435 7.2057
3436 8.6225
3437 -7.7240
3438 0.0000
3439 13.0455
3440 0.0936
3441 6.3658
3442 0.0000
3443 9.4451
3444 7.8557
3445 3.1191
3446 -0.3079
3447 3.3067
3448 11.7199
3449 6.2764
3450 -0.5502
3451 -4.7451
3452 0.0000
3453 -0.9824
3454 6.8196
3455 0.5068
3456 7.2761
3457 1.8017
3458 6.8262
3459 0.0000
3460 6.0485
3461 2.7233
3462 7.0090
3463 -0.1045
3464 0.3688
3465 0.6695
3466 0.0000
3467 -6.2539
3468 0.1737
3469 2.8225
3470 -0.1101
3471 2.7575
3472 3.3050
3473 0.0000
3474 5.9109
3475 6.0953
3476 6.5463
3477 1.4983
3478 5.9618
3479 4.9157
3480 0.0000
3481 -5.9041
3482 -0.0759
3483 0.0018
3484 10.4787
3485 4.5394
3486 5.0586
3487 0.0000
3488 -4.1556
3489 5.3944
3490 5.3856
3491 7.7729
3492 7.7857
3493 5.3733
3494 0.0000
3495 2.5699
3496 -2.2406
3497 1.7433
3498 4.6328
3499 2.8319
3500 1.3589
3501 0.0000
3502 1.3099
3503 4.0197
3504 1.0347
3505 7.5265
3506 3.1227
3507 8.1018
3508 0.0000
3509 4.1999
3510 10.5351
3511 3.0507
3512 8.6447
3513 3.9714
3514 -0.8061
3515 0.0000
3516 1.6602
3517 5.1073
3518 6.5985
3519 -3.5418
3520 1.8429
3521 11.4868
3522 0.0000
3523 2.9188
3524 9.9316
3525 3.5914
3526 5.4348
3527 -1.1140
3528 -6.8937
3529 0.0000
3530 1.3645
3531 -5.3986
3532 0.0000
3533 -0.6269
3534 5.5113
3535 -1.7461
3536 -1.0586
3537 5.1180
3538 4.0126
3539 -3.1064
3540 3.7003
3541 0.0000
3542 4.1375
3543 0.3958
3544 0.0000
3545 2.3478
3546 0.0000
3547 1.7794
3548 0.0000
3549 4.4148
3550 2.8022
3551 0.0000
3552 4.4278
3553 -3.3243
3554 0.0000
3555 11.1091
3556 2.4915
3557 -0.8146
3558 0.0000
3559 -6.4289
3560 1.5349
3561 0.0000
3562 0.2974
3563 10.6695
3564 -4.6148
3565 0.0000
3566 -3.3019
3567 5.0568
3568 0.0000
3569 0.9356
3570 12.0358
3571 5.3050
3572 0.0000
3573 4.6760
3574 7.1517
3575 0.0000
3576 -0.9977
3577 6.1091
3578 11.0821
3579 0.0000
3580 4.8484
3581 5.7834
3582 0.0000
3583 0.8761
3584 8.7029
3585 15.6805
3586 0.0000
3587 -0.0475
3588 1.6373
3589 0.0000
3590 1.9069
3591 2.9082
3592 5.8960
3593 0.0000
3594 0.6377
3595 8.7543
3596 0.0000
3597 1.3776
3598 1.8601
3599 5.4189
3600 0.0000
3601 0.3456
3602 -0.9908
3603 0.0000
3604 2.9347
3605 9.6306
3606 3.2138
3607 0.0000
3608 3.2613
3609 6.4898
3610 0.0000
3611 4.7366
3612 5.0217
3613 14.3572
3614 0.0000
3615 -3.1422
3616 8.2936
3617 0.0000
3618 -0.4013
3619 6.9522
3620 6.4980
3621 0.0000
3622 4.8030
3623 -4.3412
3624 0.0000
3625 5.6359
3626 12.7031
3627 4.8350
3628 0.0000
3629 3.2877
3630 7.7629
3631 0.0000
3632 7.3376
3633 3.9425
3634 -1.7621
3635 0.0000
3636 1.2209
3637 7.3114
3638 0.0000
3639 4.3262
3640 2.5711
3641 4.2536
3642 0.0000
3643 -6.8793
3644 0.7707
3645 0.0000
3646 4.0021
3647 1.4434
3648 4.3155
3649 0.0000
3650 1.9066
3651 7.3549
3652 0.0000
3653 0.3935
3654 5.4017
3655 10.2048
3656 0.0000
3657 11.2428
3658 3.6177
3659 0.0000
3660 6.4088
3661 7.6295
3662 0.1906
3663 0.0000
3664 -0.1615
3665 0.0000
3666 -1.7566
3667 0.0000
3668 9.0999
3669 3.3452
3670 0.0000
3671 2.1748
3672 0.0000
3673 -2.9069
3674 0.0000
3675 2.4940
3676 7.2616
3677 0.9558
3678 0.0000
3679 8.3671
3680 9.6243
3681 5.3986
3682 0.0000
3683 0.9202
3684 1.8648
3685 7.1929
3686 0.0000
3687 3.8959
3688 0.0000
3689 2.1474
3690 0.0000
3691 7.1899
3692 3.1825
3693 0.0000
3694 -6.2155
3695 0.0000
3696 13.1333
3697 1.3712
3698 0.1592
3699 3.1543
3700 -0.1000
3701 7.6631
3702 7.2274
3703 4.6924
3704 5.5478
3705 3.7699
3706 4.2670
3707 -0.3183
3708 -2.6153
3709 -2.8288
3710 12.2465
3711 4.0614
3712 0.0000
3713 1.5248
3714 4.3611
3715 0.9585
3716 7.3346
3717 -1.6914
3718 -0.0425
3719 -0.2833
3720 -0.6089
3721 0.0000
3722 4.4596
3723 2.4458
3724 9.7433
3725 7.1244
3726 2.6289
3727 2.8718
3728 0.0000
3729 -1.9434
3730 3.3283
3731 1.7744
3732 0.0000
3733 7.5450
3734 3.2697
3735 4.9247
3736 6.6163
3737 -3.7852
3738 -0.9611
3739 2.5310
3740 7.2024
3741 0.0000
3742 -5.7991
3743 -9.4129
3744 0.5102
3745 2.2708
3746 7.3066
3747 4.8604
3748 0.0000
3749 0.6316
3750 6.0053
3751 6.7752
3752 0.0000
3753 5.1895
3754 2.6111
3755 3.2672
3756 6.8261
3757 1.6178
3758 10.9781
3759 7.3864
3760 7.2955
3761 0.0000
3762 8.6581
3763 0.6136
3764 0.3993
3765 5.7509
3766 9.8561
3767 5.1533
3768 0.0000
3769 1.5040
3770 4.4246
3771 6.3019
3772 0.0000
3773 -2.4149
3774 -4.0953
3775 11.1595
3776 0.7478
3777 -6.5372
3778 11.8601
3779 1.0963
3780 1.7727
3781 0.0000
3782 10.1175
3783 2.9998
3784 1.2586
3785 10.0426
3786 0.7580
3787 1.5859
3788 0.0000
3789 0.0537
3790 6.8942
3791 7.7619
3792 3.2453
3793 1.1267
3794 -2.7322
3795 2.9520
3796 1.6657
3797 0.7923
3798 10.8640
3799 7.2245
3800 5.0569
3801 1.2337
3802 11.3148
3803 0.0000
3804 4.5956
3805 -6.1509
3806 7.4484
3807 -1.1345
3808 1.0041
3809 13.4308
3810 2.3667
3811 3.4909
3812 0.0000
3813 5.8286
3814 0.2709
3815 -5.5441
3816 -4.6154
3817 2.4710
3818 7.6191
3819 0.0000
3820 5.9372
3821 0.3506
3822 6.3262
3823 0.0000
3824 4.7445
3825 -1.4436
3826 1.4959
3827 4.5857
3828 2.5748
3829 12.0358
3830 -1.3731
3831 8.4785
3832 0.0000
3833 6.4786
3834 5.0612
3835 -5.3012
3836 10.2905
3837 -0.4183
3838 7.7832
3839 0.0000
3840 1.8629
3841 2.1235
3842 4.6339
3843 0.0000
3844 -2.2271
3845 -4.6842
3846 3.6425
3847 2.7134
3848 6.5426
3849 -1.6104
3850 3.3718
3851 -0.1926
3852 0.0000
3853 2.8293
3854 5.4226
3855 -1.6032
3856 7.7821
3857 5.9665
3858 2.0602
3859 0.0000
3860 -6.3239
3861 1.9445
3862 5.2700
3863 0.0000
3864 -0.3357
3865 -0.5157
3866 0.0845
3867 8.3742
3868 -8.7719
3869 3.0557
3870 2.6829
3871 2.3764
3872 0.0000
3873 9.6961
3874 11.1578
3875 -4.3387
3876 6.2399
3877 2.0288
3878 -0.3641
3879 0.0000
3880 1.0446
3881 12.8892
3882 7.3536
3883 -1.3796
3884 9.8734
3885 0.0018
3886 6.6910
3887 3.8989
3888 4.4574
3889 7.1998
3890 5.6130
3891 -4.1137
3892 -0.9767
3893 3.3371
3894 0.0000
3895 5.4985
3896 2.8527
3897 -6.2893
3898 -3.7098
3899 -2.8363
3900 5.1966
3901 4.7630
3902 3.5407
3903 0.0000
3904 6.0700
3905 5.3136
3906 3.8662
3907 7.4928
3908 6.6560
3909 4.2432
3910 0.0000
3911 1.3915
3912 0.3698
3913 6.7716
3914 0.0000
3915 -1.4377
3916 -1.6960
3917 8.6265
3918 -3.5550
3919 3.7584
3920 13.6045
3921 -5.2275
3922 4.6226
3923 0.0000
3924 5.5640
3925 8.2088
3926 5.5826
3927 5.3755
3928 -1.5817
3929 -1.0987
3930 0.0000
3931 5.9515
3932 1.8372
3933 11.8437
3934 0.0000
3935 5.7818
3936 -2.9081
3937 3.5995
3938 2.6928
3939 -7.3707
3940 -3.8479
3941 -0.0423
3942 0.0807
3943 0.0000
3944 2.6797
3945 9.5610
3946 3.7701
3947 4.7426
3948 8.3817
3949 0.1606
3950 0.0000
3951 0.4088
3952 10.9725
3953 3.7933
3954 0.0000
3955 7.4125
3956 0.2606
3957 8.6809
3958 5.3009
3959 -2.0385
3960 0.1555
3961 -1.1732
3962 2.6003
3963 0.0000
3964 3.5500
3965 3.6411
3966 6.6880
3967 9.8466
3968 3.7770
3969 4.7355
3970 0.0000
3971 0.2609
3972 9.6635
3973 -1.9699
3974 0.5352
3975 0.7961
3976 4.3377
3977 2.6533
3978 -0.0972
3979 3.3691
3980 4.3499
3981 10.7863
3982 10.5755
3983 10.9992
3984 8.6249
3985 0.0000
3986 3.1324
3987 7.6984
3988 0.2914
3989 4.8901
3990 1.8514
3991 7.2731
3992 3.1597
3993 2.5880
3994 0.0000
3995 3.0202
3996 4.5894
3997 4.2529
3998 1.8682
3999 -0.7932
4000 5.4597
4001 0.0000
4002 -0.5331
4003 5.5069
4004 0.3471
4005 0.0000
4006 -1.7156
4007 -2.9539
4008 6.1382
4009 6.4625
4010 -1.9353
4011 0.9855
4012 4.8760
4013 3.8780
4014 0.0000
4015 6.4173
4016 1.5720
4017 13.9849
4018 6.0231
4019 12.7712
4020 0.2909
4021 0.0000
4022 -1.4556
4023 8.3199
4024 3.1526
4025 0.0000
4026 4.3117
4027 -3.1895
4028 5.9064
4029 1.4285
4030 -0.3211
4031 1.4851
4032 -6.2128
4033 -5.8603
4034 0.0000
4035 2.3857
4036 -8.4409
4037 6.5593
4038 -0.1742
4039 6.7038
4040 -2.0371
4041 0.0000
4042 2.3564
4043 4.4851
4044 10.8588
4045 0.0000
4046 1.7224
4047 -0.9211
4048 -3.1523
4049 0.5575
4050 1.2994
4051 0.4857
4052 1.8218
4053 5.8876
4054 0.0000
4055 5.3705
4056 1.5034
4057 3.2754
4058 4.5053
4059 1.4782
4060 -2.8314
4061 0.0000
4062 -0.9272
4063 0.0000
4064 8.4860
4065 0.0000
4066 9.8662
4067 1.0824
4068 0.9788
4069 6.7389
4070 7.1699
4071 3.8654
4072 -0.4431
4073 0.7428
4074 0.0000
4075 5.7352
4076 -4.5134
4077 3.0941
4078 2.1820
4079 5.0905
4080 -2.4880
4081 0.0000
4082 11.7809
4083 -3.1690
4084 4.7121
4085 3.6727
4086 5.1487
4087 -3.8078
4088 0.0000
4089 -5.5153
4090 14.7966
4091 3.4679
4092 -1.9858
4093 3.5215
4094 -0.1059
4095 0.0000
4096 -0.1685
4097 -2.0179
4098 9.5483
4099 9.5302
4100 1.4602
4101 0.4092
4102 0.0000
4103 -1.1372
4104 -2.0497
4105 4.7548
4106 -3.2270
4107 7.8970
4108 -0.8054
4109 0.0000
4110 7.0812
4111 10.2949
4112 7.7781
4113 3.8088
4114 8.4037
4115 4.2791
4116 0.0000
4117 1.0495
4118 4.4985
4119 -4.7292
4120 0.5304
4121 9.3470
4122 -2.5956
4123 0.0000
4124 2.3372
4125 3.4822
4126 5.9834
4127 9.3727
4128 5.0181
4129 -0.8948
4130 0.0000
4131 1.3254
4132 15.3472
4133 -1.0550
4134 -3.5549
4135 6.7000
4136 2.0691
4137 0.0000
4138 4.9288
4139 5.7939
4140 4.8289
4141 5.8969
4142 2.3970
4143 2.6083
4144 0.0000
4145 -7.4757
4146 15.8833
4147 2.4054
4148 4.3607
4149 15.8631
4150 4.6844
4151 0.0000
4152 -4.3791
4153 5.1651
4154 4.0900
4155 4.7669
4156 6.0421
4157 6.5287
4158 0.0000
4159 -5.5725
4160 9.2891
4161 1.3962
4162 4.4407
4163 6.9316
4164 3.4169
4165 0.0000
4166 3.7911
4167 -0.6833
4168 10.0894
4169 3.1906
4170 10.3646
4171 5.1391
4172 0.0000
4173 5.9601
4174 6.2771
4175 -0.5466
4176 6.6618
4177 6.3329
4178 3.7986
4179 0.0000
4180 -3.3725
4181 0.0000
4182 -0.8532
4183 0.0000
4184 1.2899
4185 0.0000
4186 2.3348
4187 10.0359
4188 0.0000
4189 0.4442
4190 1.4203
4191 6.0656
4192 7.5518
4193 0.0000
4194 5.4018
4195 -4.8520
4196 -0.5273
4197 0.0000
4198 1.6915
4199 -0.2657
4200 3.2893
4201 0.0000
4202 -5.7966
4203 7.8913
4204 1.7916
4205 7.9830
4206 3.9530
4207 0.7537
4208 5.7426
4209 7.7452
4210 4.0496
4211 0.0000
4212 0.7082
4213 5.8943
4214 10.3084
4215 6.5661
4216 -1.1397
4217 3.6515
4218 0.0000
4219 -3.8355
4220 4.9917
4221 5.8146
4222 -4.2375
4223 -1.9062
4224 4.3225
4225 0.0000
4226 1.9693
4227 6.2534
4228 9.1410
4229 5.6979
4230 5.4404
4231 1.9221
4232 0.0000
4233 8.7073
4234 1.7307
4235 3.9960
4236 4.4544
4237 12.1344
4238 1.3610
4239 0.0000
4240 -2.4627
4241 1.8830
4242 -2.2882
4243 3.3507
4244 7.3377
4245 8.6796
4246 0.0000
4247 -3.2778
4248 -0.0267
4249 -1.5972
4250 2.4323
4251 2.4979
4252 -0.2525
4253 0.0000
4254 3.9287
4255 8.2197
4256 2.6436
4257 -3.3492
4258 -4.1740
4259 4.5622
4260 0.0000
4261 3.1661
4262 2.9824
4263 3.6453
4264 7.2909
4265 -1.9466
4266 4.4685
4267 0.0000
4268 9.8948
4269 4.1280
4270 2.1832
4271 -1.2825
4272 -2.4379
4273 9.8022
4274 0.0000
4275 -2.5879
4276 0.4750
4277 3.3429
4278 9.7894
4279 1.2140
4280 5.5818
4281 0.0000
4282 -0.1288
4283 1.6657
4284 9.3980
4285 12.2774
4286 0.2169
4287 3.6390
4288 0.0000
4289 -3.3246
4290 7.6251
4291 0.0000
4292 2.2945
4293 -0.2949
4294 2.0680
4295 -1.5837
4296 -0.3505
4297 -2.4220
4298 6.6693
4299 1.7784
4300 0.0000
4301 5.6753
4302 0.0524
4303 0.0000
4304 6.7718
4305 0.0000
4306 3.6859
4307 0.0000
4308 4.9370
4309 -2.0502
4310 0.0000
4311 3.6736
4312 3.4626
4313 0.0000
4314 2.5483
4315 10.4467
4316 10.7126
4317 0.0000
4318 2.0223
4319 9.1806
4320 0.0000
4321 3.7990
4322 1.1020
4323 4.5661
4324 0.0000
4325 4.7403
4326 5.9035
4327 0.0000
4328 -3.5371
4329 4.3050
4330 -0.4738
4331 0.0000
4332 3.3565
4333 -0.9957
4334 0.0000
4335 1.2936
4336 5.3503
4337 -0.1857
4338 0.0000
4339 -4.5003
4340 9.2570
4341 0.0000
4342 7.7381
4343 8.4453
4344 3.3267
4345 0.0000
4346 0.4561
4347 -3.7412
4348 0.0000
4349 7.9654
4350 -3.0114
4351 1.9553
4352 0.0000
4353 -4.7956
4354 1.1201
4355 0.0000
4356 -0.4951
4357 -0.6327
4358 6.5144
4359 0.0000
4360 -2.8151
4361 7.8951
4362 0.0000
4363 8.2506
4364 3.5660
4365 3.5834
4366 0.0000
4367 2.4233
4368 -3.6704
4369 0.0000
4370 -2.8431
4371 2.0560
4372 4.8251
4373 0.0000
4374 -7.4574
4375 0.9675
4376 0.0000
4377 3.5844
4378 6.6967
4379 6.9434
4380 0.0000
4381 0.0534
4382 -3.4950
4383 0.0000
4384 0.2602
4385 5.0721
4386 7.5279
4387 0.0000
4388 1.7626
4389 2.6605
4390 0.0000
4391 -2.7176
4392 0.4585
4393 6.0196
4394 0.0000
4395 0.7619
4396 0.9925
4397 0.0000
4398 1.6520
4399 4.8201
4400 8.0919
4401 0.0000
4402 0.2462
4403 3.5289
4404 0.0000
4405 6.4757
4406 4.6708
4407 5.2511
4408 0.0000
4409 -0.6294
4410 2.6732
4411 0.0000
4412 2.2442
4413 -1.4078
4414 0.2450
4415 0.0000
4416 -1.1958
4417 5.1891
4418 0.0000
4419 -0.4123
4420 1.5602
4421 7.5820
4422 0.0000
4423 -1.4051
4424 0.0000
4425 7.0673
4426 0.0000
4427 6.3798
4428 9.5009
4429 0.0000
4430 5.5310
4431 0.0000
4432 6.4158
4433 0.0000
4434 1.3289
4435 8.6531
4436 4.4643
4437 0.0000
4438 9.3066
4439 2.1957
4440 8.4040
4441 0.0000
4442 4.0208
4443 0.4479
4444 9.3630
4445 0.0000
4446 0.9332
4447 0.0000
4448 6.6655
4449 0.0000
4450 4.7378
4451 1.3815
4452 0.0000
4453 2.3507
4454 0.0000
4455 9.6756
4456 0.5992
4457 -3.9166
4458 7.1124
4459 -3.8687
4460 -0.6655
4461 3.1591
4462 3.9292
4463 3.6079
4464 -0.8647
4465 0.9655
4466 3.9638
4467 10.6913
4468 6.9902
4469 -1.1752
4470 -0.1874
4471 0.0000
4472 2.7033
4473 3.0908
4474 4.7743
4475 2.5005
4476 -3.1969
4477 7.6143
4478 -3.7273
4479 -1.3356
4480 0.0000
4481 7.1206
4482 1.3900
4483 6.1651
4484 0.5408
4485 8.9027
4486 1.6412
4487 0.0000
4488 -0.0387
4489 5.9912
4490 17.0903
4491 0.0000
4492 -0.3391
4493 2.7255
4494 10.0250
4495 -2.7644
4496 3.8295
4497 5.2472
4498 5.5216
4499 7.5546
4500 0.0000
4501 10.6739
4502 8.6415
4503 3.4501
4504 10.4360
4505 5.8044
4506 2.0246
4507 0.0000
4508 0.1351
4509 2.7573
4510 7.8910
4511 0.0000
4512 4.6108
4513 2.1118
4514 1.7801
4515 2.7264
4516 0.6795
4517 -6.5351
4518 -1.7977
4519 0.5258
4520 0.0000
4521 7.0210
4522 7.5617
4523 3.6287
4524 3.1623
4525 9.0747
4526 2.4914
4527 0.0000
4528 -2.8455
4529 1.4155
4530 -0.9064
4531 0.0000
4532 3.2149
4533 2.1868
4534 12.2379
4535 1.4287
4536 5.0424
4537 -2.5385
4538 -5.4694
4539 8.1712
4540 0.0000
4541 10.2779
4542 9.9417
4543 10.1706
4544 1.7761
4545 -1.7525
4546 5.6445
4547 0.0000
4548 7.9445
4549 5.8974
4550 6.7683
4551 4.4268
4552 4.8647
4553 3.2791
4554 3.3503
4555 2.7374
4556 10.8483
4557 5.5686
4558 3.3945
4559 3.2193
4560 11.7868
4561 7.6811
4562 0.0000
4563 6.6005
4564 1.6068
4565 11.9162
4566 0.4412
4567 -5.7169
4568 -1.8623
4569 4.5907
4570 6.2128
4571 0.0000
4572 3.5098
4573 3.7621
4574 0.4455
4575 7.9354
4576 7.9996
4577 3.6462
4578 0.0000
4579 -5.0390
4580 8.9044
4581 5.0403
4582 0.0000
4583 7.3458
4584 6.4800
4585 -0.3814
4586 5.5261
4587 2.4819
4588 18.7065
4589 5.6651
4590 3.7687
4591 0.0000
4592 8.0125
4593 4.7684
4594 0.7125
4595 3.9401
4596 -4.0306
4597 6.8965
4598 0.0000
4599 -1.3858
4600 10.1148
4601 10.4282
4602 0.0000
4603 10.8256
4604 4.6101
4605 2.5014
4606 6.3757
4607 -3.6783
4608 15.3904
4609 3.4889
4610 -1.8955
4611 0.0000
4612 5.9909
4613 -0.6537
4614 -0.5568
4615 -0.3562
4616 5.0345
4617 0.6049
4618 0.0000
4619 4.6522
4620 -6.2014
4621 -6.2563
4622 0.0000
4623 8.3293
4624 -2.4015
4625 -0.3619
4626 5.1246
4627 -2.4074
4628 -3.2638
4629 -2.5921
4630 5.7160
4631 0.0000
4632 8.8834
4633 7.8448
4634 5.4380
4635 6.4031
4636 0.3204
4637 4.0590
4638 0.0000
4639 -4.0806
4640 14.5383
4641 -4.5232
4642 1.5198
4643 5.0294
4644 7.5968
4645 7.6090
4646 8.1429
4647 8.0570
4648 9.6563
4649 0.9615
4650 -1.1729
4651 5.4659
4652 -2.4598
4653 0.0000
4654 10.3447
4655 -3.7529
4656 6.6503
4657 -4.0230
4658 -0.5578
4659 5.8505
4660 5.1969
4661 -1.9294
4662 0.0000
4663 7.9611
4664 5.4293
4665 3.4383
4666 9.2642
4667 -2.4591
4668 7.5318
4669 0.0000
4670 6.4184
4671 0.5009
4672 2.0347
4673 0.0000
4674 3.0844
4675 2.3315
4676 -3.1182
4677 -1.4270
4678 3.9338
4679 11.4401
4680 2.8747
4681 8.5805
4682 0.0000
4683 7.0895
4684 2.5771
4685 7.3593
4686 7.9782
4687 1.8367
4688 8.9337
4689 0.0000
4690 -5.4247
4691 9.2858
4692 5.6588
4693 0.0000
4694 -1.6674
4695 4.2419
4696 -1.7406
4697 11.8406
4698 2.9559
4699 0.1412
4700 -0.1992
4701 7.1960
4702 0.0000
4703 6.1877
4704 2.5619
4705 3.5447
4706 6.4771
4707 -2.9930
4708 3.3271
4709 0.0000
4710 -0.9584
4711 3.2109
4712 6.7328
4713 0.0000
4714 8.0769
4715 1.4968
4716 8.3052
4717 1.6705
4718 -2.1901
4719 -2.5542
4720 -0.1138
4721 6.4452
4722 0.0000
4723 4.8103
4724 5.7558
4725 6.9754
4726 1.1363
4727 3.3348
4728 4.6094
4729 0.0000
4730 -1.2447
4731 1.2712
4732 -1.3034
4733 5.2251
4734 1.1518
4735 7.4094
4736 7.0786
4737 2.2632
4738 4.4967
4739 1.7925
4740 3.7234
4741 4.3235
4742 -2.6695
4743 6.8364
4744 0.0000
4745 -1.6790
4746 1.4510
4747 -2.6234
4748 1.5659
4749 2.7346
4750 12.0848
4751 3.7677
4752 7.5048
4753 0.0000
4754 7.2104
4755 7.2623
4756 6.3630
4757 3.8369
4758 6.5124
4759 2.3922
4760 0.0000
4761 -0.9188
4762 8.7583
4763 12.3196
4764 0.0000
4765 1.3213
4766 7.2282
4767 13.2035
4768 6.6040
4769 -4.2176
4770 0.2898
4771 0.7727
4772 4.3786
4773 0.0000
4774 8.1185
4775 2.9140
4776 -2.6990
4777 1.8197
4778 2.2576
4779 3.1475
4780 0.0000
4781 1.9643
4782 0.9248
4783 7.5368
4784 0.0000
4785 3.0739
4786 -5.2795
4787 -1.3391
4788 0.8661
4789 10.6545
4790 3.1684
4791 7.0408
4792 4.6764
4793 0.0000
4794 10.9009
4795 8.7337
4796 12.8973
4797 2.1423
4798 7.5951
4799 6.9426
4800 0.0000
4801 -1.4879
4802 1.0715
4803 6.9719
4804 0.0000
4805 -0.4156
4806 0.2289
4807 2.8192
4808 3.7943
4809 -3.5801
4810 -2.4593
4811 7.5712
4812 7.7121
4813 0.0000
4814 8.3169
4815 5.0879
4816 -3.2636
4817 2.6902
4818 -1.7524
4819 2.4017
4820 0.0000
4821 3.4230
4822 0.0000
4823 -5.4035
4824 0.0000
4825 4.8521
4826 1.2019
4827 -1.5555
4828 0.9972
4829 11.4949
4830 5.4586
4831 5.3885
4832 8.0545
4833 0.0000
4834 0.8105
4835 1.8169
4836 2.8929
4837 7.0305
4838 7.5276
4839 3.2368
4840 0.0000
4841 -0.6721
4842 -4.4365
4843 7.1227
4844 11.2432
4845 7.8176
4846 6.7666
4847 0.0000
4848 -1.1221
4849 5.2820
4850 7.2455
4851 3.0034
4852 -3.9989
4853 4.4722
4854 0.0000
4855 4.2642
4856 4.9973
4857 4.4088
4858 2.3611
4859 2.6353
4860 2.9717
4861 0.0000
4862 4.1365
4863 0.0588
4864 2.1259
4865 2.3085
4866 -1.7651
4867 5.1707
4868 0.0000
4869 2.2742
4870 0.0712
4871 -0.8768
4872 2.3492
4873 5.9244
4874 -2.1532
4875 0.0000
4876 -1.7869
4877 7.2787
4878 7.8574
4879 13.2269
4880 3.6115
4881 7.7846
4882 0.0000
4883 -7.6506
4884 12.8790
4885 -1.8466
4886 -0.4882
4887 7.5382
4888 5.9982
4889 0.0000
4890 3.6387
4891 4.6430
4892 5.6704
4893 10.5768
4894 1.5085
4895 -3.6131
4896 0.0000
4897 -6.9411
4898 0.0986
4899 -0.0507
4900 5.1944
4901 -0.1249
4902 12.0522
4903 0.0000
4904 0.9453
4905 8.2409
4906 -1.1887
4907 8.5691
4908 9.7996
4909 8.0132
4910 0.0000
4911 5.8897
4912 5.7268
4913 5.9603
4914 7.1414
4915 3.9343
4916 2.4838
4917 0.0000
4918 -4.0740
4919 3.2224
4920 8.6564
4921 7.7584
4922 -0.6447
4923 -6.1918
4924 0.0000
4925 -5.8523
4926 1.1692
4927 2.6348
4928 5.6122
4929 9.6357
4930 6.7479
4931 0.0000
4932 -0.0026
4933 1.0159
4934 7.9486
4935 5.8015
4936 -0.0344
4937 3.3875
4938 0.0000
4939 6.1314
4940 0.0000
4941 4.3750
4942 0.0000
4943 4.0389
4944 0.0000
4945 1.2132
4946 7.0550
4947 0.0000
4948 4.2848
4949 3.7361
4950 3.5056
4951 0.6548
4952 0.0000
4953 2.7400
4954 4.7570
4955 13.1209
4956 0.0000
4957 2.7412
4958 6.4651
4959 5.8399
4960 0.0000
4961 6.1494
4962 5.1025
4963 8.6763
4964 -1.8745
4965 2.3211
4966 4.5755
4967 1.1642
4968 9.6607
4969 10.0762
4970 0.0000
4971 0.6607
4972 9.6430
4973 2.7599
4974 5.4296
4975 -2.2930
4976 2.3188
4977 0.0000
4978 11.0073
4979 10.5708
4980 3.3450
4981 3.2385
4982 5.6012
4983 2.1812
4984 0.0000
4985 -2.5335
4986 -0.0421
4987 12.8654
4988 3.3327
4989 0.7313
4990 2.9316
4991 0.0000
4992 2.7964
4993 8.0024
4994 3.3636
4995 1.7934
4996 1.4135
4997 4.7422
4998 0.0000
4999 1.4957
5000 3.5733
5001 3.3504
5002 1.3138
5003 6.0862
5004 -1.1072
5005 0.0000
5006 -1.4022
5007 2.2123
5008 5.7877
5009 2.2845
5010 2.5917
5011 7.6940
5012 0.0000
5013 0.4206
5014 4.1234
5015 -3.5865
5016 -0.1851
5017 2.6710
5018 4.5416
5019 0.0000
5020 5.2075
5021 1.3328
5022 10.7617
5023 7.8426
5024 1.3974
5025 3.9519
5026 0.0000
5027 -6.4499
5028 -4.7091
5029 0.8550
5030 7.2071
5031 2.5355
5032 5.3031
5033 0.0000
5034 -0.2815
5035 1.1166
5036 8.0191
5037 1.3032
5038 3.3107
5039 2.8147
5040 0.0000
5041 -0.6393
5042 7.8661
5043 9.8533
5044 2.7458
5045 7.6041
5046 4.9232
5047 0.0000
5048 5.1913
5049 8.2077
5050 0.0000
5051 3.7683
5052 -1.1312
5053 0.2025
5054 7.0111
5055 -0.4203
5056 4.1343
5057 4.7659
5058 4.3465
5059 0.0000
5060 4.1139
5061 2.9575
5062 0.0000
5063 -2.2886
5064 0.0000
5065 -1.3401
5066 0.0000
5067 3.8356
5068 -1.8755
5069 0.0000
5070 1.1903
5071 6.2093
5072 0.0000
5073 3.8304
5074 -2.8013
5075 6.9626
5076 0.0000
5077 -2.8681
5078 4.3861
5079 0.0000
5080 -3.3232
5081 3.0175
5082 3.2542
5083 0.0000
5084 0.3035
5085 0.7246
5086 0.0000
5087 1.9877
5088 5.1967
5089 -3.9413
5090 0.0000
5091 4.6777
5092 -2.2327
5093 0.0000
5094 9.6301
5095 3.4326
5096 3.7803
5097 0.0000
5098 1.9882
5099 10.4688
5100 0.0000
5101 4.2966
5102 0.5035
5103 4.0178
5104 0.0000
5105 0.3637
5106 2.5700
5107 0.0000
5108 3.3246
5109 3.0951
5110 5.9276
5111 0.0000
5112 -3.0692
5113 1.4527
5114 0.0000
5115 2.5460
5116 -2.0427
5117 11.2088
5118 0.0000
5119 0.3183
5120 6.4227
5121 0.0000
5122 4.1265
5123 0.6114
5124 8.2154
5125 0.0000
5126 1.9776
5127 -0.0868
5128 0.0000
5129 7.4286
5130 7.6594
5131 0.7523
5132 0.0000
5133 0.2936
5134 4.9051
5135 0.0000
5136 5.4548
5137 7.9844
5138 6.3913
5139 0.0000
5140 2.1465
5141 7.6017
5142 0.0000
5143 -4.2612
5144 6.8129
5145 11.2493
5146 0.0000
5147 -7.8244
5148 6.1948
5149 0.0000
5150 9.3775
5151 8.1858
5152 0.5354
5153 0.0000
5154 -7.7081
5155 7.6765
5156 0.0000
5157 1.5168
5158 -0.5681
5159 8.1421
5160 0.0000
5161 4.1925
5162 -0.8700
5163 0.0000
5164 4.6573
5165 1.2500
5166 4.0674
5167 0.0000
5168 0.7246
5169 5.5189
5170 0.0000
5171 15.2217
5172 3.8464
5173 7.6421
5174 0.0000
5175 3.5621
5176 16.7576
5177 0.0000
5178 4.1655
5179 5.1154
5180 -0.1588
5181 0.0000
5182 0.9900
5183 0.0000
5184 1.1005
5185 0.0000
5186 2.6027
5187 5.3846
5188 0.0000
5189 -1.0845
5190 0.0000
5191 4.4923
5192 0.0000
5193 0.3278
5194 1.3968
5195 10.8122
5196 0.0000
5197 -3.6353
5198 5.5520
5199 10.3584
5200 0.0000
5201 6.4441
5202 10.9467
5203 12.9386
5204 0.0000
5205 13.3964
5206 0.0000
5207 7.6253
5208 0.0000
5209 0.0855
5210 5.1393
5211 0.0000
5212 7.1794
5213 0.0000
5214 6.9888
5215 2.8581
5216 0.6776
5217 3.2645
5218 0.4723
5219 -3.5600
5220 4.3198
5221 13.7582
5222 2.2973
5223 -2.1413
5224 0.9281
5225 2.0925
5226 5.1413
5227 5.9685
5228 4.5421
5229 2.1165
5230 0.0000
5231 4.5966
5232 0.6814
5233 4.4049
5234 8.9850
5235 -1.8183
5236 4.0620
5237 3.3460
5238 -1.7660
5239 0.0000
5240 -4.9082
5241 3.9189
5242 8.2828
5243 7.0313
5244 4.8025
5245 5.9711
5246 0.0000
5247 2.3044
5248 13.0635
5249 7.1204
5250 0.0000
5251 0.9978
5252 1.7598
5253 2.4332
5254 6.1329
5255 3.0323
5256 2.3798
5257 3.3529
5258 4.9296
5259 0.0000
5260 2.2168
5261 8.9052
5262 6.8023
5263 -0.5493
5264 3.3722
5265 -2.6258
5266 0.0000
5267 -0.1223
5268 3.0354
5269 4.4014
5270 0.0000
5271 6.5595
5272 -4.8541
5273 6.9941
5274 3.4002
5275 1.2669
5276 -0.6322
5277 -6.0191
5278 2.4577
5279 0.0000
5280 14.7204
5281 5.9586
5282 4.5127
5283 10.1060
5284 0.9615
5285 -4.9036
5286 0.0000
5287 3.1128
5288 1.1491
5289 2.4710
5290 0.0000
5291 13.4551
5292 -0.7188
5293 2.2768
5294 7.1361
5295 1.3688
5296 2.9903
5297 7.8056
5298 8.7411
5299 0.0000
5300 3.3355
5301 2.7343
5302 5.3502
5303 6.2435
5304 2.2206
5305 3.4083
5306 0.0000
5307 -2.4852
5308 5.8926
5309 3.1501
5310 5.2491
5311 -1.8001
5312 -1.0876
5313 0.7700
5314 2.8115
5315 7.6322
5316 -3.7240
5317 8.1323
5318 2.5357
5319 -2.7392
5320 5.0147
5321 0.0000
5322 1.7178
5323 -0.1110
5324 1.0703
5325 7.4741
5326 -1.1048
5327 12.1615
5328 -2.7388
5329 1.8311
5330 0.0000
5331 10.1763
5332 3.3293
5333 10.0407
5334 8.4647
5335 0.5142
5336 10.7123
5337 0.0000
5338 7.4315
5339 4.2471
5340 -2.6333
5341 0.0000
5342 6.3595
5343 1.7648
5344 -3.6398
5345 6.5458
5346 -4.3401
5347 6.6540
5348 -2.2344
5349 6.6960
5350 0.0000
5351 -0.4568
5352 3.4923
5353 5.8233
5354 3.6153
5355 1.7134
5356 6.3943
5357 0.0000
5358 6.6640
5359 3.1504
5360 4.7078
5361 0.0000
5362 1.8258
5363 4.9724
5364 -0.7113
5365 6.4524
5366 -0.2558
5367 -3.5636
5368 -3.3000
5369 5.9718
5370 0.0000
5371 6.9619
5372 6.8658
5373 6.1193
5374 6.1142
5375 4.4758
5376 7.8665
5377 0.0000
5378 3.1798
5379 1.1158
5380 1.9880
5381 0.0000
5382 1.9110
5383 -3.6360
5384 -3.2420
5385 3.1298
5386 -1.4814
5387 -1.3224
5388 -0.0185
5389 4.3798
5390 0.0000
5391 3.5850
5392 -3.0999
5393 2.5168
5394 -1.6005
5395 10.2202
5396 2.5667
5397 0.0000
5398 -3.5369
5399 5.4928
5400 7.3402
5401 9.6580
5402 7.8941
5403 9.7154
5404 2.7543
5405 3.5364
5406 5.9536
5407 1.1155
5408 -3.9297
5409 6.3508
5410 2.8557
5411 7.9179
5412 0.0000
5413 7.9189
5414 -6.3031
5415 13.3118
5416 2.8342
5417 -5.6009
5418 10.9557
5419 4.6305
5420 9.8481
5421 0.0000
5422 -0.9967
5423 0.3663
5424 8.6498
5425 4.3972
5426 13.9900
5427 7.7717
5428 0.0000
5429 -0.0249
5430 5.4400
5431 5.9269
5432 0.0000
5433 3.1676
5434 -2.9249
5435 3.5063
5436 1.1802
5437 4.1604
5438 9.5951
5439 3.5479
5440 7.1902
5441 0.0000
5442 2.4805
5443 5.2742
5444 1.6316
5445 4.6056
5446 10.6824
5447 8.5191
5448 0.0000
5449 0.7504
5450 1.4006
5451 7.0454
5452 0.0000
5453 2.9273
5454 7.6988
5455 2.3808
5456 2.6091
5457 0.8648
5458 5.6972
5459 1.4426
5460 6.0112
5461 0.0000
5462 1.6814
5463 5.2601
5464 1.1515
5465 0.5455
5466 9.9246
5467 2.4058
5468 0.0000
5469 -1.2105
5470 -2.4144
5471 6.1880
5472 0.0000
5473 1.7677
5474 -1.5801
5475 0.4903
5476 -4.7972
5477 -1.6496
5478 9.5381
5479 0.2788
5480 7.5101
5481 0.0000
5482 1.1220
5483 9.2561
5484 5.9563
5485 3.6742
5486 -0.1269
5487 4.7490
5488 0.0000
5489 1.8140
5490 8.4243
5491 2.9484
5492 7.9675
5493 5.2361
5494 5.2096
5495 3.7968
5496 4.5665
5497 7.2357
5498 4.7399
5499 11.4754
5500 5.3714
5501 6.0283
5502 7.9209
5503 0.0000
5504 2.9249
5505 1.5706
5506 11.3549
5507 2.5737
5508 0.8741
5509 3.0471
5510 -5.2213
5511 1.1900
5512 0.0000
5513 8.7474
5514 5.1700
5515 1.7162
5516 2.0513
5517 -0.7899
5518 -1.9693
5519 0.0000
5520 -1.7797
5521 4.3674
5522 0.4626
5523 0.0000
5524 1.0430
5525 6.4546
5526 2.5821
5527 0.2749
5528 -0.5676
5529 -1.2753
5530 0.4861
5531 2.7156
5532 0.0000
5533 7.1702
5534 12.8185
5535 3.1033
5536 7.8969
5537 2.5405
5538 3.4131
5539 0.0000
5540 -2.3707
5541 7.7300
5542 1.3793
5543 0.0000
5544 5.2222
5545 8.1567
5546 5.3674
5547 4.8390
5548 2.1084
5549 -0.8903
5550 5.2497
5551 -2.5010
5552 0.0000
5553 -0.3722
5554 7.6410
5555 2.7811
5556 -0.1864
5557 2.5462
5558 1.6374
5559 0.0000
5560 0.1831
5561 -0.5893
5562 0.2111
5563 0.0000
5564 7.1380
5565 -2.4218
5566 6.5104
5567 -0.8861
5568 -4.2638
5569 -5.5382
5570 1.3266
5571 2.9790
5572 0.0000
5573 4.4467
5574 4.8514
5575 8.4651
5576 9.7663
5577 3.1905
5578 6.0944
5579 0.0000
5580 5.2030
5581 0.0000
5582 -0.1833
5583 0.0000
5584 11.0410
5585 -0.6945
5586 0.6418
5587 -0.1819
5588 7.8616
5589 12.8251
5590 9.2276
5591 -4.3311
5592 0.0000
5593 5.9527
5594 4.3373
5595 11.9466
5596 1.6532
5597 8.2692
5598 4.6780
5599 0.0000
5600 1.8169
5601 -1.8255
5602 -1.2410
5603 6.6220
5604 -1.2168
5605 -0.0645
5606 0.0000
5607 -5.7024
5608 0.9857
5609 5.4167
5610 9.4265
5611 0.6885
5612 2.5644
5613 0.0000
5614 -3.6357
5615 -1.1012
5616 4.7591
5617 10.2434
5618 -2.8386
5619 1.4538
5620 0.0000
5621 -0.5644
5622 6.0014
5623 4.1308
5624 9.9962
5625 3.4466
5626 0.8865
5627 0.0000
5628 -0.9121
5629 1.8905
5630 0.9737
5631 7.0267
5632 6.8636
5633 4.3000
5634 0.0000
5635 -12.0711
5636 6.7956
5637 5.1801
5638 1.7044
5639 3.9537
5640 -0.4314
5641 0.0000
5642 3.7722
5643 5.8982
5644 12.1580
5645 8.3259
5646 4.4192
5647 -5.8817
5648 0.0000
5649 3.8510
5650 4.2740
5651 5.1364
5652 5.1340
5653 4.2898
5654 -0.3945
5655 0.0000
5656 0.9354
5657 4.1186
5658 -3.2938
5659 7.1420
5660 9.3426
5661 -4.5850
5662 0.0000
5663 2.7565
5664 3.4589
5665 8.9022
5666 8.0152
5667 7.0309
5668 2.1548
5669 0.0000
5670 1.8454
5671 4.1723
5672 2.2375
5673 9.2469
5674 4.9679
5675 3.5904
5676 0.0000
5677 4.4077
5678 2.7009
5679 -1.7583
5680 -0.5400
5681 0.6592
5682 2.8151
5683 0.0000
5684 0.9088
5685 10.8305
5686 0.9136
5687 9.2626
5688 2.3940
5689 9.1783
5690 0.0000
5691 1.0658
5692 8.3090
5693 8.1501
5694 5.9595
5695 3.7788
5696 2.2816
5697 0.0000
5698 -3.3672
5699 0.0000
5700 -0.0913
5701 0.0000
5702 5.2365
5703 0.0000
5704 2.2454
5705 3.6153
5706 0.0000
5707 -2.6338
5708 1.8493
5709 5.9179
5710 -0.0185
5711 0.0000
5712 4.4660
5713 2.8898
5714 11.6905
5715 0.0000
5716 7.7676
5717 6.5379
5718 10.1814
5719 0.0000
5720 12.7556
5721 -0.5688
5722 -5.1490
5723 4.3727
5724 2.7725
5725 9.4509
5726 3.3601
5727 1.5529
5728 2.8641
5729 0.0000
5730 -1.4831
5731 -1.3033
5732 10.1369
5733 3.7676
5734 4.7332
5735 7.2969
5736 0.0000
5737 -1.2273
5738 0.3968
5739 3.9241
5740 6.0430
5741 3.5268
5742 -0.7417
5743 0.0000
5744 2.5296
5745 -2.8917
5746 3.1308
5747 -1.6211
5748 1.7419
5749 -8.4520
5750 0.0000
5751 -5.7408
5752 0.6983
5753 -5.7121
5754 -4.4704
5755 2.8517
5756 -1.7493
5757 0.0000
5758 7.8351
5759 -3.1862
5760 1.9302
5761 -6.9330
5762 1.2864
5763 0.9348
5764 0.0000
5765 5.4894
5766 4.3073
5767 6.5888
5768 4.9218
5769 1.0737
5770 12.9793
5771 0.0000
5772 2.9729
5773 6.6058
5774 5.8301
5775 -4.7508
5776 -0.1122
5777 -0.0919
5778 0.0000
5779 6.5982
5780 6.9759
5781 8.9748
5782 4.0396
5783 0.1004
5784 -3.6078
5785 0.0000
5786 2.0148
5787 8.5361
5788 -0.7782
5789 6.1665
5790 0.8250
5791 5.0059
5792 0.0000
5793 0.0897
5794 7.4463
5795 -2.5740
5796 0.3474
5797 0.5850
5798 7.7146
5799 0.0000
5800 -0.6018
5801 -0.2691
5802 3.3627
5803 6.3335
5804 2.1441
5805 -0.4243
5806 0.0000
5807 -2.3888
5808 2.2942
5809 0.0000
5810 5.8324
5811 2.1709
5812 10.7206
5813 0.6242
5814 0.8202
5815 6.6172
5816 7.0460
5817 4.5867
5818 0.0000
5819 0.0095
5820 0.6769
5821 0.0000
5822 -0.7019
5823 0.0000
5824 0.1973
5825 0.0000
5826 -0.1168
5827 -2.6414
5828 0.0000
5829 1.2123
5830 5.6749
5831 0.0000
5832 2.0230
5833 3.8126
5834 5.8483
5835 0.0000
5836 -4.7624
5837 7.7532
5838 0.0000
5839 5.7581
5840 2.8415
5841 0.0592
5842 0.0000
5843 9.3097
5844 3.9405
5845 0.0000
5846 5.8627
5847 10.7986
5848 4.8086
5849 0.0000
5850 5.2545
5851 3.7587
5852 0.0000
5853 5.9041
5854 7.7143
5855 3.0205
5856 0.0000
5857 0.6375
5858 1.9799
5859 0.0000
5860 3.1752
5861 2.4695
5862 5.7869
5863 0.0000
5864 -0.2120
5865 9.0007
5866 0.0000
5867 7.0918
5868 7.0146
5869 1.6399
5870 0.0000
5871 9.1204
5872 9.4857
5873 0.0000
5874 3.8191
5875 3.6087
5876 -0.5930
5877 0.0000
5878 4.5548
5879 8.8378
5880 0.0000
5881 -1.7033
5882 5.2480
5883 1.7413
5884 0.0000
5885 -1.3277
5886 8.5822
5887 0.0000
5888 4.6184
5889 -4.1511
5890 4.0354
5891 0.0000
5892 2.3874
5893 6.0453
5894 0.0000
5895 -0.3869
5896 9.4885
5897 5.0389
5898 0.0000
5899 6.9970
5900 -4.3722
5901 0.0000
5902 3.9701
5903 7.8900
5904 3.5984
5905 0.0000
5906 -5.9221
5907 3.1805
5908 0.0000
5909 -1.9837
5910 3.5259
5911 6.4507
5912 0.0000
5913 0.7342
5914 8.5000
5915 0.0000
5916 6.8047
5917 -3.7918
5918 11.5930
5919 0.0000
5920 -4.8103
5921 -2.5303
5922 0.0000
5923 13.0001
5924 11.0627
5925 4.9815
5926 0.0000
5927 1.0971
5928 1.9555
5929 0.0000
5930 3.9358
5931 10.6169
5932 4.2559
5933 0.0000
5934 2.8660
5935 4.2552
5936 0.0000
5937 2.1584
5938 2.6322
5939 3.7145
5940 0.0000
5941 -1.4819
5942 0.0000
5943 1.6037
5944 0.0000
5945 5.6381
5946 3.2207
5947 0.0000
5948 1.5182
5949 0.0000
5950 -0.3984
5951 0.0000
5952 10.4207
5953 13.0295
5954 -4.9372
5955 0.0000
5956 -3.3440
5957 5.4225
5958 -0.2446
5959 0.0000
5960 0.4071
5961 -0.3936
5962 11.0239
5963 0.0000
5964 3.8699
5965 0.0000
5966 1.5551
5967 0.0000
5968 3.5416
5969 9.1814
5970 0.0000
5971 7.2772
5972 0.0000
5973 1.2832
5974 2.0812
5975 2.5647
5976 2.3895
5977 3.7807
5978 8.7480
5979 3.5883
5980 -0.8530
5981 3.4437
5982 10.3056
5983 0.5902
5984 5.2840
5985 3.6847
5986 -1.3738
5987 0.1536
5988 5.8287
5989 0.0000
5990 4.2235
5991 2.8232
5992 6.4686
5993 5.0098
5994 -2.5231
5995 12.6518
5996 6.1852
5997 1.6237
5998 0.0000
5999 -0.4763
6000 3.9955
6001 1.2391
6002 9.7405
6003 10.1673
6004 5.1711
6005 0.0000
6006 -3.6201
6007 1.0309
6008 6.2464
6009 0.0000
6010 3.4109
6011 -11.9527
6012 -1.9247
6013 2.2430
6014 -3.0525
6015 0.5955
6016 0.5338
6017 4.7999
6018 0.0000
6019 -0.5471
6020 5.4678
6021 3.3949
6022 4.0820
6023 10.3436
6024 7.4088
6025 0.0000
6026 1.3697
6027 -0.3821
6028 2.7033
6029 0.0000
6030 2.7767
6031 1.8451
6032 3.7895
6033 9.6380
6034 -7.3275
6035 3.5981
6036 9.1626
6037 11.8997
6038 0.0000
6039 9.4696
6040 2.8863
6041 3.5938
6042 5.2876
6043 -0.3665
6044 0.0663
6045 0.0000
6046 -2.6368
6047 0.9830
6048 4.4108
6049 0.0000
6050 5.5261
6051 7.7632
6052 8.1371
6053 -3.0797
6054 3.5432
6055 3.2940
6056 6.5017
6057 2.8272
6058 0.0000
6059 7.9800
6060 4.6647
6061 7.8479
6062 2.4670
6063 -2.5297
6064 9.0126
6065 0.0000
6066 -5.9747
6067 1.3314
6068 8.8004
6069 1.1197
6070 8.0577
6071 3.0084
6072 5.3139
6073 7.8080
6074 7.5134
6075 8.0384
6076 -0.1666
6077 2.9841
6078 7.3249
6079 -1.1360
6080 0.0000
6081 2.0310
6082 -1.3783
6083 4.3164
6084 3.6497
6085 3.1648
6086 6.8189
6087 -2.4050
6088 -4.9164
6089 0.0000
6090 1.4307
6091 1.3657
6092 3.6954
6093 4.8817
6094 8.1112
6095 11.7015
6096 0.0000
6097 1.8226
6098 7.9337
6099 5.1968
6100 0.0000
6101 5.5024
6102 -0.9491
6103 3.4944
6104 3.2927
6105 -3.9253
6106 -0.1269
6107 5.0836
6108 5.2255
6109 0.0000
6110 4.4098
6111 7.7637
6112 -3.0678
6113 6.5552
6114 1.2388
6115 4.9305
6116 0.0000
6117 4.4852
6118 7.0993
6119 -5.7725
6120 0.0000
6121 5.0295
6122 -3.2192
6123 3.3604
6124 -2.4084
6125 -0.7549
6126 5.4937
6127 6.3823
6128 7.1796
6129 0.0000
6130 8.2576
6131 0.4315
6132 -1.9353
6133 12.0849
6134 9.2458
6135 3.7280
6136 0.0000
6137 5.7976
6138 2.8481
6139 9.3073
6140 0.0000
6141 5.2458
6142 4.2242
6143 0.1173
6144 2.6475
6145 -6.3503
6146 10.3371
6147 1.6773
6148 3.1071
6149 0.0000
6150 8.8820
6151 2.3851
6152 7.3104
6153 1.8021
6154 3.8148
6155 6.6956
6156 0.0000
6157 -0.5340
6158 10.7503
6159 11.9410
6160 1.2260
6161 3.9203
6162 6.5570
6163 9.4375
6164 8.0843
6165 7.6162
6166 5.1798
6167 3.0097
6168 -1.5706
6169 9.0602
6170 5.4169
6171 0.0000
6172 3.3009
6173 -5.1775
6174 5.9653
6175 6.0880
6176 2.9752
6177 -4.2367
6178 0.9324
6179 -1.4934
6180 0.0000
6181 4.2967
6182 -2.8749
6183 -2.0882
6184 -2.5804
6185 4.1861
6186 8.8742
6187 0.0000
6188 3.1315
6189 7.2227
6190 4.1129
6191 0.0000
6192 0.6993
6193 -1.3443
6194 3.7750
6195 4.7643
6196 -2.3461
6197 0.5111
6198 -1.5205
6199 1.4794
6200 0.0000
6201 2.6156
6202 10.3240
6203 -10.5326
6204 2.1424
6205 3.2495
6206 2.6986
6207 0.0000
6208 -0.6083
6209 0.4349
6210 -0.5097
6211 0.0000
6212 4.9846
6213 5.5931
6214 3.9231
6215 6.4220
6216 -1.4587
6217 9.9078
6218 5.7305
6219 -5.8150
6220 0.0000
6221 6.2034
6222 4.4973
6223 -2.1149
6224 -1.8261
6225 11.8721
6226 3.5824
6227 0.0000
6228 -4.4513
6229 15.0512
6230 15.0094
6231 0.0000
6232 10.5380
6233 1.8880
6234 2.5524
6235 -0.5946
6236 2.4062
6237 15.4117
6238 6.7619
6239 3.2993
6240 0.0000
6241 6.5711
6242 9.6125
6243 4.5381
6244 4.0904
6245 7.5710
6246 6.6791
6247 0.0000
6248 4.1124
6249 0.2471
6250 -1.0333
6251 0.8804
6252 -2.1498
6253 8.7229
6254 13.1395
6255 3.6269
6256 -5.3297
6257 2.5232
6258 10.5299
6259 -8.6543
6260 2.9974
6261 -0.9602
6262 0.0000
6263 2.7678
6264 1.3373
6265 -1.0611
6266 9.5837
6267 4.1379
6268 -1.3075
6269 -2.4961
6270 6.0215
6271 0.0000
6272 3.8644
6273 0.1538
6274 2.8459
6275 0.6483
6276 -0.2269
6277 10.2750
6278 0.0000
6279 -2.2931
6280 9.7374
6281 -0.2790
6282 0.0000
6283 1.4330
6284 0.2473
6285 7.1818
6286 3.7697
6287 1.3283
6288 4.5784
6289 11.9002
6290 -0.1404
6291 0.0000
6292 5.5250
6293 4.5692
6294 -1.9401
6295 4.6061
6296 7.5734
6297 10.8369
6298 0.0000
6299 2.2467
6300 4.3869
6301 2.9420
6302 0.0000
6303 -5.7073
6304 1.0110
6305 2.8961
6306 5.2406
6307 9.8228
6308 5.9681
6309 0.0572
6310 7.1377
6311 0.0000
6312 1.5885
6313 8.3726
6314 1.5249
6315 7.7814
6316 8.4489
6317 -2.6480
6318 0.0000
6319 1.4953
6320 0.3034
6321 2.4983
6322 0.0000
6323 5.5123
6324 -2.5806
6325 4.6158
6326 2.5018
6327 -3.9809
6328 8.7411
6329 4.5104
6330 5.6185
6331 0.0000
6332 4.1515
6333 6.1494
6334 0.5841
6335 6.3205
6336 -7.1474
6337 3.0203
6338 0.0000
6339 -1.4520
6340 0.0000
6341 5.2418
6342 0.0000
6343 4.7591
6344 1.7495
6345 0.9154
6346 6.7195
6347 14.2917
6348 9.0735
6349 4.7692
6350 1.9220
6351 0.0000
6352 4.3292
6353 1.3819
6354 5.4291
6355 1.8814
6356 3.1060
6357 5.1415
6358 0.0000
6359 -0.6440
6360 2.1867
6361 13.4167
6362 11.5909
6363 7.0805
6364 4.4306
6365 0.0000
6366 0.1451
6367 6.0257
6368 5.4167
6369 3.4485
6370 7.0123
6371 3.7432
6372 0.0000
6373 0.6413
6374 6.8440
6375 0.2105
6376 11.2682
6377 9.6034
6378 3.0793
6379 0.0000
6380 -6.4751
6381 0.7963
6382 5.1753
6383 8.0232
6384 2.0915
6385 4.5077
6386 0.0000
6387 -5.5325
6388 -0.4346
6389 0.2168
6390 5.4833
6391 3.6801
6392 4.1508
6393 0.0000
6394 6.6082
6395 6.8117
6396 8.9555
6397 -0.2165
6398 6.5312
6399 10.4259
6400 0.0000
6401 5.9321
6402 1.4071
6403 1.1778
6404 2.1880
6405 2.2961
6406 -2.5254
6407 0.0000
6408 4.8943
6409 3.3231
6410 -3.4359
6411 -0.6607
6412 2.3632
6413 5.4505
6414 0.0000
6415 5.3111
6416 1.6485
6417 4.7194
6418 -0.2910
6419 5.6772
6420 -1.6787
6421 0.0000
6422 8.7970
6423 7.2103
6424 5.9539
6425 -0.5965
6426 7.1327
6427 4.9550
6428 0.0000
6429 3.9116
6430 1.1665
6431 3.4727
6432 -1.2535
6433 0.7392
6434 6.3114
6435 0.0000
6436 -2.9158
6437 2.2891
6438 4.3070
6439 10.2395
6440 4.8363
6441 5.6788
6442 0.0000
6443 2.1864
6444 -3.4113
6445 7.9526
6446 4.4086
6447 6.6339
6448 1.6208
6449 0.0000
6450 -8.6600
6451 3.6485
6452 0.3974
6453 2.9186
6454 4.2821
6455 -1.9768
6456 0.0000
6457 -2.9582
6458 0.0000
6459 -1.4298
6460 0.0000
6461 5.4456
6462 0.0000
6463 5.5484
6464 0.1513
6465 0.0000
6466 1.6844
6467 -4.1051
6468 -0.3928
6469 7.9768
6470 0.0000
6471 -2.4863
6472 7.2013
6473 5.3254
6474 0.0000
6475 4.2193
6476 1.6579
6477 7.0409
6478 0.0000
6479 8.7466
6480 9.3446
6481 1.1606
6482 -1.0770
6483 -2.3016
6484 3.9947
6485 7.6979
6486 0.5919
6487 -0.0861
6488 0.0000
6489 -5.4402
6490 5.9649
6491 3.1356
6492 9.8612
6493 6.2063
6494 1.2679
6495 0.0000
6496 5.0934
6497 -0.5664
6498 0.2063
6499 -2.5122
6500 7.3006
6501 4.4280
6502 0.0000
6503 4.5901
6504 5.9719
6505 -5.4430
6506 2.2220
6507 0.5808
6508 -0.0097
6509 0.0000
6510 5.4698
6511 4.0636
6512 -3.2706
6513 1.9432
6514 1.2244
6515 -0.0357
6516 0.0000
6517 1.7768
6518 13.1705
6519 1.9068
6520 3.7302
6521 5.2300
6522 -3.5906
6523 0.0000
6524 -7.0135
6525 7.5958
6526 8.1022
6527 -3.4375
6528 8.5119
6529 16.7393
6530 0.0000
6531 -6.5376
6532 5.8771
6533 13.9029
6534 3.3836
6535 -0.3133
6536 0.3670
6537 0.0000
6538 -1.3544
6539 2.4959
6540 8.8029
6541 -5.8290
6542 1.3781
6543 4.1101
6544 0.0000
6545 0.9031
6546 3.7820
6547 -2.0703
6548 10.0886
6549 2.6161
6550 1.4784
6551 0.0000
6552 -0.3440
6553 -6.5368
6554 -1.0094
6555 3.2055
6556 1.9313
6557 12.4065
6558 0.0000
6559 8.3981
6560 -4.0864
6561 11.4990
6562 11.0068
6563 3.9133
6564 2.1995
6565 0.0000
6566 1.8498
6567 4.9110
6568 0.0000
6569 2.6475
6570 4.3090
6571 3.2339
6572 1.8936
6573 1.1408
6574 10.8780
6575 5.5637
6576 -1.4223
6577 0.0000
6578 2.4923
6579 8.3313
6580 0.0000
6581 8.4318
6582 0.0000
6583 9.8124
6584 0.0000
6585 0.1272
6586 -0.8739
6587 0.0000
6588 6.2287
6589 7.7902
6590 0.0000
6591 3.6432
6592 7.2968
6593 6.4895
6594 0.0000
6595 -0.3051
6596 -1.4871
6597 0.0000
6598 3.1159
6599 8.9699
6600 5.5009
6601 0.0000
6602 -1.2694
6603 -0.3239
6604 0.0000
6605 -2.8334
6606 1.8069
6607 2.6184
6608 0.0000
6609 0.7767
6610 2.3264
6611 0.0000
6612 9.9848
6613 8.4041
6614 4.1908
6615 0.0000
6616 -0.6650
6617 4.8292
6618 0.0000
6619 10.0863
6620 6.0898
6621 0.1195
6622 0.0000
6623 -0.7334
6624 7.4090
6625 0.0000
6626 0.0516
6627 5.6783
6628 8.5537
6629 0.0000
6630 2.1168
6631 7.0201
6632 0.0000
6633 4.1544
6634 2.2380
6635 12.1154
6636 0.0000
6637 1.0924
6638 10.9428
6639 0.0000
6640 10.1300
6641 6.8838
6642 9.6778
6643 0.0000
6644 1.1216
6645 2.5617
6646 0.0000
6647 2.1149
6648 3.2437
6649 0.2565
6650 0.0000
6651 1.0030
6652 -0.9881
6653 0.0000
6654 3.2997
6655 1.3506
6656 -0.2316
6657 0.0000
6658 -1.9128
6659 4.8389
6660 0.0000
6661 1.0263
6662 6.8055
6663 5.3148
6664 0.0000
6665 -3.1861
6666 -1.5226
6667 0.0000
6668 2.8107
6669 5.4039
6670 3.1484
6671 0.0000
6672 0.3931
6673 4.2142
6674 0.0000
6675 2.1993
6676 8.3716
6677 0.7150
6678 0.0000
6679 1.9012
6680 9.6771
6681 0.0000
6682 3.2756
6683 0.6582
6684 8.2283
6685 0.0000
6686 -0.5048
6687 2.1393
6688 0.0000
6689 8.3025
6690 4.1107
6691 14.6887
6692 0.0000
6693 4.2474
6694 6.2370
6695 0.0000
6696 6.8148
6697 1.5821
6698 -1.4407
6699 0.0000
6700 -5.7065
6701 0.0000
6702 -0.7545
6703 0.0000
6704 0.2403
6705 9.7330
6706 0.0000
6707 5.4365
6708 0.0000
6709 5.2897
6710 0.0000
6711 3.3622
6712 1.6279
6713 10.0256
6714 0.0000
6715 4.3120
6716 5.2231
6717 2.4391
6718 0.0000
6719 -0.1054
6720 7.2233
6721 -1.5266
6722 0.0000
6723 -4.7597
6724 0.0000
6725 4.4614
6726 0.0000
6727 5.5005
6728 8.6491
6729 0.0000
6730 0.1483
6731 0.0000
6732 -0.0281
6733 1.2019
6734 -4.6705
6735 3.5514
6736 13.6773
6737 0.8601
6738 6.9392
6739 -0.9580
6740 5.3747
6741 1.4163
6742 3.5645
6743 -0.1724
6744 -0.5041
6745 -1.2053
6746 9.3697
6747 4.1596
6748 0.0000
6749 4.7263
6750 -6.8818
6751 6.2680
6752 -3.3172
6753 4.0550
6754 -0.7937
6755 5.6384
6756 6.1589
6757 0.0000
6758 5.2896
6759 4.3626
6760 5.1322
6761 8.8086
6762 -1.3905
6763 -1.5088
6764 0.0000
6765 3.3682
6766 -3.7340
6767 1.5062
6768 0.0000
6769 -1.4164
6770 -1.8901
6771 1.3668
6772 4.8302
6773 3.0410
6774 5.2718
6775 -0.6287
6776 11.2866
6777 0.0000
6778 8.6874
6779 8.5289
6780 4.6715
6781 10.6452
6782 1.1449
6783 9.3337
6784 0.0000
6785 -1.4275
6786 6.0860
6787 1.1326
6788 0.0000
6789 8.7985
6790 0.6483
6791 2.3805
6792 8.8251
6793 5.2423
6794 -2.8494
6795 0.9387
6796 2.1445
6797 0.0000
6798 8.2856
6799 7.4383
6800 2.6746
6801 1.2069
6802 -2.5468
6803 6.0508
6804 0.0000
6805 1.1876
6806 2.9169
6807 0.3706
6808 0.0000
6809 9.9539
6810 2.7813
6811 -0.9353
6812 1.4218
6813 -6.7191
6814 4.0185
6815 -2.9094
6816 4.0379
6817 0.0000
6818 -2.4397
6819 -2.1424
6820 4.4987
6821 10.1601
6822 5.6081
6823 6.6973
6824 0.0000
6825 0.2303
6826 0.0990
6827 8.8757
6828 -0.3880
6829 4.5930
6830 -2.1830
6831 14.5925
6832 0.3712
6833 6.6910
6834 0.3976
6835 3.5317
6836 6.3101
6837 5.2848
6838 -0.2103
6839 0.0000
6840 2.7485
6841 8.6555
6842 6.6495
6843 9.8615
6844 -3.0022
6845 3.2223
6846 3.0957
6847 13.4127
6848 0.0000
6849 0.3363
6850 0.7631
6851 2.5977
6852 1.9348
6853 4.9691
6854 4.0784
6855 0.0000
6856 -3.9560
6857 7.4686
6858 4.1876
6859 0.0000
6860 4.9461
6861 7.1851
6862 2.3501
6863 -4.8942
6864 -1.3040
6865 12.6269
6866 7.3730
6867 -0.7543
6868 0.0000
6869 0.2010
6870 6.7497
6871 6.1065
6872 8.2659
6873 -1.2331
6874 2.9051
6875 0.0000
6876 -2.4553
6877 8.6264
6878 5.8723
6879 0.0000
6880 1.3799
6881 -3.2692
6882 11.3982
6883 5.1277
6884 -0.7942
6885 10.9978
6886 7.9235
6887 -1.2521
6888 0.0000
6889 4.5830
6890 8.9999
6891 3.4743
6892 1.5138
6893 9.3591
6894 8.6771
6895 0.0000
6896 -4.2261
6897 2.9123
6898 10.5777
6899 0.0000
6900 1.7257
6901 3.5276
6902 2.5556
6903 0.5841
6904 2.3256
6905 -3.4335
6906 -0.9384
6907 4.9625
6908 0.0000
6909 3.5960
6910 1.5597
6911 5.0453
6912 8.2210
6913 2.8966
6914 12.1084
6915 0.0000
6916 -2.7136
6917 -1.0397
6918 5.6671
6919 1.6058
6920 7.4161
6921 3.3467
6922 -1.9653
6923 8.9456
6924 5.2778
6925 8.5184
6926 3.5388
6927 3.2946
6928 -1.3863
6929 -1.0765
6930 0.0000
6931 6.5790
6932 0.3256
6933 -4.8171
6934 7.1756
6935 -3.1072
6936 9.8261
6937 8.0059
6938 1.7187
6939 0.0000
6940 4.2289
6941 1.7441
6942 10.6261
6943 6.5223
6944 2.5993
6945 2.3040
6946 0.0000
6947 0.6423
6948 2.7711
6949 9.5127
6950 0.0000
6951 5.0563
6952 -0.1720
6953 0.7123
6954 1.8882
6955 -1.8951
6956 13.0450
6957 -3.0098
6958 15.3954
6959 0.0000
6960 5.2465
6961 3.4465
6962 7.6472
6963 1.5281
6964 -2.1061
6965 -0.4823
6966 0.0000
6967 -4.0829
6968 2.4229
6969 9.8389
6970 0.0000
6971 4.8225
6972 -4.5745
6973 5.9199
6974 8.5534
6975 3.2023
6976 -2.7812
6977 3.8145
6978 4.7211
6979 0.0000
6980 2.7586
6981 2.4087
6982 4.6453
6983 -2.2072
6984 2.7438
6985 0.9658
6986 0.0000
6987 3.9178
6988 9.6898
6989 8.1844
6990 0.0000
6991 -0.0096
6992 -2.0276
6993 5.3407
6994 7.0044
6995 1.8947
6996 1.3341
6997 6.2365
6998 11.6320
6999 0.0000
7000 9.7123
7001 0.3832
7002 3.3507
7003 2.7469
7004 0.4046
7005 3.5946
7006 0.0000
7007 -0.3994
7008 -1.2680
7009 11.0234
7010 4.4067
7011 5.3455
7012 2.9701
7013 11.2064
7014 4.8115
7015 5.1257
7016 7.7361
7017 1.8480
7018 -2.5005
7019 5.4033
7020 2.8362
7021 0.0000
7022 3.0217
7023 -0.0813
7024 6.5204
7025 6.4359
7026 -1.4576
7027 5.7673
7028 1.8679
7029 7.1391
7030 0.0000
7031 6.6379
7032 3.7860
7033 -3.6947
7034 7.4214
7035 3.8423
7036 -2.8317
7037 0.0000
7038 3.2975
7039 -2.5200
7040 -1.8514
7041 0.0000
7042 1.6160
7043 -9.6563
7044 3.3588
7045 6.6216
7046 1.4038
7047 3.3716
7048 3.5494
7049 5.6469
7050 0.0000
7051 6.0064
7052 2.1048
7053 6.6625
7054 4.0852
7055 3.7339
7056 11.3911
7057 0.0000
7058 -1.1880
7059 1.9837
7060 3.9017
7061 0.0000
7062 0.6023
7063 -0.7258
7064 7.8675
7065 3.4460
7066 5.2620
7067 -3.3933
7068 4.6689
7069 5.1592
7070 0.0000
7071 3.9199
7072 5.1025
7073 4.2945
7074 8.0107
7075 8.1984
7076 5.5568
7077 0.0000
7078 -0.8975
7079 -1.1456
7080 6.4205
7081 0.0000
7082 1.8274
7083 1.5359
7084 10.0211
7085 1.8393
7086 6.3192
7087 -10.0308
7088 -3.7695
7089 8.2021
7090 0.0000
7091 5.1915
7092 7.2349
7093 5.2899
7094 0.9994
7095 1.8096
7096 4.0719
7097 0.0000
7098 5.8454
7099 0.0000
7100 11.6751
7101 0.0000
7102 10.5131
7103 3.5341
7104 2.0193
7105 2.3907
7106 10.9421
7107 4.2616
7108 -4.7676
7109 0.7201
7110 0.0000
7111 10.8365
7112 -4.0711
7113 7.8934
7114 6.4645
7115 5.5016
7116 1.3837
7117 0.0000
7118 1.2219
7119 2.0192
7120 5.1640
7121 -3.4961
7122 0.2126
7123 4.3612
7124 0.0000
7125 -7.0921
7126 1.5805
7127 1.9234
7128 5.7840
7129 1.1889
7130 7.2360
7131 0.0000
7132 -2.6228
7133 5.6992
7134 8.7802
7135 3.6874
7136 -2.8033
7137 1.1592
7138 0.0000
7139 2.9831
7140 7.3075
7141 5.9331
7142 2.7939
7143 6.2214
7144 -1.3629
7145 0.0000
7146 -3.8393
7147 -3.2820
7148 7.0987
7149 -1.9999
7150 -2.7922
7151 4.6931
7152 0.0000
7153 -2.5895
7154 -0.0199
7155 -0.5243
7156 7.2217
7157 -2.3682
7158 -1.7047
7159 0.0000
7160 -3.0475
7161 2.0121
7162 4.3987
7163 -4.7700
7164 7.4946
7165 9.3487
7166 0.0000
7167 4.7877
7168 -4.9283
7169 0.8102
7170 0.2417
7171 5.2173
7172 0.2914
7173 0.0000
7174 -4.4600
7175 1.9642
7176 3.1065
7177 -3.6764
7178 12.6955
7179 7.3399
7180 0.0000
7181 0.7390
7182 6.0575
7183 3.0159
7184 1.2631
7185 -2.0743
7186 -1.1573
7187 0.0000
7188 7.4515
7189 11.2577
7190 0.4045
7191 8.3250
7192 -0.6122
7193 0.9575
7194 0.0000
7195 -2.6946
7196 -1.2248
7197 8.8997
7198 3.4683
7199 -1.5613
7200 7.6535
7201 0.0000
7202 3.4196
7203 1.5231
7204 -5.0807
7205 -3.2682
7206 3.5345
7207 3.9599
7208 0.0000
7209 -0.0864
7210 5.0974
7211 -0.0860
7212 -5.4881
7213 9.0312
7214 -0.1658
7215 0.0000
7216 3.9675
7217 0.0000
7218 4.7328
7219 0.0000
7220 5.9048
7221 0.0000
7222 -1.2728
7223 16.0134
7224 0.0000
7225 -2.1995
7226 6.1343
7227 3.9571
7228 -5.2675
7229 0.0000
7230 1.7255
7231 -2.2015
7232 8.4746
7233 0.0000
7234 14.9244
7235 5.1909
7236 8.9565
7237 0.0000
7238 3.9223
7239 4.8396
7240 7.0046
7241 8.2755
7242 1.2105
7243 7.9518
7244 5.3282
7245 2.0342
7246 10.3847
7247 0.0000
7248 -1.9166
7249 -2.5150
7250 2.7395
7251 9.5979
7252 5.9139
7253 -3.6353
7254 0.0000
7255 -2.1358
7256 3.1326
7257 3.9674
7258 8.0570
7259 9.7017
7260 13.4772
7261 0.0000
7262 11.9507
7263 5.5595
7264 3.8372
7265 12.7973
7266 5.4274
7267 -0.5747
7268 0.0000
7269 -4.2292
7270 0.8384
7271 -4.2146
7272 9.7893
7273 2.3463
7274 4.8081
7275 0.0000
7276 3.1271
7277 10.9399
7278 8.4313
7279 6.8038
7280 1.6144
7281 8.3177
7282 0.0000
7283 4.4698
7284 2.8566
7285 3.8378
7286 0.5515
7287 14.2662
7288 4.7392
7289 0.0000
7290 -1.7516
7291 1.9495
7292 2.9852
7293 -0.7108
7294 1.5828
7295 3.9347
7296 0.0000
7297 0.1161
7298 7.8550
7299 12.5012
7300 8.8963
7301 8.7441
7302 10.9292
7303 0.0000
7304 -1.9724
7305 14.8543
7306 -4.6903
7307 3.5703
7308 2.7803
7309 4.4929
7310 0.0000
7311 -2.7109
7312 -0.1319
7313 0.7946
7314 8.3151
7315 5.7058
7316 -1.0366
7317 0.0000
7318 -1.0329
7319 4.2126
7320 10.7581
7321 4.9748
7322 1.8394
7323 3.1828
7324 0.0000
7325 -3.6219
7326 -3.0713
7327 0.0000
7328 3.3036
7329 -1.8680
7330 7.0532
7331 4.7545
7332 5.3627
7333 -0.8916
7334 -2.3253
7335 -2.1153
7336 0.0000
7337 1.0314
7338 2.1718
7339 0.0000
7340 8.0624
7341 0.0000
7342 -1.1119
7343 0.0000
7344 -10.2520
7345 0.2479
7346 0.0000
7347 2.8449
7348 12.7277
7349 0.0000
7350 10.0382
7351 4.3102
7352 4.1019
7353 0.0000
7354 2.0964
7355 6.0280
7356 0.0000
7357 6.2390
7358 5.6152
7359 9.5060
7360 0.0000
7361 -1.3140
7362 0.4233
7363 0.0000
7364 3.3516
7365 8.6080
7366 2.6712
7367 0.0000
7368 0.6481
7369 0.9156
7370 0.0000
7371 5.0574
7372 5.1910
7373 3.6089
7374 0.0000
7375 0.7207
7376 4.6349
7377 0.0000
7378 6.3049
7379 8.2483
7380 -3.2769
7381 0.0000
7382 -0.3659
7383 -3.2509
7384 0.0000
7385 8.7283
7386 4.2025
7387 8.3554
7388 0.0000
7389 1.8559
7390 -0.7036
7391 0.0000
7392 11.2728
7393 2.2635
7394 1.7339
7395 0.0000
7396 -0.6014
7397 9.3968
7398 0.0000
7399 5.6717
7400 6.0094
7401 5.3158
7402 0.0000
7403 1.4349
7404 6.1319
7405 0.0000
7406 7.8083
7407 6.9078
7408 3.6445
7409 0.0000
7410 -4.2478
7411 -2.1855
7412 0.0000
7413 4.7028
7414 1.2286
7415 7.7616
7416 0.0000
7417 0.7057
7418 10.3748
7419 0.0000
7420 -2.4890
7421 2.2764
7422 -0.7016
7423 0.0000
7424 -2.8817
7425 7.0740
7426 0.0000
7427 -2.1762
7428 2.1000
7429 5.3838
7430 0.0000
7431 -3.8814
7432 -2.6939
7433 0.0000
7434 3.5645
7435 2.6696
7436 9.7810
7437 0.0000
7438 0.4109
7439 13.2542
7440 0.0000
7441 3.4490
7442 3.2349
7443 6.3358
7444 0.0000
7445 -1.5524
7446 5.4496
7447 0.0000
7448 -4.6390
7449 0.4535
7450 13.0668
7451 0.0000
7452 -0.2960
7453 3.5771
7454 0.0000
7455 9.6136
7456 5.3542
7457 0.9663
7458 0.0000
7459 -3.3106
7460 0.0000
7461 -1.1750
7462 0.0000
7463 6.4630
7464 1.4690
7465 0.0000
7466 7.1172
7467 0.0000
7468 -2.2821
7469 0.0000
7470 4.4193
7471 1.9242
7472 1.1243
7473 0.0000
7474 5.1609
7475 9.7983
7476 2.7750
7477 0.0000
7478 -0.9785
7479 0.7816
7480 6.2514
7481 0.0000
7482 3.4139
7483 0.0000
7484 10.5161
7485 0.0000
7486 2.6682
7487 9.5842
7488 0.0000
7489 6.4903
7490 0.0000
7491 -1.6647
7492 1.6498
7493 -1.2337
7494 3.5740
7495 7.8211
7496 8.6718
7497 -0.1818
7498 9.3984
7499 0.0000
7500 -5.5743
7501 1.7672
7502 0.6946
7503 1.7470
7504 0.8882
7505 -4.4201
7506 0.0000
7507 3.0034
7508 -5.0412
7509 0.5817
7510 10.0210
7511 7.7155
7512 2.3815
7513 0.0000
7514 0.1607
7515 1.0299
7516 10.3488
7517 8.1765
7518 4.1270
7519 5.7158
7520 0.0000
7521 0.4151
7522 5.9501
7523 5.8546
7524 4.3873
7525 2.9454
7526 6.3445
7527 0.0000
7528 -0.5024
7529 -2.6778
7530 2.6044
7531 10.2642
7532 5.0806
7533 3.5852
7534 0.0000
7535 3.0562
7536 4.1561
7537 5.8085
7538 4.1859
7539 1.4205
7540 1.8793
7541 0.0000
7542 -3.2717
7543 10.6261
7544 6.2417
7545 3.4971
7546 4.0608
7547 0.6334
7548 0.0000
7549 -0.7233
7550 7.7808
7551 0.1697
7552 -0.6622
7553 5.7989
7554 5.5474
7555 0.0000
7556 -3.5685
7557 6.8460
7558 7.6989
7559 2.5124
7560 1.1172
7561 2.2118
7562 0.0000
7563 -1.1602
7564 4.1283
7565 6.3583
7566 4.9638
7567 4.8265
7568 8.4944
7569 0.0000
7570 1.4538
7571 4.2044
7572 1.1805
7573 9.4116
7574 0.6318
7575 -0.7754
7576 0.0000
7577 -1.4012
7578 4.9700
7579 9.5170
7580 5.6793
7581 -2.4466
7582 12.6622
7583 0.0000
7584 3.6806
7585 -3.9189
7586 4.7583
7587 -2.1608
7588 12.3431
7589 6.2204
7590 0.0000
7591 6.3145
7592 7.4849
7593 -1.5304
7594 9.0485
7595 9.1404
7596 11.2755
7597 0.0000
7598 4.2964
7599 0.6154
7600 0.7966
7601 -4.7611
7602 6.5218
7603 5.2068
7604 0.0000
7605 0.2460
7606 0.0000
7607 4.2986
7608 -1.1391
7609 0.0000
7610 -1.7747
7611 12.6167
7612 0.0000
7613 6.7452
7614 6.5958
7615 0.0000
7616 -1.7381
7617 0.0000
7618 -3.0136
7619 -2.9753
7620 0.0000
7621 11.6812
7622 4.5858
7623 0.0000
7624 3.8468
7625 0.0000
7626 -2.3134
7627 1.3606
7628 0.0000
7629 5.5736
7630 8.8845
7631 0.0000
7632 7.9714
7633 0.0000
7634 -5.3693
7635 4.3528
7636 0.0000
7637 -0.0188
7638 3.3266
7639 0.0000
7640 6.5668
7641 0.0000
7642 1.2101
7643 8.3308
7644 0.0000
7645 -3.5567
7646 0.5539
7647 0.0000
7648 1.6190
7649 0.0000
7650 4.3050
7651 4.2493
7652 0.0000
7653 7.9721
7654 5.0924
7655 0.0000
7656 4.9323
7657 0.0000
7658 2.2139
7659 3.1919
7660 0.0000
7661 6.4222
7662 2.6296
7663 0.0000
7664 1.7459
7665 0.0000
7666 -5.1675
7667 5.7143
7668 0.0000
7669 1.8459
7670 2.3018
7671 0.0000
7672 7.5788
7673 0.0000
7674 1.9046
7675 0.9805
7676 0.0000
7677 1.7396
7678 0.0671
7679 0.0000
7680 3.1072
7681 0.0000
7682 2.9193
7683 7.8643
7684 0.0000
7685 1.8242
7686 7.7502
7687 0.0000
7688 -2.0981
7689 0.0000
7690 -2.0138
7691 2.9341
7692 0.0000
7693 -0.6423
7694 6.9106
7695 0.0000
7696 6.8222
7697 0.0000
7698 -2.9296
7699 6.4328
7700 0.0000
7701 7.1831
7702 1.9123
7703 0.0000
7704 -1.0061
7705 0.0000
7706 5.8374
7707 7.7306
7708 0.0000
7709 -2.7023
7710 5.0098
7711 0.0000
7712 4.3070
7713 0.0000
7714 -5.3167
7715 10.3419
7716 0.0000
7717 2.3776
7718 14.8596
7719 0.0000
7720 -2.1577
7721 0.0000
7722 3.2037
7723 8.5638
7724 0.0000
7725 6.4273
7726 9.7422
7727 0.0000
7728 6.0210
7729 0.0000
7730 4.5822
7731 4.1557
7732 0.0000
7733 3.9566
7734 2.6345
7735 0.0000
7736 -1.1714
7737 0.0000
7738 -0.6782
7739 0.0000
7740 6.3429
