# input  : 16 : 92 4D 95 33 C1 D3 90 10 D1 C9 37 82 F7 6A F0 11 
# output : 16 : 0D 62 CF 6B 20 EF D1 33 1F FF D2 58 F9 60 6D D8 
# cycles : 7740
1 0.0000
2 1.3037
3 1.2071
4 0.0000
5 -6.4116
6 0.0000
7 6.6044
8 9.2479
9 0.0000
10 1.5603
11 4.3832
12 0.0000
13 0.2121
14 0.0000
15 5.0486
16 5.8930
17 0.0000
18 3.7666
19 8.2090
20 0.0000
21 1.8923
22 0.0000
23 8.1529
24 0.5610
25 0.0000
26 2.8860
27 -2.8379
28 0.0000
29 4.7797
30 0.0000
31 13.2923
32 8.0356
33 0.0000
34 -2.4833
35 -1.1325
36 0.0000
37 3.9415
38 0.0000
39 0.0388
40 -5.9696
41 0.0000
42 2.9590
43 4.5717
44 0.0000
45 -3.2844
46 0.0000
47 2.7605
48 4.8396
49 0.0000
50 -0.2662
51 9.5442
52 0.0000
53 0.6836
54 0.0000
55 0.8200
56 3.4625
57 0.0000
58 -6.1480
59 8.3224
60 0.0000
61 -5.3498
62 0.0000
63 -1.2244
64 -2.9056
65 0.0000
66 -0.8189
67 1.2838
68 0.0000
69 -2.5667
70 0.0000
71 1.0740
72 9.6902
73 0.0000
74 3.0590
75 7.9185
76 0.0000
77 -0.2481
78 0.0000
79 5.4533
80 7.7306
81 0.0000
82 0.6182
83 8.3698
84 0.0000
85 3.9681
86 0.0000
87 7.4377
88 -0.3486
89 0.0000
90 -2.4252
91 8.7420
92 0.0000
93 -0.0062
94 0.0000
95 5.1917
96 -0.2330
97 0.0000
98 0.1587
99 2.3501
100 0.0000
101 -3.6340
102 0.0000
103 11.2654
104 7.5796
105 0.0000
106 6.4820
107 2.9993
108 0.0000
109 0.1125
110 0.0000
111 3.1544
112 8.2179
113 0.0000
114 5.8859
115 3.3618
116 0.0000
117 0.5445
118 0.0000
119 7.8649
120 5.2929
121 0.0000
122 5.3817
123 11.5186
124 0.0000
125 4.0462
126 0.0000
127 2.7882
128 -1.2945
129 0.0000
130 2.3199
131 0.9433
132 0.0000
133 -0.1638
134 0.0000
135 9.5390
136 5.9721
137 0.0000
138 3.9952
139 -7.3668
140 3.2783
141 0.0000
142 4.7033
143 3.7227
144 1.7779
145 -1.5426
146 0.0000
147 -6.5001
148 10.8154
149 0.0000
150 4.9189
151 9.1208
152 0.0203
153 -4.5934
154 0.0000
155 -3.3471
156 3.1693
157 0.0000
158 -1.4489
159 5.0620
160 3.1033
161 0.9103
162 0.0000
163 0.6552
164 -5.2677
165 0.0000
166 3.9534
167 0.2133
168 -3.6836
169 6.8009
170 0.0000
171 1.7724
172 5.2833
173 0.0000
174 -0.5836
175 -5.3938
176 6.5646
177 -9.0855
178 0.0000
179 -0.4434
180 6.0452
181 0.0000
182 -0.1522
183 4.6411
184 -2.0091
185 8.2474
186 0.0000
187 5.6834
188 -7.2789
189 0.0000
190 -1.9860
191 9.7361
192 3.2310
193 3.8670
194 0.0000
195 -10.0526
196 6.7796
197 0.0000
198 7.9027
199 5.8386
200 -0.6218
201 -3.2729
202 0.0000
203 1.6534
204 -7.4992
205 0.0000
206 6.9658
207 12.6304
208 0.9926
209 5.8312
210 0.0000
211 2.5629
212 5.2064
213 0.0000
214 2.0595
215 10.0361
216 6.6742
217 -4.5703
218 0.0000
219 2.0930
220 3.0749
221 0.0000
222 5.2579
223 5.1617
224 2.0181
225 1.7401
226 0.0000
227 -2.3408
228 -1.4702
229 0.0000
230 5.4298
231 1.6511
232 -4.6021
233 -2.2431
234 0.0000
235 -2.4717
236 3.0186
237 0.0000
238 6.6588
239 1.1350
240 -6.5241
241 7.9523
242 0.0000
243 -3.3967
244 7.3431
245 0.0000
246 8.3288
247 8.4334
248 4.2084
249 6.7080
250 0.0000
251 -0.6678
252 1.5009
253 0.0000
254 10.4914
255 -0.1879
256 3.8373
257 -7.9055
258 0.0000
259 -5.0638
260 6.7713
261 0.0000
262 1.7066
263 4.0343
264 7.0201
265 -4.4208
266 0.0000
267 -1.8983
268 3.0607
269 0.0000
270 2.2473
271 0.0000
272 2.8675
273 2.6912
274 0.2127
275 1.3399
276 6.5716
277 10.8376
278 -2.9158
279 5.4239
280 0.0000
281 2.6846
282 5.6329
283 2.7114
284 0.6021
285 3.1290
286 8.6846
287 0.0000
288 8.4526
289 6.7462
290 10.4236
291 2.8439
292 10.5959
293 1.8652
294 0.0000
295 6.2129
296 2.3487
297 3.7305
298 -3.5960
299 -2.1497
300 2.2139
301 0.0000
302 0.0433
303 5.2033
304 2.1634
305 7.8834
306 10.3380
307 10.9744
308 0.0000
309 6.8163
310 4.4004
311 8.1781
312 1.3342
313 0.2760
314 1.0940
315 0.0000
316 0.3521
317 -0.1122
318 1.5796
319 6.0509
320 -0.4741
321 2.1798
322 0.0000
323 11.0413
324 -2.9501
325 5.0238
326 3.4936
327 7.1748
328 0.8084
329 0.0000
330 -8.3122
331 1.5621
332 3.9040
333 2.7846
334 3.3374
335 4.2097
336 0.0000
337 -2.3768
338 7.2093
339 8.8339
340 1.8531
341 7.0808
342 2.0749
343 0.0000
344 0.5373
345 2.3761
346 4.0367
347 -0.3909
348 8.1087
349 3.5976
350 0.0000
351 0.7788
352 -3.7038
353 2.8896
354 5.3186
355 2.2753
356 -1.9251
357 0.0000
358 1.4659
359 9.8562
360 0.9679
361 15.9067
362 8.9166
363 0.4874
364 0.0000
365 7.2117
366 8.4205
367 3.3695
368 1.0240
369 5.0027
370 5.2993
371 0.0000
372 6.7826
373 1.4263
374 10.2087
375 8.7392
376 -1.7996
377 3.1865
378 0.0000
379 1.8956
380 -0.3938
381 3.0907
382 4.2481
383 -3.5956
384 4.7127
385 0.0000
386 6.1492
387 0.0000
388 8.6157
389 0.0000
390 3.2176
391 0.0000
392 6.5098
393 2.0077
394 0.0000
395 -1.1434
396 0.3419
397 1.7162
398 9.3309
399 0.0000
400 2.2584
401 6.2766
402 6.3435
403 0.0000
404 12.9838
405 1.2410
406 6.0854
407 0.0000
408 -0.0253
409 5.3005
410 -8.5312
411 -2.0967
412 2.4607
413 3.1927
414 5.0965
415 4.7874
416 4.5809
417 0.0000
418 4.5198
419 8.3615
420 4.1011
421 1.9581
422 6.7262
423 -0.3043
424 0.0000
425 2.8152
426 3.1722
427 4.3015
428 3.2277
429 4.6726
430 3.8703
431 0.0000
432 -3.4368
433 6.4130
434 8.1214
435 5.2557
436 3.7995
437 4.1708
438 0.0000
439 -2.8967
440 -3.3860
441 -2.0298
442 2.1396
443 3.6533
444 3.4988
445 0.0000
446 -0.2418
447 8.1116
448 -2.4438
449 3.8325
450 11.2724
451 4.8527
452 0.0000
453 -0.1045
454 8.7527
455 12.6191
456 3.4491
457 7.7454
458 6.8585
459 0.0000
460 1.5060
461 -1.0216
462 1.0911
463 -0.3859
464 5.0668
465 0.5418
466 0.0000
467 1.4929
468 0.1790
469 4.1528
470 9.2459
471 1.7910
472 8.7319
473 0.0000
474 3.8513
475 8.6248
476 0.0118
477 2.1948
478 0.6122
479 2.0868
480 0.0000
481 -1.2042
482 7.1280
483 1.3970
484 4.3866
485 3.1601
486 -1.4068
487 0.0000
488 -0.1502
489 2.8465
490 -4.4445
491 5.2920
492 9.5483
493 5.7407
494 0.0000
495 3.1154
496 1.9477
497 0.0000
498 4.8280
499 -0.4502
500 -5.8886
501 3.1712
502 3.3415
503 3.4471
504 -0.6461
505 5.0600
506 0.0000
507 -3.4667
508 -3.3855
509 0.0000
510 -2.5238
511 11.9775
512 0.0000
513 4.4456
514 0.7810
515 0.0000
516 8.5944
517 1.6911
518 0.0000
519 4.5964
520 4.1686
521 1.5965
522 0.0000
523 -3.3957
524 -1.6660
525 0.0000
526 7.0322
527 0.5871
528 -1.7636
529 0.0000
530 3.0219
531 -2.4378
532 0.0000
533 0.5615
534 4.8741
535 4.0849
536 0.0000
537 -0.1422
538 -3.0924
539 0.0000
540 7.9372
541 0.1997
542 0.8690
543 0.0000
544 -3.0779
545 8.4052
546 0.0000
547 7.2084
548 4.9751
549 0.4805
550 0.0000
551 -1.0318
552 2.4277
553 0.0000
554 4.7788
555 9.4957
556 3.8709
557 0.0000
558 5.4358
559 5.0727
560 0.0000
561 4.0167
562 -0.0354
563 1.5599
564 0.0000
565 -0.4383
566 1.2963
567 0.0000
568 -2.4801
569 2.5187
570 4.9864
571 0.0000
572 1.9811
573 6.9193
574 0.0000
575 8.7169
576 8.5829
577 0.3338
578 0.0000
579 0.1707
580 9.9617
581 0.0000
582 9.4809
583 3.3913
584 10.3080
585 0.0000
586 -6.6755
587 2.7894
588 0.0000
589 8.0065
590 6.7796
591 11.7228
592 0.0000
593 1.3676
594 -1.0811
595 0.0000
596 13.9281
597 -0.9105
598 11.5048
599 0.0000
600 0.5188
601 7.2236
602 0.0000
603 7.9345
604 6.9844
605 6.8727
606 0.0000
607 5.2854
608 2.9129
609 0.0000
610 1.2573
611 3.5541
612 4.2814
613 0.0000
614 7.8163
615 10.8328
616 0.0000
617 -2.1528
618 -3.2999
619 3.5377
620 0.0000
621 3.8644
622 7.9696
623 0.0000
624 0.3461
625 1.2998
626 0.5270
627 0.0000
628 6.4443
629 0.0000
630 2.4154
631 0.0000
632 1.1541
633 4.8638
634 0.0000
635 14.2130
636 0.0000
637 5.6174
638 0.0000
639 -1.2632
640 -1.6552
641 0.8346
642 0.0000
643 1.6539
644 6.2102
645 1.1757
646 0.0000
647 0.1716
648 1.9095
649 5.3305
650 0.0000
651 1.3368
652 0.0000
653 5.3956
654 0.0000
655 6.1459
656 0.7926
657 0.0000
658 1.7200
659 0.0000
660 0.1788
661 3.3317
662 3.0324
663 0.1861
664 10.8677
665 9.6756
666 8.1558
667 6.5083
668 7.7221
669 4.8642
670 10.1190
671 4.2705
672 4.4219
673 -0.2012
674 5.5548
675 6.7123
676 0.0000
677 -1.0668
678 -1.2484
679 11.2131
680 15.5453
681 -0.1902
682 8.0442
683 13.2878
684 9.5770
685 0.0000
686 6.2187
687 1.9892
688 9.4425
689 8.9352
690 2.7564
691 4.8683
692 0.0000
693 0.4628
694 14.6060
695 9.5275
696 0.0000
697 -5.1360
698 4.0087
699 3.1639
700 3.4153
701 -2.1776
702 -5.5347
703 -5.0628
704 -6.0732
705 0.0000
706 9.2847
707 9.6106
708 5.9256
709 6.2773
710 1.1960
711 10.3764
712 0.0000
713 7.6897
714 -0.7857
715 -0.8454
716 0.0000
717 5.5856
718 -1.4800
719 0.3500
720 2.2804
721 -3.0482
722 1.8093
723 -9.7420
724 3.0580
725 0.0000
726 7.7576
727 8.5300
728 0.0462
729 10.0554
730 6.9540
731 0.6085
732 0.0000
733 1.2837
734 4.2256
735 4.1281
736 0.0000
737 0.9560
738 6.1335
739 5.2000
740 7.9363
741 -0.9059
742 3.0328
743 -0.9227
744 5.5095
745 0.0000
746 9.9718
747 6.1684
748 7.4839
749 7.6618
750 14.5976
751 7.4014
752 0.0000
753 2.7504
754 6.2073
755 7.9151
756 -1.2090
757 2.7222
758 4.6057
759 3.2421
760 1.0691
761 7.1320
762 5.8782
763 6.5235
764 -0.2066
765 4.6265
766 -5.9591
767 0.0000
768 6.9526
769 -5.8570
770 12.2168
771 -1.7909
772 4.2061
773 7.5791
774 -1.6160
775 0.8117
776 0.0000
777 -1.3070
778 5.2643
779 -3.7085
780 3.3390
781 15.1637
782 6.2400
783 0.0000
784 0.0056
785 6.7224
786 9.4155
787 0.0000
788 -0.8616
789 -2.0194
790 5.1223
791 2.6989
792 3.9470
793 6.5926
794 -0.0556
795 7.0316
796 0.0000
797 0.8606
798 7.4522
799 0.5173
800 -3.0061
801 -2.7419
802 8.0555
803 0.0000
804 -4.1739
805 2.1485
806 6.5724
807 0.0000
808 8.6087
809 5.2904
810 2.6119
811 2.3431
812 -2.0935
813 5.0154
814 3.7427
815 9.0987
816 0.0000
817 10.9653
818 2.4596
819 10.3709
820 6.3390
821 6.9896
822 -2.5780
823 0.0000
824 3.9087
825 12.1699
826 3.3695
827 0.0000
828 5.4818
829 -1.7919
830 -3.6651
831 1.9386
832 -1.5165
833 2.1026
834 3.5906
835 0.6074
836 0.0000
837 4.7266
838 8.6586
839 9.0616
840 0.8372
841 2.0029
842 6.3184
843 0.0000
844 7.0033
845 2.2968
846 1.8906
847 2.4423
848 -2.9910
849 0.0470
850 -1.0321
851 4.9431
852 6.9910
853 1.6412
854 -5.3667
855 0.6199
856 9.7625
857 6.2712
858 0.0000
859 0.8501
860 0.6073
861 12.0713
862 0.0187
863 7.1201
864 4.4593
865 4.3313
866 7.3099
867 0.0000
868 2.8483
869 11.4444
870 -5.9396
871 11.6196
872 1.3080
873 7.2601
874 0.0000
875 -3.0681
876 4.4918
877 10.1166
878 0.0000
879 5.8279
880 -5.3514
881 2.6238
882 2.3997
883 -1.7947
884 5.4174
885 7.3521
886 2.6630
887 0.0000
888 4.9984
889 2.4598
890 7.1861
891 2.5403
892 -2.9151
893 2.2450
894 0.0000
895 5.7746
896 1.8644
897 -2.2022
898 0.0000
899 1.8730
900 4.0957
901 0.4219
902 -9.4537
903 -0.3643
904 11.4574
905 -3.4392
906 6.3160
907 0.0000
908 0.9022
909 -2.2563
910 7.9418
911 6.8962
912 4.3163
913 4.1875
914 0.0000
915 4.2483
916 -0.8775
917 1.3769
918 0.0000
919 -0.2510
920 2.8729
921 2.2410
922 -1.5136
923 0.5452
924 15.3387
925 3.3444
926 4.6483
927 0.0000
928 2.5182
929 4.4743
930 -4.2503
931 6.6585
932 5.9621
933 8.6820
934 0.0000
935 -4.4679
936 12.6903
937 5.8099
938 -5.1018
939 1.2129
940 7.5223
941 3.1836
942 -3.9790
943 9.2138
944 4.9853
945 3.4252
946 -1.6639
947 8.3306
948 11.2856
949 0.0000
950 10.4103
951 -0.8956
952 10.9307
953 6.1483
954 -9.7769
955 6.8728
956 1.1354
957 -0.0601
958 0.0000
959 11.3832
960 5.0997
961 5.0480
962 3.3858
963 6.1420
964 4.2571
965 0.0000
966 -0.0826
967 3.7936
968 6.4413
969 0.0000
970 4.5426
971 1.0363
972 6.3151
973 8.9112
974 -2.2371
975 2.9563
976 -1.5869
977 7.8497
978 0.0000
979 6.7106
980 10.3094
981 -0.3687
982 0.3923
983 2.6766
984 -2.3032
985 0.0000
986 7.8904
987 0.5604
988 0.2522
989 0.0000
990 3.0893
991 -0.6265
992 3.9870
993 3.8799
994 -5.0553
995 -9.2104
996 2.0983
997 3.6323
998 0.0000
999 9.3422
1000 2.2153
1001 6.0779
1002 5.2462
1003 10.6055
1004 7.8510
1005 0.0000
1006 1.5766
1007 10.3794
1008 2.4984
1009 0.0000
1010 6.0777
1011 -3.1273
1012 5.8521
1013 -2.3809
1014 -3.9186
1015 14.2411
1016 2.5982
1017 6.5736
1018 0.0000
1019 -0.6628
1020 1.4721
1021 4.1114
1022 13.1186
1023 -3.2313
1024 1.8985
1025 0.0000
1026 3.9046
1027 0.0000
1028 -1.3243
1029 0.0000
1030 0.4776
1031 -0.2512
1032 -2.0000
1033 8.2341
1034 6.3229
1035 11.8711
1036 4.8455
1037 3.2717
1038 0.0000
1039 3.3086
1040 1.6925
1041 10.1583
1042 6.2545
1043 11.7196
1044 -1.9256
1045 0.0000
1046 -1.4784
1047 17.4956
1048 1.4993
1049 4.7691
1050 2.7653
1051 6.6897
1052 0.0000
1053 -0.2783
1054 3.1372
1055 1.6458
1056 9.2173
1057 -0.7319
1058 -0.3147
1059 0.0000
1060 7.0867
1061 1.0067
1062 0.8711
1063 3.1744
1064 4.4971
1065 -1.1286
1066 0.0000
1067 5.5357
1068 8.5196
1069 6.1503
1070 2.2283
1071 -1.5989
1072 -1.0684
1073 0.0000
1074 5.1754
1075 7.2401
1076 -5.1618
1077 4.1468
1078 2.0504
1079 8.2274
1080 0.0000
1081 -0.1476
1082 1.2994
1083 9.2137
1084 10.8113
1085 1.4280
1086 4.2799
1087 0.0000
1088 0.8137
1089 7.5818
1090 0.0602
1091 2.1640
1092 4.8109
1093 -0.0765
1094 0.0000
1095 2.4280
1096 5.2482
1097 3.9642
1098 5.8397
1099 1.3739
1100 4.5333
1101 0.0000
1102 -0.6409
1103 9.8507
1104 0.7146
1105 -2.9516
1106 8.3029
1107 5.0918
1108 0.0000
1109 3.9568
1110 -3.6165
1111 3.2713
1112 -2.1342
1113 1.4223
1114 3.1920
1115 0.0000
1116 5.4329
1117 -1.1629
1118 9.3084
1119 3.4916
1120 0.7480
1121 -1.1169
1122 0.0000
1123 1.9976
1124 3.3911
1125 4.7072
1126 7.9293
1127 5.3485
1128 2.0016
1129 0.0000
1130 -4.3428
1131 2.5254
1132 -0.0410
1133 -0.8080
1134 -0.0564
1135 7.8502
1136 0.0000
1137 -7.7462
1138 4.9591
1139 2.9589
1140 -0.9607
1141 -1.9332
1142 10.2649
1143 0.0000
1144 2.4196
1145 0.0000
1146 4.8272
1147 0.0000
1148 2.9149
1149 0.0000
1150 2.6324
1151 -0.9344
1152 0.0000
1153 -5.4187
1154 4.9451
1155 6.9725
1156 4.9418
1157 0.0000
1158 5.8256
1159 -1.2721
1160 -4.1415
1161 0.0000
1162 -3.1841
1163 2.9143
1164 6.9110
1165 0.0000
1166 0.6776
1167 5.2391
1168 -0.0001
1169 7.9715
1170 7.7202
1171 4.8534
1172 3.1406
1173 8.2165
1174 1.0571
1175 0.0000
1176 7.5117
1177 -3.4228
1178 0.8348
1179 -1.5534
1180 0.2582
1181 8.4941
1182 0.0000
1183 9.8022
1184 2.1715
1185 -0.7970
1186 9.4738
1187 0.7542
1188 0.8079
1189 0.0000
1190 -3.3076
1191 8.9424
1192 6.0120
1193 -0.3253
1194 3.2562
1195 7.5347
1196 0.0000
1197 -4.2929
1198 7.9922
1199 7.8899
1200 4.2897
1201 5.5838
1202 -7.3977
1203 0.0000
1204 0.4025
1205 2.8981
1206 8.7889
1207 2.2771
1208 5.3694
1209 12.2398
1210 0.0000
1211 6.7320
1212 2.2297
1213 4.2262
1214 -4.6773
1215 -1.5036
1216 9.1798
1217 0.0000
1218 -2.6704
1219 -7.3708
1220 3.5852
1221 2.3582
1222 2.1572
1223 -0.0080
1224 0.0000
1225 2.6152
1226 3.2951
1227 11.1919
1228 11.4645
1229 0.4214
1230 4.1796
1231 0.0000
1232 -3.5957
1233 0.7893
1234 7.2627
1235 0.6747
1236 -1.1395
1237 6.3675
1238 0.0000
1239 -4.8652
1240 1.8848
1241 2.9883
1242 2.5808
1243 2.4966
1244 -4.1417
1245 0.0000
1246 6.9516
1247 10.2241
1248 6.7972
1249 11.4605
1250 5.2780
1251 4.4899
1252 0.0000
1253 3.3332
1254 8.6973
1255 0.0000
1256 1.6055
1257 -2.2204
1258 -1.4710
1259 10.6465
1260 -3.7661
1261 2.5171
1262 0.4640
1263 -2.2401
1264 0.0000
1265 0.2020
1266 0.9373
1267 0.0000
1268 8.1157
1269 0.0000
1270 -3.5144
1271 0.0000
1272 -6.9495
1273 2.6433
1274 0.0000
1275 -3.1843
1276 8.5961
1277 0.0000
1278 3.8105
1279 2.6189
1280 2.3877
1281 0.0000
1282 1.2205
1283 3.8093
1284 0.0000
1285 8.7882
1286 1.3319
1287 7.4751
1288 0.0000
1289 -0.2265
1290 3.5261
1291 0.0000
1292 2.9599
1293 7.2113
1294 -2.6550
1295 0.0000
1296 8.6955
1297 12.6195
1298 0.0000
1299 5.4211
1300 5.3341
1301 6.6596
1302 0.0000
1303 3.8996
1304 7.7147
1305 0.0000
1306 0.5522
1307 14.3282
1308 7.1226
1309 0.0000
1310 -6.5274
1311 7.1655
1312 0.0000
1313 4.1778
1314 8.9410
1315 9.1531
1316 0.0000
1317 -5.0470
1318 0.5072
1319 0.0000
1320 11.4376
1321 3.6087
1322 -1.2194
1323 0.0000
1324 -3.5045
1325 9.3382
1326 0.0000
1327 4.5648
1328 10.0451
1329 -1.9669
1330 0.0000
1331 -1.5046
1332 -0.4056
1333 0.0000
1334 4.0369
1335 0.4842
1336 7.7680
1337 0.0000
1338 4.3979
1339 7.5183
1340 0.0000
1341 0.3199
1342 3.1163
1343 4.1395
1344 0.0000
1345 -5.6109
1346 0.0047
1347 0.0000
1348 11.1220
1349 -0.9176
1350 3.0376
1351 0.0000
1352 5.9315
1353 6.5680
1354 0.0000
1355 7.2563
1356 9.8106
1357 5.7557
1358 0.0000
1359 -5.8168
1360 5.7890
1361 0.0000
1362 3.0275
1363 6.8221
1364 0.2020
1365 0.0000
1366 4.6244
1367 6.7910
1368 0.0000
1369 5.2775
1370 4.4843
1371 -1.0655
1372 0.0000
1373 7.7080
1374 12.8232
1375 0.0000
1376 6.6244
1377 6.0003
1378 5.2475
1379 0.0000
1380 0.0075
1381 9.7094
1382 0.0000
1383 -0.6849
1384 4.2704
1385 0.2959
1386 0.0000
1387 1.0118
1388 0.0000
1389 1.0484
1390 0.0000
1391 5.9217
1392 9.5051
1393 0.0000
1394 1.1124
1395 0.0000
1396 -2.6210
1397 0.0000
1398 6.7086
1399 9.9220
1400 7.9088
1401 0.0000
1402 -0.5525
1403 7.6542
1404 8.2116
1405 0.0000
1406 0.2591
1407 6.9749
1408 5.9769
1409 0.0000
1410 5.6528
1411 0.0000
1412 10.8340
1413 0.0000
1414 5.5702
1415 4.0338
1416 0.0000
1417 3.1309
1418 0.0000
1419 8.7584
1420 4.0629
1421 6.3430
1422 10.7433
1423 5.0609
1424 0.4051
1425 2.6876
1426 8.9498
1427 3.0210
1428 1.1909
1429 5.2430
1430 4.0582
1431 7.7476
1432 0.2412
1433 5.2332
1434 3.0598
1435 0.0000
1436 2.6173
1437 -3.6375
1438 2.4209
1439 5.3674
1440 3.8165
1441 3.1748
1442 3.3968
1443 3.6533
1444 0.0000
1445 6.6247
1446 -4.3925
1447 6.8675
1448 6.3859
1449 -0.3335
1450 3.5798
1451 0.0000
1452 -7.3657
1453 11.4968
1454 6.8733
1455 0.0000
1456 9.9459
1457 0.9597
1458 6.0587
1459 -5.9864
1460 6.9441
1461 5.1346
1462 3.5215
1463 -3.3993
1464 0.0000
1465 0.9784
1466 8.2966
1467 4.2879
1468 5.4582
1469 5.3484
1470 0.6793
1471 0.0000
1472 -4.5918
1473 2.9353
1474 7.7163
1475 0.0000
1476 3.4562
1477 0.9630
1478 5.6120
1479 0.5694
1480 -3.1124
1481 7.6984
1482 6.5117
1483 2.1724
1484 0.0000
1485 9.8238
1486 10.3433
1487 -2.7508
1488 5.4276
1489 1.9674
1490 9.6486
1491 0.0000
1492 -2.3326
1493 3.6982
1494 -1.5860
1495 0.0000
1496 6.5765
1497 4.5285
1498 5.5752
1499 3.9559
1500 3.3999
1501 17.4050
1502 10.8318
1503 -2.1102
1504 0.0000
1505 4.6258
1506 5.6247
1507 -1.7841
1508 7.6322
1509 9.9256
1510 4.6285
1511 0.0000
1512 2.2833
1513 2.2332
1514 5.8769
1515 -2.1781
1516 2.4571
1517 -3.1411
1518 3.6819
1519 -1.7712
1520 3.3590
1521 4.7587
1522 -1.7781
1523 -3.5860
1524 8.7830
1525 1.3100
1526 0.0000
1527 1.4717
1528 -1.4395
1529 7.2352
1530 4.2142
1531 1.9270
1532 3.9215
1533 3.7317
1534 9.5818
1535 0.0000
1536 7.0145
1537 1.2080
1538 -6.8524
1539 6.3469
1540 3.6409
1541 4.8661
1542 0.0000
1543 3.8526
1544 8.5551
1545 2.3908
1546 0.0000
1547 1.0049
1548 -3.3298
1549 3.1379
1550 2.6390
1551 3.0397
1552 17.6003
1553 -1.6483
1554 0.9154
1555 0.0000
1556 4.7338
1557 4.9518
1558 -4.8312
1559 -3.5413
1560 -5.1920
1561 -1.8948
1562 0.0000
1563 -5.6418
1564 10.6899
1565 1.3989
1566 0.0000
1567 6.9531
1568 -0.3010
1569 11.4116
1570 -0.7272
1571 -2.9719
1572 13.3619
1573 11.0385
1574 9.0836
1575 0.0000
1576 5.8435
1577 4.2555
1578 3.1830
1579 -1.2827
1580 3.9846
1581 3.0594
1582 0.0000
1583 -2.2076
1584 1.5644
1585 -5.1739
1586 0.0000
1587 1.5479
1588 -2.3744
1589 6.3624
1590 8.3070
1591 0.1310
1592 11.0217
1593 9.9541
1594 0.2665
1595 0.0000
1596 4.1045
1597 5.6526
1598 5.9786
1599 11.0383
1600 15.6749
1601 9.5978
1602 0.0000
1603 0.1933
1604 2.9159
1605 9.4955
1606 -1.7521
1607 -4.0174
1608 1.8542
1609 13.6513
1610 0.9621
1611 3.2134
1612 8.0691
1613 2.7159
1614 4.2305
1615 7.9988
1616 3.2108
1617 0.0000
1618 8.1761
1619 3.1174
1620 5.1689
1621 -6.2926
1622 -1.4127
1623 12.4682
1624 -1.7802
1625 6.2142
1626 0.0000
1627 0.4492
1628 10.2456
1629 6.9587
1630 8.3093
1631 6.4720
1632 5.7556
1633 0.0000
1634 -5.1122
1635 7.1045
1636 3.6814
1637 0.0000
1638 0.2320
1639 6.2996
1640 1.7203
1641 1.7794
1642 -2.0331
1643 0.8302
1644 1.3532
1645 6.3030
1646 0.0000
1647 4.2627
1648 -2.2917
1649 4.3945
1650 3.7531
1651 -2.9902
1652 -1.9715
1653 0.0000
1654 -1.6520
1655 1.5812
1656 2.6625
1657 0.0000
1658 8.7646
1659 -0.9791
1660 1.6753
1661 2.0116
1662 -4.5927
1663 8.5383
1664 7.0052
1665 -2.5668
1666 0.0000
1667 3.0626
1668 3.7513
1669 4.2333
1670 3.8186
1671 11.8511
1672 7.4010
1673 0.0000
1674 -3.3273
1675 5.2485
1676 -3.4818
1677 0.0000
1678 2.1586
1679 4.9724
1680 -0.3860
1681 4.9850
1682 -6.0017
1683 -1.1041
1684 -1.8892
1685 2.3390
1686 0.0000
1687 -0.9231
1688 3.1495
1689 8.4451
1690 5.6141
1691 13.7335
1692 6.5734
1693 0.0000
1694 1.2183
1695 -2.3092
1696 -10.9418
1697 9.1748
1698 -0.6814
1699 9.4052
1700 9.3531
1701 2.8365
1702 1.0883
1703 5.0213
1704 -5.6141
1705 -2.3705
1706 -2.0737
1707 2.9448
1708 0.0000
1709 8.1862
1710 3.6967
1711 3.8666
1712 1.3980
1713 0.3855
1714 9.2368
1715 1.1324
1716 5.6086
1717 0.0000
1718 0.3493
1719 -1.5175
1720 8.9611
1721 -8.4176
1722 5.3566
1723 4.9230
1724 0.0000
1725 1.9846
1726 8.9198
1727 8.8439
1728 0.0000
1729 6.9132
1730 -1.9890
1731 -0.9099
1732 -0.2366
1733 0.7838
1734 -1.1992
1735 4.0615
1736 1.0061
1737 0.0000
1738 8.5736
1739 3.2451
1740 6.2337
1741 9.6711
1742 -8.1652
1743 6.6915
1744 0.0000
1745 1.5938
1746 8.1281
1747 0.5072
1748 0.0000
1749 7.1824
1750 2.2585
1751 -1.8309
1752 -1.0947
1753 -3.4853
1754 6.5046
1755 1.7168
1756 0.3541
1757 0.0000
1758 6.2337
1759 8.7688
1760 2.3288
1761 4.6152
1762 12.8790
1763 -7.2917
1764 0.0000
1765 4.2186
1766 11.6525
1767 7.4455
1768 0.0000
1769 -2.9379
1770 5.6096
1771 6.5026
1772 -2.5790
1773 7.3460
1774 13.4943
1775 -0.3937
1776 -6.6266
1777 0.0000
1778 4.7868
1779 4.2775
1780 -2.4989
1781 0.8038
1782 3.5364
1783 6.9509
1784 0.0000
1785 -9.2194
1786 0.0000
1787 5.0494
1788 0.0000
1789 11.4663
1790 6.9140
1791 4.3098
1792 1.2195
1793 3.2726
1794 10.1868
1795 3.2473
1796 -1.9871
1797 0.0000
1798 7.0989
1799 2.5748
1800 3.6455
1801 7.9752
1802 2.8636
1803 6.9078
1804 0.0000
1805 -1.0121
1806 1.2763
1807 1.1353
1808 4.8912
1809 -2.8559
1810 2.2989
1811 0.0000
1812 0.1674
1813 7.9349
1814 -0.7802
1815 3.3986
1816 2.8549
1817 0.9284
1818 0.0000
1819 1.5039
1820 3.7214
1821 16.0463
1822 12.7017
1823 6.0522
1824 2.3371
1825 0.0000
1826 1.0935
1827 -0.1407
1828 6.0909
1829 2.6192
1830 -1.3583
1831 5.9954
1832 0.0000
1833 -7.9806
1834 1.4045
1835 5.0923
1836 6.6507
1837 3.2555
1838 6.6687
1839 0.0000
1840 7.2652
1841 8.8299
1842 1.8927
1843 1.2833
1844 0.1375
1845 3.5581
1846 0.0000
1847 3.3952
1848 3.4505
1849 1.9720
1850 1.8414
1851 9.7905
1852 8.8226
1853 0.0000
1854 0.0112
1855 3.0296
1856 11.3100
1857 -5.2801
1858 5.6599
1859 4.8183
1860 0.0000
1861 5.0098
1862 8.8089
1863 8.6617
1864 9.4826
1865 2.4194
1866 2.8625
1867 0.0000
1868 2.6611
1869 2.4018
1870 8.6993
1871 8.4793
1872 9.8676
1873 8.8970
1874 0.0000
1875 4.0168
1876 0.3176
1877 -3.6546
1878 8.7586
1879 1.4468
1880 1.8500
1881 0.0000
1882 4.0546
1883 1.3294
1884 12.1058
1885 7.3466
1886 -0.4761
1887 1.7461
1888 0.0000
1889 1.6002
1890 4.0392
1891 10.3785
1892 2.0850
1893 0.1989
1894 6.5762
1895 0.0000
1896 -5.4070
1897 2.8021
1898 9.7983
1899 4.9971
1900 -1.1155
1901 -1.7607
1902 0.0000
1903 -2.0746
1904 0.0000
1905 3.5858
1906 0.0000
1907 5.7930
1908 0.0000
1909 4.8115
1910 3.5598
1911 0.0000
1912 -0.1608
1913 9.9720
1914 1.1812
1915 16.6184
1916 0.0000
1917 1.8960
1918 4.1689
1919 5.8622
1920 0.0000
1921 1.9632
1922 -0.8463
1923 4.1253
1924 0.0000
1925 2.2612
1926 6.2391
1927 4.1468
1928 2.0877
1929 11.6389
1930 3.6980
1931 7.1182
1932 -1.0428
1933 1.9328
1934 0.0000
1935 3.0119
1936 1.7912
1937 2.9126
1938 0.2270
1939 5.9202
1940 0.1947
1941 0.0000
1942 -3.7458
1943 2.1316
1944 7.5703
1945 10.9708
1946 3.2683
1947 -0.8778
1948 0.0000
1949 -1.0374
1950 -4.8935
1951 -0.1691
1952 2.9570
1953 11.3559
1954 5.3466
1955 0.0000
1956 1.3239
1957 3.4689
1958 4.3331
1959 3.7872
1960 8.1564
1961 -0.3771
1962 0.0000
1963 -2.3800
1964 -0.0569
1965 3.2599
1966 -0.9099
1967 1.2048
1968 3.2235
1969 0.0000
1970 -3.8000
1971 9.1408
1972 8.3286
1973 6.0514
1974 5.9650
1975 2.9586
1976 0.0000
1977 6.7889
1978 9.4856
1979 -5.3317
1980 -5.0872
1981 -1.3511
1982 -3.8666
1983 0.0000
1984 -3.0350
1985 2.2972
1986 6.7490
1987 -1.0532
1988 1.5089
1989 2.0137
1990 0.0000
1991 0.0824
1992 11.7554
1993 4.2735
1994 -3.2031
1995 -1.5928
1996 -0.8271
1997 0.0000
1998 -3.2299
1999 9.5361
2000 -5.6234
2001 -3.0830
2002 -0.3869
2003 2.7995
2004 0.0000
2005 4.3455
2006 -4.5408
2007 8.3632
2008 8.0097
2009 5.6641
2010 -3.5654
2011 0.0000
2012 -6.1288
2013 -1.6580
2014 0.0000
2015 5.4931
2016 5.7893
2017 0.2647
2018 -4.3594
2019 -3.7346
2020 -4.8673
2021 -7.0022
2022 7.1198
2023 0.0000
2024 -0.6362
2025 4.5220
2026 0.0000
2027 -2.3398
2028 0.0000
2029 5.1057
2030 0.0000
2031 -0.8207
2032 -2.5483
2033 0.0000
2034 -0.7480
2035 7.2727
2036 0.0000
2037 12.9821
2038 6.2236
2039 7.3904
2040 0.0000
2041 0.8248
2042 6.1377
2043 0.0000
2044 0.6874
2045 -2.9354
2046 5.7478
2047 0.0000
2048 4.5835
2049 3.5322
2050 0.0000
2051 11.1856
2052 7.0386
2053 -6.7328
2054 0.0000
2055 -5.0785
2056 6.7226
2057 0.0000
2058 -3.6499
2059 8.8886
2060 4.4477
2061 0.0000
2062 1.4048
2063 -0.0550
2064 0.0000
2065 5.1274
2066 6.6988
2067 11.2415
2068 0.0000
2069 0.1657
2070 6.1549
2071 0.0000
2072 3.6020
2073 10.4350
2074 4.0782
2075 0.0000
2076 1.9321
2077 6.5922
2078 0.0000
2079 4.2139
2080 -2.8259
2081 1.9844
2082 0.0000
2083 2.5548
2084 2.4663
2085 0.0000
2086 1.3238
2087 1.7419
2088 -4.3955
2089 0.0000
2090 0.7112
2091 6.4715
2092 0.0000
2093 5.7622
2094 3.8681
2095 1.3358
2096 0.0000
2097 -1.4196
2098 15.0973
2099 0.0000
2100 13.3286
2101 1.4654
2102 6.4494
2103 0.0000
2104 -2.6914
2105 12.2527
2106 0.0000
2107 10.6455
2108 8.5251
2109 1.6848
2110 0.0000
2111 5.6420
2112 -1.5064
2113 0.0000
2114 7.5035
2115 8.9654
2116 5.5152
2117 0.0000
2118 3.5604
2119 5.5476
2120 0.0000
2121 9.5608
2122 15.5803
2123 3.1764
2124 0.0000
2125 2.8777
2126 2.7908
2127 0.0000
2128 3.1930
2129 -3.4082
2130 5.7854
2131 0.0000
2132 0.1064
2133 12.0781
2134 0.0000
2135 5.8657
2136 -0.1154
2137 10.8069
2138 0.0000
2139 -4.2565
2140 -4.5685
2141 0.0000
2142 4.7646
2143 2.9077
2144 -0.9045
2145 0.0000
2146 0.0397
2147 0.0000
2148 -2.6591
2149 0.0000
2150 6.7805
2151 7.4314
2152 0.0000
2153 1.2624
2154 0.0000
2155 3.7733
2156 0.0000
2157 14.5969
2158 0.4030
2159 2.8912
2160 0.0000
2161 -1.0083
2162 -0.0523
2163 -0.5447
2164 0.0000
2165 6.6211
2166 1.0971
2167 6.1859
2168 0.0000
2169 1.9268
2170 0.0000
2171 3.2992
2172 0.0000
2173 3.5993
2174 3.2373
2175 0.0000
2176 1.1498
2177 0.0000
2178 8.5701
2179 0.4647
2180 -2.5425
2181 5.6011
2182 6.4727
2183 15.3201
2184 4.2085
2185 4.9495
2186 4.3091
2187 2.6265
2188 6.4891
2189 5.9684
2190 6.9252
2191 1.7986
2192 2.4981
2193 5.0180
2194 0.0000
2195 -1.5093
2196 1.8743
2197 10.0884
2198 11.9200
2199 -4.2584
2200 5.9735
2201 4.2692
2202 -8.4516
2203 0.0000
2204 2.9252
2205 5.2147
2206 2.1586
2207 -0.9544
2208 -2.1309
2209 7.7604
2210 0.0000
2211 -3.3185
2212 5.3094
2213 -0.7744
2214 0.0000
2215 7.2703
2216 -6.2641
2217 5.1926
2218 4.0814
2219 1.2794
2220 0.8420
2221 -6.6960
2222 7.5712
2223 0.0000
2224 10.0989
2225 -0.8235
2226 1.6283
2227 14.8922
2228 3.4389
2229 0.2133
2230 0.0000
2231 9.1015
2232 2.8223
2233 -1.4403
2234 0.0000
2235 3.0749
2236 8.8543
2237 -0.9188
2238 6.3232
2239 -2.9499
2240 2.4469
2241 2.5653
2242 0.4537
2243 0.0000
2244 4.5792
2245 0.7158
2246 7.2083
2247 8.4202
2248 -0.2412
2249 -3.3025
2250 0.0000
2251 2.3898
2252 10.4516
2253 6.9550
2254 0.0000
2255 0.2832
2256 -1.5479
2257 9.2671
2258 5.7524
2259 2.5878
2260 8.7377
2261 4.3932
2262 7.8938
2263 0.0000
2264 2.8067
2265 4.1897
2266 3.4972
2267 0.3258
2268 12.1978
2269 4.2506
2270 0.0000
2271 -6.1108
2272 0.4448
2273 -1.7737
2274 1.2280
2275 9.4222
2276 1.3839
2277 3.8116
2278 1.9057
2279 5.5574
2280 10.1379
2281 3.4870
2282 6.0071
2283 1.3522
2284 1.3834
2285 0.0000
2286 -3.1905
2287 -6.8282
2288 7.5539
2289 -3.7121
2290 -1.6181
2291 9.0121
2292 7.6508
2293 6.7939
2294 0.0000
2295 4.4111
2296 8.5923
2297 7.4488
2298 5.5176
2299 1.4553
2300 0.2327
2301 0.0000
2302 -1.9490
2303 7.6869
2304 3.7993
2305 0.0000
2306 8.2121
2307 -0.7722
2308 3.1304
2309 -3.9629
2310 4.4131
2311 6.1311
2312 7.6523
2313 5.8105
2314 0.0000
2315 16.3031
2316 5.0476
2317 5.0899
2318 12.0871
2319 4.0034
2320 5.6461
2321 0.0000
2322 1.4607
2323 3.2080
2324 7.2714
2325 0.0000
2326 5.5970
2327 -5.5840
2328 5.9493
2329 7.8794
2330 -3.4669
2331 16.0618
2332 3.9375
2333 5.3108
2334 0.0000
2335 17.1476
2336 0.4434
2337 4.7826
2338 8.2090
2339 10.9710
2340 7.9642
2341 0.0000
2342 -4.6238
2343 10.1262
2344 7.8633
2345 0.0000
2346 -4.4344
2347 -1.7660
2348 4.7527
2349 0.1976
2350 -5.6135
2351 12.0208
2352 7.6650
2353 11.5961
2354 0.0000
2355 5.2962
2356 -0.1818
2357 0.9333
2358 1.6374
2359 9.0869
2360 11.8276
2361 0.0000
2362 1.2068
2363 0.8123
2364 -1.1524
2365 -7.9598
2366 1.5886
2367 2.4354
2368 5.1778
2369 11.3634
2370 10.9480
2371 2.4017
2372 -4.1527
2373 0.0944
2374 3.2851
2375 0.4238
2376 0.0000
2377 9.9498
2378 -3.5339
2379 0.0941
2380 2.4285
2381 1.2338
2382 -2.3891
2383 -1.2468
2384 -3.8108
2385 0.0000
2386 5.6252
2387 15.9247
2388 4.2348
2389 -0.9066
2390 11.8916
2391 9.4027
2392 0.0000
2393 -2.6570
2394 2.5221
2395 -1.3027
2396 0.0000
2397 11.7196
2398 1.3227
2399 4.2294
2400 -1.9828
2401 -6.0282
2402 13.0278
2403 4.9430
2404 -0.0593
2405 0.0000
2406 -4.9341
2407 -1.6833
2408 -5.9024
2409 3.5830
2410 6.1387
2411 2.3392
2412 0.0000
2413 1.7560
2414 9.9889
2415 7.2906
2416 0.0000
2417 0.6735
2418 -10.3457
2419 8.4786
2420 0.0061
2421 -1.0696
2422 8.4222
2423 0.2879
2424 1.6118
2425 0.0000
2426 9.2975
2427 8.2613
2428 -2.0581
2429 -1.5949
2430 2.2159
2431 3.0883
2432 0.0000
2433 2.7071
2434 5.4650
2435 6.2830
2436 0.0000
2437 3.8239
2438 9.0464
2439 0.1977
2440 4.5336
2441 -0.4261
2442 4.3778
2443 0.5908
2444 2.8969
2445 0.0000
2446 10.8168
2447 4.9843
2448 1.2693
2449 0.8449
2450 5.1261
2451 4.7177
2452 0.0000
2453 8.1082
2454 2.5383
2455 7.8793
2456 1.6834
2457 2.0973
2458 -0.7639
2459 -0.8089
2460 3.3840
2461 -1.6291
2462 12.8300
2463 3.9628
2464 -2.9291
2465 -1.1362
2466 17.5752
2467 0.0000
2468 -0.6787
2469 -0.5115
2470 6.1869
2471 3.3065
2472 -0.5901
2473 8.8576
2474 1.8470
2475 5.4109
2476 0.0000
2477 4.5979
2478 8.5134
2479 -0.7210
2480 5.5066
2481 3.4623
2482 5.8652
2483 0.0000
2484 8.6245
2485 9.2216
2486 5.8960
2487 0.0000
2488 5.0619
2489 -2.1823
2490 -0.2555
2491 7.2859
2492 3.7984
2493 -1.6273
2494 -4.7973
2495 -1.0778
2496 0.0000
2497 9.1926
2498 0.8174
2499 4.5682
2500 6.1296
2501 3.0147
2502 5.6757
2503 0.0000
2504 5.7351
2505 3.2313
2506 9.5134
2507 0.0000
2508 0.3349
2509 2.8132
2510 7.8727
2511 9.9685
2512 -6.7598
2513 6.6557
2514 4.9333
2515 2.7158
2516 0.0000
2517 4.9867
2518 1.2339
2519 1.6461
2520 0.3087
2521 8.9898
2522 2.5547
2523 0.0000
2524 -2.0172
2525 1.2655
2526 -5.6413
2527 0.0000
2528 5.8062
2529 6.5777
2530 -2.0167
2531 8.6005
2532 -5.0005
2533 -0.0372
2534 -4.0380
2535 -2.8967
2536 0.0000
2537 1.9558
2538 0.9302
2539 9.2821
2540 6.6493
2541 1.9678
2542 -7.9318
2543 0.0000
2544 0.0290
2545 0.0000
2546 -0.5548
2547 0.0000
2548 12.6724
2549 8.0210
2550 -0.7482
2551 5.3155
2552 6.3971
2553 1.4850
2554 -1.9625
2555 -5.1399
2556 0.0000
2557 1.3846
2558 1.3830
2559 0.6819
2560 5.7707
2561 10.7869
2562 -4.0492
2563 0.0000
2564 -2.3759
2565 8.2979
2566 5.1176
2567 6.0765
2568 6.4730
2569 2.0198
2570 0.0000
2571 2.6365
2572 7.8956
2573 3.9889
2574 8.9017
2575 -0.4590
2576 3.0102
2577 0.0000
2578 -5.3464
2579 2.9043
2580 4.9482
2581 10.2781
2582 2.4753
2583 0.3919
2584 0.0000
2585 -0.6233
2586 12.1575
2587 2.9152
2588 7.3304
2589 14.5865
2590 -0.9765
2591 0.0000
2592 1.7978
2593 3.2289
2594 6.6384
2595 -0.7812
2596 11.6644
2597 7.6235
2598 0.0000
2599 -1.5751
2600 6.5024
2601 11.2462
2602 6.7868
2603 2.3148
2604 6.5071
2605 0.0000
2606 2.9174
2607 5.5742
2608 9.7554
2609 10.9448
2610 1.6188
2611 1.3527
2612 0.0000
2613 2.2804
2614 -0.9090
2615 -0.6926
2616 2.1766
2617 4.0610
2618 0.2861
2619 0.0000
2620 6.8615
2621 0.4124
2622 3.5421
2623 4.3365
2624 11.8654
2625 1.8144
2626 0.0000
2627 7.0304
2628 3.6099
2629 0.4511
2630 0.5741
2631 -1.1703
2632 4.4588
2633 0.0000
2634 -1.4265
2635 0.0806
2636 4.2311
2637 3.4353
2638 1.4225
2639 0.2517
2640 0.0000
2641 11.4928
2642 2.5624
2643 0.9925
2644 10.1710
2645 0.3070
2646 -2.6846
2647 0.0000
2648 5.5738
2649 8.2249
2650 0.4199
2651 3.7321
2652 1.3050
2653 3.3060
2654 0.0000
2655 1.5447
2656 -0.7835
2657 6.0209
2658 12.6279
2659 -0.4229
2660 8.1218
2661 0.0000
2662 -0.7668
2663 0.0000
2664 3.9985
2665 0.0000
2666 9.7677
2667 0.0000
2668 6.9542
2669 4.8375
2670 0.0000
2671 6.1832
2672 9.0504
2673 0.1424
2674 -1.7706
2675 0.0000
2676 7.1512
2677 5.1117
2678 13.1869
2679 0.0000
2680 0.3717
2681 0.9898
2682 -2.8994
2683 0.0000
2684 2.0719
2685 -2.3136
2686 2.7854
2687 6.0837
2688 2.6773
2689 7.7771
2690 0.3972
2691 -8.6125
2692 0.4320
2693 0.0000
2694 -1.3658
2695 9.4598
2696 0.7658
2697 6.9343
2698 4.3785
2699 1.6905
2700 0.0000
2701 7.5749
2702 15.4559
2703 3.8480
2704 2.1915
2705 -4.4282
2706 6.2710
2707 0.0000
2708 -1.6677
2709 4.2643
2710 4.9384
2711 7.5246
2712 -3.2004
2713 0.3482
2714 0.0000
2715 -3.6920
2716 7.3199
2717 4.9170
2718 3.1181
2719 2.5855
2720 2.3798
2721 0.0000
2722 5.7428
2723 5.1010
2724 -1.9380
2725 9.4156
2726 -0.0048
2727 2.8420
2728 0.0000
2729 4.0714
2730 3.3342
2731 -3.1783
2732 1.0000
2733 2.6999
2734 1.4885
2735 0.0000
2736 9.2620
2737 5.9888
2738 9.6743
2739 9.9782
2740 1.0508
2741 4.9150
2742 0.0000
2743 8.2173
2744 6.8091
2745 6.8004
2746 10.9446
2747 5.6013
2748 6.3795
2749 0.0000
2750 4.6888
2751 5.4181
2752 -0.3643
2753 2.0564
2754 -0.6520
2755 2.7132
2756 0.0000
2757 4.4982
2758 0.8276
2759 5.3695
2760 10.4978
2761 3.4506
2762 0.6828
2763 0.0000
2764 8.3852
2765 3.1368
2766 3.9146
2767 1.2826
2768 -0.0470
2769 0.6449
2770 0.0000
2771 -8.9898
2772 4.2685
2773 0.0000
2774 4.1622
2775 2.5183
2776 11.4416
2777 8.3268
2778 4.0327
2779 1.6046
2780 -5.8231
2781 4.0113
2782 0.0000
2783 0.4194
2784 -1.8002
2785 0.0000
2786 8.5901
2787 0.0000
2788 3.2925
2789 0.0000
2790 0.4917
2791 -0.9110
2792 0.0000
2793 0.9164
2794 3.6044
2795 0.0000
2796 1.9834
2797 3.1209
2798 1.8924
2799 0.0000
2800 -5.2115
2801 4.1516
2802 0.0000
2803 3.2381
2804 2.7747
2805 8.5018
2806 0.0000
2807 4.0781
2808 -3.5258
2809 0.0000
2810 8.6918
2811 7.0991
2812 6.9361
2813 0.0000
2814 3.6459
2815 5.5764
2816 0.0000
2817 5.2458
2818 3.3265
2819 0.3119
2820 0.0000
2821 -0.4907
2822 3.1649
2823 0.0000
2824 3.2108
2825 -5.4606
2826 11.7056
2827 0.0000
2828 -1.0335
2829 4.3211
2830 0.0000
2831 8.2661
2832 -0.4257
2833 0.0867
2834 0.0000
2835 5.9784
2836 -2.7005
2837 0.0000
2838 4.3363
2839 -2.0435
2840 4.0951
2841 0.0000
2842 2.9649
2843 0.9598
2844 0.0000
2845 -0.3647
2846 4.2397
2847 8.9104
2848 0.0000
2849 1.2775
2850 5.6666
2851 0.0000
2852 4.8323
2853 3.5708
2854 9.1754
2855 0.0000
2856 -2.2486
2857 2.1212
2858 0.0000
2859 7.2220
2860 1.4510
2861 5.7177
2862 0.0000
2863 2.7455
2864 4.5529
2865 0.0000
2866 -0.8713
2867 4.9570
2868 6.5211
2869 0.0000
2870 1.9833
2871 5.6946
2872 0.0000
2873 -0.0705
2874 3.6022
2875 -2.6297
2876 0.0000
2877 -0.3353
2878 -1.1741
2879 0.0000
2880 4.6081
2881 6.3788
2882 5.7930
2883 0.0000
2884 1.0383
2885 2.1436
2886 0.0000
2887 0.3432
2888 1.5152
2889 7.0918
2890 0.0000
2891 -4.1195
2892 0.1383
2893 0.0000
2894 7.9933
2895 8.1500
2896 14.9233
2897 0.0000
2898 -3.2151
2899 2.4484
2900 0.0000
2901 3.0020
2902 3.4403
2903 -4.0145
2904 0.0000
2905 2.0363
2906 0.0000
2907 -6.2212
2908 0.0000
2909 -4.8100
2910 2.5106
2911 0.0000
2912 3.7752
2913 0.0000
2914 10.1650
2915 0.0000
2916 3.7444
2917 10.7099
2918 7.6470
2919 0.0000
2920 -2.4074
2921 6.2185
2922 5.6561
2923 0.0000
2924 -1.7440
2925 2.6438
2926 6.7749
2927 0.0000
2928 4.2093
2929 0.0000
2930 4.2366
2931 0.0000
2932 4.5332
2933 3.0240
2934 0.0000
2935 -1.2193
2936 0.0000
2937 2.5258
2938 5.5974
2939 5.1659
2940 0.2460
2941 8.5417
2942 4.9216
2943 -6.7138
2944 -5.0268
2945 0.6879
2946 2.7045
2947 -4.3362
2948 -1.3415
2949 -1.2666
2950 5.0495
2951 1.7468
2952 -1.6911
2953 0.0000
2954 7.8016
2955 4.7222
2956 5.8931
2957 0.1565
2958 -0.4429
2959 14.0519
2960 5.0880
2961 1.7755
2962 0.0000
2963 9.5379
2964 1.9129
2965 4.2373
2966 0.4891
2967 -1.5609
2968 4.4368
2969 0.0000
2970 -3.1937
2971 -1.5348
2972 -0.9048
2973 0.0000
2974 7.7195
2975 6.4148
2976 -0.7727
2977 -0.2858
2978 -6.9203
2979 -2.6277
2980 0.3475
2981 -3.2044
2982 0.0000
2983 6.7011
2984 8.2599
2985 9.1327
2986 2.9610
2987 1.8555
2988 8.9075
2989 0.0000
2990 -3.1693
2991 -2.5955
2992 0.6232
2993 0.0000
2994 4.3143
2995 5.8959
2996 -0.8881
2997 5.1676
2998 -0.9850
2999 0.1096
3000 1.9933
3001 -0.5915
3002 0.0000
3003 7.4546
3004 0.6243
3005 9.3439
3006 4.1841
3007 0.8651
3008 9.3863
3009 0.0000
3010 0.4271
3011 2.2620
3012 3.2444
3013 0.0000
3014 -0.6154
3015 1.9097
3016 6.0827
3017 6.1329
3018 1.7503
3019 6.3474
3020 2.7177
3021 2.1865
3022 0.0000
3023 2.3116
3024 -6.5167
3025 5.1138
3026 -0.6148
3027 8.0881
3028 5.8599
3029 0.0000
3030 0.2016
3031 -7.0866
3032 4.1702
3033 13.1610
3034 0.4625
3035 -6.2913
3036 6.5608
3037 0.3671
3038 -0.3827
3039 6.6910
3040 -1.1199
3041 1.8315
3042 1.1699
3043 10.2752
3044 0.0000
3045 0.1204
3046 6.5449
3047 10.6788
3048 4.2645
3049 -4.1935
3050 -3.5882
3051 -2.8141
3052 15.5406
3053 0.0000
3054 5.3385
3055 7.3777
3056 4.4879
3057 5.7475
3058 3.3759
3059 1.6475
3060 0.0000
3061 -3.6989
3062 -0.0871
3063 -0.1539
3064 0.0000
3065 10.0661
3066 -5.7848
3067 5.9650
3068 1.4223
3069 1.5828
3070 -1.1459
3071 7.6391
3072 -3.7410
3073 0.0000
3074 -0.5207
3075 5.6023
3076 -2.5931
3077 3.3516
3078 13.5190
3079 -0.8516
3080 0.0000
3081 -0.1723
3082 11.8141
3083 13.0602
3084 0.0000
3085 0.9217
3086 1.0950
3087 15.2882
3088 5.2337
3089 2.3207
3090 14.0455
3091 2.1706
3092 0.6675
3093 0.0000
3094 4.9194
3095 5.0611
3096 1.3801
3097 -0.7078
3098 5.8997
3099 3.5930
3100 0.0000
3101 -2.2271
3102 5.4183
3103 1.4201
3104 0.0000
3105 7.4024
3106 -5.7099
3107 -1.8518
3108 3.6971
3109 -2.3509
3110 -1.6236
3111 0.6164
3112 0.0549
3113 0.0000
3114 7.9120
3115 4.7902
3116 9.2899
3117 3.0281
3118 -8.2330
3119 4.1515
3120 0.0000
3121 1.1093
3122 10.5952
3123 -1.9036
3124 10.3285
3125 8.4653
3126 7.4849
3127 6.1675
3128 1.6105
3129 10.5982
3130 9.5504
3131 7.4227
3132 2.0563
3133 5.9745
3134 4.4362
3135 0.0000
3136 7.5016
3137 -1.2737
3138 8.5721
3139 5.6564
3140 -1.0831
3141 15.5959
3142 6.6962
3143 1.3965
3144 0.0000
3145 10.6969
3146 6.5162
3147 2.1783
3148 -2.5623
3149 -1.5167
3150 6.0744
3151 0.0000
3152 5.1919
3153 -0.0010
3154 4.6171
3155 0.0000
3156 1.8643
3157 7.8565
3158 4.8543
3159 8.3779
3160 2.0970
3161 15.3928
3162 10.3233
3163 5.6738
3164 0.0000
3165 5.4464
3166 7.6838
3167 0.3335
3168 -3.0578
3169 -5.7114
3170 -0.4169
3171 0.0000
3172 -2.9871
3173 5.1895
3174 1.5870
3175 0.0000
3176 4.0746
3177 -3.9694
3178 6.9510
3179 11.6163
3180 6.6323
3181 8.0797
3182 3.4069
3183 3.7082
3184 0.0000
3185 -0.3787
3186 3.4482
3187 10.4279
3188 13.0631
3189 4.3288
3190 11.3737
3191 0.0000
3192 -0.3111
3193 -1.9534
3194 5.2379
3195 0.0000
3196 4.9110
3197 -7.5739
3198 2.4064
3199 -2.6658
3200 -9.1938
3201 14.3694
3202 12.9217
3203 5.6167
3204 0.0000
3205 0.5882
3206 6.7319
3207 1.1668
3208 -1.6289
3209 6.1249
3210 6.5477
3211 0.0000
3212 -3.6998
3213 -7.7230
3214 11.0607
3215 -4.3767
3216 2.8166
3217 -2.8549
3218 6.2965
3219 2.7325
3220 3.5318
3221 5.6255
3222 0.6222
3223 -5.3009
3224 3.2149
3225 -3.0830
3226 0.0000
3227 1.7823
3228 3.9725
3229 0.0470
3230 8.1153
3231 -0.7179
3232 -2.2219
3233 -6.1360
3234 -0.2798
3235 0.0000
3236 9.0944
3237 2.2628
3238 3.1680
3239 4.4439
3240 -0.8744
3241 10.7532
3242 0.0000
3243 2.1105
3244 9.9066
3245 6.4523
3246 0.0000
3247 3.6990
3248 -2.0129
3249 7.7457
3250 6.4552
3251 1.5999
3252 -3.1696
3253 -2.4738
3254 6.8762
3255 0.0000
3256 5.1143
3257 0.4315
3258 5.1441
3259 -0.5859
3260 3.1808
3261 -4.1142
3262 0.0000
3263 4.5917
3264 6.2375
3265 3.1097
3266 0.0000
3267 6.7617
3268 8.0558
3269 10.6057
3270 5.3814
3271 1.3004
3272 7.6956
3273 -1.1168
3274 4.4863
3275 0.0000
3276 7.4076
3277 7.1273
3278 4.3290
3279 -0.1493
3280 3.5878
3281 3.4937
3282 0.0000
3283 3.4071
3284 12.2190
3285 0.3201
3286 0.0000
3287 0.2593
3288 1.3700
3289 6.3192
3290 -1.3838
3291 -0.5621
3292 5.7382
3293 0.8232
3294 1.3552
3295 0.0000
3296 2.7859
3297 4.6063
3298 1.3139
3299 -1.0917
3300 -1.8242
3301 3.3950
3302 0.0000
3303 0.2397
3304 0.0000
3305 0.6079
3306 0.0000
3307 3.0139
3308 0.1168
3309 5.8091
3310 9.4842
3311 3.2096
3312 -2.0427
3313 5.6708
3314 3.0949
3315 0.0000
3316 0.9944
3317 4.4673
3318 -4.8411
3319 4.3202
3320 6.6373
3321 2.4445
3322 0.0000
3323 5.0663
3324 6.4975
3325 2.1725
3326 1.5604
3327 1.9418
3328 -1.8734
3329 0.0000
3330 -3.3434
3331 -2.2413
3332 0.0269
3333 2.0951
3334 -3.1784
3335 3.0077
3336 0.0000
3337 1.4830
3338 0.8351
3339 -2.0903
3340 5.4792
3341 -2.5184
3342 -0.0501
3343 0.0000
3344 -1.9025
3345 3.9039
3346 11.5414
3347 3.7421
3348 1.2512
3349 4.5243
3350 0.0000
3351 9.2556
3352 4.1749
3353 3.9132
3354 5.7842
3355 -1.0106
3356 5.1368
3357 0.0000
3358 5.8492
3359 6.4032
3360 -0.8481
3361 -1.8283
3362 3.2770
3363 8.6313
3364 0.0000
3365 0.5204
3366 7.5827
3367 4.3637
3368 7.2592
3369 6.1842
3370 3.6337
3371 0.0000
3372 0.5707
3373 -0.6883
3374 2.9902
3375 3.2759
3376 13.1068
3377 3.2974
3378 0.0000
3379 -0.9257
3380 -0.8173
3381 7.7277
3382 4.5892
3383 -1.3036
3384 1.2033
3385 0.0000
3386 -8.8251
3387 3.6961
3388 5.4440
3389 4.8551
3390 -0.8573
3391 -7.8590
3392 0.0000
3393 -1.9447
3394 1.4635
3395 -0.8876
3396 -4.7773
3397 2.1629
3398 6.4667
3399 0.0000
3400 -0.3821
3401 7.8036
3402 8.4724
3403 1.9479
3404 6.7274
3405 -1.3971
3406 0.0000
3407 6.1017
3408 3.0528
3409 7.4745
3410 10.5979
3411 10.3656
3412 4.9769
3413 0.0000
3414 -4.0053
3415 6.2168
3416 1.5042
3417 -1.7006
3418 -1.6056
3419 3.2933
3420 0.0000
3421 -2.1599
3422 0.0000
3423 1.7713
3424 0.0000
3425 0.0560
3426 0.0000
3427 -5.2887
3428 2.7145
3429 0.0000
3430 4.2815
3431 10.0835
3432 5.2110
3433 8.0596
3434 0.0000
3435 -3.2825
3436 5.4141
3437 -3.8281
3438 0.0000
3439 -2.3206
3440 7.4833
3441 10.6492
3442 0.0000
3443 10.4815
3444 10.0439
3445 2.7192
3446 -1.8069
3447 9.5872
3448 5.5349
3449 4.9226
3450 0.1773
3451 4.5143
3452 0.0000
3453 -0.1617
3454 1.0346
3455 1.3192
3456 1.1449
3457 -3.0150
3458 -0.0241
3459 0.0000
3460 5.6394
3461 5.8431
3462 8.2847
3463 9.3273
3464 -3.9623
3465 5.3172
3466 0.0000
3467 3.0945
3468 7.8558
3469 2.2577
3470 -2.3026
3471 2.8445
3472 4.3421
3473 0.0000
3474 8.7430
3475 6.9978
3476 2.2971
3477 8.2464
3478 4.9053
3479 7.3135
3480 0.0000
3481 -2.5348
3482 9.3099
3483 9.1404
3484 5.3147
3485 8.5333
3486 7.0270
3487 0.0000
3488 5.9719
3489 3.5435
3490 3.1472
3491 4.9397
3492 -2.4841
3493 0.5577
3494 0.0000
3495 5.1531
3496 4.2703
3497 4.2676
3498 3.3652
3499 1.4310
3500 10.7283
3501 0.0000
3502 4.4955
3503 -0.6764
3504 2.7400
3505 1.6137
3506 -1.9525
3507 5.3692
3508 0.0000
3509 -0.6844
3510 4.2954
3511 8.9149
3512 13.2435
3513 4.4150
3514 8.3064
3515 0.0000
3516 0.5055
3517 4.3918
3518 -0.7068
3519 2.5597
3520 0.8054
3521 -0.9446
3522 0.0000
3523 5.8838
3524 2.0238
3525 2.9033
3526 13.4285
3527 1.0636
3528 2.0038
3529 0.0000
3530 -2.8501
3531 2.7159
3532 0.0000
3533 0.3703
3534 1.8190
3535 5.5735
3536 2.1937
3537 -2.3439
3538 1.6490
3539 -0.0115
3540 -0.8374
3541 0.0000
3542 6.4359
3543 -4.3236
3544 0.0000
3545 9.9531
3546 0.0000
3547 2.5354
3548 0.0000
3549 1.1721
3550 -2.3955
3551 0.0000
3552 5.8839
3553 2.3948
3554 0.0000
3555 9.0084
3556 2.3694
3557 4.5449
3558 0.0000
3559 -2.2549
3560 -3.1465
3561 0.0000
3562 -0.7630
3563 -4.7999
3564 3.5493
3565 0.0000
3566 3.7610
3567 1.0152
3568 0.0000
3569 -1.1521
3570 -0.9802
3571 0.8814
3572 0.0000
3573 3.9758
3574 4.1996
3575 0.0000
3576 8.5939
3577 2.8587
3578 -1.0639
3579 0.0000
3580 -3.2765
3581 1.1630
3582 0.0000
3583 10.8134
3584 14.7322
3585 2.8753
3586 0.0000
3587 3.9324
3588 5.0864
3589 0.0000
3590 2.4006
3591 1.6833
3592 7.1437
3593 0.0000
3594 0.6015
3595 3.0402
3596 0.0000
3597 3.2783
3598 10.3698
3599 9.2505
3600 0.0000
3601 2.5342
3602 -1.7897
3603 0.0000
3604 3.4403
3605 5.3918
3606 4.8439
3607 0.0000
3608 -4.3637
3609 9.0457
3610 0.0000
3611 -7.7277
3612 5.3624
3613 4.3991
3614 0.0000
3615 1.6742
3616 4.6118
3617 0.0000
3618 4.3230
3619 1.2311
3620 6.7740
3621 0.0000
3622 -0.9116
3623 2.4998
3624 0.0000
3625 5.3570
3626 2.4578
3627 6.1300
3628 0.0000
3629 -1.1509
3630 -0.8701
3631 0.0000
3632 7.8909
3633 1.7243
3634 1.3300
3635 0.0000
3636 2.9647
3637 2.8775
3638 0.0000
3639 8.0289
3640 8.2163
3641 4.5657
3642 0.0000
3643 -5.8382
3644 4.2497
3645 0.0000
3646 6.6975
3647 8.3446
3648 8.0972
3649 0.0000
3650 1.9634
3651 -2.0877
3652 0.0000
3653 9.4566
3654 5.4658
3655 2.9771
3656 0.0000
3657 8.6073
3658 9.8401
3659 0.0000
3660 13.6339
3661 8.4789
3662 -1.7760
3663 0.0000
3664 3.3785
3665 0.0000
3666 -2.7759
3667 0.0000
3668 0.1199
3669 8.9017
3670 0.0000
3671 10.8921
3672 0.0000
3673 7.3939
3674 0.0000
3675 -3.3027
3676 6.3797
3677 7.4312
3678 0.0000
3679 4.5446
3680 7.6648
3681 5.7219
3682 0.0000
3683 8.5898
3684 -0.0315
3685 -1.0133
3686 0.0000
3687 10.1668
3688 0.0000
3689 -0.7304
3690 0.0000
3691 9.6358
3692 6.3224
3693 0.0000
3694 -0.9827
3695 0.0000
3696 4.8414
3697 0.8884
3698 3.7726
3699 1.5314
3700 8.1563
3701 -0.2760
3702 7.8005
3703 8.0203
3704 12.2105
3705 1.1583
3706 7.3302
3707 -7.5387
3708 2.8765
3709 1.2850
3710 6.1380
3711 3.6240
3712 0.0000
3713 4.6113
3714 -6.0446
3715 2.7246
3716 1.3106
3717 -1.5547
3718 -0.1389
3719 -2.9859
3720 9.9357
3721 0.0000
3722 6.4076
3723 4.6743
3724 11.1537
3725 10.2834
3726 9.7124
3727 4.9116
3728 0.0000
3729 -1.4414
3730 1.8110
3731 4.9195
3732 0.0000
3733 -3.0398
3734 -1.8282
3735 5.3202
3736 8.4340
3737 -0.0735
3738 9.6336
3739 -0.8374
3740 6.6073
3741 0.0000
3742 5.3044
3743 9.8024
3744 4.1861
3745 10.8467
3746 -1.8735
3747 8.9433
3748 0.0000
3749 6.1213
3750 7.3446
3751 2.6153
3752 0.0000
3753 -1.4168
3754 -0.9801
3755 13.9363
3756 4.1212
3757 -1.8341
3758 8.2664
3759 2.0047
3760 1.2566
3761 0.0000
3762 7.1106
3763 4.4236
3764 4.1427
3765 1.7091
3766 4.1841
3767 -3.6985
3768 0.0000
3769 -0.4386
3770 16.5605
3771 -3.4075
3772 0.0000
3773 -0.3992
3774 0.2983
3775 0.3703
3776 5.5490
3777 -5.1231
3778 5.8651
3779 -3.1870
3780 10.2287
3781 0.0000
3782 0.2829
3783 2.5019
3784 1.1191
3785 -1.4962
3786 -4.7325
3787 1.9114
3788 0.0000
3789 5.2960
3790 15.0425
3791 7.2681
3792 7.6721
3793 6.9660
3794 7.3433
3795 4.9713
3796 14.0707
3797 -2.3256
3798 5.4513
3799 -1.1309
3800 2.7590
3801 5.0336
3802 1.5644
3803 0.0000
3804 8.9505
3805 1.6435
3806 6.2542
3807 1.8641
3808 -1.5163
3809 -2.9879
3810 0.4071
3811 9.0877
3812 0.0000
3813 -0.2107
3814 3.0200
3815 13.3814
3816 5.8519
3817 -0.0990
3818 3.8171
3819 0.0000
3820 -1.1377
3821 7.0044
3822 -0.5127
3823 0.0000
3824 7.2718
3825 -8.8262
3826 10.4302
3827 -1.2933
3828 2.1349
3829 -1.3961
3830 -0.8737
3831 2.5645
3832 0.0000
3833 2.0073
3834 -3.8432
3835 6.3758
3836 -0.7521
3837 0.2885
3838 -4.4570
3839 0.0000
3840 -3.3535
3841 -1.3048
3842 1.8760
3843 0.0000
3844 3.9250
3845 -0.6641
3846 8.5250
3847 3.0831
3848 4.1304
3849 8.6227
3850 5.0224
3851 2.7781
3852 0.0000
3853 2.5952
3854 3.2730
3855 9.7756
3856 -0.3326
3857 7.0927
3858 4.5829
3859 0.0000
3860 1.6157
3861 1.3634
3862 3.2508
3863 0.0000
3864 0.7716
3865 -1.2762
3866 2.7591
3867 -5.3514
3868 3.4477
3869 0.5199
3870 4.0818
3871 8.7617
3872 0.0000
3873 12.1747
3874 5.2476
3875 9.7843
3876 4.4728
3877 6.1210
3878 7.9261
3879 0.0000
3880 -1.4802
3881 -3.1536
3882 8.9900
3883 -6.9073
3884 9.4671
3885 8.2051
3886 6.1801
3887 8.0061
3888 4.1307
3889 5.3067
3890 4.9386
3891 4.2595
3892 12.3500
3893 2.7695
3894 0.0000
3895 -2.3669
3896 -1.4488
3897 7.6893
3898 -0.6162
3899 8.5892
3900 0.6682
3901 -2.3372
3902 9.8434
3903 0.0000
3904 2.8080
3905 5.7979
3906 3.3906
3907 6.5103
3908 4.6772
3909 2.0199
3910 0.0000
3911 4.5759
3912 2.4048
3913 -2.2751
3914 0.0000
3915 0.0007
3916 -5.3193
3917 9.8763
3918 -1.9494
3919 -0.5812
3920 0.8960
3921 0.2045
3922 1.0019
3923 0.0000
3924 4.6031
3925 6.5948
3926 2.1571
3927 2.4194
3928 3.0938
3929 0.5153
3930 0.0000
3931 4.4821
3932 8.4813
3933 6.7110
3934 0.0000
3935 3.3574
3936 -0.3491
3937 8.1033
3938 -0.8717
3939 -2.2467
3940 16.7534
3941 4.1012
3942 9.2635
3943 0.0000
3944 4.8676
3945 3.8510
3946 -4.8847
3947 0.4192
3948 8.9845
3949 13.1694
3950 0.0000
3951 -0.1750
3952 6.4042
3953 4.2337
3954 0.0000
3955 12.7049
3956 -1.6515
3957 9.7470
3958 6.9865
3959 2.7371
3960 5.4696
3961 2.0431
3962 1.1797
3963 0.0000
3964 -3.9029
3965 9.7386
3966 3.8317
3967 6.7591
3968 -1.9478
3969 5.8543
3970 0.0000
3971 1.2740
3972 4.4091
3973 3.6531
3974 7.1519
3975 -4.7692
3976 7.0351
3977 3.3903
3978 7.2085
3979 2.6791
3980 7.6613
3981 6.8942
3982 4.0694
3983 -1.9914
3984 13.8304
3985 0.0000
3986 3.7980
3987 -2.0360
3988 -0.1809
3989 1.8327
3990 8.5621
3991 14.3793
3992 9.5425
3993 13.6993
3994 0.0000
3995 6.8365
3996 -0.3461
3997 5.9645
3998 7.3011
3999 8.5754
4000 0.7301
4001 0.0000
4002 2.7813
4003 4.0702
4004 6.6371
4005 0.0000
4006 3.3365
4007 1.4830
4008 6.9022
4009 7.7149
4010 -1.9150
4011 2.7130
4012 10.5600
4013 -1.5751
4014 0.0000
4015 3.9488
4016 8.6736
4017 3.7463
4018 11.4315
4019 -0.5946
4020 6.1763
4021 0.0000
4022 -3.8794
4023 -3.7793
4024 2.2620
4025 0.0000
4026 5.8373
4027 -2.0726
4028 4.1945
4029 3.2802
4030 -0.0897
4031 7.7359
4032 9.1343
4033 3.1658
4034 0.0000
4035 3.6381
4036 13.3056
4037 1.0336
4038 3.5830
4039 0.5386
4040 3.0100
4041 0.0000
4042 6.9257
4043 2.4599
4044 0.6111
4045 0.0000
4046 4.2552
4047 1.2185
4048 14.2973
4049 8.0451
4050 -2.9430
4051 12.1207
4052 4.5008
4053 6.6165
4054 0.0000
4055 8.2935
4056 3.5170
4057 -2.7029
4058 6.6733
4059 -1.3884
4060 5.8193
4061 0.0000
4062 -5.3284
4063 0.0000
4064 4.1912
4065 0.0000
4066 5.3240
4067 0.8600
4068 -0.2575
4069 6.6063
4070 7.4191
4071 -4.3583
4072 9.3084
4073 3.3904
4074 0.0000
4075 -5.5044
4076 8.2231
4077 3.7166
4078 -1.3551
4079 4.0189
4080 6.9312
4081 0.0000
4082 4.7277
4083 10.3916
4084 6.7393
4085 7.8535
4086 3.6362
4087 0.9755
4088 0.0000
4089 1.1357
4090 4.7452
4091 7.0274
4092 3.6775
4093 -4.2872
4094 -0.6556
4095 0.0000
4096 -0.9371
4097 2.2090
4098 -2.2721
4099 -0.5407
4100 -1.2387
4101 1.1349
4102 0.0000
4103 -5.7690
4104 4.7168
4105 3.8372
4106 7.1587
4107 5.7432
4108 -3.4627
4109 0.0000
4110 4.0286
4111 1.0781
4112 2.8680
4113 1.5017
4114 6.7193
4115 2.9381
4116 0.0000
4117 2.3533
4118 9.8006
4119 3.4514
4120 4.6800
4121 2.3375
4122 -2.0959
4123 0.0000
4124 -1.8318
4125 9.7815
4126 -4.9022
4127 0.1636
4128 2.4738
4129 -0.8815
4130 0.0000
4131 6.1046
4132 1.8595
4133 0.7108
4134 3.7346
4135 -0.3045
4136 6.0664
4137 0.0000
4138 2.0269
4139 5.7887
4140 1.5890
4141 0.7955
4142 2.1432
4143 -0.3781
4144 0.0000
4145 3.7092
4146 1.5535
4147 2.9865
4148 6.7367
4149 -0.9231
4150 3.3414
4151 0.0000
4152 -4.2835
4153 6.1317
4154 11.8714
4155 4.1305
4156 7.7037
4157 4.0767
4158 0.0000
4159 10.5994
4160 0.6335
4161 12.6852
4162 0.1439
4163 4.1010
4164 2.7186
4165 0.0000
4166 -3.3468
4167 -1.0134
4168 7.1309
4169 -1.9669
4170 8.2387
4171 5.5370
4172 0.0000
4173 -3.7072
4174 4.4300
4175 5.9091
4176 -4.5124
4177 3.1233
4178 8.0983
4179 0.0000
4180 2.3713
4181 0.0000
4182 0.2512
4183 0.0000
4184 -0.7164
4185 0.0000
4186 5.2207
4187 5.0379
4188 0.0000
4189 8.4288
4190 8.7504
4191 2.6044
4192 0.4903
4193 0.0000
4194 -0.2628
4195 -2.1450
4196 7.6034
4197 0.0000
4198 11.1251
4199 3.8479
4200 3.5030
4201 0.0000
4202 4.6902
4203 12.7576
4204 1.8889
4205 -1.2787
4206 7.7796
4207 -0.2924
4208 5.4922
4209 2.4570
4210 3.9061
4211 0.0000
4212 4.0807
4213 -1.1532
4214 3.8943
4215 7.3566
4216 -1.5424
4217 8.8770
4218 0.0000
4219 -5.3101
4220 4.3780
4221 4.2470
4222 1.6256
4223 -2.5476
4224 -4.8925
4225 0.0000
4226 3.7056
4227 0.5819
4228 4.3831
4229 7.3402
4230 0.7130
4231 -6.6665
4232 0.0000
4233 3.0031
4234 2.2329
4235 7.3391
4236 1.8722
4237 -5.2593
4238 3.7619
4239 0.0000
4240 1.1719
4241 1.4690
4242 8.5191
4243 11.7336
4244 -1.9310
4245 1.9410
4246 0.0000
4247 -8.8326
4248 9.2692
4249 -1.8112
4250 0.6803
4251 -2.6015
4252 5.7516
4253 0.0000
4254 -2.2830
4255 6.3603
4256 0.2374
4257 1.5327
4258 -0.6841
4259 5.2496
4260 0.0000
4261 -4.7902
4262 4.1830
4263 2.6384
4264 -3.1312
4265 2.6625
4266 5.6613
4267 0.0000
4268 3.3228
4269 5.4070
4270 -5.6004
4271 -6.2720
4272 1.8190
4273 9.5939
4274 0.0000
4275 1.2427
4276 -4.8928
4277 2.2586
4278 4.7911
4279 4.6507
4280 9.5828
4281 0.0000
4282 1.6969
4283 -0.3813
4284 5.6103
4285 8.8491
4286 4.6935
4287 0.8176
4288 0.0000
4289 -4.8906
4290 1.2367
4291 0.0000
4292 4.2257
4293 -1.0611
4294 2.5609
4295 2.7967
4296 4.1541
4297 -1.9347
4298 1.4618
4299 -1.4838
4300 0.0000
4301 3.5007
4302 -1.3812
4303 0.0000
4304 7.1588
4305 0.0000
4306 -2.6690
4307 0.0000
4308 5.6867
4309 0.8827
4310 0.0000
4311 4.0202
4312 2.1089
4313 0.0000
4314 5.8857
4315 2.2994
4316 3.0261
4317 0.0000
4318 -0.1244
4319 6.0270
4320 0.0000
4321 1.4504
4322 -0.1789
4323 -3.2316
4324 0.0000
4325 -7.9699
4326 3.1328
4327 0.0000
4328 -0.4432
4329 3.8871
4330 6.6859
4331 0.0000
4332 0.6428
4333 2.1976
4334 0.0000
4335 8.2377
4336 8.8526
4337 3.3563
4338 0.0000
4339 -3.3680
4340 -2.3111
4341 0.0000
4342 5.7019
4343 7.4284
4344 -4.4214
4345 0.0000
4346 -0.6099
4347 7.9682
4348 0.0000
4349 -1.2100
4350 1.2925
4351 0.3661
4352 0.0000
4353 -3.6129
4354 0.3266
4355 0.0000
4356 2.3096
4357 11.1254
4358 5.0419
4359 0.0000
4360 0.0621
4361 -0.4708
4362 0.0000
4363 7.7954
4364 9.7237
4365 3.1658
4366 0.0000
4367 -1.2279
4368 5.3661
4369 0.0000
4370 4.4299
4371 9.1240
4372 4.4137
4373 0.0000
4374 4.4292
4375 7.7346
4376 0.0000
4377 -0.7360
4378 7.3728
4379 -0.9966
4380 0.0000
4381 5.1403
4382 -5.3387
4383 0.0000
4384 -3.0030
4385 -0.0947
4386 5.8749
4387 0.0000
4388 5.0624
4389 0.8706
4390 0.0000
4391 3.5999
4392 4.8170
4393 7.2438
4394 0.0000
4395 -1.5521
4396 11.1390
4397 0.0000
4398 -6.7315
4399 2.8450
4400 7.5149
4401 0.0000
4402 4.7589
4403 1.2453
4404 0.0000
4405 1.3751
4406 10.2034
4407 9.1445
4408 0.0000
4409 1.5853
4410 5.6707
4411 0.0000
4412 10.0553
4413 -1.5026
4414 8.2158
4415 0.0000
4416 9.1736
4417 1.9179
4418 0.0000
4419 1.9760
4420 7.2061
4421 -1.6629
4422 0.0000
4423 -5.1644
4424 0.0000
4425 3.7467
4426 0.0000
4427 -2.8318
4428 1.0355
4429 0.0000
4430 -6.1556
4431 0.0000
4432 5.9670
4433 0.0000
4434 4.6328
4435 8.9542
4436 4.6097
4437 0.0000
4438 1.1684
4439 9.0732
4440 6.5231
4441 0.0000
4442 9.4355
4443 13.5354
4444 1.4456
4445 0.0000
4446 4.0993
4447 0.0000
4448 0.1155
4449 0.0000
4450 -1.1756
4451 5.3021
4452 0.0000
4453 4.4796
4454 0.0000
4455 3.1135
4456 2.3460
4457 -2.8232
4458 3.2078
4459 11.4045
4460 6.0563
4461 3.9376
4462 -4.5416
4463 -0.7030
4464 6.4926
4465 2.0125
4466 5.7112
4467 5.0774
4468 -0.3534
4469 -1.0005
4470 4.5672
4471 0.0000
4472 5.5431
4473 -4.5075
4474 -3.0021
4475 8.0998
4476 9.0387
4477 2.5483
4478 -0.6288
4479 3.9101
4480 0.0000
4481 3.8156
4482 -2.3987
4483 -1.3790
4484 4.2142
4485 4.3110
4486 3.3566
4487 0.0000
4488 8.0388
4489 4.8230
4490 7.5801
4491 0.0000
4492 10.5975
4493 1.1486
4494 1.4148
4495 -2.5548
4496 -2.9331
4497 11.8162
4498 7.9715
4499 3.9465
4500 0.0000
4501 6.2214
4502 4.1010
4503 -4.3559
4504 -2.9346
4505 4.5779
4506 -3.2280
4507 0.0000
4508 -1.1954
4509 -1.6288
4510 -0.4240
4511 0.0000
4512 6.2567
4513 -4.0265
4514 11.0186
4515 6.2629
4516 -1.8382
4517 7.8411
4518 3.0409
4519 2.6205
4520 0.0000
4521 3.6551
4522 15.8088
4523 -3.3176
4524 5.2134
4525 3.4107
4526 0.4055
4527 0.0000
4528 -6.9443
4529 15.7360
4530 7.7429
4531 0.0000
4532 8.1200
4533 -3.7447
4534 2.2596
4535 8.2624
4536 -2.1406
4537 1.3537
4538 1.3314
4539 10.8113
4540 0.0000
4541 7.6611
4542 8.8009
4543 2.1820
4544 3.5540
4545 5.0907
4546 1.8706
4547 0.0000
4548 4.1614
4549 3.7052
4550 6.9787
4551 6.9002
4552 5.0570
4553 3.0786
4554 0.5679
4555 2.9223
4556 2.0114
4557 4.5136
4558 6.3799
4559 7.2080
4560 4.0693
4561 0.5977
4562 0.0000
4563 13.0488
4564 -4.4904
4565 3.4719
4566 2.4457
4567 -4.2004
4568 1.0981
4569 -0.0500
4570 7.0102
4571 0.0000
4572 7.9044
4573 9.3673
4574 7.9962
4575 2.0520
4576 5.2598
4577 4.6179
4578 0.0000
4579 6.3962
4580 7.9877
4581 14.4143
4582 0.0000
4583 4.9593
4584 4.7553
4585 6.2657
4586 0.5777
4587 -1.9869
4588 10.1880
4589 2.6491
4590 1.4225
4591 0.0000
4592 4.1344
4593 6.6420
4594 6.8069
4595 4.7835
4596 10.8253
4597 8.7863
4598 0.0000
4599 -9.6879
4600 4.1707
4601 2.6888
4602 0.0000
4603 1.6302
4604 -4.1346
4605 5.8048
4606 1.6253
4607 3.8322
4608 5.6980
4609 4.1342
4610 3.0250
4611 0.0000
4612 -1.6678
4613 0.0184
4614 11.4626
4615 4.7593
4616 7.2863
4617 3.3306
4618 0.0000
4619 0.4045
4620 10.2716
4621 8.8427
4622 0.0000
4623 7.4711
4624 -3.6242
4625 0.8522
4626 3.8837
4627 7.2517
4628 4.9331
4629 5.2051
4630 2.4366
4631 0.0000
4632 4.6830
4633 6.3530
4634 4.5874
4635 11.0909
4636 -1.3731
4637 15.3595
4638 0.0000
4639 -2.2735
4640 5.2382
4641 5.2421
4642 4.4299
4643 4.9642
4644 11.2359
4645 8.9395
4646 3.2858
4647 13.9027
4648 3.1054
4649 7.6659
4650 9.4449
4651 10.1106
4652 1.2593
4653 0.0000
4654 2.0986
4655 -3.2032
4656 -0.7919
4657 -2.9824
4658 -1.8910
4659 3.6969
4660 -1.7615
4661 6.3009
4662 0.0000
4663 6.2984
4664 -1.5316
4665 4.9921
4666 3.6014
4667 4.8267
4668 5.0012
4669 0.0000
4670 4.8040
4671 11.2908
4672 2.3590
4673 0.0000
4674 7.9722
4675 -1.2633
4676 1.8809
4677 3.2001
4678 -7.2742
4679 -3.1541
4680 -2.4055
4681 2.6708
4682 0.0000
4683 8.7595
4684 -4.5706
4685 11.7722
4686 2.3446
4687 10.8408
4688 8.1275
4689 0.0000
4690 1.7261
4691 3.4376
4692 1.1472
4693 0.0000
4694 3.4153
4695 2.2660
4696 6.0193
4697 -0.9871
4698 2.3005
4699 -1.7762
4700 -1.5035
4701 2.9461
4702 0.0000
4703 4.9569
4704 4.2943
4705 1.2746
4706 0.5886
4707 12.4507
4708 -5.2552
4709 0.0000
4710 7.8947
4711 7.5143
4712 4.1128
4713 0.0000
4714 -1.5253
4715 9.0670
4716 -2.8222
4717 3.5148
4718 -1.7014
4719 -7.2064
4720 0.8573
4721 1.0041
4722 0.0000
4723 2.5486
4724 10.9628
4725 -0.5132
4726 -0.1447
4727 4.2744
4728 6.7008
4729 0.0000
4730 -0.9930
4731 4.3725
4732 6.7794
4733 2.0296
4734 10.9610
4735 5.1519
4736 7.4113
4737 4.6298
4738 1.9900
4739 2.0946
4740 6.7479
4741 -1.0598
4742 -3.9545
4743 9.7871
4744 0.0000
4745 6.6452
4746 2.9051
4747 -0.2161
4748 8.8685
4749 5.8557
4750 13.0158
4751 6.0660
4752 4.3123
4753 0.0000
4754 2.0087
4755 4.3078
4756 3.1336
4757 1.7184
4758 4.1026
4759 1.9877
4760 0.0000
4761 3.5937
4762 -1.4813
4763 0.7312
4764 0.0000
4765 6.0680
4766 0.0700
4767 4.1211
4768 3.0528
4769 5.6049
4770 3.5045
4771 5.4342
4772 1.7332
4773 0.0000
4774 4.2555
4775 7.4185
4776 7.9266
4777 5.3867
4778 0.7289
4779 1.1500
4780 0.0000
4781 -1.4770
4782 8.0158
4783 6.1673
4784 0.0000
4785 2.3236
4786 3.3890
4787 4.8916
4788 6.9326
4789 2.6829
4790 4.2421
4791 11.3567
4792 -0.9139
4793 0.0000
4794 4.4468
4795 -1.5173
4796 7.1019
4797 3.1650
4798 1.0562
4799 1.5531
4800 0.0000
4801 -8.1033
4802 0.0614
4803 18.2352
4804 0.0000
4805 1.3609
4806 -2.5400
4807 11.3208
4808 7.8024
4809 -1.5434
4810 -0.0417
4811 -5.1658
4812 5.8413
4813 0.0000
4814 5.0755
4815 -1.4501
4816 9.1724
4817 0.4776
4818 0.9239
4819 8.0303
4820 0.0000
4821 7.4276
4822 0.0000
4823 11.9345
4824 0.0000
4825 7.7075
4826 9.4093
4827 1.3485
4828 1.7045
4829 -8.7190
4830 -0.3595
4831 -6.4656
4832 6.4141
4833 0.0000
4834 2.8498
4835 -1.1083
4836 3.7850
4837 11.1067
4838 1.1707
4839 -4.0807
4840 0.0000
4841 2.2853
4842 6.3707
4843 10.2181
4844 9.0872
4845 7.7640
4846 5.5558
4847 0.0000
4848 3.2524
4849 0.1897
4850 -0.0116
4851 -4.0542
4852 9.2100
4853 -0.5937
4854 0.0000
4855 -0.8607
4856 3.2754
4857 7.4670
4858 -0.0741
4859 -0.0464
4860 1.9373
4861 0.0000
4862 -2.7437
4863 7.1933
4864 3.4457
4865 4.3060
4866 5.8897
4867 2.7388
4868 0.0000
4869 -0.1006
4870 5.3848
4871 4.2724
4872 10.6811
4873 1.8642
4874 10.3738
4875 0.0000
4876 2.7181
4877 10.7726
4878 5.1391
4879 8.3477
4880 -0.7002
4881 2.2627
4882 0.0000
4883 5.1198
4884 5.2992
4885 -1.3906
4886 5.5009
4887 0.6890
4888 10.2046
4889 0.0000
4890 -7.1492
4891 0.2294
4892 -0.1227
4893 7.4425
4894 4.0940
4895 -5.2696
4896 0.0000
4897 4.1135
4898 6.3178
4899 10.4543
4900 4.9995
4901 0.4024
4902 8.3807
4903 0.0000
4904 -1.6518
4905 -2.2625
4906 15.6824
4907 7.5907
4908 4.8306
4909 9.8100
4910 0.0000
4911 3.8634
4912 0.0560
4913 3.2269
4914 7.2721
4915 6.2077
4916 -3.3543
4917 0.0000
4918 -1.1188
4919 3.5669
4920 1.6722
4921 6.4637
4922 8.1495
4923 1.4200
4924 0.0000
4925 -0.1949
4926 0.8942
4927 3.7273
4928 6.8026
4929 4.8029
4930 4.6947
4931 0.0000
4932 -7.0844
4933 3.2416
4934 11.0358
4935 1.5697
4936 2.9099
4937 -1.2142
4938 0.0000
4939 -1.9743
4940 0.0000
4941 3.6487
4942 0.0000
4943 9.5601
4944 0.0000
4945 7.2510
4946 1.4756
4947 0.0000
4948 0.8141
4949 6.7897
4950 -2.7933
4951 7.1970
4952 0.0000
4953 5.3395
4954 4.1104
4955 10.4631
4956 0.0000
4957 6.4903
4958 6.1509
4959 5.6482
4960 0.0000
4961 5.8996
4962 4.4599
4963 -2.3503
4964 0.7372
4965 -3.1710
4966 12.9321
4967 7.4334
4968 6.8734
4969 3.8442
4970 0.0000
4971 7.5047
4972 3.1553
4973 6.6927
4974 7.1911
4975 3.8338
4976 3.1711
4977 0.0000
4978 0.6964
4979 6.8713
4980 6.5632
4981 5.5272
4982 1.7478
4983 5.5272
4984 0.0000
4985 3.4710
4986 -2.5280
4987 7.8383
4988 10.9217
4989 -3.2731
4990 -3.8345
4991 0.0000
4992 -2.7481
4993 4.7685
4994 4.7637
4995 0.7109
4996 4.4970
4997 7.0756
4998 0.0000
4999 -4.3606
5000 1.5806
5001 8.0172
5002 9.3864
5003 5.5904
5004 4.0185
5005 0.0000
5006 2.6760
5007 10.4264
5008 10.1634
5009 1.8001
5010 2.9104
5011 3.1223
5012 0.0000
5013 -7.1245
5014 7.0829
5015 6.7046
5016 1.3333
5017 -1.5460
5018 7.5474
5019 0.0000
5020 0.6477
5021 -0.9246
5022 4.0613
5023 5.0236
5024 5.1677
5025 0.3610
5026 0.0000
5027 0.5755
5028 4.2948
5029 0.6883
5030 0.0715
5031 -0.8725
5032 -1.6557
5033 0.0000
5034 -2.2907
5035 3.0608
5036 -0.8231
5037 5.0274
5038 0.7738
5039 0.9031
5040 0.0000
5041 -0.3068
5042 1.9427
5043 4.6527
5044 5.8023
5045 6.4700
5046 5.0291
5047 0.0000
5048 1.1910
5049 -2.6810
5050 0.0000
5051 10.8742
5052 1.9954
5053 -3.1099
5054 6.2074
5055 -3.2669
5056 4.7552
5057 1.9590
5058 -3.6157
5059 0.0000
5060 2.5497
5061 1.6278
5062 0.0000
5063 12.2127
5064 0.0000
5065 0.4440
5066 0.0000
5067 10.4195
5068 -0.8283
5069 0.0000
5070 4.0673
5071 -0.5026
5072 0.0000
5073 2.8985
5074 1.7093
5075 4.5285
5076 0.0000
5077 -1.2485
5078 7.7012
5079 0.0000
5080 4.4038
5081 5.3063
5082 2.0191
5083 0.0000
5084 -1.2325
5085 3.9182
5086 0.0000
5087 3.5914
5088 6.4951
5089 1.3015
5090 0.0000
5091 -4.0458
5092 6.0084
5093 0.0000
5094 3.6983
5095 16.3723
5096 1.4729
5097 0.0000
5098 3.3207
5099 7.3556
5100 0.0000
5101 -0.3271
5102 2.0077
5103 9.7618
5104 0.0000
5105 4.7527
5106 0.7941
5107 0.0000
5108 8.5757
5109 -2.4295
5110 -1.6174
5111 0.0000
5112 3.2144
5113 12.8478
5114 0.0000
5115 5.6367
5116 4.7493
5117 6.7440
5118 0.0000
5119 7.4982
5120 0.1405
5121 0.0000
5122 2.6782
5123 5.4082
5124 -0.1616
5125 0.0000
5126 1.5222
5127 -0.1248
5128 0.0000
5129 5.9516
5130 7.8036
5131 -2.5721
5132 0.0000
5133 -1.4793
5134 -3.6841
5135 0.0000
5136 4.2739
5137 8.3817
5138 6.6524
5139 0.0000
5140 1.2892
5141 5.2253
5142 0.0000
5143 11.7217
5144 3.7498
5145 4.1375
5146 0.0000
5147 4.9211
5148 7.6453
5149 0.0000
5150 11.4179
5151 -1.2684
5152 7.7561
5153 0.0000
5154 -4.2485
5155 7.5133
5156 0.0000
5157 4.3248
5158 0.4648
5159 6.5307
5160 0.0000
5161 4.2973
5162 0.2191
5163 0.0000
5164 2.4104
5165 6.3685
5166 8.0058
5167 0.0000
5168 -1.1521
5169 -0.4874
5170 0.0000
5171 -0.4899
5172 5.2426
5173 13.6354
5174 0.0000
5175 2.0055
5176 -1.6161
5177 0.0000
5178 -2.5784
5179 11.8658
5180 1.6462
5181 0.0000
5182 1.7730
5183 0.0000
5184 -2.6922
5185 0.0000
5186 2.6844
5187 4.7354
5188 0.0000
5189 9.4557
5190 0.0000
5191 -3.9757
5192 0.0000
5193 5.3740
5194 3.6991
5195 2.6669
5196 0.0000
5197 -2.8962
5198 7.8970
5199 5.8742
5200 0.0000
5201 4.8852
5202 1.2618
5203 0.0595
5204 0.0000
5205 4.2949
5206 0.0000
5207 3.5747
5208 0.0000
5209 1.8146
5210 9.3665
5211 0.0000
5212 -5.8247
5213 0.0000
5214 2.7727
5215 -2.9103
5216 1.5075
5217 5.4253
5218 7.3319
5219 -1.7470
5220 4.0940
5221 9.0911
5222 3.3664
5223 0.0498
5224 1.6085
5225 1.8381
5226 -6.7045
5227 4.3671
5228 1.2316
5229 3.0148
5230 0.0000
5231 9.4834
5232 -0.8570
5233 -5.1856
5234 3.0294
5235 4.1815
5236 15.8964
5237 8.8189
5238 8.0998
5239 0.0000
5240 6.6176
5241 2.0484
5242 7.2494
5243 5.4570
5244 3.1396
5245 4.6862
5246 0.0000
5247 -6.5938
5248 9.4464
5249 10.6067
5250 0.0000
5251 3.6339
5252 3.1037
5253 2.8278
5254 3.6320
5255 -4.0948
5256 3.2277
5257 5.5783
5258 7.8019
5259 0.0000
5260 11.8130
5261 5.6589
5262 3.4310
5263 3.0646
5264 -0.5210
5265 10.0167
5266 0.0000
5267 1.1682
5268 7.0900
5269 4.0630
5270 0.0000
5271 -0.4966
5272 -1.7539
5273 -6.5455
5274 5.9578
5275 3.2619
5276 -3.5755
5277 3.0334
5278 0.1076
5279 0.0000
5280 9.3581
5281 3.2708
5282 4.7102
5283 4.9168
5284 10.5865
5285 4.8575
5286 0.0000
5287 -3.5550
5288 5.7583
5289 7.2740
5290 0.0000
5291 4.0019
5292 -4.1188
5293 2.5949
5294 6.9548
5295 1.5611
5296 1.6386
5297 5.6321
5298 1.9029
5299 0.0000
5300 8.3962
5301 5.7565
5302 3.1185
5303 -3.2073
5304 8.9196
5305 4.0592
5306 0.0000
5307 4.7575
5308 -0.1502
5309 -0.6925
5310 5.6909
5311 10.2695
5312 5.1558
5313 4.2840
5314 8.8509
5315 4.3998
5316 6.8588
5317 5.8622
5318 3.9302
5319 11.4349
5320 10.8877
5321 0.0000
5322 -1.9687
5323 1.0362
5324 1.0304
5325 6.0868
5326 -1.8476
5327 1.8347
5328 -1.9887
5329 5.6583
5330 0.0000
5331 1.1616
5332 4.0441
5333 0.6862
5334 -4.9448
5335 2.7552
5336 -1.8917
5337 0.0000
5338 5.6703
5339 0.9889
5340 0.8500
5341 0.0000
5342 -2.8943
5343 -1.5409
5344 5.0591
5345 -2.0239
5346 -2.4552
5347 -0.5840
5348 -0.5433
5349 6.3941
5350 0.0000
5351 -2.2120
5352 11.4561
5353 0.1805
5354 -2.8087
5355 1.6305
5356 11.4344
5357 0.0000
5358 -0.8787
5359 -0.5657
5360 0.4177
5361 0.0000
5362 3.6795
5363 7.2448
5364 4.7922
5365 5.2353
5366 2.8076
5367 8.9683
5368 -2.8467
5369 0.3694
5370 0.0000
5371 9.5731
5372 6.9379
5373 1.8658
5374 4.2658
5375 4.5664
5376 9.6472
5377 0.0000
5378 2.7915
5379 2.7168
5380 -1.6582
5381 0.0000
5382 3.4676
5383 8.5705
5384 3.0321
5385 3.7149
5386 3.4512
5387 17.0038
5388 0.2139
5389 9.8151
5390 0.0000
5391 5.7360
5392 4.2775
5393 2.2437
5394 4.1275
5395 5.8180
5396 0.3167
5397 0.0000
5398 2.3220
5399 0.4658
5400 6.1706
5401 -0.8410
5402 9.6609
5403 -1.1492
5404 10.4840
5405 0.0198
5406 3.7534
5407 11.4328
5408 11.4875
5409 -5.3558
5410 4.1187
5411 1.8818
5412 0.0000
5413 2.4554
5414 1.3947
5415 1.2513
5416 5.6028
5417 0.6660
5418 2.0710
5419 8.9697
5420 22.2847
5421 0.0000
5422 3.9057
5423 -0.1033
5424 4.8599
5425 11.1135
5426 0.4650
5427 1.7218
5428 0.0000
5429 1.4258
5430 10.1678
5431 -4.5006
5432 0.0000
5433 2.7530
5434 -0.3056
5435 4.7137
5436 3.1863
5437 -1.5032
5438 -6.9394
5439 0.5150
5440 10.7090
5441 0.0000
5442 12.1703
5443 2.1022
5444 5.1442
5445 4.1115
5446 6.0166
5447 -1.4437
5448 0.0000
5449 -1.7761
5450 -0.0872
5451 7.7150
5452 0.0000
5453 0.5625
5454 2.9105
5455 -1.1895
5456 -0.5704
5457 1.7994
5458 -0.6695
5459 -4.8461
5460 3.3882
5461 0.0000
5462 4.6977
5463 4.8608
5464 3.0010
5465 1.0956
5466 6.0137
5467 6.5967
5468 0.0000
5469 3.9828
5470 7.4760
5471 2.8128
5472 0.0000
5473 9.1848
5474 -0.9501
5475 3.5081
5476 -2.2364
5477 1.8290
5478 5.5072
5479 14.6674
5480 3.8582
5481 0.0000
5482 -1.2282
5483 -2.7129
5484 9.3190
5485 11.5636
5486 6.4727
5487 2.2082
5488 0.0000
5489 0.5085
5490 7.3813
5491 -2.2694
5492 5.6049
5493 0.0748
5494 -0.5057
5495 2.1406
5496 -7.3166
5497 -0.5152
5498 2.6074
5499 4.7043
5500 3.7004
5501 2.1028
5502 10.0272
5503 0.0000
5504 2.4634
5505 -1.3418
5506 13.3130
5507 3.1108
5508 -2.6030
5509 7.4047
5510 1.7864
5511 4.3873
5512 0.0000
5513 2.7996
5514 6.6020
5515 6.6077
5516 10.7938
5517 8.8126
5518 10.5717
5519 0.0000
5520 0.0760
5521 1.2506
5522 8.5565
5523 0.0000
5524 4.7776
5525 3.3687
5526 9.6930
5527 5.0541
5528 -3.7934
5529 -5.4485
5530 4.6709
5531 2.1568
5532 0.0000
5533 1.7314
5534 -2.5354
5535 10.9600
5536 -0.1783
5537 10.7407
5538 12.1032
5539 0.0000
5540 6.2026
5541 6.8535
5542 11.4293
5543 0.0000
5544 3.1434
5545 2.0202
5546 6.1023
5547 1.3261
5548 -0.0801
5549 -2.7744
5550 1.7116
5551 1.8225
5552 0.0000
5553 -0.5690
5554 1.2627
5555 -0.3870
5556 8.3762
5557 7.0906
5558 -2.6730
5559 0.0000
5560 -6.9413
5561 3.0960
5562 6.5461
5563 0.0000
5564 -2.4845
5565 -0.7975
5566 9.4333
5567 7.6476
5568 -10.4667
5569 11.0120
5570 7.1038
5571 -3.6086
5572 0.0000
5573 3.7244
5574 3.5961
5575 -4.4121
5576 2.0258
5577 0.5649
5578 -0.4275
5579 0.0000
5580 -4.4267
5581 0.0000
5582 9.2554
5583 0.0000
5584 9.7244
5585 5.7081
5586 3.7155
5587 10.0567
5588 3.5263
5589 7.1397
5590 4.1912
5591 0.8025
5592 0.0000
5593 -1.6446
5594 3.0807
5595 7.5596
5596 0.4211
5597 8.1050
5598 4.5405
5599 0.0000
5600 -2.1651
5601 8.4419
5602 0.9541
5603 13.4981
5604 3.1145
5605 8.6359
5606 0.0000
5607 1.0148
5608 1.7594
5609 10.1171
5610 10.5696
5611 5.0265
5612 4.2653
5613 0.0000
5614 0.9853
5615 -0.3033
5616 8.3084
5617 10.0781
5618 3.5997
5619 -4.9307
5620 0.0000
5621 0.3590
5622 8.5738
5623 9.2736
5624 0.7027
5625 -0.6459
5626 -1.1100
5627 0.0000
5628 0.1016
5629 2.9237
5630 2.0896
5631 4.2319
5632 1.7685
5633 5.3856
5634 0.0000
5635 5.7135
5636 7.6788
5637 1.6780
5638 2.3379
5639 8.7550
5640 4.1205
5641 0.0000
5642 2.1317
5643 4.4642
5644 0.0446
5645 8.2694
5646 8.2466
5647 -1.7836
5648 0.0000
5649 1.4616
5650 2.5481
5651 1.8243
5652 12.0185
5653 3.4960
5654 8.8985
5655 0.0000
5656 2.1308
5657 12.0769
5658 -5.4217
5659 0.8344
5660 6.3865
5661 8.4655
5662 0.0000
5663 -1.9483
5664 2.6877
5665 11.1208
5666 6.5975
5667 5.8870
5668 2.2648
5669 0.0000
5670 -2.7190
5671 9.6617
5672 3.6455
5673 10.3918
5674 2.7743
5675 -6.5676
5676 0.0000
5677 5.1590
5678 6.6681
5679 4.1247
5680 6.1084
5681 6.3119
5682 8.8391
5683 0.0000
5684 6.3079
5685 3.5113
5686 -0.6679
5687 -1.3455
5688 5.8575
5689 9.2687
5690 0.0000
5691 -1.1662
5692 -1.5895
5693 7.0496
5694 5.6824
5695 1.9990
5696 0.2514
5697 0.0000
5698 -0.2445
5699 0.0000
5700 6.5892
5701 0.0000
5702 -2.4064
5703 0.0000
5704 8.6569
5705 10.7734
5706 0.0000
5707 -7.8839
5708 7.2966
5709 9.0331
5710 5.8623
5711 0.0000
5712 3.8660
5713 0.0244
5714 -2.4167
5715 0.0000
5716 6.8357
5717 8.5933
5718 1.3282
5719 0.0000
5720 2.3879
5721 6.2162
5722 -2.4147
5723 -0.9303
5724 2.1705
5725 -0.2849
5726 14.1419
5727 7.4485
5728 -1.2655
5729 0.0000
5730 2.5467
5731 0.9767
5732 9.5603
5733 5.6283
5734 1.6396
5735 1.8711
5736 0.0000
5737 6.5039
5738 4.9047
5739 2.7906
5740 4.4973
5741 6.5410
5742 6.7619
5743 0.0000
5744 -6.2425
5745 1.8000
5746 -0.8030
5747 3.2757
5748 6.3822
5749 5.0936
5750 0.0000
5751 -2.5537
5752 2.7479
5753 -2.8207
5754 1.1944
5755 8.8221
5756 2.9883
5757 0.0000
5758 2.1178
5759 -1.2534
5760 8.2803
5761 7.8742
5762 9.2303
5763 -4.3314
5764 0.0000
5765 6.3706
5766 -3.2213
5767 10.1032
5768 6.9647
5769 4.8536
5770 -1.2060
5771 0.0000
5772 -8.7476
5773 11.0473
5774 8.5422
5775 5.9358
5776 -0.2825
5777 1.3629
5778 0.0000
5779 5.2781
5780 1.5076
5781 8.0498
5782 3.6285
5783 3.2335
5784 8.8707
5785 0.0000
5786 10.3738
5787 4.2591
5788 8.7383
5789 2.5424
5790 1.0065
5791 6.5692
5792 0.0000
5793 10.0479
5794 12.0044
5795 6.1917
5796 2.5458
5797 0.4326
5798 1.2926
5799 0.0000
5800 -1.1210
5801 4.7140
5802 5.9014
5803 8.7491
5804 -3.9618
5805 8.7968
5806 0.0000
5807 -4.8172
5808 9.1344
5809 0.0000
5810 1.4199
5811 -0.1957
5812 0.3365
5813 -7.3047
5814 -0.9867
5815 13.8318
5816 1.8973
5817 6.6288
5818 0.0000
5819 4.1141
5820 2.1233
5821 0.0000
5822 2.0717
5823 0.0000
5824 4.5464
5825 0.0000
5826 7.1813
5827 6.7349
5828 0.0000
5829 1.9045
5830 2.8744
5831 0.0000
5832 -1.8043
5833 -9.2826
5834 6.3457
5835 0.0000
5836 5.1938
5837 -4.1093
5838 0.0000
5839 1.6543
5840 3.1912
5841 1.2803
5842 0.0000
5843 7.5025
5844 4.8445
5845 0.0000
5846 3.5167
5847 2.9451
5848 2.2771
5849 0.0000
5850 14.7172
5851 6.1202
5852 0.0000
5853 -0.2497
5854 5.9589
5855 2.4729
5856 0.0000
5857 -3.3737
5858 4.4653
5859 0.0000
5860 13.8932
5861 3.2667
5862 0.6908
5863 0.0000
5864 -0.1738
5865 1.5887
5866 0.0000
5867 2.3982
5868 9.5572
5869 3.7136
5870 0.0000
5871 1.9900
5872 -1.6150
5873 0.0000
5874 -3.1611
5875 -0.6762
5876 7.9269
5877 0.0000
5878 3.2216
5879 1.4272
5880 0.0000
5881 -0.6960
5882 2.3942
5883 9.7972
5884 0.0000
5885 0.9821
5886 0.3720
5887 0.0000
5888 6.6320
5889 10.2003
5890 -1.8197
5891 0.0000
5892 1.8587
5893 2.0353
5894 0.0000
5895 6.3745
5896 0.7276
5897 6.0459
5898 0.0000
5899 4.1566
5900 0.9901
5901 0.0000
5902 1.6531
5903 8.1148
5904 2.3533
5905 0.0000
5906 -0.8598
5907 3.5444
5908 0.0000
5909 -5.0126
5910 2.3575
5911 6.6987
5912 0.0000
5913 0.8149
5914 4.9058
5915 0.0000
5916 7.5022
5917 10.2545
5918 6.1822
5919 0.0000
5920 -4.5629
5921 3.1716
5922 0.0000
5923 3.2679
5924 4.6381
5925 0.8964
5926 0.0000
5927 2.8841
5928 4.4571
5929 0.0000
5930 6.7756
5931 9.5407
5932 2.2713
5933 0.0000
5934 -0.9816
5935 3.7592
5936 0.0000
5937 1.0848
5938 3.3734
5939 1.2718
5940 0.0000
5941 -3.7874
5942 0.0000
5943 -0.9323
5944 0.0000
5945 0.7089
5946 4.9482
5947 0.0000
5948 2.3026
5949 0.0000
5950 0.7848
5951 0.0000
5952 9.5485
5953 1.6572
5954 7.7985
5955 0.0000
5956 -0.9349
5957 5.8251
5958 1.3592
5959 0.0000
5960 3.3677
5961 10.7769
5962 -12.6178
5963 0.0000
5964 9.1747
5965 0.0000
5966 -0.1156
5967 0.0000
5968 -3.7331
5969 -1.4630
5970 0.0000
5971 7.9126
5972 0.0000
5973 -1.1937
5974 3.9378
5975 4.3431
5976 9.0519
5977 0.6141
5978 4.8724
5979 -0.8375
5980 5.4384
5981 3.1865
5982 6.3483
5983 3.1606
5984 8.9572
5985 4.7197
5986 6.6135
5987 8.7864
5988 4.7903
5989 0.0000
5990 -3.1294
5991 5.8434
5992 2.5089
5993 -5.3305
5994 4.4930
5995 8.2865
5996 2.1379
5997 3.7698
5998 0.0000
5999 8.5722
6000 10.8333
6001 1.6285
6002 4.6007
6003 3.1958
6004 2.6714
6005 0.0000
6006 -3.5165
6007 1.8141
6008 2.2088
6009 0.0000
6010 1.4760
6011 -2.4135
6012 9.0400
6013 -2.6004
6014 -3.0844
6015 -4.1523
6016 0.0830
6017 4.5346
6018 0.0000
6019 9.2097
6020 4.0595
6021 6.7983
6022 1.4809
6023 7.8368
6024 4.9058
6025 0.0000
6026 -1.9373
6027 5.1936
6028 -0.8624
6029 0.0000
6030 2.8458
6031 -4.4330
6032 7.6806
6033 1.4731
6034 -10.0572
6035 2.2182
6036 -2.4288
6037 2.7231
6038 0.0000
6039 8.8022
6040 -0.2451
6041 0.4005
6042 -0.4262
6043 0.4193
6044 -2.4004
6045 0.0000
6046 -3.8728
6047 4.4041
6048 -0.3372
6049 0.0000
6050 7.3055
6051 0.4256
6052 4.7963
6053 4.0517
6054 -1.7022
6055 12.5906
6056 6.4077
6057 11.0077
6058 0.0000
6059 -1.6294
6060 4.9716
6061 4.3923
6062 -0.8921
6063 3.0782
6064 4.0697
6065 0.0000
6066 -1.1530
6067 5.9229
6068 9.5289
6069 1.4330
6070 6.2244
6071 -3.4894
6072 13.2745
6073 3.2219
6074 5.0314
6075 4.1835
6076 2.7729
6077 10.1260
6078 7.2593
6079 7.3849
6080 0.0000
6081 12.9031
6082 -9.3921
6083 6.8798
6084 10.0380
6085 -2.3369
6086 -0.0454
6087 1.6943
6088 6.4124
6089 0.0000
6090 8.6381
6091 9.5856
6092 8.6219
6093 11.2814
6094 -0.6292
6095 -3.0654
6096 0.0000
6097 -2.1948
6098 5.7058
6099 -0.9380
6100 0.0000
6101 5.4462
6102 2.1113
6103 0.5395
6104 -0.6908
6105 -11.1747
6106 8.2280
6107 -1.7311
6108 -3.5336
6109 0.0000
6110 5.1414
6111 4.6087
6112 1.5756
6113 1.7693
6114 6.6025
6115 5.0579
6116 0.0000
6117 4.2589
6118 12.4075
6119 6.8406
6120 0.0000
6121 -4.7162
6122 5.2226
6123 3.9062
6124 1.1481
6125 3.2503
6126 10.7376
6127 3.2114
6128 8.0963
6129 0.0000
6130 0.2089
6131 3.7347
6132 5.4477
6133 8.0110
6134 5.5149
6135 1.5260
6136 0.0000
6137 -4.1912
6138 -3.9291
6139 6.2355
6140 0.0000
6141 -6.2093
6142 3.1373
6143 4.1800
6144 6.7179
6145 -2.6078
6146 4.7909
6147 -0.0738
6148 8.6984
6149 0.0000
6150 5.8259
6151 4.6399
6152 -1.4606
6153 6.0921
6154 7.2176
6155 -1.0478
6156 0.0000
6157 1.2073
6158 19.8167
6159 8.1090
6160 2.3340
6161 11.9219
6162 7.4014
6163 12.1554
6164 5.0655
6165 3.3004
6166 0.2888
6167 -0.6833
6168 0.9017
6169 0.5660
6170 4.9160
6171 0.0000
6172 12.4112
6173 -4.4516
6174 11.9803
6175 7.0799
6176 -5.0525
6177 6.8719
6178 1.7402
6179 3.3111
6180 0.0000
6181 9.4014
6182 -4.3961
6183 3.8443
6184 5.6348
6185 6.0373
6186 5.2920
6187 0.0000
6188 3.1441
6189 9.3433
6190 6.9183
6191 0.0000
6192 3.6451
6193 -3.3302
6194 5.7896
6195 7.3244
6196 -0.6327
6197 -1.9892
6198 4.2098
6199 -0.8786
6200 0.0000
6201 5.0894
6202 -5.3103
6203 4.7407
6204 10.1964
6205 4.0770
6206 5.6567
6207 0.0000
6208 8.7463
6209 12.9435
6210 6.5386
6211 0.0000
6212 6.3659
6213 -1.5677
6214 6.7747
6215 9.1515
6216 -3.0328
6217 5.0817
6218 1.6693
6219 5.6020
6220 0.0000
6221 12.2804
6222 4.9775
6223 1.9522
6224 6.5346
6225 5.3623
6226 7.6085
6227 0.0000
6228 0.1482
6229 1.2200
6230 3.7311
6231 0.0000
6232 -1.2528
6233 2.2248
6234 3.0327
6235 8.7131
6236 3.3847
6237 5.4419
6238 10.4107
6239 5.0879
6240 0.0000
6241 4.0423
6242 17.2988
6243 0.1506
6244 3.9455
6245 0.4401
6246 5.8238
6247 0.0000
6248 -3.4956
6249 0.4811
6250 3.0856
6251 4.8115
6252 1.5567
6253 2.6231
6254 3.6734
6255 0.0193
6256 3.1390
6257 4.0272
6258 5.8397
6259 2.5646
6260 6.2214
6261 12.9151
6262 0.0000
6263 7.1372
6264 3.7964
6265 12.7512
6266 3.6882
6267 -1.4105
6268 8.9925
6269 6.3643
6270 3.0498
6271 0.0000
6272 7.5111
6273 -1.6626
6274 4.1310
6275 -1.4928
6276 1.9036
6277 7.9533
6278 0.0000
6279 -3.6637
6280 -3.5034
6281 5.8300
6282 0.0000
6283 7.7559
6284 -1.9356
6285 4.0118
6286 7.3836
6287 -1.7306
6288 3.2411
6289 2.7925
6290 0.6888
6291 0.0000
6292 7.6330
6293 1.8893
6294 -2.2687
6295 -1.8117
6296 2.2216
6297 10.1934
6298 0.0000
6299 -2.7171
6300 -0.4588
6301 10.1707
6302 0.0000
6303 3.7806
6304 -2.8199
6305 1.7986
6306 1.1787
6307 4.3705
6308 3.6267
6309 2.4300
6310 10.7240
6311 0.0000
6312 5.7820
6313 -1.2297
6314 -6.2931
6315 -5.7290
6316 2.2202
6317 7.9234
6318 0.0000
6319 3.5897
6320 3.1834
6321 3.8363
6322 0.0000
6323 0.6139
6324 -6.0419
6325 -1.0431
6326 2.4821
6327 -1.3994
6328 3.4114
6329 4.6642
6330 4.5036
6331 0.0000
6332 3.0734
6333 4.3714
6334 5.5804
6335 9.8121
6336 0.5203
6337 3.5273
6338 0.0000
6339 6.4401
6340 0.0000
6341 4.6941
6342 0.0000
6343 1.9985
6344 4.4641
6345 -4.6211
6346 9.4278
6347 2.1456
6348 7.5842
6349 -1.9682
6350 3.7555
6351 0.0000
6352 6.0639
6353 5.1126
6354 6.4657
6355 0.1314
6356 5.1784
6357 0.0379
6358 0.0000
6359 7.1151
6360 2.7883
6361 2.0267
6362 0.1797
6363 1.1456
6364 7.4023
6365 0.0000
6366 1.1783
6367 8.5809
6368 4.3641
6369 10.9022
6370 6.5947
6371 5.0818
6372 0.0000
6373 -5.0611
6374 10.3021
6375 1.3593
6376 8.9086
6377 3.8264
6378 8.9568
6379 0.0000
6380 -1.7055
6381 2.0768
6382 3.1313
6383 -2.8839
6384 2.8340
6385 6.8818
6386 0.0000
6387 -2.1721
6388 2.8422
6389 0.0039
6390 3.3338
6391 4.7469
6392 -6.0103
6393 0.0000
6394 2.5638
6395 1.0423
6396 11.5172
6397 7.3113
6398 2.0984
6399 4.8896
6400 0.0000
6401 5.4440
6402 6.4707
6403 3.3921
6404 -2.6435
6405 6.3957
6406 -2.1464
6407 0.0000
6408 4.3237
6409 1.2908
6410 1.5206
6411 -1.6792
6412 3.1158
6413 10.9036
6414 0.0000
6415 -2.2380
6416 10.9624
6417 1.2797
6418 0.7529
6419 2.7331
6420 5.8908
6421 0.0000
6422 6.7579
6423 8.3610
6424 3.9241
6425 2.4531
6426 2.2444
6427 1.1187
6428 0.0000
6429 0.1975
6430 10.7031
6431 -3.8342
6432 -2.8672
6433 9.0964
6434 1.7057
6435 0.0000
6436 0.4685
6437 -2.1264
6438 5.7115
6439 5.5973
6440 -0.9305
6441 -1.7821
6442 0.0000
6443 -3.3196
6444 9.8672
6445 3.9427
6446 4.3548
6447 11.8345
6448 6.4770
6449 0.0000
6450 -3.1583
6451 15.2817
6452 0.6069
6453 5.1175
6454 6.1725
6455 5.6355
6456 0.0000
6457 5.2520
6458 0.0000
6459 3.2744
6460 0.0000
6461 5.1202
6462 0.0000
6463 4.1980
6464 3.3752
6465 0.0000
6466 2.3102
6467 -4.6807
6468 8.5396
6469 2.9326
6470 0.0000
6471 5.8154
6472 8.7962
6473 5.2843
6474 0.0000
6475 3.8336
6476 3.7290
6477 0.0839
6478 0.0000
6479 1.7261
6480 8.6344
6481 1.8906
6482 4.8256
6483 1.6925
6484 -1.2712
6485 3.1850
6486 2.4381
6487 0.1347
6488 0.0000
6489 -3.9131
6490 5.9348
6491 6.6976
6492 6.5581
6493 3.1592
6494 7.6144
6495 0.0000
6496 -1.1000
6497 10.5738
6498 -1.4412
6499 0.2423
6500 2.4145
6501 -3.2996
6502 0.0000
6503 3.3389
6504 7.7234
6505 3.4809
6506 10.8474
6507 -1.4491
6508 6.2569
6509 0.0000
6510 6.3204
6511 5.4705
6512 1.2056
6513 0.7867
6514 10.4064
6515 5.8407
6516 0.0000
6517 -0.8630
6518 3.3050
6519 5.0646
6520 0.8644
6521 0.1352
6522 -1.1359
6523 0.0000
6524 0.2034
6525 -1.2542
6526 3.1959
6527 8.0732
6528 6.0024
6529 8.1986
6530 0.0000
6531 4.4893
6532 6.2267
6533 8.2637
6534 -0.5132
6535 2.6203
6536 12.9940
6537 0.0000
6538 4.6631
6539 -5.1538
6540 2.2928
6541 9.8861
6542 1.0247
6543 2.8886
6544 0.0000
6545 2.7022
6546 1.7455
6547 3.8299
6548 3.6183
6549 2.6395
6550 6.3495
6551 0.0000
6552 -5.2294
6553 5.4072
6554 -6.3410
6555 -2.2964
6556 6.8258
6557 8.9874
6558 0.0000
6559 -1.8292
6560 5.1902
6561 9.9358
6562 -3.2037
6563 0.2284
6564 0.9777
6565 0.0000
6566 -2.9626
6567 6.7114
6568 0.0000
6569 1.0657
6570 3.8308
6571 -3.2163
6572 5.1465
6573 1.8634
6574 6.0743
6575 0.9658
6576 1.4951
6577 0.0000
6578 -3.2974
6579 1.4670
6580 0.0000
6581 14.6811
6582 0.0000
6583 0.7951
6584 0.0000
6585 -1.0948
6586 1.0359
6587 0.0000
6588 1.4448
6589 -7.2223
6590 0.0000
6591 5.5306
6592 5.4370
6593 4.5725
6594 0.0000
6595 1.5382
6596 3.4058
6597 0.0000
6598 -1.2208
6599 5.7015
6600 0.5146
6601 0.0000
6602 5.6416
6603 9.9201
6604 0.0000
6605 10.6462
6606 6.5215
6607 5.7757
6608 0.0000
6609 1.5687
6610 2.9434
6611 0.0000
6612 1.2108
6613 0.5607
6614 6.1346
6615 0.0000
6616 6.2357
6617 -4.3123
6618 0.0000
6619 3.4398
6620 8.8416
6621 6.0771
6622 0.0000
6623 3.9202
6624 12.4468
6625 0.0000
6626 -0.9525
6627 5.9967
6628 6.2880
6629 0.0000
6630 -2.8048
6631 8.7892
6632 0.0000
6633 4.2980
6634 3.4577
6635 3.6619
6636 0.0000
6637 -2.1526
6638 5.3644
6639 0.0000
6640 11.5309
6641 5.4681
6642 8.3721
6643 0.0000
6644 -1.1804
6645 -9.3248
6646 0.0000
6647 5.8152
6648 1.8482
6649 10.6623
6650 0.0000
6651 2.1900
6652 -1.1553
6653 0.0000
6654 4.9714
6655 4.2553
6656 6.4871
6657 0.0000
6658 -5.4465
6659 4.5505
6660 0.0000
6661 -0.0676
6662 6.0927
6663 4.4598
6664 0.0000
6665 -0.6902
6666 7.6736
6667 0.0000
6668 -2.2019
6669 7.4015
6670 7.5445
6671 0.0000
6672 0.4166
6673 -0.4119
6674 0.0000
6675 8.5983
6676 3.9469
6677 1.7365
6678 0.0000
6679 -2.6385
6680 -0.5140
6681 0.0000
6682 2.9759
6683 10.8865
6684 -8.1111
6685 0.0000
6686 -2.5815
6687 2.7647
6688 0.0000
6689 16.8105
6690 5.5885
6691 4.0444
6692 0.0000
6693 3.2447
6694 -0.7013
6695 0.0000
6696 4.1638
6697 8.4266
6698 -7.3777
6699 0.0000
6700 0.8769
6701 0.0000
6702 7.6949
6703 0.0000
6704 8.0658
6705 3.7709
6706 0.0000
6707 4.8334
6708 0.0000
6709 1.4055
6710 0.0000
6711 -0.8257
6712 -0.1577
6713 13.0265
6714 0.0000
6715 7.7410
6716 2.2639
6717 2.0905
6718 0.0000
6719 5.2280
6720 -0.1270
6721 3.7484
6722 0.0000
6723 3.1951
6724 0.0000
6725 -1.4714
6726 0.0000
6727 4.5432
6728 6.8574
6729 0.0000
6730 6.7699
6731 0.0000
6732 8.0644
6733 -0.9233
6734 3.1212
6735 7.5756
6736 4.0115
6737 3.3044
6738 -1.7186
6739 9.5935
6740 3.5198
6741 9.5191
6742 1.1632
6743 5.7027
6744 4.9786
6745 -5.5526
6746 6.1125
6747 3.4040
6748 0.0000
6749 4.0246
6750 -0.5352
6751 9.1082
6752 3.9988
6753 4.0606
6754 11.4682
6755 6.1416
6756 6.9334
6757 0.0000
6758 8.7914
6759 -4.0967
6760 1.9393
6761 2.2514
6762 10.7647
6763 11.4356
6764 0.0000
6765 4.6329
6766 11.0335
6767 3.3611
6768 0.0000
6769 7.1494
6770 4.7576
6771 -1.4523
6772 4.0786
6773 -0.8825
6774 14.0181
6775 -3.1352
6776 4.1327
6777 0.0000
6778 16.2394
6779 -0.2008
6780 -0.0909
6781 8.4718
6782 5.0600
6783 15.1470
6784 0.0000
6785 0.1379
6786 4.0502
6787 3.2092
6788 0.0000
6789 13.2510
6790 0.8124
6791 3.1952
6792 -2.1752
6793 -3.5970
6794 14.3727
6795 -0.4958
6796 7.8993
6797 0.0000
6798 6.6566
6799 1.0526
6800 4.5292
6801 -1.4520
6802 11.9926
6803 10.3860
6804 0.0000
6805 -4.5664
6806 5.7232
6807 2.4749
6808 0.0000
6809 -3.7788
6810 -2.9657
6811 12.5600
6812 0.2270
6813 3.4499
6814 5.0541
6815 1.5140
6816 14.2117
6817 0.0000
6818 5.3377
6819 -7.2451
6820 6.6604
6821 6.6832
6822 10.1426
6823 2.6654
6824 0.0000
6825 -3.2171
6826 4.9257
6827 0.2864
6828 0.9739
6829 -1.7003
6830 4.6676
6831 8.7141
6832 5.6605
6833 3.8108
6834 6.8350
6835 5.8048
6836 3.7128
6837 -4.5813
6838 -0.5242
6839 0.0000
6840 1.2184
6841 2.2349
6842 7.4385
6843 8.0497
6844 -4.1734
6845 -0.6179
6846 -0.4404
6847 7.9058
6848 0.0000
6849 8.2877
6850 3.8492
6851 4.4566
6852 2.0593
6853 6.9536
6854 3.3522
6855 0.0000
6856 0.1582
6857 0.6593
6858 7.9077
6859 0.0000
6860 2.2084
6861 9.3163
6862 -4.5300
6863 5.7988
6864 -0.9506
6865 4.8703
6866 0.0225
6867 10.5027
6868 0.0000
6869 5.3625
6870 9.6783
6871 2.3054
6872 5.1910
6873 -0.5097
6874 0.1738
6875 0.0000
6876 -1.9968
6877 11.7894
6878 6.1517
6879 0.0000
6880 0.5103
6881 6.9622
6882 0.7556
6883 4.1209
6884 1.6539
6885 4.0937
6886 5.4922
6887 3.9793
6888 0.0000
6889 9.4949
6890 11.1036
6891 0.9709
6892 3.7311
6893 3.6694
6894 -4.5534
6895 0.0000
6896 -3.4771
6897 8.1382
6898 1.2790
6899 0.0000
6900 5.7776
6901 -3.6661
6902 2.9311
6903 1.3293
6904 -0.0854
6905 0.4599
6906 -4.2135
6907 -1.4040
6908 0.0000
6909 0.3498
6910 3.8004
6911 6.0741
6912 2.0953
6913 4.5748
6914 4.9493
6915 0.0000
6916 2.9439
6917 7.9904
6918 0.5592
6919 5.6884
6920 -2.1287
6921 -4.0437
6922 7.7482
6923 5.6362
6924 9.7587
6925 4.2748
6926 -1.2055
6927 5.7452
6928 4.7541
6929 0.4507
6930 0.0000
6931 -4.8719
6932 -2.5880
6933 5.7859
6934 6.6302
6935 -3.7765
6936 -1.5196
6937 2.9589
6938 7.1184
6939 0.0000
6940 7.6014
6941 -1.3430
6942 -3.5555
6943 2.8739
6944 4.3548
6945 6.0770
6946 0.0000
6947 1.1558
6948 3.4427
6949 8.8182
6950 0.0000
6951 3.7483
6952 1.3239
6953 4.8566
6954 6.5894
6955 -4.1275
6956 2.8136
6957 4.7758
6958 1.7949
6959 0.0000
6960 4.7680
6961 0.5159
6962 3.1938
6963 3.1818
6964 -3.2519
6965 3.7690
6966 0.0000
6967 0.5914
6968 11.3668
6969 3.2148
6970 0.0000
6971 6.0615
6972 0.5953
6973 -0.1669
6974 3.3350
6975 0.4131
6976 -1.7174
6977 3.1712
6978 3.8001
6979 0.0000
6980 2.4874
6981 -0.4540
6982 5.9224
6983 -0.6868
6984 3.8155
6985 7.7731
6986 0.0000
6987 -0.8636
6988 8.7886
6989 -4.4079
6990 0.0000
6991 11.0693
6992 -0.4131
6993 -2.0215
6994 6.7409
6995 -2.6724
6996 1.3374
6997 1.5797
6998 -0.8387
6999 0.0000
7000 3.9178
7001 11.9465
7002 -0.0606
7003 5.1787
7004 2.4980
7005 2.2243
7006 0.0000
7007 6.5667
7008 6.1144
7009 6.6219
7010 2.1798
7011 6.7741
7012 5.8505
7013 8.8772
7014 9.7604
7015 -3.0078
7016 3.3369
7017 6.3744
7018 6.3483
7019 8.8389
7020 2.7949
7021 0.0000
7022 3.0266
7023 2.4053
7024 0.8742
7025 8.4926
7026 6.1094
7027 3.3885
7028 -0.7628
7029 -0.3033
7030 0.0000
7031 5.2285
7032 9.2538
7033 -0.3281
7034 -1.0297
7035 5.3011
7036 4.6071
7037 0.0000
7038 -3.7231
7039 5.6929
7040 -2.4483
7041 0.0000
7042 11.9908
7043 4.7418
7044 8.3576
7045 4.5739
7046 6.6469
7047 1.5397
7048 3.9240
7049 5.0299
7050 0.0000
7051 7.5598
7052 5.2491
7053 -4.4722
7054 1.2309
7055 8.0931
7056 7.8731
7057 0.0000
7058 5.7223
7059 9.6853
7060 7.3022
7061 0.0000
7062 3.9697
7063 -1.4501
7064 3.9436
7065 1.5617
7066 -1.9459
7067 8.0924
7068 3.7962
7069 0.9460
7070 0.0000
7071 3.9513
7072 7.1324
7073 9.2701
7074 12.1143
7075 4.6886
7076 -1.4641
7077 0.0000
7078 -0.6611
7079 5.7019
7080 9.8790
7081 0.0000
7082 3.5549
7083 -1.5090
7084 1.3221
7085 13.2179
7086 -4.5002
7087 -1.5109
7088 0.1802
7089 6.7351
7090 0.0000
7091 2.3232
7092 2.5905
7093 10.1182
7094 4.4405
7095 4.9563
7096 4.1676
7097 0.0000
7098 1.3908
7099 0.0000
7100 8.7470
7101 0.0000
7102 6.4528
7103 7.7818
7104 -1.8586
7105 2.8535
7106 15.3868
7107 6.3423
7108 2.7709
7109 4.0334
7110 0.0000
7111 5.8703
7112 -3.3794
7113 6.6204
7114 1.3231
7115 -1.7424
7116 -7.6929
7117 0.0000
7118 4.9947
7119 4.0067
7120 10.1579
7121 5.9838
7122 -1.3111
7123 -1.9984
7124 0.0000
7125 -2.4887
7126 12.2840
7127 -2.9168
7128 1.0037
7129 -0.0126
7130 5.2612
7131 0.0000
7132 9.4620
7133 0.8208
7134 5.7121
7135 6.5743
7136 1.5932
7137 9.8343
7138 0.0000
7139 2.7418
7140 3.6591
7141 2.5849
7142 0.8438
7143 0.6871
7144 -1.8915
7145 0.0000
7146 5.7688
7147 3.3876
7148 1.3356
7149 4.5553
7150 -0.5340
7151 2.2903
7152 0.0000
7153 -4.4373
7154 5.9455
7155 2.8632
7156 5.7506
7157 6.9168
7158 -0.9905
7159 0.0000
7160 2.1919
7161 -1.9979
7162 3.8442
7163 -1.9975
7164 -0.0178
7165 1.3321
7166 0.0000
7167 4.7429
7168 2.2891
7169 -5.0802
7170 6.9615
7171 5.0302
7172 3.4388
7173 0.0000
7174 -2.1989
7175 3.6131
7176 2.7689
7177 8.1514
7178 6.9949
7179 2.3906
7180 0.0000
7181 0.1498
7182 3.6530
7183 -2.0152
7184 1.9336
7185 5.5777
7186 2.4875
7187 0.0000
7188 1.6501
7189 8.2125
7190 -0.6266
7191 3.4299
7192 8.7316
7193 11.0758
7194 0.0000
7195 1.8615
7196 5.7568
7197 7.2836
7198 10.5122
7199 2.0956
7200 8.8517
7201 0.0000
7202 1.6879
7203 -1.1297
7204 7.2194
7205 1.6376
7206 4.5356
7207 1.5285
7208 0.0000
7209 -4.4648
7210 1.8796
7211 4.7231
7212 0.7886
7213 -1.1671
7214 1.8620
7215 0.0000
7216 3.6417
7217 0.0000
7218 3.2899
7219 0.0000
7220 3.2432
7221 0.0000
7222 9.5771
7223 4.5658
7224 0.0000
7225 10.0856
7226 10.4804
7227 6.9112
7228 11.5610
7229 0.0000
7230 8.6295
7231 -1.0074
7232 -2.8108
7233 0.0000
7234 6.0656
7235 7.8140
7236 1.8612
7237 0.0000
7238 7.2495
7239 -0.0781
7240 -5.3986
7241 5.2281
7242 0.5610
7243 4.9334
7244 2.4872
7245 8.5296
7246 6.0162
7247 0.0000
7248 3.9319
7249 5.2284
7250 14.3029
7251 8.0218
7252 -0.6783
7253 -0.4947
7254 0.0000
7255 -1.9147
7256 6.2139
7257 1.9613
7258 2.3857
7259 -4.6793
7260 -1.0276
7261 0.0000
7262 1.5133
7263 1.9145
7264 4.8504
7265 9.8982
7266 4.0942
7267 2.0456
7268 0.0000
7269 6.8549
7270 -1.2960
7271 1.7645
7272 6.3598
7273 2.9069
7274 -2.1770
7275 0.0000
7276 -7.1654
7277 0.5484
7278 3.9849
7279 6.8963
7280 5.8565
7281 1.7721
7282 0.0000
7283 2.3666
7284 5.2287
7285 3.8771
7286 5.1391
7287 2.4723
7288 7.7820
7289 0.0000
7290 -0.6118
7291 5.7241
7292 3.4070
7293 6.3512
7294 1.5265
7295 1.5254
7296 0.0000
7297 -2.7546
7298 7.7566
7299 2.8783
7300 7.8953
7301 -2.6618
7302 5.9346
7303 0.0000
7304 4.0538
7305 7.6109
7306 0.4169
7307 5.4705
7308 4.3992
7309 -0.1068
7310 0.0000
7311 0.6755
7312 5.5074
7313 -1.5541
7314 1.0653
7315 6.2113
7316 4.5107
7317 0.0000
7318 6.9055
7319 0.6515
7320 -1.9156
7321 1.3650
7322 0.6811
7323 3.1664
7324 0.0000
7325 5.2340
7326 3.6824
7327 0.0000
7328 -3.3904
7329 1.7013
7330 0.1987
7331 -7.1570
7332 -0.7227
7333 1.7109
7334 0.1689
7335 7.5628
7336 0.0000
7337 1.5221
7338 4.8845
7339 0.0000
7340 6.7588
7341 0.0000
7342 -2.6675
7343 0.0000
7344 -5.8124
7345 -1.5278
7346 0.0000
7347 0.6453
7348 0.0679
7349 0.0000
7350 1.4664
7351 -4.0779
7352 3.3716
7353 0.0000
7354 1.0547
7355 7.0708
7356 0.0000
7357 -1.5003
7358 3.8698
7359 2.6042
7360 0.0000
7361 -3.3477
7362 -1.9491
7363 0.0000
7364 4.4856
7365 13.2092
7366 3.2491
7367 0.0000
7368 2.2147
7369 3.3750
7370 0.0000
7371 9.5198
7372 2.2891
7373 -1.3852
7374 0.0000
7375 3.3546
7376 -5.5126
7377 0.0000
7378 12.5147
7379 3.5549
7380 3.8735
7381 0.0000
7382 4.7349
7383 2.1866
7384 0.0000
7385 4.6416
7386 1.3094
7387 -2.1014
7388 0.0000
7389 4.6190
7390 6.8628
7391 0.0000
7392 5.7384
7393 -2.2737
7394 6.5894
7395 0.0000
7396 1.8089
7397 3.2547
7398 0.0000
7399 6.4079
7400 3.9103
7401 3.0031
7402 0.0000
7403 -0.6473
7404 2.8850
7405 0.0000
7406 0.5474
7407 11.5508
7408 4.6794
7409 0.0000
7410 5.2961
7411 6.2185
7412 0.0000
7413 3.1628
7414 -1.2524
7415 9.6594
7416 0.0000
7417 2.6211
7418 4.2606
7419 0.0000
7420 4.1285
7421 5.2817
7422 0.3990
7423 0.0000
7424 -2.3275
7425 4.2539
7426 0.0000
7427 7.8479
7428 1.9042
7429 1.0411
7430 0.0000
7431 1.0734
7432 1.6629
7433 0.0000
7434 8.1132
7435 4.0117
7436 5.9472
7437 0.0000
7438 4.5793
7439 4.5462
7440 0.0000
7441 7.2353
7442 0.9988
7443 9.8884
7444 0.0000
7445 5.3050
7446 3.7730
7447 0.0000
7448 8.5527
7449 5.8743
7450 1.0856
7451 0.0000
7452 -1.1698
7453 3.1890
7454 0.0000
7455 7.4922
7456 2.4751
7457 -3.2175
7458 0.0000
7459 1.6984
7460 0.0000
7461 1.7598
7462 0.0000
7463 -3.0139
7464 -0.0233
7465 0.0000
7466 6.5951
7467 0.0000
7468 -1.5668
7469 0.0000
7470 0.6459
7471 2.1557
7472 5.3462
7473 0.0000
7474 10.3301
7475 4.1875
7476 -3.2471
7477 0.0000
7478 -4.0313
7479 -0.6905
7480 4.5342
7481 0.0000
7482 9.0461
7483 0.0000
7484 5.5382
7485 0.0000
7486 -4.4516
7487 0.9622
7488 0.0000
7489 9.6429
7490 0.0000
7491 1.0103
7492 7.7740
7493 -1.9264
7494 0.3119
7495 10.6528
7496 8.7949
7497 6.1376
7498 4.5283
7499 0.0000
7500 7.7402
7501 6.8312
7502 4.1173
7503 -2.0459
7504 -2.1217
7505 3.9622
7506 0.0000
7507 0.9565
7508 7.3916
7509 8.7996
7510 2.2535
7511 4.2734
7512 -1.9091
7513 0.0000
7514 1.8330
7515 8.8729
7516 1.5802
7517 0.2985
7518 1.0291
7519 2.6907
7520 0.0000
7521 2.2596
7522 6.9502
7523 -1.6073
7524 10.0332
7525 -5.7584
7526 3.6709
7527 0.0000
7528 0.0457
7529 -2.9532
7530 9.2441
7531 11.8914
7532 4.4105
7533 3.3514
7534 0.0000
7535 1.2694
7536 4.5873
7537 2.8688
7538 5.8927
7539 -2.2591
7540 -3.2849
7541 0.0000
7542 3.2108
7543 7.4105
7544 2.7264
7545 -0.9299
7546 10.1625
7547 0.1058
7548 0.0000
7549 -1.2267
7550 10.3357
7551 7.7645
7552 12.7223
7553 7.6908
7554 4.3961
7555 0.0000
7556 2.3599
7557 -2.5108
7558 11.2045
7559 4.7488
7560 -1.3086
7561 2.4003
7562 0.0000
7563 -8.4132
7564 0.3483
7565 -2.8581
7566 0.6551
7567 2.7372
7568 -5.5859
7569 0.0000
7570 1.9444
7571 1.2526
7572 4.8463
7573 7.6366
7574 5.9433
7575 2.9505
7576 0.0000
7577 4.5640
7578 11.3237
7579 1.8797
7580 5.0288
7581 4.8370
7582 1.4714
7583 0.0000
7584 4.0708
7585 7.8478
7586 5.0634
7587 2.9638
7588 2.6753
7589 2.5119
7590 0.0000
7591 -6.2554
7592 6.2217
7593 13.2602
7594 5.4720
7595 8.7472
7596 6.9234
7597 0.0000
7598 -7.9042
7599 7.4173
7600 2.8496
7601 4.1687
7602 0.7150
7603 -1.0556
7604 0.0000
7605 3.8333
7606 0.0000
7607 0.4152
7608 14.2462
7609 0.0000
7610 3.6909
7611 10.6646
7612 0.0000
7613 2.5901
7614 5.6960
7615 0.0000
7616 2.6538
7617 0.0000
7618 -3.0664
7619 5.2758
7620 0.0000
7621 -4.4041
7622 -3.1792
7623 0.0000
7624 -0.3670
7625 0.0000
7626 0.1552
7627 13.6648
7628 0.0000
7629 1.6524
7630 -0.9526
7631 0.0000
7632 4.0420
7633 0.0000
7634 0.9151
7635 3.2766
7636 0.0000
7637 7.0071
7638 1.3162
7639 0.0000
7640 7.5520
7641 0.0000
7642 -2.9804
7643 -1.6080
7644 0.0000
7645 -1.2923
7646 -1.1971
7647 0.0000
7648 3.6100
7649 0.0000
7650 3.5777
7651 11.0971
7652 0.0000
7653 3.8539
7654 4.2292
7655 0.0000
7656 -3.6049
7657 0.0000
7658 -0.7913
7659 1.6072
7660 0.0000
7661 1.7119
7662 9.5817
7663 0.0000
7664 -0.7139
7665 0.0000
7666 10.5396
7667 5.1316
7668 0.0000
7669 4.2850
7670 2.5827
7671 0.0000
7672 1.8508
7673 0.0000
7674 -2.7774
7675 4.9142
7676 0.0000
7677 10.9334
7678 4.8226
7679 0.0000
7680 3.1087
7681 0.0000
7682 -0.0690
7683 4.0867
7684 0.0000
7685 14.3271
7686 5.1291
7687 0.0000
7688 2.2467
7689 0.0000
7690 -1.5544
7691 -0.6526
7692 0.0000
7693 8.1921
7694 8.2169
7695 0.0000
7696 -0.4292
7697 0.0000
7698 -2.9699
7699 -1.7790
7700 0.0000
7701 4.0569
7702 2.4764
7703 0.0000
7704 -0.0182
7705 0.0000
7706 -4.5955
7707 6.1879
7708 0.0000
7709 4.1093
7710 4.0686
7711 0.0000
7712 5.4214
7713 0.0000
7714 -0.9703
7715 5.4329
7716 0.0000
7717 3.7475
7718 3.2507
7719 0.0000
7720 8.0302
7721 0.0000
7722 1.6951
7723 5.4873
7724 0.0000
7725 4.9786
7726 6.6004
7727 0.0000
7728 6.9443
7729 0.0000
7730 0.7334
7731 6.8409
7732 0.0000
7733 -2.1787
7734 6.5421
7735 0.0000
7736 -3.4157
7737 0.0000
7738 2.1149
7739 0.0000
7740 -2.3312
