# input  : 16 : 80 56 8D 1F 61 7C 3D A6 72 89 B5 21 5A 8F 78 8D 
# output : 16 : 46 49 1E 58 A5 D1 A4 6E A2 17 1E D2 3F 68 0E 28 
# cycles : 7740
1 0.0000
2 3.3447
3 3.6365
4 0.0000
5 2.1145
6 0.0000
7 3.7775
8 -2.3015
9 0.0000
10 -0.5974
11 4.8174
12 0.0000
13 3.8302
14 0.0000
15 -2.0524
16 5.6840
17 0.0000
18 1.7484
19 8.3316
20 0.0000
21 0.3711
22 0.0000
23 -2.0030
24 3.3341
25 0.0000
26 6.5744
27 -3.9692
28 0.0000
29 0.2053
30 0.0000
31 5.5854
32 1.6923
33 0.0000
34 -2.3019
35 7.3832
36 0.0000
37 4.3871
38 0.0000
39 3.7000
40 -0.1565
41 0.0000
42 8.4074
43 0.0597
44 0.0000
45 -7.3716
46 0.0000
47 7.2419
48 0.6431
49 0.0000
50 -0.4814
51 6.5034
52 0.0000
53 1.1210
54 0.0000
55 7.9362
56 7.8385
57 0.0000
58 8.0502
59 5.1570
60 0.0000
61 -4.5116
62 0.0000
63 15.0969
64 4.3778
65 0.0000
66 8.2052
67 3.4487
68 0.0000
69 -5.7466
70 0.0000
71 -1.0520
72 4.6847
73 0.0000
74 3.9971
75 3.9452
76 0.0000
77 3.2028
78 0.0000
79 9.3829
80 -0.5278
81 0.0000
82 2.4050
83 0.4962
84 0.0000
85 0.2896
86 0.0000
87 11.5170
88 1.0899
89 0.0000
90 5.2708
91 6.6585
92 0.0000
93 8.2839
94 0.0000
95 3.8500
96 -2.7992
97 0.0000
98 1.5607
99 -0.2855
100 0.0000
101 0.6027
102 0.0000
103 2.4514
104 10.2380
105 0.0000
106 8.4065
107 2.4858
108 0.0000
109 0.1143
110 0.0000
111 18.7710
112 1.5465
113 0.0000
114 3.9596
115 0.0092
116 0.0000
117 0.6447
118 0.0000
119 1.5125
120 1.7778
121 0.0000
122 11.5398
123 0.0818
124 0.0000
125 1.8995
126 0.0000
127 8.4013
128 8.8034
129 0.0000
130 -0.7164
131 4.0413
132 0.0000
133 -1.5553
134 0.0000
135 8.1835
136 1.0985
137 0.0000
138 1.7595
139 -3.8894
140 -0.8645
141 0.0000
142 -1.9568
143 7.6202
144 3.4988
145 4.6343
146 0.0000
147 -3.8162
148 -1.3303
149 0.0000
150 13.8203
151 1.0840
152 4.1168
153 -0.1241
154 0.0000
155 -0.1346
156 0.1065
157 0.0000
158 -1.6890
159 2.8961
160 2.8706
161 -1.2985
162 0.0000
163 6.9932
164 4.6183
165 0.0000
166 2.8808
167 8.8073
168 -6.6895
169 2.3038
170 0.0000
171 3.9475
172 0.6786
173 0.0000
174 4.9548
175 -2.4488
176 0.8477
177 1.1247
178 0.0000
179 0.8874
180 1.3702
181 0.0000
182 9.8921
183 7.0567
184 -3.9964
185 -2.9935
186 0.0000
187 0.6484
188 1.8227
189 0.0000
190 6.1557
191 0.3833
192 3.6499
193 7.9476
194 0.0000
195 9.3019
196 3.9894
197 0.0000
198 4.6515
199 -0.6681
200 4.8580
201 -5.2795
202 0.0000
203 1.8614
204 -0.3898
205 0.0000
206 6.9475
207 -2.0654
208 -2.2990
209 4.7400
210 0.0000
211 5.6182
212 -4.1644
213 0.0000
214 6.9982
215 4.9694
216 -0.8912
217 -3.3737
218 0.0000
219 4.5510
220 7.1060
221 0.0000
222 7.0669
223 7.1815
224 8.0652
225 2.7431
226 0.0000
227 -5.2251
228 4.2286
229 0.0000
230 8.5255
231 5.0411
232 -0.0561
233 1.6742
234 0.0000
235 2.8080
236 -1.3974
237 0.0000
238 4.1287
239 -5.1926
240 10.5365
241 -3.5483
242 0.0000
243 3.7239
244 -0.1702
245 0.0000
246 9.2946
247 2.6571
248 3.0082
249 1.4642
250 0.0000
251 1.4126
252 6.7359
253 0.0000
254 7.8008
255 2.8401
256 6.5614
257 8.6532
258 0.0000
259 9.8225
260 3.6547
261 0.0000
262 2.6276
263 6.6641
264 1.5014
265 0.7766
266 0.0000
267 3.2595
268 5.6452
269 0.0000
270 6.9366
271 0.0000
272 7.2135
273 -3.3922
274 2.3894
275 2.5784
276 6.0429
277 9.2163
278 2.6704
279 -0.6075
280 0.0000
281 9.9061
282 6.6492
283 -2.1922
284 -4.9083
285 -0.0914
286 2.9539
287 0.0000
288 -0.0658
289 11.5057
290 -0.0789
291 4.1557
292 3.3644
293 3.6928
294 0.0000
295 5.1684
296 11.9927
297 0.4882
298 2.7870
299 5.8143
300 0.0381
301 0.0000
302 1.0513
303 4.1036
304 5.4688
305 10.9341
306 10.8166
307 2.6315
308 0.0000
309 -0.4101
310 6.2656
311 4.1510
312 3.5124
313 9.5434
314 4.6863
315 0.0000
316 -2.0967
317 0.2446
318 9.9424
319 6.2834
320 0.0449
321 6.3732
322 0.0000
323 1.8402
324 -0.5351
325 -0.1387
326 0.3133
327 7.6100
328 10.2911
329 0.0000
330 -1.1078
331 5.6441
332 3.7954
333 2.3884
334 0.8392
335 -4.9833
336 0.0000
337 0.9699
338 -1.2029
339 2.4854
340 4.2838
341 5.1071
342 6.4443
343 0.0000
344 -0.4326
345 1.6595
346 -4.9805
347 2.5979
348 -3.5619
349 4.5950
350 0.0000
351 1.1866
352 7.1353
353 3.9765
354 4.1386
355 10.2286
356 6.5689
357 0.0000
358 -4.4626
359 8.1139
360 0.5352
361 9.5644
362 7.7498
363 4.4328
364 0.0000
365 7.3437
366 6.7296
367 2.2533
368 -2.0223
369 1.3980
370 3.5944
371 0.0000
372 -7.2841
373 5.8731
374 5.3974
375 7.7702
376 5.9925
377 0.1994
378 0.0000
379 0.3646
380 1.2053
381 5.2126
382 10.3561
383 6.3826
384 0.3864
385 0.0000
386 -6.7239
387 0.0000
388 4.6518
389 0.0000
390 12.8793
391 0.0000
392 0.6065
393 12.6489
394 0.0000
395 6.9921
396 2.5831
397 7.2230
398 -1.6023
399 0.0000
400 -3.9802
401 15.1696
402 5.9734
403 0.0000
404 6.1747
405 6.2195
406 5.1427
407 0.0000
408 -1.2061
409 4.2596
410 -0.2211
411 5.4860
412 9.8258
413 0.7150
414 4.1484
415 -5.4866
416 3.2781
417 0.0000
418 2.5771
419 4.7087
420 1.5517
421 4.0314
422 -0.3392
423 -5.2262
424 0.0000
425 5.6041
426 9.0029
427 3.8052
428 3.5310
429 6.6564
430 7.0320
431 0.0000
432 -1.3818
433 4.1622
434 -1.3041
435 2.6089
436 0.8311
437 6.2022
438 0.0000
439 6.3987
440 2.2587
441 10.1056
442 4.0913
443 0.6305
444 4.5261
445 0.0000
446 3.8586
447 -1.3253
448 0.8838
449 8.3530
450 2.6554
451 -4.7771
452 0.0000
453 3.3867
454 4.7839
455 10.8490
456 2.4760
457 5.0753
458 2.3955
459 0.0000
460 -5.7979
461 5.7868
462 4.6488
463 0.8484
464 4.9722
465 4.4055
466 0.0000
467 1.8051
468 5.7926
469 3.5275
470 9.4784
471 1.4340
472 -3.1332
473 0.0000
474 -1.5774
475 4.0651
476 3.0300
477 1.0597
478 7.1166
479 1.8893
480 0.0000
481 -2.8292
482 -0.9649
483 7.9225
484 7.5583
485 7.3880
486 3.4133
487 0.0000
488 5.2269
489 4.5920
490 -1.2991
491 0.1864
492 7.2631
493 8.8391
494 0.0000
495 3.3380
496 7.0738
497 0.0000
498 11.0295
499 -8.1759
500 1.8930
501 4.2154
502 -5.1002
503 -3.3764
504 -0.8973
505 7.5898
506 0.0000
507 1.0346
508 3.5978
509 0.0000
510 -0.1231
511 1.0866
512 0.0000
513 -2.1076
514 -1.3355
515 0.0000
516 -0.2632
517 4.6327
518 0.0000
519 1.4435
520 6.7075
521 4.2533
522 0.0000
523 3.4254
524 3.7909
525 0.0000
526 5.3548
527 -1.6760
528 6.5250
529 0.0000
530 -5.9803
531 4.8641
532 0.0000
533 0.9437
534 9.9821
535 6.8474
536 0.0000
537 -1.0078
538 7.0963
539 0.0000
540 -1.3534
541 3.3267
542 -3.1469
543 0.0000
544 5.0674
545 5.1669
546 0.0000
547 4.1303
548 2.3507
549 -0.9700
550 0.0000
551 2.9999
552 10.1726
553 0.0000
554 -0.4748
555 8.0523
556 4.1025
557 0.0000
558 -3.5140
559 1.7707
560 0.0000
561 3.9171
562 17.8183
563 1.8734
564 0.0000
565 -4.0968
566 -2.5941
567 0.0000
568 5.7660
569 0.0520
570 2.3966
571 0.0000
572 -7.5762
573 6.4895
574 0.0000
575 6.3529
576 1.1219
577 5.6390
578 0.0000
579 2.0663
580 5.6169
581 0.0000
582 6.1578
583 -1.3020
584 6.3531
585 0.0000
586 0.6402
587 5.6498
588 0.0000
589 -3.2347
590 5.2364
591 0.7431
592 0.0000
593 6.0672
594 4.9987
595 0.0000
596 6.3615
597 4.9641
598 2.7097
599 0.0000
600 -4.7872
601 -0.6383
602 0.0000
603 -0.0554
604 5.3171
605 1.1017
606 0.0000
607 -4.6914
608 2.3229
609 0.0000
610 3.6772
611 0.3146
612 7.7141
613 0.0000
614 -0.1680
615 4.4526
616 0.0000
617 8.6393
618 -0.7050
619 4.8915
620 0.0000
621 -1.8382
622 0.6376
623 0.0000
624 2.0284
625 0.3806
626 6.5073
627 0.0000
628 -1.7961
629 0.0000
630 -0.4042
631 0.0000
632 5.0637
633 1.4348
634 0.0000
635 0.9760
636 0.0000
637 3.8228
638 0.0000
639 4.1159
640 2.5312
641 1.3436
642 0.0000
643 4.8736
644 4.1850
645 2.8554
646 0.0000
647 -2.1238
648 11.1652
649 2.0941
650 0.0000
651 5.7701
652 0.0000
653 6.3120
654 0.0000
655 6.6126
656 3.8083
657 0.0000
658 4.6265
659 0.0000
660 9.9387
661 -0.4494
662 6.7320
663 -2.3402
664 4.0500
665 4.2935
666 3.1334
667 7.1553
668 8.5132
669 8.3132
670 0.1399
671 -0.0212
672 1.7063
673 1.3518
674 4.6592
675 8.8264
676 0.0000
677 0.2556
678 9.2423
679 4.8591
680 10.2406
681 3.7355
682 8.8686
683 3.2791
684 1.2740
685 0.0000
686 14.0952
687 13.6904
688 -0.6479
689 0.1148
690 1.5290
691 2.0376
692 0.0000
693 -0.8766
694 -7.1324
695 13.9779
696 0.0000
697 1.1375
698 -4.5046
699 5.1233
700 -6.3783
701 -1.8107
702 4.0130
703 -0.7125
704 1.8809
705 0.0000
706 5.2958
707 1.1734
708 5.8209
709 -2.6183
710 0.8410
711 0.9016
712 0.0000
713 2.6001
714 7.0989
715 4.6698
716 0.0000
717 8.7584
718 3.4249
719 -1.5800
720 1.2714
721 -0.4821
722 5.9115
723 -1.9032
724 0.7147
725 0.0000
726 -1.8579
727 7.9708
728 6.8467
729 5.1663
730 3.8461
731 -1.5873
732 0.0000
733 -1.1752
734 0.2518
735 6.7698
736 0.0000
737 4.7467
738 1.8969
739 0.1714
740 2.4754
741 2.9756
742 11.7094
743 2.3455
744 7.0684
745 0.0000
746 5.9035
747 1.1183
748 6.6301
749 3.6306
750 2.8109
751 3.4702
752 0.0000
753 2.0854
754 2.3257
755 4.4284
756 -1.1195
757 0.7127
758 -2.4667
759 8.1448
760 3.7832
761 3.0581
762 9.6810
763 10.3434
764 7.3205
765 3.5177
766 4.7855
767 0.0000
768 2.9064
769 3.7545
770 5.3946
771 -0.4653
772 6.4772
773 13.7224
774 5.4887
775 7.4522
776 0.0000
777 2.4206
778 -4.5108
779 7.3186
780 4.4883
781 7.5166
782 1.4072
783 0.0000
784 -8.6508
785 0.7953
786 2.8097
787 0.0000
788 7.5659
789 2.2587
790 10.2315
791 -0.8351
792 0.1792
793 -5.1909
794 1.8560
795 2.0196
796 0.0000
797 8.4665
798 -3.9824
799 4.2737
800 10.3864
801 7.4808
802 -4.6956
803 0.0000
804 -0.6241
805 6.4242
806 2.7217
807 0.0000
808 -4.7117
809 -3.2779
810 1.2514
811 -0.6983
812 -2.6679
813 2.9286
814 6.4186
815 -0.0861
816 0.0000
817 5.5015
818 2.0717
819 4.9027
820 6.3665
821 6.6458
822 -0.6640
823 0.0000
824 1.5153
825 3.1368
826 9.6681
827 0.0000
828 -3.3479
829 0.2616
830 5.7656
831 7.6243
832 -1.1848
833 -3.0162
834 -2.3012
835 2.1061
836 0.0000
837 1.7872
838 -0.3725
839 6.8690
840 2.6476
841 5.1059
842 0.9702
843 0.0000
844 1.3758
845 9.5322
846 5.0052
847 -1.6474
848 5.1631
849 4.6378
850 7.1021
851 4.2432
852 -0.6789
853 17.4724
854 0.2462
855 -2.7856
856 2.5402
857 7.6137
858 0.0000
859 2.6235
860 4.0667
861 9.1269
862 3.4771
863 1.7176
864 3.8658
865 1.5473
866 7.5150
867 0.0000
868 -0.2442
869 12.1351
870 6.7407
871 -1.6570
872 7.2027
873 5.1907
874 0.0000
875 2.9986
876 2.5382
877 6.1959
878 0.0000
879 3.5079
880 -4.1215
881 2.8635
882 7.7532
883 -3.0452
884 3.8505
885 -7.8575
886 3.4131
887 0.0000
888 3.1523
889 2.2636
890 5.5874
891 5.6206
892 7.2453
893 7.7952
894 0.0000
895 6.0031
896 1.9839
897 1.5454
898 0.0000
899 3.7779
900 -1.1740
901 7.7440
902 8.6766
903 -1.6524
904 -4.4222
905 3.0495
906 3.2268
907 0.0000
908 -9.8704
909 4.1568
910 8.9491
911 0.8633
912 7.8414
913 -2.1810
914 0.0000
915 -1.8924
916 3.1205
917 5.4597
918 0.0000
919 4.9662
920 -2.6029
921 2.7107
922 12.0118
923 2.5071
924 -11.6430
925 2.1865
926 4.5387
927 0.0000
928 6.1072
929 -4.0819
930 -6.0616
931 1.1438
932 3.6218
933 -1.1213
934 0.0000
935 3.1099
936 7.1645
937 9.3354
938 4.1737
939 -0.3281
940 0.3958
941 0.6167
942 4.2803
943 -1.1493
944 3.5517
945 7.1337
946 0.6453
947 6.1544
948 0.5107
949 0.0000
950 1.5794
951 1.9675
952 3.3102
953 5.6600
954 3.8110
955 10.5537
956 3.8210
957 -5.1988
958 0.0000
959 1.5102
960 4.5378
961 4.1442
962 3.2588
963 10.1605
964 3.7086
965 0.0000
966 -1.0727
967 1.9649
968 4.7169
969 0.0000
970 4.1278
971 -2.1074
972 0.7112
973 7.1058
974 0.3478
975 11.4302
976 -0.1087
977 3.8314
978 0.0000
979 5.1452
980 -8.2757
981 9.3057
982 8.9549
983 8.7346
984 4.4031
985 0.0000
986 3.9153
987 6.2389
988 -2.6913
989 0.0000
990 4.0887
991 2.8241
992 3.8522
993 11.7492
994 -9.7541
995 -0.2295
996 -2.3680
997 -0.4889
998 0.0000
999 6.9859
1000 4.0626
1001 0.8166
1002 13.3913
1003 -1.4515
1004 1.3047
1005 0.0000
1006 -2.8862
1007 6.3324
1008 5.6475
1009 0.0000
1010 2.7873
1011 -6.0088
1012 2.7192
1013 1.3026
1014 -3.7141
1015 4.3835
1016 2.4115
1017 3.9423
1018 0.0000
1019 2.1553
1020 4.6317
1021 10.7844
1022 8.0787
1023 4.5186
1024 3.3372
1025 0.0000
1026 -3.3496
1027 0.0000
1028 1.3679
1029 0.0000
1030 8.5301
1031 -0.2364
1032 -2.9207
1033 0.2584
1034 3.6365
1035 8.5293
1036 1.8746
1037 0.3453
1038 0.0000
1039 4.3460
1040 5.6277
1041 2.3376
1042 2.1889
1043 -2.6516
1044 9.3732
1045 0.0000
1046 -2.4686
1047 8.0637
1048 3.6901
1049 2.1987
1050 3.0307
1051 6.6311
1052 0.0000
1053 9.5489
1054 6.3067
1055 10.2523
1056 8.6169
1057 -4.3152
1058 -0.8257
1059 0.0000
1060 -1.2547
1061 9.8410
1062 3.1071
1063 5.6338
1064 6.2731
1065 -5.2110
1066 0.0000
1067 7.5892
1068 2.7033
1069 6.0065
1070 -1.5162
1071 8.5120
1072 -1.4341
1073 0.0000
1074 -7.7347
1075 8.0371
1076 5.5081
1077 7.1330
1078 3.3506
1079 2.0144
1080 0.0000
1081 -1.0565
1082 3.2281
1083 1.8959
1084 5.3669
1085 2.8730
1086 -2.5126
1087 0.0000
1088 9.8844
1089 1.5998
1090 8.4190
1091 1.7636
1092 5.3408
1093 3.6350
1094 0.0000
1095 1.9545
1096 4.7602
1097 0.9513
1098 4.4989
1099 1.6475
1100 0.1227
1101 0.0000
1102 12.2081
1103 0.3127
1104 3.0280
1105 4.1800
1106 9.3388
1107 -1.3016
1108 0.0000
1109 -0.0865
1110 2.7190
1111 4.5291
1112 1.7079
1113 2.3972
1114 0.7842
1115 0.0000
1116 -4.0610
1117 3.9105
1118 9.1173
1119 -0.4680
1120 7.7421
1121 0.5133
1122 0.0000
1123 4.2546
1124 -2.4051
1125 1.3794
1126 5.4792
1127 -1.0671
1128 0.0178
1129 0.0000
1130 -0.1561
1131 -1.5217
1132 6.2352
1133 2.6687
1134 10.9963
1135 3.6718
1136 0.0000
1137 5.4233
1138 4.9399
1139 7.8956
1140 12.1828
1141 5.1741
1142 1.4195
1143 0.0000
1144 3.3634
1145 0.0000
1146 7.0429
1147 0.0000
1148 6.5325
1149 0.0000
1150 1.1723
1151 -0.3458
1152 0.0000
1153 4.1858
1154 -6.0775
1155 7.6640
1156 6.5283
1157 0.0000
1158 6.8283
1159 2.9652
1160 4.4782
1161 0.0000
1162 3.6759
1163 9.1510
1164 0.4452
1165 0.0000
1166 0.7675
1167 5.6500
1168 -7.1659
1169 3.2410
1170 3.2540
1171 10.1881
1172 5.1674
1173 -1.6612
1174 2.7329
1175 0.0000
1176 3.5826
1177 6.2877
1178 -3.1280
1179 7.8997
1180 -8.2215
1181 -1.9930
1182 0.0000
1183 4.4008
1184 5.1802
1185 10.5376
1186 3.0123
1187 2.7327
1188 4.0779
1189 0.0000
1190 4.0474
1191 7.8836
1192 3.4011
1193 5.7849
1194 3.8202
1195 -5.3361
1196 0.0000
1197 1.7182
1198 5.2897
1199 11.9207
1200 6.8528
1201 5.7411
1202 -0.1023
1203 0.0000
1204 1.3857
1205 0.3131
1206 4.9719
1207 4.7442
1208 2.8160
1209 -3.6765
1210 0.0000
1211 2.2306
1212 1.4953
1213 -1.2238
1214 0.6418
1215 4.5461
1216 1.5999
1217 0.0000
1218 -1.9576
1219 4.1044
1220 3.1554
1221 0.1063
1222 10.8405
1223 4.4190
1224 0.0000
1225 1.9645
1226 8.0242
1227 11.2518
1228 9.2676
1229 12.3598
1230 1.2089
1231 0.0000
1232 10.1712
1233 -0.3082
1234 4.9590
1235 2.8901
1236 1.5221
1237 6.2501
1238 0.0000
1239 0.8831
1240 2.5948
1241 2.5096
1242 10.8919
1243 6.6429
1244 5.4545
1245 0.0000
1246 -2.1105
1247 1.2855
1248 4.6182
1249 3.6048
1250 -0.0433
1251 -2.6141
1252 0.0000
1253 4.6046
1254 2.9821
1255 0.0000
1256 2.3616
1257 -9.1247
1258 -6.0364
1259 -0.7640
1260 -0.5655
1261 1.6421
1262 -4.9261
1263 -0.2371
1264 0.0000
1265 6.5792
1266 2.3153
1267 0.0000
1268 7.9281
1269 0.0000
1270 0.8326
1271 0.0000
1272 -2.0921
1273 -1.4965
1274 0.0000
1275 9.5787
1276 -2.0815
1277 0.0000
1278 8.9451
1279 0.9914
1280 -2.4237
1281 0.0000
1282 3.6916
1283 7.1863
1284 0.0000
1285 5.9428
1286 5.0273
1287 -1.4503
1288 0.0000
1289 0.2691
1290 0.9567
1291 0.0000
1292 -0.4152
1293 4.7494
1294 4.2043
1295 0.0000
1296 2.6741
1297 10.4959
1298 0.0000
1299 6.0683
1300 4.5482
1301 5.8004
1302 0.0000
1303 0.9663
1304 6.9049
1305 0.0000
1306 6.1377
1307 3.1061
1308 1.3135
1309 0.0000
1310 1.2292
1311 7.0516
1312 0.0000
1313 6.1167
1314 1.3145
1315 7.9901
1316 0.0000
1317 -3.8494
1318 4.7198
1319 0.0000
1320 6.6544
1321 5.6979
1322 -2.2507
1323 0.0000
1324 1.5079
1325 4.5473
1326 0.0000
1327 -0.2243
1328 3.4238
1329 3.9587
1330 0.0000
1331 6.5669
1332 15.1498
1333 0.0000
1334 4.3461
1335 6.6789
1336 3.0117
1337 0.0000
1338 -0.9932
1339 -3.2024
1340 0.0000
1341 4.2298
1342 12.6650
1343 -1.3380
1344 0.0000
1345 -0.0004
1346 2.7468
1347 0.0000
1348 7.2420
1349 -1.4608
1350 1.0491
1351 0.0000
1352 4.0177
1353 6.2043
1354 0.0000
1355 1.0433
1356 6.2220
1357 5.0510
1358 0.0000
1359 -1.3274
1360 7.9994
1361 0.0000
1362 9.6383
1363 10.1482
1364 4.8417
1365 0.0000
1366 3.3293
1367 0.3752
1368 0.0000
1369 -4.8626
1370 4.2269
1371 9.1492
1372 0.0000
1373 -0.2049
1374 -1.8091
1375 0.0000
1376 9.9145
1377 2.9026
1378 10.7747
1379 0.0000
1380 3.9856
1381 6.8337
1382 0.0000
1383 10.3502
1384 2.4218
1385 4.8151
1386 0.0000
1387 0.9768
1388 0.0000
1389 4.1516
1390 0.0000
1391 1.9826
1392 4.0687
1393 0.0000
1394 2.0816
1395 0.0000
1396 0.5890
1397 0.0000
1398 -1.1781
1399 1.4938
1400 5.3327
1401 0.0000
1402 2.3915
1403 11.5305
1404 7.2134
1405 0.0000
1406 -4.2858
1407 6.0711
1408 3.1782
1409 0.0000
1410 2.9099
1411 0.0000
1412 7.1785
1413 0.0000
1414 0.3321
1415 -0.6424
1416 0.0000
1417 2.3819
1418 0.0000
1419 -1.0340
1420 7.5905
1421 0.2221
1422 -0.2976
1423 9.4293
1424 7.9790
1425 1.8628
1426 0.6620
1427 2.1684
1428 -2.1188
1429 -1.6566
1430 -2.0117
1431 5.2941
1432 -2.5009
1433 7.2420
1434 2.4823
1435 0.0000
1436 6.5951
1437 3.1314
1438 5.5837
1439 1.0871
1440 -3.4498
1441 -1.2969
1442 5.9483
1443 2.8260
1444 0.0000
1445 6.1796
1446 4.7274
1447 -4.8794
1448 7.2448
1449 0.7869
1450 2.8878
1451 0.0000
1452 2.5759
1453 2.4712
1454 7.9086
1455 0.0000
1456 9.3122
1457 6.3756
1458 1.8896
1459 5.3745
1460 0.5146
1461 -0.8400
1462 -0.8897
1463 1.5929
1464 0.0000
1465 4.1180
1466 1.0820
1467 6.3590
1468 0.0363
1469 6.2047
1470 0.8629
1471 0.0000
1472 8.3275
1473 10.8513
1474 6.5901
1475 0.0000
1476 -2.6110
1477 0.5114
1478 1.8760
1479 2.7227
1480 0.5253
1481 10.4634
1482 6.3794
1483 5.6536
1484 0.0000
1485 1.3362
1486 4.9828
1487 6.3975
1488 4.2818
1489 8.2474
1490 -0.1226
1491 0.0000
1492 -0.1096
1493 9.0683
1494 4.8599
1495 0.0000
1496 4.5255
1497 5.3783
1498 -0.1399
1499 1.1216
1500 -0.6720
1501 0.3476
1502 3.7150
1503 4.4633
1504 0.0000
1505 3.6022
1506 4.9170
1507 8.9307
1508 0.5666
1509 -4.3052
1510 -2.2784
1511 0.0000
1512 1.1984
1513 10.1326
1514 10.5029
1515 4.9645
1516 4.7137
1517 1.5664
1518 6.8589
1519 -0.6930
1520 2.6888
1521 6.7367
1522 6.0665
1523 -5.4930
1524 14.7179
1525 11.2089
1526 0.0000
1527 7.5723
1528 -2.8232
1529 6.6146
1530 2.5979
1531 -2.4859
1532 6.8974
1533 2.2470
1534 6.4499
1535 0.0000
1536 6.6731
1537 0.3695
1538 7.2468
1539 6.0380
1540 3.7842
1541 4.2264
1542 0.0000
1543 0.7807
1544 10.0311
1545 5.4976
1546 0.0000
1547 3.8881
1548 6.5308
1549 5.9805
1550 8.9800
1551 -4.0626
1552 5.1182
1553 3.8715
1554 4.4679
1555 0.0000
1556 6.9427
1557 7.4179
1558 0.3632
1559 5.3083
1560 7.5348
1561 4.4031
1562 0.0000
1563 1.4153
1564 5.1557
1565 8.6612
1566 0.0000
1567 6.9746
1568 0.6973
1569 6.2634
1570 1.7884
1571 -0.1447
1572 7.2785
1573 8.0691
1574 3.7252
1575 0.0000
1576 2.8264
1577 4.0788
1578 1.1783
1579 1.0328
1580 6.2672
1581 5.3810
1582 0.0000
1583 -2.3522
1584 6.3780
1585 4.9512
1586 0.0000
1587 7.4405
1588 -3.1978
1589 8.5649
1590 6.3239
1591 0.7416
1592 11.1946
1593 -6.2359
1594 9.8427
1595 0.0000
1596 4.1333
1597 12.2426
1598 -8.5687
1599 -2.4175
1600 -3.5322
1601 8.3280
1602 0.0000
1603 1.9998
1604 11.2589
1605 3.2319
1606 2.1113
1607 0.4625
1608 -2.4271
1609 8.4613
1610 10.8025
1611 1.3556
1612 8.9714
1613 6.1166
1614 -1.8134
1615 5.4288
1616 11.8301
1617 0.0000
1618 9.3683
1619 4.6903
1620 5.6687
1621 9.5231
1622 1.0760
1623 5.9503
1624 -0.7114
1625 5.7108
1626 0.0000
1627 4.1996
1628 -0.0471
1629 5.9269
1630 3.9645
1631 -2.6010
1632 5.3036
1633 0.0000
1634 -7.0347
1635 -1.2120
1636 9.3955
1637 0.0000
1638 2.9789
1639 -3.2640
1640 5.2944
1641 -1.2292
1642 5.1420
1643 2.5759
1644 9.4818
1645 3.3154
1646 0.0000
1647 0.5190
1648 7.7772
1649 0.8029
1650 11.1410
1651 6.8471
1652 4.4354
1653 0.0000
1654 3.4256
1655 4.7707
1656 1.4275
1657 0.0000
1658 0.3723
1659 -0.5141
1660 -0.4310
1661 -5.1908
1662 -4.6636
1663 0.9977
1664 1.2192
1665 3.6117
1666 0.0000
1667 1.2639
1668 4.5608
1669 1.7915
1670 -0.4347
1671 9.0953
1672 4.9375
1673 0.0000
1674 1.0274
1675 -3.0347
1676 12.6243
1677 0.0000
1678 0.9676
1679 -4.4285
1680 6.5827
1681 14.8761
1682 -1.7896
1683 3.2250
1684 -1.4567
1685 1.7591
1686 0.0000
1687 5.6911
1688 5.7059
1689 6.3934
1690 5.2795
1691 1.2864
1692 9.4324
1693 0.0000
1694 0.8501
1695 2.8589
1696 2.3972
1697 0.5653
1698 10.7897
1699 -2.0861
1700 -2.1115
1701 7.6119
1702 3.2922
1703 7.9876
1704 0.3544
1705 2.6169
1706 6.3814
1707 2.4770
1708 0.0000
1709 3.2797
1710 0.8890
1711 11.4255
1712 1.6563
1713 5.0650
1714 -5.2772
1715 -1.0488
1716 4.0475
1717 0.0000
1718 4.7459
1719 16.5819
1720 6.6792
1721 7.2212
1722 2.0897
1723 3.2545
1724 0.0000
1725 -3.8266
1726 0.8537
1727 7.1074
1728 0.0000
1729 5.6188
1730 7.4538
1731 8.6157
1732 5.9704
1733 -5.2134
1734 3.1150
1735 0.5605
1736 1.0249
1737 0.0000
1738 3.3497
1739 5.1588
1740 11.6989
1741 4.5733
1742 3.4486
1743 15.5782
1744 0.0000
1745 -0.2731
1746 8.1935
1747 6.4489
1748 0.0000
1749 1.5869
1750 3.0913
1751 -1.5166
1752 1.5432
1753 -3.6657
1754 0.1434
1755 0.8689
1756 3.7071
1757 0.0000
1758 8.1496
1759 3.5703
1760 6.1730
1761 6.2415
1762 7.3493
1763 -8.8167
1764 0.0000
1765 -0.2398
1766 2.1272
1767 10.8497
1768 0.0000
1769 -0.5211
1770 2.5779
1771 7.3385
1772 6.1090
1773 -5.2031
1774 -7.3592
1775 -8.2434
1776 3.3543
1777 0.0000
1778 2.4150
1779 5.3068
1780 0.1208
1781 5.0619
1782 -3.3310
1783 2.7983
1784 0.0000
1785 -8.8698
1786 0.0000
1787 -2.5019
1788 0.0000
1789 3.4527
1790 1.6793
1791 0.8658
1792 0.8825
1793 4.9297
1794 -0.7553
1795 5.6511
1796 -2.0650
1797 0.0000
1798 3.8874
1799 0.1623
1800 5.1570
1801 7.8406
1802 7.8866
1803 -0.9581
1804 0.0000
1805 -0.9868
1806 5.1220
1807 7.3600
1808 -3.7876
1809 5.8010
1810 8.9975
1811 0.0000
1812 -2.4965
1813 8.4271
1814 0.8614
1815 0.4855
1816 2.7312
1817 5.9955
1818 0.0000
1819 -1.4888
1820 1.0228
1821 5.0595
1822 -0.1213
1823 1.6928
1824 1.7213
1825 0.0000
1826 5.2685
1827 5.6414
1828 0.2059
1829 3.1007
1830 4.0204
1831 3.9850
1832 0.0000
1833 4.3693
1834 -1.2178
1835 0.1908
1836 -0.3819
1837 7.5245
1838 8.8089
1839 0.0000
1840 1.3105
1841 1.1095
1842 -0.5970
1843 9.8485
1844 -2.5349
1845 1.9154
1846 0.0000
1847 1.5270
1848 -2.2655
1849 3.1468
1850 2.5730
1851 0.3926
1852 3.7076
1853 0.0000
1854 6.3958
1855 1.0955
1856 8.7018
1857 7.2540
1858 3.2770
1859 -4.1145
1860 0.0000
1861 0.5022
1862 -0.4970
1863 8.7268
1864 8.9709
1865 6.8106
1866 4.8977
1867 0.0000
1868 -1.5066
1869 7.7521
1870 10.3881
1871 3.0007
1872 4.1729
1873 5.1654
1874 0.0000
1875 -5.3255
1876 4.2271
1877 2.0032
1878 6.9802
1879 1.5839
1880 11.2280
1881 0.0000
1882 -6.5807
1883 2.0577
1884 -0.4027
1885 -4.1249
1886 7.9016
1887 10.9918
1888 0.0000
1889 -5.0406
1890 11.3085
1891 2.2304
1892 2.7841
1893 14.0548
1894 3.9617
1895 0.0000
1896 -2.6540
1897 4.2473
1898 5.7754
1899 -1.2450
1900 -4.7549
1901 4.1251
1902 0.0000
1903 -7.5856
1904 0.0000
1905 6.9937
1906 0.0000
1907 1.6797
1908 0.0000
1909 0.1403
1910 7.1387
1911 0.0000
1912 4.7457
1913 4.3279
1914 0.9532
1915 5.4977
1916 0.0000
1917 -0.2800
1918 1.4601
1919 15.5164
1920 0.0000
1921 5.0139
1922 -0.3776
1923 1.3913
1924 0.0000
1925 4.4141
1926 14.8110
1927 6.5820
1928 5.9184
1929 8.3531
1930 0.2581
1931 0.3292
1932 7.5595
1933 0.0645
1934 0.0000
1935 1.5397
1936 3.0861
1937 7.0092
1938 9.6212
1939 -7.3887
1940 5.2274
1941 0.0000
1942 1.7949
1943 8.1118
1944 -1.8782
1945 9.8835
1946 7.4321
1947 -0.1328
1948 0.0000
1949 2.5948
1950 17.1356
1951 9.0200
1952 -0.9896
1953 6.7012
1954 4.5579
1955 0.0000
1956 6.2026
1957 7.4936
1958 5.4159
1959 10.8558
1960 -0.7284
1961 -0.3686
1962 0.0000
1963 1.8482
1964 5.9144
1965 -3.8547
1966 -2.5296
1967 4.4136
1968 -0.7763
1969 0.0000
1970 0.2079
1971 8.4258
1972 1.6362
1973 2.0715
1974 -0.7990
1975 7.1239
1976 0.0000
1977 0.8766
1978 8.3199
1979 1.8538
1980 -1.5367
1981 6.4102
1982 4.0639
1983 0.0000
1984 0.0712
1985 -5.1865
1986 7.8259
1987 15.3355
1988 1.3297
1989 0.3953
1990 0.0000
1991 2.4925
1992 2.4877
1993 12.2592
1994 7.3815
1995 3.0623
1996 3.0095
1997 0.0000
1998 -3.8559
1999 2.5870
2000 2.3642
2001 4.8899
2002 10.7454
2003 6.0422
2004 0.0000
2005 3.1196
2006 1.1583
2007 8.2356
2008 1.3714
2009 2.0294
2010 -0.2735
2011 0.0000
2012 -1.9241
2013 -1.4620
2014 0.0000
2015 -9.8748
2016 1.6890
2017 0.4853
2018 6.1020
2019 -5.0425
2020 1.7022
2021 -1.0827
2022 3.5747
2023 0.0000
2024 2.7928
2025 2.7107
2026 0.0000
2027 6.4411
2028 0.0000
2029 4.7577
2030 0.0000
2031 0.2778
2032 8.0123
2033 0.0000
2034 6.8624
2035 9.7348
2036 0.0000
2037 -0.0889
2038 6.9720
2039 13.0445
2040 0.0000
2041 1.0283
2042 -1.1868
2043 0.0000
2044 0.0961
2045 9.3615
2046 1.2238
2047 0.0000
2048 5.9506
2049 -0.7520
2050 0.0000
2051 2.3607
2052 2.1474
2053 5.7037
2054 0.0000
2055 1.6966
2056 2.3847
2057 0.0000
2058 3.2863
2059 6.1034
2060 4.2114
2061 0.0000
2062 2.2632
2063 7.3329
2064 0.0000
2065 6.1629
2066 5.6447
2067 10.2564
2068 0.0000
2069 0.0654
2070 -0.0730
2071 0.0000
2072 6.0654
2073 0.0422
2074 6.5288
2075 0.0000
2076 -0.5446
2077 4.6054
2078 0.0000
2079 -2.9442
2080 1.4279
2081 4.4393
2082 0.0000
2083 -3.2076
2084 -3.3971
2085 0.0000
2086 0.9178
2087 5.9156
2088 4.5717
2089 0.0000
2090 -0.4933
2091 10.3565
2092 0.0000
2093 -5.8902
2094 3.7600
2095 0.2315
2096 0.0000
2097 2.8386
2098 2.3804
2099 0.0000
2100 1.9801
2101 8.2767
2102 6.5398
2103 0.0000
2104 6.3940
2105 4.1345
2106 0.0000
2107 4.0894
2108 6.8949
2109 10.2169
2110 0.0000
2111 -3.4818
2112 4.6298
2113 0.0000
2114 6.4562
2115 -4.4418
2116 4.0154
2117 0.0000
2118 4.9077
2119 11.8359
2120 0.0000
2121 -0.8400
2122 2.2231
2123 6.8226
2124 0.0000
2125 2.1989
2126 4.0187
2127 0.0000
2128 1.9935
2129 4.4539
2130 -0.6581
2131 0.0000
2132 -1.3609
2133 3.1009
2134 0.0000
2135 9.2165
2136 0.4512
2137 4.9806
2138 0.0000
2139 -1.2340
2140 11.8154
2141 0.0000
2142 4.3122
2143 1.8561
2144 -7.7916
2145 0.0000
2146 5.4019
2147 0.0000
2148 3.4496
2149 0.0000
2150 4.5347
2151 9.4473
2152 0.0000
2153 3.9139
2154 0.0000
2155 4.3009
2156 0.0000
2157 7.0218
2158 0.7916
2159 10.5166
2160 0.0000
2161 7.4024
2162 2.6567
2163 0.1519
2164 0.0000
2165 1.2329
2166 -0.0705
2167 5.4038
2168 0.0000
2169 7.9735
2170 0.0000
2171 -2.5363
2172 0.0000
2173 -1.5168
2174 14.0718
2175 0.0000
2176 3.5457
2177 0.0000
2178 9.1248
2179 2.5155
2180 1.6877
2181 1.4202
2182 -1.4207
2183 5.3865
2184 7.3795
2185 8.3706
2186 1.3595
2187 9.5778
2188 8.9765
2189 -4.7224
2190 6.9569
2191 5.0603
2192 -1.8437
2193 8.6552
2194 0.0000
2195 5.1432
2196 4.1747
2197 6.9124
2198 8.5853
2199 -3.8280
2200 11.0865
2201 5.2346
2202 6.1028
2203 0.0000
2204 -2.6842
2205 13.1899
2206 -1.1968
2207 -2.4681
2208 -1.1646
2209 1.6962
2210 0.0000
2211 0.6396
2212 2.4844
2213 5.7015
2214 0.0000
2215 7.7200
2216 4.6195
2217 4.4029
2218 8.1428
2219 3.4584
2220 3.1200
2221 -2.8663
2222 3.4343
2223 0.0000
2224 9.0346
2225 8.3699
2226 1.5828
2227 0.8192
2228 1.2308
2229 0.1623
2230 0.0000
2231 3.7973
2232 4.5184
2233 0.0961
2234 0.0000
2235 4.5643
2236 -3.9928
2237 11.6762
2238 0.8948
2239 -5.9346
2240 6.6392
2241 0.6478
2242 3.8564
2243 0.0000
2244 5.1686
2245 5.7209
2246 11.3511
2247 5.8464
2248 3.3065
2249 3.6066
2250 0.0000
2251 -1.3050
2252 6.9334
2253 6.2506
2254 0.0000
2255 6.9533
2256 -4.3549
2257 10.2425
2258 9.3175
2259 6.6432
2260 1.2196
2261 -2.9842
2262 6.8370
2263 0.0000
2264 2.4954
2265 0.9961
2266 1.1702
2267 7.0599
2268 7.8938
2269 4.8363
2270 0.0000
2271 3.1492
2272 4.3936
2273 1.9350
2274 10.4736
2275 7.3140
2276 3.6275
2277 0.6982
2278 14.7242
2279 4.6769
2280 3.8316
2281 1.0801
2282 3.1579
2283 5.7778
2284 5.4058
2285 0.0000
2286 2.7624
2287 3.2691
2288 2.5360
2289 1.2276
2290 -0.8038
2291 4.2488
2292 4.7030
2293 5.9771
2294 0.0000
2295 3.9011
2296 6.0241
2297 2.6907
2298 -2.3473
2299 -4.1669
2300 14.8801
2301 0.0000
2302 0.6784
2303 6.5542
2304 -0.7734
2305 0.0000
2306 1.9579
2307 -2.8754
2308 6.0076
2309 2.9704
2310 -5.7913
2311 4.1644
2312 6.6631
2313 6.0398
2314 0.0000
2315 -1.1665
2316 10.5692
2317 2.4001
2318 2.0984
2319 -0.3469
2320 5.4713
2321 0.0000
2322 0.6691
2323 6.5049
2324 2.1327
2325 0.0000
2326 0.7245
2327 -1.2394
2328 8.7111
2329 9.6065
2330 0.2375
2331 6.5807
2332 2.1126
2333 7.9122
2334 0.0000
2335 2.5134
2336 5.4154
2337 12.4650
2338 11.9164
2339 6.7789
2340 5.1024
2341 0.0000
2342 -4.9273
2343 9.1154
2344 5.2749
2345 0.0000
2346 7.3085
2347 4.0727
2348 2.5206
2349 4.2265
2350 -2.5214
2351 -4.3042
2352 2.9383
2353 0.8200
2354 0.0000
2355 0.7841
2356 5.6910
2357 5.0846
2358 2.7983
2359 17.2410
2360 0.5892
2361 0.0000
2362 -0.1133
2363 4.9212
2364 11.3225
2365 4.1293
2366 8.0425
2367 -1.1857
2368 -7.8735
2369 4.5200
2370 1.2732
2371 5.7072
2372 3.3270
2373 4.6333
2374 4.2875
2375 3.7728
2376 0.0000
2377 2.1799
2378 -2.5880
2379 1.1377
2380 8.2417
2381 4.2222
2382 3.7050
2383 9.1399
2384 2.2797
2385 0.0000
2386 7.0796
2387 1.1856
2388 2.0109
2389 0.1064
2390 6.8054
2391 14.1874
2392 0.0000
2393 -2.4077
2394 5.2274
2395 0.9008
2396 0.0000
2397 -2.8725
2398 0.5050
2399 6.1378
2400 1.1254
2401 -5.3979
2402 1.6544
2403 3.0369
2404 5.6478
2405 0.0000
2406 6.1509
2407 7.2676
2408 6.9488
2409 6.2018
2410 11.2173
2411 3.3826
2412 0.0000
2413 -5.6415
2414 4.3781
2415 7.0154
2416 0.0000
2417 -0.2109
2418 -2.8160
2419 2.1431
2420 7.5229
2421 -4.0979
2422 -3.9369
2423 -4.2045
2424 -3.4446
2425 0.0000
2426 12.7773
2427 7.4817
2428 13.4292
2429 3.9750
2430 -1.4577
2431 4.3343
2432 0.0000
2433 3.0737
2434 -1.0047
2435 6.1027
2436 0.0000
2437 7.7622
2438 -0.9414
2439 6.0390
2440 2.7069
2441 -0.7582
2442 6.5586
2443 2.0780
2444 0.2251
2445 0.0000
2446 2.3868
2447 7.9137
2448 6.9311
2449 2.0082
2450 10.7116
2451 3.1167
2452 0.0000
2453 -1.9686
2454 0.9403
2455 0.2062
2456 4.8309
2457 6.0521
2458 13.2872
2459 7.2114
2460 10.1165
2461 -1.2118
2462 8.5982
2463 10.8938
2464 -0.9305
2465 7.9439
2466 11.8190
2467 0.0000
2468 9.8489
2469 -0.4820
2470 8.0357
2471 7.4543
2472 -3.7971
2473 0.3684
2474 0.1456
2475 4.1254
2476 0.0000
2477 11.3863
2478 9.4275
2479 1.2894
2480 5.5877
2481 8.4149
2482 3.5580
2483 0.0000
2484 -0.3731
2485 -4.5959
2486 0.4308
2487 0.0000
2488 2.1488
2489 1.4331
2490 5.8959
2491 6.0282
2492 -5.3378
2493 -1.2786
2494 -11.0398
2495 6.1343
2496 0.0000
2497 1.4735
2498 3.6447
2499 5.1499
2500 3.0316
2501 7.6206
2502 12.6155
2503 0.0000
2504 1.7934
2505 5.0339
2506 8.4764
2507 0.0000
2508 4.0299
2509 2.8496
2510 9.7597
2511 -2.8929
2512 -1.2374
2513 6.7407
2514 7.3412
2515 -0.1417
2516 0.0000
2517 5.0552
2518 8.1628
2519 4.3553
2520 1.3544
2521 4.0363
2522 -0.0123
2523 0.0000
2524 1.0691
2525 9.0456
2526 5.8641
2527 0.0000
2528 11.4656
2529 1.3080
2530 8.7067
2531 9.8456
2532 -5.8727
2533 4.2818
2534 10.7304
2535 -2.2105
2536 0.0000
2537 4.2707
2538 4.3729
2539 9.5368
2540 6.5708
2541 1.5756
2542 1.1344
2543 0.0000
2544 -4.1854
2545 0.0000
2546 2.0772
2547 0.0000
2548 2.7583
2549 -2.9327
2550 2.5327
2551 7.2602
2552 5.0168
2553 -4.5791
2554 1.7927
2555 2.5665
2556 0.0000
2557 4.0226
2558 4.4928
2559 -0.1327
2560 2.4840
2561 -0.8702
2562 0.8139
2563 0.0000
2564 2.1567
2565 8.6601
2566 14.9535
2567 7.1026
2568 3.9361
2569 7.9103
2570 0.0000
2571 -1.7258
2572 5.9319
2573 9.1307
2574 -1.4729
2575 3.2526
2576 5.5901
2577 0.0000
2578 -2.1022
2579 5.1420
2580 7.5338
2581 8.6911
2582 2.6279
2583 4.9600
2584 0.0000
2585 -3.0163
2586 7.5994
2587 3.9635
2588 3.4531
2589 5.1283
2590 -1.5730
2591 0.0000
2592 3.6324
2593 10.6831
2594 6.0479
2595 6.3525
2596 8.0106
2597 3.1662
2598 0.0000
2599 3.3144
2600 5.8346
2601 6.0342
2602 4.4601
2603 15.1691
2604 -1.3692
2605 0.0000
2606 -4.4462
2607 3.6167
2608 7.4731
2609 3.7719
2610 5.1713
2611 5.7042
2612 0.0000
2613 -0.6853
2614 -1.4901
2615 5.2238
2616 3.1440
2617 -1.0975
2618 9.2876
2619 0.0000
2620 1.9699
2621 -0.0325
2622 4.8888
2623 3.2185
2624 5.6909
2625 8.0379
2626 0.0000
2627 0.0170
2628 4.4582
2629 -1.2815
2630 10.8952
2631 -0.0401
2632 1.4270
2633 0.0000
2634 2.6075
2635 3.6467
2636 13.2126
2637 4.8000
2638 6.3808
2639 10.4176
2640 0.0000
2641 6.9247
2642 0.4112
2643 4.2992
2644 6.7918
2645 3.7504
2646 13.9929
2647 0.0000
2648 3.0427
2649 2.4380
2650 4.7014
2651 3.4040
2652 -0.6710
2653 8.6042
2654 0.0000
2655 -0.0694
2656 11.6068
2657 -1.8208
2658 7.7695
2659 -5.1688
2660 4.6451
2661 0.0000
2662 3.3361
2663 0.0000
2664 0.2526
2665 0.0000
2666 2.8146
2667 0.0000
2668 3.4412
2669 8.1882
2670 0.0000
2671 6.2076
2672 -4.6370
2673 7.5046
2674 -2.9223
2675 0.0000
2676 -0.5952
2677 1.1293
2678 6.3986
2679 0.0000
2680 11.3678
2681 11.8153
2682 1.9710
2683 0.0000
2684 -0.5377
2685 2.5047
2686 3.0100
2687 3.8673
2688 10.6355
2689 2.4920
2690 -0.9922
2691 3.5402
2692 -1.5595
2693 0.0000
2694 -2.0265
2695 5.1999
2696 4.4020
2697 6.0779
2698 6.0124
2699 -0.5409
2700 0.0000
2701 7.1544
2702 -0.8510
2703 -2.1550
2704 5.2334
2705 6.1230
2706 3.1918
2707 0.0000
2708 -1.3515
2709 5.3030
2710 1.4135
2711 8.1918
2712 -0.1904
2713 7.1144
2714 0.0000
2715 1.6644
2716 4.9008
2717 6.0745
2718 2.5089
2719 -2.0121
2720 0.4719
2721 0.0000
2722 -4.4532
2723 6.3739
2724 5.0807
2725 -2.2849
2726 5.7211
2727 -1.2084
2728 0.0000
2729 7.4366
2730 2.5055
2731 6.6576
2732 9.2193
2733 5.7132
2734 8.5453
2735 0.0000
2736 6.5946
2737 0.3913
2738 10.5753
2739 7.7409
2740 5.8976
2741 9.5345
2742 0.0000
2743 5.9171
2744 6.1139
2745 15.2749
2746 7.3732
2747 6.2652
2748 1.8343
2749 0.0000
2750 2.3933
2751 10.6870
2752 -1.0334
2753 2.3422
2754 1.1841
2755 1.5988
2756 0.0000
2757 1.7309
2758 8.7218
2759 7.6234
2760 7.6397
2761 8.3486
2762 9.5274
2763 0.0000
2764 -2.9118
2765 4.6147
2766 -3.6560
2767 3.2391
2768 2.3513
2769 -2.9008
2770 0.0000
2771 1.8523
2772 -0.7579
2773 0.0000
2774 5.9954
2775 -3.6818
2776 3.8925
2777 0.5968
2778 4.1311
2779 3.5073
2780 -6.5960
2781 2.6510
2782 0.0000
2783 4.8612
2784 -1.5814
2785 0.0000
2786 4.4981
2787 0.0000
2788 -1.7775
2789 0.0000
2790 0.9941
2791 4.0068
2792 0.0000
2793 -0.4522
2794 0.9890
2795 0.0000
2796 5.0093
2797 2.0593
2798 6.8526
2799 0.0000
2800 1.9091
2801 7.9589
2802 0.0000
2803 2.2983
2804 -1.0895
2805 7.6022
2806 0.0000
2807 3.1064
2808 -2.4559
2809 0.0000
2810 0.8961
2811 7.1882
2812 6.9982
2813 0.0000
2814 3.4821
2815 9.1895
2816 0.0000
2817 1.3919
2818 8.3194
2819 4.6073
2820 0.0000
2821 -5.7595
2822 -1.0594
2823 0.0000
2824 4.4187
2825 2.0474
2826 19.7245
2827 0.0000
2828 8.3430
2829 -0.6297
2830 0.0000
2831 20.0375
2832 9.0779
2833 12.6251
2834 0.0000
2835 1.5657
2836 3.0805
2837 0.0000
2838 1.7001
2839 5.8997
2840 4.5695
2841 0.0000
2842 -4.1854
2843 5.1924
2844 0.0000
2845 4.4620
2846 14.0451
2847 0.2420
2848 0.0000
2849 8.7741
2850 10.5432
2851 0.0000
2852 1.7735
2853 6.3160
2854 2.6831
2855 0.0000
2856 2.3155
2857 6.6374
2858 0.0000
2859 -1.4226
2860 -2.3580
2861 3.7464
2862 0.0000
2863 -0.9521
2864 0.6352
2865 0.0000
2866 2.6075
2867 6.8342
2868 10.4488
2869 0.0000
2870 2.6140
2871 7.7182
2872 0.0000
2873 8.6469
2874 11.2931
2875 4.4395
2876 0.0000
2877 5.3068
2878 4.9311
2879 0.0000
2880 10.9869
2881 8.4942
2882 0.1599
2883 0.0000
2884 -4.5563
2885 4.0578
2886 0.0000
2887 3.4406
2888 6.7616
2889 -6.9107
2890 0.0000
2891 -0.3460
2892 3.2117
2893 0.0000
2894 4.8873
2895 4.8028
2896 6.9973
2897 0.0000
2898 3.1513
2899 -0.7295
2900 0.0000
2901 -2.5285
2902 1.1166
2903 -2.4195
2904 0.0000
2905 0.6872
2906 0.0000
2907 9.9652
2908 0.0000
2909 0.6264
2910 5.0381
2911 0.0000
2912 2.0190
2913 0.0000
2914 2.8121
2915 0.0000
2916 0.3048
2917 4.6409
2918 -5.3511
2919 0.0000
2920 -0.4540
2921 0.6477
2922 3.6480
2923 0.0000
2924 0.6580
2925 -1.9382
2926 2.9364
2927 0.0000
2928 2.2013
2929 0.0000
2930 1.7615
2931 0.0000
2932 3.5570
2933 6.9270
2934 0.0000
2935 -1.1214
2936 0.0000
2937 5.3771
2938 4.3198
2939 4.7229
2940 5.7152
2941 3.6607
2942 0.5741
2943 4.9728
2944 5.6812
2945 3.0144
2946 -1.4257
2947 9.7648
2948 3.6654
2949 4.5163
2950 -2.6872
2951 3.0169
2952 -1.4959
2953 0.0000
2954 11.8400
2955 6.0437
2956 1.1129
2957 2.7307
2958 -4.8459
2959 0.2482
2960 5.8622
2961 5.0661
2962 0.0000
2963 5.3921
2964 3.8302
2965 7.2975
2966 2.1893
2967 0.6980
2968 7.0742
2969 0.0000
2970 1.1661
2971 9.9970
2972 6.7083
2973 0.0000
2974 6.3384
2975 -2.5853
2976 -4.6133
2977 2.0662
2978 -2.3697
2979 -1.5627
2980 -4.3172
2981 -0.8912
2982 0.0000
2983 9.0698
2984 9.8974
2985 3.3341
2986 2.2844
2987 -3.6774
2988 7.1000
2989 0.0000
2990 -0.1376
2991 3.0556
2992 -3.9643
2993 0.0000
2994 4.4809
2995 -2.1115
2996 -1.7379
2997 -2.0710
2998 1.2497
2999 10.3391
3000 3.8856
3001 4.5749
3002 0.0000
3003 7.5416
3004 3.6194
3005 1.2393
3006 4.0955
3007 8.8288
3008 2.1576
3009 0.0000
3010 1.1966
3011 -3.7503
3012 7.4965
3013 0.0000
3014 -2.9351
3015 1.5146
3016 5.5996
3017 -0.8963
3018 0.8804
3019 13.3752
3020 5.3151
3021 7.9586
3022 0.0000
3023 5.1329
3024 2.6218
3025 1.2834
3026 1.7800
3027 4.2986
3028 3.0439
3029 0.0000
3030 5.7506
3031 3.6595
3032 4.5866
3033 5.3707
3034 5.7260
3035 -0.8521
3036 5.0325
3037 6.0880
3038 6.5780
3039 6.8511
3040 2.6153
3041 4.3409
3042 10.1188
3043 0.6195
3044 0.0000
3045 5.3938
3046 -0.6881
3047 16.5517
3048 4.7487
3049 -2.2267
3050 7.3264
3051 2.4100
3052 -0.7251
3053 0.0000
3054 1.8712
3055 4.5050
3056 3.8242
3057 1.1724
3058 12.1117
3059 0.2455
3060 0.0000
3061 4.0286
3062 1.3554
3063 6.7429
3064 0.0000
3065 -0.4299
3066 -4.7874
3067 3.6939
3068 3.5328
3069 -5.1356
3070 9.9591
3071 8.1963
3072 2.8035
3073 0.0000
3074 0.7550
3075 -3.5466
3076 5.9889
3077 0.4913
3078 9.3955
3079 11.0716
3080 0.0000
3081 -1.8394
3082 5.9244
3083 3.9496
3084 0.0000
3085 4.9854
3086 2.6738
3087 3.0237
3088 2.2868
3089 3.5788
3090 7.8575
3091 1.1368
3092 1.0659
3093 0.0000
3094 8.0133
3095 11.2136
3096 0.5878
3097 5.4524
3098 8.6390
3099 3.8019
3100 0.0000
3101 2.7485
3102 -2.7809
3103 0.9681
3104 0.0000
3105 9.9518
3106 2.4063
3107 8.9742
3108 -0.4968
3109 1.4484
3110 -2.4268
3111 6.3009
3112 0.0804
3113 0.0000
3114 1.6325
3115 -3.1844
3116 5.2333
3117 9.7248
3118 1.4707
3119 8.0550
3120 0.0000
3121 7.7026
3122 3.0529
3123 9.8345
3124 3.4811
3125 2.5324
3126 -0.8369
3127 10.4628
3128 15.8722
3129 6.4531
3130 9.4743
3131 7.0268
3132 0.6973
3133 0.4567
3134 5.4960
3135 0.0000
3136 0.3021
3137 2.3426
3138 6.0360
3139 9.8289
3140 -6.7445
3141 9.2315
3142 4.9601
3143 4.1747
3144 0.0000
3145 12.8410
3146 2.9474
3147 2.7552
3148 4.1002
3149 8.2628
3150 7.9942
3151 0.0000
3152 0.8714
3153 0.0378
3154 -0.1476
3155 0.0000
3156 1.2073
3157 2.9299
3158 1.0351
3159 -2.0450
3160 -1.2086
3161 0.7892
3162 -3.5073
3163 -1.6479
3164 0.0000
3165 7.3281
3166 3.1093
3167 9.0889
3168 -2.1393
3169 5.0000
3170 13.8712
3171 0.0000
3172 -0.0870
3173 3.6831
3174 4.0538
3175 0.0000
3176 0.6066
3177 5.5714
3178 2.0475
3179 1.2205
3180 -2.2736
3181 -1.4176
3182 -2.3888
3183 11.1479
3184 0.0000
3185 1.8634
3186 3.8112
3187 7.7358
3188 2.3481
3189 2.8788
3190 8.0558
3191 0.0000
3192 1.6107
3193 5.5822
3194 4.8220
3195 0.0000
3196 -5.0387
3197 4.0607
3198 2.4543
3199 1.2302
3200 2.8100
3201 12.4739
3202 4.1003
3203 -3.5883
3204 0.0000
3205 2.4780
3206 11.9578
3207 2.4525
3208 0.9798
3209 9.4561
3210 4.2085
3211 0.0000
3212 -3.6862
3213 6.5432
3214 8.3555
3215 5.2097
3216 7.1809
3217 2.3122
3218 8.4073
3219 -5.8666
3220 4.9562
3221 8.1330
3222 3.1305
3223 4.9365
3224 4.3312
3225 -2.2355
3226 0.0000
3227 6.3491
3228 -1.5063
3229 4.0303
3230 5.4426
3231 -2.3944
3232 9.2431
3233 8.7600
3234 4.6346
3235 0.0000
3236 2.0483
3237 -0.1705
3238 2.1351
3239 -0.6759
3240 9.2677
3241 9.6296
3242 0.0000
3243 8.0701
3244 6.8144
3245 0.3958
3246 0.0000
3247 3.2906
3248 5.2740
3249 6.5175
3250 8.6325
3251 -1.5963
3252 0.2938
3253 -3.7988
3254 -1.8887
3255 0.0000
3256 6.8540
3257 2.3484
3258 7.9693
3259 6.9846
3260 3.9785
3261 8.0470
3262 0.0000
3263 6.2420
3264 5.6123
3265 14.1080
3266 0.0000
3267 -2.7676
3268 5.6771
3269 3.1628
3270 2.5092
3271 -2.9536
3272 8.6249
3273 0.1437
3274 16.4592
3275 0.0000
3276 4.9838
3277 -1.6901
3278 4.0181
3279 2.8068
3280 11.9218
3281 -1.7762
3282 0.0000
3283 10.7780
3284 4.5578
3285 2.9743
3286 0.0000
3287 3.8001
3288 4.0024
3289 4.5021
3290 4.0961
3291 -4.2244
3292 -2.4789
3293 1.5733
3294 2.3723
3295 0.0000
3296 4.8496
3297 8.9611
3298 4.0921
3299 1.8727
3300 0.1728
3301 -1.5549
3302 0.0000
3303 -2.0452
3304 0.0000
3305 1.8153
3306 0.0000
3307 -0.1683
3308 2.7603
3309 2.2362
3310 5.8507
3311 1.8305
3312 2.3446
3313 8.4182
3314 2.0106
3315 0.0000
3316 1.9738
3317 -3.3085
3318 4.7828
3319 2.5602
3320 -1.6699
3321 -0.5879
3322 0.0000
3323 -2.7197
3324 2.4586
3325 1.2621
3326 0.2416
3327 7.0514
3328 3.6137
3329 0.0000
3330 -1.8119
3331 0.9541
3332 8.1021
3333 -1.2977
3334 0.1562
3335 4.6529
3336 0.0000
3337 6.1081
3338 12.5103
3339 0.8250
3340 10.3019
3341 -2.8082
3342 2.9369
3343 0.0000
3344 -2.3928
3345 1.3822
3346 9.6872
3347 5.5780
3348 8.7856
3349 4.3892
3350 0.0000
3351 1.5454
3352 9.2415
3353 -0.6875
3354 6.5467
3355 3.7623
3356 2.8251
3357 0.0000
3358 -2.6931
3359 0.7349
3360 0.5173
3361 11.0702
3362 1.9891
3363 6.4333
3364 0.0000
3365 5.8961
3366 1.9875
3367 -1.6776
3368 0.3837
3369 8.5591
3370 9.2036
3371 0.0000
3372 0.2766
3373 8.0240
3374 -4.8913
3375 0.2066
3376 -3.2268
3377 1.1184
3378 0.0000
3379 2.4446
3380 5.6762
3381 7.8834
3382 3.7326
3383 5.2379
3384 -1.6063
3385 0.0000
3386 -1.0580
3387 6.5864
3388 2.0078
3389 5.0594
3390 7.0656
3391 3.1753
3392 0.0000
3393 -1.6067
3394 0.0963
3395 -0.9657
3396 10.0482
3397 7.4244
3398 4.1249
3399 0.0000
3400 -4.5458
3401 3.5034
3402 -2.9253
3403 12.3134
3404 8.7640
3405 6.4103
3406 0.0000
3407 5.2571
3408 8.9853
3409 6.5233
3410 4.0404
3411 2.5768
3412 -3.8496
3413 0.0000
3414 -1.2004
3415 4.7277
3416 -6.7715
3417 1.2833
3418 -0.0338
3419 -5.2321
3420 0.0000
3421 -8.1857
3422 0.0000
3423 -9.1626
3424 0.0000
3425 6.4305
3426 0.0000
3427 12.3987
3428 3.6951
3429 0.0000
3430 13.4385
3431 11.0527
3432 -0.4633
3433 11.8592
3434 0.0000
3435 4.3520
3436 0.8891
3437 -5.8304
3438 0.0000
3439 -4.5170
3440 5.9608
3441 8.4901
3442 0.0000
3443 5.3469
3444 9.6228
3445 0.4214
3446 3.4665
3447 5.6867
3448 6.9748
3449 3.7510
3450 5.0766
3451 0.2253
3452 0.0000
3453 -0.1665
3454 2.6647
3455 15.1252
3456 8.2038
3457 -0.3522
3458 5.6945
3459 0.0000
3460 -3.7099
3461 6.9883
3462 3.5993
3463 11.5263
3464 1.3907
3465 0.7919
3466 0.0000
3467 0.2763
3468 -0.9620
3469 4.7312
3470 -1.2030
3471 -3.7918
3472 5.4913
3473 0.0000
3474 -0.9764
3475 3.0209
3476 1.3215
3477 6.9313
3478 2.5017
3479 6.9549
3480 0.0000
3481 6.2646
3482 6.9097
3483 2.5412
3484 6.9092
3485 3.8239
3486 7.5141
3487 0.0000
3488 6.8471
3489 0.6927
3490 3.8746
3491 6.4047
3492 1.8012
3493 7.7456
3494 0.0000
3495 4.3898
3496 0.8495
3497 -2.3576
3498 4.9710
3499 1.8890
3500 -1.3805
3501 0.0000
3502 -2.8845
3503 2.6365
3504 0.9599
3505 4.9928
3506 6.5072
3507 7.4406
3508 0.0000
3509 1.3006
3510 1.2059
3511 8.8910
3512 6.6381
3513 -5.6811
3514 -0.1699
3515 0.0000
3516 -1.4612
3517 4.5487
3518 -0.5873
3519 -1.1890
3520 -1.4406
3521 9.4222
3522 0.0000
3523 -0.8336
3524 4.3870
3525 8.5137
3526 3.4904
3527 4.9032
3528 -0.9431
3529 0.0000
3530 -3.0078
3531 4.4073
3532 0.0000
3533 13.0587
3534 -2.2071
3535 3.7893
3536 3.8317
3537 -0.9182
3538 -1.0623
3539 0.3337
3540 -1.4639
3541 0.0000
3542 1.8285
3543 6.3646
3544 0.0000
3545 2.2187
3546 0.0000
3547 3.5639
3548 0.0000
3549 1.2750
3550 3.5674
3551 0.0000
3552 1.7244
3553 7.9487
3554 0.0000
3555 -3.9919
3556 2.6038
3557 0.8269
3558 0.0000
3559 0.3822
3560 2.2398
3561 0.0000
3562 8.2086
3563 6.2879
3564 8.7678
3565 0.0000
3566 0.0244
3567 1.0396
3568 0.0000
3569 8.7683
3570 1.6822
3571 -2.4642
3572 0.0000
3573 -7.6340
3574 7.4267
3575 0.0000
3576 -2.4807
3577 5.1977
3578 4.0586
3579 0.0000
3580 1.4517
3581 -1.0572
3582 0.0000
3583 11.0591
3584 8.2161
3585 4.7038
3586 0.0000
3587 -1.4046
3588 2.6364
3589 0.0000
3590 5.8385
3591 3.1370
3592 8.4635
3593 0.0000
3594 2.3443
3595 -2.5366
3596 0.0000
3597 6.0767
3598 7.7305
3599 0.0017
3600 0.0000
3601 2.4938
3602 -0.9952
3603 0.0000
3604 6.0004
3605 8.7350
3606 8.6071
3607 0.0000
3608 -3.0078
3609 3.5852
3610 0.0000
3611 2.8850
3612 0.6689
3613 7.2957
3614 0.0000
3615 -3.9184
3616 0.5739
3617 0.0000
3618 1.7018
3619 11.2488
3620 1.4014
3621 0.0000
3622 -0.5322
3623 -1.2323
3624 0.0000
3625 -1.2689
3626 4.7742
3627 3.9810
3628 0.0000
3629 -3.9942
3630 15.4861
3631 0.0000
3632 8.1603
3633 0.4452
3634 8.0350
3635 0.0000
3636 -4.6368
3637 1.6996
3638 0.0000
3639 -1.6160
3640 4.9454
3641 1.3755
3642 0.0000
3643 6.0827
3644 7.4118
3645 0.0000
3646 1.1756
3647 -0.6848
3648 8.7830
3649 0.0000
3650 10.5273
3651 -5.5577
3652 0.0000
3653 -0.2983
3654 10.3839
3655 4.4540
3656 0.0000
3657 1.4972
3658 -2.4171
3659 0.0000
3660 -0.5128
3661 4.4857
3662 -3.6764
3663 0.0000
3664 -9.8192
3665 0.0000
3666 1.0409
3667 0.0000
3668 2.4608
3669 12.1136
3670 0.0000
3671 5.2059
3672 0.0000
3673 6.5478
3674 0.0000
3675 1.7437
3676 11.9578
3677 7.0169
3678 0.0000
3679 3.7312
3680 2.6867
3681 -2.9824
3682 0.0000
3683 2.3597
3684 -0.2481
3685 3.4948
3686 0.0000
3687 1.1020
3688 0.0000
3689 5.4932
3690 0.0000
3691 3.1975
3692 3.9374
3693 0.0000
3694 1.0260
3695 0.0000
3696 5.6537
3697 4.7265
3698 3.7883
3699 -4.5966
3700 -0.2167
3701 2.3221
3702 -5.1701
3703 6.2601
3704 1.4431
3705 6.7144
3706 6.0247
3707 9.3948
3708 5.6377
3709 -6.3789
3710 1.0679
3711 5.0144
3712 0.0000
3713 1.1543
3714 -0.2242
3715 4.6418
3716 13.4753
3717 0.0055
3718 1.7205
3719 0.6732
3720 0.5285
3721 0.0000
3722 -4.2541
3723 8.9382
3724 0.2658
3725 1.3448
3726 -4.0365
3727 3.7782
3728 0.0000
3729 3.9443
3730 -0.5177
3731 4.0023
3732 0.0000
3733 4.9657
3734 2.4001
3735 2.9894
3736 10.5016
3737 -1.3479
3738 1.3548
3739 3.2198
3740 8.3178
3741 0.0000
3742 0.6702
3743 8.0018
3744 -0.0015
3745 -4.5442
3746 6.7726
3747 8.7185
3748 0.0000
3749 -0.6502
3750 -0.1666
3751 3.3967
3752 0.0000
3753 0.0127
3754 -2.0682
3755 8.5096
3756 4.4671
3757 -2.9101
3758 -2.7393
3759 -8.3758
3760 0.7060
3761 0.0000
3762 4.9484
3763 -3.0279
3764 3.4321
3765 0.1537
3766 4.8747
3767 -3.1174
3768 0.0000
3769 3.1265
3770 6.9506
3771 7.1858
3772 0.0000
3773 7.6646
3774 -1.1507
3775 2.3899
3776 -0.8158
3777 6.3943
3778 10.2731
3779 3.4925
3780 8.0909
3781 0.0000
3782 4.9991
3783 4.7707
3784 0.2751
3785 4.1455
3786 3.6014
3787 -0.4311
3788 0.0000
3789 3.1493
3790 -0.4528
3791 5.2436
3792 6.6130
3793 0.2756
3794 7.9480
3795 4.9044
3796 5.1526
3797 1.3797
3798 -3.8768
3799 2.8168
3800 5.4664
3801 5.5001
3802 5.7602
3803 0.0000
3804 -6.6192
3805 2.8284
3806 -0.3813
3807 3.6146
3808 7.3461
3809 -0.4744
3810 -3.7151
3811 4.9727
3812 0.0000
3813 3.2965
3814 9.0823
3815 7.4639
3816 -1.1403
3817 4.7022
3818 0.1494
3819 0.0000
3820 -2.1974
3821 12.4835
3822 3.1933
3823 0.0000
3824 -4.1201
3825 -10.5775
3826 0.2644
3827 -1.7925
3828 6.9492
3829 0.2606
3830 12.3312
3831 -8.4616
3832 0.0000
3833 3.9967
3834 7.0532
3835 0.8684
3836 13.3036
3837 -0.8163
3838 6.8495
3839 0.0000
3840 2.6907
3841 1.3975
3842 1.8434
3843 0.0000
3844 5.4780
3845 -4.5390
3846 2.9090
3847 2.3895
3848 -3.3199
3849 16.9464
3850 0.3178
3851 12.8709
3852 0.0000
3853 7.0066
3854 9.0442
3855 -4.5671
3856 5.7593
3857 6.7865
3858 5.8268
3859 0.0000
3860 -4.0649
3861 -1.1403
3862 5.5418
3863 0.0000
3864 5.7188
3865 2.0992
3866 2.2923
3867 -3.9240
3868 3.7774
3869 9.5362
3870 7.3146
3871 2.7852
3872 0.0000
3873 4.5161
3874 7.9929
3875 1.2831
3876 9.4908
3877 -2.7328
3878 0.8495
3879 0.0000
3880 7.2157
3881 3.2646
3882 6.6955
3883 3.6088
3884 5.2411
3885 5.0937
3886 3.6513
3887 5.3477
3888 5.6869
3889 14.6918
3890 5.9967
3891 9.1544
3892 0.9138
3893 4.6955
3894 0.0000
3895 2.0464
3896 6.2451
3897 3.1558
3898 7.2736
3899 0.9147
3900 3.0288
3901 -4.3804
3902 0.9291
3903 0.0000
3904 2.4107
3905 1.4448
3906 0.1914
3907 3.4361
3908 7.5140
3909 3.2943
3910 0.0000
3911 -6.3085
3912 0.9961
3913 8.2400
3914 0.0000
3915 9.2652
3916 -3.8614
3917 10.1757
3918 2.7325
3919 -8.5541
3920 11.6354
3921 1.2188
3922 10.4245
3923 0.0000
3924 2.6600
3925 6.0573
3926 3.4394
3927 3.8090
3928 0.8656
3929 8.1574
3930 0.0000
3931 1.4067
3932 3.0165
3933 1.8460
3934 0.0000
3935 9.3430
3936 1.0800
3937 10.4648
3938 -1.4460
3939 4.3759
3940 5.9133
3941 -3.8416
3942 3.7013
3943 0.0000
3944 1.2506
3945 1.2751
3946 2.0065
3947 -0.6343
3948 1.2203
3949 -0.0257
3950 0.0000
3951 -4.7293
3952 11.0339
3953 11.5449
3954 0.0000
3955 1.1501
3956 0.8344
3957 8.5773
3958 3.7421
3959 -8.7483
3960 4.6903
3961 0.2651
3962 6.9182
3963 0.0000
3964 1.5570
3965 4.5415
3966 4.9474
3967 2.0139
3968 3.7062
3969 2.5827
3970 0.0000
3971 -6.6230
3972 7.6050
3973 -1.1623
3974 2.2985
3975 10.5887
3976 5.4272
3977 8.5094
3978 3.9063
3979 2.6063
3980 6.3902
3981 9.9221
3982 1.7578
3983 3.1061
3984 6.0132
3985 0.0000
3986 2.8162
3987 -0.8410
3988 -5.9600
3989 3.3878
3990 6.2038
3991 13.2689
3992 1.0463
3993 7.8132
3994 0.0000
3995 6.3320
3996 -2.7457
3997 -0.8531
3998 9.2257
3999 4.7918
4000 -1.5438
4001 0.0000
4002 -1.4050
4003 2.4155
4004 15.9405
4005 0.0000
4006 -7.3124
4007 3.2660
4008 -1.7311
4009 0.4475
4010 -6.0851
4011 13.2246
4012 3.8833
4013 6.6506
4014 0.0000
4015 -2.0461
4016 7.2123
4017 1.1106
4018 4.1726
4019 4.6263
4020 6.9173
4021 0.0000
4022 -6.2959
4023 3.5561
4024 9.5104
4025 0.0000
4026 4.3373
4027 -0.0252
4028 -2.8113
4029 6.2739
4030 4.5105
4031 6.2335
4032 2.4624
4033 7.0769
4034 0.0000
4035 9.3147
4036 6.4605
4037 2.8838
4038 8.0410
4039 3.3050
4040 2.2589
4041 0.0000
4042 -2.0461
4043 8.6439
4044 3.0385
4045 0.0000
4046 7.3976
4047 -2.3753
4048 3.5859
4049 7.6971
4050 1.5423
4051 8.7870
4052 0.7146
4053 3.2446
4054 0.0000
4055 8.5664
4056 6.5992
4057 -0.6001
4058 -3.1107
4059 1.4346
4060 4.0407
4061 0.0000
4062 -0.6890
4063 0.0000
4064 1.1311
4065 0.0000
4066 11.4145
4067 3.9106
4068 1.2681
4069 3.0269
4070 -0.1694
4071 -3.6563
4072 2.9064
4073 1.6978
4074 0.0000
4075 0.6547
4076 -7.4241
4077 4.8726
4078 6.9605
4079 3.3825
4080 1.1094
4081 0.0000
4082 -1.1715
4083 4.6368
4084 1.6327
4085 1.7670
4086 1.1421
4087 -0.6077
4088 0.0000
4089 -3.6695
4090 2.6617
4091 11.9413
4092 2.5229
4093 2.5774
4094 -5.0485
4095 0.0000
4096 2.9188
4097 2.8906
4098 17.6384
4099 3.3800
4100 4.6106
4101 10.5052
4102 0.0000
4103 -2.0870
4104 -0.1929
4105 4.4781
4106 -1.0525
4107 3.7864
4108 3.7672
4109 0.0000
4110 -0.6737
4111 10.2884
4112 2.5910
4113 3.0850
4114 6.2129
4115 6.2279
4116 0.0000
4117 -4.1592
4118 7.4064
4119 5.5840
4120 9.7637
4121 -0.9301
4122 2.6357
4123 0.0000
4124 -4.0524
4125 -0.2489
4126 6.4745
4127 10.0067
4128 -2.8954
4129 4.2495
4130 0.0000
4131 0.0327
4132 8.3388
4133 4.1187
4134 3.9560
4135 6.8573
4136 0.2814
4137 0.0000
4138 3.0578
4139 1.8085
4140 6.9960
4141 2.1982
4142 6.6102
4143 5.0269
4144 0.0000
4145 2.9081
4146 -0.6315
4147 5.6553
4148 4.2177
4149 -0.7149
4150 -6.5142
4151 0.0000
4152 -7.6444
4153 -2.8006
4154 7.0700
4155 6.9192
4156 3.5226
4157 2.7587
4158 0.0000
4159 1.7152
4160 0.9800
4161 8.7481
4162 3.3707
4163 3.7134
4164 10.4841
4165 0.0000
4166 -0.1746
4167 7.0986
4168 5.7536
4169 1.3363
4170 10.3165
4171 0.0027
4172 0.0000
4173 2.7797
4174 1.4925
4175 9.2707
4176 6.6166
4177 8.4516
4178 2.3122
4179 0.0000
4180 -1.8570
4181 0.0000
4182 7.6686
4183 0.0000
4184 5.1495
4185 0.0000
4186 -0.7209
4187 2.5717
4188 0.0000
4189 7.7853
4190 10.2653
4191 1.3149
4192 6.8345
4193 0.0000
4194 2.3058
4195 9.2526
4196 6.8698
4197 0.0000
4198 10.4043
4199 8.3717
4200 -0.9256
4201 0.0000
4202 -3.1838
4203 6.4636
4204 -10.8517
4205 6.2194
4206 0.3161
4207 4.6573
4208 0.5274
4209 3.1160
4210 7.0109
4211 0.0000
4212 8.6018
4213 1.9217
4214 -1.8144
4215 8.3345
4216 -2.6361
4217 3.7587
4218 0.0000
4219 3.0211
4220 9.3646
4221 9.5230
4222 14.8213
4223 5.6780
4224 7.2950
4225 0.0000
4226 -3.0712
4227 12.5545
4228 8.9594
4229 -2.1430
4230 -3.5282
4231 5.8272
4232 0.0000
4233 2.2721
4234 0.8488
4235 5.5675
4236 3.4288
4237 1.3481
4238 0.4547
4239 0.0000
4240 1.3338
4241 6.7346
4242 6.4418
4243 12.8252
4244 5.3008
4245 6.2630
4246 0.0000
4247 -0.0359
4248 5.9301
4249 14.0112
4250 1.0084
4251 5.1364
4252 -0.8857
4253 0.0000
4254 -4.2774
4255 11.8192
4256 -1.9575
4257 0.6735
4258 1.7131
4259 7.1881
4260 0.0000
4261 0.4790
4262 8.5667
4263 5.7672
4264 3.3860
4265 -2.9552
4266 9.4218
4267 0.0000
4268 -5.1507
4269 10.5347
4270 -2.9949
4271 1.9353
4272 3.7032
4273 11.2452
4274 0.0000
4275 -0.9509
4276 -0.6912
4277 7.1010
4278 6.2786
4279 -3.9198
4280 4.5435
4281 0.0000
4282 4.7651
4283 3.9039
4284 3.2233
4285 2.9190
4286 5.8846
4287 2.5407
4288 0.0000
4289 -3.6289
4290 -3.4175
4291 0.0000
4292 2.9132
4293 2.2280
4294 -0.7919
4295 -0.0084
4296 2.2046
4297 -10.3891
4298 -4.3310
4299 7.7916
4300 0.0000
4301 7.1366
4302 -5.9101
4303 0.0000
4304 2.5311
4305 0.0000
4306 -2.5381
4307 0.0000
4308 3.0406
4309 7.1981
4310 0.0000
4311 -0.9560
4312 0.5109
4313 0.0000
4314 -0.4569
4315 6.6095
4316 7.2087
4317 0.0000
4318 -2.0845
4319 4.8244
4320 0.0000
4321 6.3862
4322 4.4773
4323 0.5439
4324 0.0000
4325 1.0636
4326 1.7661
4327 0.0000
4328 -1.3079
4329 5.3215
4330 3.2907
4331 0.0000
4332 -0.8224
4333 -0.8753
4334 0.0000
4335 2.7518
4336 5.4105
4337 4.9658
4338 0.0000
4339 -2.2134
4340 10.6722
4341 0.0000
4342 3.7931
4343 9.7181
4344 5.6908
4345 0.0000
4346 0.0794
4347 4.6838
4348 0.0000
4349 -1.2428
4350 8.6330
4351 1.9568
4352 0.0000
4353 -4.5799
4354 0.6125
4355 0.0000
4356 3.1083
4357 12.1877
4358 -3.2632
4359 0.0000
4360 2.4671
4361 10.5214
4362 0.0000
4363 2.2846
4364 3.8053
4365 5.7545
4366 0.0000
4367 2.8516
4368 11.9940
4369 0.0000
4370 8.3432
4371 -1.5725
4372 2.5411
4373 0.0000
4374 1.5973
4375 2.7102
4376 0.0000
4377 7.0134
4378 1.6555
4379 -0.0633
4380 0.0000
4381 -2.2438
4382 -1.7777
4383 0.0000
4384 6.1787
4385 8.4332
4386 10.2362
4387 0.0000
4388 3.1366
4389 4.0616
4390 0.0000
4391 12.1360
4392 6.4123
4393 5.7642
4394 0.0000
4395 -7.0122
4396 -0.2208
4397 0.0000
4398 -3.4155
4399 -1.1180
4400 10.9384
4401 0.0000
4402 -3.6924
4403 2.3027
4404 0.0000
4405 5.5169
4406 0.7323
4407 10.5702
4408 0.0000
4409 -3.6657
4410 -1.1302
4411 0.0000
4412 10.3686
4413 0.1903
4414 9.6524
4415 0.0000
4416 5.5671
4417 5.5494
4418 0.0000
4419 -0.8928
4420 5.1346
4421 -0.8193
4422 0.0000
4423 -1.9159
4424 0.0000
4425 7.7324
4426 0.0000
4427 -0.8392
4428 7.1307
4429 0.0000
4430 3.6259
4431 0.0000
4432 8.0358
4433 0.0000
4434 -0.2616
4435 8.5405
4436 9.4256
4437 0.0000
4438 -0.6144
4439 8.4751
4440 10.0634
4441 0.0000
4442 6.9965
4443 6.8818
4444 1.9068
4445 0.0000
4446 1.8278
4447 0.0000
4448 7.9111
4449 0.0000
4450 -0.8803
4451 5.6907
4452 0.0000
4453 -5.9540
4454 0.0000
4455 4.3866
4456 -0.1014
4457 0.4082
4458 6.4725
4459 3.6977
4460 4.6884
4461 -0.3556
4462 7.5839
4463 9.9925
4464 1.5124
4465 2.4646
4466 6.5368
4467 9.8020
4468 -0.9884
4469 1.0760
4470 -5.5744
4471 0.0000
4472 8.3283
4473 2.9919
4474 1.4701
4475 1.0760
4476 -2.6752
4477 -4.0156
4478 -6.8412
4479 -2.7720
4480 0.0000
4481 2.9624
4482 10.3436
4483 0.5927
4484 7.3347
4485 10.3499
4486 4.3604
4487 0.0000
4488 0.2224
4489 11.4742
4490 0.9601
4491 0.0000
4492 10.9600
4493 -1.0119
4494 0.4753
4495 1.3343
4496 0.5497
4497 -1.2134
4498 1.4487
4499 10.9433
4500 0.0000
4501 2.3717
4502 8.1735
4503 9.0153
4504 9.5400
4505 0.8131
4506 5.1980
4507 0.0000
4508 -0.6331
4509 -0.0541
4510 9.2157
4511 0.0000
4512 5.1325
4513 8.5470
4514 10.5940
4515 4.5613
4516 3.2428
4517 14.5442
4518 -3.9163
4519 9.8567
4520 0.0000
4521 3.1722
4522 -2.6178
4523 -1.0556
4524 -2.8652
4525 10.7102
4526 -2.3625
4527 0.0000
4528 -0.4028
4529 6.0195
4530 5.3701
4531 0.0000
4532 1.1553
4533 3.1582
4534 8.0981
4535 7.7477
4536 1.8229
4537 9.0969
4538 -2.7294
4539 8.3754
4540 0.0000
4541 2.0382
4542 4.2856
4543 9.2334
4544 2.7999
4545 1.6934
4546 -1.4109
4547 0.0000
4548 2.0053
4549 9.6705
4550 5.9821
4551 4.1377
4552 -1.1689
4553 -0.8329
4554 6.4965
4555 0.4218
4556 8.5566
4557 -1.7272
4558 1.1703
4559 3.3170
4560 6.2561
4561 0.5901
4562 0.0000
4563 1.9454
4564 2.2285
4565 7.7893
4566 -1.0765
4567 -5.5776
4568 -1.6368
4569 1.8727
4570 12.6240
4571 0.0000
4572 8.6383
4573 12.0723
4574 4.4786
4575 -2.9421
4576 4.5658
4577 1.0151
4578 0.0000
4579 -1.2199
4580 -2.3472
4581 7.8533
4582 0.0000
4583 -0.9768
4584 -2.6409
4585 -4.9759
4586 2.0430
4587 -2.8737
4588 8.2055
4589 3.4065
4590 -4.3588
4591 0.0000
4592 4.3775
4593 10.9955
4594 3.1435
4595 -3.4919
4596 3.6259
4597 12.0510
4598 0.0000
4599 1.2989
4600 7.6634
4601 1.0215
4602 0.0000
4603 -0.8347
4604 0.3366
4605 8.5913
4606 2.0004
4607 -1.6267
4608 1.9116
4609 3.0778
4610 3.6299
4611 0.0000
4612 10.0701
4613 8.0791
4614 1.7079
4615 -1.6344
4616 10.0084
4617 6.6792
4618 0.0000
4619 -3.9557
4620 5.2623
4621 -5.7188
4622 0.0000
4623 -1.5396
4624 -0.8557
4625 -1.1981
4626 3.0096
4627 -8.3884
4628 11.4254
4629 2.6398
4630 4.8778
4631 0.0000
4632 6.2407
4633 -1.7946
4634 3.8816
4635 4.6619
4636 2.9034
4637 1.8106
4638 0.0000
4639 8.1547
4640 1.8077
4641 2.1842
4642 8.7837
4643 4.8252
4644 5.9480
4645 13.1678
4646 5.1931
4647 11.2127
4648 3.5201
4649 5.0057
4650 -1.0543
4651 1.2238
4652 -4.4696
4653 0.0000
4654 0.3330
4655 -4.0717
4656 7.9391
4657 10.4592
4658 -0.6213
4659 11.3927
4660 3.8574
4661 5.9866
4662 0.0000
4663 1.3155
4664 -0.6533
4665 -1.2801
4666 5.6606
4667 3.8437
4668 8.2368
4669 0.0000
4670 0.8700
4671 4.6568
4672 4.6904
4673 0.0000
4674 2.6247
4675 -5.6801
4676 16.5846
4677 5.7336
4678 1.1041
4679 -0.3415
4680 0.4966
4681 5.3380
4682 0.0000
4683 3.5414
4684 0.2672
4685 4.7553
4686 0.9072
4687 13.7001
4688 5.9352
4689 0.0000
4690 4.2712
4691 4.5443
4692 5.0431
4693 0.0000
4694 3.8143
4695 4.1664
4696 -1.0098
4697 8.2453
4698 2.2477
4699 9.2168
4700 11.1832
4701 1.8747
4702 0.0000
4703 4.1124
4704 1.2875
4705 3.3879
4706 8.9194
4707 13.2509
4708 3.3762
4709 0.0000
4710 -3.8573
4711 0.5216
4712 5.7284
4713 0.0000
4714 7.4523
4715 -0.9689
4716 0.3145
4717 2.7219
4718 0.1614
4719 6.8424
4720 3.9088
4721 3.1913
4722 0.0000
4723 3.3739
4724 6.1198
4725 0.4813
4726 6.5107
4727 7.6233
4728 11.8122
4729 0.0000
4730 -3.4707
4731 8.9822
4732 1.2588
4733 5.2831
4734 8.2020
4735 3.8553
4736 1.7062
4737 -0.1472
4738 6.9350
4739 1.2805
4740 4.7101
4741 -0.5212
4742 8.5412
4743 2.5164
4744 0.0000
4745 3.5273
4746 3.2962
4747 5.3715
4748 5.7780
4749 6.8626
4750 4.1499
4751 -0.3862
4752 6.3535
4753 0.0000
4754 4.2439
4755 -0.6533
4756 7.2626
4757 5.6553
4758 10.4111
4759 5.5703
4760 0.0000
4761 -0.8036
4762 1.7924
4763 -1.8701
4764 0.0000
4765 1.5836
4766 1.5057
4767 0.0702
4768 1.7125
4769 7.7395
4770 -5.9929
4771 -0.2440
4772 2.3429
4773 0.0000
4774 13.4189
4775 6.2239
4776 -2.9920
4777 0.5457
4778 7.4536
4779 1.9147
4780 0.0000
4781 -3.5433
4782 10.5713
4783 5.2341
4784 0.0000
4785 3.8565
4786 6.5575
4787 -0.3457
4788 -3.5116
4789 -4.2217
4790 4.0422
4791 -12.2725
4792 4.6276
4793 0.0000
4794 5.3555
4795 1.7247
4796 8.2661
4797 1.1955
4798 7.6093
4799 -4.3752
4800 0.0000
4801 -0.1434
4802 8.4828
4803 0.1770
4804 0.0000
4805 5.2557
4806 0.3623
4807 1.7144
4808 3.1440
4809 2.7014
4810 -5.0671
4811 -4.6601
4812 5.2936
4813 0.0000
4814 8.3415
4815 1.2319
4816 2.8103
4817 8.9493
4818 2.2454
4819 9.0325
4820 0.0000
4821 0.5740
4822 0.0000
4823 3.9664
4824 0.0000
4825 6.5971
4826 7.2730
4827 7.1128
4828 -2.7527
4829 -1.9151
4830 8.1077
4831 2.0331
4832 -7.5830
4833 0.0000
4834 9.4800
4835 4.2293
4836 13.1970
4837 8.4642
4838 4.8582
4839 -1.4353
4840 0.0000
4841 4.1606
4842 2.2871
4843 3.0424
4844 2.1232
4845 -0.3949
4846 4.6176
4847 0.0000
4848 3.3811
4849 10.6050
4850 2.9824
4851 5.0020
4852 8.5318
4853 5.4095
4854 0.0000
4855 -6.5479
4856 3.1219
4857 6.0661
4858 11.9571
4859 5.9055
4860 -1.7029
4861 0.0000
4862 6.1443
4863 -1.0498
4864 1.2287
4865 3.6216
4866 1.4968
4867 3.2754
4868 0.0000
4869 -5.1370
4870 4.3690
4871 3.5893
4872 7.4862
4873 2.6053
4874 6.0283
4875 0.0000
4876 6.8826
4877 2.0506
4878 -2.9816
4879 3.3924
4880 -1.0634
4881 3.4744
4882 0.0000
4883 -1.7802
4884 1.4233
4885 12.9840
4886 4.1749
4887 3.0792
4888 -2.9829
4889 0.0000
4890 1.3419
4891 7.3722
4892 2.7754
4893 5.6001
4894 6.5205
4895 0.9260
4896 0.0000
4897 8.6939
4898 5.6066
4899 2.9749
4900 3.3876
4901 11.3525
4902 3.3644
4903 0.0000
4904 -1.2734
4905 3.7271
4906 4.3876
4907 -2.3653
4908 9.1613
4909 12.4179
4910 0.0000
4911 10.3212
4912 8.3674
4913 5.8404
4914 1.0499
4915 5.3865
4916 6.0031
4917 0.0000
4918 0.4112
4919 12.6485
4920 8.5802
4921 -0.9139
4922 9.2895
4923 12.1077
4924 0.0000
4925 -0.5710
4926 11.3578
4927 3.8913
4928 4.7258
4929 0.5990
4930 -0.0145
4931 0.0000
4932 4.0920
4933 9.3830
4934 5.7745
4935 8.4194
4936 4.6885
4937 3.3042
4938 0.0000
4939 2.4729
4940 0.0000
4941 2.9531
4942 0.0000
4943 2.2746
4944 0.0000
4945 4.1024
4946 -1.3335
4947 0.0000
4948 7.0495
4949 -4.1046
4950 9.5565
4951 6.5541
4952 0.0000
4953 7.1403
4954 4.0492
4955 8.4058
4956 0.0000
4957 3.0283
4958 2.9690
4959 0.5773
4960 0.0000
4961 1.7320
4962 -5.3513
4963 -2.5559
4964 3.7796
4965 -2.8302
4966 1.5024
4967 4.7809
4968 -0.7986
4969 6.5205
4970 0.0000
4971 4.3984
4972 8.7645
4973 5.3564
4974 0.5537
4975 -0.8621
4976 -2.7839
4977 0.0000
4978 -1.7826
4979 1.7626
4980 -0.6214
4981 -5.1104
4982 1.2822
4983 7.3373
4984 0.0000
4985 -0.3398
4986 -4.5707
4987 11.0665
4988 10.3754
4989 -3.3412
4990 7.2492
4991 0.0000
4992 0.0725
4993 11.1589
4994 3.1482
4995 -0.7439
4996 6.4106
4997 9.1298
4998 0.0000
4999 0.4414
5000 9.7865
5001 5.4528
5002 5.1860
5003 2.8333
5004 -1.8272
5005 0.0000
5006 1.5768
5007 2.6774
5008 11.6569
5009 5.5724
5010 0.3017
5011 1.8165
5012 0.0000
5013 0.3977
5014 6.6804
5015 8.8837
5016 0.8729
5017 -6.2852
5018 -6.8730
5019 0.0000
5020 3.9569
5021 -1.7407
5022 5.9761
5023 3.3474
5024 4.5654
5025 0.0747
5026 0.0000
5027 3.4867
5028 3.6497
5029 8.5417
5030 9.8140
5031 6.8360
5032 3.5254
5033 0.0000
5034 -1.1777
5035 6.3374
5036 9.1381
5037 7.0147
5038 1.7225
5039 16.9300
5040 0.0000
5041 1.9493
5042 4.1252
5043 2.9551
5044 6.8181
5045 5.3557
5046 4.5969
5047 0.0000
5048 0.7233
5049 -6.6992
5050 0.0000
5051 2.6273
5052 -3.2403
5053 0.1233
5054 0.1189
5055 0.4145
5056 -1.9195
5057 2.5618
5058 2.0039
5059 0.0000
5060 3.2230
5061 8.4053
5062 0.0000
5063 1.5186
5064 0.0000
5065 7.5958
5066 0.0000
5067 -1.7157
5068 -4.5751
5069 0.0000
5070 11.9748
5071 2.8042
5072 0.0000
5073 7.9436
5074 8.0032
5075 -2.3500
5076 0.0000
5077 6.1236
5078 9.2938
5079 0.0000
5080 0.3294
5081 4.6617
5082 3.2262
5083 0.0000
5084 -1.9767
5085 -3.4973
5086 0.0000
5087 4.4912
5088 -1.3664
5089 6.2428
5090 0.0000
5091 2.0292
5092 2.4025
5093 0.0000
5094 6.2836
5095 10.6780
5096 5.0128
5097 0.0000
5098 3.1518
5099 6.3567
5100 0.0000
5101 11.4455
5102 1.5476
5103 5.4699
5104 0.0000
5105 9.1534
5106 7.8964
5107 0.0000
5108 3.4514
5109 2.7916
5110 4.2831
5111 0.0000
5112 4.6525
5113 -1.1202
5114 0.0000
5115 1.4519
5116 3.0430
5117 -5.3120
5118 0.0000
5119 -1.6784
5120 -8.2818
5121 0.0000
5122 4.9693
5123 10.8765
5124 -0.1498
5125 0.0000
5126 1.2702
5127 7.6200
5128 0.0000
5129 4.7387
5130 10.8501
5131 -0.3134
5132 0.0000
5133 -4.3897
5134 -4.0096
5135 0.0000
5136 1.8780
5137 2.7604
5138 0.9870
5139 0.0000
5140 -2.3009
5141 8.8105
5142 0.0000
5143 1.3364
5144 6.3743
5145 3.9904
5146 0.0000
5147 -1.1448
5148 0.7889
5149 0.0000
5150 8.5229
5151 8.9207
5152 6.5473
5153 0.0000
5154 6.9366
5155 3.9408
5156 0.0000
5157 1.0241
5158 0.4973
5159 3.1260
5160 0.0000
5161 4.0026
5162 0.8157
5163 0.0000
5164 9.3003
5165 6.1114
5166 6.7052
5167 0.0000
5168 0.6511
5169 0.8505
5170 0.0000
5171 6.6304
5172 10.4071
5173 3.8442
5174 0.0000
5175 0.5684
5176 5.8294
5177 0.0000
5178 4.4679
5179 9.3085
5180 -3.8779
5181 0.0000
5182 0.8707
5183 0.0000
5184 3.2267
5185 0.0000
5186 5.3253
5187 7.5969
5188 0.0000
5189 3.4727
5190 0.0000
5191 3.6756
5192 0.0000
5193 3.3425
5194 3.5928
5195 4.7770
5196 0.0000
5197 7.3983
5198 -0.5263
5199 12.3071
5200 0.0000
5201 4.5944
5202 3.2040
5203 7.7221
5204 0.0000
5205 3.0431
5206 0.0000
5207 1.6217
5208 0.0000
5209 -0.1709
5210 3.7019
5211 0.0000
5212 2.1358
5213 0.0000
5214 4.6879
5215 4.4398
5216 4.6179
5217 4.5624
5218 13.6153
5219 8.7741
5220 8.1927
5221 5.5687
5222 9.4270
5223 4.3060
5224 2.3651
5225 2.5163
5226 11.3639
5227 -0.1721
5228 8.7560
5229 2.0872
5230 0.0000
5231 7.2106
5232 3.2488
5233 2.6839
5234 -5.1394
5235 5.9519
5236 11.7820
5237 -1.3897
5238 3.9683
5239 0.0000
5240 2.1471
5241 7.3421
5242 4.4017
5243 5.7916
5244 3.1119
5245 4.1131
5246 0.0000
5247 1.1711
5248 2.5148
5249 0.1719
5250 0.0000
5251 5.3208
5252 -2.5350
5253 0.8281
5254 2.0846
5255 -1.9459
5256 -1.4944
5257 0.3142
5258 -0.1033
5259 0.0000
5260 8.5449
5261 1.1818
5262 5.2515
5263 0.0662
5264 0.0313
5265 6.5246
5266 0.0000
5267 4.8587
5268 4.8583
5269 -5.1477
5270 0.0000
5271 4.7819
5272 3.1556
5273 6.0654
5274 6.0376
5275 5.4203
5276 -3.5745
5277 0.8566
5278 2.9691
5279 0.0000
5280 2.2526
5281 0.6348
5282 6.1084
5283 2.6220
5284 5.9180
5285 7.7407
5286 0.0000
5287 -1.6852
5288 5.5706
5289 12.2601
5290 0.0000
5291 1.4961
5292 0.8194
5293 7.7514
5294 7.9472
5295 3.3667
5296 9.4574
5297 8.7183
5298 9.2407
5299 0.0000
5300 14.6027
5301 11.7846
5302 1.7256
5303 -1.3342
5304 -4.8761
5305 4.1567
5306 0.0000
5307 5.9531
5308 7.1636
5309 4.7169
5310 5.1417
5311 2.2012
5312 9.3396
5313 7.1039
5314 2.6630
5315 4.0043
5316 4.8921
5317 6.3584
5318 -2.7525
5319 1.8655
5320 -6.5475
5321 0.0000
5322 1.4453
5323 -0.7256
5324 2.5433
5325 1.6341
5326 -0.2026
5327 -6.1538
5328 -2.4005
5329 -1.0862
5330 0.0000
5331 9.2510
5332 1.1651
5333 8.7433
5334 7.4979
5335 10.4579
5336 0.5176
5337 0.0000
5338 1.5784
5339 1.7906
5340 -2.5419
5341 0.0000
5342 2.0533
5343 -6.0992
5344 1.5982
5345 -2.9013
5346 -5.0950
5347 2.3783
5348 6.3641
5349 -2.0999
5350 0.0000
5351 10.3354
5352 0.0060
5353 2.8099
5354 7.8843
5355 4.9921
5356 4.8536
5357 0.0000
5358 -3.4838
5359 12.2317
5360 0.9826
5361 0.0000
5362 6.8469
5363 0.0511
5364 4.2323
5365 5.5854
5366 12.4037
5367 -2.3295
5368 2.0604
5369 -2.5902
5370 0.0000
5371 6.2229
5372 3.1096
5373 1.6198
5374 0.5307
5375 14.3891
5376 4.6104
5377 0.0000
5378 0.2015
5379 5.7610
5380 5.9816
5381 0.0000
5382 3.9121
5383 1.9875
5384 -3.7589
5385 0.4349
5386 1.4677
5387 0.1030
5388 -0.5819
5389 3.5793
5390 0.0000
5391 4.2925
5392 4.7079
5393 -0.4269
5394 3.5587
5395 -1.7755
5396 11.2863
5397 0.0000
5398 5.0964
5399 -4.6931
5400 4.4836
5401 8.1999
5402 5.6838
5403 13.2537
5404 1.0461
5405 3.8297
5406 4.0992
5407 3.4000
5408 3.8242
5409 0.4251
5410 14.1353
5411 8.9906
5412 0.0000
5413 8.0617
5414 -3.4924
5415 0.1266
5416 11.8040
5417 -2.1895
5418 -2.6033
5419 4.6647
5420 2.9862
5421 0.0000
5422 10.5557
5423 0.2536
5424 6.0766
5425 -2.3734
5426 -3.1326
5427 1.8627
5428 0.0000
5429 -0.6334
5430 5.5838
5431 1.1776
5432 0.0000
5433 -0.6090
5434 6.6430
5435 5.6718
5436 1.9744
5437 -2.3844
5438 3.2665
5439 -1.0580
5440 7.8460
5441 0.0000
5442 0.6024
5443 7.8505
5444 6.8071
5445 8.2208
5446 4.4332
5447 17.0909
5448 0.0000
5449 6.3046
5450 2.4077
5451 3.4239
5452 0.0000
5453 6.5087
5454 -2.2933
5455 -1.0524
5456 0.5266
5457 -0.5508
5458 9.1340
5459 2.6553
5460 5.1038
5461 0.0000
5462 8.4891
5463 -1.6602
5464 10.2006
5465 -0.0943
5466 7.2768
5467 -2.4713
5468 0.0000
5469 8.3904
5470 3.9654
5471 11.0085
5472 0.0000
5473 1.1793
5474 -3.3544
5475 4.1277
5476 9.4014
5477 4.4573
5478 6.0590
5479 2.0440
5480 2.6018
5481 0.0000
5482 0.7515
5483 -1.5630
5484 3.1205
5485 0.2934
5486 1.8293
5487 5.1628
5488 0.0000
5489 6.9087
5490 4.9383
5491 15.0696
5492 2.4050
5493 -1.4764
5494 5.8598
5495 11.3153
5496 10.4496
5497 3.4717
5498 7.0159
5499 0.2638
5500 5.5823
5501 1.7305
5502 7.3910
5503 0.0000
5504 0.5990
5505 6.5130
5506 1.0588
5507 7.8505
5508 -4.3387
5509 2.9178
5510 2.5511
5511 1.9568
5512 0.0000
5513 0.6570
5514 5.0363
5515 10.0013
5516 6.1383
5517 11.7287
5518 1.6626
5519 0.0000
5520 7.4984
5521 2.5516
5522 3.5304
5523 0.0000
5524 5.0929
5525 -4.4245
5526 -4.3520
5527 6.2153
5528 8.2195
5529 -1.6575
5530 0.0406
5531 1.0284
5532 0.0000
5533 -1.2840
5534 5.4729
5535 -10.5303
5536 -6.9853
5537 9.1590
5538 4.2965
5539 0.0000
5540 -1.1463
5541 0.5308
5542 4.8435
5543 0.0000
5544 0.0419
5545 -2.3723
5546 3.9225
5547 7.7714
5548 1.9572
5549 6.0016
5550 5.8654
5551 7.7078
5552 0.0000
5553 -2.0129
5554 7.2910
5555 0.8608
5556 0.1051
5557 1.6131
5558 6.7410
5559 0.0000
5560 0.5338
5561 6.9979
5562 -1.4088
5563 0.0000
5564 7.0034
5565 -5.2252
5566 -3.1492
5567 4.8839
5568 3.4586
5569 10.1618
5570 0.7545
5571 5.5166
5572 0.0000
5573 3.4336
5574 12.2372
5575 6.8519
5576 0.5871
5577 3.2745
5578 -0.6294
5579 0.0000
5580 -0.6954
5581 0.0000
5582 -0.8168
5583 0.0000
5584 5.6272
5585 -0.1533
5586 3.9967
5587 5.9502
5588 -0.2194
5589 3.3263
5590 4.1476
5591 2.9212
5592 0.0000
5593 3.0587
5594 3.8642
5595 8.4224
5596 -4.3338
5597 -2.0195
5598 1.2288
5599 0.0000
5600 2.8022
5601 1.4806
5602 6.0663
5603 2.9113
5604 1.1662
5605 4.5319
5606 0.0000
5607 -6.9790
5608 6.2341
5609 12.1999
5610 6.1025
5611 5.3397
5612 -1.3795
5613 0.0000
5614 -8.5443
5615 -1.4736
5616 10.4600
5617 3.6440
5618 4.2336
5619 9.1581
5620 0.0000
5621 5.5910
5622 -1.4034
5623 11.6024
5624 6.2516
5625 10.7451
5626 8.6329
5627 0.0000
5628 -2.1778
5629 5.3196
5630 6.1282
5631 5.2182
5632 -2.1520
5633 11.8942
5634 0.0000
5635 -3.2194
5636 9.2483
5637 2.6557
5638 2.4541
5639 -0.0723
5640 3.6055
5641 0.0000
5642 -0.6805
5643 2.5678
5644 -0.7339
5645 7.3778
5646 1.1363
5647 8.8529
5648 0.0000
5649 -0.4397
5650 0.9386
5651 5.6391
5652 0.3215
5653 6.5664
5654 3.0043
5655 0.0000
5656 2.3183
5657 -3.8605
5658 7.8995
5659 6.5558
5660 5.9740
5661 0.5463
5662 0.0000
5663 0.7866
5664 5.0557
5665 1.7156
5666 0.0629
5667 -3.1784
5668 3.3668
5669 0.0000
5670 0.7218
5671 8.5540
5672 9.5755
5673 11.3784
5674 9.5638
5675 7.6321
5676 0.0000
5677 3.3584
5678 5.2069
5679 1.9006
5680 -0.9848
5681 0.6294
5682 0.4638
5683 0.0000
5684 4.6719
5685 7.7148
5686 10.6962
5687 7.6664
5688 11.3147
5689 -0.6544
5690 0.0000
5691 1.8942
5692 3.9732
5693 1.0812
5694 8.3819
5695 3.2367
5696 4.8052
5697 0.0000
5698 -2.5552
5699 0.0000
5700 -1.7353
5701 0.0000
5702 12.8277
5703 0.0000
5704 3.3120
5705 1.7708
5706 0.0000
5707 0.0886
5708 0.9661
5709 7.9233
5710 1.9864
5711 0.0000
5712 6.8968
5713 5.0038
5714 5.1714
5715 0.0000
5716 -3.4654
5717 9.9541
5718 7.1979
5719 0.0000
5720 6.3772
5721 -5.1107
5722 0.3047
5723 8.6770
5724 9.1973
5725 6.6902
5726 10.1669
5727 4.5588
5728 5.4073
5729 0.0000
5730 2.5850
5731 -0.1243
5732 -0.7688
5733 -0.1730
5734 7.5168
5735 -5.1606
5736 0.0000
5737 4.1035
5738 8.3078
5739 7.8453
5740 9.1061
5741 -0.9095
5742 6.3339
5743 0.0000
5744 1.8167
5745 1.3561
5746 9.3745
5747 4.0192
5748 1.2759
5749 2.3585
5750 0.0000
5751 1.6137
5752 1.5375
5753 3.7502
5754 3.7567
5755 7.3149
5756 -2.7440
5757 0.0000
5758 -0.4153
5759 12.9882
5760 7.6550
5761 3.5046
5762 2.2337
5763 3.1632
5764 0.0000
5765 -2.7307
5766 1.1355
5767 3.3429
5768 7.9143
5769 9.7008
5770 7.5173
5771 0.0000
5772 8.3280
5773 4.4524
5774 0.3338
5775 1.6830
5776 -2.5222
5777 0.7796
5778 0.0000
5779 1.3526
5780 1.5993
5781 8.1000
5782 7.0182
5783 -3.1693
5784 3.3232
5785 0.0000
5786 -1.4729
5787 0.8196
5788 4.7731
5789 3.8244
5790 10.7512
5791 1.9845
5792 0.0000
5793 -0.5639
5794 11.9899
5795 -1.7010
5796 0.8234
5797 0.3209
5798 -6.3189
5799 0.0000
5800 8.0327
5801 0.9725
5802 -2.8532
5803 4.6221
5804 0.1027
5805 6.1009
5806 0.0000
5807 3.7701
5808 3.0883
5809 0.0000
5810 2.8156
5811 -3.4521
5812 -1.5211
5813 -3.7878
5814 -5.0576
5815 6.9016
5816 4.6644
5817 -1.1104
5818 0.0000
5819 -2.5907
5820 4.8434
5821 0.0000
5822 4.9865
5823 0.0000
5824 3.6040
5825 0.0000
5826 0.5874
5827 -2.0135
5828 0.0000
5829 1.7967
5830 -0.2455
5831 0.0000
5832 0.6755
5833 5.0321
5834 0.3729
5835 0.0000
5836 2.3775
5837 2.7307
5838 0.0000
5839 0.7609
5840 6.3770
5841 3.0684
5842 0.0000
5843 -1.8556
5844 10.3011
5845 0.0000
5846 5.3457
5847 11.8004
5848 8.4803
5849 0.0000
5850 -5.7276
5851 5.9480
5852 0.0000
5853 6.2496
5854 -0.8032
5855 10.7913
5856 0.0000
5857 7.0639
5858 6.3060
5859 0.0000
5860 3.6451
5861 4.3688
5862 5.2292
5863 0.0000
5864 -2.8917
5865 4.5220
5866 0.0000
5867 -2.7369
5868 4.6247
5869 2.4011
5870 0.0000
5871 -5.9581
5872 4.9316
5873 0.0000
5874 4.1455
5875 -0.5183
5876 4.1855
5877 0.0000
5878 1.4587
5879 5.6166
5880 0.0000
5881 5.8629
5882 3.9904
5883 7.0122
5884 0.0000
5885 1.0245
5886 4.7100
5887 0.0000
5888 2.1202
5889 2.2253
5890 3.2338
5891 0.0000
5892 -2.7068
5893 13.4086
5894 0.0000
5895 9.0226
5896 4.5775
5897 5.9592
5898 0.0000
5899 5.5285
5900 -0.1613
5901 0.0000
5902 2.9468
5903 3.4805
5904 3.3133
5905 0.0000
5906 1.5738
5907 9.1552
5908 0.0000
5909 2.6583
5910 8.7240
5911 2.2414
5912 0.0000
5913 3.6571
5914 5.7290
5915 0.0000
5916 -0.4244
5917 9.8581
5918 -2.8272
5919 0.0000
5920 -2.5055
5921 2.9745
5922 0.0000
5923 4.0088
5924 4.2523
5925 7.8791
5926 0.0000
5927 -0.3224
5928 14.1220
5929 0.0000
5930 5.6689
5931 10.7725
5932 7.3219
5933 0.0000
5934 2.2692
5935 3.2068
5936 0.0000
5937 3.3716
5938 5.6285
5939 6.9383
5940 0.0000
5941 -2.7340
5942 0.0000
5943 0.4810
5944 0.0000
5945 -0.0209
5946 1.8937
5947 0.0000
5948 6.1047
5949 0.0000
5950 3.5722
5951 0.0000
5952 10.2853
5953 -3.1919
5954 7.4943
5955 0.0000
5956 0.9458
5957 8.3072
5958 3.0281
5959 0.0000
5960 0.3346
5961 1.2295
5962 6.7585
5963 0.0000
5964 -2.6428
5965 0.0000
5966 5.9911
5967 0.0000
5968 2.8521
5969 3.6097
5970 0.0000
5971 7.3858
5972 0.0000
5973 5.7593
5974 -2.2730
5975 3.5122
5976 6.0306
5977 1.9149
5978 7.8178
5979 0.5416
5980 4.0764
5981 7.9641
5982 0.8301
5983 7.0432
5984 -0.1359
5985 2.1803
5986 12.2719
5987 6.0918
5988 4.5566
5989 0.0000
5990 4.3795
5991 9.0932
5992 10.8245
5993 -1.2172
5994 2.7122
5995 6.5134
5996 1.2507
5997 -2.4277
5998 0.0000
5999 5.1791
6000 10.1083
6001 5.1580
6002 10.9672
6003 5.9951
6004 -0.9068
6005 0.0000
6006 2.0183
6007 9.8957
6008 5.0846
6009 0.0000
6010 3.1901
6011 5.7982
6012 -1.0632
6013 11.3487
6014 7.9036
6015 4.2391
6016 5.8163
6017 1.1873
6018 0.0000
6019 7.2305
6020 0.9143
6021 2.1500
6022 1.2910
6023 9.3036
6024 0.7318
6025 0.0000
6026 2.8877
6027 8.0653
6028 -0.3565
6029 0.0000
6030 6.7323
6031 -1.2116
6032 -1.1279
6033 5.7791
6034 -4.6266
6035 10.5456
6036 -2.4061
6037 0.0175
6038 0.0000
6039 8.9567
6040 4.5682
6041 11.6460
6042 7.1352
6043 9.4917
6044 0.9680
6045 0.0000
6046 -4.0270
6047 2.1942
6048 -0.3162
6049 0.0000
6050 1.7046
6051 -4.6912
6052 0.0231
6053 -0.2837
6054 -10.1246
6055 -2.5296
6056 -1.4157
6057 -1.0439
6058 0.0000
6059 5.0309
6060 2.1874
6061 6.1651
6062 1.8444
6063 6.2110
6064 6.2523
6065 0.0000
6066 2.9449
6067 1.4431
6068 7.4453
6069 3.2134
6070 -3.7266
6071 -3.6822
6072 -0.2666
6073 1.9560
6074 3.8658
6075 10.1109
6076 2.2773
6077 3.8319
6078 5.2516
6079 2.6084
6080 0.0000
6081 6.0695
6082 -4.8338
6083 2.9145
6084 0.7230
6085 2.3728
6086 4.0436
6087 -1.6495
6088 1.4883
6089 0.0000
6090 8.8133
6091 5.0078
6092 0.7225
6093 10.1650
6094 2.6712
6095 -0.5126
6096 0.0000
6097 3.4839
6098 4.4297
6099 11.5028
6100 0.0000
6101 -0.7057
6102 4.7146
6103 10.9673
6104 3.0213
6105 0.3250
6106 12.4877
6107 -0.0800
6108 -0.6110
6109 0.0000
6110 11.0449
6111 7.6572
6112 1.6466
6113 14.8573
6114 -2.3166
6115 2.0460
6116 0.0000
6117 -3.9118
6118 -5.8553
6119 5.1398
6120 0.0000
6121 3.4249
6122 -3.4147
6123 1.9479
6124 6.2588
6125 6.2152
6126 11.0172
6127 7.3460
6128 6.9527
6129 0.0000
6130 9.5900
6131 5.0114
6132 8.0570
6133 5.4089
6134 4.3376
6135 -5.0918
6136 0.0000
6137 0.4953
6138 0.4661
6139 5.6792
6140 0.0000
6141 7.4446
6142 2.6000
6143 3.2247
6144 2.8011
6145 3.0711
6146 0.9661
6147 4.9224
6148 3.9986
6149 0.0000
6150 6.8665
6151 1.8397
6152 3.2959
6153 -7.6398
6154 3.7357
6155 10.8854
6156 0.0000
6157 5.9833
6158 -1.3845
6159 1.3793
6160 5.0511
6161 2.9559
6162 1.9385
6163 6.7931
6164 4.2745
6165 5.6829
6166 -2.7940
6167 1.4793
6168 0.5257
6169 6.2462
6170 4.7266
6171 0.0000
6172 1.1014
6173 -4.0543
6174 7.0479
6175 7.5991
6176 0.7257
6177 -1.4444
6178 -5.6126
6179 15.9126
6180 0.0000
6181 5.0880
6182 8.6319
6183 0.4323
6184 8.6380
6185 6.9714
6186 1.4826
6187 0.0000
6188 6.7422
6189 10.3736
6190 0.6620
6191 0.0000
6192 0.7771
6193 0.4548
6194 1.6935
6195 -4.5348
6196 -4.3421
6197 5.7447
6198 8.6919
6199 4.2023
6200 0.0000
6201 6.5157
6202 4.9285
6203 -0.2646
6204 1.1025
6205 4.5376
6206 5.2141
6207 0.0000
6208 4.2324
6209 9.0908
6210 3.9892
6211 0.0000
6212 7.2603
6213 -2.6993
6214 0.8230
6215 -2.1294
6216 -0.2021
6217 0.6740
6218 2.7086
6219 4.4545
6220 0.0000
6221 -1.2564
6222 -2.8660
6223 9.5726
6224 7.4828
6225 7.0327
6226 3.1364
6227 0.0000
6228 -7.4166
6229 2.3162
6230 1.5098
6231 0.0000
6232 2.8154
6233 -5.3305
6234 4.7105
6235 -0.8483
6236 -0.3940
6237 4.7916
6238 11.0482
6239 7.3090
6240 0.0000
6241 7.9598
6242 -4.1498
6243 3.2207
6244 -2.6136
6245 4.7968
6246 10.0070
6247 0.0000
6248 4.9101
6249 3.7373
6250 5.7803
6251 7.1963
6252 0.9247
6253 -1.5091
6254 4.7077
6255 8.6175
6256 -1.8777
6257 0.8016
6258 8.4974
6259 7.9115
6260 4.5028
6261 1.6204
6262 0.0000
6263 5.9610
6264 0.7035
6265 1.7121
6266 3.5948
6267 -4.7658
6268 11.9579
6269 5.6546
6270 6.0491
6271 0.0000
6272 9.5486
6273 1.3651
6274 5.4170
6275 9.4857
6276 6.6834
6277 3.3925
6278 0.0000
6279 1.2770
6280 2.0045
6281 1.9410
6282 0.0000
6283 6.8503
6284 -5.9774
6285 8.7617
6286 8.5091
6287 4.0807
6288 -0.2872
6289 -0.1041
6290 -4.1543
6291 0.0000
6292 0.1761
6293 1.6007
6294 -0.0218
6295 12.3538
6296 13.0054
6297 -0.2204
6298 0.0000
6299 1.0125
6300 -0.8097
6301 -0.1059
6302 0.0000
6303 -0.0807
6304 -0.2712
6305 0.5519
6306 5.6939
6307 -0.6399
6308 5.4691
6309 0.8273
6310 -4.5054
6311 0.0000
6312 1.7499
6313 -2.5628
6314 7.8806
6315 6.5059
6316 4.9620
6317 3.8803
6318 0.0000
6319 -6.9939
6320 -0.0369
6321 3.1293
6322 0.0000
6323 -1.5007
6324 10.9901
6325 9.4283
6326 11.7580
6327 -0.1434
6328 9.2655
6329 7.2572
6330 10.2818
6331 0.0000
6332 8.1583
6333 -0.8355
6334 11.1561
6335 8.2051
6336 1.2965
6337 0.1319
6338 0.0000
6339 2.9917
6340 0.0000
6341 8.6864
6342 0.0000
6343 10.8553
6344 6.3988
6345 4.1842
6346 3.0499
6347 1.7379
6348 1.5439
6349 2.3581
6350 8.6690
6351 0.0000
6352 -2.1566
6353 0.7582
6354 -0.1731
6355 10.7042
6356 1.9947
6357 -0.1337
6358 0.0000
6359 9.4071
6360 8.3183
6361 4.6594
6362 1.3267
6363 8.3583
6364 -1.8789
6365 0.0000
6366 -4.9124
6367 10.5193
6368 8.3777
6369 0.5029
6370 2.1549
6371 1.7403
6372 0.0000
6373 1.5586
6374 2.6204
6375 6.6220
6376 2.3856
6377 8.0938
6378 0.0388
6379 0.0000
6380 10.0389
6381 4.2825
6382 5.5985
6383 8.1530
6384 9.3110
6385 7.6296
6386 0.0000
6387 1.4045
6388 8.8903
6389 1.7512
6390 0.0343
6391 7.1587
6392 0.9055
6393 0.0000
6394 1.3859
6395 4.3153
6396 -8.8822
6397 5.4107
6398 1.7940
6399 7.6826
6400 0.0000
6401 -1.4203
6402 1.4252
6403 4.1959
6404 6.9711
6405 4.4785
6406 4.5999
6407 0.0000
6408 3.1253
6409 -3.2462
6410 7.4730
6411 1.4746
6412 2.2999
6413 -0.3341
6414 0.0000
6415 -2.4713
6416 7.0960
6417 8.5386
6418 8.4464
6419 0.9806
6420 2.4396
6421 0.0000
6422 -4.5405
6423 -2.6752
6424 1.8772
6425 8.9137
6426 1.9018
6427 1.2082
6428 0.0000
6429 5.3833
6430 5.3333
6431 2.0612
6432 7.7352
6433 7.8176
6434 4.1985
6435 0.0000
6436 2.4025
6437 2.0598
6438 3.9899
6439 6.5075
6440 8.1107
6441 1.7251
6442 0.0000
6443 5.1248
6444 7.4063
6445 -1.8859
6446 6.1824
6447 10.9415
6448 0.3933
6449 0.0000
6450 -1.7000
6451 1.8646
6452 1.4386
6453 2.3555
6454 -10.8806
6455 5.7021
6456 0.0000
6457 -1.9058
6458 0.0000
6459 5.5582
6460 0.0000
6461 2.2270
6462 0.0000
6463 1.6653
6464 5.7691
6465 0.0000
6466 3.1311
6467 6.9582
6468 11.7099
6469 3.8714
6470 0.0000
6471 8.6041
6472 -0.5693
6473 6.7247
6474 0.0000
6475 -2.2584
6476 6.0592
6477 1.5546
6478 0.0000
6479 4.2963
6480 3.8272
6481 -1.2139
6482 3.3565
6483 4.3777
6484 12.6050
6485 -1.1890
6486 -0.0470
6487 3.4370
6488 0.0000
6489 -2.5780
6490 7.2962
6491 8.3515
6492 8.0837
6493 2.8222
6494 4.9008
6495 0.0000
6496 1.5191
6497 2.5538
6498 -0.5907
6499 9.2360
6500 -5.1040
6501 1.9970
6502 0.0000
6503 -1.5295
6504 8.1588
6505 -3.5360
6506 0.6990
6507 -0.2209
6508 3.0100
6509 0.0000
6510 1.6947
6511 3.8513
6512 0.4477
6513 -1.1072
6514 4.4108
6515 2.3188
6516 0.0000
6517 1.2485
6518 9.2677
6519 7.0546
6520 6.2290
6521 10.1852
6522 -7.5730
6523 0.0000
6524 2.9856
6525 -1.3218
6526 6.9261
6527 3.3145
6528 10.7086
6529 7.4890
6530 0.0000
6531 -1.2103
6532 7.2927
6533 -0.1695
6534 3.6680
6535 -4.9181
6536 -3.3750
6537 0.0000
6538 2.1973
6539 -9.2487
6540 8.7107
6541 10.2759
6542 -2.0034
6543 -2.1131
6544 0.0000
6545 -2.3353
6546 -2.1579
6547 -3.7140
6548 1.1797
6549 2.7824
6550 -0.7642
6551 0.0000
6552 3.4454
6553 4.6200
6554 8.9451
6555 -1.0040
6556 5.0239
6557 0.3775
6558 0.0000
6559 4.1441
6560 2.6017
6561 2.2036
6562 6.3305
6563 2.6301
6564 -0.5868
6565 0.0000
6566 8.4076
6567 6.6963
6568 0.0000
6569 4.8239
6570 3.5850
6571 -4.2118
6572 2.0518
6573 -1.5660
6574 6.8706
6575 -1.8599
6576 5.2793
6577 0.0000
6578 -0.3133
6579 7.5958
6580 0.0000
6581 5.6556
6582 0.0000
6583 1.6264
6584 0.0000
6585 4.3635
6586 1.8613
6587 0.0000
6588 9.1059
6589 5.1763
6590 0.0000
6591 4.0075
6592 4.1358
6593 9.6203
6594 0.0000
6595 3.8769
6596 5.7050
6597 0.0000
6598 -3.9990
6599 -0.1814
6600 8.2189
6601 0.0000
6602 -1.0732
6603 5.6887
6604 0.0000
6605 0.8408
6606 4.8163
6607 5.6534
6608 0.0000
6609 -3.5831
6610 13.5703
6611 0.0000
6612 1.5862
6613 2.5641
6614 0.5491
6615 0.0000
6616 4.5799
6617 2.2777
6618 0.0000
6619 5.7228
6620 5.0983
6621 8.5833
6622 0.0000
6623 1.6338
6624 5.1598
6625 0.0000
6626 4.6744
6627 9.9701
6628 0.4195
6629 0.0000
6630 1.9718
6631 3.2598
6632 0.0000
6633 6.2908
6634 8.3137
6635 3.6202
6636 0.0000
6637 3.8091
6638 4.1422
6639 0.0000
6640 12.0828
6641 2.5702
6642 3.4755
6643 0.0000
6644 4.8099
6645 6.8625
6646 0.0000
6647 5.8294
6648 3.3985
6649 6.6669
6650 0.0000
6651 5.6223
6652 -0.1490
6653 0.0000
6654 9.8392
6655 -0.0560
6656 2.7541
6657 0.0000
6658 -5.3036
6659 3.7805
6660 0.0000
6661 4.3468
6662 2.8626
6663 2.6229
6664 0.0000
6665 5.0354
6666 5.7996
6667 0.0000
6668 2.5754
6669 6.4087
6670 7.7116
6671 0.0000
6672 -1.2751
6673 2.1957
6674 0.0000
6675 7.1708
6676 8.5693
6677 10.5535
6678 0.0000
6679 2.4145
6680 -1.1397
6681 0.0000
6682 5.6601
6683 -2.2770
6684 1.3996
6685 0.0000
6686 2.4629
6687 5.5735
6688 0.0000
6689 8.6725
6690 0.2110
6691 1.1610
6692 0.0000
6693 -1.5470
6694 -2.1434
6695 0.0000
6696 8.4765
6697 3.2052
6698 4.4158
6699 0.0000
6700 4.2583
6701 0.0000
6702 2.6698
6703 0.0000
6704 -0.6194
6705 8.7563
6706 0.0000
6707 5.0868
6708 0.0000
6709 -1.9549
6710 0.0000
6711 -0.0405
6712 5.8825
6713 -0.4704
6714 0.0000
6715 0.2561
6716 4.4150
6717 -3.1641
6718 0.0000
6719 3.7553
6720 5.1205
6721 3.6416
6722 0.0000
6723 5.1316
6724 0.0000
6725 5.6090
6726 0.0000
6727 7.9163
6728 5.5308
6729 0.0000
6730 1.8100
6731 0.0000
6732 1.7010
6733 2.3777
6734 5.7603
6735 1.3918
6736 7.1515
6737 -0.7861
6738 -4.0763
6739 0.1590
6740 0.9738
6741 5.4323
6742 7.2811
6743 2.1066
6744 12.0348
6745 -1.1862
6746 4.3391
6747 8.4285
6748 0.0000
6749 -0.5604
6750 -1.1710
6751 7.4384
6752 4.1997
6753 0.4906
6754 -3.0452
6755 4.8388
6756 6.1906
6757 0.0000
6758 2.6767
6759 4.6482
6760 10.2645
6761 8.7020
6762 2.3907
6763 5.0277
6764 0.0000
6765 1.2749
6766 -1.1730
6767 -0.8034
6768 0.0000
6769 0.1224
6770 -0.6783
6771 4.4494
6772 -2.2864
6773 2.6801
6774 -1.8789
6775 1.3726
6776 -3.5004
6777 0.0000
6778 1.1149
6779 3.0260
6780 7.7803
6781 4.6532
6782 -0.2532
6783 7.4179
6784 0.0000
6785 4.5133
6786 8.9537
6787 3.2323
6788 0.0000
6789 13.5208
6790 5.8601
6791 -2.6376
6792 -1.5924
6793 0.6030
6794 -1.8934
6795 -5.3053
6796 3.7117
6797 0.0000
6798 -3.4729
6799 5.0517
6800 8.4222
6801 8.7872
6802 10.1862
6803 6.8268
6804 0.0000
6805 3.0099
6806 0.0499
6807 3.3316
6808 0.0000
6809 13.1659
6810 -2.9885
6811 1.0887
6812 8.4572
6813 -2.2644
6814 -1.8538
6815 2.1524
6816 4.8865
6817 0.0000
6818 4.2650
6819 9.3452
6820 7.6628
6821 3.6576
6822 -0.3282
6823 0.3850
6824 0.0000
6825 3.3256
6826 5.7637
6827 12.1154
6828 7.2179
6829 6.2803
6830 1.1991
6831 -1.1225
6832 -1.3198
6833 4.0133
6834 3.3952
6835 5.9791
6836 4.5164
6837 -1.8786
6838 -3.2681
6839 0.0000
6840 -0.8683
6841 4.1357
6842 2.3283
6843 2.0394
6844 2.3424
6845 7.4129
6846 3.7914
6847 12.4264
6848 0.0000
6849 0.7334
6850 5.4512
6851 -3.0482
6852 6.2927
6853 -0.4299
6854 2.5047
6855 0.0000
6856 0.2774
6857 5.7616
6858 4.4756
6859 0.0000
6860 8.9743
6861 -3.4917
6862 7.6895
6863 2.5050
6864 -2.1718
6865 11.0171
6866 4.2435
6867 3.1663
6868 0.0000
6869 -0.7490
6870 0.8202
6871 5.4243
6872 6.2546
6873 0.4119
6874 4.4220
6875 0.0000
6876 -4.6287
6877 0.6025
6878 14.8132
6879 0.0000
6880 -1.7626
6881 4.7664
6882 5.9026
6883 -1.0220
6884 3.4060
6885 5.6359
6886 0.9934
6887 16.0688
6888 0.0000
6889 0.1670
6890 11.0328
6891 4.5216
6892 5.4075
6893 6.7601
6894 5.3163
6895 0.0000
6896 3.7255
6897 6.8984
6898 8.4348
6899 0.0000
6900 -0.1628
6901 0.6676
6902 3.4139
6903 3.9014
6904 -0.6599
6905 10.0170
6906 5.2238
6907 7.2624
6908 0.0000
6909 4.3083
6910 4.7521
6911 3.4466
6912 2.4679
6913 0.8365
6914 5.1161
6915 0.0000
6916 -3.1491
6917 -3.0877
6918 6.2097
6919 2.3122
6920 4.2446
6921 10.7331
6922 3.8779
6923 -0.6132
6924 1.3451
6925 -0.4098
6926 6.0384
6927 2.7850
6928 5.7124
6929 6.4306
6930 0.0000
6931 3.7519
6932 1.4686
6933 7.3291
6934 10.1877
6935 2.8958
6936 -3.1224
6937 3.1036
6938 -1.5735
6939 0.0000
6940 8.0394
6941 4.0924
6942 4.2764
6943 4.1938
6944 2.2755
6945 4.4910
6946 0.0000
6947 6.8113
6948 6.7111
6949 0.8223
6950 0.0000
6951 2.8960
6952 1.8823
6953 -0.2281
6954 2.4357
6955 -7.1383
6956 5.9809
6957 5.0905
6958 6.9184
6959 0.0000
6960 -1.4633
6961 8.6051
6962 -1.0628
6963 -0.0916
6964 3.8486
6965 3.4784
6966 0.0000
6967 -1.1118
6968 0.2044
6969 12.4382
6970 0.0000
6971 3.1728
6972 -2.1175
6973 4.3381
6974 3.3027
6975 1.9761
6976 11.7941
6977 2.2602
6978 11.8415
6979 0.0000
6980 6.9271
6981 6.9496
6982 6.8459
6983 1.8277
6984 12.3523
6985 -0.4267
6986 0.0000
6987 5.3628
6988 10.8874
6989 8.2326
6990 0.0000
6991 0.9624
6992 -1.1759
6993 10.6255
6994 -3.3358
6995 5.1881
6996 -1.6879
6997 7.1965
6998 11.0326
6999 0.0000
7000 17.6669
7001 2.4787
7002 2.9072
7003 13.2589
7004 1.2698
7005 1.9023
7006 0.0000
7007 1.3720
7008 0.1715
7009 3.7810
7010 -0.9656
7011 13.2352
7012 3.2207
7013 11.1224
7014 5.5544
7015 7.6936
7016 5.3561
7017 8.4051
7018 5.8907
7019 -0.9447
7020 9.0799
7021 0.0000
7022 5.1331
7023 -2.5911
7024 2.4522
7025 4.7478
7026 -3.8369
7027 10.5566
7028 -0.0103
7029 6.4521
7030 0.0000
7031 1.2840
7032 5.6745
7033 -2.5583
7034 -0.3167
7035 5.0094
7036 -4.0403
7037 0.0000
7038 -2.0402
7039 0.1204
7040 6.2668
7041 0.0000
7042 6.7217
7043 2.2519
7044 2.9590
7045 11.8751
7046 -2.6958
7047 -1.9987
7048 3.1302
7049 8.4958
7050 0.0000
7051 4.7763
7052 0.7341
7053 -1.2381
7054 0.5967
7055 6.1606
7056 10.9828
7057 0.0000
7058 0.3117
7059 -4.2182
7060 4.3325
7061 0.0000
7062 1.2092
7063 -0.4779
7064 9.8039
7065 -0.5906
7066 0.9994
7067 2.4079
7068 -7.0390
7069 -3.9460
7070 0.0000
7071 2.9791
7072 9.2937
7073 -0.4274
7074 -2.8161
7075 7.1291
7076 -7.7388
7077 0.0000
7078 0.4277
7079 10.1053
7080 6.4285
7081 0.0000
7082 -1.6030
7083 -5.0386
7084 4.7740
7085 -2.5140
7086 0.6802
7087 8.0360
7088 2.8585
7089 5.2807
7090 0.0000
7091 12.1595
7092 1.0243
7093 6.7073
7094 11.2857
7095 0.7525
7096 3.1252
7097 0.0000
7098 7.9877
7099 0.0000
7100 8.3818
7101 0.0000
7102 17.9795
7103 0.8141
7104 4.2615
7105 4.5418
7106 4.6402
7107 -2.3912
7108 3.9104
7109 3.7325
7110 0.0000
7111 2.2290
7112 -4.1416
7113 5.9981
7114 1.4898
7115 4.4449
7116 -0.0155
7117 0.0000
7118 -0.8856
7119 0.5477
7120 0.7918
7121 -0.4438
7122 -0.8415
7123 1.5562
7124 0.0000
7125 2.9458
7126 4.4611
7127 1.5148
7128 9.3307
7129 5.8613
7130 4.9067
7131 0.0000
7132 -3.8423
7133 0.8614
7134 0.8511
7135 9.0870
7136 6.5296
7137 0.4448
7138 0.0000
7139 1.5211
7140 6.4611
7141 -3.6651
7142 0.1437
7143 2.8846
7144 -0.1286
7145 0.0000
7146 0.9563
7147 -2.0869
7148 -1.9123
7149 2.3945
7150 11.8124
7151 8.7264
7152 0.0000
7153 4.6276
7154 5.1299
7155 8.8706
7156 10.0399
7157 -0.0782
7158 4.8999
7159 0.0000
7160 0.2893
7161 1.8308
7162 3.1909
7163 6.6869
7164 -1.6046
7165 8.9488
7166 0.0000
7167 -1.2364
7168 5.1188
7169 2.9855
7170 4.6580
7171 2.4041
7172 5.8060
7173 0.0000
7174 6.7186
7175 1.5753
7176 8.4282
7177 5.4012
7178 7.1069
7179 0.8920
7180 0.0000
7181 -1.2492
7182 5.0677
7183 8.6500
7184 11.0133
7185 8.6188
7186 5.5266
7187 0.0000
7188 11.2922
7189 2.4302
7190 5.1239
7191 1.0497
7192 6.8335
7193 4.4300
7194 0.0000
7195 0.1393
7196 2.1958
7197 7.9744
7198 11.5132
7199 2.8100
7200 9.6564
7201 0.0000
7202 9.1331
7203 0.0290
7204 5.1895
7205 6.3707
7206 7.7266
7207 7.2567
7208 0.0000
7209 5.6089
7210 9.0723
7211 1.2200
7212 1.2596
7213 -5.8856
7214 5.8335
7215 0.0000
7216 -0.5674
7217 0.0000
7218 0.2939
7219 0.0000
7220 6.1595
7221 0.0000
7222 1.3162
7223 11.2068
7224 0.0000
7225 -2.0589
7226 7.3386
7227 4.6574
7228 -10.0549
7229 0.0000
7230 12.3872
7231 3.4190
7232 -0.4232
7233 0.0000
7234 4.6793
7235 6.6140
7236 5.3841
7237 0.0000
7238 5.0329
7239 7.3593
7240 2.6472
7241 -0.0882
7242 10.6389
7243 6.6962
7244 3.6204
7245 -1.5068
7246 6.6025
7247 0.0000
7248 -0.5209
7249 3.1984
7250 13.4318
7251 0.9219
7252 8.7298
7253 -2.4765
7254 0.0000
7255 -4.8765
7256 8.2466
7257 5.3492
7258 -4.0838
7259 10.5295
7260 3.2964
7261 0.0000
7262 -2.4058
7263 -0.1792
7264 3.9250
7265 3.0641
7266 0.5863
7267 -6.9757
7268 0.0000
7269 3.8455
7270 3.1342
7271 7.7075
7272 -7.6404
7273 0.2582
7274 -0.6168
7275 0.0000
7276 -1.0702
7277 9.3987
7278 8.0521
7279 -0.3944
7280 -1.2277
7281 4.0649
7282 0.0000
7283 -2.9024
7284 -1.4160
7285 4.2454
7286 -1.8737
7287 5.4182
7288 -1.9201
7289 0.0000
7290 2.2046
7291 7.6040
7292 -0.6909
7293 0.2099
7294 -0.1540
7295 -4.7939
7296 0.0000
7297 3.5783
7298 9.7749
7299 3.8973
7300 3.9042
7301 -2.4090
7302 -4.2018
7303 0.0000
7304 -0.4612
7305 3.1413
7306 7.5602
7307 6.2445
7308 2.7215
7309 2.0962
7310 0.0000
7311 0.9139
7312 1.7373
7313 11.2801
7314 5.4787
7315 10.3728
7316 1.5520
7317 0.0000
7318 4.9225
7319 -5.1716
7320 4.3458
7321 3.5666
7322 2.0188
7323 7.2020
7324 0.0000
7325 -0.3887
7326 2.0193
7327 0.0000
7328 0.6501
7329 9.4347
7330 1.2097
7331 3.5151
7332 0.9718
7333 2.7743
7334 0.3464
7335 5.2018
7336 0.0000
7337 6.1627
7338 5.7332
7339 0.0000
7340 0.7425
7341 0.0000
7342 1.6878
7343 0.0000
7344 2.8773
7345 9.2510
7346 0.0000
7347 -1.0235
7348 1.3313
7349 0.0000
7350 -0.7909
7351 0.6983
7352 4.1152
7353 0.0000
7354 2.7186
7355 4.7544
7356 0.0000
7357 0.2758
7358 1.2893
7359 2.9239
7360 0.0000
7361 3.1216
7362 6.8165
7363 0.0000
7364 5.1890
7365 0.3296
7366 5.2500
7367 0.0000
7368 3.5335
7369 4.5959
7370 0.0000
7371 4.2211
7372 3.5133
7373 5.2386
7374 0.0000
7375 -3.0906
7376 10.2128
7377 0.0000
7378 0.6896
7379 1.9592
7380 4.9903
7381 0.0000
7382 -1.7125
7383 6.5218
7384 0.0000
7385 2.2120
7386 -7.7924
7387 4.5633
7388 0.0000
7389 5.8814
7390 9.4003
7391 0.0000
7392 5.1174
7393 -0.3472
7394 13.2495
7395 0.0000
7396 -1.8865
7397 3.7748
7398 0.0000
7399 5.7302
7400 3.3933
7401 5.9012
7402 0.0000
7403 7.9858
7404 -0.9413
7405 0.0000
7406 8.2231
7407 2.3559
7408 -1.9029
7409 0.0000
7410 -1.0075
7411 9.8287
7412 0.0000
7413 4.8677
7414 2.7733
7415 3.9967
7416 0.0000
7417 2.1360
7418 7.0235
7419 0.0000
7420 9.0605
7421 11.4874
7422 7.3117
7423 0.0000
7424 3.9153
7425 2.8363
7426 0.0000
7427 1.3407
7428 3.1561
7429 2.8425
7430 0.0000
7431 1.7817
7432 3.9697
7433 0.0000
7434 3.1504
7435 2.4589
7436 1.5061
7437 0.0000
7438 -3.6364
7439 4.1890
7440 0.0000
7441 4.8823
7442 6.8182
7443 -3.5793
7444 0.0000
7445 9.7632
7446 2.4433
7447 0.0000
7448 2.7897
7449 -4.1611
7450 7.9376
7451 0.0000
7452 9.9124
7453 4.5165
7454 0.0000
7455 -0.3593
7456 2.8978
7457 -1.5164
7458 0.0000
7459 -6.1252
7460 0.0000
7461 7.0804
7462 0.0000
7463 2.0974
7464 6.4997
7465 0.0000
7466 3.0184
7467 0.0000
7468 6.0398
7469 0.0000
7470 0.3209
7471 5.0426
7472 -1.6606
7473 0.0000
7474 9.1638
7475 4.7913
7476 -1.7868
7477 0.0000
7478 -0.1118
7479 -5.0105
7480 2.8438
7481 0.0000
7482 -0.7791
7483 0.0000
7484 4.4961
7485 0.0000
7486 9.2924
7487 9.5532
7488 0.0000
7489 4.8907
7490 0.0000
7491 9.7420
7492 -1.4209
7493 -0.6699
7494 0.6835
7495 -1.5785
7496 1.8568
7497 7.8605
7498 7.8347
7499 0.0000
7500 3.1120
7501 5.4397
7502 5.5046
7503 0.2725
7504 -3.0429
7505 2.3677
7506 0.0000
7507 -1.9499
7508 2.2242
7509 4.7085
7510 5.1849
7511 7.8348
7512 6.0976
7513 0.0000
7514 3.8426
7515 0.7378
7516 3.9445
7517 -2.2951
7518 2.6180
7519 -2.2394
7520 0.0000
7521 1.8752
7522 8.3841
7523 7.3384
7524 5.5224
7525 7.7970
7526 -3.0889
7527 0.0000
7528 3.3968
7529 7.4962
7530 6.5894
7531 -9.0041
7532 2.8860
7533 7.7400
7534 0.0000
7535 6.7662
7536 -1.5902
7537 -6.3543
7538 11.8607
7539 0.8323
7540 3.8926
7541 0.0000
7542 6.8127
7543 4.6806
7544 15.2494
7545 0.7102
7546 -4.0710
7547 -1.5599
7548 0.0000
7549 9.5677
7550 -2.2961
7551 -0.9793
7552 8.5058
7553 3.6013
7554 0.5175
7555 0.0000
7556 1.4057
7557 5.8751
7558 9.7236
7559 3.3456
7560 7.7074
7561 1.1744
7562 0.0000
7563 -2.0620
7564 5.1622
7565 6.9782
7566 10.8548
7567 0.4580
7568 3.2229
7569 0.0000
7570 -2.6744
7571 5.1685
7572 -3.1807
7573 5.2641
7574 3.1159
7575 -1.2962
7576 0.0000
7577 -5.7467
7578 6.3052
7579 7.9186
7580 11.2528
7581 9.1799
7582 -1.2753
7583 0.0000
7584 1.3111
7585 5.0426
7586 -2.5993
7587 1.9809
7588 4.3285
7589 7.1687
7590 0.0000
7591 1.1667
7592 -0.6045
7593 1.7851
7594 4.2076
7595 8.8138
7596 -1.1917
7597 0.0000
7598 -2.4520
7599 3.2703
7600 -1.7093
7601 1.8041
7602 2.0183
7603 0.1978
7604 0.0000
7605 -5.5365
7606 0.0000
7607 -2.7000
7608 -6.1354
7609 0.0000
7610 3.7267
7611 -2.3187
7612 0.0000
7613 -0.4582
7614 1.5156
7615 0.0000
7616 2.4234
7617 0.0000
7618 0.3854
7619 7.4945
7620 0.0000
7621 3.5041
7622 3.2139
7623 0.0000
7624 3.4546
7625 0.0000
7626 7.1599
7627 3.2314
7628 0.0000
7629 3.7651
7630 7.8078
7631 0.0000
7632 3.7467
7633 0.0000
7634 -2.3848
7635 7.5214
7636 0.0000
7637 5.3766
7638 2.6513
7639 0.0000
7640 -2.6206
7641 0.0000
7642 -4.6189
7643 3.0703
7644 0.0000
7645 7.9456
7646 5.2022
7647 0.0000
7648 3.2023
7649 0.0000
7650 3.7960
7651 -3.5297
7652 0.0000
7653 6.8159
7654 -5.2917
7655 0.0000
7656 -1.7229
7657 0.0000
7658 3.8056
7659 1.9291
7660 0.0000
7661 5.9876
7662 7.9482
7663 0.0000
7664 5.7861
7665 0.0000
7666 -0.3748
7667 10.1021
7668 0.0000
7669 8.6534
7670 5.3754
7671 0.0000
7672 -1.6250
7673 0.0000
7674 9.9966
7675 -3.7867
7676 0.0000
7677 -2.2740
7678 -0.9992
7679 0.0000
7680 1.1323
7681 0.0000
7682 1.6778
7683 3.2290
7684 0.0000
7685 -0.7658
7686 9.4135
7687 0.0000
7688 6.2925
7689 0.0000
7690 9.5943
7691 8.1807
7692 0.0000
7693 0.1608
7694 1.4752
7695 0.0000
7696 2.2143
7697 0.0000
7698 -4.1081
7699 1.9582
7700 0.0000
7701 9.3633
7702 6.6179
7703 0.0000
7704 5.2601
7705 0.0000
7706 -4.0523
7707 8.8024
7708 0.0000
7709 5.7071
7710 3.4510
7711 0.0000
7712 1.4517
7713 0.0000
7714 -2.1871
7715 4.1471
7716 0.0000
7717 0.4931
7718 1.9569
7719 0.0000
7720 -1.5425
7721 0.0000
7722 3.5615
7723 10.7779
7724 0.0000
7725 6.6744
7726 12.9526
7727 0.0000
7728 3.8609
7729 0.0000
7730 -1.0648
7731 3.2522
7732 0.0000
7733 0.6696
7734 8.3266
7735 0.0000
7736 -1.7079
7737 0.0000
7738 0.5721
7739 0.0000
7740 5.2163
