# input  : 16 : D0 44 F8 6C AF 6B 20 A1 45 B8 D9 47 51 72 CA AC 
# output : 16 : 88 79 7D E2 0D E8 D4 E2 1E 90 F5 D7 CB 11 29 8E 
# cycles : 7740
1 0.0000
2 6.0204
3 3.0554
4 0.0000
5 -0.8221
6 0.0000
7 6.0402
8 0.4232
9 0.0000
10 0.9461
11 7.1801
12 0.0000
13 4.9631
14 0.0000
15 8.5893
16 6.8392
17 0.0000
18 7.1423
19 4.3173
20 0.0000
21 2.8431
22 0.0000
23 4.6810
24 3.9329
25 0.0000
26 2.0189
27 6.8920
28 0.0000
29 5.7192
30 0.0000
31 7.1151
32 4.6746
33 0.0000
34 -5.8096
35 3.4193
36 0.0000
37 2.9816
38 0.0000
39 5.2381
40 14.2084
41 0.0000
42 2.8156
43 10.5993
44 0.0000
45 2.1052
46 0.0000
47 4.3323
48 0.0711
49 0.0000
50 3.6664
51 -0.4364
52 0.0000
53 3.4872
54 0.0000
55 -0.5832
56 6.0728
57 0.0000
58 5.4404
59 10.2811
60 0.0000
61 1.3302
62 0.0000
63 4.7916
64 8.3421
65 0.0000
66 3.4725
67 3.5948
68 0.0000
69 -3.2277
70 0.0000
71 -1.2196
72 3.4660
73 0.0000
74 3.7232
75 1.1534
76 0.0000
77 1.2673
78 0.0000
79 6.1181
80 -3.6685
81 0.0000
82 -0.7482
83 3.9039
84 0.0000
85 4.4594
86 0.0000
87 10.1345
88 3.6424
89 0.0000
90 0.7419
91 6.0034
92 0.0000
93 8.0682
94 0.0000
95 2.0677
96 0.9889
97 0.0000
98 -1.3781
99 11.2047
100 0.0000
101 4.0952
102 0.0000
103 0.1545
104 -1.6992
105 0.0000
106 1.1305
107 -0.3431
108 0.0000
109 8.6109
110 0.0000
111 -3.4001
112 3.5624
113 0.0000
114 2.1250
115 5.8381
116 0.0000
117 3.2725
118 0.0000
119 1.8109
120 -3.8703
121 0.0000
122 2.3026
123 7.9816
124 0.0000
125 0.1908
126 0.0000
127 5.5568
128 2.7024
129 0.0000
130 -3.6110
131 -7.2495
132 0.0000
133 1.5728
134 0.0000
135 4.8124
136 1.7898
137 0.0000
138 6.2811
139 -0.9123
140 8.8377
141 0.0000
142 -0.3138
143 6.5964
144 3.5600
145 -4.8387
146 0.0000
147 2.2216
148 5.0629
149 0.0000
150 9.2675
151 9.8963
152 9.5933
153 1.8648
154 0.0000
155 -0.7306
156 4.8723
157 0.0000
158 3.0857
159 9.0177
160 7.3686
161 0.2710
162 0.0000
163 5.4059
164 -1.2419
165 0.0000
166 0.4857
167 5.4880
168 5.2830
169 6.3315
170 0.0000
171 -3.1643
172 -5.7792
173 0.0000
174 -3.2662
175 -0.9577
176 0.3202
177 -3.1452
178 0.0000
179 -3.0139
180 5.3810
181 0.0000
182 2.4921
183 4.0441
184 2.7782
185 -6.0606
186 0.0000
187 -0.4613
188 5.9550
189 0.0000
190 3.7578
191 -5.6456
192 9.3446
193 2.7476
194 0.0000
195 0.7258
196 1.4029
197 0.0000
198 -2.9273
199 2.6811
200 5.5909
201 -1.4462
202 0.0000
203 -2.7640
204 0.5226
205 0.0000
206 3.3385
207 5.0227
208 6.4983
209 -0.7067
210 0.0000
211 1.1372
212 -2.1726
213 0.0000
214 11.1241
215 8.0760
216 0.5908
217 -6.5370
218 0.0000
219 5.3431
220 1.9246
221 0.0000
222 0.3031
223 4.3261
224 5.6403
225 3.1000
226 0.0000
227 4.4131
228 -0.8623
229 0.0000
230 3.3031
231 2.0704
232 3.3669
233 -1.4962
234 0.0000
235 2.5878
236 2.2141
237 0.0000
238 4.0430
239 7.6542
240 8.9293
241 2.4861
242 0.0000
243 3.5122
244 2.1151
245 0.0000
246 7.6191
247 11.5138
248 8.6213
249 3.0512
250 0.0000
251 -2.2598
252 6.0267
253 0.0000
254 -0.0192
255 -0.2406
256 2.4304
257 -3.5953
258 0.0000
259 1.9707
260 8.3737
261 0.0000
262 5.4646
263 1.0284
264 3.6920
265 1.6145
266 0.0000
267 7.6364
268 2.7767
269 0.0000
270 -5.3834
271 0.0000
272 9.7124
273 5.9211
274 1.9595
275 1.9584
276 7.9291
277 10.4954
278 -2.5391
279 10.0089
280 0.0000
281 0.7642
282 7.7039
283 5.2045
284 -0.3042
285 7.4801
286 -0.8855
287 0.0000
288 6.1930
289 8.1421
290 6.7859
291 2.8415
292 4.7496
293 -3.1480
294 0.0000
295 -1.2675
296 6.8564
297 11.9938
298 7.6793
299 3.5248
300 0.2486
301 0.0000
302 -0.7414
303 7.9567
304 8.5175
305 2.4048
306 -3.8304
307 -0.3215
308 0.0000
309 -3.3275
310 8.2582
311 5.3538
312 1.5667
313 0.7330
314 -2.7936
315 0.0000
316 6.1876
317 3.2679
318 4.3798
319 3.3319
320 12.2062
321 -0.0244
322 0.0000
323 1.6259
324 2.4722
325 0.6067
326 -1.5349
327 2.2775
328 5.2270
329 0.0000
330 -0.5535
331 12.4663
332 6.3676
333 11.1095
334 3.1402
335 -1.0197
336 0.0000
337 6.0366
338 0.5723
339 5.9208
340 8.8212
341 3.5994
342 1.0586
343 0.0000
344 3.4816
345 7.2288
346 7.7236
347 4.1028
348 3.1846
349 7.7994
350 0.0000
351 2.5556
352 6.1645
353 -0.1572
354 9.6945
355 8.2276
356 9.9867
357 0.0000
358 3.4250
359 1.5284
360 2.4208
361 2.2091
362 8.5042
363 6.9045
364 0.0000
365 6.3259
366 6.5714
367 11.9488
368 -2.8633
369 4.8646
370 -1.1914
371 0.0000
372 2.5357
373 3.7071
374 2.1735
375 5.7551
376 7.7926
377 0.5264
378 0.0000
379 -0.6138
380 3.7357
381 1.9115
382 -1.7613
383 4.9398
384 0.4918
385 0.0000
386 -2.7958
387 0.0000
388 -4.8465
389 0.0000
390 1.1017
391 0.0000
392 0.1175
393 10.5292
394 0.0000
395 2.5962
396 8.2715
397 4.2297
398 8.8109
399 0.0000
400 0.8217
401 9.5006
402 1.0909
403 0.0000
404 12.5144
405 10.0188
406 5.5230
407 0.0000
408 -3.5199
409 5.0491
410 -1.2937
411 -0.2244
412 -2.1497
413 2.0181
414 9.4474
415 -4.8172
416 1.2790
417 0.0000
418 3.1183
419 2.0287
420 9.0631
421 3.5986
422 0.8116
423 3.0200
424 0.0000
425 -2.5615
426 8.2400
427 4.5323
428 2.3199
429 3.0390
430 5.7906
431 0.0000
432 5.2984
433 2.6525
434 9.6080
435 -0.4777
436 -5.0436
437 2.5939
438 0.0000
439 0.7865
440 2.7525
441 7.1276
442 -0.0133
443 7.5325
444 -0.1530
445 0.0000
446 0.5805
447 -2.1114
448 7.2854
449 8.2780
450 2.8076
451 2.9251
452 0.0000
453 -5.7462
454 0.7755
455 2.1021
456 -0.8872
457 8.6053
458 0.3490
459 0.0000
460 -3.3532
461 4.7177
462 0.4191
463 -0.1788
464 2.9624
465 5.4666
466 0.0000
467 6.1346
468 2.4831
469 0.3882
470 3.9563
471 8.0976
472 -6.0306
473 0.0000
474 4.4814
475 -5.9495
476 2.0215
477 10.6364
478 2.4301
479 2.6064
480 0.0000
481 2.1284
482 3.7048
483 14.3392
484 3.3045
485 4.6199
486 9.1909
487 0.0000
488 -0.5380
489 2.2646
490 -1.6321
491 2.9640
492 5.7903
493 -0.9051
494 0.0000
495 3.2405
496 0.9633
497 0.0000
498 8.1473
499 0.4112
500 4.4829
501 6.3927
502 -3.2022
503 1.1836
504 3.3431
505 0.5691
506 0.0000
507 2.6849
508 -0.0208
509 0.0000
510 -1.1022
511 2.6255
512 0.0000
513 -5.4484
514 -1.1992
515 0.0000
516 5.2160
517 3.8257
518 0.0000
519 4.8287
520 2.2174
521 0.1777
522 0.0000
523 -0.4171
524 1.6562
525 0.0000
526 2.7918
527 10.8554
528 0.9937
529 0.0000
530 -1.9458
531 14.0166
532 0.0000
533 15.2039
534 -6.1189
535 2.5840
536 0.0000
537 3.4764
538 4.0959
539 0.0000
540 9.2481
541 11.8538
542 6.0626
543 0.0000
544 -2.9372
545 4.2526
546 0.0000
547 1.2782
548 3.0025
549 5.7833
550 0.0000
551 -0.9921
552 5.6675
553 0.0000
554 0.7008
555 1.4180
556 1.8788
557 0.0000
558 -5.9817
559 7.7236
560 0.0000
561 4.5530
562 2.2103
563 0.5455
564 0.0000
565 2.0741
566 1.2509
567 0.0000
568 1.8574
569 2.6594
570 3.5945
571 0.0000
572 -1.1707
573 6.7308
574 0.0000
575 -3.4872
576 0.6414
577 0.1603
578 0.0000
579 -5.2747
580 -0.3572
581 0.0000
582 -1.7281
583 3.4362
584 -0.1037
585 0.0000
586 -3.2121
587 -7.1628
588 0.0000
589 3.5976
590 4.6775
591 9.3361
592 0.0000
593 6.5980
594 4.6381
595 0.0000
596 4.6415
597 -2.7680
598 10.0498
599 0.0000
600 -6.5661
601 -0.8477
602 0.0000
603 1.7926
604 4.4106
605 -2.5883
606 0.0000
607 1.8813
608 1.8008
609 0.0000
610 3.3521
611 8.8803
612 2.6757
613 0.0000
614 1.1491
615 9.4130
616 0.0000
617 -1.0202
618 1.5492
619 9.7833
620 0.0000
621 -1.0376
622 2.3222
623 0.0000
624 -0.1628
625 1.8450
626 -1.8042
627 0.0000
628 0.6120
629 0.0000
630 1.3761
631 0.0000
632 6.4855
633 -2.1366
634 0.0000
635 4.7222
636 0.0000
637 -1.5512
638 0.0000
639 0.3887
640 12.2767
641 2.1547
642 0.0000
643 2.6034
644 0.7418
645 7.7785
646 0.0000
647 3.1394
648 4.7936
649 8.9946
650 0.0000
651 -1.5448
652 0.0000
653 -0.6594
654 0.0000
655 -2.2334
656 6.0484
657 0.0000
658 4.3845
659 0.0000
660 1.9074
661 2.8037
662 0.4797
663 2.4602
664 4.5432
665 -0.2591
666 -0.4120
667 2.6086
668 -0.6249
669 3.1293
670 -0.8838
671 -1.1631
672 5.8281
673 0.7571
674 7.7060
675 5.6616
676 0.0000
677 12.7332
678 -2.0918
679 5.5034
680 1.8615
681 -1.3114
682 6.5151
683 6.1697
684 2.8780
685 0.0000
686 10.3706
687 9.6940
688 3.5423
689 2.6663
690 8.0604
691 6.5233
692 0.0000
693 5.7235
694 5.9949
695 4.8665
696 0.0000
697 1.8846
698 0.2624
699 5.1405
700 7.8007
701 4.8648
702 17.6602
703 4.6932
704 5.7639
705 0.0000
706 4.5965
707 -1.4268
708 10.4187
709 12.7834
710 4.5681
711 5.0156
712 0.0000
713 1.3296
714 4.5952
715 11.0415
716 0.0000
717 5.8267
718 6.4678
719 5.6659
720 3.1932
721 -0.5600
722 -2.1388
723 5.5319
724 6.4971
725 0.0000
726 5.1848
727 4.7194
728 6.7396
729 6.7682
730 4.9558
731 1.6348
732 0.0000
733 -4.8807
734 7.6328
735 4.0426
736 0.0000
737 5.6624
738 -1.1200
739 14.3018
740 -2.3678
741 4.8111
742 -0.8879
743 -5.6189
744 7.5628
745 0.0000
746 1.7106
747 -1.6712
748 4.0121
749 0.5796
750 5.6167
751 1.9835
752 0.0000
753 1.8040
754 6.3700
755 3.8082
756 1.6980
757 10.7169
758 -1.9132
759 14.3031
760 11.1317
761 0.2725
762 1.0819
763 0.8412
764 9.1446
765 5.2316
766 -1.8641
767 0.0000
768 8.5771
769 -5.6317
770 13.0759
771 5.0021
772 0.9829
773 4.1287
774 4.6569
775 4.8727
776 0.0000
777 6.8188
778 -0.1533
779 -5.7427
780 -4.2053
781 2.3848
782 3.3298
783 0.0000
784 5.1523
785 5.7342
786 0.6107
787 0.0000
788 1.0780
789 3.8006
790 -3.4998
791 2.8415
792 4.3727
793 1.0764
794 2.1670
795 4.3074
796 0.0000
797 -1.6705
798 3.9811
799 4.1345
800 7.0965
801 9.8833
802 6.9718
803 0.0000
804 -2.1594
805 6.8592
806 4.8820
807 0.0000
808 14.3428
809 4.3928
810 7.5871
811 4.4275
812 0.2950
813 -9.7869
814 -1.9631
815 4.2658
816 0.0000
817 8.1420
818 6.0102
819 8.7114
820 5.5288
821 -1.2379
822 -1.4525
823 0.0000
824 -0.3361
825 2.8810
826 -1.8813
827 0.0000
828 1.2899
829 -0.6615
830 5.7647
831 8.8468
832 7.7127
833 18.1464
834 2.4049
835 1.7245
836 0.0000
837 4.6978
838 7.4135
839 1.8335
840 10.0464
841 5.5892
842 4.1998
843 0.0000
844 4.4783
845 3.3805
846 1.7724
847 1.7040
848 -3.8367
849 1.9325
850 2.0100
851 6.4169
852 4.4614
853 4.0823
854 2.0425
855 3.9145
856 9.3173
857 6.3476
858 0.0000
859 4.8630
860 5.6993
861 2.5127
862 -2.7132
863 -1.4885
864 2.0269
865 -0.5229
866 3.9530
867 0.0000
868 10.1952
869 6.0229
870 -2.1416
871 -4.9886
872 7.3993
873 3.1863
874 0.0000
875 -4.4913
876 4.1114
877 7.2762
878 0.0000
879 4.1311
880 -4.5701
881 5.8441
882 5.9645
883 -4.2421
884 3.0900
885 0.6342
886 11.4724
887 0.0000
888 5.7988
889 2.4705
890 1.7986
891 13.6961
892 7.3196
893 0.4694
894 0.0000
895 1.5087
896 2.7297
897 -1.1805
898 0.0000
899 0.1685
900 -0.2303
901 -4.7845
902 -1.9148
903 6.4667
904 8.2017
905 4.8736
906 8.7341
907 0.0000
908 5.0406
909 11.4926
910 2.3146
911 10.5223
912 9.8215
913 2.5709
914 0.0000
915 2.4657
916 1.5204
917 9.7313
918 0.0000
919 11.9485
920 3.4748
921 2.7392
922 10.0653
923 -0.1477
924 7.1775
925 7.2251
926 5.7452
927 0.0000
928 -0.0683
929 5.3535
930 6.3837
931 9.6080
932 3.7231
933 1.6649
934 0.0000
935 4.5718
936 2.7432
937 7.7486
938 12.0711
939 7.8857
940 1.2143
941 5.7667
942 4.5551
943 1.1649
944 5.6553
945 7.3513
946 3.6114
947 6.1347
948 11.1279
949 0.0000
950 6.2782
951 -1.8225
952 2.6518
953 0.2204
954 -3.1243
955 11.7732
956 11.9315
957 -5.6037
958 0.0000
959 4.0465
960 -0.8982
961 -1.4320
962 -0.0651
963 1.9982
964 6.6930
965 0.0000
966 0.8356
967 0.1947
968 3.7671
969 0.0000
970 7.4933
971 2.5257
972 0.9406
973 2.2909
974 6.2042
975 0.1434
976 3.3567
977 -0.1016
978 0.0000
979 8.8840
980 4.6093
981 4.7197
982 9.5281
983 -1.7933
984 11.5008
985 0.0000
986 0.0922
987 8.1027
988 -0.5444
989 0.0000
990 6.1122
991 -2.8275
992 0.2523
993 6.6658
994 5.9722
995 -4.4414
996 7.5619
997 2.6646
998 0.0000
999 2.4672
1000 11.7902
1001 5.2036
1002 7.8476
1003 6.6126
1004 2.3614
1005 0.0000
1006 2.4437
1007 6.8364
1008 -0.8366
1009 0.0000
1010 0.9693
1011 -2.5144
1012 1.4620
1013 1.3321
1014 2.6611
1015 14.8319
1016 7.1319
1017 7.8660
1018 0.0000
1019 4.9659
1020 8.7379
1021 -0.7560
1022 4.6204
1023 6.2855
1024 0.5943
1025 0.0000
1026 -5.4803
1027 0.0000
1028 -2.3087
1029 0.0000
1030 4.7814
1031 2.7312
1032 2.0149
1033 10.4769
1034 5.6972
1035 3.1348
1036 10.6122
1037 -1.1042
1038 0.0000
1039 3.2557
1040 1.3577
1041 8.1603
1042 -3.5243
1043 1.1720
1044 4.9121
1045 0.0000
1046 5.0156
1047 7.2570
1048 5.8361
1049 -2.7098
1050 3.2164
1051 4.6264
1052 0.0000
1053 -0.9537
1054 13.4309
1055 0.5434
1056 10.1678
1057 5.9924
1058 4.2170
1059 0.0000
1060 -0.8411
1061 5.5715
1062 4.7421
1063 4.6279
1064 4.9629
1065 10.5261
1066 0.0000
1067 3.5692
1068 9.7547
1069 6.4859
1070 2.6953
1071 5.0412
1072 7.0608
1073 0.0000
1074 6.0878
1075 -0.1394
1076 7.7887
1077 9.6972
1078 7.0312
1079 1.9129
1080 0.0000
1081 -2.5159
1082 4.4176
1083 6.8391
1084 5.3962
1085 -10.2595
1086 1.9444
1087 0.0000
1088 -1.0984
1089 -0.2465
1090 10.8587
1091 4.4903
1092 -0.5418
1093 3.8720
1094 0.0000
1095 -2.9199
1096 9.1731
1097 1.4302
1098 5.2406
1099 2.3477
1100 2.4738
1101 0.0000
1102 -1.4763
1103 7.2163
1104 4.5045
1105 4.0069
1106 5.3280
1107 1.9353
1108 0.0000
1109 0.9352
1110 1.7371
1111 4.8540
1112 11.7212
1113 8.1904
1114 -0.9559
1115 0.0000
1116 -3.6797
1117 4.0004
1118 3.0369
1119 -1.2581
1120 5.2593
1121 6.3272
1122 0.0000
1123 3.8877
1124 4.4345
1125 2.2636
1126 6.2495
1127 3.5048
1128 1.5682
1129 0.0000
1130 3.3388
1131 7.4886
1132 3.2856
1133 3.3152
1134 3.5692
1135 7.2406
1136 0.0000
1137 4.4832
1138 12.0056
1139 6.6779
1140 13.4093
1141 2.8862
1142 6.9802
1143 0.0000
1144 0.4313
1145 0.0000
1146 -2.3129
1147 0.0000
1148 4.9291
1149 0.0000
1150 4.6763
1151 -4.8521
1152 0.0000
1153 1.2976
1154 2.8746
1155 2.6685
1156 10.4693
1157 0.0000
1158 -2.7654
1159 4.6830
1160 5.1759
1161 0.0000
1162 6.2384
1163 7.7699
1164 5.0238
1165 0.0000
1166 9.7511
1167 5.5168
1168 0.6841
1169 15.4464
1170 3.2090
1171 4.3808
1172 4.4724
1173 8.6707
1174 6.5730
1175 0.0000
1176 4.1602
1177 3.6415
1178 5.4940
1179 1.5270
1180 -0.7224
1181 -0.1717
1182 0.0000
1183 -3.0365
1184 7.8772
1185 11.2493
1186 4.4394
1187 4.0093
1188 5.3507
1189 0.0000
1190 3.0887
1191 5.4999
1192 13.3143
1193 -1.2384
1194 1.6871
1195 -4.5875
1196 0.0000
1197 5.5668
1198 1.8917
1199 1.1648
1200 5.6558
1201 2.8394
1202 5.5590
1203 0.0000
1204 -3.6716
1205 2.3924
1206 -2.6779
1207 7.6568
1208 2.5285
1209 2.4831
1210 0.0000
1211 -0.8990
1212 -1.3246
1213 -0.9195
1214 -4.9766
1215 0.1870
1216 6.6860
1217 0.0000
1218 7.1472
1219 -0.1053
1220 10.8335
1221 1.6610
1222 4.5593
1223 -4.1088
1224 0.0000
1225 -2.3419
1226 3.5222
1227 7.1847
1228 7.0292
1229 -4.7938
1230 2.1781
1231 0.0000
1232 -0.5902
1233 7.8845
1234 13.0774
1235 -1.7503
1236 -6.8778
1237 1.6518
1238 0.0000
1239 1.3890
1240 8.5851
1241 0.6817
1242 7.2844
1243 7.8884
1244 9.7465
1245 0.0000
1246 0.9119
1247 9.3328
1248 6.6397
1249 8.9728
1250 1.7334
1251 3.4783
1252 0.0000
1253 0.0603
1254 1.0210
1255 0.0000
1256 6.3713
1257 0.8849
1258 4.2128
1259 -1.5868
1260 4.9390
1261 2.0475
1262 4.0020
1263 -2.7237
1264 0.0000
1265 6.8175
1266 -0.4823
1267 0.0000
1268 8.7661
1269 0.0000
1270 3.6061
1271 0.0000
1272 13.3337
1273 -2.2003
1274 0.0000
1275 2.6112
1276 5.4154
1277 0.0000
1278 -1.9499
1279 -0.6702
1280 4.1571
1281 0.0000
1282 6.5480
1283 7.9062
1284 0.0000
1285 5.8631
1286 -5.4261
1287 15.1000
1288 0.0000
1289 -4.1327
1290 3.2213
1291 0.0000
1292 13.4514
1293 7.6257
1294 8.3453
1295 0.0000
1296 1.7054
1297 -1.9916
1298 0.0000
1299 8.3137
1300 9.3328
1301 3.5100
1302 0.0000
1303 -1.9839
1304 2.9467
1305 0.0000
1306 -0.2548
1307 -1.4095
1308 4.6841
1309 0.0000
1310 3.3281
1311 -0.0742
1312 0.0000
1313 -2.1353
1314 5.9813
1315 1.4959
1316 0.0000
1317 0.2586
1318 5.5647
1319 0.0000
1320 6.1883
1321 -1.9376
1322 5.4226
1323 0.0000
1324 -3.8605
1325 7.7920
1326 0.0000
1327 0.5568
1328 4.6124
1329 3.5783
1330 0.0000
1331 6.2242
1332 3.8419
1333 0.0000
1334 3.2090
1335 4.2906
1336 2.1213
1337 0.0000
1338 -0.7412
1339 -0.3707
1340 0.0000
1341 1.3008
1342 4.3149
1343 2.6693
1344 0.0000
1345 -3.7274
1346 3.3824
1347 0.0000
1348 0.6503
1349 0.3832
1350 5.8333
1351 0.0000
1352 2.7890
1353 4.8877
1354 0.0000
1355 3.5732
1356 2.2858
1357 4.4238
1358 0.0000
1359 -3.4744
1360 6.0298
1361 0.0000
1362 6.3105
1363 5.2777
1364 1.6690
1365 0.0000
1366 1.9885
1367 -1.9181
1368 0.0000
1369 1.0266
1370 -1.3384
1371 1.9961
1372 0.0000
1373 4.8936
1374 -2.4656
1375 0.0000
1376 -3.4314
1377 3.3238
1378 3.1146
1379 0.0000
1380 0.4788
1381 2.2470
1382 0.0000
1383 -0.9513
1384 3.9815
1385 0.5438
1386 0.0000
1387 4.1004
1388 0.0000
1389 -6.2555
1390 0.0000
1391 -0.3091
1392 6.2903
1393 0.0000
1394 -1.6414
1395 0.0000
1396 5.5307
1397 0.0000
1398 0.4126
1399 0.9929
1400 12.2048
1401 0.0000
1402 4.7032
1403 8.9533
1404 4.6623
1405 0.0000
1406 2.9014
1407 1.1342
1408 1.9125
1409 0.0000
1410 8.6123
1411 0.0000
1412 3.7278
1413 0.0000
1414 2.4561
1415 6.3465
1416 0.0000
1417 1.2884
1418 0.0000
1419 1.3933
1420 0.3812
1421 8.1889
1422 4.5208
1423 2.4504
1424 9.2173
1425 5.8082
1426 1.1094
1427 6.1065
1428 8.1931
1429 6.6354
1430 4.3417
1431 2.4371
1432 -3.2676
1433 -2.6072
1434 2.0184
1435 0.0000
1436 -5.2146
1437 -4.4150
1438 7.4050
1439 5.3616
1440 -2.1848
1441 3.0395
1442 -7.1845
1443 1.1128
1444 0.0000
1445 -1.5361
1446 1.0874
1447 3.4762
1448 5.1862
1449 6.7070
1450 5.1889
1451 0.0000
1452 3.9825
1453 6.5890
1454 4.6374
1455 0.0000
1456 8.4918
1457 0.7220
1458 4.8387
1459 9.5279
1460 4.3673
1461 -0.2378
1462 3.0732
1463 -0.0949
1464 0.0000
1465 8.4436
1466 6.0339
1467 7.9372
1468 -1.5000
1469 1.3321
1470 5.0599
1471 0.0000
1472 4.6963
1473 2.7580
1474 7.5085
1475 0.0000
1476 3.6075
1477 2.3855
1478 -0.3884
1479 2.4561
1480 0.4948
1481 1.3582
1482 1.8337
1483 5.2360
1484 0.0000
1485 4.7282
1486 9.0853
1487 9.2566
1488 -1.4544
1489 6.8540
1490 1.3138
1491 0.0000
1492 -2.2232
1493 2.9062
1494 5.6673
1495 0.0000
1496 -1.1081
1497 3.1668
1498 3.0548
1499 2.4321
1500 -1.6801
1501 3.8435
1502 -8.6913
1503 0.1904
1504 0.0000
1505 8.0255
1506 -2.3182
1507 7.9463
1508 4.3753
1509 6.7353
1510 7.0638
1511 0.0000
1512 7.3693
1513 6.8676
1514 6.4665
1515 -1.1654
1516 -9.1279
1517 8.1507
1518 6.0410
1519 2.0209
1520 2.1128
1521 3.0419
1522 9.7190
1523 -0.1538
1524 -0.0249
1525 8.0078
1526 0.0000
1527 1.2631
1528 -2.2198
1529 8.9251
1530 5.5834
1531 0.7795
1532 -6.3519
1533 5.6939
1534 10.0716
1535 0.0000
1536 -0.1315
1537 7.0142
1538 -1.0893
1539 8.8751
1540 4.6222
1541 7.1073
1542 0.0000
1543 0.3470
1544 8.5732
1545 -2.5865
1546 0.0000
1547 5.9696
1548 1.0769
1549 7.8536
1550 11.0821
1551 -2.8063
1552 9.4672
1553 2.9693
1554 1.3496
1555 0.0000
1556 4.3334
1557 6.8278
1558 -0.4785
1559 -0.9043
1560 0.7361
1561 3.6234
1562 0.0000
1563 5.4110
1564 -2.4853
1565 3.4120
1566 0.0000
1567 6.5581
1568 1.1788
1569 3.5459
1570 1.6043
1571 -5.9216
1572 -3.1369
1573 -2.4276
1574 3.5969
1575 0.0000
1576 3.5055
1577 -3.2197
1578 7.5248
1579 8.2004
1580 -0.9883
1581 2.0739
1582 0.0000
1583 1.7667
1584 4.1193
1585 8.2737
1586 0.0000
1587 5.3483
1588 0.8792
1589 8.4960
1590 1.0467
1591 4.0970
1592 5.8184
1593 6.4553
1594 12.8417
1595 0.0000
1596 2.7011
1597 -1.0482
1598 6.1005
1599 0.5217
1600 3.2340
1601 10.7600
1602 0.0000
1603 -1.8471
1604 10.0214
1605 7.7055
1606 5.0621
1607 2.8888
1608 5.3996
1609 6.0619
1610 0.4344
1611 7.7399
1612 11.4970
1613 -4.1932
1614 -2.1974
1615 3.6688
1616 1.9799
1617 0.0000
1618 3.0645
1619 4.9692
1620 2.8369
1621 1.1324
1622 1.6643
1623 7.2960
1624 -4.2777
1625 -3.6018
1626 0.0000
1627 10.2695
1628 6.4668
1629 3.3628
1630 -1.1663
1631 9.8728
1632 6.9000
1633 0.0000
1634 -0.6498
1635 3.2275
1636 1.7926
1637 0.0000
1638 4.2829
1639 -3.2831
1640 2.7445
1641 -1.4545
1642 -2.6008
1643 0.0038
1644 0.8475
1645 9.0570
1646 0.0000
1647 6.6483
1648 2.8181
1649 6.7833
1650 -2.9206
1651 3.2501
1652 8.8867
1653 0.0000
1654 8.0654
1655 4.3439
1656 14.7941
1657 0.0000
1658 11.3195
1659 4.4950
1660 12.4154
1661 10.6966
1662 -3.0474
1663 8.2188
1664 9.4704
1665 9.1121
1666 0.0000
1667 9.4379
1668 11.2879
1669 3.8505
1670 4.7035
1671 3.1005
1672 5.1392
1673 0.0000
1674 -0.6074
1675 2.4936
1676 -1.5989
1677 0.0000
1678 7.9987
1679 1.1005
1680 4.7659
1681 2.3824
1682 -1.9614
1683 -0.0018
1684 -2.0313
1685 3.3249
1686 0.0000
1687 4.1012
1688 11.2537
1689 0.5093
1690 -2.6752
1691 10.4368
1692 2.0538
1693 0.0000
1694 1.9759
1695 4.0828
1696 1.3268
1697 13.5709
1698 2.6904
1699 1.3486
1700 4.2870
1701 3.6234
1702 5.0987
1703 -0.0596
1704 -1.7834
1705 8.7846
1706 4.7830
1707 7.8727
1708 0.0000
1709 8.7023
1710 7.7110
1711 5.3246
1712 15.0584
1713 -3.6893
1714 10.0758
1715 -3.3157
1716 10.9692
1717 0.0000
1718 2.7051
1719 8.1558
1720 6.1760
1721 4.5484
1722 6.1077
1723 5.3917
1724 0.0000
1725 -0.8473
1726 -0.0697
1727 14.4267
1728 0.0000
1729 4.3880
1730 -1.4208
1731 8.5772
1732 6.3252
1733 4.5689
1734 7.9625
1735 0.6167
1736 4.1896
1737 0.0000
1738 5.4350
1739 9.9001
1740 3.4345
1741 -0.4039
1742 7.4972
1743 1.5227
1744 0.0000
1745 1.8006
1746 -6.3629
1747 1.5626
1748 0.0000
1749 -0.8925
1750 -5.1006
1751 3.3245
1752 -1.8991
1753 -2.5958
1754 -3.1500
1755 1.3887
1756 2.1534
1757 0.0000
1758 6.1622
1759 3.7513
1760 10.1951
1761 2.0262
1762 6.9421
1763 1.6958
1764 0.0000
1765 -2.1674
1766 -3.5210
1767 6.7740
1768 0.0000
1769 3.6438
1770 -0.7349
1771 4.9287
1772 1.9773
1773 -7.2490
1774 4.8156
1775 1.7540
1776 4.5796
1777 0.0000
1778 3.6031
1779 3.7450
1780 4.9409
1781 6.0874
1782 2.6294
1783 -1.6642
1784 0.0000
1785 13.4179
1786 0.0000
1787 4.4030
1788 0.0000
1789 12.4257
1790 6.2347
1791 -2.7690
1792 10.9254
1793 -0.1116
1794 -1.4255
1795 -3.5483
1796 5.7384
1797 0.0000
1798 -1.6822
1799 2.7794
1800 4.1126
1801 6.4116
1802 0.1846
1803 3.2198
1804 0.0000
1805 3.7082
1806 8.5263
1807 2.7504
1808 3.0539
1809 3.9632
1810 -0.1570
1811 0.0000
1812 0.5408
1813 -0.3602
1814 7.2659
1815 1.5327
1816 7.6700
1817 -2.1143
1818 0.0000
1819 0.4243
1820 2.9786
1821 7.3924
1822 11.8878
1823 3.7028
1824 0.0526
1825 0.0000
1826 -0.5823
1827 4.9367
1828 11.3815
1829 0.4915
1830 5.0050
1831 3.5964
1832 0.0000
1833 -2.8206
1834 4.5982
1835 1.2920
1836 0.6086
1837 11.7609
1838 -3.5175
1839 0.0000
1840 3.7992
1841 -0.3527
1842 4.4320
1843 -2.9624
1844 1.6082
1845 5.8095
1846 0.0000
1847 -0.9801
1848 1.5489
1849 8.1173
1850 9.5991
1851 6.9737
1852 7.4191
1853 0.0000
1854 1.1429
1855 8.6380
1856 4.2737
1857 -3.8108
1858 -0.3705
1859 -0.3709
1860 0.0000
1861 -0.3248
1862 -5.3750
1863 -5.9734
1864 5.6737
1865 8.9653
1866 2.1664
1867 0.0000
1868 -2.4579
1869 3.6986
1870 2.2523
1871 3.2684
1872 8.1813
1873 6.7989
1874 0.0000
1875 3.3796
1876 9.6279
1877 7.4648
1878 11.1409
1879 4.4729
1880 4.5759
1881 0.0000
1882 0.4305
1883 0.4812
1884 10.8407
1885 3.4148
1886 8.3961
1887 7.7756
1888 0.0000
1889 -4.2630
1890 5.0949
1891 3.2499
1892 0.8899
1893 13.1867
1894 5.3222
1895 0.0000
1896 -1.4404
1897 16.9541
1898 -1.1571
1899 0.8068
1900 0.3236
1901 -0.0796
1902 0.0000
1903 1.8920
1904 0.0000
1905 1.2017
1906 0.0000
1907 4.5246
1908 0.0000
1909 7.8556
1910 7.3495
1911 0.0000
1912 -4.7057
1913 3.6109
1914 -0.4425
1915 4.7089
1916 0.0000
1917 2.1423
1918 -1.6713
1919 7.5788
1920 0.0000
1921 7.0185
1922 7.0726
1923 6.5255
1924 0.0000
1925 6.5303
1926 4.0927
1927 -1.7292
1928 -9.0692
1929 4.0652
1930 -0.7852
1931 2.9916
1932 5.9105
1933 5.9867
1934 0.0000
1935 0.4083
1936 0.8501
1937 4.2511
1938 8.2380
1939 4.1520
1940 5.0758
1941 0.0000
1942 3.3750
1943 4.7887
1944 7.0523
1945 10.4006
1946 -6.0773
1947 9.2649
1948 0.0000
1949 1.5157
1950 11.2322
1951 3.2758
1952 2.8825
1953 9.9404
1954 0.9206
1955 0.0000
1956 0.3198
1957 9.1882
1958 5.1918
1959 7.1779
1960 -1.5597
1961 3.7686
1962 0.0000
1963 -0.3841
1964 -0.8769
1965 3.9707
1966 1.8460
1967 2.9633
1968 3.8839
1969 0.0000
1970 -2.1781
1971 5.2870
1972 2.1658
1973 5.1486
1974 -4.7899
1975 6.5708
1976 0.0000
1977 -0.2539
1978 7.7994
1979 3.3914
1980 7.0756
1981 -1.8847
1982 0.7846
1983 0.0000
1984 5.6782
1985 5.1845
1986 0.1236
1987 2.0930
1988 -2.4218
1989 3.2690
1990 0.0000
1991 -2.5872
1992 -5.0750
1993 7.0218
1994 10.9668
1995 -0.6854
1996 6.7718
1997 0.0000
1998 7.5786
1999 9.9577
2000 3.2910
2001 1.9931
2002 6.2449
2003 4.3156
2004 0.0000
2005 -2.8334
2006 -4.7766
2007 6.1966
2008 9.5930
2009 3.7618
2010 -0.3879
2011 0.0000
2012 -4.6833
2013 0.2273
2014 0.0000
2015 6.3130
2016 -3.0451
2017 6.8484
2018 -1.1614
2019 2.0934
2020 5.1742
2021 0.3784
2022 -7.4623
2023 0.0000
2024 5.3335
2025 -2.0313
2026 0.0000
2027 7.0001
2028 0.0000
2029 4.4346
2030 0.0000
2031 8.7769
2032 4.1232
2033 0.0000
2034 5.7505
2035 5.1220
2036 0.0000
2037 3.2771
2038 3.6327
2039 5.9853
2040 0.0000
2041 -1.1706
2042 2.9332
2043 0.0000
2044 7.3611
2045 0.3572
2046 1.9822
2047 0.0000
2048 -1.4842
2049 -0.4260
2050 0.0000
2051 5.2995
2052 7.6292
2053 2.0681
2054 0.0000
2055 2.0038
2056 14.9761
2057 0.0000
2058 1.0127
2059 4.7493
2060 8.2525
2061 0.0000
2062 -0.8854
2063 7.9005
2064 0.0000
2065 -3.7181
2066 1.2791
2067 2.4498
2068 0.0000
2069 -1.8908
2070 5.2762
2071 0.0000
2072 3.4309
2073 1.5186
2074 4.8485
2075 0.0000
2076 5.4917
2077 -0.2533
2078 0.0000
2079 -5.4512
2080 1.3385
2081 5.4957
2082 0.0000
2083 -2.2241
2084 -1.9771
2085 0.0000
2086 3.1892
2087 -2.6361
2088 3.0972
2089 0.0000
2090 0.7045
2091 10.9406
2092 0.0000
2093 3.7369
2094 -1.6497
2095 9.2444
2096 0.0000
2097 0.1641
2098 5.2279
2099 0.0000
2100 3.7883
2101 5.0544
2102 -0.1763
2103 0.0000
2104 -1.3287
2105 2.7625
2106 0.0000
2107 -3.9390
2108 -4.7717
2109 10.5812
2110 0.0000
2111 6.5687
2112 -2.8970
2113 0.0000
2114 2.4159
2115 1.7260
2116 -1.1309
2117 0.0000
2118 -1.1232
2119 5.0488
2120 0.0000
2121 -2.9555
2122 8.5560
2123 11.4124
2124 0.0000
2125 -0.9142
2126 4.8419
2127 0.0000
2128 3.5277
2129 4.0806
2130 9.9864
2131 0.0000
2132 2.5874
2133 -1.8654
2134 0.0000
2135 2.4149
2136 4.8302
2137 5.4222
2138 0.0000
2139 3.5834
2140 1.2352
2141 0.0000
2142 7.6698
2143 -3.2965
2144 1.0684
2145 0.0000
2146 -1.4569
2147 0.0000
2148 1.3668
2149 0.0000
2150 7.4090
2151 -2.5872
2152 0.0000
2153 8.5389
2154 0.0000
2155 8.1355
2156 0.0000
2157 2.1779
2158 8.9576
2159 3.2202
2160 0.0000
2161 5.5153
2162 5.6969
2163 5.8259
2164 0.0000
2165 6.8610
2166 0.4400
2167 7.7526
2168 0.0000
2169 7.7908
2170 0.0000
2171 5.2940
2172 0.0000
2173 1.3248
2174 4.4824
2175 0.0000
2176 -0.8161
2177 0.0000
2178 5.4231
2179 -5.1378
2180 7.2651
2181 7.2862
2182 -1.3788
2183 5.0994
2184 -4.5643
2185 0.1128
2186 3.6180
2187 5.3700
2188 5.7950
2189 4.7747
2190 4.1416
2191 3.7504
2192 10.6640
2193 3.7055
2194 0.0000
2195 0.9630
2196 2.9752
2197 8.0847
2198 5.6578
2199 0.9261
2200 10.0582
2201 10.5922
2202 0.2824
2203 0.0000
2204 -1.1212
2205 12.5178
2206 3.4791
2207 3.5735
2208 -3.7618
2209 8.1862
2210 0.0000
2211 2.5906
2212 9.2777
2213 3.3434
2214 0.0000
2215 5.5660
2216 7.5249
2217 -4.0409
2218 0.6330
2219 -0.5491
2220 3.9749
2221 -2.5783
2222 5.5254
2223 0.0000
2224 6.3578
2225 5.1378
2226 8.4421
2227 4.1418
2228 4.3980
2229 10.2912
2230 0.0000
2231 -1.7779
2232 1.6869
2233 5.7746
2234 0.0000
2235 -0.1177
2236 -1.7367
2237 -4.1761
2238 3.6722
2239 6.8136
2240 3.7991
2241 5.7193
2242 3.5558
2243 0.0000
2244 0.3854
2245 2.1843
2246 5.1524
2247 3.3771
2248 8.4411
2249 5.1081
2250 0.0000
2251 2.2433
2252 7.6874
2253 9.9538
2254 0.0000
2255 13.5364
2256 -0.5448
2257 2.3686
2258 1.3923
2259 -3.8528
2260 5.6619
2261 3.9588
2262 5.4341
2263 0.0000
2264 5.4220
2265 7.2024
2266 -2.4231
2267 4.3709
2268 6.2331
2269 7.5708
2270 0.0000
2271 4.5522
2272 1.3958
2273 -0.2188
2274 4.2009
2275 9.4020
2276 -3.5497
2277 7.4004
2278 -2.5949
2279 -3.8202
2280 2.9237
2281 0.8115
2282 3.1618
2283 0.2978
2284 0.0568
2285 0.0000
2286 8.9862
2287 1.2956
2288 7.3885
2289 -3.3243
2290 0.4115
2291 4.9335
2292 0.5987
2293 7.0771
2294 0.0000
2295 4.9988
2296 5.0044
2297 2.4252
2298 1.4236
2299 7.4520
2300 0.2802
2301 0.0000
2302 4.2680
2303 3.5118
2304 14.0751
2305 0.0000
2306 5.6866
2307 0.5463
2308 9.7911
2309 5.7722
2310 0.2345
2311 9.9310
2312 1.9060
2313 3.7845
2314 0.0000
2315 4.2762
2316 6.7372
2317 7.9472
2318 3.3554
2319 0.4064
2320 2.9831
2321 0.0000
2322 1.3051
2323 8.2784
2324 6.3526
2325 0.0000
2326 6.8902
2327 -9.0795
2328 12.0867
2329 5.1242
2330 6.9282
2331 5.1940
2332 -2.5306
2333 4.9674
2334 0.0000
2335 6.4021
2336 4.2181
2337 5.0458
2338 5.5201
2339 9.5748
2340 1.8231
2341 0.0000
2342 -10.1542
2343 -1.5503
2344 -1.9015
2345 0.0000
2346 -1.7226
2347 -5.1108
2348 3.8253
2349 -0.8771
2350 0.2252
2351 8.4789
2352 8.1648
2353 6.6911
2354 0.0000
2355 6.5647
2356 4.4810
2357 0.8643
2358 1.0918
2359 -0.4195
2360 5.8796
2361 0.0000
2362 7.7050
2363 -3.8668
2364 -1.2670
2365 -4.4683
2366 3.4932
2367 -2.8852
2368 13.8163
2369 7.1007
2370 4.1744
2371 7.8884
2372 -2.3162
2373 2.8159
2374 4.3630
2375 -2.7773
2376 0.0000
2377 -3.1709
2378 6.0707
2379 -0.4506
2380 -2.7072
2381 8.1203
2382 6.0399
2383 -1.1460
2384 -2.9938
2385 0.0000
2386 8.6749
2387 5.8902
2388 9.4536
2389 6.9854
2390 0.0183
2391 -1.2298
2392 0.0000
2393 3.8064
2394 5.4442
2395 11.0495
2396 0.0000
2397 -1.8706
2398 -0.0401
2399 1.8547
2400 5.4638
2401 1.3769
2402 7.5065
2403 12.0560
2404 9.6053
2405 0.0000
2406 1.9691
2407 2.8255
2408 -11.1038
2409 0.4349
2410 7.0808
2411 2.3105
2412 0.0000
2413 -3.5677
2414 5.9118
2415 13.5294
2416 0.0000
2417 4.8910
2418 -4.0228
2419 -4.3259
2420 3.3203
2421 2.0281
2422 -0.8961
2423 10.1611
2424 4.4667
2425 0.0000
2426 2.3583
2427 1.2388
2428 8.8692
2429 16.0908
2430 8.4509
2431 9.4738
2432 0.0000
2433 -6.4711
2434 5.6930
2435 -0.3776
2436 0.0000
2437 10.6473
2438 -3.1744
2439 -2.3944
2440 2.5935
2441 2.4751
2442 4.3964
2443 10.8818
2444 8.6131
2445 0.0000
2446 4.5166
2447 6.8899
2448 4.3896
2449 14.1939
2450 2.3041
2451 9.6679
2452 0.0000
2453 2.0877
2454 8.8360
2455 3.6821
2456 -0.0549
2457 6.2617
2458 5.6192
2459 7.9862
2460 4.9713
2461 -0.8897
2462 6.6495
2463 7.1984
2464 4.3186
2465 13.8187
2466 4.1895
2467 0.0000
2468 2.9593
2469 1.4104
2470 2.5978
2471 6.1471
2472 -10.4907
2473 -2.8455
2474 5.3437
2475 10.2264
2476 0.0000
2477 4.8020
2478 -2.1143
2479 1.3772
2480 6.1386
2481 10.1876
2482 1.8567
2483 0.0000
2484 -1.7196
2485 5.2005
2486 0.5367
2487 0.0000
2488 1.9007
2489 0.4268
2490 2.6568
2491 -1.5752
2492 -1.1301
2493 0.6399
2494 0.6460
2495 5.1672
2496 0.0000
2497 6.9769
2498 7.5127
2499 -4.0781
2500 -0.1110
2501 0.7316
2502 1.6736
2503 0.0000
2504 -4.4856
2505 5.8887
2506 -1.1642
2507 0.0000
2508 -1.5963
2509 -2.1654
2510 8.8259
2511 -2.4133
2512 -1.5318
2513 9.7681
2514 1.9052
2515 -2.8418
2516 0.0000
2517 2.1533
2518 2.3466
2519 5.9350
2520 1.6593
2521 3.1515
2522 0.4789
2523 0.0000
2524 -2.1845
2525 4.1467
2526 3.4733
2527 0.0000
2528 0.8861
2529 0.9782
2530 7.9958
2531 3.9228
2532 2.7922
2533 4.3070
2534 3.9153
2535 8.9794
2536 0.0000
2537 5.0376
2538 7.8726
2539 1.2754
2540 8.7128
2541 -0.2000
2542 0.6809
2543 0.0000
2544 3.9860
2545 0.0000
2546 1.0166
2547 0.0000
2548 7.6511
2549 6.2994
2550 -0.4712
2551 -0.4204
2552 -3.2685
2553 5.6720
2554 -8.9798
2555 6.0885
2556 0.0000
2557 4.2050
2558 3.4135
2559 1.9788
2560 3.3290
2561 2.6314
2562 7.2597
2563 0.0000
2564 2.1006
2565 7.9146
2566 9.5741
2567 6.2240
2568 3.6239
2569 6.2992
2570 0.0000
2571 5.7937
2572 3.1753
2573 2.1773
2574 6.3322
2575 5.0389
2576 -1.9354
2577 0.0000
2578 3.2212
2579 0.6450
2580 4.5591
2581 3.1598
2582 4.1712
2583 -0.8504
2584 0.0000
2585 -3.2852
2586 3.5882
2587 5.4117
2588 9.7180
2589 11.9771
2590 7.1085
2591 0.0000
2592 1.2143
2593 4.8340
2594 1.1204
2595 -0.4647
2596 7.3193
2597 5.0925
2598 0.0000
2599 5.0755
2600 8.7741
2601 3.3652
2602 4.5139
2603 -0.0590
2604 -1.1107
2605 0.0000
2606 2.2820
2607 8.3778
2608 1.4520
2609 0.1928
2610 7.3137
2611 6.6017
2612 0.0000
2613 1.5317
2614 3.3574
2615 0.2452
2616 3.9979
2617 -0.2853
2618 -0.9589
2619 0.0000
2620 1.4532
2621 1.2977
2622 9.6385
2623 0.2059
2624 3.3526
2625 2.5859
2626 0.0000
2627 -0.6439
2628 10.9841
2629 3.3997
2630 2.4432
2631 3.7805
2632 2.0057
2633 0.0000
2634 3.3675
2635 6.3830
2636 12.1765
2637 1.2947
2638 -0.4148
2639 -1.0142
2640 0.0000
2641 -4.5624
2642 -2.7602
2643 3.4734
2644 7.5657
2645 5.9702
2646 7.1222
2647 0.0000
2648 -0.2222
2649 2.8493
2650 8.1663
2651 8.1712
2652 3.8469
2653 6.2860
2654 0.0000
2655 -1.0832
2656 2.5680
2657 0.0291
2658 0.2836
2659 2.2436
2660 0.6017
2661 0.0000
2662 2.5502
2663 0.0000
2664 7.0145
2665 0.0000
2666 6.7809
2667 0.0000
2668 7.4310
2669 -0.2267
2670 0.0000
2671 0.4152
2672 4.5090
2673 10.9601
2674 -4.0720
2675 0.0000
2676 -3.4318
2677 0.0004
2678 6.6234
2679 0.0000
2680 -6.7984
2681 7.9393
2682 13.2173
2683 0.0000
2684 -1.1122
2685 10.7020
2686 7.8798
2687 0.5762
2688 1.8538
2689 2.4590
2690 9.8766
2691 9.5637
2692 3.3058
2693 0.0000
2694 8.8973
2695 -0.3409
2696 7.5025
2697 4.1754
2698 -3.1309
2699 2.0268
2700 0.0000
2701 6.5090
2702 -1.8676
2703 6.4962
2704 -4.5199
2705 -1.1724
2706 -0.0432
2707 0.0000
2708 7.1065
2709 -1.7546
2710 6.5158
2711 10.3673
2712 13.4376
2713 8.8756
2714 0.0000
2715 3.3509
2716 5.6401
2717 2.3254
2718 3.4977
2719 0.6760
2720 -4.6122
2721 0.0000
2722 -0.6969
2723 11.7066
2724 6.4871
2725 2.2209
2726 3.2062
2727 2.0521
2728 0.0000
2729 5.0780
2730 6.6293
2731 7.4852
2732 3.2125
2733 -2.1423
2734 7.4590
2735 0.0000
2736 1.9978
2737 13.8360
2738 1.3287
2739 1.6938
2740 4.0600
2741 4.8777
2742 0.0000
2743 -3.1428
2744 7.6605
2745 5.0881
2746 10.2152
2747 6.4887
2748 8.8642
2749 0.0000
2750 2.2288
2751 4.7354
2752 2.1993
2753 0.7177
2754 2.8288
2755 4.7971
2756 0.0000
2757 -0.9488
2758 5.1922
2759 5.6994
2760 6.4966
2761 3.1863
2762 12.6908
2763 0.0000
2764 -2.8767
2765 2.9150
2766 13.0341
2767 3.9612
2768 3.9446
2769 -0.0669
2770 0.0000
2771 4.9763
2772 -4.3273
2773 0.0000
2774 17.4605
2775 -3.0090
2776 -0.4234
2777 0.4792
2778 -4.5252
2779 -0.9520
2780 -4.2055
2781 -4.6353
2782 0.0000
2783 2.7943
2784 -0.6516
2785 0.0000
2786 1.8768
2787 0.0000
2788 -0.4352
2789 0.0000
2790 8.5690
2791 2.5920
2792 0.0000
2793 7.2684
2794 -2.5782
2795 0.0000
2796 5.6252
2797 5.4806
2798 0.3712
2799 0.0000
2800 4.7286
2801 6.3775
2802 0.0000
2803 1.8913
2804 0.4805
2805 -3.2643
2806 0.0000
2807 -0.3977
2808 7.1130
2809 0.0000
2810 -3.7462
2811 3.7561
2812 2.8916
2813 0.0000
2814 0.7310
2815 8.4779
2816 0.0000
2817 0.6019
2818 5.9170
2819 -2.5760
2820 0.0000
2821 -1.6187
2822 7.6983
2823 0.0000
2824 1.1303
2825 3.7974
2826 -2.7844
2827 0.0000
2828 -2.4733
2829 1.8167
2830 0.0000
2831 8.4617
2832 1.1639
2833 0.3793
2834 0.0000
2835 12.6870
2836 -2.3804
2837 0.0000
2838 2.2518
2839 2.1413
2840 2.4451
2841 0.0000
2842 1.3626
2843 10.3283
2844 0.0000
2845 4.6432
2846 7.3356
2847 3.2800
2848 0.0000
2849 1.5605
2850 -1.6697
2851 0.0000
2852 7.8030
2853 2.2259
2854 7.1427
2855 0.0000
2856 4.6369
2857 1.4271
2858 0.0000
2859 7.3756
2860 8.5923
2861 2.4682
2862 0.0000
2863 -1.7170
2864 -3.1886
2865 0.0000
2866 3.0150
2867 2.7101
2868 6.2671
2869 0.0000
2870 -1.9393
2871 -5.0033
2872 0.0000
2873 2.5658
2874 4.5241
2875 12.1245
2876 0.0000
2877 5.2937
2878 2.7883
2879 0.0000
2880 -3.3902
2881 1.4057
2882 -1.0331
2883 0.0000
2884 -1.4835
2885 0.8263
2886 0.0000
2887 -1.0859
2888 3.8694
2889 14.1268
2890 0.0000
2891 -1.6631
2892 -2.5488
2893 0.0000
2894 6.6614
2895 11.7731
2896 3.6319
2897 0.0000
2898 3.3306
2899 -9.9028
2900 0.0000
2901 2.4544
2902 -4.5183
2903 -1.7481
2904 0.0000
2905 2.2716
2906 0.0000
2907 0.2937
2908 0.0000
2909 -1.8812
2910 4.7193
2911 0.0000
2912 6.7959
2913 0.0000
2914 4.3955
2915 0.0000
2916 5.7040
2917 2.0370
2918 1.9226
2919 0.0000
2920 -0.1124
2921 3.4631
2922 4.0203
2923 0.0000
2924 1.6106
2925 1.4265
2926 12.3397
2927 0.0000
2928 1.3285
2929 0.0000
2930 3.3863
2931 0.0000
2932 4.3482
2933 7.6494
2934 0.0000
2935 1.4806
2936 0.0000
2937 2.9430
2938 -3.7912
2939 -2.1604
2940 3.9934
2941 -1.4251
2942 3.4165
2943 3.9358
2944 6.4428
2945 3.1139
2946 3.4019
2947 8.6656
2948 -1.8657
2949 1.1841
2950 7.4702
2951 3.2623
2952 2.3875
2953 0.0000
2954 -2.7993
2955 -2.3833
2956 0.3222
2957 -1.9930
2958 -4.4251
2959 7.3545
2960 7.4519
2961 0.1396
2962 0.0000
2963 6.6979
2964 6.6209
2965 5.9333
2966 4.8847
2967 3.6826
2968 -0.4106
2969 0.0000
2970 8.3020
2971 7.6578
2972 4.8192
2973 0.0000
2974 2.7607
2975 5.2725
2976 12.7737
2977 -2.3132
2978 -1.7602
2979 10.4295
2980 -0.4223
2981 0.4701
2982 0.0000
2983 1.9414
2984 2.7817
2985 5.1250
2986 2.4712
2987 2.4826
2988 4.8628
2989 0.0000
2990 -6.8462
2991 6.9940
2992 0.6305
2993 0.0000
2994 5.9258
2995 -2.4599
2996 -2.8722
2997 0.2590
2998 -6.9606
2999 5.9454
3000 -0.0918
3001 7.6756
3002 0.0000
3003 14.6850
3004 4.5417
3005 4.2780
3006 6.1518
3007 3.1869
3008 2.3343
3009 0.0000
3010 -1.2524
3011 0.8392
3012 6.2198
3013 0.0000
3014 3.5210
3015 -0.2556
3016 -2.5544
3017 0.0269
3018 3.3694
3019 -1.3939
3020 -1.4072
3021 1.3658
3022 0.0000
3023 13.7763
3024 2.2187
3025 10.6648
3026 -1.0732
3027 4.3315
3028 0.4195
3029 0.0000
3030 3.1581
3031 -0.3292
3032 10.3531
3033 2.3066
3034 0.1790
3035 9.8398
3036 4.1793
3037 -1.0671
3038 4.6568
3039 4.3245
3040 -2.1610
3041 0.3105
3042 6.2880
3043 -4.5232
3044 0.0000
3045 10.5596
3046 3.1897
3047 3.0743
3048 4.6199
3049 2.3068
3050 8.9458
3051 5.2439
3052 6.5729
3053 0.0000
3054 3.8417
3055 -10.0332
3056 -5.3493
3057 0.5418
3058 4.9941
3059 8.1887
3060 0.0000
3061 -1.5306
3062 1.7181
3063 -1.0899
3064 0.0000
3065 -1.5820
3066 0.2271
3067 6.8798
3068 4.7360
3069 5.5864
3070 7.8593
3071 -0.1126
3072 7.8496
3073 0.0000
3074 8.6675
3075 1.5180
3076 2.4862
3077 0.7372
3078 -3.7703
3079 12.1801
3080 0.0000
3081 4.5173
3082 4.6523
3083 -0.2888
3084 0.0000
3085 -1.3593
3086 -8.5124
3087 4.8627
3088 8.2250
3089 5.4144
3090 10.4124
3091 9.2317
3092 -2.5437
3093 0.0000
3094 5.7540
3095 -2.1930
3096 1.4918
3097 0.4889
3098 7.4992
3099 -0.1528
3100 0.0000
3101 -6.0806
3102 2.9882
3103 1.1676
3104 0.0000
3105 1.5023
3106 5.9165
3107 9.6973
3108 8.7637
3109 -4.7480
3110 12.7281
3111 11.3706
3112 6.8696
3113 0.0000
3114 1.0622
3115 3.5019
3116 -3.4941
3117 3.3271
3118 0.5098
3119 5.1710
3120 0.0000
3121 -5.5665
3122 -0.2955
3123 8.0422
3124 -1.0986
3125 5.7760
3126 4.6190
3127 6.8103
3128 -1.9047
3129 1.3647
3130 -0.6299
3131 3.8709
3132 5.7484
3133 2.2849
3134 9.8397
3135 0.0000
3136 4.1828
3137 2.0181
3138 3.8613
3139 5.5309
3140 -1.4784
3141 -5.1238
3142 -8.7196
3143 5.2379
3144 0.0000
3145 6.2851
3146 7.6163
3147 -3.4289
3148 -3.2549
3149 10.3670
3150 4.1942
3151 0.0000
3152 8.6346
3153 -0.1550
3154 11.8131
3155 0.0000
3156 0.8856
3157 -4.1911
3158 5.6826
3159 4.8696
3160 -4.6191
3161 3.6091
3162 6.5472
3163 1.1907
3164 0.0000
3165 13.3516
3166 2.6693
3167 8.5960
3168 6.6180
3169 6.1962
3170 5.2138
3171 0.0000
3172 6.0490
3173 2.5430
3174 5.5732
3175 0.0000
3176 4.4884
3177 -6.7101
3178 4.0211
3179 3.8508
3180 -0.4106
3181 14.1343
3182 1.0692
3183 7.4436
3184 0.0000
3185 3.3599
3186 8.4562
3187 2.5672
3188 2.0912
3189 8.0143
3190 -3.4591
3191 0.0000
3192 2.5397
3193 0.9006
3194 5.4082
3195 0.0000
3196 8.1964
3197 0.6302
3198 -2.9204
3199 7.0834
3200 -3.3568
3201 -2.4506
3202 1.0149
3203 1.7249
3204 0.0000
3205 5.7197
3206 4.1593
3207 10.5326
3208 10.7993
3209 -0.5984
3210 2.3069
3211 0.0000
3212 -4.9384
3213 3.2231
3214 -4.6869
3215 10.0323
3216 3.6236
3217 13.7527
3218 1.3596
3219 7.1936
3220 5.4210
3221 3.1465
3222 3.0243
3223 -3.7037
3224 4.9209
3225 11.0875
3226 0.0000
3227 6.1907
3228 2.0669
3229 9.0703
3230 7.4423
3231 -1.8423
3232 -0.2061
3233 6.0251
3234 10.8755
3235 0.0000
3236 8.0883
3237 5.3454
3238 1.9042
3239 3.8526
3240 11.1857
3241 6.7513
3242 0.0000
3243 -3.4740
3244 3.6869
3245 6.0160
3246 0.0000
3247 4.2859
3248 7.7624
3249 8.1101
3250 -3.0548
3251 -1.7219
3252 -3.4223
3253 -5.6219
3254 2.4980
3255 0.0000
3256 0.4236
3257 5.9408
3258 4.6676
3259 12.3216
3260 10.1591
3261 4.8600
3262 0.0000
3263 1.3781
3264 4.8791
3265 3.7760
3266 0.0000
3267 9.1555
3268 -5.5879
3269 5.6492
3270 10.8991
3271 0.1672
3272 17.9816
3273 -0.3602
3274 2.3084
3275 0.0000
3276 4.0714
3277 -0.1640
3278 5.9174
3279 -0.9658
3280 5.9889
3281 -2.1247
3282 0.0000
3283 0.0733
3284 7.9864
3285 -2.4014
3286 0.0000
3287 3.2862
3288 -1.7323
3289 7.2623
3290 1.1962
3291 -0.6196
3292 14.8373
3293 -8.5192
3294 1.2991
3295 0.0000
3296 1.3544
3297 3.4302
3298 3.4890
3299 7.5250
3300 -1.8087
3301 2.3857
3302 0.0000
3303 6.6262
3304 0.0000
3305 5.3891
3306 0.0000
3307 12.3569
3308 5.1859
3309 4.0111
3310 0.1904
3311 2.9941
3312 -2.5867
3313 6.5403
3314 4.8231
3315 0.0000
3316 5.7038
3317 5.0007
3318 7.1803
3319 7.9981
3320 -0.2244
3321 -1.6884
3322 0.0000
3323 -2.9395
3324 10.3263
3325 5.3555
3326 -3.0782
3327 11.0848
3328 2.8573
3329 0.0000
3330 -4.5142
3331 5.8520
3332 5.0877
3333 9.0690
3334 6.6340
3335 -0.0826
3336 0.0000
3337 3.9917
3338 3.5349
3339 0.6867
3340 7.0203
3341 2.9779
3342 6.8099
3343 0.0000
3344 0.9665
3345 3.3327
3346 0.8718
3347 3.5686
3348 1.1885
3349 0.8031
3350 0.0000
3351 7.7496
3352 2.6317
3353 -2.2701
3354 -1.1601
3355 9.7901
3356 5.8954
3357 0.0000
3358 3.0963
3359 2.8685
3360 7.4433
3361 0.9441
3362 4.5725
3363 12.5177
3364 0.0000
3365 1.6426
3366 -6.0369
3367 3.4169
3368 8.5093
3369 -0.9981
3370 9.8342
3371 0.0000
3372 -4.4441
3373 -7.1335
3374 1.8583
3375 6.7022
3376 1.6297
3377 -3.1036
3378 0.0000
3379 -7.0207
3380 2.1104
3381 5.0303
3382 -0.4778
3383 5.1900
3384 1.0119
3385 0.0000
3386 0.7962
3387 2.3347
3388 5.5677
3389 0.4007
3390 0.1917
3391 3.9645
3392 0.0000
3393 -3.1143
3394 9.8797
3395 5.1655
3396 -0.1898
3397 2.2240
3398 1.6075
3399 0.0000
3400 6.1567
3401 2.9265
3402 9.4394
3403 1.3332
3404 1.7009
3405 3.2011
3406 0.0000
3407 0.5258
3408 -5.1493
3409 6.6454
3410 14.3704
3411 6.3575
3412 3.0768
3413 0.0000
3414 5.9010
3415 1.4022
3416 2.8258
3417 -1.0253
3418 -2.7547
3419 -5.1405
3420 0.0000
3421 2.6376
3422 0.0000
3423 2.9159
3424 0.0000
3425 8.8464
3426 0.0000
3427 10.9030
3428 5.5286
3429 0.0000
3430 10.2344
3431 2.2197
3432 4.3184
3433 -5.1318
3434 0.0000
3435 -0.9984
3436 2.9964
3437 7.7767
3438 0.0000
3439 0.7166
3440 7.3379
3441 11.3805
3442 0.0000
3443 0.0223
3444 2.1391
3445 -1.0541
3446 11.1765
3447 -0.8336
3448 4.9328
3449 2.0822
3450 1.4922
3451 8.1513
3452 0.0000
3453 -1.1711
3454 -0.3186
3455 6.8253
3456 0.8568
3457 2.4829
3458 2.9340
3459 0.0000
3460 -2.4947
3461 2.8999
3462 13.3038
3463 5.2514
3464 -1.3576
3465 5.8703
3466 0.0000
3467 2.5009
3468 0.8915
3469 5.1356
3470 8.0831
3471 -1.8947
3472 1.5916
3473 0.0000
3474 1.2933
3475 6.4744
3476 6.5888
3477 0.6503
3478 5.1473
3479 -1.6993
3480 0.0000
3481 0.3080
3482 -8.8640
3483 6.4609
3484 1.3756
3485 2.9505
3486 -0.6793
3487 0.0000
3488 1.7991
3489 11.5714
3490 10.9854
3491 2.9239
3492 2.2858
3493 9.3160
3494 0.0000
3495 -2.6353
3496 -2.4424
3497 6.9834
3498 0.9273
3499 0.7922
3500 6.6596
3501 0.0000
3502 -3.8372
3503 4.5388
3504 -1.3723
3505 -1.3335
3506 0.7184
3507 5.0963
3508 0.0000
3509 0.6513
3510 10.1277
3511 4.2867
3512 4.0018
3513 1.6728
3514 4.4288
3515 0.0000
3516 0.6961
3517 8.1717
3518 0.5151
3519 3.4821
3520 1.8460
3521 2.0999
3522 0.0000
3523 -6.1460
3524 1.5973
3525 11.5065
3526 8.9412
3527 3.3909
3528 -1.2938
3529 0.0000
3530 0.4681
3531 3.0906
3532 0.0000
3533 3.4410
3534 -0.1492
3535 0.8348
3536 2.4997
3537 -3.4264
3538 -1.0829
3539 8.6096
3540 -2.8513
3541 0.0000
3542 0.6157
3543 -1.0443
3544 0.0000
3545 3.4070
3546 0.0000
3547 2.1426
3548 0.0000
3549 4.3153
3550 4.2808
3551 0.0000
3552 -2.3713
3553 2.1801
3554 0.0000
3555 1.6999
3556 9.4654
3557 9.0058
3558 0.0000
3559 0.8053
3560 2.7088
3561 0.0000
3562 7.8474
3563 8.8230
3564 0.7968
3565 0.0000
3566 5.8263
3567 0.9264
3568 0.0000
3569 -0.1501
3570 6.7922
3571 2.4083
3572 0.0000
3573 1.2602
3574 2.9968
3575 0.0000
3576 5.3420
3577 1.3358
3578 7.0246
3579 0.0000
3580 0.1145
3581 6.7830
3582 0.0000
3583 5.7421
3584 6.4363
3585 2.8445
3586 0.0000
3587 7.2248
3588 5.7767
3589 0.0000
3590 1.9662
3591 -2.0629
3592 7.5507
3593 0.0000
3594 -5.8798
3595 -1.3108
3596 0.0000
3597 1.9141
3598 -0.5105
3599 4.5466
3600 0.0000
3601 1.2398
3602 9.1484
3603 0.0000
3604 4.2871
3605 0.8896
3606 1.1024
3607 0.0000
3608 -2.8371
3609 6.7935
3610 0.0000
3611 -2.8738
3612 -0.7972
3613 2.6347
3614 0.0000
3615 1.6911
3616 4.2197
3617 0.0000
3618 7.1750
3619 2.8777
3620 3.7061
3621 0.0000
3622 -6.9607
3623 4.9728
3624 0.0000
3625 1.5576
3626 8.5864
3627 10.5810
3628 0.0000
3629 -1.6642
3630 8.6030
3631 0.0000
3632 2.6540
3633 4.8700
3634 -1.1234
3635 0.0000
3636 2.5710
3637 0.5694
3638 0.0000
3639 4.9275
3640 8.9683
3641 2.7377
3642 0.0000
3643 2.1315
3644 -0.2034
3645 0.0000
3646 3.7962
3647 3.1902
3648 -1.0164
3649 0.0000
3650 -4.6926
3651 7.9745
3652 0.0000
3653 -5.6878
3654 -0.8513
3655 -0.3355
3656 0.0000
3657 -2.8551
3658 -0.2136
3659 0.0000
3660 6.4789
3661 5.9676
3662 9.2977
3663 0.0000
3664 -5.0087
3665 0.0000
3666 5.7414
3667 0.0000
3668 0.7445
3669 4.1610
3670 0.0000
3671 2.3511
3672 0.0000
3673 5.1695
3674 0.0000
3675 2.0283
3676 6.2189
3677 2.0784
3678 0.0000
3679 0.0439
3680 3.5155
3681 3.8148
3682 0.0000
3683 -3.5871
3684 2.8939
3685 2.4081
3686 0.0000
3687 -0.3097
3688 0.0000
3689 9.9492
3690 0.0000
3691 -0.8963
3692 11.6265
3693 0.0000
3694 -0.1299
3695 0.0000
3696 5.1131
3697 -0.8986
3698 1.1429
3699 1.6090
3700 1.9261
3701 1.2045
3702 7.3491
3703 13.7059
3704 2.5961
3705 5.0147
3706 6.2768
3707 6.7369
3708 8.7723
3709 6.6667
3710 0.1712
3711 7.1980
3712 0.0000
3713 2.1510
3714 -3.1319
3715 1.4995
3716 1.2100
3717 -13.0287
3718 -1.8352
3719 -1.8442
3720 5.7138
3721 0.0000
3722 0.7011
3723 5.1444
3724 8.4210
3725 -1.0297
3726 16.5730
3727 9.6033
3728 0.0000
3729 1.0901
3730 -4.4427
3731 8.0008
3732 0.0000
3733 8.5554
3734 -6.9122
3735 2.3275
3736 1.5309
3737 1.0959
3738 13.0024
3739 6.6080
3740 3.5894
3741 0.0000
3742 8.8427
3743 7.3462
3744 3.6328
3745 8.4316
3746 4.0584
3747 11.1433
3748 0.0000
3749 2.4885
3750 4.6759
3751 4.9074
3752 0.0000
3753 3.6830
3754 -2.5060
3755 9.5479
3756 7.6357
3757 -0.9413
3758 16.5913
3759 4.1572
3760 6.9433
3761 0.0000
3762 8.1527
3763 8.6561
3764 9.6386
3765 8.3127
3766 3.0599
3767 3.5718
3768 0.0000
3769 4.4280
3770 5.9757
3771 8.1002
3772 0.0000
3773 7.0388
3774 0.0758
3775 0.6567
3776 -7.4596
3777 -3.8897
3778 -2.3122
3779 -1.3211
3780 3.1472
3781 0.0000
3782 6.1916
3783 -2.9768
3784 3.0611
3785 5.9216
3786 2.7392
3787 4.8831
3788 0.0000
3789 -0.6375
3790 -6.1789
3791 6.3343
3792 11.4296
3793 8.0686
3794 -1.3306
3795 0.8607
3796 10.8116
3797 6.2773
3798 5.4994
3799 7.2474
3800 0.6374
3801 2.4140
3802 -1.8976
3803 0.0000
3804 -3.1476
3805 -9.3524
3806 1.7938
3807 1.1507
3808 7.5943
3809 -2.2459
3810 0.0414
3811 -0.3144
3812 0.0000
3813 2.9028
3814 -1.2741
3815 4.7826
3816 1.4989
3817 1.3704
3818 5.2324
3819 0.0000
3820 2.5603
3821 3.4690
3822 -1.0724
3823 0.0000
3824 7.9837
3825 2.2050
3826 3.7843
3827 0.3728
3828 5.9113
3829 3.0227
3830 11.8314
3831 7.0083
3832 0.0000
3833 3.8121
3834 6.7075
3835 1.6490
3836 3.2406
3837 -4.8447
3838 6.1654
3839 0.0000
3840 2.7305
3841 -6.1789
3842 1.1989
3843 0.0000
3844 2.6269
3845 3.1562
3846 4.5135
3847 11.5477
3848 -4.3068
3849 1.0178
3850 2.6224
3851 9.7690
3852 0.0000
3853 7.9978
3854 10.8951
3855 3.0109
3856 15.0308
3857 2.4886
3858 8.7805
3859 0.0000
3860 -4.7477
3861 2.2341
3862 1.1914
3863 0.0000
3864 10.2117
3865 -0.6232
3866 5.1469
3867 2.0966
3868 -3.3522
3869 -2.3697
3870 2.7493
3871 4.0129
3872 0.0000
3873 5.7788
3874 4.4378
3875 8.7988
3876 5.7527
3877 1.1811
3878 4.5176
3879 0.0000
3880 1.8241
3881 3.5184
3882 3.7364
3883 5.3368
3884 -7.4585
3885 4.8881
3886 1.4019
3887 0.7845
3888 0.5904
3889 9.7205
3890 5.7488
3891 4.0373
3892 1.9446
3893 8.7856
3894 0.0000
3895 4.0458
3896 -1.5327
3897 2.8201
3898 1.7264
3899 4.3935
3900 7.9308
3901 3.9254
3902 3.1720
3903 0.0000
3904 4.5792
3905 2.7137
3906 9.2713
3907 -0.5161
3908 3.3633
3909 1.9445
3910 0.0000
3911 4.3461
3912 9.4765
3913 1.9571
3914 0.0000
3915 5.2852
3916 -0.5375
3917 -5.7193
3918 4.0518
3919 5.4753
3920 -5.3834
3921 -2.7422
3922 -0.2631
3923 0.0000
3924 1.1681
3925 1.4357
3926 2.8157
3927 3.2096
3928 6.9574
3929 3.7485
3930 0.0000
3931 -1.0893
3932 -0.1648
3933 10.7237
3934 0.0000
3935 5.3655
3936 1.0232
3937 2.9906
3938 2.2187
3939 0.4015
3940 8.8306
3941 2.5933
3942 8.4301
3943 0.0000
3944 10.3963
3945 7.7871
3946 -0.4494
3947 1.7269
3948 5.0859
3949 0.3218
3950 0.0000
3951 -6.1524
3952 9.7272
3953 3.8291
3954 0.0000
3955 9.2208
3956 3.0301
3957 2.9617
3958 5.0967
3959 3.8473
3960 16.8307
3961 0.5314
3962 4.4397
3963 0.0000
3964 3.7241
3965 0.8218
3966 0.6273
3967 4.1270
3968 4.4098
3969 0.2378
3970 0.0000
3971 0.7536
3972 2.7861
3973 5.5862
3974 8.5982
3975 3.4338
3976 6.1002
3977 0.4755
3978 5.5167
3979 4.5099
3980 -1.3284
3981 6.3716
3982 0.0791
3983 2.8443
3984 0.2704
3985 0.0000
3986 4.1561
3987 -1.3100
3988 5.6790
3989 0.7620
3990 -1.8997
3991 8.3034
3992 8.4921
3993 0.7824
3994 0.0000
3995 7.1750
3996 5.7324
3997 3.4024
3998 8.0889
3999 8.5608
4000 1.4939
4001 0.0000
4002 5.2837
4003 1.1725
4004 16.7190
4005 0.0000
4006 -6.2777
4007 -5.3872
4008 -1.7083
4009 7.2200
4010 -7.5338
4011 10.1082
4012 2.3807
4013 -0.3851
4014 0.0000
4015 0.2144
4016 -3.6996
4017 5.0402
4018 1.4915
4019 0.9510
4020 7.8709
4021 0.0000
4022 -0.6462
4023 -0.8713
4024 9.1086
4025 0.0000
4026 3.1339
4027 -1.3131
4028 11.0099
4029 12.5485
4030 3.8945
4031 11.3900
4032 6.9736
4033 -2.1479
4034 0.0000
4035 12.2432
4036 2.8707
4037 5.4886
4038 4.8760
4039 4.3159
4040 -3.5911
4041 0.0000
4042 -3.7571
4043 5.7779
4044 9.6398
4045 0.0000
4046 0.3624
4047 4.9634
4048 3.2886
4049 2.9150
4050 3.5241
4051 8.6180
4052 6.6266
4053 9.9665
4054 0.0000
4055 11.5646
4056 2.7433
4057 4.6342
4058 4.5821
4059 4.3630
4060 1.7933
4061 0.0000
4062 0.9968
4063 0.0000
4064 -0.0847
4065 0.0000
4066 1.3835
4067 6.0383
4068 4.5269
4069 3.9847
4070 7.4658
4071 1.8261
4072 0.7549
4073 0.4859
4074 0.0000
4075 -1.2720
4076 4.3634
4077 11.0742
4078 11.8509
4079 5.0506
4080 3.9910
4081 0.0000
4082 4.0088
4083 7.2456
4084 2.8287
4085 6.1082
4086 4.2019
4087 -0.4205
4088 0.0000
4089 -0.9399
4090 4.9764
4091 0.5667
4092 3.1048
4093 7.4631
4094 -1.0021
4095 0.0000
4096 2.5629
4097 -6.0200
4098 -0.8541
4099 5.3924
4100 7.8465
4101 3.2663
4102 0.0000
4103 2.5540
4104 5.0822
4105 2.0673
4106 5.1749
4107 5.2345
4108 -2.4551
4109 0.0000
4110 3.8449
4111 5.9082
4112 4.5916
4113 2.2465
4114 -1.2881
4115 6.1450
4116 0.0000
4117 0.0625
4118 5.0943
4119 9.7649
4120 10.3838
4121 3.8012
4122 -1.4128
4123 0.0000
4124 -1.4373
4125 11.0058
4126 3.8233
4127 0.0546
4128 1.3684
4129 8.2540
4130 0.0000
4131 4.7540
4132 13.7838
4133 -0.6810
4134 0.3634
4135 -0.7060
4136 1.6840
4137 0.0000
4138 -3.6950
4139 4.2703
4140 -1.9466
4141 8.4934
4142 4.8323
4143 8.8317
4144 0.0000
4145 -4.1335
4146 12.5621
4147 5.3205
4148 4.4043
4149 0.4929
4150 -9.4325
4151 0.0000
4152 4.1223
4153 10.2582
4154 7.1539
4155 8.3950
4156 3.2779
4157 3.1251
4158 0.0000
4159 2.1630
4160 -1.5082
4161 1.8988
4162 0.2830
4163 6.3099
4164 -4.9046
4165 0.0000
4166 -2.8993
4167 7.4856
4168 -4.0671
4169 0.4921
4170 6.4451
4171 1.8337
4172 0.0000
4173 2.4292
4174 4.1602
4175 3.3903
4176 -0.2794
4177 2.9547
4178 -2.1436
4179 0.0000
4180 6.4913
4181 0.0000
4182 1.0983
4183 0.0000
4184 0.5213
4185 0.0000
4186 0.9797
4187 6.5270
4188 0.0000
4189 2.0163
4190 4.1960
4191 3.2623
4192 0.0644
4193 0.0000
4194 8.0197
4195 4.4246
4196 7.8199
4197 0.0000
4198 10.3498
4199 3.6866
4200 -4.0310
4201 0.0000
4202 -0.5690
4203 5.1366
4204 0.7672
4205 3.5166
4206 9.9383
4207 5.4426
4208 2.9090
4209 7.7193
4210 3.6430
4211 0.0000
4212 2.4677
4213 1.7473
4214 0.2579
4215 -1.1847
4216 2.3761
4217 4.9769
4218 0.0000
4219 -3.6344
4220 7.5378
4221 6.6148
4222 3.2109
4223 -0.2533
4224 4.4484
4225 0.0000
4226 0.4258
4227 9.6762
4228 5.5913
4229 10.7594
4230 -0.1443
4231 3.1891
4232 0.0000
4233 4.7604
4234 6.9470
4235 5.5913
4236 6.6951
4237 2.6272
4238 0.6191
4239 0.0000
4240 8.7992
4241 4.1481
4242 5.3792
4243 14.5930
4244 1.5587
4245 1.0092
4246 0.0000
4247 0.2897
4248 -5.2771
4249 5.4184
4250 -6.3523
4251 7.4758
4252 4.9324
4253 0.0000
4254 2.6936
4255 4.1414
4256 2.0138
4257 -3.7801
4258 2.4111
4259 -4.3381
4260 0.0000
4261 -1.2646
4262 4.7196
4263 -2.1986
4264 5.1363
4265 0.8142
4266 7.0217
4267 0.0000
4268 4.8404
4269 5.3225
4270 -4.1922
4271 -1.9774
4272 6.2197
4273 9.1796
4274 0.0000
4275 -3.8938
4276 6.8461
4277 2.8874
4278 -2.3504
4279 5.8572
4280 2.0628
4281 0.0000
4282 -6.1397
4283 -1.0130
4284 7.4756
4285 10.7344
4286 -6.6470
4287 1.7534
4288 0.0000
4289 -9.3952
4290 -11.0887
4291 0.0000
4292 1.1422
4293 -2.2953
4294 2.7509
4295 3.7465
4296 0.6175
4297 3.9148
4298 4.3979
4299 0.0028
4300 0.0000
4301 -0.1254
4302 4.2667
4303 0.0000
4304 5.9132
4305 0.0000
4306 2.8413
4307 0.0000
4308 2.0360
4309 4.4264
4310 0.0000
4311 2.8176
4312 -0.3131
4313 0.0000
4314 -4.0936
4315 12.4634
4316 2.3612
4317 0.0000
4318 -3.4421
4319 -2.8977
4320 0.0000
4321 8.8099
4322 7.5075
4323 2.7511
4324 0.0000
4325 3.4413
4326 1.2117
4327 0.0000
4328 -6.1291
4329 12.9617
4330 -2.1767
4331 0.0000
4332 -4.2432
4333 3.9454
4334 0.0000
4335 1.6398
4336 0.6355
4337 -0.6681
4338 0.0000
4339 -0.5198
4340 1.6924
4341 0.0000
4342 -3.3559
4343 -3.4823
4344 2.9412
4345 0.0000
4346 0.1934
4347 13.5905
4348 0.0000
4349 5.1096
4350 2.3949
4351 0.9781
4352 0.0000
4353 2.2477
4354 5.5892
4355 0.0000
4356 3.4471
4357 3.4055
4358 8.9087
4359 0.0000
4360 4.9131
4361 4.2683
4362 0.0000
4363 -4.3731
4364 -3.6387
4365 7.9178
4366 0.0000
4367 -0.4758
4368 -5.5453
4369 0.0000
4370 10.1664
4371 1.1002
4372 4.8997
4373 0.0000
4374 -1.3254
4375 5.0638
4376 0.0000
4377 7.8555
4378 0.9517
4379 2.2201
4380 0.0000
4381 8.0719
4382 8.4561
4383 0.0000
4384 4.4384
4385 7.5230
4386 4.1483
4387 0.0000
4388 -0.5113
4389 8.7365
4390 0.0000
4391 1.3257
4392 -2.0713
4393 2.2751
4394 0.0000
4395 2.2850
4396 3.6471
4397 0.0000
4398 4.7626
4399 -0.6185
4400 2.7112
4401 0.0000
4402 1.8940
4403 -2.0063
4404 0.0000
4405 -0.9469
4406 6.7148
4407 9.8283
4408 0.0000
4409 -0.2605
4410 -4.8312
4411 0.0000
4412 8.7724
4413 6.4201
4414 9.6977
4415 0.0000
4416 -6.1898
4417 3.4553
4418 0.0000
4419 2.6398
4420 0.5150
4421 -2.1251
4422 0.0000
4423 1.8002
4424 0.0000
4425 1.4012
4426 0.0000
4427 2.3874
4428 0.7030
4429 0.0000
4430 -1.4353
4431 0.0000
4432 5.0527
4433 0.0000
4434 5.0937
4435 5.6704
4436 -3.1250
4437 0.0000
4438 0.5796
4439 1.7221
4440 11.9197
4441 0.0000
4442 2.8004
4443 4.4677
4444 1.4886
4445 0.0000
4446 1.4196
4447 0.0000
4448 -0.0377
4449 0.0000
4450 4.9853
4451 2.9801
4452 0.0000
4453 1.6260
4454 0.0000
4455 9.2043
4456 -6.7410
4457 -1.6344
4458 -3.3163
4459 1.6315
4460 9.5433
4461 -5.3105
4462 0.8058
4463 5.3491
4464 5.8772
4465 1.0412
4466 3.7421
4467 0.2540
4468 -1.1967
4469 12.4564
4470 -4.0164
4471 0.0000
4472 -1.9927
4473 3.4927
4474 0.4294
4475 -0.6615
4476 -4.6736
4477 12.7797
4478 0.5334
4479 6.2981
4480 0.0000
4481 4.1442
4482 9.2651
4483 12.4846
4484 2.6196
4485 -0.0465
4486 1.2156
4487 0.0000
4488 8.5017
4489 4.0446
4490 4.6989
4491 0.0000
4492 1.5242
4493 0.9835
4494 7.9708
4495 9.7585
4496 2.7788
4497 6.7308
4498 6.5390
4499 3.5493
4500 0.0000
4501 8.5150
4502 3.0749
4503 -1.4954
4504 2.6655
4505 -2.8458
4506 6.2649
4507 0.0000
4508 4.9365
4509 2.9765
4510 1.5015
4511 0.0000
4512 3.7227
4513 -6.9066
4514 -3.7752
4515 4.4013
4516 1.9639
4517 -2.3590
4518 -1.3229
4519 3.8406
4520 0.0000
4521 4.3342
4522 5.6714
4523 7.0680
4524 8.3366
4525 6.0102
4526 0.8239
4527 0.0000
4528 0.4511
4529 2.5375
4530 6.2912
4531 0.0000
4532 13.9646
4533 -3.8375
4534 2.0788
4535 6.1254
4536 -1.7212
4537 3.9070
4538 -4.4428
4539 -1.4342
4540 0.0000
4541 5.8538
4542 8.1577
4543 9.2645
4544 1.4891
4545 4.5886
4546 7.9120
4547 0.0000
4548 11.0035
4549 5.2373
4550 -0.4401
4551 2.1699
4552 1.3228
4553 5.8145
4554 7.3193
4555 1.1411
4556 0.8954
4557 0.3301
4558 7.7044
4559 -4.9528
4560 6.5407
4561 4.4501
4562 0.0000
4563 -2.0349
4564 2.9548
4565 7.2210
4566 8.7580
4567 -0.2596
4568 2.4798
4569 4.5126
4570 5.8004
4571 0.0000
4572 -0.6123
4573 0.3233
4574 6.4165
4575 10.1816
4576 7.6854
4577 4.7839
4578 0.0000
4579 0.4096
4580 6.7992
4581 7.6406
4582 0.0000
4583 9.7594
4584 6.8617
4585 5.7149
4586 6.0811
4587 -3.8744
4588 -1.0352
4589 -0.5700
4590 4.0891
4591 0.0000
4592 9.5490
4593 -7.0751
4594 8.9015
4595 1.3774
4596 6.9906
4597 3.1233
4598 0.0000
4599 -7.7270
4600 9.6319
4601 12.4094
4602 0.0000
4603 0.6693
4604 -0.4171
4605 -1.1009
4606 2.8951
4607 -2.0245
4608 13.9368
4609 1.0883
4610 1.9756
4611 0.0000
4612 2.6048
4613 0.4757
4614 4.1955
4615 6.6393
4616 3.2097
4617 1.5614
4618 0.0000
4619 6.0811
4620 5.2054
4621 5.4721
4622 0.0000
4623 1.5895
4624 0.6484
4625 -1.6399
4626 -0.7768
4627 -11.2724
4628 -0.4522
4629 6.5072
4630 1.6080
4631 0.0000
4632 6.7642
4633 0.9025
4634 4.2900
4635 0.0951
4636 -3.1274
4637 1.1183
4638 0.0000
4639 3.9398
4640 2.9268
4641 5.4864
4642 9.0916
4643 3.2157
4644 2.9717
4645 2.6641
4646 3.6088
4647 0.4514
4648 1.0342
4649 9.2724
4650 0.4328
4651 6.0088
4652 2.1863
4653 0.0000
4654 5.3683
4655 3.7985
4656 6.5971
4657 7.0615
4658 -1.2955
4659 6.9748
4660 2.8906
4661 6.2991
4662 0.0000
4663 6.5808
4664 3.1576
4665 13.4438
4666 0.1546
4667 7.4920
4668 -0.0904
4669 0.0000
4670 -5.5670
4671 2.1804
4672 2.1541
4673 0.0000
4674 6.1571
4675 2.6666
4676 1.5300
4677 -0.7576
4678 1.8206
4679 0.9386
4680 4.8510
4681 -0.9489
4682 0.0000
4683 14.7093
4684 5.6879
4685 4.6140
4686 2.9847
4687 7.7074
4688 7.9673
4689 0.0000
4690 5.6061
4691 -1.2886
4692 3.5151
4693 0.0000
4694 5.8971
4695 -2.3686
4696 -0.4950
4697 1.7413
4698 -0.5559
4699 8.3596
4700 5.1675
4701 -0.6027
4702 0.0000
4703 0.0383
4704 8.3142
4705 5.8958
4706 0.2699
4707 5.3604
4708 5.3299
4709 0.0000
4710 0.8417
4711 0.9642
4712 5.6768
4713 0.0000
4714 6.0813
4715 5.0385
4716 0.9101
4717 5.1919
4718 -1.7665
4719 -2.7501
4720 7.6224
4721 6.6269
4722 0.0000
4723 4.6401
4724 6.9812
4725 10.3992
4726 -0.4604
4727 5.0802
4728 8.8640
4729 0.0000
4730 1.9977
4731 -3.5804
4732 10.9186
4733 1.1459
4734 1.5882
4735 -1.7780
4736 9.1049
4737 -3.3286
4738 0.1122
4739 1.1732
4740 2.7265
4741 1.0051
4742 3.6781
4743 -1.4625
4744 0.0000
4745 -1.5627
4746 4.7431
4747 -0.6115
4748 9.8170
4749 0.2627
4750 1.2262
4751 2.8478
4752 2.1675
4753 0.0000
4754 1.9852
4755 11.4016
4756 1.9673
4757 2.3538
4758 11.4579
4759 4.5331
4760 0.0000
4761 -0.2900
4762 -3.9051
4763 8.9223
4764 0.0000
4765 6.8659
4766 0.9834
4767 10.3206
4768 7.6391
4769 -0.7088
4770 13.2341
4771 -0.3178
4772 4.0876
4773 0.0000
4774 4.5941
4775 3.7141
4776 2.4358
4777 3.0790
4778 0.6729
4779 1.3085
4780 0.0000
4781 5.8783
4782 1.5472
4783 5.8099
4784 0.0000
4785 0.6859
4786 -5.9744
4787 10.8061
4788 5.6754
4789 1.5260
4790 12.0091
4791 6.5476
4792 4.8012
4793 0.0000
4794 6.7153
4795 7.9584
4796 8.4937
4797 11.1714
4798 9.7129
4799 1.3896
4800 0.0000
4801 -3.0626
4802 4.7170
4803 -0.0261
4804 0.0000
4805 2.4502
4806 -6.4852
4807 5.5158
4808 1.7258
4809 -0.9517
4810 2.3932
4811 3.0235
4812 6.4890
4813 0.0000
4814 3.0410
4815 3.1268
4816 4.3499
4817 1.0929
4818 1.0561
4819 3.2413
4820 0.0000
4821 1.4844
4822 0.0000
4823 9.1646
4824 0.0000
4825 9.3159
4826 -2.2840
4827 2.2801
4828 0.7113
4829 2.2392
4830 2.9503
4831 -0.1217
4832 -1.8334
4833 0.0000
4834 1.5418
4835 5.2560
4836 -5.7975
4837 0.0146
4838 3.5974
4839 6.8494
4840 0.0000
4841 -3.7130
4842 6.5843
4843 4.8059
4844 4.4798
4845 2.1211
4846 2.6778
4847 0.0000
4848 2.6639
4849 2.1861
4850 4.0974
4851 3.6857
4852 7.5376
4853 -7.1745
4854 0.0000
4855 -1.0236
4856 5.0339
4857 1.8491
4858 0.6447
4859 3.6913
4860 6.0353
4861 0.0000
4862 -3.3082
4863 3.3360
4864 5.6788
4865 12.6807
4866 3.4332
4867 7.4358
4868 0.0000
4869 5.5238
4870 2.3713
4871 5.1429
4872 12.5496
4873 0.4362
4874 1.4284
4875 0.0000
4876 -4.0754
4877 4.0576
4878 8.7154
4879 -2.6184
4880 -0.3634
4881 0.3034
4882 0.0000
4883 0.6157
4884 6.7047
4885 3.6371
4886 10.1281
4887 7.7506
4888 4.2718
4889 0.0000
4890 5.1162
4891 9.6474
4892 8.5345
4893 0.2376
4894 1.6053
4895 1.7326
4896 0.0000
4897 3.4675
4898 -3.3163
4899 2.4447
4900 4.4219
4901 5.1883
4902 11.4984
4903 0.0000
4904 2.1577
4905 6.8184
4906 11.7332
4907 5.7881
4908 8.7002
4909 -2.6461
4910 0.0000
4911 1.3534
4912 2.6659
4913 5.9420
4914 5.4418
4915 9.1080
4916 7.2384
4917 0.0000
4918 -2.5432
4919 2.6463
4920 6.0476
4921 -2.8186
4922 15.7262
4923 9.0145
4924 0.0000
4925 -0.5962
4926 5.2905
4927 4.3908
4928 6.3531
4929 6.5640
4930 4.8242
4931 0.0000
4932 4.7370
4933 3.3429
4934 -0.7507
4935 3.5419
4936 3.9192
4937 3.9785
4938 0.0000
4939 -2.2780
4940 0.0000
4941 2.7369
4942 0.0000
4943 3.0965
4944 0.0000
4945 -0.4910
4946 2.9881
4947 0.0000
4948 5.5870
4949 11.6804
4950 10.8295
4951 11.1743
4952 0.0000
4953 6.6086
4954 -6.4733
4955 4.2204
4956 0.0000
4957 -4.4720
4958 1.4968
4959 1.4505
4960 0.0000
4961 -2.2719
4962 0.1533
4963 3.0081
4964 3.0605
4965 2.6448
4966 9.0994
4967 7.1939
4968 -1.4689
4969 -0.1014
4970 0.0000
4971 -0.8443
4972 0.1849
4973 4.1451
4974 9.3828
4975 -2.0863
4976 -0.8116
4977 0.0000
4978 -2.3108
4979 9.5263
4980 6.0383
4981 6.2257
4982 7.2218
4983 1.7552
4984 0.0000
4985 -0.5770
4986 2.7369
4987 1.2655
4988 6.5476
4989 6.1254
4990 1.7733
4991 0.0000
4992 5.1191
4993 7.1324
4994 0.3129
4995 0.8102
4996 1.7027
4997 -0.2558
4998 0.0000
4999 -1.6949
5000 7.9319
5001 -7.3211
5002 -0.3222
5003 0.7519
5004 1.6075
5005 0.0000
5006 2.6779
5007 2.2009
5008 3.4725
5009 -1.8209
5010 -4.3075
5011 -2.1940
5012 0.0000
5013 -6.8724
5014 1.2975
5015 8.1284
5016 5.2662
5017 3.6082
5018 4.4521
5019 0.0000
5020 -0.0252
5021 1.5224
5022 3.2227
5023 1.6572
5024 4.6402
5025 4.8357
5026 0.0000
5027 -7.3258
5028 2.0404
5029 5.0609
5030 1.1178
5031 0.6128
5032 6.1388
5033 0.0000
5034 -7.9776
5035 5.3275
5036 6.8378
5037 7.6276
5038 6.5687
5039 4.3752
5040 0.0000
5041 6.2598
5042 1.5439
5043 3.2904
5044 1.1057
5045 5.8466
5046 1.2581
5047 0.0000
5048 -3.1730
5049 -4.9601
5050 0.0000
5051 11.4484
5052 -5.2871
5053 -3.7556
5054 2.6576
5055 2.4915
5056 4.7293
5057 -3.7912
5058 6.1882
5059 0.0000
5060 4.1465
5061 -0.2258
5062 0.0000
5063 4.8731
5064 0.0000
5065 9.7994
5066 0.0000
5067 7.6517
5068 4.5209
5069 0.0000
5070 9.9895
5071 7.4308
5072 0.0000
5073 1.7362
5074 2.0955
5075 2.5776
5076 0.0000
5077 -2.3028
5078 2.7220
5079 0.0000
5080 8.1963
5081 7.3795
5082 -4.0017
5083 0.0000
5084 2.0104
5085 8.4467
5086 0.0000
5087 4.2368
5088 9.9641
5089 3.4588
5090 0.0000
5091 -7.4088
5092 7.5760
5093 0.0000
5094 3.4100
5095 0.0762
5096 5.0231
5097 0.0000
5098 6.7467
5099 6.0575
5100 0.0000
5101 5.2803
5102 5.3720
5103 6.8093
5104 0.0000
5105 -1.0908
5106 3.9027
5107 0.0000
5108 6.5601
5109 3.0613
5110 -2.4891
5111 0.0000
5112 -4.2921
5113 10.5270
5114 0.0000
5115 5.1314
5116 1.9218
5117 5.2900
5118 0.0000
5119 3.3062
5120 9.6409
5121 0.0000
5122 3.5561
5123 7.9186
5124 7.7259
5125 0.0000
5126 -4.4291
5127 4.3667
5128 0.0000
5129 6.3694
5130 11.5321
5131 1.6764
5132 0.0000
5133 4.4887
5134 6.5701
5135 0.0000
5136 12.0044
5137 6.7399
5138 5.6703
5139 0.0000
5140 3.8761
5141 1.2059
5142 0.0000
5143 4.6905
5144 8.2417
5145 -0.1271
5146 0.0000
5147 0.3105
5148 7.4864
5149 0.0000
5150 1.5440
5151 4.2276
5152 6.7605
5153 0.0000
5154 2.9701
5155 -6.3117
5156 0.0000
5157 3.4176
5158 3.2733
5159 4.1668
5160 0.0000
5161 -1.4662
5162 5.1998
5163 0.0000
5164 -1.8049
5165 -8.6115
5166 7.6707
5167 0.0000
5168 -0.5403
5169 -1.3776
5170 0.0000
5171 10.0956
5172 4.3402
5173 6.9704
5174 0.0000
5175 -0.8813
5176 4.6446
5177 0.0000
5178 1.0342
5179 -2.4025
5180 11.2120
5181 0.0000
5182 2.3888
5183 0.0000
5184 8.9865
5185 0.0000
5186 1.3520
5187 2.8202
5188 0.0000
5189 2.9976
5190 0.0000
5191 9.5640
5192 0.0000
5193 -1.0050
5194 4.6499
5195 -1.1992
5196 0.0000
5197 -4.2526
5198 6.8049
5199 -1.5554
5200 0.0000
5201 7.5651
5202 -2.5664
5203 6.0569
5204 0.0000
5205 6.7438
5206 0.0000
5207 4.1614
5208 0.0000
5209 4.5916
5210 6.0606
5211 0.0000
5212 9.8528
5213 0.0000
5214 4.6277
5215 0.6593
5216 3.7948
5217 -0.6474
5218 4.0974
5219 2.0650
5220 4.1131
5221 -1.2098
5222 2.0385
5223 12.3035
5224 3.3756
5225 1.7561
5226 2.6407
5227 7.0707
5228 -0.7973
5229 4.1459
5230 0.0000
5231 7.0878
5232 1.7686
5233 3.2278
5234 6.7095
5235 -1.0314
5236 3.6847
5237 5.2583
5238 9.4209
5239 0.0000
5240 3.6198
5241 9.4950
5242 0.4135
5243 4.2792
5244 5.7840
5245 2.0916
5246 0.0000
5247 2.7192
5248 3.2663
5249 0.7233
5250 0.0000
5251 5.8030
5252 -1.7816
5253 3.4909
5254 2.8029
5255 9.0593
5256 1.7013
5257 -1.4318
5258 5.9236
5259 0.0000
5260 2.8178
5261 5.1619
5262 3.9240
5263 1.9827
5264 2.1640
5265 3.7615
5266 0.0000
5267 -0.5253
5268 0.3020
5269 4.6128
5270 0.0000
5271 3.2971
5272 0.0062
5273 -3.7465
5274 -1.8590
5275 -5.0336
5276 10.1337
5277 1.3291
5278 0.9401
5279 0.0000
5280 7.3195
5281 3.2506
5282 3.1304
5283 1.7434
5284 2.4660
5285 -1.2884
5286 0.0000
5287 -3.9286
5288 7.3028
5289 6.7444
5290 0.0000
5291 2.5474
5292 3.2408
5293 2.8877
5294 5.4651
5295 -2.7068
5296 9.5900
5297 -2.6989
5298 2.4303
5299 0.0000
5300 5.0024
5301 4.2876
5302 8.7759
5303 6.0884
5304 0.5553
5305 1.6520
5306 0.0000
5307 1.2054
5308 -0.6906
5309 -0.2896
5310 7.2648
5311 5.8258
5312 1.7833
5313 4.4293
5314 1.6628
5315 1.6472
5316 9.8831
5317 1.7818
5318 -3.4114
5319 3.2605
5320 10.1681
5321 0.0000
5322 0.5702
5323 0.9227
5324 2.5883
5325 -3.6461
5326 7.8611
5327 11.0301
5328 5.4288
5329 4.5569
5330 0.0000
5331 6.2412
5332 4.8721
5333 3.8381
5334 5.2132
5335 -0.5470
5336 3.7426
5337 0.0000
5338 0.3713
5339 6.9220
5340 9.3786
5341 0.0000
5342 7.7972
5343 -5.8358
5344 -1.2328
5345 0.4020
5346 3.6734
5347 -3.1633
5348 -0.8259
5349 -4.8207
5350 0.0000
5351 10.5982
5352 4.6394
5353 2.0245
5354 1.4654
5355 2.9317
5356 5.4014
5357 0.0000
5358 8.2237
5359 7.3984
5360 3.9316
5361 0.0000
5362 4.8607
5363 -3.9914
5364 6.1374
5365 3.4132
5366 0.7330
5367 4.6875
5368 3.5166
5369 -3.5094
5370 0.0000
5371 11.6636
5372 0.9499
5373 3.3209
5374 2.4821
5375 9.6970
5376 4.3323
5377 0.0000
5378 -1.2935
5379 12.8055
5380 -0.5908
5381 0.0000
5382 8.3233
5383 1.9746
5384 5.6238
5385 5.4779
5386 -5.2591
5387 6.6414
5388 -1.3192
5389 10.5205
5390 0.0000
5391 -0.2357
5392 10.1865
5393 12.5733
5394 10.7517
5395 0.4159
5396 -5.5323
5397 0.0000
5398 0.0033
5399 8.3802
5400 6.7883
5401 7.0929
5402 11.5865
5403 -0.4019
5404 2.4077
5405 5.6998
5406 -2.9740
5407 5.1334
5408 1.3910
5409 4.4436
5410 8.7477
5411 0.9255
5412 0.0000
5413 -3.7322
5414 6.1162
5415 13.9916
5416 2.7510
5417 -4.5072
5418 2.2914
5419 2.1824
5420 2.1614
5421 0.0000
5422 5.3554
5423 -1.2658
5424 2.0819
5425 -1.0567
5426 5.0206
5427 10.4099
5428 0.0000
5429 -1.5925
5430 4.6578
5431 7.6820
5432 0.0000
5433 -6.2833
5434 3.0609
5435 4.4566
5436 0.1864
5437 -1.4656
5438 -3.2248
5439 -0.1933
5440 -1.8742
5441 0.0000
5442 10.6976
5443 -1.2770
5444 -3.4824
5445 4.1626
5446 -0.8348
5447 -1.7722
5448 0.0000
5449 7.8851
5450 9.3244
5451 8.6106
5452 0.0000
5453 6.0458
5454 0.6622
5455 6.3630
5456 -1.7261
5457 -2.7489
5458 6.2535
5459 -0.8720
5460 9.0838
5461 0.0000
5462 13.6349
5463 3.0201
5464 4.2812
5465 7.3307
5466 8.5956
5467 7.2440
5468 0.0000
5469 3.7076
5470 -2.7243
5471 1.9879
5472 0.0000
5473 9.3902
5474 1.6328
5475 -0.7686
5476 9.5108
5477 7.2702
5478 -0.1486
5479 2.6435
5480 7.8668
5481 0.0000
5482 8.1241
5483 4.7442
5484 1.8797
5485 4.7473
5486 0.4197
5487 2.3183
5488 0.0000
5489 0.3210
5490 6.9566
5491 6.1339
5492 5.7223
5493 9.2540
5494 9.2810
5495 5.0728
5496 4.8533
5497 12.6323
5498 5.2927
5499 -0.1140
5500 5.1950
5501 -0.3592
5502 8.5197
5503 0.0000
5504 12.4194
5505 -2.0797
5506 7.5469
5507 0.0453
5508 -2.7967
5509 9.6752
5510 -0.6716
5511 -3.9133
5512 0.0000
5513 2.4329
5514 10.1033
5515 -0.6596
5516 -2.8456
5517 7.0329
5518 4.1642
5519 0.0000
5520 4.8964
5521 5.8661
5522 4.8600
5523 0.0000
5524 3.0597
5525 -0.8927
5526 2.6540
5527 -1.5170
5528 -0.4812
5529 1.9754
5530 3.0250
5531 5.7934
5532 0.0000
5533 4.2628
5534 3.0739
5535 3.6014
5536 4.4656
5537 0.5899
5538 3.3549
5539 0.0000
5540 2.0114
5541 -0.8679
5542 6.3967
5543 0.0000
5544 1.6769
5545 -0.7508
5546 -1.1751
5547 1.3069
5548 10.1447
5549 11.5229
5550 -7.4921
5551 10.9418
5552 0.0000
5553 8.8820
5554 1.2929
5555 -0.7312
5556 3.1960
5557 5.3996
5558 -7.4172
5559 0.0000
5560 4.3424
5561 7.8448
5562 7.5464
5563 0.0000
5564 3.9543
5565 0.5812
5566 8.7093
5567 7.2440
5568 0.8134
5569 0.5170
5570 -2.3544
5571 2.6255
5572 0.0000
5573 3.1442
5574 2.8621
5575 7.4080
5576 9.2099
5577 -3.0523
5578 -0.9146
5579 0.0000
5580 3.6586
5581 0.0000
5582 9.1827
5583 0.0000
5584 10.6593
5585 -0.9324
5586 -1.4573
5587 -1.5367
5588 5.5969
5589 12.5399
5590 2.9449
5591 -3.4363
5592 0.0000
5593 -0.1824
5594 5.6097
5595 1.7455
5596 4.3180
5597 6.2782
5598 -3.0523
5599 0.0000
5600 -2.0017
5601 4.2224
5602 0.6051
5603 3.0559
5604 5.8755
5605 3.2967
5606 0.0000
5607 -2.4993
5608 1.9215
5609 9.3069
5610 9.9064
5611 7.7635
5612 5.9326
5613 0.0000
5614 -1.2450
5615 9.2701
5616 3.5262
5617 3.0009
5618 5.5285
5619 -1.6597
5620 0.0000
5621 -7.1150
5622 2.9785
5623 1.5982
5624 -4.3141
5625 5.0790
5626 11.6778
5627 0.0000
5628 2.4409
5629 8.8013
5630 2.5744
5631 -0.1990
5632 -4.1855
5633 8.6890
5634 0.0000
5635 6.8395
5636 2.8048
5637 2.4195
5638 6.2112
5639 8.9899
5640 -2.4536
5641 0.0000
5642 0.1230
5643 1.2325
5644 2.6426
5645 1.8895
5646 9.7204
5647 7.7991
5648 0.0000
5649 0.5262
5650 1.9335
5651 5.3055
5652 3.2968
5653 5.1178
5654 -2.4930
5655 0.0000
5656 -4.8778
5657 -0.6992
5658 5.7598
5659 7.3451
5660 4.0501
5661 13.0231
5662 0.0000
5663 5.4096
5664 8.3895
5665 4.4844
5666 2.0059
5667 3.1489
5668 6.3920
5669 0.0000
5670 3.3230
5671 -0.8513
5672 5.1348
5673 5.9725
5674 -0.9573
5675 0.9562
5676 0.0000
5677 1.8836
5678 13.4942
5679 4.9073
5680 -7.3870
5681 4.4654
5682 3.5397
5683 0.0000
5684 -5.4457
5685 3.4063
5686 4.7034
5687 3.5370
5688 8.2377
5689 18.6056
5690 0.0000
5691 4.3709
5692 3.6676
5693 0.9035
5694 4.6443
5695 -3.4171
5696 7.6286
5697 0.0000
5698 -5.7147
5699 0.0000
5700 6.4977
5701 0.0000
5702 6.7085
5703 0.0000
5704 1.9563
5705 7.9769
5706 0.0000
5707 -3.3079
5708 1.6397
5709 4.2466
5710 9.7043
5711 0.0000
5712 2.4968
5713 5.4457
5714 7.2295
5715 0.0000
5716 5.0575
5717 -0.5780
5718 4.5586
5719 0.0000
5720 7.4188
5721 6.0643
5722 0.5767
5723 -3.7396
5724 2.6719
5725 8.8005
5726 -0.5817
5727 -2.3150
5728 2.8769
5729 0.0000
5730 8.9346
5731 -0.9839
5732 1.1480
5733 -4.9164
5734 0.8029
5735 -1.4074
5736 0.0000
5737 5.3637
5738 -2.7963
5739 5.0898
5740 3.0529
5741 4.2709
5742 3.1806
5743 0.0000
5744 -1.3200
5745 5.5024
5746 10.4274
5747 4.2877
5748 -4.1140
5749 3.2364
5750 0.0000
5751 -0.0257
5752 4.6640
5753 2.8923
5754 -1.0882
5755 -3.5648
5756 -0.1646
5757 0.0000
5758 2.9976
5759 6.7990
5760 -0.0827
5761 5.4128
5762 -2.1214
5763 4.2040
5764 0.0000
5765 -5.7887
5766 3.1310
5767 9.3669
5768 7.8429
5769 4.4586
5770 3.1524
5771 0.0000
5772 -1.3919
5773 0.1277
5774 7.6770
5775 0.4382
5776 -2.5671
5777 1.8118
5778 0.0000
5779 3.4791
5780 1.4347
5781 2.2785
5782 3.5973
5783 2.3118
5784 16.7395
5785 0.0000
5786 -3.9294
5787 8.4147
5788 7.2610
5789 -1.6065
5790 1.9365
5791 4.4413
5792 0.0000
5793 1.3168
5794 7.9870
5795 7.6014
5796 4.6473
5797 -0.5891
5798 7.6038
5799 0.0000
5800 -7.7925
5801 1.4618
5802 4.6920
5803 9.2641
5804 2.4986
5805 0.8068
5806 0.0000
5807 -5.0450
5808 -0.9771
5809 0.0000
5810 8.3862
5811 -8.2889
5812 -1.8613
5813 -1.2135
5814 1.7569
5815 9.8698
5816 -0.4866
5817 -6.2874
5818 0.0000
5819 0.0001
5820 -2.9816
5821 0.0000
5822 5.6903
5823 0.0000
5824 -4.0901
5825 0.0000
5826 -0.7633
5827 1.3268
5828 0.0000
5829 -2.8371
5830 3.8644
5831 0.0000
5832 3.3840
5833 13.2019
5834 3.0931
5835 0.0000
5836 2.9608
5837 1.9462
5838 0.0000
5839 7.6793
5840 8.0583
5841 1.5281
5842 0.0000
5843 -0.3822
5844 5.9550
5845 0.0000
5846 4.0619
5847 3.7677
5848 4.3279
5849 0.0000
5850 -1.7164
5851 9.7037
5852 0.0000
5853 2.1551
5854 4.6141
5855 10.2180
5856 0.0000
5857 2.2314
5858 5.2234
5859 0.0000
5860 7.4473
5861 1.2415
5862 1.2071
5863 0.0000
5864 9.5157
5865 10.5113
5866 0.0000
5867 8.0680
5868 7.5069
5869 8.0393
5870 0.0000
5871 4.8414
5872 -1.6955
5873 0.0000
5874 5.9249
5875 6.4218
5876 2.7000
5877 0.0000
5878 -3.4904
5879 3.3892
5880 0.0000
5881 5.8618
5882 4.1399
5883 2.4835
5884 0.0000
5885 8.2662
5886 7.2722
5887 0.0000
5888 9.3370
5889 5.9154
5890 9.6547
5891 0.0000
5892 2.1626
5893 1.4043
5894 0.0000
5895 -2.2895
5896 1.4261
5897 6.0178
5898 0.0000
5899 -1.3322
5900 0.5558
5901 0.0000
5902 5.8410
5903 0.1999
5904 -2.1115
5905 0.0000
5906 4.6663
5907 4.6284
5908 0.0000
5909 4.7746
5910 13.0670
5911 9.9171
5912 0.0000
5913 3.3903
5914 -2.2920
5915 0.0000
5916 4.7216
5917 -0.6019
5918 8.8339
5919 0.0000
5920 -1.1350
5921 -3.9673
5922 0.0000
5923 -0.0150
5924 2.1521
5925 1.8130
5926 0.0000
5927 0.4419
5928 3.5684
5929 0.0000
5930 3.7219
5931 2.9304
5932 8.8884
5933 0.0000
5934 2.5860
5935 3.1295
5936 0.0000
5937 3.3950
5938 4.0480
5939 0.5419
5940 0.0000
5941 3.5303
5942 0.0000
5943 5.8615
5944 0.0000
5945 8.4821
5946 5.0897
5947 0.0000
5948 8.2034
5949 0.0000
5950 2.2921
5951 0.0000
5952 7.1123
5953 11.6982
5954 9.6295
5955 0.0000
5956 6.9627
5957 3.6345
5958 -1.3178
5959 0.0000
5960 9.7946
5961 3.6539
5962 6.9966
5963 0.0000
5964 0.6645
5965 0.0000
5966 8.0301
5967 0.0000
5968 -4.5475
5969 4.0749
5970 0.0000
5971 1.4836
5972 0.0000
5973 4.6876
5974 -0.8962
5975 9.6385
5976 6.7242
5977 -2.7722
5978 8.5061
5979 -0.6889
5980 10.8297
5981 3.6737
5982 2.2162
5983 8.1490
5984 4.3936
5985 2.3023
5986 4.8466
5987 7.0479
5988 4.6750
5989 0.0000
5990 -0.5651
5991 -5.7511
5992 -1.8068
5993 2.3231
5994 -4.4151
5995 14.8452
5996 1.0546
5997 4.6876
5998 0.0000
5999 6.2950
6000 7.9729
6001 7.5962
6002 4.0627
6003 0.2279
6004 1.0593
6005 0.0000
6006 -0.7140
6007 0.7082
6008 5.8609
6009 0.0000
6010 4.0014
6011 3.2120
6012 5.4534
6013 1.4191
6014 -1.7009
6015 4.1122
6016 0.0946
6017 1.8318
6018 0.0000
6019 4.8309
6020 3.8351
6021 1.2054
6022 5.3106
6023 1.0421
6024 0.9055
6025 0.0000
6026 5.2141
6027 11.4056
6028 1.6482
6029 0.0000
6030 -1.7880
6031 -1.3129
6032 7.0850
6033 -2.0764
6034 -0.5879
6035 4.2640
6036 2.2665
6037 8.7231
6038 0.0000
6039 1.3160
6040 2.3219
6041 3.4078
6042 3.1934
6043 1.9579
6044 5.1338
6045 0.0000
6046 6.6656
6047 0.6637
6048 9.4578
6049 0.0000
6050 5.7535
6051 -3.2652
6052 7.8863
6053 10.1477
6054 1.2922
6055 11.8510
6056 4.1444
6057 -3.2244
6058 0.0000
6059 19.5470
6060 4.1065
6061 1.4145
6062 2.3920
6063 -0.7260
6064 -2.1624
6065 0.0000
6066 -5.2294
6067 6.7230
6068 5.8772
6069 7.9156
6070 1.5821
6071 3.8118
6072 7.9239
6073 4.2731
6074 2.4798
6075 1.1539
6076 -1.9518
6077 1.7578
6078 3.6300
6079 10.0380
6080 0.0000
6081 -0.4042
6082 1.9691
6083 3.0306
6084 -0.7902
6085 -1.7923
6086 14.8308
6087 7.4498
6088 10.1875
6089 0.0000
6090 1.4118
6091 -0.9553
6092 10.2174
6093 0.2938
6094 1.5545
6095 5.1551
6096 0.0000
6097 -4.5028
6098 10.4477
6099 2.1687
6100 0.0000
6101 5.4214
6102 0.1131
6103 9.7267
6104 4.5526
6105 0.6874
6106 0.7801
6107 2.1683
6108 5.9068
6109 0.0000
6110 7.4162
6111 3.9636
6112 -0.5122
6113 6.1714
6114 4.9854
6115 8.1677
6116 0.0000
6117 -3.8949
6118 3.3912
6119 0.2812
6120 0.0000
6121 3.1621
6122 -0.3669
6123 4.9249
6124 1.0697
6125 -3.4141
6126 0.1694
6127 -2.0254
6128 10.0281
6129 0.0000
6130 8.2030
6131 1.1054
6132 10.8823
6133 -2.6596
6134 0.5715
6135 1.0529
6136 0.0000
6137 -3.2463
6138 7.6566
6139 5.7797
6140 0.0000
6141 -5.5265
6142 6.1933
6143 3.1770
6144 1.1965
6145 -0.5875
6146 11.9982
6147 -0.7994
6148 0.7489
6149 0.0000
6150 5.8142
6151 2.0296
6152 -1.3225
6153 4.2114
6154 2.2016
6155 10.5069
6156 0.0000
6157 1.7187
6158 1.6078
6159 8.1268
6160 5.1477
6161 9.0022
6162 -0.4921
6163 6.7514
6164 -3.3732
6165 1.0911
6166 0.4647
6167 10.0714
6168 2.6916
6169 4.2278
6170 6.7825
6171 0.0000
6172 9.4967
6173 5.5437
6174 5.4221
6175 1.7227
6176 2.0517
6177 16.6055
6178 3.6317
6179 12.4216
6180 0.0000
6181 3.3598
6182 8.1106
6183 -3.0656
6184 1.2316
6185 0.6590
6186 0.8103
6187 0.0000
6188 1.6352
6189 6.7941
6190 1.1223
6191 0.0000
6192 3.0649
6193 -1.4272
6194 7.8103
6195 8.0937
6196 2.4371
6197 1.1180
6198 2.6820
6199 8.7310
6200 0.0000
6201 4.1639
6202 9.0622
6203 2.0222
6204 -2.2868
6205 1.8724
6206 0.2868
6207 0.0000
6208 6.1010
6209 -3.3717
6210 6.0468
6211 0.0000
6212 2.4898
6213 3.2500
6214 -1.4249
6215 0.2648
6216 4.7674
6217 5.7826
6218 -2.6416
6219 0.8744
6220 0.0000
6221 4.9836
6222 0.5678
6223 2.4453
6224 5.8319
6225 4.4075
6226 10.1275
6227 0.0000
6228 -1.1215
6229 1.7540
6230 2.5738
6231 0.0000
6232 4.7046
6233 -2.0526
6234 17.4267
6235 15.6566
6236 -1.8951
6237 5.8353
6238 9.1327
6239 6.1347
6240 0.0000
6241 8.5532
6242 7.3075
6243 9.4811
6244 11.3251
6245 4.3654
6246 10.3791
6247 0.0000
6248 3.8268
6249 1.0427
6250 8.3719
6251 1.4794
6252 5.5648
6253 6.2548
6254 10.9717
6255 4.7581
6256 0.3059
6257 6.5554
6258 7.1328
6259 2.7644
6260 9.1904
6261 6.1977
6262 0.0000
6263 7.4650
6264 -3.9127
6265 3.1058
6266 6.7752
6267 3.3719
6268 3.2704
6269 4.8095
6270 -2.4338
6271 0.0000
6272 0.4195
6273 -2.3887
6274 5.5288
6275 6.9182
6276 6.3992
6277 9.1013
6278 0.0000
6279 3.6146
6280 8.6729
6281 1.6894
6282 0.0000
6283 12.4480
6284 -0.8907
6285 -1.5821
6286 1.9974
6287 -2.4651
6288 -2.0565
6289 -7.9303
6290 3.1479
6291 0.0000
6292 5.9632
6293 0.6686
6294 6.4891
6295 1.3080
6296 6.8217
6297 3.6203
6298 0.0000
6299 -0.1554
6300 5.5094
6301 2.3816
6302 0.0000
6303 2.9473
6304 -2.1765
6305 5.4404
6306 -0.8893
6307 -2.0857
6308 -1.7390
6309 -3.6318
6310 13.1920
6311 0.0000
6312 -5.7938
6313 -0.2636
6314 5.9319
6315 6.1822
6316 3.4820
6317 -3.9473
6318 0.0000
6319 -0.1871
6320 6.0283
6321 1.4891
6322 0.0000
6323 0.9852
6324 -0.3621
6325 -0.5911
6326 -1.0013
6327 4.6471
6328 7.7805
6329 5.3611
6330 4.5557
6331 0.0000
6332 4.8126
6333 14.4650
6334 12.3567
6335 12.1338
6336 4.0373
6337 2.3848
6338 0.0000
6339 -1.0859
6340 0.0000
6341 1.3775
6342 0.0000
6343 5.8723
6344 3.9083
6345 1.9450
6346 7.9620
6347 5.1542
6348 3.5893
6349 3.5961
6350 0.6988
6351 0.0000
6352 2.4826
6353 3.5127
6354 -0.6978
6355 -3.3827
6356 1.2518
6357 5.7603
6358 0.0000
6359 2.9888
6360 4.5567
6361 -4.6476
6362 -5.7994
6363 8.6663
6364 2.2234
6365 0.0000
6366 1.8994
6367 1.0292
6368 4.7231
6369 2.0754
6370 8.6399
6371 6.8971
6372 0.0000
6373 -0.0520
6374 3.6941
6375 5.0792
6376 -0.6694
6377 5.6551
6378 3.6755
6379 0.0000
6380 4.5058
6381 10.6788
6382 5.0450
6383 -1.0556
6384 6.8756
6385 -1.5383
6386 0.0000
6387 1.5187
6388 6.7005
6389 10.8346
6390 3.2184
6391 6.4220
6392 8.5813
6393 0.0000
6394 -0.7596
6395 5.9926
6396 -0.8367
6397 -1.6676
6398 3.5678
6399 8.2013
6400 0.0000
6401 -3.6432
6402 -0.6731
6403 6.7310
6404 7.2328
6405 6.8538
6406 6.1980
6407 0.0000
6408 1.8911
6409 -3.7353
6410 -5.2433
6411 3.8069
6412 10.2446
6413 -3.4853
6414 0.0000
6415 4.5273
6416 3.5062
6417 0.8723
6418 8.0938
6419 13.5339
6420 5.0930
6421 0.0000
6422 0.7055
6423 9.2123
6424 6.5002
6425 6.8429
6426 0.6218
6427 -0.3505
6428 0.0000
6429 -1.9992
6430 -6.6605
6431 13.7195
6432 1.7208
6433 5.4540
6434 4.3533
6435 0.0000
6436 6.2207
6437 -2.6017
6438 1.8643
6439 3.7381
6440 6.9745
6441 3.5615
6442 0.0000
6443 4.7667
6444 4.4677
6445 8.3471
6446 12.8791
6447 2.2513
6448 5.2075
6449 0.0000
6450 2.2715
6451 1.0483
6452 4.2610
6453 3.9298
6454 0.2205
6455 4.6685
6456 0.0000
6457 -0.5795
6458 0.0000
6459 10.6257
6460 0.0000
6461 6.3885
6462 0.0000
6463 4.0327
6464 7.3220
6465 0.0000
6466 4.1561
6467 7.7704
6468 4.3321
6469 5.0397
6470 0.0000
6471 5.7225
6472 9.6323
6473 4.0413
6474 0.0000
6475 -0.4182
6476 5.4211
6477 8.5383
6478 0.0000
6479 8.3712
6480 8.5711
6481 6.4825
6482 -3.8828
6483 9.6852
6484 8.0771
6485 -1.4454
6486 5.2643
6487 -0.7003
6488 0.0000
6489 3.5018
6490 7.5893
6491 2.9305
6492 2.5146
6493 0.9541
6494 9.2671
6495 0.0000
6496 5.3159
6497 -3.4836
6498 3.4169
6499 7.4361
6500 8.9242
6501 1.8153
6502 0.0000
6503 -2.5418
6504 5.3174
6505 2.3491
6506 6.5108
6507 5.4154
6508 -1.1944
6509 0.0000
6510 0.1550
6511 -2.1584
6512 -2.4666
6513 -1.2452
6514 3.1081
6515 4.7018
6516 0.0000
6517 -2.9998
6518 2.6152
6519 2.1848
6520 10.0780
6521 1.9732
6522 8.1830
6523 0.0000
6524 -1.4409
6525 5.4310
6526 6.6341
6527 1.0054
6528 4.3189
6529 3.4745
6530 0.0000
6531 3.7551
6532 -3.3070
6533 1.6038
6534 2.9141
6535 4.4085
6536 0.3920
6537 0.0000
6538 2.9309
6539 -5.8528
6540 4.0102
6541 1.7861
6542 2.1269
6543 -0.0913
6544 0.0000
6545 2.6248
6546 -0.4078
6547 -0.2314
6548 7.7878
6549 6.1889
6550 3.7238
6551 0.0000
6552 3.2379
6553 3.9590
6554 0.8681
6555 0.8076
6556 8.4326
6557 5.8656
6558 0.0000
6559 -0.1417
6560 -5.5704
6561 -3.6709
6562 3.3980
6563 3.4058
6564 -2.5676
6565 0.0000
6566 -2.3346
6567 1.7435
6568 0.0000
6569 2.8832
6570 0.8249
6571 2.5664
6572 3.4367
6573 3.7344
6574 3.5576
6575 3.8464
6576 -0.2725
6577 0.0000
6578 6.4372
6579 1.4293
6580 0.0000
6581 -1.7247
6582 0.0000
6583 -1.7975
6584 0.0000
6585 5.0969
6586 2.6775
6587 0.0000
6588 6.1206
6589 8.5771
6590 0.0000
6591 2.7291
6592 3.7278
6593 5.0863
6594 0.0000
6595 -0.6119
6596 0.2962
6597 0.0000
6598 6.0639
6599 -2.6613
6600 -1.1597
6601 0.0000
6602 -7.1366
6603 -1.1012
6604 0.0000
6605 6.6453
6606 5.6465
6607 -0.2011
6608 0.0000
6609 7.8695
6610 7.1087
6611 0.0000
6612 7.4662
6613 4.8901
6614 4.0650
6615 0.0000
6616 2.8655
6617 -1.4048
6618 0.0000
6619 5.8433
6620 5.6883
6621 4.0545
6622 0.0000
6623 5.3742
6624 -2.1622
6625 0.0000
6626 9.0628
6627 6.0423
6628 1.4815
6629 0.0000
6630 3.5779
6631 1.8072
6632 0.0000
6633 9.0949
6634 0.4890
6635 3.0022
6636 0.0000
6637 3.2598
6638 7.6569
6639 0.0000
6640 2.2864
6641 12.5196
6642 9.9739
6643 0.0000
6644 -2.4725
6645 8.6003
6646 0.0000
6647 -1.7559
6648 10.7514
6649 8.3383
6650 0.0000
6651 2.4992
6652 4.8080
6653 0.0000
6654 -1.6650
6655 5.6351
6656 -4.5210
6657 0.0000
6658 1.7927
6659 5.7064
6660 0.0000
6661 4.9484
6662 0.0787
6663 8.2857
6664 0.0000
6665 9.1902
6666 -2.8271
6667 0.0000
6668 4.6180
6669 4.7228
6670 -1.5852
6671 0.0000
6672 3.8211
6673 1.8168
6674 0.0000
6675 4.9694
6676 4.6068
6677 9.2587
6678 0.0000
6679 3.2071
6680 5.3192
6681 0.0000
6682 6.6554
6683 0.1266
6684 5.2810
6685 0.0000
6686 1.5853
6687 13.6079
6688 0.0000
6689 2.6461
6690 0.5935
6691 1.6635
6692 0.0000
6693 -11.0736
6694 -0.0658
6695 0.0000
6696 2.8436
6697 11.8568
6698 -0.0890
6699 0.0000
6700 -0.8069
6701 0.0000
6702 4.6052
6703 0.0000
6704 -0.7498
6705 4.5092
6706 0.0000
6707 4.1064
6708 0.0000
6709 0.1446
6710 0.0000
6711 6.8311
6712 5.1455
6713 9.8794
6714 0.0000
6715 3.0216
6716 1.2832
6717 7.4992
6718 0.0000
6719 -0.3324
6720 -3.0541
6721 3.9384
6722 0.0000
6723 2.8366
6724 0.0000
6725 5.5620
6726 0.0000
6727 9.9861
6728 4.1188
6729 0.0000
6730 4.2127
6731 0.0000
6732 9.0910
6733 0.5380
6734 2.6040
6735 6.7443
6736 0.9552
6737 3.3427
6738 4.7833
6739 1.5473
6740 10.4933
6741 7.8439
6742 9.2879
6743 6.5710
6744 -0.1300
6745 8.8729
6746 4.4553
6747 5.0789
6748 0.0000
6749 2.6732
6750 0.3208
6751 6.3446
6752 -0.2172
6753 2.9832
6754 8.8999
6755 3.4325
6756 -0.5048
6757 0.0000
6758 5.9695
6759 4.3384
6760 7.5865
6761 3.6563
6762 1.4545
6763 -1.1383
6764 0.0000
6765 -0.3806
6766 4.1501
6767 3.2227
6768 0.0000
6769 0.0352
6770 1.0037
6771 1.8841
6772 3.6856
6773 -5.8368
6774 2.2100
6775 0.6466
6776 10.7137
6777 0.0000
6778 7.2278
6779 5.2876
6780 -0.1788
6781 -3.8546
6782 9.4641
6783 11.5572
6784 0.0000
6785 3.6317
6786 1.8134
6787 -0.0902
6788 0.0000
6789 -2.6798
6790 -6.6622
6791 10.2734
6792 -0.8958
6793 11.3799
6794 10.7505
6795 3.8658
6796 0.6818
6797 0.0000
6798 4.3885
6799 -0.7154
6800 -0.8806
6801 -1.4783
6802 -0.2232
6803 8.6995
6804 0.0000
6805 -1.1561
6806 4.6755
6807 0.7957
6808 0.0000
6809 0.3689
6810 -2.2904
6811 10.2392
6812 7.0630
6813 3.1260
6814 4.3708
6815 -0.8584
6816 8.9036
6817 0.0000
6818 11.3591
6819 6.8454
6820 0.7127
6821 4.9621
6822 4.8884
6823 0.1419
6824 0.0000
6825 -2.0988
6826 2.5790
6827 9.0526
6828 5.5609
6829 6.2392
6830 1.6633
6831 8.4979
6832 2.5457
6833 5.8592
6834 -1.2882
6835 5.0378
6836 7.1566
6837 6.2050
6838 -1.2686
6839 0.0000
6840 2.5984
6841 -5.8089
6842 3.9762
6843 14.2435
6844 1.8546
6845 -1.6342
6846 -2.4997
6847 7.6902
6848 0.0000
6849 -1.8373
6850 2.7706
6851 3.9017
6852 -1.2964
6853 5.7436
6854 6.0743
6855 0.0000
6856 1.7547
6857 8.4373
6858 -0.0250
6859 0.0000
6860 3.0526
6861 -2.1934
6862 7.2917
6863 6.9817
6864 4.2517
6865 11.5679
6866 -1.3005
6867 -6.5820
6868 0.0000
6869 3.2936
6870 7.2665
6871 -1.5070
6872 4.0336
6873 6.1969
6874 0.0624
6875 0.0000
6876 -3.7100
6877 2.3611
6878 8.1112
6879 0.0000
6880 10.3610
6881 1.8241
6882 3.9124
6883 4.5839
6884 1.5947
6885 -7.0257
6886 2.7673
6887 8.1876
6888 0.0000
6889 7.5115
6890 8.4448
6891 7.3881
6892 -5.7308
6893 5.9960
6894 -1.6811
6895 0.0000
6896 7.2942
6897 9.0095
6898 3.1202
6899 0.0000
6900 2.7798
6901 -1.9021
6902 9.6879
6903 8.3665
6904 0.1243
6905 10.5576
6906 2.0148
6907 7.3728
6908 0.0000
6909 6.8684
6910 3.0780
6911 4.6186
6912 5.8888
6913 8.8201
6914 6.6996
6915 0.0000
6916 -0.4368
6917 10.8016
6918 -1.1823
6919 5.7182
6920 -1.7945
6921 -3.2947
6922 3.1196
6923 10.1802
6924 7.0876
6925 8.0689
6926 2.3443
6927 1.1074
6928 -3.8299
6929 2.2618
6930 0.0000
6931 8.7844
6932 0.2678
6933 5.5534
6934 3.4374
6935 -4.2415
6936 14.9418
6937 2.1819
6938 -0.3209
6939 0.0000
6940 -2.4937
6941 -0.2627
6942 8.1420
6943 -2.7497
6944 4.8640
6945 -4.4426
6946 0.0000
6947 -2.6605
6948 6.1707
6949 7.4589
6950 0.0000
6951 11.0231
6952 1.9135
6953 6.4564
6954 6.7502
6955 -1.2652
6956 -3.1171
6957 1.7137
6958 -3.7160
6959 0.0000
6960 3.4059
6961 -0.5541
6962 2.6271
6963 6.0327
6964 -0.5075
6965 9.1856
6966 0.0000
6967 -0.2395
6968 -0.2760
6969 3.8849
6970 0.0000
6971 7.7329
6972 -6.3869
6973 -3.3492
6974 1.5598
6975 1.6646
6976 -0.6864
6977 -1.0791
6978 2.0885
6979 0.0000
6980 7.1693
6981 4.6967
6982 4.7546
6983 1.1702
6984 4.2793
6985 -0.1371
6986 0.0000
6987 -0.9632
6988 6.3846
6989 -4.0783
6990 0.0000
6991 1.4096
6992 3.7022
6993 -2.0418
6994 9.4233
6995 -0.2954
6996 15.0296
6997 6.2359
6998 2.9505
6999 0.0000
7000 5.6705
7001 4.8651
7002 0.8110
7003 5.5564
7004 6.3893
7005 1.7180
7006 0.0000
7007 0.1836
7008 1.6135
7009 6.5884
7010 10.6498
7011 9.1398
7012 3.8768
7013 9.9143
7014 5.8279
7015 2.2452
7016 9.4734
7017 1.5141
7018 2.6233
7019 -0.6262
7020 8.1440
7021 0.0000
7022 6.4403
7023 0.3445
7024 1.6734
7025 -3.3421
7026 3.4157
7027 6.0717
7028 -5.8445
7029 4.3717
7030 0.0000
7031 4.0382
7032 10.6825
7033 2.3283
7034 0.4853
7035 8.4060
7036 12.3892
7037 0.0000
7038 5.6936
7039 3.2443
7040 0.7072
7041 0.0000
7042 6.6092
7043 -3.4526
7044 7.7575
7045 4.6395
7046 -6.5079
7047 5.7894
7048 7.3326
7049 6.4005
7050 0.0000
7051 3.8733
7052 1.8844
7053 -0.7056
7054 14.0865
7055 -2.1934
7056 1.4598
7057 0.0000
7058 3.3953
7059 0.2354
7060 0.4152
7061 0.0000
7062 4.8749
7063 -4.3386
7064 6.2637
7065 7.0799
7066 3.2327
7067 5.7893
7068 3.0216
7069 2.6415
7070 0.0000
7071 6.6278
7072 3.9072
7073 4.1046
7074 7.2739
7075 5.1769
7076 -0.5749
7077 0.0000
7078 -2.1667
7079 10.0726
7080 14.1764
7081 0.0000
7082 10.8369
7083 -0.2398
7084 8.4392
7085 1.7308
7086 -0.5424
7087 6.8890
7088 9.6940
7089 8.6856
7090 0.0000
7091 4.6398
7092 3.4658
7093 6.2559
7094 5.0311
7095 3.2305
7096 5.4750
7097 0.0000
7098 0.8345
7099 0.0000
7100 7.7420
7101 0.0000
7102 1.2296
7103 6.4606
7104 0.5762
7105 1.8985
7106 6.7076
7107 5.1699
7108 -2.5867
7109 -1.5867
7110 0.0000
7111 1.1433
7112 7.9893
7113 3.9368
7114 1.8881
7115 6.1814
7116 4.4304
7117 0.0000
7118 0.2963
7119 7.4404
7120 -0.5728
7121 -0.5601
7122 7.1141
7123 2.9722
7124 0.0000
7125 3.8954
7126 6.0877
7127 3.2471
7128 3.3624
7129 -2.5408
7130 -5.2363
7131 0.0000
7132 3.5428
7133 1.9718
7134 -3.0320
7135 0.1808
7136 4.2859
7137 7.2441
7138 0.0000
7139 1.4641
7140 1.1146
7141 5.6673
7142 2.9701
7143 -4.1039
7144 1.9231
7145 0.0000
7146 -8.8779
7147 6.1104
7148 -0.3113
7149 3.5162
7150 6.5223
7151 6.5470
7152 0.0000
7153 2.8829
7154 7.9885
7155 1.5051
7156 2.9679
7157 -3.8061
7158 1.6178
7159 0.0000
7160 4.6485
7161 1.3640
7162 -1.6916
7163 4.9028
7164 -1.6838
7165 -4.5950
7166 0.0000
7167 1.0401
7168 6.2013
7169 5.5412
7170 8.0650
7171 2.2483
7172 -1.6636
7173 0.0000
7174 1.6564
7175 4.4230
7176 10.6092
7177 5.2799
7178 -4.1913
7179 15.6669
7180 0.0000
7181 -0.1104
7182 9.3676
7183 1.9312
7184 2.0808
7185 -6.7719
7186 -1.6718
7187 0.0000
7188 -9.8669
7189 2.8246
7190 4.3893
7191 8.8035
7192 7.9303
7193 6.2403
7194 0.0000
7195 -1.4803
7196 4.4310
7197 -2.1345
7198 4.0948
7199 7.1943
7200 2.9095
7201 0.0000
7202 6.1550
7203 2.6789
7204 -3.4522
7205 6.5828
7206 -0.9742
7207 8.5482
7208 0.0000
7209 6.1682
7210 4.2440
7211 2.8543
7212 5.6392
7213 -7.7040
7214 2.3498
7215 0.0000
7216 -3.3944
7217 0.0000
7218 5.5066
7219 0.0000
7220 3.2028
7221 0.0000
7222 -0.7664
7223 -0.9990
7224 0.0000
7225 5.2966
7226 8.8248
7227 8.8409
7228 -1.4017
7229 0.0000
7230 11.1056
7231 2.2276
7232 2.4050
7233 0.0000
7234 6.0481
7235 13.0684
7236 7.5086
7237 0.0000
7238 7.8127
7239 -0.4457
7240 1.4891
7241 -3.0096
7242 -0.1624
7243 13.2656
7244 2.5846
7245 -0.7032
7246 1.2307
7247 0.0000
7248 -2.6071
7249 0.2294
7250 9.0469
7251 6.1041
7252 7.0447
7253 5.0816
7254 0.0000
7255 0.3264
7256 4.2770
7257 2.0777
7258 5.8923
7259 7.2629
7260 0.4506
7261 0.0000
7262 0.6706
7263 0.9450
7264 5.2344
7265 -1.9722
7266 6.7429
7267 5.4253
7268 0.0000
7269 -0.2679
7270 3.6518
7271 4.5217
7272 -0.2033
7273 8.4933
7274 4.0537
7275 0.0000
7276 9.5510
7277 7.4656
7278 7.6723
7279 10.5497
7280 -1.1527
7281 5.2543
7282 0.0000
7283 1.7561
7284 5.5359
7285 1.1389
7286 4.1536
7287 5.8571
7288 2.0224
7289 0.0000
7290 -1.7484
7291 2.6259
7292 -0.3100
7293 -1.4985
7294 -0.6737
7295 -4.8013
7296 0.0000
7297 -6.4517
7298 1.4236
7299 8.0269
7300 2.9873
7301 4.4547
7302 3.6933
7303 0.0000
7304 3.8551
7305 8.7268
7306 -1.7428
7307 3.6859
7308 2.8771
7309 4.2811
7310 0.0000
7311 2.7947
7312 3.9510
7313 7.4266
7314 5.4912
7315 3.2966
7316 8.4257
7317 0.0000
7318 3.8970
7319 5.9406
7320 5.1835
7321 4.6702
7322 3.0791
7323 3.4289
7324 0.0000
7325 -6.1726
7326 -0.1111
7327 0.0000
7328 9.4748
7329 5.9888
7330 9.5545
7331 1.8914
7332 0.8036
7333 2.1832
7334 0.7077
7335 5.0292
7336 0.0000
7337 7.0954
7338 7.5039
7339 0.0000
7340 5.1013
7341 0.0000
7342 5.9159
7343 0.0000
7344 1.7326
7345 -1.3790
7346 0.0000
7347 10.5304
7348 4.2731
7349 0.0000
7350 -0.8327
7351 -1.2896
7352 0.3391
7353 0.0000
7354 5.5419
7355 1.1897
7356 0.0000
7357 2.6077
7358 10.0816
7359 1.5190
7360 0.0000
7361 0.4053
7362 5.2421
7363 0.0000
7364 2.4179
7365 7.1107
7366 4.1577
7367 0.0000
7368 6.3825
7369 4.4202
7370 0.0000
7371 3.3450
7372 13.5276
7373 -0.4499
7374 0.0000
7375 -2.1967
7376 -1.7361
7377 0.0000
7378 4.4620
7379 7.5600
7380 2.2541
7381 0.0000
7382 1.7943
7383 6.7046
7384 0.0000
7385 3.5897
7386 1.1464
7387 7.4521
7388 0.0000
7389 -3.3090
7390 -0.0680
7391 0.0000
7392 4.6918
7393 3.0476
7394 10.1513
7395 0.0000
7396 8.0354
7397 6.9125
7398 0.0000
7399 1.2458
7400 3.2900
7401 4.6244
7402 0.0000
7403 -2.2833
7404 9.4485
7405 0.0000
7406 7.5326
7407 13.4855
7408 1.4408
7409 0.0000
7410 3.6495
7411 -1.0392
7412 0.0000
7413 9.0435
7414 6.6287
7415 -3.0039
7416 0.0000
7417 -0.2749
7418 6.9014
7419 0.0000
7420 1.7304
7421 1.7906
7422 13.3703
7423 0.0000
7424 -0.4178
7425 9.7531
7426 0.0000
7427 7.4001
7428 4.6242
7429 10.1002
7430 0.0000
7431 0.2532
7432 4.1867
7433 0.0000
7434 7.3948
7435 4.8942
7436 5.5503
7437 0.0000
7438 -1.2539
7439 7.6966
7440 0.0000
7441 2.6189
7442 5.1683
7443 8.0996
7444 0.0000
7445 3.3501
7446 12.4417
7447 0.0000
7448 2.0031
7449 3.9600
7450 8.5035
7451 0.0000
7452 3.0886
7453 2.9667
7454 0.0000
7455 -3.9363
7456 -1.1494
7457 -2.0453
7458 0.0000
7459 3.5903
7460 0.0000
7461 8.5463
7462 0.0000
7463 0.7504
7464 11.3050
7465 0.0000
7466 5.7078
7467 0.0000
7468 0.5153
7469 0.0000
7470 5.9679
7471 2.4621
7472 11.3840
7473 0.0000
7474 -0.8444
7475 5.8627
7476 3.8212
7477 0.0000
7478 -4.1242
7479 -3.1780
7480 8.3626
7481 0.0000
7482 4.1055
7483 0.0000
7484 0.3928
7485 0.0000
7486 -1.7663
7487 0.5905
7488 0.0000
7489 5.6752
7490 0.0000
7491 13.4234
7492 -5.8373
7493 -0.0161
7494 3.0963
7495 2.0322
7496 0.4204
7497 -1.0881
7498 3.6029
7499 0.0000
7500 -1.8516
7501 10.3849
7502 -3.9337
7503 12.7593
7504 6.2763
7505 4.8456
7506 0.0000
7507 1.9625
7508 6.5510
7509 3.0081
7510 4.9613
7511 9.0590
7512 3.2857
7513 0.0000
7514 3.3193
7515 2.5451
7516 4.6465
7517 1.5106
7518 7.8644
7519 5.4461
7520 0.0000
7521 8.0908
7522 -3.4583
7523 4.4987
7524 1.3859
7525 0.5890
7526 2.7799
7527 0.0000
7528 8.7515
7529 -0.5810
7530 0.2859
7531 5.3466
7532 5.4015
7533 12.2715
7534 0.0000
7535 -0.6063
7536 -4.4778
7537 7.4451
7538 8.4295
7539 5.6295
7540 3.9545
7541 0.0000
7542 -4.3147
7543 7.3574
7544 3.9549
7545 10.2307
7546 3.9637
7547 -1.7317
7548 0.0000
7549 0.9101
7550 3.4554
7551 5.2301
7552 -1.3166
7553 3.1778
7554 -3.6612
7555 0.0000
7556 -1.6280
7557 5.6351
7558 9.7425
7559 4.0848
7560 4.5000
7561 4.2269
7562 0.0000
7563 2.0655
7564 5.1869
7565 6.8418
7566 5.0582
7567 13.5301
7568 6.0533
7569 0.0000
7570 -2.2704
7571 0.3602
7572 9.0182
7573 3.9019
7574 6.2956
7575 0.7038
7576 0.0000
7577 -2.7608
7578 9.7703
7579 4.9365
7580 8.9622
7581 10.6525
7582 4.0403
7583 0.0000
7584 4.1634
7585 4.6876
7586 -0.4353
7587 11.8706
7588 3.6040
7589 5.8312
7590 0.0000
7591 2.2786
7592 -2.6269
7593 -1.7747
7594 -1.4122
7595 -1.4878
7596 6.2284
7597 0.0000
7598 -2.8971
7599 2.4174
7600 8.6135
7601 6.0936
7602 -1.1660
7603 -2.4932
7604 0.0000
7605 -4.6557
7606 0.0000
7607 7.6069
7608 4.4673
7609 0.0000
7610 2.2345
7611 0.9842
7612 0.0000
7613 2.2633
7614 2.0902
7615 0.0000
7616 -2.4859
7617 0.0000
7618 -3.3561
7619 5.9743
7620 0.0000
7621 2.7073
7622 1.8388
7623 0.0000
7624 -1.7697
7625 0.0000
7626 0.7140
7627 8.5625
7628 0.0000
7629 2.0638
7630 5.9809
7631 0.0000
7632 5.3022
7633 0.0000
7634 -7.2463
7635 3.1620
7636 0.0000
7637 13.3050
7638 5.7454
7639 0.0000
7640 -5.6658
7641 0.0000
7642 -7.4645
7643 2.9384
7644 0.0000
7645 3.2993
7646 5.3325
7647 0.0000
7648 2.2095
7649 0.0000
7650 4.4449
7651 -1.4034
7652 0.0000
7653 6.3590
7654 14.5799
7655 0.0000
7656 2.5513
7657 0.0000
7658 10.9470
7659 5.0823
7660 0.0000
7661 4.4380
7662 5.4018
7663 0.0000
7664 2.6862
7665 0.0000
7666 9.2909
7667 7.3681
7668 0.0000
7669 5.4918
7670 2.0095
7671 0.0000
7672 3.5125
7673 0.0000
7674 -3.8075
7675 0.2433
7676 0.0000
7677 4.2201
7678 8.4875
7679 0.0000
7680 3.4007
7681 0.0000
7682 5.0500
7683 -0.5486
7684 0.0000
7685 -3.0444
7686 4.0190
7687 0.0000
7688 3.9746
7689 0.0000
7690 0.7597
7691 2.1912
7692 0.0000
7693 7.1391
7694 8.7607
7695 0.0000
7696 3.9529
7697 0.0000
7698 6.8529
7699 7.1681
7700 0.0000
7701 7.6484
7702 10.1949
7703 0.0000
7704 5.4268
7705 0.0000
7706 2.2306
7707 4.4140
7708 0.0000
7709 9.7150
7710 5.8383
7711 0.0000
7712 1.2096
7713 0.0000
7714 -0.4805
7715 0.1939
7716 0.0000
7717 2.3898
7718 11.0202
7719 0.0000
7720 -0.8145
7721 0.0000
7722 -2.5967
7723 5.2568
7724 0.0000
7725 2.1837
7726 11.7097
7727 0.0000
7728 8.5492
7729 0.0000
7730 -6.5570
7731 0.3206
7732 0.0000
7733 5.8602
7734 -1.8936
7735 0.0000
7736 4.7288
7737 0.0000
7738 2.2622
7739 0.0000
7740 2.1372
