# input  : 16 : EF A3 F2 C8 29 6D C6 E7 DB 9D 98 8F 1E A7 06 76 
# output : 16 : 13 4D AF BA 55 2F 48 9E 04 21 BB 1E 86 5E AA 2C 
# cycles : 7740
1 0.0000
2 -1.2578
3 4.4464
4 0.0000
5 11.0172
6 0.0000
7 6.9018
8 6.1263
9 0.0000
10 -4.3173
11 -0.8892
12 0.0000
13 4.7595
14 0.0000
15 -0.6599
16 4.1969
17 0.0000
18 2.7039
19 2.5418
20 0.0000
21 4.7520
22 0.0000
23 0.5226
24 5.4059
25 0.0000
26 3.6253
27 3.9665
28 0.0000
29 2.1707
30 0.0000
31 7.7047
32 -0.0230
33 0.0000
34 -7.9294
35 1.9862
36 0.0000
37 -7.0313
38 0.0000
39 5.6214
40 -1.3656
41 0.0000
42 -0.6509
43 6.6466
44 0.0000
45 3.9238
46 0.0000
47 7.2246
48 3.0365
49 0.0000
50 3.0103
51 7.4663
52 0.0000
53 0.9212
54 0.0000
55 -3.7107
56 -0.9839
57 0.0000
58 3.7013
59 2.9323
60 0.0000
61 -8.9834
62 0.0000
63 6.9008
64 2.7706
65 0.0000
66 -0.0274
67 -0.1183
68 0.0000
69 -2.4478
70 0.0000
71 6.1300
72 10.7693
73 0.0000
74 1.7847
75 1.6642
76 0.0000
77 -3.1372
78 0.0000
79 2.9154
80 5.1925
81 0.0000
82 2.4098
83 9.7220
84 0.0000
85 -4.2737
86 0.0000
87 -1.8170
88 2.6744
89 0.0000
90 5.7200
91 4.5808
92 0.0000
93 -1.7286
94 0.0000
95 4.6809
96 9.8707
97 0.0000
98 1.2386
99 0.7727
100 0.0000
101 -3.5440
102 0.0000
103 0.0314
104 6.2374
105 0.0000
106 0.7129
107 3.0423
108 0.0000
109 4.8485
110 0.0000
111 6.8076
112 7.6693
113 0.0000
114 3.7797
115 2.4576
116 0.0000
117 -3.6400
118 0.0000
119 4.1828
120 -2.9262
121 0.0000
122 10.1901
123 7.3253
124 0.0000
125 6.0585
126 0.0000
127 11.6313
128 2.3195
129 0.0000
130 1.4572
131 0.2053
132 0.0000
133 -1.7300
134 0.0000
135 -1.6637
136 -0.7356
137 0.0000
138 4.3161
139 10.4712
140 0.3052
141 0.0000
142 6.9254
143 6.3027
144 1.9134
145 1.0203
146 0.0000
147 2.8428
148 0.3528
149 0.0000
150 3.8244
151 13.5577
152 7.7215
153 -1.3389
154 0.0000
155 2.6874
156 -1.7820
157 0.0000
158 2.5218
159 2.7933
160 7.2847
161 5.9127
162 0.0000
163 1.7980
164 1.0970
165 0.0000
166 4.1709
167 3.6640
168 11.1382
169 5.0674
170 0.0000
171 7.8156
172 0.3314
173 0.0000
174 -6.4151
175 7.7896
176 -2.8692
177 0.5590
178 0.0000
179 -0.4840
180 0.5168
181 0.0000
182 10.2581
183 7.2293
184 9.2920
185 5.4564
186 0.0000
187 -6.2625
188 -2.6492
189 0.0000
190 10.0680
191 1.8038
192 8.3001
193 6.9128
194 0.0000
195 -3.8198
196 2.0894
197 0.0000
198 3.8713
199 4.6115
200 4.8378
201 -6.2780
202 0.0000
203 8.0696
204 1.7071
205 0.0000
206 7.4147
207 -2.5543
208 1.5453
209 1.3179
210 0.0000
211 6.7344
212 1.7021
213 0.0000
214 3.1614
215 9.4286
216 3.5409
217 0.2328
218 0.0000
219 5.9338
220 -2.9146
221 0.0000
222 3.3461
223 1.9557
224 9.8348
225 0.6594
226 0.0000
227 -8.9539
228 -2.7845
229 0.0000
230 -1.3079
231 2.8900
232 6.6805
233 1.9612
234 0.0000
235 10.8679
236 -0.6543
237 0.0000
238 5.9271
239 -0.2290
240 4.7129
241 0.8073
242 0.0000
243 8.6418
244 0.3174
245 0.0000
246 17.0222
247 10.9148
248 -4.5141
249 -5.6111
250 0.0000
251 3.1852
252 11.1605
253 0.0000
254 3.4900
255 3.5934
256 7.2079
257 7.4852
258 0.0000
259 1.9999
260 -4.9338
261 0.0000
262 6.6461
263 2.2704
264 6.1815
265 -2.1716
266 0.0000
267 1.7421
268 3.6550
269 0.0000
270 7.8412
271 0.0000
272 6.9587
273 -6.8366
274 1.3672
275 16.6760
276 -4.1218
277 0.7800
278 1.0407
279 3.9022
280 0.0000
281 2.0220
282 9.6133
283 2.9557
284 2.7188
285 0.6615
286 1.1497
287 0.0000
288 0.7123
289 3.7549
290 12.7112
291 4.3349
292 6.2589
293 6.1734
294 0.0000
295 -2.8936
296 3.6552
297 3.4347
298 9.7726
299 6.4578
300 -3.9795
301 0.0000
302 2.6115
303 5.3047
304 2.9055
305 4.8707
306 7.7479
307 1.9619
308 0.0000
309 3.4295
310 -1.5237
311 2.7206
312 0.5984
313 3.3266
314 1.7128
315 0.0000
316 -4.2070
317 1.2378
318 9.8153
319 4.6855
320 10.2294
321 6.7708
322 0.0000
323 3.1620
324 3.6168
325 6.1344
326 6.2080
327 1.3195
328 3.7838
329 0.0000
330 2.8627
331 -1.7143
332 4.6671
333 5.8044
334 12.4024
335 -5.6006
336 0.0000
337 8.6015
338 0.9710
339 3.1116
340 -2.7066
341 6.0902
342 0.7600
343 0.0000
344 0.0721
345 -0.8481
346 9.0571
347 1.3725
348 4.0365
349 5.7811
350 0.0000
351 0.7206
352 7.4787
353 6.3371
354 8.7698
355 4.7767
356 4.1031
357 0.0000
358 -2.2862
359 10.6394
360 4.8455
361 7.5125
362 8.8476
363 0.1396
364 0.0000
365 4.1573
366 9.2797
367 1.2304
368 1.1210
369 -1.6326
370 7.2708
371 0.0000
372 1.1531
373 3.1553
374 6.6790
375 0.8533
376 12.6927
377 10.0916
378 0.0000
379 -0.7027
380 0.3326
381 3.3938
382 6.4993
383 5.5992
384 2.2679
385 0.0000
386 3.3621
387 0.0000
388 -2.0263
389 0.0000
390 -3.3734
391 0.0000
392 -2.5120
393 8.4590
394 0.0000
395 2.4537
396 -1.9079
397 1.4531
398 12.2973
399 0.0000
400 1.3441
401 2.3616
402 5.1168
403 0.0000
404 10.2465
405 11.7510
406 0.4733
407 0.0000
408 4.1453
409 3.7198
410 0.6733
411 2.7363
412 -1.3219
413 0.2737
414 4.2124
415 4.9306
416 9.8436
417 0.0000
418 1.0475
419 6.0892
420 2.6972
421 1.7114
422 3.8305
423 11.8543
424 0.0000
425 -3.5788
426 8.9182
427 1.1318
428 -2.5129
429 7.1255
430 11.8310
431 0.0000
432 7.1064
433 13.7334
434 4.9261
435 2.0982
436 2.0761
437 2.2823
438 0.0000
439 -7.2376
440 0.3554
441 11.5674
442 5.4005
443 -1.8149
444 1.9136
445 0.0000
446 8.6917
447 2.8462
448 -1.9618
449 2.8891
450 1.6676
451 -0.7388
452 0.0000
453 -2.1102
454 -3.5333
455 3.1764
456 1.0779
457 2.0493
458 1.0837
459 0.0000
460 3.3316
461 12.6490
462 5.3760
463 6.4525
464 -4.0200
465 1.5312
466 0.0000
467 1.3954
468 8.9832
469 3.8614
470 -2.0360
471 4.5329
472 2.2915
473 0.0000
474 9.2250
475 8.2613
476 3.7935
477 8.7871
478 0.0729
479 4.5938
480 0.0000
481 4.1650
482 6.3190
483 10.4925
484 9.9346
485 -0.8440
486 10.4583
487 0.0000
488 3.1851
489 -3.3914
490 -2.4334
491 3.9985
492 -0.7015
493 11.3203
494 0.0000
495 -4.2342
496 8.2962
497 0.0000
498 5.4496
499 1.2335
500 3.3204
501 0.0315
502 -0.8584
503 6.2067
504 -8.1455
505 -3.3201
506 0.0000
507 3.2250
508 2.0630
509 0.0000
510 1.2859
511 4.1663
512 0.0000
513 9.9907
514 2.7415
515 0.0000
516 -0.0637
517 4.2987
518 0.0000
519 -1.9845
520 4.9478
521 1.7552
522 0.0000
523 1.7788
524 14.5347
525 0.0000
526 5.5001
527 4.8765
528 -1.7250
529 0.0000
530 0.0553
531 4.6233
532 0.0000
533 4.7804
534 4.0843
535 2.3776
536 0.0000
537 -1.7459
538 4.7530
539 0.0000
540 4.7675
541 -2.4039
542 9.2119
543 0.0000
544 -0.5669
545 -0.1643
546 0.0000
547 -2.5215
548 2.0558
549 11.0796
550 0.0000
551 -3.1358
552 1.2257
553 0.0000
554 4.7320
555 4.3900
556 4.5015
557 0.0000
558 -1.0182
559 7.7810
560 0.0000
561 5.1212
562 7.1098
563 6.2742
564 0.0000
565 3.3942
566 2.4038
567 0.0000
568 6.8529
569 2.9997
570 -2.2761
571 0.0000
572 4.9170
573 7.8178
574 0.0000
575 1.0136
576 8.1793
577 8.3750
578 0.0000
579 5.9225
580 7.0184
581 0.0000
582 -1.8868
583 -7.5081
584 7.2426
585 0.0000
586 -3.1120
587 9.3084
588 0.0000
589 5.0958
590 1.4041
591 7.4533
592 0.0000
593 1.0491
594 2.1136
595 0.0000
596 14.5131
597 0.5531
598 13.4270
599 0.0000
600 5.4533
601 14.7437
602 0.0000
603 -3.0470
604 4.6832
605 1.8972
606 0.0000
607 -0.2293
608 9.8292
609 0.0000
610 1.9567
611 -1.3539
612 3.4881
613 0.0000
614 -3.5321
615 4.5945
616 0.0000
617 6.8284
618 18.1135
619 6.5655
620 0.0000
621 -1.7799
622 2.0263
623 0.0000
624 2.0519
625 5.2347
626 -4.5857
627 0.0000
628 3.5617
629 0.0000
630 -2.1421
631 0.0000
632 3.6840
633 0.5463
634 0.0000
635 -0.6725
636 0.0000
637 -8.1582
638 0.0000
639 1.6256
640 4.1531
641 -2.4599
642 0.0000
643 4.9121
644 2.7068
645 2.2913
646 0.0000
647 3.0042
648 0.9897
649 3.6007
650 0.0000
651 4.1344
652 0.0000
653 -2.6030
654 0.0000
655 8.1443
656 3.6054
657 0.0000
658 2.3215
659 0.0000
660 8.8602
661 2.0997
662 1.3836
663 7.1689
664 7.4580
665 3.3025
666 0.8373
667 6.2062
668 0.1180
669 1.6134
670 0.7240
671 1.4638
672 1.9707
673 2.2487
674 5.0424
675 -0.7652
676 0.0000
677 7.1785
678 -2.1225
679 10.0312
680 -2.3581
681 0.0941
682 -1.7200
683 -1.5711
684 -1.3906
685 0.0000
686 9.8061
687 3.9208
688 8.4261
689 1.5504
690 2.3845
691 9.7121
692 0.0000
693 3.4961
694 -1.5583
695 12.2621
696 0.0000
697 7.6394
698 4.9830
699 7.0755
700 6.5449
701 -2.3434
702 0.0790
703 2.9400
704 3.1570
705 0.0000
706 1.0915
707 2.8711
708 4.8233
709 -0.9430
710 6.9650
711 7.9979
712 0.0000
713 0.5336
714 3.5011
715 -3.8132
716 0.0000
717 9.7171
718 -1.2918
719 0.8152
720 10.6565
721 1.2267
722 14.4547
723 -0.8757
724 -3.6817
725 0.0000
726 5.6177
727 2.5003
728 3.8518
729 3.7277
730 -0.6809
731 6.5417
732 0.0000
733 -3.7255
734 4.7591
735 6.0674
736 0.0000
737 10.2450
738 -8.6763
739 4.9334
740 6.6618
741 0.0661
742 10.3315
743 11.0505
744 8.4052
745 0.0000
746 2.8517
747 2.7647
748 -1.5536
749 3.1944
750 2.2917
751 8.2954
752 0.0000
753 2.0792
754 6.5092
755 8.7980
756 3.9874
757 3.4470
758 6.2439
759 6.8226
760 1.8360
761 3.8323
762 4.7157
763 1.8788
764 -7.7267
765 10.6106
766 6.1105
767 0.0000
768 2.9944
769 1.7305
770 8.0586
771 1.6276
772 4.6938
773 -4.2205
774 1.7414
775 8.2531
776 0.0000
777 3.5935
778 5.0882
779 0.2768
780 2.8762
781 -4.1964
782 8.6311
783 0.0000
784 -1.0564
785 -1.7736
786 3.5766
787 0.0000
788 0.6754
789 -0.2123
790 10.3802
791 -1.0172
792 0.7994
793 4.5610
794 2.2452
795 6.2228
796 0.0000
797 5.5211
798 1.0027
799 0.3444
800 2.2127
801 9.6848
802 3.1500
803 0.0000
804 -4.2828
805 2.7791
806 2.3397
807 0.0000
808 10.2092
809 -1.5905
810 4.6241
811 -1.9699
812 -1.5648
813 -1.4558
814 0.7061
815 2.2222
816 0.0000
817 5.1631
818 3.2347
819 4.1380
820 2.5766
821 8.1998
822 5.7783
823 0.0000
824 -1.0753
825 6.0453
826 5.5942
827 0.0000
828 3.0342
829 0.1133
830 1.0041
831 0.2476
832 -5.9893
833 -0.4737
834 -4.3268
835 -0.2482
836 0.0000
837 4.3208
838 2.7948
839 1.4697
840 1.4751
841 2.8264
842 0.8654
843 0.0000
844 -2.8230
845 2.2763
846 -0.8635
847 -0.0507
848 5.1274
849 -0.8198
850 -3.5731
851 7.0994
852 -0.0314
853 4.7235
854 2.4145
855 -0.6670
856 -1.7041
857 0.2232
858 0.0000
859 5.0497
860 -0.0726
861 -2.5055
862 -0.2561
863 3.1019
864 -7.5523
865 4.3395
866 5.0406
867 0.0000
868 4.3962
869 12.5300
870 3.4760
871 0.8515
872 -5.6211
873 10.6534
874 0.0000
875 1.8436
876 0.2463
877 0.0605
878 0.0000
879 11.1875
880 5.9505
881 7.0604
882 0.5412
883 4.2259
884 4.3318
885 -3.1183
886 -0.5589
887 0.0000
888 0.0352
889 8.1533
890 2.6578
891 10.4556
892 2.1598
893 2.6448
894 0.0000
895 -3.0710
896 8.6499
897 8.4719
898 0.0000
899 7.2642
900 2.7888
901 0.2913
902 0.2811
903 -0.3692
904 5.9046
905 -2.3951
906 9.8632
907 0.0000
908 9.3488
909 3.7104
910 -2.1084
911 0.3090
912 7.3955
913 -0.0370
914 0.0000
915 -4.6388
916 -4.1007
917 6.7143
918 0.0000
919 6.5942
920 0.2666
921 2.0797
922 0.9884
923 3.0425
924 4.9878
925 3.7067
926 4.0502
927 0.0000
928 10.2740
929 7.8971
930 4.9842
931 10.5192
932 1.0184
933 8.2297
934 0.0000
935 4.2324
936 6.6136
937 1.2732
938 -2.7825
939 1.1130
940 3.2281
941 15.8841
942 -0.8935
943 6.3944
944 5.2201
945 8.9317
946 6.1472
947 2.1527
948 -0.9456
949 0.0000
950 7.3939
951 -2.8136
952 -5.9033
953 5.2675
954 0.5651
955 0.4113
956 1.6463
957 3.4699
958 0.0000
959 8.1555
960 6.9946
961 2.1202
962 8.5925
963 8.1431
964 8.0748
965 0.0000
966 -2.8205
967 4.3254
968 5.3901
969 0.0000
970 3.1347
971 -3.0450
972 6.9109
973 4.4387
974 0.5968
975 -11.4075
976 0.6031
977 10.5266
978 0.0000
979 2.8184
980 8.6935
981 8.1475
982 4.0049
983 3.8392
984 7.6845
985 0.0000
986 -2.5698
987 12.0649
988 4.5611
989 0.0000
990 -0.7793
991 3.1963
992 8.8387
993 4.7644
994 -0.2737
995 2.7428
996 5.6083
997 14.1093
998 0.0000
999 6.8970
1000 -3.4863
1001 6.4197
1002 8.4163
1003 12.8187
1004 -5.8003
1005 0.0000
1006 -6.3139
1007 7.4642
1008 4.8038
1009 0.0000
1010 1.4803
1011 2.3742
1012 0.9343
1013 6.4804
1014 -10.0608
1015 -3.8766
1016 -4.9329
1017 6.3421
1018 0.0000
1019 3.2055
1020 2.3292
1021 -0.5284
1022 5.6121
1023 -0.1850
1024 -1.8679
1025 0.0000
1026 -7.5786
1027 0.0000
1028 -3.0810
1029 0.0000
1030 8.1476
1031 3.2082
1032 -5.1804
1033 1.7881
1034 -0.9725
1035 7.1677
1036 8.2739
1037 6.0186
1038 0.0000
1039 -2.5040
1040 7.3799
1041 7.0792
1042 12.1247
1043 3.3963
1044 3.3946
1045 0.0000
1046 0.2103
1047 4.6969
1048 10.3731
1049 3.9819
1050 7.5398
1051 7.0965
1052 0.0000
1053 -0.1481
1054 -0.8794
1055 3.9821
1056 13.5625
1057 2.7323
1058 -2.2474
1059 0.0000
1060 4.8525
1061 -3.8686
1062 3.4000
1063 0.4157
1064 6.7650
1065 7.4482
1066 0.0000
1067 3.9266
1068 -0.8498
1069 10.4108
1070 6.6764
1071 1.1068
1072 2.0887
1073 0.0000
1074 -8.7310
1075 12.3569
1076 -2.0549
1077 10.0271
1078 10.7760
1079 4.8867
1080 0.0000
1081 -1.0548
1082 1.8436
1083 0.0076
1084 5.5650
1085 -2.5983
1086 1.0038
1087 0.0000
1088 -7.3140
1089 8.2057
1090 8.0313
1091 -0.7331
1092 -0.0086
1093 1.6219
1094 0.0000
1095 -8.1274
1096 10.1042
1097 -0.4606
1098 4.0758
1099 -0.4939
1100 4.0237
1101 0.0000
1102 -3.5234
1103 5.8205
1104 -3.9452
1105 4.1719
1106 1.1394
1107 2.2812
1108 0.0000
1109 -4.7906
1110 4.1903
1111 9.0122
1112 0.2566
1113 0.3529
1114 1.0951
1115 0.0000
1116 -7.9526
1117 1.3686
1118 7.1252
1119 5.7871
1120 3.2217
1121 7.7161
1122 0.0000
1123 3.1952
1124 2.6229
1125 5.6160
1126 3.7660
1127 16.3151
1128 4.3748
1129 0.0000
1130 0.3567
1131 7.3635
1132 2.0783
1133 -0.0768
1134 4.4208
1135 16.2515
1136 0.0000
1137 -3.9398
1138 2.8798
1139 5.1995
1140 7.1222
1141 5.0826
1142 -0.5960
1143 0.0000
1144 -6.7705
1145 0.0000
1146 1.7166
1147 0.0000
1148 7.5935
1149 0.0000
1150 12.3883
1151 2.9754
1152 0.0000
1153 7.3683
1154 -2.0485
1155 15.8685
1156 0.0673
1157 0.0000
1158 0.5989
1159 3.0917
1160 2.7853
1161 0.0000
1162 3.8856
1163 1.4168
1164 1.4055
1165 0.0000
1166 6.3813
1167 8.1219
1168 -5.2926
1169 -2.6149
1170 -0.0797
1171 6.3411
1172 8.2032
1173 4.3093
1174 1.6517
1175 0.0000
1176 0.3587
1177 5.9116
1178 8.1538
1179 6.9162
1180 1.4682
1181 -3.2881
1182 0.0000
1183 4.7739
1184 3.9150
1185 4.1860
1186 7.8547
1187 0.2398
1188 4.0203
1189 0.0000
1190 7.1013
1191 6.6243
1192 4.9096
1193 2.8204
1194 3.2076
1195 9.4682
1196 0.0000
1197 0.7166
1198 -1.1746
1199 1.2666
1200 0.1874
1201 -0.6443
1202 2.8539
1203 0.0000
1204 -0.0016
1205 5.3092
1206 -0.0984
1207 5.1060
1208 3.1790
1209 -4.8562
1210 0.0000
1211 -4.6873
1212 6.4036
1213 -4.0815
1214 5.1585
1215 9.0935
1216 3.7691
1217 0.0000
1218 4.8834
1219 7.1459
1220 4.2811
1221 12.3369
1222 6.8316
1223 1.8688
1224 0.0000
1225 4.7901
1226 7.1492
1227 6.2519
1228 -0.1460
1229 0.4429
1230 1.7493
1231 0.0000
1232 4.6788
1233 4.2373
1234 6.0095
1235 4.8859
1236 11.5842
1237 4.5914
1238 0.0000
1239 -3.3771
1240 8.5120
1241 1.6951
1242 7.8570
1243 -2.3874
1244 4.1760
1245 0.0000
1246 0.9954
1247 10.0599
1248 2.6815
1249 8.7763
1250 5.8637
1251 -1.6554
1252 0.0000
1253 -2.9280
1254 3.8025
1255 0.0000
1256 6.8604
1257 -3.9433
1258 -2.2581
1259 -3.1018
1260 -7.9063
1261 0.0514
1262 3.4415
1263 0.3473
1264 0.0000
1265 1.0680
1266 -3.8460
1267 0.0000
1268 2.6719
1269 0.0000
1270 4.2866
1271 0.0000
1272 -5.3810
1273 -0.5618
1274 0.0000
1275 -2.0077
1276 10.2561
1277 0.0000
1278 3.8575
1279 5.7039
1280 6.1676
1281 0.0000
1282 0.7929
1283 -2.4217
1284 0.0000
1285 1.3487
1286 2.9973
1287 -0.6513
1288 0.0000
1289 0.8340
1290 -2.1536
1291 0.0000
1292 4.6289
1293 8.7161
1294 4.0992
1295 0.0000
1296 1.6793
1297 -1.9722
1298 0.0000
1299 2.4057
1300 6.2084
1301 -2.3069
1302 0.0000
1303 9.0407
1304 3.0669
1305 0.0000
1306 4.5579
1307 -2.0230
1308 6.8040
1309 0.0000
1310 -3.2293
1311 6.3950
1312 0.0000
1313 0.4548
1314 9.9213
1315 8.7028
1316 0.0000
1317 0.7008
1318 1.8060
1319 0.0000
1320 4.5226
1321 1.3159
1322 8.4540
1323 0.0000
1324 2.5130
1325 3.5307
1326 0.0000
1327 0.4276
1328 0.5614
1329 9.3983
1330 0.0000
1331 -2.4410
1332 2.8185
1333 0.0000
1334 1.5429
1335 2.5662
1336 7.9472
1337 0.0000
1338 6.4896
1339 7.5865
1340 0.0000
1341 7.3991
1342 5.0661
1343 3.0874
1344 0.0000
1345 -1.8269
1346 -5.6852
1347 0.0000
1348 5.4833
1349 8.4409
1350 9.1919
1351 0.0000
1352 -3.8518
1353 2.7595
1354 0.0000
1355 5.9664
1356 14.5684
1357 -0.1846
1358 0.0000
1359 0.8892
1360 4.9930
1361 0.0000
1362 8.2787
1363 2.9232
1364 9.0285
1365 0.0000
1366 5.0600
1367 9.8395
1368 0.0000
1369 -6.8061
1370 1.1067
1371 1.4452
1372 0.0000
1373 6.2930
1374 11.2274
1375 0.0000
1376 10.7816
1377 -0.6252
1378 2.8337
1379 0.0000
1380 -5.6881
1381 -1.4846
1382 0.0000
1383 8.0066
1384 4.0950
1385 -2.3440
1386 0.0000
1387 -6.9879
1388 0.0000
1389 -3.1067
1390 0.0000
1391 1.9441
1392 1.6764
1393 0.0000
1394 1.5070
1395 0.0000
1396 2.0418
1397 0.0000
1398 -3.6644
1399 2.9704
1400 4.6030
1401 0.0000
1402 -0.7416
1403 5.0435
1404 6.7243
1405 0.0000
1406 12.7304
1407 -4.8534
1408 2.9905
1409 0.0000
1410 1.9043
1411 0.0000
1412 3.4258
1413 0.0000
1414 -2.1465
1415 5.5389
1416 0.0000
1417 10.2450
1418 0.0000
1419 11.0805
1420 0.7765
1421 -1.3148
1422 2.8379
1423 8.7051
1424 -2.6685
1425 4.5851
1426 -0.3217
1427 3.6224
1428 8.5860
1429 -1.2254
1430 5.8245
1431 4.0640
1432 5.4835
1433 5.6649
1434 -6.3145
1435 0.0000
1436 1.8468
1437 1.1674
1438 10.5751
1439 14.0899
1440 2.7289
1441 9.7303
1442 2.8476
1443 5.8018
1444 0.0000
1445 6.5294
1446 6.7293
1447 1.2784
1448 2.5090
1449 9.0427
1450 -6.5517
1451 0.0000
1452 2.4459
1453 4.2007
1454 12.2646
1455 0.0000
1456 -2.1801
1457 -10.9764
1458 14.8342
1459 2.9103
1460 0.3487
1461 4.9430
1462 4.5947
1463 5.9669
1464 0.0000
1465 7.8288
1466 6.8822
1467 2.3361
1468 -2.9742
1469 2.9430
1470 9.0994
1471 0.0000
1472 4.6034
1473 7.5723
1474 6.9833
1475 0.0000
1476 6.2622
1477 4.4565
1478 0.5481
1479 -3.5006
1480 -4.9967
1481 14.1970
1482 1.9327
1483 1.8017
1484 0.0000
1485 5.7225
1486 3.8806
1487 0.5619
1488 6.1868
1489 7.3485
1490 7.2228
1491 0.0000
1492 3.5181
1493 6.1395
1494 6.5190
1495 0.0000
1496 -1.9219
1497 -10.4556
1498 0.3240
1499 7.0140
1500 0.8473
1501 7.0353
1502 -4.9147
1503 6.3912
1504 0.0000
1505 3.5708
1506 10.5238
1507 7.5943
1508 2.0482
1509 9.0349
1510 8.4923
1511 0.0000
1512 4.3387
1513 8.1188
1514 0.1964
1515 -2.8773
1516 6.8772
1517 8.6159
1518 9.1211
1519 9.2852
1520 2.3479
1521 0.7365
1522 0.5258
1523 0.6024
1524 1.4518
1525 2.5090
1526 0.0000
1527 2.7135
1528 0.7464
1529 0.4315
1530 -8.4748
1531 -2.4843
1532 3.2523
1533 0.5112
1534 -0.6452
1535 0.0000
1536 -1.2892
1537 3.4582
1538 -2.9700
1539 0.4967
1540 2.5357
1541 -0.1172
1542 0.0000
1543 5.9717
1544 -0.8043
1545 2.9360
1546 0.0000
1547 7.3812
1548 3.2926
1549 8.9112
1550 10.3758
1551 -4.0916
1552 10.4201
1553 4.7044
1554 16.8475
1555 0.0000
1556 4.8221
1557 2.6169
1558 5.7282
1559 3.8732
1560 -2.0184
1561 8.3152
1562 0.0000
1563 -1.9554
1564 4.4610
1565 10.3548
1566 0.0000
1567 2.5356
1568 -0.9364
1569 8.7727
1570 0.5862
1571 -0.9227
1572 9.1176
1573 2.9184
1574 4.2473
1575 0.0000
1576 6.8065
1577 9.1660
1578 6.8641
1579 11.2457
1580 8.6156
1581 6.2514
1582 0.0000
1583 3.7993
1584 9.1636
1585 -0.5754
1586 0.0000
1587 12.4611
1588 3.7645
1589 5.6431
1590 11.8892
1591 0.0645
1592 -6.3348
1593 5.9334
1594 2.9895
1595 0.0000
1596 2.1042
1597 7.0687
1598 7.9560
1599 5.4239
1600 3.7185
1601 3.1009
1602 0.0000
1603 -1.0548
1604 -1.2032
1605 2.8086
1606 1.3342
1607 7.0076
1608 1.8071
1609 6.5358
1610 5.3646
1611 6.5461
1612 6.0637
1613 -1.4753
1614 2.5518
1615 3.3955
1616 8.4003
1617 0.0000
1618 4.8344
1619 8.6998
1620 6.6352
1621 0.6856
1622 0.5261
1623 17.1123
1624 -1.5656
1625 2.2257
1626 0.0000
1627 7.9438
1628 6.2015
1629 1.7255
1630 14.0840
1631 4.5409
1632 2.1528
1633 0.0000
1634 2.1456
1635 -3.4953
1636 4.4855
1637 0.0000
1638 9.2711
1639 -0.4898
1640 5.4920
1641 3.6132
1642 -0.7712
1643 9.1514
1644 0.1122
1645 8.9978
1646 0.0000
1647 1.6899
1648 -0.8300
1649 4.8340
1650 -2.9181
1651 6.9179
1652 1.0736
1653 0.0000
1654 -3.9221
1655 9.8308
1656 11.3742
1657 0.0000
1658 3.5835
1659 -0.2996
1660 4.6013
1661 6.1532
1662 -0.8167
1663 8.8969
1664 11.0315
1665 3.0606
1666 0.0000
1667 9.0001
1668 8.5045
1669 1.2683
1670 6.5899
1671 7.7475
1672 -1.2377
1673 0.0000
1674 9.4394
1675 4.1196
1676 5.8896
1677 0.0000
1678 9.0557
1679 -0.7290
1680 8.5849
1681 11.5731
1682 0.8943
1683 9.0844
1684 5.6958
1685 3.4851
1686 0.0000
1687 2.2788
1688 7.4700
1689 11.5604
1690 8.3363
1691 7.3290
1692 7.5940
1693 0.0000
1694 4.5455
1695 1.7216
1696 3.4792
1697 0.1246
1698 2.9918
1699 -0.3912
1700 5.9101
1701 8.7742
1702 3.2282
1703 4.6891
1704 9.8781
1705 1.8943
1706 2.2876
1707 6.6526
1708 0.0000
1709 2.9134
1710 -1.4974
1711 6.5735
1712 10.3944
1713 5.8864
1714 1.6966
1715 -3.6202
1716 10.0241
1717 0.0000
1718 7.8353
1719 2.2562
1720 5.8866
1721 12.1667
1722 2.0278
1723 3.3026
1724 0.0000
1725 1.0448
1726 7.3921
1727 3.2958
1728 0.0000
1729 5.5742
1730 -2.4971
1731 4.3923
1732 -2.2539
1733 1.9409
1734 2.4896
1735 -5.5615
1736 1.3011
1737 0.0000
1738 4.8536
1739 5.3723
1740 5.9412
1741 10.0197
1742 4.2361
1743 4.5453
1744 0.0000
1745 0.7429
1746 3.3436
1747 5.0097
1748 0.0000
1749 4.1777
1750 0.0296
1751 2.1009
1752 5.0593
1753 3.5348
1754 -4.0814
1755 -2.7738
1756 -1.9904
1757 0.0000
1758 4.1218
1759 6.2167
1760 -1.1511
1761 0.7781
1762 12.4970
1763 -5.0889
1764 0.0000
1765 0.4107
1766 7.3080
1767 8.1591
1768 0.0000
1769 -0.0419
1770 -2.4675
1771 5.6026
1772 -2.2528
1773 -5.5131
1774 -5.4671
1775 1.9597
1776 0.9226
1777 0.0000
1778 4.2212
1779 -1.6472
1780 4.7535
1781 -0.2265
1782 -0.7927
1783 3.4555
1784 0.0000
1785 3.9911
1786 0.0000
1787 3.4320
1788 0.0000
1789 8.9134
1790 4.9700
1791 -1.2169
1792 0.1157
1793 2.2843
1794 3.6253
1795 1.2524
1796 6.1000
1797 0.0000
1798 -4.3615
1799 9.2329
1800 2.6094
1801 -3.9891
1802 1.3507
1803 -3.2824
1804 0.0000
1805 -1.5357
1806 3.2908
1807 1.8280
1808 7.4139
1809 8.5019
1810 -0.1455
1811 0.0000
1812 -2.1002
1813 6.8582
1814 -1.9300
1815 3.7331
1816 2.7413
1817 2.7975
1818 0.0000
1819 -3.3434
1820 4.3962
1821 3.0210
1822 -0.5330
1823 3.6518
1824 3.6235
1825 0.0000
1826 -4.8104
1827 5.5118
1828 2.7124
1829 14.0901
1830 3.2624
1831 5.0518
1832 0.0000
1833 -0.2814
1834 6.2961
1835 7.4656
1836 4.5681
1837 9.1017
1838 2.8218
1839 0.0000
1840 -0.3463
1841 7.8773
1842 10.4932
1843 -1.5556
1844 -0.3825
1845 3.5950
1846 0.0000
1847 0.9028
1848 10.8425
1849 2.1516
1850 7.2294
1851 8.5224
1852 4.4174
1853 0.0000
1854 3.3482
1855 4.8332
1856 7.7869
1857 9.1588
1858 2.6302
1859 2.2765
1860 0.0000
1861 4.4484
1862 0.5810
1863 3.0007
1864 0.8435
1865 3.3204
1866 1.6939
1867 0.0000
1868 3.3880
1869 3.8605
1870 7.1562
1871 9.6099
1872 -0.3039
1873 3.4107
1874 0.0000
1875 -10.0492
1876 8.2102
1877 10.1236
1878 10.2453
1879 6.8213
1880 -1.2686
1881 0.0000
1882 3.9459
1883 3.0391
1884 8.2397
1885 9.1621
1886 8.0089
1887 1.8015
1888 0.0000
1889 -3.0097
1890 13.1552
1891 1.8302
1892 2.6548
1893 12.4835
1894 8.2762
1895 0.0000
1896 2.8044
1897 3.5258
1898 0.5042
1899 2.8640
1900 -5.3440
1901 -0.4380
1902 0.0000
1903 -8.1598
1904 0.0000
1905 6.5111
1906 0.0000
1907 8.0099
1908 0.0000
1909 10.4886
1910 5.7257
1911 0.0000
1912 -0.5702
1913 5.0002
1914 8.2433
1915 5.9595
1916 0.0000
1917 -1.5878
1918 5.0171
1919 6.9164
1920 0.0000
1921 1.2320
1922 2.8532
1923 10.2059
1924 0.0000
1925 1.2507
1926 10.2933
1927 2.6704
1928 -0.0175
1929 1.1771
1930 -3.3305
1931 2.5748
1932 4.1118
1933 5.9671
1934 0.0000
1935 7.6007
1936 -2.9552
1937 5.8508
1938 -2.0798
1939 -6.0232
1940 4.2525
1941 0.0000
1942 7.0652
1943 1.5819
1944 12.5868
1945 2.8588
1946 0.2774
1947 -2.6950
1948 0.0000
1949 1.0995
1950 16.9632
1951 1.5261
1952 5.9519
1953 7.5395
1954 2.1187
1955 0.0000
1956 5.7026
1957 5.0012
1958 -3.4570
1959 7.0366
1960 -2.2017
1961 5.6030
1962 0.0000
1963 -1.1515
1964 5.5169
1965 3.6599
1966 1.5751
1967 2.6011
1968 2.4334
1969 0.0000
1970 1.1045
1971 2.8668
1972 4.8508
1973 0.6330
1974 -1.1340
1975 10.3073
1976 0.0000
1977 3.9475
1978 7.2327
1979 3.6370
1980 -5.1834
1981 -1.6269
1982 1.8398
1983 0.0000
1984 2.7590
1985 0.8440
1986 7.8299
1987 8.4083
1988 6.4531
1989 8.4564
1990 0.0000
1991 5.3676
1992 2.1486
1993 5.0290
1994 5.7378
1995 7.4482
1996 9.9887
1997 0.0000
1998 8.4042
1999 0.2869
2000 3.8340
2001 -2.5411
2002 2.0917
2003 6.2624
2004 0.0000
2005 1.0827
2006 6.2842
2007 8.8503
2008 0.8484
2009 3.8909
2010 -7.4743
2011 0.0000
2012 -7.6179
2013 -1.4091
2014 0.0000
2015 -0.8268
2016 -0.4076
2017 -2.7372
2018 3.2356
2019 0.0193
2020 3.7251
2021 1.6574
2022 -0.2725
2023 0.0000
2024 5.4920
2025 4.1196
2026 0.0000
2027 6.2699
2028 0.0000
2029 4.1946
2030 0.0000
2031 1.7413
2032 -0.5088
2033 0.0000
2034 -0.2708
2035 4.4490
2036 0.0000
2037 5.0356
2038 5.2740
2039 4.7517
2040 0.0000
2041 3.0594
2042 -2.9537
2043 0.0000
2044 3.3778
2045 5.5585
2046 0.9972
2047 0.0000
2048 -0.0117
2049 2.5960
2050 0.0000
2051 1.7215
2052 -2.2870
2053 5.1292
2054 0.0000
2055 1.8244
2056 1.9891
2057 0.0000
2058 1.4328
2059 6.3800
2060 4.3875
2061 0.0000
2062 0.9898
2063 1.0569
2064 0.0000
2065 6.7949
2066 5.2544
2067 3.3092
2068 0.0000
2069 5.1717
2070 2.2952
2071 0.0000
2072 6.1245
2073 3.9246
2074 7.2947
2075 0.0000
2076 0.3660
2077 1.2967
2078 0.0000
2079 12.4810
2080 9.3946
2081 1.2497
2082 0.0000
2083 3.0032
2084 8.6990
2085 0.0000
2086 8.7300
2087 3.8494
2088 1.1012
2089 0.0000
2090 -0.9034
2091 5.6279
2092 0.0000
2093 5.3412
2094 2.3666
2095 2.7070
2096 0.0000
2097 1.2005
2098 11.6172
2099 0.0000
2100 -2.0762
2101 -1.2581
2102 7.2833
2103 0.0000
2104 0.5059
2105 3.9280
2106 0.0000
2107 4.9892
2108 5.3686
2109 3.8080
2110 0.0000
2111 1.8368
2112 -2.2692
2113 0.0000
2114 -3.4329
2115 10.8475
2116 5.6874
2117 0.0000
2118 -3.2227
2119 7.4490
2120 0.0000
2121 5.9611
2122 -0.8506
2123 -0.9420
2124 0.0000
2125 5.7365
2126 12.7034
2127 0.0000
2128 9.0580
2129 10.5369
2130 11.0349
2131 0.0000
2132 2.2923
2133 -0.9122
2134 0.0000
2135 4.6827
2136 4.7530
2137 1.0698
2138 0.0000
2139 4.5597
2140 3.3022
2141 0.0000
2142 2.1645
2143 -1.9206
2144 -0.4912
2145 0.0000
2146 4.8548
2147 0.0000
2148 5.4773
2149 0.0000
2150 5.1280
2151 -2.5298
2152 0.0000
2153 1.5673
2154 0.0000
2155 0.2856
2156 0.0000
2157 9.9798
2158 -0.3703
2159 -3.9294
2160 0.0000
2161 3.0330
2162 1.5732
2163 4.9620
2164 0.0000
2165 0.7836
2166 14.3770
2167 -1.0343
2168 0.0000
2169 1.9519
2170 0.0000
2171 6.3875
2172 0.0000
2173 4.3142
2174 -0.4367
2175 0.0000
2176 1.6459
2177 0.0000
2178 6.3790
2179 4.8596
2180 6.5949
2181 10.7958
2182 5.9017
2183 4.2995
2184 5.3755
2185 -2.4391
2186 1.0881
2187 8.2020
2188 3.4387
2189 -5.6487
2190 6.1294
2191 5.8366
2192 5.9673
2193 3.5173
2194 0.0000
2195 5.7072
2196 -5.0789
2197 -3.6529
2198 5.8140
2199 0.7407
2200 0.2357
2201 3.2992
2202 2.9793
2203 0.0000
2204 7.7639
2205 8.7139
2206 7.3985
2207 5.5918
2208 -2.5556
2209 11.2200
2210 0.0000
2211 4.5217
2212 -2.0435
2213 3.1822
2214 0.0000
2215 7.1104
2216 -6.9508
2217 5.2572
2218 9.2131
2219 0.8612
2220 -0.8044
2221 2.6211
2222 6.3683
2223 0.0000
2224 4.2012
2225 -3.7258
2226 5.4418
2227 3.9788
2228 4.7351
2229 -1.6875
2230 0.0000
2231 3.7545
2232 12.9069
2233 2.7921
2234 0.0000
2235 1.7312
2236 1.4412
2237 12.1328
2238 5.6309
2239 -3.0029
2240 9.7578
2241 0.5441
2242 6.6084
2243 0.0000
2244 9.4561
2245 5.9881
2246 2.8029
2247 1.4392
2248 3.8783
2249 4.6425
2250 0.0000
2251 -2.8621
2252 -2.8679
2253 0.0188
2254 0.0000
2255 5.5457
2256 -4.1280
2257 6.7284
2258 6.1832
2259 8.6713
2260 5.0833
2261 0.6975
2262 13.4433
2263 0.0000
2264 9.4035
2265 6.8241
2266 6.1896
2267 4.4083
2268 -7.6420
2269 9.6688
2270 0.0000
2271 0.5077
2272 3.3796
2273 6.6610
2274 7.4570
2275 7.2277
2276 2.8347
2277 2.2523
2278 3.6014
2279 1.0290
2280 -0.9538
2281 3.7357
2282 3.1341
2283 2.2757
2284 -3.1390
2285 0.0000
2286 10.1734
2287 -2.2094
2288 -0.8037
2289 1.0650
2290 0.3382
2291 0.1293
2292 -0.7797
2293 5.5789
2294 0.0000
2295 2.7195
2296 -4.8858
2297 1.7018
2298 5.8650
2299 10.4472
2300 0.1949
2301 0.0000
2302 4.3907
2303 6.1513
2304 2.0825
2305 0.0000
2306 8.7053
2307 -3.8605
2308 7.2460
2309 4.3524
2310 0.0955
2311 6.9304
2312 -3.9459
2313 9.4031
2314 0.0000
2315 3.7463
2316 7.7497
2317 6.4372
2318 6.8002
2319 8.4638
2320 4.8474
2321 0.0000
2322 -1.8469
2323 11.0942
2324 2.1805
2325 0.0000
2326 7.1407
2327 2.8404
2328 5.3692
2329 8.6481
2330 -2.8173
2331 4.3696
2332 7.8932
2333 8.5827
2334 0.0000
2335 3.3867
2336 0.6829
2337 3.2259
2338 -0.8411
2339 3.3835
2340 1.0057
2341 0.0000
2342 4.3479
2343 1.9723
2344 9.1143
2345 0.0000
2346 4.0996
2347 3.1278
2348 12.7249
2349 7.7881
2350 5.1039
2351 10.5365
2352 0.6281
2353 1.0204
2354 0.0000
2355 -0.3110
2356 9.5023
2357 -0.5031
2358 -2.7055
2359 -1.7591
2360 13.4630
2361 0.0000
2362 -1.8532
2363 4.2464
2364 3.0048
2365 10.1300
2366 3.6941
2367 2.8222
2368 12.7801
2369 4.8067
2370 5.9159
2371 6.6755
2372 12.5673
2373 0.6662
2374 2.4748
2375 2.1902
2376 0.0000
2377 8.4231
2378 -0.9834
2379 1.1595
2380 6.7310
2381 1.4734
2382 -8.2912
2383 1.9786
2384 6.7563
2385 0.0000
2386 -2.7019
2387 8.1264
2388 5.1518
2389 -0.8148
2390 2.8625
2391 0.2111
2392 0.0000
2393 3.6803
2394 0.7961
2395 8.3561
2396 0.0000
2397 6.1309
2398 -4.9654
2399 5.3176
2400 5.3768
2401 3.6474
2402 -1.8323
2403 -3.8094
2404 1.4611
2405 0.0000
2406 0.0277
2407 5.4892
2408 0.4572
2409 -0.8441
2410 0.0745
2411 8.1413
2412 0.0000
2413 2.8749
2414 -4.8525
2415 5.9457
2416 0.0000
2417 7.8471
2418 3.7182
2419 7.9817
2420 2.3160
2421 2.6291
2422 13.8164
2423 3.6788
2424 4.0456
2425 0.0000
2426 10.7891
2427 2.3145
2428 2.1233
2429 0.9578
2430 7.1837
2431 -0.3626
2432 0.0000
2433 0.2035
2434 3.4966
2435 2.8518
2436 0.0000
2437 0.0362
2438 -0.3768
2439 -1.0853
2440 -2.5888
2441 2.3162
2442 2.6718
2443 7.5792
2444 4.2560
2445 0.0000
2446 8.4625
2447 6.5809
2448 5.5493
2449 1.7305
2450 8.3031
2451 1.5111
2452 0.0000
2453 -1.7491
2454 3.4082
2455 3.5523
2456 2.7101
2457 -0.7649
2458 5.8677
2459 9.5716
2460 -0.6073
2461 2.9314
2462 0.8764
2463 4.8242
2464 0.9591
2465 6.3044
2466 14.0805
2467 0.0000
2468 0.9299
2469 7.2967
2470 6.1116
2471 3.1122
2472 0.5097
2473 -1.8340
2474 -1.8134
2475 3.0424
2476 0.0000
2477 5.0679
2478 5.7328
2479 12.7374
2480 9.6521
2481 7.0186
2482 3.8555
2483 0.0000
2484 5.5145
2485 -1.3587
2486 1.3670
2487 0.0000
2488 -0.0325
2489 1.3996
2490 4.1492
2491 1.5362
2492 5.1677
2493 3.7544
2494 8.3538
2495 7.2115
2496 0.0000
2497 2.1473
2498 5.0578
2499 3.2034
2500 5.4851
2501 5.2971
2502 6.2678
2503 0.0000
2504 4.7264
2505 5.9942
2506 0.3830
2507 0.0000
2508 6.7103
2509 -0.0182
2510 10.0062
2511 7.4039
2512 1.2578
2513 -0.2685
2514 -1.0518
2515 6.3454
2516 0.0000
2517 5.5462
2518 5.4336
2519 2.2510
2520 1.9561
2521 0.5525
2522 2.6415
2523 0.0000
2524 4.2734
2525 4.2872
2526 -0.8854
2527 0.0000
2528 6.9242
2529 3.0423
2530 5.6848
2531 7.4764
2532 -1.4511
2533 11.5384
2534 -1.9656
2535 12.9564
2536 0.0000
2537 13.1334
2538 8.6501
2539 7.0388
2540 13.5839
2541 5.4644
2542 -5.2697
2543 0.0000
2544 2.0448
2545 0.0000
2546 5.9806
2547 0.0000
2548 6.0570
2549 -3.0456
2550 8.9040
2551 0.1372
2552 12.7532
2553 6.8429
2554 10.4055
2555 4.9073
2556 0.0000
2557 4.5124
2558 -0.9131
2559 6.6031
2560 -3.7301
2561 3.1222
2562 1.2852
2563 0.0000
2564 -0.2498
2565 3.8376
2566 -0.9708
2567 8.6119
2568 2.3244
2569 4.0230
2570 0.0000
2571 -8.5348
2572 5.6698
2573 1.3379
2574 5.9810
2575 2.5566
2576 9.0854
2577 0.0000
2578 1.2536
2579 16.6990
2580 0.5543
2581 2.0164
2582 4.5534
2583 4.7314
2584 0.0000
2585 4.5456
2586 2.3708
2587 -2.9461
2588 0.0039
2589 10.8454
2590 -0.4854
2591 0.0000
2592 -6.7159
2593 4.1134
2594 -1.6584
2595 -1.7753
2596 -1.9523
2597 4.5750
2598 0.0000
2599 -3.4524
2600 8.8942
2601 5.2815
2602 2.6102
2603 9.8568
2604 1.4590
2605 0.0000
2606 3.4478
2607 10.4827
2608 5.8807
2609 3.9806
2610 3.7355
2611 1.8683
2612 0.0000
2613 4.5190
2614 -1.0349
2615 5.5764
2616 3.7318
2617 -3.1543
2618 8.5129
2619 0.0000
2620 -1.3201
2621 0.5713
2622 -0.9943
2623 6.8441
2624 8.5334
2625 2.1628
2626 0.0000
2627 -2.3239
2628 1.7991
2629 7.2666
2630 -3.7061
2631 1.0584
2632 5.2313
2633 0.0000
2634 3.2018
2635 2.9462
2636 2.2097
2637 5.5462
2638 7.3401
2639 7.0696
2640 0.0000
2641 4.5548
2642 3.8709
2643 4.2605
2644 13.9688
2645 7.9081
2646 5.2749
2647 0.0000
2648 1.5797
2649 -4.7034
2650 2.6825
2651 5.8421
2652 4.5652
2653 -0.6469
2654 0.0000
2655 3.8868
2656 2.2606
2657 1.2563
2658 1.3544
2659 0.4587
2660 1.5328
2661 0.0000
2662 -2.6691
2663 0.0000
2664 3.3712
2665 0.0000
2666 10.9139
2667 0.0000
2668 7.5473
2669 11.6226
2670 0.0000
2671 6.5417
2672 10.8189
2673 6.1152
2674 2.6728
2675 0.0000
2676 5.5311
2677 3.9804
2678 2.4270
2679 0.0000
2680 8.8248
2681 2.0122
2682 13.3155
2683 0.0000
2684 -2.8075
2685 0.6834
2686 2.8474
2687 -0.9263
2688 9.6021
2689 5.8019
2690 11.7949
2691 9.0668
2692 4.1982
2693 0.0000
2694 5.1470
2695 3.2347
2696 1.2896
2697 8.8194
2698 -3.1061
2699 7.5603
2700 0.0000
2701 3.1439
2702 9.4022
2703 1.3263
2704 3.1926
2705 7.4849
2706 2.1380
2707 0.0000
2708 -0.5786
2709 12.6592
2710 7.6420
2711 4.3383
2712 0.0439
2713 2.0232
2714 0.0000
2715 5.1584
2716 0.4264
2717 -1.0284
2718 5.7481
2719 2.3254
2720 0.4679
2721 0.0000
2722 0.5365
2723 3.6730
2724 5.3647
2725 0.3076
2726 -3.4528
2727 4.8613
2728 0.0000
2729 -1.1178
2730 -2.4925
2731 -4.4940
2732 3.9726
2733 -2.3996
2734 2.8622
2735 0.0000
2736 0.3231
2737 15.8680
2738 0.7113
2739 4.3372
2740 2.3903
2741 8.0973
2742 0.0000
2743 6.0815
2744 -0.2740
2745 9.0213
2746 12.7029
2747 0.2624
2748 4.9880
2749 0.0000
2750 0.2554
2751 -0.0659
2752 -1.2420
2753 2.5716
2754 -1.9977
2755 -6.0366
2756 0.0000
2757 7.9516
2758 4.2314
2759 0.1286
2760 4.8644
2761 5.6294
2762 4.7384
2763 0.0000
2764 -5.6853
2765 9.5607
2766 4.4325
2767 -2.4583
2768 5.0441
2769 2.2424
2770 0.0000
2771 4.1241
2772 3.6950
2773 0.0000
2774 8.5081
2775 1.5430
2776 -8.1274
2777 -4.1868
2778 -1.5042
2779 10.8998
2780 -0.8753
2781 1.3372
2782 0.0000
2783 3.2428
2784 2.8210
2785 0.0000
2786 0.0850
2787 0.0000
2788 3.7563
2789 0.0000
2790 -4.0161
2791 1.6710
2792 0.0000
2793 3.0778
2794 1.9643
2795 0.0000
2796 7.3450
2797 -0.5801
2798 -0.5699
2799 0.0000
2800 4.5757
2801 5.6215
2802 0.0000
2803 8.1482
2804 4.9434
2805 10.9025
2806 0.0000
2807 0.6928
2808 8.1723
2809 0.0000
2810 -0.0495
2811 7.7950
2812 -0.8309
2813 0.0000
2814 1.1263
2815 3.7189
2816 0.0000
2817 2.4839
2818 8.3252
2819 8.2839
2820 0.0000
2821 1.9770
2822 -2.8961
2823 0.0000
2824 3.9890
2825 3.7656
2826 -1.9543
2827 0.0000
2828 0.7648
2829 -5.3883
2830 0.0000
2831 1.8264
2832 1.7307
2833 1.4436
2834 0.0000
2835 -2.2420
2836 1.0813
2837 0.0000
2838 0.1147
2839 8.2040
2840 3.9414
2841 0.0000
2842 1.0043
2843 8.8934
2844 0.0000
2845 6.1114
2846 -3.2756
2847 3.1636
2848 0.0000
2849 -6.4732
2850 6.8231
2851 0.0000
2852 1.8392
2853 12.0055
2854 0.4003
2855 0.0000
2856 -1.0215
2857 -3.4284
2858 0.0000
2859 3.7708
2860 14.3628
2861 1.6311
2862 0.0000
2863 -1.6276
2864 5.8314
2865 0.0000
2866 7.4068
2867 2.0688
2868 -1.6694
2869 0.0000
2870 -1.0434
2871 5.5238
2872 0.0000
2873 3.6161
2874 -3.8762
2875 1.1529
2876 0.0000
2877 8.3538
2878 3.2274
2879 0.0000
2880 5.7578
2881 4.5685
2882 8.3076
2883 0.0000
2884 -0.8894
2885 8.4641
2886 0.0000
2887 -0.2497
2888 11.2857
2889 3.9305
2890 0.0000
2891 -1.2101
2892 -1.0394
2893 0.0000
2894 4.2768
2895 3.1370
2896 7.6895
2897 0.0000
2898 -3.3293
2899 5.0165
2900 0.0000
2901 -2.5448
2902 -0.6791
2903 -2.9971
2904 0.0000
2905 4.5307
2906 0.0000
2907 4.3868
2908 0.0000
2909 -0.5186
2910 3.7629
2911 0.0000
2912 1.1546
2913 0.0000
2914 9.4647
2915 0.0000
2916 1.0540
2917 2.7609
2918 2.7558
2919 0.0000
2920 0.6863
2921 8.1785
2922 6.8504
2923 0.0000
2924 5.4174
2925 3.3984
2926 6.5281
2927 0.0000
2928 6.0628
2929 0.0000
2930 12.0191
2931 0.0000
2932 2.3746
2933 5.2399
2934 0.0000
2935 -1.5358
2936 0.0000
2937 3.1822
2938 10.2791
2939 -2.0240
2940 9.5120
2941 2.2444
2942 9.0571
2943 -6.8864
2944 1.4759
2945 -0.6066
2946 2.0186
2947 -4.9331
2948 -0.0558
2949 3.0781
2950 3.0301
2951 7.9854
2952 5.8864
2953 0.0000
2954 2.5216
2955 2.0062
2956 7.3460
2957 5.2378
2958 -2.7440
2959 12.1130
2960 1.0675
2961 6.4259
2962 0.0000
2963 8.2605
2964 1.5996
2965 5.2260
2966 3.2231
2967 -0.5204
2968 1.8608
2969 0.0000
2970 -1.8346
2971 3.7828
2972 7.3612
2973 0.0000
2974 4.1362
2975 2.8145
2976 3.4623
2977 7.8255
2978 -3.9610
2979 3.6605
2980 5.2831
2981 3.5679
2982 0.0000
2983 -0.3445
2984 3.8623
2985 1.7826
2986 -0.0652
2987 -7.5010
2988 0.1417
2989 0.0000
2990 3.6434
2991 10.3523
2992 5.3948
2993 0.0000
2994 5.4646
2995 4.3416
2996 3.4162
2997 1.5987
2998 -5.8769
2999 13.6126
3000 3.7119
3001 11.5754
3002 0.0000
3003 7.6494
3004 0.5088
3005 9.6968
3006 -1.2842
3007 5.3665
3008 -1.1742
3009 0.0000
3010 -0.0331
3011 8.9493
3012 6.6771
3013 0.0000
3014 4.5729
3015 -0.1872
3016 -1.5483
3017 8.3759
3018 -2.0202
3019 -3.5804
3020 1.8197
3021 1.8761
3022 0.0000
3023 6.0885
3024 11.4351
3025 0.1669
3026 4.7015
3027 3.6293
3028 7.8820
3029 0.0000
3030 -10.9617
3031 -0.2773
3032 10.4690
3033 11.8418
3034 11.7029
3035 1.0359
3036 5.2099
3037 4.7786
3038 5.5690
3039 -1.9252
3040 10.3172
3041 7.3061
3042 8.9098
3043 12.6335
3044 0.0000
3045 3.2060
3046 -5.4805
3047 0.7693
3048 4.0163
3049 0.3767
3050 1.0855
3051 2.5673
3052 0.3511
3053 0.0000
3054 1.2362
3055 4.4691
3056 1.6478
3057 2.2037
3058 4.0226
3059 -2.2654
3060 0.0000
3061 -6.0257
3062 12.3392
3063 -3.3262
3064 0.0000
3065 2.4190
3066 3.5985
3067 -5.4391
3068 -4.6994
3069 4.5885
3070 6.5256
3071 6.5219
3072 -4.6818
3073 0.0000
3074 -1.2933
3075 5.7961
3076 6.1544
3077 7.5959
3078 2.9894
3079 10.3437
3080 0.0000
3081 5.4351
3082 2.0636
3083 9.0935
3084 0.0000
3085 0.5378
3086 0.0479
3087 15.5961
3088 4.0776
3089 2.8881
3090 10.0550
3091 0.4972
3092 0.2795
3093 0.0000
3094 4.2437
3095 4.2447
3096 -1.3929
3097 4.0231
3098 7.4861
3099 -0.6580
3100 0.0000
3101 -1.2704
3102 2.8476
3103 6.7458
3104 0.0000
3105 -2.0562
3106 7.4004
3107 2.1974
3108 8.4378
3109 1.8396
3110 16.4874
3111 2.6516
3112 4.0088
3113 0.0000
3114 6.5620
3115 -1.3770
3116 1.0422
3117 -0.9033
3118 -1.0823
3119 4.8071
3120 0.0000
3121 1.8344
3122 6.4969
3123 5.7180
3124 4.9988
3125 -0.3685
3126 0.8635
3127 7.6915
3128 -5.8698
3129 1.0702
3130 10.3807
3131 5.4003
3132 0.9748
3133 17.0880
3134 3.3173
3135 0.0000
3136 2.5379
3137 -2.1209
3138 3.8705
3139 11.1281
3140 -4.2066
3141 15.8248
3142 -0.1358
3143 -7.3955
3144 0.0000
3145 4.8855
3146 1.9608
3147 -0.3521
3148 -0.2143
3149 7.2141
3150 1.1252
3151 0.0000
3152 -4.1828
3153 3.4937
3154 -6.2037
3155 0.0000
3156 3.7856
3157 7.3612
3158 14.6697
3159 -0.5975
3160 -0.7548
3161 16.2642
3162 12.0893
3163 3.8602
3164 0.0000
3165 3.4463
3166 5.0889
3167 6.1243
3168 6.1234
3169 -1.0644
3170 3.6973
3171 0.0000
3172 -3.8900
3173 5.8504
3174 7.1766
3175 0.0000
3176 3.3976
3177 1.7649
3178 1.9331
3179 2.8221
3180 -1.2788
3181 -3.4102
3182 6.7800
3183 4.4635
3184 0.0000
3185 8.6282
3186 -0.2370
3187 12.3038
3188 10.6325
3189 6.2186
3190 6.2951
3191 0.0000
3192 3.4270
3193 4.0478
3194 -4.0963
3195 0.0000
3196 3.8561
3197 -3.9320
3198 6.2892
3199 -0.4450
3200 0.2605
3201 -0.7369
3202 -1.9602
3203 13.5147
3204 0.0000
3205 3.5954
3206 -0.8944
3207 8.4256
3208 5.9152
3209 2.9953
3210 0.4520
3211 0.0000
3212 0.0634
3213 4.4378
3214 5.2737
3215 7.8156
3216 -1.2004
3217 1.6628
3218 8.1322
3219 10.3344
3220 10.8177
3221 6.8434
3222 8.7099
3223 5.0090
3224 7.9268
3225 12.6481
3226 0.0000
3227 6.7768
3228 -4.9721
3229 6.5426
3230 0.7185
3231 0.7064
3232 8.1751
3233 -4.1163
3234 11.3899
3235 0.0000
3236 7.0935
3237 5.6668
3238 3.7170
3239 1.5667
3240 7.7350
3241 7.4305
3242 0.0000
3243 7.0899
3244 2.5785
3245 5.8852
3246 0.0000
3247 1.6799
3248 3.7197
3249 3.7258
3250 7.5978
3251 0.3632
3252 6.2711
3253 9.5869
3254 -0.6966
3255 0.0000
3256 2.7438
3257 2.4102
3258 4.8805
3259 7.0300
3260 10.8387
3261 8.6322
3262 0.0000
3263 -0.4515
3264 7.1276
3265 3.7463
3266 0.0000
3267 1.8202
3268 -6.2693
3269 -0.2047
3270 -1.0091
3271 -1.0902
3272 1.6929
3273 -6.9841
3274 -3.1279
3275 0.0000
3276 3.4119
3277 3.9939
3278 6.7768
3279 2.9080
3280 6.3198
3281 6.2741
3282 0.0000
3283 1.5809
3284 4.3311
3285 0.2106
3286 0.0000
3287 13.6429
3288 -5.2483
3289 -0.5950
3290 4.6798
3291 -0.5741
3292 -0.3747
3293 -0.1692
3294 1.8638
3295 0.0000
3296 -2.3487
3297 -4.9214
3298 14.4648
3299 1.0330
3300 4.9868
3301 1.7257
3302 0.0000
3303 -1.8374
3304 0.0000
3305 5.4837
3306 0.0000
3307 9.1497
3308 1.1585
3309 5.7738
3310 5.9738
3311 4.9539
3312 -2.6724
3313 8.5759
3314 0.6158
3315 0.0000
3316 6.3031
3317 3.0026
3318 9.0523
3319 3.4146
3320 7.6551
3321 -1.5334
3322 0.0000
3323 -2.0839
3324 11.4161
3325 -3.8459
3326 3.3217
3327 2.2505
3328 9.0833
3329 0.0000
3330 -1.0742
3331 6.7241
3332 2.8979
3333 -1.6410
3334 0.3784
3335 -1.6081
3336 0.0000
3337 -3.8224
3338 5.9948
3339 -1.0767
3340 5.7084
3341 2.5071
3342 8.0138
3343 0.0000
3344 -2.0796
3345 2.2748
3346 2.9115
3347 3.5664
3348 -0.8332
3349 3.3558
3350 0.0000
3351 2.7553
3352 6.8146
3353 1.4567
3354 2.7406
3355 1.9107
3356 -3.0170
3357 0.0000
3358 3.2455
3359 5.2786
3360 8.5760
3361 9.3714
3362 5.9848
3363 7.6068
3364 0.0000
3365 1.3247
3366 6.8447
3367 9.3124
3368 6.8304
3369 0.1220
3370 2.4633
3371 0.0000
3372 -4.1329
3373 -0.8276
3374 10.2972
3375 5.5268
3376 6.5678
3377 8.0233
3378 0.0000
3379 8.3995
3380 7.2058
3381 1.9826
3382 -3.2154
3383 -0.7712
3384 10.5874
3385 0.0000
3386 5.8711
3387 3.3983
3388 -4.8866
3389 7.0501
3390 4.0458
3391 -1.3555
3392 0.0000
3393 -0.2776
3394 6.5273
3395 0.3706
3396 7.5657
3397 5.5608
3398 9.6568
3399 0.0000
3400 1.3566
3401 0.0013
3402 5.7420
3403 2.0405
3404 2.5731
3405 6.4544
3406 0.0000
3407 2.3723
3408 4.8055
3409 6.9578
3410 8.9890
3411 5.9332
3412 10.8938
3413 0.0000
3414 0.5862
3415 2.6761
3416 3.8135
3417 -5.7042
3418 -1.9667
3419 -2.2179
3420 0.0000
3421 3.3767
3422 0.0000
3423 3.2000
3424 0.0000
3425 -1.2041
3426 0.0000
3427 9.6611
3428 3.2700
3429 0.0000
3430 2.4983
3431 5.8790
3432 -0.6586
3433 1.5973
3434 0.0000
3435 10.2899
3436 10.8975
3437 -9.7995
3438 0.0000
3439 1.0646
3440 2.5323
3441 8.9252
3442 0.0000
3443 3.8393
3444 0.6236
3445 -0.9869
3446 -2.7742
3447 13.0468
3448 3.1128
3449 2.1181
3450 -10.5528
3451 3.1834
3452 0.0000
3453 -6.5236
3454 3.6696
3455 5.8982
3456 6.9738
3457 4.9419
3458 6.4368
3459 0.0000
3460 -4.6062
3461 6.9716
3462 4.5523
3463 8.4507
3464 2.4606
3465 -2.3239
3466 0.0000
3467 0.8727
3468 3.8731
3469 4.3341
3470 4.9038
3471 1.6924
3472 3.2553
3473 0.0000
3474 -8.2656
3475 4.9020
3476 7.9712
3477 4.7281
3478 -0.9814
3479 2.3096
3480 0.0000
3481 -1.2229
3482 3.9265
3483 9.1297
3484 4.6437
3485 1.8533
3486 4.0430
3487 0.0000
3488 -0.2733
3489 11.5348
3490 2.2480
3491 0.2905
3492 11.0050
3493 5.5208
3494 0.0000
3495 -0.1862
3496 4.4773
3497 3.8237
3498 1.1861
3499 2.9138
3500 2.0932
3501 0.0000
3502 -7.7135
3503 0.5280
3504 2.1281
3505 6.6521
3506 3.0823
3507 0.4038
3508 0.0000
3509 -6.4925
3510 4.1711
3511 12.3610
3512 13.1416
3513 -1.8379
3514 0.7785
3515 0.0000
3516 0.4848
3517 4.6902
3518 8.2840
3519 2.5415
3520 10.7928
3521 3.6668
3522 0.0000
3523 -0.3202
3524 8.6118
3525 2.2771
3526 8.6984
3527 -0.2260
3528 3.5703
3529 0.0000
3530 4.1193
3531 6.0409
3532 0.0000
3533 6.0993
3534 3.0554
3535 2.1225
3536 -2.1758
3537 -1.4967
3538 0.9143
3539 0.0443
3540 -6.7908
3541 0.0000
3542 2.2204
3543 -4.8291
3544 0.0000
3545 0.6903
3546 0.0000
3547 2.0648
3548 0.0000
3549 5.4742
3550 7.4000
3551 0.0000
3552 5.6692
3553 -0.7711
3554 0.0000
3555 -2.2566
3556 1.2157
3557 -2.4765
3558 0.0000
3559 -0.2950
3560 7.3623
3561 0.0000
3562 7.2506
3563 4.7505
3564 5.3204
3565 0.0000
3566 4.1917
3567 2.3525
3568 0.0000
3569 2.8126
3570 5.1771
3571 8.2053
3572 0.0000
3573 2.3243
3574 3.1637
3575 0.0000
3576 4.5881
3577 1.0878
3578 7.0206
3579 0.0000
3580 0.4953
3581 6.1619
3582 0.0000
3583 0.2058
3584 11.8600
3585 -2.8361
3586 0.0000
3587 5.3527
3588 3.3186
3589 0.0000
3590 11.6975
3591 2.2293
3592 3.9595
3593 0.0000
3594 1.1902
3595 0.5507
3596 0.0000
3597 -0.1124
3598 0.2920
3599 -3.0133
3600 0.0000
3601 0.2659
3602 3.1352
3603 0.0000
3604 4.4259
3605 8.8330
3606 5.8748
3607 0.0000
3608 1.0850
3609 -4.1787
3610 0.0000
3611 -2.5900
3612 7.3885
3613 -1.8542
3614 0.0000
3615 3.6146
3616 3.1764
3617 0.0000
3618 2.8125
3619 9.4519
3620 3.0824
3621 0.0000
3622 -4.3151
3623 1.7043
3624 0.0000
3625 2.5585
3626 11.2919
3627 10.7061
3628 0.0000
3629 3.7699
3630 4.4834
3631 0.0000
3632 10.6114
3633 2.8942
3634 0.9286
3635 0.0000
3636 -1.0652
3637 3.7495
3638 0.0000
3639 0.4759
3640 6.7878
3641 7.7428
3642 0.0000
3643 1.2681
3644 -7.4816
3645 0.0000
3646 12.3684
3647 3.4501
3648 7.1255
3649 0.0000
3650 -5.9841
3651 3.9116
3652 0.0000
3653 1.0005
3654 6.3730
3655 -0.1487
3656 0.0000
3657 1.7896
3658 5.0750
3659 0.0000
3660 6.4662
3661 2.4724
3662 6.2483
3663 0.0000
3664 7.1908
3665 0.0000
3666 6.3607
3667 0.0000
3668 6.6874
3669 8.4175
3670 0.0000
3671 6.7304
3672 0.0000
3673 8.2383
3674 0.0000
3675 0.8857
3676 3.3927
3677 3.9296
3678 0.0000
3679 7.2536
3680 6.9842
3681 1.8756
3682 0.0000
3683 5.4993
3684 5.7737
3685 10.3339
3686 0.0000
3687 0.0620
3688 0.0000
3689 3.4111
3690 0.0000
3691 9.2246
3692 6.6301
3693 0.0000
3694 1.8614
3695 0.0000
3696 7.3554
3697 3.0003
3698 0.6346
3699 -1.7461
3700 6.2557
3701 7.2870
3702 -0.6535
3703 10.8027
3704 7.2669
3705 7.2627
3706 6.3671
3707 5.2166
3708 6.6013
3709 -5.3790
3710 0.5514
3711 1.1384
3712 0.0000
3713 2.5663
3714 -4.5469
3715 4.6872
3716 8.2279
3717 3.9591
3718 7.1598
3719 5.9359
3720 1.6285
3721 0.0000
3722 12.0681
3723 7.5636
3724 1.0412
3725 9.5363
3726 0.6534
3727 -1.1754
3728 0.0000
3729 5.8839
3730 5.6935
3731 0.2089
3732 0.0000
3733 -3.6407
3734 4.1583
3735 3.6225
3736 1.7029
3737 -0.2848
3738 -1.2920
3739 0.3460
3740 14.0410
3741 0.0000
3742 2.1437
3743 12.2991
3744 0.1389
3745 13.4165
3746 -0.4345
3747 -1.1926
3748 0.0000
3749 1.3207
3750 4.0320
3751 -4.2272
3752 0.0000
3753 1.7429
3754 -2.6155
3755 -0.7205
3756 1.0242
3757 1.6018
3758 6.6550
3759 -2.3049
3760 0.0895
3761 0.0000
3762 10.4281
3763 7.0924
3764 2.8538
3765 15.4062
3766 9.7005
3767 2.4498
3768 0.0000
3769 2.3762
3770 4.4755
3771 6.6876
3772 0.0000
3773 4.0575
3774 1.5269
3775 3.2093
3776 4.2920
3777 3.4515
3778 7.4444
3779 -0.5012
3780 -2.5597
3781 0.0000
3782 7.3530
3783 12.1728
3784 2.3790
3785 0.1838
3786 5.1642
3787 7.9442
3788 0.0000
3789 0.5005
3790 3.5773
3791 7.3847
3792 -1.2401
3793 3.1970
3794 4.7997
3795 12.7362
3796 9.7364
3797 9.6012
3798 -7.9760
3799 -7.1256
3800 5.1118
3801 3.5505
3802 4.5019
3803 0.0000
3804 -2.7462
3805 -3.3043
3806 4.5214
3807 7.7941
3808 -2.3977
3809 10.2434
3810 4.8694
3811 -2.3583
3812 0.0000
3813 6.2671
3814 7.4542
3815 5.2205
3816 -0.3843
3817 -1.0000
3818 -3.1443
3819 0.0000
3820 0.2365
3821 4.4705
3822 6.2485
3823 0.0000
3824 2.1002
3825 -1.0367
3826 5.9990
3827 1.1690
3828 -1.3709
3829 7.7138
3830 3.8545
3831 9.1599
3832 0.0000
3833 -0.7659
3834 -0.4713
3835 8.6505
3836 7.9923
3837 15.5260
3838 7.9879
3839 0.0000
3840 -6.7143
3841 4.6421
3842 -2.1628
3843 0.0000
3844 -2.5140
3845 6.2786
3846 0.9967
3847 10.0130
3848 0.8981
3849 -7.8157
3850 3.8175
3851 1.7834
3852 0.0000
3853 9.6520
3854 13.2437
3855 6.3697
3856 11.2174
3857 10.1669
3858 12.2502
3859 0.0000
3860 -3.5683
3861 5.5142
3862 7.3829
3863 0.0000
3864 2.5901
3865 -0.3331
3866 7.8283
3867 4.1786
3868 0.7376
3869 -0.9319
3870 -5.1363
3871 3.1058
3872 0.0000
3873 2.8744
3874 -4.4964
3875 3.2905
3876 -0.0313
3877 5.2451
3878 1.0484
3879 0.0000
3880 2.1563
3881 -0.8895
3882 11.3237
3883 0.2968
3884 4.4819
3885 5.6085
3886 5.2665
3887 -5.8391
3888 3.4212
3889 -0.1980
3890 4.2234
3891 1.4298
3892 4.9571
3893 3.5229
3894 0.0000
3895 11.3327
3896 3.4737
3897 -0.2761
3898 -2.1320
3899 4.4325
3900 12.0497
3901 6.5415
3902 -1.9076
3903 0.0000
3904 10.2170
3905 2.6272
3906 6.9711
3907 3.4135
3908 1.6946
3909 1.2294
3910 0.0000
3911 -0.0104
3912 4.0626
3913 2.8452
3914 0.0000
3915 4.0780
3916 -1.4679
3917 10.6725
3918 7.2408
3919 -0.3611
3920 8.8834
3921 3.3371
3922 -3.6213
3923 0.0000
3924 9.0340
3925 2.6083
3926 4.2595
3927 2.2387
3928 2.8501
3929 7.4342
3930 0.0000
3931 2.8393
3932 7.1058
3933 0.4210
3934 0.0000
3935 13.2480
3936 3.8489
3937 7.8242
3938 5.5502
3939 2.6184
3940 6.5081
3941 3.4809
3942 7.2112
3943 0.0000
3944 -5.8264
3945 0.9495
3946 4.0067
3947 9.1335
3948 7.3682
3949 9.4544
3950 0.0000
3951 0.4103
3952 6.8726
3953 3.1886
3954 0.0000
3955 5.1695
3956 -6.0333
3957 1.4071
3958 -0.6047
3959 -1.3284
3960 9.6099
3961 -1.8577
3962 3.3721
3963 0.0000
3964 7.8085
3965 2.3252
3966 0.2131
3967 7.7187
3968 1.5318
3969 2.5407
3970 0.0000
3971 -0.3384
3972 -0.1693
3973 4.3658
3974 1.5580
3975 11.6941
3976 4.7776
3977 10.7624
3978 7.6483
3979 2.6054
3980 4.5285
3981 4.4915
3982 4.1219
3983 6.4578
3984 4.8749
3985 0.0000
3986 3.4884
3987 -5.3677
3988 7.1094
3989 9.6379
3990 -5.4321
3991 8.2084
3992 5.0844
3993 3.2399
3994 0.0000
3995 2.2923
3996 0.1790
3997 9.7148
3998 -5.3321
3999 0.4138
4000 12.5770
4001 0.0000
4002 3.8065
4003 9.9477
4004 8.3566
4005 0.0000
4006 1.0156
4007 4.2603
4008 2.8528
4009 6.9156
4010 0.1349
4011 -1.6725
4012 1.4489
4013 10.5252
4014 0.0000
4015 3.5416
4016 1.2399
4017 3.1096
4018 1.0705
4019 3.0424
4020 7.6289
4021 0.0000
4022 -1.4411
4023 -3.2650
4024 -0.0702
4025 0.0000
4026 2.0830
4027 5.5353
4028 4.7975
4029 9.8842
4030 -6.6707
4031 -6.9103
4032 -4.4587
4033 0.2938
4034 0.0000
4035 7.9285
4036 3.4704
4037 0.5816
4038 5.1703
4039 5.6207
4040 -2.9972
4041 0.0000
4042 6.8821
4043 2.6515
4044 2.3538
4045 0.0000
4046 3.8993
4047 0.8135
4048 1.3625
4049 -6.4033
4050 -2.7890
4051 6.0486
4052 1.3168
4053 -3.7961
4054 0.0000
4055 11.5213
4056 5.9367
4057 10.0978
4058 1.8677
4059 6.1180
4060 1.3753
4061 0.0000
4062 -7.5941
4063 0.0000
4064 -0.2490
4065 0.0000
4066 10.0353
4067 4.1119
4068 -4.3404
4069 0.7596
4070 6.2589
4071 7.8594
4072 4.5449
4073 6.6995
4074 0.0000
4075 2.1413
4076 5.1787
4077 6.5857
4078 3.8783
4079 1.9471
4080 -1.5020
4081 0.0000
4082 -1.1118
4083 8.4618
4084 14.5426
4085 6.2459
4086 2.9388
4087 1.5584
4088 0.0000
4089 -4.4386
4090 5.6768
4091 2.6364
4092 1.1617
4093 2.1151
4094 7.4893
4095 0.0000
4096 -5.5782
4097 4.4786
4098 1.8254
4099 6.3231
4100 -2.4577
4101 5.8953
4102 0.0000
4103 0.6989
4104 4.4722
4105 3.1855
4106 2.2797
4107 4.3392
4108 4.7495
4109 0.0000
4110 -1.3784
4111 3.2123
4112 -4.6217
4113 4.9685
4114 -2.8815
4115 4.4255
4116 0.0000
4117 3.5378
4118 8.7625
4119 -6.0999
4120 -0.7500
4121 5.3740
4122 3.0611
4123 0.0000
4124 2.1169
4125 2.3644
4126 5.4961
4127 -0.7212
4128 1.4043
4129 0.1462
4130 0.0000
4131 -0.3889
4132 3.2550
4133 10.7179
4134 1.0394
4135 1.8440
4136 -0.1522
4137 0.0000
4138 3.9327
4139 0.5645
4140 7.6849
4141 -2.0011
4142 5.3853
4143 3.4406
4144 0.0000
4145 -0.6872
4146 -2.5784
4147 -0.7865
4148 4.5834
4149 3.9395
4150 4.5942
4151 0.0000
4152 0.1163
4153 3.6153
4154 6.3166
4155 3.6345
4156 -0.5847
4157 5.0014
4158 0.0000
4159 -3.3325
4160 1.5036
4161 4.1443
4162 2.5271
4163 5.0270
4164 1.8253
4165 0.0000
4166 4.8896
4167 -6.8327
4168 5.1998
4169 1.1813
4170 7.5764
4171 -1.1671
4172 0.0000
4173 -1.1094
4174 -3.5099
4175 2.6042
4176 5.4588
4177 1.2557
4178 2.8154
4179 0.0000
4180 -7.6408
4181 0.0000
4182 -0.1941
4183 0.0000
4184 5.2077
4185 0.0000
4186 5.6040
4187 4.1430
4188 0.0000
4189 4.6901
4190 4.6530
4191 4.6996
4192 3.9379
4193 0.0000
4194 3.5236
4195 -2.2800
4196 6.4024
4197 0.0000
4198 9.7777
4199 2.9201
4200 -0.0030
4201 0.0000
4202 10.7085
4203 7.4386
4204 1.0422
4205 0.1465
4206 4.0302
4207 1.8924
4208 8.2289
4209 2.7299
4210 4.9064
4211 0.0000
4212 3.6397
4213 -0.8216
4214 2.8642
4215 3.8422
4216 2.9005
4217 5.4449
4218 0.0000
4219 6.0230
4220 5.7581
4221 2.4592
4222 0.0863
4223 0.9217
4224 10.1267
4225 0.0000
4226 -0.5039
4227 3.6310
4228 6.6960
4229 8.8047
4230 2.1427
4231 1.8203
4232 0.0000
4233 2.1033
4234 2.4673
4235 13.0012
4236 4.1279
4237 3.2990
4238 1.7149
4239 0.0000
4240 2.6248
4241 2.0676
4242 10.6639
4243 13.8310
4244 6.5789
4245 7.5748
4246 0.0000
4247 -0.5617
4248 8.4469
4249 7.0010
4250 2.3530
4251 5.0522
4252 2.2921
4253 0.0000
4254 -0.2196
4255 10.7498
4256 -2.4736
4257 -2.8676
4258 1.2719
4259 5.3851
4260 0.0000
4261 -2.5271
4262 9.5039
4263 5.8786
4264 7.6332
4265 -0.7814
4266 7.9695
4267 0.0000
4268 5.9123
4269 5.2470
4270 -5.3055
4271 -11.3743
4272 0.8049
4273 8.9701
4274 0.0000
4275 3.8769
4276 0.9182
4277 -0.4583
4278 3.9937
4279 4.5163
4280 9.5276
4281 0.0000
4282 -2.1548
4283 -7.1810
4284 4.2662
4285 4.5591
4286 3.7337
4287 0.2034
4288 0.0000
4289 -4.7524
4290 0.8785
4291 0.0000
4292 2.4444
4293 0.3157
4294 -4.2021
4295 -3.8106
4296 -2.2407
4297 9.0404
4298 1.8563
4299 1.9332
4300 0.0000
4301 1.2708
4302 1.9213
4303 0.0000
4304 2.1694
4305 0.0000
4306 10.9922
4307 0.0000
4308 -2.2485
4309 2.6284
4310 0.0000
4311 5.1624
4312 6.6989
4313 0.0000
4314 -0.6731
4315 6.9359
4316 2.4041
4317 0.0000
4318 2.9091
4319 -1.5400
4320 0.0000
4321 6.6850
4322 4.1172
4323 5.2642
4324 0.0000
4325 3.2484
4326 1.5507
4327 0.0000
4328 -2.8191
4329 3.1975
4330 5.3137
4331 0.0000
4332 0.7673
4333 2.2126
4334 0.0000
4335 2.1053
4336 3.2147
4337 7.7333
4338 0.0000
4339 2.5272
4340 6.0718
4341 0.0000
4342 5.2417
4343 12.9528
4344 4.1138
4345 0.0000
4346 -2.2281
4347 12.5175
4348 0.0000
4349 10.3672
4350 -0.3933
4351 4.4900
4352 0.0000
4353 2.3239
4354 8.9465
4355 0.0000
4356 2.7798
4357 -4.2755
4358 7.0077
4359 0.0000
4360 -7.9091
4361 9.7580
4362 0.0000
4363 5.8728
4364 2.6504
4365 -0.4785
4366 0.0000
4367 -5.5143
4368 -0.7215
4369 0.0000
4370 7.7459
4371 7.0913
4372 -1.3526
4373 0.0000
4374 -4.4606
4375 -4.4070
4376 0.0000
4377 7.6315
4378 1.4418
4379 6.1260
4380 0.0000
4381 1.0565
4382 6.0047
4383 0.0000
4384 4.1770
4385 12.6891
4386 9.2926
4387 0.0000
4388 5.1097
4389 9.6766
4390 0.0000
4391 8.8954
4392 1.1769
4393 11.5612
4394 0.0000
4395 4.2461
4396 -0.4433
4397 0.0000
4398 3.1958
4399 4.5955
4400 2.6256
4401 0.0000
4402 2.4777
4403 8.7849
4404 0.0000
4405 1.5325
4406 6.8144
4407 4.7607
4408 0.0000
4409 2.8197
4410 4.2177
4411 0.0000
4412 9.2627
4413 0.3375
4414 2.4586
4415 0.0000
4416 -0.2629
4417 -0.0360
4418 0.0000
4419 -3.3137
4420 -2.8738
4421 1.0238
4422 0.0000
4423 2.1079
4424 0.0000
4425 7.4858
4426 0.0000
4427 7.8559
4428 4.6151
4429 0.0000
4430 -3.0949
4431 0.0000
4432 -3.7317
4433 0.0000
4434 2.7811
4435 -2.5330
4436 0.6922
4437 0.0000
4438 8.8816
4439 3.3954
4440 -4.5234
4441 0.0000
4442 -5.1694
4443 0.3311
4444 10.8195
4445 0.0000
4446 0.7011
4447 0.0000
4448 6.8167
4449 0.0000
4450 8.9596
4451 4.4334
4452 0.0000
4453 4.5938
4454 0.0000
4455 2.4417
4456 1.0858
4457 0.9798
4458 6.2983
4459 10.3803
4460 4.2598
4461 4.2917
4462 1.5009
4463 4.3146
4464 6.4623
4465 4.3109
4466 10.8834
4467 2.3387
4468 0.3749
4469 8.2782
4470 6.8215
4471 0.0000
4472 6.8681
4473 -2.2040
4474 1.4799
4475 11.0877
4476 3.6675
4477 -3.0330
4478 0.0487
4479 9.7970
4480 0.0000
4481 1.2685
4482 8.5983
4483 2.2797
4484 1.5491
4485 1.0927
4486 5.0340
4487 0.0000
4488 4.9965
4489 -3.5687
4490 8.3321
4491 0.0000
4492 9.2024
4493 -2.5223
4494 5.5075
4495 0.3109
4496 -4.9014
4497 -2.1557
4498 1.0595
4499 4.0106
4500 0.0000
4501 6.9479
4502 13.5839
4503 -0.7181
4504 4.1289
4505 1.7708
4506 2.5622
4507 0.0000
4508 0.7600
4509 8.4365
4510 -0.2379
4511 0.0000
4512 -5.6300
4513 -6.0198
4514 3.5380
4515 10.3661
4516 -4.8722
4517 16.7566
4518 6.8550
4519 4.9409
4520 0.0000
4521 10.5704
4522 1.3586
4523 -0.9556
4524 6.3306
4525 7.8759
4526 8.4697
4527 0.0000
4528 -2.1959
4529 -3.8476
4530 2.1776
4531 0.0000
4532 9.3185
4533 -10.0832
4534 9.8980
4535 3.4476
4536 1.6696
4537 8.3885
4538 6.1988
4539 2.5148
4540 0.0000
4541 -0.5108
4542 3.5222
4543 0.2894
4544 9.5243
4545 8.1423
4546 4.5242
4547 0.0000
4548 -4.4513
4549 3.6702
4550 6.2648
4551 8.0670
4552 12.0405
4553 -0.1416
4554 9.0072
4555 0.5009
4556 -4.0640
4557 4.5229
4558 11.5642
4559 4.2858
4560 2.3510
4561 3.3640
4562 0.0000
4563 0.4982
4564 7.4810
4565 9.7236
4566 5.9422
4567 1.9839
4568 5.3479
4569 4.6024
4570 5.2182
4571 0.0000
4572 10.7921
4573 6.9826
4574 -0.1139
4575 3.2573
4576 7.2429
4577 3.5801
4578 0.0000
4579 3.3919
4580 3.5385
4581 14.1129
4582 0.0000
4583 8.4289
4584 2.1067
4585 5.6906
4586 3.9140
4587 2.5237
4588 10.9232
4589 8.2005
4590 3.8625
4591 0.0000
4592 1.8100
4593 -0.8134
4594 9.8639
4595 5.8076
4596 3.1430
4597 12.9190
4598 0.0000
4599 2.1273
4600 8.3368
4601 6.6163
4602 0.0000
4603 4.4842
4604 0.2054
4605 2.9957
4606 5.6384
4607 -3.4122
4608 -4.0894
4609 0.8965
4610 2.7151
4611 0.0000
4612 -0.3067
4613 -0.8519
4614 6.1249
4615 -0.4087
4616 1.3812
4617 4.6108
4618 0.0000
4619 0.7615
4620 5.6964
4621 11.6029
4622 0.0000
4623 2.3508
4624 -0.6502
4625 2.4158
4626 1.1453
4627 0.6719
4628 3.1731
4629 3.9185
4630 -6.9280
4631 0.0000
4632 -1.2103
4633 8.2983
4634 -0.2006
4635 5.2435
4636 4.7726
4637 -4.2742
4638 0.0000
4639 -0.2470
4640 8.2858
4641 -2.1104
4642 5.4359
4643 -2.2284
4644 16.5589
4645 -4.4477
4646 -0.8660
4647 9.6633
4648 0.5578
4649 2.2878
4650 7.1634
4651 2.3897
4652 10.2624
4653 0.0000
4654 5.9097
4655 3.9023
4656 3.2482
4657 1.4013
4658 -1.4165
4659 13.4760
4660 0.3532
4661 8.1945
4662 0.0000
4663 2.2553
4664 0.5967
4665 2.2127
4666 7.8779
4667 11.3610
4668 4.8020
4669 0.0000
4670 -2.3266
4671 6.8150
4672 -0.3034
4673 0.0000
4674 0.2734
4675 3.9663
4676 0.7585
4677 3.5193
4678 0.9801
4679 11.3364
4680 1.0967
4681 9.5497
4682 0.0000
4683 0.9315
4684 3.4591
4685 -0.9170
4686 -0.7947
4687 5.4829
4688 8.2874
4689 0.0000
4690 -0.9616
4691 6.8214
4692 4.3768
4693 0.0000
4694 3.5821
4695 2.2881
4696 2.3691
4697 1.9626
4698 -2.8090
4699 10.3689
4700 3.9445
4701 8.8323
4702 0.0000
4703 6.7918
4704 4.0625
4705 8.5714
4706 3.4136
4707 13.0936
4708 11.0208
4709 0.0000
4710 3.5562
4711 -0.1615
4712 5.1397
4713 0.0000
4714 3.8733
4715 5.3175
4716 5.7189
4717 10.2678
4718 -0.3061
4719 8.7676
4720 12.9217
4721 4.6669
4722 0.0000
4723 4.6677
4724 3.9812
4725 4.7997
4726 0.9777
4727 13.7801
4728 1.6887
4729 0.0000
4730 -2.0951
4731 9.6243
4732 1.9788
4733 11.1960
4734 9.4456
4735 1.8571
4736 2.5433
4737 4.9310
4738 -0.0075
4739 5.3903
4740 14.5352
4741 6.3549
4742 1.7565
4743 1.0623
4744 0.0000
4745 0.6629
4746 -1.3804
4747 9.4417
4748 6.3810
4749 -3.3513
4750 -2.0577
4751 -2.9281
4752 -1.7654
4753 0.0000
4754 4.9756
4755 3.3504
4756 6.7091
4757 -0.1473
4758 4.5453
4759 -3.9374
4760 0.0000
4761 1.6029
4762 -0.1617
4763 4.7040
4764 0.0000
4765 2.0189
4766 3.1591
4767 8.8448
4768 4.2305
4769 4.8614
4770 6.0213
4771 9.6742
4772 -3.9856
4773 0.0000
4774 5.7766
4775 0.7821
4776 1.0802
4777 -2.9326
4778 2.2052
4779 2.8748
4780 0.0000
4781 5.1565
4782 0.5457
4783 2.6779
4784 0.0000
4785 3.0170
4786 1.6340
4787 3.7257
4788 8.6318
4789 2.1798
4790 11.9027
4791 3.3355
4792 -2.2837
4793 0.0000
4794 5.1654
4795 -1.7500
4796 5.5573
4797 0.8397
4798 6.6821
4799 0.3209
4800 0.0000
4801 1.0338
4802 10.1091
4803 0.9899
4804 0.0000
4805 4.2364
4806 3.7979
4807 0.5545
4808 0.7328
4809 -0.7403
4810 -3.6281
4811 -1.8986
4812 -3.4790
4813 0.0000
4814 6.8196
4815 -0.6233
4816 0.0823
4817 0.3808
4818 0.1894
4819 -3.7679
4820 0.0000
4821 1.8870
4822 0.0000
4823 0.6054
4824 0.0000
4825 -1.2204
4826 1.0080
4827 -6.9549
4828 7.8055
4829 -2.5472
4830 -1.4684
4831 12.9127
4832 1.8547
4833 0.0000
4834 0.3818
4835 -4.3788
4836 -1.0393
4837 3.9912
4838 -1.7343
4839 9.1402
4840 0.0000
4841 1.5437
4842 2.2566
4843 8.4329
4844 9.0800
4845 3.2195
4846 1.0785
4847 0.0000
4848 6.0578
4849 -0.0916
4850 3.4259
4851 0.9259
4852 2.2850
4853 -0.5903
4854 0.0000
4855 1.1121
4856 11.3334
4857 4.9599
4858 8.4881
4859 2.5937
4860 6.2714
4861 0.0000
4862 -0.7713
4863 0.0608
4864 -2.6940
4865 3.1968
4866 6.9403
4867 2.4721
4868 0.0000
4869 -8.6728
4870 2.0617
4871 8.8345
4872 -0.3542
4873 2.8181
4874 0.5133
4875 0.0000
4876 -1.4372
4877 5.7781
4878 -5.1508
4879 0.8885
4880 8.3182
4881 1.4607
4882 0.0000
4883 -0.0471
4884 0.8209
4885 2.5240
4886 5.1770
4887 8.6886
4888 7.4349
4889 0.0000
4890 0.0248
4891 -0.9282
4892 8.0353
4893 7.7140
4894 0.5750
4895 6.4797
4896 0.0000
4897 9.9763
4898 6.7950
4899 4.0071
4900 5.6406
4901 1.8238
4902 6.0719
4903 0.0000
4904 -2.0521
4905 2.3706
4906 6.0754
4907 3.8510
4908 9.5726
4909 8.2469
4910 0.0000
4911 -3.2782
4912 -0.1293
4913 4.2011
4914 4.3869
4915 6.6133
4916 10.2196
4917 0.0000
4918 4.1704
4919 -5.2766
4920 3.3423
4921 2.9377
4922 -1.2057
4923 2.3559
4924 0.0000
4925 1.6429
4926 6.9450
4927 5.6479
4928 8.5445
4929 5.9953
4930 2.4362
4931 0.0000
4932 1.2812
4933 -3.2362
4934 7.1854
4935 0.0468
4936 -1.4639
4937 1.2214
4938 0.0000
4939 2.1346
4940 0.0000
4941 -2.4495
4942 0.0000
4943 3.0042
4944 0.0000
4945 12.8373
4946 -3.8821
4947 0.0000
4948 -3.7788
4949 -0.0893
4950 -5.1216
4951 -0.4807
4952 0.0000
4953 4.8419
4954 -3.1048
4955 4.9168
4956 0.0000
4957 2.3137
4958 6.3386
4959 -0.4661
4960 0.0000
4961 2.8001
4962 2.9970
4963 1.5456
4964 5.3944
4965 10.7430
4966 11.0399
4967 6.7441
4968 2.7779
4969 6.2418
4970 0.0000
4971 -0.8195
4972 5.3147
4973 9.6302
4974 6.1458
4975 -0.4495
4976 3.0491
4977 0.0000
4978 7.7260
4979 2.2387
4980 4.8549
4981 12.7695
4982 9.0532
4983 2.7377
4984 0.0000
4985 1.2126
4986 2.6531
4987 6.1599
4988 11.7330
4989 8.6877
4990 4.3346
4991 0.0000
4992 -4.3022
4993 0.1758
4994 1.1648
4995 2.4056
4996 3.7541
4997 2.8474
4998 0.0000
4999 3.7622
5000 12.3859
5001 4.8970
5002 3.1783
5003 10.0863
5004 8.2406
5005 0.0000
5006 3.6832
5007 2.2844
5008 7.8830
5009 5.1535
5010 8.6688
5011 -5.7123
5012 0.0000
5013 4.3026
5014 -2.9510
5015 -2.2469
5016 0.1260
5017 -1.5796
5018 -2.2609
5019 0.0000
5020 -3.4422
5021 1.7303
5022 1.4290
5023 3.2851
5024 4.4024
5025 2.3010
5026 0.0000
5027 2.0914
5028 7.8892
5029 1.9519
5030 8.0986
5031 -0.0654
5032 1.3720
5033 0.0000
5034 1.1458
5035 7.0734
5036 4.2233
5037 -3.4542
5038 -0.0233
5039 2.6699
5040 0.0000
5041 3.2291
5042 4.8714
5043 5.2362
5044 2.2044
5045 -0.1628
5046 6.5065
5047 0.0000
5048 -5.0611
5049 7.0326
5050 0.0000
5051 -2.5511
5052 -7.9419
5053 8.6117
5054 2.4623
5055 -0.1813
5056 -4.1743
5057 2.3217
5058 0.6175
5059 0.0000
5060 6.0148
5061 2.8938
5062 0.0000
5063 3.8580
5064 0.0000
5065 1.8628
5066 0.0000
5067 5.6641
5068 3.0789
5069 0.0000
5070 5.3213
5071 6.7324
5072 0.0000
5073 -2.0003
5074 3.8842
5075 5.9411
5076 0.0000
5077 2.4476
5078 -4.1464
5079 0.0000
5080 -1.3309
5081 6.3556
5082 1.0794
5083 0.0000
5084 3.1867
5085 3.7545
5086 0.0000
5087 5.9531
5088 10.1146
5089 3.5438
5090 0.0000
5091 3.7505
5092 -4.3333
5093 0.0000
5094 0.3501
5095 3.1085
5096 8.2298
5097 0.0000
5098 1.6047
5099 -0.6601
5100 0.0000
5101 11.5527
5102 2.0997
5103 9.6112
5104 0.0000
5105 1.7316
5106 -0.6282
5107 0.0000
5108 3.4655
5109 4.0151
5110 4.6280
5111 0.0000
5112 -4.9431
5113 -0.5089
5114 0.0000
5115 8.5628
5116 8.4743
5117 1.3664
5118 0.0000
5119 5.9664
5120 2.2892
5121 0.0000
5122 1.4159
5123 5.6168
5124 7.6335
5125 0.0000
5126 4.7394
5127 3.4743
5128 0.0000
5129 7.3512
5130 0.9850
5131 7.9326
5132 0.0000
5133 2.0709
5134 12.1069
5135 0.0000
5136 3.6972
5137 0.6583
5138 9.8703
5139 0.0000
5140 0.9251
5141 3.9561
5142 0.0000
5143 11.4387
5144 6.3196
5145 4.1139
5146 0.0000
5147 2.3027
5148 6.8598
5149 0.0000
5150 6.9710
5151 4.6170
5152 1.4553
5153 0.0000
5154 2.7666
5155 3.3997
5156 0.0000
5157 10.3191
5158 6.1537
5159 5.2884
5160 0.0000
5161 1.5890
5162 -1.8687
5163 0.0000
5164 3.6138
5165 8.6520
5166 6.1605
5167 0.0000
5168 -3.9928
5169 -0.1212
5170 0.0000
5171 0.4030
5172 9.7148
5173 8.3435
5174 0.0000
5175 -0.3637
5176 6.1969
5177 0.0000
5178 4.7423
5179 0.5379
5180 -0.5610
5181 0.0000
5182 -1.9444
5183 0.0000
5184 0.7250
5185 0.0000
5186 -0.6848
5187 7.3497
5188 0.0000
5189 3.6290
5190 0.0000
5191 2.8616
5192 0.0000
5193 -4.4442
5194 0.2250
5195 5.2513
5196 0.0000
5197 8.6697
5198 6.9821
5199 10.1822
5200 0.0000
5201 -5.3302
5202 5.4395
5203 -6.0916
5204 0.0000
5205 4.2150
5206 0.0000
5207 2.0705
5208 0.0000
5209 11.8233
5210 11.6446
5211 0.0000
5212 0.9611
5213 0.0000
5214 -0.7891
5215 -1.4036
5216 3.7736
5217 1.3796
5218 3.2597
5219 7.2462
5220 -0.6926
5221 7.1999
5222 6.1457
5223 2.7969
5224 6.5636
5225 1.2042
5226 2.7723
5227 7.3844
5228 1.1790
5229 2.8754
5230 0.0000
5231 5.8417
5232 1.5602
5233 2.4272
5234 7.7063
5235 -8.8471
5236 9.3278
5237 1.3670
5238 -0.1829
5239 0.0000
5240 3.3448
5241 2.4794
5242 15.4810
5243 7.9567
5244 13.1201
5245 -2.1544
5246 0.0000
5247 1.8201
5248 5.9251
5249 4.2036
5250 0.0000
5251 5.8134
5252 4.2491
5253 -4.3705
5254 7.6295
5255 1.9312
5256 -2.8213
5257 -4.5548
5258 4.3831
5259 0.0000
5260 1.3354
5261 6.8626
5262 7.4328
5263 9.4041
5264 1.1561
5265 0.7520
5266 0.0000
5267 -0.6611
5268 10.5326
5269 9.6199
5270 0.0000
5271 5.6303
5272 -1.0306
5273 6.3253
5274 2.4014
5275 -5.1069
5276 3.4009
5277 -2.9131
5278 -0.5609
5279 0.0000
5280 4.2689
5281 -1.5712
5282 3.7548
5283 7.8578
5284 6.1861
5285 3.5748
5286 0.0000
5287 1.2437
5288 9.3364
5289 -1.5766
5290 0.0000
5291 4.1794
5292 -4.0966
5293 -0.2866
5294 -0.5430
5295 8.2072
5296 9.4499
5297 4.8891
5298 7.0852
5299 0.0000
5300 3.0530
5301 9.3642
5302 -5.5726
5303 2.4075
5304 -1.9394
5305 0.8261
5306 0.0000
5307 -0.4001
5308 6.9140
5309 2.4036
5310 1.6489
5311 4.6881
5312 0.9389
5313 4.0401
5314 4.8542
5315 5.4279
5316 2.2171
5317 -1.5061
5318 2.4185
5319 2.1457
5320 12.1302
5321 0.0000
5322 11.4538
5323 4.1761
5324 5.7067
5325 3.7122
5326 -1.1730
5327 15.1015
5328 7.3981
5329 -4.4428
5330 0.0000
5331 2.7065
5332 6.2474
5333 7.2507
5334 5.6860
5335 4.2891
5336 3.2971
5337 0.0000
5338 4.1898
5339 2.2503
5340 0.6179
5341 0.0000
5342 2.8065
5343 1.3059
5344 5.1921
5345 2.5470
5346 3.1737
5347 -0.8634
5348 3.7665
5349 3.5749
5350 0.0000
5351 2.9952
5352 -2.9143
5353 15.5467
5354 -2.3100
5355 7.1609
5356 7.3365
5357 0.0000
5358 4.7749
5359 -1.7354
5360 7.6482
5361 0.0000
5362 5.4496
5363 3.4025
5364 5.2816
5365 7.0122
5366 5.6479
5367 -5.2615
5368 4.5019
5369 2.1240
5370 0.0000
5371 5.1380
5372 2.4362
5373 1.2788
5374 10.0257
5375 4.1910
5376 1.1036
5377 0.0000
5378 2.3497
5379 8.6740
5380 13.0795
5381 0.0000
5382 9.1293
5383 -5.5718
5384 5.7175
5385 7.1295
5386 2.8679
5387 9.9709
5388 7.1424
5389 6.9422
5390 0.0000
5391 6.8600
5392 7.8223
5393 7.2594
5394 14.5115
5395 12.3847
5396 7.4477
5397 0.0000
5398 -0.0012
5399 8.9128
5400 7.0437
5401 -0.3731
5402 -2.5782
5403 1.2658
5404 8.0207
5405 5.4291
5406 11.3942
5407 2.2691
5408 -5.0988
5409 -0.4330
5410 4.3470
5411 1.7189
5412 0.0000
5413 7.3513
5414 -3.4157
5415 3.8469
5416 5.7452
5417 1.7126
5418 0.0919
5419 7.4516
5420 -1.6001
5421 0.0000
5422 -3.5566
5423 5.0584
5424 3.8634
5425 3.6393
5426 9.0323
5427 2.6433
5428 0.0000
5429 2.8059
5430 2.7092
5431 13.9478
5432 0.0000
5433 5.6947
5434 0.2031
5435 3.1450
5436 -3.6670
5437 -1.3673
5438 1.3548
5439 -3.1531
5440 1.6399
5441 0.0000
5442 4.6502
5443 2.6893
5444 7.1985
5445 -0.5639
5446 1.5866
5447 -1.3595
5448 0.0000
5449 -0.6234
5450 7.1965
5451 1.2608
5452 0.0000
5453 6.2845
5454 4.4768
5455 -5.0108
5456 3.3681
5457 -1.3074
5458 10.9415
5459 3.4437
5460 1.8791
5461 0.0000
5462 1.4577
5463 -1.5162
5464 5.1937
5465 -1.3793
5466 11.0494
5467 9.3787
5468 0.0000
5469 -6.3237
5470 7.9849
5471 -4.8220
5472 0.0000
5473 1.5502
5474 -4.8801
5475 -2.2193
5476 1.7038
5477 -6.3832
5478 10.0895
5479 5.3193
5480 5.8531
5481 0.0000
5482 6.5639
5483 8.7219
5484 1.3926
5485 8.3730
5486 4.9923
5487 3.5095
5488 0.0000
5489 4.6355
5490 9.3737
5491 3.9090
5492 2.2703
5493 8.7754
5494 5.0327
5495 7.6515
5496 -1.4337
5497 1.5306
5498 1.0347
5499 5.8389
5500 5.9254
5501 8.5999
5502 -4.0586
5503 0.0000
5504 4.4692
5505 2.0077
5506 -2.0477
5507 9.6675
5508 -5.3675
5509 13.3354
5510 4.7911
5511 10.0936
5512 0.0000
5513 7.5684
5514 4.6828
5515 1.1403
5516 10.5551
5517 0.5546
5518 -0.0933
5519 0.0000
5520 1.7071
5521 4.0736
5522 1.2898
5523 0.0000
5524 -2.0312
5525 -3.8588
5526 2.7185
5527 4.6646
5528 1.0334
5529 2.5594
5530 0.8674
5531 6.3891
5532 0.0000
5533 -1.1433
5534 0.8691
5535 9.1295
5536 2.7874
5537 8.9074
5538 4.9031
5539 0.0000
5540 -4.1136
5541 6.6225
5542 10.8045
5543 0.0000
5544 8.9942
5545 -1.7221
5546 5.6701
5547 0.4327
5548 5.7141
5549 3.5309
5550 -4.1628
5551 8.5559
5552 0.0000
5553 1.3078
5554 8.2506
5555 5.2338
5556 -1.3766
5557 1.0184
5558 0.7463
5559 0.0000
5560 -4.2951
5561 5.2133
5562 -4.0376
5563 0.0000
5564 0.7830
5565 -4.9371
5566 5.5549
5567 -2.7894
5568 2.8585
5569 11.2400
5570 6.0111
5571 -3.5184
5572 0.0000
5573 11.1170
5574 4.9187
5575 4.3273
5576 4.0344
5577 -1.3688
5578 3.1279
5579 0.0000
5580 4.1481
5581 0.0000
5582 8.3204
5583 0.0000
5584 8.0282
5585 7.6112
5586 -0.2022
5587 4.7394
5588 7.0718
5589 6.9915
5590 -6.9189
5591 0.2941
5592 0.0000
5593 1.5496
5594 7.7420
5595 5.1436
5596 7.7310
5597 4.9055
5598 0.8300
5599 0.0000
5600 -5.9828
5601 0.9450
5602 -0.0791
5603 0.0599
5604 8.4382
5605 3.8204
5606 0.0000
5607 -0.1628
5608 -4.7466
5609 8.4332
5610 4.6683
5611 -2.1943
5612 2.1699
5613 0.0000
5614 1.7557
5615 0.2271
5616 -0.7817
5617 8.0819
5618 1.0802
5619 3.8100
5620 0.0000
5621 5.8373
5622 -0.4128
5623 10.5286
5624 -0.4034
5625 2.3524
5626 0.9670
5627 0.0000
5628 -4.5734
5629 4.2746
5630 11.3619
5631 7.1683
5632 13.1476
5633 1.3018
5634 0.0000
5635 2.1640
5636 14.2971
5637 -5.0358
5638 -2.8549
5639 -5.1872
5640 2.4382
5641 0.0000
5642 6.3863
5643 1.7397
5644 3.0816
5645 10.3277
5646 1.3855
5647 -4.7756
5648 0.0000
5649 -0.8546
5650 2.4370
5651 5.2746
5652 0.6306
5653 0.3756
5654 -3.8563
5655 0.0000
5656 -7.1307
5657 3.1904
5658 9.6848
5659 6.3799
5660 8.2012
5661 6.0908
5662 0.0000
5663 -2.3200
5664 7.9911
5665 8.3748
5666 3.9078
5667 3.0713
5668 -0.7472
5669 0.0000
5670 -2.0352
5671 7.6588
5672 11.4962
5673 1.3167
5674 4.7406
5675 0.1401
5676 0.0000
5677 3.9071
5678 -2.5335
5679 6.7069
5680 -4.5126
5681 0.4244
5682 2.5106
5683 0.0000
5684 3.0515
5685 5.7685
5686 7.2178
5687 12.9617
5688 7.9838
5689 10.8557
5690 0.0000
5691 -7.4693
5692 4.3028
5693 1.7757
5694 -1.9315
5695 2.4975
5696 -4.7463
5697 0.0000
5698 -1.1466
5699 0.0000
5700 4.9318
5701 0.0000
5702 6.5967
5703 0.0000
5704 5.5010
5705 3.1191
5706 0.0000
5707 3.6568
5708 1.1427
5709 2.0719
5710 1.5371
5711 0.0000
5712 12.4657
5713 4.0148
5714 1.4713
5715 0.0000
5716 2.1719
5717 2.9629
5718 5.8857
5719 0.0000
5720 3.5088
5721 2.8137
5722 -1.3152
5723 4.5731
5724 9.8574
5725 4.3218
5726 3.9798
5727 -1.2786
5728 3.6622
5729 0.0000
5730 0.5595
5731 2.8391
5732 2.7681
5733 1.9234
5734 0.1879
5735 2.5447
5736 0.0000
5737 -2.1279
5738 0.0475
5739 -4.8729
5740 1.3198
5741 -1.1721
5742 12.1614
5743 0.0000
5744 6.3292
5745 1.8268
5746 -2.0527
5747 1.3221
5748 2.4955
5749 5.1424
5750 0.0000
5751 -2.4718
5752 3.2747
5753 7.6642
5754 4.6775
5755 3.3774
5756 4.9680
5757 0.0000
5758 5.7440
5759 1.5337
5760 6.7349
5761 0.6454
5762 2.1776
5763 9.1338
5764 0.0000
5765 -5.1293
5766 4.1142
5767 3.6649
5768 10.3843
5769 5.8271
5770 -3.2730
5771 0.0000
5772 -2.7806
5773 2.3159
5774 3.8721
5775 5.0469
5776 -3.3357
5777 -1.8575
5778 0.0000
5779 -6.3368
5780 2.9261
5781 12.7204
5782 1.4756
5783 2.3117
5784 2.5586
5785 0.0000
5786 5.8526
5787 -2.8529
5788 2.8765
5789 5.6742
5790 1.3307
5791 3.6130
5792 0.0000
5793 -1.5208
5794 7.7041
5795 3.1015
5796 2.6787
5797 7.0483
5798 3.4562
5799 0.0000
5800 -2.1773
5801 8.3526
5802 4.6317
5803 5.2876
5804 5.0810
5805 -0.4727
5806 0.0000
5807 -4.1321
5808 -2.3773
5809 0.0000
5810 6.8986
5811 2.3448
5812 7.6290
5813 0.8776
5814 6.1411
5815 17.6482
5816 -0.9244
5817 -3.0600
5818 0.0000
5819 -2.1948
5820 5.5906
5821 0.0000
5822 8.3252
5823 0.0000
5824 -1.8127
5825 0.0000
5826 11.5907
5827 1.1831
5828 0.0000
5829 6.5763
5830 5.4241
5831 0.0000
5832 -0.8484
5833 2.4261
5834 0.2730
5835 0.0000
5836 9.2947
5837 10.2885
5838 0.0000
5839 7.0556
5840 0.8867
5841 8.0280
5842 0.0000
5843 -3.7063
5844 -0.2947
5845 0.0000
5846 6.9248
5847 13.0218
5848 10.1888
5849 0.0000
5850 -0.1490
5851 3.1085
5852 0.0000
5853 -4.9220
5854 8.0000
5855 5.8194
5856 0.0000
5857 3.4408
5858 4.6799
5859 0.0000
5860 -3.3669
5861 8.3554
5862 4.0212
5863 0.0000
5864 -1.2402
5865 -0.0933
5866 0.0000
5867 4.8415
5868 -1.4800
5869 0.7273
5870 0.0000
5871 -2.4185
5872 10.6892
5873 0.0000
5874 0.4341
5875 -1.3533
5876 4.9735
5877 0.0000
5878 1.0613
5879 5.6913
5880 0.0000
5881 6.9605
5882 1.3685
5883 4.8132
5884 0.0000
5885 -4.6033
5886 4.8304
5887 0.0000
5888 -2.1786
5889 4.9693
5890 6.7398
5891 0.0000
5892 -0.8400
5893 -1.5797
5894 0.0000
5895 0.0471
5896 -2.2361
5897 4.1356
5898 0.0000
5899 5.4711
5900 1.1112
5901 0.0000
5902 9.7260
5903 7.1764
5904 3.5367
5905 0.0000
5906 -4.5739
5907 5.4723
5908 0.0000
5909 12.4926
5910 -0.8146
5911 3.8327
5912 0.0000
5913 1.3390
5914 8.0172
5915 0.0000
5916 -3.8794
5917 13.6479
5918 10.0255
5919 0.0000
5920 -4.4607
5921 0.6481
5922 0.0000
5923 -2.4718
5924 6.2307
5925 7.0979
5926 0.0000
5927 9.4074
5928 10.4398
5929 0.0000
5930 1.8029
5931 3.1217
5932 -3.4099
5933 0.0000
5934 -0.3061
5935 7.3079
5936 0.0000
5937 0.0365
5938 2.4450
5939 2.4394
5940 0.0000
5941 -2.1832
5942 0.0000
5943 6.0981
5944 0.0000
5945 -4.7657
5946 6.2150
5947 0.0000
5948 10.7557
5949 0.0000
5950 1.1709
5951 0.0000
5952 7.0247
5953 -1.2501
5954 5.2070
5955 0.0000
5956 1.3666
5957 6.8602
5958 1.4591
5959 0.0000
5960 1.8327
5961 1.0513
5962 0.8819
5963 0.0000
5964 -1.1378
5965 0.0000
5966 6.6718
5967 0.0000
5968 -2.2027
5969 2.1428
5970 0.0000
5971 -7.7023
5972 0.0000
5973 1.9523
5974 -7.7228
5975 1.0487
5976 6.2371
5977 2.7110
5978 0.9771
5979 10.6504
5980 4.9725
5981 4.1347
5982 11.4165
5983 0.7222
5984 6.7548
5985 0.1033
5986 1.6545
5987 6.3125
5988 10.3231
5989 0.0000
5990 5.5189
5991 1.8799
5992 8.2742
5993 2.5039
5994 -2.3289
5995 -1.1158
5996 -5.3611
5997 -1.2533
5998 0.0000
5999 6.3904
6000 10.3469
6001 8.8367
6002 -3.3679
6003 6.6864
6004 4.1944
6005 0.0000
6006 6.9436
6007 11.9742
6008 10.5725
6009 0.0000
6010 6.6964
6011 -3.4886
6012 5.1530
6013 2.0197
6014 -0.6727
6015 -1.0321
6016 2.5539
6017 -5.2443
6018 0.0000
6019 6.2651
6020 3.5381
6021 -0.7754
6022 2.4910
6023 16.5135
6024 2.0581
6025 0.0000
6026 -2.5466
6027 -0.8983
6028 7.3478
6029 0.0000
6030 5.2510
6031 5.1057
6032 4.2252
6033 4.0439
6034 -9.2226
6035 0.3947
6036 2.2854
6037 5.7245
6038 0.0000
6039 3.5652
6040 3.0664
6041 -1.1981
6042 -1.6405
6043 -1.6493
6044 -5.3609
6045 0.0000
6046 0.0170
6047 -0.5133
6048 -0.7026
6049 0.0000
6050 8.3814
6051 1.6163
6052 10.6072
6053 -0.3064
6054 -3.5145
6055 10.2139
6056 6.4268
6057 -0.1108
6058 0.0000
6059 5.6922
6060 6.7242
6061 13.9620
6062 2.4571
6063 8.4549
6064 -1.4736
6065 0.0000
6066 1.1625
6067 5.3114
6068 0.6915
6069 -0.0635
6070 1.4182
6071 -0.4948
6072 1.6417
6073 8.0064
6074 13.0146
6075 10.2757
6076 13.9811
6077 6.4268
6078 2.6034
6079 12.2679
6080 0.0000
6081 6.3190
6082 -0.0581
6083 -1.1898
6084 6.7150
6085 2.2378
6086 7.2710
6087 10.4962
6088 4.3251
6089 0.0000
6090 2.7330
6091 1.6424
6092 -1.2141
6093 -0.3592
6094 5.6067
6095 3.0309
6096 0.0000
6097 3.5851
6098 3.9427
6099 -4.9387
6100 0.0000
6101 0.2925
6102 -3.0379
6103 5.8378
6104 -1.6946
6105 -0.4665
6106 -3.0423
6107 2.8433
6108 14.5120
6109 0.0000
6110 4.1626
6111 -3.4598
6112 0.0581
6113 5.8592
6114 2.4221
6115 2.3036
6116 0.0000
6117 -0.5956
6118 3.2143
6119 -2.1912
6120 0.0000
6121 -1.2123
6122 0.1366
6123 1.8910
6124 1.4746
6125 -3.6772
6126 3.5981
6127 -8.7184
6128 7.6910
6129 0.0000
6130 5.5141
6131 18.9673
6132 8.5910
6133 1.3035
6134 11.5855
6135 0.6117
6136 0.0000
6137 2.6669
6138 -9.5454
6139 8.1001
6140 0.0000
6141 -10.5440
6142 -5.3467
6143 10.0951
6144 -0.3456
6145 -5.2517
6146 12.6247
6147 3.7918
6148 14.2358
6149 0.0000
6150 6.0323
6151 5.3801
6152 8.3227
6153 6.6869
6154 0.1371
6155 6.6063
6156 0.0000
6157 -2.0842
6158 4.7620
6159 -0.0709
6160 6.1081
6161 7.0740
6162 4.9947
6163 -2.3599
6164 0.8042
6165 3.5641
6166 2.4059
6167 9.8537
6168 -3.9320
6169 2.8160
6170 -3.8784
6171 0.0000
6172 10.4379
6173 -2.6490
6174 6.2690
6175 -2.5057
6176 -0.7269
6177 1.1273
6178 4.0461
6179 -1.4215
6180 0.0000
6181 7.5021
6182 4.0839
6183 4.0335
6184 -0.4764
6185 6.9560
6186 11.6460
6187 0.0000
6188 -6.1542
6189 -3.6416
6190 7.7716
6191 0.0000
6192 2.6325
6193 0.5632
6194 4.1722
6195 1.8959
6196 6.3685
6197 5.5808
6198 0.5220
6199 3.1442
6200 0.0000
6201 3.2234
6202 5.6904
6203 15.1914
6204 7.7009
6205 4.4193
6206 5.2541
6207 0.0000
6208 -0.0842
6209 5.9048
6210 4.9630
6211 0.0000
6212 3.6653
6213 4.6049
6214 2.0470
6215 6.2077
6216 -0.4511
6217 2.6985
6218 -2.8625
6219 7.8859
6220 0.0000
6221 3.8321
6222 7.5177
6223 5.1796
6224 7.6415
6225 5.2314
6226 4.6873
6227 0.0000
6228 -3.9435
6229 -4.1506
6230 -2.9477
6231 0.0000
6232 1.1788
6233 -2.0198
6234 -0.3931
6235 9.4873
6236 5.1655
6237 -2.5554
6238 -0.5751
6239 5.7516
6240 0.0000
6241 2.6131
6242 0.9097
6243 7.6950
6244 5.7862
6245 -0.1867
6246 7.8369
6247 0.0000
6248 0.6218
6249 5.6492
6250 5.6068
6251 0.8000
6252 -2.4924
6253 2.3833
6254 8.9641
6255 0.6391
6256 -2.0611
6257 -0.7415
6258 11.3727
6259 2.7516
6260 5.8602
6261 2.9156
6262 0.0000
6263 -1.0133
6264 -2.1703
6265 11.5486
6266 14.5769
6267 -3.3738
6268 12.6618
6269 5.2449
6270 3.9723
6271 0.0000
6272 4.0540
6273 0.9554
6274 7.0615
6275 2.6243
6276 3.8652
6277 6.9864
6278 0.0000
6279 -0.6244
6280 4.5970
6281 10.0629
6282 0.0000
6283 5.0951
6284 -0.4315
6285 3.5299
6286 4.1228
6287 1.5442
6288 -0.7677
6289 3.2482
6290 2.0166
6291 0.0000
6292 5.3341
6293 1.1445
6294 9.2631
6295 -1.2270
6296 7.1074
6297 5.6138
6298 0.0000
6299 -1.5494
6300 5.5965
6301 6.3882
6302 0.0000
6303 1.2864
6304 1.8013
6305 0.8099
6306 3.0668
6307 1.9452
6308 4.4562
6309 0.5895
6310 4.0035
6311 0.0000
6312 6.8613
6313 4.7094
6314 7.6891
6315 3.5841
6316 7.5445
6317 -0.2568
6318 0.0000
6319 4.2686
6320 8.5792
6321 3.9270
6322 0.0000
6323 6.4459
6324 -1.0125
6325 0.1440
6326 7.9758
6327 9.3884
6328 -5.1060
6329 2.2302
6330 6.1781
6331 0.0000
6332 9.8431
6333 8.8449
6334 4.5798
6335 7.8010
6336 2.9662
6337 -0.1830
6338 0.0000
6339 6.5843
6340 0.0000
6341 5.3579
6342 0.0000
6343 5.1609
6344 -2.9216
6345 4.4399
6346 10.9894
6347 -1.1204
6348 4.6519
6349 3.1615
6350 2.7881
6351 0.0000
6352 4.0264
6353 12.6664
6354 7.1159
6355 6.8607
6356 1.3785
6357 -3.1122
6358 0.0000
6359 1.0787
6360 8.8437
6361 3.6983
6362 6.2738
6363 9.9154
6364 10.3040
6365 0.0000
6366 -1.2703
6367 3.8573
6368 4.3898
6369 3.7253
6370 6.4830
6371 -0.4074
6372 0.0000
6373 -1.9048
6374 7.1247
6375 8.4180
6376 4.9736
6377 2.5318
6378 -0.9131
6379 0.0000
6380 0.6659
6381 6.2361
6382 4.4518
6383 6.2089
6384 2.4254
6385 10.9402
6386 0.0000
6387 4.1584
6388 9.7424
6389 5.0069
6390 2.2122
6391 9.5008
6392 5.6567
6393 0.0000
6394 0.6499
6395 10.8005
6396 10.9465
6397 0.3969
6398 6.8949
6399 3.3793
6400 0.0000
6401 -1.1563
6402 10.2399
6403 3.4879
6404 1.9141
6405 8.3772
6406 7.5042
6407 0.0000
6408 -0.0479
6409 4.6793
6410 2.9521
6411 3.8254
6412 2.6940
6413 5.8769
6414 0.0000
6415 -1.4235
6416 8.1229
6417 6.4416
6418 15.4728
6419 9.4017
6420 -0.4261
6421 0.0000
6422 -1.9622
6423 1.7092
6424 7.3592
6425 -0.3494
6426 1.6464
6427 0.2448
6428 0.0000
6429 2.8629
6430 9.0467
6431 4.3025
6432 9.1804
6433 15.0103
6434 5.8310
6435 0.0000
6436 -5.1824
6437 0.2585
6438 2.7389
6439 -0.7104
6440 4.1287
6441 5.6878
6442 0.0000
6443 -0.6495
6444 1.4304
6445 1.7604
6446 5.5535
6447 5.4206
6448 5.0384
6449 0.0000
6450 -2.2165
6451 5.1525
6452 3.2633
6453 3.1612
6454 4.0789
6455 7.9641
6456 0.0000
6457 1.6437
6458 0.0000
6459 1.3911
6460 0.0000
6461 9.2313
6462 0.0000
6463 4.5068
6464 6.4070
6465 0.0000
6466 2.2723
6467 4.0060
6468 2.3184
6469 -2.1846
6470 0.0000
6471 2.2301
6472 6.6988
6473 9.6526
6474 0.0000
6475 2.5055
6476 7.3644
6477 14.5605
6478 0.0000
6479 0.5528
6480 4.6314
6481 4.7931
6482 5.8357
6483 2.8486
6484 -0.3392
6485 4.3620
6486 -1.6666
6487 5.0986
6488 0.0000
6489 4.7310
6490 10.5194
6491 4.9411
6492 10.9449
6493 1.1272
6494 2.1386
6495 0.0000
6496 3.6601
6497 2.8971
6498 5.7227
6499 3.0919
6500 -3.9025
6501 6.4557
6502 0.0000
6503 -2.0577
6504 1.5838
6505 -3.2068
6506 6.7308
6507 1.5818
6508 9.3565
6509 0.0000
6510 4.2245
6511 5.0398
6512 5.6722
6513 -2.2528
6514 1.3343
6515 5.4948
6516 0.0000
6517 -3.5251
6518 -3.0399
6519 4.4374
6520 5.9886
6521 -1.6918
6522 6.0739
6523 0.0000
6524 -2.1141
6525 2.7409
6526 0.7855
6527 3.4811
6528 -2.3694
6529 3.8224
6530 0.0000
6531 -5.9694
6532 1.0104
6533 6.7694
6534 4.4306
6535 -4.5169
6536 -0.2992
6537 0.0000
6538 -3.2872
6539 6.7151
6540 5.0221
6541 -2.1225
6542 4.2275
6543 -3.7969
6544 0.0000
6545 -1.5232
6546 7.4000
6547 -1.0261
6548 3.9721
6549 -4.4029
6550 -2.8584
6551 0.0000
6552 -8.0852
6553 -3.6562
6554 2.2648
6555 -0.0596
6556 1.6415
6557 8.9419
6558 0.0000
6559 3.3235
6560 -2.6459
6561 1.9418
6562 6.3507
6563 3.7614
6564 6.3776
6565 0.0000
6566 -6.8270
6567 5.1637
6568 0.0000
6569 -1.0262
6570 1.1956
6571 7.5238
6572 -6.7420
6573 -2.5799
6574 -3.3327
6575 5.9815
6576 6.3585
6577 0.0000
6578 7.5405
6579 1.6378
6580 0.0000
6581 1.7530
6582 0.0000
6583 -1.9614
6584 0.0000
6585 3.1392
6586 8.1989
6587 0.0000
6588 -0.6810
6589 4.3944
6590 0.0000
6591 5.8995
6592 7.6666
6593 0.9635
6594 0.0000
6595 4.9618
6596 7.0222
6597 0.0000
6598 0.1296
6599 8.3907
6600 2.6338
6601 0.0000
6602 2.7630
6603 3.2011
6604 0.0000
6605 3.7705
6606 6.3773
6607 4.8750
6608 0.0000
6609 -1.9950
6610 0.3566
6611 0.0000
6612 0.9939
6613 0.2547
6614 5.2041
6615 0.0000
6616 0.7009
6617 1.3058
6618 0.0000
6619 5.7895
6620 -1.0038
6621 0.9272
6622 0.0000
6623 4.4485
6624 1.6474
6625 0.0000
6626 7.0121
6627 0.5242
6628 5.8919
6629 0.0000
6630 -2.6801
6631 -4.9867
6632 0.0000
6633 3.0556
6634 7.3485
6635 6.8058
6636 0.0000
6637 -2.0037
6638 -0.2227
6639 0.0000
6640 7.3271
6641 -3.6814
6642 -0.1904
6643 0.0000
6644 3.6736
6645 0.2329
6646 0.0000
6647 -0.5822
6648 -2.5334
6649 7.3682
6650 0.0000
6651 1.1558
6652 -2.9985
6653 0.0000
6654 0.9439
6655 2.3629
6656 5.2913
6657 0.0000
6658 0.3698
6659 -0.9991
6660 0.0000
6661 -2.7178
6662 14.9793
6663 5.9954
6664 0.0000
6665 2.2076
6666 -5.9609
6667 0.0000
6668 1.8992
6669 5.5502
6670 6.3420
6671 0.0000
6672 7.1058
6673 4.1434
6674 0.0000
6675 5.6594
6676 4.7379
6677 -0.3348
6678 0.0000
6679 2.4251
6680 4.1714
6681 0.0000
6682 1.3225
6683 -3.1579
6684 4.6022
6685 0.0000
6686 2.8317
6687 -1.0649
6688 0.0000
6689 -2.9208
6690 10.8272
6691 0.1577
6692 0.0000
6693 6.6440
6694 7.2464
6695 0.0000
6696 -3.5530
6697 -0.9913
6698 9.8267
6699 0.0000
6700 1.9718
6701 0.0000
6702 4.5176
6703 0.0000
6704 5.3572
6705 4.4425
6706 0.0000
6707 -2.8968
6708 0.0000
6709 1.2947
6710 0.0000
6711 -0.4410
6712 12.0582
6713 2.8524
6714 0.0000
6715 4.4165
6716 0.0265
6717 7.4054
6718 0.0000
6719 14.5281
6720 14.9534
6721 7.2945
6722 0.0000
6723 -0.6437
6724 0.0000
6725 -0.3251
6726 0.0000
6727 -2.3465
6728 -5.3934
6729 0.0000
6730 3.8220
6731 0.0000
6732 -0.0331
6733 0.0833
6734 -0.3274
6735 6.8242
6736 16.0406
6737 3.0247
6738 1.6363
6739 -5.7800
6740 1.1621
6741 2.5971
6742 2.5268
6743 -0.9479
6744 6.5565
6745 6.8969
6746 3.9013
6747 6.9840
6748 0.0000
6749 -0.9677
6750 -2.3749
6751 10.2568
6752 1.7002
6753 -1.0102
6754 14.1476
6755 5.3543
6756 10.3839
6757 0.0000
6758 0.6175
6759 3.9259
6760 -0.2585
6761 7.9287
6762 8.0241
6763 0.9283
6764 0.0000
6765 5.6950
6766 7.1365
6767 7.8345
6768 0.0000
6769 2.2006
6770 2.4573
6771 3.0551
6772 4.4645
6773 0.2958
6774 8.8953
6775 0.6252
6776 6.6138
6777 0.0000
6778 7.5088
6779 8.4435
6780 9.3455
6781 6.0477
6782 7.0906
6783 1.8136
6784 0.0000
6785 1.2086
6786 -0.5102
6787 3.2924
6788 0.0000
6789 -1.2023
6790 -1.1942
6791 -4.5025
6792 3.6678
6793 6.8163
6794 10.1337
6795 11.7130
6796 6.4049
6797 0.0000
6798 10.1755
6799 4.5097
6800 10.4428
6801 -2.6139
6802 4.2016
6803 2.3964
6804 0.0000
6805 -0.2164
6806 -2.7028
6807 9.2989
6808 0.0000
6809 -3.7250
6810 -7.1818
6811 5.9849
6812 -3.8427
6813 3.4414
6814 4.6511
6815 -1.1176
6816 4.1643
6817 0.0000
6818 5.6232
6819 8.7471
6820 3.2591
6821 2.5383
6822 -0.7747
6823 -9.5441
6824 0.0000
6825 11.0793
6826 7.1743
6827 6.7020
6828 4.3295
6829 8.1206
6830 4.1598
6831 8.0212
6832 1.4256
6833 5.4108
6834 5.6130
6835 -1.3139
6836 -1.5502
6837 -0.2805
6838 1.1398
6839 0.0000
6840 1.8901
6841 3.6468
6842 6.4554
6843 -3.5766
6844 -2.2413
6845 9.8799
6846 1.5604
6847 1.2034
6848 0.0000
6849 1.1975
6850 6.1601
6851 -0.1899
6852 1.8141
6853 10.4668
6854 4.8072
6855 0.0000
6856 2.9463
6857 1.2852
6858 2.7495
6859 0.0000
6860 2.7441
6861 7.2038
6862 6.8203
6863 -2.7968
6864 2.1835
6865 1.9988
6866 6.2485
6867 9.1198
6868 0.0000
6869 4.4943
6870 0.3727
6871 10.4043
6872 9.0864
6873 -4.0171
6874 0.8184
6875 0.0000
6876 6.2021
6877 15.4254
6878 5.8748
6879 0.0000
6880 -2.0721
6881 5.7247
6882 2.4471
6883 -2.7698
6884 7.2023
6885 3.3082
6886 -0.8350
6887 -5.7734
6888 0.0000
6889 5.9742
6890 -3.3584
6891 5.5076
6892 0.0941
6893 1.5569
6894 9.7464
6895 0.0000
6896 6.6914
6897 -1.1240
6898 0.8010
6899 0.0000
6900 3.6774
6901 -5.7362
6902 2.3442
6903 2.2840
6904 1.4888
6905 2.7803
6906 0.1828
6907 3.4180
6908 0.0000
6909 8.0032
6910 12.6105
6911 8.0646
6912 11.2465
6913 3.3549
6914 7.4781
6915 0.0000
6916 -2.9909
6917 6.5369
6918 2.4004
6919 2.8242
6920 10.0464
6921 3.0066
6922 4.2532
6923 2.9578
6924 1.0712
6925 7.6261
6926 4.9469
6927 1.9850
6928 4.9001
6929 0.0776
6930 0.0000
6931 7.5390
6932 -6.5935
6933 -2.7947
6934 5.1559
6935 -8.8227
6936 -6.1646
6937 2.8792
6938 4.0219
6939 0.0000
6940 0.7026
6941 8.7451
6942 -2.5999
6943 9.2462
6944 0.9806
6945 16.8831
6946 0.0000
6947 4.5937
6948 -0.1841
6949 7.2352
6950 0.0000
6951 1.0896
6952 -2.2973
6953 3.1652
6954 0.7130
6955 2.6603
6956 7.1885
6957 7.3685
6958 3.5908
6959 0.0000
6960 3.4101
6961 1.6351
6962 0.1821
6963 2.6959
6964 9.2700
6965 14.0061
6966 0.0000
6967 -0.7890
6968 1.9500
6969 3.6094
6970 0.0000
6971 -3.7221
6972 -1.0684
6973 7.9831
6974 2.2499
6975 -1.5331
6976 -2.2874
6977 3.2374
6978 3.0924
6979 0.0000
6980 5.5738
6981 5.3713
6982 3.6605
6983 1.4534
6984 7.9852
6985 -0.7589
6986 0.0000
6987 4.2700
6988 0.8035
6989 4.3175
6990 0.0000
6991 -2.5206
6992 4.4725
6993 7.1852
6994 3.3544
6995 -3.5656
6996 8.6279
6997 6.1858
6998 2.0159
6999 0.0000
7000 4.7557
7001 1.1546
7002 0.7004
7003 1.7918
7004 5.9899
7005 10.9983
7006 0.0000
7007 -4.7887
7008 1.9429
7009 5.8647
7010 -1.1320
7011 1.5644
7012 8.4358
7013 -0.0418
7014 0.8349
7015 7.7723
7016 9.5887
7017 -1.6525
7018 -2.5684
7019 0.8964
7020 7.3079
7021 0.0000
7022 7.5106
7023 3.3832
7024 -0.9302
7025 -1.6845
7026 3.1508
7027 -1.9419
7028 7.0670
7029 9.2266
7030 0.0000
7031 6.7829
7032 5.2493
7033 8.0252
7034 5.4898
7035 6.6890
7036 4.2750
7037 0.0000
7038 3.7398
7039 6.5317
7040 6.6739
7041 0.0000
7042 1.2153
7043 -0.4519
7044 -0.1827
7045 6.5130
7046 -0.3133
7047 8.7340
7048 5.4660
7049 5.8683
7050 0.0000
7051 0.1721
7052 7.9848
7053 8.1519
7054 -3.3151
7055 9.2157
7056 2.2678
7057 0.0000
7058 -0.2730
7059 5.6503
7060 11.8765
7061 0.0000
7062 5.8736
7063 -0.6302
7064 5.4135
7065 8.7309
7066 6.8916
7067 -0.5834
7068 -1.6983
7069 7.0224
7070 0.0000
7071 5.7490
7072 3.9372
7073 13.8694
7074 7.1297
7075 12.5630
7076 -0.1521
7077 0.0000
7078 1.6081
7079 12.4116
7080 16.1191
7081 0.0000
7082 2.6805
7083 -3.0399
7084 5.8114
7085 -2.1070
7086 -0.4065
7087 12.6020
7088 3.5585
7089 8.4826
7090 0.0000
7091 4.7657
7092 3.4514
7093 6.3736
7094 8.5471
7095 3.0830
7096 8.9128
7097 0.0000
7098 2.2134
7099 0.0000
7100 1.8129
7101 0.0000
7102 10.5390
7103 0.5743
7104 5.0325
7105 5.4549
7106 -0.1050
7107 6.9213
7108 0.1654
7109 4.9668
7110 0.0000
7111 0.3572
7112 7.0695
7113 12.4866
7114 2.7052
7115 -6.5636
7116 -1.8293
7117 0.0000
7118 2.4273
7119 1.8691
7120 3.6683
7121 13.8478
7122 5.1377
7123 -1.4660
7124 0.0000
7125 6.2606
7126 9.6791
7127 -5.6818
7128 4.9251
7129 3.9373
7130 -3.0200
7131 0.0000
7132 8.3901
7133 -0.4104
7134 2.1008
7135 0.6937
7136 9.0403
7137 0.7055
7138 0.0000
7139 -6.2773
7140 0.4900
7141 5.2790
7142 5.7635
7143 3.8144
7144 4.4520
7145 0.0000
7146 -5.8239
7147 2.1178
7148 1.0985
7149 6.4312
7150 2.3313
7151 8.5929
7152 0.0000
7153 -0.1426
7154 3.4306
7155 10.7662
7156 1.6325
7157 5.1889
7158 -3.0875
7159 0.0000
7160 -3.1541
7161 -3.4857
7162 0.2282
7163 -0.9890
7164 5.0291
7165 0.0091
7166 0.0000
7167 12.6472
7168 -1.1490
7169 9.4498
7170 4.5937
7171 2.8731
7172 -1.4359
7173 0.0000
7174 3.9521
7175 -0.3078
7176 14.5702
7177 8.2638
7178 1.8889
7179 6.3047
7180 0.0000
7181 3.2367
7182 -0.1000
7183 11.8267
7184 8.3013
7185 1.9236
7186 0.8530
7187 0.0000
7188 -0.1681
7189 9.1700
7190 -0.1124
7191 -0.9033
7192 3.2877
7193 10.1858
7194 0.0000
7195 -2.4321
7196 5.4367
7197 10.1412
7198 11.0175
7199 4.3968
7200 -0.3901
7201 0.0000
7202 -1.9971
7203 -1.4543
7204 4.1764
7205 4.6649
7206 6.2046
7207 7.6932
7208 0.0000
7209 -6.8020
7210 9.1659
7211 -4.0055
7212 6.3479
7213 8.9317
7214 9.8867
7215 0.0000
7216 -2.7815
7217 0.0000
7218 6.3796
7219 0.0000
7220 10.3606
7221 0.0000
7222 2.0843
7223 1.8100
7224 0.0000
7225 3.9824
7226 -0.4729
7227 7.2118
7228 -2.2408
7229 0.0000
7230 3.0296
7231 5.1685
7232 -1.0664
7233 0.0000
7234 10.0145
7235 1.9254
7236 -0.8293
7237 0.0000
7238 -2.8441
7239 0.2868
7240 -0.8701
7241 1.1489
7242 -2.8438
7243 8.3230
7244 5.2001
7245 5.2591
7246 5.5450
7247 0.0000
7248 8.8507
7249 9.4395
7250 10.3193
7251 5.5670
7252 -5.1962
7253 -1.2971
7254 0.0000
7255 5.3651
7256 5.3604
7257 7.4823
7258 4.8928
7259 1.8396
7260 -1.3869
7261 0.0000
7262 2.1106
7263 -3.3289
7264 4.8598
7265 -1.5021
7266 11.7654
7267 0.3487
7268 0.0000
7269 2.8004
7270 7.9777
7271 4.3181
7272 8.5138
7273 4.3911
7274 13.0881
7275 0.0000
7276 -1.1423
7277 5.2317
7278 16.1486
7279 6.4812
7280 1.7299
7281 -1.3727
7282 0.0000
7283 -2.5380
7284 5.7313
7285 7.4661
7286 2.5744
7287 6.8491
7288 3.7690
7289 0.0000
7290 -1.0579
7291 7.5441
7292 0.5224
7293 6.5682
7294 2.4428
7295 6.5416
7296 0.0000
7297 -7.2970
7298 1.8142
7299 6.4401
7300 -2.1925
7301 2.5687
7302 0.5977
7303 0.0000
7304 1.5727
7305 13.0751
7306 10.1447
7307 0.9960
7308 0.9010
7309 11.8078
7310 0.0000
7311 -3.2039
7312 3.9180
7313 -4.2205
7314 0.5151
7315 2.4333
7316 0.4251
7317 0.0000
7318 2.8483
7319 4.9684
7320 3.9635
7321 1.6469
7322 3.0544
7323 -0.0375
7324 0.0000
7325 -2.6865
7326 -2.6065
7327 0.0000
7328 2.7392
7329 -5.2723
7330 4.5931
7331 4.2969
7332 -0.9195
7333 3.3222
7334 -3.7344
7335 5.0020
7336 0.0000
7337 7.4445
7338 4.3798
7339 0.0000
7340 -2.5085
7341 0.0000
7342 -1.0773
7343 0.0000
7344 -0.4933
7345 -9.9881
7346 0.0000
7347 16.3768
7348 -0.5441
7349 0.0000
7350 7.3141
7351 -0.3194
7352 2.4311
7353 0.0000
7354 2.1412
7355 1.0058
7356 0.0000
7357 7.3727
7358 5.5747
7359 1.4067
7360 0.0000
7361 -0.1464
7362 -3.1220
7363 0.0000
7364 4.5318
7365 10.8895
7366 -0.6288
7367 0.0000
7368 4.0173
7369 4.8744
7370 0.0000
7371 1.6443
7372 15.2065
7373 5.4265
7374 0.0000
7375 -3.6526
7376 6.1861
7377 0.0000
7378 1.5823
7379 1.2145
7380 2.7695
7381 0.0000
7382 2.1710
7383 -8.0430
7384 0.0000
7385 6.0554
7386 4.8094
7387 4.7089
7388 0.0000
7389 -0.6849
7390 0.7884
7391 0.0000
7392 2.6072
7393 1.9149
7394 0.2580
7395 0.0000
7396 0.6709
7397 0.6518
7398 0.0000
7399 6.6652
7400 -3.4999
7401 5.3619
7402 0.0000
7403 -0.0563
7404 -0.6973
7405 0.0000
7406 8.0105
7407 8.4554
7408 -3.1675
7409 0.0000
7410 7.3515
7411 5.0897
7412 0.0000
7413 0.6474
7414 4.1045
7415 2.1568
7416 0.0000
7417 2.3881
7418 8.3782
7419 0.0000
7420 0.7212
7421 3.3940
7422 3.5228
7423 0.0000
7424 -1.2379
7425 5.3165
7426 0.0000
7427 -0.9150
7428 2.2724
7429 12.3050
7430 0.0000
7431 7.7406
7432 0.7768
7433 0.0000
7434 -1.6435
7435 1.6458
7436 5.2842
7437 0.0000
7438 -1.1685
7439 -3.1112
7440 0.0000
7441 4.1581
7442 1.7992
7443 12.1480
7444 0.0000
7445 4.3141
7446 0.8743
7447 0.0000
7448 4.2504
7449 4.5782
7450 5.6360
7451 0.0000
7452 0.3157
7453 0.2450
7454 0.0000
7455 5.1476
7456 4.6234
7457 0.2220
7458 0.0000
7459 0.8247
7460 0.0000
7461 0.6446
7462 0.0000
7463 1.6639
7464 0.2776
7465 0.0000
7466 7.8938
7467 0.0000
7468 5.5861
7469 0.0000
7470 6.0232
7471 8.5017
7472 9.0077
7473 0.0000
7474 6.6888
7475 -2.3878
7476 3.0817
7477 0.0000
7478 8.4890
7479 12.4574
7480 5.1958
7481 0.0000
7482 -2.1623
7483 0.0000
7484 7.8209
7485 0.0000
7486 11.5877
7487 2.6333
7488 0.0000
7489 5.3258
7490 0.0000
7491 7.4677
7492 -2.2701
7493 -3.8296
7494 0.3938
7495 -1.0334
7496 1.8148
7497 3.2786
7498 1.4805
7499 0.0000
7500 -9.1557
7501 0.0569
7502 7.9707
7503 3.0835
7504 11.0044
7505 3.2430
7506 0.0000
7507 -3.0188
7508 0.8513
7509 12.0560
7510 9.8984
7511 8.6440
7512 1.4780
7513 0.0000
7514 1.0832
7515 2.5950
7516 10.3309
7517 2.8852
7518 5.5592
7519 4.4532
7520 0.0000
7521 5.0307
7522 -0.0529
7523 1.4828
7524 6.6972
7525 5.2379
7526 3.7705
7527 0.0000
7528 1.0125
7529 5.0836
7530 3.0294
7531 2.3216
7532 11.9451
7533 2.2002
7534 0.0000
7535 1.7487
7536 3.2209
7537 6.4927
7538 6.0340
7539 -3.6462
7540 -2.3865
7541 0.0000
7542 -3.6960
7543 3.5786
7544 9.0360
7545 1.0139
7546 5.5999
7547 6.0270
7548 0.0000
7549 -3.1037
7550 9.8331
7551 3.8464
7552 -7.5800
7553 -0.2248
7554 -2.1993
7555 0.0000
7556 -8.1866
7557 8.7072
7558 7.9668
7559 8.8292
7560 4.6174
7561 -0.3902
7562 0.0000
7563 5.9915
7564 9.0375
7565 5.8340
7566 3.6391
7567 1.1190
7568 5.9295
7569 0.0000
7570 -5.0358
7571 0.6822
7572 3.5075
7573 6.0006
7574 6.9128
7575 9.7575
7576 0.0000
7577 0.9013
7578 1.9287
7579 -1.5345
7580 9.8921
7581 12.7869
7582 7.4205
7583 0.0000
7584 -5.2007
7585 5.6233
7586 7.7706
7587 9.0132
7588 7.9875
7589 8.4241
7590 0.0000
7591 -2.4127
7592 -4.3275
7593 -6.4485
7594 1.8211
7595 4.2848
7596 5.8108
7597 0.0000
7598 1.2504
7599 2.0892
7600 5.7693
7601 3.6635
7602 3.9025
7603 1.7011
7604 0.0000
7605 -5.8396
7606 0.0000
7607 -1.7691
7608 3.5851
7609 0.0000
7610 -2.7621
7611 1.0470
7612 0.0000
7613 6.6872
7614 -1.3204
7615 0.0000
7616 -2.9015
7617 0.0000
7618 -1.9377
7619 0.7169
7620 0.0000
7621 1.4244
7622 -1.1266
7623 0.0000
7624 -1.4740
7625 0.0000
7626 -0.0432
7627 5.7461
7628 0.0000
7629 13.6496
7630 3.0826
7631 0.0000
7632 0.1957
7633 0.0000
7634 3.4324
7635 7.7597
7636 0.0000
7637 1.1004
7638 2.9577
7639 0.0000
7640 -1.9942
7641 0.0000
7642 -1.7574
7643 0.0951
7644 0.0000
7645 -1.4395
7646 3.2393
7647 0.0000
7648 1.7175
7649 0.0000
7650 5.0197
7651 9.2983
7652 0.0000
7653 8.7419
7654 5.6600
7655 0.0000
7656 1.5734
7657 0.0000
7658 -1.0064
7659 -0.6776
7660 0.0000
7661 -1.3658
7662 -0.2653
7663 0.0000
7664 5.6027
7665 0.0000
7666 -7.1792
7667 8.2370
7668 0.0000
7669 2.8036
7670 -0.5845
7671 0.0000
7672 1.2458
7673 0.0000
7674 0.1721
7675 11.5673
7676 0.0000
7677 6.2259
7678 10.9091
7679 0.0000
7680 9.0150
7681 0.0000
7682 4.2960
7683 7.4624
7684 0.0000
7685 0.7066
7686 2.0531
7687 0.0000
7688 -4.5779
7689 0.0000
7690 -0.9163
7691 2.4372
7692 0.0000
7693 8.0629
7694 4.9842
7695 0.0000
7696 6.2209
7697 0.0000
7698 -0.4106
7699 2.8978
7700 0.0000
7701 3.2696
7702 8.8569
7703 0.0000
7704 8.5368
7705 0.0000
7706 5.1483
7707 10.3573
7708 0.0000
7709 6.7159
7710 4.0998
7711 0.0000
7712 5.7444
7713 0.0000
7714 0.4634
7715 15.2976
7716 0.0000
7717 9.3693
7718 2.7100
7719 0.0000
7720 1.6890
7721 0.0000
7722 0.6174
7723 4.5525
7724 0.0000
7725 9.3207
7726 9.8428
7727 0.0000
7728 5.3223
7729 0.0000
7730 -0.5173
7731 3.1941
7732 0.0000
7733 6.8747
7734 -1.8837
7735 0.0000
7736 0.3008
7737 0.0000
7738 -2.0335
7739 0.0000
7740 1.5277
