# input  : 16 : D3 05 8B 1C 0B FC 9A BE 01 9C 4F 1D 84 1F 14 9C 
# output : 16 : 04 EE F9 24 86 84 C6 76 33 41 26 4E C6 66 24 B6 
# cycles : 7740
1 0.0000
2 3.7782
3 6.3240
4 0.0000
5 -2.6604
6 0.0000
7 8.8928
8 0.9176
9 0.0000
10 0.7569
11 -0.0173
12 0.0000
13 2.4314
14 0.0000
15 13.1321
16 -1.9273
17 0.0000
18 8.4345
19 0.3914
20 0.0000
21 7.0501
22 0.0000
23 3.4186
24 1.2883
25 0.0000
26 2.1841
27 -2.5226
28 0.0000
29 -4.6980
30 0.0000
31 5.5045
32 3.5840
33 0.0000
34 4.6772
35 3.3865
36 0.0000
37 1.1095
38 0.0000
39 5.3098
40 4.6989
41 0.0000
42 -0.0178
43 5.8866
44 0.0000
45 1.5948
46 0.0000
47 3.5496
48 8.2044
49 0.0000
50 5.1295
51 -1.4873
52 0.0000
53 4.3277
54 0.0000
55 7.2030
56 5.3990
57 0.0000
58 5.1684
59 2.5471
60 0.0000
61 -5.9379
62 0.0000
63 4.8532
64 2.7889
65 0.0000
66 2.6883
67 0.4078
68 0.0000
69 2.5196
70 0.0000
71 6.4841
72 1.3059
73 0.0000
74 2.8377
75 -0.8740
76 0.0000
77 2.6986
78 0.0000
79 4.5509
80 0.5930
81 0.0000
82 0.0307
83 6.6073
84 0.0000
85 0.5613
86 0.0000
87 -0.9757
88 4.4838
89 0.0000
90 9.9421
91 7.0222
92 0.0000
93 -0.5326
94 0.0000
95 7.2289
96 -2.0621
97 0.0000
98 2.0984
99 5.8864
100 0.0000
101 -1.5507
102 0.0000
103 -3.9066
104 -7.8006
105 0.0000
106 3.6029
107 -2.9656
108 0.0000
109 2.8671
110 0.0000
111 10.3432
112 -1.8405
113 0.0000
114 2.7039
115 9.9518
116 0.0000
117 -5.0162
118 0.0000
119 2.1867
120 4.3389
121 0.0000
122 1.7685
123 10.7811
124 0.0000
125 4.2995
126 0.0000
127 0.4350
128 -3.7831
129 0.0000
130 -4.4069
131 -3.6217
132 0.0000
133 -5.7979
134 0.0000
135 2.7473
136 -2.5221
137 0.0000
138 -3.7861
139 -3.5050
140 -2.8799
141 0.0000
142 4.6101
143 13.8404
144 3.8981
145 3.3033
146 0.0000
147 -3.0581
148 -0.4871
149 0.0000
150 1.0186
151 8.2502
152 -3.6148
153 -0.3503
154 0.0000
155 -1.2715
156 -0.6019
157 0.0000
158 2.7737
159 3.3980
160 13.1183
161 2.2701
162 0.0000
163 -6.9906
164 5.0901
165 0.0000
166 1.3024
167 10.8243
168 4.4465
169 2.0685
170 0.0000
171 -0.8549
172 -0.2680
173 0.0000
174 3.6907
175 1.3891
176 5.3796
177 -10.0674
178 0.0000
179 1.6193
180 1.7037
181 0.0000
182 3.8568
183 2.8110
184 11.5999
185 2.2125
186 0.0000
187 2.5944
188 4.5986
189 0.0000
190 9.5346
191 0.7395
192 -2.9084
193 7.7740
194 0.0000
195 -2.9755
196 7.2296
197 0.0000
198 1.5819
199 5.7968
200 1.3986
201 -1.5028
202 0.0000
203 -10.2381
204 3.3868
205 0.0000
206 -1.1034
207 1.4717
208 4.5240
209 3.3434
210 0.0000
211 2.9028
212 3.6815
213 0.0000
214 8.6685
215 8.0649
216 8.9249
217 7.4930
218 0.0000
219 8.9437
220 6.3563
221 0.0000
222 2.6033
223 9.9372
224 6.2057
225 -1.9871
226 0.0000
227 -2.2769
228 3.9927
229 0.0000
230 1.0910
231 1.9352
232 -1.0245
233 -0.7491
234 0.0000
235 -3.4729
236 0.1386
237 0.0000
238 -0.7646
239 2.4744
240 -7.1521
241 3.3150
242 0.0000
243 -0.6910
244 3.9415
245 0.0000
246 7.2153
247 12.9626
248 9.3916
249 6.0486
250 0.0000
251 4.9324
252 4.5046
253 0.0000
254 -4.6921
255 3.8061
256 9.5504
257 7.3496
258 0.0000
259 -6.8488
260 4.6574
261 0.0000
262 -3.0486
263 3.7265
264 5.1304
265 -0.3530
266 0.0000
267 -1.7153
268 0.2541
269 0.0000
270 6.0424
271 0.0000
272 4.9281
273 -1.4033
274 1.6699
275 4.2392
276 9.9795
277 1.0097
278 0.2431
279 -0.9335
280 0.0000
281 10.4534
282 5.5036
283 8.7355
284 7.4349
285 7.3443
286 0.2015
287 0.0000
288 -7.7066
289 7.2500
290 -5.5076
291 3.0379
292 6.1387
293 -6.8067
294 0.0000
295 2.3415
296 -1.9622
297 7.0249
298 2.4917
299 8.0193
300 -3.8095
301 0.0000
302 2.5531
303 5.3984
304 -4.4928
305 -1.0612
306 2.4687
307 -3.0651
308 0.0000
309 4.8180
310 -1.1557
311 6.9316
312 5.7489
313 3.7790
314 1.2751
315 0.0000
316 -1.3817
317 -1.5598
318 5.5729
319 7.9505
320 9.6696
321 -0.9652
322 0.0000
323 5.1332
324 9.2224
325 0.1249
326 7.6726
327 0.1562
328 2.9312
329 0.0000
330 1.3897
331 -0.2737
332 1.6986
333 11.1089
334 1.6249
335 2.9539
336 0.0000
337 0.0577
338 1.4078
339 4.6971
340 1.4549
341 3.0872
342 6.9506
343 0.0000
344 -10.8521
345 3.8598
346 4.9076
347 3.2550
348 5.5199
349 -1.3142
350 0.0000
351 -6.6922
352 2.4445
353 -2.8674
354 6.3315
355 0.2163
356 4.9827
357 0.0000
358 5.1314
359 -2.2667
360 5.3424
361 6.4464
362 -6.0393
363 6.7496
364 0.0000
365 -2.6493
366 6.2682
367 1.9420
368 7.5273
369 -0.5727
370 -0.7905
371 0.0000
372 5.6301
373 -6.9614
374 7.5376
375 6.2150
376 9.1780
377 6.0560
378 0.0000
379 -1.2730
380 4.5625
381 -2.0466
382 1.9842
383 0.5094
384 0.4513
385 0.0000
386 -4.7125
387 0.0000
388 9.4942
389 0.0000
390 5.8515
391 0.0000
392 9.1982
393 3.6592
394 0.0000
395 8.3490
396 7.3412
397 2.3884
398 7.4984
399 0.0000
400 3.2425
401 0.3525
402 2.6236
403 0.0000
404 8.3355
405 10.2758
406 3.2762
407 0.0000
408 -8.7794
409 8.0024
410 5.2391
411 -7.3760
412 -0.9962
413 -2.1150
414 2.0238
415 6.6487
416 5.5115
417 0.0000
418 2.6975
419 7.7832
420 0.9469
421 -5.7243
422 -1.8166
423 4.9574
424 0.0000
425 -2.6683
426 11.7691
427 1.6538
428 8.0246
429 1.3125
430 -1.7654
431 0.0000
432 -4.1810
433 9.3828
434 10.4044
435 -2.7181
436 1.7779
437 -2.7933
438 0.0000
439 4.7216
440 -0.4333
441 1.9942
442 0.7528
443 3.4331
444 -1.8753
445 0.0000
446 -0.6046
447 3.3573
448 1.7683
449 1.4171
450 4.6840
451 6.7854
452 0.0000
453 0.8239
454 -4.4679
455 9.0034
456 6.3568
457 -0.7170
458 5.2017
459 0.0000
460 0.8772
461 8.3816
462 -2.4785
463 6.3580
464 -0.0992
465 6.3003
466 0.0000
467 -3.0300
468 6.6374
469 6.4427
470 1.0491
471 -3.0335
472 4.0179
473 0.0000
474 2.0800
475 -1.3566
476 7.7580
477 9.8329
478 -0.0200
479 8.6737
480 0.0000
481 8.4962
482 -1.7888
483 5.1761
484 3.1468
485 2.2557
486 5.6723
487 0.0000
488 7.0426
489 4.8682
490 2.0000
491 5.1788
492 4.8203
493 7.9258
494 0.0000
495 2.3340
496 -0.1223
497 0.0000
498 9.2655
499 -11.0963
500 0.1670
501 7.3907
502 -1.8390
503 -3.1460
504 0.4700
505 -2.9263
506 0.0000
507 11.1164
508 -2.3743
509 0.0000
510 -0.4017
511 8.3030
512 0.0000
513 -3.8113
514 4.5736
515 0.0000
516 6.5763
517 7.0591
518 0.0000
519 8.1313
520 2.6675
521 -0.8936
522 0.0000
523 5.4320
524 16.5092
525 0.0000
526 7.6912
527 -4.1356
528 -2.3238
529 0.0000
530 -2.1145
531 0.2847
532 0.0000
533 1.5997
534 2.8199
535 4.3085
536 0.0000
537 1.2060
538 -1.4342
539 0.0000
540 6.8295
541 5.4066
542 8.9820
543 0.0000
544 -4.0045
545 0.9782
546 0.0000
547 5.8203
548 4.3904
549 7.3831
550 0.0000
551 -5.0078
552 1.7011
553 0.0000
554 2.1932
555 4.2038
556 1.3641
557 0.0000
558 -1.2896
559 3.5756
560 0.0000
561 3.7898
562 8.8122
563 5.7964
564 0.0000
565 1.4348
566 1.2455
567 0.0000
568 4.7854
569 7.9021
570 -0.2128
571 0.0000
572 3.0787
573 7.0773
574 0.0000
575 5.5978
576 5.8124
577 5.9842
578 0.0000
579 -6.1886
580 3.2400
581 0.0000
582 1.3493
583 8.0040
584 2.2788
585 0.0000
586 3.8972
587 -6.8150
588 0.0000
589 8.2869
590 4.9323
591 2.7972
592 0.0000
593 -7.2259
594 3.4955
595 0.0000
596 -0.3119
597 -1.5236
598 3.3642
599 0.0000
600 0.1624
601 7.7755
602 0.0000
603 2.3379
604 1.5538
605 6.9554
606 0.0000
607 -0.0177
608 5.9290
609 0.0000
610 5.0983
611 5.5855
612 6.4514
613 0.0000
614 8.1993
615 9.7353
616 0.0000
617 -2.0664
618 4.3317
619 9.3791
620 0.0000
621 4.1596
622 4.6565
623 0.0000
624 2.7487
625 -0.2888
626 1.9301
627 0.0000
628 3.4523
629 0.0000
630 3.7617
631 0.0000
632 6.2806
633 -1.3709
634 0.0000
635 -6.4068
636 0.0000
637 2.2517
638 0.0000
639 4.4646
640 1.6763
641 4.7504
642 0.0000
643 9.7046
644 3.6887
645 6.1671
646 0.0000
647 -0.8678
648 0.0960
649 -5.5573
650 0.0000
651 0.7805
652 0.0000
653 2.0662
654 0.0000
655 -1.0330
656 10.1277
657 0.0000
658 3.9199
659 0.0000
660 5.3082
661 3.6153
662 4.0590
663 -3.6541
664 -2.3545
665 -4.3906
666 1.2252
667 10.6069
668 2.0072
669 2.3017
670 0.0415
671 13.0314
672 9.2135
673 1.9315
674 9.1077
675 2.5005
676 0.0000
677 -0.8859
678 0.4927
679 -0.5659
680 1.3204
681 1.8468
682 5.8770
683 -4.1941
684 4.5789
685 0.0000
686 5.8928
687 2.4760
688 -1.1300
689 2.2669
690 0.8158
691 -2.3786
692 0.0000
693 -0.1447
694 -2.9834
695 2.5471
696 0.0000
697 4.5300
698 -3.5856
699 9.2198
700 7.2190
701 -2.3457
702 11.5106
703 6.5544
704 8.2293
705 0.0000
706 11.6297
707 5.1668
708 1.4377
709 11.8663
710 -1.8844
711 2.3222
712 0.0000
713 -1.3628
714 16.0347
715 10.1516
716 0.0000
717 9.0026
718 0.8493
719 5.9018
720 1.4235
721 0.0837
722 1.6109
723 1.1229
724 5.5278
725 0.0000
726 0.2920
727 1.6950
728 1.1221
729 7.0241
730 3.0529
731 6.4705
732 0.0000
733 1.3490
734 0.0153
735 5.1709
736 0.0000
737 4.9192
738 1.7264
739 0.8897
740 -1.1886
741 9.9024
742 5.0710
743 4.3659
744 1.3493
745 0.0000
746 6.2370
747 5.3017
748 3.6193
749 5.8639
750 3.4165
751 6.5475
752 0.0000
753 -2.8653
754 3.6857
755 1.3574
756 3.4974
757 6.5312
758 -1.0051
759 1.7981
760 10.5502
761 5.6279
762 -3.0619
763 0.5978
764 6.3140
765 7.6709
766 -1.0821
767 0.0000
768 1.1314
769 -2.4600
770 6.9885
771 6.6188
772 -1.7807
773 3.1101
774 1.4544
775 2.4028
776 0.0000
777 4.2050
778 4.8112
779 3.7077
780 11.4958
781 3.1166
782 6.3980
783 0.0000
784 0.1067
785 9.8202
786 -1.4608
787 0.0000
788 6.9006
789 3.5867
790 -2.0124
791 7.7098
792 -4.1374
793 0.8583
794 3.4117
795 7.7540
796 0.0000
797 -3.2268
798 5.5972
799 8.6370
800 -0.2697
801 6.8594
802 9.6703
803 0.0000
804 5.3924
805 0.8250
806 6.9431
807 0.0000
808 3.4817
809 -0.2895
810 1.0341
811 -1.7213
812 3.4395
813 3.7152
814 -1.0005
815 3.3334
816 0.0000
817 13.4697
818 5.3745
819 6.4050
820 -0.8886
821 11.3495
822 2.3807
823 0.0000
824 5.5949
825 -0.2945
826 -0.0909
827 0.0000
828 -0.8971
829 0.8250
830 4.1226
831 3.4707
832 -4.4854
833 -1.9765
834 0.8062
835 1.3688
836 0.0000
837 8.3268
838 5.1835
839 7.6082
840 -2.0753
841 1.1847
842 15.2211
843 0.0000
844 1.2868
845 4.4561
846 -2.2756
847 6.3443
848 10.3487
849 8.4582
850 2.1909
851 3.9854
852 8.8931
853 -1.0888
854 3.4544
855 1.0463
856 7.5347
857 12.9945
858 0.0000
859 3.0320
860 -4.5052
861 3.2845
862 -2.8321
863 -2.7833
864 10.0704
865 5.3277
866 6.1705
867 0.0000
868 4.0693
869 9.4949
870 11.4166
871 10.9826
872 -0.5572
873 5.9754
874 0.0000
875 2.5706
876 3.3772
877 -0.7657
878 0.0000
879 8.4423
880 5.1757
881 13.0344
882 7.3024
883 0.2150
884 -4.0803
885 -2.1297
886 12.8011
887 0.0000
888 0.8208
889 2.8740
890 2.8876
891 3.7788
892 4.2382
893 6.5214
894 0.0000
895 -3.6004
896 2.9453
897 0.7512
898 0.0000
899 -0.0629
900 -0.7693
901 7.3448
902 -0.2783
903 3.8086
904 10.7960
905 5.4953
906 3.7706
907 0.0000
908 5.0258
909 3.3188
910 9.9399
911 7.8013
912 4.7738
913 -1.4883
914 0.0000
915 -1.4458
916 7.5365
917 0.0849
918 0.0000
919 7.6158
920 -6.8078
921 -3.2012
922 0.9311
923 -6.4510
924 -6.1939
925 -3.3191
926 -2.3153
927 0.0000
928 1.8256
929 1.5162
930 9.5940
931 8.0363
932 5.8459
933 8.7321
934 0.0000
935 -5.0002
936 1.5627
937 8.2215
938 2.5716
939 1.9764
940 4.5506
941 8.4768
942 -9.2009
943 -6.8793
944 1.9557
945 8.5429
946 -1.1712
947 10.3964
948 -0.0337
949 0.0000
950 5.8414
951 5.5827
952 -0.2709
953 2.4305
954 -1.5465
955 -0.5015
956 3.5426
957 7.4466
958 0.0000
959 3.2674
960 1.6410
961 10.2384
962 9.6781
963 6.0632
964 4.8727
965 0.0000
966 2.1155
967 8.5088
968 7.5383
969 0.0000
970 0.3142
971 -2.4459
972 3.7574
973 3.1023
974 -3.0849
975 -2.5523
976 0.1355
977 7.6834
978 0.0000
979 -4.9243
980 7.2644
981 14.6560
982 8.6069
983 1.9636
984 1.6422
985 0.0000
986 -6.8630
987 12.0950
988 11.2798
989 0.0000
990 -1.2302
991 5.9155
992 9.5174
993 -1.4411
994 -1.1293
995 0.8452
996 -2.1490
997 -1.1309
998 0.0000
999 2.1879
1000 4.0178
1001 -0.3845
1002 2.3604
1003 6.2024
1004 -5.0216
1005 0.0000
1006 7.4498
1007 -1.7676
1008 11.7306
1009 0.0000
1010 -2.4692
1011 1.2828
1012 7.9763
1013 3.8960
1014 -4.1114
1015 -4.1026
1016 -3.5419
1017 10.1934
1018 0.0000
1019 3.1823
1020 -5.1061
1021 -3.8906
1022 9.1429
1023 2.0461
1024 3.8806
1025 0.0000
1026 4.0867
1027 0.0000
1028 2.8984
1029 0.0000
1030 5.7327
1031 -0.2123
1032 0.5685
1033 2.9848
1034 -0.2235
1035 5.5998
1036 3.8337
1037 -0.6671
1038 0.0000
1039 8.1957
1040 0.1189
1041 2.3659
1042 1.2268
1043 7.4737
1044 0.3605
1045 0.0000
1046 6.7492
1047 3.3870
1048 5.2421
1049 4.9059
1050 7.7835
1051 2.3431
1052 0.0000
1053 3.3294
1054 3.0139
1055 0.9318
1056 3.8994
1057 1.3293
1058 -3.6266
1059 0.0000
1060 -0.0454
1061 -2.1811
1062 8.6897
1063 7.7704
1064 -0.6610
1065 5.6148
1066 0.0000
1067 5.3397
1068 7.7431
1069 -3.0197
1070 4.8784
1071 5.3558
1072 9.5924
1073 0.0000
1074 -1.9663
1075 -0.6227
1076 0.2280
1077 3.2917
1078 6.6700
1079 3.0136
1080 0.0000
1081 -0.5596
1082 7.5245
1083 -2.1485
1084 7.4959
1085 -0.3975
1086 6.2354
1087 0.0000
1088 0.8949
1089 -3.4318
1090 7.2715
1091 1.6414
1092 0.6673
1093 3.9189
1094 0.0000
1095 3.3971
1096 -2.8993
1097 11.4556
1098 10.3034
1099 -2.6140
1100 3.0943
1101 0.0000
1102 -6.7534
1103 8.1450
1104 2.0625
1105 4.0425
1106 1.7421
1107 12.4376
1108 0.0000
1109 6.7499
1110 13.4039
1111 6.7686
1112 2.4401
1113 5.5690
1114 1.6552
1115 0.0000
1116 4.4097
1117 7.9673
1118 -1.2181
1119 3.4383
1120 7.8305
1121 4.1865
1122 0.0000
1123 -2.2268
1124 12.6820
1125 2.8302
1126 4.4666
1127 2.2895
1128 3.7783
1129 0.0000
1130 -3.6051
1131 4.5855
1132 1.6853
1133 6.1525
1134 4.8038
1135 5.2374
1136 0.0000
1137 -0.2590
1138 -2.5058
1139 1.6040
1140 7.6415
1141 5.4674
1142 -7.3988
1143 0.0000
1144 4.6589
1145 0.0000
1146 3.4138
1147 0.0000
1148 3.9353
1149 0.0000
1150 1.2975
1151 6.0770
1152 0.0000
1153 8.3871
1154 5.7441
1155 -0.0819
1156 6.8281
1157 0.0000
1158 3.2230
1159 2.1709
1160 8.9039
1161 0.0000
1162 5.7849
1163 3.8223
1164 2.1927
1165 0.0000
1166 11.2694
1167 11.5674
1168 -2.5223
1169 -3.4778
1170 2.3077
1171 9.4497
1172 6.7833
1173 3.7500
1174 3.2117
1175 0.0000
1176 2.4132
1177 11.5965
1178 2.0807
1179 0.4914
1180 0.7077
1181 1.2609
1182 0.0000
1183 0.3062
1184 0.2418
1185 5.9489
1186 12.8611
1187 3.7099
1188 1.2638
1189 0.0000
1190 -0.6103
1191 0.8771
1192 2.9192
1193 11.3378
1194 -4.6238
1195 -3.9455
1196 0.0000
1197 -1.8901
1198 4.5950
1199 0.3712
1200 -1.5313
1201 1.6529
1202 2.4258
1203 0.0000
1204 1.3904
1205 1.5783
1206 10.1572
1207 -2.5126
1208 3.7848
1209 0.6047
1210 0.0000
1211 -0.1444
1212 10.0130
1213 -4.0163
1214 3.3341
1215 6.0613
1216 -7.9954
1217 0.0000
1218 3.6524
1219 -3.7240
1220 7.9020
1221 10.4223
1222 0.4884
1223 0.3928
1224 0.0000
1225 0.1354
1226 7.6063
1227 3.5292
1228 9.5243
1229 -0.2570
1230 3.7363
1231 0.0000
1232 3.2971
1233 10.5551
1234 4.9784
1235 5.9347
1236 0.1839
1237 9.7729
1238 0.0000
1239 -3.0770
1240 -6.2100
1241 7.4476
1242 0.6925
1243 11.8927
1244 5.1254
1245 0.0000
1246 -2.6260
1247 6.8873
1248 6.2968
1249 10.7917
1250 1.9315
1251 3.4034
1252 0.0000
1253 -1.3004
1254 1.2890
1255 0.0000
1256 4.0844
1257 0.5389
1258 -1.4528
1259 -1.1865
1260 5.9677
1261 1.5340
1262 1.9317
1263 8.3834
1264 0.0000
1265 5.1320
1266 -7.3876
1267 0.0000
1268 -0.5079
1269 0.0000
1270 6.0007
1271 0.0000
1272 6.3862
1273 -2.5818
1274 0.0000
1275 -3.6205
1276 8.3480
1277 0.0000
1278 0.7203
1279 -6.2467
1280 0.3207
1281 0.0000
1282 2.5360
1283 -4.4489
1284 0.0000
1285 9.0071
1286 1.5636
1287 9.2810
1288 0.0000
1289 5.8244
1290 10.5185
1291 0.0000
1292 8.1474
1293 -0.7417
1294 0.7895
1295 0.0000
1296 4.3568
1297 -0.4449
1298 0.0000
1299 4.1111
1300 0.4182
1301 2.4700
1302 0.0000
1303 0.9545
1304 4.5636
1305 0.0000
1306 6.2639
1307 2.4402
1308 5.8218
1309 0.0000
1310 0.4705
1311 2.0845
1312 0.0000
1313 3.5961
1314 12.8680
1315 3.4075
1316 0.0000
1317 -1.6394
1318 5.8047
1319 0.0000
1320 3.2703
1321 4.9643
1322 20.3435
1323 0.0000
1324 2.0070
1325 2.6402
1326 0.0000
1327 3.9396
1328 9.9057
1329 4.8947
1330 0.0000
1331 0.0849
1332 3.5350
1333 0.0000
1334 8.3177
1335 3.1878
1336 3.9163
1337 0.0000
1338 -0.7842
1339 3.8890
1340 0.0000
1341 4.2830
1342 4.7214
1343 6.2614
1344 0.0000
1345 -2.0258
1346 2.7755
1347 0.0000
1348 3.7165
1349 10.2211
1350 8.0597
1351 0.0000
1352 6.0645
1353 5.0670
1354 0.0000
1355 9.9499
1356 1.3459
1357 2.5212
1358 0.0000
1359 1.0221
1360 3.3184
1361 0.0000
1362 0.1951
1363 5.9799
1364 10.9528
1365 0.0000
1366 1.5676
1367 6.8121
1368 0.0000
1369 2.7923
1370 3.4358
1371 6.5961
1372 0.0000
1373 -1.0754
1374 0.7383
1375 0.0000
1376 6.6899
1377 3.4514
1378 5.9754
1379 0.0000
1380 -2.8355
1381 7.2480
1382 0.0000
1383 4.8909
1384 2.1205
1385 -4.7188
1386 0.0000
1387 -1.5887
1388 0.0000
1389 1.0507
1390 0.0000
1391 -2.8707
1392 -6.6969
1393 0.0000
1394 0.7553
1395 0.0000
1396 12.0833
1397 0.0000
1398 -0.0716
1399 -4.1289
1400 -0.8459
1401 0.0000
1402 -5.0324
1403 0.4146
1404 4.6619
1405 0.0000
1406 1.2594
1407 8.6717
1408 -3.8878
1409 0.0000
1410 1.0844
1411 0.0000
1412 2.7742
1413 0.0000
1414 -3.1904
1415 -3.6900
1416 0.0000
1417 -2.8702
1418 0.0000
1419 2.9895
1420 -4.7039
1421 6.7256
1422 -1.5640
1423 -4.9102
1424 4.6709
1425 0.5355
1426 -0.6755
1427 -0.1968
1428 -0.1498
1429 -3.5355
1430 -0.6649
1431 3.9683
1432 2.6136
1433 -1.3296
1434 8.6739
1435 0.0000
1436 1.3622
1437 -2.2185
1438 7.7908
1439 -0.5335
1440 -1.3102
1441 14.7345
1442 5.4467
1443 8.3969
1444 0.0000
1445 10.3608
1446 0.9867
1447 6.5743
1448 8.0847
1449 3.0585
1450 8.0419
1451 0.0000
1452 2.3699
1453 3.8819
1454 -3.1868
1455 0.0000
1456 3.9547
1457 3.4950
1458 1.9580
1459 -2.5987
1460 1.2969
1461 -0.3268
1462 -0.2608
1463 -1.5588
1464 0.0000
1465 4.5802
1466 11.3027
1467 7.9167
1468 5.1272
1469 -0.4725
1470 5.4135
1471 0.0000
1472 2.2718
1473 -1.6023
1474 3.4143
1475 0.0000
1476 3.5791
1477 1.0648
1478 5.5697
1479 10.4394
1480 2.2734
1481 -0.9159
1482 -7.6779
1483 7.8230
1484 0.0000
1485 0.9754
1486 1.3725
1487 0.0280
1488 2.0702
1489 0.3933
1490 0.0189
1491 0.0000
1492 3.8933
1493 1.2152
1494 7.6436
1495 0.0000
1496 4.3212
1497 -3.3415
1498 0.6371
1499 10.1243
1500 6.6370
1501 10.6330
1502 9.3856
1503 -0.0811
1504 0.0000
1505 8.9067
1506 8.6198
1507 9.4246
1508 11.4903
1509 5.2285
1510 3.1832
1511 0.0000
1512 0.8674
1513 14.5989
1514 7.4783
1515 2.4333
1516 0.3585
1517 -2.3716
1518 9.7378
1519 3.1626
1520 2.5559
1521 2.4772
1522 13.5932
1523 -0.8735
1524 -0.4776
1525 1.3457
1526 0.0000
1527 7.3278
1528 1.0421
1529 -1.9438
1530 3.4180
1531 -2.7280
1532 2.2299
1533 -3.4486
1534 12.4253
1535 0.0000
1536 1.8795
1537 -7.7006
1538 5.5127
1539 0.4761
1540 -0.5917
1541 -0.1189
1542 0.0000
1543 9.9980
1544 4.1808
1545 6.4657
1546 0.0000
1547 -2.2630
1548 2.4826
1549 6.5021
1550 6.0943
1551 0.6988
1552 14.6892
1553 5.2132
1554 6.6650
1555 0.0000
1556 3.2309
1557 2.7090
1558 2.4263
1559 4.5267
1560 2.6031
1561 1.3605
1562 0.0000
1563 5.0942
1564 4.6804
1565 2.8395
1566 0.0000
1567 9.0880
1568 -2.7771
1569 3.5820
1570 0.4905
1571 0.6506
1572 7.3444
1573 4.3779
1574 0.2366
1575 0.0000
1576 -2.3110
1577 4.0045
1578 6.8050
1579 -3.5958
1580 12.9545
1581 0.3504
1582 0.0000
1583 -6.9333
1584 2.0589
1585 4.6246
1586 0.0000
1587 9.0155
1588 -1.1298
1589 -1.7554
1590 1.3894
1591 -6.4886
1592 8.3845
1593 9.4519
1594 7.1448
1595 0.0000
1596 0.3762
1597 3.5166
1598 8.8259
1599 9.0233
1600 2.7514
1601 0.4463
1602 0.0000
1603 3.0352
1604 8.8578
1605 5.3828
1606 9.7474
1607 3.9136
1608 8.4322
1609 -0.2269
1610 3.7236
1611 5.1386
1612 6.7132
1613 0.7812
1614 -4.1226
1615 1.4153
1616 11.2487
1617 0.0000
1618 6.0120
1619 -4.4551
1620 -2.9670
1621 -0.1160
1622 5.4931
1623 9.8738
1624 6.5141
1625 -0.0117
1626 0.0000
1627 0.6790
1628 0.7136
1629 -1.6667
1630 5.0965
1631 1.1461
1632 5.7103
1633 0.0000
1634 0.9598
1635 10.9475
1636 7.5432
1637 0.0000
1638 8.3317
1639 -3.0832
1640 14.4094
1641 4.1083
1642 0.3622
1643 5.0745
1644 -2.3269
1645 8.0581
1646 0.0000
1647 1.6351
1648 8.4313
1649 2.5088
1650 6.3399
1651 4.4260
1652 11.4760
1653 0.0000
1654 2.8553
1655 6.4957
1656 9.6039
1657 0.0000
1658 -0.2178
1659 8.1829
1660 8.5988
1661 -0.0085
1662 2.2558
1663 6.4212
1664 7.1375
1665 3.0421
1666 0.0000
1667 7.0424
1668 2.1019
1669 8.3600
1670 6.4596
1671 0.3422
1672 4.9595
1673 0.0000
1674 -1.4149
1675 7.6538
1676 3.1583
1677 0.0000
1678 8.4003
1679 0.6554
1680 1.5598
1681 7.8482
1682 1.2338
1683 1.1360
1684 0.7885
1685 1.8520
1686 0.0000
1687 3.1878
1688 10.4161
1689 3.7987
1690 3.3684
1691 3.9204
1692 0.3537
1693 0.0000
1694 1.4852
1695 10.7031
1696 6.0384
1697 3.0720
1698 2.1605
1699 -4.2758
1700 7.9126
1701 2.2907
1702 5.1815
1703 5.2985
1704 2.6171
1705 1.0384
1706 -0.0152
1707 4.9762
1708 0.0000
1709 4.0692
1710 -2.1552
1711 10.7766
1712 4.7593
1713 0.7326
1714 6.1776
1715 2.9071
1716 5.0144
1717 0.0000
1718 6.8591
1719 -0.7645
1720 5.1041
1721 0.3401
1722 19.3567
1723 1.8071
1724 0.0000
1725 4.0836
1726 4.4656
1727 8.3634
1728 0.0000
1729 10.5199
1730 7.0955
1731 4.4341
1732 3.0386
1733 3.5672
1734 15.4403
1735 3.8563
1736 8.2571
1737 0.0000
1738 7.2142
1739 1.6778
1740 9.4677
1741 1.6111
1742 7.9980
1743 6.4278
1744 0.0000
1745 3.3466
1746 2.1777
1747 -3.1986
1748 0.0000
1749 -1.7888
1750 5.5878
1751 3.9578
1752 -3.4513
1753 -1.0536
1754 -2.2230
1755 0.5496
1756 -3.8554
1757 0.0000
1758 8.7163
1759 -0.9851
1760 10.0404
1761 5.8544
1762 13.6685
1763 -6.5948
1764 0.0000
1765 7.0761
1766 7.6437
1767 6.2783
1768 0.0000
1769 6.6693
1770 -7.0358
1771 11.3495
1772 5.5488
1773 -4.8072
1774 4.2934
1775 6.4586
1776 1.7505
1777 0.0000
1778 6.4531
1779 2.3671
1780 8.7940
1781 9.8418
1782 2.1829
1783 3.7498
1784 0.0000
1785 1.7288
1786 0.0000
1787 6.6633
1788 0.0000
1789 -1.3085
1790 -0.6079
1791 0.0784
1792 7.5731
1793 9.3157
1794 6.5950
1795 3.7520
1796 7.6263
1797 0.0000
1798 0.7850
1799 -0.7024
1800 4.9535
1801 3.5240
1802 3.6456
1803 -5.7140
1804 0.0000
1805 -6.4786
1806 1.8684
1807 0.7750
1808 2.5910
1809 8.8790
1810 -3.0565
1811 0.0000
1812 5.2270
1813 -6.3853
1814 12.6468
1815 1.8284
1816 5.6464
1817 1.0518
1818 0.0000
1819 -1.2853
1820 5.5191
1821 7.7276
1822 7.2675
1823 1.4213
1824 9.1396
1825 0.0000
1826 2.9480
1827 5.2368
1828 6.7772
1829 2.8096
1830 4.6624
1831 13.3205
1832 0.0000
1833 2.9353
1834 3.2364
1835 5.8786
1836 11.8527
1837 8.1704
1838 2.2651
1839 0.0000
1840 -1.0178
1841 9.7708
1842 -4.6958
1843 5.2982
1844 3.2131
1845 0.8481
1846 0.0000
1847 -5.1173
1848 5.9788
1849 3.4286
1850 2.0584
1851 2.3281
1852 -2.6366
1853 0.0000
1854 -1.3236
1855 5.6500
1856 -0.2962
1857 5.3529
1858 -2.0100
1859 3.4287
1860 0.0000
1861 1.0624
1862 2.2677
1863 1.1851
1864 2.3426
1865 9.1818
1866 5.4952
1867 0.0000
1868 -1.1309
1869 -3.6836
1870 1.3625
1871 2.0638
1872 -0.8925
1873 1.1158
1874 0.0000
1875 3.1315
1876 3.4808
1877 -0.1319
1878 -1.2930
1879 5.7834
1880 -1.8394
1881 0.0000
1882 -4.6526
1883 -5.0495
1884 9.4499
1885 8.5454
1886 7.4268
1887 6.4403
1888 0.0000
1889 5.5090
1890 2.3394
1891 5.9846
1892 5.8578
1893 9.9267
1894 7.7429
1895 0.0000
1896 1.6575
1897 7.8294
1898 -2.1723
1899 0.2895
1900 -4.8009
1901 -1.2285
1902 0.0000
1903 6.9890
1904 0.0000
1905 -2.1425
1906 0.0000
1907 -2.0455
1908 0.0000
1909 2.2001
1910 9.0073
1911 0.0000
1912 8.6501
1913 8.7287
1914 6.6496
1915 5.8174
1916 0.0000
1917 2.3995
1918 -7.3471
1919 -0.3908
1920 0.0000
1921 2.9980
1922 5.0794
1923 8.6414
1924 0.0000
1925 -0.5628
1926 9.4149
1927 1.7564
1928 2.3367
1929 5.7903
1930 -1.0465
1931 7.1493
1932 0.1675
1933 0.0594
1934 0.0000
1935 -3.8968
1936 -0.8179
1937 1.9307
1938 2.3425
1939 5.8702
1940 4.2121
1941 0.0000
1942 0.7732
1943 -4.3858
1944 6.3889
1945 12.5004
1946 5.8814
1947 5.6021
1948 0.0000
1949 -3.0332
1950 6.4107
1951 4.7630
1952 6.2795
1953 2.7701
1954 6.9150
1955 0.0000
1956 0.4962
1957 5.5346
1958 4.8216
1959 2.5514
1960 8.9243
1961 0.7167
1962 0.0000
1963 0.7421
1964 6.6028
1965 1.4016
1966 4.0337
1967 13.0475
1968 5.0231
1969 0.0000
1970 0.8711
1971 4.5783
1972 15.5781
1973 12.8446
1974 -1.2525
1975 7.6203
1976 0.0000
1977 2.6290
1978 7.7529
1979 7.6689
1980 10.5452
1981 3.7900
1982 -6.3099
1983 0.0000
1984 -10.7737
1985 -1.6455
1986 3.6192
1987 2.3323
1988 0.7645
1989 1.6883
1990 0.0000
1991 -1.4061
1992 -0.0173
1993 -0.1007
1994 10.4622
1995 -2.2950
1996 -3.1240
1997 0.0000
1998 1.1221
1999 8.7766
2000 5.9451
2001 -0.8737
2002 5.2219
2003 -1.2052
2004 0.0000
2005 2.9765
2006 0.5440
2007 7.4321
2008 8.5666
2009 12.2472
2010 3.0454
2011 0.0000
2012 -0.8788
2013 -2.6755
2014 0.0000
2015 2.6285
2016 1.5096
2017 -2.1925
2018 2.0203
2019 1.4511
2020 0.2896
2021 2.2825
2022 -0.8505
2023 0.0000
2024 5.3120
2025 -3.8215
2026 0.0000
2027 3.6739
2028 0.0000
2029 6.3047
2030 0.0000
2031 -0.0468
2032 -5.5282
2033 0.0000
2034 5.3643
2035 2.0493
2036 0.0000
2037 4.3576
2038 0.7062
2039 0.5471
2040 0.0000
2041 2.3209
2042 4.9380
2043 0.0000
2044 9.4905
2045 12.7638
2046 13.6276
2047 0.0000
2048 -2.2284
2049 5.4793
2050 0.0000
2051 5.6838
2052 9.3760
2053 5.4265
2054 0.0000
2055 5.5301
2056 6.5850
2057 0.0000
2058 5.0592
2059 -4.7628
2060 7.4722
2061 0.0000
2062 8.7364
2063 2.0688
2064 0.0000
2065 7.9110
2066 6.1643
2067 6.9250
2068 0.0000
2069 0.4415
2070 9.1394
2071 0.0000
2072 -2.8486
2073 14.0693
2074 -0.4824
2075 0.0000
2076 3.9788
2077 6.7362
2078 0.0000
2079 3.6968
2080 2.1825
2081 7.3678
2082 0.0000
2083 3.6405
2084 7.0884
2085 0.0000
2086 1.9289
2087 8.1076
2088 2.6942
2089 0.0000
2090 -2.2988
2091 1.5327
2092 0.0000
2093 -0.8237
2094 6.5024
2095 6.8842
2096 0.0000
2097 4.5585
2098 -1.6537
2099 0.0000
2100 3.0032
2101 8.1242
2102 3.3061
2103 0.0000
2104 1.0248
2105 12.3465
2106 0.0000
2107 -3.8215
2108 3.4167
2109 5.0954
2110 0.0000
2111 2.4285
2112 6.9249
2113 0.0000
2114 7.6562
2115 7.8637
2116 5.8168
2117 0.0000
2118 6.2942
2119 4.9668
2120 0.0000
2121 6.6488
2122 5.0778
2123 -0.7594
2124 0.0000
2125 1.2522
2126 15.6924
2127 0.0000
2128 6.9481
2129 2.9596
2130 7.7795
2131 0.0000
2132 -0.4154
2133 -6.4448
2134 0.0000
2135 -1.4567
2136 2.5675
2137 12.8562
2138 0.0000
2139 -11.2285
2140 0.4600
2141 0.0000
2142 1.3337
2143 -0.3157
2144 -0.1843
2145 0.0000
2146 -3.5946
2147 0.0000
2148 -0.7895
2149 0.0000
2150 3.7652
2151 3.7759
2152 0.0000
2153 10.9891
2154 0.0000
2155 0.6953
2156 0.0000
2157 4.1099
2158 14.4197
2159 10.3814
2160 0.0000
2161 6.2850
2162 4.5637
2163 7.0068
2164 0.0000
2165 5.5817
2166 8.0054
2167 8.7342
2168 0.0000
2169 8.8139
2170 0.0000
2171 9.4654
2172 0.0000
2173 5.6588
2174 4.0945
2175 0.0000
2176 0.8481
2177 0.0000
2178 4.3944
2179 6.9003
2180 3.3261
2181 6.8997
2182 2.5947
2183 4.6272
2184 -0.5795
2185 -4.4274
2186 7.5126
2187 0.0672
2188 -7.6949
2189 -2.3682
2190 5.0093
2191 -3.3271
2192 7.9970
2193 -1.9241
2194 0.0000
2195 0.1770
2196 -4.8598
2197 7.3326
2198 -6.9702
2199 -5.6080
2200 2.7438
2201 -4.8487
2202 5.1701
2203 0.0000
2204 11.6659
2205 3.6757
2206 -6.5886
2207 0.3146
2208 -0.2589
2209 3.6384
2210 0.0000
2211 4.4433
2212 2.9741
2213 8.3361
2214 0.0000
2215 4.4570
2216 3.8112
2217 0.9426
2218 7.2695
2219 -1.7028
2220 16.3710
2221 -1.8349
2222 9.4170
2223 0.0000
2224 9.2787
2225 2.4501
2226 7.2046
2227 8.5435
2228 2.5433
2229 1.3652
2230 0.0000
2231 2.4045
2232 12.2875
2233 -5.4005
2234 0.0000
2235 9.7844
2236 0.9894
2237 10.2817
2238 2.1893
2239 -7.3719
2240 -2.1243
2241 -2.0692
2242 4.4246
2243 0.0000
2244 6.8427
2245 4.3696
2246 -1.1235
2247 -3.6795
2248 14.0101
2249 4.4802
2250 0.0000
2251 -4.0536
2252 2.2296
2253 3.6161
2254 0.0000
2255 1.2591
2256 1.6411
2257 12.3658
2258 3.9734
2259 3.9183
2260 2.3488
2261 1.8405
2262 -2.8648
2263 0.0000
2264 3.4196
2265 -0.7926
2266 2.5712
2267 -0.6241
2268 -1.7952
2269 1.5196
2270 0.0000
2271 0.4329
2272 1.0299
2273 2.6191
2274 14.7651
2275 0.4824
2276 -1.4596
2277 4.2622
2278 1.0280
2279 3.6082
2280 9.5067
2281 5.4104
2282 -2.4813
2283 6.8123
2284 4.1739
2285 0.0000
2286 1.3898
2287 -2.9077
2288 7.4570
2289 4.8541
2290 1.0695
2291 -0.7834
2292 -2.2566
2293 4.2471
2294 0.0000
2295 4.2878
2296 2.0204
2297 -3.8964
2298 7.2009
2299 2.6211
2300 9.0878
2301 0.0000
2302 2.8520
2303 5.8902
2304 5.6913
2305 0.0000
2306 0.6151
2307 -1.4533
2308 7.1817
2309 1.3965
2310 1.7037
2311 11.3899
2312 9.7049
2313 9.9754
2314 0.0000
2315 5.9503
2316 2.9174
2317 5.4827
2318 6.5345
2319 -1.1536
2320 3.2328
2321 0.0000
2322 11.0371
2323 5.3803
2324 5.3208
2325 0.0000
2326 5.8422
2327 -1.9221
2328 6.7765
2329 0.3451
2330 -0.7312
2331 10.1408
2332 9.2207
2333 8.7673
2334 0.0000
2335 11.7668
2336 4.0638
2337 3.0564
2338 -2.4141
2339 6.3779
2340 11.9810
2341 0.0000
2342 -6.6809
2343 8.0028
2344 2.1159
2345 0.0000
2346 -0.1682
2347 -0.6115
2348 1.1365
2349 5.0175
2350 3.4665
2351 5.7358
2352 5.0738
2353 -2.8212
2354 0.0000
2355 4.1831
2356 6.6820
2357 5.3364
2358 3.5046
2359 0.9464
2360 8.7208
2361 0.0000
2362 -3.6679
2363 11.4209
2364 1.8025
2365 6.5715
2366 1.0687
2367 7.4907
2368 -1.4966
2369 8.7623
2370 4.9308
2371 -0.1428
2372 2.4505
2373 -2.3787
2374 1.2486
2375 1.6977
2376 0.0000
2377 -3.7205
2378 -0.8215
2379 4.6374
2380 1.1095
2381 4.7934
2382 9.3021
2383 2.9643
2384 4.1996
2385 0.0000
2386 9.6311
2387 2.6870
2388 -0.6302
2389 6.9616
2390 0.7469
2391 -0.2139
2392 0.0000
2393 -3.1999
2394 7.2820
2395 0.3304
2396 0.0000
2397 0.4716
2398 -2.5750
2399 3.8221
2400 0.7433
2401 4.4778
2402 7.8770
2403 9.8897
2404 2.0970
2405 0.0000
2406 1.9984
2407 0.7846
2408 7.6204
2409 0.4241
2410 -0.5063
2411 7.8292
2412 0.0000
2413 -3.1643
2414 7.2532
2415 2.8899
2416 0.0000
2417 12.0495
2418 2.6372
2419 -0.7247
2420 0.8138
2421 -5.4725
2422 -1.2648
2423 -1.6015
2424 -4.9954
2425 0.0000
2426 -0.4105
2427 2.8820
2428 11.4907
2429 5.6055
2430 -1.6302
2431 -1.4362
2432 0.0000
2433 2.9928
2434 1.6622
2435 2.5921
2436 0.0000
2437 2.4409
2438 2.5819
2439 6.0030
2440 1.9966
2441 4.3459
2442 5.6503
2443 1.7068
2444 0.7803
2445 0.0000
2446 1.7024
2447 1.3514
2448 11.0965
2449 10.2296
2450 7.5479
2451 3.7906
2452 0.0000
2453 2.7713
2454 1.1371
2455 2.5746
2456 10.1383
2457 9.4633
2458 5.9133
2459 9.9974
2460 8.6674
2461 3.6870
2462 9.9918
2463 6.1648
2464 -1.5062
2465 5.0045
2466 13.7870
2467 0.0000
2468 -0.9411
2469 -1.6472
2470 8.8504
2471 2.9195
2472 8.5020
2473 9.7157
2474 4.9109
2475 9.5246
2476 0.0000
2477 1.6316
2478 2.3322
2479 -0.1116
2480 2.2509
2481 2.8170
2482 6.5038
2483 0.0000
2484 -1.3618
2485 9.8841
2486 3.1095
2487 0.0000
2488 -2.4425
2489 2.2974
2490 -5.6928
2491 -2.0424
2492 -0.8599
2493 -3.9301
2494 2.8202
2495 2.0956
2496 0.0000
2497 8.2608
2498 5.8827
2499 6.8594
2500 4.9828
2501 3.9617
2502 1.1103
2503 0.0000
2504 -1.2567
2505 3.9608
2506 8.9849
2507 0.0000
2508 7.9100
2509 -0.8557
2510 13.8902
2511 3.8671
2512 -2.7732
2513 4.1241
2514 4.4407
2515 2.7756
2516 0.0000
2517 4.2401
2518 7.0290
2519 2.4356
2520 6.7347
2521 12.3330
2522 2.7085
2523 0.0000
2524 3.1156
2525 3.8128
2526 6.2981
2527 0.0000
2528 0.8385
2529 -1.6662
2530 4.2495
2531 7.8618
2532 0.2656
2533 9.4522
2534 1.4675
2535 -2.8499
2536 0.0000
2537 10.3543
2538 -0.9972
2539 8.3228
2540 4.3956
2541 -0.8149
2542 0.5486
2543 0.0000
2544 0.6158
2545 0.0000
2546 -0.6473
2547 0.0000
2548 9.7021
2549 3.0891
2550 -0.9495
2551 1.3270
2552 4.7820
2553 3.9443
2554 4.4113
2555 -0.6421
2556 0.0000
2557 10.3361
2558 3.5769
2559 2.7211
2560 9.1748
2561 -1.9668
2562 0.3701
2563 0.0000
2564 1.3262
2565 0.1273
2566 4.5327
2567 1.4009
2568 2.0321
2569 -1.5621
2570 0.0000
2571 1.1710
2572 -1.0536
2573 2.2936
2574 2.3993
2575 0.7609
2576 -6.6745
2577 0.0000
2578 -0.7262
2579 4.5721
2580 -1.4537
2581 5.8361
2582 7.0324
2583 7.2638
2584 0.0000
2585 2.8191
2586 9.7644
2587 9.7462
2588 4.2936
2589 0.7105
2590 1.0568
2591 0.0000
2592 -1.7125
2593 1.4625
2594 -1.9314
2595 10.8888
2596 12.1243
2597 7.3052
2598 0.0000
2599 6.4232
2600 5.3874
2601 5.1172
2602 2.5565
2603 -2.4565
2604 7.3003
2605 0.0000
2606 0.1401
2607 -0.1286
2608 -1.1834
2609 4.4876
2610 -0.3252
2611 -0.0747
2612 0.0000
2613 0.0150
2614 5.9398
2615 8.0082
2616 6.9225
2617 1.7869
2618 2.1599
2619 0.0000
2620 2.4624
2621 4.6513
2622 3.0875
2623 -0.1796
2624 5.0547
2625 7.8529
2626 0.0000
2627 2.8272
2628 0.5174
2629 2.7366
2630 0.0047
2631 -1.9775
2632 2.3574
2633 0.0000
2634 -6.8814
2635 3.4764
2636 7.2168
2637 11.0015
2638 -0.6238
2639 3.7343
2640 0.0000
2641 1.5845
2642 6.5370
2643 3.6271
2644 0.5128
2645 6.7908
2646 5.6363
2647 0.0000
2648 -3.4955
2649 1.4161
2650 2.7308
2651 -3.3576
2652 2.4456
2653 -1.1727
2654 0.0000
2655 -3.0332
2656 7.4444
2657 3.4126
2658 5.2887
2659 1.9259
2660 -4.5373
2661 0.0000
2662 -1.5194
2663 0.0000
2664 -0.4336
2665 0.0000
2666 9.2669
2667 0.0000
2668 4.3622
2669 5.6000
2670 0.0000
2671 9.1417
2672 -3.0450
2673 5.7682
2674 5.3829
2675 0.0000
2676 0.7828
2677 -1.5801
2678 10.8998
2679 0.0000
2680 0.8641
2681 0.0739
2682 8.1345
2683 0.0000
2684 0.6518
2685 1.1529
2686 -2.9745
2687 1.3685
2688 12.1070
2689 2.0092
2690 5.6747
2691 4.1757
2692 6.2882
2693 0.0000
2694 3.1064
2695 2.4363
2696 6.9742
2697 5.5431
2698 5.2134
2699 2.5620
2700 0.0000
2701 -0.1869
2702 4.3778
2703 1.5653
2704 2.2077
2705 -4.4956
2706 4.1553
2707 0.0000
2708 7.8879
2709 -1.8156
2710 7.9631
2711 12.4745
2712 -2.7960
2713 -1.1109
2714 0.0000
2715 5.2101
2716 9.0889
2717 3.1546
2718 -0.3920
2719 4.3675
2720 -1.2741
2721 0.0000
2722 6.0686
2723 4.4040
2724 6.2646
2725 14.1906
2726 -0.2715
2727 4.0611
2728 0.0000
2729 3.3953
2730 5.3866
2731 -3.2067
2732 3.4385
2733 3.9862
2734 -3.8540
2735 0.0000
2736 -2.7524
2737 11.7422
2738 3.1784
2739 1.2822
2740 -0.0606
2741 0.4031
2742 0.0000
2743 -0.4312
2744 7.4989
2745 1.1898
2746 10.0198
2747 -5.9957
2748 7.0159
2749 0.0000
2750 6.2006
2751 5.7873
2752 3.0119
2753 7.2773
2754 0.0359
2755 -1.6322
2756 0.0000
2757 1.0921
2758 0.3739
2759 7.3584
2760 12.9606
2761 3.8476
2762 2.3479
2763 0.0000
2764 2.2285
2765 6.5274
2766 -0.1115
2767 -1.2421
2768 3.9512
2769 5.1309
2770 0.0000
2771 -1.9217
2772 1.2382
2773 0.0000
2774 2.5400
2775 2.9158
2776 -2.2765
2777 -2.9789
2778 -3.2350
2779 1.1217
2780 3.5056
2781 -0.8189
2782 0.0000
2783 4.3885
2784 -0.7935
2785 0.0000
2786 8.9227
2787 0.0000
2788 5.2532
2789 0.0000
2790 2.6628
2791 0.7273
2792 0.0000
2793 1.3495
2794 -0.6890
2795 0.0000
2796 -2.4850
2797 6.0798
2798 6.6050
2799 0.0000
2800 1.6802
2801 9.7278
2802 0.0000
2803 9.7347
2804 -3.2685
2805 -0.3698
2806 0.0000
2807 2.5678
2808 1.3631
2809 0.0000
2810 7.4570
2811 3.2535
2812 1.4324
2813 0.0000
2814 -7.3104
2815 11.7049
2816 0.0000
2817 9.0765
2818 2.9270
2819 0.9878
2820 0.0000
2821 -0.7088
2822 7.6800
2823 0.0000
2824 3.9467
2825 1.7488
2826 2.6557
2827 0.0000
2828 2.1032
2829 2.8907
2830 0.0000
2831 -1.7978
2832 5.0008
2833 3.6897
2834 0.0000
2835 1.5157
2836 4.1312
2837 0.0000
2838 10.1622
2839 13.6232
2840 8.2668
2841 0.0000
2842 4.9801
2843 -0.0886
2844 0.0000
2845 12.9872
2846 7.9344
2847 2.3424
2848 0.0000
2849 -6.0604
2850 0.0459
2851 0.0000
2852 5.9654
2853 1.1038
2854 1.5775
2855 0.0000
2856 -5.9243
2857 5.6070
2858 0.0000
2859 4.0455
2860 3.6029
2861 11.2333
2862 0.0000
2863 -1.9154
2864 3.7319
2865 0.0000
2866 5.3380
2867 2.6452
2868 1.5269
2869 0.0000
2870 2.5346
2871 0.3519
2872 0.0000
2873 2.4503
2874 13.1373
2875 0.5337
2876 0.0000
2877 -1.7083
2878 -0.5285
2879 0.0000
2880 1.2215
2881 -2.8538
2882 9.9190
2883 0.0000
2884 6.0637
2885 8.8130
2886 0.0000
2887 2.3055
2888 4.9856
2889 11.1060
2890 0.0000
2891 4.2878
2892 3.7452
2893 0.0000
2894 6.8575
2895 5.7238
2896 3.1426
2897 0.0000
2898 -7.3347
2899 0.7996
2900 0.0000
2901 3.9225
2902 5.5414
2903 2.5038
2904 0.0000
2905 5.7229
2906 0.0000
2907 6.8736
2908 0.0000
2909 4.7088
2910 6.4451
2911 0.0000
2912 5.9635
2913 0.0000
2914 3.5303
2915 0.0000
2916 -0.6882
2917 7.3359
2918 -7.0117
2919 0.0000
2920 0.5612
2921 5.1940
2922 11.4274
2923 0.0000
2924 -0.7708
2925 10.4381
2926 -1.8932
2927 0.0000
2928 9.0075
2929 0.0000
2930 -1.6060
2931 0.0000
2932 0.6484
2933 7.6718
2934 0.0000
2935 -2.7568
2936 0.0000
2937 7.1702
2938 -0.6638
2939 1.2590
2940 -0.6012
2941 8.3638
2942 2.8615
2943 8.5290
2944 2.4428
2945 4.8303
2946 6.9155
2947 4.1927
2948 -0.0469
2949 8.1237
2950 1.8633
2951 -7.7623
2952 12.8076
2953 0.0000
2954 4.5228
2955 -2.6881
2956 5.1350
2957 8.9186
2958 1.3822
2959 1.6906
2960 3.1063
2961 6.3143
2962 0.0000
2963 7.5367
2964 8.2837
2965 10.3994
2966 1.7826
2967 -3.1995
2968 0.8894
2969 0.0000
2970 2.7430
2971 3.0925
2972 7.5785
2973 0.0000
2974 8.2963
2975 1.3099
2976 -5.5617
2977 1.1155
2978 0.9247
2979 -3.1188
2980 -0.4843
2981 7.3154
2982 0.0000
2983 3.5454
2984 -2.2552
2985 4.5208
2986 0.5467
2987 0.3885
2988 2.5294
2989 0.0000
2990 -0.4299
2991 4.7505
2992 11.5767
2993 0.0000
2994 0.3193
2995 0.7336
2996 9.9053
2997 -1.2946
2998 0.7080
2999 7.0869
3000 4.8521
3001 1.3216
3002 0.0000
3003 7.9442
3004 -2.7799
3005 1.3485
3006 1.5662
3007 5.3672
3008 5.7361
3009 0.0000
3010 1.9792
3011 7.1865
3012 6.9245
3013 0.0000
3014 2.9838
3015 -5.5627
3016 6.1318
3017 6.5772
3018 -7.5757
3019 5.1162
3020 6.4539
3021 6.8812
3022 0.0000
3023 1.1581
3024 6.5486
3025 3.5808
3026 7.9839
3027 6.9052
3028 0.0561
3029 0.0000
3030 -0.6388
3031 8.3996
3032 6.6565
3033 0.0033
3034 2.4611
3035 3.6556
3036 8.7518
3037 11.1692
3038 8.4799
3039 4.5595
3040 5.9293
3041 0.4704
3042 7.5762
3043 8.3280
3044 0.0000
3045 2.5144
3046 -4.3321
3047 10.1166
3048 2.5784
3049 -1.9359
3050 8.9780
3051 10.1565
3052 1.5907
3053 0.0000
3054 1.3161
3055 10.9811
3056 -0.2633
3057 -5.6836
3058 6.8444
3059 -3.1234
3060 0.0000
3061 -5.5913
3062 -3.4706
3063 6.1548
3064 0.0000
3065 2.2961
3066 1.8753
3067 7.0835
3068 -0.2577
3069 -1.2942
3070 0.0853
3071 2.3954
3072 2.0089
3073 0.0000
3074 6.5473
3075 3.6318
3076 -0.0636
3077 4.2063
3078 -0.6051
3079 6.4779
3080 0.0000
3081 6.2669
3082 5.0631
3083 3.3154
3084 0.0000
3085 -1.4888
3086 3.4244
3087 5.2404
3088 4.7635
3089 -2.1017
3090 -0.6633
3091 -2.8378
3092 2.0468
3093 0.0000
3094 10.3207
3095 1.1070
3096 4.3058
3097 4.5242
3098 8.3484
3099 0.3539
3100 0.0000
3101 -2.8004
3102 4.2961
3103 -1.4500
3104 0.0000
3105 4.9668
3106 3.6302
3107 7.4637
3108 -6.1417
3109 4.1133
3110 10.1102
3111 -1.0611
3112 3.1275
3113 0.0000
3114 9.5773
3115 4.4550
3116 1.8275
3117 4.9914
3118 6.9414
3119 7.8226
3120 0.0000
3121 8.2966
3122 -3.6991
3123 -3.9994
3124 4.2620
3125 -1.3141
3126 8.8769
3127 2.8761
3128 2.2748
3129 7.1722
3130 4.0961
3131 3.4759
3132 4.9925
3133 6.8607
3134 1.0411
3135 0.0000
3136 0.6217
3137 2.9000
3138 4.2882
3139 12.1216
3140 -6.8829
3141 -4.9162
3142 4.3871
3143 3.8936
3144 0.0000
3145 10.8604
3146 3.4241
3147 6.0929
3148 1.8488
3149 -2.3701
3150 4.4520
3151 0.0000
3152 -1.0136
3153 -0.5083
3154 1.5674
3155 0.0000
3156 7.3207
3157 -2.5808
3158 2.8741
3159 -2.5502
3160 -2.4434
3161 7.9025
3162 5.9122
3163 6.6170
3164 0.0000
3165 7.4521
3166 4.6412
3167 1.9210
3168 -1.9308
3169 3.5203
3170 10.0222
3171 0.0000
3172 9.5145
3173 5.6700
3174 5.6316
3175 0.0000
3176 2.4671
3177 1.5280
3178 2.9037
3179 -1.7239
3180 -3.8183
3181 3.8298
3182 4.9077
3183 6.1851
3184 0.0000
3185 5.6953
3186 6.7152
3187 1.5432
3188 -1.0764
3189 4.3573
3190 5.0245
3191 0.0000
3192 5.0020
3193 9.2291
3194 2.9285
3195 0.0000
3196 12.4046
3197 -3.5697
3198 4.4283
3199 1.5353
3200 -6.6639
3201 -2.2492
3202 5.1061
3203 9.4963
3204 0.0000
3205 1.3515
3206 4.5197
3207 9.1918
3208 2.2549
3209 6.2874
3210 4.7112
3211 0.0000
3212 -4.3263
3213 4.7765
3214 5.2966
3215 5.3671
3216 3.1563
3217 -6.1396
3218 5.2799
3219 10.4780
3220 9.3662
3221 6.3633
3222 7.6347
3223 6.6653
3224 7.5324
3225 -0.1848
3226 0.0000
3227 2.0456
3228 6.8689
3229 8.9237
3230 3.2925
3231 -3.7348
3232 0.9852
3233 -0.8658
3234 7.1209
3235 0.0000
3236 3.8055
3237 1.7864
3238 4.5482
3239 11.2052
3240 -1.0815
3241 -3.2061
3242 0.0000
3243 5.9437
3244 7.0484
3245 8.7551
3246 0.0000
3247 7.7464
3248 -4.2152
3249 -0.3898
3250 0.1624
3251 4.5974
3252 2.2294
3253 4.1329
3254 8.9739
3255 0.0000
3256 -4.5381
3257 2.3736
3258 5.5396
3259 6.1339
3260 2.9691
3261 -0.8845
3262 0.0000
3263 8.1246
3264 0.3318
3265 7.9428
3266 0.0000
3267 3.2240
3268 -5.7933
3269 7.5298
3270 4.9508
3271 -1.3806
3272 5.3095
3273 2.7025
3274 -1.4730
3275 0.0000
3276 5.2950
3277 2.5058
3278 2.9659
3279 0.0615
3280 7.4516
3281 0.3493
3282 0.0000
3283 0.0686
3284 6.3508
3285 6.2510
3286 0.0000
3287 4.3972
3288 -4.5130
3289 7.1256
3290 7.9111
3291 4.6219
3292 7.4628
3293 6.3203
3294 -0.9533
3295 0.0000
3296 9.2189
3297 2.5885
3298 1.0843
3299 2.7067
3300 -0.9701
3301 -0.6241
3302 0.0000
3303 -2.3488
3304 0.0000
3305 2.2517
3306 0.0000
3307 7.5991
3308 4.3566
3309 2.1746
3310 2.2787
3311 5.6686
3312 6.7411
3313 1.7247
3314 10.5398
3315 0.0000
3316 5.3220
3317 1.7058
3318 -2.2139
3319 13.8862
3320 3.2763
3321 2.7393
3322 0.0000
3323 -5.3165
3324 8.4114
3325 -0.8925
3326 3.7445
3327 7.4131
3328 10.7707
3329 0.0000
3330 -5.3293
3331 6.4697
3332 7.7351
3333 -1.5337
3334 8.1108
3335 9.0851
3336 0.0000
3337 -5.8419
3338 -1.2160
3339 -2.5203
3340 -0.9723
3341 -2.1487
3342 9.8030
3343 0.0000
3344 -3.6028
3345 -1.3362
3346 5.3237
3347 7.2128
3348 8.9802
3349 -0.1694
3350 0.0000
3351 1.1582
3352 12.7934
3353 4.7992
3354 7.9913
3355 1.1596
3356 -1.7174
3357 0.0000
3358 10.5999
3359 6.7947
3360 11.2387
3361 2.8170
3362 -0.8196
3363 -0.7958
3364 0.0000
3365 1.1248
3366 8.3736
3367 9.8747
3368 -0.1083
3369 5.5515
3370 7.6444
3371 0.0000
3372 -1.8856
3373 -3.2818
3374 1.7012
3375 1.3526
3376 2.7948
3377 3.6120
3378 0.0000
3379 1.3997
3380 5.6954
3381 6.2964
3382 7.3224
3383 4.5607
3384 -3.1267
3385 0.0000
3386 -0.0067
3387 -0.8985
3388 4.4840
3389 7.8537
3390 -1.3650
3391 6.4038
3392 0.0000
3393 7.0219
3394 7.3194
3395 3.3184
3396 2.6785
3397 9.4325
3398 0.4926
3399 0.0000
3400 -0.6796
3401 1.6280
3402 3.9755
3403 7.1352
3404 1.6605
3405 0.8424
3406 0.0000
3407 5.5489
3408 1.0291
3409 0.3318
3410 5.1527
3411 3.3299
3412 9.4452
3413 0.0000
3414 1.2947
3415 5.4566
3416 5.0007
3417 0.1564
3418 -1.0707
3419 3.5971
3420 0.0000
3421 3.8097
3422 0.0000
3423 3.1525
3424 0.0000
3425 -1.9399
3426 0.0000
3427 7.4409
3428 -5.0522
3429 0.0000
3430 4.0592
3431 8.7262
3432 0.0054
3433 6.7704
3434 0.0000
3435 -0.4592
3436 1.0751
3437 -6.1625
3438 0.0000
3439 6.0198
3440 -2.8998
3441 8.6926
3442 0.0000
3443 -0.6906
3444 9.6921
3445 2.0836
3446 3.2378
3447 8.6373
3448 9.4424
3449 -4.0338
3450 -1.0047
3451 -1.6952
3452 0.0000
3453 -6.3448
3454 5.0316
3455 12.3974
3456 3.5860
3457 -2.9176
3458 2.8717
3459 0.0000
3460 -1.4501
3461 3.6894
3462 3.0468
3463 4.4104
3464 5.7348
3465 6.7488
3466 0.0000
3467 1.4240
3468 6.2071
3469 -0.8109
3470 7.9150
3471 2.3106
3472 0.4829
3473 0.0000
3474 -2.8953
3475 1.9555
3476 5.2880
3477 10.8803
3478 1.3585
3479 -4.4509
3480 0.0000
3481 2.4266
3482 -1.0973
3483 7.8141
3484 2.0490
3485 11.3709
3486 -2.9130
3487 0.0000
3488 3.5759
3489 2.6337
3490 5.5009
3491 12.0843
3492 6.8418
3493 3.4763
3494 0.0000
3495 8.4166
3496 4.7208
3497 2.4899
3498 9.1794
3499 2.1732
3500 5.2078
3501 0.0000
3502 -4.7500
3503 7.8661
3504 7.0585
3505 5.1558
3506 2.0965
3507 2.0483
3508 0.0000
3509 -0.6744
3510 8.2515
3511 5.7326
3512 4.7063
3513 1.4751
3514 0.0187
3515 0.0000
3516 2.7168
3517 6.7599
3518 0.2515
3519 3.4450
3520 2.1819
3521 7.9753
3522 0.0000
3523 3.1826
3524 11.1026
3525 4.4636
3526 -2.1686
3527 4.7024
3528 2.7056
3529 0.0000
3530 6.0748
3531 -0.9211
3532 0.0000
3533 1.2513
3534 0.2852
3535 0.7022
3536 8.6697
3537 -2.5005
3538 -4.3727
3539 -6.1719
3540 -2.1271
3541 0.0000
3542 2.0792
3543 5.5149
3544 0.0000
3545 0.0974
3546 0.0000
3547 1.6327
3548 0.0000
3549 11.0461
3550 6.1460
3551 0.0000
3552 6.8423
3553 -2.7320
3554 0.0000
3555 8.8715
3556 6.1869
3557 3.8998
3558 0.0000
3559 6.9904
3560 -0.8701
3561 0.0000
3562 2.8737
3563 4.4746
3564 5.3208
3565 0.0000
3566 -1.8158
3567 2.7414
3568 0.0000
3569 7.2448
3570 3.8395
3571 7.9722
3572 0.0000
3573 0.5995
3574 5.1841
3575 0.0000
3576 2.2021
3577 2.4588
3578 15.2794
3579 0.0000
3580 -7.0371
3581 1.2840
3582 0.0000
3583 -5.4906
3584 -1.4471
3585 1.7141
3586 0.0000
3587 -5.2129
3588 5.4368
3589 0.0000
3590 8.2248
3591 2.6085
3592 -1.9532
3593 0.0000
3594 -9.0488
3595 3.3821
3596 0.0000
3597 0.8161
3598 6.5868
3599 6.5902
3600 0.0000
3601 -1.3485
3602 6.6565
3603 0.0000
3604 5.0687
3605 -1.9776
3606 8.8439
3607 0.0000
3608 2.0150
3609 7.2445
3610 0.0000
3611 1.5127
3612 2.4027
3613 -3.6948
3614 0.0000
3615 4.2814
3616 11.0452
3617 0.0000
3618 4.8977
3619 8.3220
3620 -0.8759
3621 0.0000
3622 0.2884
3623 -1.3654
3624 0.0000
3625 7.7418
3626 9.7292
3627 5.3684
3628 0.0000
3629 4.4944
3630 5.7163
3631 0.0000
3632 3.2469
3633 6.4357
3634 3.6443
3635 0.0000
3636 -4.4059
3637 9.8179
3638 0.0000
3639 2.8227
3640 0.3632
3641 3.2660
3642 0.0000
3643 1.7536
3644 7.7631
3645 0.0000
3646 7.1942
3647 5.3375
3648 8.6734
3649 0.0000
3650 2.3247
3651 9.3269
3652 0.0000
3653 8.8275
3654 4.0382
3655 5.9097
3656 0.0000
3657 7.1712
3658 4.4139
3659 0.0000
3660 3.9516
3661 6.6176
3662 -1.0996
3663 0.0000
3664 -0.3919
3665 0.0000
3666 3.1710
3667 0.0000
3668 5.7861
3669 4.0957
3670 0.0000
3671 3.5603
3672 0.0000
3673 7.6071
3674 0.0000
3675 -0.9255
3676 1.2416
3677 3.5238
3678 0.0000
3679 6.0414
3680 2.6588
3681 8.2782
3682 0.0000
3683 10.6711
3684 2.8810
3685 -2.0523
3686 0.0000
3687 7.8703
3688 0.0000
3689 -2.5893
3690 0.0000
3691 8.4619
3692 3.6615
3693 0.0000
3694 5.0610
3695 0.0000
3696 5.3051
3697 1.1709
3698 3.7482
3699 7.2968
3700 2.4025
3701 -1.6733
3702 -0.4616
3703 11.1955
3704 4.9712
3705 -0.2025
3706 6.5442
3707 4.2211
3708 5.4105
3709 -1.3570
3710 4.8750
3711 -0.8739
3712 0.0000
3713 1.5687
3714 0.5247
3715 11.1424
3716 3.5276
3717 -3.2684
3718 -1.4075
3719 4.0948
3720 3.7684
3721 0.0000
3722 5.6545
3723 2.5515
3724 1.2344
3725 2.4699
3726 -0.0916
3727 8.6569
3728 0.0000
3729 2.2427
3730 7.4385
3731 3.3568
3732 0.0000
3733 6.3835
3734 -3.8811
3735 9.3075
3736 1.3117
3737 0.4073
3738 8.1877
3739 0.1057
3740 4.9278
3741 0.0000
3742 5.2887
3743 6.1118
3744 5.2120
3745 10.9896
3746 -0.1816
3747 8.5122
3748 0.0000
3749 1.1333
3750 12.4530
3751 4.5696
3752 0.0000
3753 -0.5510
3754 2.3231
3755 4.7278
3756 0.5622
3757 -6.4992
3758 1.9925
3759 -1.7246
3760 5.6882
3761 0.0000
3762 6.9211
3763 10.9019
3764 8.1989
3765 8.7272
3766 3.5253
3767 4.9806
3768 0.0000
3769 0.7141
3770 4.8301
3771 -0.8781
3772 0.0000
3773 -0.9583
3774 -4.6628
3775 0.2908
3776 -1.8314
3777 6.2193
3778 13.3063
3779 2.0146
3780 8.8613
3781 0.0000
3782 10.6508
3783 0.5163
3784 -1.0524
3785 5.4880
3786 3.3427
3787 2.3207
3788 0.0000
3789 -1.7457
3790 -2.6071
3791 3.8988
3792 -3.6818
3793 12.7772
3794 6.1870
3795 7.5632
3796 -1.7819
3797 0.0076
3798 13.7487
3799 1.7684
3800 3.6317
3801 4.1963
3802 5.3288
3803 0.0000
3804 1.4231
3805 5.4353
3806 3.2778
3807 0.7845
3808 6.6556
3809 0.7934
3810 2.5790
3811 2.9911
3812 0.0000
3813 1.4429
3814 7.1205
3815 0.0828
3816 3.9021
3817 7.5870
3818 7.5305
3819 0.0000
3820 7.1995
3821 -0.4090
3822 0.7750
3823 0.0000
3824 6.6528
3825 0.3093
3826 10.7969
3827 4.7355
3828 -1.7641
3829 11.8782
3830 0.8077
3831 9.0462
3832 0.0000
3833 5.3788
3834 10.8171
3835 7.3704
3836 5.9726
3837 -0.3122
3838 7.7743
3839 0.0000
3840 -3.9934
3841 6.6047
3842 1.4699
3843 0.0000
3844 5.0278
3845 -3.2176
3846 -0.9512
3847 1.6735
3848 2.5717
3849 6.0229
3850 -1.2447
3851 3.2041
3852 0.0000
3853 5.5164
3854 8.5820
3855 2.1501
3856 5.2210
3857 5.5612
3858 -2.2856
3859 0.0000
3860 -4.7070
3861 6.9146
3862 2.2240
3863 0.0000
3864 2.3666
3865 3.1817
3866 5.3454
3867 -4.8833
3868 1.2075
3869 13.2760
3870 4.3017
3871 1.1831
3872 0.0000
3873 7.9240
3874 5.8949
3875 2.5612
3876 9.3534
3877 6.3794
3878 9.8913
3879 0.0000
3880 7.2388
3881 6.6856
3882 0.1766
3883 2.4860
3884 9.2364
3885 2.0928
3886 5.1316
3887 3.9839
3888 6.1379
3889 2.1261
3890 0.2430
3891 -1.2477
3892 4.5238
3893 8.7993
3894 0.0000
3895 1.8110
3896 4.0346
3897 9.2117
3898 3.6273
3899 2.7415
3900 -1.1822
3901 -1.8884
3902 -2.1408
3903 0.0000
3904 6.7287
3905 7.4152
3906 5.9966
3907 7.4751
3908 2.2632
3909 -3.4338
3910 0.0000
3911 2.0707
3912 8.1470
3913 9.2710
3914 0.0000
3915 -1.4159
3916 -2.8257
3917 2.5816
3918 6.0956
3919 -1.3721
3920 2.3317
3921 -1.4421
3922 1.5525
3923 0.0000
3924 4.4077
3925 9.4341
3926 6.8785
3927 -0.2351
3928 15.0508
3929 7.0961
3930 0.0000
3931 -1.5438
3932 9.5684
3933 -2.8216
3934 0.0000
3935 5.7230
3936 2.7269
3937 6.0327
3938 6.8525
3939 3.8051
3940 11.8822
3941 -2.2217
3942 3.3152
3943 0.0000
3944 7.0302
3945 1.7021
3946 -3.0931
3947 -0.6485
3948 4.2157
3949 8.9351
3950 0.0000
3951 -1.9827
3952 2.6633
3953 2.4892
3954 0.0000
3955 9.2123
3956 7.0312
3957 1.2664
3958 -2.9382
3959 -3.5949
3960 -7.0434
3961 3.9604
3962 2.8897
3963 0.0000
3964 -0.5658
3965 7.0578
3966 -0.1526
3967 7.6556
3968 1.5490
3969 5.2302
3970 0.0000
3971 1.6100
3972 1.3000
3973 2.9786
3974 0.3870
3975 -3.5305
3976 4.3425
3977 1.5648
3978 1.8991
3979 5.3387
3980 9.4997
3981 3.3568
3982 8.5951
3983 3.2747
3984 0.7849
3985 0.0000
3986 4.7621
3987 0.5254
3988 -1.6938
3989 -1.2002
3990 -0.5649
3991 -0.4508
3992 3.9222
3993 0.6561
3994 0.0000
3995 6.6464
3996 -1.4069
3997 7.9881
3998 7.5503
3999 7.5626
4000 1.9844
4001 0.0000
4002 1.2791
4003 7.0420
4004 11.6944
4005 0.0000
4006 2.9768
4007 2.1077
4008 3.4142
4009 -1.2876
4010 -2.1105
4011 -3.3711
4012 -1.1421
4013 -5.8735
4014 0.0000
4015 1.1432
4016 -0.8874
4017 -4.3865
4018 -0.6317
4019 8.3427
4020 11.5237
4021 0.0000
4022 -4.2482
4023 8.2234
4024 2.6644
4025 0.0000
4026 8.8822
4027 4.6973
4028 5.3380
4029 9.0076
4030 -1.1413
4031 -7.0164
4032 -3.5726
4033 -3.8397
4034 0.0000
4035 2.9883
4036 -2.3336
4037 6.4378
4038 11.2529
4039 16.0667
4040 2.8073
4041 0.0000
4042 -3.3752
4043 10.0108
4044 2.8749
4045 0.0000
4046 4.6875
4047 -3.7930
4048 -0.1371
4049 -2.1298
4050 -0.8383
4051 -6.1859
4052 -0.8863
4053 3.8520
4054 0.0000
4055 9.3062
4056 -0.5196
4057 3.3022
4058 0.6602
4059 1.9526
4060 -3.3927
4061 0.0000
4062 -7.7425
4063 0.0000
4064 0.9358
4065 0.0000
4066 8.3943
4067 -3.2531
4068 1.2885
4069 5.5536
4070 7.1767
4071 4.8388
4072 6.3106
4073 0.4839
4074 0.0000
4075 -1.1167
4076 6.2485
4077 3.1113
4078 2.3102
4079 0.4908
4080 0.8010
4081 0.0000
4082 3.7631
4083 8.0695
4084 6.1427
4085 1.5190
4086 3.1227
4087 2.7373
4088 0.0000
4089 4.2635
4090 0.2195
4091 9.2179
4092 9.3934
4093 4.6273
4094 -3.5419
4095 0.0000
4096 2.2118
4097 2.0186
4098 -0.6913
4099 6.2763
4100 6.6749
4101 0.6872
4102 0.0000
4103 2.8574
4104 3.1453
4105 -6.5426
4106 6.5316
4107 4.4317
4108 5.2481
4109 0.0000
4110 4.8410
4111 5.5205
4112 7.5179
4113 3.0485
4114 7.9755
4115 4.4912
4116 0.0000
4117 0.9208
4118 0.0740
4119 3.7082
4120 -0.0198
4121 8.0963
4122 -2.7645
4123 0.0000
4124 -1.5913
4125 10.9371
4126 5.9759
4127 10.0860
4128 -2.4227
4129 0.2029
4130 0.0000
4131 6.4044
4132 3.4323
4133 5.7368
4134 2.5076
4135 8.5346
4136 4.2921
4137 0.0000
4138 2.7494
4139 7.6090
4140 12.6413
4141 5.9407
4142 7.1161
4143 3.1991
4144 0.0000
4145 6.8206
4146 -0.5749
4147 5.2760
4148 -3.9772
4149 6.0518
4150 -3.0916
4151 0.0000
4152 -5.2578
4153 9.1947
4154 9.1371
4155 9.7004
4156 1.6175
4157 0.0817
4158 0.0000
4159 -1.0534
4160 9.5394
4161 4.1918
4162 0.7850
4163 -0.3219
4164 5.1714
4165 0.0000
4166 5.7521
4167 6.5883
4168 4.3399
4169 1.6813
4170 14.5338
4171 3.4957
4172 0.0000
4173 -4.2839
4174 8.8937
4175 12.4285
4176 4.3928
4177 0.7765
4178 4.4112
4179 0.0000
4180 4.5221
4181 0.0000
4182 4.9112
4183 0.0000
4184 7.1838
4185 0.0000
4186 -0.1749
4187 6.3898
4188 0.0000
4189 1.9812
4190 0.1584
4191 4.3704
4192 9.4049
4193 0.0000
4194 -6.8138
4195 3.8991
4196 16.5268
4197 0.0000
4198 -1.3036
4199 3.6558
4200 -2.1302
4201 0.0000
4202 -2.1605
4203 0.3820
4204 -2.0403
4205 5.2642
4206 10.0427
4207 -2.5749
4208 -1.6460
4209 -4.7550
4210 2.4175
4211 0.0000
4212 -0.9262
4213 6.7464
4214 2.2071
4215 -1.9486
4216 1.2959
4217 3.8854
4218 0.0000
4219 1.1643
4220 6.1203
4221 5.1008
4222 1.9754
4223 2.5304
4224 10.4030
4225 0.0000
4226 -3.9808
4227 6.2572
4228 9.1339
4229 3.0752
4230 3.7600
4231 3.1131
4232 0.0000
4233 1.0053
4234 9.6598
4235 7.0508
4236 4.6613
4237 2.5599
4238 3.4954
4239 0.0000
4240 5.0427
4241 8.2341
4242 4.1492
4243 8.2612
4244 4.7482
4245 -2.3619
4246 0.0000
4247 3.0667
4248 6.6176
4249 -1.9047
4250 -0.2099
4251 5.5284
4252 6.3575
4253 0.0000
4254 6.2844
4255 4.7627
4256 1.2325
4257 4.7201
4258 -2.6172
4259 0.0428
4260 0.0000
4261 -2.4034
4262 1.7598
4263 -0.3629
4264 7.2484
4265 7.2178
4266 7.2298
4267 0.0000
4268 -0.6118
4269 6.5336
4270 -0.8247
4271 2.6279
4272 2.2013
4273 3.9013
4274 0.0000
4275 0.8060
4276 -3.5606
4277 3.6731
4278 0.8743
4279 -0.8459
4280 -0.8164
4281 0.0000
4282 -1.2572
4283 -4.5607
4284 7.1948
4285 9.4268
4286 -2.1898
4287 -0.7018
4288 0.0000
4289 -8.9792
4290 -2.0449
4291 0.0000
4292 7.2926
4293 1.8858
4294 -2.6259
4295 4.8596
4296 -1.3401
4297 1.6819
4298 0.9327
4299 5.6694
4300 0.0000
4301 8.3950
4302 5.7256
4303 0.0000
4304 5.7489
4305 0.0000
4306 2.1540
4307 0.0000
4308 -0.7052
4309 3.4859
4310 0.0000
4311 3.9897
4312 2.1843
4313 0.0000
4314 1.3455
4315 5.3088
4316 3.1376
4317 0.0000
4318 0.5056
4319 -2.2492
4320 0.0000
4321 9.3064
4322 5.1013
4323 4.1621
4324 0.0000
4325 1.3361
4326 4.2593
4327 0.0000
4328 12.2324
4329 10.2027
4330 11.1111
4331 0.0000
4332 2.8547
4333 2.5020
4334 0.0000
4335 4.9227
4336 6.1256
4337 -0.7880
4338 0.0000
4339 0.5151
4340 3.3736
4341 0.0000
4342 -4.9880
4343 10.9583
4344 2.6432
4345 0.0000
4346 3.2417
4347 6.5943
4348 0.0000
4349 8.0269
4350 3.3409
4351 2.6098
4352 0.0000
4353 5.6174
4354 10.3710
4355 0.0000
4356 -2.4904
4357 1.2384
4358 5.4135
4359 0.0000
4360 6.7093
4361 8.6920
4362 0.0000
4363 4.7701
4364 4.0699
4365 4.5899
4366 0.0000
4367 4.9901
4368 -4.6061
4369 0.0000
4370 2.8567
4371 -0.3811
4372 5.5241
4373 0.0000
4374 3.6917
4375 5.8890
4376 0.0000
4377 4.0779
4378 8.1253
4379 -4.8053
4380 0.0000
4381 1.0478
4382 1.3256
4383 0.0000
4384 5.6208
4385 2.0192
4386 7.3229
4387 0.0000
4388 3.4324
4389 -0.3925
4390 0.0000
4391 4.3923
4392 -1.8903
4393 1.0642
4394 0.0000
4395 -1.9257
4396 0.7657
4397 0.0000
4398 8.2787
4399 6.0023
4400 4.7095
4401 0.0000
4402 -2.4929
4403 8.6362
4404 0.0000
4405 -7.2119
4406 -2.4294
4407 7.9142
4408 0.0000
4409 -0.6765
4410 0.0347
4411 0.0000
4412 4.7548
4413 1.9817
4414 6.9960
4415 0.0000
4416 5.2896
4417 6.5118
4418 0.0000
4419 -1.9238
4420 -1.2010
4421 -0.0916
4422 0.0000
4423 -4.5551
4424 0.0000
4425 3.0795
4426 0.0000
4427 2.5281
4428 0.7850
4429 0.0000
4430 8.1581
4431 0.0000
4432 -1.1142
4433 0.0000
4434 0.2759
4435 5.6702
4436 12.1378
4437 0.0000
4438 1.7808
4439 2.0654
4440 2.0065
4441 0.0000
4442 11.3561
4443 0.4235
4444 9.3258
4445 0.0000
4446 -0.7926
4447 0.0000
4448 3.5747
4449 0.0000
4450 1.2697
4451 3.1290
4452 0.0000
4453 7.8715
4454 0.0000
4455 4.2579
4456 0.3245
4457 -2.2648
4458 9.5639
4459 3.1085
4460 4.2178
4461 6.3634
4462 4.9540
4463 6.8129
4464 4.0913
4465 6.9951
4466 -1.4968
4467 -0.5980
4468 6.6916
4469 2.9293
4470 4.0776
4471 0.0000
4472 4.1584
4473 -7.7336
4474 -0.6345
4475 4.6332
4476 2.2113
4477 5.7710
4478 -2.6774
4479 3.0892
4480 0.0000
4481 9.4324
4482 3.0673
4483 8.4954
4484 11.3122
4485 -0.9784
4486 -1.3428
4487 0.0000
4488 -8.6287
4489 3.3275
4490 9.8400
4491 0.0000
4492 -3.7365
4493 -4.4963
4494 4.6912
4495 6.9618
4496 2.4282
4497 -3.1623
4498 -3.0475
4499 10.8179
4500 0.0000
4501 5.8326
4502 -1.7234
4503 0.4809
4504 2.9763
4505 4.2508
4506 1.9235
4507 0.0000
4508 1.9663
4509 9.5928
4510 0.4322
4511 0.0000
4512 2.7130
4513 -3.1217
4514 2.7680
4515 11.3313
4516 1.4330
4517 -0.0066
4518 0.3288
4519 4.2869
4520 0.0000
4521 5.5291
4522 10.1947
4523 10.7327
4524 12.7315
4525 6.2503
4526 7.2117
4527 0.0000
4528 3.6903
4529 3.8679
4530 -1.0836
4531 0.0000
4532 -1.9160
4533 -9.0639
4534 2.4276
4535 -2.8183
4536 4.7108
4537 11.6397
4538 -4.2278
4539 15.6536
4540 0.0000
4541 4.5438
4542 5.6332
4543 1.0615
4544 2.1496
4545 3.0499
4546 8.9144
4547 0.0000
4548 3.4345
4549 4.8743
4550 8.2569
4551 11.7832
4552 -0.1228
4553 -4.5926
4554 2.7542
4555 3.9249
4556 5.4803
4557 4.9198
4558 -2.4050
4559 3.2439
4560 -1.2953
4561 3.0314
4562 0.0000
4563 6.5986
4564 6.3055
4565 2.2621
4566 -4.6615
4567 -0.5456
4568 11.0237
4569 -4.7405
4570 5.7664
4571 0.0000
4572 5.4747
4573 9.2597
4574 3.7450
4575 -6.6662
4576 4.7100
4577 10.3439
4578 0.0000
4579 6.2800
4580 10.8911
4581 5.1349
4582 0.0000
4583 8.9394
4584 -3.6521
4585 7.0957
4586 1.1933
4587 2.4181
4588 4.9282
4589 11.0816
4590 2.4085
4591 0.0000
4592 6.2570
4593 5.0991
4594 2.5333
4595 5.8406
4596 4.4706
4597 11.4629
4598 0.0000
4599 0.8075
4600 7.5207
4601 7.8382
4602 0.0000
4603 4.7476
4604 -1.6414
4605 6.9361
4606 6.9605
4607 -1.7414
4608 -2.0016
4609 -1.3713
4610 2.7695
4611 0.0000
4612 7.1585
4613 7.8846
4614 -5.8215
4615 -1.6123
4616 11.2195
4617 14.6483
4618 0.0000
4619 -2.6833
4620 6.4926
4621 -3.3345
4622 0.0000
4623 5.2374
4624 -7.5453
4625 -0.1536
4626 3.8075
4627 0.5147
4628 -1.6890
4629 -6.4607
4630 12.0715
4631 0.0000
4632 13.6807
4633 -1.0646
4634 0.8787
4635 2.2898
4636 3.9573
4637 6.7183
4638 0.0000
4639 3.0831
4640 2.6023
4641 1.2459
4642 5.4249
4643 3.7970
4644 7.8563
4645 7.3233
4646 -1.9251
4647 6.6030
4648 10.6270
4649 -0.2930
4650 1.4473
4651 4.9889
4652 2.8173
4653 0.0000
4654 4.4485
4655 -2.8618
4656 -3.5414
4657 4.3703
4658 3.6361
4659 0.4271
4660 -6.4696
4661 -0.9270
4662 0.0000
4663 10.0512
4664 4.1034
4665 -5.0173
4666 5.2119
4667 13.2186
4668 0.7579
4669 0.0000
4670 -0.2887
4671 -6.5495
4672 5.8654
4673 0.0000
4674 0.5368
4675 -6.0487
4676 -1.4750
4677 1.3367
4678 1.8251
4679 7.0823
4680 5.9133
4681 5.1716
4682 0.0000
4683 6.6500
4684 4.0772
4685 -1.3592
4686 2.1325
4687 8.4430
4688 4.1806
4689 0.0000
4690 -5.0448
4691 5.2797
4692 5.3104
4693 0.0000
4694 6.0755
4695 -4.1185
4696 1.9487
4697 -8.1670
4698 3.8382
4699 6.9865
4700 -2.3128
4701 4.8819
4702 0.0000
4703 8.6868
4704 4.3216
4705 6.1632
4706 -1.3796
4707 2.1520
4708 4.8445
4709 0.0000
4710 5.6584
4711 10.5559
4712 5.2096
4713 0.0000
4714 3.1903
4715 1.9216
4716 12.4237
4717 12.0580
4718 -6.6604
4719 5.1840
4720 -1.0150
4721 -2.9952
4722 0.0000
4723 -3.4354
4724 2.5782
4725 7.7760
4726 8.0345
4727 2.0815
4728 4.8481
4729 0.0000
4730 -2.8917
4731 6.7870
4732 1.2320
4733 5.0013
4734 12.8205
4735 4.6865
4736 1.3613
4737 5.8667
4738 8.6057
4739 11.0732
4740 -2.3855
4741 -2.2782
4742 -0.6104
4743 0.0287
4744 0.0000
4745 1.1475
4746 -2.7969
4747 10.3708
4748 6.1019
4749 -0.9558
4750 -0.9627
4751 -4.3698
4752 0.8222
4753 0.0000
4754 16.7438
4755 5.2461
4756 5.0272
4757 6.1942
4758 5.4829
4759 3.7580
4760 0.0000
4761 6.2503
4762 0.1183
4763 8.9260
4764 0.0000
4765 0.5677
4766 1.6572
4767 2.1233
4768 3.3622
4769 -8.3553
4770 1.0744
4771 0.4258
4772 4.1460
4773 0.0000
4774 2.3951
4775 7.7148
4776 4.9359
4777 6.6026
4778 3.7949
4779 5.9368
4780 0.0000
4781 5.8370
4782 3.2858
4783 3.4490
4784 0.0000
4785 -2.3336
4786 -4.8407
4787 8.1186
4788 4.3806
4789 0.3808
4790 9.0952
4791 3.6106
4792 2.8633
4793 0.0000
4794 5.1993
4795 -1.0911
4796 3.4747
4797 -0.0277
4798 9.2211
4799 -6.1081
4800 0.0000
4801 -1.3790
4802 3.1639
4803 11.5040
4804 0.0000
4805 4.5571
4806 -4.6126
4807 9.7210
4808 0.3236
4809 -0.0377
4810 10.4523
4811 10.4156
4812 4.4248
4813 0.0000
4814 8.4947
4815 -1.4971
4816 3.9315
4817 2.5646
4818 -1.4710
4819 -0.7371
4820 0.0000
4821 1.3925
4822 0.0000
4823 -1.2650
4824 0.0000
4825 7.6233
4826 6.3338
4827 1.8150
4828 10.2065
4829 5.0545
4830 4.9908
4831 6.3381
4832 7.0592
4833 0.0000
4834 8.9546
4835 11.5382
4836 11.6392
4837 10.5414
4838 4.6673
4839 1.5664
4840 0.0000
4841 1.8145
4842 14.3627
4843 7.7542
4844 6.2891
4845 7.1314
4846 4.2014
4847 0.0000
4848 -1.3061
4849 9.6123
4850 4.9378
4851 8.9767
4852 7.8303
4853 0.9351
4854 0.0000
4855 1.1346
4856 4.0002
4857 2.7340
4858 2.5671
4859 6.9243
4860 -2.0491
4861 0.0000
4862 -10.9020
4863 1.7083
4864 0.1079
4865 6.4523
4866 8.8726
4867 6.5836
4868 0.0000
4869 -3.3473
4870 4.3992
4871 9.4026
4872 -1.1775
4873 7.7750
4874 5.6970
4875 0.0000
4876 4.0482
4877 7.5436
4878 -5.2714
4879 6.8716
4880 13.4025
4881 3.9153
4882 0.0000
4883 -5.0394
4884 7.6468
4885 5.9000
4886 2.1582
4887 2.8869
4888 5.2943
4889 0.0000
4890 1.3294
4891 2.1783
4892 4.7470
4893 1.0221
4894 7.5910
4895 5.4377
4896 0.0000
4897 6.4655
4898 2.7281
4899 2.3437
4900 5.9680
4901 -2.9205
4902 8.0222
4903 0.0000
4904 1.7656
4905 -2.2038
4906 6.3910
4907 2.3337
4908 7.8629
4909 2.5274
4910 0.0000
4911 5.0868
4912 6.6858
4913 -2.6520
4914 -3.2374
4915 4.3558
4916 3.6759
4917 0.0000
4918 -2.5305
4919 14.1140
4920 7.4122
4921 8.3062
4922 3.7584
4923 4.8630
4924 0.0000
4925 5.6205
4926 -2.4009
4927 2.7548
4928 0.9075
4929 13.3674
4930 5.1273
4931 0.0000
4932 2.8974
4933 5.7612
4934 4.4771
4935 10.5520
4936 3.0175
4937 6.4969
4938 0.0000
4939 -0.0902
4940 0.0000
4941 -1.5514
4942 0.0000
4943 5.4451
4944 0.0000
4945 7.7544
4946 -2.1786
4947 0.0000
4948 0.4453
4949 1.0477
4950 8.8256
4951 5.1843
4952 0.0000
4953 -6.2156
4954 1.2221
4955 9.7764
4956 0.0000
4957 0.8203
4958 5.9536
4959 12.0642
4960 0.0000
4961 1.6391
4962 3.0066
4963 4.4857
4964 7.0890
4965 4.9492
4966 3.9646
4967 8.7741
4968 2.3780
4969 3.5497
4970 0.0000
4971 -2.1293
4972 -0.3281
4973 6.7909
4974 5.2053
4975 0.2567
4976 2.2002
4977 0.0000
4978 -3.2763
4979 13.4021
4980 -0.6700
4981 4.8844
4982 3.7238
4983 -1.4909
4984 0.0000
4985 -3.6842
4986 2.0282
4987 -3.3000
4988 -1.8675
4989 5.4664
4990 -0.4647
4991 0.0000
4992 0.7307
4993 4.7867
4994 0.8034
4995 1.2434
4996 0.5368
4997 -1.8203
4998 0.0000
4999 4.8038
5000 3.1099
5001 5.7145
5002 6.3819
5003 5.2634
5004 2.2339
5005 0.0000
5006 1.5655
5007 5.8429
5008 -0.2217
5009 3.9604
5010 1.3563
5011 5.4056
5012 0.0000
5013 -4.2635
5014 1.6352
5015 6.9682
5016 2.0399
5017 0.8263
5018 2.8030
5019 0.0000
5020 -2.6383
5021 0.0255
5022 6.4627
5023 7.6678
5024 -2.0955
5025 1.6899
5026 0.0000
5027 4.4047
5028 1.1238
5029 11.9978
5030 6.2691
5031 4.3349
5032 3.3260
5033 0.0000
5034 -3.2495
5035 10.2854
5036 5.7453
5037 6.9521
5038 4.8942
5039 14.2952
5040 0.0000
5041 9.8924
5042 13.5345
5043 3.5904
5044 3.6552
5045 1.6629
5046 -1.2651
5047 0.0000
5048 1.2006
5049 -4.0144
5050 0.0000
5051 0.7248
5052 -0.1865
5053 4.3482
5054 3.5484
5055 5.3379
5056 0.5277
5057 -0.9600
5058 -4.0444
5059 0.0000
5060 11.1684
5061 4.2664
5062 0.0000
5063 6.6068
5064 0.0000
5065 4.8303
5066 0.0000
5067 -2.9494
5068 6.3889
5069 0.0000
5070 3.6010
5071 8.5494
5072 0.0000
5073 4.6127
5074 -1.5049
5075 1.0475
5076 0.0000
5077 0.2968
5078 2.3205
5079 0.0000
5080 4.0810
5081 -3.2815
5082 6.8201
5083 0.0000
5084 3.8532
5085 3.1337
5086 0.0000
5087 6.5994
5088 -1.7722
5089 9.3912
5090 0.0000
5091 -1.0620
5092 6.5745
5093 0.0000
5094 7.0056
5095 10.2540
5096 6.4651
5097 0.0000
5098 -5.8308
5099 10.0451
5100 0.0000
5101 7.3597
5102 6.5838
5103 4.3689
5104 0.0000
5105 -0.9615
5106 0.5598
5107 0.0000
5108 3.9183
5109 5.5331
5110 0.8287
5111 0.0000
5112 -2.8274
5113 6.8900
5114 0.0000
5115 7.1740
5116 -0.4077
5117 -5.5103
5118 0.0000
5119 1.4035
5120 7.0796
5121 0.0000
5122 1.7016
5123 5.8445
5124 10.0943
5125 0.0000
5126 9.3741
5127 7.6447
5128 0.0000
5129 2.2637
5130 2.0502
5131 -2.9225
5132 0.0000
5133 -1.4166
5134 -4.2837
5135 0.0000
5136 -3.5655
5137 -0.4912
5138 4.6485
5139 0.0000
5140 -0.7561
5141 1.2570
5142 0.0000
5143 6.7995
5144 9.8472
5145 6.2590
5146 0.0000
5147 -2.5097
5148 2.3743
5149 0.0000
5150 -4.6740
5151 8.0504
5152 3.2862
5153 0.0000
5154 -4.2258
5155 10.7739
5156 0.0000
5157 5.0334
5158 3.6056
5159 4.6236
5160 0.0000
5161 5.4286
5162 7.2302
5163 0.0000
5164 3.0945
5165 -1.9707
5166 6.2220
5167 0.0000
5168 4.5479
5169 2.6432
5170 0.0000
5171 3.6201
5172 5.6523
5173 5.3487
5174 0.0000
5175 -2.8552
5176 6.9920
5177 0.0000
5178 7.5447
5179 2.9131
5180 -1.8738
5181 0.0000
5182 -1.8581
5183 0.0000
5184 -2.2557
5185 0.0000
5186 1.4487
5187 2.4139
5188 0.0000
5189 7.9917
5190 0.0000
5191 10.4346
5192 0.0000
5193 11.0002
5194 0.0075
5195 2.2798
5196 0.0000
5197 -0.4884
5198 4.1283
5199 3.7841
5200 0.0000
5201 -0.6208
5202 0.5774
5203 8.0302
5204 0.0000
5205 2.4394
5206 0.0000
5207 4.3229
5208 0.0000
5209 5.1746
5210 1.6423
5211 0.0000
5212 -3.6131
5213 0.0000
5214 7.0152
5215 12.3270
5216 12.5613
5217 -4.6352
5218 -1.5873
5219 8.8037
5220 2.7082
5221 6.7461
5222 7.4930
5223 2.7440
5224 7.2455
5225 -1.8819
5226 6.3976
5227 4.7704
5228 3.2747
5229 13.5430
5230 0.0000
5231 -1.2422
5232 -4.6092
5233 7.9758
5234 8.3397
5235 -1.3780
5236 3.0095
5237 1.6374
5238 9.3514
5239 0.0000
5240 -4.3298
5241 1.1879
5242 5.1783
5243 1.0140
5244 5.4640
5245 7.2358
5246 0.0000
5247 0.5674
5248 -0.0464
5249 -4.8140
5250 0.0000
5251 5.1031
5252 1.4062
5253 -2.9994
5254 1.3550
5255 4.3326
5256 12.7437
5257 1.2698
5258 0.8982
5259 0.0000
5260 5.5698
5261 6.4933
5262 3.0847
5263 4.4058
5264 12.2330
5265 6.2635
5266 0.0000
5267 -0.5182
5268 6.8376
5269 0.6527
5270 0.0000
5271 1.3338
5272 6.9691
5273 12.4339
5274 4.3622
5275 -0.5395
5276 -3.9821
5277 0.8816
5278 5.7677
5279 0.0000
5280 3.2935
5281 2.5275
5282 3.4165
5283 1.1569
5284 3.5972
5285 8.1681
5286 0.0000
5287 -7.9966
5288 6.6816
5289 -1.1174
5290 0.0000
5291 -0.5366
5292 -5.2759
5293 8.6199
5294 3.2801
5295 2.1298
5296 1.7781
5297 -1.7771
5298 1.0523
5299 0.0000
5300 6.9065
5301 8.6147
5302 -1.2221
5303 5.5553
5304 7.9453
5305 -1.2691
5306 0.0000
5307 11.8027
5308 4.9931
5309 10.7471
5310 10.2519
5311 2.4848
5312 6.7806
5313 3.8062
5314 2.3605
5315 -1.0658
5316 5.3655
5317 8.1742
5318 1.6023
5319 4.0412
5320 10.6619
5321 0.0000
5322 3.0777
5323 -6.9413
5324 8.6889
5325 10.3585
5326 -10.1150
5327 11.7970
5328 4.5494
5329 1.5132
5330 0.0000
5331 2.4783
5332 10.0569
5333 9.8083
5334 5.7127
5335 9.8451
5336 2.2998
5337 0.0000
5338 3.5793
5339 2.0744
5340 7.9480
5341 0.0000
5342 4.6948
5343 7.8909
5344 1.2926
5345 11.8878
5346 0.6819
5347 11.6600
5348 5.1979
5349 5.8668
5350 0.0000
5351 -2.9534
5352 6.0519
5353 3.9174
5354 6.2303
5355 -0.3740
5356 9.8277
5357 0.0000
5358 -3.7232
5359 5.2391
5360 7.8297
5361 0.0000
5362 -3.4024
5363 1.3888
5364 1.2862
5365 0.2861
5366 -1.5688
5367 7.7141
5368 -1.8815
5369 2.0801
5370 0.0000
5371 3.4183
5372 6.9946
5373 0.7980
5374 7.9185
5375 5.6881
5376 6.2826
5377 0.0000
5378 1.6888
5379 6.8698
5380 0.5055
5381 0.0000
5382 7.4717
5383 0.4628
5384 5.8846
5385 10.4148
5386 2.9255
5387 7.5229
5388 2.7989
5389 0.4429
5390 0.0000
5391 2.0267
5392 -4.3621
5393 0.8980
5394 11.7064
5395 6.1239
5396 -2.0232
5397 0.0000
5398 4.4570
5399 6.4932
5400 13.2008
5401 1.0845
5402 0.2212
5403 15.2568
5404 8.3970
5405 -2.2007
5406 3.9261
5407 -2.4876
5408 3.6682
5409 0.6700
5410 -0.2733
5411 7.0726
5412 0.0000
5413 2.3102
5414 -7.8017
5415 2.5165
5416 1.2255
5417 -4.3295
5418 8.8007
5419 10.7482
5420 4.1197
5421 0.0000
5422 8.4490
5423 2.2174
5424 3.0621
5425 14.6584
5426 -4.5056
5427 3.5104
5428 0.0000
5429 0.5105
5430 -0.0999
5431 4.1063
5432 0.0000
5433 10.4650
5434 -3.9356
5435 5.8148
5436 1.0351
5437 2.6980
5438 -1.3724
5439 3.3951
5440 8.5488
5441 0.0000
5442 6.1079
5443 4.2240
5444 1.1231
5445 7.5633
5446 0.5434
5447 7.5319
5448 0.0000
5449 4.6852
5450 5.1575
5451 3.2761
5452 0.0000
5453 -2.0693
5454 4.0240
5455 11.0876
5456 2.7874
5457 -3.1208
5458 -3.1724
5459 -1.9996
5460 -0.5865
5461 0.0000
5462 1.9815
5463 5.1041
5464 -0.7172
5465 7.6422
5466 6.4452
5467 7.5134
5468 0.0000
5469 5.5156
5470 4.1911
5471 3.2261
5472 0.0000
5473 -1.8462
5474 6.7512
5475 -0.1335
5476 4.2515
5477 -5.1086
5478 4.7893
5479 2.4869
5480 -0.2943
5481 0.0000
5482 -1.1901
5483 11.9318
5484 2.2213
5485 11.3005
5486 10.3429
5487 7.4695
5488 0.0000
5489 1.8742
5490 5.1601
5491 3.0286
5492 6.3128
5493 3.3562
5494 7.1841
5495 6.9843
5496 9.3894
5497 0.8966
5498 -6.6989
5499 5.2837
5500 -7.0215
5501 3.6282
5502 10.0424
5503 0.0000
5504 -9.9519
5505 6.9896
5506 6.5888
5507 9.1468
5508 0.5995
5509 4.7253
5510 4.9705
5511 0.1964
5512 0.0000
5513 11.7631
5514 5.2798
5515 3.4175
5516 5.9478
5517 2.3704
5518 -2.1322
5519 0.0000
5520 4.9734
5521 3.5083
5522 0.7727
5523 0.0000
5524 3.4229
5525 -7.0117
5526 6.6887
5527 5.9006
5528 -1.5630
5529 8.7793
5530 7.1678
5531 2.7773
5532 0.0000
5533 6.6392
5534 0.9782
5535 4.9629
5536 5.5826
5537 7.3073
5538 -2.2152
5539 0.0000
5540 -4.7974
5541 11.9730
5542 6.8506
5543 0.0000
5544 4.3431
5545 -5.0065
5546 2.1814
5547 -0.8842
5548 -0.0139
5549 -4.1949
5550 1.6293
5551 6.4966
5552 0.0000
5553 8.5074
5554 1.0923
5555 1.7386
5556 0.9551
5557 8.7787
5558 -1.0709
5559 0.0000
5560 -4.2519
5561 -1.7543
5562 2.2741
5563 0.0000
5564 6.1953
5565 -7.0507
5566 3.8779
5567 5.0170
5568 -2.4764
5569 8.3603
5570 2.9775
5571 6.3424
5572 0.0000
5573 9.5518
5574 3.5579
5575 -2.0313
5576 -6.4958
5577 1.5631
5578 0.1286
5579 0.0000
5580 -4.9715
5581 0.0000
5582 -1.5923
5583 0.0000
5584 6.7972
5585 7.2947
5586 1.5808
5587 6.1511
5588 4.2233
5589 5.5871
5590 0.4194
5591 -1.7752
5592 0.0000
5593 8.7030
5594 -2.8567
5595 7.5602
5596 4.9236
5597 5.9118
5598 3.7898
5599 0.0000
5600 -7.5484
5601 6.7686
5602 6.5208
5603 4.5459
5604 0.2253
5605 -0.2640
5606 0.0000
5607 0.9262
5608 -1.1394
5609 3.6020
5610 7.6458
5611 -1.4424
5612 1.7160
5613 0.0000
5614 -0.1091
5615 3.9207
5616 -1.0766
5617 -2.2338
5618 2.7772
5619 1.3845
5620 0.0000
5621 -0.2664
5622 12.4337
5623 5.5540
5624 -2.8436
5625 5.7774
5626 5.4095
5627 0.0000
5628 2.8561
5629 3.7901
5630 3.4344
5631 -1.0824
5632 0.3498
5633 7.8272
5634 0.0000
5635 -0.0625
5636 10.5736
5637 1.6584
5638 0.6343
5639 5.2369
5640 -4.5981
5641 0.0000
5642 -2.5446
5643 8.3457
5644 7.7402
5645 2.4921
5646 -1.7493
5647 6.4876
5648 0.0000
5649 2.6019
5650 8.4015
5651 3.6500
5652 6.5897
5653 10.7329
5654 0.5477
5655 0.0000
5656 5.6443
5657 0.6312
5658 0.1159
5659 5.2711
5660 -1.3257
5661 4.6817
5662 0.0000
5663 6.5313
5664 -0.6285
5665 2.4767
5666 6.9611
5667 2.8054
5668 2.1096
5669 0.0000
5670 7.8647
5671 5.2735
5672 6.4677
5673 9.9840
5674 13.0745
5675 11.7457
5676 0.0000
5677 -1.9377
5678 -0.8126
5679 0.9801
5680 2.5811
5681 4.9843
5682 7.4364
5683 0.0000
5684 12.3524
5685 8.8085
5686 3.3394
5687 2.9390
5688 -0.3536
5689 0.6306
5690 0.0000
5691 4.3037
5692 0.4546
5693 2.5970
5694 9.7137
5695 -0.8160
5696 1.5204
5697 0.0000
5698 0.4057
5699 0.0000
5700 1.9311
5701 0.0000
5702 15.3984
5703 0.0000
5704 5.9651
5705 -3.1831
5706 0.0000
5707 -9.0538
5708 12.5995
5709 1.0951
5710 6.3448
5711 0.0000
5712 2.8773
5713 -0.0757
5714 8.9045
5715 0.0000
5716 3.8202
5717 4.1530
5718 8.7769
5719 0.0000
5720 3.8300
5721 6.0251
5722 -0.5287
5723 6.8794
5724 1.5284
5725 6.4101
5726 5.2019
5727 9.3926
5728 7.6584
5729 0.0000
5730 -3.1413
5731 -0.2884
5732 4.9854
5733 1.0383
5734 8.7643
5735 1.3624
5736 0.0000
5737 2.9260
5738 6.6670
5739 4.4252
5740 -0.0312
5741 -7.0935
5742 2.3895
5743 0.0000
5744 -6.5780
5745 -0.3088
5746 2.2624
5747 8.6059
5748 2.5626
5749 0.2503
5750 0.0000
5751 -0.0735
5752 2.4234
5753 -2.0028
5754 5.3809
5755 3.5925
5756 0.2042
5757 0.0000
5758 -6.4275
5759 5.4056
5760 8.2098
5761 2.3647
5762 2.9877
5763 5.9686
5764 0.0000
5765 -2.2397
5766 0.9236
5767 11.1331
5768 7.2140
5769 9.2279
5770 2.1973
5771 0.0000
5772 -0.2516
5773 5.0672
5774 1.4256
5775 1.4079
5776 7.9455
5777 8.2038
5778 0.0000
5779 2.2122
5780 4.2051
5781 1.0688
5782 10.9968
5783 -5.7656
5784 8.7575
5785 0.0000
5786 1.9703
5787 7.6914
5788 4.8409
5789 6.7902
5790 0.4665
5791 -1.6763
5792 0.0000
5793 -2.5326
5794 3.8512
5795 2.6610
5796 1.6726
5797 -0.5090
5798 9.8125
5799 0.0000
5800 -4.0054
5801 1.1678
5802 0.7319
5803 3.1914
5804 1.7805
5805 3.9210
5806 0.0000
5807 -3.1943
5808 -9.4952
5809 0.0000
5810 5.0811
5811 -3.7170
5812 0.5431
5813 -4.9253
5814 3.1323
5815 11.5730
5816 -0.8155
5817 -6.7268
5818 0.0000
5819 2.1811
5820 8.0597
5821 0.0000
5822 1.3912
5823 0.0000
5824 -1.9564
5825 0.0000
5826 2.6188
5827 4.7095
5828 0.0000
5829 -4.5531
5830 5.1156
5831 0.0000
5832 3.3896
5833 7.7180
5834 0.6977
5835 0.0000
5836 7.5770
5837 1.7973
5838 0.0000
5839 7.1214
5840 1.3099
5841 4.5443
5842 0.0000
5843 6.1945
5844 3.1652
5845 0.0000
5846 1.3307
5847 7.6112
5848 3.2286
5849 0.0000
5850 -1.8662
5851 3.0604
5852 0.0000
5853 -1.2511
5854 4.1665
5855 6.4341
5856 0.0000
5857 -7.1847
5858 -3.4629
5859 0.0000
5860 4.4991
5861 6.9785
5862 5.5577
5863 0.0000
5864 7.1809
5865 12.3138
5866 0.0000
5867 1.5297
5868 -0.4957
5869 1.0668
5870 0.0000
5871 -6.2039
5872 1.4762
5873 0.0000
5874 0.9626
5875 -4.0903
5876 -0.7806
5877 0.0000
5878 -0.1387
5879 -0.2077
5880 0.0000
5881 -0.1184
5882 1.4644
5883 -8.9990
5884 0.0000
5885 5.0523
5886 6.7479
5887 0.0000
5888 3.6831
5889 4.3323
5890 11.3534
5891 0.0000
5892 -2.2521
5893 5.2488
5894 0.0000
5895 2.1934
5896 0.2117
5897 11.5158
5898 0.0000
5899 -4.0101
5900 5.9328
5901 0.0000
5902 0.9957
5903 5.1282
5904 5.2090
5905 0.0000
5906 -4.1418
5907 2.2643
5908 0.0000
5909 4.7636
5910 3.5769
5911 1.3512
5912 0.0000
5913 -4.1458
5914 2.9523
5915 0.0000
5916 7.7097
5917 12.5530
5918 10.6928
5919 0.0000
5920 -4.9987
5921 3.1326
5922 0.0000
5923 7.1390
5924 6.0118
5925 3.2833
5926 0.0000
5927 -1.1084
5928 9.1754
5929 0.0000
5930 -2.6446
5931 4.9210
5932 1.4723
5933 0.0000
5934 -3.2607
5935 0.2359
5936 0.0000
5937 2.1290
5938 1.7163
5939 -0.6742
5940 0.0000
5941 7.6276
5942 0.0000
5943 5.9660
5944 0.0000
5945 8.3576
5946 2.9442
5947 0.0000
5948 5.0243
5949 0.0000
5950 0.2882
5951 0.0000
5952 12.4467
5953 3.4387
5954 -1.9812
5955 0.0000
5956 5.8528
5957 10.7044
5958 3.2632
5959 0.0000
5960 4.5080
5961 3.3313
5962 -2.4760
5963 0.0000
5964 1.5156
5965 0.0000
5966 8.3213
5967 0.0000
5968 11.6376
5969 1.6861
5970 0.0000
5971 1.8689
5972 0.0000
5973 6.6453
5974 2.8688
5975 -2.4858
5976 -0.1244
5977 -0.6642
5978 -0.0977
5979 12.9202
5980 2.6555
5981 -1.3724
5982 6.5707
5983 2.4786
5984 3.9764
5985 4.6498
5986 4.3336
5987 0.4977
5988 4.6591
5989 0.0000
5990 -2.0410
5991 4.0910
5992 -4.8376
5993 -0.6929
5994 -1.1869
5995 4.5257
5996 6.6779
5997 4.3913
5998 0.0000
5999 12.6396
6000 1.4142
6001 -4.1680
6002 -2.8881
6003 5.4698
6004 -0.5828
6005 0.0000
6006 0.9553
6007 9.0650
6008 5.7579
6009 0.0000
6010 0.6387
6011 -0.7053
6012 8.5261
6013 8.2591
6014 -4.8247
6015 7.1156
6016 0.6925
6017 10.6486
6018 0.0000
6019 3.4670
6020 1.3681
6021 1.6496
6022 -3.4059
6023 -0.5458
6024 6.1661
6025 0.0000
6026 4.7049
6027 5.6644
6028 1.0212
6029 0.0000
6030 -2.2449
6031 3.7464
6032 3.9153
6033 3.4212
6034 -0.6885
6035 -2.5988
6036 -1.6019
6037 7.1788
6038 0.0000
6039 6.9443
6040 -3.7553
6041 13.4282
6042 5.2149
6043 8.9301
6044 -3.1660
6045 0.0000
6046 -0.8691
6047 -2.8354
6048 -0.3597
6049 0.0000
6050 6.6354
6051 -1.1145
6052 -2.8971
6053 -1.0432
6054 3.1410
6055 -2.6805
6056 1.2143
6057 3.1009
6058 0.0000
6059 1.0408
6060 3.8167
6061 0.1867
6062 3.1538
6063 -5.8764
6064 11.9694
6065 0.0000
6066 1.4392
6067 7.5462
6068 1.6712
6069 11.0455
6070 -1.2728
6071 -0.7206
6072 8.0852
6073 15.5449
6074 14.4847
6075 2.1203
6076 8.9887
6077 1.5756
6078 3.4036
6079 9.0904
6080 0.0000
6081 8.9853
6082 0.4155
6083 -4.1441
6084 3.8640
6085 2.7486
6086 0.1473
6087 -0.8321
6088 9.6916
6089 0.0000
6090 1.9247
6091 -6.7101
6092 -2.1249
6093 11.2562
6094 2.8727
6095 7.6332
6096 0.0000
6097 6.9537
6098 2.0044
6099 4.9339
6100 0.0000
6101 0.8651
6102 2.5563
6103 1.2772
6104 8.8319
6105 0.9946
6106 3.4746
6107 4.0064
6108 6.9656
6109 0.0000
6110 16.4379
6111 5.8160
6112 1.3917
6113 3.5753
6114 8.3171
6115 5.0220
6116 0.0000
6117 0.7323
6118 -0.5764
6119 5.2618
6120 0.0000
6121 7.6489
6122 4.7541
6123 1.8783
6124 -0.2191
6125 -4.7160
6126 13.6299
6127 5.6690
6128 3.8219
6129 0.0000
6130 7.2996
6131 8.5421
6132 3.3592
6133 1.4603
6134 7.6677
6135 9.7508
6136 0.0000
6137 -3.7594
6138 -1.4176
6139 3.4032
6140 0.0000
6141 8.2337
6142 3.8462
6143 5.8381
6144 7.8476
6145 -2.4022
6146 3.7336
6147 -3.9932
6148 1.0632
6149 0.0000
6150 2.7590
6151 -3.5285
6152 2.8393
6153 0.5299
6154 1.9029
6155 1.6675
6156 0.0000
6157 0.8520
6158 6.9276
6159 5.9204
6160 5.3205
6161 5.7386
6162 10.5406
6163 8.8114
6164 3.6569
6165 2.3319
6166 5.8081
6167 5.0481
6168 2.4747
6169 12.3951
6170 3.5190
6171 0.0000
6172 -2.7447
6173 6.6698
6174 8.6498
6175 1.6434
6176 2.3574
6177 -1.2388
6178 -2.0970
6179 1.6061
6180 0.0000
6181 1.8618
6182 5.6092
6183 10.4874
6184 6.1487
6185 -0.5067
6186 8.5323
6187 0.0000
6188 -1.9305
6189 2.0940
6190 3.0741
6191 0.0000
6192 3.0006
6193 -3.3511
6194 8.3879
6195 -0.0554
6196 -2.7518
6197 -4.3865
6198 0.3291
6199 4.2875
6200 0.0000
6201 6.6932
6202 4.6937
6203 7.8863
6204 8.3843
6205 5.5805
6206 4.3997
6207 0.0000
6208 -2.1426
6209 10.9173
6210 -1.3474
6211 0.0000
6212 -1.7288
6213 0.8509
6214 -1.8190
6215 -1.8167
6216 3.3597
6217 5.7735
6218 -1.0538
6219 0.4824
6220 0.0000
6221 -4.0081
6222 4.9245
6223 7.3880
6224 16.8190
6225 13.9736
6226 2.3056
6227 0.0000
6228 1.9132
6229 8.2613
6230 6.1419
6231 0.0000
6232 9.3748
6233 0.9439
6234 10.4371
6235 6.0042
6236 -3.0899
6237 15.1727
6238 8.5154
6239 -4.2849
6240 0.0000
6241 1.5703
6242 5.2853
6243 -1.0335
6244 3.4588
6245 4.3982
6246 0.4607
6247 0.0000
6248 3.6327
6249 9.8596
6250 3.8615
6251 4.4149
6252 4.2915
6253 8.1595
6254 -1.0599
6255 1.3688
6256 -0.4375
6257 7.3755
6258 6.1423
6259 5.6382
6260 7.5312
6261 10.0959
6262 0.0000
6263 -1.6409
6264 5.2080
6265 13.1800
6266 1.2027
6267 -4.1314
6268 9.9233
6269 2.3721
6270 8.3786
6271 0.0000
6272 9.0213
6273 2.2507
6274 0.5822
6275 2.4608
6276 -1.2350
6277 3.1008
6278 0.0000
6279 -5.6940
6280 7.9657
6281 7.8657
6282 0.0000
6283 1.5915
6284 3.7507
6285 3.1803
6286 -1.0720
6287 1.5720
6288 14.4374
6289 7.3577
6290 -0.5702
6291 0.0000
6292 3.1543
6293 6.0557
6294 1.3888
6295 0.0654
6296 3.4869
6297 6.9461
6298 0.0000
6299 -2.1459
6300 0.5252
6301 4.3418
6302 0.0000
6303 7.3460
6304 10.7545
6305 -0.2749
6306 -7.6109
6307 1.3607
6308 5.9978
6309 -1.1109
6310 -3.0503
6311 0.0000
6312 -1.1713
6313 -4.0119
6314 -0.8241
6315 8.5078
6316 4.5436
6317 -1.9272
6318 0.0000
6319 -6.0843
6320 -4.8967
6321 -4.1340
6322 0.0000
6323 6.9899
6324 1.6317
6325 -0.4870
6326 6.9920
6327 6.5271
6328 -0.0636
6329 3.2677
6330 5.1620
6331 0.0000
6332 5.7807
6333 2.9742
6334 8.2024
6335 1.1047
6336 -6.3119
6337 1.6615
6338 0.0000
6339 -3.8187
6340 0.0000
6341 2.4445
6342 0.0000
6343 9.6337
6344 2.0350
6345 6.2218
6346 -0.3060
6347 6.4976
6348 2.9833
6349 -3.2643
6350 3.4086
6351 0.0000
6352 2.2258
6353 -1.3598
6354 -1.1880
6355 0.1758
6356 5.7140
6357 3.5780
6358 0.0000
6359 2.6180
6360 10.0507
6361 4.2122
6362 5.0342
6363 -2.4543
6364 -3.1659
6365 0.0000
6366 1.0045
6367 8.2811
6368 -4.2096
6369 1.3960
6370 0.2016
6371 2.0035
6372 0.0000
6373 5.8539
6374 7.4035
6375 0.2852
6376 6.6497
6377 2.3068
6378 2.5474
6379 0.0000
6380 9.1351
6381 5.0495
6382 8.1512
6383 0.5064
6384 3.7550
6385 -2.5870
6386 0.0000
6387 1.4641
6388 3.2675
6389 1.9387
6390 6.1487
6391 8.4751
6392 10.8087
6393 0.0000
6394 6.7280
6395 -2.3593
6396 2.6485
6397 -0.3081
6398 0.0968
6399 1.9235
6400 0.0000
6401 4.8840
6402 7.7237
6403 -3.8613
6404 -1.6603
6405 1.6619
6406 6.6410
6407 0.0000
6408 -3.1825
6409 11.8300
6410 3.5368
6411 3.4521
6412 3.9100
6413 -3.0540
6414 0.0000
6415 6.2610
6416 6.4854
6417 0.2945
6418 2.9429
6419 8.1119
6420 3.9276
6421 0.0000
6422 1.2890
6423 0.6928
6424 6.5112
6425 6.1166
6426 2.8732
6427 0.8260
6428 0.0000
6429 -1.4580
6430 4.7636
6431 6.1887
6432 6.7488
6433 2.7948
6434 3.0642
6435 0.0000
6436 5.9556
6437 4.3566
6438 8.3657
6439 1.7906
6440 12.7458
6441 1.2436
6442 0.0000
6443 -0.5935
6444 5.9305
6445 6.6893
6446 1.6970
6447 1.2732
6448 7.6797
6449 0.0000
6450 3.8781
6451 -0.4542
6452 4.1840
6453 10.5841
6454 -1.0859
6455 0.0296
6456 0.0000
6457 10.3467
6458 0.0000
6459 9.3974
6460 0.0000
6461 2.9328
6462 0.0000
6463 3.4977
6464 5.4122
6465 0.0000
6466 14.7619
6467 1.4942
6468 1.9740
6469 10.2386
6470 0.0000
6471 2.5711
6472 8.7305
6473 5.1412
6474 0.0000
6475 5.2216
6476 5.9856
6477 11.5451
6478 0.0000
6479 -0.4751
6480 2.4256
6481 5.5868
6482 7.3486
6483 1.7303
6484 -7.4223
6485 0.5696
6486 10.6801
6487 -0.4481
6488 0.0000
6489 0.9424
6490 8.2818
6491 9.1402
6492 12.1494
6493 2.5557
6494 5.8332
6495 0.0000
6496 9.0151
6497 2.7157
6498 8.3115
6499 9.7031
6500 3.8390
6501 8.5595
6502 0.0000
6503 0.7581
6504 4.7493
6505 -1.6909
6506 5.4370
6507 -0.5561
6508 0.3530
6509 0.0000
6510 -5.5734
6511 6.4448
6512 1.5837
6513 3.0843
6514 4.2382
6515 -2.4172
6516 0.0000
6517 2.6945
6518 3.6524
6519 9.4357
6520 9.7385
6521 5.0509
6522 6.8967
6523 0.0000
6524 2.5951
6525 4.0235
6526 10.6601
6527 -1.3779
6528 1.5595
6529 -0.9541
6530 0.0000
6531 2.2010
6532 1.8448
6533 3.9239
6534 4.5727
6535 -3.9841
6536 3.3796
6537 0.0000
6538 -3.8854
6539 1.9506
6540 7.9729
6541 0.3443
6542 2.1417
6543 -0.0395
6544 0.0000
6545 -3.2113
6546 6.4359
6547 11.4478
6548 6.0381
6549 7.3055
6550 -6.0357
6551 0.0000
6552 1.0810
6553 2.5445
6554 4.2955
6555 -4.2610
6556 6.3236
6557 0.0919
6558 0.0000
6559 -1.1375
6560 -2.6657
6561 8.0843
6562 3.2649
6563 6.8138
6564 4.7660
6565 0.0000
6566 0.5681
6567 7.9542
6568 0.0000
6569 3.5828
6570 5.5976
6571 1.2989
6572 3.1101
6573 3.3710
6574 5.3477
6575 -0.4894
6576 10.0789
6577 0.0000
6578 2.3260
6579 6.1292
6580 0.0000
6581 6.2472
6582 0.0000
6583 -5.0748
6584 0.0000
6585 0.7842
6586 7.7440
6587 0.0000
6588 9.6432
6589 2.9831
6590 0.0000
6591 -0.6463
6592 8.0435
6593 6.2527
6594 0.0000
6595 -0.3858
6596 7.9674
6597 0.0000
6598 8.3758
6599 3.1191
6600 1.4887
6601 0.0000
6602 7.6811
6603 7.3904
6604 0.0000
6605 2.2467
6606 5.4362
6607 5.5305
6608 0.0000
6609 -1.0566
6610 1.5042
6611 0.0000
6612 1.6078
6613 7.3734
6614 -1.9312
6615 0.0000
6616 3.0225
6617 2.9084
6618 0.0000
6619 7.2974
6620 0.8993
6621 0.7383
6622 0.0000
6623 1.9805
6624 2.5743
6625 0.0000
6626 -2.1123
6627 8.0744
6628 3.5505
6629 0.0000
6630 4.8073
6631 7.0625
6632 0.0000
6633 6.7920
6634 9.5523
6635 5.6331
6636 0.0000
6637 -0.4796
6638 1.7815
6639 0.0000
6640 3.9539
6641 6.7424
6642 -2.4511
6643 0.0000
6644 -5.4189
6645 1.0800
6646 0.0000
6647 3.9079
6648 -0.3730
6649 8.4020
6650 0.0000
6651 -1.8778
6652 -4.1613
6653 0.0000
6654 -0.6000
6655 0.4892
6656 -7.8166
6657 0.0000
6658 -3.4104
6659 0.3507
6660 0.0000
6661 6.4677
6662 4.6052
6663 1.2800
6664 0.0000
6665 1.9896
6666 5.8282
6667 0.0000
6668 7.3891
6669 7.5121
6670 8.6473
6671 0.0000
6672 -1.6702
6673 4.8274
6674 0.0000
6675 10.8147
6676 6.7449
6677 5.8315
6678 0.0000
6679 2.0576
6680 -3.0312
6681 0.0000
6682 -2.1772
6683 5.1890
6684 1.1926
6685 0.0000
6686 0.1636
6687 6.4129
6688 0.0000
6689 4.6358
6690 -1.8421
6691 9.3327
6692 0.0000
6693 0.1346
6694 3.4922
6695 0.0000
6696 4.6566
6697 5.5143
6698 4.6658
6699 0.0000
6700 5.1699
6701 0.0000
6702 -2.0019
6703 0.0000
6704 1.2535
6705 4.6236
6706 0.0000
6707 -2.1631
6708 0.0000
6709 -3.2930
6710 0.0000
6711 0.6504
6712 4.6741
6713 4.2393
6714 0.0000
6715 6.5851
6716 7.2633
6717 6.8341
6718 0.0000
6719 4.8149
6720 9.4039
6721 0.7167
6722 0.0000
6723 1.3662
6724 0.0000
6725 6.0565
6726 0.0000
6727 6.3633
6728 -3.6972
6729 0.0000
6730 7.3287
6731 0.0000
6732 12.4957
6733 4.3886
6734 1.1108
6735 3.7660
6736 3.3728
6737 6.1226
6738 7.9468
6739 -0.7271
6740 3.2406
6741 0.8939
6742 6.8869
6743 3.2467
6744 0.3815
6745 -3.7352
6746 1.7617
6747 -1.4405
6748 0.0000
6749 -1.7719
6750 2.0094
6751 -0.7701
6752 10.5742
6753 0.3568
6754 -4.6463
6755 -3.0403
6756 12.3652
6757 0.0000
6758 -1.8328
6759 4.3839
6760 4.4998
6761 1.3518
6762 -0.2203
6763 -0.2796
6764 0.0000
6765 0.5830
6766 1.4829
6767 0.5320
6768 0.0000
6769 2.7683
6770 -3.1677
6771 -0.3667
6772 8.5825
6773 -2.7478
6774 9.9487
6775 1.0996
6776 -0.1187
6777 0.0000
6778 10.2418
6779 2.0669
6780 2.3402
6781 0.6240
6782 6.5621
6783 7.7853
6784 0.0000
6785 -1.4223
6786 3.6770
6787 2.4116
6788 0.0000
6789 1.7300
6790 -3.6198
6791 -5.3870
6792 3.4845
6793 11.7743
6794 10.8118
6795 2.6970
6796 8.3787
6797 0.0000
6798 -1.6173
6799 -3.6950
6800 3.5858
6801 0.4392
6802 1.8619
6803 4.3952
6804 0.0000
6805 10.6881
6806 2.0885
6807 8.2362
6808 0.0000
6809 3.8028
6810 2.7929
6811 2.6335
6812 2.1991
6813 -4.0933
6814 13.9995
6815 3.4875
6816 1.9431
6817 0.0000
6818 0.1933
6819 -4.2880
6820 -1.8861
6821 8.9163
6822 4.7402
6823 8.5568
6824 0.0000
6825 0.2908
6826 6.5346
6827 3.5109
6828 4.4950
6829 -0.8745
6830 7.3463
6831 -3.4611
6832 0.2382
6833 2.1722
6834 4.1629
6835 8.5281
6836 -0.8906
6837 4.6014
6838 -3.3679
6839 0.0000
6840 -1.9213
6841 2.8308
6842 2.4501
6843 11.9771
6844 -2.7891
6845 13.1540
6846 7.1211
6847 10.7736
6848 0.0000
6849 3.0402
6850 8.8941
6851 8.8865
6852 3.0650
6853 0.8029
6854 -1.5439
6855 0.0000
6856 -3.8098
6857 4.2107
6858 6.4950
6859 0.0000
6860 4.4291
6861 -0.3552
6862 0.3326
6863 2.7004
6864 -5.8812
6865 -2.7202
6866 7.9798
6867 3.6290
6868 0.0000
6869 7.3114
6870 2.5532
6871 6.8059
6872 6.7525
6873 5.4431
6874 6.1980
6875 0.0000
6876 3.6111
6877 6.9951
6878 7.0475
6879 0.0000
6880 3.9258
6881 9.5205
6882 2.0909
6883 8.5352
6884 7.5367
6885 -0.7295
6886 1.7359
6887 0.4779
6888 0.0000
6889 5.8626
6890 -1.1714
6891 2.1375
6892 5.4996
6893 2.4930
6894 5.8997
6895 0.0000
6896 0.9528
6897 7.3095
6898 6.9671
6899 0.0000
6900 6.7699
6901 5.7864
6902 4.2765
6903 10.3095
6904 -0.5955
6905 5.2115
6906 9.6040
6907 4.2498
6908 0.0000
6909 2.1123
6910 3.8731
6911 4.8146
6912 14.6658
6913 1.1808
6914 7.4675
6915 0.0000
6916 1.6634
6917 8.8329
6918 -2.4328
6919 -0.8922
6920 -2.0394
6921 1.0449
6922 -3.6779
6923 0.9103
6924 7.4435
6925 -2.5026
6926 7.0051
6927 3.1174
6928 7.7827
6929 0.4206
6930 0.0000
6931 -4.2855
6932 3.2962
6933 -0.8712
6934 7.3949
6935 -0.3036
6936 11.2695
6937 0.7031
6938 2.9506
6939 0.0000
6940 2.6635
6941 -1.8407
6942 7.9691
6943 4.1920
6944 5.6858
6945 3.0584
6946 0.0000
6947 0.2668
6948 3.1368
6949 13.1785
6950 0.0000
6951 4.5663
6952 4.0059
6953 4.3209
6954 4.5990
6955 -0.9671
6956 8.9852
6957 9.1140
6958 2.2916
6959 0.0000
6960 4.4069
6961 2.6709
6962 5.7091
6963 2.4360
6964 -1.1524
6965 8.3300
6966 0.0000
6967 1.9547
6968 2.4388
6969 -1.8288
6970 0.0000
6971 2.7079
6972 -4.5458
6973 -1.4872
6974 11.1546
6975 0.3365
6976 -0.5633
6977 -3.3908
6978 5.9008
6979 0.0000
6980 7.2883
6981 2.2669
6982 7.3843
6983 4.1252
6984 8.9611
6985 -0.4447
6986 0.0000
6987 2.0584
6988 5.8973
6989 10.0302
6990 0.0000
6991 4.8331
6992 5.0992
6993 4.5605
6994 -0.8450
6995 3.1548
6996 0.8579
6997 1.2371
6998 0.1879
6999 0.0000
7000 6.1290
7001 4.5997
7002 5.3615
7003 3.9297
7004 6.7278
7005 10.0321
7006 0.0000
7007 8.4283
7008 12.1182
7009 11.7925
7010 -1.2518
7011 1.5501
7012 6.9502
7013 7.7270
7014 7.5628
7015 2.3854
7016 11.9026
7017 9.0143
7018 2.0788
7019 4.6714
7020 2.9602
7021 0.0000
7022 -2.2635
7023 5.2048
7024 9.2638
7025 -2.8674
7026 2.7562
7027 6.7088
7028 0.5707
7029 10.3319
7030 0.0000
7031 8.1505
7032 10.5170
7033 5.2520
7034 0.9788
7035 -3.4787
7036 11.6034
7037 0.0000
7038 9.6292
7039 1.3492
7040 3.8791
7041 0.0000
7042 7.0441
7043 -2.1391
7044 -2.6581
7045 7.5631
7046 -0.5058
7047 1.3569
7048 1.9288
7049 2.5072
7050 0.0000
7051 1.7868
7052 3.9550
7053 6.8225
7054 5.4893
7055 -2.6937
7056 0.0900
7057 0.0000
7058 0.4346
7059 -1.6395
7060 3.2661
7061 0.0000
7062 4.3673
7063 -8.2326
7064 3.3607
7065 2.5239
7066 -1.7745
7067 -0.1413
7068 -5.8535
7069 2.1998
7070 0.0000
7071 8.5340
7072 2.9623
7073 8.7715
7074 1.0860
7075 10.5631
7076 3.7684
7077 0.0000
7078 5.9417
7079 4.7914
7080 6.4117
7081 0.0000
7082 0.0876
7083 0.1347
7084 5.6156
7085 0.9159
7086 -4.9376
7087 17.6211
7088 2.6216
7089 5.9299
7090 0.0000
7091 6.0713
7092 3.1037
7093 -1.5044
7094 2.8328
7095 -1.1490
7096 0.5553
7097 0.0000
7098 -5.7227
7099 0.0000
7100 8.5085
7101 0.0000
7102 10.9501
7103 6.8600
7104 5.6209
7105 1.9150
7106 12.8322
7107 0.5206
7108 1.0191
7109 4.2158
7110 0.0000
7111 2.1845
7112 -2.0249
7113 -6.7692
7114 5.0365
7115 1.8542
7116 1.7354
7117 0.0000
7118 4.5901
7119 3.5737
7120 8.0800
7121 7.7525
7122 5.9370
7123 2.7487
7124 0.0000
7125 0.2252
7126 5.8220
7127 7.3636
7128 -0.5569
7129 3.7036
7130 1.4396
7131 0.0000
7132 3.9265
7133 3.4258
7134 3.7401
7135 4.2085
7136 -5.0140
7137 -1.1451
7138 0.0000
7139 0.4406
7140 3.7967
7141 3.8413
7142 1.9027
7143 5.2826
7144 4.7090
7145 0.0000
7146 -0.1090
7147 4.0674
7148 4.1746
7149 13.7470
7150 3.6260
7151 0.7568
7152 0.0000
7153 1.4359
7154 2.3771
7155 1.9195
7156 2.4960
7157 3.9691
7158 -1.8693
7159 0.0000
7160 -2.4761
7161 6.1133
7162 13.0043
7163 11.5593
7164 9.4700
7165 9.1544
7166 0.0000
7167 -2.5604
7168 4.9843
7169 0.0744
7170 -1.8448
7171 9.8956
7172 1.2773
7173 0.0000
7174 0.0072
7175 4.7876
7176 -0.3959
7177 7.9213
7178 4.7449
7179 -1.0614
7180 0.0000
7181 1.4381
7182 6.1202
7183 0.1648
7184 5.9932
7185 4.9360
7186 -1.6170
7187 0.0000
7188 -7.7569
7189 4.8596
7190 -0.2394
7191 0.1960
7192 7.7248
7193 6.7132
7194 0.0000
7195 1.5611
7196 4.7520
7197 1.3261
7198 6.5323
7199 3.3127
7200 5.9561
7201 0.0000
7202 -0.5538
7203 1.9979
7204 11.3040
7205 10.1361
7206 9.4711
7207 0.1803
7208 0.0000
7209 3.6222
7210 8.1994
7211 2.3238
7212 8.7561
7213 0.1368
7214 1.1815
7215 0.0000
7216 7.6977
7217 0.0000
7218 2.3676
7219 0.0000
7220 6.1847
7221 0.0000
7222 4.6812
7223 2.5948
7224 0.0000
7225 3.5344
7226 -2.0410
7227 5.9046
7228 -0.8957
7229 0.0000
7230 6.1066
7231 7.5703
7232 5.4450
7233 0.0000
7234 3.7722
7235 4.7967
7236 -2.3061
7237 0.0000
7238 9.2920
7239 8.0974
7240 3.8471
7241 2.1433
7242 5.2916
7243 3.9060
7244 3.4466
7245 -4.2594
7246 -4.3754
7247 0.0000
7248 7.1870
7249 -1.8143
7250 5.3480
7251 8.2394
7252 4.8310
7253 3.0084
7254 0.0000
7255 8.5479
7256 10.9118
7257 -0.1451
7258 5.4054
7259 -3.1603
7260 13.7474
7261 0.0000
7262 1.4663
7263 5.3408
7264 -1.8692
7265 -0.0031
7266 -1.6207
7267 -1.5318
7268 0.0000
7269 4.5568
7270 4.1401
7271 7.2596
7272 -5.2297
7273 -2.5933
7274 -3.6780
7275 0.0000
7276 -7.2078
7277 0.2277
7278 3.9030
7279 7.8687
7280 3.9737
7281 7.4011
7282 0.0000
7283 -4.6831
7284 -0.4173
7285 6.0324
7286 3.7493
7287 -2.3928
7288 8.4152
7289 0.0000
7290 -2.2941
7291 7.1917
7292 -3.7370
7293 4.5106
7294 -3.5340
7295 5.0484
7296 0.0000
7297 -0.6780
7298 3.2218
7299 1.0140
7300 2.7804
7301 10.4104
7302 7.2473
7303 0.0000
7304 -5.1107
7305 5.5436
7306 1.4719
7307 9.0469
7308 6.5926
7309 1.5790
7310 0.0000
7311 9.6266
7312 1.0134
7313 -1.1665
7314 3.0750
7315 4.3867
7316 8.0540
7317 0.0000
7318 2.9322
7319 9.5255
7320 1.2331
7321 5.7320
7322 2.8520
7323 8.5711
7324 0.0000
7325 2.1618
7326 7.8530
7327 0.0000
7328 1.4832
7329 4.7279
7330 6.4393
7331 4.4019
7332 -5.9062
7333 3.1875
7334 1.0246
7335 7.2169
7336 0.0000
7337 4.0799
7338 6.5073
7339 0.0000
7340 3.0739
7341 0.0000
7342 3.6294
7343 0.0000
7344 9.7843
7345 -3.8213
7346 0.0000
7347 0.7917
7348 0.9682
7349 0.0000
7350 2.5944
7351 3.3211
7352 5.4944
7353 0.0000
7354 0.2154
7355 2.9199
7356 0.0000
7357 2.0245
7358 0.6138
7359 0.1385
7360 0.0000
7361 -5.5594
7362 4.8219
7363 0.0000
7364 5.1782
7365 3.9002
7366 -7.1826
7367 0.0000
7368 4.5822
7369 5.1357
7370 0.0000
7371 2.9839
7372 7.7382
7373 4.6124
7374 0.0000
7375 -3.4192
7376 3.0988
7377 0.0000
7378 8.7384
7379 7.8724
7380 12.4367
7381 0.0000
7382 -3.2833
7383 3.0971
7384 0.0000
7385 6.9209
7386 2.5972
7387 1.9197
7388 0.0000
7389 1.2715
7390 2.3877
7391 0.0000
7392 2.4089
7393 12.9635
7394 5.8814
7395 0.0000
7396 3.4689
7397 3.0928
7398 0.0000
7399 -0.2088
7400 -4.7313
7401 7.8057
7402 0.0000
7403 -3.8996
7404 10.7183
7405 0.0000
7406 7.3589
7407 0.3923
7408 5.7014
7409 0.0000
7410 5.4879
7411 -1.1537
7412 0.0000
7413 0.4651
7414 2.2474
7415 2.8482
7416 0.0000
7417 9.4414
7418 -2.7651
7419 0.0000
7420 -3.6575
7421 0.9231
7422 8.2063
7423 0.0000
7424 0.8723
7425 7.2077
7426 0.0000
7427 4.9204
7428 1.1037
7429 4.0545
7430 0.0000
7431 2.1669
7432 2.9509
7433 0.0000
7434 6.8619
7435 2.1888
7436 7.1259
7437 0.0000
7438 7.2147
7439 0.4879
7440 0.0000
7441 13.6434
7442 2.8304
7443 7.4634
7444 0.0000
7445 4.4746
7446 6.4563
7447 0.0000
7448 2.1301
7449 4.9179
7450 7.1980
7451 0.0000
7452 -2.0021
7453 6.8266
7454 0.0000
7455 1.2673
7456 7.1260
7457 2.9600
7458 0.0000
7459 3.9028
7460 0.0000
7461 8.5080
7462 0.0000
7463 4.0960
7464 -2.5856
7465 0.0000
7466 0.8444
7467 0.0000
7468 8.2018
7469 0.0000
7470 -2.8125
7471 1.6216
7472 0.8257
7473 0.0000
7474 -3.2465
7475 7.0413
7476 3.7812
7477 0.0000
7478 5.1341
7479 5.0462
7480 4.8792
7481 0.0000
7482 15.5171
7483 0.0000
7484 -3.8626
7485 0.0000
7486 5.0090
7487 3.5406
7488 0.0000
7489 5.5590
7490 0.0000
7491 5.1487
7492 11.1541
7493 -5.6179
7494 6.7695
7495 5.4625
7496 2.0217
7497 6.5144
7498 6.2329
7499 0.0000
7500 -0.0212
7501 5.0347
7502 0.3803
7503 7.3054
7504 -1.4175
7505 -0.9576
7506 0.0000
7507 8.4192
7508 -1.6464
7509 3.6240
7510 8.4069
7511 6.7446
7512 11.2283
7513 0.0000
7514 -4.0450
7515 4.2507
7516 6.9557
7517 1.4322
7518 -2.5578
7519 6.8788
7520 0.0000
7521 -2.9110
7522 6.4087
7523 -1.4498
7524 4.7848
7525 -4.3280
7526 2.8379
7527 0.0000
7528 0.8270
7529 3.9699
7530 -3.7091
7531 0.2991
7532 3.6747
7533 -2.9037
7534 0.0000
7535 0.2346
7536 1.6647
7537 3.7178
7538 2.1867
7539 -1.0321
7540 -3.7225
7541 0.0000
7542 4.6556
7543 1.5149
7544 8.9477
7545 6.1075
7546 0.8360
7547 -1.1041
7548 0.0000
7549 -5.7187
7550 4.0623
7551 4.9230
7552 2.5038
7553 5.6301
7554 0.5261
7555 0.0000
7556 5.3378
7557 5.5585
7558 1.5873
7559 1.6380
7560 2.7914
7561 0.7382
7562 0.0000
7563 1.3736
7564 2.9515
7565 -1.3371
7566 -3.5250
7567 -0.2489
7568 3.4802
7569 0.0000
7570 8.7101
7571 8.4082
7572 2.3566
7573 4.0744
7574 -4.1651
7575 -2.0120
7576 0.0000
7577 7.8429
7578 -3.8551
7579 7.5692
7580 2.5250
7581 13.4056
7582 -5.3878
7583 0.0000
7584 -1.0904
7585 11.7704
7586 12.9433
7587 12.9417
7588 6.6691
7589 5.0829
7590 0.0000
7591 -4.5564
7592 2.3957
7593 -0.5200
7594 -4.3926
7595 10.1243
7596 4.3545
7597 0.0000
7598 0.9465
7599 3.1058
7600 0.6947
7601 3.9106
7602 -3.5600
7603 2.1633
7604 0.0000
7605 5.3093
7606 0.0000
7607 5.8408
7608 4.1584
7609 0.0000
7610 -2.2251
7611 -5.1359
7612 0.0000
7613 0.8704
7614 8.7638
7615 0.0000
7616 -4.7853
7617 0.0000
7618 -3.2312
7619 16.6370
7620 0.0000
7621 -0.0076
7622 1.9349
7623 0.0000
7624 -2.1016
7625 0.0000
7626 1.7824
7627 7.8951
7628 0.0000
7629 6.4824
7630 -0.2404
7631 0.0000
7632 9.1932
7633 0.0000
7634 2.6400
7635 2.7733
7636 0.0000
7637 -1.5920
7638 4.2675
7639 0.0000
7640 -5.2137
7641 0.0000
7642 -0.7917
7643 8.0628
7644 0.0000
7645 5.0357
7646 1.7716
7647 0.0000
7648 4.1964
7649 0.0000
7650 -3.7718
7651 1.2983
7652 0.0000
7653 -2.2138
7654 0.5566
7655 0.0000
7656 0.2616
7657 0.0000
7658 2.5749
7659 11.6562
7660 0.0000
7661 4.1109
7662 5.1497
7663 0.0000
7664 8.8890
7665 0.0000
7666 0.5146
7667 3.8422
7668 0.0000
7669 -4.3717
7670 5.4022
7671 0.0000
7672 1.8736
7673 0.0000
7674 -6.5281
7675 3.1685
7676 0.0000
7677 7.6342
7678 4.8107
7679 0.0000
7680 0.2965
7681 0.0000
7682 -6.0566
7683 -0.4013
7684 0.0000
7685 -3.5537
7686 3.8790
7687 0.0000
7688 0.2811
7689 0.0000
7690 0.5227
7691 6.5686
7692 0.0000
7693 -1.7090
7694 4.2961
7695 0.0000
7696 1.1808
7697 0.0000
7698 0.1391
7699 9.3847
7700 0.0000
7701 6.2885
7702 4.9837
7703 0.0000
7704 2.1353
7705 0.0000
7706 1.3564
7707 10.1375
7708 0.0000
7709 2.4889
7710 4.5049
7711 0.0000
7712 10.1671
7713 0.0000
7714 1.9161
7715 6.7505
7716 0.0000
7717 7.4928
7718 10.2124
7719 0.0000
7720 6.5705
7721 0.0000
7722 0.8359
7723 0.6188
7724 0.0000
7725 -1.3437
7726 4.5191
7727 0.0000
7728 11.4651
7729 0.0000
7730 6.4642
7731 5.7106
7732 0.0000
7733 3.5600
7734 -10.1994
7735 0.0000
7736 -5.6998
7737 0.0000
7738 7.6977
7739 0.0000
7740 2.2329
