# input  : 16 : 74 24 17 5A AA 4B 8A 73 86 D4 53 F1 EA 7F E6 A2 
# output : 16 : F5 F3 CB 15 93 94 0B FC 0C 6B 43 89 93 65 0F 04 
# cycles : 7740
1 0.0000
2 -1.2986
3 6.2320
4 0.0000
5 -2.4734
6 0.0000
7 5.2111
8 9.0268
9 0.0000
10 -1.1509
11 -1.0911
12 0.0000
13 5.3791
14 0.0000
15 0.0775
16 -2.2531
17 0.0000
18 1.3193
19 2.8259
20 0.0000
21 2.7804
22 0.0000
23 -0.3189
24 3.8961
25 0.0000
26 3.2288
27 3.5131
28 0.0000
29 0.2367
30 0.0000
31 5.1525
32 2.4753
33 0.0000
34 -3.8105
35 0.5033
36 0.0000
37 2.6062
38 0.0000
39 -3.8573
40 2.6190
41 0.0000
42 1.4626
43 6.7057
44 0.0000
45 -2.9519
46 0.0000
47 -1.6796
48 5.2788
49 0.0000
50 -2.8907
51 4.2567
52 0.0000
53 -6.0998
54 0.0000
55 3.3196
56 5.6861
57 0.0000
58 -1.0016
59 -1.3701
60 0.0000
61 -1.7373
62 0.0000
63 3.1136
64 6.1568
65 0.0000
66 -3.3281
67 -3.5076
68 0.0000
69 5.9253
70 0.0000
71 4.1703
72 -3.0047
73 0.0000
74 5.0098
75 8.8839
76 0.0000
77 -3.1465
78 0.0000
79 3.2701
80 6.9461
81 0.0000
82 2.7783
83 5.8293
84 0.0000
85 -2.5617
86 0.0000
87 7.2144
88 6.6852
89 0.0000
90 2.8197
91 5.0288
92 0.0000
93 -2.8260
94 0.0000
95 8.8756
96 11.2707
97 0.0000
98 4.9411
99 -1.8264
100 0.0000
101 4.5709
102 0.0000
103 7.7145
104 9.7691
105 0.0000
106 0.0780
107 -4.2217
108 0.0000
109 -5.8807
110 0.0000
111 8.8055
112 10.6802
113 0.0000
114 -1.9509
115 -1.1751
116 0.0000
117 6.1579
118 0.0000
119 7.2918
120 5.2545
121 0.0000
122 2.0736
123 6.0354
124 0.0000
125 -1.9781
126 0.0000
127 -1.4850
128 2.9175
129 0.0000
130 3.6814
131 2.9462
132 0.0000
133 -1.5879
134 0.0000
135 5.6048
136 -0.5675
137 0.0000
138 2.2371
139 0.1240
140 -4.0128
141 0.0000
142 0.2982
143 4.6826
144 5.1445
145 0.2338
146 0.0000
147 -6.1134
148 4.4166
149 0.0000
150 2.0615
151 9.2730
152 -0.5913
153 1.3656
154 0.0000
155 1.7491
156 -1.4641
157 0.0000
158 4.0260
159 3.0718
160 2.0564
161 2.7001
162 0.0000
163 -2.6255
164 -0.4215
165 0.0000
166 11.0731
167 -2.1193
168 1.2464
169 1.0556
170 0.0000
171 -1.1477
172 -7.1675
173 0.0000
174 13.2033
175 5.0151
176 -2.4940
177 4.3980
178 0.0000
179 2.1502
180 0.6185
181 0.0000
182 -0.5509
183 10.5775
184 7.8544
185 0.2530
186 0.0000
187 -1.1154
188 6.7020
189 0.0000
190 0.0885
191 5.7059
192 5.5718
193 -1.2840
194 0.0000
195 1.0632
196 9.7406
197 0.0000
198 6.4467
199 9.9826
200 -2.4238
201 6.5937
202 0.0000
203 3.4400
204 7.6054
205 0.0000
206 5.3847
207 7.5870
208 14.9446
209 -5.8596
210 0.0000
211 -3.4574
212 0.9118
213 0.0000
214 7.2468
215 2.2765
216 -3.6783
217 4.0141
218 0.0000
219 -6.5114
220 -1.1550
221 0.0000
222 9.4142
223 -3.6165
224 0.0672
225 4.6003
226 0.0000
227 6.0465
228 3.1573
229 0.0000
230 -0.8073
231 6.3069
232 4.5427
233 -1.2601
234 0.0000
235 7.5131
236 4.3517
237 0.0000
238 -2.2963
239 -2.4494
240 2.4809
241 5.7983
242 0.0000
243 -1.3337
244 5.8871
245 0.0000
246 -0.6140
247 0.9990
248 2.8266
249 4.6497
250 0.0000
251 13.3448
252 4.1965
253 0.0000
254 4.4650
255 9.0571
256 6.9562
257 4.7523
258 0.0000
259 5.8814
260 4.3998
261 0.0000
262 6.2917
263 -1.1760
264 8.8152
265 -9.0147
266 0.0000
267 1.8767
268 3.7969
269 0.0000
270 -0.7500
271 0.0000
272 3.9979
273 -1.9415
274 -2.5366
275 -1.0215
276 6.0962
277 2.2891
278 3.2466
279 4.6436
280 0.0000
281 -0.1385
282 -6.7070
283 -0.9260
284 4.8551
285 3.9274
286 -0.9159
287 0.0000
288 5.5691
289 4.4126
290 -4.1697
291 -5.3947
292 7.0618
293 7.9230
294 0.0000
295 2.3363
296 -4.3567
297 6.6651
298 -1.7223
299 11.0429
300 3.9397
301 0.0000
302 0.6389
303 4.3654
304 4.4043
305 4.1369
306 7.4776
307 1.4853
308 0.0000
309 3.0865
310 -0.8974
311 0.0575
312 2.6894
313 -1.5688
314 5.3305
315 0.0000
316 5.3863
317 10.9225
318 2.5825
319 0.6647
320 1.9792
321 -1.3709
322 0.0000
323 1.8797
324 8.1461
325 2.2053
326 2.1176
327 12.4256
328 3.1307
329 0.0000
330 2.1573
331 0.0580
332 2.0164
333 3.4962
334 -0.1449
335 0.2915
336 0.0000
337 0.2777
338 7.3145
339 1.1859
340 0.6662
341 1.0574
342 8.3912
343 0.0000
344 6.4265
345 1.3682
346 -3.9013
347 2.4274
348 1.1255
349 4.5382
350 0.0000
351 0.2627
352 0.3930
353 1.0527
354 5.6301
355 1.2433
356 3.4303
357 0.0000
358 -1.8638
359 11.6381
360 1.2206
361 10.6871
362 0.4640
363 5.5991
364 0.0000
365 0.4925
366 6.6697
367 1.6328
368 6.1412
369 1.5777
370 3.7711
371 0.0000
372 2.4171
373 6.5710
374 8.0585
375 3.2065
376 4.4819
377 0.9170
378 0.0000
379 0.6209
380 0.1397
381 11.2999
382 5.1491
383 3.0327
384 4.5518
385 0.0000
386 -2.6365
387 0.0000
388 -2.9769
389 0.0000
390 10.7609
391 0.0000
392 -4.3249
393 1.3691
394 0.0000
395 8.7089
396 -0.3405
397 -0.8939
398 9.8104
399 0.0000
400 4.1117
401 6.5717
402 2.2863
403 0.0000
404 -3.7297
405 7.0676
406 0.6136
407 0.0000
408 -3.0037
409 -1.5717
410 -2.5655
411 4.9495
412 -0.0029
413 -0.9036
414 1.7384
415 -5.5273
416 0.8681
417 0.0000
418 -2.4486
419 13.3807
420 -0.5273
421 0.5199
422 -0.2128
423 3.2711
424 0.0000
425 -0.0537
426 3.9815
427 1.4954
428 -1.1984
429 3.2488
430 4.5453
431 0.0000
432 9.8763
433 4.4457
434 8.3471
435 4.5055
436 4.3265
437 0.8998
438 0.0000
439 0.6824
440 15.0266
441 -1.2551
442 4.3628
443 7.8922
444 6.1066
445 0.0000
446 -3.8045
447 -3.2500
448 2.3096
449 2.6193
450 -4.0327
451 -2.4347
452 0.0000
453 0.9680
454 -0.4252
455 -2.3924
456 6.4351
457 4.3152
458 4.7499
459 0.0000
460 2.0988
461 -1.8774
462 -0.2144
463 7.8531
464 0.3426
465 4.8723
466 0.0000
467 3.7659
468 6.1649
469 -2.2037
470 0.1300
471 -1.7369
472 3.2046
473 0.0000
474 -7.2247
475 4.6885
476 4.3665
477 4.7679
478 1.7992
479 5.9764
480 0.0000
481 -4.3478
482 1.8083
483 9.9523
484 8.0639
485 7.8061
486 3.2429
487 0.0000
488 2.0270
489 4.4929
490 0.7106
491 -5.1845
492 1.1598
493 4.1476
494 0.0000
495 0.5530
496 3.1668
497 0.0000
498 6.0207
499 2.0260
500 1.2362
501 7.3786
502 4.8748
503 -5.0774
504 -1.9251
505 0.6585
506 0.0000
507 7.2464
508 -3.7752
509 0.0000
510 2.7101
511 3.9312
512 0.0000
513 6.0430
514 2.4695
515 0.0000
516 6.1728
517 -0.9504
518 0.0000
519 7.4394
520 6.5915
521 -0.5210
522 0.0000
523 -7.3522
524 5.7743
525 0.0000
526 1.3891
527 5.5488
528 2.5420
529 0.0000
530 2.5365
531 -5.8447
532 0.0000
533 9.3862
534 9.5685
535 2.9058
536 0.0000
537 1.6765
538 6.5460
539 0.0000
540 -4.4249
541 3.1539
542 10.1971
543 0.0000
544 -0.9467
545 -0.0232
546 0.0000
547 2.3628
548 -2.1553
549 7.5097
550 0.0000
551 -6.4861
552 7.0784
553 0.0000
554 4.1267
555 6.1046
556 12.3368
557 0.0000
558 3.4121
559 0.1404
560 0.0000
561 -2.6718
562 9.4492
563 15.0102
564 0.0000
565 7.4021
566 5.1134
567 0.0000
568 2.5415
569 -2.2195
570 2.5827
571 0.0000
572 5.3807
573 9.2598
574 0.0000
575 0.3239
576 -0.0293
577 0.6459
578 0.0000
579 -3.1467
580 -0.3433
581 0.0000
582 -0.1304
583 3.2860
584 6.6404
585 0.0000
586 3.4040
587 0.5439
588 0.0000
589 2.3756
590 6.6250
591 -6.6892
592 0.0000
593 4.5349
594 7.3968
595 0.0000
596 -2.9469
597 3.1126
598 0.5276
599 0.0000
600 4.4139
601 7.7502
602 0.0000
603 5.0464
604 -5.5874
605 5.7939
606 0.0000
607 -0.8857
608 6.1208
609 0.0000
610 8.9121
611 11.0432
612 10.5250
613 0.0000
614 -2.5248
615 9.3908
616 0.0000
617 -0.0816
618 1.2603
619 9.6058
620 0.0000
621 1.0388
622 9.2364
623 0.0000
624 5.5334
625 3.8297
626 -3.3518
627 0.0000
628 -0.7566
629 0.0000
630 -1.4217
631 0.0000
632 1.9444
633 -0.2791
634 0.0000
635 -1.6578
636 0.0000
637 1.8134
638 0.0000
639 4.8373
640 0.6275
641 5.2730
642 0.0000
643 11.8684
644 5.0216
645 -0.9602
646 0.0000
647 0.7443
648 9.0302
649 -1.2155
650 0.0000
651 6.3048
652 0.0000
653 0.6673
654 0.0000
655 -1.0279
656 3.6032
657 0.0000
658 -4.9996
659 0.0000
660 8.0938
661 1.0560
662 -3.3861
663 0.5497
664 7.9228
665 7.3718
666 -1.6989
667 3.7300
668 9.1023
669 2.8127
670 5.6688
671 -0.8859
672 2.1384
673 -0.2788
674 10.3181
675 6.1736
676 0.0000
677 5.1688
678 1.9343
679 6.8986
680 0.8159
681 8.3400
682 -1.3039
683 -1.4355
684 4.7819
685 0.0000
686 3.9369
687 7.8516
688 -0.4156
689 4.8062
690 1.3974
691 2.7428
692 0.0000
693 -1.8453
694 6.3371
695 1.3694
696 0.0000
697 -0.8285
698 -5.8192
699 0.5323
700 -1.7042
701 1.5090
702 8.7312
703 7.7264
704 -2.3014
705 0.0000
706 -1.0943
707 4.0559
708 4.5520
709 2.5184
710 8.8382
711 9.6901
712 0.0000
713 -4.6790
714 0.8197
715 0.8456
716 0.0000
717 1.3380
718 0.2772
719 3.9756
720 -6.6539
721 -2.2092
722 -0.9650
723 1.0396
724 3.1663
725 0.0000
726 7.0631
727 4.8449
728 7.3733
729 3.7919
730 0.0775
731 -0.3044
732 0.0000
733 -3.6123
734 3.8812
735 6.5242
736 0.0000
737 5.5725
738 1.2316
739 0.7577
740 0.1327
741 -2.4807
742 13.1368
743 0.4942
744 6.4676
745 0.0000
746 -0.4732
747 0.6952
748 8.1900
749 12.2183
750 -4.4968
751 6.8818
752 0.0000
753 6.4891
754 6.4748
755 3.8585
756 11.2004
757 -0.4555
758 8.1484
759 8.5652
760 1.6374
761 5.8393
762 5.4474
763 4.1751
764 9.3554
765 2.1095
766 2.7073
767 0.0000
768 4.8878
769 -3.2762
770 7.6019
771 4.8331
772 5.2890
773 1.0710
774 -1.5705
775 1.3662
776 0.0000
777 3.4763
778 8.0291
779 6.3596
780 5.6086
781 0.2122
782 11.1357
783 0.0000
784 0.3187
785 4.8298
786 -1.4587
787 0.0000
788 8.8230
789 0.7361
790 3.4223
791 3.2431
792 -0.5929
793 12.6077
794 1.1796
795 1.0711
796 0.0000
797 -3.8020
798 0.1596
799 -3.9733
800 2.4957
801 4.1195
802 3.2734
803 0.0000
804 6.2432
805 2.0084
806 3.7405
807 0.0000
808 9.6275
809 -0.7790
810 4.4803
811 0.5063
812 -4.8523
813 4.6434
814 6.6974
815 8.6596
816 0.0000
817 10.7178
818 -3.6640
819 9.8022
820 3.1119
821 0.7563
822 11.0157
823 0.0000
824 -8.9061
825 2.1455
826 9.9313
827 0.0000
828 2.2721
829 0.4321
830 -0.5214
831 10.2771
832 0.4335
833 2.1029
834 -2.6964
835 3.2734
836 0.0000
837 6.6987
838 5.3007
839 -0.8490
840 1.3944
841 7.8200
842 -0.2106
843 0.0000
844 4.8752
845 3.1629
846 -0.2141
847 4.9426
848 1.2516
849 1.9718
850 0.7682
851 3.3020
852 6.5315
853 7.5411
854 7.4530
855 -0.4852
856 10.6040
857 6.6646
858 0.0000
859 3.4459
860 -4.2299
861 4.9955
862 4.8942
863 2.5396
864 -0.8540
865 -0.5140
866 4.6109
867 0.0000
868 5.0224
869 -3.0343
870 1.4830
871 0.3598
872 8.4503
873 0.0007
874 0.0000
875 0.6887
876 11.9495
877 2.8302
878 0.0000
879 5.0564
880 -3.8728
881 3.0350
882 -2.1429
883 6.4407
884 7.7575
885 9.7312
886 8.6177
887 0.0000
888 6.6062
889 7.0899
890 -2.1809
891 8.5988
892 2.0530
893 13.1675
894 0.0000
895 -4.7176
896 7.5069
897 1.8253
898 0.0000
899 5.3140
900 -2.2524
901 5.4781
902 8.3504
903 -1.6456
904 1.5327
905 2.1799
906 -5.1357
907 0.0000
908 5.5437
909 3.1657
910 2.0383
911 6.5692
912 6.0406
913 3.6334
914 0.0000
915 -9.6085
916 4.1321
917 5.8244
918 0.0000
919 3.8977
920 -5.4159
921 4.4828
922 5.4100
923 -1.2955
924 7.5519
925 -0.1799
926 -0.5683
927 0.0000
928 5.2347
929 4.8168
930 10.3276
931 9.3165
932 -0.2633
933 3.4568
934 0.0000
935 -1.7758
936 0.5074
937 1.6466
938 5.0438
939 4.4958
940 -2.4433
941 11.5509
942 8.7616
943 2.7953
944 2.8793
945 13.5654
946 3.5301
947 -1.6535
948 8.0571
949 0.0000
950 0.0726
951 -1.6420
952 11.0540
953 5.1766
954 3.5586
955 13.8675
956 9.3915
957 -0.8608
958 0.0000
959 2.5429
960 9.3786
961 -5.3251
962 7.8022
963 0.4511
964 5.3538
965 0.0000
966 5.9978
967 5.5445
968 6.6292
969 0.0000
970 -3.2815
971 3.7400
972 -0.0708
973 2.8973
974 1.7524
975 5.4916
976 4.0427
977 3.7793
978 0.0000
979 -0.1174
980 1.5557
981 -0.8257
982 7.8554
983 1.7035
984 6.4262
985 0.0000
986 0.9133
987 4.3596
988 -4.2281
989 0.0000
990 6.2968
991 -1.1070
992 3.3608
993 10.4437
994 -2.8116
995 8.8924
996 1.3417
997 9.5801
998 0.0000
999 6.1503
1000 2.9274
1001 1.3457
1002 2.3201
1003 3.2987
1004 1.8485
1005 0.0000
1006 -4.8024
1007 15.1245
1008 6.4435
1009 0.0000
1010 6.5539
1011 1.3775
1012 -0.7876
1013 0.3535
1014 3.3457
1015 7.0518
1016 4.2872
1017 4.3526
1018 0.0000
1019 7.1946
1020 1.1438
1021 5.1037
1022 2.4223
1023 2.9713
1024 4.7931
1025 0.0000
1026 -1.0327
1027 0.0000
1028 3.9265
1029 0.0000
1030 6.2063
1031 2.5757
1032 5.2183
1033 6.4872
1034 -1.9873
1035 5.8325
1036 -0.0524
1037 1.9851
1038 0.0000
1039 0.4618
1040 0.3712
1041 5.7136
1042 6.1067
1043 3.6943
1044 2.1635
1045 0.0000
1046 1.7285
1047 8.3837
1048 0.9200
1049 -0.0595
1050 -0.6821
1051 6.9837
1052 0.0000
1053 -0.7969
1054 11.9715
1055 1.1810
1056 -2.7048
1057 4.5562
1058 2.1037
1059 0.0000
1060 1.3173
1061 6.5451
1062 2.8140
1063 7.6189
1064 0.1770
1065 -1.0253
1066 0.0000
1067 -1.5986
1068 2.2072
1069 -1.4003
1070 -0.5489
1071 4.6731
1072 4.4768
1073 0.0000
1074 0.8946
1075 8.1624
1076 9.5461
1077 12.1630
1078 6.2359
1079 8.5035
1080 0.0000
1081 -3.1005
1082 -1.3649
1083 1.8744
1084 3.9973
1085 -5.7987
1086 6.1690
1087 0.0000
1088 4.8956
1089 4.5230
1090 -1.0923
1091 9.9721
1092 4.5262
1093 4.8870
1094 0.0000
1095 2.9193
1096 6.9775
1097 7.4867
1098 2.0727
1099 4.9480
1100 6.3947
1101 0.0000
1102 -0.8439
1103 5.7728
1104 8.9762
1105 2.7439
1106 10.8172
1107 8.7221
1108 0.0000
1109 0.0493
1110 4.9098
1111 7.2653
1112 6.2588
1113 -1.1879
1114 -0.8345
1115 0.0000
1116 4.7599
1117 5.8023
1118 8.3250
1119 0.8943
1120 4.0912
1121 -1.8841
1122 0.0000
1123 14.8453
1124 8.4945
1125 -5.7424
1126 0.0918
1127 4.4396
1128 7.5597
1129 0.0000
1130 6.5856
1131 1.2728
1132 -3.4091
1133 5.2311
1134 11.4108
1135 2.2976
1136 0.0000
1137 0.4384
1138 -4.1580
1139 5.0835
1140 2.0360
1141 5.6823
1142 7.2727
1143 0.0000
1144 3.2034
1145 0.0000
1146 4.5372
1147 0.0000
1148 -3.1813
1149 0.0000
1150 -0.9496
1151 11.9239
1152 0.0000
1153 2.8434
1154 5.3815
1155 3.7005
1156 3.9884
1157 0.0000
1158 0.8716
1159 0.1129
1160 7.9096
1161 0.0000
1162 -2.5554
1163 -2.0638
1164 3.5570
1165 0.0000
1166 6.7914
1167 9.2794
1168 -3.4251
1169 0.1713
1170 7.2317
1171 3.4146
1172 5.6402
1173 1.0618
1174 4.5292
1175 0.0000
1176 -0.8652
1177 6.6818
1178 4.2302
1179 9.6252
1180 0.7342
1181 4.9742
1182 0.0000
1183 -0.5271
1184 1.6009
1185 5.0519
1186 3.9977
1187 2.0432
1188 10.3762
1189 0.0000
1190 -1.7711
1191 1.1200
1192 -1.9940
1193 8.2962
1194 2.9623
1195 10.3176
1196 0.0000
1197 -1.7930
1198 9.8603
1199 3.1379
1200 4.0362
1201 1.6880
1202 7.7645
1203 0.0000
1204 -0.9253
1205 -2.1631
1206 6.0970
1207 3.8459
1208 0.5639
1209 8.6487
1210 0.0000
1211 -2.0778
1212 15.6550
1213 4.0442
1214 6.2587
1215 2.7996
1216 5.7893
1217 0.0000
1218 3.5999
1219 -2.3937
1220 1.0822
1221 6.2095
1222 2.7598
1223 -1.0347
1224 0.0000
1225 1.5537
1226 2.9252
1227 4.2584
1228 -2.8044
1229 7.6911
1230 2.6839
1231 0.0000
1232 -1.2054
1233 6.7561
1234 9.2817
1235 -1.6520
1236 -0.0450
1237 5.8990
1238 0.0000
1239 -4.1762
1240 -4.6354
1241 9.0139
1242 10.3480
1243 4.7797
1244 6.3226
1245 0.0000
1246 3.9175
1247 6.2129
1248 12.5790
1249 5.7037
1250 8.9506
1251 8.3083
1252 0.0000
1253 -1.7018
1254 0.8953
1255 0.0000
1256 11.3405
1257 -5.6610
1258 3.0380
1259 3.4079
1260 0.6335
1261 -2.0877
1262 -1.8305
1263 2.3134
1264 0.0000
1265 1.7660
1266 -0.7802
1267 0.0000
1268 3.4535
1269 0.0000
1270 4.1838
1271 0.0000
1272 0.4020
1273 8.8514
1274 0.0000
1275 3.2349
1276 1.0299
1277 0.0000
1278 4.3841
1279 1.7285
1280 2.0796
1281 0.0000
1282 1.4981
1283 1.9218
1284 0.0000
1285 2.0850
1286 2.5727
1287 1.1105
1288 0.0000
1289 0.6086
1290 2.6341
1291 0.0000
1292 8.9181
1293 3.0087
1294 0.8871
1295 0.0000
1296 9.1822
1297 -0.9601
1298 0.0000
1299 6.6276
1300 8.1093
1301 10.1588
1302 0.0000
1303 -3.1683
1304 7.4053
1305 0.0000
1306 5.1663
1307 6.9308
1308 6.8664
1309 0.0000
1310 -0.1941
1311 3.0278
1312 0.0000
1313 -3.4103
1314 3.8782
1315 4.7956
1316 0.0000
1317 -7.5006
1318 6.1708
1319 0.0000
1320 1.1752
1321 -1.1295
1322 0.7424
1323 0.0000
1324 4.6416
1325 1.6900
1326 0.0000
1327 8.3960
1328 1.1613
1329 -1.1609
1330 0.0000
1331 2.4618
1332 1.5476
1333 0.0000
1334 11.6046
1335 4.5430
1336 2.7430
1337 0.0000
1338 -2.0984
1339 2.0729
1340 0.0000
1341 4.7252
1342 3.9060
1343 7.1594
1344 0.0000
1345 3.6718
1346 -1.1604
1347 0.0000
1348 11.5277
1349 7.4445
1350 -6.3747
1351 0.0000
1352 0.2790
1353 5.4419
1354 0.0000
1355 4.0237
1356 3.1980
1357 12.1079
1358 0.0000
1359 1.7163
1360 -1.1814
1361 0.0000
1362 11.8651
1363 -1.4908
1364 5.8372
1365 0.0000
1366 -2.7592
1367 6.3183
1368 0.0000
1369 7.4933
1370 1.1222
1371 -0.7812
1372 0.0000
1373 6.7372
1374 -4.3557
1375 0.0000
1376 0.5037
1377 5.2996
1378 8.1602
1379 0.0000
1380 2.3396
1381 7.4455
1382 0.0000
1383 0.6892
1384 8.9806
1385 -1.5442
1386 0.0000
1387 3.2092
1388 0.0000
1389 10.5144
1390 0.0000
1391 1.3715
1392 6.9496
1393 0.0000
1394 -0.1058
1395 0.0000
1396 -2.5313
1397 0.0000
1398 3.9458
1399 -5.8933
1400 4.6749
1401 0.0000
1402 -0.0383
1403 2.3207
1404 13.1267
1405 0.0000
1406 3.6608
1407 8.8274
1408 3.1104
1409 0.0000
1410 0.7398
1411 0.0000
1412 8.2292
1413 0.0000
1414 8.8784
1415 8.9271
1416 0.0000
1417 7.9188
1418 0.0000
1419 3.5672
1420 -0.5432
1421 5.8583
1422 5.6549
1423 4.5873
1424 1.6899
1425 4.7569
1426 0.4811
1427 -2.3227
1428 2.0610
1429 3.8091
1430 5.9011
1431 0.7307
1432 -4.7520
1433 4.8978
1434 7.6409
1435 0.0000
1436 1.5555
1437 -4.5886
1438 6.8761
1439 5.3894
1440 0.6375
1441 7.2050
1442 1.2926
1443 -0.0587
1444 0.0000
1445 5.3154
1446 6.8976
1447 4.0450
1448 8.8494
1449 0.0476
1450 4.6610
1451 0.0000
1452 4.8148
1453 5.0197
1454 4.8744
1455 0.0000
1456 2.8972
1457 -0.7650
1458 3.6779
1459 8.5464
1460 2.4470
1461 1.8890
1462 -3.2952
1463 4.9796
1464 0.0000
1465 2.6403
1466 2.3009
1467 2.2156
1468 9.4784
1469 3.5471
1470 2.5004
1471 0.0000
1472 3.0590
1473 3.1121
1474 5.1110
1475 0.0000
1476 5.2530
1477 4.8848
1478 6.6559
1479 8.9366
1480 4.6432
1481 5.3014
1482 2.8495
1483 9.8261
1484 0.0000
1485 5.5987
1486 3.6741
1487 5.4981
1488 -0.1058
1489 11.8766
1490 5.0260
1491 0.0000
1492 0.0461
1493 4.7103
1494 1.6147
1495 0.0000
1496 3.4742
1497 -3.2597
1498 3.6889
1499 1.2926
1500 2.6050
1501 5.7258
1502 -2.9700
1503 8.5292
1504 0.0000
1505 5.9215
1506 1.8796
1507 -2.2922
1508 5.1406
1509 9.1478
1510 8.3251
1511 0.0000
1512 1.7462
1513 0.4465
1514 -2.3862
1515 5.3298
1516 9.5800
1517 -2.2107
1518 10.7741
1519 -2.6315
1520 2.1831
1521 0.2666
1522 -2.8801
1523 -6.4604
1524 -1.2438
1525 5.4339
1526 0.0000
1527 -2.0525
1528 3.0946
1529 4.2228
1530 2.0615
1531 4.4423
1532 11.0370
1533 5.8571
1534 6.3468
1535 0.0000
1536 5.3076
1537 -2.7188
1538 2.8114
1539 0.3868
1540 -2.5555
1541 6.3397
1542 0.0000
1543 -4.0579
1544 0.2543
1545 1.5098
1546 0.0000
1547 3.7015
1548 1.6437
1549 4.5959
1550 8.6734
1551 1.6576
1552 -0.6157
1553 -0.2086
1554 11.3530
1555 0.0000
1556 4.3199
1557 6.4419
1558 6.6444
1559 6.8664
1560 12.0773
1561 2.5501
1562 0.0000
1563 0.0095
1564 3.6078
1565 5.0006
1566 0.0000
1567 -0.8540
1568 -0.5719
1569 1.9596
1570 2.7238
1571 -2.3718
1572 3.5401
1573 -2.2008
1574 3.4375
1575 0.0000
1576 7.3597
1577 -0.9810
1578 1.2644
1579 5.0312
1580 5.9706
1581 1.8187
1582 0.0000
1583 4.8768
1584 4.2610
1585 9.5372
1586 0.0000
1587 10.3660
1588 -3.1206
1589 11.3103
1590 4.5632
1591 1.3366
1592 -2.6743
1593 4.8100
1594 -0.8530
1595 0.0000
1596 8.7005
1597 11.7534
1598 0.9943
1599 4.0654
1600 7.0365
1601 8.8823
1602 0.0000
1603 1.6114
1604 2.5680
1605 7.0925
1606 -1.1844
1607 10.1379
1608 -0.4011
1609 6.1919
1610 4.2872
1611 7.4373
1612 6.7081
1613 1.8790
1614 -3.7017
1615 7.8099
1616 0.5595
1617 0.0000
1618 0.0223
1619 5.8500
1620 3.7095
1621 10.2784
1622 -2.3936
1623 0.0086
1624 0.1759
1625 -0.4376
1626 0.0000
1627 7.7152
1628 4.4274
1629 5.1615
1630 2.2744
1631 2.2339
1632 6.1413
1633 0.0000
1634 -2.2455
1635 9.2039
1636 4.1737
1637 0.0000
1638 2.6713
1639 -2.2363
1640 -1.6820
1641 5.2363
1642 -5.1971
1643 -3.1034
1644 0.2988
1645 1.8274
1646 0.0000
1647 5.9791
1648 4.4837
1649 0.3018
1650 -6.4838
1651 -0.0359
1652 8.7195
1653 0.0000
1654 8.6796
1655 0.4107
1656 -0.0560
1657 0.0000
1658 4.1624
1659 -0.5367
1660 9.0707
1661 8.7215
1662 -4.1373
1663 11.7109
1664 4.4110
1665 -0.9738
1666 0.0000
1667 11.1053
1668 6.5533
1669 -1.1095
1670 2.3815
1671 7.3848
1672 -3.5212
1673 0.0000
1674 -1.6689
1675 3.8560
1676 16.3980
1677 0.0000
1678 4.8070
1679 -0.9668
1680 7.2267
1681 10.0180
1682 -0.6845
1683 6.1769
1684 -0.3354
1685 4.4530
1686 0.0000
1687 10.9006
1688 3.2796
1689 9.9438
1690 -2.7519
1691 5.9432
1692 6.0474
1693 0.0000
1694 2.2110
1695 5.6730
1696 8.6064
1697 11.0098
1698 11.8767
1699 7.7294
1700 4.8398
1701 3.4024
1702 3.2336
1703 6.7133
1704 -2.1167
1705 -0.7813
1706 12.0957
1707 7.0582
1708 0.0000
1709 4.4981
1710 -0.4087
1711 -0.6977
1712 5.3051
1713 -2.8712
1714 4.1777
1715 -1.9489
1716 10.0891
1717 0.0000
1718 8.8644
1719 7.6315
1720 -1.4234
1721 9.8512
1722 5.6471
1723 3.5843
1724 0.0000
1725 -1.4661
1726 -0.7625
1727 3.6088
1728 0.0000
1729 1.2966
1730 -0.7382
1731 3.2325
1732 8.1482
1733 1.5218
1734 -7.7771
1735 -2.9884
1736 -0.5588
1737 0.0000
1738 2.7832
1739 8.5460
1740 0.1402
1741 2.0779
1742 3.5210
1743 7.2737
1744 0.0000
1745 -2.6587
1746 1.7716
1747 3.7996
1748 0.0000
1749 9.9138
1750 0.8503
1751 4.6547
1752 2.0142
1753 4.3996
1754 4.8341
1755 -0.4076
1756 5.1423
1757 0.0000
1758 6.8277
1759 -2.1463
1760 5.9287
1761 8.6665
1762 10.5922
1763 6.4990
1764 0.0000
1765 -3.0717
1766 0.8174
1767 0.9153
1768 0.0000
1769 1.7925
1770 -0.5256
1771 7.8115
1772 -2.3057
1773 -0.3973
1774 1.3603
1775 1.1672
1776 4.2005
1777 0.0000
1778 9.1854
1779 6.8122
1780 11.5792
1781 7.1766
1782 -6.4838
1783 -5.4604
1784 0.0000
1785 0.0678
1786 0.0000
1787 -0.1578
1788 0.0000
1789 3.5590
1790 3.0086
1791 1.7731
1792 4.5554
1793 -6.9695
1794 3.2200
1795 1.0468
1796 1.1153
1797 0.0000
1798 -1.9805
1799 4.0540
1800 6.1564
1801 -1.0472
1802 2.2571
1803 -6.9006
1804 0.0000
1805 -4.6176
1806 -2.6074
1807 5.5185
1808 2.2548
1809 5.4349
1810 -1.3147
1811 0.0000
1812 5.3541
1813 -0.5924
1814 6.8675
1815 10.4368
1816 -5.3554
1817 -3.2775
1818 0.0000
1819 0.0749
1820 0.6534
1821 6.1066
1822 5.4995
1823 6.1075
1824 6.0050
1825 0.0000
1826 -2.7299
1827 4.3569
1828 -1.6184
1829 6.0207
1830 -0.6610
1831 2.5900
1832 0.0000
1833 3.6056
1834 9.6172
1835 4.9856
1836 5.8328
1837 2.2810
1838 2.0594
1839 0.0000
1840 3.9136
1841 10.6868
1842 2.1919
1843 7.1061
1844 -0.0349
1845 9.9500
1846 0.0000
1847 6.0948
1848 4.3962
1849 3.8891
1850 3.0049
1851 8.9552
1852 3.3868
1853 0.0000
1854 -8.7978
1855 7.8684
1856 0.8547
1857 5.3417
1858 2.6233
1859 -0.7237
1860 0.0000
1861 -4.7102
1862 1.5153
1863 9.1228
1864 3.0004
1865 2.4229
1866 3.7644
1867 0.0000
1868 1.8763
1869 -4.5188
1870 10.2647
1871 2.2414
1872 4.8543
1873 2.7669
1874 0.0000
1875 1.7994
1876 4.4075
1877 1.1050
1878 5.1129
1879 1.0251
1880 3.0755
1881 0.0000
1882 14.8906
1883 4.7908
1884 2.2164
1885 8.3044
1886 13.5408
1887 3.0654
1888 0.0000
1889 4.9965
1890 1.7357
1891 8.8709
1892 7.1703
1893 0.2018
1894 -3.7554
1895 0.0000
1896 -4.4763
1897 -4.6966
1898 5.7593
1899 3.1250
1900 11.8038
1901 6.0649
1902 0.0000
1903 0.3380
1904 0.0000
1905 9.7723
1906 0.0000
1907 6.8090
1908 0.0000
1909 4.8519
1910 -2.2757
1911 0.0000
1912 10.8226
1913 1.4933
1914 2.9304
1915 3.2425
1916 0.0000
1917 5.9224
1918 0.8982
1919 0.0259
1920 0.0000
1921 2.2920
1922 1.6182
1923 6.1546
1924 0.0000
1925 -3.1086
1926 6.0824
1927 -4.5495
1928 -3.0986
1929 9.2987
1930 7.9651
1931 3.1907
1932 -2.1612
1933 -3.2257
1934 0.0000
1935 0.2026
1936 2.6884
1937 4.0017
1938 -0.0641
1939 5.6115
1940 0.8393
1941 0.0000
1942 5.4078
1943 1.0888
1944 4.7883
1945 13.6803
1946 2.1619
1947 4.2420
1948 0.0000
1949 5.9343
1950 4.7461
1951 6.2636
1952 -3.5639
1953 2.7213
1954 -2.8673
1955 0.0000
1956 2.9636
1957 3.9264
1958 7.4756
1959 3.0438
1960 5.2304
1961 0.6979
1962 0.0000
1963 1.2637
1964 2.4453
1965 5.1583
1966 -3.8750
1967 0.6539
1968 9.5026
1969 0.0000
1970 2.7733
1971 4.9371
1972 1.1601
1973 2.2184
1974 4.4754
1975 2.4825
1976 0.0000
1977 -6.2207
1978 6.9632
1979 -2.9190
1980 3.5543
1981 -0.1714
1982 4.2130
1983 0.0000
1984 0.7041
1985 3.0578
1986 -0.0090
1987 2.5702
1988 1.9794
1989 5.8160
1990 0.0000
1991 -0.2778
1992 5.1539
1993 9.1667
1994 6.6898
1995 5.5836
1996 12.4993
1997 0.0000
1998 1.9754
1999 2.1539
2000 -2.2038
2001 2.3926
2002 3.2044
2003 3.0543
2004 0.0000
2005 6.8945
2006 2.7761
2007 4.8201
2008 0.6072
2009 2.0202
2010 2.8023
2011 0.0000
2012 -4.6152
2013 -4.3133
2014 0.0000
2015 9.2259
2016 -0.4396
2017 -4.6675
2018 5.8619
2019 -2.5418
2020 -0.8512
2021 4.4871
2022 1.2386
2023 0.0000
2024 0.3422
2025 4.4056
2026 0.0000
2027 -0.7761
2028 0.0000
2029 5.2365
2030 0.0000
2031 2.3466
2032 1.8999
2033 0.0000
2034 3.6265
2035 2.2778
2036 0.0000
2037 -0.7109
2038 1.4160
2039 7.2707
2040 0.0000
2041 -2.3999
2042 1.6837
2043 0.0000
2044 5.2902
2045 4.6629
2046 -1.8214
2047 0.0000
2048 5.9210
2049 -0.5941
2050 0.0000
2051 8.4346
2052 1.3255
2053 8.1935
2054 0.0000
2055 -2.3023
2056 4.2996
2057 0.0000
2058 4.5431
2059 3.5778
2060 -2.3025
2061 0.0000
2062 8.0547
2063 6.4731
2064 0.0000
2065 2.2363
2066 -0.7120
2067 1.6251
2068 0.0000
2069 -1.3469
2070 7.4339
2071 0.0000
2072 6.0778
2073 9.2895
2074 9.5205
2075 0.0000
2076 6.4557
2077 -1.0304
2078 0.0000
2079 3.0747
2080 -0.0794
2081 0.4761
2082 0.0000
2083 -5.3355
2084 -8.2309
2085 0.0000
2086 1.9445
2087 8.3446
2088 -0.5251
2089 0.0000
2090 2.5637
2091 3.6334
2092 0.0000
2093 -9.4107
2094 -0.7840
2095 -4.4841
2096 0.0000
2097 5.8995
2098 13.8332
2099 0.0000
2100 12.7217
2101 4.9234
2102 2.8035
2103 0.0000
2104 -0.9292
2105 4.3799
2106 0.0000
2107 4.4942
2108 4.0175
2109 -2.6764
2110 0.0000
2111 0.8499
2112 10.5708
2113 0.0000
2114 7.8110
2115 6.8331
2116 3.7792
2117 0.0000
2118 3.2730
2119 2.6293
2120 0.0000
2121 5.3620
2122 -0.3727
2123 6.7677
2124 0.0000
2125 -6.2740
2126 4.0419
2127 0.0000
2128 10.6987
2129 -3.1821
2130 8.8355
2131 0.0000
2132 2.1186
2133 -3.2665
2134 0.0000
2135 -2.1114
2136 5.4921
2137 4.2661
2138 0.0000
2139 4.2352
2140 1.6523
2141 0.0000
2142 7.1892
2143 9.2991
2144 -0.4591
2145 0.0000
2146 -3.4432
2147 0.0000
2148 9.9480
2149 0.0000
2150 -3.2062
2151 6.0929
2152 0.0000
2153 6.4313
2154 0.0000
2155 1.1015
2156 0.0000
2157 3.0024
2158 -2.7597
2159 -0.0323
2160 0.0000
2161 -1.0320
2162 3.7267
2163 -3.0292
2164 0.0000
2165 6.9807
2166 4.3094
2167 5.1525
2168 0.0000
2169 7.6003
2170 0.0000
2171 0.7908
2172 0.0000
2173 3.0796
2174 -1.2510
2175 0.0000
2176 -1.3150
2177 0.0000
2178 11.8578
2179 -8.4456
2180 5.1944
2181 0.4365
2182 -1.3144
2183 7.0918
2184 9.9353
2185 1.9353
2186 10.4415
2187 -0.1044
2188 7.1798
2189 0.3836
2190 -0.1213
2191 0.2007
2192 -3.2475
2193 4.1194
2194 0.0000
2195 -0.2312
2196 -0.9176
2197 0.8982
2198 -2.8886
2199 -0.6864
2200 20.8389
2201 0.6085
2202 5.1776
2203 0.0000
2204 7.1807
2205 7.9683
2206 1.5169
2207 -0.6067
2208 2.5486
2209 -0.2853
2210 0.0000
2211 -0.7289
2212 4.2641
2213 1.3331
2214 0.0000
2215 6.6087
2216 -10.8686
2217 2.7355
2218 6.1872
2219 9.6049
2220 2.4719
2221 0.5352
2222 0.8348
2223 0.0000
2224 12.6955
2225 -3.6523
2226 4.0277
2227 0.6931
2228 -7.6388
2229 5.0178
2230 0.0000
2231 6.0519
2232 3.1899
2233 0.1100
2234 0.0000
2235 11.9404
2236 6.1287
2237 1.4771
2238 3.5549
2239 -0.4512
2240 3.0852
2241 6.9416
2242 1.6563
2243 0.0000
2244 0.8237
2245 4.1007
2246 5.8709
2247 12.8690
2248 5.9081
2249 1.4017
2250 0.0000
2251 -0.4214
2252 4.5239
2253 5.3481
2254 0.0000
2255 2.7890
2256 -4.1193
2257 2.1309
2258 5.4512
2259 -2.1712
2260 11.4430
2261 3.7824
2262 4.8890
2263 0.0000
2264 3.4306
2265 4.8847
2266 3.0459
2267 3.1244
2268 -0.9560
2269 7.9910
2270 0.0000
2271 2.5437
2272 1.4351
2273 -1.2946
2274 3.8426
2275 12.0597
2276 5.5473
2277 7.6312
2278 -1.1729
2279 4.1218
2280 -3.8331
2281 9.9972
2282 2.8534
2283 9.0305
2284 0.0647
2285 0.0000
2286 3.8845
2287 -3.3442
2288 4.1988
2289 8.0690
2290 6.0682
2291 -3.4883
2292 0.7633
2293 5.2198
2294 0.0000
2295 -0.9767
2296 2.4238
2297 7.1898
2298 3.2094
2299 0.8886
2300 5.8042
2301 0.0000
2302 1.4911
2303 3.8312
2304 6.3259
2305 0.0000
2306 7.6681
2307 2.7352
2308 -4.9814
2309 0.9753
2310 -3.8471
2311 10.5897
2312 8.5159
2313 1.0551
2314 0.0000
2315 -4.7405
2316 3.3281
2317 1.7161
2318 7.6176
2319 6.0988
2320 0.9807
2321 0.0000
2322 -2.2831
2323 9.9363
2324 2.6272
2325 0.0000
2326 2.1474
2327 -0.2294
2328 7.9742
2329 10.2348
2330 -1.7210
2331 12.9820
2332 1.1107
2333 4.2617
2334 0.0000
2335 -0.5357
2336 -2.4439
2337 -0.5663
2338 11.1921
2339 1.4468
2340 4.2306
2341 0.0000
2342 -1.1306
2343 3.2364
2344 2.7034
2345 0.0000
2346 3.6991
2347 2.4995
2348 6.8219
2349 2.6967
2350 -1.8609
2351 -0.9888
2352 4.6497
2353 4.6479
2354 0.0000
2355 5.4421
2356 7.5070
2357 1.9616
2358 4.9346
2359 5.6733
2360 4.3625
2361 0.0000
2362 3.0175
2363 7.2929
2364 4.1901
2365 2.9436
2366 1.5138
2367 4.9152
2368 -1.2635
2369 6.0200
2370 -4.7040
2371 2.3957
2372 0.1867
2373 7.3861
2374 4.6010
2375 2.1255
2376 0.0000
2377 0.5034
2378 -1.0933
2379 -0.0612
2380 2.9787
2381 1.7586
2382 7.5088
2383 1.4964
2384 -0.9207
2385 0.0000
2386 6.0488
2387 2.1397
2388 3.6388
2389 6.6206
2390 -4.9849
2391 4.4091
2392 0.0000
2393 -2.6808
2394 5.0462
2395 -1.3789
2396 0.0000
2397 1.4204
2398 7.5040
2399 5.4500
2400 4.2074
2401 -0.9321
2402 -3.1009
2403 -0.7069
2404 3.3199
2405 0.0000
2406 8.0256
2407 5.5441
2408 3.8897
2409 8.3336
2410 3.2342
2411 2.8322
2412 0.0000
2413 -6.4073
2414 11.0965
2415 15.9381
2416 0.0000
2417 8.6272
2418 3.0112
2419 7.8848
2420 0.8040
2421 1.3074
2422 12.4817
2423 10.8317
2424 -1.3146
2425 0.0000
2426 5.1249
2427 3.8075
2428 3.2783
2429 4.3436
2430 6.9968
2431 11.3419
2432 0.0000
2433 -3.7191
2434 1.2374
2435 5.5040
2436 0.0000
2437 9.7903
2438 -4.5972
2439 2.2607
2440 -3.3651
2441 0.4148
2442 6.6667
2443 7.9991
2444 2.1955
2445 0.0000
2446 3.1598
2447 4.9052
2448 -3.9177
2449 8.2517
2450 0.5626
2451 5.9523
2452 0.0000
2453 -2.5406
2454 2.6489
2455 6.3712
2456 -0.9947
2457 3.7077
2458 9.0899
2459 5.6355
2460 -1.1321
2461 -4.3840
2462 5.3795
2463 7.8055
2464 -2.8319
2465 2.7050
2466 -4.0587
2467 0.0000
2468 10.7024
2469 -6.1110
2470 3.6798
2471 3.1034
2472 0.9084
2473 1.6490
2474 -2.9593
2475 4.8341
2476 0.0000
2477 3.0433
2478 -2.6485
2479 -3.2333
2480 -3.6550
2481 7.2966
2482 8.6234
2483 0.0000
2484 0.1867
2485 -0.1090
2486 3.0919
2487 0.0000
2488 0.9248
2489 -1.1359
2490 9.4938
2491 -6.7339
2492 2.8887
2493 8.1817
2494 6.8094
2495 -1.1929
2496 0.0000
2497 0.9923
2498 11.0692
2499 4.4594
2500 1.8910
2501 1.5797
2502 9.3795
2503 0.0000
2504 -0.2934
2505 -0.2575
2506 0.5635
2507 0.0000
2508 -3.1521
2509 8.0634
2510 -0.0565
2511 1.3119
2512 -0.3406
2513 2.9256
2514 -0.0563
2515 6.7046
2516 0.0000
2517 4.5675
2518 8.2615
2519 8.2084
2520 1.0994
2521 5.9375
2522 5.4095
2523 0.0000
2524 -4.4903
2525 5.2064
2526 2.6618
2527 0.0000
2528 2.6108
2529 -0.9287
2530 10.1659
2531 2.9257
2532 -1.0091
2533 6.4273
2534 1.3127
2535 5.6938
2536 0.0000
2537 12.6839
2538 8.3291
2539 5.3320
2540 14.4062
2541 4.4814
2542 0.6308
2543 0.0000
2544 4.2905
2545 0.0000
2546 -0.0950
2547 0.0000
2548 1.4406
2549 1.3563
2550 -2.0863
2551 6.0452
2552 4.2564
2553 3.1482
2554 7.1600
2555 3.5570
2556 0.0000
2557 5.2048
2558 7.9933
2559 8.5947
2560 6.8869
2561 3.8936
2562 5.8636
2563 0.0000
2564 6.9077
2565 -0.4557
2566 7.3682
2567 7.0112
2568 4.5307
2569 5.1265
2570 0.0000
2571 -0.8648
2572 5.6602
2573 7.5317
2574 9.0107
2575 2.3884
2576 3.3085
2577 0.0000
2578 0.7541
2579 9.4547
2580 6.7094
2581 -3.1441
2582 1.9891
2583 -3.4242
2584 0.0000
2585 -2.7429
2586 3.4591
2587 1.6192
2588 9.7777
2589 3.4334
2590 4.7072
2591 0.0000
2592 4.9499
2593 1.5777
2594 8.4407
2595 6.4232
2596 3.5508
2597 -0.8564
2598 0.0000
2599 6.5905
2600 3.4892
2601 -0.1667
2602 -1.1835
2603 -5.2401
2604 0.3416
2605 0.0000
2606 0.3291
2607 4.0705
2608 5.8223
2609 4.2506
2610 9.2929
2611 0.6327
2612 0.0000
2613 7.8539
2614 1.6596
2615 5.1116
2616 -1.3430
2617 4.9488
2618 3.8043
2619 0.0000
2620 3.9020
2621 8.6919
2622 -3.9061
2623 3.1300
2624 6.6792
2625 1.0798
2626 0.0000
2627 1.6198
2628 0.4315
2629 2.6267
2630 -3.2367
2631 2.2310
2632 6.1743
2633 0.0000
2634 7.7413
2635 8.1054
2636 6.8317
2637 6.7781
2638 1.7478
2639 4.0249
2640 0.0000
2641 -3.7522
2642 4.6012
2643 2.6464
2644 4.3891
2645 6.0123
2646 8.2147
2647 0.0000
2648 3.1937
2649 -0.6058
2650 5.0368
2651 7.8307
2652 11.9442
2653 10.1686
2654 0.0000
2655 -3.2461
2656 5.7532
2657 10.8854
2658 7.5121
2659 1.7159
2660 -0.0435
2661 0.0000
2662 -2.1713
2663 0.0000
2664 1.3820
2665 0.0000
2666 6.2877
2667 0.0000
2668 3.3816
2669 8.9517
2670 0.0000
2671 6.4361
2672 0.3795
2673 4.0623
2674 4.4196
2675 0.0000
2676 0.9513
2677 -4.0674
2678 -0.0037
2679 0.0000
2680 9.0053
2681 6.1846
2682 3.7170
2683 0.0000
2684 3.0306
2685 -0.9640
2686 -11.3598
2687 2.1452
2688 10.0409
2689 1.6278
2690 1.5450
2691 -5.9507
2692 2.0970
2693 0.0000
2694 -0.2129
2695 0.9156
2696 -3.3574
2697 -0.5537
2698 5.5300
2699 -1.7150
2700 0.0000
2701 -1.9022
2702 8.0518
2703 4.2304
2704 -6.2429
2705 4.1428
2706 2.5472
2707 0.0000
2708 2.9129
2709 2.0724
2710 0.6235
2711 4.8839
2712 0.7079
2713 3.8372
2714 0.0000
2715 1.2601
2716 4.7149
2717 7.2888
2718 6.4504
2719 2.0102
2720 -2.8031
2721 0.0000
2722 5.8877
2723 -3.5759
2724 8.5352
2725 -3.2622
2726 7.6817
2727 -2.8626
2728 0.0000
2729 -0.1428
2730 11.4563
2731 -6.1639
2732 2.6869
2733 3.2513
2734 8.1276
2735 0.0000
2736 -3.7262
2737 10.8746
2738 5.7511
2739 5.7159
2740 1.2436
2741 8.0639
2742 0.0000
2743 9.1059
2744 5.6256
2745 5.9458
2746 7.4395
2747 1.5741
2748 4.9886
2749 0.0000
2750 -4.0914
2751 5.9543
2752 0.7168
2753 2.8443
2754 10.1512
2755 -6.6182
2756 0.0000
2757 2.0030
2758 8.2123
2759 7.7201
2760 5.6667
2761 3.7038
2762 3.7783
2763 0.0000
2764 0.3126
2765 1.9927
2766 4.8615
2767 1.2829
2768 -2.9690
2769 -1.5084
2770 0.0000
2771 4.7922
2772 -0.9554
2773 0.0000
2774 1.6447
2775 1.4964
2776 2.1467
2777 2.3915
2778 1.9134
2779 -5.7385
2780 2.3075
2781 2.7854
2782 0.0000
2783 6.1762
2784 7.8347
2785 0.0000
2786 5.9594
2787 0.0000
2788 -4.7718
2789 0.0000
2790 -0.3075
2791 0.1883
2792 0.0000
2793 4.7218
2794 2.4383
2795 0.0000
2796 0.3869
2797 5.6746
2798 3.7150
2799 0.0000
2800 4.8852
2801 4.9538
2802 0.0000
2803 2.5443
2804 1.6375
2805 1.4960
2806 0.0000
2807 -1.0029
2808 2.0734
2809 0.0000
2810 -0.4164
2811 4.6280
2812 4.1522
2813 0.0000
2814 4.1985
2815 6.7585
2816 0.0000
2817 10.1838
2818 6.1783
2819 -2.7408
2820 0.0000
2821 4.6435
2822 -0.3559
2823 0.0000
2824 -1.9867
2825 3.2395
2826 8.0145
2827 0.0000
2828 0.9255
2829 0.5103
2830 0.0000
2831 1.4429
2832 -5.4466
2833 9.7531
2834 0.0000
2835 -1.8195
2836 5.4072
2837 0.0000
2838 4.6209
2839 3.0463
2840 3.9507
2841 0.0000
2842 -1.9437
2843 3.6383
2844 0.0000
2845 4.6683
2846 6.4890
2847 0.5805
2848 0.0000
2849 1.5135
2850 4.8283
2851 0.0000
2852 7.5206
2853 -2.5590
2854 6.7211
2855 0.0000
2856 3.4153
2857 -0.6092
2858 0.0000
2859 11.8671
2860 5.8409
2861 3.1999
2862 0.0000
2863 -3.2563
2864 -2.2338
2865 0.0000
2866 8.9645
2867 1.6820
2868 2.1505
2869 0.0000
2870 -1.9847
2871 3.5797
2872 0.0000
2873 0.6346
2874 7.0193
2875 -2.3954
2876 0.0000
2877 1.7841
2878 0.2537
2879 0.0000
2880 2.4148
2881 3.1411
2882 3.0128
2883 0.0000
2884 4.6016
2885 -6.6508
2886 0.0000
2887 8.7015
2888 9.4050
2889 4.2570
2890 0.0000
2891 -1.3420
2892 2.5169
2893 0.0000
2894 10.6856
2895 -1.2303
2896 5.4458
2897 0.0000
2898 3.6852
2899 0.4218
2900 0.0000
2901 1.6056
2902 4.3439
2903 0.2813
2904 0.0000
2905 -2.8939
2906 0.0000
2907 10.0624
2908 0.0000
2909 6.0741
2910 5.6571
2911 0.0000
2912 7.8102
2913 0.0000
2914 6.5860
2915 0.0000
2916 -4.6593
2917 3.1714
2918 2.1896
2919 0.0000
2920 2.8568
2921 6.7371
2922 -5.2979
2923 0.0000
2924 2.7106
2925 7.2639
2926 10.5966
2927 0.0000
2928 4.5112
2929 0.0000
2930 0.4889
2931 0.0000
2932 0.7905
2933 12.8676
2934 0.0000
2935 2.7520
2936 0.0000
2937 5.2463
2938 5.8198
2939 -4.9269
2940 7.3023
2941 0.3836
2942 4.6693
2943 2.7341
2944 1.1139
2945 -2.0372
2946 3.8726
2947 4.5626
2948 8.6348
2949 8.7063
2950 2.2446
2951 7.2494
2952 0.7742
2953 0.0000
2954 8.2200
2955 0.4159
2956 4.7628
2957 8.6861
2958 4.3296
2959 2.1048
2960 0.5953
2961 -4.7437
2962 0.0000
2963 5.3085
2964 3.3982
2965 9.5893
2966 4.6766
2967 6.0475
2968 4.3215
2969 0.0000
2970 0.8116
2971 9.3363
2972 9.1130
2973 0.0000
2974 10.2866
2975 2.6308
2976 8.0446
2977 7.0552
2978 -0.9295
2979 2.7159
2980 0.3756
2981 6.1532
2982 0.0000
2983 4.0904
2984 6.8573
2985 -4.5555
2986 11.5274
2987 -5.4830
2988 -2.3767
2989 0.0000
2990 1.6272
2991 -2.4303
2992 2.7630
2993 0.0000
2994 4.9846
2995 1.2543
2996 12.4770
2997 5.3137
2998 10.6111
2999 0.8899
3000 -6.3613
3001 -1.4412
3002 0.0000
3003 3.3301
3004 1.1999
3005 5.8862
3006 7.1019
3007 9.2455
3008 5.5104
3009 0.0000
3010 4.5422
3011 2.3155
3012 13.0079
3013 0.0000
3014 6.3276
3015 5.3448
3016 4.3802
3017 -0.0969
3018 0.2900
3019 13.6643
3020 3.2484
3021 5.0106
3022 0.0000
3023 -2.4513
3024 4.7673
3025 7.3720
3026 0.8415
3027 1.3755
3028 5.9027
3029 0.0000
3030 9.6181
3031 9.1137
3032 6.9044
3033 -0.4032
3034 1.5470
3035 2.8908
3036 7.4927
3037 5.5463
3038 1.5975
3039 0.3350
3040 6.2883
3041 5.4116
3042 7.4606
3043 5.4449
3044 0.0000
3045 4.1152
3046 1.0749
3047 1.2464
3048 4.1953
3049 0.3869
3050 1.1773
3051 7.6016
3052 -0.7231
3053 0.0000
3054 5.6730
3055 10.0221
3056 -2.0073
3057 1.4849
3058 7.4670
3059 8.2263
3060 0.0000
3061 2.3480
3062 5.7251
3063 5.9333
3064 0.0000
3065 11.2396
3066 3.1410
3067 5.9193
3068 4.5695
3069 1.7864
3070 9.3494
3071 -5.2670
3072 11.1678
3073 0.0000
3074 4.8214
3075 1.0109
3076 2.1417
3077 2.0419
3078 -3.8012
3079 5.9608
3080 0.0000
3081 4.2278
3082 1.6916
3083 -0.0122
3084 0.0000
3085 9.0578
3086 -2.2825
3087 12.0552
3088 1.6799
3089 -3.4553
3090 1.1680
3091 3.9502
3092 0.5730
3093 0.0000
3094 8.9945
3095 7.7735
3096 -1.2592
3097 3.9531
3098 2.3098
3099 7.4047
3100 0.0000
3101 0.4850
3102 12.0476
3103 -2.9760
3104 0.0000
3105 2.4167
3106 -3.0380
3107 -3.4646
3108 3.5851
3109 3.1826
3110 0.2004
3111 1.9228
3112 2.9110
3113 0.0000
3114 2.7739
3115 -0.1666
3116 9.2937
3117 3.8311
3118 3.9609
3119 -0.4041
3120 0.0000
3121 1.3592
3122 4.8042
3123 6.9154
3124 1.5910
3125 -6.7022
3126 4.0568
3127 2.5794
3128 2.3118
3129 4.6917
3130 10.5732
3131 2.8541
3132 -0.9195
3133 2.1463
3134 -1.2937
3135 0.0000
3136 -0.0743
3137 6.3253
3138 8.1006
3139 4.9248
3140 -8.9524
3141 8.2993
3142 0.7790
3143 3.8083
3144 0.0000
3145 0.5367
3146 1.1226
3147 0.7056
3148 -1.5648
3149 6.2744
3150 7.4508
3151 0.0000
3152 2.4028
3153 2.7470
3154 3.9340
3155 0.0000
3156 6.2345
3157 0.9023
3158 7.5297
3159 1.8575
3160 2.6067
3161 1.9946
3162 2.8564
3163 16.2840
3164 0.0000
3165 0.6478
3166 2.6231
3167 9.6055
3168 5.0532
3169 5.8726
3170 4.9907
3171 0.0000
3172 -3.1044
3173 3.1300
3174 9.1871
3175 0.0000
3176 4.2909
3177 2.0497
3178 -0.5610
3179 6.7740
3180 2.8531
3181 -0.2488
3182 2.2680
3183 3.3751
3184 0.0000
3185 -2.8973
3186 1.5752
3187 -0.3250
3188 -0.5406
3189 9.3093
3190 0.6112
3191 0.0000
3192 -3.5693
3193 3.6256
3194 5.8924
3195 0.0000
3196 0.9635
3197 -6.5158
3198 2.8202
3199 3.3628
3200 2.5335
3201 14.9839
3202 -3.6192
3203 9.2386
3204 0.0000
3205 -1.3629
3206 4.5856
3207 1.5619
3208 10.0610
3209 4.8231
3210 10.7297
3211 0.0000
3212 -1.6687
3213 0.5995
3214 -0.7946
3215 1.6434
3216 2.5004
3217 3.9405
3218 13.3498
3219 5.9536
3220 3.2840
3221 3.9882
3222 10.5552
3223 5.1655
3224 1.7017
3225 -1.6556
3226 0.0000
3227 0.1897
3228 2.6164
3229 4.5378
3230 -4.7187
3231 4.9846
3232 1.3834
3233 -7.9844
3234 2.8514
3235 0.0000
3236 5.1786
3237 0.9242
3238 -4.7473
3239 5.0130
3240 6.2959
3241 -4.8887
3242 0.0000
3243 -1.5420
3244 5.9968
3245 3.8099
3246 0.0000
3247 11.0321
3248 1.6887
3249 1.3091
3250 9.5016
3251 -3.2500
3252 -12.1057
3253 4.8587
3254 3.9301
3255 0.0000
3256 4.8951
3257 5.3658
3258 -1.8133
3259 4.5069
3260 5.4138
3261 -1.9697
3262 0.0000
3263 0.5282
3264 8.9839
3265 5.6769
3266 0.0000
3267 3.6650
3268 1.9489
3269 -0.3333
3270 3.4199
3271 1.2520
3272 -1.8367
3273 -1.5220
3274 1.2416
3275 0.0000
3276 0.1059
3277 9.7324
3278 5.1567
3279 7.8047
3280 5.9285
3281 -1.8540
3282 0.0000
3283 -0.2824
3284 4.7408
3285 3.9950
3286 0.0000
3287 0.9177
3288 4.1374
3289 7.6259
3290 15.4743
3291 -1.5660
3292 -5.0791
3293 4.2154
3294 9.7131
3295 0.0000
3296 0.7525
3297 6.3054
3298 0.6908
3299 0.9730
3300 4.8092
3301 -1.4867
3302 0.0000
3303 4.8457
3304 0.0000
3305 4.6022
3306 0.0000
3307 6.3877
3308 0.4358
3309 -3.9261
3310 12.8160
3311 0.6932
3312 4.0510
3313 2.1621
3314 1.0256
3315 0.0000
3316 2.4950
3317 6.0217
3318 9.8999
3319 3.1813
3320 7.0192
3321 -0.4752
3322 0.0000
3323 -3.7065
3324 -3.3902
3325 4.7236
3326 7.2198
3327 1.4109
3328 5.0709
3329 0.0000
3330 9.1800
3331 3.3149
3332 -0.7178
3333 1.7137
3334 8.8496
3335 1.4376
3336 0.0000
3337 0.0138
3338 0.4348
3339 0.5703
3340 1.1103
3341 5.5876
3342 -1.0513
3343 0.0000
3344 -0.2052
3345 6.1434
3346 -2.2714
3347 -0.2251
3348 -2.4972
3349 -0.0970
3350 0.0000
3351 -1.0162
3352 -1.1493
3353 2.4452
3354 -3.2462
3355 4.6476
3356 10.7816
3357 0.0000
3358 -2.6975
3359 6.8970
3360 8.8151
3361 3.7945
3362 0.8375
3363 4.3169
3364 0.0000
3365 2.7538
3366 5.0900
3367 -0.1012
3368 3.0102
3369 3.4427
3370 -2.1164
3371 0.0000
3372 7.1656
3373 6.8503
3374 7.8828
3375 6.3846
3376 4.3668
3377 3.5797
3378 0.0000
3379 -0.0014
3380 1.4942
3381 -0.7795
3382 -0.6938
3383 -1.3015
3384 5.6063
3385 0.0000
3386 3.7095
3387 6.4981
3388 8.1009
3389 11.1747
3390 5.7482
3391 3.2768
3392 0.0000
3393 2.4421
3394 1.7185
3395 5.4850
3396 4.2948
3397 3.7939
3398 10.0356
3399 0.0000
3400 1.6620
3401 13.4035
3402 7.6311
3403 10.2807
3404 -1.1475
3405 3.5820
3406 0.0000
3407 -1.5031
3408 7.0089
3409 9.4253
3410 -0.8608
3411 11.7433
3412 5.8455
3413 0.0000
3414 8.1719
3415 0.6114
3416 3.9790
3417 2.8202
3418 5.5262
3419 -0.2315
3420 0.0000
3421 -4.8077
3422 0.0000
3423 -1.2383
3424 0.0000
3425 -3.4316
3426 0.0000
3427 -1.0357
3428 8.6391
3429 0.0000
3430 6.6186
3431 9.2344
3432 4.2701
3433 -1.6383
3434 0.0000
3435 2.5971
3436 1.1209
3437 3.1622
3438 0.0000
3439 9.2209
3440 3.0114
3441 4.9336
3442 0.0000
3443 14.3504
3444 11.4642
3445 6.3999
3446 0.8098
3447 8.3323
3448 -1.0444
3449 1.7992
3450 3.8904
3451 8.0199
3452 0.0000
3453 1.9771
3454 4.8485
3455 -2.4022
3456 3.1551
3457 1.0489
3458 3.3521
3459 0.0000
3460 0.0206
3461 6.4343
3462 4.1061
3463 9.9963
3464 1.9694
3465 5.0966
3466 0.0000
3467 -3.1974
3468 6.1920
3469 -2.2464
3470 6.5092
3471 3.4650
3472 -5.9524
3473 0.0000
3474 -3.5960
3475 2.6318
3476 0.9276
3477 4.0516
3478 1.4210
3479 6.8728
3480 0.0000
3481 -6.0938
3482 3.9529
3483 0.8024
3484 6.8970
3485 -5.5815
3486 1.4153
3487 0.0000
3488 -3.1194
3489 4.8204
3490 3.2880
3491 3.7087
3492 5.5288
3493 10.6790
3494 0.0000
3495 4.5482
3496 3.8071
3497 7.8443
3498 9.5175
3499 -0.6103
3500 6.5705
3501 0.0000
3502 -1.2410
3503 -2.9582
3504 -2.4826
3505 2.6980
3506 5.1798
3507 4.6587
3508 0.0000
3509 -4.1160
3510 0.1136
3511 10.0044
3512 0.9404
3513 6.7617
3514 8.0527
3515 0.0000
3516 -1.0038
3517 3.1473
3518 1.0195
3519 6.4180
3520 -0.4600
3521 -0.1478
3522 0.0000
3523 -1.5865
3524 8.1168
3525 6.7998
3526 -0.6466
3527 6.9700
3528 4.5964
3529 0.0000
3530 -0.6167
3531 5.3603
3532 0.0000
3533 13.7982
3534 -0.8889
3535 -1.2904
3536 6.4218
3537 2.7947
3538 -6.8057
3539 2.2954
3540 0.9245
3541 0.0000
3542 4.2845
3543 4.2371
3544 0.0000
3545 10.7451
3546 0.0000
3547 -0.1428
3548 0.0000
3549 2.6186
3550 1.2380
3551 0.0000
3552 0.4689
3553 3.3228
3554 0.0000
3555 1.8814
3556 3.3052
3557 -2.8775
3558 0.0000
3559 3.9384
3560 6.0318
3561 0.0000
3562 6.6691
3563 6.4530
3564 3.9477
3565 0.0000
3566 1.6771
3567 -0.4502
3568 0.0000
3569 1.7615
3570 -5.6347
3571 6.2319
3572 0.0000
3573 1.0792
3574 -1.9606
3575 0.0000
3576 -1.7559
3577 -1.0228
3578 -1.5180
3579 0.0000
3580 0.4023
3581 8.2430
3582 0.0000
3583 4.2187
3584 -2.0304
3585 -3.9012
3586 0.0000
3587 -4.7411
3588 1.8220
3589 0.0000
3590 0.1031
3591 2.4800
3592 5.0169
3593 0.0000
3594 5.0672
3595 4.0402
3596 0.0000
3597 7.0843
3598 3.4728
3599 7.0063
3600 0.0000
3601 0.9357
3602 9.7517
3603 0.0000
3604 8.8858
3605 7.5563
3606 1.0302
3607 0.0000
3608 -2.1070
3609 -1.6212
3610 0.0000
3611 7.8483
3612 -0.9968
3613 1.3307
3614 0.0000
3615 -1.1311
3616 2.5727
3617 0.0000
3618 5.6380
3619 3.1625
3620 2.4984
3621 0.0000
3622 -1.6230
3623 7.4641
3624 0.0000
3625 1.2072
3626 9.4266
3627 1.9841
3628 0.0000
3629 -4.5300
3630 5.1710
3631 0.0000
3632 1.5181
3633 -0.0623
3634 13.0271
3635 0.0000
3636 -0.1822
3637 9.0043
3638 0.0000
3639 6.4082
3640 4.8144
3641 -2.8824
3642 0.0000
3643 -1.0469
3644 -3.0573
3645 0.0000
3646 2.8417
3647 -2.2566
3648 5.4813
3649 0.0000
3650 8.2499
3651 12.0969
3652 0.0000
3653 7.5449
3654 -0.3269
3655 5.8144
3656 0.0000
3657 0.6203
3658 1.6018
3659 0.0000
3660 10.8487
3661 10.0622
3662 -4.1237
3663 0.0000
3664 0.6740
3665 0.0000
3666 4.1144
3667 0.0000
3668 2.2878
3669 2.5111
3670 0.0000
3671 -3.0958
3672 0.0000
3673 6.2400
3674 0.0000
3675 0.5712
3676 6.6593
3677 -2.3147
3678 0.0000
3679 3.9505
3680 0.9511
3681 4.7492
3682 0.0000
3683 -13.1739
3684 10.6993
3685 -2.6349
3686 0.0000
3687 12.8381
3688 0.0000
3689 -1.4926
3690 0.0000
3691 7.0608
3692 2.8610
3693 0.0000
3694 4.5913
3695 0.0000
3696 3.2231
3697 6.1914
3698 4.4694
3699 -0.1736
3700 0.6569
3701 -2.1672
3702 6.5241
3703 4.6627
3704 4.9002
3705 -0.6483
3706 0.1355
3707 4.4603
3708 3.7474
3709 6.3045
3710 6.8516
3711 12.3038
3712 0.0000
3713 4.4453
3714 1.5371
3715 3.4529
3716 4.5622
3717 1.1591
3718 6.4082
3719 5.6524
3720 4.4108
3721 0.0000
3722 5.0213
3723 6.5335
3724 -4.2466
3725 0.9972
3726 4.4999
3727 7.0300
3728 0.0000
3729 1.4077
3730 4.5253
3731 3.0870
3732 0.0000
3733 3.2630
3734 -4.1518
3735 3.6992
3736 1.4794
3737 2.8751
3738 1.9127
3739 -2.3799
3740 2.0780
3741 0.0000
3742 6.4905
3743 2.3390
3744 4.9242
3745 6.0087
3746 5.2985
3747 2.9580
3748 0.0000
3749 2.3935
3750 1.1415
3751 4.4310
3752 0.0000
3753 0.9511
3754 -5.2583
3755 5.7248
3756 1.8411
3757 -3.5268
3758 0.0917
3759 5.5660
3760 10.3497
3761 0.0000
3762 11.2214
3763 10.0180
3764 -8.3007
3765 7.1547
3766 0.0952
3767 -3.3774
3768 0.0000
3769 8.4956
3770 3.2921
3771 2.2618
3772 0.0000
3773 -6.0568
3774 -0.7844
3775 7.1769
3776 0.1354
3777 0.3137
3778 0.4044
3779 -0.1035
3780 1.7794
3781 0.0000
3782 0.8439
3783 4.8268
3784 -0.5873
3785 1.9573
3786 -0.1343
3787 6.6518
3788 0.0000
3789 -4.2230
3790 13.5168
3791 3.4811
3792 7.0104
3793 1.8377
3794 5.9137
3795 5.2412
3796 6.9541
3797 2.2710
3798 -1.4814
3799 1.8403
3800 -3.5048
3801 2.6197
3802 9.0733
3803 0.0000
3804 5.1578
3805 2.0803
3806 4.1834
3807 7.2667
3808 5.5980
3809 10.1816
3810 5.6539
3811 12.6171
3812 0.0000
3813 9.8695
3814 10.0002
3815 -0.3813
3816 1.8407
3817 11.1930
3818 4.1760
3819 0.0000
3820 2.3718
3821 -1.5829
3822 6.4300
3823 0.0000
3824 3.3906
3825 -2.9135
3826 6.4038
3827 2.1109
3828 -0.2539
3829 11.1612
3830 1.6705
3831 -1.7255
3832 0.0000
3833 5.3550
3834 1.2271
3835 5.0430
3836 9.1145
3837 4.6073
3838 9.2642
3839 0.0000
3840 8.8215
3841 1.9250
3842 7.7827
3843 0.0000
3844 7.1587
3845 -6.3502
3846 0.2330
3847 -0.2251
3848 4.3736
3849 6.6857
3850 -1.9064
3851 -0.1552
3852 0.0000
3853 5.4855
3854 1.2203
3855 1.1933
3856 11.4666
3857 6.7438
3858 3.1284
3859 0.0000
3860 -3.2404
3861 -1.9426
3862 3.6291
3863 0.0000
3864 -3.8834
3865 8.4565
3866 7.3500
3867 -3.5344
3868 0.4957
3869 6.8342
3870 5.5641
3871 -0.3210
3872 0.0000
3873 3.6219
3874 5.1444
3875 9.8477
3876 5.2499
3877 5.6593
3878 0.6627
3879 0.0000
3880 0.8990
3881 -0.6425
3882 2.8440
3883 6.8039
3884 5.4367
3885 4.1835
3886 -3.2516
3887 -5.8243
3888 1.3567
3889 7.6412
3890 5.5046
3891 2.2282
3892 9.5865
3893 8.1544
3894 0.0000
3895 9.0589
3896 -0.7321
3897 5.3598
3898 7.3444
3899 -3.7812
3900 7.3589
3901 6.3234
3902 5.8068
3903 0.0000
3904 4.9607
3905 -2.7778
3906 6.4063
3907 3.9912
3908 -2.4034
3909 1.9139
3910 0.0000
3911 7.3691
3912 7.4658
3913 -2.5510
3914 0.0000
3915 4.2801
3916 -4.5527
3917 3.4352
3918 3.8157
3919 9.2714
3920 6.8863
3921 5.2179
3922 -0.0139
3923 0.0000
3924 1.6084
3925 2.1932
3926 9.0554
3927 4.3829
3928 3.5464
3929 7.7804
3930 0.0000
3931 0.0834
3932 2.0589
3933 1.0429
3934 0.0000
3935 2.5267
3936 3.1651
3937 3.5322
3938 2.2475
3939 -2.4900
3940 -4.9086
3941 1.9503
3942 9.6133
3943 0.0000
3944 5.5061
3945 2.8207
3946 2.0481
3947 3.8282
3948 15.1545
3949 8.5757
3950 0.0000
3951 -3.6314
3952 -1.1327
3953 8.0765
3954 0.0000
3955 6.2451
3956 2.7485
3957 2.3548
3958 5.2591
3959 -3.7273
3960 3.2298
3961 -3.5501
3962 1.4564
3963 0.0000
3964 5.9768
3965 -0.4122
3966 3.6736
3967 -0.3533
3968 11.4309
3969 3.4173
3970 0.0000
3971 -5.3237
3972 3.1334
3973 9.8585
3974 6.5768
3975 2.7970
3976 3.1677
3977 1.8900
3978 13.5934
3979 -2.0321
3980 -3.9912
3981 2.2388
3982 6.1827
3983 3.0674
3984 -1.8783
3985 0.0000
3986 6.6034
3987 0.9775
3988 2.1519
3989 -0.3255
3990 -2.2176
3991 8.6945
3992 0.8680
3993 4.2484
3994 0.0000
3995 9.6699
3996 12.2505
3997 9.0192
3998 3.2495
3999 7.1698
4000 9.0688
4001 0.0000
4002 5.1029
4003 9.5201
4004 2.3450
4005 0.0000
4006 0.1161
4007 -2.4552
4008 7.6002
4009 9.7881
4010 7.0929
4011 4.9022
4012 0.0522
4013 6.2180
4014 0.0000
4015 9.3752
4016 0.3861
4017 11.6580
4018 7.0343
4019 7.2381
4020 5.7807
4021 0.0000
4022 6.7150
4023 9.6065
4024 -2.2169
4025 0.0000
4026 2.4305
4027 0.4648
4028 -0.0486
4029 8.5737
4030 -0.0233
4031 -0.2440
4032 -1.4466
4033 9.2286
4034 0.0000
4035 1.8004
4036 5.9120
4037 5.6870
4038 8.7921
4039 3.4982
4040 -2.9696
4041 0.0000
4042 1.8975
4043 0.2608
4044 10.2718
4045 0.0000
4046 0.7562
4047 -2.4068
4048 5.7036
4049 5.8075
4050 -6.6669
4051 6.1134
4052 5.0796
4053 3.4907
4054 0.0000
4055 1.4030
4056 -0.0252
4057 5.8355
4058 4.7343
4059 2.8974
4060 5.3575
4061 0.0000
4062 -4.8510
4063 0.0000
4064 3.7217
4065 0.0000
4066 11.2434
4067 3.8391
4068 -5.8235
4069 -1.9161
4070 -1.4444
4071 3.5942
4072 0.3214
4073 8.3428
4074 0.0000
4075 -2.4768
4076 0.9673
4077 6.0808
4078 -0.3782
4079 1.2475
4080 4.3015
4081 0.0000
4082 2.3976
4083 3.6360
4084 5.4637
4085 6.6136
4086 6.4716
4087 4.1455
4088 0.0000
4089 -3.4846
4090 8.7683
4091 8.2816
4092 15.5144
4093 1.4362
4094 1.0790
4095 0.0000
4096 2.9431
4097 0.3232
4098 8.2616
4099 0.7692
4100 6.3923
4101 -1.1759
4102 0.0000
4103 2.6222
4104 7.8082
4105 7.7830
4106 7.1146
4107 0.3582
4108 -4.2719
4109 0.0000
4110 3.9571
4111 3.3354
4112 11.4419
4113 5.0769
4114 2.0216
4115 8.5188
4116 0.0000
4117 0.8889
4118 -0.9661
4119 3.3928
4120 1.7385
4121 2.7191
4122 8.5491
4123 0.0000
4124 -0.0309
4125 0.6788
4126 -0.5660
4127 10.9431
4128 3.4246
4129 7.0021
4130 0.0000
4131 0.6144
4132 3.9799
4133 6.5314
4134 3.8892
4135 2.2686
4136 3.0885
4137 0.0000
4138 1.4516
4139 3.2146
4140 1.9049
4141 9.8683
4142 1.2876
4143 -1.5392
4144 0.0000
4145 2.1605
4146 4.9506
4147 4.1593
4148 10.6450
4149 1.9070
4150 -2.3772
4151 0.0000
4152 1.2477
4153 8.1625
4154 4.4333
4155 7.2504
4156 -0.0812
4157 3.6603
4158 0.0000
4159 -6.8860
4160 11.0839
4161 0.4958
4162 1.7520
4163 1.0097
4164 3.1488
4165 0.0000
4166 0.7799
4167 1.3702
4168 4.4132
4169 1.3886
4170 11.1428
4171 5.5333
4172 0.0000
4173 -0.0425
4174 -1.1107
4175 1.4232
4176 3.7816
4177 -2.8703
4178 1.8652
4179 0.0000
4180 2.2248
4181 0.0000
4182 2.9071
4183 0.0000
4184 5.2326
4185 0.0000
4186 3.4619
4187 4.4542
4188 0.0000
4189 4.7686
4190 5.2155
4191 10.6571
4192 -3.0788
4193 0.0000
4194 1.3059
4195 0.9358
4196 3.6462
4197 0.0000
4198 -2.0295
4199 3.5600
4200 1.1874
4201 0.0000
4202 -3.1976
4203 2.4081
4204 2.3400
4205 1.3448
4206 2.4485
4207 -0.8888
4208 3.7086
4209 11.3042
4210 7.0510
4211 0.0000
4212 8.2399
4213 5.7299
4214 -2.8233
4215 6.3034
4216 2.8547
4217 3.5478
4218 0.0000
4219 3.3672
4220 4.4570
4221 -1.0364
4222 -1.2551
4223 6.9315
4224 5.3812
4225 0.0000
4226 7.2113
4227 6.3955
4228 8.3063
4229 4.1594
4230 4.3833
4231 -5.7215
4232 0.0000
4233 -3.1941
4234 1.1942
4235 5.6351
4236 9.4176
4237 4.1833
4238 1.4572
4239 0.0000
4240 11.9672
4241 -1.1725
4242 4.7497
4243 7.7432
4244 8.5742
4245 9.8452
4246 0.0000
4247 2.7394
4248 1.3663
4249 3.6108
4250 2.2442
4251 6.6693
4252 11.6379
4253 0.0000
4254 4.6324
4255 8.3190
4256 4.8178
4257 3.7882
4258 -2.3289
4259 2.1865
4260 0.0000
4261 6.9998
4262 9.6837
4263 11.8640
4264 4.3315
4265 2.6782
4266 3.1653
4267 0.0000
4268 4.9346
4269 -0.2654
4270 -2.1498
4271 2.8586
4272 -5.1791
4273 1.4745
4274 0.0000
4275 -2.0377
4276 3.8703
4277 0.0488
4278 5.8945
4279 4.1102
4280 7.6378
4281 0.0000
4282 1.9815
4283 -6.8064
4284 12.2412
4285 7.0928
4286 3.1078
4287 -4.4174
4288 0.0000
4289 -4.0772
4290 1.3166
4291 0.0000
4292 -1.4469
4293 0.2878
4294 3.8494
4295 -2.6792
4296 -5.4083
4297 4.3582
4298 -2.5463
4299 5.4583
4300 0.0000
4301 -2.3817
4302 2.6722
4303 0.0000
4304 7.2676
4305 0.0000
4306 4.3203
4307 0.0000
4308 11.0899
4309 5.0168
4310 0.0000
4311 6.5954
4312 6.3910
4313 0.0000
4314 -3.1146
4315 10.2602
4316 3.0399
4317 0.0000
4318 1.1234
4319 3.0881
4320 0.0000
4321 -0.6304
4322 1.1277
4323 -1.2805
4324 0.0000
4325 3.4311
4326 -0.2522
4327 0.0000
4328 11.7363
4329 6.9052
4330 6.4155
4331 0.0000
4332 -4.8913
4333 6.3063
4334 0.0000
4335 3.9763
4336 10.1830
4337 9.4720
4338 0.0000
4339 -2.7105
4340 13.9196
4341 0.0000
4342 1.5599
4343 1.8581
4344 2.9207
4345 0.0000
4346 3.9803
4347 9.5401
4348 0.0000
4349 4.6330
4350 4.7010
4351 7.5081
4352 0.0000
4353 -1.3512
4354 5.8652
4355 0.0000
4356 2.2261
4357 1.0574
4358 6.2623
4359 0.0000
4360 2.4276
4361 6.5685
4362 0.0000
4363 4.2654
4364 5.9142
4365 2.8121
4366 0.0000
4367 0.4121
4368 6.1923
4369 0.0000
4370 -0.7740
4371 2.5193
4372 3.3914
4373 0.0000
4374 4.3590
4375 10.4662
4376 0.0000
4377 8.0790
4378 7.6180
4379 7.6084
4380 0.0000
4381 2.5113
4382 10.0376
4383 0.0000
4384 6.7859
4385 -0.2008
4386 12.0107
4387 0.0000
4388 -8.1989
4389 5.1921
4390 0.0000
4391 5.2558
4392 0.1557
4393 9.4672
4394 0.0000
4395 2.4891
4396 3.9562
4397 0.0000
4398 9.7643
4399 -1.8451
4400 4.3961
4401 0.0000
4402 0.6358
4403 9.4272
4404 0.0000
4405 4.1632
4406 2.5869
4407 10.0794
4408 0.0000
4409 5.5411
4410 0.1982
4411 0.0000
4412 -0.1745
4413 4.0449
4414 4.5147
4415 0.0000
4416 9.8183
4417 2.7968
4418 0.0000
4419 7.9794
4420 4.5020
4421 -1.5542
4422 0.0000
4423 2.6294
4424 0.0000
4425 -5.2363
4426 0.0000
4427 2.8250
4428 6.1260
4429 0.0000
4430 9.6761
4431 0.0000
4432 6.4398
4433 0.0000
4434 7.1185
4435 3.7616
4436 5.5416
4437 0.0000
4438 7.4704
4439 1.0277
4440 4.4872
4441 0.0000
4442 1.0510
4443 0.5515
4444 8.8006
4445 0.0000
4446 11.2907
4447 0.0000
4448 -0.3867
4449 0.0000
4450 -0.3764
4451 6.3384
4452 0.0000
4453 6.1548
4454 0.0000
4455 10.9076
4456 0.0965
4457 3.2230
4458 4.1701
4459 4.8222
4460 0.8371
4461 -1.3423
4462 0.3928
4463 7.1066
4464 4.0074
4465 5.6043
4466 -1.1361
4467 8.7394
4468 -0.7275
4469 3.8046
4470 2.7792
4471 0.0000
4472 0.2090
4473 -0.0974
4474 -0.0989
4475 -0.7296
4476 -3.6979
4477 5.5699
4478 2.4826
4479 -0.9826
4480 0.0000
4481 1.9940
4482 3.3428
4483 3.8657
4484 6.7351
4485 -6.2022
4486 8.6493
4487 0.0000
4488 1.7892
4489 6.4197
4490 2.2788
4491 0.0000
4492 7.0384
4493 -1.5816
4494 4.8321
4495 1.5034
4496 0.2859
4497 11.6070
4498 2.7607
4499 5.8353
4500 0.0000
4501 3.2195
4502 1.5393
4503 9.2141
4504 2.8642
4505 2.9588
4506 8.9195
4507 0.0000
4508 -0.4065
4509 -0.1482
4510 7.3438
4511 0.0000
4512 9.6552
4513 -3.3524
4514 17.9190
4515 7.7587
4516 -4.9666
4517 11.8801
4518 6.5254
4519 0.5616
4520 0.0000
4521 9.5166
4522 2.7847
4523 -1.3393
4524 -1.6619
4525 6.0678
4526 4.6951
4527 0.0000
4528 -0.4294
4529 5.1805
4530 3.6509
4531 0.0000
4532 4.5119
4533 0.6086
4534 -0.9999
4535 2.9884
4536 -5.7981
4537 14.6954
4538 2.9053
4539 11.2347
4540 0.0000
4541 9.0570
4542 2.8142
4543 7.3247
4544 0.2712
4545 0.3732
4546 2.1623
4547 0.0000
4548 1.7281
4549 8.6539
4550 3.9645
4551 8.4073
4552 4.4353
4553 -2.2063
4554 2.9360
4555 4.3926
4556 1.2571
4557 2.2901
4558 6.0963
4559 6.1995
4560 -0.3227
4561 3.8175
4562 0.0000
4563 6.6412
4564 -3.9385
4565 9.1075
4566 3.0533
4567 2.7840
4568 10.4259
4569 7.0675
4570 4.1240
4571 0.0000
4572 9.3502
4573 6.2824
4574 6.0785
4575 3.7392
4576 -3.5599
4577 4.0796
4578 0.0000
4579 4.0576
4580 -2.5836
4581 2.9109
4582 0.0000
4583 5.0448
4584 2.9376
4585 -0.9238
4586 7.3023
4587 -2.4686
4588 11.7533
4589 7.1921
4590 0.5257
4591 0.0000
4592 9.5821
4593 6.2188
4594 -0.0979
4595 2.9318
4596 9.1085
4597 1.0389
4598 0.0000
4599 -2.6372
4600 2.8933
4601 7.6550
4602 0.0000
4603 4.2040
4604 -1.3678
4605 5.0447
4606 0.7493
4607 -8.9291
4608 9.4899
4609 8.7352
4610 5.5187
4611 0.0000
4612 3.5839
4613 5.0250
4614 5.0929
4615 6.2256
4616 10.7915
4617 7.7929
4618 0.0000
4619 5.6430
4620 6.2793
4621 5.6465
4622 0.0000
4623 -0.1087
4624 -2.2889
4625 2.0609
4626 -1.6785
4627 4.8312
4628 10.4733
4629 4.3312
4630 7.2342
4631 0.0000
4632 8.2317
4633 9.4497
4634 -1.9557
4635 3.3120
4636 -1.8300
4637 3.8176
4638 0.0000
4639 -0.5697
4640 7.8673
4641 0.9133
4642 4.8907
4643 4.0873
4644 -6.1689
4645 1.6637
4646 7.9183
4647 10.8131
4648 3.5877
4649 4.4028
4650 6.8138
4651 3.7846
4652 3.7232
4653 0.0000
4654 9.3617
4655 -3.2360
4656 3.2440
4657 5.1785
4658 2.9314
4659 6.6621
4660 4.4275
4661 0.2272
4662 0.0000
4663 6.6254
4664 9.6643
4665 4.0591
4666 8.8798
4667 6.6638
4668 6.6195
4669 0.0000
4670 2.6444
4671 4.2121
4672 5.5672
4673 0.0000
4674 6.0876
4675 0.3470
4676 1.7521
4677 -0.2288
4678 6.1663
4679 4.3264
4680 0.9329
4681 2.4664
4682 0.0000
4683 3.4633
4684 4.4686
4685 9.8567
4686 6.2232
4687 4.9202
4688 6.8110
4689 0.0000
4690 2.1922
4691 5.8885
4692 5.3775
4693 0.0000
4694 6.0683
4695 -11.9649
4696 1.1777
4697 3.3572
4698 -8.0212
4699 -4.8565
4700 2.4337
4701 3.5842
4702 0.0000
4703 4.6472
4704 -1.3529
4705 2.0318
4706 2.6477
4707 8.5083
4708 9.9207
4709 0.0000
4710 1.1680
4711 1.4215
4712 4.5008
4713 0.0000
4714 5.1818
4715 -0.8185
4716 7.7949
4717 7.9212
4718 5.3116
4719 -1.1991
4720 2.2902
4721 8.6857
4722 0.0000
4723 8.5990
4724 0.9468
4725 -2.2957
4726 6.1830
4727 7.5378
4728 7.5721
4729 0.0000
4730 -0.4580
4731 4.2706
4732 4.5732
4733 -0.6205
4734 5.8518
4735 9.1361
4736 4.6170
4737 0.9711
4738 2.0331
4739 3.0684
4740 3.7183
4741 5.6352
4742 -0.4547
4743 8.0440
4744 0.0000
4745 1.4334
4746 -1.3483
4747 3.1271
4748 6.0150
4749 -1.2282
4750 8.8782
4751 5.4480
4752 0.7393
4753 0.0000
4754 2.5221
4755 3.5200
4756 -2.1696
4757 4.5806
4758 1.6731
4759 4.2542
4760 0.0000
4761 -0.7218
4762 -3.2200
4763 5.5012
4764 0.0000
4765 8.0479
4766 -2.9812
4767 4.4677
4768 3.6274
4769 -0.2505
4770 8.3356
4771 5.7367
4772 11.2431
4773 0.0000
4774 -1.1511
4775 6.7089
4776 5.5144
4777 3.3827
4778 1.7136
4779 10.5301
4780 0.0000
4781 6.5833
4782 5.0404
4783 7.7488
4784 0.0000
4785 8.5432
4786 -3.7521
4787 3.5302
4788 -3.2307
4789 7.3428
4790 2.0427
4791 0.3334
4792 8.9333
4793 0.0000
4794 3.7483
4795 6.3977
4796 7.9450
4797 3.2921
4798 2.2530
4799 5.9176
4800 0.0000
4801 3.6958
4802 10.0685
4803 6.3838
4804 0.0000
4805 -0.3951
4806 -1.4549
4807 3.7007
4808 5.8387
4809 0.7922
4810 3.5893
4811 10.3792
4812 2.9325
4813 0.0000
4814 1.9637
4815 4.3234
4816 0.8869
4817 -0.8036
4818 -6.1922
4819 5.0191
4820 0.0000
4821 6.3131
4822 0.0000
4823 2.9011
4824 0.0000
4825 1.8827
4826 1.3004
4827 -11.3137
4828 3.1024
4829 5.2223
4830 12.1846
4831 0.5421
4832 2.8704
4833 0.0000
4834 -6.1204
4835 2.7776
4836 0.7234
4837 11.7335
4838 -3.5166
4839 2.5470
4840 0.0000
4841 0.3242
4842 -1.2716
4843 0.0224
4844 -3.4304
4845 6.8226
4846 6.5758
4847 0.0000
4848 -2.1394
4849 4.7887
4850 -3.9002
4851 -4.2909
4852 -7.4411
4853 4.6610
4854 0.0000
4855 13.1376
4856 0.0538
4857 9.3692
4858 1.0088
4859 3.7213
4860 -2.0111
4861 0.0000
4862 4.4318
4863 6.6060
4864 8.0763
4865 -0.6238
4866 4.0487
4867 5.2178
4868 0.0000
4869 -1.6012
4870 2.2621
4871 9.4890
4872 2.3411
4873 7.2667
4874 0.7576
4875 0.0000
4876 3.9218
4877 -2.1004
4878 1.3745
4879 4.1155
4880 8.1712
4881 4.6634
4882 0.0000
4883 0.4121
4884 3.9101
4885 5.8609
4886 4.7405
4887 11.3549
4888 1.1497
4889 0.0000
4890 5.6160
4891 2.1429
4892 -2.1300
4893 -0.3655
4894 2.6492
4895 6.1483
4896 0.0000
4897 6.2030
4898 -3.2417
4899 0.6218
4900 6.2375
4901 5.6912
4902 2.7643
4903 0.0000
4904 -0.2432
4905 9.6857
4906 -2.8364
4907 7.0167
4908 -1.7139
4909 9.4511
4910 0.0000
4911 2.4758
4912 7.0474
4913 -1.2623
4914 2.3530
4915 -1.0445
4916 1.9717
4917 0.0000
4918 0.7152
4919 3.1432
4920 -3.2556
4921 0.0690
4922 5.8606
4923 5.2116
4924 0.0000
4925 8.0955
4926 5.3576
4927 5.6411
4928 -1.6282
4929 4.5381
4930 8.7820
4931 0.0000
4932 -4.6776
4933 4.3378
4934 -1.2048
4935 12.0854
4936 -1.8244
4937 -2.1188
4938 0.0000
4939 -2.8169
4940 0.0000
4941 6.7953
4942 0.0000
4943 3.6364
4944 0.0000
4945 -0.8874
4946 -5.1569
4947 0.0000
4948 11.1591
4949 -3.3350
4950 -0.5355
4951 5.7802
4952 0.0000
4953 7.7068
4954 1.2305
4955 13.1093
4956 0.0000
4957 -5.2787
4958 4.1514
4959 12.6225
4960 0.0000
4961 -4.3095
4962 5.3680
4963 4.9396
4964 1.8500
4965 7.8467
4966 6.2515
4967 11.4926
4968 0.2673
4969 9.5331
4970 0.0000
4971 0.2532
4972 9.0264
4973 6.6663
4974 8.1214
4975 2.6992
4976 5.1611
4977 0.0000
4978 -0.1731
4979 8.6168
4980 3.9650
4981 5.9635
4982 -0.2933
4983 0.0342
4984 0.0000
4985 1.6081
4986 -0.1116
4987 13.2854
4988 4.8707
4989 -0.3270
4990 5.3539
4991 0.0000
4992 2.3653
4993 8.5813
4994 7.0539
4995 -2.5112
4996 3.4127
4997 2.1274
4998 0.0000
4999 2.7998
5000 3.9591
5001 9.3646
5002 3.7967
5003 3.4931
5004 5.2863
5005 0.0000
5006 -1.0824
5007 1.4458
5008 7.9656
5009 5.4812
5010 5.0765
5011 4.4608
5012 0.0000
5013 -8.6330
5014 -4.2585
5015 -6.4704
5016 1.2937
5017 5.3721
5018 4.0075
5019 0.0000
5020 -3.3580
5021 0.8413
5022 -1.8753
5023 7.2476
5024 3.6563
5025 6.6591
5026 0.0000
5027 -2.0704
5028 4.2387
5029 11.7273
5030 2.9363
5031 4.7414
5032 3.2262
5033 0.0000
5034 -6.1146
5035 3.9268
5036 6.5979
5037 5.6798
5038 3.9727
5039 9.3388
5040 0.0000
5041 5.4696
5042 0.2289
5043 12.5555
5044 5.0775
5045 6.0469
5046 -0.6631
5047 0.0000
5048 -6.7670
5049 -0.3772
5050 0.0000
5051 -2.0890
5052 -4.8151
5053 -1.5501
5054 3.5997
5055 -7.5191
5056 2.1841
5057 4.0312
5058 -0.6352
5059 0.0000
5060 1.9095
5061 -1.2146
5062 0.0000
5063 2.8970
5064 0.0000
5065 3.9983
5066 0.0000
5067 1.2165
5068 2.7260
5069 0.0000
5070 4.8872
5071 7.5217
5072 0.0000
5073 -1.3146
5074 4.3183
5075 -1.4747
5076 0.0000
5077 -3.9832
5078 5.8430
5079 0.0000
5080 -0.1480
5081 5.0116
5082 5.8636
5083 0.0000
5084 -5.5094
5085 0.3665
5086 0.0000
5087 4.5033
5088 3.0983
5089 4.3235
5090 0.0000
5091 3.4654
5092 1.4879
5093 0.0000
5094 -6.4619
5095 -0.5023
5096 1.3135
5097 0.0000
5098 1.0912
5099 5.0224
5100 0.0000
5101 -1.6611
5102 7.1959
5103 4.6506
5104 0.0000
5105 0.8785
5106 4.9046
5107 0.0000
5108 2.1669
5109 -3.6906
5110 3.1032
5111 0.0000
5112 -9.6862
5113 -0.6626
5114 0.0000
5115 9.8058
5116 7.9626
5117 4.7253
5118 0.0000
5119 -1.1665
5120 9.8382
5121 0.0000
5122 1.0474
5123 6.1801
5124 -1.0454
5125 0.0000
5126 0.4588
5127 5.8616
5128 0.0000
5129 8.8190
5130 -4.3304
5131 -2.2436
5132 0.0000
5133 -5.7232
5134 3.3349
5135 0.0000
5136 3.4333
5137 6.3057
5138 0.4630
5139 0.0000
5140 1.1927
5141 8.5936
5142 0.0000
5143 -3.0767
5144 1.7217
5145 9.3704
5146 0.0000
5147 2.4714
5148 3.5942
5149 0.0000
5150 1.3742
5151 1.4123
5152 -1.6705
5153 0.0000
5154 1.0290
5155 1.4377
5156 0.0000
5157 5.3463
5158 6.2843
5159 5.1358
5160 0.0000
5161 -1.7699
5162 1.1906
5163 0.0000
5164 1.5243
5165 2.5485
5166 5.9731
5167 0.0000
5168 -3.4480
5169 -1.9192
5170 0.0000
5171 14.9974
5172 14.5604
5173 6.9795
5174 0.0000
5175 -3.8190
5176 5.1299
5177 0.0000
5178 5.1637
5179 11.2912
5180 3.2154
5181 0.0000
5182 5.2699
5183 0.0000
5184 0.8395
5185 0.0000
5186 6.1849
5187 4.9176
5188 0.0000
5189 2.9530
5190 0.0000
5191 5.4183
5192 0.0000
5193 1.4677
5194 7.5934
5195 0.2796
5196 0.0000
5197 4.4346
5198 4.9820
5199 7.8476
5200 0.0000
5201 9.3034
5202 7.8464
5203 1.5327
5204 0.0000
5205 0.9780
5206 0.0000
5207 4.7371
5208 0.0000
5209 -0.7085
5210 1.5371
5211 0.0000
5212 -0.2476
5213 0.0000
5214 7.2629
5215 -0.6436
5216 2.0595
5217 -2.7395
5218 7.2428
5219 4.8820
5220 9.9052
5221 5.1615
5222 4.7926
5223 5.6261
5224 8.7552
5225 1.9099
5226 4.7105
5227 -1.3812
5228 6.2104
5229 6.8686
5230 0.0000
5231 8.3486
5232 4.9814
5233 11.8776
5234 7.7254
5235 2.8816
5236 8.1557
5237 5.0782
5238 1.8593
5239 0.0000
5240 2.2864
5241 8.5256
5242 -3.2638
5243 -3.0775
5244 2.3949
5245 3.2374
5246 0.0000
5247 -0.0322
5248 0.9641
5249 1.6673
5250 0.0000
5251 7.4206
5252 -0.2890
5253 4.0843
5254 -3.5978
5255 6.0516
5256 1.4085
5257 -0.4956
5258 5.9527
5259 0.0000
5260 4.5418
5261 4.0768
5262 7.8916
5263 6.2036
5264 -2.8917
5265 12.2920
5266 0.0000
5267 1.2880
5268 4.7388
5269 2.3930
5270 0.0000
5271 4.7374
5272 -3.3781
5273 10.9362
5274 9.6330
5275 3.3470
5276 3.9605
5277 1.5056
5278 3.3488
5279 0.0000
5280 15.1597
5281 1.7437
5282 0.2719
5283 -0.4902
5284 0.6050
5285 2.0534
5286 0.0000
5287 -0.9661
5288 6.0048
5289 3.2140
5290 0.0000
5291 8.0102
5292 -2.5443
5293 4.2347
5294 9.8659
5295 -0.8502
5296 -0.1860
5297 -1.1774
5298 -0.3580
5299 0.0000
5300 3.3038
5301 7.3464
5302 10.4029
5303 2.6333
5304 4.5313
5305 4.7993
5306 0.0000
5307 3.5466
5308 -1.1953
5309 2.9213
5310 6.3282
5311 1.2069
5312 -1.2423
5313 6.5256
5314 3.9246
5315 3.5687
5316 5.5815
5317 3.5122
5318 4.6561
5319 8.3989
5320 4.1207
5321 0.0000
5322 0.2081
5323 -4.7637
5324 2.1014
5325 3.1990
5326 8.0800
5327 10.1067
5328 3.9342
5329 3.7331
5330 0.0000
5331 3.4212
5332 -1.4485
5333 2.3394
5334 -4.7196
5335 5.4256
5336 2.9841
5337 0.0000
5338 1.0507
5339 10.7357
5340 -4.1998
5341 0.0000
5342 2.1258
5343 4.3729
5344 1.3554
5345 4.0185
5346 5.5610
5347 -0.5719
5348 -2.5981
5349 -3.6410
5350 0.0000
5351 6.8372
5352 2.4947
5353 7.3864
5354 7.8384
5355 3.8025
5356 3.3115
5357 0.0000
5358 0.7236
5359 7.1964
5360 6.2982
5361 0.0000
5362 7.5014
5363 -5.3112
5364 12.2051
5365 5.8058
5366 -6.0011
5367 2.3228
5368 0.8430
5369 1.0784
5370 0.0000
5371 6.8169
5372 3.3186
5373 8.5424
5374 8.1898
5375 8.1240
5376 0.9553
5377 0.0000
5378 3.0422
5379 -1.7532
5380 1.6783
5381 0.0000
5382 5.7934
5383 -1.4876
5384 -0.4621
5385 3.8734
5386 -3.8139
5387 -1.5968
5388 4.8084
5389 9.2940
5390 0.0000
5391 4.8293
5392 8.9938
5393 1.9336
5394 2.0318
5395 10.0588
5396 9.6872
5397 0.0000
5398 -0.0032
5399 10.3573
5400 7.9784
5401 -3.2278
5402 6.8186
5403 3.5896
5404 5.3986
5405 0.6024
5406 -0.7218
5407 2.8405
5408 -6.1926
5409 0.1748
5410 8.1829
5411 1.2215
5412 0.0000
5413 6.7241
5414 2.4066
5415 1.4566
5416 -3.1306
5417 -2.0271
5418 -0.5107
5419 2.3414
5420 -1.4858
5421 0.0000
5422 6.4526
5423 2.8648
5424 4.0762
5425 2.0574
5426 8.8357
5427 2.4496
5428 0.0000
5429 -4.3289
5430 6.2785
5431 0.5117
5432 0.0000
5433 -0.1426
5434 3.5559
5435 8.3782
5436 3.7562
5437 3.0797
5438 7.8383
5439 -1.3812
5440 5.0443
5441 0.0000
5442 3.9897
5443 4.7759
5444 2.0809
5445 4.0912
5446 -8.6455
5447 0.6618
5448 0.0000
5449 -3.3369
5450 -1.6387
5451 9.0391
5452 0.0000
5453 -4.2058
5454 -1.7155
5455 2.2304
5456 3.5383
5457 -0.3092
5458 -0.5407
5459 1.8419
5460 1.1350
5461 0.0000
5462 10.9605
5463 1.2000
5464 0.4221
5465 0.4479
5466 4.7317
5467 1.6744
5468 0.0000
5469 -0.4071
5470 1.7690
5471 -5.3069
5472 0.0000
5473 13.2680
5474 6.8668
5475 1.2335
5476 -0.9792
5477 -7.1356
5478 12.2831
5479 -1.1364
5480 -1.8268
5481 0.0000
5482 1.3474
5483 5.3916
5484 10.4781
5485 4.2569
5486 1.1722
5487 1.0992
5488 0.0000
5489 -6.1742
5490 4.3530
5491 2.8428
5492 -2.9556
5493 8.1743
5494 1.4561
5495 4.4792
5496 6.8079
5497 0.9749
5498 4.4101
5499 6.7828
5500 0.0040
5501 8.2724
5502 2.4284
5503 0.0000
5504 -2.9021
5505 -6.4398
5506 2.9290
5507 9.2650
5508 -4.0110
5509 -6.4199
5510 -4.0845
5511 4.3736
5512 0.0000
5513 6.4405
5514 4.1939
5515 2.2833
5516 3.9030
5517 -5.6074
5518 6.4811
5519 0.0000
5520 4.7649
5521 -1.2151
5522 5.8404
5523 0.0000
5524 4.9085
5525 -0.6875
5526 6.5170
5527 -1.3770
5528 0.4292
5529 9.3101
5530 5.7590
5531 4.1480
5532 0.0000
5533 3.5344
5534 9.0802
5535 3.0900
5536 4.9879
5537 2.6935
5538 13.5055
5539 0.0000
5540 1.0231
5541 10.1784
5542 7.9114
5543 0.0000
5544 3.6037
5545 4.3340
5546 2.2439
5547 10.6528
5548 -2.2292
5549 -1.9435
5550 3.4290
5551 -1.4913
5552 0.0000
5553 1.2060
5554 0.7038
5555 2.0651
5556 4.5171
5557 10.4299
5558 3.2265
5559 0.0000
5560 -4.6232
5561 -2.6555
5562 6.1183
5563 0.0000
5564 0.0392
5565 4.5508
5566 3.4192
5567 -1.2637
5568 5.3648
5569 8.3291
5570 1.9687
5571 4.0643
5572 0.0000
5573 3.8878
5574 10.3278
5575 6.1554
5576 6.9213
5577 -7.9832
5578 5.6991
5579 0.0000
5580 5.4678
5581 0.0000
5582 5.1515
5583 0.0000
5584 0.1948
5585 -0.6773
5586 -0.7758
5587 2.9396
5588 8.4143
5589 -0.5160
5590 3.7346
5591 7.1067
5592 0.0000
5593 -2.2181
5594 5.8453
5595 6.0233
5596 -8.4944
5597 -3.2791
5598 12.3167
5599 0.0000
5600 -1.6041
5601 2.9075
5602 -0.7291
5603 8.0487
5604 3.3383
5605 1.1441
5606 0.0000
5607 3.8621
5608 -2.5631
5609 4.4103
5610 4.0082
5611 1.7207
5612 4.0076
5613 0.0000
5614 5.6145
5615 -0.6530
5616 3.0264
5617 5.2258
5618 2.8253
5619 2.5947
5620 0.0000
5621 -0.1688
5622 -4.3482
5623 2.5238
5624 7.0036
5625 4.3926
5626 -2.2298
5627 0.0000
5628 -4.1376
5629 8.6704
5630 2.2960
5631 -2.8360
5632 8.0588
5633 9.2458
5634 0.0000
5635 5.8874
5636 4.9258
5637 5.7514
5638 -1.1349
5639 3.0444
5640 -0.8764
5641 0.0000
5642 2.6036
5643 1.1279
5644 -0.2559
5645 1.4119
5646 1.4723
5647 3.3795
5648 0.0000
5649 -5.6819
5650 3.6668
5651 7.1397
5652 0.7685
5653 0.5589
5654 4.8710
5655 0.0000
5656 1.7711
5657 2.6831
5658 9.0392
5659 10.7659
5660 13.8834
5661 4.3116
5662 0.0000
5663 4.9178
5664 1.2060
5665 2.8557
5666 6.9765
5667 6.7523
5668 3.6819
5669 0.0000
5670 -1.1228
5671 7.8803
5672 7.3291
5673 -2.9224
5674 5.2545
5675 -1.5425
5676 0.0000
5677 2.9685
5678 -6.0997
5679 4.1185
5680 7.0207
5681 2.0774
5682 -1.2794
5683 0.0000
5684 -0.3391
5685 1.5494
5686 7.2094
5687 1.5299
5688 10.1428
5689 4.7324
5690 0.0000
5691 -6.8685
5692 -0.8760
5693 8.8275
5694 4.0570
5695 3.8275
5696 -1.5123
5697 0.0000
5698 -7.1638
5699 0.0000
5700 2.1908
5701 0.0000
5702 10.8899
5703 0.0000
5704 6.3069
5705 2.2600
5706 0.0000
5707 6.6887
5708 -2.1344
5709 9.1057
5710 7.7053
5711 0.0000
5712 -0.5070
5713 3.2866
5714 6.3371
5715 0.0000
5716 -0.9549
5717 7.7934
5718 4.9688
5719 0.0000
5720 3.6291
5721 4.7449
5722 5.3576
5723 4.7747
5724 6.7213
5725 12.6688
5726 7.0901
5727 -0.0538
5728 3.6636
5729 0.0000
5730 4.0305
5731 -2.7113
5732 4.4844
5733 4.5346
5734 1.2852
5735 4.3178
5736 0.0000
5737 2.9811
5738 0.5704
5739 3.8848
5740 2.5171
5741 1.7976
5742 1.4290
5743 0.0000
5744 5.8685
5745 -8.8133
5746 4.5360
5747 8.5514
5748 -0.8075
5749 5.1503
5750 0.0000
5751 4.1944
5752 12.9048
5753 7.8718
5754 2.9728
5755 1.8478
5756 -0.2666
5757 0.0000
5758 3.7643
5759 4.0590
5760 2.9706
5761 7.0142
5762 1.1040
5763 4.1676
5764 0.0000
5765 -1.4272
5766 2.1188
5767 -0.3768
5768 7.0719
5769 9.0145
5770 8.4958
5771 0.0000
5772 -1.4406
5773 -0.7044
5774 -5.4593
5775 2.9992
5776 1.1131
5777 -1.4491
5778 0.0000
5779 0.6874
5780 3.8359
5781 5.5967
5782 9.9633
5783 -1.4559
5784 4.9192
5785 0.0000
5786 1.2441
5787 8.7981
5788 5.5206
5789 5.8503
5790 4.2150
5791 0.8755
5792 0.0000
5793 -5.2472
5794 2.2907
5795 -1.3721
5796 6.5939
5797 6.9931
5798 10.5946
5799 0.0000
5800 6.2207
5801 2.8070
5802 5.5603
5803 1.8187
5804 4.2264
5805 3.6230
5806 0.0000
5807 1.2670
5808 2.6571
5809 0.0000
5810 7.3496
5811 7.3273
5812 7.0621
5813 7.9995
5814 0.0836
5815 -0.1984
5816 4.3291
5817 2.2080
5818 0.0000
5819 2.8887
5820 -2.8337
5821 0.0000
5822 3.9787
5823 0.0000
5824 2.6904
5825 0.0000
5826 -5.3843
5827 0.1727
5828 0.0000
5829 12.2225
5830 3.0077
5831 0.0000
5832 7.4787
5833 5.7277
5834 13.8479
5835 0.0000
5836 5.1567
5837 -5.0121
5838 0.0000
5839 -3.9819
5840 6.5592
5841 2.6348
5842 0.0000
5843 3.8377
5844 2.1184
5845 0.0000
5846 2.9027
5847 6.4691
5848 6.4150
5849 0.0000
5850 8.6094
5851 5.2605
5852 0.0000
5853 1.3120
5854 0.5660
5855 3.6613
5856 0.0000
5857 0.8579
5858 -0.1507
5859 0.0000
5860 -0.4962
5861 6.7129
5862 -4.3988
5863 0.0000
5864 2.2036
5865 12.9320
5866 0.0000
5867 -0.3196
5868 3.5380
5869 8.9410
5870 0.0000
5871 8.0857
5872 4.4243
5873 0.0000
5874 3.6648
5875 6.5308
5876 -0.2119
5877 0.0000
5878 -1.0043
5879 6.3945
5880 0.0000
5881 6.5879
5882 3.7440
5883 1.9142
5884 0.0000
5885 3.1771
5886 1.4403
5887 0.0000
5888 4.5222
5889 -1.2655
5890 1.8939
5891 0.0000
5892 1.4914
5893 -2.6478
5894 0.0000
5895 3.1738
5896 2.1434
5897 4.8327
5898 0.0000
5899 5.8640
5900 11.3734
5901 0.0000
5902 8.2464
5903 -0.1404
5904 0.9857
5905 0.0000
5906 -4.0485
5907 -0.4528
5908 0.0000
5909 4.6605
5910 -2.5237
5911 7.6233
5912 0.0000
5913 -2.5793
5914 -1.1227
5915 0.0000
5916 -4.7096
5917 2.8867
5918 -7.0281
5919 0.0000
5920 -0.2979
5921 4.4981
5922 0.0000
5923 2.5490
5924 8.1956
5925 8.4085
5926 0.0000
5927 1.5007
5928 2.3671
5929 0.0000
5930 -4.0437
5931 2.3665
5932 8.6675
5933 0.0000
5934 -0.2827
5935 8.9160
5936 0.0000
5937 4.9054
5938 -1.7769
5939 0.7104
5940 0.0000
5941 3.2951
5942 0.0000
5943 3.7475
5944 0.0000
5945 9.0359
5946 -5.8597
5947 0.0000
5948 5.6110
5949 0.0000
5950 1.4903
5951 0.0000
5952 9.9553
5953 4.0519
5954 -1.4976
5955 0.0000
5956 -3.5118
5957 6.5505
5958 7.2858
5959 0.0000
5960 12.3161
5961 8.9969
5962 1.6395
5963 0.0000
5964 -0.4894
5965 0.0000
5966 5.6555
5967 0.0000
5968 13.7944
5969 4.4283
5970 0.0000
5971 -0.0080
5972 0.0000
5973 0.0599
5974 -3.6914
5975 7.5820
5976 0.1732
5977 5.0843
5978 13.2352
5979 2.2282
5980 5.4166
5981 7.8037
5982 0.9195
5983 3.9167
5984 2.4438
5985 -0.5680
5986 2.1348
5987 5.7835
5988 3.0842
5989 0.0000
5990 7.3242
5991 -7.1016
5992 3.3400
5993 2.3530
5994 2.0469
5995 5.0797
5996 2.4744
5997 -2.2647
5998 0.0000
5999 -0.9148
6000 6.2762
6001 2.1886
6002 6.0214
6003 3.5947
6004 -4.8923
6005 0.0000
6006 -6.5080
6007 -1.4057
6008 1.6096
6009 0.0000
6010 3.8170
6011 2.0411
6012 2.6177
6013 16.1741
6014 1.0979
6015 10.6073
6016 3.6421
6017 1.8955
6018 0.0000
6019 2.6644
6020 10.9934
6021 4.7986
6022 3.8349
6023 3.2473
6024 -0.3948
6025 0.0000
6026 2.0015
6027 6.5118
6028 4.7827
6029 0.0000
6030 14.7529
6031 2.8382
6032 4.8678
6033 4.1626
6034 3.4917
6035 7.8886
6036 -2.2489
6037 -6.4997
6038 0.0000
6039 -0.6955
6040 3.6512
6041 7.2670
6042 7.5258
6043 4.3923
6044 -2.7074
6045 0.0000
6046 -3.8829
6047 3.2199
6048 10.6519
6049 0.0000
6050 6.3179
6051 -1.3285
6052 9.4614
6053 -0.4113
6054 -0.6838
6055 7.3434
6056 1.7439
6057 2.9124
6058 0.0000
6059 1.8085
6060 15.0316
6061 3.6188
6062 -0.8353
6063 3.0632
6064 7.2152
6065 0.0000
6066 6.2016
6067 2.4466
6068 1.3230
6069 0.6592
6070 0.1116
6071 7.4080
6072 3.5289
6073 11.4890
6074 2.6875
6075 6.0836
6076 4.9035
6077 -0.9864
6078 3.1543
6079 6.1687
6080 0.0000
6081 3.3814
6082 4.7807
6083 9.0559
6084 -0.4262
6085 -4.0038
6086 8.1866
6087 11.8782
6088 -0.0279
6089 0.0000
6090 4.5536
6091 12.7317
6092 0.0754
6093 -2.3383
6094 3.4540
6095 4.5991
6096 0.0000
6097 -4.5899
6098 0.7402
6099 -1.9149
6100 0.0000
6101 5.2541
6102 -2.9901
6103 3.8740
6104 -0.5436
6105 -4.7411
6106 -0.4577
6107 2.2503
6108 -0.0974
6109 0.0000
6110 10.2377
6111 4.8079
6112 4.6661
6113 9.5570
6114 11.1122
6115 1.8111
6116 0.0000
6117 2.9351
6118 0.2408
6119 3.2363
6120 0.0000
6121 4.5235
6122 3.7911
6123 2.6750
6124 6.4690
6125 -2.5850
6126 0.7743
6127 2.0795
6128 0.5757
6129 0.0000
6130 5.5064
6131 1.6657
6132 6.0118
6133 11.0713
6134 10.6177
6135 8.5077
6136 0.0000
6137 -0.4092
6138 3.7759
6139 7.4310
6140 0.0000
6141 3.1656
6142 0.8395
6143 11.7280
6144 3.0219
6145 -5.5796
6146 13.8154
6147 3.1022
6148 7.1604
6149 0.0000
6150 5.4339
6151 7.8784
6152 5.1444
6153 6.0168
6154 5.4810
6155 0.3780
6156 0.0000
6157 2.3805
6158 1.3218
6159 10.9511
6160 2.6881
6161 5.6963
6162 0.5954
6163 8.8680
6164 4.3605
6165 7.3278
6166 3.5792
6167 -0.7650
6168 10.5505
6169 8.5010
6170 4.2185
6171 0.0000
6172 2.2667
6173 -0.3813
6174 8.5998
6175 -1.7416
6176 -0.6307
6177 8.9185
6178 4.3830
6179 16.0111
6180 0.0000
6181 9.7823
6182 4.8928
6183 0.2095
6184 8.9813
6185 2.0055
6186 -1.4289
6187 0.0000
6188 -2.1952
6189 1.4342
6190 8.5400
6191 0.0000
6192 4.1439
6193 3.7767
6194 2.3667
6195 7.5124
6196 3.2338
6197 8.3853
6198 6.4188
6199 2.2768
6200 0.0000
6201 8.7597
6202 -1.6922
6203 4.3232
6204 3.8589
6205 1.7705
6206 4.0616
6207 0.0000
6208 2.4086
6209 5.4281
6210 5.0609
6211 0.0000
6212 2.2075
6213 3.2369
6214 6.0568
6215 3.1330
6216 4.9558
6217 4.3164
6218 2.9522
6219 2.4250
6220 0.0000
6221 1.0032
6222 -2.6067
6223 2.7364
6224 8.8582
6225 3.5501
6226 -3.1363
6227 0.0000
6228 -6.1181
6229 12.5116
6230 -0.0321
6231 0.0000
6232 10.1065
6233 8.6616
6234 -2.7942
6235 3.0657
6236 -2.4331
6237 17.7826
6238 0.6465
6239 4.4537
6240 0.0000
6241 5.4263
6242 5.5133
6243 -5.0788
6244 6.0938
6245 1.4193
6246 -0.2160
6247 0.0000
6248 -4.7821
6249 6.9337
6250 -0.2825
6251 7.2680
6252 11.7090
6253 4.1195
6254 0.4620
6255 5.2812
6256 7.1492
6257 5.8517
6258 2.7845
6259 2.1729
6260 0.0444
6261 1.3349
6262 0.0000
6263 -1.5700
6264 3.0967
6265 9.9643
6266 0.3641
6267 -5.6256
6268 5.4007
6269 -0.7554
6270 10.5559
6271 0.0000
6272 8.7305
6273 4.3903
6274 7.3726
6275 -0.6989
6276 6.6865
6277 8.4993
6278 0.0000
6279 5.9035
6280 7.4621
6281 1.7350
6282 0.0000
6283 9.1252
6284 -4.3714
6285 0.4513
6286 1.6771
6287 -5.3217
6288 1.9128
6289 -0.1498
6290 5.2863
6291 0.0000
6292 1.8628
6293 4.2207
6294 4.4085
6295 2.0876
6296 3.4280
6297 4.0962
6298 0.0000
6299 5.5040
6300 1.0017
6301 9.8937
6302 0.0000
6303 3.3986
6304 -7.2129
6305 4.6700
6306 9.0188
6307 3.9281
6308 -0.6170
6309 6.6552
6310 3.8382
6311 0.0000
6312 0.9003
6313 -2.4338
6314 4.1135
6315 10.9972
6316 0.6466
6317 -11.4947
6318 0.0000
6319 -2.5920
6320 3.6296
6321 8.1587
6322 0.0000
6323 6.9694
6324 3.5971
6325 8.4339
6326 4.0405
6327 -8.3234
6328 10.1717
6329 0.4278
6330 7.3637
6331 0.0000
6332 11.2260
6333 1.8415
6334 9.4600
6335 7.3135
6336 2.4440
6337 2.4690
6338 0.0000
6339 -0.1190
6340 0.0000
6341 -6.5568
6342 0.0000
6343 3.4318
6344 6.3726
6345 2.1329
6346 8.7842
6347 4.2800
6348 3.8012
6349 8.4615
6350 -1.0304
6351 0.0000
6352 -7.1457
6353 0.0527
6354 -5.2636
6355 4.6298
6356 5.9781
6357 8.4480
6358 0.0000
6359 2.2365
6360 7.7989
6361 1.7145
6362 4.8155
6363 7.7331
6364 6.3169
6365 0.0000
6366 9.7792
6367 6.8928
6368 1.7906
6369 4.3307
6370 1.3680
6371 3.7019
6372 0.0000
6373 -0.5194
6374 4.1828
6375 6.2094
6376 3.7278
6377 0.0539
6378 -3.8429
6379 0.0000
6380 -1.6366
6381 8.7799
6382 2.0577
6383 5.5204
6384 -2.6706
6385 4.5275
6386 0.0000
6387 -0.9374
6388 -0.4471
6389 2.5576
6390 2.5995
6391 3.6095
6392 6.9053
6393 0.0000
6394 -0.0127
6395 9.6800
6396 5.5576
6397 7.2376
6398 3.2729
6399 5.2232
6400 0.0000
6401 -5.2698
6402 10.8914
6403 1.5510
6404 3.0160
6405 -5.6762
6406 2.6281
6407 0.0000
6408 0.2686
6409 2.6245
6410 13.0216
6411 1.6150
6412 -1.9378
6413 8.8653
6414 0.0000
6415 -6.8561
6416 -0.9533
6417 -3.0711
6418 11.7918
6419 8.8542
6420 3.6861
6421 0.0000
6422 1.2338
6423 1.9131
6424 5.7215
6425 3.5142
6426 -0.3604
6427 2.3565
6428 0.0000
6429 -1.5216
6430 5.5967
6431 -1.4892
6432 1.1084
6433 8.4231
6434 2.8125
6435 0.0000
6436 6.6859
6437 -6.5161
6438 1.2872
6439 8.2526
6440 5.7807
6441 -1.2494
6442 0.0000
6443 5.0793
6444 4.2021
6445 5.8322
6446 -1.9422
6447 8.4577
6448 9.4379
6449 0.0000
6450 -1.9733
6451 0.6657
6452 10.8039
6453 -3.8459
6454 4.6915
6455 0.6866
6456 0.0000
6457 5.6477
6458 0.0000
6459 5.2534
6460 0.0000
6461 8.2321
6462 0.0000
6463 4.5635
6464 3.4432
6465 0.0000
6466 8.5888
6467 1.7110
6468 2.1737
6469 2.2161
6470 0.0000
6471 -2.7939
6472 6.4920
6473 4.9399
6474 0.0000
6475 -7.6630
6476 0.7147
6477 -1.3182
6478 0.0000
6479 2.3712
6480 6.0482
6481 4.1677
6482 -2.3139
6483 -0.7311
6484 2.3889
6485 8.7789
6486 9.9862
6487 -2.2854
6488 0.0000
6489 1.6191
6490 7.1254
6491 8.5176
6492 -2.6681
6493 4.0531
6494 3.2821
6495 0.0000
6496 -1.5892
6497 2.1355
6498 6.7273
6499 8.1090
6500 10.4144
6501 11.0342
6502 0.0000
6503 -0.3968
6504 4.4428
6505 4.8626
6506 1.8901
6507 0.6429
6508 7.1317
6509 0.0000
6510 3.8529
6511 9.8657
6512 -6.2292
6513 2.3916
6514 6.4289
6515 4.5364
6516 0.0000
6517 1.3416
6518 10.3359
6519 7.6847
6520 8.4190
6521 -12.4746
6522 4.9624
6523 0.0000
6524 7.6793
6525 5.9376
6526 13.0675
6527 4.2448
6528 3.3539
6529 9.2791
6530 0.0000
6531 6.0739
6532 3.3340
6533 10.7700
6534 9.5017
6535 5.2934
6536 5.1893
6537 0.0000
6538 -4.0331
6539 5.5737
6540 2.0558
6541 9.8828
6542 3.0821
6543 -5.6762
6544 0.0000
6545 -2.0016
6546 1.2346
6547 6.4183
6548 4.7746
6549 -1.0959
6550 6.8144
6551 0.0000
6552 3.8224
6553 -0.5669
6554 -2.2607
6555 -0.8761
6556 2.3305
6557 5.5748
6558 0.0000
6559 4.5135
6560 -4.8740
6561 7.4402
6562 1.9669
6563 2.4333
6564 2.6424
6565 0.0000
6566 4.6203
6567 10.3337
6568 0.0000
6569 0.5103
6570 -4.8563
6571 9.5254
6572 1.5403
6573 1.8916
6574 -4.1264
6575 -0.9384
6576 8.7338
6577 0.0000
6578 0.4663
6579 0.3272
6580 0.0000
6581 1.7203
6582 0.0000
6583 -0.0539
6584 0.0000
6585 -4.0342
6586 2.6764
6587 0.0000
6588 -2.1663
6589 7.3314
6590 0.0000
6591 -5.2659
6592 7.4753
6593 6.6664
6594 0.0000
6595 1.1286
6596 -3.0930
6597 0.0000
6598 8.5760
6599 9.6669
6600 5.0292
6601 0.0000
6602 2.6842
6603 -2.3570
6604 0.0000
6605 1.9760
6606 4.9437
6607 6.8068
6608 0.0000
6609 1.4148
6610 7.4868
6611 0.0000
6612 6.0208
6613 5.1913
6614 -6.0732
6615 0.0000
6616 0.4530
6617 1.0081
6618 0.0000
6619 2.1939
6620 7.7993
6621 3.6986
6622 0.0000
6623 5.4402
6624 1.1325
6625 0.0000
6626 6.9717
6627 7.8310
6628 0.8376
6629 0.0000
6630 3.5122
6631 1.7948
6632 0.0000
6633 2.0900
6634 1.9956
6635 9.6151
6636 0.0000
6637 2.2563
6638 13.0802
6639 0.0000
6640 2.7783
6641 2.1074
6642 3.4637
6643 0.0000
6644 -0.6069
6645 1.8259
6646 0.0000
6647 0.0405
6648 4.6946
6649 3.0180
6650 0.0000
6651 0.5841
6652 4.5152
6653 0.0000
6654 2.1972
6655 0.1546
6656 0.8810
6657 0.0000
6658 8.4510
6659 4.5821
6660 0.0000
6661 -2.5417
6662 -4.0384
6663 13.1339
6664 0.0000
6665 -4.3120
6666 10.0402
6667 0.0000
6668 -5.1284
6669 -1.1070
6670 -0.9292
6671 0.0000
6672 -3.9956
6673 -0.4218
6674 0.0000
6675 6.4735
6676 1.4582
6677 7.4710
6678 0.0000
6679 8.8932
6680 -3.5240
6681 0.0000
6682 5.9047
6683 2.9779
6684 -4.6109
6685 0.0000
6686 -1.4996
6687 8.0223
6688 0.0000
6689 1.8732
6690 -0.8913
6691 9.4557
6692 0.0000
6693 5.3153
6694 8.3807
6695 0.0000
6696 1.1456
6697 -1.8768
6698 2.6218
6699 0.0000
6700 1.6011
6701 0.0000
6702 5.5720
6703 0.0000
6704 0.2716
6705 5.6413
6706 0.0000
6707 0.3406
6708 0.0000
6709 3.1034
6710 0.0000
6711 10.8092
6712 4.8117
6713 9.3539
6714 0.0000
6715 7.8394
6716 9.4516
6717 2.3381
6718 0.0000
6719 -2.5341
6720 -0.8691
6721 1.4001
6722 0.0000
6723 -5.2704
6724 0.0000
6725 6.0403
6726 0.0000
6727 4.4984
6728 8.1138
6729 0.0000
6730 -0.0206
6731 0.0000
6732 4.9079
6733 4.7549
6734 1.9247
6735 13.2930
6736 11.3926
6737 6.7321
6738 5.4634
6739 11.0625
6740 4.5415
6741 5.7818
6742 7.9842
6743 2.9170
6744 11.2556
6745 4.2953
6746 6.5926
6747 3.2707
6748 0.0000
6749 -2.1166
6750 -1.1341
6751 7.4261
6752 2.9857
6753 -3.4225
6754 5.3807
6755 1.4972
6756 2.8230
6757 0.0000
6758 11.1221
6759 10.8463
6760 4.6552
6761 11.2740
6762 5.6613
6763 -5.3184
6764 0.0000
6765 1.0948
6766 0.2647
6767 2.9532
6768 0.0000
6769 7.4921
6770 3.4907
6771 3.6851
6772 4.2126
6773 5.3570
6774 1.5352
6775 -10.7038
6776 -1.2692
6777 0.0000
6778 8.5860
6779 -0.5054
6780 13.3243
6781 10.1655
6782 5.7672
6783 4.5100
6784 0.0000
6785 3.9635
6786 0.5861
6787 3.9086
6788 0.0000
6789 1.9492
6790 1.1916
6791 -1.0209
6792 7.7688
6793 -0.6521
6794 7.9260
6795 4.8238
6796 0.7830
6797 0.0000
6798 9.1833
6799 8.3752
6800 4.3516
6801 7.9081
6802 10.5688
6803 -1.7489
6804 0.0000
6805 1.6080
6806 -4.0089
6807 -0.4752
6808 0.0000
6809 4.9122
6810 2.7540
6811 6.4643
6812 3.3981
6813 -0.0593
6814 14.1727
6815 7.6391
6816 4.9852
6817 0.0000
6818 1.7685
6819 11.4961
6820 7.8512
6821 2.8499
6822 0.9379
6823 2.1966
6824 0.0000
6825 3.1838
6826 6.9237
6827 6.9928
6828 3.4308
6829 1.6339
6830 1.1341
6831 3.7797
6832 7.4873
6833 1.3220
6834 2.7402
6835 -0.0643
6836 10.9099
6837 -1.6700
6838 -0.6055
6839 0.0000
6840 6.3796
6841 2.3170
6842 1.0498
6843 2.3849
6844 -2.5365
6845 10.3790
6846 4.0021
6847 9.5580
6848 0.0000
6849 0.5876
6850 -0.0793
6851 11.3187
6852 8.4318
6853 4.2621
6854 -0.4296
6855 0.0000
6856 1.2304
6857 10.3575
6858 3.7352
6859 0.0000
6860 6.3017
6861 -5.6681
6862 5.9008
6863 5.5132
6864 -3.8293
6865 -4.0235
6866 -0.6059
6867 5.8381
6868 0.0000
6869 11.6542
6870 6.1323
6871 -0.7254
6872 6.6925
6873 6.8389
6874 6.7344
6875 0.0000
6876 0.0973
6877 3.9442
6878 -4.4858
6879 0.0000
6880 7.3417
6881 -6.0396
6882 -3.8007
6883 -4.1724
6884 1.3925
6885 1.9670
6886 -1.6019
6887 10.8726
6888 0.0000
6889 5.5541
6890 4.3542
6891 3.1494
6892 8.3090
6893 3.6937
6894 0.7077
6895 0.0000
6896 -0.6489
6897 -6.4616
6898 0.2828
6899 0.0000
6900 2.2325
6901 0.0586
6902 4.1307
6903 4.7813
6904 -0.6710
6905 2.9537
6906 2.0002
6907 6.6699
6908 0.0000
6909 7.6733
6910 10.4077
6911 8.7496
6912 4.3224
6913 2.9229
6914 10.4653
6915 0.0000
6916 0.2541
6917 0.1009
6918 3.3224
6919 6.4285
6920 6.5378
6921 8.0563
6922 1.6164
6923 0.6510
6924 0.2847
6925 4.4740
6926 -6.6600
6927 -0.7314
6928 -3.6198
6929 2.5850
6930 0.0000
6931 12.3627
6932 2.0629
6933 2.0978
6934 4.3915
6935 -9.5652
6936 14.3633
6937 3.8693
6938 5.1629
6939 0.0000
6940 9.0847
6941 -2.7263
6942 6.6100
6943 6.7998
6944 3.9209
6945 9.8589
6946 0.0000
6947 2.4416
6948 1.7882
6949 12.5714
6950 0.0000
6951 5.1849
6952 -2.5022
6953 1.0850
6954 1.0639
6955 -5.1856
6956 13.9523
6957 0.3923
6958 10.2174
6959 0.0000
6960 -2.2441
6961 7.9570
6962 -4.2919
6963 2.9665
6964 10.9056
6965 8.5584
6966 0.0000
6967 -2.2668
6968 -4.6244
6969 3.8159
6970 0.0000
6971 8.6228
6972 -2.6334
6973 0.8850
6974 -2.6814
6975 0.2239
6976 3.8472
6977 0.4592
6978 0.5633
6979 0.0000
6980 7.7466
6981 -3.2780
6982 5.6883
6983 -1.7642
6984 -1.1914
6985 0.1368
6986 0.0000
6987 -7.3577
6988 3.4351
6989 5.9956
6990 0.0000
6991 6.4343
6992 2.0238
6993 3.0806
6994 9.0498
6995 2.5077
6996 -2.1030
6997 -6.2384
6998 1.0140
6999 0.0000
7000 2.4197
7001 1.1441
7002 5.2410
7003 4.1652
7004 1.7055
7005 7.6079
7006 0.0000
7007 -5.3803
7008 2.9783
7009 3.1458
7010 1.4005
7011 6.8024
7012 3.2062
7013 6.7359
7014 2.7022
7015 -0.5217
7016 3.5051
7017 13.3350
7018 5.6229
7019 8.7439
7020 9.3663
7021 0.0000
7022 -3.7670
7023 0.9301
7024 4.9818
7025 12.7124
7026 -3.4439
7027 3.7250
7028 5.4511
7029 1.1964
7030 0.0000
7031 5.0243
7032 8.3717
7033 10.2161
7034 11.9508
7035 2.4298
7036 1.5187
7037 0.0000
7038 10.9661
7039 6.4564
7040 6.1268
7041 0.0000
7042 3.1759
7043 -1.8554
7044 7.6949
7045 4.2291
7046 -1.4382
7047 0.6929
7048 3.8997
7049 4.3126
7050 0.0000
7051 2.0117
7052 3.3590
7053 6.7630
7054 1.4782
7055 1.4688
7056 3.9930
7057 0.0000
7058 1.6208
7059 -1.2350
7060 -3.3381
7061 0.0000
7062 4.9734
7063 1.0052
7064 5.2980
7065 3.8661
7066 0.8133
7067 6.9251
7068 2.8944
7069 2.2898
7070 0.0000
7071 9.8875
7072 5.5891
7073 -0.1292
7074 0.4892
7075 6.9327
7076 6.4738
7077 0.0000
7078 -0.9641
7079 -0.8960
7080 9.1463
7081 0.0000
7082 8.2240
7083 -2.7946
7084 7.8272
7085 6.6447
7086 -6.9249
7087 -0.2349
7088 1.3331
7089 7.5912
7090 0.0000
7091 -0.7019
7092 3.0190
7093 3.8987
7094 0.3035
7095 -1.8227
7096 -1.0919
7097 0.0000
7098 5.1339
7099 0.0000
7100 9.0337
7101 0.0000
7102 4.7349
7103 3.5601
7104 0.9906
7105 3.2985
7106 1.8685
7107 7.4424
7108 5.4583
7109 5.3627
7110 0.0000
7111 4.3092
7112 7.0065
7113 -6.0690
7114 2.8558
7115 6.9499
7116 -3.0886
7117 0.0000
7118 -0.6105
7119 0.8560
7120 -1.6417
7121 -4.7493
7122 5.4462
7123 4.0212
7124 0.0000
7125 -3.4798
7126 3.4812
7127 8.8121
7128 4.7825
7129 6.6857
7130 9.8897
7131 0.0000
7132 0.4115
7133 1.9100
7134 2.7865
7135 2.1363
7136 3.1683
7137 4.0606
7138 0.0000
7139 4.1192
7140 6.5951
7141 2.9839
7142 7.0812
7143 3.2853
7144 -0.8072
7145 0.0000
7146 -4.9181
7147 6.6786
7148 0.9819
7149 9.5519
7150 4.3073
7151 0.8353
7152 0.0000
7153 -1.1746
7154 4.3010
7155 2.5018
7156 4.1244
7157 9.4653
7158 8.3107
7159 0.0000
7160 -4.2861
7161 2.5214
7162 1.1439
7163 2.4537
7164 1.2769
7165 4.9577
7166 0.0000
7167 -1.4579
7168 6.5296
7169 13.4541
7170 5.3332
7171 5.4408
7172 3.2388
7173 0.0000
7174 8.7529
7175 7.6077
7176 -2.9600
7177 10.2061
7178 4.1839
7179 6.4970
7180 0.0000
7181 -2.0239
7182 3.0101
7183 -1.6676
7184 4.2281
7185 -0.9196
7186 1.4202
7187 0.0000
7188 3.5428
7189 8.9008
7190 -0.7844
7191 6.7617
7192 7.5516
7193 7.9097
7194 0.0000
7195 -4.7452
7196 0.5968
7197 1.1456
7198 8.3832
7199 2.0185
7200 11.0898
7201 0.0000
7202 0.8704
7203 3.0153
7204 3.9564
7205 9.4726
7206 10.0670
7207 6.5362
7208 0.0000
7209 2.4698
7210 1.2643
7211 4.4825
7212 0.7286
7213 -3.0117
7214 -2.1987
7215 0.0000
7216 -5.9188
7217 0.0000
7218 3.4000
7219 0.0000
7220 6.2098
7221 0.0000
7222 7.6427
7223 1.3359
7224 0.0000
7225 0.5459
7226 1.7357
7227 3.2248
7228 2.6465
7229 0.0000
7230 0.4126
7231 -2.3973
7232 2.6381
7233 0.0000
7234 -1.4609
7235 7.5985
7236 2.6068
7237 0.0000
7238 -1.8559
7239 1.0475
7240 2.6238
7241 -0.0506
7242 3.0878
7243 13.6818
7244 5.8150
7245 2.2542
7246 5.6178
7247 0.0000
7248 -0.1739
7249 -1.7767
7250 2.3362
7251 13.7148
7252 -1.8097
7253 -0.6974
7254 0.0000
7255 -4.6190
7256 4.6230
7257 -1.4092
7258 6.5605
7259 10.2580
7260 2.7091
7261 0.0000
7262 -2.2959
7263 7.3932
7264 9.4738
7265 2.4580
7266 -0.0847
7267 -1.0473
7268 0.0000
7269 -1.3332
7270 4.2856
7271 6.0343
7272 3.4172
7273 0.3018
7274 7.7650
7275 0.0000
7276 -6.4603
7277 12.2702
7278 11.3390
7279 -2.3548
7280 4.7669
7281 5.6107
7282 0.0000
7283 1.6678
7284 8.2729
7285 3.2605
7286 6.2568
7287 3.2378
7288 -3.7515
7289 0.0000
7290 -1.4231
7291 0.4408
7292 4.1387
7293 5.2104
7294 9.0393
7295 2.3872
7296 0.0000
7297 2.6991
7298 8.4037
7299 1.7834
7300 9.0109
7301 10.6154
7302 11.5004
7303 0.0000
7304 0.3045
7305 1.1617
7306 -1.4606
7307 1.7378
7308 4.1076
7309 -0.7293
7310 0.0000
7311 5.4101
7312 6.4853
7313 -4.7487
7314 6.7430
7315 3.5471
7316 7.0721
7317 0.0000
7318 -1.3356
7319 7.5889
7320 3.7111
7321 5.4683
7322 -2.2516
7323 -1.4390
7324 0.0000
7325 -7.3547
7326 19.2693
7327 0.0000
7328 1.9043
7329 -0.9272
7330 2.2788
7331 2.9426
7332 -0.9375
7333 7.2725
7334 -3.6259
7335 1.1696
7336 0.0000
7337 6.2331
7338 9.7712
7339 0.0000
7340 2.5364
7341 0.0000
7342 5.7300
7343 0.0000
7344 -1.0831
7345 7.6912
7346 0.0000
7347 5.5508
7348 7.6856
7349 0.0000
7350 3.8849
7351 6.1877
7352 6.2213
7353 0.0000
7354 -3.0350
7355 12.4812
7356 0.0000
7357 6.2551
7358 4.1830
7359 -1.3207
7360 0.0000
7361 -4.8176
7362 -1.0105
7363 0.0000
7364 6.7048
7365 2.0783
7366 -2.5437
7367 0.0000
7368 6.2341
7369 5.5712
7370 0.0000
7371 0.4682
7372 4.7913
7373 5.7270
7374 0.0000
7375 -0.2633
7376 2.5018
7377 0.0000
7378 0.4595
7379 1.9097
7380 -1.3794
7381 0.0000
7382 3.9728
7383 -1.5801
7384 0.0000
7385 11.5843
7386 4.5655
7387 2.1729
7388 0.0000
7389 3.7220
7390 8.3373
7391 0.0000
7392 3.1410
7393 -4.4836
7394 7.4272
7395 0.0000
7396 -0.1638
7397 2.0551
7398 0.0000
7399 -0.7534
7400 1.8806
7401 3.4409
7402 0.0000
7403 3.3154
7404 5.9647
7405 0.0000
7406 8.1202
7407 10.6203
7408 2.7212
7409 0.0000
7410 -2.0126
7411 2.5957
7412 0.0000
7413 5.7488
7414 7.4840
7415 -0.0593
7416 0.0000
7417 -8.6979
7418 -5.4941
7419 0.0000
7420 0.6428
7421 9.6197
7422 0.4994
7423 0.0000
7424 1.9879
7425 5.1627
7426 0.0000
7427 -3.0850
7428 4.9226
7429 9.5688
7430 0.0000
7431 -7.7763
7432 4.7146
7433 0.0000
7434 7.4205
7435 -8.4386
7436 8.7903
7437 0.0000
7438 -0.2769
7439 2.1276
7440 0.0000
7441 -1.1524
7442 9.1690
7443 4.8840
7444 0.0000
7445 0.4137
7446 5.1316
7447 0.0000
7448 7.9509
7449 3.6927
7450 8.0376
7451 0.0000
7452 0.0324
7453 2.6290
7454 0.0000
7455 14.8531
7456 10.2783
7457 0.6104
7458 0.0000
7459 -1.4661
7460 0.0000
7461 -0.8721
7462 0.0000
7463 0.5307
7464 -0.8953
7465 0.0000
7466 7.0560
7467 0.0000
7468 2.8514
7469 0.0000
7470 2.0314
7471 -6.1617
7472 3.2323
7473 0.0000
7474 0.4668
7475 14.9915
7476 2.8534
7477 0.0000
7478 7.2052
7479 2.3515
7480 7.8071
7481 0.0000
7482 10.0658
7483 0.0000
7484 13.8828
7485 0.0000
7486 8.6874
7487 14.4529
7488 0.0000
7489 3.0839
7490 0.0000
7491 6.1219
7492 2.2188
7493 2.2498
7494 -1.2906
7495 8.7282
7496 6.4733
7497 1.3029
7498 7.9418
7499 0.0000
7500 1.5163
7501 4.8194
7502 7.4581
7503 10.9644
7504 3.5585
7505 -0.0804
7506 0.0000
7507 5.0024
7508 0.5576
7509 8.3826
7510 4.1613
7511 7.8008
7512 6.4973
7513 0.0000
7514 3.2155
7515 7.4453
7516 4.0562
7517 9.6039
7518 -0.2566
7519 -0.7677
7520 0.0000
7521 -3.6358
7522 -0.5049
7523 4.4938
7524 0.9274
7525 2.9036
7526 -0.5114
7527 0.0000
7528 3.8606
7529 -0.8795
7530 5.4164
7531 1.3734
7532 2.6682
7533 6.2345
7534 0.0000
7535 0.3422
7536 0.2903
7537 7.2737
7538 1.4884
7539 2.1892
7540 2.9267
7541 0.0000
7542 -4.1427
7543 7.0032
7544 0.0854
7545 -2.3700
7546 5.4391
7547 -7.0979
7548 0.0000
7549 0.5353
7550 2.6557
7551 1.7174
7552 5.2245
7553 2.1689
7554 0.0011
7555 0.0000
7556 -1.4529
7557 -4.3653
7558 3.0307
7559 6.2916
7560 2.8119
7561 3.0835
7562 0.0000
7563 2.0660
7564 -3.6503
7565 -0.5384
7566 -3.0154
7567 -1.6891
7568 7.8722
7569 0.0000
7570 3.8621
7571 6.9642
7572 3.8628
7573 -0.5823
7574 7.5266
7575 4.8378
7576 0.0000
7577 4.4779
7578 -1.4786
7579 -2.4084
7580 13.2504
7581 -3.6216
7582 8.8190
7583 0.0000
7584 -0.8712
7585 2.8320
7586 1.3078
7587 -7.1710
7588 0.8796
7589 2.1208
7590 0.0000
7591 9.8203
7592 1.3318
7593 8.1109
7594 5.1073
7595 1.4260
7596 -1.6716
7597 0.0000
7598 -1.8036
7599 9.9857
7600 2.8480
7601 -3.3251
7602 -0.2735
7603 0.9581
7604 0.0000
7605 -4.0054
7606 0.0000
7607 2.7530
7608 7.5658
7609 0.0000
7610 -0.1293
7611 8.1461
7612 0.0000
7613 2.1407
7614 -0.6359
7615 0.0000
7616 0.5875
7617 0.0000
7618 -0.2299
7619 3.6929
7620 0.0000
7621 7.3752
7622 0.0722
7623 0.0000
7624 -7.6623
7625 0.0000
7626 1.7501
7627 6.4850
7628 0.0000
7629 -1.2039
7630 -1.5386
7631 0.0000
7632 -2.2132
7633 0.0000
7634 3.3678
7635 -2.8017
7636 0.0000
7637 6.9448
7638 1.7206
7639 0.0000
7640 1.7429
7641 0.0000
7642 -7.4430
7643 10.0002
7644 0.0000
7645 8.4902
7646 8.1053
7647 0.0000
7648 3.3327
7649 0.0000
7650 -1.2667
7651 7.9214
7652 0.0000
7653 2.7732
7654 -1.7810
7655 0.0000
7656 3.1727
7657 0.0000
7658 -0.8063
7659 -2.6337
7660 0.0000
7661 5.7991
7662 1.2500
7663 0.0000
7664 2.1236
7665 0.0000
7666 -0.5489
7667 15.2912
7668 0.0000
7669 2.6480
7670 8.8205
7671 0.0000
7672 -1.1846
7673 0.0000
7674 0.8945
7675 2.4049
7676 0.0000
7677 -2.3300
7678 9.5050
7679 0.0000
7680 10.1884
7681 0.0000
7682 -3.4632
7683 4.6800
7684 0.0000
7685 3.0161
7686 6.1944
7687 0.0000
7688 5.1676
7689 0.0000
7690 -4.3018
7691 2.2149
7692 0.0000
7693 0.1623
7694 8.9260
7695 0.0000
7696 10.7156
7697 0.0000
7698 1.4917
7699 1.7652
7700 0.0000
7701 -0.0002
7702 3.6602
7703 0.0000
7704 5.8853
7705 0.0000
7706 -0.8768
7707 7.7421
7708 0.0000
7709 7.0183
7710 6.4954
7711 0.0000
7712 15.1878
7713 0.0000
7714 -5.4818
7715 4.2641
7716 0.0000
7717 -0.1083
7718 3.9582
7719 0.0000
7720 2.3810
7721 0.0000
7722 2.4283
7723 6.6796
7724 0.0000
7725 3.9956
7726 5.9080
7727 0.0000
7728 5.9870
7729 0.0000
7730 -3.0000
7731 1.0106
7732 0.0000
7733 0.5986
7734 -2.3707
7735 0.0000
7736 -2.8269
7737 0.0000
7738 -2.2718
7739 0.0000
7740 4.5230
