# input  : 16 : 3B 42 73 0A 42 8B C1 47 9F EC 5C 60 0F AD 11 01 
# output : 16 : 72 DD 6E F7 0B B6 DD 91 29 EE 98 D1 45 9A 1F 7C 
# cycles : 7740
1 0.0000
2 7.0900
3 7.1395
4 0.0000
5 -5.4858
6 0.0000
7 6.6443
8 5.2004
9 0.0000
10 -4.1922
11 11.4903
12 0.0000
13 1.9172
14 0.0000
15 -3.4253
16 -2.0006
17 0.0000
18 4.9903
19 6.5436
20 0.0000
21 3.1353
22 0.0000
23 6.0527
24 7.4802
25 0.0000
26 0.8556
27 1.6607
28 0.0000
29 4.7743
30 0.0000
31 2.1298
32 -4.9260
33 0.0000
34 -6.2643
35 -3.3707
36 0.0000
37 -5.2046
38 0.0000
39 -3.7815
40 2.5602
41 0.0000
42 -0.3135
43 0.4112
44 0.0000
45 -3.0146
46 0.0000
47 6.3041
48 0.5478
49 0.0000
50 1.3008
51 5.2922
52 0.0000
53 3.7506
54 0.0000
55 5.8976
56 -0.5284
57 0.0000
58 2.3629
59 -1.4093
60 0.0000
61 -2.2124
62 0.0000
63 1.2695
64 5.3517
65 0.0000
66 6.1752
67 3.1556
68 0.0000
69 -2.1448
70 0.0000
71 1.6742
72 7.6791
73 0.0000
74 2.7482
75 5.1173
76 0.0000
77 4.3428
78 0.0000
79 5.0695
80 13.5900
81 0.0000
82 0.7347
83 10.0133
84 0.0000
85 2.5767
86 0.0000
87 -1.4862
88 6.2584
89 0.0000
90 10.5752
91 6.5304
92 0.0000
93 4.9070
94 0.0000
95 -1.1120
96 1.4065
97 0.0000
98 2.2915
99 3.7719
100 0.0000
101 -2.3488
102 0.0000
103 5.1615
104 3.0420
105 0.0000
106 1.7401
107 5.2248
108 0.0000
109 0.4315
110 0.0000
111 -1.8190
112 6.8631
113 0.0000
114 4.0753
115 7.3454
116 0.0000
117 -1.4489
118 0.0000
119 9.9965
120 -2.2689
121 0.0000
122 2.7475
123 8.5346
124 0.0000
125 1.8979
126 0.0000
127 -1.0360
128 0.3779
129 0.0000
130 -3.2928
131 8.4114
132 0.0000
133 0.2523
134 0.0000
135 5.5939
136 -1.6708
137 0.0000
138 -3.2037
139 4.6864
140 -1.4562
141 0.0000
142 7.3688
143 9.5693
144 4.2335
145 7.0404
146 0.0000
147 -1.2190
148 5.5969
149 0.0000
150 11.0114
151 5.8471
152 0.1472
153 1.0038
154 0.0000
155 -0.6579
156 -3.5400
157 0.0000
158 5.4614
159 1.7738
160 6.0477
161 -2.7169
162 0.0000
163 3.0278
164 -3.8588
165 0.0000
166 2.5902
167 3.5916
168 1.7605
169 -1.3887
170 0.0000
171 -0.0404
172 -1.2087
173 0.0000
174 2.9555
175 3.4244
176 7.3502
177 6.3388
178 0.0000
179 -3.9027
180 2.4853
181 0.0000
182 2.9549
183 2.9997
184 5.7856
185 -2.9046
186 0.0000
187 3.4118
188 3.0297
189 0.0000
190 8.1184
191 0.4118
192 8.0050
193 4.5342
194 0.0000
195 4.7238
196 9.7373
197 0.0000
198 6.2453
199 -2.1980
200 2.0299
201 -3.4758
202 0.0000
203 -3.7196
204 -0.6261
205 0.0000
206 3.5206
207 7.6155
208 4.5699
209 -3.8243
210 0.0000
211 1.4042
212 8.4630
213 0.0000
214 5.8415
215 2.2332
216 5.8917
217 3.9508
218 0.0000
219 4.8459
220 7.8982
221 0.0000
222 0.5849
223 -1.9935
224 3.4463
225 4.8720
226 0.0000
227 0.4388
228 -4.2781
229 0.0000
230 0.4287
231 -3.4984
232 5.4511
233 2.5389
234 0.0000
235 1.1101
236 2.5301
237 0.0000
238 2.4408
239 5.9662
240 7.9835
241 4.2015
242 0.0000
243 5.2340
244 2.3013
245 0.0000
246 10.4268
247 4.5038
248 0.8743
249 0.4704
250 0.0000
251 1.9281
252 -2.4211
253 0.0000
254 10.8505
255 -1.9903
256 3.0087
257 2.9813
258 0.0000
259 -7.9078
260 -2.2181
261 0.0000
262 3.4662
263 4.8629
264 7.4739
265 -2.0151
266 0.0000
267 1.0553
268 5.5427
269 0.0000
270 7.2654
271 0.0000
272 3.1483
273 5.3767
274 -1.0638
275 3.3423
276 1.7669
277 -1.4648
278 4.6540
279 -3.0096
280 0.0000
281 -3.6967
282 5.3475
283 13.8965
284 -2.8752
285 1.5779
286 6.6830
287 0.0000
288 -1.1628
289 8.1004
290 0.6077
291 -0.6988
292 4.7356
293 2.3362
294 0.0000
295 -0.9941
296 2.6811
297 4.4062
298 6.6422
299 2.6627
300 -0.1462
301 0.0000
302 2.3264
303 4.2835
304 1.2097
305 1.0859
306 11.6365
307 -1.0288
308 0.0000
309 1.8072
310 -4.7259
311 -1.8140
312 6.2020
313 3.2667
314 -4.5906
315 0.0000
316 -1.5917
317 3.9156
318 3.6769
319 4.4863
320 5.4393
321 5.7237
322 0.0000
323 -3.6046
324 4.0170
325 2.3505
326 6.2905
327 1.5670
328 -2.0832
329 0.0000
330 -1.5551
331 8.1167
332 2.1513
333 5.9882
334 2.7395
335 5.4008
336 0.0000
337 3.6204
338 6.1466
339 2.1150
340 0.4074
341 7.2577
342 4.6833
343 0.0000
344 -1.9872
345 5.1884
346 11.2741
347 9.0215
348 6.0946
349 -0.4527
350 0.0000
351 -7.4688
352 4.9308
353 7.5461
354 3.6003
355 5.3965
356 6.2181
357 0.0000
358 -1.2904
359 1.2074
360 0.7559
361 12.5577
362 4.8393
363 -3.6009
364 0.0000
365 1.5835
366 6.8682
367 1.2285
368 7.2869
369 6.2767
370 7.1205
371 0.0000
372 -2.9518
373 -4.9280
374 1.5677
375 3.4997
376 10.1232
377 -4.7467
378 0.0000
379 3.2103
380 1.4727
381 0.7525
382 3.9170
383 3.2130
384 -0.0755
385 0.0000
386 -1.9737
387 0.0000
388 -9.5705
389 0.0000
390 0.3032
391 0.0000
392 5.8462
393 5.9194
394 0.0000
395 3.8621
396 9.5719
397 8.5776
398 0.9972
399 0.0000
400 -2.0143
401 12.8333
402 6.5964
403 0.0000
404 4.7746
405 7.8048
406 -4.9928
407 0.0000
408 -3.4585
409 5.3807
410 -7.2834
411 7.8654
412 9.1870
413 -0.7868
414 3.8439
415 3.3801
416 3.2664
417 0.0000
418 -1.5043
419 6.3411
420 -1.8077
421 1.2832
422 1.9935
423 10.7984
424 0.0000
425 5.0656
426 2.6979
427 -1.2449
428 4.0540
429 4.1971
430 -1.0531
431 0.0000
432 -2.3842
433 -0.1988
434 3.1689
435 6.5284
436 2.2816
437 2.4915
438 0.0000
439 9.3088
440 2.4810
441 -6.4974
442 2.6791
443 0.4048
444 -3.4783
445 0.0000
446 -6.4368
447 3.4706
448 1.1209
449 3.0717
450 -2.6229
451 5.8847
452 0.0000
453 6.2599
454 3.4442
455 14.0388
456 -5.6852
457 -2.7728
458 5.6956
459 0.0000
460 -5.7247
461 1.9216
462 7.9297
463 12.9752
464 -1.1197
465 -3.3261
466 0.0000
467 2.6393
468 11.8548
469 4.2459
470 6.0072
471 1.8713
472 -0.2172
473 0.0000
474 -1.4554
475 7.2230
476 0.9651
477 -1.0174
478 -0.6702
479 0.3691
480 0.0000
481 5.5363
482 4.2261
483 7.4588
484 4.8918
485 1.5241
486 5.3726
487 0.0000
488 3.8986
489 4.1454
490 -2.0504
491 0.3345
492 4.9339
493 -0.3805
494 0.0000
495 -3.7341
496 -2.7838
497 0.0000
498 -2.1747
499 -0.2560
500 -0.6410
501 4.8759
502 -1.9634
503 -3.1082
504 2.2041
505 7.0125
506 0.0000
507 -0.0556
508 -1.6960
509 0.0000
510 1.6970
511 6.5729
512 0.0000
513 -3.9954
514 -0.0014
515 0.0000
516 3.2167
517 4.8396
518 0.0000
519 4.4590
520 -4.4893
521 -0.5237
522 0.0000
523 0.8068
524 7.9627
525 0.0000
526 8.4510
527 13.3352
528 9.9959
529 0.0000
530 1.0072
531 4.0313
532 0.0000
533 1.8504
534 5.2998
535 6.6807
536 0.0000
537 -0.2924
538 -0.2433
539 0.0000
540 3.5464
541 0.4641
542 2.8694
543 0.0000
544 3.0640
545 4.6818
546 0.0000
547 -2.4375
548 -4.7666
549 0.1650
550 0.0000
551 -0.4631
552 2.5906
553 0.0000
554 6.7992
555 7.7161
556 -2.5731
557 0.0000
558 -4.4691
559 0.9488
560 0.0000
561 6.9841
562 0.5567
563 13.2349
564 0.0000
565 2.5542
566 1.5447
567 0.0000
568 4.8606
569 1.6391
570 -2.8042
571 0.0000
572 -1.2583
573 -1.3302
574 0.0000
575 5.5012
576 1.9138
577 -1.1577
578 0.0000
579 -3.1368
580 2.9065
581 0.0000
582 3.2660
583 5.6276
584 4.7003
585 0.0000
586 -0.0366
587 8.4855
588 0.0000
589 4.5177
590 9.3891
591 -3.8156
592 0.0000
593 -3.2826
594 4.1796
595 0.0000
596 2.5391
597 0.4938
598 1.3129
599 0.0000
600 3.6524
601 3.9152
602 0.0000
603 4.9883
604 10.0541
605 0.4069
606 0.0000
607 2.3226
608 1.7865
609 0.0000
610 2.2490
611 11.9343
612 0.7657
613 0.0000
614 2.1695
615 3.1393
616 0.0000
617 6.2332
618 -1.7158
619 1.2758
620 0.0000
621 1.8328
622 9.0968
623 0.0000
624 8.2415
625 7.7831
626 0.3374
627 0.0000
628 -2.5788
629 0.0000
630 6.1677
631 0.0000
632 3.8017
633 9.1149
634 0.0000
635 7.8868
636 0.0000
637 7.2939
638 0.0000
639 10.2622
640 8.3484
641 5.0046
642 0.0000
643 6.8835
644 5.3304
645 9.5994
646 0.0000
647 1.3569
648 8.9523
649 4.1189
650 0.0000
651 -5.2495
652 0.0000
653 5.1853
654 0.0000
655 8.6650
656 6.1854
657 0.0000
658 6.7177
659 0.0000
660 3.5382
661 10.4208
662 9.6138
663 13.7411
664 -1.7744
665 7.3240
666 0.6680
667 1.2146
668 6.9382
669 6.6951
670 1.8764
671 -4.7486
672 8.1259
673 3.4796
674 3.0783
675 8.7275
676 0.0000
677 2.9613
678 -1.8710
679 8.5563
680 9.4448
681 -0.6039
682 11.5904
683 1.8144
684 6.7169
685 0.0000
686 5.5394
687 -0.3468
688 3.9425
689 2.3599
690 -0.4860
691 2.6826
692 0.0000
693 3.4988
694 5.0713
695 5.0550
696 0.0000
697 0.6822
698 1.1889
699 2.4382
700 6.1489
701 -3.9952
702 6.0751
703 -3.8428
704 -1.9595
705 0.0000
706 3.1414
707 3.8949
708 6.4259
709 3.9607
710 8.6430
711 8.9118
712 0.0000
713 1.0748
714 6.1630
715 3.5239
716 0.0000
717 3.8374
718 1.3742
719 3.9361
720 -0.3121
721 -5.5156
722 -4.6657
723 8.9223
724 13.7919
725 0.0000
726 1.5701
727 2.4796
728 5.6905
729 13.7145
730 3.3028
731 5.2429
732 0.0000
733 -1.5541
734 14.2224
735 13.7369
736 0.0000
737 4.6099
738 8.4719
739 3.9029
740 4.7708
741 0.1183
742 8.3648
743 9.0247
744 1.2063
745 0.0000
746 4.4636
747 2.3925
748 4.7965
749 -0.5015
750 5.0585
751 6.9239
752 0.0000
753 0.9027
754 6.7187
755 1.4031
756 9.4728
757 6.1271
758 3.6652
759 -0.1187
760 9.3003
761 3.2768
762 7.9594
763 0.2456
764 -0.1666
765 2.3967
766 5.5939
767 0.0000
768 -0.3584
769 0.7966
770 8.5664
771 7.6408
772 -2.0353
773 7.9967
774 7.3631
775 0.7415
776 0.0000
777 -1.0900
778 5.8264
779 0.8753
780 5.1094
781 1.6481
782 10.4651
783 0.0000
784 3.4959
785 1.6814
786 10.5414
787 0.0000
788 2.4114
789 1.6949
790 10.8665
791 11.6463
792 3.1714
793 9.7768
794 4.8662
795 4.0574
796 0.0000
797 7.0186
798 5.4692
799 2.3187
800 7.5151
801 4.3218
802 7.3917
803 0.0000
804 2.9546
805 1.4293
806 -0.7886
807 0.0000
808 -4.9156
809 3.6288
810 -2.7191
811 4.9835
812 1.3128
813 12.4909
814 7.9219
815 15.6699
816 0.0000
817 0.0173
818 12.4275
819 5.6107
820 0.4947
821 5.0133
822 4.2805
823 0.0000
824 1.5790
825 4.6441
826 8.7217
827 0.0000
828 1.4705
829 1.9333
830 3.1726
831 6.2612
832 1.8412
833 8.7985
834 3.0557
835 4.6038
836 0.0000
837 5.4584
838 5.3896
839 9.1630
840 2.7877
841 9.2507
842 6.9918
843 0.0000
844 -2.2769
845 0.6941
846 4.1400
847 7.6260
848 6.7018
849 -3.3311
850 12.1029
851 6.4246
852 4.1372
853 3.1901
854 7.1163
855 -0.3039
856 6.7774
857 6.3717
858 0.0000
859 4.7993
860 1.6033
861 5.5807
862 -2.3546
863 -8.4744
864 16.0948
865 -0.7436
866 6.1991
867 0.0000
868 2.0624
869 -2.8753
870 5.1606
871 7.7559
872 1.5645
873 1.4623
874 0.0000
875 7.3933
876 3.7016
877 3.7792
878 0.0000
879 -7.3557
880 2.1248
881 8.2500
882 0.9863
883 2.7005
884 6.0560
885 2.5538
886 0.7309
887 0.0000
888 7.0003
889 4.4755
890 0.9661
891 8.8942
892 9.5727
893 10.8715
894 0.0000
895 3.6481
896 7.4004
897 2.1406
898 0.0000
899 6.6189
900 -3.0455
901 5.1456
902 4.5922
903 -0.0238
904 8.1146
905 2.6100
906 8.6251
907 0.0000
908 9.5807
909 14.9210
910 5.2822
911 3.7748
912 4.6628
913 8.0820
914 0.0000
915 -3.9710
916 4.8037
917 10.2653
918 0.0000
919 3.4120
920 -6.8570
921 14.9752
922 0.4931
923 -0.4888
924 14.7710
925 3.1635
926 10.1468
927 0.0000
928 8.2518
929 4.1043
930 10.4424
931 9.0671
932 7.8624
933 10.3333
934 0.0000
935 -2.5417
936 7.3913
937 1.3951
938 0.1158
939 6.5533
940 8.3716
941 4.1806
942 2.3850
943 2.1344
944 2.1794
945 5.9837
946 0.1528
947 3.7803
948 -2.9963
949 0.0000
950 5.3677
951 1.5707
952 0.5097
953 -7.7937
954 -0.5675
955 10.6611
956 -0.8219
957 2.8154
958 0.0000
959 2.6401
960 4.4086
961 3.3468
962 6.0288
963 5.6366
964 9.4557
965 0.0000
966 5.6727
967 10.2037
968 4.0681
969 0.0000
970 8.0640
971 1.0691
972 2.3431
973 4.0272
974 -3.9518
975 5.0881
976 1.7026
977 -0.7526
978 0.0000
979 6.2141
980 4.1033
981 4.3531
982 3.4678
983 10.4334
984 8.3656
985 0.0000
986 1.1672
987 2.4062
988 5.9450
989 0.0000
990 5.3567
991 -0.5370
992 15.2334
993 4.1293
994 -3.5977
995 6.7078
996 0.2316
997 8.2388
998 0.0000
999 2.3341
1000 2.7506
1001 -5.2295
1002 4.7363
1003 3.0091
1004 1.1753
1005 0.0000
1006 2.9610
1007 3.1514
1008 2.0438
1009 0.0000
1010 3.1482
1011 -7.7176
1012 4.9268
1013 0.1151
1014 6.2423
1015 4.0275
1016 0.7980
1017 0.0080
1018 0.0000
1019 5.0382
1020 -1.5843
1021 -3.3363
1022 -0.4666
1023 -0.2508
1024 5.9293
1025 0.0000
1026 5.3897
1027 0.0000
1028 4.8201
1029 0.0000
1030 7.9963
1031 2.3202
1032 -4.3890
1033 -1.8757
1034 3.0920
1035 -0.1251
1036 3.5856
1037 1.5498
1038 0.0000
1039 -4.0095
1040 3.1485
1041 4.7916
1042 8.4656
1043 7.2866
1044 1.6490
1045 0.0000
1046 4.2816
1047 6.4304
1048 2.5384
1049 -0.7101
1050 -2.8486
1051 3.7621
1052 0.0000
1053 1.0392
1054 8.7468
1055 8.7209
1056 -3.5414
1057 0.9841
1058 1.3579
1059 0.0000
1060 -5.1529
1061 -3.2046
1062 9.7865
1063 -6.8542
1064 9.9745
1065 -1.6305
1066 0.0000
1067 0.1555
1068 7.0565
1069 1.2853
1070 2.5579
1071 0.6121
1072 -7.0134
1073 0.0000
1074 0.8834
1075 -0.6689
1076 3.2448
1077 0.8312
1078 4.2211
1079 3.0776
1080 0.0000
1081 -1.7170
1082 5.8749
1083 1.1024
1084 1.8632
1085 -1.6100
1086 -0.8108
1087 0.0000
1088 6.5864
1089 1.6305
1090 7.1818
1091 -0.7431
1092 8.8203
1093 -5.0889
1094 0.0000
1095 0.6817
1096 11.1747
1097 0.4758
1098 2.7564
1099 2.2285
1100 4.7341
1101 0.0000
1102 -0.5182
1103 6.4438
1104 2.7131
1105 10.4755
1106 -3.2867
1107 9.9035
1108 0.0000
1109 0.5738
1110 -4.2297
1111 4.6695
1112 8.0407
1113 9.8064
1114 2.3630
1115 0.0000
1116 4.6337
1117 6.7600
1118 5.5219
1119 3.3390
1120 0.9051
1121 -1.9932
1122 0.0000
1123 3.5849
1124 8.1868
1125 3.4746
1126 3.1448
1127 5.6441
1128 6.6883
1129 0.0000
1130 -5.4746
1131 5.6239
1132 2.8822
1133 4.6006
1134 12.2062
1135 2.0723
1136 0.0000
1137 2.5618
1138 -3.9996
1139 -6.5749
1140 3.2588
1141 -0.0140
1142 -1.8674
1143 0.0000
1144 0.7512
1145 0.0000
1146 -2.3443
1147 0.0000
1148 -0.1025
1149 0.0000
1150 2.5880
1151 4.3295
1152 0.0000
1153 2.8110
1154 6.3432
1155 7.6223
1156 11.7433
1157 0.0000
1158 5.0945
1159 -0.4787
1160 2.8602
1161 0.0000
1162 4.9085
1163 -3.9074
1164 -1.1995
1165 0.0000
1166 1.3814
1167 2.3272
1168 -2.1991
1169 -5.4476
1170 7.2531
1171 2.6387
1172 5.0773
1173 4.9072
1174 2.3263
1175 0.0000
1176 -0.3971
1177 2.1724
1178 -2.4815
1179 3.8478
1180 1.7309
1181 1.9674
1182 0.0000
1183 1.9840
1184 5.7293
1185 7.2238
1186 -0.8989
1187 -0.5672
1188 -1.6338
1189 0.0000
1190 1.0598
1191 10.9896
1192 7.6637
1193 7.0993
1194 3.7182
1195 4.0268
1196 0.0000
1197 9.9476
1198 9.9675
1199 4.6015
1200 4.3532
1201 5.3589
1202 3.9318
1203 0.0000
1204 -1.3538
1205 6.5254
1206 5.3193
1207 9.6269
1208 1.0102
1209 2.7619
1210 0.0000
1211 -0.5444
1212 1.0399
1213 11.0111
1214 3.2730
1215 2.3582
1216 3.1019
1217 0.0000
1218 5.3113
1219 0.5019
1220 2.1272
1221 4.1996
1222 3.1576
1223 5.3381
1224 0.0000
1225 -7.4133
1226 9.9443
1227 1.2082
1228 6.9573
1229 1.8166
1230 -3.5848
1231 0.0000
1232 3.6929
1233 1.3926
1234 -0.6063
1235 0.1607
1236 -0.6233
1237 3.6253
1238 0.0000
1239 -0.7484
1240 3.0959
1241 9.7568
1242 5.2911
1243 7.0534
1244 3.4906
1245 0.0000
1246 5.6416
1247 10.4064
1248 5.0070
1249 7.1414
1250 1.6020
1251 3.9649
1252 0.0000
1253 5.5772
1254 4.1914
1255 0.0000
1256 3.3884
1257 4.9511
1258 0.3672
1259 7.1400
1260 0.6704
1261 3.8597
1262 1.9467
1263 2.7628
1264 0.0000
1265 1.9570
1266 -0.4306
1267 0.0000
1268 2.0605
1269 0.0000
1270 -8.5747
1271 0.0000
1272 1.4905
1273 0.2428
1274 0.0000
1275 9.5293
1276 4.2528
1277 0.0000
1278 -2.5970
1279 8.0231
1280 8.6815
1281 0.0000
1282 1.3651
1283 11.0484
1284 0.0000
1285 7.1594
1286 1.9969
1287 1.3319
1288 0.0000
1289 0.5980
1290 -3.7383
1291 0.0000
1292 9.8347
1293 3.8037
1294 2.1776
1295 0.0000
1296 3.0800
1297 5.8549
1298 0.0000
1299 17.7922
1300 9.3912
1301 2.7425
1302 0.0000
1303 -7.0503
1304 6.6954
1305 0.0000
1306 8.8093
1307 3.7179
1308 1.4161
1309 0.0000
1310 -0.4362
1311 6.8344
1312 0.0000
1313 5.7879
1314 5.0464
1315 6.3463
1316 0.0000
1317 0.7057
1318 1.6179
1319 0.0000
1320 -1.2885
1321 2.3454
1322 9.8880
1323 0.0000
1324 4.2935
1325 1.9959
1326 0.0000
1327 14.1669
1328 4.0970
1329 3.0911
1330 0.0000
1331 5.9043
1332 12.9955
1333 0.0000
1334 7.2266
1335 7.6266
1336 2.0940
1337 0.0000
1338 -4.3771
1339 -2.1689
1340 0.0000
1341 12.9488
1342 5.0782
1343 5.1530
1344 0.0000
1345 -3.0997
1346 7.8910
1347 0.0000
1348 11.2044
1349 6.3310
1350 7.3386
1351 0.0000
1352 -2.0922
1353 2.0943
1354 0.0000
1355 7.9614
1356 11.3020
1357 6.4683
1358 0.0000
1359 -0.5984
1360 -2.7503
1361 0.0000
1362 -1.4191
1363 -2.4670
1364 1.6810
1365 0.0000
1366 0.0181
1367 1.7993
1368 0.0000
1369 6.5250
1370 10.3391
1371 6.2654
1372 0.0000
1373 -2.9700
1374 6.4695
1375 0.0000
1376 -0.3001
1377 2.1200
1378 5.0172
1379 0.0000
1380 0.2412
1381 3.5405
1382 0.0000
1383 7.0514
1384 9.3869
1385 -1.9231
1386 0.0000
1387 -3.0242
1388 0.0000
1389 4.2147
1390 0.0000
1391 0.2314
1392 3.9497
1393 0.0000
1394 5.2883
1395 0.0000
1396 2.5291
1397 0.0000
1398 14.8879
1399 7.6188
1400 5.1479
1401 0.0000
1402 6.5440
1403 1.4023
1404 4.7720
1405 0.0000
1406 7.8178
1407 2.8715
1408 5.1978
1409 0.0000
1410 6.3918
1411 0.0000
1412 8.2215
1413 0.0000
1414 8.4215
1415 4.4705
1416 0.0000
1417 -2.3867
1418 0.0000
1419 4.7666
1420 2.2544
1421 -3.1047
1422 5.5833
1423 2.1996
1424 -8.1452
1425 -1.4103
1426 2.8965
1427 10.4648
1428 1.8348
1429 -0.6433
1430 5.3245
1431 0.7480
1432 7.1722
1433 -3.3224
1434 1.0545
1435 0.0000
1436 3.3939
1437 -3.8279
1438 1.4947
1439 2.3761
1440 -1.6483
1441 7.2657
1442 -0.5944
1443 3.4732
1444 0.0000
1445 8.8896
1446 -1.8427
1447 -1.5561
1448 4.7518
1449 7.4563
1450 8.8463
1451 0.0000
1452 8.8192
1453 4.6589
1454 4.5399
1455 0.0000
1456 10.8589
1457 4.2593
1458 7.2749
1459 4.1602
1460 1.5766
1461 -2.2549
1462 -1.0137
1463 2.8448
1464 0.0000
1465 -0.1832
1466 2.6672
1467 2.8909
1468 3.4987
1469 -7.5501
1470 14.1987
1471 0.0000
1472 0.6669
1473 4.1125
1474 3.5052
1475 0.0000
1476 8.8792
1477 -0.7866
1478 8.9142
1479 8.2035
1480 -4.5982
1481 12.2983
1482 0.9052
1483 4.2627
1484 0.0000
1485 6.3078
1486 7.0280
1487 8.9824
1488 6.8456
1489 0.1549
1490 -2.2304
1491 0.0000
1492 3.5690
1493 7.1679
1494 -1.1444
1495 0.0000
1496 9.9371
1497 -4.8854
1498 3.5263
1499 5.4755
1500 -7.9600
1501 8.5634
1502 -6.9124
1503 9.3070
1504 0.0000
1505 6.3620
1506 4.7693
1507 1.4278
1508 1.5656
1509 6.7432
1510 4.0695
1511 0.0000
1512 -2.3728
1513 10.1798
1514 5.4981
1515 0.8105
1516 6.4854
1517 6.0692
1518 8.9627
1519 5.8115
1520 -0.0640
1521 5.7040
1522 8.6561
1523 1.6839
1524 -2.6509
1525 4.3083
1526 0.0000
1527 5.1203
1528 2.3596
1529 8.1131
1530 2.3597
1531 2.0459
1532 3.0920
1533 7.1555
1534 4.9843
1535 0.0000
1536 5.1311
1537 2.0987
1538 4.5372
1539 13.3491
1540 2.8750
1541 6.7699
1542 0.0000
1543 0.8168
1544 7.9172
1545 7.9793
1546 0.0000
1547 6.0835
1548 1.7073
1549 11.8521
1550 2.1966
1551 1.4810
1552 -1.0100
1553 0.9819
1554 7.9686
1555 0.0000
1556 5.6415
1557 -4.7141
1558 4.8832
1559 8.3927
1560 1.7233
1561 -0.5211
1562 0.0000
1563 -0.6611
1564 6.2596
1565 2.6738
1566 0.0000
1567 7.6703
1568 -5.7172
1569 -2.1852
1570 4.8538
1571 1.5660
1572 7.4927
1573 5.4105
1574 -3.8668
1575 0.0000
1576 3.3065
1577 0.7813
1578 1.6261
1579 4.0532
1580 -0.1718
1581 8.2072
1582 0.0000
1583 -2.7381
1584 2.5881
1585 -0.9949
1586 0.0000
1587 4.0791
1588 7.1121
1589 6.5717
1590 4.3477
1591 1.0317
1592 6.2900
1593 2.4633
1594 -1.1150
1595 0.0000
1596 1.7873
1597 2.9214
1598 4.4666
1599 -0.6882
1600 1.7475
1601 6.6144
1602 0.0000
1603 -1.8702
1604 5.5816
1605 4.8323
1606 0.4171
1607 -2.1262
1608 -3.7488
1609 10.2617
1610 4.0751
1611 14.4991
1612 3.4227
1613 3.5717
1614 3.6759
1615 8.8105
1616 9.4475
1617 0.0000
1618 5.1653
1619 3.9747
1620 6.4829
1621 -4.1659
1622 -6.7379
1623 16.9069
1624 5.5352
1625 6.6801
1626 0.0000
1627 6.5880
1628 7.1129
1629 5.3336
1630 4.4861
1631 4.8696
1632 2.9771
1633 0.0000
1634 2.7787
1635 4.7123
1636 4.1575
1637 0.0000
1638 1.8863
1639 -1.3061
1640 11.5568
1641 5.4230
1642 0.3539
1643 -4.3230
1644 2.8147
1645 1.3311
1646 0.0000
1647 0.4561
1648 0.0373
1649 5.7946
1650 5.3173
1651 7.9057
1652 0.7324
1653 0.0000
1654 -3.5059
1655 4.3187
1656 2.0605
1657 0.0000
1658 5.2135
1659 -4.2229
1660 5.6158
1661 1.1628
1662 -2.7609
1663 2.1656
1664 4.8812
1665 -4.8421
1666 0.0000
1667 6.7313
1668 5.0516
1669 10.7743
1670 9.1318
1671 9.1174
1672 9.5031
1673 0.0000
1674 -1.3891
1675 10.9636
1676 8.7530
1677 0.0000
1678 2.0746
1679 1.0620
1680 10.8101
1681 2.0331
1682 -2.4293
1683 2.2570
1684 3.8090
1685 1.3349
1686 0.0000
1687 1.7893
1688 1.4699
1689 5.2125
1690 -1.7670
1691 3.8749
1692 1.2114
1693 0.0000
1694 3.0535
1695 4.0717
1696 4.9849
1697 9.7132
1698 9.2657
1699 3.4238
1700 7.7425
1701 7.3342
1702 4.5897
1703 8.3963
1704 0.0011
1705 6.4640
1706 2.8431
1707 1.3278
1708 0.0000
1709 -4.5724
1710 2.8483
1711 0.0916
1712 3.4908
1713 -8.8504
1714 -1.0683
1715 -1.3847
1716 8.3655
1717 0.0000
1718 11.3902
1719 -4.9743
1720 0.2073
1721 1.5791
1722 0.3917
1723 7.6204
1724 0.0000
1725 -5.1208
1726 3.6822
1727 7.7007
1728 0.0000
1729 4.2280
1730 -4.5190
1731 5.9996
1732 7.2526
1733 -5.3202
1734 3.3187
1735 3.0086
1736 3.2597
1737 0.0000
1738 11.3322
1739 4.3517
1740 4.0264
1741 -0.5880
1742 1.9842
1743 7.9504
1744 0.0000
1745 5.5924
1746 7.8587
1747 8.5937
1748 0.0000
1749 3.7214
1750 0.3763
1751 -0.7609
1752 -1.8578
1753 1.5691
1754 8.5360
1755 -0.7540
1756 0.3048
1757 0.0000
1758 0.0381
1759 -2.5536
1760 5.8725
1761 2.1041
1762 9.3238
1763 1.0875
1764 0.0000
1765 6.6094
1766 8.5298
1767 -4.2563
1768 0.0000
1769 16.8524
1770 -0.8280
1771 6.7696
1772 1.7286
1773 -2.9427
1774 16.2957
1775 3.4004
1776 3.4587
1777 0.0000
1778 -3.1777
1779 0.3682
1780 2.0941
1781 3.4254
1782 0.9925
1783 0.9079
1784 0.0000
1785 -0.3535
1786 0.0000
1787 0.0997
1788 0.0000
1789 1.6749
1790 1.0958
1791 -4.8276
1792 10.5890
1793 1.0978
1794 11.1007
1795 2.2427
1796 -0.2756
1797 0.0000
1798 -0.6796
1799 3.9691
1800 8.2431
1801 5.6479
1802 5.7325
1803 2.0538
1804 0.0000
1805 -1.0740
1806 6.4400
1807 -2.3007
1808 3.7375
1809 6.4475
1810 -2.7032
1811 0.0000
1812 7.6681
1813 2.8480
1814 3.9373
1815 -3.1477
1816 4.1847
1817 0.1078
1818 0.0000
1819 -2.9089
1820 7.4105
1821 1.0864
1822 3.2298
1823 7.0738
1824 4.0386
1825 0.0000
1826 6.3521
1827 9.6982
1828 1.0457
1829 -0.8374
1830 8.0576
1831 0.7238
1832 0.0000
1833 3.4238
1834 6.7157
1835 8.8283
1836 2.3017
1837 6.7509
1838 0.8096
1839 0.0000
1840 0.5418
1841 13.2524
1842 1.6541
1843 1.6441
1844 6.2176
1845 9.6766
1846 0.0000
1847 6.0875
1848 3.6265
1849 6.4681
1850 6.5937
1851 0.7526
1852 1.3703
1853 0.0000
1854 -1.5954
1855 0.5164
1856 5.0418
1857 7.9141
1858 3.0091
1859 1.9915
1860 0.0000
1861 -0.9693
1862 8.4500
1863 4.6696
1864 10.6130
1865 2.6754
1866 3.1691
1867 0.0000
1868 5.6367
1869 3.8914
1870 4.7697
1871 8.0387
1872 7.7346
1873 1.2339
1874 0.0000
1875 -3.0072
1876 3.0259
1877 4.3648
1878 6.2264
1879 7.4248
1880 -2.1180
1881 0.0000
1882 0.5351
1883 5.0026
1884 4.4348
1885 5.7073
1886 8.7056
1887 7.1218
1888 0.0000
1889 -1.8041
1890 1.3237
1891 4.7060
1892 -2.3658
1893 5.3717
1894 6.9983
1895 0.0000
1896 2.6977
1897 0.7590
1898 5.7375
1899 -0.1669
1900 2.2169
1901 1.6065
1902 0.0000
1903 -6.5108
1904 0.0000
1905 0.8899
1906 0.0000
1907 -0.1087
1908 0.0000
1909 -2.1279
1910 9.5990
1911 0.0000
1912 8.0597
1913 8.2583
1914 5.2343
1915 3.6475
1916 0.0000
1917 -2.0419
1918 -1.7569
1919 1.5655
1920 0.0000
1921 5.6187
1922 8.9971
1923 4.2983
1924 0.0000
1925 2.7898
1926 11.1011
1927 4.2696
1928 2.3435
1929 4.5058
1930 1.3109
1931 -3.6380
1932 3.1839
1933 0.8310
1934 0.0000
1935 -0.3572
1936 -5.8904
1937 2.7556
1938 -2.7974
1939 0.3116
1940 -1.2063
1941 0.0000
1942 0.3711
1943 8.9617
1944 3.4450
1945 5.4070
1946 6.4008
1947 -2.5235
1948 0.0000
1949 -3.8675
1950 8.4787
1951 -4.9861
1952 1.7425
1953 1.5565
1954 4.5604
1955 0.0000
1956 1.0064
1957 4.0517
1958 0.2252
1959 2.4717
1960 8.0171
1961 12.0987
1962 0.0000
1963 2.5788
1964 1.9386
1965 -0.1996
1966 4.1359
1967 0.5390
1968 1.0998
1969 0.0000
1970 7.8795
1971 11.1579
1972 -1.3540
1973 1.5355
1974 5.4667
1975 8.3534
1976 0.0000
1977 6.2153
1978 -0.1729
1979 4.6730
1980 -0.3462
1981 2.7819
1982 1.0371
1983 0.0000
1984 8.2739
1985 -1.0692
1986 5.2750
1987 6.4008
1988 -1.9166
1989 -1.0920
1990 0.0000
1991 10.7742
1992 1.8912
1993 9.7972
1994 6.2790
1995 0.0481
1996 7.8769
1997 0.0000
1998 0.0569
1999 7.6783
2000 5.3659
2001 1.9539
2002 0.8002
2003 5.3771
2004 0.0000
2005 3.7205
2006 5.5962
2007 7.9955
2008 2.3737
2009 -5.5737
2010 4.0773
2011 0.0000
2012 -0.8181
2013 6.7554
2014 0.0000
2015 6.2255
2016 -2.3719
2017 8.3826
2018 4.6622
2019 -4.0855
2020 7.0958
2021 5.4142
2022 2.1784
2023 0.0000
2024 6.6915
2025 4.8919
2026 0.0000
2027 9.8052
2028 0.0000
2029 7.0618
2030 0.0000
2031 0.3224
2032 9.0098
2033 0.0000
2034 4.6296
2035 0.5826
2036 0.0000
2037 7.8406
2038 2.9615
2039 9.9489
2040 0.0000
2041 8.2745
2042 7.9128
2043 0.0000
2044 5.2901
2045 1.7759
2046 5.0598
2047 0.0000
2048 1.6190
2049 2.4433
2050 0.0000
2051 -5.8693
2052 3.6066
2053 -1.3853
2054 0.0000
2055 2.0764
2056 0.4427
2057 0.0000
2058 8.7989
2059 1.2961
2060 5.9719
2061 0.0000
2062 4.0941
2063 3.9062
2064 0.0000
2065 5.3067
2066 5.1052
2067 9.8657
2068 0.0000
2069 5.5399
2070 -0.4731
2071 0.0000
2072 8.4911
2073 1.5373
2074 7.8615
2075 0.0000
2076 1.1683
2077 4.2972
2078 0.0000
2079 6.8303
2080 -2.7868
2081 4.7806
2082 0.0000
2083 2.3868
2084 0.5404
2085 0.0000
2086 1.5434
2087 0.6402
2088 3.5255
2089 0.0000
2090 7.5902
2091 2.0864
2092 0.0000
2093 0.2520
2094 5.6959
2095 3.2842
2096 0.0000
2097 1.5855
2098 8.9893
2099 0.0000
2100 10.3261
2101 13.8897
2102 8.3174
2103 0.0000
2104 -3.9354
2105 4.2224
2106 0.0000
2107 7.9438
2108 0.3843
2109 6.4691
2110 0.0000
2111 0.2549
2112 2.2550
2113 0.0000
2114 1.1393
2115 4.3046
2116 5.8766
2117 0.0000
2118 -0.0464
2119 1.5257
2120 0.0000
2121 6.6829
2122 -5.5256
2123 7.0293
2124 0.0000
2125 -1.4418
2126 3.6411
2127 0.0000
2128 -2.5648
2129 7.8248
2130 -0.1611
2131 0.0000
2132 3.2433
2133 0.6885
2134 0.0000
2135 4.2321
2136 11.8033
2137 4.7172
2138 0.0000
2139 -8.2406
2140 -1.3296
2141 0.0000
2142 -1.3388
2143 11.9220
2144 3.1505
2145 0.0000
2146 -4.1809
2147 0.0000
2148 7.6978
2149 0.0000
2150 12.9486
2151 3.1245
2152 0.0000
2153 9.9520
2154 0.0000
2155 3.5659
2156 0.0000
2157 4.6148
2158 10.0163
2159 5.8785
2160 0.0000
2161 3.6784
2162 5.5630
2163 9.4978
2164 0.0000
2165 4.3496
2166 1.8825
2167 12.7267
2168 0.0000
2169 0.6388
2170 0.0000
2171 9.6021
2172 0.0000
2173 -1.8562
2174 6.9955
2175 0.0000
2176 1.0639
2177 0.0000
2178 6.8545
2179 -0.0591
2180 4.0989
2181 -3.5761
2182 8.2877
2183 -2.3241
2184 0.5718
2185 5.4748
2186 8.1615
2187 7.3402
2188 3.6854
2189 6.0466
2190 8.5517
2191 6.4626
2192 8.4469
2193 5.0880
2194 0.0000
2195 6.8944
2196 0.8803
2197 -0.8150
2198 3.8687
2199 -2.3309
2200 10.5782
2201 1.8003
2202 4.0678
2203 0.0000
2204 2.4272
2205 0.6861
2206 6.5550
2207 11.9887
2208 1.4213
2209 7.3917
2210 0.0000
2211 0.6417
2212 1.3243
2213 2.9468
2214 0.0000
2215 -2.6647
2216 3.5043
2217 3.4102
2218 4.5085
2219 -8.3125
2220 9.1147
2221 -0.8816
2222 2.3182
2223 0.0000
2224 14.8443
2225 1.4510
2226 9.1412
2227 2.2986
2228 -6.0782
2229 6.5173
2230 0.0000
2231 1.9599
2232 8.5292
2233 7.6731
2234 0.0000
2235 11.1696
2236 -0.1022
2237 -4.7342
2238 0.2324
2239 1.0356
2240 8.6608
2241 6.1212
2242 0.7690
2243 0.0000
2244 4.7708
2245 -2.9789
2246 -5.4034
2247 -3.7984
2248 -1.6453
2249 3.7586
2250 0.0000
2251 -6.8965
2252 2.2048
2253 13.2991
2254 0.0000
2255 12.5307
2256 -0.7518
2257 4.4905
2258 -1.6245
2259 5.1604
2260 5.6419
2261 8.8141
2262 1.9203
2263 0.0000
2264 0.2830
2265 1.0090
2266 6.0837
2267 2.5888
2268 2.0139
2269 0.4502
2270 0.0000
2271 -1.6026
2272 5.0846
2273 15.4794
2274 6.1155
2275 5.3507
2276 5.4910
2277 6.2981
2278 -1.4302
2279 15.7971
2280 7.9214
2281 7.5268
2282 -1.1290
2283 5.0330
2284 5.4259
2285 0.0000
2286 2.1247
2287 -6.3957
2288 3.9874
2289 0.6668
2290 6.6387
2291 15.2776
2292 5.8404
2293 14.9836
2294 0.0000
2295 2.5819
2296 -0.2931
2297 8.7751
2298 9.4620
2299 0.5287
2300 8.4337
2301 0.0000
2302 0.1109
2303 6.3667
2304 3.5797
2305 0.0000
2306 1.1367
2307 1.5303
2308 12.0180
2309 7.1859
2310 8.6826
2311 10.1449
2312 2.7009
2313 -2.1135
2314 0.0000
2315 6.3000
2316 4.1763
2317 -2.5233
2318 0.2529
2319 1.2150
2320 -0.3121
2321 0.0000
2322 2.3322
2323 1.2661
2324 8.2365
2325 0.0000
2326 -5.9417
2327 0.1321
2328 -2.8808
2329 1.5978
2330 5.2251
2331 -0.5881
2332 -0.7426
2333 1.0165
2334 0.0000
2335 6.0955
2336 6.8168
2337 6.8858
2338 3.2332
2339 7.4832
2340 11.4108
2341 0.0000
2342 -3.5453
2343 8.8910
2344 -0.3487
2345 0.0000
2346 6.9315
2347 2.0711
2348 -0.8130
2349 1.6500
2350 1.8973
2351 5.2879
2352 2.8909
2353 3.9639
2354 0.0000
2355 7.3795
2356 4.3627
2357 3.1872
2358 2.8197
2359 10.0585
2360 0.1765
2361 0.0000
2362 2.5604
2363 1.1431
2364 4.5050
2365 2.4891
2366 7.7203
2367 6.1536
2368 -2.4825
2369 5.1095
2370 7.6663
2371 2.1226
2372 4.2989
2373 6.0099
2374 8.4967
2375 14.6152
2376 0.0000
2377 3.4577
2378 2.6097
2379 -1.7229
2380 1.7630
2381 -4.7560
2382 6.9856
2383 7.6774
2384 9.7719
2385 0.0000
2386 4.4890
2387 2.8901
2388 6.2890
2389 -2.1450
2390 11.6653
2391 -5.4224
2392 0.0000
2393 -2.9555
2394 0.2205
2395 5.9469
2396 0.0000
2397 -0.4059
2398 -4.7220
2399 2.9863
2400 5.0557
2401 2.9396
2402 -6.2459
2403 3.3534
2404 9.2407
2405 0.0000
2406 8.0477
2407 -0.7225
2408 -2.5258
2409 8.4943
2410 3.4022
2411 6.1335
2412 0.0000
2413 -4.4404
2414 4.2713
2415 3.3310
2416 0.0000
2417 4.0202
2418 -1.1227
2419 8.9679
2420 9.1420
2421 -1.1861
2422 6.6262
2423 -2.2983
2424 7.1687
2425 0.0000
2426 6.6003
2427 3.1026
2428 5.8605
2429 6.5109
2430 5.1978
2431 2.0173
2432 0.0000
2433 3.5235
2434 7.6266
2435 2.5707
2436 0.0000
2437 3.3441
2438 -4.2983
2439 10.0268
2440 5.7688
2441 -6.3402
2442 -2.5378
2443 -2.0760
2444 3.5945
2445 0.0000
2446 10.1374
2447 8.5423
2448 1.2630
2449 4.9852
2450 3.0551
2451 0.8865
2452 0.0000
2453 9.0711
2454 3.5399
2455 7.7220
2456 6.1557
2457 3.0903
2458 7.7244
2459 -0.6110
2460 2.3499
2461 4.1676
2462 1.7382
2463 1.1714
2464 5.2318
2465 6.9305
2466 -1.4695
2467 0.0000
2468 3.6105
2469 7.8357
2470 1.0726
2471 7.5314
2472 -2.3713
2473 7.7911
2474 0.5432
2475 4.3655
2476 0.0000
2477 0.6959
2478 2.8292
2479 2.1094
2480 8.2351
2481 5.0893
2482 2.1735
2483 0.0000
2484 3.5895
2485 13.0538
2486 7.2796
2487 0.0000
2488 5.4516
2489 1.4008
2490 1.3600
2491 -1.3459
2492 -6.2164
2493 7.7593
2494 7.6926
2495 8.3254
2496 0.0000
2497 1.4641
2498 3.5921
2499 -0.2191
2500 -3.2866
2501 3.2835
2502 -1.9537
2503 0.0000
2504 -1.9349
2505 5.1146
2506 6.7650
2507 0.0000
2508 0.6266
2509 3.6605
2510 6.4674
2511 5.0956
2512 1.1838
2513 10.3839
2514 6.4721
2515 -4.0718
2516 0.0000
2517 2.4419
2518 -5.5149
2519 8.2143
2520 -4.1644
2521 6.1535
2522 4.5016
2523 0.0000
2524 -6.7849
2525 4.2217
2526 5.8929
2527 0.0000
2528 7.1692
2529 6.3032
2530 9.2661
2531 4.6442
2532 -4.2824
2533 10.7981
2534 6.6705
2535 4.6426
2536 0.0000
2537 1.8011
2538 -6.0955
2539 -0.1104
2540 7.6746
2541 2.3138
2542 -2.1614
2543 0.0000
2544 2.2337
2545 0.0000
2546 3.2627
2547 0.0000
2548 9.7851
2549 -3.3313
2550 -3.4753
2551 4.7395
2552 4.4737
2553 7.0052
2554 6.5150
2555 -3.6604
2556 0.0000
2557 -1.6432
2558 3.2848
2559 3.9821
2560 -1.7004
2561 7.3363
2562 6.6316
2563 0.0000
2564 2.7022
2565 0.1812
2566 3.7133
2567 -0.1301
2568 1.6639
2569 -4.0026
2570 0.0000
2571 2.0712
2572 2.4625
2573 6.2209
2574 -2.1867
2575 10.9359
2576 4.9160
2577 0.0000
2578 3.3765
2579 8.5946
2580 9.2256
2581 8.9128
2582 0.7696
2583 8.4333
2584 0.0000
2585 3.3051
2586 4.5726
2587 5.0679
2588 4.1438
2589 -6.2597
2590 6.1597
2591 0.0000
2592 -6.0982
2593 7.2798
2594 0.9710
2595 6.1492
2596 7.4000
2597 5.1352
2598 0.0000
2599 1.6274
2600 11.2486
2601 3.6173
2602 -6.6129
2603 7.9675
2604 2.2759
2605 0.0000
2606 8.9286
2607 9.9057
2608 1.4982
2609 3.2438
2610 9.1464
2611 2.4765
2612 0.0000
2613 2.4921
2614 0.6461
2615 3.2447
2616 8.3835
2617 -1.4757
2618 -9.2328
2619 0.0000
2620 -0.8361
2621 3.4705
2622 -0.1557
2623 12.0126
2624 1.5963
2625 -4.6281
2626 0.0000
2627 -1.7651
2628 1.0264
2629 1.9462
2630 9.4185
2631 5.6236
2632 5.1312
2633 0.0000
2634 6.9593
2635 4.9558
2636 3.4622
2637 -6.4928
2638 3.6614
2639 3.9391
2640 0.0000
2641 4.9645
2642 2.0047
2643 6.6501
2644 7.7827
2645 5.6191
2646 5.3381
2647 0.0000
2648 -0.9926
2649 9.2985
2650 0.4996
2651 -0.1888
2652 1.3852
2653 8.0625
2654 0.0000
2655 3.2386
2656 -9.7765
2657 4.2600
2658 3.4537
2659 2.3799
2660 3.9650
2661 0.0000
2662 -0.5046
2663 0.0000
2664 2.5973
2665 0.0000
2666 7.7784
2667 0.0000
2668 11.8176
2669 5.8325
2670 0.0000
2671 4.4175
2672 8.4115
2673 8.4037
2674 0.9012
2675 0.0000
2676 4.4540
2677 -5.6734
2678 7.7038
2679 0.0000
2680 3.0804
2681 2.2632
2682 4.4644
2683 0.0000
2684 5.6092
2685 0.6272
2686 -0.8729
2687 3.7600
2688 9.3516
2689 -3.4940
2690 -0.5372
2691 4.7943
2692 0.9554
2693 0.0000
2694 -1.6766
2695 3.9551
2696 -2.8046
2697 6.4167
2698 1.6986
2699 2.4747
2700 0.0000
2701 4.6797
2702 0.7628
2703 0.1420
2704 3.4867
2705 -2.0988
2706 -1.2560
2707 0.0000
2708 9.9581
2709 3.1341
2710 4.4865
2711 3.3217
2712 5.1941
2713 5.7239
2714 0.0000
2715 -0.2947
2716 3.9096
2717 3.1377
2718 4.6252
2719 0.8642
2720 1.0090
2721 0.0000
2722 4.9755
2723 0.3324
2724 6.8987
2725 2.0080
2726 -2.7488
2727 6.0700
2728 0.0000
2729 -1.2362
2730 4.0939
2731 4.0999
2732 1.5625
2733 7.2883
2734 6.7535
2735 0.0000
2736 -1.4383
2737 1.2768
2738 1.7625
2739 11.0575
2740 3.4053
2741 0.1812
2742 0.0000
2743 -2.7667
2744 2.4020
2745 9.7880
2746 4.5615
2747 3.4096
2748 7.0692
2749 0.0000
2750 -4.6576
2751 3.6892
2752 1.1648
2753 3.1274
2754 -3.5339
2755 -0.3316
2756 0.0000
2757 5.2253
2758 -0.4552
2759 6.2123
2760 5.5719
2761 0.7000
2762 7.1457
2763 0.0000
2764 0.3961
2765 1.5062
2766 -4.5561
2767 -6.8261
2768 7.8878
2769 3.3667
2770 0.0000
2771 -3.6624
2772 -3.3969
2773 0.0000
2774 3.3529
2775 -5.7191
2776 1.2583
2777 -10.6232
2778 -0.5190
2779 -7.7715
2780 -1.0073
2781 7.5153
2782 0.0000
2783 5.3395
2784 4.3441
2785 0.0000
2786 1.3365
2787 0.0000
2788 5.7626
2789 0.0000
2790 2.1788
2791 4.7156
2792 0.0000
2793 2.7313
2794 1.0348
2795 0.0000
2796 1.7881
2797 4.3657
2798 3.8141
2799 0.0000
2800 0.3033
2801 1.2953
2802 0.0000
2803 11.9736
2804 5.7963
2805 3.1279
2806 0.0000
2807 4.0772
2808 -0.6246
2809 0.0000
2810 -4.5656
2811 -4.9863
2812 10.8681
2813 0.0000
2814 -1.2519
2815 -0.3642
2816 0.0000
2817 3.1385
2818 3.8249
2819 2.3708
2820 0.0000
2821 4.5467
2822 4.3844
2823 0.0000
2824 -6.3084
2825 8.1053
2826 2.6729
2827 0.0000
2828 -1.7417
2829 7.3549
2830 0.0000
2831 0.3048
2832 2.7356
2833 -0.0022
2834 0.0000
2835 0.3375
2836 5.5223
2837 0.0000
2838 6.4252
2839 7.6023
2840 -0.3869
2841 0.0000
2842 6.0995
2843 5.6451
2844 0.0000
2845 1.9762
2846 4.2664
2847 6.3839
2848 0.0000
2849 2.1028
2850 9.6048
2851 0.0000
2852 -0.8655
2853 0.2087
2854 0.7810
2855 0.0000
2856 8.8142
2857 8.1169
2858 0.0000
2859 2.9363
2860 10.8287
2861 10.2942
2862 0.0000
2863 8.7305
2864 1.2123
2865 0.0000
2866 6.0532
2867 3.1911
2868 0.7312
2869 0.0000
2870 -1.6630
2871 0.9858
2872 0.0000
2873 -6.6369
2874 2.6983
2875 6.1120
2876 0.0000
2877 3.9060
2878 3.0845
2879 0.0000
2880 13.2893
2881 4.9837
2882 -1.1453
2883 0.0000
2884 2.9540
2885 7.3916
2886 0.0000
2887 1.2770
2888 0.8139
2889 2.8011
2890 0.0000
2891 5.3648
2892 0.7216
2893 0.0000
2894 0.5138
2895 7.3850
2896 10.9152
2897 0.0000
2898 -0.0567
2899 8.1894
2900 0.0000
2901 3.0022
2902 5.0226
2903 6.6804
2904 0.0000
2905 -1.0143
2906 0.0000
2907 4.2383
2908 0.0000
2909 -0.5870
2910 8.7897
2911 0.0000
2912 6.1979
2913 0.0000
2914 -0.4236
2915 0.0000
2916 6.7462
2917 7.7409
2918 13.9677
2919 0.0000
2920 3.2940
2921 4.5695
2922 7.9788
2923 0.0000
2924 3.3696
2925 4.8704
2926 2.9910
2927 0.0000
2928 5.5397
2929 0.0000
2930 3.8132
2931 0.0000
2932 8.4506
2933 12.7269
2934 0.0000
2935 1.9782
2936 0.0000
2937 -0.9060
2938 0.1222
2939 -4.0908
2940 10.7913
2941 0.0387
2942 6.0093
2943 8.1467
2944 -8.5153
2945 3.2422
2946 -0.5360
2947 7.6070
2948 2.4069
2949 -0.3003
2950 3.8262
2951 -1.5022
2952 4.0576
2953 0.0000
2954 5.5235
2955 -2.8796
2956 1.3596
2957 0.0525
2958 -3.2208
2959 10.3028
2960 9.1256
2961 7.6951
2962 0.0000
2963 6.1264
2964 9.6526
2965 0.5210
2966 8.9082
2967 7.1616
2968 7.3300
2969 0.0000
2970 6.6630
2971 3.9874
2972 7.9993
2973 0.0000
2974 2.3638
2975 -4.4823
2976 5.1066
2977 8.3796
2978 -2.4548
2979 5.8831
2980 5.3801
2981 7.0225
2982 0.0000
2983 3.1945
2984 3.9408
2985 7.9909
2986 -0.5258
2987 5.0346
2988 -3.3882
2989 0.0000
2990 -3.6680
2991 3.2403
2992 1.1895
2993 0.0000
2994 4.1282
2995 3.3374
2996 9.8774
2997 -1.2285
2998 1.3460
2999 10.5184
3000 4.6631
3001 3.5483
3002 0.0000
3003 9.8925
3004 4.9265
3005 6.5813
3006 5.4314
3007 -1.1138
3008 -2.6133
3009 0.0000
3010 4.4985
3011 10.7166
3012 6.4279
3013 0.0000
3014 7.7128
3015 0.0574
3016 14.2659
3017 5.9514
3018 3.1485
3019 11.2902
3020 -2.0443
3021 6.9082
3022 0.0000
3023 12.7244
3024 2.0265
3025 -0.5017
3026 5.3079
3027 -0.7423
3028 5.2938
3029 0.0000
3030 -1.1270
3031 10.1573
3032 -2.3893
3033 -5.7108
3034 4.3226
3035 2.6428
3036 6.9961
3037 0.9600
3038 10.2878
3039 4.0363
3040 7.4113
3041 9.0497
3042 2.1901
3043 5.7011
3044 0.0000
3045 4.9141
3046 -1.9032
3047 10.4405
3048 6.4806
3049 -4.3653
3050 11.3275
3051 0.7977
3052 -2.1151
3053 0.0000
3054 -1.3321
3055 5.9543
3056 -3.9873
3057 1.8363
3058 4.9701
3059 7.9299
3060 0.0000
3061 -4.4104
3062 0.7783
3063 4.5765
3064 0.0000
3065 8.0887
3066 -1.6072
3067 5.6030
3068 3.3001
3069 -1.8954
3070 3.2694
3071 3.1965
3072 3.2117
3073 0.0000
3074 7.4870
3075 14.0102
3076 13.0769
3077 -2.1482
3078 2.3181
3079 1.6199
3080 0.0000
3081 0.6657
3082 3.3486
3083 1.0644
3084 0.0000
3085 5.3608
3086 -7.7165
3087 1.6677
3088 -1.5486
3089 -4.6279
3090 10.8989
3091 1.9724
3092 15.2236
3093 0.0000
3094 -3.5484
3095 14.3177
3096 5.3438
3097 4.5351
3098 6.8910
3099 -0.4786
3100 0.0000
3101 -1.8526
3102 5.7503
3103 10.7297
3104 0.0000
3105 5.3120
3106 -2.5768
3107 8.6100
3108 -1.9151
3109 -3.2352
3110 3.9896
3111 2.4205
3112 6.8825
3113 0.0000
3114 2.9578
3115 2.3516
3116 8.6901
3117 -0.3962
3118 3.3692
3119 -1.3710
3120 0.0000
3121 7.8329
3122 1.9646
3123 5.9266
3124 3.2235
3125 6.5605
3126 7.6332
3127 0.9393
3128 -5.8715
3129 5.9566
3130 8.2512
3131 5.1221
3132 -0.0741
3133 -2.9317
3134 5.9382
3135 0.0000
3136 4.0408
3137 0.7897
3138 10.8969
3139 7.5143
3140 -1.2485
3141 0.8838
3142 -0.7244
3143 10.6533
3144 0.0000
3145 2.2769
3146 4.5255
3147 5.6525
3148 6.0042
3149 4.5477
3150 5.2934
3151 0.0000
3152 -0.6727
3153 -5.4769
3154 2.0630
3155 0.0000
3156 2.4163
3157 4.8551
3158 -1.6515
3159 -4.0818
3160 -6.5570
3161 -7.4669
3162 -7.0697
3163 5.4274
3164 0.0000
3165 6.3387
3166 0.9667
3167 0.8585
3168 16.7590
3169 0.3837
3170 0.6863
3171 0.0000
3172 2.7821
3173 5.6590
3174 2.0110
3175 0.0000
3176 1.7448
3177 -6.4256
3178 8.6604
3179 8.1011
3180 -1.1127
3181 4.0670
3182 -3.3901
3183 8.4875
3184 0.0000
3185 6.8256
3186 -0.4972
3187 -0.8254
3188 -2.6105
3189 2.8319
3190 2.5136
3191 0.0000
3192 3.4464
3193 2.5446
3194 9.3460
3195 0.0000
3196 2.3079
3197 5.6721
3198 2.8064
3199 3.2830
3200 1.5814
3201 -1.0670
3202 5.4016
3203 4.5215
3204 0.0000
3205 3.7385
3206 3.7328
3207 3.6870
3208 3.7001
3209 4.0443
3210 4.5316
3211 0.0000
3212 2.9577
3213 -0.1285
3214 1.0848
3215 0.4196
3216 7.8760
3217 4.6613
3218 6.0086
3219 1.7353
3220 6.5927
3221 4.9143
3222 11.9656
3223 -1.9535
3224 3.8034
3225 6.6508
3226 0.0000
3227 5.1197
3228 -2.8227
3229 2.7981
3230 3.4484
3231 -5.6694
3232 1.6674
3233 2.3965
3234 2.5275
3235 0.0000
3236 3.2133
3237 3.5662
3238 8.5047
3239 6.4968
3240 4.9868
3241 8.3962
3242 0.0000
3243 -0.9256
3244 2.3517
3245 -4.8891
3246 0.0000
3247 2.0553
3248 0.5825
3249 7.0429
3250 6.3304
3251 0.9411
3252 -2.0708
3253 1.9413
3254 2.9739
3255 0.0000
3256 4.1570
3257 9.4040
3258 4.2342
3259 8.1135
3260 9.6550
3261 7.4787
3262 0.0000
3263 -3.1822
3264 5.4228
3265 5.5969
3266 0.0000
3267 6.3571
3268 -5.5508
3269 7.9755
3270 0.1295
3271 3.1055
3272 3.6166
3273 -3.7533
3274 5.2017
3275 0.0000
3276 8.6127
3277 0.1620
3278 5.9338
3279 8.7532
3280 -0.0447
3281 0.2262
3282 0.0000
3283 4.3686
3284 3.2221
3285 2.3112
3286 0.0000
3287 12.9521
3288 0.2374
3289 -2.1501
3290 -5.2274
3291 -3.8955
3292 8.7000
3293 4.9371
3294 6.6997
3295 0.0000
3296 12.1613
3297 1.4559
3298 2.3898
3299 5.5105
3300 -1.9818
3301 -2.6496
3302 0.0000
3303 -5.2480
3304 0.0000
3305 -1.7049
3306 0.0000
3307 12.3717
3308 3.4885
3309 -0.4761
3310 5.9435
3311 3.4992
3312 9.1956
3313 -4.1482
3314 2.5444
3315 0.0000
3316 -2.6894
3317 3.4485
3318 6.5707
3319 3.1799
3320 6.7496
3321 3.6160
3322 0.0000
3323 6.3724
3324 -5.0495
3325 2.4529
3326 8.1572
3327 8.9358
3328 5.9204
3329 0.0000
3330 -6.6786
3331 4.9231
3332 3.5465
3333 3.5135
3334 -0.4030
3335 13.6432
3336 0.0000
3337 0.0270
3338 -4.7078
3339 3.5239
3340 6.5879
3341 3.1345
3342 4.9905
3343 0.0000
3344 5.4886
3345 0.0259
3346 2.3584
3347 4.3136
3348 5.8466
3349 -0.2915
3350 0.0000
3351 5.6857
3352 5.8745
3353 5.7100
3354 9.2730
3355 9.9170
3356 2.3021
3357 0.0000
3358 -4.3361
3359 7.6709
3360 0.8684
3361 -4.8259
3362 8.0537
3363 4.8850
3364 0.0000
3365 4.9647
3366 5.0625
3367 -0.6130
3368 -6.8835
3369 3.1933
3370 1.9879
3371 0.0000
3372 4.0190
3373 0.5269
3374 9.5944
3375 1.6176
3376 3.7669
3377 -3.2251
3378 0.0000
3379 -9.5157
3380 -0.6896
3381 0.2114
3382 1.4408
3383 7.9737
3384 6.6584
3385 0.0000
3386 -1.0788
3387 2.4765
3388 1.9843
3389 2.3550
3390 8.5923
3391 -0.8303
3392 0.0000
3393 -3.1013
3394 1.3623
3395 6.9847
3396 9.2390
3397 3.5688
3398 10.6520
3399 0.0000
3400 2.3543
3401 0.7844
3402 0.9993
3403 9.1649
3404 -3.4091
3405 4.4894
3406 0.0000
3407 1.7833
3408 4.4796
3409 2.6079
3410 13.3598
3411 -0.1485
3412 5.1256
3413 0.0000
3414 -1.0984
3415 4.9665
3416 4.5835
3417 1.0716
3418 -2.2165
3419 2.8206
3420 0.0000
3421 -2.7704
3422 0.0000
3423 2.0079
3424 0.0000
3425 11.9357
3426 0.0000
3427 3.0227
3428 5.2172
3429 0.0000
3430 9.6099
3431 12.1965
3432 0.9652
3433 7.4604
3434 0.0000
3435 6.7999
3436 -2.5460
3437 -1.7116
3438 0.0000
3439 0.6465
3440 4.8529
3441 4.3542
3442 0.0000
3443 1.2473
3444 6.2113
3445 1.5691
3446 10.6381
3447 11.5690
3448 1.5633
3449 4.2316
3450 5.3775
3451 3.3143
3452 0.0000
3453 0.0504
3454 8.0920
3455 -0.1259
3456 1.7094
3457 1.5693
3458 4.1085
3459 0.0000
3460 0.2731
3461 1.0327
3462 1.3984
3463 3.5118
3464 4.9723
3465 8.4602
3466 0.0000
3467 12.4450
3468 5.7144
3469 1.4957
3470 0.6365
3471 5.8973
3472 4.5803
3473 0.0000
3474 5.0394
3475 0.8610
3476 -2.8477
3477 1.7489
3478 5.5528
3479 1.6437
3480 0.0000
3481 3.0290
3482 5.2863
3483 3.2157
3484 5.1464
3485 0.7304
3486 5.3221
3487 0.0000
3488 0.6755
3489 13.4790
3490 6.9654
3491 2.2861
3492 6.7320
3493 2.3334
3494 0.0000
3495 6.3713
3496 -3.0130
3497 -1.1759
3498 4.3001
3499 -5.8354
3500 4.9970
3501 0.0000
3502 -1.3657
3503 4.6608
3504 -6.2470
3505 0.2963
3506 4.9883
3507 -7.0342
3508 0.0000
3509 5.4565
3510 -0.8706
3511 3.7564
3512 8.3830
3513 3.1098
3514 -0.6747
3515 0.0000
3516 9.9219
3517 2.8937
3518 3.5801
3519 -7.8443
3520 -0.9666
3521 5.2359
3522 0.0000
3523 5.6693
3524 8.8486
3525 5.4355
3526 8.5557
3527 1.8479
3528 5.6449
3529 0.0000
3530 1.6428
3531 1.2281
3532 0.0000
3533 6.2247
3534 -2.0174
3535 4.2320
3536 6.3174
3537 -0.0550
3538 2.2827
3539 3.9773
3540 2.5655
3541 0.0000
3542 1.1619
3543 0.4826
3544 0.0000
3545 5.4008
3546 0.0000
3547 3.1180
3548 0.0000
3549 -5.3095
3550 1.9261
3551 0.0000
3552 5.3792
3553 8.1114
3554 0.0000
3555 2.4526
3556 6.8998
3557 -0.9161
3558 0.0000
3559 -4.7289
3560 6.4856
3561 0.0000
3562 9.0544
3563 10.0176
3564 10.5979
3565 0.0000
3566 7.0881
3567 -0.6665
3568 0.0000
3569 11.3969
3570 4.0958
3571 1.0375
3572 0.0000
3573 1.2355
3574 -1.2913
3575 0.0000
3576 2.5829
3577 5.8155
3578 -1.8229
3579 0.0000
3580 1.0873
3581 1.5667
3582 0.0000
3583 1.7029
3584 1.2494
3585 1.6118
3586 0.0000
3587 8.7476
3588 8.2329
3589 0.0000
3590 7.4925
3591 5.8370
3592 6.9448
3593 0.0000
3594 -4.7538
3595 0.5688
3596 0.0000
3597 4.1226
3598 2.1123
3599 6.2031
3600 0.0000
3601 2.9534
3602 -4.8953
3603 0.0000
3604 4.9108
3605 5.7403
3606 0.9771
3607 0.0000
3608 -5.0377
3609 -2.8619
3610 0.0000
3611 -1.7085
3612 4.3669
3613 -0.0433
3614 0.0000
3615 -5.7145
3616 8.7419
3617 0.0000
3618 4.8944
3619 9.7550
3620 6.7633
3621 0.0000
3622 -3.8828
3623 -1.9177
3624 0.0000
3625 6.2173
3626 6.0614
3627 8.7402
3628 0.0000
3629 2.5275
3630 3.9877
3631 0.0000
3632 3.3448
3633 0.5574
3634 1.6849
3635 0.0000
3636 7.5616
3637 4.7630
3638 0.0000
3639 1.6726
3640 -2.8852
3641 2.0878
3642 0.0000
3643 2.2142
3644 3.3668
3645 0.0000
3646 2.1943
3647 4.1016
3648 0.2399
3649 0.0000
3650 5.2287
3651 10.4453
3652 0.0000
3653 3.3048
3654 -4.2998
3655 3.8133
3656 0.0000
3657 -1.4018
3658 -0.4681
3659 0.0000
3660 -3.6955
3661 2.3424
3662 -3.9832
3663 0.0000
3664 2.0948
3665 0.0000
3666 5.0076
3667 0.0000
3668 -2.1512
3669 7.3462
3670 0.0000
3671 4.1750
3672 0.0000
3673 5.0204
3674 0.0000
3675 3.7969
3676 1.9709
3677 -0.2847
3678 0.0000
3679 -0.1382
3680 2.6656
3681 6.9847
3682 0.0000
3683 -0.3646
3684 8.6503
3685 -0.4810
3686 0.0000
3687 -6.6701
3688 0.0000
3689 -0.6056
3690 0.0000
3691 7.8248
3692 6.8282
3693 0.0000
3694 3.3021
3695 0.0000
3696 1.5348
3697 5.4421
3698 -0.9713
3699 -2.1597
3700 -2.9628
3701 2.3683
3702 -1.0386
3703 5.8792
3704 1.6593
3705 2.0495
3706 -2.7843
3707 -0.6576
3708 8.9931
3709 1.8245
3710 -1.3126
3711 10.4901
3712 0.0000
3713 3.3245
3714 5.4931
3715 6.8211
3716 8.6813
3717 -3.6303
3718 0.9065
3719 -0.0030
3720 7.6442
3721 0.0000
3722 9.4401
3723 5.0849
3724 4.4468
3725 4.6454
3726 -4.3181
3727 4.2378
3728 0.0000
3729 7.2672
3730 10.1389
3731 5.7064
3732 0.0000
3733 6.4002
3734 -1.5572
3735 1.9010
3736 3.0942
3737 -0.1785
3738 8.4738
3739 5.4739
3740 3.2162
3741 0.0000
3742 15.9399
3743 8.3227
3744 -4.7064
3745 6.5662
3746 -0.1619
3747 12.4979
3748 0.0000
3749 -2.5580
3750 3.3373
3751 2.2697
3752 0.0000
3753 3.1632
3754 -1.1432
3755 3.1777
3756 5.0242
3757 1.3596
3758 1.4089
3759 -1.2178
3760 8.6310
3761 0.0000
3762 10.8585
3763 14.3401
3764 2.8058
3765 8.0961
3766 1.9748
3767 6.9752
3768 0.0000
3769 1.2757
3770 -0.5548
3771 -7.1551
3772 0.0000
3773 0.1342
3774 -0.4254
3775 6.6150
3776 0.0810
3777 3.2373
3778 10.3251
3779 1.2427
3780 5.6183
3781 0.0000
3782 2.8893
3783 3.9123
3784 2.9174
3785 5.5516
3786 2.8276
3787 0.3868
3788 0.0000
3789 2.7437
3790 -1.2551
3791 4.6007
3792 11.1351
3793 5.1391
3794 4.7448
3795 3.9183
3796 3.0362
3797 1.3558
3798 1.3039
3799 0.4294
3800 -3.3584
3801 -4.8525
3802 2.8967
3803 0.0000
3804 10.0841
3805 4.3531
3806 4.8293
3807 5.9074
3808 2.5004
3809 5.5451
3810 0.8929
3811 11.4011
3812 0.0000
3813 13.3812
3814 6.3933
3815 -0.0432
3816 1.8525
3817 8.7717
3818 8.8442
3819 0.0000
3820 -0.4560
3821 2.4697
3822 4.9104
3823 0.0000
3824 0.7732
3825 1.9286
3826 10.7819
3827 1.4842
3828 -0.1254
3829 7.2314
3830 9.4004
3831 6.0561
3832 0.0000
3833 1.7619
3834 3.4650
3835 -0.1239
3836 7.5822
3837 4.1686
3838 8.3382
3839 0.0000
3840 -8.0881
3841 4.3441
3842 11.8002
3843 0.0000
3844 6.4460
3845 -3.1108
3846 0.2710
3847 6.2059
3848 4.3315
3849 7.5003
3850 7.5064
3851 2.3072
3852 0.0000
3853 -1.7604
3854 -3.9292
3855 1.3388
3856 5.0975
3857 3.7168
3858 -1.0812
3859 0.0000
3860 -1.7672
3861 5.4601
3862 4.3204
3863 0.0000
3864 4.8245
3865 3.3880
3866 0.5015
3867 -0.2312
3868 4.7176
3869 -0.7798
3870 -3.2640
3871 1.3132
3872 0.0000
3873 -2.8792
3874 6.7745
3875 -0.6817
3876 5.0449
3877 6.7370
3878 2.3354
3879 0.0000
3880 3.8080
3881 7.3631
3882 8.6820
3883 0.9842
3884 8.2005
3885 -0.0976
3886 11.6552
3887 8.4750
3888 5.4589
3889 3.8322
3890 9.0060
3891 -2.7025
3892 1.7215
3893 -2.2034
3894 0.0000
3895 4.8014
3896 4.0545
3897 5.5568
3898 9.3538
3899 5.8341
3900 0.7359
3901 -3.7766
3902 -4.0282
3903 0.0000
3904 2.8287
3905 0.9149
3906 2.2598
3907 7.4797
3908 1.7309
3909 -1.8453
3910 0.0000
3911 0.4842
3912 0.4635
3913 3.1477
3914 0.0000
3915 -2.5032
3916 -0.0416
3917 1.3888
3918 1.0439
3919 -0.9974
3920 0.4482
3921 -4.0389
3922 -1.4918
3923 0.0000
3924 6.9515
3925 0.6312
3926 4.1864
3927 1.0944
3928 9.7757
3929 4.9829
3930 0.0000
3931 -0.6539
3932 11.3315
3933 3.7652
3934 0.0000
3935 8.6718
3936 -3.4741
3937 3.6267
3938 -1.0755
3939 -0.8448
3940 -0.3137
3941 -4.9662
3942 4.0420
3943 0.0000
3944 6.9553
3945 6.6437
3946 1.2048
3947 5.7510
3948 6.5694
3949 5.6317
3950 0.0000
3951 2.2892
3952 1.7900
3953 3.2349
3954 0.0000
3955 3.7736
3956 -1.7808
3957 12.7425
3958 -5.5750
3959 -2.3733
3960 -2.9856
3961 2.8964
3962 1.0774
3963 0.0000
3964 9.8726
3965 9.2872
3966 -1.6246
3967 3.4857
3968 2.2282
3969 9.9724
3970 0.0000
3971 3.3882
3972 -1.1205
3973 5.9525
3974 -4.6820
3975 0.7646
3976 4.8547
3977 5.1493
3978 4.1011
3979 8.5695
3980 1.9364
3981 6.6114
3982 0.7172
3983 3.9605
3984 6.1162
3985 0.0000
3986 3.1477
3987 5.0879
3988 -3.8296
3989 -1.0635
3990 0.7520
3991 2.7056
3992 2.0757
3993 5.0488
3994 0.0000
3995 4.8884
3996 0.2705
3997 2.5694
3998 6.0896
3999 5.6798
4000 5.6362
4001 0.0000
4002 -2.8858
4003 5.6839
4004 -1.0617
4005 0.0000
4006 1.6441
4007 3.6267
4008 0.5104
4009 -2.9703
4010 6.8445
4011 3.0005
4012 -5.7432
4013 -1.4211
4014 0.0000
4015 2.7050
4016 9.2972
4017 7.9033
4018 9.2505
4019 8.8567
4020 1.4997
4021 0.0000
4022 -1.6323
4023 7.9425
4024 -1.3360
4025 0.0000
4026 -0.3172
4027 1.1322
4028 5.3302
4029 3.6788
4030 2.0162
4031 -4.3187
4032 1.4810
4033 19.0811
4034 0.0000
4035 4.8079
4036 2.0546
4037 6.1157
4038 4.1471
4039 7.7666
4040 2.1126
4041 0.0000
4042 2.0139
4043 -3.2053
4044 1.3200
4045 0.0000
4046 -0.5776
4047 1.4426
4048 -2.7936
4049 1.5203
4050 0.9144
4051 0.1239
4052 5.0082
4053 0.1880
4054 0.0000
4055 0.5978
4056 13.1746
4057 8.0753
4058 5.8270
4059 -5.7994
4060 5.9456
4061 0.0000
4062 2.9743
4063 0.0000
4064 5.7840
4065 0.0000
4066 7.5822
4067 -6.3035
4068 1.9284
4069 3.7514
4070 7.4814
4071 0.5384
4072 1.7847
4073 6.6990
4074 0.0000
4075 6.0673
4076 3.4500
4077 1.7517
4078 5.2864
4079 1.2640
4080 6.1056
4081 0.0000
4082 -1.7774
4083 8.6041
4084 2.7534
4085 8.0074
4086 8.8253
4087 -3.8507
4088 0.0000
4089 1.7084
4090 -3.7801
4091 7.9302
4092 3.5208
4093 0.0628
4094 -3.2775
4095 0.0000
4096 4.2464
4097 5.7758
4098 8.1882
4099 5.8578
4100 1.1166
4101 10.1747
4102 0.0000
4103 1.2390
4104 3.7083
4105 11.0366
4106 6.8227
4107 2.6085
4108 -4.0480
4109 0.0000
4110 2.2196
4111 6.9371
4112 5.2804
4113 4.2603
4114 4.6087
4115 3.3025
4116 0.0000
4117 12.2973
4118 0.6041
4119 6.8348
4120 4.5387
4121 -1.8971
4122 4.0685
4123 0.0000
4124 2.2351
4125 4.9109
4126 5.0383
4127 11.3887
4128 3.4362
4129 4.4503
4130 0.0000
4131 5.6203
4132 -0.6900
4133 -2.5962
4134 9.8581
4135 3.1396
4136 5.4165
4137 0.0000
4138 2.3895
4139 4.9836
4140 0.3319
4141 -1.4715
4142 8.4417
4143 8.7196
4144 0.0000
4145 -3.1226
4146 -5.6730
4147 -0.0150
4148 0.0325
4149 10.8226
4150 11.0068
4151 0.0000
4152 5.7592
4153 7.4488
4154 -0.5731
4155 -0.3872
4156 4.4847
4157 0.0795
4158 0.0000
4159 0.9426
4160 6.9183
4161 0.3755
4162 9.5595
4163 8.3487
4164 10.8825
4165 0.0000
4166 11.0161
4167 1.1209
4168 -2.0856
4169 9.2543
4170 7.7625
4171 6.8209
4172 0.0000
4173 0.6365
4174 -0.1517
4175 -0.3158
4176 -1.8356
4177 6.8045
4178 5.6244
4179 0.0000
4180 -0.4138
4181 0.0000
4182 4.6678
4183 0.0000
4184 13.1370
4185 0.0000
4186 3.1329
4187 1.5303
4188 0.0000
4189 1.0325
4190 2.0179
4191 2.5264
4192 -3.6670
4193 0.0000
4194 12.8911
4195 3.8355
4196 9.9938
4197 0.0000
4198 1.6603
4199 12.1798
4200 -2.3406
4201 0.0000
4202 -0.9812
4203 12.0868
4204 6.3109
4205 -0.1510
4206 2.2149
4207 3.0113
4208 -3.0929
4209 -2.2376
4210 4.4627
4211 0.0000
4212 1.5721
4213 -2.3339
4214 3.3572
4215 6.3326
4216 13.0217
4217 6.2137
4218 0.0000
4219 5.5912
4220 4.3184
4221 4.5594
4222 2.9603
4223 2.6758
4224 5.7831
4225 0.0000
4226 5.5772
4227 7.9463
4228 4.4021
4229 3.3548
4230 5.5029
4231 -0.4137
4232 0.0000
4233 -4.4557
4234 3.2804
4235 6.7237
4236 -3.7454
4237 3.0909
4238 -1.8278
4239 0.0000
4240 -4.3206
4241 -1.1724
4242 4.0204
4243 2.2551
4244 0.6779
4245 5.7547
4246 0.0000
4247 2.4943
4248 9.3550
4249 3.6252
4250 0.6848
4251 12.1352
4252 12.7873
4253 0.0000
4254 0.6043
4255 5.3687
4256 1.1125
4257 0.5424
4258 4.9480
4259 5.1139
4260 0.0000
4261 11.9208
4262 6.9399
4263 7.3711
4264 9.2631
4265 4.2154
4266 7.7104
4267 0.0000
4268 5.1611
4269 4.7960
4270 2.5199
4271 4.2862
4272 6.4873
4273 3.2172
4274 0.0000
4275 -2.2185
4276 1.2378
4277 4.2880
4278 2.7206
4279 -1.7621
4280 7.9000
4281 0.0000
4282 -0.4106
4283 3.0364
4284 7.6100
4285 10.8406
4286 1.7065
4287 -8.1358
4288 0.0000
4289 1.6784
4290 5.3884
4291 0.0000
4292 3.8698
4293 2.1025
4294 -1.3064
4295 -2.8534
4296 -5.7300
4297 -5.4934
4298 1.1471
4299 1.4378
4300 0.0000
4301 7.5683
4302 -0.7331
4303 0.0000
4304 6.9921
4305 0.0000
4306 2.0460
4307 0.0000
4308 -3.6273
4309 -1.9682
4310 0.0000
4311 4.8990
4312 9.7994
4313 0.0000
4314 6.2461
4315 9.2999
4316 5.3386
4317 0.0000
4318 3.5382
4319 4.5130
4320 0.0000
4321 4.7678
4322 13.1375
4323 2.6344
4324 0.0000
4325 0.1429
4326 -1.5888
4327 0.0000
4328 4.7963
4329 1.9450
4330 6.8429
4331 0.0000
4332 9.1022
4333 6.6631
4334 0.0000
4335 2.3977
4336 -2.6960
4337 1.9282
4338 0.0000
4339 7.2959
4340 3.9267
4341 0.0000
4342 2.9600
4343 8.0495
4344 5.9945
4345 0.0000
4346 0.7246
4347 7.3679
4348 0.0000
4349 1.9655
4350 2.4410
4351 3.9731
4352 0.0000
4353 0.4051
4354 7.7405
4355 0.0000
4356 5.0178
4357 10.7189
4358 1.3467
4359 0.0000
4360 -2.7184
4361 3.4477
4362 0.0000
4363 9.6205
4364 3.0217
4365 2.4843
4366 0.0000
4367 3.2424
4368 0.8413
4369 0.0000
4370 5.4074
4371 6.0807
4372 5.6128
4373 0.0000
4374 -3.7451
4375 0.8807
4376 0.0000
4377 13.5592
4378 3.7978
4379 5.4500
4380 0.0000
4381 2.7519
4382 6.7409
4383 0.0000
4384 1.2250
4385 8.8253
4386 6.4794
4387 0.0000
4388 8.2259
4389 10.9722
4390 0.0000
4391 5.1965
4392 2.4069
4393 13.5737
4394 0.0000
4395 -5.3015
4396 -1.6222
4397 0.0000
4398 5.8568
4399 -8.0359
4400 6.7482
4401 0.0000
4402 -6.4033
4403 -1.2159
4404 0.0000
4405 -2.2234
4406 1.8833
4407 3.9722
4408 0.0000
4409 -5.9541
4410 0.5410
4411 0.0000
4412 0.2952
4413 3.8234
4414 4.6462
4415 0.0000
4416 2.7647
4417 2.9117
4418 0.0000
4419 3.2518
4420 9.1972
4421 0.4147
4422 0.0000
4423 -3.0619
4424 0.0000
4425 5.1003
4426 0.0000
4427 6.4429
4428 4.3897
4429 0.0000
4430 7.2237
4431 0.0000
4432 2.5717
4433 0.0000
4434 1.2151
4435 -1.5239
4436 -2.3486
4437 0.0000
4438 3.6963
4439 4.6176
4440 8.4649
4441 0.0000
4442 3.2233
4443 3.2688
4444 -0.7865
4445 0.0000
4446 4.5356
4447 0.0000
4448 -0.7145
4449 0.0000
4450 5.8052
4451 1.7256
4452 0.0000
4453 0.3638
4454 0.0000
4455 8.7011
4456 6.1923
4457 7.0973
4458 7.1599
4459 8.7167
4460 3.2892
4461 0.3219
4462 10.2999
4463 3.1040
4464 8.7471
4465 2.4557
4466 0.4176
4467 0.9069
4468 6.3030
4469 3.4822
4470 1.4745
4471 0.0000
4472 4.3841
4473 2.8955
4474 1.2496
4475 -2.7530
4476 -0.1675
4477 7.1797
4478 -0.7296
4479 5.9601
4480 0.0000
4481 4.2682
4482 -1.1159
4483 6.1231
4484 3.4922
4485 5.2667
4486 4.8469
4487 0.0000
4488 -2.5884
4489 -0.7298
4490 6.7891
4491 0.0000
4492 -2.0010
4493 -1.7966
4494 4.5594
4495 0.3877
4496 2.6482
4497 11.2252
4498 -1.1458
4499 9.0232
4500 0.0000
4501 0.7504
4502 3.7583
4503 5.6659
4504 3.0383
4505 8.8167
4506 3.1073
4507 0.0000
4508 1.9336
4509 5.3297
4510 2.8025
4511 0.0000
4512 8.6916
4513 -1.6317
4514 2.9674
4515 -1.9510
4516 -7.1857
4517 0.8737
4518 -3.1783
4519 2.0244
4520 0.0000
4521 9.3207
4522 9.4849
4523 9.0425
4524 0.6696
4525 -0.1814
4526 3.6019
4527 0.0000
4528 -0.7622
4529 7.7195
4530 -0.8418
4531 0.0000
4532 3.9969
4533 -6.1419
4534 -2.0368
4535 -2.9682
4536 2.9309
4537 4.5890
4538 -1.2033
4539 7.3027
4540 0.0000
4541 2.6712
4542 -0.8756
4543 2.4415
4544 6.7089
4545 1.4694
4546 3.6033
4547 0.0000
4548 9.6594
4549 -0.8059
4550 5.9601
4551 2.4000
4552 4.9761
4553 0.8954
4554 3.3540
4555 2.9861
4556 5.4664
4557 3.6707
4558 5.1927
4559 7.9396
4560 3.5694
4561 15.3924
4562 0.0000
4563 6.4929
4564 -1.4519
4565 10.2829
4566 3.4853
4567 0.0197
4568 4.7027
4569 6.1147
4570 0.9456
4571 0.0000
4572 3.8234
4573 6.2101
4574 8.2245
4575 6.3696
4576 4.4318
4577 -0.0054
4578 0.0000
4579 0.5476
4580 0.1827
4581 7.1287
4582 0.0000
4583 -1.3579
4584 -1.0454
4585 2.5950
4586 -4.3899
4587 -2.9203
4588 -6.4873
4589 -4.9825
4590 1.5434
4591 0.0000
4592 3.3821
4593 6.2278
4594 2.5050
4595 11.2020
4596 -0.5782
4597 3.9937
4598 0.0000
4599 -3.7308
4600 3.0722
4601 2.3386
4602 0.0000
4603 2.4706
4604 3.5056
4605 6.2322
4606 2.0472
4607 -3.6095
4608 11.2412
4609 0.6545
4610 8.0303
4611 0.0000
4612 8.4774
4613 3.9751
4614 7.3833
4615 2.2193
4616 0.2180
4617 8.0945
4618 0.0000
4619 -1.8651
4620 2.3881
4621 -0.7913
4622 0.0000
4623 4.8550
4624 -12.0249
4625 4.2204
4626 -3.5820
4627 -6.7475
4628 0.4641
4629 1.4798
4630 3.9877
4631 0.0000
4632 9.2813
4633 3.5113
4634 5.1878
4635 7.0406
4636 -3.4247
4637 -5.8298
4638 0.0000
4639 -3.1851
4640 6.4941
4641 2.5055
4642 -5.2638
4643 -5.5850
4644 5.7547
4645 5.7548
4646 -0.1019
4647 -2.4499
4648 -0.1141
4649 -0.0121
4650 -2.9460
4651 0.6215
4652 13.4988
4653 0.0000
4654 0.0838
4655 2.1388
4656 5.1198
4657 8.9056
4658 10.3363
4659 6.6905
4660 -3.5560
4661 7.9195
4662 0.0000
4663 0.9786
4664 -0.1905
4665 -7.9330
4666 1.4037
4667 -2.0912
4668 3.2697
4669 0.0000
4670 4.7975
4671 8.9686
4672 0.1014
4673 0.0000
4674 4.0568
4675 -4.2647
4676 5.0049
4677 8.0928
4678 -0.8766
4679 3.9252
4680 -2.2420
4681 1.2471
4682 0.0000
4683 0.5706
4684 11.4721
4685 6.6867
4686 4.1927
4687 7.2282
4688 0.9386
4689 0.0000
4690 3.0077
4691 2.5977
4692 -1.7005
4693 0.0000
4694 5.2571
4695 0.9094
4696 11.5781
4697 2.7692
4698 -0.1755
4699 11.4667
4700 6.0870
4701 10.4276
4702 0.0000
4703 2.3085
4704 6.4141
4705 3.1043
4706 1.0596
4707 3.5542
4708 0.6143
4709 0.0000
4710 -3.7403
4711 -3.5045
4712 6.6275
4713 0.0000
4714 -3.1828
4715 0.8718
4716 6.6222
4717 4.0497
4718 -5.1711
4719 1.8384
4720 -0.9959
4721 3.8182
4722 0.0000
4723 7.3264
4724 3.2233
4725 3.6918
4726 2.1950
4727 5.6194
4728 7.0444
4729 0.0000
4730 2.8548
4731 5.4745
4732 5.1456
4733 6.4931
4734 -0.2261
4735 7.0659
4736 8.7396
4737 5.2965
4738 4.3871
4739 2.5022
4740 8.4682
4741 3.6043
4742 0.9674
4743 0.6999
4744 0.0000
4745 -1.8610
4746 2.1602
4747 13.6229
4748 4.2939
4749 4.2453
4750 9.0421
4751 6.4946
4752 0.8313
4753 0.0000
4754 14.5599
4755 6.6027
4756 0.4955
4757 2.8456
4758 2.9760
4759 8.4673
4760 0.0000
4761 -7.6097
4762 8.1383
4763 2.9864
4764 0.0000
4765 4.1297
4766 1.4992
4767 -6.6714
4768 3.3833
4769 3.4957
4770 -4.5813
4771 -8.8594
4772 4.7223
4773 0.0000
4774 10.9328
4775 7.9076
4776 5.3525
4777 -5.8084
4778 0.3096
4779 10.0063
4780 0.0000
4781 1.9488
4782 -2.9644
4783 4.0294
4784 0.0000
4785 2.5800
4786 -0.8844
4787 -1.1437
4788 9.9963
4789 -8.8145
4790 -0.5993
4791 -3.2547
4792 3.3386
4793 0.0000
4794 -2.9930
4795 3.4594
4796 -1.4906
4797 3.1086
4798 4.5759
4799 8.5790
4800 0.0000
4801 5.8249
4802 12.4239
4803 2.6718
4804 0.0000
4805 -0.9692
4806 -0.6029
4807 1.7879
4808 2.5314
4809 4.2059
4810 6.9521
4811 7.8544
4812 -4.1963
4813 0.0000
4814 -1.1027
4815 0.9156
4816 5.5527
4817 -0.6938
4818 1.4646
4819 -1.0541
4820 0.0000
4821 0.7792
4822 0.0000
4823 -1.8209
4824 0.0000
4825 2.6048
4826 9.6002
4827 -1.6993
4828 2.4343
4829 0.3848
4830 -0.6083
4831 4.7307
4832 5.9873
4833 0.0000
4834 1.5936
4835 7.3874
4836 3.2113
4837 4.7748
4838 5.8861
4839 6.2278
4840 0.0000
4841 -1.4922
4842 5.3435
4843 2.7422
4844 2.7055
4845 11.1529
4846 13.0142
4847 0.0000
4848 0.7963
4849 8.6662
4850 6.3961
4851 4.3123
4852 4.5510
4853 8.6229
4854 0.0000
4855 -0.7136
4856 2.9245
4857 3.3747
4858 1.4189
4859 0.5045
4860 2.4759
4861 0.0000
4862 -0.6147
4863 4.2878
4864 6.5759
4865 5.2012
4866 3.8748
4867 -7.4421
4868 0.0000
4869 -1.7444
4870 3.7138
4871 3.9194
4872 5.2603
4873 5.2041
4874 9.3438
4875 0.0000
4876 3.9406
4877 5.5642
4878 3.8342
4879 2.1767
4880 8.4189
4881 5.1458
4882 0.0000
4883 0.1834
4884 5.1270
4885 2.1871
4886 10.3872
4887 1.9342
4888 0.8950
4889 0.0000
4890 2.3631
4891 -0.6988
4892 -0.0234
4893 7.8480
4894 9.7101
4895 -4.0045
4896 0.0000
4897 3.2213
4898 3.7432
4899 3.9616
4900 1.9179
4901 1.3455
4902 4.2940
4903 0.0000
4904 -0.2625
4905 5.0216
4906 2.3516
4907 8.2250
4908 -0.5733
4909 -1.5417
4910 0.0000
4911 -0.1644
4912 6.6923
4913 -1.7686
4914 -1.9142
4915 5.2968
4916 -4.4411
4917 0.0000
4918 4.9945
4919 -0.0001
4920 -1.3833
4921 4.4340
4922 -4.3197
4923 3.0162
4924 0.0000
4925 2.7727
4926 -3.6912
4927 10.9897
4928 6.1567
4929 3.4801
4930 1.1139
4931 0.0000
4932 1.2598
4933 4.1210
4934 0.8825
4935 -1.0623
4936 4.8580
4937 3.7105
4938 0.0000
4939 -0.4518
4940 0.0000
4941 -2.5741
4942 0.0000
4943 10.5869
4944 0.0000
4945 12.5143
4946 1.3673
4947 0.0000
4948 3.5439
4949 2.9117
4950 2.1514
4951 4.1874
4952 0.0000
4953 8.7758
4954 0.5367
4955 6.3074
4956 0.0000
4957 -2.2476
4958 9.2881
4959 3.9289
4960 0.0000
4961 -0.1229
4962 4.7937
4963 3.3216
4964 -4.3978
4965 1.8169
4966 7.9281
4967 -2.2725
4968 -5.1822
4969 3.0387
4970 0.0000
4971 9.4448
4972 -6.3077
4973 2.2137
4974 3.6764
4975 3.1295
4976 -0.3349
4977 0.0000
4978 -3.0940
4979 12.6064
4980 1.0339
4981 0.9479
4982 5.4528
4983 6.7588
4984 0.0000
4985 -1.7341
4986 -3.6441
4987 8.7576
4988 6.6022
4989 8.5736
4990 8.3445
4991 0.0000
4992 0.6069
4993 5.1488
4994 2.7351
4995 -1.8476
4996 0.4172
4997 7.8571
4998 0.0000
4999 7.3977
5000 7.2075
5001 2.1253
5002 2.1146
5003 -0.4135
5004 6.6917
5005 0.0000
5006 -6.5770
5007 6.2223
5008 5.8717
5009 5.8982
5010 0.3790
5011 6.3012
5012 0.0000
5013 -8.0931
5014 3.9479
5015 7.9618
5016 6.1936
5017 8.4735
5018 0.8535
5019 0.0000
5020 5.1784
5021 10.3025
5022 2.2886
5023 5.4173
5024 6.7927
5025 7.1941
5026 0.0000
5027 -2.0306
5028 9.6190
5029 17.2042
5030 2.0194
5031 7.3895
5032 4.8341
5033 0.0000
5034 3.0647
5035 0.3398
5036 6.3961
5037 6.8553
5038 -1.4478
5039 10.3232
5040 0.0000
5041 1.2050
5042 13.0462
5043 7.4834
5044 2.1974
5045 8.1141
5046 1.8135
5047 0.0000
5048 -4.6954
5049 2.7304
5050 0.0000
5051 1.5559
5052 6.0317
5053 -5.0345
5054 10.1341
5055 1.0793
5056 -7.3625
5057 3.2156
5058 4.3787
5059 0.0000
5060 4.0158
5061 -4.1859
5062 0.0000
5063 4.2274
5064 0.0000
5065 -2.2502
5066 0.0000
5067 9.0459
5068 -0.6386
5069 0.0000
5070 0.8159
5071 7.7849
5072 0.0000
5073 7.4924
5074 2.8970
5075 2.6316
5076 0.0000
5077 8.8454
5078 -3.9102
5079 0.0000
5080 3.0562
5081 -6.2460
5082 4.3439
5083 0.0000
5084 -3.7122
5085 9.4760
5086 0.0000
5087 6.5076
5088 5.1695
5089 -3.6473
5090 0.0000
5091 -3.0458
5092 4.4764
5093 0.0000
5094 -3.4864
5095 2.0509
5096 7.6966
5097 0.0000
5098 4.3351
5099 -0.6636
5100 0.0000
5101 6.3038
5102 -2.5025
5103 10.0997
5104 0.0000
5105 -2.9584
5106 13.2723
5107 0.0000
5108 1.9168
5109 8.5040
5110 2.8596
5111 0.0000
5112 6.1591
5113 4.2412
5114 0.0000
5115 4.6153
5116 2.2781
5117 6.5309
5118 0.0000
5119 -1.7919
5120 8.5868
5121 0.0000
5122 -1.2842
5123 3.3439
5124 -1.7285
5125 0.0000
5126 0.1250
5127 4.7853
5128 0.0000
5129 8.0613
5130 -0.9508
5131 -1.1978
5132 0.0000
5133 9.0422
5134 10.9629
5135 0.0000
5136 -0.6076
5137 5.3062
5138 4.3201
5139 0.0000
5140 1.9950
5141 3.8234
5142 0.0000
5143 5.9637
5144 5.3343
5145 2.2149
5146 0.0000
5147 2.9513
5148 0.8732
5149 0.0000
5150 5.1450
5151 4.8139
5152 4.4327
5153 0.0000
5154 0.0490
5155 -1.2068
5156 0.0000
5157 7.7415
5158 3.7891
5159 6.7382
5160 0.0000
5161 7.2078
5162 6.8373
5163 0.0000
5164 2.0936
5165 1.1563
5166 -0.1975
5167 0.0000
5168 0.4781
5169 0.3889
5170 0.0000
5171 2.3240
5172 0.2829
5173 10.3525
5174 0.0000
5175 8.1266
5176 3.6333
5177 0.0000
5178 0.2549
5179 8.3058
5180 5.7170
5181 0.0000
5182 2.0418
5183 0.0000
5184 1.4982
5185 0.0000
5186 -0.0488
5187 3.4780
5188 0.0000
5189 1.7810
5190 0.0000
5191 10.0660
5192 0.0000
5193 0.4043
5194 -2.7621
5195 6.3681
5196 0.0000
5197 -3.3929
5198 4.4594
5199 3.5898
5200 0.0000
5201 3.0725
5202 5.0339
5203 0.0841
5204 0.0000
5205 8.3739
5206 0.0000
5207 12.2679
5208 0.0000
5209 1.0472
5210 8.1355
5211 0.0000
5212 5.0799
5213 0.0000
5214 9.7375
5215 5.5417
5216 3.5021
5217 3.7686
5218 -1.8028
5219 10.6713
5220 7.5787
5221 -1.5418
5222 2.9337
5223 4.9862
5224 0.4699
5225 -5.0582
5226 4.6279
5227 8.9924
5228 3.9755
5229 5.9540
5230 0.0000
5231 4.0832
5232 -3.5052
5233 7.5457
5234 11.8808
5235 0.7608
5236 -4.8990
5237 4.7546
5238 4.3839
5239 0.0000
5240 13.0066
5241 5.2646
5242 -5.6516
5243 3.9585
5244 4.1129
5245 3.3036
5246 0.0000
5247 1.6240
5248 2.1802
5249 3.3406
5250 0.0000
5251 6.3784
5252 -5.1798
5253 9.3670
5254 3.9797
5255 0.4701
5256 -4.6881
5257 4.0982
5258 0.2493
5259 0.0000
5260 4.6899
5261 6.3315
5262 3.4973
5263 7.0091
5264 3.8741
5265 6.1395
5266 0.0000
5267 -0.0883
5268 -1.1943
5269 4.8386
5270 0.0000
5271 7.4068
5272 8.6214
5273 11.0933
5274 3.2346
5275 0.3926
5276 -2.0120
5277 5.4367
5278 12.0909
5279 0.0000
5280 3.6004
5281 0.4660
5282 0.7799
5283 5.8115
5284 1.4564
5285 1.9622
5286 0.0000
5287 0.9620
5288 2.4733
5289 8.2553
5290 0.0000
5291 0.2913
5292 1.1103
5293 4.6030
5294 2.9103
5295 4.7817
5296 -3.1452
5297 5.1878
5298 2.7391
5299 0.0000
5300 2.1636
5301 2.6470
5302 3.7786
5303 7.4148
5304 1.5679
5305 -0.8489
5306 0.0000
5307 2.7786
5308 5.5629
5309 6.4259
5310 4.0847
5311 2.3822
5312 0.3904
5313 1.1036
5314 4.1516
5315 -0.4315
5316 1.4037
5317 0.9341
5318 9.7980
5319 -0.5472
5320 4.7707
5321 0.0000
5322 2.6172
5323 2.2892
5324 4.1032
5325 3.6268
5326 -5.8387
5327 -1.1564
5328 -10.9183
5329 -0.0374
5330 0.0000
5331 2.3610
5332 9.5831
5333 0.7532
5334 4.4629
5335 4.3791
5336 7.3966
5337 0.0000
5338 0.7567
5339 9.3543
5340 2.2993
5341 0.0000
5342 3.6886
5343 2.0183
5344 0.7368
5345 0.3898
5346 -8.1193
5347 6.8130
5348 4.5712
5349 -2.5407
5350 0.0000
5351 16.1236
5352 5.6065
5353 4.7347
5354 4.1900
5355 3.9516
5356 0.7213
5357 0.0000
5358 2.9348
5359 -4.5378
5360 2.3138
5361 0.0000
5362 -6.9480
5363 1.3485
5364 -4.7134
5365 -1.7567
5366 -0.3875
5367 5.5772
5368 4.8297
5369 -4.9765
5370 0.0000
5371 -1.2114
5372 1.7237
5373 5.3483
5374 -0.1568
5375 4.7003
5376 4.4593
5377 0.0000
5378 0.1039
5379 1.4743
5380 12.9340
5381 0.0000
5382 -3.3117
5383 -0.6999
5384 7.3035
5385 10.2304
5386 6.8298
5387 -0.1872
5388 -1.5364
5389 2.6110
5390 0.0000
5391 7.0346
5392 0.4483
5393 13.9237
5394 7.2847
5395 10.5620
5396 5.1583
5397 0.0000
5398 -2.9710
5399 11.7203
5400 14.9753
5401 7.5860
5402 12.8289
5403 8.9686
5404 4.9694
5405 6.6947
5406 0.1149
5407 4.1228
5408 6.7497
5409 12.5182
5410 4.9072
5411 2.9966
5412 0.0000
5413 -0.7002
5414 4.1297
5415 7.0037
5416 -1.1297
5417 -1.7929
5418 7.8427
5419 4.8980
5420 5.3234
5421 0.0000
5422 1.9239
5423 7.7116
5424 3.9998
5425 3.6864
5426 6.8212
5427 5.0303
5428 0.0000
5429 1.0115
5430 0.9640
5431 4.2422
5432 0.0000
5433 4.7185
5434 -1.0587
5435 0.9814
5436 -4.2772
5437 0.6343
5438 -3.0436
5439 1.0757
5440 -1.7351
5441 0.0000
5442 10.4641
5443 5.4951
5444 11.1719
5445 3.9584
5446 8.9233
5447 3.2292
5448 0.0000
5449 4.0992
5450 8.9805
5451 3.2438
5452 0.0000
5453 4.3068
5454 4.6368
5455 6.2729
5456 5.0135
5457 5.1775
5458 5.2956
5459 5.7202
5460 6.4572
5461 0.0000
5462 0.7776
5463 3.7660
5464 11.9873
5465 8.5222
5466 0.3450
5467 4.3070
5468 0.0000
5469 -0.3482
5470 10.3231
5471 -1.8004
5472 0.0000
5473 1.9722
5474 -2.1998
5475 3.4130
5476 4.4907
5477 1.8087
5478 0.0852
5479 0.1723
5480 9.0634
5481 0.0000
5482 4.9986
5483 6.4995
5484 10.6728
5485 4.5581
5486 11.2303
5487 -0.9309
5488 0.0000
5489 -0.1829
5490 5.7075
5491 3.0655
5492 6.9376
5493 8.5111
5494 6.6411
5495 -0.2907
5496 9.8518
5497 4.8819
5498 3.0073
5499 12.3646
5500 0.7758
5501 6.0473
5502 8.3627
5503 0.0000
5504 8.2072
5505 -5.4416
5506 10.1454
5507 4.3887
5508 -1.7826
5509 12.4789
5510 5.2326
5511 8.5457
5512 0.0000
5513 7.6410
5514 7.0407
5515 -3.3606
5516 -2.9750
5517 -0.2635
5518 5.1732
5519 0.0000
5520 -1.9869
5521 -1.2655
5522 7.1250
5523 0.0000
5524 5.8598
5525 4.7948
5526 7.9998
5527 5.8620
5528 -0.8978
5529 -4.1162
5530 1.0980
5531 0.1565
5532 0.0000
5533 8.6771
5534 0.1000
5535 1.1195
5536 1.9319
5537 5.6534
5538 6.7054
5539 0.0000
5540 2.0527
5541 6.4833
5542 1.1603
5543 0.0000
5544 3.2940
5545 1.8933
5546 11.4299
5547 3.5776
5548 0.3123
5549 7.5189
5550 5.9516
5551 -1.4147
5552 0.0000
5553 12.6632
5554 4.4826
5555 6.6929
5556 9.2592
5557 7.3029
5558 -1.3029
5559 0.0000
5560 -7.3231
5561 3.7331
5562 10.3718
5563 0.0000
5564 -0.1929
5565 0.5790
5566 4.8813
5567 6.0760
5568 -0.9253
5569 -7.9457
5570 -1.4858
5571 4.2922
5572 0.0000
5573 5.9710
5574 5.9638
5575 4.7206
5576 -2.2694
5577 -5.1018
5578 8.6406
5579 0.0000
5580 -0.9403
5581 0.0000
5582 -2.4694
5583 0.0000
5584 2.6039
5585 -0.3783
5586 -7.3054
5587 0.8074
5588 7.5282
5589 3.3536
5590 -3.1337
5591 -0.8133
5592 0.0000
5593 -3.9861
5594 6.7083
5595 -1.2496
5596 -0.9635
5597 -0.8486
5598 5.7846
5599 0.0000
5600 -2.9118
5601 9.2519
5602 8.2962
5603 5.7397
5604 1.2648
5605 1.4187
5606 0.0000
5607 1.6013
5608 6.4919
5609 -3.1916
5610 0.5094
5611 1.2805
5612 7.3752
5613 0.0000
5614 -0.3692
5615 6.4092
5616 0.5783
5617 5.9433
5618 5.3539
5619 -5.9019
5620 0.0000
5621 0.3043
5622 8.3360
5623 2.9658
5624 -3.3264
5625 7.3465
5626 3.8003
5627 0.0000
5628 -0.8245
5629 4.1848
5630 4.1488
5631 3.4037
5632 3.7780
5633 2.9569
5634 0.0000
5635 -3.3345
5636 9.7850
5637 -0.5795
5638 8.8675
5639 -4.8227
5640 0.4487
5641 0.0000
5642 -7.3632
5643 -3.5522
5644 -0.1723
5645 9.6501
5646 -4.7286
5647 1.8473
5648 0.0000
5649 3.2539
5650 6.9331
5651 1.4679
5652 2.7451
5653 4.5263
5654 5.5096
5655 0.0000
5656 -0.9488
5657 -3.8172
5658 5.6413
5659 -3.7456
5660 5.8745
5661 11.4754
5662 0.0000
5663 -1.8137
5664 13.9126
5665 2.6867
5666 3.4434
5667 10.9462
5668 6.7693
5669 0.0000
5670 2.0875
5671 -0.5095
5672 3.3060
5673 3.1470
5674 5.2015
5675 8.2740
5676 0.0000
5677 -1.6483
5678 8.3119
5679 4.9128
5680 3.7503
5681 8.0525
5682 5.6766
5683 0.0000
5684 -1.5828
5685 1.3917
5686 14.3594
5687 2.3940
5688 10.3548
5689 2.4490
5690 0.0000
5691 2.1689
5692 0.3811
5693 8.9498
5694 -1.4013
5695 4.0188
5696 3.0471
5697 0.0000
5698 -1.1317
5699 0.0000
5700 5.1725
5701 0.0000
5702 12.0323
5703 0.0000
5704 8.0358
5705 7.2611
5706 0.0000
5707 -0.1516
5708 4.6877
5709 4.2673
5710 6.7754
5711 0.0000
5712 0.2086
5713 2.8798
5714 3.2810
5715 0.0000
5716 4.6700
5717 13.7553
5718 4.2341
5719 0.0000
5720 8.7287
5721 -6.6601
5722 1.1883
5723 1.3710
5724 7.7883
5725 1.0992
5726 6.6738
5727 3.6523
5728 1.9767
5729 0.0000
5730 -1.2172
5731 3.4676
5732 -0.4303
5733 2.1297
5734 -2.9052
5735 6.6621
5736 0.0000
5737 -3.2367
5738 1.3138
5739 -2.2896
5740 -0.8961
5741 -0.4663
5742 2.4133
5743 0.0000
5744 -2.9911
5745 1.5707
5746 1.1847
5747 1.0059
5748 -3.4325
5749 4.9282
5750 0.0000
5751 2.3388
5752 -0.0748
5753 -2.1857
5754 8.1274
5755 4.2963
5756 -2.0004
5757 0.0000
5758 6.6171
5759 4.5505
5760 0.6345
5761 8.6649
5762 -2.4492
5763 -1.2505
5764 0.0000
5765 1.8488
5766 -0.5082
5767 6.3304
5768 6.6398
5769 4.9714
5770 14.0671
5771 0.0000
5772 -4.7171
5773 9.4351
5774 1.4702
5775 0.0908
5776 -2.2076
5777 5.1598
5778 0.0000
5779 6.0863
5780 9.4523
5781 2.7947
5782 -3.7012
5783 -4.0732
5784 -0.3904
5785 0.0000
5786 1.4598
5787 3.3240
5788 1.9852
5789 4.7634
5790 -1.0023
5791 5.0975
5792 0.0000
5793 -3.3075
5794 2.5743
5795 2.1692
5796 11.7108
5797 0.3110
5798 6.7168
5799 0.0000
5800 -4.9253
5801 -0.2785
5802 7.7348
5803 1.2605
5804 0.0600
5805 8.8298
5806 0.0000
5807 -3.5781
5808 -4.1703
5809 0.0000
5810 9.7516
5811 -6.4512
5812 1.0488
5813 -1.4602
5814 -1.5811
5815 8.7769
5816 3.5450
5817 -0.9054
5818 0.0000
5819 6.2576
5820 2.7530
5821 0.0000
5822 4.9116
5823 0.0000
5824 1.5186
5825 0.0000
5826 1.1376
5827 4.7051
5828 0.0000
5829 2.9728
5830 7.0159
5831 0.0000
5832 9.7410
5833 5.2844
5834 -4.8996
5835 0.0000
5836 -0.7142
5837 4.7963
5838 0.0000
5839 -1.0041
5840 0.2947
5841 -1.2399
5842 0.0000
5843 3.1149
5844 3.3500
5845 0.0000
5846 16.5838
5847 1.2559
5848 8.3146
5849 0.0000
5850 -1.7421
5851 3.9237
5852 0.0000
5853 4.1072
5854 -0.3201
5855 3.3676
5856 0.0000
5857 -2.6560
5858 5.9146
5859 0.0000
5860 3.2958
5861 5.4355
5862 5.4210
5863 0.0000
5864 3.7028
5865 7.4279
5866 0.0000
5867 8.0623
5868 8.1481
5869 7.3452
5870 0.0000
5871 -1.7460
5872 0.1013
5873 0.0000
5874 -2.4744
5875 4.3061
5876 9.4157
5877 0.0000
5878 1.3860
5879 5.4394
5880 0.0000
5881 -4.9533
5882 0.3432
5883 2.3480
5884 0.0000
5885 2.3158
5886 4.4057
5887 0.0000
5888 -1.4821
5889 12.8701
5890 -2.0596
5891 0.0000
5892 2.2928
5893 1.2316
5894 0.0000
5895 2.3865
5896 1.8379
5897 -0.7674
5898 0.0000
5899 3.0418
5900 2.4164
5901 0.0000
5902 10.2347
5903 3.9807
5904 -2.6072
5905 0.0000
5906 1.1141
5907 2.7464
5908 0.0000
5909 2.0084
5910 1.3940
5911 4.2610
5912 0.0000
5913 13.9123
5914 9.0845
5915 0.0000
5916 5.0179
5917 2.7349
5918 11.3079
5919 0.0000
5920 2.4108
5921 8.7049
5922 0.0000
5923 5.1494
5924 0.9109
5925 9.7538
5926 0.0000
5927 4.3145
5928 5.9385
5929 0.0000
5930 -1.9116
5931 1.4248
5932 7.1822
5933 0.0000
5934 -5.3938
5935 3.6390
5936 0.0000
5937 6.5451
5938 10.7474
5939 -2.2423
5940 0.0000
5941 0.6746
5942 0.0000
5943 4.3794
5944 0.0000
5945 0.7815
5946 10.7777
5947 0.0000
5948 7.7874
5949 0.0000
5950 4.5387
5951 0.0000
5952 0.5566
5953 -3.0146
5954 9.0430
5955 0.0000
5956 9.2429
5957 6.0128
5958 4.0465
5959 0.0000
5960 0.5421
5961 11.2864
5962 -3.0030
5963 0.0000
5964 1.9356
5965 0.0000
5966 4.9789
5967 0.0000
5968 -5.4054
5969 2.4152
5970 0.0000
5971 1.4538
5972 0.0000
5973 7.2605
5974 -1.7148
5975 4.9606
5976 7.8480
5977 4.8294
5978 -0.2044
5979 7.3789
5980 4.5879
5981 2.3286
5982 7.8495
5983 3.4556
5984 8.4850
5985 10.3881
5986 1.2061
5987 11.0539
5988 -0.7097
5989 0.0000
5990 0.2727
5991 2.2727
5992 4.6662
5993 -3.5339
5994 -0.6158
5995 -5.7307
5996 0.5242
5997 -4.2942
5998 0.0000
5999 10.1700
6000 4.5943
6001 -0.8388
6002 -6.4333
6003 6.9885
6004 1.5887
6005 0.0000
6006 -2.0316
6007 10.6244
6008 12.1018
6009 0.0000
6010 6.1111
6011 -1.4289
6012 8.3400
6013 9.4066
6014 1.2963
6015 -6.7792
6016 -0.2792
6017 5.9011
6018 0.0000
6019 1.0200
6020 7.3929
6021 2.5936
6022 1.9718
6023 3.9123
6024 2.5721
6025 0.0000
6026 1.6052
6027 1.6168
6028 4.1599
6029 0.0000
6030 6.3868
6031 7.2216
6032 7.1524
6033 5.6225
6034 -3.3646
6035 11.1419
6036 1.6252
6037 4.2808
6038 0.0000
6039 2.7182
6040 -2.4437
6041 -1.3129
6042 5.2150
6043 1.0756
6044 9.6705
6045 0.0000
6046 -8.1743
6047 6.8428
6048 -0.2903
6049 0.0000
6050 6.4771
6051 -1.1541
6052 4.7984
6053 3.2744
6054 -1.1036
6055 13.3181
6056 6.3796
6057 5.6489
6058 0.0000
6059 9.5340
6060 6.8485
6061 12.1243
6062 7.8876
6063 7.6274
6064 4.5599
6065 0.0000
6066 2.7999
6067 -0.7673
6068 7.3792
6069 4.8636
6070 -2.8570
6071 0.1723
6072 7.7556
6073 1.0396
6074 5.2711
6075 16.5062
6076 8.4115
6077 11.6504
6078 -5.1768
6079 1.8288
6080 0.0000
6081 7.1379
6082 -1.2199
6083 3.6193
6084 3.8080
6085 -2.8704
6086 11.5540
6087 2.1521
6088 0.0270
6089 0.0000
6090 8.5890
6091 7.0570
6092 6.6523
6093 3.8585
6094 0.5335
6095 7.9364
6096 0.0000
6097 -1.6794
6098 -2.0181
6099 1.2111
6100 0.0000
6101 -1.0422
6102 -0.0795
6103 6.7707
6104 1.7668
6105 -4.1466
6106 6.7316
6107 -4.8610
6108 -0.9358
6109 0.0000
6110 14.8941
6111 7.8252
6112 8.8768
6113 3.4529
6114 5.4514
6115 8.4426
6116 0.0000
6117 -1.2750
6118 -2.7884
6119 4.2915
6120 0.0000
6121 0.3561
6122 -2.2485
6123 6.9645
6124 0.6045
6125 -4.0663
6126 3.3875
6127 -6.2172
6128 6.4384
6129 0.0000
6130 6.4211
6131 4.6266
6132 9.2919
6133 2.8366
6134 13.9438
6135 7.4269
6136 0.0000
6137 -0.2961
6138 -2.1210
6139 2.8692
6140 0.0000
6141 6.2368
6142 -0.6775
6143 -2.2959
6144 1.9197
6145 -3.9975
6146 1.9188
6147 2.0423
6148 -0.3500
6149 0.0000
6150 5.6562
6151 3.4196
6152 2.9130
6153 2.7834
6154 1.4367
6155 -2.1952
6156 0.0000
6157 -2.2644
6158 4.3825
6159 1.3874
6160 8.6016
6161 8.0892
6162 -0.3934
6163 9.0727
6164 4.2247
6165 0.5912
6166 0.4502
6167 1.7465
6168 7.5358
6169 10.1685
6170 -0.0924
6171 0.0000
6172 -1.8252
6173 1.0992
6174 9.2572
6175 3.6786
6176 -2.6917
6177 0.9341
6178 -0.5528
6179 -0.1789
6180 0.0000
6181 5.1156
6182 -4.1028
6183 16.6304
6184 7.6579
6185 -0.7492
6186 -1.8672
6187 0.0000
6188 -0.8153
6189 -2.4829
6190 8.5082
6191 0.0000
6192 8.9165
6193 -5.7978
6194 4.5918
6195 4.5927
6196 1.2272
6197 9.1486
6198 12.7880
6199 9.6170
6200 0.0000
6201 4.5162
6202 0.2889
6203 6.2136
6204 -3.2043
6205 -3.4697
6206 4.5312
6207 0.0000
6208 -1.0588
6209 1.9087
6210 -10.2977
6211 0.0000
6212 -0.3543
6213 -5.8586
6214 5.2648
6215 -2.1855
6216 1.3604
6217 12.1666
6218 3.0923
6219 5.1444
6220 0.0000
6221 5.1021
6222 5.6939
6223 -3.1828
6224 7.2316
6225 5.4515
6226 10.3128
6227 0.0000
6228 -2.1804
6229 2.3635
6230 12.7154
6231 0.0000
6232 1.6832
6233 5.7910
6234 1.1636
6235 7.0522
6236 2.6111
6237 0.9367
6238 -1.3736
6239 3.6156
6240 0.0000
6241 2.8897
6242 3.2585
6243 9.5913
6244 5.0373
6245 6.4728
6246 7.5528
6247 0.0000
6248 3.1578
6249 5.4543
6250 5.6778
6251 6.3156
6252 -1.1094
6253 5.3608
6254 5.6678
6255 -2.0321
6256 6.1645
6257 3.1476
6258 6.4447
6259 2.3336
6260 4.6230
6261 1.5815
6262 0.0000
6263 -1.0416
6264 4.3409
6265 3.8575
6266 1.5151
6267 -0.3679
6268 5.4237
6269 6.6760
6270 3.0210
6271 0.0000
6272 4.6067
6273 -2.2738
6274 0.8639
6275 4.5608
6276 1.9526
6277 5.4125
6278 0.0000
6279 0.5861
6280 12.4812
6281 0.6112
6282 0.0000
6283 0.8371
6284 2.3045
6285 -2.4881
6286 5.5787
6287 -2.6218
6288 1.2313
6289 8.3613
6290 -0.0520
6291 0.0000
6292 7.4968
6293 -1.3400
6294 5.3670
6295 9.0997
6296 7.8175
6297 9.5353
6298 0.0000
6299 7.2796
6300 1.0921
6301 1.5610
6302 0.0000
6303 7.0062
6304 -5.6762
6305 1.1865
6306 -2.7317
6307 12.0624
6308 7.8459
6309 10.0012
6310 8.9580
6311 0.0000
6312 2.5215
6313 3.5893
6314 13.8150
6315 9.7572
6316 11.5544
6317 3.9662
6318 0.0000
6319 -3.5423
6320 3.2939
6321 7.5288
6322 0.0000
6323 3.6970
6324 -3.6945
6325 2.3050
6326 3.7551
6327 2.5684
6328 9.7531
6329 1.3694
6330 3.7107
6331 0.0000
6332 -0.3347
6333 3.5004
6334 1.5741
6335 1.8174
6336 4.2147
6337 2.2023
6338 0.0000
6339 -2.3224
6340 0.0000
6341 4.4797
6342 0.0000
6343 16.2403
6344 1.6917
6345 -2.8490
6346 0.3797
6347 1.7914
6348 1.7755
6349 1.7513
6350 11.3662
6351 0.0000
6352 11.1851
6353 0.6457
6354 5.5077
6355 6.3189
6356 4.6668
6357 2.8948
6358 0.0000
6359 4.6685
6360 4.6846
6361 6.4436
6362 4.5849
6363 -3.4853
6364 5.1234
6365 0.0000
6366 5.0760
6367 4.6795
6368 2.7826
6369 7.9878
6370 4.7013
6371 6.2498
6372 0.0000
6373 -1.4234
6374 5.6076
6375 8.2630
6376 8.6056
6377 1.8683
6378 4.8177
6379 0.0000
6380 0.3500
6381 4.4212
6382 1.2931
6383 6.6183
6384 5.4183
6385 2.9905
6386 0.0000
6387 6.2718
6388 9.2742
6389 4.3480
6390 3.2627
6391 -1.9327
6392 5.1358
6393 0.0000
6394 -0.6839
6395 3.7536
6396 2.6225
6397 3.3211
6398 -0.1683
6399 -5.3647
6400 0.0000
6401 -0.0258
6402 4.6596
6403 6.9733
6404 3.9716
6405 8.1097
6406 0.7263
6407 0.0000
6408 0.5746
6409 2.7485
6410 7.1725
6411 5.0288
6412 7.3514
6413 2.1791
6414 0.0000
6415 -3.5782
6416 0.9432
6417 5.1674
6418 3.1482
6419 1.6516
6420 -0.5686
6421 0.0000
6422 2.0242
6423 4.1054
6424 7.8590
6425 13.6630
6426 2.8759
6427 -0.3466
6428 0.0000
6429 4.9021
6430 14.1473
6431 6.6652
6432 9.5104
6433 10.2795
6434 6.3471
6435 0.0000
6436 7.0171
6437 10.4916
6438 7.3359
6439 0.3612
6440 1.7605
6441 5.0321
6442 0.0000
6443 -10.4021
6444 -2.0950
6445 5.9961
6446 -0.4132
6447 1.0348
6448 11.0200
6449 0.0000
6450 4.5960
6451 4.3023
6452 8.2090
6453 1.5720
6454 3.3161
6455 3.2707
6456 0.0000
6457 2.9814
6458 0.0000
6459 4.7302
6460 0.0000
6461 9.1245
6462 0.0000
6463 3.3416
6464 -3.0198
6465 0.0000
6466 4.5864
6467 -0.0632
6468 1.2843
6469 3.7880
6470 0.0000
6471 12.8591
6472 5.6744
6473 6.8827
6474 0.0000
6475 -0.1295
6476 1.8085
6477 2.2887
6478 0.0000
6479 0.1160
6480 9.7510
6481 1.3124
6482 3.5795
6483 1.6239
6484 -1.3982
6485 8.2063
6486 2.5749
6487 4.0260
6488 0.0000
6489 0.9793
6490 4.1366
6491 -0.2338
6492 5.6015
6493 -0.9235
6494 -5.2677
6495 0.0000
6496 2.6616
6497 4.3654
6498 2.0178
6499 7.5262
6500 10.3331
6501 -4.8001
6502 0.0000
6503 0.6454
6504 4.5469
6505 9.1556
6506 5.7085
6507 6.3118
6508 -0.1911
6509 0.0000
6510 -5.8994
6511 5.9619
6512 6.0405
6513 -2.4030
6514 16.1570
6515 -4.7887
6516 0.0000
6517 0.3463
6518 12.7121
6519 2.7112
6520 5.8565
6521 5.0093
6522 1.6211
6523 0.0000
6524 -2.9386
6525 -0.6618
6526 -2.3489
6527 2.9397
6528 7.5190
6529 -6.0052
6530 0.0000
6531 -3.9404
6532 -2.7692
6533 1.4836
6534 1.4231
6535 11.8279
6536 1.0948
6537 0.0000
6538 -0.8183
6539 -4.4453
6540 9.3378
6541 4.9035
6542 0.7606
6543 3.6830
6544 0.0000
6545 2.2595
6546 6.3753
6547 11.3000
6548 -1.3325
6549 12.1382
6550 2.6944
6551 0.0000
6552 -4.2493
6553 1.8846
6554 -0.2233
6555 -5.9825
6556 -1.4148
6557 6.5707
6558 0.0000
6559 3.0823
6560 -0.6594
6561 1.2738
6562 -1.6800
6563 -0.7994
6564 -3.8084
6565 0.0000
6566 -0.3892
6567 7.0202
6568 0.0000
6569 5.6567
6570 3.7896
6571 3.3059
6572 9.8064
6573 -5.0833
6574 -0.1362
6575 -1.9271
6576 3.8130
6577 0.0000
6578 3.4405
6579 6.5931
6580 0.0000
6581 7.5380
6582 0.0000
6583 2.2078
6584 0.0000
6585 -2.1744
6586 0.2389
6587 0.0000
6588 8.9090
6589 5.4784
6590 0.0000
6591 13.7583
6592 6.4785
6593 5.3357
6594 0.0000
6595 4.3296
6596 3.9245
6597 0.0000
6598 6.7241
6599 4.8725
6600 -1.6901
6601 0.0000
6602 -0.6766
6603 14.3359
6604 0.0000
6605 4.1642
6606 -2.2455
6607 -3.1751
6608 0.0000
6609 2.0432
6610 -2.8248
6611 0.0000
6612 4.1902
6613 6.1025
6614 -1.4623
6615 0.0000
6616 5.7507
6617 9.4192
6618 0.0000
6619 8.7573
6620 2.8989
6621 -2.0805
6622 0.0000
6623 -8.8979
6624 2.9012
6625 0.0000
6626 0.4500
6627 4.6925
6628 10.8747
6629 0.0000
6630 2.1917
6631 1.1687
6632 0.0000
6633 12.3822
6634 3.3585
6635 4.6774
6636 0.0000
6637 0.7777
6638 4.5568
6639 0.0000
6640 3.4329
6641 5.4837
6642 -1.0046
6643 0.0000
6644 5.9955
6645 2.2848
6646 0.0000
6647 4.0161
6648 -1.5152
6649 3.8778
6650 0.0000
6651 6.4391
6652 5.3048
6653 0.0000
6654 8.3379
6655 1.5263
6656 4.0665
6657 0.0000
6658 -3.2342
6659 10.5704
6660 0.0000
6661 4.3699
6662 0.3360
6663 0.1213
6664 0.0000
6665 -2.9905
6666 5.9148
6667 0.0000
6668 4.9765
6669 6.2855
6670 3.9409
6671 0.0000
6672 -1.9072
6673 3.1900
6674 0.0000
6675 3.4971
6676 0.1723
6677 5.1293
6678 0.0000
6679 5.2089
6680 -5.9135
6681 0.0000
6682 0.7608
6683 7.8272
6684 1.9193
6685 0.0000
6686 0.0094
6687 4.4127
6688 0.0000
6689 6.2435
6690 -3.2407
6691 5.6397
6692 0.0000
6693 -3.4340
6694 2.4895
6695 0.0000
6696 4.2535
6697 3.8887
6698 0.7637
6699 0.0000
6700 2.9737
6701 0.0000
6702 5.9371
6703 0.0000
6704 2.9807
6705 1.3160
6706 0.0000
6707 4.5606
6708 0.0000
6709 8.1792
6710 0.0000
6711 12.3114
6712 -3.8018
6713 7.5835
6714 0.0000
6715 6.3273
6716 2.6254
6717 6.0963
6718 0.0000
6719 4.8938
6720 2.7340
6721 -0.5372
6722 0.0000
6723 5.3329
6724 0.0000
6725 6.3453
6726 0.0000
6727 -0.3044
6728 3.4585
6729 0.0000
6730 5.6535
6731 0.0000
6732 4.1493
6733 7.1474
6734 -2.9584
6735 -0.7745
6736 10.0156
6737 8.2994
6738 1.8221
6739 5.6323
6740 3.8870
6741 4.8619
6742 8.8922
6743 3.7635
6744 0.3355
6745 5.3883
6746 6.5507
6747 6.6646
6748 0.0000
6749 4.2802
6750 -6.5477
6751 3.6403
6752 -0.6693
6753 -9.6426
6754 4.2144
6755 1.7370
6756 6.2254
6757 0.0000
6758 1.5913
6759 -3.4432
6760 6.1652
6761 6.3154
6762 -2.1350
6763 4.4499
6764 0.0000
6765 1.2369
6766 5.2694
6767 6.1811
6768 0.0000
6769 5.0531
6770 1.7024
6771 7.8778
6772 1.5923
6773 0.4085
6774 6.1295
6775 0.5277
6776 5.0526
6777 0.0000
6778 9.2100
6779 -1.3178
6780 -1.9186
6781 11.7357
6782 4.5170
6783 0.2182
6784 0.0000
6785 2.8490
6786 5.3704
6787 11.2440
6788 0.0000
6789 0.1143
6790 2.9546
6791 6.6044
6792 9.5939
6793 5.4987
6794 -5.4926
6795 8.2168
6796 0.7148
6797 0.0000
6798 4.7981
6799 3.2236
6800 4.8359
6801 1.7187
6802 8.9697
6803 6.1417
6804 0.0000
6805 0.4972
6806 -3.3710
6807 5.8550
6808 0.0000
6809 6.8850
6810 -1.1790
6811 8.6055
6812 10.3956
6813 -0.4618
6814 -1.3515
6815 -1.4924
6816 7.7757
6817 0.0000
6818 7.2718
6819 -2.6886
6820 3.8899
6821 -0.8452
6822 5.3291
6823 5.8874
6824 0.0000
6825 0.0119
6826 -2.1974
6827 -2.0584
6828 -2.2814
6829 4.1628
6830 7.3583
6831 5.1246
6832 2.8734
6833 -1.4922
6834 7.1829
6835 2.3179
6836 2.3750
6837 6.3315
6838 11.1134
6839 0.0000
6840 5.3291
6841 1.3961
6842 5.2957
6843 2.3683
6844 3.5259
6845 -1.9763
6846 1.8044
6847 9.5469
6848 0.0000
6849 0.2939
6850 3.2593
6851 1.3436
6852 12.9359
6853 5.4396
6854 9.9372
6855 0.0000
6856 1.4412
6857 4.0504
6858 6.7507
6859 0.0000
6860 4.5839
6861 -2.1719
6862 7.0828
6863 9.5449
6864 -1.2701
6865 8.6914
6866 9.1730
6867 3.5283
6868 0.0000
6869 8.1159
6870 11.9848
6871 5.6655
6872 -0.9533
6873 1.2627
6874 -1.6907
6875 0.0000
6876 -1.6385
6877 7.2603
6878 6.5326
6879 0.0000
6880 3.7383
6881 -0.1130
6882 3.0233
6883 1.5756
6884 -2.0726
6885 3.7568
6886 5.4439
6887 5.4843
6888 0.0000
6889 1.4691
6890 8.5715
6891 9.7476
6892 12.6912
6893 4.0253
6894 12.7849
6895 0.0000
6896 0.8301
6897 5.5460
6898 3.9766
6899 0.0000
6900 12.6040
6901 -3.6403
6902 -0.3419
6903 2.0511
6904 0.3700
6905 -2.1960
6906 -4.4127
6907 -7.4734
6908 0.0000
6909 3.0966
6910 0.0301
6911 9.4635
6912 8.8038
6913 -1.0617
6914 0.1170
6915 0.0000
6916 1.6122
6917 -0.9292
6918 -3.2010
6919 6.7946
6920 5.5995
6921 17.3244
6922 7.2097
6923 2.8288
6924 -0.5825
6925 2.6582
6926 5.2425
6927 -1.2787
6928 7.7154
6929 7.2737
6930 0.0000
6931 1.6716
6932 0.3445
6933 -1.0215
6934 3.1403
6935 6.6772
6936 -6.0687
6937 -1.9669
6938 6.0893
6939 0.0000
6940 3.7949
6941 -2.6733
6942 10.5262
6943 -1.8630
6944 16.8149
6945 3.4035
6946 0.0000
6947 1.5979
6948 9.1915
6949 0.5636
6950 0.0000
6951 8.8678
6952 2.4072
6953 0.6338
6954 2.0054
6955 -2.9137
6956 1.8210
6957 -3.1758
6958 -3.4283
6959 0.0000
6960 5.9439
6961 9.0585
6962 2.4871
6963 5.2362
6964 14.7188
6965 13.1169
6966 0.0000
6967 -2.0025
6968 6.8244
6969 7.3589
6970 0.0000
6971 3.3571
6972 -1.3292
6973 10.6919
6974 6.0853
6975 5.2114
6976 8.5508
6977 1.4642
6978 -4.4049
6979 0.0000
6980 8.2342
6981 2.3487
6982 4.5724
6983 10.0566
6984 2.9351
6985 0.3835
6986 0.0000
6987 -2.4382
6988 2.6204
6989 2.7880
6990 0.0000
6991 6.8535
6992 -4.9101
6993 7.1683
6994 1.2258
6995 1.1865
6996 9.5120
6997 -1.4080
6998 1.2232
6999 0.0000
7000 5.2340
7001 7.7694
7002 7.4430
7003 5.0132
7004 4.2298
7005 9.5385
7006 0.0000
7007 10.2113
7008 -2.1210
7009 3.8206
7010 -5.1834
7011 3.7072
7012 15.3518
7013 2.8068
7014 1.7571
7015 6.4539
7016 4.8126
7017 5.5307
7018 -3.0762
7019 3.0774
7020 -1.3567
7021 0.0000
7022 -2.3381
7023 -6.6534
7024 1.2743
7025 -1.1893
7026 -2.1778
7027 -7.3611
7028 1.9961
7029 4.5485
7030 0.0000
7031 11.1924
7032 -2.4879
7033 5.0321
7034 6.7942
7035 -0.7961
7036 9.4683
7037 0.0000
7038 -0.7776
7039 7.6794
7040 2.9602
7041 0.0000
7042 6.8470
7043 -0.3502
7044 2.1593
7045 -0.5102
7046 3.6880
7047 18.0736
7048 7.3327
7049 -0.1641
7050 0.0000
7051 5.4211
7052 6.3848
7053 3.2308
7054 8.3314
7055 7.6454
7056 7.9697
7057 0.0000
7058 -1.4773
7059 -3.1724
7060 2.7760
7061 0.0000
7062 2.9395
7063 -5.2600
7064 2.9755
7065 2.3454
7066 0.4826
7067 2.9640
7068 1.6675
7069 -2.5300
7070 0.0000
7071 1.2413
7072 4.9632
7073 7.0003
7074 5.7428
7075 5.8973
7076 -1.6971
7077 0.0000
7078 2.9256
7079 -2.1642
7080 -0.3936
7081 0.0000
7082 6.7114
7083 -8.5567
7084 7.4319
7085 1.5653
7086 1.2786
7087 15.0049
7088 1.4526
7089 7.1897
7090 0.0000
7091 3.9751
7092 0.1513
7093 8.6870
7094 4.2570
7095 1.9794
7096 3.3207
7097 0.0000
7098 -0.5756
7099 0.0000
7100 4.2050
7101 0.0000
7102 7.4473
7103 3.9667
7104 3.6558
7105 7.4812
7106 1.2425
7107 -0.8117
7108 2.9547
7109 1.9541
7110 0.0000
7111 -7.1087
7112 7.1223
7113 2.4492
7114 10.3471
7115 6.5779
7116 8.1961
7117 0.0000
7118 3.9699
7119 1.4274
7120 1.9564
7121 8.9463
7122 4.3428
7123 5.4588
7124 0.0000
7125 1.9360
7126 6.8762
7127 3.7304
7128 2.9419
7129 10.5704
7130 7.2902
7131 0.0000
7132 -2.6064
7133 8.7346
7134 2.3591
7135 3.5165
7136 2.0139
7137 12.0851
7138 0.0000
7139 3.3367
7140 4.0784
7141 1.7510
7142 5.1934
7143 9.8737
7144 6.7528
7145 0.0000
7146 0.7726
7147 7.0467
7148 4.2377
7149 -0.6109
7150 6.6444
7151 3.3047
7152 0.0000
7153 10.1480
7154 4.7373
7155 -1.5798
7156 4.4709
7157 2.8912
7158 3.2585
7159 0.0000
7160 -0.2283
7161 5.1956
7162 2.8645
7163 2.2581
7164 2.2625
7165 0.7338
7166 0.0000
7167 3.1558
7168 2.7191
7169 7.5902
7170 0.4633
7171 -0.8217
7172 -5.5391
7173 0.0000
7174 0.9319
7175 7.1561
7176 -1.1891
7177 4.8250
7178 4.9540
7179 -1.8773
7180 0.0000
7181 2.0319
7182 10.0629
7183 8.1472
7184 8.6471
7185 7.2496
7186 3.6505
7187 0.0000
7188 5.0332
7189 5.2535
7190 5.5446
7191 7.9708
7192 -0.8647
7193 -2.1992
7194 0.0000
7195 0.3047
7196 2.4964
7197 6.0408
7198 9.3982
7199 2.0745
7200 2.1528
7201 0.0000
7202 6.7421
7203 4.9776
7204 13.1886
7205 0.6073
7206 1.4533
7207 4.1949
7208 0.0000
7209 -0.5681
7210 9.4777
7211 2.5975
7212 -0.1301
7213 3.2279
7214 4.7702
7215 0.0000
7216 0.2795
7217 0.0000
7218 2.9002
7219 0.0000
7220 9.4717
7221 0.0000
7222 -4.4402
7223 6.5360
7224 0.0000
7225 -1.1422
7226 4.8632
7227 1.5240
7228 -8.5337
7229 0.0000
7230 -0.8801
7231 5.5814
7232 0.4497
7233 0.0000
7234 10.3881
7235 4.9896
7236 10.1068
7237 0.0000
7238 1.8267
7239 7.4285
7240 -1.9597
7241 2.6977
7242 5.0211
7243 4.9224
7244 5.1304
7245 -1.7482
7246 3.5896
7247 0.0000
7248 12.1769
7249 -6.3301
7250 2.2772
7251 -1.7506
7252 0.8856
7253 -4.5646
7254 0.0000
7255 -5.0682
7256 6.0801
7257 3.1213
7258 3.7032
7259 -0.3968
7260 10.4784
7261 0.0000
7262 5.6605
7263 0.3273
7264 3.4320
7265 -1.8195
7266 6.1822
7267 4.4638
7268 0.0000
7269 4.8508
7270 -1.1746
7271 1.1003
7272 6.7974
7273 3.3734
7274 7.0817
7275 0.0000
7276 -0.8721
7277 2.9274
7278 8.9995
7279 9.6043
7280 0.5902
7281 -0.9759
7282 0.0000
7283 1.4499
7284 3.7421
7285 -1.2238
7286 2.9667
7287 1.9549
7288 10.5339
7289 0.0000
7290 1.2581
7291 3.4175
7292 0.6548
7293 -5.9030
7294 3.1252
7295 4.7137
7296 0.0000
7297 -3.9117
7298 8.1031
7299 6.0586
7300 0.8727
7301 8.4891
7302 8.2243
7303 0.0000
7304 -3.0794
7305 1.7155
7306 0.5359
7307 0.9106
7308 -2.9731
7309 4.3931
7310 0.0000
7311 -2.3419
7312 -3.5537
7313 -3.5105
7314 -2.1057
7315 3.5139
7316 8.0413
7317 0.0000
7318 0.8515
7319 4.8242
7320 4.1542
7321 5.8897
7322 6.7718
7323 -1.5669
7324 0.0000
7325 1.4827
7326 6.9579
7327 0.0000
7328 3.9356
7329 -0.6066
7330 2.2674
7331 8.6951
7332 -5.1773
7333 -5.5843
7334 -3.4178
7335 12.8236
7336 0.0000
7337 6.8137
7338 6.4124
7339 0.0000
7340 1.8915
7341 0.0000
7342 1.2824
7343 0.0000
7344 -2.9138
7345 -5.4933
7346 0.0000
7347 2.4389
7348 0.3694
7349 0.0000
7350 2.5457
7351 7.3079
7352 12.9836
7353 0.0000
7354 5.9144
7355 7.6082
7356 0.0000
7357 1.3793
7358 8.7069
7359 -1.6780
7360 0.0000
7361 1.9201
7362 8.3799
7363 0.0000
7364 6.4809
7365 -2.3051
7366 4.3258
7367 0.0000
7368 1.4759
7369 7.7234
7370 0.0000
7371 3.8657
7372 -6.6426
7373 0.4732
7374 0.0000
7375 1.7422
7376 5.1637
7377 0.0000
7378 11.2829
7379 4.5529
7380 5.7637
7381 0.0000
7382 2.0881
7383 0.9873
7384 0.0000
7385 6.9944
7386 3.1673
7387 9.2737
7388 0.0000
7389 4.0285
7390 -0.6300
7391 0.0000
7392 -0.8833
7393 3.0966
7394 3.6733
7395 0.0000
7396 -0.3359
7397 3.8065
7398 0.0000
7399 5.5190
7400 3.2555
7401 0.4740
7402 0.0000
7403 0.8946
7404 0.1935
7405 0.0000
7406 2.4352
7407 3.5513
7408 4.8343
7409 0.0000
7410 -0.3908
7411 7.4989
7412 0.0000
7413 9.0063
7414 4.1911
7415 6.9522
7416 0.0000
7417 1.9076
7418 5.1934
7419 0.0000
7420 8.1772
7421 3.8445
7422 4.9251
7423 0.0000
7424 0.7759
7425 2.1380
7426 0.0000
7427 3.5550
7428 11.0255
7429 7.7656
7430 0.0000
7431 -1.8434
7432 4.2252
7433 0.0000
7434 11.2725
7435 5.1334
7436 -3.7587
7437 0.0000
7438 -7.2393
7439 4.6887
7440 0.0000
7441 6.5808
7442 1.9790
7443 5.6929
7444 0.0000
7445 3.0249
7446 11.0886
7447 0.0000
7448 1.9507
7449 -0.9369
7450 9.8081
7451 0.0000
7452 1.4557
7453 -4.0275
7454 0.0000
7455 2.7272
7456 2.6705
7457 8.3433
7458 0.0000
7459 0.3410
7460 0.0000
7461 1.2156
7462 0.0000
7463 -0.5376
7464 -0.3119
7465 0.0000
7466 6.6014
7467 0.0000
7468 7.1839
7469 0.0000
7470 4.2611
7471 9.9835
7472 1.4616
7473 0.0000
7474 5.9716
7475 2.1939
7476 5.3261
7477 0.0000
7478 6.2173
7479 -5.7823
7480 7.9098
7481 0.0000
7482 7.2017
7483 0.0000
7484 1.8384
7485 0.0000
7486 4.9713
7487 1.9985
7488 0.0000
7489 1.5253
7490 0.0000
7491 5.2242
7492 -1.8855
7493 2.0076
7494 2.6561
7495 -5.3942
7496 8.8183
7497 3.5559
7498 10.0992
7499 0.0000
7500 4.4786
7501 8.8073
7502 2.0143
7503 6.7873
7504 7.9937
7505 -5.8876
7506 0.0000
7507 -3.7065
7508 2.2596
7509 0.0099
7510 7.7868
7511 1.4606
7512 0.2785
7513 0.0000
7514 7.9818
7515 0.0875
7516 8.9961
7517 6.7930
7518 -2.9051
7519 12.2696
7520 0.0000
7521 -1.4997
7522 3.5429
7523 -3.0699
7524 0.9695
7525 4.3278
7526 0.0687
7527 0.0000
7528 3.2755
7529 4.8840
7530 6.0979
7531 7.4455
7532 -2.6581
7533 3.1079
7534 0.0000
7535 3.2572
7536 6.1547
7537 3.0344
7538 6.3707
7539 5.4923
7540 7.1187
7541 0.0000
7542 5.2925
7543 0.6120
7544 3.9818
7545 8.1646
7546 4.7250
7547 3.0760
7548 0.0000
7549 0.8536
7550 10.5253
7551 9.3090
7552 9.7300
7553 6.9000
7554 6.8358
7555 0.0000
7556 -3.1199
7557 -1.2196
7558 4.0837
7559 10.3483
7560 2.3627
7561 -5.5146
7562 0.0000
7563 0.4042
7564 2.7043
7565 -1.5451
7566 1.4754
7567 0.5351
7568 7.7838
7569 0.0000
7570 0.9594
7571 4.3075
7572 4.5864
7573 0.7956
7574 5.5699
7575 2.9967
7576 0.0000
7577 -1.4624
7578 9.7713
7579 0.2943
7580 3.6188
7581 4.9683
7582 -0.3300
7583 0.0000
7584 4.6006
7585 7.4658
7586 2.6546
7587 -0.6220
7588 9.7714
7589 6.6436
7590 0.0000
7591 8.7592
7592 8.4484
7593 5.9818
7594 1.2730
7595 8.5312
7596 3.8217
7597 0.0000
7598 -3.2876
7599 1.9653
7600 5.2443
7601 9.9859
7602 2.0422
7603 7.0895
7604 0.0000
7605 7.4169
7606 0.0000
7607 8.3324
7608 2.9177
7609 0.0000
7610 -1.8659
7611 1.1566
7612 0.0000
7613 2.5133
7614 2.0456
7615 0.0000
7616 -5.0770
7617 0.0000
7618 -6.4285
7619 6.1426
7620 0.0000
7621 6.5457
7622 0.5536
7623 0.0000
7624 -3.6700
7625 0.0000
7626 6.9562
7627 -2.1277
7628 0.0000
7629 10.3743
7630 -4.9811
7631 0.0000
7632 3.4938
7633 0.0000
7634 -8.1908
7635 7.9470
7636 0.0000
7637 4.7519
7638 -0.9141
7639 0.0000
7640 -1.3530
7641 0.0000
7642 0.0361
7643 3.2328
7644 0.0000
7645 8.2908
7646 7.5022
7647 0.0000
7648 3.7116
7649 0.0000
7650 6.2280
7651 0.6480
7652 0.0000
7653 13.3374
7654 6.5545
7655 0.0000
7656 6.2605
7657 0.0000
7658 3.9502
7659 3.8003
7660 0.0000
7661 4.1213
7662 3.0368
7663 0.0000
7664 -0.5005
7665 0.0000
7666 4.2604
7667 5.1423
7668 0.0000
7669 8.6367
7670 -0.6874
7671 0.0000
7672 1.8662
7673 0.0000
7674 -8.0037
7675 9.5786
7676 0.0000
7677 -1.9993
7678 2.7297
7679 0.0000
7680 0.8400
7681 0.0000
7682 -9.4424
7683 5.7594
7684 0.0000
7685 14.0629
7686 11.1102
7687 0.0000
7688 2.5042
7689 0.0000
7690 -6.2133
7691 1.1487
7692 0.0000
7693 -2.6916
7694 7.3341
7695 0.0000
7696 3.0373
7697 0.0000
7698 4.3682
7699 0.0362
7700 0.0000
7701 -2.5577
7702 -0.8810
7703 0.0000
7704 3.3389
7705 0.0000
7706 1.9776
7707 -7.8099
7708 0.0000
7709 1.7333
7710 2.1287
7711 0.0000
7712 -2.2380
7713 0.0000
7714 -0.0340
7715 4.4369
7716 0.0000
7717 3.0155
7718 5.4826
7719 0.0000
7720 -1.5460
7721 0.0000
7722 3.7166
7723 11.3460
7724 0.0000
7725 5.4746
7726 2.7094
7727 0.0000
7728 5.6643
7729 0.0000
7730 3.2358
7731 5.4345
7732 0.0000
7733 2.2989
7734 -2.6160
7735 0.0000
7736 5.2904
7737 0.0000
7738 2.3981
7739 0.0000
7740 4.2474
