# input  : 16 : 1F 92 FE CF EE 49 E8 0E F1 C6 02 7D CF 30 64 9E 
# output : 16 : 56 06 7A 33 FB B2 CA E7 9E 27 C2 46 D9 B4 96 17 
# cycles : 7740
1 0.0000
2 0.8757
3 -2.7137
4 0.0000
5 -0.7919
6 0.0000
7 0.3293
8 11.8521
9 0.0000
10 1.4725
11 4.2134
12 0.0000
13 3.1949
14 0.0000
15 10.3134
16 7.1583
17 0.0000
18 -1.9593
19 4.0512
20 0.0000
21 5.9380
22 0.0000
23 13.1388
24 10.2909
25 0.0000
26 5.4251
27 -2.2561
28 0.0000
29 6.7748
30 0.0000
31 3.6887
32 10.8139
33 0.0000
34 6.7209
35 1.1558
36 0.0000
37 -2.8526
38 0.0000
39 4.8881
40 8.1697
41 0.0000
42 6.1846
43 11.5938
44 0.0000
45 -2.3281
46 0.0000
47 3.3252
48 -0.6797
49 0.0000
50 4.3905
51 -2.4031
52 0.0000
53 4.5675
54 0.0000
55 -2.1456
56 1.1047
57 0.0000
58 0.8701
59 7.2150
60 0.0000
61 -0.3394
62 0.0000
63 -4.6567
64 3.7828
65 0.0000
66 1.2976
67 0.6244
68 0.0000
69 0.5790
70 0.0000
71 5.8153
72 10.6911
73 0.0000
74 6.9351
75 10.5408
76 0.0000
77 -1.1236
78 0.0000
79 7.4691
80 6.2922
81 0.0000
82 3.9816
83 7.9146
84 0.0000
85 -1.3190
86 0.0000
87 0.0192
88 -4.6881
89 0.0000
90 5.8277
91 3.9590
92 0.0000
93 5.5684
94 0.0000
95 3.6779
96 1.8114
97 0.0000
98 4.1072
99 4.6336
100 0.0000
101 8.3581
102 0.0000
103 6.0263
104 3.1620
105 0.0000
106 -4.6812
107 6.6167
108 0.0000
109 -3.3808
110 0.0000
111 6.5912
112 4.9970
113 0.0000
114 1.7101
115 5.2154
116 0.0000
117 -2.8697
118 0.0000
119 9.0935
120 -6.5275
121 0.0000
122 0.1915
123 2.7685
124 0.0000
125 0.4716
126 0.0000
127 5.0674
128 6.7829
129 0.0000
130 -0.6047
131 9.1367
132 0.0000
133 5.7492
134 0.0000
135 0.2937
136 2.6371
137 0.0000
138 1.5268
139 -3.4008
140 1.7622
141 0.0000
142 11.1033
143 7.8966
144 4.8434
145 4.1540
146 0.0000
147 -3.6647
148 -4.5972
149 0.0000
150 5.0793
151 12.1403
152 7.7236
153 0.4209
154 0.0000
155 0.3855
156 5.0729
157 0.0000
158 6.9644
159 1.5326
160 4.0763
161 5.3041
162 0.0000
163 -2.2802
164 0.5025
165 0.0000
166 2.1875
167 1.5697
168 3.4000
169 -1.0878
170 0.0000
171 3.3154
172 0.5334
173 0.0000
174 9.6487
175 0.4918
176 8.2117
177 4.9644
178 0.0000
179 -0.0555
180 0.4394
181 0.0000
182 6.7480
183 6.2456
184 -0.7003
185 0.0340
186 0.0000
187 1.7631
188 -0.2177
189 0.0000
190 -3.2959
191 4.1326
192 3.4619
193 6.3927
194 0.0000
195 -7.1036
196 8.0375
197 0.0000
198 -0.7811
199 6.9722
200 4.4861
201 -3.7733
202 0.0000
203 3.8102
204 0.3368
205 0.0000
206 3.6047
207 8.3186
208 7.8907
209 1.9778
210 0.0000
211 2.5950
212 12.2517
213 0.0000
214 4.6135
215 8.6499
216 4.3610
217 -0.6338
218 0.0000
219 -4.9462
220 10.3421
221 0.0000
222 6.6821
223 4.0396
224 7.7254
225 3.2984
226 0.0000
227 3.1942
228 -0.9906
229 0.0000
230 -1.4832
231 1.4312
232 7.9722
233 -2.7492
234 0.0000
235 -1.5247
236 0.8768
237 0.0000
238 2.1725
239 0.4429
240 5.2415
241 5.2397
242 0.0000
243 4.7889
244 3.2613
245 0.0000
246 4.2215
247 5.8527
248 2.0819
249 -0.8707
250 0.0000
251 -4.1630
252 6.5768
253 0.0000
254 6.4676
255 0.6048
256 -1.8694
257 4.4011
258 0.0000
259 1.7052
260 5.5932
261 0.0000
262 7.7029
263 8.3043
264 -1.1472
265 3.0328
266 0.0000
267 -2.2692
268 -0.4723
269 0.0000
270 4.3229
271 0.0000
272 6.2618
273 -1.2642
274 4.7851
275 6.1411
276 -2.0074
277 -4.2741
278 3.6731
279 4.0876
280 0.0000
281 0.0524
282 2.5534
283 -0.5088
284 1.6892
285 6.9474
286 -3.6726
287 0.0000
288 8.1295
289 5.9808
290 3.4363
291 9.7196
292 3.9881
293 4.8899
294 0.0000
295 3.5311
296 8.8236
297 -1.2389
298 4.0035
299 4.3250
300 3.1260
301 0.0000
302 -0.3780
303 3.4899
304 6.3002
305 -0.2995
306 10.2602
307 1.7308
308 0.0000
309 6.0570
310 6.2794
311 -1.3590
312 3.9108
313 2.8349
314 4.5415
315 0.0000
316 3.0027
317 1.9800
318 4.1381
319 7.5224
320 9.1915
321 6.3667
322 0.0000
323 -6.0551
324 1.2081
325 4.8206
326 5.9973
327 2.0926
328 5.1959
329 0.0000
330 -5.3020
331 2.8196
332 4.3640
333 5.9891
334 3.8450
335 -6.0254
336 0.0000
337 4.5769
338 8.0756
339 0.4939
340 3.8770
341 10.7748
342 -2.6300
343 0.0000
344 4.4093
345 3.2237
346 8.8151
347 -0.2203
348 7.3095
349 2.7703
350 0.0000
351 3.7731
352 5.1363
353 9.6279
354 0.6599
355 2.7257
356 9.1076
357 0.0000
358 -3.3146
359 -0.0938
360 5.9696
361 5.7403
362 7.4064
363 5.2510
364 0.0000
365 1.9911
366 1.0492
367 12.6386
368 5.7691
369 8.0229
370 3.3872
371 0.0000
372 -1.3942
373 8.3739
374 2.6007
375 4.8372
376 11.2927
377 7.2962
378 0.0000
379 -1.8030
380 5.4977
381 5.0891
382 5.6776
383 -0.8522
384 9.9386
385 0.0000
386 -0.2500
387 0.0000
388 0.5212
389 0.0000
390 7.7586
391 0.0000
392 6.9261
393 3.4356
394 0.0000
395 0.7452
396 0.4036
397 6.4726
398 11.6433
399 0.0000
400 4.7913
401 5.0595
402 8.9977
403 0.0000
404 6.3196
405 2.5364
406 6.5238
407 0.0000
408 0.3324
409 -0.8938
410 -3.8040
411 4.2057
412 7.1280
413 4.4674
414 2.9390
415 6.6081
416 7.5144
417 0.0000
418 -1.0438
419 8.4829
420 5.3981
421 8.9804
422 9.3494
423 1.7121
424 0.0000
425 1.3232
426 11.4177
427 0.2779
428 3.8654
429 4.1063
430 -1.6649
431 0.0000
432 -6.5837
433 5.7630
434 -4.2694
435 9.2701
436 -0.5901
437 0.3831
438 0.0000
439 0.3205
440 10.4129
441 -2.1672
442 8.6115
443 -2.2855
444 2.0387
445 0.0000
446 2.2787
447 3.1112
448 3.2633
449 5.7797
450 -0.5981
451 6.3079
452 0.0000
453 7.3039
454 8.3691
455 1.7076
456 2.2682
457 4.2522
458 -2.7697
459 0.0000
460 -0.3180
461 7.3759
462 6.6561
463 -0.0840
464 3.9435
465 5.7387
466 0.0000
467 -1.3866
468 -3.1635
469 4.5356
470 2.8547
471 7.0715
472 7.0041
473 0.0000
474 1.4195
475 1.5368
476 11.6371
477 6.7394
478 5.1483
479 8.9214
480 0.0000
481 2.4844
482 3.7022
483 5.2855
484 0.3692
485 2.7123
486 3.3640
487 0.0000
488 -1.9877
489 7.8791
490 0.7213
491 6.6449
492 6.2036
493 5.0183
494 0.0000
495 5.9705
496 2.8049
497 0.0000
498 6.9575
499 -2.5987
500 -2.6181
501 3.7951
502 -3.3287
503 1.9171
504 2.4826
505 -1.2967
506 0.0000
507 -0.6634
508 15.0287
509 0.0000
510 7.5247
511 -3.0803
512 0.0000
513 -2.6018
514 0.3262
515 0.0000
516 1.4759
517 5.6447
518 0.0000
519 1.3950
520 5.4968
521 0.5386
522 0.0000
523 0.0237
524 1.7910
525 0.0000
526 3.8874
527 1.0985
528 7.7714
529 0.0000
530 0.8268
531 12.5311
532 0.0000
533 8.4202
534 -3.1943
535 1.3334
536 0.0000
537 -1.0981
538 12.0409
539 0.0000
540 4.5512
541 5.5822
542 -4.3639
543 0.0000
544 0.0140
545 2.3880
546 0.0000
547 2.8390
548 -0.6365
549 8.7371
550 0.0000
551 -7.3745
552 10.1862
553 0.0000
554 6.0779
555 7.1826
556 5.0114
557 0.0000
558 -1.6753
559 7.7322
560 0.0000
561 0.3055
562 -0.6353
563 5.9775
564 0.0000
565 4.7986
566 4.0413
567 0.0000
568 4.1984
569 -3.0521
570 4.2662
571 0.0000
572 1.6183
573 7.0548
574 0.0000
575 1.7878
576 7.8246
577 8.7665
578 0.0000
579 -11.3941
580 0.3847
581 0.0000
582 1.5041
583 2.8691
584 2.4845
585 0.0000
586 4.4857
587 3.6021
588 0.0000
589 1.6535
590 9.0624
591 0.8688
592 0.0000
593 3.7052
594 6.3477
595 0.0000
596 6.3290
597 11.5840
598 11.4561
599 0.0000
600 0.7485
601 7.6353
602 0.0000
603 3.0820
604 11.0858
605 5.2540
606 0.0000
607 -1.1962
608 5.6157
609 0.0000
610 0.1824
611 -4.0917
612 2.7838
613 0.0000
614 0.9504
615 2.4497
616 0.0000
617 11.6940
618 14.6342
619 8.7609
620 0.0000
621 -2.9155
622 6.7318
623 0.0000
624 5.7031
625 -0.0806
626 -2.5421
627 0.0000
628 -1.2151
629 0.0000
630 7.8965
631 0.0000
632 -1.8713
633 7.6406
634 0.0000
635 10.6997
636 0.0000
637 -4.8347
638 0.0000
639 10.0366
640 3.5057
641 0.8752
642 0.0000
643 4.9660
644 5.8409
645 2.1394
646 0.0000
647 5.4721
648 2.9563
649 4.2138
650 0.0000
651 11.6290
652 0.0000
653 4.4824
654 0.0000
655 8.1594
656 -0.1770
657 0.0000
658 4.0316
659 0.0000
660 9.3735
661 6.5645
662 -0.9967
663 -0.7762
664 0.1802
665 3.8388
666 3.1852
667 6.9609
668 6.1114
669 2.4213
670 11.9645
671 4.6466
672 6.0336
673 7.5683
674 3.2450
675 7.6988
676 0.0000
677 8.5349
678 -1.5311
679 11.5953
680 9.5652
681 -4.2675
682 2.3678
683 8.1306
684 3.6713
685 0.0000
686 5.1830
687 6.1946
688 12.1346
689 3.2765
690 3.9617
691 4.8691
692 0.0000
693 2.6170
694 7.2616
695 0.6816
696 0.0000
697 -7.5845
698 0.3912
699 0.2201
700 0.5232
701 3.4906
702 0.3488
703 7.1629
704 12.4335
705 0.0000
706 2.7500
707 10.5156
708 11.9793
709 -0.0174
710 1.4942
711 0.0884
712 0.0000
713 -4.6464
714 -0.4550
715 3.6548
716 0.0000
717 3.6930
718 0.3502
719 14.2014
720 0.7077
721 7.0194
722 14.1517
723 4.0227
724 7.2227
725 0.0000
726 11.1573
727 4.7372
728 3.8972
729 6.3493
730 3.5461
731 -1.6984
732 0.0000
733 0.8965
734 -2.1991
735 3.5275
736 0.0000
737 -0.8367
738 0.9867
739 3.6941
740 1.1749
741 0.8354
742 -1.4638
743 -3.0727
744 -0.8959
745 0.0000
746 10.1522
747 5.4665
748 5.7720
749 3.0811
750 -1.9208
751 4.4355
752 0.0000
753 -1.5896
754 0.8698
755 12.3655
756 7.1614
757 -0.7577
758 4.3269
759 5.6624
760 7.2650
761 5.2088
762 5.5422
763 6.6036
764 2.1476
765 3.8709
766 0.9346
767 0.0000
768 0.6334
769 -0.7210
770 3.6739
771 9.7158
772 -0.1685
773 9.2415
774 7.4183
775 3.0735
776 0.0000
777 5.2598
778 5.6050
779 7.2152
780 0.5639
781 3.8245
782 8.5308
783 0.0000
784 5.9294
785 4.3632
786 6.0766
787 0.0000
788 10.1282
789 0.8686
790 4.9892
791 6.8615
792 4.5270
793 -1.4011
794 -4.3957
795 8.0993
796 0.0000
797 4.8384
798 8.3386
799 -3.8438
800 2.2009
801 2.1314
802 7.8246
803 0.0000
804 0.2445
805 2.2635
806 -0.1373
807 0.0000
808 3.4563
809 2.4417
810 3.6242
811 3.7144
812 2.7728
813 7.6799
814 0.0331
815 2.6235
816 0.0000
817 6.9509
818 0.2276
819 9.0849
820 4.0677
821 6.3204
822 3.5692
823 0.0000
824 -5.9386
825 7.1257
826 0.2241
827 0.0000
828 11.9695
829 4.7509
830 -0.6791
831 -2.8861
832 -1.7563
833 17.8660
834 2.2342
835 -5.2363
836 0.0000
837 10.6882
838 8.5353
839 6.6051
840 8.4169
841 -0.0006
842 12.0153
843 0.0000
844 -3.9678
845 0.1494
846 5.9102
847 8.0229
848 0.9436
849 -2.1118
850 9.8272
851 1.8221
852 2.0522
853 7.6197
854 3.0662
855 7.3709
856 1.6427
857 -0.0848
858 0.0000
859 3.6939
860 2.9729
861 -1.1015
862 6.2608
863 -2.3481
864 11.7933
865 0.0735
866 7.7874
867 0.0000
868 5.5920
869 6.1887
870 6.3818
871 10.2857
872 3.7672
873 2.5848
874 0.0000
875 5.0972
876 6.9423
877 10.9586
878 0.0000
879 4.5172
880 3.7101
881 10.6535
882 8.1457
883 -2.3929
884 9.8433
885 3.0838
886 7.9895
887 0.0000
888 11.8785
889 2.7979
890 2.8829
891 8.1748
892 -1.0346
893 -7.6005
894 0.0000
895 2.5613
896 8.2496
897 -3.7591
898 0.0000
899 1.7822
900 0.7562
901 7.9445
902 -4.5794
903 -1.3531
904 2.2359
905 -7.4622
906 -1.5614
907 0.0000
908 8.0972
909 6.8450
910 3.6464
911 2.2129
912 2.4862
913 5.1804
914 0.0000
915 -0.1884
916 2.0130
917 3.6010
918 0.0000
919 3.8526
920 4.5415
921 3.5679
922 3.9476
923 -6.3742
924 3.8999
925 -1.6501
926 5.8854
927 0.0000
928 11.8129
929 2.5443
930 2.1507
931 2.8345
932 -3.4018
933 5.7839
934 0.0000
935 2.9021
936 6.8852
937 3.5408
938 10.6564
939 2.7953
940 0.0503
941 9.3693
942 4.4213
943 1.8061
944 9.2091
945 2.1875
946 2.8282
947 5.9183
948 5.2834
949 0.0000
950 3.8813
951 -3.3985
952 7.2739
953 7.4333
954 2.0340
955 3.5403
956 2.2686
957 10.2623
958 0.0000
959 7.0478
960 -3.1544
961 0.8198
962 6.3351
963 15.5674
964 -0.3335
965 0.0000
966 -2.8161
967 1.5590
968 2.9233
969 0.0000
970 1.5363
971 -2.6245
972 7.4577
973 6.7664
974 1.2854
975 -7.8862
976 -2.6803
977 11.4457
978 0.0000
979 0.1724
980 -1.8006
981 4.5783
982 4.9812
983 5.1093
984 8.7668
985 0.0000
986 5.4502
987 -4.5464
988 -1.4593
989 0.0000
990 4.2169
991 0.9418
992 3.1753
993 3.2433
994 -4.6994
995 -3.7503
996 1.5899
997 2.1547
998 0.0000
999 -0.5023
1000 0.4267
1001 5.3578
1002 1.1933
1003 -3.8910
1004 3.7948
1005 0.0000
1006 5.2482
1007 4.6225
1008 2.4514
1009 0.0000
1010 4.4461
1011 5.7943
1012 -3.9354
1013 1.2543
1014 -1.4995
1015 -3.4819
1016 -5.7736
1017 -2.0268
1018 0.0000
1019 10.7739
1020 6.8568
1021 -0.8744
1022 2.6213
1023 -9.1085
1024 -4.4893
1025 0.0000
1026 7.2443
1027 0.0000
1028 4.3657
1029 0.0000
1030 14.1553
1031 3.9983
1032 0.7585
1033 2.1258
1034 13.4225
1035 5.8722
1036 8.2109
1037 -1.3733
1038 0.0000
1039 -2.1287
1040 -2.3310
1041 -0.7667
1042 1.0626
1043 2.1975
1044 -1.5692
1045 0.0000
1046 2.5629
1047 8.0747
1048 0.9979
1049 6.6720
1050 -1.7731
1051 5.4380
1052 0.0000
1053 -2.1577
1054 2.9156
1055 -1.0352
1056 5.7163
1057 5.9750
1058 3.0720
1059 0.0000
1060 -0.3153
1061 6.9131
1062 10.7350
1063 10.4063
1064 -3.6529
1065 1.5793
1066 0.0000
1067 0.0212
1068 7.5212
1069 -0.4182
1070 1.8779
1071 0.6105
1072 10.3320
1073 0.0000
1074 3.0152
1075 3.6664
1076 10.6356
1077 4.9856
1078 3.6557
1079 0.1831
1080 0.0000
1081 3.6274
1082 4.4818
1083 4.1333
1084 3.8593
1085 3.6392
1086 -2.9834
1087 0.0000
1088 0.9290
1089 8.7237
1090 -1.9023
1091 6.5410
1092 0.6732
1093 10.5675
1094 0.0000
1095 2.0601
1096 1.0157
1097 6.8774
1098 2.6005
1099 2.2343
1100 8.6720
1101 0.0000
1102 0.1479
1103 5.3047
1104 7.3503
1105 2.3855
1106 -4.4048
1107 10.1606
1108 0.0000
1109 -1.7837
1110 9.8211
1111 1.2642
1112 -4.0827
1113 5.2466
1114 4.4172
1115 0.0000
1116 3.4988
1117 5.6568
1118 8.1932
1119 5.5565
1120 5.5179
1121 5.1868
1122 0.0000
1123 3.6058
1124 -1.3756
1125 -3.7411
1126 6.8633
1127 8.6791
1128 -4.2002
1129 0.0000
1130 -2.1689
1131 -1.0271
1132 3.2001
1133 2.6609
1134 6.9226
1135 3.6381
1136 0.0000
1137 -3.8664
1138 2.9658
1139 15.1100
1140 7.5053
1141 -1.9711
1142 1.6879
1143 0.0000
1144 4.5573
1145 0.0000
1146 6.1534
1147 0.0000
1148 6.5673
1149 0.0000
1150 7.1846
1151 0.3450
1152 0.0000
1153 0.2710
1154 3.5141
1155 2.7347
1156 2.9165
1157 0.0000
1158 3.9340
1159 6.1267
1160 1.3576
1161 0.0000
1162 6.9274
1163 4.4556
1164 11.0259
1165 0.0000
1166 9.0820
1167 3.7288
1168 2.1038
1169 11.6620
1170 5.1269
1171 5.7173
1172 3.8053
1173 9.9960
1174 1.3119
1175 0.0000
1176 -0.4736
1177 4.5537
1178 -0.0703
1179 2.2562
1180 2.0052
1181 5.6901
1182 0.0000
1183 3.0067
1184 5.3848
1185 7.1933
1186 4.2433
1187 5.8115
1188 7.5593
1189 0.0000
1190 0.9951
1191 6.1699
1192 4.0245
1193 0.6183
1194 8.5254
1195 -0.4938
1196 0.0000
1197 5.3932
1198 4.7800
1199 0.8704
1200 4.5923
1201 0.4984
1202 7.6871
1203 0.0000
1204 -1.6302
1205 2.9412
1206 5.9200
1207 5.5647
1208 -0.5446
1209 3.8220
1210 0.0000
1211 -0.5492
1212 5.6350
1213 2.2429
1214 -2.0093
1215 0.0640
1216 1.5821
1217 0.0000
1218 4.5734
1219 -0.0188
1220 1.8780
1221 6.8669
1222 2.0326
1223 1.2398
1224 0.0000
1225 -1.6371
1226 6.5390
1227 -0.8938
1228 3.5497
1229 5.8239
1230 0.9215
1231 0.0000
1232 1.2704
1233 3.0719
1234 2.7028
1235 7.3751
1236 3.0882
1237 5.1932
1238 0.0000
1239 2.9242
1240 -3.9975
1241 2.6369
1242 1.4192
1243 3.0738
1244 2.9079
1245 0.0000
1246 -2.5647
1247 -0.3468
1248 2.5930
1249 6.0523
1250 -0.7983
1251 8.4174
1252 0.0000
1253 -4.0343
1254 -3.9984
1255 0.0000
1256 2.3976
1257 -2.9145
1258 -4.7697
1259 -4.6127
1260 7.4234
1261 -4.6563
1262 -6.0376
1263 -1.6002
1264 0.0000
1265 2.6237
1266 0.9974
1267 0.0000
1268 8.6393
1269 0.0000
1270 -0.6612
1271 0.0000
1272 0.2302
1273 3.9411
1274 0.0000
1275 2.5287
1276 6.3141
1277 0.0000
1278 -1.1943
1279 8.7680
1280 10.8889
1281 0.0000
1282 1.6480
1283 7.2020
1284 0.0000
1285 5.3712
1286 5.9746
1287 0.6795
1288 0.0000
1289 3.5725
1290 7.0269
1291 0.0000
1292 4.8685
1293 0.9364
1294 3.2746
1295 0.0000
1296 -8.6581
1297 5.4452
1298 0.0000
1299 1.1047
1300 2.3396
1301 3.1914
1302 0.0000
1303 5.9833
1304 4.8299
1305 0.0000
1306 6.5022
1307 14.6209
1308 9.9642
1309 0.0000
1310 3.2640
1311 0.9100
1312 0.0000
1313 1.9136
1314 -0.9868
1315 0.3024
1316 0.0000
1317 0.1378
1318 5.2067
1319 0.0000
1320 4.5371
1321 2.6755
1322 3.7577
1323 0.0000
1324 -4.2236
1325 3.6108
1326 0.0000
1327 7.2092
1328 1.1075
1329 -4.5311
1330 0.0000
1331 1.9793
1332 -1.4465
1333 0.0000
1334 2.0520
1335 8.5779
1336 2.4460
1337 0.0000
1338 6.7065
1339 -1.5893
1340 0.0000
1341 3.0504
1342 1.5633
1343 4.0970
1344 0.0000
1345 0.5519
1346 -1.0591
1347 0.0000
1348 3.2368
1349 4.2549
1350 8.4800
1351 0.0000
1352 -7.3412
1353 1.2967
1354 0.0000
1355 13.1013
1356 4.3318
1357 5.7301
1358 0.0000
1359 4.3923
1360 4.3675
1361 0.0000
1362 2.8164
1363 2.3326
1364 4.7429
1365 0.0000
1366 4.0717
1367 0.7128
1368 0.0000
1369 7.0742
1370 8.5061
1371 8.0159
1372 0.0000
1373 -4.9316
1374 0.2401
1375 0.0000
1376 8.7695
1377 -1.5882
1378 4.9408
1379 0.0000
1380 6.3999
1381 4.1401
1382 0.0000
1383 -3.2242
1384 -0.4139
1385 -6.5057
1386 0.0000
1387 9.0851
1388 0.0000
1389 -2.5086
1390 0.0000
1391 10.3477
1392 5.2787
1393 0.0000
1394 4.2609
1395 0.0000
1396 4.1290
1397 0.0000
1398 -1.1584
1399 1.8543
1400 -0.2095
1401 0.0000
1402 4.0973
1403 4.3513
1404 3.2200
1405 0.0000
1406 4.1982
1407 0.6744
1408 9.9789
1409 0.0000
1410 8.1381
1411 0.0000
1412 1.7845
1413 0.0000
1414 12.6641
1415 6.2931
1416 0.0000
1417 7.0064
1418 0.0000
1419 -3.2917
1420 6.7828
1421 1.4865
1422 -1.5789
1423 0.0621
1424 8.8231
1425 10.4538
1426 5.3495
1427 -2.1504
1428 11.4482
1429 7.9871
1430 4.0201
1431 6.0591
1432 4.3676
1433 -3.5151
1434 -1.2692
1435 0.0000
1436 4.2707
1437 -0.7037
1438 6.9318
1439 -4.9595
1440 6.1413
1441 -3.7156
1442 -1.1430
1443 6.0589
1444 0.0000
1445 7.4604
1446 8.0779
1447 4.1806
1448 3.6753
1449 3.5516
1450 12.6158
1451 0.0000
1452 -2.2361
1453 4.0870
1454 3.0984
1455 0.0000
1456 -0.0035
1457 1.9221
1458 11.0046
1459 0.7631
1460 3.5245
1461 -4.0551
1462 2.7077
1463 7.9859
1464 0.0000
1465 6.4948
1466 1.2110
1467 9.5941
1468 9.8653
1469 -2.0824
1470 1.8031
1471 0.0000
1472 0.8126
1473 3.9936
1474 4.4643
1475 0.0000
1476 0.2023
1477 -5.4610
1478 4.7493
1479 5.2189
1480 2.3818
1481 -1.8850
1482 0.6923
1483 2.0671
1484 0.0000
1485 0.0512
1486 5.3336
1487 2.8955
1488 13.8941
1489 -0.9430
1490 -0.2835
1491 0.0000
1492 -5.7836
1493 1.9238
1494 2.3756
1495 0.0000
1496 3.1657
1497 4.3109
1498 9.0335
1499 7.4731
1500 -1.3761
1501 -0.6298
1502 -0.2747
1503 13.2697
1504 0.0000
1505 0.9508
1506 7.5427
1507 6.8817
1508 -2.0590
1509 10.3727
1510 4.7008
1511 0.0000
1512 -0.1699
1513 -0.3641
1514 5.8038
1515 0.6567
1516 0.1903
1517 1.3614
1518 9.7526
1519 10.7056
1520 4.8229
1521 8.8001
1522 10.1114
1523 5.4022
1524 10.8253
1525 7.6723
1526 0.0000
1527 7.0705
1528 5.5423
1529 7.0003
1530 5.2402
1531 4.1396
1532 -1.3294
1533 -1.3300
1534 0.9248
1535 0.0000
1536 1.6537
1537 2.7958
1538 -2.4309
1539 3.5198
1540 0.6921
1541 2.4046
1542 0.0000
1543 0.0482
1544 -3.3580
1545 5.1522
1546 0.0000
1547 4.7928
1548 1.3639
1549 3.8076
1550 8.1911
1551 4.9232
1552 4.6398
1553 -1.5501
1554 5.0380
1555 0.0000
1556 7.8268
1557 1.9629
1558 7.4788
1559 4.6244
1560 4.2406
1561 6.2944
1562 0.0000
1563 -4.1222
1564 1.3070
1565 3.9503
1566 0.0000
1567 2.0846
1568 -0.7266
1569 0.7372
1570 1.0339
1571 -2.8598
1572 3.4127
1573 0.0118
1574 1.2409
1575 0.0000
1576 6.6925
1577 4.1165
1578 -0.5458
1579 2.3764
1580 8.5212
1581 2.2240
1582 0.0000
1583 -0.5802
1584 5.5378
1585 6.3099
1586 0.0000
1587 5.8935
1588 -6.0105
1589 6.0675
1590 0.2931
1591 -0.1212
1592 -5.7244
1593 1.6724
1594 -2.6983
1595 0.0000
1596 6.9665
1597 7.9971
1598 11.7666
1599 1.3430
1600 7.7125
1601 5.9570
1602 0.0000
1603 2.3131
1604 6.3488
1605 2.4840
1606 10.9158
1607 2.1679
1608 5.7976
1609 7.1012
1610 2.6159
1611 2.3270
1612 2.0008
1613 -3.4430
1614 9.1761
1615 14.2986
1616 1.8621
1617 0.0000
1618 -3.6048
1619 -0.8531
1620 15.2458
1621 2.1534
1622 5.0036
1623 -5.5989
1624 1.3233
1625 4.8111
1626 0.0000
1627 2.5552
1628 5.2650
1629 1.6868
1630 2.7588
1631 3.6870
1632 6.1720
1633 0.0000
1634 0.5120
1635 -0.5664
1636 5.0418
1637 0.0000
1638 6.6272
1639 -2.4877
1640 7.1057
1641 1.1780
1642 1.3948
1643 -8.1559
1644 4.0677
1645 -0.3785
1646 0.0000
1647 5.3120
1648 3.2649
1649 8.3824
1650 -1.4988
1651 6.7547
1652 3.7344
1653 0.0000
1654 0.9147
1655 6.9437
1656 9.2441
1657 0.0000
1658 2.5043
1659 -2.4629
1660 7.3836
1661 -4.0564
1662 -0.3388
1663 -1.9692
1664 -4.7326
1665 0.4526
1666 0.0000
1667 -2.9028
1668 3.3888
1669 3.1211
1670 6.3024
1671 12.4173
1672 3.9013
1673 0.0000
1674 -3.4855
1675 9.7556
1676 10.3898
1677 0.0000
1678 10.1661
1679 2.1331
1680 -0.7030
1681 -4.2769
1682 2.7103
1683 -1.2881
1684 6.1174
1685 -1.5457
1686 0.0000
1687 -1.0815
1688 3.9874
1689 9.9886
1690 6.3315
1691 1.0485
1692 5.5787
1693 0.0000
1694 -6.2571
1695 3.7296
1696 9.3311
1697 4.5044
1698 7.2113
1699 -0.4542
1700 6.6381
1701 7.7900
1702 7.6880
1703 13.9324
1704 6.0662
1705 -1.8714
1706 -1.8245
1707 2.2179
1708 0.0000
1709 9.2297
1710 3.8268
1711 11.4799
1712 7.4878
1713 1.0831
1714 8.6539
1715 6.4871
1716 6.7817
1717 0.0000
1718 5.9566
1719 -3.0061
1720 -6.9140
1721 1.4515
1722 3.2860
1723 0.8417
1724 0.0000
1725 -8.9469
1726 7.4792
1727 1.3796
1728 0.0000
1729 5.6594
1730 -2.8799
1731 3.0930
1732 0.4491
1733 -1.1210
1734 -0.8899
1735 1.1645
1736 7.8933
1737 0.0000
1738 4.2469
1739 2.1870
1740 0.7863
1741 7.1927
1742 5.7938
1743 5.3746
1744 0.0000
1745 5.2037
1746 4.5831
1747 3.6243
1748 0.0000
1749 3.6232
1750 1.7869
1751 8.2195
1752 3.6250
1753 1.0836
1754 2.2765
1755 0.9459
1756 3.6275
1757 0.0000
1758 5.7383
1759 4.5567
1760 5.3423
1761 1.2290
1762 8.5020
1763 1.9045
1764 0.0000
1765 -0.2230
1766 0.6767
1767 7.8809
1768 0.0000
1769 12.2454
1770 -4.0793
1771 4.8757
1772 1.4015
1773 4.2518
1774 10.8000
1775 10.3048
1776 11.8143
1777 0.0000
1778 -0.8355
1779 -2.7623
1780 -0.2885
1781 4.3296
1782 -1.9368
1783 -6.0841
1784 0.0000
1785 -2.1461
1786 0.0000
1787 -2.5196
1788 0.0000
1789 -0.2493
1790 -1.2666
1791 -0.7528
1792 0.9321
1793 7.2822
1794 -0.5111
1795 10.3675
1796 -4.7382
1797 0.0000
1798 3.2636
1799 5.7359
1800 10.4224
1801 9.7300
1802 13.8928
1803 3.3611
1804 0.0000
1805 -2.6353
1806 1.5454
1807 1.3695
1808 7.4322
1809 8.7880
1810 2.8996
1811 0.0000
1812 0.5266
1813 3.7755
1814 1.3300
1815 0.3046
1816 3.2059
1817 3.8092
1818 0.0000
1819 -4.0513
1820 6.1253
1821 4.6014
1822 6.2577
1823 1.7952
1824 2.5039
1825 0.0000
1826 0.3648
1827 6.7437
1828 3.2758
1829 -0.1076
1830 3.3923
1831 -5.2122
1832 0.0000
1833 -0.7161
1834 2.0600
1835 3.1861
1836 8.7703
1837 11.7089
1838 0.5790
1839 0.0000
1840 3.8930
1841 4.5707
1842 -2.3597
1843 8.4179
1844 3.5883
1845 2.3107
1846 0.0000
1847 2.9944
1848 2.7262
1849 3.1021
1850 5.2405
1851 0.0496
1852 1.3548
1853 0.0000
1854 4.3607
1855 5.2347
1856 2.4871
1857 2.4118
1858 2.6200
1859 3.5008
1860 0.0000
1861 -1.5120
1862 7.5941
1863 3.2635
1864 4.3811
1865 4.4870
1866 7.6027
1867 0.0000
1868 0.4647
1869 7.3246
1870 3.6566
1871 3.5703
1872 0.8922
1873 -2.8775
1874 0.0000
1875 3.6199
1876 0.2192
1877 9.8795
1878 11.8859
1879 8.2532
1880 7.7562
1881 0.0000
1882 -4.3933
1883 14.0458
1884 2.1092
1885 3.3608
1886 -0.3434
1887 6.6282
1888 0.0000
1889 -7.7285
1890 12.3607
1891 2.7397
1892 9.7633
1893 8.7639
1894 -1.6318
1895 0.0000
1896 5.6726
1897 8.9285
1898 11.4254
1899 0.0950
1900 1.9280
1901 8.7464
1902 0.0000
1903 0.4599
1904 0.0000
1905 -1.2460
1906 0.0000
1907 5.1726
1908 0.0000
1909 5.7568
1910 6.0563
1911 0.0000
1912 0.6985
1913 5.2372
1914 2.4845
1915 7.5688
1916 0.0000
1917 5.0973
1918 1.6861
1919 10.3864
1920 0.0000
1921 3.6448
1922 5.5811
1923 5.4416
1924 0.0000
1925 6.6140
1926 6.5850
1927 -2.9487
1928 -0.6960
1929 1.9068
1930 0.4817
1931 3.7896
1932 6.2782
1933 6.4296
1934 0.0000
1935 2.3570
1936 0.6671
1937 5.4190
1938 5.0685
1939 -0.2464
1940 2.9214
1941 0.0000
1942 -0.1947
1943 -1.0247
1944 8.4636
1945 7.0985
1946 4.7107
1947 0.7722
1948 0.0000
1949 8.4996
1950 -2.1948
1951 10.6271
1952 0.9474
1953 -4.4542
1954 -1.3621
1955 0.0000
1956 -0.8635
1957 4.9688
1958 2.6925
1959 4.6661
1960 3.3579
1961 4.6332
1962 0.0000
1963 -1.0755
1964 -6.4295
1965 4.4952
1966 4.2715
1967 2.2607
1968 -1.1644
1969 0.0000
1970 -0.8067
1971 8.6962
1972 13.9010
1973 -0.9978
1974 3.9976
1975 8.3195
1976 0.0000
1977 5.2319
1978 -1.5329
1979 3.4769
1980 -3.3822
1981 -6.3893
1982 5.0166
1983 0.0000
1984 -0.5116
1985 4.4851
1986 10.6989
1987 0.3162
1988 -2.2322
1989 4.5562
1990 0.0000
1991 -5.8856
1992 6.1197
1993 11.8803
1994 7.0421
1995 8.0131
1996 5.7066
1997 0.0000
1998 -2.9795
1999 3.6363
2000 11.1627
2001 4.2224
2002 5.3758
2003 1.0995
2004 0.0000
2005 1.8588
2006 -0.0430
2007 -1.7824
2008 9.4251
2009 7.3065
2010 2.6815
2011 0.0000
2012 -0.7293
2013 -1.4725
2014 0.0000
2015 5.2358
2016 -5.7196
2017 6.6012
2018 0.8619
2019 -8.3470
2020 2.9630
2021 -0.3870
2022 -2.6725
2023 0.0000
2024 -0.8768
2025 2.6909
2026 0.0000
2027 6.1883
2028 0.0000
2029 5.3752
2030 0.0000
2031 -6.4595
2032 2.5433
2033 0.0000
2034 -0.8944
2035 5.5671
2036 0.0000
2037 4.7136
2038 -0.1287
2039 6.9524
2040 0.0000
2041 3.2431
2042 2.7814
2043 0.0000
2044 3.1391
2045 6.5085
2046 5.5820
2047 0.0000
2048 3.6360
2049 -2.7880
2050 0.0000
2051 4.6137
2052 4.9031
2053 1.6672
2054 0.0000
2055 8.2629
2056 8.0586
2057 0.0000
2058 2.0547
2059 2.3035
2060 1.2911
2061 0.0000
2062 -2.4035
2063 8.2754
2064 0.0000
2065 9.4753
2066 -3.8709
2067 -1.3918
2068 0.0000
2069 1.0208
2070 6.2754
2071 0.0000
2072 -1.9362
2073 2.6500
2074 4.2857
2075 0.0000
2076 -0.7949
2077 3.7847
2078 0.0000
2079 6.4603
2080 6.2213
2081 4.6079
2082 0.0000
2083 2.9933
2084 1.8895
2085 0.0000
2086 -1.7111
2087 4.3953
2088 3.0153
2089 0.0000
2090 1.7534
2091 3.4371
2092 0.0000
2093 5.6054
2094 1.0799
2095 15.1866
2096 0.0000
2097 1.2269
2098 -3.1230
2099 0.0000
2100 0.9362
2101 2.3217
2102 3.0214
2103 0.0000
2104 0.4424
2105 0.4437
2106 0.0000
2107 3.9049
2108 -0.9568
2109 9.0520
2110 0.0000
2111 2.8322
2112 -2.0374
2113 0.0000
2114 2.0263
2115 3.3307
2116 3.6180
2117 0.0000
2118 -0.8255
2119 5.5026
2120 0.0000
2121 13.0055
2122 4.7591
2123 -1.8373
2124 0.0000
2125 1.3073
2126 1.0315
2127 0.0000
2128 0.1512
2129 7.7734
2130 8.5236
2131 0.0000
2132 0.2263
2133 8.0762
2134 0.0000
2135 -2.4009
2136 -4.3067
2137 5.5271
2138 0.0000
2139 3.5517
2140 0.4386
2141 0.0000
2142 5.7387
2143 3.2290
2144 7.7071
2145 0.0000
2146 6.0273
2147 0.0000
2148 -1.3305
2149 0.0000
2150 5.3233
2151 1.1784
2152 0.0000
2153 9.5660
2154 0.0000
2155 7.1878
2156 0.0000
2157 7.3977
2158 1.5665
2159 13.8909
2160 0.0000
2161 5.4753
2162 4.3301
2163 4.1773
2164 0.0000
2165 7.7486
2166 8.4977
2167 7.5964
2168 0.0000
2169 2.3304
2170 0.0000
2171 4.8011
2172 0.0000
2173 5.9829
2174 6.3357
2175 0.0000
2176 0.2950
2177 0.0000
2178 9.8722
2179 -0.7180
2180 3.5104
2181 9.1513
2182 7.3973
2183 7.2389
2184 0.5247
2185 4.5629
2186 0.2102
2187 1.4705
2188 3.8589
2189 8.4090
2190 4.4919
2191 5.7860
2192 6.5995
2193 -5.3814
2194 0.0000
2195 -1.6318
2196 0.0896
2197 -3.3568
2198 -1.4227
2199 0.2500
2200 0.4098
2201 1.5328
2202 6.7919
2203 0.0000
2204 2.3874
2205 7.2527
2206 9.7966
2207 5.3661
2208 7.8345
2209 0.0080
2210 0.0000
2211 -0.8077
2212 4.9324
2213 2.4856
2214 0.0000
2215 7.5955
2216 4.9801
2217 6.7376
2218 3.8048
2219 9.9527
2220 5.4476
2221 11.9573
2222 2.8893
2223 0.0000
2224 8.8088
2225 5.3669
2226 4.9326
2227 2.3676
2228 5.1528
2229 5.1977
2230 0.0000
2231 8.5714
2232 2.7973
2233 -0.2024
2234 0.0000
2235 9.7497
2236 0.9311
2237 -7.5546
2238 -5.1630
2239 -2.2592
2240 9.2125
2241 4.5596
2242 1.0049
2243 0.0000
2244 5.3038
2245 7.8944
2246 9.4113
2247 2.9515
2248 0.3752
2249 6.3336
2250 0.0000
2251 7.8783
2252 0.9100
2253 2.9998
2254 0.0000
2255 4.1477
2256 -2.3391
2257 3.1048
2258 1.8321
2259 4.2848
2260 3.0731
2261 -1.4490
2262 -3.0605
2263 0.0000
2264 14.0981
2265 1.2647
2266 -0.4834
2267 -2.3583
2268 -7.5543
2269 6.5438
2270 0.0000
2271 -1.7178
2272 8.3335
2273 -4.0638
2274 5.8505
2275 6.8695
2276 4.3212
2277 10.3455
2278 -1.7176
2279 1.7050
2280 10.4855
2281 -4.9295
2282 2.0102
2283 8.7506
2284 2.3625
2285 0.0000
2286 4.9876
2287 -2.8920
2288 6.3255
2289 11.7287
2290 -5.3320
2291 6.0912
2292 -0.5865
2293 9.2446
2294 0.0000
2295 6.8124
2296 0.2232
2297 4.8094
2298 7.3762
2299 6.2077
2300 2.2875
2301 0.0000
2302 -1.1664
2303 0.5568
2304 2.8637
2305 0.0000
2306 6.0811
2307 -4.2186
2308 7.4113
2309 4.1879
2310 1.6273
2311 11.1659
2312 6.0755
2313 6.1895
2314 0.0000
2315 3.7762
2316 3.7890
2317 8.3349
2318 3.3231
2319 7.8063
2320 0.6034
2321 0.0000
2322 4.6772
2323 5.3562
2324 -0.8323
2325 0.0000
2326 6.7734
2327 -2.0118
2328 1.0371
2329 7.0684
2330 -0.7803
2331 11.2658
2332 4.4089
2333 -0.7050
2334 0.0000
2335 0.9662
2336 3.7502
2337 4.6079
2338 1.6410
2339 10.0147
2340 5.3669
2341 0.0000
2342 0.9874
2343 6.6248
2344 10.2729
2345 0.0000
2346 7.1508
2347 -4.2676
2348 0.4744
2349 3.8202
2350 9.8780
2351 6.8978
2352 5.6871
2353 0.2639
2354 0.0000
2355 9.1863
2356 3.9922
2357 1.9468
2358 -1.8704
2359 1.9699
2360 3.2788
2361 0.0000
2362 -7.2356
2363 2.9499
2364 8.3250
2365 4.9484
2366 -0.7221
2367 8.5010
2368 8.1890
2369 2.0462
2370 4.7874
2371 7.0056
2372 7.7256
2373 -0.9802
2374 4.5714
2375 5.8255
2376 0.0000
2377 -1.6707
2378 -1.1930
2379 7.3219
2380 6.2368
2381 -1.1365
2382 0.2133
2383 3.0277
2384 1.1974
2385 0.0000
2386 6.4670
2387 -3.5145
2388 5.9979
2389 -0.7262
2390 3.7756
2391 10.4641
2392 0.0000
2393 -8.0111
2394 2.6607
2395 0.4587
2396 0.0000
2397 4.5327
2398 -2.3832
2399 6.6938
2400 4.7445
2401 3.7383
2402 10.4912
2403 -5.3053
2404 11.0939
2405 0.0000
2406 16.8341
2407 6.7612
2408 3.0882
2409 2.9695
2410 10.7403
2411 6.1110
2412 0.0000
2413 0.3969
2414 5.1798
2415 3.6046
2416 0.0000
2417 -4.9889
2418 1.1350
2419 5.2370
2420 1.9849
2421 -0.7331
2422 12.2160
2423 6.8641
2424 4.2268
2425 0.0000
2426 1.8191
2427 2.1830
2428 7.5867
2429 10.5318
2430 7.3745
2431 0.9469
2432 0.0000
2433 -3.6729
2434 1.8202
2435 10.8417
2436 0.0000
2437 10.3525
2438 -1.8560
2439 10.2605
2440 6.9021
2441 -1.1225
2442 9.8981
2443 2.3595
2444 5.3541
2445 0.0000
2446 2.2474
2447 1.5099
2448 -2.9532
2449 -0.3721
2450 2.4297
2451 1.8009
2452 0.0000
2453 0.2201
2454 3.7931
2455 5.9832
2456 8.6342
2457 7.8715
2458 5.1744
2459 8.6053
2460 10.3702
2461 1.0211
2462 7.5367
2463 9.8148
2464 -0.6867
2465 1.9571
2466 10.4444
2467 0.0000
2468 6.1751
2469 0.5258
2470 6.3146
2471 2.5430
2472 1.3191
2473 7.7045
2474 4.8022
2475 1.2380
2476 0.0000
2477 1.0016
2478 8.2706
2479 2.0406
2480 3.0123
2481 9.8164
2482 4.3619
2483 0.0000
2484 3.0139
2485 6.5813
2486 4.9499
2487 0.0000
2488 10.2250
2489 -1.5024
2490 5.2253
2491 5.3001
2492 6.7287
2493 8.1940
2494 4.4425
2495 3.5163
2496 0.0000
2497 9.3818
2498 5.3949
2499 1.7151
2500 -6.1837
2501 -0.9676
2502 2.7157
2503 0.0000
2504 -1.3642
2505 6.8506
2506 10.5064
2507 0.0000
2508 3.5108
2509 3.0346
2510 -1.2871
2511 -4.0570
2512 -1.1331
2513 -5.2239
2514 -2.1823
2515 -1.5548
2516 0.0000
2517 7.0005
2518 -3.4375
2519 -5.8863
2520 0.1332
2521 9.0180
2522 0.6175
2523 0.0000
2524 -3.9999
2525 2.5415
2526 -1.9726
2527 0.0000
2528 0.0184
2529 -7.1128
2530 5.0390
2531 -7.7009
2532 0.4471
2533 -3.8630
2534 -3.3473
2535 3.3206
2536 0.0000
2537 5.6221
2538 9.6302
2539 1.6777
2540 13.5533
2541 3.0901
2542 -1.1307
2543 0.0000
2544 4.6908
2545 0.0000
2546 6.3876
2547 0.0000
2548 0.4028
2549 3.6013
2550 3.4241
2551 2.7223
2552 4.7993
2553 -1.0104
2554 5.2675
2555 -2.3504
2556 0.0000
2557 -1.8098
2558 10.9653
2559 6.0459
2560 2.5142
2561 2.3068
2562 0.9573
2563 0.0000
2564 4.2509
2565 2.5095
2566 -1.9362
2567 4.3908
2568 11.5016
2569 2.0894
2570 0.0000
2571 0.4686
2572 12.9357
2573 7.3872
2574 0.0495
2575 5.4191
2576 -4.3862
2577 0.0000
2578 -1.3684
2579 2.4452
2580 3.1212
2581 0.7572
2582 8.2297
2583 1.3957
2584 0.0000
2585 0.2948
2586 6.3331
2587 -5.3923
2588 0.7196
2589 2.3210
2590 0.1582
2591 0.0000
2592 9.4396
2593 7.4677
2594 -3.0000
2595 3.8046
2596 1.8468
2597 -6.1176
2598 0.0000
2599 1.3339
2600 -3.6991
2601 7.2108
2602 -2.1692
2603 5.0862
2604 2.1073
2605 0.0000
2606 3.0991
2607 -6.6621
2608 3.7370
2609 5.3480
2610 -2.5328
2611 7.8483
2612 0.0000
2613 3.4830
2614 6.6628
2615 -1.5359
2616 12.6180
2617 5.3212
2618 -0.0761
2619 0.0000
2620 -6.3717
2621 7.4857
2622 -0.1270
2623 1.0332
2624 12.8078
2625 1.4913
2626 0.0000
2627 -1.2940
2628 -2.1708
2629 -5.7900
2630 9.6596
2631 3.5134
2632 7.3855
2633 0.0000
2634 -1.7676
2635 2.5402
2636 0.7766
2637 8.5535
2638 3.8572
2639 0.3210
2640 0.0000
2641 0.2841
2642 4.3737
2643 4.7586
2644 0.8223
2645 4.3988
2646 2.9435
2647 0.0000
2648 -0.1430
2649 11.0851
2650 2.9739
2651 -2.4225
2652 4.8881
2653 9.3998
2654 0.0000
2655 6.8414
2656 0.7448
2657 4.4456
2658 6.0621
2659 -6.6361
2660 8.0878
2661 0.0000
2662 1.3340
2663 0.0000
2664 0.3209
2665 0.0000
2666 17.1193
2667 0.0000
2668 7.1272
2669 10.6922
2670 0.0000
2671 1.5694
2672 9.0748
2673 9.1276
2674 -3.1814
2675 0.0000
2676 0.3624
2677 6.1308
2678 -1.2311
2679 0.0000
2680 -1.2103
2681 4.4848
2682 3.5837
2683 0.0000
2684 -6.7818
2685 10.7632
2686 3.3170
2687 11.5514
2688 4.6896
2689 4.0853
2690 -4.3664
2691 6.6321
2692 -0.3325
2693 0.0000
2694 -2.1129
2695 2.1518
2696 7.5686
2697 3.9968
2698 -2.0517
2699 3.9289
2700 0.0000
2701 0.3074
2702 1.6072
2703 0.4331
2704 9.2106
2705 9.9198
2706 10.5567
2707 0.0000
2708 0.4367
2709 2.1460
2710 0.6436
2711 5.5067
2712 3.0168
2713 3.5319
2714 0.0000
2715 -0.2819
2716 2.0715
2717 -1.1646
2718 9.0513
2719 5.8269
2720 2.4262
2721 0.0000
2722 -6.4579
2723 12.5625
2724 -2.1399
2725 3.6818
2726 2.6806
2727 3.4077
2728 0.0000
2729 -0.9879
2730 4.3185
2731 5.0623
2732 -2.0438
2733 1.0164
2734 5.7471
2735 0.0000
2736 4.9520
2737 -1.0623
2738 5.4689
2739 9.1760
2740 -3.6249
2741 14.1391
2742 0.0000
2743 -4.2100
2744 -0.1359
2745 11.5706
2746 3.1214
2747 -0.1682
2748 7.1535
2749 0.0000
2750 2.8727
2751 0.8531
2752 11.5442
2753 2.4182
2754 5.6008
2755 3.3736
2756 0.0000
2757 -1.7226
2758 -0.9108
2759 4.5941
2760 7.2358
2761 3.2705
2762 10.1002
2763 0.0000
2764 2.4285
2765 2.9461
2766 2.1518
2767 1.0407
2768 3.0406
2769 -3.8603
2770 0.0000
2771 4.3532
2772 1.4697
2773 0.0000
2774 4.5197
2775 -0.5905
2776 0.5378
2777 2.1163
2778 -8.8571
2779 -4.5543
2780 -7.2934
2781 1.7146
2782 0.0000
2783 3.9515
2784 -0.4098
2785 0.0000
2786 -1.4875
2787 0.0000
2788 3.3965
2789 0.0000
2790 2.0861
2791 1.0925
2792 0.0000
2793 9.5724
2794 7.2106
2795 0.0000
2796 10.4903
2797 10.1778
2798 8.9723
2799 0.0000
2800 6.4433
2801 3.2107
2802 0.0000
2803 -2.1583
2804 -0.3814
2805 7.8037
2806 0.0000
2807 2.7450
2808 5.4905
2809 0.0000
2810 7.9104
2811 4.2781
2812 11.8683
2813 0.0000
2814 -2.8226
2815 -2.1429
2816 0.0000
2817 6.1434
2818 9.5661
2819 2.4509
2820 0.0000
2821 11.5580
2822 -0.3291
2823 0.0000
2824 10.2146
2825 9.9435
2826 -0.6588
2827 0.0000
2828 1.3565
2829 5.6078
2830 0.0000
2831 -0.3605
2832 3.4841
2833 7.9382
2834 0.0000
2835 3.8133
2836 8.0449
2837 0.0000
2838 9.1552
2839 6.3860
2840 4.7391
2841 0.0000
2842 2.0020
2843 5.4075
2844 0.0000
2845 9.3061
2846 2.2759
2847 6.2323
2848 0.0000
2849 -2.0767
2850 3.8830
2851 0.0000
2852 11.3533
2853 3.0636
2854 -0.1462
2855 0.0000
2856 -4.8398
2857 14.3385
2858 0.0000
2859 -0.8539
2860 4.6680
2861 -1.8039
2862 0.0000
2863 -1.3371
2864 0.8982
2865 0.0000
2866 0.2067
2867 5.0961
2868 11.0241
2869 0.0000
2870 5.5171
2871 4.5966
2872 0.0000
2873 2.1406
2874 8.9627
2875 4.9995
2876 0.0000
2877 5.4561
2878 6.3311
2879 0.0000
2880 3.9013
2881 8.5202
2882 3.7764
2883 0.0000
2884 -0.0899
2885 5.8372
2886 0.0000
2887 0.5864
2888 2.5307
2889 11.0711
2890 0.0000
2891 -1.8844
2892 3.2972
2893 0.0000
2894 11.1994
2895 17.5075
2896 -1.1523
2897 0.0000
2898 0.8664
2899 0.2606
2900 0.0000
2901 -3.5446
2902 2.9182
2903 -0.5064
2904 0.0000
2905 -0.5037
2906 0.0000
2907 7.3337
2908 0.0000
2909 4.5849
2910 -1.1385
2911 0.0000
2912 5.5546
2913 0.0000
2914 3.1881
2915 0.0000
2916 3.6334
2917 2.3440
2918 4.5385
2919 0.0000
2920 0.9368
2921 2.9410
2922 7.3082
2923 0.0000
2924 10.3445
2925 5.1889
2926 0.6565
2927 0.0000
2928 1.9938
2929 0.0000
2930 -2.4802
2931 0.0000
2932 3.8455
2933 7.2160
2934 0.0000
2935 0.2184
2936 0.0000
2937 7.4772
2938 1.2389
2939 -0.2349
2940 9.4023
2941 6.7233
2942 4.7914
2943 8.6539
2944 4.5451
2945 4.7882
2946 6.0204
2947 5.7050
2948 8.3262
2949 6.5882
2950 3.6579
2951 8.8377
2952 12.5880
2953 0.0000
2954 7.8559
2955 -3.5244
2956 5.0687
2957 8.6507
2958 5.6913
2959 0.0430
2960 -2.1585
2961 6.9650
2962 0.0000
2963 4.6813
2964 1.7800
2965 5.3451
2966 9.3139
2967 5.4979
2968 4.6618
2969 0.0000
2970 3.8760
2971 -0.2239
2972 -2.2759
2973 0.0000
2974 6.9105
2975 1.2680
2976 6.3484
2977 2.7818
2978 -2.5554
2979 3.3799
2980 -0.4558
2981 -0.7925
2982 0.0000
2983 12.1674
2984 7.1992
2985 3.1523
2986 -3.0005
2987 1.1853
2988 -0.3805
2989 0.0000
2990 -1.1903
2991 1.9803
2992 1.4321
2993 0.0000
2994 2.6186
2995 8.1320
2996 4.5671
2997 2.7283
2998 -0.1950
2999 4.7920
3000 6.7547
3001 -4.7779
3002 0.0000
3003 6.0673
3004 5.8290
3005 9.1836
3006 8.4849
3007 2.8919
3008 1.8960
3009 0.0000
3010 -3.6869
3011 0.8328
3012 8.3993
3013 0.0000
3014 -1.3604
3015 5.2370
3016 0.5527
3017 8.0215
3018 5.5670
3019 15.1249
3020 7.7135
3021 5.4364
3022 0.0000
3023 10.9506
3024 7.0379
3025 9.5887
3026 10.7779
3027 -0.9663
3028 -3.1015
3029 0.0000
3030 -2.8234
3031 -1.1674
3032 6.0964
3033 6.0577
3034 -0.2626
3035 0.3480
3036 -3.5930
3037 7.6163
3038 2.9109
3039 14.1737
3040 -0.4364
3041 7.7235
3042 6.9446
3043 11.2247
3044 0.0000
3045 1.3877
3046 4.1934
3047 3.2439
3048 5.1706
3049 -1.1048
3050 4.4348
3051 9.1392
3052 -0.6212
3053 0.0000
3054 -1.0423
3055 0.0221
3056 7.8894
3057 3.4778
3058 0.5998
3059 -0.5034
3060 0.0000
3061 -4.1899
3062 5.8913
3063 7.0100
3064 0.0000
3065 10.6535
3066 -3.0882
3067 9.5900
3068 8.3470
3069 4.8749
3070 0.0694
3071 -1.5711
3072 4.6750
3073 0.0000
3074 7.3389
3075 0.9882
3076 3.7997
3077 -1.1637
3078 2.4541
3079 7.6860
3080 0.0000
3081 -3.7638
3082 2.0750
3083 5.5865
3084 0.0000
3085 0.9987
3086 -2.5247
3087 -7.7714
3088 0.6424
3089 0.0730
3090 -5.4058
3091 -3.3518
3092 5.2817
3093 0.0000
3094 -0.8661
3095 5.3344
3096 -0.1969
3097 6.1708
3098 -1.7269
3099 4.0825
3100 0.0000
3101 5.1421
3102 6.5626
3103 -2.6496
3104 0.0000
3105 2.2100
3106 -2.5646
3107 8.2603
3108 2.7645
3109 2.4984
3110 14.5222
3111 7.1980
3112 -3.5578
3113 0.0000
3114 4.8110
3115 13.1112
3116 -0.2057
3117 -0.1470
3118 1.4130
3119 4.8040
3120 0.0000
3121 0.7541
3122 7.9068
3123 3.5236
3124 3.2620
3125 3.1967
3126 6.1511
3127 3.3756
3128 3.0189
3129 0.8779
3130 2.1800
3131 4.5498
3132 0.9615
3133 -1.7481
3134 12.0646
3135 0.0000
3136 6.6281
3137 -2.5636
3138 8.6243
3139 7.3310
3140 -3.8754
3141 3.1438
3142 3.9092
3143 -2.9307
3144 0.0000
3145 1.1638
3146 6.5797
3147 -0.0762
3148 -2.6429
3149 0.6948
3150 -0.5504
3151 0.0000
3152 4.6474
3153 3.0374
3154 -3.3127
3155 0.0000
3156 7.3550
3157 11.5602
3158 7.4515
3159 1.4648
3160 0.1798
3161 2.8180
3162 -7.7340
3163 6.1912
3164 0.0000
3165 9.0423
3166 8.0575
3167 -0.6914
3168 3.3837
3169 3.6822
3170 4.9213
3171 0.0000
3172 -4.5998
3173 8.4465
3174 -3.4984
3175 0.0000
3176 3.2770
3177 -3.0755
3178 7.5469
3179 8.0911
3180 1.5008
3181 1.4528
3182 -1.3773
3183 9.4318
3184 0.0000
3185 6.6260
3186 -1.8186
3187 -0.4560
3188 2.1643
3189 3.8171
3190 3.6658
3191 0.0000
3192 -1.0631
3193 3.7694
3194 7.9499
3195 0.0000
3196 2.0219
3197 7.6123
3198 6.2231
3199 7.3809
3200 -3.0350
3201 10.3462
3202 -0.9046
3203 3.4169
3204 0.0000
3205 -2.1404
3206 5.3694
3207 7.8248
3208 3.3404
3209 0.7567
3210 8.3396
3211 0.0000
3212 3.3902
3213 4.2504
3214 2.5724
3215 5.4052
3216 2.8386
3217 4.9716
3218 3.1589
3219 0.9100
3220 12.8902
3221 7.1386
3222 2.8290
3223 -1.3531
3224 2.5420
3225 -3.0208
3226 0.0000
3227 4.7044
3228 -1.9313
3229 2.2106
3230 7.6919
3231 -1.1021
3232 6.5843
3233 -4.1305
3234 -4.0590
3235 0.0000
3236 0.9157
3237 8.0706
3238 -0.2799
3239 1.9594
3240 7.4151
3241 7.0068
3242 0.0000
3243 1.8508
3244 -5.9790
3245 7.6248
3246 0.0000
3247 -3.2857
3248 6.1170
3249 4.5347
3250 -0.8726
3251 -0.6316
3252 17.5566
3253 9.4511
3254 0.6108
3255 0.0000
3256 9.2507
3257 -5.6330
3258 4.0632
3259 -2.9451
3260 4.7158
3261 9.3854
3262 0.0000
3263 10.6817
3264 1.5241
3265 3.1990
3266 0.0000
3267 -4.9385
3268 1.6876
3269 -2.5624
3270 -0.9022
3271 0.8126
3272 3.9702
3273 2.5270
3274 7.5844
3275 0.0000
3276 8.6870
3277 0.4558
3278 -3.3915
3279 1.9501
3280 8.9912
3281 -1.3094
3282 0.0000
3283 -0.6922
3284 1.8591
3285 8.6666
3286 0.0000
3287 1.5909
3288 -0.5470
3289 1.1553
3290 8.0703
3291 -7.1077
3292 1.3685
3293 1.2684
3294 5.5145
3295 0.0000
3296 9.4535
3297 3.0238
3298 3.1366
3299 -2.4500
3300 -1.0597
3301 -0.5484
3302 0.0000
3303 0.4866
3304 0.0000
3305 7.8269
3306 0.0000
3307 8.2462
3308 -10.8232
3309 2.5534
3310 3.2776
3311 -2.5567
3312 9.3715
3313 4.4756
3314 6.3571
3315 0.0000
3316 2.4492
3317 5.7965
3318 5.8391
3319 0.2653
3320 2.4412
3321 3.6761
3322 0.0000
3323 -1.3449
3324 -1.1510
3325 0.0448
3326 3.3063
3327 13.3520
3328 2.8156
3329 0.0000
3330 6.4697
3331 5.4349
3332 13.3298
3333 0.2279
3334 3.8207
3335 -0.6639
3336 0.0000
3337 3.1603
3338 3.3794
3339 13.6914
3340 2.8857
3341 5.3491
3342 3.6695
3343 0.0000
3344 2.2915
3345 7.4909
3346 6.1018
3347 -5.0584
3348 -0.6666
3349 9.1280
3350 0.0000
3351 1.1741
3352 -5.3094
3353 9.2977
3354 6.2258
3355 10.6340
3356 3.3647
3357 0.0000
3358 3.2109
3359 4.6960
3360 16.5907
3361 5.7151
3362 8.4830
3363 5.6687
3364 0.0000
3365 8.1983
3366 4.5863
3367 1.7151
3368 -1.1586
3369 6.7450
3370 -6.3916
3371 0.0000
3372 -1.3422
3373 5.7568
3374 -2.5566
3375 5.0996
3376 -1.5324
3377 0.7324
3378 0.0000
3379 -1.6617
3380 0.5426
3381 2.6803
3382 2.8282
3383 2.1373
3384 -2.4272
3385 0.0000
3386 -2.3150
3387 9.5435
3388 9.9813
3389 -0.6442
3390 -2.9730
3391 6.4665
3392 0.0000
3393 0.7902
3394 9.9131
3395 6.8611
3396 3.8498
3397 3.3631
3398 10.4548
3399 0.0000
3400 -6.0241
3401 9.5596
3402 3.8689
3403 -0.9231
3404 2.1096
3405 15.2569
3406 0.0000
3407 1.6901
3408 5.2531
3409 11.6116
3410 2.8590
3411 5.0736
3412 11.7528
3413 0.0000
3414 -1.2477
3415 6.1763
3416 -3.5903
3417 0.7493
3418 1.2590
3419 -6.2834
3420 0.0000
3421 -2.6294
3422 0.0000
3423 6.2128
3424 0.0000
3425 3.7022
3426 0.0000
3427 1.9920
3428 7.9230
3429 0.0000
3430 3.1954
3431 9.0770
3432 -0.7057
3433 -0.7554
3434 0.0000
3435 6.6015
3436 2.1070
3437 1.3958
3438 0.0000
3439 1.5070
3440 7.5153
3441 0.5032
3442 0.0000
3443 7.1263
3444 -0.0806
3445 2.2772
3446 2.7510
3447 -0.8848
3448 11.9938
3449 6.8495
3450 -5.0671
3451 10.6275
3452 0.0000
3453 -1.7498
3454 4.5411
3455 1.1795
3456 -3.2439
3457 0.9171
3458 -1.9694
3459 0.0000
3460 1.4397
3461 -2.6986
3462 11.5680
3463 3.0837
3464 8.5380
3465 4.7454
3466 0.0000
3467 0.5589
3468 4.1778
3469 4.2434
3470 -0.6982
3471 7.6965
3472 5.9864
3473 0.0000
3474 -2.7271
3475 4.7403
3476 7.6923
3477 -2.4445
3478 0.2050
3479 5.7437
3480 0.0000
3481 4.9649
3482 -1.9065
3483 1.2283
3484 10.0835
3485 3.2910
3486 11.9805
3487 0.0000
3488 -4.0012
3489 6.8843
3490 4.0362
3491 4.8566
3492 1.7636
3493 1.4545
3494 0.0000
3495 1.2317
3496 4.2889
3497 5.1956
3498 9.5751
3499 0.3882
3500 4.3625
3501 0.0000
3502 -1.8815
3503 6.3465
3504 4.4022
3505 4.3916
3506 2.9519
3507 5.9365
3508 0.0000
3509 -4.8843
3510 9.9398
3511 4.7581
3512 11.5890
3513 5.3840
3514 2.5551
3515 0.0000
3516 6.1642
3517 1.1224
3518 6.3617
3519 3.0337
3520 6.2412
3521 9.6687
3522 0.0000
3523 3.6190
3524 3.2166
3525 4.7815
3526 5.7749
3527 1.5765
3528 3.4127
3529 0.0000
3530 1.2211
3531 -0.8401
3532 0.0000
3533 4.1581
3534 -1.3493
3535 4.2235
3536 0.1428
3537 1.9378
3538 -1.3571
3539 3.3154
3540 4.1967
3541 0.0000
3542 7.3810
3543 8.5206
3544 0.0000
3545 6.0928
3546 0.0000
3547 -1.4285
3548 0.0000
3549 -2.8039
3550 4.8312
3551 0.0000
3552 12.0942
3553 2.6565
3554 0.0000
3555 5.0982
3556 3.4595
3557 5.7705
3558 0.0000
3559 -3.5032
3560 -0.2316
3561 0.0000
3562 2.6536
3563 -1.3068
3564 0.6736
3565 0.0000
3566 2.6478
3567 -0.6742
3568 0.0000
3569 2.3599
3570 6.6288
3571 -0.6058
3572 0.0000
3573 1.2755
3574 4.4955
3575 0.0000
3576 1.3879
3577 3.2679
3578 4.8566
3579 0.0000
3580 3.1835
3581 8.0507
3582 0.0000
3583 4.4412
3584 6.6461
3585 1.3202
3586 0.0000
3587 4.8946
3588 5.4229
3589 0.0000
3590 2.3335
3591 10.7323
3592 5.2168
3593 0.0000
3594 4.6189
3595 1.7992
3596 0.0000
3597 9.9327
3598 0.3610
3599 12.0016
3600 0.0000
3601 1.3937
3602 12.4880
3603 0.0000
3604 5.1582
3605 -0.7821
3606 7.4087
3607 0.0000
3608 -6.3939
3609 4.2174
3610 0.0000
3611 -2.9667
3612 -4.6456
3613 9.8922
3614 0.0000
3615 0.9841
3616 -0.2656
3617 0.0000
3618 0.4131
3619 -2.8955
3620 6.7716
3621 0.0000
3622 -2.6534
3623 11.8689
3624 0.0000
3625 8.3470
3626 -0.5581
3627 5.7897
3628 0.0000
3629 5.8565
3630 5.0133
3631 0.0000
3632 1.7684
3633 2.0433
3634 -0.5133
3635 0.0000
3636 5.0807
3637 3.9330
3638 0.0000
3639 -0.6063
3640 12.0623
3641 9.4350
3642 0.0000
3643 -3.6670
3644 7.5711
3645 0.0000
3646 -0.8802
3647 6.7634
3648 8.7765
3649 0.0000
3650 2.3985
3651 3.4025
3652 0.0000
3653 11.2803
3654 6.7462
3655 12.8148
3656 0.0000
3657 -4.4775
3658 -0.8631
3659 0.0000
3660 -5.4906
3661 1.3196
3662 4.8567
3663 0.0000
3664 7.7146
3665 0.0000
3666 -1.8493
3667 0.0000
3668 3.5753
3669 6.7666
3670 0.0000
3671 -1.9704
3672 0.0000
3673 3.3138
3674 0.0000
3675 4.8500
3676 1.6363
3677 7.4815
3678 0.0000
3679 -2.2546
3680 1.5998
3681 9.4877
3682 0.0000
3683 5.9803
3684 2.2339
3685 2.9908
3686 0.0000
3687 8.6501
3688 0.0000
3689 3.2949
3690 0.0000
3691 7.1175
3692 3.2383
3693 0.0000
3694 1.0170
3695 0.0000
3696 3.8519
3697 9.2352
3698 4.1549
3699 7.9514
3700 -1.1843
3701 -1.6445
3702 5.1195
3703 7.3223
3704 -4.6501
3705 -1.1198
3706 11.4593
3707 1.8600
3708 3.6370
3709 -5.0617
3710 0.4807
3711 -0.7757
3712 0.0000
3713 1.9366
3714 0.9443
3715 0.6672
3716 -0.7970
3717 -1.9769
3718 0.0099
3719 -5.4807
3720 -3.0957
3721 0.0000
3722 1.8685
3723 3.8455
3724 3.5976
3725 7.8409
3726 6.9737
3727 -1.8690
3728 0.0000
3729 -1.1765
3730 4.0619
3731 6.6420
3732 0.0000
3733 12.2292
3734 2.3855
3735 12.4437
3736 -1.4155
3737 1.1514
3738 -3.2675
3739 0.9435
3740 3.7434
3741 0.0000
3742 1.0553
3743 2.7086
3744 -3.9112
3745 1.2397
3746 2.3949
3747 8.8234
3748 0.0000
3749 4.9008
3750 11.7429
3751 0.1199
3752 0.0000
3753 2.2462
3754 2.5100
3755 5.7869
3756 -2.1012
3757 -0.1724
3758 2.0809
3759 2.3224
3760 1.8038
3761 0.0000
3762 4.6380
3763 2.1260
3764 7.0858
3765 2.6076
3766 -0.4407
3767 5.4476
3768 0.0000
3769 -3.2864
3770 0.4716
3771 4.1468
3772 0.0000
3773 -1.6435
3774 -3.2060
3775 14.7821
3776 10.9380
3777 1.4228
3778 3.3301
3779 6.2731
3780 6.8270
3781 0.0000
3782 6.1551
3783 7.3338
3784 6.9271
3785 3.8300
3786 3.8771
3787 9.0733
3788 0.0000
3789 0.3219
3790 -4.5699
3791 12.7657
3792 6.2374
3793 4.5665
3794 7.2415
3795 3.2730
3796 1.1503
3797 1.6835
3798 0.4535
3799 0.7813
3800 10.2808
3801 3.9908
3802 6.6384
3803 0.0000
3804 3.0175
3805 -0.9801
3806 -1.5936
3807 6.0926
3808 0.9540
3809 7.2078
3810 -1.3466
3811 11.8660
3812 0.0000
3813 6.0502
3814 0.4137
3815 4.9656
3816 -2.4795
3817 11.6913
3818 11.1291
3819 0.0000
3820 3.7440
3821 -0.9364
3822 4.0539
3823 0.0000
3824 9.7396
3825 -6.2882
3826 11.8999
3827 6.6091
3828 3.5320
3829 2.0792
3830 -3.3818
3831 2.7731
3832 0.0000
3833 -0.4824
3834 -3.3546
3835 5.1064
3836 9.6220
3837 7.5455
3838 12.4293
3839 0.0000
3840 -5.9652
3841 3.4552
3842 5.6245
3843 0.0000
3844 0.9874
3845 0.9814
3846 8.2076
3847 1.7302
3848 2.9775
3849 1.6395
3850 3.5884
3851 1.9457
3852 0.0000
3853 6.7102
3854 7.8782
3855 8.5232
3856 -1.4682
3857 5.8289
3858 -1.7821
3859 0.0000
3860 0.9460
3861 6.9813
3862 -1.5951
3863 0.0000
3864 2.8103
3865 1.5167
3866 9.7326
3867 5.9198
3868 -1.9330
3869 1.4509
3870 2.3236
3871 4.9451
3872 0.0000
3873 9.0372
3874 4.2886
3875 -3.9981
3876 5.3602
3877 1.1084
3878 -1.2264
3879 0.0000
3880 -7.4093
3881 2.5738
3882 5.9585
3883 1.1656
3884 11.9863
3885 6.4860
3886 2.9404
3887 6.7854
3888 -8.3871
3889 1.0411
3890 16.3141
3891 2.2826
3892 -0.4884
3893 5.3495
3894 0.0000
3895 -0.1979
3896 8.3802
3897 3.0421
3898 12.4328
3899 0.8166
3900 4.2594
3901 -2.5411
3902 -6.6544
3903 0.0000
3904 1.3323
3905 -1.6671
3906 8.6234
3907 -0.0211
3908 8.5060
3909 -2.7112
3910 0.0000
3911 1.1626
3912 2.7194
3913 12.3309
3914 0.0000
3915 4.6200
3916 -4.1771
3917 4.2916
3918 6.1436
3919 -2.2161
3920 9.3598
3921 2.1009
3922 6.3199
3923 0.0000
3924 8.3478
3925 6.9133
3926 1.6173
3927 1.1988
3928 4.0050
3929 4.1241
3930 0.0000
3931 -0.9222
3932 3.5332
3933 -2.9791
3934 0.0000
3935 3.2258
3936 -2.7492
3937 -2.0039
3938 -2.9730
3939 4.8237
3940 -0.4949
3941 -0.1610
3942 3.6253
3943 0.0000
3944 -1.9280
3945 0.8934
3946 2.3106
3947 3.9420
3948 2.5697
3949 9.2902
3950 0.0000
3951 1.0564
3952 4.1749
3953 2.5131
3954 0.0000
3955 5.8358
3956 -4.8447
3957 2.0906
3958 5.2037
3959 3.2173
3960 6.6949
3961 1.4012
3962 -5.4047
3963 0.0000
3964 10.9505
3965 6.2787
3966 7.4916
3967 0.4878
3968 8.7386
3969 7.2734
3970 0.0000
3971 -0.4781
3972 9.0442
3973 3.6860
3974 2.5998
3975 5.1215
3976 5.3800
3977 11.3240
3978 6.1908
3979 6.6385
3980 3.5126
3981 3.5881
3982 -0.0235
3983 9.5970
3984 5.9765
3985 0.0000
3986 11.8235
3987 6.8381
3988 -2.0842
3989 0.2247
3990 0.8462
3991 2.5820
3992 -3.3371
3993 7.5813
3994 0.0000
3995 -1.2341
3996 9.9095
3997 2.1992
3998 -1.5089
3999 11.9779
4000 -2.0125
4001 0.0000
4002 1.9846
4003 5.8407
4004 7.8657
4005 0.0000
4006 12.2213
4007 0.4661
4008 0.8838
4009 1.4101
4010 2.4893
4011 8.7868
4012 0.1368
4013 9.3855
4014 0.0000
4015 4.6055
4016 -2.6959
4017 10.6716
4018 6.1158
4019 7.2720
4020 14.1842
4021 0.0000
4022 3.7100
4023 0.1508
4024 3.4305
4025 0.0000
4026 8.2988
4027 -10.1668
4028 0.7019
4029 1.6202
4030 -1.8030
4031 10.9378
4032 5.7730
4033 3.1888
4034 0.0000
4035 -0.0746
4036 7.5385
4037 3.4192
4038 7.6017
4039 3.7451
4040 4.7008
4041 0.0000
4042 1.1450
4043 4.0265
4044 13.4854
4045 0.0000
4046 1.0057
4047 7.3207
4048 -1.1780
4049 -1.5984
4050 -0.4093
4051 9.7162
4052 4.5241
4053 -1.1834
4054 0.0000
4055 6.0792
4056 -2.1612
4057 -2.0781
4058 8.3198
4059 3.0362
4060 1.2729
4061 0.0000
4062 -0.7682
4063 0.0000
4064 -4.0423
4065 0.0000
4066 -2.0999
4067 0.2710
4068 3.6104
4069 5.6758
4070 8.1688
4071 -2.4121
4072 0.5803
4073 7.0373
4074 0.0000
4075 -0.2940
4076 6.4900
4077 3.4021
4078 1.5182
4079 3.6664
4080 8.8199
4081 0.0000
4082 -0.7048
4083 2.2331
4084 0.0995
4085 7.5737
4086 2.3620
4087 4.4159
4088 0.0000
4089 -2.6562
4090 3.4882
4091 -0.9523
4092 3.3990
4093 4.3471
4094 9.6569
4095 0.0000
4096 2.8326
4097 1.4938
4098 10.2523
4099 7.7807
4100 14.3254
4101 6.1739
4102 0.0000
4103 -2.3919
4104 3.1502
4105 6.4837
4106 -9.5158
4107 2.2798
4108 9.1565
4109 0.0000
4110 -0.6860
4111 -3.0136
4112 -2.8328
4113 13.9562
4114 -0.0645
4115 3.8160
4116 0.0000
4117 -3.4655
4118 4.7484
4119 -4.9003
4120 4.7658
4121 3.4307
4122 -1.7819
4123 0.0000
4124 8.5759
4125 -2.5240
4126 4.8027
4127 7.0158
4128 0.3208
4129 5.4873
4130 0.0000
4131 7.9005
4132 3.7626
4133 5.4025
4134 8.2443
4135 2.8991
4136 3.1870
4137 0.0000
4138 -7.8543
4139 5.4967
4140 3.3262
4141 8.4869
4142 2.1711
4143 9.1871
4144 0.0000
4145 -4.1145
4146 4.6976
4147 3.4327
4148 5.3972
4149 -3.1411
4150 -2.9089
4151 0.0000
4152 -8.6590
4153 -0.3822
4154 8.2826
4155 -1.0028
4156 5.1421
4157 5.4365
4158 0.0000
4159 -2.0422
4160 2.7010
4161 0.9317
4162 6.0134
4163 3.1149
4164 6.8696
4165 0.0000
4166 2.7503
4167 8.5862
4168 -3.9420
4169 1.0689
4170 5.4764
4171 6.3702
4172 0.0000
4173 5.0813
4174 9.7586
4175 -1.3786
4176 -2.4602
4177 -0.2552
4178 -1.2205
4179 0.0000
4180 6.9102
4181 0.0000
4182 4.4595
4183 0.0000
4184 7.6625
4185 0.0000
4186 0.0848
4187 7.0166
4188 0.0000
4189 6.6773
4190 2.1769
4191 5.8194
4192 0.5554
4193 0.0000
4194 10.5790
4195 8.9449
4196 7.6592
4197 0.0000
4198 5.9660
4199 -0.1405
4200 11.9557
4201 0.0000
4202 -0.7390
4203 5.2491
4204 -2.4863
4205 8.3812
4206 7.2162
4207 2.4748
4208 -1.5673
4209 0.7307
4210 0.8862
4211 0.0000
4212 4.1775
4213 -3.8514
4214 0.8065
4215 2.8180
4216 0.7648
4217 3.7351
4218 0.0000
4219 -1.6592
4220 0.4632
4221 5.2266
4222 8.1444
4223 4.4349
4224 3.1983
4225 0.0000
4226 1.6298
4227 4.9322
4228 9.5351
4229 18.9128
4230 2.0330
4231 2.0806
4232 0.0000
4233 0.7415
4234 0.2797
4235 6.8354
4236 6.4541
4237 -0.0497
4238 2.5360
4239 0.0000
4240 2.8182
4241 7.6408
4242 3.1044
4243 6.5508
4244 6.8836
4245 5.0477
4246 0.0000
4247 4.4230
4248 5.2497
4249 3.5041
4250 1.2421
4251 1.6380
4252 3.0526
4253 0.0000
4254 -2.2683
4255 14.1427
4256 1.9041
4257 2.6685
4258 1.5243
4259 -5.7410
4260 0.0000
4261 -6.2716
4262 7.1465
4263 1.8379
4264 3.6071
4265 8.9071
4266 5.2615
4267 0.0000
4268 -0.0901
4269 9.9607
4270 10.8703
4271 0.3781
4272 -3.0948
4273 1.7113
4274 0.0000
4275 -4.5841
4276 -1.2978
4277 5.7040
4278 2.8209
4279 0.1133
4280 4.0644
4281 0.0000
4282 10.7950
4283 1.2500
4284 7.8841
4285 8.0676
4286 5.0878
4287 -4.2641
4288 0.0000
4289 5.4125
4290 0.3920
4291 0.0000
4292 4.5132
4293 3.3137
4294 1.4007
4295 4.2182
4296 5.7600
4297 10.1701
4298 -1.5286
4299 4.2588
4300 0.0000
4301 4.7789
4302 -2.8686
4303 0.0000
4304 3.2908
4305 0.0000
4306 -3.1296
4307 0.0000
4308 3.5715
4309 10.1758
4310 0.0000
4311 6.6189
4312 4.9815
4313 0.0000
4314 2.8447
4315 -0.9811
4316 0.7351
4317 0.0000
4318 2.5488
4319 2.5868
4320 0.0000
4321 10.2385
4322 14.1921
4323 1.4472
4324 0.0000
4325 -0.6829
4326 8.4862
4327 0.0000
4328 -0.6365
4329 7.8008
4330 5.8720
4331 0.0000
4332 -5.7761
4333 -3.1253
4334 0.0000
4335 0.7831
4336 1.7572
4337 4.9261
4338 0.0000
4339 -2.1879
4340 9.9244
4341 0.0000
4342 3.4184
4343 8.8909
4344 8.1989
4345 0.0000
4346 1.7429
4347 7.7657
4348 0.0000
4349 4.9987
4350 4.3473
4351 1.3342
4352 0.0000
4353 -5.7386
4354 2.8209
4355 0.0000
4356 11.6223
4357 9.4154
4358 4.4323
4359 0.0000
4360 -3.0388
4361 9.4481
4362 0.0000
4363 1.6444
4364 9.8126
4365 -0.2310
4366 0.0000
4367 -1.9943
4368 1.1087
4369 0.0000
4370 -4.0610
4371 7.4218
4372 6.5344
4373 0.0000
4374 0.3413
4375 -0.7969
4376 0.0000
4377 7.2582
4378 4.8865
4379 9.0748
4380 0.0000
4381 -0.3252
4382 0.6896
4383 0.0000
4384 3.7455
4385 4.8640
4386 6.1681
4387 0.0000
4388 0.3509
4389 7.9235
4390 0.0000
4391 -3.5780
4392 -0.6334
4393 0.0167
4394 0.0000
4395 0.1345
4396 2.5079
4397 0.0000
4398 17.0940
4399 -0.0910
4400 7.1173
4401 0.0000
4402 4.6949
4403 0.9694
4404 0.0000
4405 8.3004
4406 9.9454
4407 15.6001
4408 0.0000
4409 -2.9121
4410 8.8094
4411 0.0000
4412 3.6404
4413 8.1899
4414 0.4031
4415 0.0000
4416 7.5555
4417 6.6210
4418 0.0000
4419 9.8974
4420 3.9381
4421 10.2238
4422 0.0000
4423 1.9395
4424 0.0000
4425 -5.6242
4426 0.0000
4427 -2.3953
4428 2.3812
4429 0.0000
4430 16.2383
4431 0.0000
4432 2.1992
4433 0.0000
4434 2.8412
4435 5.6959
4436 3.6409
4437 0.0000
4438 1.8816
4439 2.8673
4440 0.1815
4441 0.0000
4442 8.4068
4443 3.7047
4444 -1.4586
4445 0.0000
4446 3.5444
4447 0.0000
4448 9.1195
4449 0.0000
4450 7.1153
4451 -2.2936
4452 0.0000
4453 -3.1174
4454 0.0000
4455 9.6943
4456 -5.0678
4457 3.0656
4458 2.4737
4459 5.8333
4460 4.7234
4461 2.6817
4462 2.7581
4463 -1.0962
4464 1.7949
4465 8.0871
4466 6.5890
4467 3.9088
4468 1.6155
4469 -0.5598
4470 3.0255
4471 0.0000
4472 6.2671
4473 6.4251
4474 8.2768
4475 10.5906
4476 -5.9507
4477 12.5500
4478 -0.1302
4479 3.3565
4480 0.0000
4481 3.7390
4482 15.1259
4483 -2.3553
4484 11.5486
4485 4.1516
4486 6.3697
4487 0.0000
4488 2.7953
4489 6.6862
4490 1.5488
4491 0.0000
4492 4.4525
4493 -3.0653
4494 6.1216
4495 6.7563
4496 1.7324
4497 11.5818
4498 -0.7871
4499 12.7329
4500 0.0000
4501 4.0112
4502 4.8733
4503 -2.3784
4504 6.5641
4505 2.4042
4506 -1.7140
4507 0.0000
4508 1.0240
4509 0.7482
4510 10.1878
4511 0.0000
4512 -0.7028
4513 10.5900
4514 8.8854
4515 2.8247
4516 0.6024
4517 11.9577
4518 4.9365
4519 9.6358
4520 0.0000
4521 5.9356
4522 3.7868
4523 6.6591
4524 -1.5232
4525 -1.6617
4526 5.8903
4527 0.0000
4528 2.7544
4529 3.1661
4530 6.0246
4531 0.0000
4532 11.2698
4533 -3.5552
4534 3.2901
4535 1.4858
4536 -0.4161
4537 11.4451
4538 4.1164
4539 4.0751
4540 0.0000
4541 1.5993
4542 15.9554
4543 5.4011
4544 -0.3944
4545 6.6088
4546 4.1688
4547 0.0000
4548 4.8586
4549 7.7248
4550 2.2010
4551 3.4425
4552 12.0279
4553 -1.9386
4554 10.5674
4555 1.2231
4556 0.4340
4557 6.4852
4558 4.9146
4559 3.1419
4560 1.9843
4561 3.7467
4562 0.0000
4563 -1.1875
4564 -4.0224
4565 7.7199
4566 8.7894
4567 -2.9506
4568 -3.8846
4569 3.1446
4570 7.9281
4571 0.0000
4572 7.1868
4573 5.1325
4574 6.4015
4575 3.5625
4576 4.0619
4577 3.4816
4578 0.0000
4579 -0.6963
4580 3.4313
4581 4.6486
4582 0.0000
4583 6.6987
4584 4.5002
4585 11.7708
4586 11.0526
4587 0.7453
4588 17.6823
4589 5.7422
4590 3.0610
4591 0.0000
4592 11.3219
4593 3.2626
4594 4.6465
4595 0.2376
4596 -3.3744
4597 2.4152
4598 0.0000
4599 2.3271
4600 12.7398
4601 1.3347
4602 0.0000
4603 12.5234
4604 0.2142
4605 6.4892
4606 -1.4104
4607 -4.7874
4608 8.6297
4609 6.4661
4610 4.5815
4611 0.0000
4612 5.0141
4613 5.8277
4614 10.9418
4615 7.6597
4616 9.2266
4617 -2.1199
4618 0.0000
4619 3.4326
4620 3.4219
4621 1.8060
4622 0.0000
4623 2.4827
4624 -5.4336
4625 -0.7664
4626 -0.7380
4627 -0.8528
4628 -0.6131
4629 3.3581
4630 -10.0591
4631 0.0000
4632 0.1576
4633 6.5503
4634 1.3114
4635 4.9975
4636 2.9215
4637 2.6969
4638 0.0000
4639 -3.0961
4640 -5.1455
4641 0.0844
4642 3.3327
4643 4.1243
4644 5.3337
4645 8.1848
4646 5.2935
4647 2.4454
4648 3.7818
4649 3.2796
4650 7.3486
4651 5.5312
4652 16.0314
4653 0.0000
4654 -0.8001
4655 3.1890
4656 -0.6249
4657 7.3705
4658 6.2951
4659 13.5069
4660 6.1199
4661 0.1783
4662 0.0000
4663 7.1049
4664 14.2481
4665 7.9905
4666 -0.5975
4667 4.2184
4668 6.6020
4669 0.0000
4670 -1.9237
4671 2.4752
4672 2.7669
4673 0.0000
4674 1.8629
4675 -1.4751
4676 3.1823
4677 2.3512
4678 5.2435
4679 5.5894
4680 -3.4115
4681 3.1295
4682 0.0000
4683 3.5687
4684 2.6446
4685 5.4659
4686 9.2405
4687 6.5841
4688 -0.8376
4689 0.0000
4690 1.5487
4691 3.3402
4692 -0.5277
4693 0.0000
4694 6.9021
4695 -5.8294
4696 -3.7670
4697 2.9368
4698 1.2627
4699 2.4529
4700 1.0033
4701 2.9535
4702 0.0000
4703 13.1670
4704 5.8648
4705 6.0480
4706 7.8877
4707 3.0956
4708 0.6606
4709 0.0000
4710 -0.1364
4711 4.7200
4712 4.4080
4713 0.0000
4714 -3.5229
4715 -1.2976
4716 1.4457
4717 5.4033
4718 4.4947
4719 6.7943
4720 1.8640
4721 1.0199
4722 0.0000
4723 6.8117
4724 7.6259
4725 -3.3871
4726 3.2687
4727 4.8118
4728 12.6840
4729 0.0000
4730 -5.5672
4731 -1.0836
4732 -1.5888
4733 -2.1785
4734 3.8291
4735 0.7619
4736 16.2897
4737 -1.1240
4738 10.3683
4739 5.3393
4740 13.4507
4741 2.3924
4742 5.8980
4743 3.5297
4744 0.0000
4745 -4.4522
4746 1.4184
4747 -1.5470
4748 7.3486
4749 1.0570
4750 -1.8062
4751 0.4646
4752 4.8714
4753 0.0000
4754 5.8144
4755 1.6870
4756 4.9040
4757 1.0858
4758 4.9016
4759 8.2058
4760 0.0000
4761 0.0843
4762 8.6555
4763 0.1633
4764 0.0000
4765 9.8015
4766 -0.0248
4767 1.8869
4768 0.9008
4769 -2.2236
4770 12.9804
4771 4.9566
4772 6.5787
4773 0.0000
4774 3.8156
4775 2.3315
4776 -0.1687
4777 -7.2587
4778 5.3158
4779 12.8886
4780 0.0000
4781 -5.1958
4782 -2.4498
4783 6.3054
4784 0.0000
4785 5.5186
4786 -0.2976
4787 6.0562
4788 -4.7612
4789 -3.7951
4790 -5.9590
4791 -5.3808
4792 0.4046
4793 0.0000
4794 4.8324
4795 0.0395
4796 -2.1523
4797 0.0858
4798 7.5121
4799 -1.8505
4800 0.0000
4801 1.2229
4802 9.1223
4803 -3.8776
4804 0.0000
4805 4.7307
4806 4.4997
4807 9.9459
4808 2.5627
4809 -0.1439
4810 14.4142
4811 6.3546
4812 8.5738
4813 0.0000
4814 1.1677
4815 5.3309
4816 11.2439
4817 3.6736
4818 -1.6444
4819 -1.8308
4820 0.0000
4821 -1.0986
4822 0.0000
4823 2.5487
4824 0.0000
4825 5.8751
4826 8.3151
4827 1.0757
4828 5.9300
4829 3.5688
4830 6.0275
4831 2.0759
4832 -2.4250
4833 0.0000
4834 0.2126
4835 4.0905
4836 2.9928
4837 4.7062
4838 3.6022
4839 2.2662
4840 0.0000
4841 2.5380
4842 6.4916
4843 2.5764
4844 -0.6633
4845 2.3935
4846 2.8260
4847 0.0000
4848 2.9163
4849 3.9629
4850 11.7446
4851 -7.9636
4852 4.2681
4853 0.5321
4854 0.0000
4855 0.7719
4856 6.9946
4857 -0.2714
4858 -0.7737
4859 7.4579
4860 6.4393
4861 0.0000
4862 -1.8085
4863 -1.0519
4864 0.3428
4865 0.5321
4866 8.3750
4867 -0.7323
4868 0.0000
4869 1.1033
4870 1.4507
4871 7.8298
4872 -1.2648
4873 2.8186
4874 1.9231
4875 0.0000
4876 -2.7281
4877 4.8078
4878 -5.4749
4879 7.0562
4880 9.7666
4881 -0.4203
4882 0.0000
4883 -1.6354
4884 7.5289
4885 3.2401
4886 6.3620
4887 6.7144
4888 3.2252
4889 0.0000
4890 0.4867
4891 -1.8341
4892 10.5790
4893 6.5925
4894 5.6920
4895 2.5852
4896 0.0000
4897 3.0096
4898 -0.9657
4899 6.0610
4900 2.9323
4901 5.0964
4902 -3.9898
4903 0.0000
4904 -1.5674
4905 -2.7296
4906 10.2122
4907 3.6976
4908 6.5086
4909 4.8851
4910 0.0000
4911 -4.5041
4912 -5.0508
4913 12.9132
4914 10.6054
4915 2.1064
4916 -2.6389
4917 0.0000
4918 3.2441
4919 5.9126
4920 7.1451
4921 11.0830
4922 2.7113
4923 0.1478
4924 0.0000
4925 9.0435
4926 11.6992
4927 -2.2811
4928 1.1441
4929 7.7773
4930 -5.4870
4931 0.0000
4932 10.1606
4933 1.9072
4934 7.8283
4935 7.4891
4936 -0.4636
4937 -1.5709
4938 0.0000
4939 -0.6364
4940 0.0000
4941 -6.8224
4942 0.0000
4943 6.4277
4944 0.0000
4945 7.4406
4946 -3.8061
4947 0.0000
4948 -0.9084
4949 0.2466
4950 5.6515
4951 8.5503
4952 0.0000
4953 8.1047
4954 0.7675
4955 13.9802
4956 0.0000
4957 -1.8718
4958 9.4732
4959 7.5043
4960 0.0000
4961 1.6049
4962 0.4203
4963 -7.0675
4964 1.1242
4965 0.2662
4966 5.9702
4967 5.2303
4968 4.4080
4969 11.0206
4970 0.0000
4971 -0.8251
4972 2.2818
4973 3.7661
4974 1.9981
4975 4.8569
4976 3.4296
4977 0.0000
4978 3.2175
4979 9.0979
4980 7.9985
4981 -0.0087
4982 -1.3551
4983 5.4589
4984 0.0000
4985 -2.6093
4986 -4.3252
4987 4.9884
4988 5.3101
4989 4.9633
4990 3.1130
4991 0.0000
4992 -0.9620
4993 5.4881
4994 0.7468
4995 8.5367
4996 -4.0987
4997 3.2925
4998 0.0000
4999 3.7474
5000 3.4673
5001 -0.6391
5002 0.9467
5003 9.4274
5004 -2.8265
5005 0.0000
5006 -2.1821
5007 1.7394
5008 5.0034
5009 2.2539
5010 4.8226
5011 2.7891
5012 0.0000
5013 7.5121
5014 4.7378
5015 10.2822
5016 6.8373
5017 0.7278
5018 5.2630
5019 0.0000
5020 -5.9618
5021 -4.3215
5022 2.6478
5023 3.7164
5024 4.5316
5025 5.3191
5026 0.0000
5027 7.8693
5028 -0.4195
5029 4.8726
5030 1.0387
5031 2.9179
5032 9.8882
5033 0.0000
5034 0.3223
5035 7.2850
5036 3.2268
5037 5.4824
5038 7.0540
5039 9.2924
5040 0.0000
5041 -3.8291
5042 7.8611
5043 7.8749
5044 1.1588
5045 9.6775
5046 -3.0726
5047 0.0000
5048 -7.1826
5049 -1.1683
5050 0.0000
5051 2.7566
5052 -1.0463
5053 0.3746
5054 1.5562
5055 -0.5725
5056 5.4656
5057 3.0371
5058 1.6929
5059 0.0000
5060 6.6624
5061 8.4419
5062 0.0000
5063 2.4431
5064 0.0000
5065 -0.8906
5066 0.0000
5067 0.0011
5068 1.8251
5069 0.0000
5070 3.2745
5071 4.5538
5072 0.0000
5073 2.0733
5074 2.2332
5075 1.1142
5076 0.0000
5077 4.6804
5078 6.1252
5079 0.0000
5080 6.6173
5081 7.2728
5082 7.1966
5083 0.0000
5084 5.4113
5085 1.7075
5086 0.0000
5087 0.0435
5088 2.1953
5089 -0.2572
5090 0.0000
5091 -7.0231
5092 -6.0557
5093 0.0000
5094 3.8137
5095 2.6039
5096 1.7371
5097 0.0000
5098 1.8762
5099 2.8276
5100 0.0000
5101 -0.3497
5102 0.2023
5103 0.1699
5104 0.0000
5105 6.0437
5106 4.7843
5107 0.0000
5108 -3.9928
5109 8.9313
5110 2.4907
5111 0.0000
5112 -2.3125
5113 3.7733
5114 0.0000
5115 4.2136
5116 9.9021
5117 4.0765
5118 0.0000
5119 3.4496
5120 0.1636
5121 0.0000
5122 -0.1212
5123 1.9188
5124 -5.2276
5125 0.0000
5126 2.9990
5127 7.6750
5128 0.0000
5129 5.0095
5130 4.4138
5131 6.5450
5132 0.0000
5133 1.5714
5134 9.3404
5135 0.0000
5136 7.1975
5137 8.9984
5138 1.9841
5139 0.0000
5140 1.9534
5141 9.5863
5142 0.0000
5143 -1.4254
5144 2.3572
5145 4.7942
5146 0.0000
5147 2.6425
5148 2.7124
5149 0.0000
5150 10.1003
5151 -1.5091
5152 -2.1302
5153 0.0000
5154 -3.2457
5155 13.4911
5156 0.0000
5157 2.2678
5158 -3.9311
5159 7.3370
5160 0.0000
5161 7.6008
5162 -3.4119
5163 0.0000
5164 2.6670
5165 2.3647
5166 10.0924
5167 0.0000
5168 6.8434
5169 4.5522
5170 0.0000
5171 -2.3450
5172 0.8603
5173 -1.0637
5174 0.0000
5175 -1.7044
5176 6.2808
5177 0.0000
5178 2.0015
5179 -1.3511
5180 11.0915
5181 0.0000
5182 10.4922
5183 0.0000
5184 -1.4805
5185 0.0000
5186 -2.2593
5187 4.9243
5188 0.0000
5189 4.2757
5190 0.0000
5191 9.4054
5192 0.0000
5193 3.1168
5194 4.3189
5195 2.2113
5196 0.0000
5197 5.4961
5198 -5.4128
5199 6.7065
5200 0.0000
5201 -2.6035
5202 4.3563
5203 2.8423
5204 0.0000
5205 -7.1340
5206 0.0000
5207 0.4818
5208 0.0000
5209 10.8694
5210 1.8954
5211 0.0000
5212 -3.0358
5213 0.0000
5214 5.6131
5215 -0.4329
5216 -4.1149
5217 2.0156
5218 7.4868
5219 -1.1563
5220 11.5896
5221 -0.0716
5222 2.0253
5223 5.7574
5224 2.0817
5225 4.9823
5226 6.0534
5227 7.3596
5228 3.7877
5229 10.8700
5230 0.0000
5231 -1.4465
5232 0.2588
5233 -2.3454
5234 2.8075
5235 -4.6706
5236 4.6659
5237 6.3198
5238 3.4292
5239 0.0000
5240 3.9495
5241 6.4945
5242 3.1678
5243 8.0003
5244 6.9565
5245 1.3360
5246 0.0000
5247 5.1853
5248 7.4408
5249 5.3225
5250 0.0000
5251 5.8740
5252 0.7860
5253 8.3070
5254 6.1112
5255 0.4168
5256 5.6561
5257 -6.7962
5258 8.3464
5259 0.0000
5260 8.0734
5261 -0.0355
5262 5.0261
5263 4.4099
5264 2.1567
5265 8.2469
5266 0.0000
5267 2.2392
5268 2.0766
5269 7.0241
5270 0.0000
5271 5.0180
5272 -2.2815
5273 7.5335
5274 13.8069
5275 -8.8555
5276 14.5071
5277 2.0395
5278 3.2948
5279 0.0000
5280 6.4964
5281 -0.5444
5282 6.9918
5283 7.3338
5284 0.8934
5285 -1.6969
5286 0.0000
5287 0.9536
5288 3.5340
5289 1.9023
5290 0.0000
5291 11.1245
5292 -3.5731
5293 -4.4226
5294 -1.4358
5295 0.5187
5296 3.5460
5297 1.9082
5298 4.3886
5299 0.0000
5300 12.8188
5301 5.9414
5302 11.2261
5303 2.7982
5304 9.1309
5305 4.7871
5306 0.0000
5307 10.7047
5308 5.9677
5309 8.7505
5310 5.4992
5311 5.1684
5312 9.2720
5313 1.7256
5314 8.4755
5315 3.1416
5316 -2.1635
5317 11.7062
5318 -0.7042
5319 5.0980
5320 -0.6417
5321 0.0000
5322 9.7328
5323 5.6268
5324 7.0780
5325 4.5985
5326 3.7907
5327 10.4097
5328 -0.5376
5329 4.9918
5330 0.0000
5331 2.5691
5332 -1.3311
5333 7.7960
5334 6.4141
5335 8.1881
5336 8.3362
5337 0.0000
5338 -3.0588
5339 2.6770
5340 15.5654
5341 0.0000
5342 5.6156
5343 2.7393
5344 0.9605
5345 0.0204
5346 -0.5302
5347 16.3276
5348 7.7019
5349 6.3008
5350 0.0000
5351 -0.8846
5352 -3.5566
5353 5.2629
5354 7.9762
5355 -1.4290
5356 6.5490
5357 0.0000
5358 -4.7913
5359 -3.4867
5360 1.4553
5361 0.0000
5362 -0.9971
5363 2.7092
5364 7.8575
5365 -0.7287
5366 7.9498
5367 -4.1083
5368 -0.0931
5369 11.6469
5370 0.0000
5371 5.2950
5372 2.7145
5373 -4.1765
5374 2.3014
5375 -6.2231
5376 0.3408
5377 0.0000
5378 -1.6247
5379 5.4772
5380 2.3772
5381 0.0000
5382 -2.3406
5383 -1.4362
5384 -4.3402
5385 7.7624
5386 8.5707
5387 -1.4172
5388 -2.2224
5389 6.9884
5390 0.0000
5391 5.0567
5392 6.1101
5393 11.5408
5394 -1.4072
5395 11.4180
5396 7.1329
5397 0.0000
5398 2.4922
5399 -3.1180
5400 4.1549
5401 4.3118
5402 3.8896
5403 4.8206
5404 9.7371
5405 6.4644
5406 9.4107
5407 3.4432
5408 2.5986
5409 -3.7746
5410 -1.3672
5411 2.0369
5412 0.0000
5413 7.8520
5414 1.6195
5415 7.6147
5416 -1.4526
5417 -6.2857
5418 -2.1498
5419 -3.2708
5420 5.0745
5421 0.0000
5422 6.7436
5423 6.6158
5424 1.5050
5425 0.2811
5426 9.4476
5427 5.7657
5428 0.0000
5429 1.4073
5430 1.1371
5431 4.8434
5432 0.0000
5433 2.8424
5434 -7.2270
5435 2.7136
5436 0.8315
5437 4.4080
5438 8.4109
5439 9.2516
5440 1.2215
5441 0.0000
5442 2.1256
5443 4.5508
5444 3.1868
5445 2.1232
5446 7.9586
5447 11.8393
5448 0.0000
5449 0.8381
5450 5.2175
5451 7.7835
5452 0.0000
5453 2.0387
5454 3.8955
5455 8.9774
5456 3.4408
5457 -1.8197
5458 4.0883
5459 13.5041
5460 9.7766
5461 0.0000
5462 9.9753
5463 3.9869
5464 -1.0386
5465 1.9290
5466 4.0501
5467 4.7941
5468 0.0000
5469 2.6011
5470 -2.3709
5471 3.1084
5472 0.0000
5473 1.2140
5474 -5.5915
5475 7.2634
5476 5.3393
5477 -9.8469
5478 -2.5325
5479 -1.3173
5480 6.8387
5481 0.0000
5482 3.3368
5483 3.0682
5484 4.8471
5485 4.7607
5486 2.2962
5487 4.3291
5488 0.0000
5489 -2.0667
5490 9.4008
5491 4.0248
5492 1.8330
5493 -0.0868
5494 8.4779
5495 7.0800
5496 0.6239
5497 4.6252
5498 6.6703
5499 2.3118
5500 -4.2260
5501 4.9043
5502 7.7809
5503 0.0000
5504 5.2600
5505 -2.5358
5506 5.2979
5507 -0.0493
5508 -1.7381
5509 -2.9142
5510 3.4560
5511 1.8855
5512 0.0000
5513 5.2154
5514 9.2511
5515 6.9433
5516 8.9996
5517 3.8364
5518 14.5336
5519 0.0000
5520 3.0877
5521 1.4110
5522 0.4794
5523 0.0000
5524 11.9376
5525 3.9587
5526 9.5687
5527 -2.2957
5528 4.3736
5529 16.4845
5530 -2.4203
5531 10.5930
5532 0.0000
5533 -0.1491
5534 3.5746
5535 7.3041
5536 -7.9506
5537 4.2988
5538 -2.0658
5539 0.0000
5540 1.2519
5541 3.1975
5542 6.0192
5543 0.0000
5544 2.4107
5545 3.4003
5546 6.1432
5547 8.1560
5548 -3.4914
5549 -10.9730
5550 1.8051
5551 2.8154
5552 0.0000
5553 5.7142
5554 5.7132
5555 5.4771
5556 3.3824
5557 11.5153
5558 -6.0242
5559 0.0000
5560 -2.4436
5561 3.8401
5562 3.3601
5563 0.0000
5564 4.3991
5565 3.2551
5566 7.1749
5567 5.5089
5568 0.0495
5569 10.7474
5570 4.4012
5571 3.8516
5572 0.0000
5573 -6.0379
5574 5.6924
5575 4.2477
5576 8.1970
5577 -4.2424
5578 -1.5933
5579 0.0000
5580 -2.1046
5581 0.0000
5582 0.4963
5583 0.0000
5584 6.9030
5585 5.1316
5586 -0.1063
5587 6.6024
5588 4.7434
5589 -4.5964
5590 0.8461
5591 6.6202
5592 0.0000
5593 5.3070
5594 9.1624
5595 11.5675
5596 0.7217
5597 4.6493
5598 -0.3604
5599 0.0000
5600 -4.7038
5601 -1.3182
5602 3.7797
5603 9.2500
5604 5.2862
5605 0.5514
5606 0.0000
5607 7.5417
5608 3.7118
5609 4.4667
5610 6.3326
5611 2.8190
5612 1.3296
5613 0.0000
5614 -1.2649
5615 3.8239
5616 7.2441
5617 2.7875
5618 6.3258
5619 2.8885
5620 0.0000
5621 1.5876
5622 4.6160
5623 2.8280
5624 8.1079
5625 6.8762
5626 4.4934
5627 0.0000
5628 -2.6436
5629 2.6855
5630 3.1949
5631 2.9625
5632 8.1637
5633 0.6477
5634 0.0000
5635 -4.6307
5636 5.3119
5637 4.9828
5638 5.6491
5639 -2.6369
5640 0.8702
5641 0.0000
5642 1.4144
5643 2.1883
5644 0.8515
5645 5.0843
5646 8.3217
5647 9.2917
5648 0.0000
5649 -1.9624
5650 6.4847
5651 0.2910
5652 0.2085
5653 12.1444
5654 5.1925
5655 0.0000
5656 -1.1104
5657 5.5807
5658 2.7355
5659 1.6056
5660 3.4821
5661 4.1186
5662 0.0000
5663 0.3341
5664 1.6378
5665 6.4521
5666 7.7749
5667 10.4304
5668 -0.7679
5669 0.0000
5670 2.0698
5671 -4.2472
5672 0.8227
5673 5.6921
5674 3.2783
5675 -0.8347
5676 0.0000
5677 4.6086
5678 -1.9162
5679 4.6376
5680 9.6699
5681 -0.7863
5682 11.0812
5683 0.0000
5684 -1.9454
5685 13.3818
5686 8.6436
5687 6.6986
5688 9.7077
5689 8.5456
5690 0.0000
5691 -0.8929
5692 6.1711
5693 5.9079
5694 9.7410
5695 0.4035
5696 2.9139
5697 0.0000
5698 2.7051
5699 0.0000
5700 0.3392
5701 0.0000
5702 10.4326
5703 0.0000
5704 0.8243
5705 5.2131
5706 0.0000
5707 1.2304
5708 -0.8458
5709 14.1450
5710 4.4670
5711 0.0000
5712 1.6340
5713 4.4890
5714 1.3421
5715 0.0000
5716 6.5615
5717 2.7232
5718 7.7422
5719 0.0000
5720 6.6480
5721 -1.8356
5722 -2.9823
5723 0.8284
5724 3.0084
5725 8.2619
5726 5.0402
5727 5.0208
5728 8.9848
5729 0.0000
5730 2.9241
5731 2.9164
5732 1.3125
5733 7.0488
5734 4.8038
5735 -2.4224
5736 0.0000
5737 -0.5583
5738 1.5172
5739 1.6304
5740 0.9335
5741 -1.8792
5742 6.5359
5743 0.0000
5744 1.8783
5745 4.9413
5746 -3.5119
5747 6.3133
5748 -0.0186
5749 1.9068
5750 0.0000
5751 3.3366
5752 14.5324
5753 5.2733
5754 -6.1676
5755 3.0638
5756 -3.1809
5757 0.0000
5758 -1.0294
5759 3.7395
5760 3.6913
5761 -1.9571
5762 -5.8178
5763 0.7813
5764 0.0000
5765 6.1249
5766 9.2621
5767 2.2126
5768 4.2011
5769 10.2296
5770 -1.6568
5771 0.0000
5772 2.2173
5773 11.0021
5774 0.5266
5775 10.5421
5776 7.2413
5777 6.1923
5778 0.0000
5779 8.2349
5780 1.3101
5781 11.3749
5782 5.0202
5783 1.9494
5784 6.5686
5785 0.0000
5786 -0.6094
5787 0.4078
5788 -2.6346
5789 6.8383
5790 6.9876
5791 0.4117
5792 0.0000
5793 0.3189
5794 2.6839
5795 3.2313
5796 -1.6152
5797 2.4331
5798 5.6334
5799 0.0000
5800 -5.6860
5801 2.6825
5802 11.9228
5803 9.7229
5804 4.7267
5805 2.4635
5806 0.0000
5807 3.5796
5808 4.7417
5809 0.0000
5810 -0.1895
5811 -3.7354
5812 -4.4778
5813 -1.2275
5814 9.1178
5815 7.6410
5816 7.0029
5817 4.6028
5818 0.0000
5819 2.3611
5820 2.6609
5821 0.0000
5822 10.5251
5823 0.0000
5824 5.8894
5825 0.0000
5826 9.3541
5827 5.3211
5828 0.0000
5829 5.3827
5830 9.4615
5831 0.0000
5832 7.9762
5833 0.0286
5834 0.1409
5835 0.0000
5836 1.2712
5837 8.3185
5838 0.0000
5839 7.4775
5840 8.3334
5841 -4.0040
5842 0.0000
5843 0.6987
5844 6.5475
5845 0.0000
5846 2.9400
5847 9.2228
5848 8.2972
5849 0.0000
5850 -1.1460
5851 1.6623
5852 0.0000
5853 -2.0078
5854 7.2398
5855 6.4637
5856 0.0000
5857 6.4439
5858 2.9555
5859 0.0000
5860 1.9458
5861 3.5990
5862 8.2739
5863 0.0000
5864 7.3081
5865 8.9315
5866 0.0000
5867 3.2855
5868 2.2418
5869 1.6982
5870 0.0000
5871 3.9913
5872 -4.2165
5873 0.0000
5874 6.9519
5875 5.0201
5876 6.2811
5877 0.0000
5878 1.0544
5879 8.3555
5880 0.0000
5881 7.3402
5882 6.8919
5883 -0.2899
5884 0.0000
5885 6.4238
5886 -0.4074
5887 0.0000
5888 -2.0207
5889 -0.4500
5890 6.7337
5891 0.0000
5892 2.8834
5893 -0.0263
5894 0.0000
5895 8.4813
5896 5.4133
5897 12.6277
5898 0.0000
5899 -1.3403
5900 1.5684
5901 0.0000
5902 3.1505
5903 5.5813
5904 4.3454
5905 0.0000
5906 2.8236
5907 4.6434
5908 0.0000
5909 -1.0939
5910 0.8262
5911 1.0324
5912 0.0000
5913 -0.4830
5914 6.5053
5915 0.0000
5916 0.7427
5917 3.3716
5918 2.9666
5919 0.0000
5920 -5.5650
5921 10.1678
5922 0.0000
5923 7.8545
5924 -0.6235
5925 8.8067
5926 0.0000
5927 2.4274
5928 8.0119
5929 0.0000
5930 5.2756
5931 3.9477
5932 8.4247
5933 0.0000
5934 4.8420
5935 2.7838
5936 0.0000
5937 3.0542
5938 4.4283
5939 -1.0993
5940 0.0000
5941 0.2086
5942 0.0000
5943 0.2853
5944 0.0000
5945 5.1427
5946 2.3061
5947 0.0000
5948 2.4930
5949 0.0000
5950 10.2075
5951 0.0000
5952 4.1976
5953 2.8446
5954 4.4140
5955 0.0000
5956 1.6956
5957 5.9981
5958 3.9836
5959 0.0000
5960 1.5759
5961 6.4796
5962 7.9954
5963 0.0000
5964 5.8518
5965 0.0000
5966 4.1915
5967 0.0000
5968 1.4931
5969 5.9557
5970 0.0000
5971 1.8654
5972 0.0000
5973 -1.5816
5974 6.8955
5975 6.9572
5976 3.8922
5977 8.2584
5978 3.0156
5979 -4.3648
5980 -0.7640
5981 -1.3939
5982 -4.7589
5983 4.0607
5984 7.2348
5985 -6.6023
5986 -5.6754
5987 4.2330
5988 7.0466
5989 0.0000
5990 8.2142
5991 -7.4816
5992 9.4550
5993 5.7871
5994 3.4572
5995 12.2893
5996 8.2531
5997 6.4692
5998 0.0000
5999 -0.0756
6000 9.0137
6001 5.3894
6002 2.5149
6003 -1.5651
6004 4.8945
6005 0.0000
6006 1.9101
6007 4.1747
6008 2.3430
6009 0.0000
6010 3.3181
6011 -5.0358
6012 4.3805
6013 2.0781
6014 1.2939
6015 5.0181
6016 5.6284
6017 7.4557
6018 0.0000
6019 6.1067
6020 4.7579
6021 8.0342
6022 -0.8213
6023 5.4654
6024 4.5213
6025 0.0000
6026 2.5197
6027 8.0593
6028 1.6134
6029 0.0000
6030 4.1596
6031 2.1032
6032 9.0602
6033 -1.9650
6034 2.2735
6035 8.7380
6036 7.3582
6037 10.5478
6038 0.0000
6039 4.2942
6040 6.5795
6041 4.1894
6042 0.9315
6043 7.1644
6044 3.9998
6045 0.0000
6046 -0.8620
6047 10.0117
6048 8.4225
6049 0.0000
6050 -0.9785
6051 10.6413
6052 0.5447
6053 3.6427
6054 -2.7278
6055 11.3375
6056 3.3596
6057 2.4258
6058 0.0000
6059 8.6725
6060 3.3096
6061 4.1698
6062 4.7270
6063 1.1286
6064 -0.9725
6065 0.0000
6066 7.4831
6067 6.0695
6068 6.9393
6069 4.4607
6070 8.4670
6071 1.7025
6072 9.4697
6073 10.5489
6074 9.8671
6075 3.6224
6076 3.5609
6077 -1.0123
6078 -0.3578
6079 -1.5931
6080 0.0000
6081 3.4720
6082 0.9140
6083 5.8496
6084 3.8826
6085 -0.0672
6086 10.4678
6087 -0.2824
6088 6.3952
6089 0.0000
6090 11.6445
6091 4.5428
6092 10.1429
6093 6.7506
6094 7.5669
6095 2.3837
6096 0.0000
6097 2.9622
6098 -1.0013
6099 7.5230
6100 0.0000
6101 -3.7378
6102 4.9829
6103 4.6705
6104 10.5902
6105 2.3141
6106 2.1742
6107 5.5502
6108 2.9912
6109 0.0000
6110 6.0310
6111 11.8571
6112 -3.2626
6113 0.4266
6114 7.3896
6115 6.7136
6116 0.0000
6117 5.9282
6118 6.6323
6119 6.4456
6120 0.0000
6121 1.5598
6122 9.8751
6123 2.5695
6124 0.7733
6125 -2.0577
6126 -2.1295
6127 0.8236
6128 10.9781
6129 0.0000
6130 4.5070
6131 1.9399
6132 2.4878
6133 3.0686
6134 4.9088
6135 -0.7147
6136 0.0000
6137 2.2587
6138 2.4749
6139 5.7460
6140 0.0000
6141 0.9539
6142 2.3617
6143 6.2988
6144 8.4729
6145 -0.9403
6146 -1.1045
6147 1.3603
6148 -3.5908
6149 0.0000
6150 6.1716
6151 4.9347
6152 5.6365
6153 -3.1890
6154 6.6659
6155 6.3476
6156 0.0000
6157 4.3863
6158 3.7696
6159 3.9407
6160 -1.1048
6161 5.2539
6162 -0.7548
6163 6.7964
6164 6.8063
6165 -1.3819
6166 1.4949
6167 8.6748
6168 1.4054
6169 1.9396
6170 7.1166
6171 0.0000
6172 5.7020
6173 0.4680
6174 2.8604
6175 6.0856
6176 2.9291
6177 4.9992
6178 -7.5302
6179 7.0866
6180 0.0000
6181 5.1423
6182 8.7681
6183 0.2815
6184 4.9545
6185 10.1749
6186 4.3504
6187 0.0000
6188 6.4823
6189 -1.7690
6190 7.2421
6191 0.0000
6192 3.8318
6193 3.0298
6194 5.7657
6195 1.2931
6196 -4.9471
6197 7.8343
6198 2.8103
6199 -0.7471
6200 0.0000
6201 6.4175
6202 -0.7698
6203 6.0140
6204 4.1891
6205 -2.0529
6206 5.6415
6207 0.0000
6208 2.4617
6209 6.5829
6210 -2.8741
6211 0.0000
6212 -3.5282
6213 -5.4826
6214 5.7773
6215 10.0968
6216 -0.0654
6217 -4.1170
6218 -2.7994
6219 4.0928
6220 0.0000
6221 0.5336
6222 10.5996
6223 4.2594
6224 4.1420
6225 9.0304
6226 5.5871
6227 0.0000
6228 0.9722
6229 6.7663
6230 5.0024
6231 0.0000
6232 5.7472
6233 -3.1727
6234 3.0481
6235 9.0532
6236 1.2680
6237 8.4241
6238 9.1745
6239 9.9149
6240 0.0000
6241 3.7799
6242 2.6711
6243 4.5002
6244 4.6259
6245 0.5584
6246 2.8568
6247 0.0000
6248 -1.7793
6249 -0.1931
6250 11.5221
6251 6.1632
6252 8.5947
6253 3.9583
6254 4.3561
6255 5.7095
6256 2.4556
6257 4.5874
6258 7.5602
6259 5.4708
6260 2.7783
6261 1.9423
6262 0.0000
6263 6.8267
6264 -6.3441
6265 1.9122
6266 -1.5961
6267 2.5586
6268 0.4990
6269 -0.2434
6270 2.6729
6271 0.0000
6272 10.0166
6273 4.1575
6274 -2.2544
6275 7.7377
6276 6.3022
6277 1.2629
6278 0.0000
6279 0.9926
6280 9.7886
6281 -3.4282
6282 0.0000
6283 8.6862
6284 -0.2568
6285 3.2472
6286 9.2736
6287 -3.8532
6288 12.2315
6289 7.9381
6290 11.9570
6291 0.0000
6292 0.5463
6293 5.2664
6294 6.1030
6295 4.5729
6296 0.2209
6297 5.2476
6298 0.0000
6299 -4.4002
6300 6.3028
6301 9.5424
6302 0.0000
6303 -0.4464
6304 -2.9364
6305 10.5557
6306 15.8856
6307 0.7422
6308 -0.7032
6309 5.4527
6310 2.1035
6311 0.0000
6312 6.3647
6313 5.8514
6314 4.9411
6315 12.3176
6316 6.1545
6317 -3.6517
6318 0.0000
6319 -3.5764
6320 2.8508
6321 -0.8547
6322 0.0000
6323 1.4186
6324 1.8165
6325 11.7384
6326 3.3231
6327 -3.2183
6328 10.8485
6329 9.6246
6330 3.9826
6331 0.0000
6332 1.1383
6333 4.8021
6334 0.9704
6335 12.1398
6336 -4.9792
6337 -1.5231
6338 0.0000
6339 0.6955
6340 0.0000
6341 2.0847
6342 0.0000
6343 0.4349
6344 7.5431
6345 -3.2500
6346 5.6874
6347 4.8792
6348 4.7191
6349 2.0962
6350 9.9918
6351 0.0000
6352 -7.8571
6353 6.5271
6354 9.3683
6355 5.6106
6356 1.2809
6357 -1.2134
6358 0.0000
6359 -7.0337
6360 -0.5930
6361 9.3973
6362 3.1386
6363 3.6691
6364 6.6150
6365 0.0000
6366 0.4650
6367 15.4739
6368 11.1787
6369 8.4376
6370 4.6575
6371 0.0016
6372 0.0000
6373 -0.0813
6374 6.4008
6375 7.0767
6376 7.4756
6377 8.9507
6378 -1.8605
6379 0.0000
6380 -1.9680
6381 4.5066
6382 6.8381
6383 5.2953
6384 1.4700
6385 6.0905
6386 0.0000
6387 9.9543
6388 3.8222
6389 4.2790
6390 0.9402
6391 1.2433
6392 5.6148
6393 0.0000
6394 -4.6784
6395 4.9539
6396 -1.3923
6397 8.5887
6398 1.3637
6399 4.1284
6400 0.0000
6401 4.1019
6402 9.9289
6403 7.5563
6404 11.0347
6405 -2.3923
6406 -3.6504
6407 0.0000
6408 4.8154
6409 6.5593
6410 3.2288
6411 5.2736
6412 4.6194
6413 -0.1166
6414 0.0000
6415 6.0601
6416 0.6434
6417 -2.6327
6418 6.3095
6419 3.5189
6420 1.4571
6421 0.0000
6422 -6.3493
6423 6.7762
6424 15.0429
6425 4.6065
6426 2.5759
6427 -0.0151
6428 0.0000
6429 7.2000
6430 2.6004
6431 5.4658
6432 0.9463
6433 1.3553
6434 0.5488
6435 0.0000
6436 -3.0686
6437 8.7661
6438 6.3354
6439 5.9639
6440 -3.7800
6441 2.3813
6442 0.0000
6443 -1.8229
6444 -2.2765
6445 -0.2786
6446 3.4429
6447 6.5519
6448 3.4806
6449 0.0000
6450 -0.0774
6451 8.3407
6452 5.0490
6453 1.6855
6454 -2.0564
6455 -5.9751
6456 0.0000
6457 1.1148
6458 0.0000
6459 3.0903
6460 0.0000
6461 1.0289
6462 0.0000
6463 -1.0919
6464 4.1474
6465 0.0000
6466 8.9641
6467 5.7346
6468 5.6278
6469 4.2453
6470 0.0000
6471 0.3932
6472 6.6118
6473 10.3073
6474 0.0000
6475 0.8961
6476 5.0685
6477 4.8147
6478 0.0000
6479 5.8627
6480 8.7481
6481 2.7454
6482 0.7536
6483 1.9736
6484 6.2128
6485 5.9855
6486 -1.4062
6487 2.1987
6488 0.0000
6489 -6.7933
6490 5.9922
6491 7.1772
6492 2.4274
6493 9.1894
6494 2.9788
6495 0.0000
6496 -4.8144
6497 -1.7667
6498 -0.3662
6499 6.0621
6500 2.9159
6501 7.9516
6502 0.0000
6503 2.5658
6504 10.2718
6505 3.0298
6506 1.7558
6507 7.7358
6508 -4.6013
6509 0.0000
6510 5.2285
6511 4.8813
6512 0.5219
6513 2.9431
6514 1.9987
6515 0.4561
6516 0.0000
6517 1.4117
6518 5.4963
6519 2.1816
6520 4.5684
6521 7.6119
6522 2.5396
6523 0.0000
6524 -0.4454
6525 7.2753
6526 4.8042
6527 8.1516
6528 0.0183
6529 5.4871
6530 0.0000
6531 9.5509
6532 7.6306
6533 -0.9344
6534 -4.4096
6535 4.9294
6536 -0.3841
6537 0.0000
6538 -5.3161
6539 -0.6989
6540 -0.5977
6541 5.4151
6542 -2.9529
6543 -3.5320
6544 0.0000
6545 6.6663
6546 6.7877
6547 6.6703
6548 8.2988
6549 -3.1393
6550 4.2991
6551 0.0000
6552 2.1035
6553 -5.9948
6554 -1.9683
6555 0.5257
6556 3.0867
6557 8.3384
6558 0.0000
6559 3.3677
6560 -2.5387
6561 5.3408
6562 9.9896
6563 7.3552
6564 -3.0339
6565 0.0000
6566 -1.1603
6567 1.6477
6568 0.0000
6569 3.8437
6570 -6.0272
6571 1.9888
6572 -1.8365
6573 3.9284
6574 2.0153
6575 3.9075
6576 -1.1003
6577 0.0000
6578 10.8189
6579 6.3198
6580 0.0000
6581 3.8580
6582 0.0000
6583 -1.1817
6584 0.0000
6585 7.7855
6586 -5.7609
6587 0.0000
6588 12.9462
6589 3.0994
6590 0.0000
6591 0.9412
6592 -1.7771
6593 2.2765
6594 0.0000
6595 2.9467
6596 -2.1338
6597 0.0000
6598 7.6700
6599 5.6217
6600 0.7293
6601 0.0000
6602 -1.9803
6603 6.7526
6604 0.0000
6605 3.1684
6606 6.9118
6607 6.3519
6608 0.0000
6609 -3.5536
6610 10.5309
6611 0.0000
6612 6.5707
6613 6.9883
6614 -3.2326
6615 0.0000
6616 3.8369
6617 7.7248
6618 0.0000
6619 -0.2134
6620 2.1608
6621 2.8662
6622 0.0000
6623 1.2151
6624 3.7967
6625 0.0000
6626 1.0870
6627 -1.7746
6628 0.7865
6629 0.0000
6630 3.1799
6631 3.5309
6632 0.0000
6633 6.5799
6634 1.8197
6635 4.8203
6636 0.0000
6637 -1.6501
6638 -2.8904
6639 0.0000
6640 7.6895
6641 -3.5326
6642 8.6231
6643 0.0000
6644 -0.0812
6645 4.4962
6646 0.0000
6647 9.1659
6648 13.4995
6649 2.5859
6650 0.0000
6651 2.8092
6652 -1.6931
6653 0.0000
6654 3.9601
6655 -1.2992
6656 1.0884
6657 0.0000
6658 -0.9552
6659 -1.1954
6660 0.0000
6661 6.3767
6662 -1.8670
6663 0.6115
6664 0.0000
6665 -0.3291
6666 11.3202
6667 0.0000
6668 0.4504
6669 2.7334
6670 -3.5862
6671 0.0000
6672 0.0832
6673 3.5804
6674 0.0000
6675 7.6748
6676 9.3052
6677 3.6109
6678 0.0000
6679 0.0258
6680 7.2076
6681 0.0000
6682 16.2200
6683 2.5050
6684 11.9295
6685 0.0000
6686 3.0088
6687 -4.8566
6688 0.0000
6689 2.8636
6690 5.0378
6691 6.1729
6692 0.0000
6693 2.1708
6694 1.9858
6695 0.0000
6696 1.2368
6697 4.6423
6698 -4.3917
6699 0.0000
6700 -5.8562
6701 0.0000
6702 2.3437
6703 0.0000
6704 10.5908
6705 6.4761
6706 0.0000
6707 3.3716
6708 0.0000
6709 4.6166
6710 0.0000
6711 10.5444
6712 3.2152
6713 5.4071
6714 0.0000
6715 2.0837
6716 6.8405
6717 2.0706
6718 0.0000
6719 2.6515
6720 -1.8635
6721 1.7167
6722 0.0000
6723 5.2293
6724 0.0000
6725 8.8069
6726 0.0000
6727 -7.0212
6728 3.1218
6729 0.0000
6730 3.5721
6731 0.0000
6732 5.8653
6733 4.4503
6734 3.1248
6735 10.0840
6736 7.0283
6737 6.1644
6738 6.5063
6739 4.0391
6740 5.5254
6741 7.2232
6742 1.1117
6743 2.1011
6744 0.5061
6745 -0.2763
6746 3.6378
6747 8.0127
6748 0.0000
6749 5.4406
6750 -3.0581
6751 2.1703
6752 4.3262
6753 -0.7368
6754 4.3577
6755 5.1209
6756 9.0129
6757 0.0000
6758 1.2964
6759 3.9261
6760 -1.5481
6761 0.7001
6762 6.4606
6763 4.8307
6764 0.0000
6765 3.0241
6766 -4.2015
6767 7.7411
6768 0.0000
6769 7.7624
6770 -1.6993
6771 8.6965
6772 6.4632
6773 -1.7513
6774 6.7867
6775 7.5179
6776 1.1532
6777 0.0000
6778 8.6413
6779 13.2050
6780 -0.7738
6781 7.2068
6782 3.2184
6783 5.7092
6784 0.0000
6785 0.6060
6786 3.6589
6787 0.2563
6788 0.0000
6789 6.0359
6790 -1.3414
6791 7.1084
6792 5.3924
6793 -2.9688
6794 0.1996
6795 1.6185
6796 -2.0392
6797 0.0000
6798 -0.1240
6799 0.5627
6800 3.7365
6801 4.0753
6802 5.9183
6803 -1.9882
6804 0.0000
6805 4.6016
6806 8.8565
6807 6.3519
6808 0.0000
6809 -0.9137
6810 -3.3727
6811 5.5000
6812 -0.6901
6813 -1.5810
6814 17.2996
6815 -3.0662
6816 -1.2303
6817 0.0000
6818 10.0224
6819 3.8263
6820 3.8058
6821 6.2300
6822 6.7611
6823 4.4884
6824 0.0000
6825 6.4232
6826 6.0070
6827 5.4568
6828 0.5079
6829 4.8572
6830 2.0839
6831 6.0545
6832 9.0084
6833 4.0343
6834 4.5313
6835 4.3445
6836 -7.8723
6837 -0.8058
6838 -2.2480
6839 0.0000
6840 5.3506
6841 0.4894
6842 13.5766
6843 2.4026
6844 0.0154
6845 10.1116
6846 8.2941
6847 10.9805
6848 0.0000
6849 10.0774
6850 4.3210
6851 -2.1257
6852 4.6839
6853 6.5510
6854 6.5702
6855 0.0000
6856 -1.1426
6857 3.4469
6858 5.7170
6859 0.0000
6860 2.0200
6861 5.7479
6862 4.7571
6863 3.8803
6864 -0.8862
6865 3.9715
6866 -1.2354
6867 7.8032
6868 0.0000
6869 12.3386
6870 3.1752
6871 11.1388
6872 10.9647
6873 2.0217
6874 13.1632
6875 0.0000
6876 3.3679
6877 -1.1198
6878 6.8344
6879 0.0000
6880 0.8210
6881 4.2088
6882 11.6590
6883 1.7118
6884 2.3698
6885 8.9284
6886 4.0087
6887 7.3050
6888 0.0000
6889 5.0106
6890 -3.7111
6891 10.1220
6892 3.3713
6893 -3.2724
6894 3.1071
6895 0.0000
6896 3.1481
6897 5.9449
6898 4.2704
6899 0.0000
6900 -1.4561
6901 -7.4310
6902 5.2594
6903 -0.2487
6904 8.5870
6905 -2.1416
6906 -4.0221
6907 0.6544
6908 0.0000
6909 4.3418
6910 12.5077
6911 8.0035
6912 1.0757
6913 3.4020
6914 10.3663
6915 0.0000
6916 6.1790
6917 7.8293
6918 3.2641
6919 4.0141
6920 4.8465
6921 2.3844
6922 2.4350
6923 1.6232
6924 2.1052
6925 4.1342
6926 3.7976
6927 -3.0127
6928 -0.4839
6929 6.5648
6930 0.0000
6931 11.5314
6932 3.7035
6933 8.3005
6934 -0.6709
6935 -2.0435
6936 -0.4816
6937 -1.0584
6938 4.7427
6939 0.0000
6940 0.5462
6941 -1.1141
6942 5.6265
6943 6.6977
6944 3.7180
6945 6.5152
6946 0.0000
6947 -5.8934
6948 7.5543
6949 15.0454
6950 0.0000
6951 5.4537
6952 -7.6443
6953 13.4441
6954 6.8952
6955 0.8133
6956 7.2293
6957 7.4358
6958 5.4427
6959 0.0000
6960 5.6142
6961 5.6087
6962 8.9476
6963 5.2245
6964 -7.5756
6965 5.1847
6966 0.0000
6967 -4.2114
6968 4.8942
6969 9.7262
6970 0.0000
6971 4.1801
6972 7.1822
6973 -0.7088
6974 3.6053
6975 1.1370
6976 -6.8210
6977 6.1043
6978 -3.7687
6979 0.0000
6980 4.0005
6981 6.5418
6982 5.5283
6983 10.0778
6984 6.2738
6985 9.6700
6986 0.0000
6987 2.4868
6988 -0.2112
6989 2.6975
6990 0.0000
6991 5.3924
6992 1.6846
6993 9.9940
6994 2.0433
6995 -7.1444
6996 9.2093
6997 0.6917
6998 -3.0462
6999 0.0000
7000 3.2098
7001 5.4089
7002 5.7639
7003 1.1095
7004 4.1547
7005 7.2843
7006 0.0000
7007 -3.9345
7008 5.4581
7009 6.6843
7010 0.9433
7011 -5.2036
7012 1.2169
7013 5.2188
7014 5.0463
7015 7.0199
7016 3.2186
7017 4.2063
7018 4.5112
7019 6.7450
7020 -1.0951
7021 0.0000
7022 3.7392
7023 1.0666
7024 4.6995
7025 6.8768
7026 -2.7760
7027 3.4278
7028 0.7160
7029 -2.6240
7030 0.0000
7031 7.8030
7032 2.1901
7033 -3.0213
7034 -0.3589
7035 -1.1418
7036 3.9252
7037 0.0000
7038 5.6498
7039 0.8487
7040 6.0420
7041 0.0000
7042 7.3518
7043 -3.0108
7044 12.8568
7045 5.4614
7046 -1.4204
7047 11.2131
7048 5.2236
7049 0.1614
7050 0.0000
7051 1.5385
7052 7.1397
7053 5.3569
7054 9.4325
7055 8.4659
7056 2.0398
7057 0.0000
7058 1.4507
7059 3.9245
7060 3.0024
7061 0.0000
7062 4.5077
7063 0.4879
7064 -2.1124
7065 4.4147
7066 -0.6552
7067 9.6968
7068 0.0806
7069 15.9462
7070 0.0000
7071 5.4821
7072 -4.4436
7073 6.3995
7074 0.0714
7075 3.3435
7076 4.2396
7077 0.0000
7078 -1.5179
7079 -0.1803
7080 3.9085
7081 0.0000
7082 13.2206
7083 -1.2594
7084 -2.5982
7085 14.4990
7086 -5.6473
7087 -2.4243
7088 -2.0261
7089 1.1427
7090 0.0000
7091 4.0316
7092 7.2872
7093 7.4956
7094 0.0231
7095 1.3204
7096 3.6016
7097 0.0000
7098 -7.4903
7099 0.0000
7100 0.5180
7101 0.0000
7102 7.2909
7103 -2.8456
7104 1.8970
7105 -1.7382
7106 9.3558
7107 7.9699
7108 1.5346
7109 -3.9013
7110 0.0000
7111 -1.7719
7112 6.1677
7113 3.5302
7114 12.8721
7115 0.8317
7116 -0.6085
7117 0.0000
7118 3.2383
7119 6.7115
7120 0.8237
7121 2.2976
7122 3.8404
7123 -0.3585
7124 0.0000
7125 4.0493
7126 1.5046
7127 0.8647
7128 -1.0162
7129 7.0873
7130 8.3280
7131 0.0000
7132 -5.2288
7133 2.2078
7134 8.8234
7135 2.0633
7136 9.3016
7137 7.8243
7138 0.0000
7139 -0.8187
7140 5.9935
7141 4.8750
7142 6.4156
7143 0.2295
7144 0.4255
7145 0.0000
7146 1.8579
7147 8.8070
7148 6.2560
7149 4.1556
7150 10.1363
7151 -4.7464
7152 0.0000
7153 1.1015
7154 -1.7690
7155 7.6760
7156 -1.4866
7157 2.1976
7158 6.1435
7159 0.0000
7160 1.3889
7161 -2.3674
7162 4.7255
7163 7.6708
7164 4.6144
7165 1.8534
7166 0.0000
7167 2.8130
7168 0.7240
7169 9.7790
7170 6.6320
7171 1.1009
7172 0.2828
7173 0.0000
7174 1.8497
7175 5.4727
7176 4.1376
7177 -0.4808
7178 11.5463
7179 13.6144
7180 0.0000
7181 5.8115
7182 2.4804
7183 0.1436
7184 5.1989
7185 12.4974
7186 6.0803
7187 0.0000
7188 4.6682
7189 -0.8590
7190 3.0753
7191 -2.4117
7192 0.6780
7193 2.9900
7194 0.0000
7195 0.3537
7196 5.7218
7197 1.9262
7198 1.0656
7199 3.5972
7200 2.8061
7201 0.0000
7202 -2.4048
7203 2.4458
7204 -2.3802
7205 5.4363
7206 4.7018
7207 2.8731
7208 0.0000
7209 0.0289
7210 4.7158
7211 5.5084
7212 6.5266
7213 -3.2160
7214 5.3735
7215 0.0000
7216 1.6120
7217 0.0000
7218 -0.6991
7219 0.0000
7220 1.1566
7221 0.0000
7222 -1.6552
7223 0.3013
7224 0.0000
7225 3.1073
7226 -0.7505
7227 8.6263
7228 3.7074
7229 0.0000
7230 2.2238
7231 8.4214
7232 4.4546
7233 0.0000
7234 11.6963
7235 7.1134
7236 7.0236
7237 0.0000
7238 2.9936
7239 2.5519
7240 1.3120
7241 3.5283
7242 10.6420
7243 6.8768
7244 6.8215
7245 -0.0923
7246 -2.0451
7247 0.0000
7248 -3.3057
7249 1.8874
7250 4.7497
7251 12.2949
7252 0.6061
7253 9.2748
7254 0.0000
7255 4.6985
7256 1.7652
7257 9.1834
7258 -3.3069
7259 8.0244
7260 10.2364
7261 0.0000
7262 -1.2240
7263 7.6680
7264 2.4580
7265 1.7495
7266 4.7191
7267 6.4086
7268 0.0000
7269 0.1035
7270 7.9682
7271 3.5220
7272 -4.6655
7273 7.4483
7274 2.9257
7275 0.0000
7276 5.8382
7277 7.8383
7278 10.9445
7279 7.3854
7280 1.4976
7281 5.1478
7282 0.0000
7283 1.3395
7284 7.5644
7285 8.7522
7286 -5.7430
7287 5.7784
7288 4.5153
7289 0.0000
7290 -1.4226
7291 5.2871
7292 2.7310
7293 3.4702
7294 -5.1328
7295 -2.8961
7296 0.0000
7297 -3.7542
7298 6.9767
7299 1.0072
7300 6.7980
7301 5.1909
7302 2.7726
7303 0.0000
7304 -5.9615
7305 6.8491
7306 2.0683
7307 1.7091
7308 11.9962
7309 9.0374
7310 0.0000
7311 4.0781
7312 2.6422
7313 -0.5880
7314 -0.2703
7315 1.7984
7316 10.6210
7317 0.0000
7318 6.1544
7319 2.8833
7320 4.7671
7321 2.1023
7322 5.2410
7323 6.3920
7324 0.0000
7325 4.7961
7326 -1.4291
7327 0.0000
7328 0.7179
7329 4.9128
7330 1.1976
7331 3.2431
7332 1.1509
7333 -3.4797
7334 -3.2742
7335 5.8753
7336 0.0000
7337 5.2326
7338 -5.1221
7339 0.0000
7340 3.5946
7341 0.0000
7342 5.1745
7343 0.0000
7344 2.9266
7345 2.6108
7346 0.0000
7347 5.3726
7348 10.1936
7349 0.0000
7350 -0.8893
7351 3.8818
7352 -1.1956
7353 0.0000
7354 -6.0676
7355 6.6410
7356 0.0000
7357 -0.6131
7358 7.4418
7359 -7.7081
7360 0.0000
7361 -0.1322
7362 5.4305
7363 0.0000
7364 1.4589
7365 3.2153
7366 5.8024
7367 0.0000
7368 0.7336
7369 5.6497
7370 0.0000
7371 1.3492
7372 7.0920
7373 7.4454
7374 0.0000
7375 -0.0627
7376 2.8515
7377 0.0000
7378 3.1341
7379 12.7897
7380 3.4163
7381 0.0000
7382 -6.3998
7383 1.0016
7384 0.0000
7385 -0.6468
7386 7.3178
7387 3.4204
7388 0.0000
7389 2.9987
7390 7.5136
7391 0.0000
7392 5.3142
7393 4.4662
7394 0.2393
7395 0.0000
7396 3.1269
7397 9.5367
7398 0.0000
7399 13.3612
7400 4.0893
7401 5.5025
7402 0.0000
7403 3.7580
7404 0.2532
7405 0.0000
7406 8.8571
7407 5.5839
7408 2.2078
7409 0.0000
7410 -0.1630
7411 -3.5063
7412 0.0000
7413 7.4274
7414 1.9864
7415 4.2109
7416 0.0000
7417 5.0247
7418 0.7306
7419 0.0000
7420 5.8796
7421 7.0115
7422 10.4406
7423 0.0000
7424 5.8911
7425 4.5177
7426 0.0000
7427 -1.2935
7428 -2.7194
7429 9.1704
7430 0.0000
7431 5.3372
7432 -2.8841
7433 0.0000
7434 1.2225
7435 3.4374
7436 -3.8826
7437 0.0000
7438 1.4590
7439 -0.7540
7440 0.0000
7441 1.1534
7442 -3.1226
7443 2.5161
7444 0.0000
7445 -0.4046
7446 1.5902
7447 0.0000
7448 15.9474
7449 5.0824
7450 7.7797
7451 0.0000
7452 1.4927
7453 9.3719
7454 0.0000
7455 5.1926
7456 -4.2745
7457 -0.0657
7458 0.0000
7459 2.9106
7460 0.0000
7461 3.4362
7462 0.0000
7463 -0.0202
7464 5.7303
7465 0.0000
7466 1.0038
7467 0.0000
7468 -6.2989
7469 0.0000
7470 7.3379
7471 3.0531
7472 3.6234
7473 0.0000
7474 2.9459
7475 4.4015
7476 0.3517
7477 0.0000
7478 7.8205
7479 2.1014
7480 5.2203
7481 0.0000
7482 6.7086
7483 0.0000
7484 1.7234
7485 0.0000
7486 6.5757
7487 3.0387
7488 0.0000
7489 1.8693
7490 0.0000
7491 5.5335
7492 7.1235
7493 1.8084
7494 5.1461
7495 0.2139
7496 -1.6181
7497 -6.0528
7498 2.0056
7499 0.0000
7500 11.5438
7501 -4.4763
7502 3.9790
7503 -2.0150
7504 4.8079
7505 4.1330
7506 0.0000
7507 -5.4959
7508 -2.6245
7509 7.2920
7510 9.7810
7511 7.0778
7512 -3.4751
7513 0.0000
7514 1.9831
7515 9.0758
7516 -0.8525
7517 8.7370
7518 2.9474
7519 6.7801
7520 0.0000
7521 1.4893
7522 7.2177
7523 2.1604
7524 -0.8278
7525 2.4183
7526 1.5290
7527 0.0000
7528 -7.8949
7529 -2.4749
7530 10.6518
7531 4.9171
7532 12.1045
7533 -0.6404
7534 0.0000
7535 2.9875
7536 3.6085
7537 8.7088
7538 6.3080
7539 5.3412
7540 1.4167
7541 0.0000
7542 5.6876
7543 5.6373
7544 2.4245
7545 5.0733
7546 8.1963
7547 3.2081
7548 0.0000
7549 -2.3755
7550 2.9329
7551 4.8938
7552 5.4328
7553 5.7968
7554 -1.8656
7555 0.0000
7556 2.2176
7557 -0.6153
7558 12.2002
7559 -2.4100
7560 3.0845
7561 6.7924
7562 0.0000
7563 -8.4237
7564 -6.2139
7565 1.8463
7566 6.5666
7567 -1.8008
7568 6.5634
7569 0.0000
7570 -1.1500
7571 3.6014
7572 5.8326
7573 4.7931
7574 5.1105
7575 1.1504
7576 0.0000
7577 -2.7774
7578 12.9596
7579 5.1728
7580 7.3636
7581 1.9309
7582 0.5016
7583 0.0000
7584 2.8758
7585 3.8388
7586 3.5142
7587 -0.4141
7588 6.0709
7589 7.6664
7590 0.0000
7591 -1.4640
7592 3.7332
7593 6.4162
7594 2.9753
7595 9.7284
7596 3.3567
7597 0.0000
7598 -5.8416
7599 7.0679
7600 10.3658
7601 0.5386
7602 1.3247
7603 8.3589
7604 0.0000
7605 -2.1401
7606 0.0000
7607 11.5557
7608 0.8147
7609 0.0000
7610 3.0480
7611 3.5670
7612 0.0000
7613 4.9476
7614 0.4566
7615 0.0000
7616 -1.7816
7617 0.0000
7618 2.5077
7619 1.4074
7620 0.0000
7621 -5.0497
7622 -1.0219
7623 0.0000
7624 -3.0677
7625 0.0000
7626 2.7927
7627 11.4505
7628 0.0000
7629 8.9281
7630 10.0483
7631 0.0000
7632 -4.4146
7633 0.0000
7634 1.1374
7635 6.0404
7636 0.0000
7637 7.0595
7638 -0.0207
7639 0.0000
7640 7.1117
7641 0.0000
7642 0.1210
7643 3.9041
7644 0.0000
7645 3.1863
7646 1.7030
7647 0.0000
7648 2.4338
7649 0.0000
7650 5.8980
7651 -0.5084
7652 0.0000
7653 10.5101
7654 4.5099
7655 0.0000
7656 6.2266
7657 0.0000
7658 -3.9797
7659 3.8947
7660 0.0000
7661 9.6227
7662 -2.6070
7663 0.0000
7664 2.1816
7665 0.0000
7666 -4.4867
7667 3.7861
7668 0.0000
7669 7.0266
7670 5.3727
7671 0.0000
7672 4.6951
7673 0.0000
7674 1.2407
7675 8.4915
7676 0.0000
7677 10.1010
7678 2.3810
7679 0.0000
7680 4.6930
7681 0.0000
7682 3.9037
7683 2.3699
7684 0.0000
7685 -0.1518
7686 4.1002
7687 0.0000
7688 8.6605
7689 0.0000
7690 -3.3515
7691 6.2963
7692 0.0000
7693 9.5880
7694 -4.8594
7695 0.0000
7696 2.5212
7697 0.0000
7698 -2.0924
7699 -2.6129
7700 0.0000
7701 -1.5393
7702 7.5529
7703 0.0000
7704 1.9006
7705 0.0000
7706 5.6975
7707 4.7834
7708 0.0000
7709 7.6993
7710 3.6679
7711 0.0000
7712 8.9040
7713 0.0000
7714 1.5755
7715 -2.4713
7716 0.0000
7717 6.8255
7718 1.4412
7719 0.0000
7720 -2.9456
7721 0.0000
7722 -0.0352
7723 5.3883
7724 0.0000
7725 1.5239
7726 5.8064
7727 0.0000
7728 4.6881
7729 0.0000
7730 -2.7464
7731 2.9638
7732 0.0000
7733 2.3885
7734 3.5716
7735 0.0000
7736 8.4515
7737 0.0000
7738 -1.0439
7739 0.0000
7740 7.3674
