# input  : 16 : DB 5A 4F 6F 9F 38 2F C3 00 F0 8C C1 14 FC B9 1C 
# output : 16 : 0A E6 06 48 B1 7F FB C3 28 B1 D7 72 05 6D 7E E3 
# cycles : 7740
1 0.0000
2 4.0860
3 5.3940
4 0.0000
5 4.4070
6 0.0000
7 0.7632
8 10.1631
9 0.0000
10 0.7403
11 4.2054
12 0.0000
13 1.2785
14 0.0000
15 1.0853
16 2.1347
17 0.0000
18 -2.4194
19 3.8280
20 0.0000
21 -0.3688
22 0.0000
23 4.9724
24 11.9788
25 0.0000
26 8.0519
27 3.0272
28 0.0000
29 1.8548
30 0.0000
31 7.0413
32 7.8759
33 0.0000
34 5.1551
35 10.5146
36 0.0000
37 3.2851
38 0.0000
39 5.7841
40 3.1212
41 0.0000
42 1.5780
43 5.4316
44 0.0000
45 3.5649
46 0.0000
47 1.3114
48 7.8567
49 0.0000
50 -0.2835
51 -6.0026
52 0.0000
53 0.0974
54 0.0000
55 3.0702
56 5.6847
57 0.0000
58 2.9121
59 3.8379
60 0.0000
61 -1.6982
62 0.0000
63 9.7935
64 0.4871
65 0.0000
66 5.5126
67 8.9284
68 0.0000
69 3.8895
70 0.0000
71 2.1157
72 0.8841
73 0.0000
74 5.4648
75 -1.0884
76 0.0000
77 2.0230
78 0.0000
79 -7.8726
80 5.1943
81 0.0000
82 2.8450
83 5.7627
84 0.0000
85 0.4900
86 0.0000
87 6.6051
88 -2.2155
89 0.0000
90 5.2671
91 6.4615
92 0.0000
93 5.7737
94 0.0000
95 0.8671
96 -1.7203
97 0.0000
98 9.0228
99 5.3636
100 0.0000
101 2.9744
102 0.0000
103 4.4927
104 0.7097
105 0.0000
106 -2.6441
107 3.4412
108 0.0000
109 -2.5322
110 0.0000
111 3.6544
112 4.3977
113 0.0000
114 -1.5238
115 6.1400
116 0.0000
117 0.5096
118 0.0000
119 3.4288
120 2.9316
121 0.0000
122 -0.1592
123 3.5789
124 0.0000
125 1.3461
126 0.0000
127 2.9301
128 8.8214
129 0.0000
130 2.1173
131 -1.6937
132 0.0000
133 0.3716
134 0.0000
135 2.5309
136 -4.0779
137 0.0000
138 -3.0103
139 0.4597
140 -2.6838
141 0.0000
142 -3.0762
143 4.4239
144 -2.3465
145 -0.1268
146 0.0000
147 4.9327
148 -2.1063
149 0.0000
150 6.3673
151 9.2602
152 5.9241
153 1.9212
154 0.0000
155 -0.4533
156 0.0271
157 0.0000
158 11.2717
159 -0.4706
160 -0.2634
161 8.9450
162 0.0000
163 8.1410
164 2.1864
165 0.0000
166 8.2343
167 9.6335
168 1.3194
169 4.6202
170 0.0000
171 2.7471
172 -2.8795
173 0.0000
174 9.3831
175 -2.2503
176 2.1028
177 -3.3122
178 0.0000
179 -3.6583
180 -3.0927
181 0.0000
182 10.9474
183 3.7814
184 8.2764
185 -6.2811
186 0.0000
187 -1.0256
188 4.0440
189 0.0000
190 2.3287
191 -1.1948
192 8.3630
193 4.7231
194 0.0000
195 2.3951
196 6.8588
197 0.0000
198 6.1923
199 4.7017
200 -1.2995
201 1.7536
202 0.0000
203 4.3564
204 3.6226
205 0.0000
206 7.6049
207 4.0822
208 5.5120
209 9.1079
210 0.0000
211 2.1202
212 0.5930
213 0.0000
214 4.4059
215 8.1989
216 5.6779
217 -4.6880
218 0.0000
219 0.8984
220 -3.7975
221 0.0000
222 -1.1782
223 2.6163
224 5.1017
225 5.8915
226 0.0000
227 4.4789
228 10.1894
229 0.0000
230 -2.7036
231 1.9864
232 0.9968
233 4.0532
234 0.0000
235 4.2330
236 0.0522
237 0.0000
238 1.9960
239 4.7113
240 3.8454
241 -0.3712
242 0.0000
243 -5.4260
244 2.5124
245 0.0000
246 5.0568
247 6.5119
248 4.6721
249 1.3987
250 0.0000
251 -1.8169
252 3.1225
253 0.0000
254 4.2539
255 3.8197
256 5.5679
257 7.7661
258 0.0000
259 1.7331
260 -0.3980
261 0.0000
262 11.4315
263 8.2235
264 3.0326
265 1.9700
266 0.0000
267 -3.4299
268 7.3173
269 0.0000
270 11.5273
271 0.0000
272 10.8838
273 4.2824
274 6.3554
275 3.2252
276 5.2194
277 3.4895
278 1.9259
279 4.8102
280 0.0000
281 -0.7853
282 4.7564
283 0.8642
284 -2.5142
285 -2.7116
286 -4.2191
287 0.0000
288 10.8897
289 4.9540
290 0.0700
291 0.5142
292 2.5771
293 5.8669
294 0.0000
295 1.1479
296 2.8781
297 11.8891
298 11.3970
299 -1.1155
300 3.6203
301 0.0000
302 7.1597
303 4.9217
304 0.8407
305 13.3251
306 13.9383
307 4.2722
308 0.0000
309 2.1307
310 5.8726
311 10.3819
312 1.0484
313 3.0210
314 8.4599
315 0.0000
316 0.2292
317 7.5489
318 10.9268
319 8.5463
320 3.3313
321 -0.2152
322 0.0000
323 -4.2993
324 -2.9729
325 3.3059
326 6.4317
327 -1.5104
328 -4.3679
329 0.0000
330 -1.3702
331 -0.5916
332 7.3437
333 8.1540
334 -0.1294
335 0.9999
336 0.0000
337 -0.5144
338 2.2092
339 2.4977
340 4.6645
341 1.0861
342 9.8918
343 0.0000
344 1.4617
345 10.7111
346 -1.8380
347 -2.6733
348 1.6296
349 7.9303
350 0.0000
351 7.9208
352 4.7105
353 5.8739
354 -0.8873
355 2.6249
356 0.6867
357 0.0000
358 0.1361
359 11.3413
360 -2.5575
361 -1.4497
362 1.4547
363 3.8043
364 0.0000
365 2.1553
366 14.4255
367 8.8710
368 -0.9683
369 2.8685
370 5.3823
371 0.0000
372 -5.4621
373 8.5168
374 2.5978
375 -3.6734
376 4.6025
377 -4.7415
378 0.0000
379 1.4934
380 4.0416
381 -0.6463
382 -0.1335
383 4.3153
384 -2.1887
385 0.0000
386 -10.4147
387 0.0000
388 -0.8509
389 0.0000
390 5.1890
391 0.0000
392 9.6912
393 7.6944
394 0.0000
395 5.6418
396 3.5741
397 -0.3154
398 5.2019
399 0.0000
400 5.3969
401 6.3166
402 4.2111
403 0.0000
404 14.4829
405 7.5341
406 2.7004
407 0.0000
408 -3.4457
409 4.9580
410 4.3633
411 -2.8238
412 8.2880
413 -5.7774
414 1.2449
415 4.3805
416 1.0048
417 0.0000
418 4.5196
419 1.2787
420 -2.7815
421 1.6768
422 -2.0958
423 5.9474
424 0.0000
425 0.2669
426 5.6850
427 4.6031
428 5.7672
429 0.8304
430 2.4117
431 0.0000
432 5.9954
433 3.8633
434 -4.0066
435 7.0778
436 5.6679
437 -2.8172
438 0.0000
439 -0.6638
440 6.8999
441 1.2855
442 4.4182
443 0.0502
444 -0.3989
445 0.0000
446 9.8919
447 -1.7943
448 2.0650
449 1.9897
450 5.5589
451 8.4886
452 0.0000
453 6.3272
454 4.5019
455 0.2367
456 6.9508
457 1.5136
458 1.9111
459 0.0000
460 3.8457
461 -0.3397
462 6.8059
463 -1.3087
464 1.1875
465 8.3458
466 0.0000
467 4.2986
468 -0.3574
469 -1.6009
470 6.7586
471 3.4802
472 5.1034
473 0.0000
474 -5.4702
475 8.1744
476 6.6683
477 2.0984
478 6.0508
479 4.4022
480 0.0000
481 -2.4073
482 14.3344
483 4.5141
484 10.1352
485 8.1163
486 2.5646
487 0.0000
488 7.5927
489 7.4927
490 5.6340
491 2.8572
492 3.2538
493 3.5897
494 0.0000
495 2.8170
496 -0.9684
497 0.0000
498 6.0097
499 3.6507
500 4.8410
501 -1.9634
502 0.0626
503 -3.9445
504 -7.2366
505 0.6276
506 0.0000
507 5.2046
508 -7.3154
509 0.0000
510 -4.7297
511 6.8968
512 0.0000
513 -0.6431
514 4.0762
515 0.0000
516 12.6095
517 3.8313
518 0.0000
519 -4.6614
520 4.0550
521 0.8260
522 0.0000
523 6.1714
524 0.2093
525 0.0000
526 6.7920
527 0.8050
528 -1.0619
529 0.0000
530 0.8030
531 0.8129
532 0.0000
533 7.4051
534 6.7737
535 3.6826
536 0.0000
537 0.2184
538 13.0364
539 0.0000
540 2.5960
541 5.2476
542 -2.4325
543 0.0000
544 0.3577
545 9.8093
546 0.0000
547 4.4327
548 0.9295
549 -3.3788
550 0.0000
551 8.8860
552 5.1455
553 0.0000
554 3.4575
555 0.6367
556 9.1198
557 0.0000
558 1.6637
559 1.3209
560 0.0000
561 6.0132
562 2.9627
563 10.7758
564 0.0000
565 -3.0243
566 5.3442
567 0.0000
568 3.6631
569 0.2795
570 2.9695
571 0.0000
572 3.0490
573 0.6402
574 0.0000
575 -5.2996
576 3.1542
577 8.3766
578 0.0000
579 8.2907
580 3.1768
581 0.0000
582 1.2250
583 3.3613
584 4.9676
585 0.0000
586 5.3273
587 3.4085
588 0.0000
589 10.7133
590 4.2712
591 -4.8302
592 0.0000
593 4.2528
594 1.4017
595 0.0000
596 1.9607
597 -3.3615
598 0.1985
599 0.0000
600 1.9182
601 5.1277
602 0.0000
603 3.1891
604 4.0038
605 7.1693
606 0.0000
607 9.7864
608 -5.2248
609 0.0000
610 1.2064
611 -3.6670
612 4.5517
613 0.0000
614 3.2109
615 4.9182
616 0.0000
617 0.6316
618 0.6975
619 -0.9511
620 0.0000
621 13.6325
622 -3.7542
623 0.0000
624 0.6177
625 11.1620
626 -3.7901
627 0.0000
628 -0.1136
629 0.0000
630 -0.1938
631 0.0000
632 0.6475
633 6.1381
634 0.0000
635 3.6914
636 0.0000
637 1.1284
638 0.0000
639 3.1485
640 0.4359
641 12.4589
642 0.0000
643 3.5700
644 9.9064
645 11.9676
646 0.0000
647 2.9370
648 8.7948
649 4.1625
650 0.0000
651 6.2380
652 0.0000
653 6.3056
654 0.0000
655 4.4223
656 7.8080
657 0.0000
658 11.2630
659 0.0000
660 6.6223
661 6.6499
662 5.8808
663 2.0450
664 5.5415
665 -1.8667
666 3.4030
667 2.2101
668 1.7032
669 0.6522
670 -3.1973
671 5.4138
672 5.8969
673 8.9161
674 8.6047
675 12.1658
676 0.0000
677 8.9236
678 5.8379
679 -0.9966
680 -4.6911
681 3.4348
682 7.7974
683 -3.8305
684 3.7564
685 0.0000
686 5.5639
687 4.9431
688 5.3582
689 -5.4621
690 7.3075
691 0.6170
692 0.0000
693 -2.9931
694 -1.5085
695 1.1337
696 0.0000
697 4.5012
698 0.4753
699 3.4668
700 17.8738
701 -5.9416
702 -0.1794
703 5.0547
704 6.9585
705 0.0000
706 5.4592
707 0.3243
708 3.6462
709 6.3245
710 5.0143
711 4.1741
712 0.0000
713 0.6064
714 5.4867
715 1.9251
716 0.0000
717 4.6311
718 5.7649
719 -1.5758
720 4.9774
721 -2.8344
722 3.5442
723 0.0153
724 6.7351
725 0.0000
726 4.3679
727 7.3429
728 3.7548
729 4.0621
730 3.3281
731 -0.4201
732 0.0000
733 6.8903
734 10.3447
735 3.4440
736 0.0000
737 2.0195
738 2.3062
739 -2.2464
740 -0.1716
741 2.8667
742 -0.4123
743 -2.4656
744 5.3606
745 0.0000
746 5.6980
747 4.8546
748 8.3324
749 -7.9478
750 4.8761
751 3.7659
752 0.0000
753 3.0965
754 5.3658
755 6.5949
756 8.1185
757 10.1907
758 1.1354
759 -1.5050
760 12.1548
761 7.3492
762 6.7834
763 2.5285
764 -2.3594
765 1.5017
766 2.8891
767 0.0000
768 5.1658
769 -4.2616
770 7.7597
771 3.0973
772 -1.4648
773 -0.2604
774 1.3634
775 5.1968
776 0.0000
777 7.5311
778 2.2788
779 2.5850
780 12.0750
781 5.3929
782 1.0977
783 0.0000
784 0.5025
785 12.2717
786 4.7404
787 0.0000
788 3.4595
789 -2.3735
790 3.2189
791 4.7857
792 2.3297
793 6.2689
794 13.5203
795 -2.3111
796 0.0000
797 1.5967
798 5.3766
799 3.8869
800 -3.7770
801 7.5427
802 7.2749
803 0.0000
804 -2.8821
805 -6.2273
806 5.0922
807 0.0000
808 2.0480
809 1.3375
810 2.8052
811 6.2358
812 2.9716
813 10.4977
814 3.4780
815 12.1611
816 0.0000
817 8.7334
818 5.4309
819 -0.3995
820 4.5184
821 3.5228
822 -1.5721
823 0.0000
824 4.8971
825 3.4364
826 1.0127
827 0.0000
828 -0.2298
829 4.0647
830 4.0239
831 2.9185
832 0.3144
833 -5.6783
834 -5.0284
835 1.8874
836 0.0000
837 4.7801
838 1.5596
839 -0.4853
840 2.5536
841 5.0364
842 2.8871
843 0.0000
844 3.2436
845 3.9315
846 10.7546
847 0.7123
848 3.1301
849 2.0064
850 4.0646
851 3.9424
852 -0.0968
853 6.6824
854 -3.4520
855 -0.6712
856 3.8578
857 5.3901
858 0.0000
859 1.5793
860 -1.2050
861 4.4864
862 3.4371
863 -2.4197
864 10.9874
865 2.6936
866 4.7443
867 0.0000
868 8.4508
869 0.4393
870 -0.3375
871 3.7515
872 0.1495
873 7.4876
874 0.0000
875 2.5535
876 3.4025
877 8.3164
878 0.0000
879 1.7585
880 -3.5480
881 4.2726
882 4.5543
883 -4.9946
884 -3.0038
885 -2.4928
886 10.2112
887 0.0000
888 2.6808
889 0.8121
890 0.7404
891 6.6655
892 7.7022
893 4.9372
894 0.0000
895 5.3453
896 2.9956
897 5.6743
898 0.0000
899 0.2073
900 2.4415
901 4.9970
902 9.0972
903 -3.0857
904 8.5832
905 3.1980
906 4.4168
907 0.0000
908 -5.3541
909 2.2556
910 5.6340
911 6.6616
912 2.1299
913 1.7982
914 0.0000
915 -3.5390
916 5.1617
917 4.9115
918 0.0000
919 4.3098
920 0.3943
921 6.5432
922 5.5055
923 3.5515
924 2.7050
925 7.4312
926 -1.8588
927 0.0000
928 8.8082
929 1.8961
930 6.7246
931 4.9542
932 7.7018
933 1.2070
934 0.0000
935 0.9070
936 3.9403
937 0.4884
938 7.2571
939 -2.5827
940 2.3444
941 11.3203
942 9.0475
943 9.5550
944 10.0983
945 1.9910
946 1.5965
947 3.0710
948 2.7909
949 0.0000
950 0.4826
951 -0.4147
952 -1.5563
953 -1.1922
954 -0.1497
955 4.3063
956 6.9456
957 3.6386
958 0.0000
959 9.9778
960 4.6418
961 -3.1664
962 5.1318
963 7.4378
964 6.5397
965 0.0000
966 1.2982
967 8.4006
968 6.3439
969 0.0000
970 -0.9114
971 -7.3646
972 0.7888
973 1.8381
974 3.8333
975 2.0465
976 -0.0921
977 -0.8514
978 0.0000
979 9.7465
980 8.8753
981 13.6526
982 5.8308
983 7.9592
984 -1.0606
985 0.0000
986 1.8405
987 -3.9107
988 14.6390
989 0.0000
990 2.2314
991 -0.7048
992 -0.6061
993 8.7348
994 -2.9186
995 -2.4289
996 -0.7914
997 10.5020
998 0.0000
999 5.1791
1000 9.7058
1001 0.0948
1002 2.3895
1003 13.8084
1004 1.4087
1005 0.0000
1006 -0.9351
1007 2.8435
1008 2.7525
1009 0.0000
1010 -1.9307
1011 1.9915
1012 13.0797
1013 8.4942
1014 -0.9409
1015 10.2953
1016 -4.5746
1017 5.2857
1018 0.0000
1019 5.4258
1020 7.1021
1021 0.3923
1022 4.3366
1023 1.7355
1024 0.9558
1025 0.0000
1026 9.8379
1027 0.0000
1028 2.4629
1029 0.0000
1030 4.1033
1031 3.1933
1032 8.7446
1033 5.2596
1034 4.0454
1035 3.7991
1036 4.1365
1037 -4.6501
1038 0.0000
1039 -1.6861
1040 -0.2570
1041 1.5444
1042 4.8134
1043 -2.1593
1044 8.1009
1045 0.0000
1046 1.3916
1047 4.9611
1048 -2.2944
1049 5.9926
1050 3.4713
1051 9.2840
1052 0.0000
1053 -3.2292
1054 3.8433
1055 2.0040
1056 1.7034
1057 5.3630
1058 -0.5470
1059 0.0000
1060 2.2477
1061 8.1709
1062 7.6719
1063 -1.1827
1064 11.3395
1065 2.0504
1066 0.0000
1067 0.7282
1068 2.0816
1069 2.5836
1070 2.8142
1071 7.1617
1072 6.7054
1073 0.0000
1074 -2.1006
1075 3.6054
1076 0.3709
1077 -0.9170
1078 3.7964
1079 9.6045
1080 0.0000
1081 1.4277
1082 0.9040
1083 5.1295
1084 9.5706
1085 3.0250
1086 2.0017
1087 0.0000
1088 -0.1834
1089 3.9255
1090 -0.7025
1091 2.2321
1092 4.2041
1093 -0.2185
1094 0.0000
1095 8.5581
1096 2.9637
1097 5.9024
1098 0.5041
1099 3.2361
1100 2.5995
1101 0.0000
1102 1.4588
1103 5.9396
1104 -6.0056
1105 -0.9464
1106 3.6003
1107 0.4550
1108 0.0000
1109 -7.3357
1110 1.6229
1111 -0.4292
1112 7.2424
1113 11.7185
1114 1.4439
1115 0.0000
1116 -2.1050
1117 0.9608
1118 0.5317
1119 -1.5894
1120 2.9948
1121 -2.8143
1122 0.0000
1123 -0.3454
1124 -0.3865
1125 1.6429
1126 8.5130
1127 3.2404
1128 0.2947
1129 0.0000
1130 3.7777
1131 6.5793
1132 7.0879
1133 -1.7247
1134 6.9456
1135 11.5822
1136 0.0000
1137 2.1117
1138 3.3466
1139 8.4686
1140 4.5981
1141 6.7266
1142 1.3126
1143 0.0000
1144 -4.8772
1145 0.0000
1146 -0.1050
1147 0.0000
1148 1.0643
1149 0.0000
1150 2.4584
1151 3.9400
1152 0.0000
1153 4.9595
1154 -3.3020
1155 7.6210
1156 10.3299
1157 0.0000
1158 1.6550
1159 4.4104
1160 0.9927
1161 0.0000
1162 12.5281
1163 12.2834
1164 7.0752
1165 0.0000
1166 1.2593
1167 10.1764
1168 1.1323
1169 -1.5751
1170 3.0958
1171 7.6846
1172 5.6694
1173 4.0774
1174 3.5764
1175 0.0000
1176 0.1615
1177 7.0862
1178 2.7982
1179 7.3925
1180 3.3904
1181 1.2038
1182 0.0000
1183 2.6794
1184 3.1211
1185 10.6809
1186 9.1862
1187 10.8105
1188 4.4894
1189 0.0000
1190 -0.6491
1191 1.7367
1192 -1.7280
1193 6.7829
1194 8.6018
1195 4.8650
1196 0.0000
1197 -1.9638
1198 6.9264
1199 4.4297
1200 7.3078
1201 7.9962
1202 6.1512
1203 0.0000
1204 5.1647
1205 11.5329
1206 11.7021
1207 -0.3051
1208 4.3822
1209 2.7638
1210 0.0000
1211 -0.7993
1212 -0.9341
1213 3.6710
1214 4.0983
1215 5.9979
1216 -2.7567
1217 0.0000
1218 -5.1904
1219 2.6061
1220 3.7964
1221 2.9074
1222 9.6924
1223 2.6418
1224 0.0000
1225 0.2326
1226 0.8567
1227 -0.1905
1228 4.8108
1229 -1.3349
1230 8.8733
1231 0.0000
1232 0.1737
1233 11.0418
1234 3.8177
1235 -1.0763
1236 1.8422
1237 0.4571
1238 0.0000
1239 4.4315
1240 1.8606
1241 5.8379
1242 -1.4320
1243 0.2467
1244 0.5291
1245 0.0000
1246 9.1489
1247 -2.4407
1248 3.8996
1249 11.6416
1250 7.5071
1251 1.5889
1252 0.0000
1253 -4.4960
1254 -1.7904
1255 0.0000
1256 9.1314
1257 -3.5001
1258 3.4168
1259 6.0639
1260 0.0139
1261 -0.7021
1262 8.2322
1263 8.3729
1264 0.0000
1265 -0.1348
1266 4.8634
1267 0.0000
1268 5.3670
1269 0.0000
1270 3.2024
1271 0.0000
1272 0.0654
1273 2.6158
1274 0.0000
1275 -0.8370
1276 3.2764
1277 0.0000
1278 -2.2699
1279 1.9203
1280 -1.7429
1281 0.0000
1282 7.5918
1283 6.6113
1284 0.0000
1285 5.2018
1286 4.7383
1287 4.2477
1288 0.0000
1289 1.7447
1290 0.0847
1291 0.0000
1292 0.6083
1293 1.5816
1294 -1.3057
1295 0.0000
1296 8.2095
1297 9.2600
1298 0.0000
1299 1.6028
1300 0.3724
1301 2.4168
1302 0.0000
1303 3.4939
1304 1.9505
1305 0.0000
1306 6.2727
1307 6.8704
1308 4.0387
1309 0.0000
1310 -8.1044
1311 5.5027
1312 0.0000
1313 5.6752
1314 2.7392
1315 4.2923
1316 0.0000
1317 -5.4754
1318 0.0276
1319 0.0000
1320 -1.0666
1321 9.2727
1322 2.5850
1323 0.0000
1324 -0.1560
1325 2.3314
1326 0.0000
1327 -1.0889
1328 2.9837
1329 1.6763
1330 0.0000
1331 7.8111
1332 5.6260
1333 0.0000
1334 4.1355
1335 6.1528
1336 8.6650
1337 0.0000
1338 1.3392
1339 3.9610
1340 0.0000
1341 -4.8313
1342 6.5204
1343 3.6068
1344 0.0000
1345 1.4753
1346 7.4487
1347 0.0000
1348 4.9885
1349 -1.1700
1350 5.8641
1351 0.0000
1352 -5.7563
1353 -1.7862
1354 0.0000
1355 5.1414
1356 9.8732
1357 -0.1568
1358 0.0000
1359 2.0687
1360 4.2341
1361 0.0000
1362 -0.7394
1363 9.8813
1364 8.2972
1365 0.0000
1366 10.0472
1367 6.3271
1368 0.0000
1369 10.8333
1370 1.9438
1371 4.9812
1372 0.0000
1373 -1.0675
1374 4.8364
1375 0.0000
1376 7.1167
1377 8.0715
1378 6.7543
1379 0.0000
1380 -1.2957
1381 2.9495
1382 0.0000
1383 -1.2855
1384 3.4884
1385 -4.8294
1386 0.0000
1387 1.4668
1388 0.0000
1389 5.3863
1390 0.0000
1391 4.4928
1392 3.8773
1393 0.0000
1394 3.3019
1395 0.0000
1396 3.6917
1397 0.0000
1398 6.1720
1399 5.3995
1400 -1.0146
1401 0.0000
1402 10.7269
1403 7.9803
1404 1.7330
1405 0.0000
1406 6.0542
1407 7.3186
1408 14.7940
1409 0.0000
1410 9.2452
1411 0.0000
1412 0.0183
1413 0.0000
1414 -3.6056
1415 7.2514
1416 0.0000
1417 4.4682
1418 0.0000
1419 5.3245
1420 3.2358
1421 -0.7678
1422 6.4442
1423 6.7105
1424 -5.0189
1425 1.0380
1426 7.8025
1427 7.4656
1428 6.8942
1429 4.1968
1430 7.5659
1431 4.7302
1432 -0.9392
1433 3.6348
1434 8.4138
1435 0.0000
1436 6.9788
1437 -8.0025
1438 0.5182
1439 6.4539
1440 6.0692
1441 1.2480
1442 -5.7970
1443 7.3949
1444 0.0000
1445 3.4465
1446 3.4744
1447 4.8828
1448 -1.3897
1449 -1.0963
1450 -1.9137
1451 0.0000
1452 -0.2365
1453 3.0066
1454 8.4108
1455 0.0000
1456 8.4356
1457 -0.4587
1458 3.8382
1459 7.9784
1460 0.7473
1461 12.5123
1462 -0.0972
1463 1.1920
1464 0.0000
1465 -2.8117
1466 5.6690
1467 2.5276
1468 3.3162
1469 8.8817
1470 6.7572
1471 0.0000
1472 -2.0234
1473 5.5788
1474 1.8621
1475 0.0000
1476 4.2325
1477 3.4206
1478 -1.7943
1479 1.5886
1480 6.8084
1481 1.1822
1482 2.5713
1483 7.6053
1484 0.0000
1485 6.0622
1486 -0.2354
1487 7.6775
1488 1.7460
1489 6.5382
1490 3.6814
1491 0.0000
1492 5.4866
1493 7.2318
1494 9.9273
1495 0.0000
1496 0.5617
1497 1.1846
1498 11.9506
1499 4.3098
1500 -4.7512
1501 0.1164
1502 -1.4164
1503 8.6453
1504 0.0000
1505 0.8421
1506 2.9752
1507 7.0265
1508 0.4145
1509 -1.8895
1510 5.9559
1511 0.0000
1512 -2.1967
1513 7.9987
1514 -0.0565
1515 -0.4606
1516 3.2564
1517 5.4947
1518 0.6043
1519 3.1601
1520 6.0549
1521 3.7788
1522 -1.2667
1523 2.3061
1524 6.2174
1525 4.0389
1526 0.0000
1527 -0.6916
1528 -3.7251
1529 3.1084
1530 0.6771
1531 4.7061
1532 3.2376
1533 0.2479
1534 0.7130
1535 0.0000
1536 7.4645
1537 11.7899
1538 3.7013
1539 -2.4308
1540 8.3904
1541 4.8489
1542 0.0000
1543 8.9505
1544 4.8174
1545 2.6750
1546 0.0000
1547 10.1708
1548 4.8909
1549 6.2838
1550 -0.7804
1551 1.7119
1552 7.3479
1553 3.3087
1554 0.4050
1555 0.0000
1556 1.7878
1557 -2.7990
1558 5.3384
1559 7.5172
1560 10.2848
1561 7.7984
1562 0.0000
1563 -6.7780
1564 4.0698
1565 -1.5417
1566 0.0000
1567 3.4533
1568 2.0611
1569 -1.8357
1570 2.4371
1571 -0.1005
1572 5.0230
1573 8.6771
1574 9.3582
1575 0.0000
1576 0.4325
1577 4.2422
1578 -3.3066
1579 3.3532
1580 1.0093
1581 -1.8106
1582 0.0000
1583 6.3491
1584 0.6104
1585 4.8789
1586 0.0000
1587 7.2956
1588 2.1376
1589 8.2803
1590 2.0796
1591 -6.0724
1592 0.1340
1593 1.6172
1594 4.5243
1595 0.0000
1596 7.6838
1597 2.7525
1598 -5.4618
1599 2.7092
1600 1.9000
1601 2.5181
1602 0.0000
1603 0.3823
1604 6.7295
1605 -1.3660
1606 0.1417
1607 1.5450
1608 11.1096
1609 8.6558
1610 8.9525
1611 1.1605
1612 2.8703
1613 -1.0876
1614 2.3398
1615 6.6318
1616 2.4389
1617 0.0000
1618 2.5487
1619 1.4056
1620 3.1153
1621 2.1506
1622 1.5380
1623 4.8156
1624 1.5644
1625 3.5800
1626 0.0000
1627 7.1727
1628 9.7770
1629 2.3857
1630 -2.3730
1631 0.7262
1632 7.3658
1633 0.0000
1634 -2.7544
1635 7.4580
1636 2.6284
1637 0.0000
1638 7.2150
1639 -2.8861
1640 13.3910
1641 7.4077
1642 1.1001
1643 -4.0083
1644 2.5513
1645 2.4940
1646 0.0000
1647 0.7846
1648 4.3391
1649 7.7645
1650 2.4936
1651 8.5094
1652 13.0019
1653 0.0000
1654 5.3595
1655 10.7476
1656 3.2478
1657 0.0000
1658 8.8062
1659 -2.8165
1660 5.0138
1661 -7.3935
1662 -0.1434
1663 10.0135
1664 1.8745
1665 5.9896
1666 0.0000
1667 8.5353
1668 3.1248
1669 -2.2949
1670 2.1194
1671 -0.5542
1672 8.8645
1673 0.0000
1674 1.5177
1675 9.7276
1676 5.6139
1677 0.0000
1678 0.6595
1679 3.5664
1680 -4.2462
1681 -1.9016
1682 0.4269
1683 9.2558
1684 11.9905
1685 0.3743
1686 0.0000
1687 5.2832
1688 9.3537
1689 -3.7923
1690 -0.0119
1691 4.8306
1692 0.6974
1693 0.0000
1694 -6.4048
1695 -4.6802
1696 1.7554
1697 11.9125
1698 9.8038
1699 -3.2231
1700 8.8936
1701 4.6475
1702 2.0124
1703 3.8159
1704 4.5025
1705 -2.4457
1706 -0.0037
1707 -1.3088
1708 0.0000
1709 1.9193
1710 1.8986
1711 6.1491
1712 2.9960
1713 2.7210
1714 -7.9501
1715 13.0502
1716 5.4091
1717 0.0000
1718 -1.9222
1719 1.2903
1720 4.6693
1721 10.0040
1722 5.7800
1723 7.9090
1724 0.0000
1725 -4.9879
1726 6.9377
1727 -1.7488
1728 0.0000
1729 9.0318
1730 -2.8010
1731 -2.6359
1732 1.1353
1733 3.7904
1734 -2.6895
1735 5.9846
1736 -1.1709
1737 0.0000
1738 5.7769
1739 2.3907
1740 8.5865
1741 4.9909
1742 2.5772
1743 3.6256
1744 0.0000
1745 -1.3421
1746 8.0821
1747 -0.8385
1748 0.0000
1749 2.2183
1750 2.5233
1751 9.4716
1752 7.7753
1753 6.5022
1754 5.5266
1755 4.3828
1756 6.1985
1757 0.0000
1758 10.2562
1759 -0.0363
1760 0.1592
1761 7.6999
1762 7.5855
1763 7.9856
1764 0.0000
1765 6.0787
1766 -3.2140
1767 7.8058
1768 0.0000
1769 10.1725
1770 2.2594
1771 12.0739
1772 -0.3179
1773 3.0207
1774 10.1367
1775 4.9809
1776 4.8184
1777 0.0000
1778 8.7333
1779 7.9603
1780 1.3520
1781 -3.5156
1782 0.8658
1783 -1.2793
1784 0.0000
1785 -4.5381
1786 0.0000
1787 13.2011
1788 0.0000
1789 5.9665
1790 3.5647
1791 -0.9169
1792 2.7863
1793 6.4627
1794 -0.9628
1795 5.7312
1796 1.1958
1797 0.0000
1798 -5.0910
1799 4.2977
1800 7.2556
1801 5.7263
1802 4.5912
1803 6.4256
1804 0.0000
1805 1.0546
1806 7.7321
1807 9.1878
1808 1.9343
1809 1.7347
1810 -1.0310
1811 0.0000
1812 -0.4880
1813 1.8872
1814 6.5717
1815 7.0642
1816 -4.3480
1817 -3.3711
1818 0.0000
1819 -2.0796
1820 1.3144
1821 0.3488
1822 3.1229
1823 0.8766
1824 4.1235
1825 0.0000
1826 0.2181
1827 6.2455
1828 5.8252
1829 11.7599
1830 5.6896
1831 0.7890
1832 0.0000
1833 11.2530
1834 -0.8360
1835 11.5253
1836 9.5655
1837 7.1150
1838 3.1970
1839 0.0000
1840 3.2875
1841 7.2217
1842 7.6131
1843 1.2287
1844 3.4702
1845 -3.8201
1846 0.0000
1847 0.7901
1848 4.1219
1849 1.8521
1850 12.1709
1851 5.4716
1852 7.2133
1853 0.0000
1854 0.3096
1855 2.0002
1856 3.8910
1857 3.2467
1858 4.1997
1859 9.3675
1860 0.0000
1861 1.1173
1862 1.8697
1863 6.3791
1864 4.1299
1865 4.4309
1866 5.6672
1867 0.0000
1868 -2.7040
1869 1.0917
1870 5.7483
1871 8.4228
1872 5.6953
1873 -1.8466
1874 0.0000
1875 -2.1665
1876 5.3894
1877 5.2093
1878 8.1431
1879 5.2233
1880 3.7930
1881 0.0000
1882 2.0313
1883 8.1331
1884 5.2248
1885 6.2924
1886 8.4009
1887 -0.1542
1888 0.0000
1889 3.9005
1890 3.3772
1891 3.7832
1892 2.6277
1893 5.7168
1894 -4.3432
1895 0.0000
1896 10.6077
1897 1.1111
1898 5.9173
1899 2.6001
1900 3.4904
1901 -6.6820
1902 0.0000
1903 2.3071
1904 0.0000
1905 3.0046
1906 0.0000
1907 1.1533
1908 0.0000
1909 4.2995
1910 7.6581
1911 0.0000
1912 1.8667
1913 5.2891
1914 -1.1047
1915 10.4350
1916 0.0000
1917 -5.5002
1918 3.4868
1919 1.8993
1920 0.0000
1921 -0.3705
1922 15.9059
1923 7.1246
1924 0.0000
1925 2.2740
1926 0.1257
1927 -11.2442
1928 0.4359
1929 3.4143
1930 -3.7835
1931 4.2082
1932 4.7772
1933 6.1014
1934 0.0000
1935 3.0112
1936 2.3505
1937 1.0408
1938 4.0484
1939 -1.8236
1940 5.0019
1941 0.0000
1942 5.0784
1943 3.6862
1944 6.7075
1945 9.1437
1946 3.8426
1947 1.1681
1948 0.0000
1949 0.3191
1950 12.5468
1951 -0.1127
1952 11.9551
1953 2.2081
1954 1.4986
1955 0.0000
1956 -3.2134
1957 4.5840
1958 4.8809
1959 6.4094
1960 -2.3631
1961 1.2648
1962 0.0000
1963 -1.2066
1964 -2.4742
1965 2.5721
1966 0.5555
1967 -0.7571
1968 2.6617
1969 0.0000
1970 5.2228
1971 -0.3435
1972 2.8055
1973 7.1509
1974 3.4121
1975 0.3549
1976 0.0000
1977 3.4254
1978 2.9822
1979 4.0100
1980 4.6092
1981 1.4934
1982 2.7040
1983 0.0000
1984 6.0315
1985 2.4719
1986 5.5756
1987 3.6848
1988 0.2799
1989 5.4964
1990 0.0000
1991 10.6285
1992 -4.6302
1993 6.0034
1994 6.2214
1995 1.8032
1996 4.7244
1997 0.0000
1998 -2.0760
1999 8.1361
2000 1.6924
2001 1.8866
2002 10.0305
2003 4.9945
2004 0.0000
2005 -10.1555
2006 0.4600
2007 5.6724
2008 2.7185
2009 1.4394
2010 2.0171
2011 0.0000
2012 -3.1849
2013 9.1844
2014 0.0000
2015 2.2873
2016 -1.2517
2017 -0.4302
2018 -2.1623
2019 -4.1377
2020 4.7996
2021 1.7234
2022 -3.7322
2023 0.0000
2024 -1.3237
2025 -3.7505
2026 0.0000
2027 6.6421
2028 0.0000
2029 8.2536
2030 0.0000
2031 1.2546
2032 2.2297
2033 0.0000
2034 0.0412
2035 3.7175
2036 0.0000
2037 7.3674
2038 10.2163
2039 12.0104
2040 0.0000
2041 2.4630
2042 7.5214
2043 0.0000
2044 3.2019
2045 7.9279
2046 -4.3557
2047 0.0000
2048 -6.0061
2049 0.0909
2050 0.0000
2051 3.7351
2052 3.1208
2053 6.0712
2054 0.0000
2055 0.6184
2056 8.3928
2057 0.0000
2058 1.9810
2059 3.8002
2060 7.9387
2061 0.0000
2062 2.2106
2063 8.0356
2064 0.0000
2065 11.8796
2066 6.2439
2067 7.5747
2068 0.0000
2069 2.9355
2070 5.4634
2071 0.0000
2072 9.7923
2073 1.1493
2074 5.4387
2075 0.0000
2076 1.9103
2077 2.8374
2078 0.0000
2079 1.6842
2080 3.4260
2081 9.0819
2082 0.0000
2083 -5.7081
2084 9.8983
2085 0.0000
2086 1.7130
2087 2.6448
2088 2.7989
2089 0.0000
2090 -1.9456
2091 8.4710
2092 0.0000
2093 0.8017
2094 4.5220
2095 7.7784
2096 0.0000
2097 -2.6389
2098 0.3260
2099 0.0000
2100 2.9275
2101 -3.9243
2102 3.4187
2103 0.0000
2104 -1.8866
2105 -0.6676
2106 0.0000
2107 2.7319
2108 5.6652
2109 8.3092
2110 0.0000
2111 4.7703
2112 4.2734
2113 0.0000
2114 6.6496
2115 7.0939
2116 7.8269
2117 0.0000
2118 2.7064
2119 4.5413
2120 0.0000
2121 7.1857
2122 8.9327
2123 2.1163
2124 0.0000
2125 4.0974
2126 8.9505
2127 0.0000
2128 8.1727
2129 1.8537
2130 9.9065
2131 0.0000
2132 2.2784
2133 12.1987
2134 0.0000
2135 -2.0202
2136 5.2839
2137 10.4529
2138 0.0000
2139 1.6976
2140 10.8007
2141 0.0000
2142 -0.1268
2143 0.4316
2144 0.3507
2145 0.0000
2146 5.3456
2147 0.0000
2148 1.1083
2149 0.0000
2150 2.1521
2151 0.7729
2152 0.0000
2153 13.1388
2154 0.0000
2155 -3.4218
2156 0.0000
2157 4.9475
2158 6.8964
2159 2.6617
2160 0.0000
2161 9.4372
2162 6.6415
2163 7.5695
2164 0.0000
2165 5.9078
2166 -2.7740
2167 1.2484
2168 0.0000
2169 1.8233
2170 0.0000
2171 4.3071
2172 0.0000
2173 -0.8011
2174 6.6027
2175 0.0000
2176 5.6920
2177 0.0000
2178 -0.0743
2179 4.9016
2180 4.7684
2181 3.8510
2182 -4.4928
2183 -4.4153
2184 11.6297
2185 1.9479
2186 6.4584
2187 -1.1144
2188 7.4431
2189 1.0831
2190 5.3620
2191 -5.1002
2192 0.6164
2193 1.2600
2194 0.0000
2195 0.3577
2196 -2.7261
2197 -1.3390
2198 6.4599
2199 0.2894
2200 8.9048
2201 0.3183
2202 8.3263
2203 0.0000
2204 4.4408
2205 -2.6294
2206 2.0240
2207 2.2374
2208 3.7279
2209 -3.4205
2210 0.0000
2211 7.0687
2212 3.4402
2213 3.7414
2214 0.0000
2215 4.5119
2216 6.5268
2217 9.1792
2218 8.7228
2219 1.1120
2220 -4.3268
2221 -7.5252
2222 5.3508
2223 0.0000
2224 4.9532
2225 2.9988
2226 4.1553
2227 6.0551
2228 -0.5132
2229 3.1447
2230 0.0000
2231 0.1126
2232 8.0759
2233 1.6137
2234 0.0000
2235 14.3671
2236 -2.1186
2237 8.4824
2238 12.4399
2239 -5.5038
2240 7.1022
2241 4.2661
2242 7.8360
2243 0.0000
2244 6.8821
2245 -2.6357
2246 0.6132
2247 6.0672
2248 3.8749
2249 -0.4233
2250 0.0000
2251 -4.7428
2252 3.4515
2253 3.8471
2254 0.0000
2255 -2.6263
2256 -2.0187
2257 3.6430
2258 9.5215
2259 -7.1295
2260 5.8520
2261 -2.1273
2262 6.3459
2263 0.0000
2264 3.2381
2265 9.5897
2266 0.5934
2267 8.6348
2268 3.0662
2269 5.7411
2270 0.0000
2271 -1.0877
2272 3.8222
2273 6.8382
2274 6.9784
2275 3.1845
2276 8.0782
2277 6.7416
2278 9.3113
2279 1.8531
2280 4.2311
2281 -0.4405
2282 -1.5301
2283 2.3589
2284 6.8337
2285 0.0000
2286 -0.9456
2287 -4.7547
2288 5.4906
2289 9.3342
2290 -1.3669
2291 9.2464
2292 12.1999
2293 13.5043
2294 0.0000
2295 6.6999
2296 11.4974
2297 8.0638
2298 1.5412
2299 4.0939
2300 9.8019
2301 0.0000
2302 4.3559
2303 1.9546
2304 2.4722
2305 0.0000
2306 4.1277
2307 -1.5395
2308 3.3143
2309 2.1109
2310 0.3265
2311 8.6839
2312 1.6700
2313 -0.0489
2314 0.0000
2315 7.0180
2316 0.1931
2317 12.5883
2318 8.3879
2319 5.0289
2320 4.2791
2321 0.0000
2322 4.0959
2323 4.9991
2324 10.1699
2325 0.0000
2326 6.2419
2327 -3.9034
2328 -0.9499
2329 7.8280
2330 -1.9936
2331 1.6861
2332 -0.6709
2333 -1.4093
2334 0.0000
2335 1.6712
2336 2.9971
2337 6.3620
2338 0.0166
2339 4.6908
2340 3.7856
2341 0.0000
2342 0.4426
2343 10.4950
2344 -1.2241
2345 0.0000
2346 1.2344
2347 -1.3534
2348 0.4141
2349 3.7685
2350 -1.4626
2351 5.7045
2352 1.7066
2353 4.3556
2354 0.0000
2355 4.8509
2356 8.2127
2357 0.9689
2358 0.5144
2359 3.7287
2360 3.0811
2361 0.0000
2362 0.2959
2363 1.7947
2364 7.1159
2365 5.8807
2366 7.1614
2367 5.3076
2368 2.7227
2369 2.5340
2370 8.1912
2371 -2.7319
2372 4.5332
2373 0.6567
2374 -0.4254
2375 2.6711
2376 0.0000
2377 -0.1938
2378 6.7002
2379 4.6853
2380 11.9833
2381 -3.3106
2382 2.4805
2383 1.3135
2384 -5.4618
2385 0.0000
2386 5.2371
2387 -0.0631
2388 1.5711
2389 -2.7057
2390 6.8898
2391 3.3129
2392 0.0000
2393 2.4923
2394 2.2381
2395 7.7269
2396 0.0000
2397 10.0765
2398 -1.5890
2399 3.1557
2400 1.6957
2401 2.4551
2402 0.3000
2403 -4.2760
2404 -1.7132
2405 0.0000
2406 6.4078
2407 7.0081
2408 -1.6858
2409 -4.8627
2410 3.8999
2411 3.6673
2412 0.0000
2413 4.7903
2414 0.4487
2415 6.3930
2416 0.0000
2417 0.2001
2418 6.4036
2419 3.8676
2420 2.8146
2421 -0.3531
2422 -3.6819
2423 -1.1321
2424 -0.9556
2425 0.0000
2426 4.1704
2427 -1.8178
2428 4.4012
2429 7.7866
2430 6.1248
2431 -2.8291
2432 0.0000
2433 -2.8395
2434 -3.8113
2435 2.7149
2436 0.0000
2437 1.3641
2438 5.1737
2439 1.8875
2440 -5.5202
2441 -2.9276
2442 -1.3997
2443 -6.9042
2444 -10.1594
2445 0.0000
2446 2.1195
2447 -1.5475
2448 0.5890
2449 -0.5727
2450 5.1360
2451 4.7893
2452 0.0000
2453 2.3937
2454 -4.4640
2455 5.4900
2456 5.5196
2457 2.6244
2458 7.3283
2459 -3.4631
2460 -7.2114
2461 4.1390
2462 10.2536
2463 6.5087
2464 3.0037
2465 5.4330
2466 1.1684
2467 0.0000
2468 2.5613
2469 -3.4087
2470 3.1382
2471 0.5592
2472 -2.2071
2473 11.9155
2474 8.0785
2475 16.5625
2476 0.0000
2477 2.3092
2478 5.1938
2479 3.7609
2480 5.9236
2481 6.8033
2482 0.9347
2483 0.0000
2484 3.3225
2485 0.1461
2486 0.5831
2487 0.0000
2488 12.8616
2489 -6.0088
2490 -3.4019
2491 -0.2924
2492 -1.9652
2493 8.1236
2494 0.1580
2495 1.7176
2496 0.0000
2497 4.3284
2498 -0.4586
2499 4.5077
2500 2.8876
2501 -2.4307
2502 8.3346
2503 0.0000
2504 -0.2425
2505 2.1136
2506 0.6976
2507 0.0000
2508 5.6798
2509 -4.2163
2510 -1.6030
2511 0.5908
2512 -3.8308
2513 14.2910
2514 9.4348
2515 -3.5960
2516 0.0000
2517 6.3891
2518 6.3790
2519 3.8901
2520 9.9759
2521 12.5042
2522 1.1495
2523 0.0000
2524 -2.1959
2525 7.8816
2526 4.6497
2527 0.0000
2528 2.7906
2529 -4.4235
2530 -1.9007
2531 7.7453
2532 -1.4805
2533 2.1474
2534 6.8714
2535 6.2380
2536 0.0000
2537 7.8196
2538 8.3541
2539 1.5586
2540 10.5108
2541 -1.7200
2542 3.9034
2543 0.0000
2544 5.0659
2545 0.0000
2546 4.3218
2547 0.0000
2548 1.3921
2549 -1.1548
2550 -1.7340
2551 1.4922
2552 4.4577
2553 5.2239
2554 4.1953
2555 3.6945
2556 0.0000
2557 -3.1330
2558 12.6492
2559 5.8838
2560 5.3891
2561 7.0842
2562 4.2538
2563 0.0000
2564 -0.8487
2565 2.4071
2566 -1.7103
2567 4.1455
2568 3.8340
2569 2.9340
2570 0.0000
2571 3.6764
2572 -0.1144
2573 -0.4868
2574 2.2114
2575 1.2414
2576 1.1344
2577 0.0000
2578 0.2653
2579 -2.1655
2580 9.4064
2581 7.1535
2582 4.9722
2583 -3.4654
2584 0.0000
2585 -8.9924
2586 7.6430
2587 -3.0986
2588 4.9661
2589 6.2906
2590 -8.1481
2591 0.0000
2592 -3.6393
2593 2.7683
2594 4.7858
2595 7.7433
2596 5.0510
2597 -0.1156
2598 0.0000
2599 -4.6626
2600 8.9128
2601 7.5534
2602 2.9768
2603 6.2624
2604 5.0535
2605 0.0000
2606 -9.8467
2607 0.7404
2608 5.2200
2609 4.3103
2610 2.7429
2611 4.0436
2612 0.0000
2613 2.4101
2614 5.6196
2615 5.3606
2616 7.8397
2617 -3.6426
2618 2.5330
2619 0.0000
2620 0.5161
2621 7.9590
2622 5.9055
2623 1.0539
2624 2.8884
2625 4.9704
2626 0.0000
2627 -5.6641
2628 2.7800
2629 7.5111
2630 7.8968
2631 -3.7915
2632 3.5247
2633 0.0000
2634 5.5276
2635 3.4575
2636 -1.0915
2637 4.0607
2638 7.1160
2639 -3.9389
2640 0.0000
2641 3.6104
2642 3.1341
2643 12.6312
2644 3.5241
2645 6.7902
2646 6.3589
2647 0.0000
2648 -1.1862
2649 -1.4789
2650 2.1373
2651 3.8528
2652 9.6416
2653 4.5198
2654 0.0000
2655 2.1136
2656 4.1928
2657 5.4492
2658 8.3916
2659 0.0197
2660 7.5490
2661 0.0000
2662 2.4491
2663 0.0000
2664 2.0481
2665 0.0000
2666 6.0037
2667 0.0000
2668 -1.4403
2669 6.9867
2670 0.0000
2671 5.4074
2672 1.7329
2673 11.1503
2674 8.4296
2675 0.0000
2676 1.9153
2677 6.6855
2678 10.1872
2679 0.0000
2680 -0.0249
2681 -2.0064
2682 1.6242
2683 0.0000
2684 6.5845
2685 4.0872
2686 -4.3009
2687 3.5019
2688 4.8801
2689 -2.0279
2690 10.6916
2691 3.8550
2692 -0.8338
2693 0.0000
2694 2.5597
2695 2.3756
2696 9.9571
2697 8.3549
2698 1.6953
2699 6.7019
2700 0.0000
2701 4.4982
2702 10.2803
2703 2.8237
2704 -1.1559
2705 5.4429
2706 4.1604
2707 0.0000
2708 -2.6211
2709 -1.5243
2710 12.4005
2711 10.5049
2712 6.6334
2713 4.4356
2714 0.0000
2715 0.2101
2716 -3.4133
2717 2.9499
2718 7.3688
2719 -1.9169
2720 -0.8886
2721 0.0000
2722 3.4565
2723 -0.3868
2724 6.1807
2725 3.5436
2726 6.1592
2727 4.9272
2728 0.0000
2729 -1.0920
2730 4.2471
2731 0.9507
2732 4.5973
2733 6.1265
2734 5.0879
2735 0.0000
2736 5.7659
2737 11.5544
2738 5.0743
2739 3.7211
2740 0.4876
2741 2.3226
2742 0.0000
2743 -11.8076
2744 5.7730
2745 1.7121
2746 9.3320
2747 7.5647
2748 2.5630
2749 0.0000
2750 7.0593
2751 7.5241
2752 4.0014
2753 1.9690
2754 10.8425
2755 4.2228
2756 0.0000
2757 4.4374
2758 6.9818
2759 -1.4055
2760 3.7465
2761 8.0862
2762 10.4654
2763 0.0000
2764 1.8441
2765 5.2712
2766 -0.0654
2767 -1.4274
2768 7.2294
2769 5.7669
2770 0.0000
2771 0.7674
2772 -1.2299
2773 0.0000
2774 4.2616
2775 0.6911
2776 8.1954
2777 -5.3257
2778 3.2745
2779 2.4587
2780 6.0956
2781 -8.1895
2782 0.0000
2783 2.9581
2784 -0.7215
2785 0.0000
2786 7.8785
2787 0.0000
2788 1.6245
2789 0.0000
2790 2.4275
2791 4.8214
2792 0.0000
2793 7.0473
2794 2.5224
2795 0.0000
2796 7.7186
2797 12.2904
2798 5.4467
2799 0.0000
2800 8.3053
2801 6.2262
2802 0.0000
2803 -1.0923
2804 3.6554
2805 6.3694
2806 0.0000
2807 1.1544
2808 2.7449
2809 0.0000
2810 9.4832
2811 0.2884
2812 4.2739
2813 0.0000
2814 -0.2207
2815 3.5618
2816 0.0000
2817 1.1948
2818 3.9322
2819 7.0194
2820 0.0000
2821 -0.3138
2822 -2.7061
2823 0.0000
2824 2.0674
2825 1.1185
2826 5.4246
2827 0.0000
2828 3.8214
2829 3.7787
2830 0.0000
2831 4.3426
2832 0.0253
2833 0.0579
2834 0.0000
2835 -4.0784
2836 8.8938
2837 0.0000
2838 5.3821
2839 0.9705
2840 6.3588
2841 0.0000
2842 -1.7971
2843 3.0809
2844 0.0000
2845 3.3417
2846 -0.1153
2847 3.1632
2848 0.0000
2849 0.7625
2850 4.7558
2851 0.0000
2852 -1.7215
2853 2.0308
2854 5.3520
2855 0.0000
2856 -1.4131
2857 -0.3394
2858 0.0000
2859 8.4472
2860 2.3868
2861 8.8547
2862 0.0000
2863 -3.8792
2864 5.2020
2865 0.0000
2866 -3.7440
2867 3.0639
2868 11.1770
2869 0.0000
2870 3.7525
2871 5.1980
2872 0.0000
2873 3.5806
2874 0.8184
2875 1.3771
2876 0.0000
2877 2.5479
2878 4.0691
2879 0.0000
2880 8.9357
2881 2.1215
2882 5.8401
2883 0.0000
2884 1.8130
2885 10.1130
2886 0.0000
2887 3.0963
2888 11.5909
2889 6.9230
2890 0.0000
2891 2.4884
2892 1.0249
2893 0.0000
2894 4.2935
2895 0.0135
2896 5.9696
2897 0.0000
2898 2.0591
2899 9.8382
2900 0.0000
2901 4.0252
2902 12.2401
2903 2.3122
2904 0.0000
2905 -1.9555
2906 0.0000
2907 7.3951
2908 0.0000
2909 6.7291
2910 0.2027
2911 0.0000
2912 6.9593
2913 0.0000
2914 -4.4034
2915 0.0000
2916 7.1578
2917 1.5144
2918 6.4269
2919 0.0000
2920 2.9857
2921 2.8753
2922 7.1960
2923 0.0000
2924 8.6267
2925 6.8721
2926 3.0111
2927 0.0000
2928 4.6093
2929 0.0000
2930 -0.2121
2931 0.0000
2932 10.6594
2933 9.3791
2934 0.0000
2935 -2.0083
2936 0.0000
2937 -2.4528
2938 2.8767
2939 5.4751
2940 4.4227
2941 5.6830
2942 -0.6820
2943 1.8478
2944 13.7749
2945 4.9024
2946 8.4370
2947 3.6735
2948 3.7531
2949 -4.1211
2950 0.8952
2951 1.3685
2952 -1.1417
2953 0.0000
2954 0.5352
2955 -1.1421
2956 4.2556
2957 -3.5446
2958 6.8487
2959 -7.8820
2960 -3.3297
2961 1.2815
2962 0.0000
2963 6.5958
2964 -1.1785
2965 7.8529
2966 8.4605
2967 -2.3473
2968 1.4954
2969 0.0000
2970 1.6601
2971 5.3294
2972 7.0332
2973 0.0000
2974 2.2533
2975 -1.5770
2976 -0.7234
2977 4.0955
2978 -7.4622
2979 5.1852
2980 8.3695
2981 7.0392
2982 0.0000
2983 3.2609
2984 4.5507
2985 6.4994
2986 5.8442
2987 2.0172
2988 -2.9202
2989 0.0000
2990 -1.4718
2991 4.0479
2992 0.0206
2993 0.0000
2994 1.8475
2995 -4.5445
2996 -14.3581
2997 1.9767
2998 -1.0285
2999 11.2766
3000 10.5520
3001 6.5530
3002 0.0000
3003 8.4111
3004 -0.5801
3005 0.4814
3006 3.4961
3007 0.6588
3008 5.5637
3009 0.0000
3010 0.9994
3011 -4.6960
3012 -0.2218
3013 0.0000
3014 0.4120
3015 0.6066
3016 -0.0337
3017 1.1538
3018 3.8553
3019 3.4411
3020 5.3785
3021 5.4349
3022 0.0000
3023 8.9156
3024 3.1957
3025 3.0874
3026 11.3775
3027 4.5482
3028 17.5023
3029 0.0000
3030 1.5321
3031 0.8261
3032 -0.4721
3033 1.7246
3034 5.5705
3035 3.3476
3036 3.5792
3037 2.0908
3038 -3.7877
3039 10.9854
3040 -1.0782
3041 -1.2903
3042 0.8685
3043 2.1334
3044 0.0000
3045 -0.5967
3046 1.6659
3047 8.7818
3048 0.6373
3049 0.5228
3050 2.8655
3051 5.9093
3052 -0.4253
3053 0.0000
3054 20.1610
3055 7.0989
3056 -0.9378
3057 4.8318
3058 4.2579
3059 10.0373
3060 0.0000
3061 2.6584
3062 11.0121
3063 -0.3240
3064 0.0000
3065 3.0868
3066 2.0788
3067 2.1571
3068 4.4606
3069 -8.8852
3070 1.2657
3071 0.9362
3072 4.3013
3073 0.0000
3074 2.5452
3075 8.7875
3076 7.7898
3077 7.1364
3078 9.2900
3079 8.0080
3080 0.0000
3081 -0.9731
3082 0.7361
3083 3.7451
3084 0.0000
3085 4.8034
3086 -1.1439
3087 6.2021
3088 9.4068
3089 1.9659
3090 -2.3943
3091 1.1424
3092 8.8474
3093 0.0000
3094 14.2996
3095 11.3191
3096 8.9876
3097 6.1712
3098 4.9330
3099 6.3416
3100 0.0000
3101 4.9070
3102 9.0118
3103 5.9771
3104 0.0000
3105 1.8800
3106 -4.0895
3107 9.3609
3108 15.6116
3109 1.1879
3110 4.9600
3111 -6.4927
3112 0.4678
3113 0.0000
3114 1.0265
3115 5.1487
3116 8.5167
3117 2.3530
3118 -0.9983
3119 2.5895
3120 0.0000
3121 3.0286
3122 5.2986
3123 0.2315
3124 8.9534
3125 1.3828
3126 -4.5389
3127 0.2410
3128 9.6290
3129 -1.2821
3130 5.6012
3131 2.6519
3132 15.0839
3133 6.8115
3134 1.9099
3135 0.0000
3136 6.6526
3137 7.1197
3138 2.2801
3139 1.4026
3140 2.5317
3141 11.1860
3142 2.6495
3143 6.9516
3144 0.0000
3145 6.2583
3146 9.1790
3147 9.1140
3148 1.0626
3149 7.1441
3150 4.1046
3151 0.0000
3152 -2.6546
3153 6.3055
3154 2.2963
3155 0.0000
3156 5.5591
3157 -0.2371
3158 -2.4148
3159 5.9186
3160 1.9528
3161 -3.9100
3162 0.6631
3163 4.3644
3164 0.0000
3165 5.3625
3166 1.3160
3167 9.7118
3168 1.3480
3169 -2.1867
3170 9.0263
3171 0.0000
3172 -3.2263
3173 0.2402
3174 0.9636
3175 0.0000
3176 3.1672
3177 -3.0831
3178 -3.7644
3179 2.4669
3180 2.4263
3181 -6.0717
3182 -4.5453
3183 0.0815
3184 0.0000
3185 -0.4760
3186 9.1060
3187 10.8824
3188 6.0334
3189 3.7490
3190 9.1988
3191 0.0000
3192 1.7663
3193 1.2553
3194 3.8898
3195 0.0000
3196 0.7995
3197 4.4505
3198 -0.4334
3199 -1.3257
3200 6.3924
3201 4.6969
3202 8.2488
3203 -1.5136
3204 0.0000
3205 3.8965
3206 0.1484
3207 6.3052
3208 -3.2100
3209 -1.1380
3210 2.2716
3211 0.0000
3212 -5.0923
3213 11.0875
3214 5.1141
3215 5.4598
3216 -1.4307
3217 4.2363
3218 2.1610
3219 2.3901
3220 7.2597
3221 4.1545
3222 2.0838
3223 4.4108
3224 2.8681
3225 -4.4996
3226 0.0000
3227 6.3523
3228 -2.5775
3229 1.7795
3230 4.7465
3231 -0.2663
3232 -8.4982
3233 0.6234
3234 1.3223
3235 0.0000
3236 11.9930
3237 8.7713
3238 7.4913
3239 5.0183
3240 2.8708
3241 15.8022
3242 0.0000
3243 0.5817
3244 9.1523
3245 1.4562
3246 0.0000
3247 4.8554
3248 2.4252
3249 0.1161
3250 -2.4201
3251 1.6423
3252 14.2386
3253 -2.0312
3254 1.0459
3255 0.0000
3256 1.8472
3257 9.9207
3258 -0.0913
3259 -3.3126
3260 5.6781
3261 7.5381
3262 0.0000
3263 -6.6734
3264 12.8304
3265 7.2501
3266 0.0000
3267 1.1777
3268 -1.6672
3269 1.4119
3270 2.1311
3271 5.0904
3272 2.9092
3273 3.1028
3274 -0.4246
3275 0.0000
3276 2.4325
3277 8.1928
3278 12.1251
3279 7.9566
3280 6.0120
3281 -3.3384
3282 0.0000
3283 3.2430
3284 -1.5964
3285 5.7478
3286 0.0000
3287 7.5098
3288 -2.8331
3289 8.8034
3290 2.9492
3291 -4.0580
3292 4.0754
3293 3.8711
3294 0.1394
3295 0.0000
3296 -2.1827
3297 7.5077
3298 0.1482
3299 1.6491
3300 -6.2138
3301 -0.0632
3302 0.0000
3303 -0.4864
3304 0.0000
3305 2.9445
3306 0.0000
3307 5.3487
3308 2.6593
3309 -4.7848
3310 4.3360
3311 3.1565
3312 1.6552
3313 -1.8485
3314 -0.4877
3315 0.0000
3316 4.5362
3317 9.8711
3318 5.3591
3319 7.7710
3320 3.8065
3321 -0.2118
3322 0.0000
3323 -2.0834
3324 3.1938
3325 2.7117
3326 11.0288
3327 2.0097
3328 6.6114
3329 0.0000
3330 -2.4866
3331 7.7697
3332 9.5342
3333 4.3000
3334 0.1855
3335 0.1488
3336 0.0000
3337 1.3717
3338 -7.2585
3339 2.4431
3340 4.1121
3341 4.5564
3342 5.2968
3343 0.0000
3344 -2.6089
3345 1.8595
3346 -2.3353
3347 9.3279
3348 5.4607
3349 -1.8516
3350 0.0000
3351 6.8812
3352 5.3218
3353 -3.1780
3354 -4.9513
3355 8.2536
3356 4.4474
3357 0.0000
3358 0.0105
3359 -1.5993
3360 7.3120
3361 5.3415
3362 -0.6522
3363 1.4198
3364 0.0000
3365 -3.7994
3366 5.6283
3367 -1.5434
3368 -4.0602
3369 2.6599
3370 1.0072
3371 0.0000
3372 -1.5625
3373 -0.0949
3374 9.9916
3375 2.2182
3376 -2.7931
3377 1.0786
3378 0.0000
3379 4.2870
3380 6.1479
3381 4.0124
3382 2.4748
3383 4.5820
3384 12.2450
3385 0.0000
3386 -4.6967
3387 2.9716
3388 6.0633
3389 6.3931
3390 7.2078
3391 4.0361
3392 0.0000
3393 4.6870
3394 9.3861
3395 0.2661
3396 4.0588
3397 11.5513
3398 -0.9407
3399 0.0000
3400 2.7224
3401 -1.2307
3402 1.2168
3403 8.0408
3404 6.1229
3405 2.1146
3406 0.0000
3407 -0.2496
3408 11.0965
3409 3.5936
3410 3.2512
3411 6.9693
3412 6.7709
3413 0.0000
3414 -1.8325
3415 1.6126
3416 3.1232
3417 5.8816
3418 -2.9378
3419 2.6771
3420 0.0000
3421 -2.9686
3422 0.0000
3423 0.4727
3424 0.0000
3425 3.9472
3426 0.0000
3427 6.6164
3428 4.3208
3429 0.0000
3430 -1.6383
3431 6.3215
3432 11.4637
3433 3.8919
3434 0.0000
3435 2.2337
3436 7.5744
3437 6.9862
3438 0.0000
3439 2.1123
3440 0.3571
3441 6.2191
3442 0.0000
3443 6.3129
3444 3.8357
3445 -5.1582
3446 3.9668
3447 -2.7938
3448 1.2972
3449 16.4190
3450 -4.7135
3451 3.6100
3452 0.0000
3453 1.7434
3454 1.8205
3455 -4.6229
3456 1.1457
3457 -1.3156
3458 7.4343
3459 0.0000
3460 -1.5145
3461 3.8478
3462 -4.3982
3463 7.7352
3464 -0.6502
3465 5.9647
3466 0.0000
3467 2.9308
3468 9.7213
3469 7.4766
3470 -0.5827
3471 -1.2795
3472 0.7859
3473 0.0000
3474 -3.1049
3475 4.7022
3476 4.4739
3477 6.3454
3478 -2.2016
3479 8.7066
3480 0.0000
3481 -8.4479
3482 -3.5470
3483 14.2098
3484 2.4356
3485 5.0831
3486 1.4015
3487 0.0000
3488 2.0197
3489 9.6802
3490 5.4126
3491 -0.2708
3492 4.5301
3493 -4.3659
3494 0.0000
3495 3.6791
3496 8.9398
3497 -1.1480
3498 5.3855
3499 6.3252
3500 3.8646
3501 0.0000
3502 3.1030
3503 8.0412
3504 3.5617
3505 -1.9847
3506 1.7541
3507 -2.3724
3508 0.0000
3509 1.7630
3510 10.2772
3511 4.4448
3512 -1.5912
3513 3.2249
3514 -2.6156
3515 0.0000
3516 -4.3478
3517 1.3741
3518 -0.2417
3519 5.4200
3520 6.9837
3521 3.7543
3522 0.0000
3523 -1.9445
3524 4.4482
3525 6.7101
3526 4.5884
3527 6.9841
3528 2.8494
3529 0.0000
3530 -0.9577
3531 2.6149
3532 0.0000
3533 5.7208
3534 -1.4486
3535 1.5152
3536 0.4726
3537 -5.3371
3538 -2.4799
3539 0.2153
3540 -1.3427
3541 0.0000
3542 -2.7437
3543 6.7211
3544 0.0000
3545 0.1903
3546 0.0000
3547 2.6628
3548 0.0000
3549 0.7755
3550 -1.1364
3551 0.0000
3552 7.7202
3553 4.6872
3554 0.0000
3555 0.7700
3556 4.2893
3557 9.7578
3558 0.0000
3559 7.8062
3560 10.8895
3561 0.0000
3562 8.4593
3563 2.8181
3564 8.6119
3565 0.0000
3566 4.0979
3567 0.2044
3568 0.0000
3569 8.3836
3570 1.3228
3571 7.7035
3572 0.0000
3573 2.2159
3574 3.5667
3575 0.0000
3576 -3.2537
3577 -1.2762
3578 9.7379
3579 0.0000
3580 -4.3399
3581 7.9304
3582 0.0000
3583 -1.3593
3584 9.7102
3585 1.2173
3586 0.0000
3587 -8.3060
3588 8.1935
3589 0.0000
3590 -0.7564
3591 8.8963
3592 -0.0412
3593 0.0000
3594 5.2718
3595 5.5537
3596 0.0000
3597 5.8827
3598 1.9370
3599 9.7793
3600 0.0000
3601 -3.8596
3602 10.8518
3603 0.0000
3604 7.1173
3605 1.3283
3606 2.1595
3607 0.0000
3608 2.3055
3609 2.9014
3610 0.0000
3611 4.1857
3612 5.2462
3613 6.5024
3614 0.0000
3615 -6.2513
3616 2.6000
3617 0.0000
3618 2.3319
3619 6.7875
3620 6.2175
3621 0.0000
3622 -1.1384
3623 2.4240
3624 0.0000
3625 -0.8192
3626 8.5308
3627 6.7463
3628 0.0000
3629 -5.4792
3630 6.2990
3631 0.0000
3632 6.2066
3633 5.0812
3634 1.2917
3635 0.0000
3636 7.6414
3637 6.6269
3638 0.0000
3639 4.9298
3640 -2.9127
3641 0.8363
3642 0.0000
3643 0.3371
3644 2.0790
3645 0.0000
3646 2.7095
3647 3.5806
3648 -2.1795
3649 0.0000
3650 -6.6717
3651 7.7610
3652 0.0000
3653 -0.2169
3654 1.9940
3655 -2.6383
3656 0.0000
3657 5.2324
3658 2.7212
3659 0.0000
3660 2.3274
3661 -0.0770
3662 3.2942
3663 0.0000
3664 -1.0117
3665 0.0000
3666 7.4319
3667 0.0000
3668 0.3298
3669 1.4563
3670 0.0000
3671 4.2389
3672 0.0000
3673 -1.1388
3674 0.0000
3675 1.0033
3676 4.0285
3677 3.2953
3678 0.0000
3679 -1.0230
3680 3.1147
3681 4.0773
3682 0.0000
3683 1.8865
3684 6.2005
3685 -2.6104
3686 0.0000
3687 2.0296
3688 0.0000
3689 1.4031
3690 0.0000
3691 7.6367
3692 -0.9079
3693 0.0000
3694 1.5515
3695 0.0000
3696 2.5200
3697 -2.6319
3698 0.1191
3699 8.5682
3700 -2.1594
3701 5.1961
3702 7.5881
3703 8.7360
3704 4.9899
3705 0.4165
3706 1.1744
3707 4.7846
3708 0.5997
3709 2.4782
3710 3.6656
3711 0.0409
3712 0.0000
3713 4.7498
3714 -2.0261
3715 2.2511
3716 -3.9095
3717 2.9296
3718 6.6518
3719 4.8467
3720 6.7319
3721 0.0000
3722 9.9400
3723 0.9974
3724 -2.3975
3725 4.4460
3726 11.4681
3727 4.5370
3728 0.0000
3729 0.2059
3730 0.3624
3731 2.4983
3732 0.0000
3733 5.0845
3734 -0.7739
3735 1.4477
3736 -1.1170
3737 2.6534
3738 1.7425
3739 0.8144
3740 4.1907
3741 0.0000
3742 0.9511
3743 -3.3254
3744 5.1737
3745 -1.4517
3746 -4.2938
3747 -2.2660
3748 0.0000
3749 -1.0389
3750 4.5134
3751 5.1861
3752 0.0000
3753 -2.8226
3754 -0.9683
3755 -0.4780
3756 7.1574
3757 -2.7181
3758 0.4476
3759 0.0236
3760 -0.6061
3761 0.0000
3762 8.5427
3763 6.7071
3764 6.4614
3765 1.2788
3766 3.5951
3767 7.8730
3768 0.0000
3769 -0.4097
3770 -3.9415
3771 0.4279
3772 0.0000
3773 1.6578
3774 -4.8529
3775 4.2531
3776 -5.3045
3777 -1.3838
3778 13.5596
3779 -2.2069
3780 2.6268
3781 0.0000
3782 6.2971
3783 2.6844
3784 0.2941
3785 6.6552
3786 -0.3611
3787 2.9830
3788 0.0000
3789 -1.0338
3790 0.7785
3791 -0.5562
3792 8.2414
3793 3.5886
3794 -0.6759
3795 2.8885
3796 -3.4830
3797 1.1555
3798 6.1657
3799 10.7420
3800 3.0190
3801 2.3077
3802 3.5242
3803 0.0000
3804 8.6495
3805 -0.7773
3806 13.4850
3807 8.0029
3808 0.2863
3809 6.4775
3810 -0.5726
3811 13.3314
3812 0.0000
3813 3.0809
3814 9.5182
3815 5.8331
3816 3.8982
3817 0.9208
3818 8.8482
3819 0.0000
3820 7.6292
3821 6.3905
3822 7.7434
3823 0.0000
3824 1.2661
3825 2.1692
3826 2.3785
3827 4.4735
3828 4.3304
3829 8.0784
3830 7.7314
3831 2.2826
3832 0.0000
3833 -1.2441
3834 5.7828
3835 3.1919
3836 0.8695
3837 10.5555
3838 -0.0404
3839 0.0000
3840 5.4299
3841 1.4627
3842 4.1989
3843 0.0000
3844 -2.4001
3845 3.8153
3846 1.1045
3847 -2.6945
3848 -2.9716
3849 3.6111
3850 -5.4497
3851 7.7236
3852 0.0000
3853 10.3013
3854 3.0018
3855 3.8391
3856 3.4554
3857 9.8080
3858 -0.0753
3859 0.0000
3860 2.2572
3861 -2.2002
3862 16.7351
3863 0.0000
3864 6.8772
3865 -4.5421
3866 7.0435
3867 10.8130
3868 -4.8765
3869 1.1683
3870 0.5765
3871 4.1656
3872 0.0000
3873 3.5080
3874 1.9390
3875 2.3287
3876 4.1149
3877 3.9721
3878 7.7736
3879 0.0000
3880 -3.4622
3881 7.2387
3882 4.0086
3883 5.7757
3884 4.8281
3885 -0.8111
3886 6.9434
3887 1.6845
3888 4.5422
3889 6.7275
3890 6.3340
3891 -1.5883
3892 9.8705
3893 9.7229
3894 0.0000
3895 6.2721
3896 0.4095
3897 5.8747
3898 -0.1547
3899 -2.2599
3900 -7.1559
3901 0.0600
3902 2.7254
3903 0.0000
3904 0.1156
3905 -0.0342
3906 4.2229
3907 1.4794
3908 10.7746
3909 9.3785
3910 0.0000
3911 9.0907
3912 4.7106
3913 0.6863
3914 0.0000
3915 8.3597
3916 -0.1007
3917 11.0429
3918 9.2872
3919 -7.2755
3920 10.5855
3921 1.1580
3922 -0.1648
3923 0.0000
3924 9.5034
3925 1.2199
3926 6.7954
3927 2.7666
3928 6.2377
3929 -1.1950
3930 0.0000
3931 1.6890
3932 9.5652
3933 6.5461
3934 0.0000
3935 -4.3986
3936 0.4196
3937 2.8245
3938 12.4836
3939 -6.2127
3940 12.2977
3941 -3.5562
3942 -2.3751
3943 0.0000
3944 1.8513
3945 3.3965
3946 0.7585
3947 6.7464
3948 11.1297
3949 -0.2251
3950 0.0000
3951 -6.7295
3952 8.3175
3953 2.5532
3954 0.0000
3955 1.0529
3956 4.9719
3957 6.7476
3958 7.3193
3959 3.3145
3960 -3.3074
3961 -2.9055
3962 2.5122
3963 0.0000
3964 1.0513
3965 7.8146
3966 4.1725
3967 4.9830
3968 8.7498
3969 3.2495
3970 0.0000
3971 -2.8377
3972 -1.1867
3973 3.9457
3974 6.9715
3975 9.4049
3976 3.9476
3977 6.8375
3978 3.8569
3979 5.2154
3980 10.6566
3981 6.6417
3982 0.9739
3983 7.2115
3984 8.9949
3985 0.0000
3986 3.9772
3987 7.3653
3988 -0.7267
3989 9.0116
3990 7.1407
3991 -0.7170
3992 9.5485
3993 7.8405
3994 0.0000
3995 10.1390
3996 1.7638
3997 3.6191
3998 5.1894
3999 3.7065
4000 9.1156
4001 0.0000
4002 6.0513
4003 4.9932
4004 7.2111
4005 0.0000
4006 5.2365
4007 -4.0988
4008 6.3203
4009 8.0609
4010 3.2033
4011 -1.2277
4012 8.4510
4013 -3.5157
4014 0.0000
4015 3.1570
4016 6.4571
4017 1.1544
4018 1.3157
4019 1.4358
4020 13.9042
4021 0.0000
4022 1.8705
4023 10.4200
4024 13.9264
4025 0.0000
4026 -1.0379
4027 -5.9921
4028 0.1365
4029 1.5698
4030 1.9147
4031 5.0404
4032 1.4707
4033 -6.4177
4034 0.0000
4035 3.7774
4036 2.7093
4037 -0.4596
4038 5.4142
4039 13.8807
4040 3.9514
4041 0.0000
4042 -0.4360
4043 4.1034
4044 5.1501
4045 0.0000
4046 11.1582
4047 -6.5882
4048 3.3093
4049 0.9985
4050 -5.8970
4051 12.1637
4052 11.3093
4053 16.8594
4054 0.0000
4055 3.9014
4056 10.5790
4057 7.1785
4058 -0.1660
4059 -3.0303
4060 4.8973
4061 0.0000
4062 3.6798
4063 0.0000
4064 8.8038
4065 0.0000
4066 8.0088
4067 3.9865
4068 3.8566
4069 0.1050
4070 9.8903
4071 -0.1244
4072 5.9327
4073 2.7198
4074 0.0000
4075 4.9640
4076 -3.0924
4077 7.0733
4078 4.9430
4079 8.4882
4080 -3.6316
4081 0.0000
4082 4.4514
4083 7.4991
4084 2.2661
4085 -1.8889
4086 2.5080
4087 6.8693
4088 0.0000
4089 4.3777
4090 1.4598
4091 4.7993
4092 1.3420
4093 5.7186
4094 6.2075
4095 0.0000
4096 1.0927
4097 -0.4659
4098 5.5504
4099 2.7334
4100 7.4129
4101 9.5508
4102 0.0000
4103 5.2989
4104 2.9398
4105 4.2757
4106 -2.4245
4107 0.0665
4108 9.0989
4109 0.0000
4110 2.1680
4111 3.5007
4112 3.7325
4113 1.5453
4114 0.0126
4115 6.0898
4116 0.0000
4117 -0.1819
4118 14.0597
4119 5.2547
4120 9.5863
4121 6.0436
4122 -1.2537
4123 0.0000
4124 7.0806
4125 -0.4764
4126 -6.8411
4127 0.9444
4128 8.2226
4129 -3.9813
4130 0.0000
4131 0.9274
4132 0.3694
4133 5.6722
4134 9.9445
4135 2.4556
4136 5.9086
4137 0.0000
4138 1.5616
4139 9.4708
4140 2.1783
4141 2.5482
4142 5.8710
4143 5.2033
4144 0.0000
4145 5.4920
4146 5.8505
4147 1.3325
4148 -4.1803
4149 6.5472
4150 3.5903
4151 0.0000
4152 -6.4300
4153 4.5236
4154 -1.2279
4155 9.4303
4156 6.8241
4157 1.8284
4158 0.0000
4159 2.3994
4160 2.2024
4161 0.3983
4162 3.9498
4163 4.1763
4164 7.1001
4165 0.0000
4166 2.8437
4167 -0.5408
4168 -0.6929
4169 0.5030
4170 2.8911
4171 2.6526
4172 0.0000
4173 6.2458
4174 4.6024
4175 -4.9682
4176 4.8524
4177 -1.9552
4178 -8.0831
4179 0.0000
4180 7.2764
4181 0.0000
4182 1.1720
4183 0.0000
4184 2.7117
4185 0.0000
4186 1.0383
4187 2.8455
4188 0.0000
4189 2.0326
4190 1.5328
4191 3.0724
4192 8.5029
4193 0.0000
4194 0.2402
4195 0.0093
4196 1.2332
4197 0.0000
4198 1.1812
4199 -2.7755
4200 5.7465
4201 0.0000
4202 2.9365
4203 5.8473
4204 0.1202
4205 1.6670
4206 1.7290
4207 -3.2214
4208 -0.3984
4209 -8.7717
4210 -5.0216
4211 0.0000
4212 -5.3262
4213 6.2145
4214 -3.0445
4215 4.0474
4216 6.0811
4217 3.4744
4218 0.0000
4219 4.6397
4220 6.3793
4221 0.9445
4222 -2.1841
4223 3.6083
4224 -0.0872
4225 0.0000
4226 -1.6843
4227 12.5839
4228 3.4456
4229 7.2309
4230 3.1179
4231 2.8349
4232 0.0000
4233 2.0913
4234 1.7980
4235 11.0767
4236 4.2530
4237 5.0556
4238 0.5499
4239 0.0000
4240 2.1922
4241 -3.9406
4242 6.6792
4243 8.8745
4244 4.8907
4245 8.7493
4246 0.0000
4247 -1.2500
4248 7.2790
4249 7.9838
4250 -1.1532
4251 -1.4561
4252 4.5573
4253 0.0000
4254 1.1554
4255 8.8868
4256 0.2246
4257 4.7236
4258 1.8725
4259 11.7706
4260 0.0000
4261 4.1851
4262 3.6040
4263 12.4396
4264 0.8586
4265 0.3949
4266 5.2215
4267 0.0000
4268 8.7223
4269 4.5203
4270 0.8652
4271 0.5223
4272 -2.4304
4273 2.8107
4274 0.0000
4275 6.5135
4276 9.8477
4277 6.2824
4278 11.4097
4279 6.2728
4280 -2.1898
4281 0.0000
4282 -1.0096
4283 -2.2269
4284 4.0722
4285 4.3826
4286 0.0787
4287 1.0647
4288 0.0000
4289 3.5985
4290 1.1384
4291 0.0000
4292 2.5116
4293 5.6599
4294 5.7363
4295 -1.4681
4296 -3.1186
4297 -5.2269
4298 -4.6718
4299 3.2605
4300 0.0000
4301 -4.9141
4302 3.9456
4303 0.0000
4304 -0.9036
4305 0.0000
4306 2.9225
4307 0.0000
4308 1.3082
4309 4.8889
4310 0.0000
4311 1.4909
4312 7.0523
4313 0.0000
4314 6.7542
4315 1.2418
4316 2.3941
4317 0.0000
4318 -1.2597
4319 14.2149
4320 0.0000
4321 6.7889
4322 -3.6241
4323 2.8330
4324 0.0000
4325 -6.6915
4326 9.8344
4327 0.0000
4328 2.5503
4329 6.0229
4330 3.0121
4331 0.0000
4332 3.0762
4333 7.1589
4334 0.0000
4335 1.5074
4336 9.9157
4337 1.2276
4338 0.0000
4339 -0.5482
4340 5.8388
4341 0.0000
4342 -2.0631
4343 0.8610
4344 3.6755
4345 0.0000
4346 0.5481
4347 2.0948
4348 0.0000
4349 7.4479
4350 0.3610
4351 1.2236
4352 0.0000
4353 -3.6244
4354 4.2740
4355 0.0000
4356 6.2193
4357 7.7484
4358 10.0976
4359 0.0000
4360 -3.0053
4361 4.5819
4362 0.0000
4363 15.2920
4364 8.1511
4365 -1.0677
4366 0.0000
4367 3.5010
4368 6.3113
4369 0.0000
4370 -1.4835
4371 6.4816
4372 10.0399
4373 0.0000
4374 -6.2789
4375 8.2861
4376 0.0000
4377 4.3709
4378 5.7799
4379 7.6836
4380 0.0000
4381 4.3837
4382 7.4810
4383 0.0000
4384 5.3489
4385 5.5305
4386 6.3980
4387 0.0000
4388 -3.5669
4389 1.6330
4390 0.0000
4391 -2.6943
4392 7.1208
4393 1.1879
4394 0.0000
4395 -9.3799
4396 2.2975
4397 0.0000
4398 0.8292
4399 6.5042
4400 9.1339
4401 0.0000
4402 -1.5607
4403 -3.2744
4404 0.0000
4405 0.9687
4406 8.2278
4407 10.5660
4408 0.0000
4409 6.0777
4410 9.6666
4411 0.0000
4412 2.8422
4413 -3.8229
4414 4.4856
4415 0.0000
4416 1.1995
4417 -2.7964
4418 0.0000
4419 -2.6221
4420 7.4863
4421 5.5300
4422 0.0000
4423 0.7322
4424 0.0000
4425 4.5526
4426 0.0000
4427 4.1923
4428 -0.1813
4429 0.0000
4430 0.1156
4431 0.0000
4432 0.9894
4433 0.0000
4434 8.8842
4435 9.6288
4436 1.4678
4437 0.0000
4438 10.5320
4439 7.6122
4440 12.1233
4441 0.0000
4442 0.8611
4443 9.5064
4444 3.7557
4445 0.0000
4446 8.7744
4447 0.0000
4448 5.4678
4449 0.0000
4450 -2.4947
4451 15.8928
4452 0.0000
4453 -0.5424
4454 0.0000
4455 0.4742
4456 -1.6398
4457 3.1728
4458 10.2169
4459 9.9557
4460 4.2820
4461 3.7670
4462 -1.4454
4463 4.3157
4464 3.0431
4465 2.0277
4466 1.0878
4467 6.4963
4468 -1.8333
4469 6.3317
4470 6.3309
4471 0.0000
4472 8.7710
4473 -4.0089
4474 3.4519
4475 1.4786
4476 4.1992
4477 2.7439
4478 0.0010
4479 5.3450
4480 0.0000
4481 5.8428
4482 -7.1604
4483 -1.4141
4484 2.4537
4485 7.1112
4486 9.8027
4487 0.0000
4488 -2.2402
4489 -0.2214
4490 0.4394
4491 0.0000
4492 2.0973
4493 -2.7829
4494 5.2296
4495 9.9796
4496 -1.4881
4497 10.4264
4498 9.0167
4499 0.1260
4500 0.0000
4501 5.4094
4502 -4.0121
4503 -0.8825
4504 4.3991
4505 10.1458
4506 2.7660
4507 0.0000
4508 -2.4474
4509 12.3648
4510 3.9342
4511 0.0000
4512 3.6606
4513 -0.4398
4514 5.3626
4515 -4.8074
4516 -6.3922
4517 1.2439
4518 -2.9258
4519 1.9580
4520 0.0000
4521 9.0853
4522 4.6435
4523 3.2348
4524 1.3505
4525 3.9216
4526 2.2567
4527 0.0000
4528 -5.3025
4529 5.0255
4530 3.9600
4531 0.0000
4532 4.5813
4533 5.3817
4534 1.4048
4535 10.4067
4536 -0.3841
4537 6.0238
4538 5.1107
4539 3.0657
4540 0.0000
4541 3.5643
4542 2.3045
4543 2.7905
4544 3.5157
4545 1.4780
4546 3.9024
4547 0.0000
4548 5.3889
4549 6.2058
4550 8.6298
4551 11.4889
4552 1.9034
4553 13.8537
4554 13.6845
4555 2.4195
4556 9.9261
4557 0.4748
4558 1.6604
4559 -0.2216
4560 -3.0623
4561 4.9832
4562 0.0000
4563 7.1034
4564 1.3904
4565 4.1592
4566 2.3232
4567 2.0954
4568 0.7454
4569 1.8762
4570 2.3293
4571 0.0000
4572 4.8608
4573 -1.0345
4574 2.1555
4575 5.0616
4576 5.9291
4577 8.5586
4578 0.0000
4579 -1.3963
4580 0.7113
4581 3.0131
4582 0.0000
4583 8.2300
4584 -0.6254
4585 4.7786
4586 3.9442
4587 4.8827
4588 -6.4267
4589 5.4284
4590 0.7436
4591 0.0000
4592 1.6156
4593 6.6318
4594 2.8524
4595 8.0904
4596 3.0070
4597 0.2750
4598 0.0000
4599 0.3885
4600 4.3099
4601 -0.2370
4602 0.0000
4603 2.8006
4604 -1.4283
4605 3.2341
4606 -2.3355
4607 0.7430
4608 6.7975
4609 -3.0953
4610 3.5104
4611 0.0000
4612 12.3916
4613 5.7528
4614 3.8955
4615 1.2262
4616 1.5528
4617 7.3837
4618 0.0000
4619 3.1808
4620 1.5477
4621 2.9672
4622 0.0000
4623 6.2226
4624 -0.4209
4625 -1.0766
4626 -2.9479
4627 -6.6324
4628 -0.3036
4629 -2.3520
4630 5.8748
4631 0.0000
4632 11.7662
4633 7.8166
4634 1.5659
4635 2.2613
4636 -5.3733
4637 5.7277
4638 0.0000
4639 2.6210
4640 2.9651
4641 -2.3910
4642 6.0836
4643 -4.4393
4644 0.8698
4645 -1.9038
4646 1.8357
4647 6.3623
4648 0.8720
4649 -2.0031
4650 5.3942
4651 2.5416
4652 -2.4257
4653 0.0000
4654 0.3435
4655 2.3195
4656 3.2358
4657 -6.9058
4658 -0.3249
4659 -8.3454
4660 2.1245
4661 2.6168
4662 0.0000
4663 -1.4120
4664 -2.0050
4665 9.4886
4666 2.7484
4667 8.9505
4668 3.9629
4669 0.0000
4670 1.4516
4671 -1.5954
4672 -3.0571
4673 0.0000
4674 -2.8895
4675 4.6185
4676 -0.0137
4677 5.3629
4678 -1.7928
4679 -3.3360
4680 -1.6826
4681 -2.3211
4682 0.0000
4683 7.2036
4684 4.6133
4685 7.6463
4686 1.1551
4687 1.0556
4688 0.9445
4689 0.0000
4690 -1.4237
4691 14.7486
4692 7.9190
4693 0.0000
4694 5.6650
4695 2.0579
4696 7.2607
4697 1.4137
4698 -2.8364
4699 12.0563
4700 8.8877
4701 3.2826
4702 0.0000
4703 6.2366
4704 11.3377
4705 4.2251
4706 1.7088
4707 1.6473
4708 0.9250
4709 0.0000
4710 1.5767
4711 2.5956
4712 1.5295
4713 0.0000
4714 1.0275
4715 2.4881
4716 -0.5066
4717 8.3033
4718 -1.0682
4719 4.2539
4720 2.3377
4721 1.1050
4722 0.0000
4723 -0.0493
4724 7.3596
4725 -1.4712
4726 0.7522
4727 2.7984
4728 2.8291
4729 0.0000
4730 3.0347
4731 -0.1275
4732 0.6499
4733 -2.6722
4734 3.5574
4735 0.5246
4736 2.9728
4737 14.5104
4738 11.2529
4739 1.7896
4740 5.8056
4741 -0.4810
4742 -2.1340
4743 -2.0673
4744 0.0000
4745 1.2040
4746 -2.4723
4747 6.1848
4748 0.4317
4749 0.9774
4750 -0.9052
4751 -3.2175
4752 4.5222
4753 0.0000
4754 -6.7784
4755 4.0398
4756 5.7083
4757 6.0915
4758 7.0738
4759 10.9414
4760 0.0000
4761 2.4656
4762 5.5396
4763 2.0961
4764 0.0000
4765 5.3778
4766 -6.1514
4767 5.2030
4768 -0.7441
4769 -5.1584
4770 6.7002
4771 3.8062
4772 1.7892
4773 0.0000
4774 9.3644
4775 8.5627
4776 2.9243
4777 1.3026
4778 9.9454
4779 5.4290
4780 0.0000
4781 -4.5043
4782 6.1404
4783 7.2709
4784 0.0000
4785 5.5572
4786 -0.5631
4787 2.2452
4788 7.9205
4789 -2.3593
4790 11.8896
4791 3.7121
4792 6.7935
4793 0.0000
4794 10.2065
4795 1.4628
4796 5.4913
4797 7.3405
4798 6.2031
4799 10.5803
4800 0.0000
4801 0.7313
4802 8.3296
4803 7.1311
4804 0.0000
4805 2.4230
4806 -1.9661
4807 -3.2576
4808 1.6116
4809 -1.2448
4810 16.8812
4811 0.7841
4812 4.9907
4813 0.0000
4814 8.0623
4815 9.4967
4816 4.0487
4817 -4.5710
4818 0.5268
4819 3.7129
4820 0.0000
4821 1.1916
4822 0.0000
4823 -5.1425
4824 0.0000
4825 10.4150
4826 -1.3517
4827 -0.1403
4828 10.9159
4829 2.6894
4830 0.2417
4831 -1.6519
4832 -1.6749
4833 0.0000
4834 2.0014
4835 0.1338
4836 -0.3557
4837 4.0052
4838 5.6154
4839 2.6535
4840 0.0000
4841 1.7738
4842 3.7053
4843 10.0231
4844 4.5222
4845 1.9588
4846 0.9057
4847 0.0000
4848 -2.4537
4849 2.7733
4850 12.4671
4851 -5.8315
4852 10.0077
4853 2.1548
4854 0.0000
4855 11.5223
4856 1.9921
4857 13.9805
4858 1.5724
4859 6.4747
4860 12.2475
4861 0.0000
4862 0.6441
4863 8.0596
4864 7.3321
4865 6.8264
4866 12.3628
4867 7.1499
4868 0.0000
4869 0.8012
4870 11.0093
4871 1.8826
4872 -0.1518
4873 9.3473
4874 0.2505
4875 0.0000
4876 6.5069
4877 10.3650
4878 5.2790
4879 5.6842
4880 1.4834
4881 -2.6755
4882 0.0000
4883 -2.7567
4884 6.3242
4885 3.9621
4886 4.0585
4887 2.9536
4888 2.0946
4889 0.0000
4890 -2.4475
4891 0.4564
4892 7.1470
4893 7.5748
4894 0.5989
4895 -4.6791
4896 0.0000
4897 1.4510
4898 -1.8371
4899 9.5230
4900 9.3393
4901 8.3321
4902 -3.8984
4903 0.0000
4904 3.5172
4905 2.5587
4906 -1.6551
4907 7.2437
4908 5.5860
4909 4.6047
4910 0.0000
4911 9.0646
4912 -3.4721
4913 -2.0539
4914 3.1715
4915 6.7155
4916 6.4687
4917 0.0000
4918 6.4242
4919 11.2300
4920 3.5444
4921 3.7425
4922 -0.4243
4923 6.2447
4924 0.0000
4925 -2.5137
4926 9.1999
4927 2.3932
4928 -0.3052
4929 7.8159
4930 6.6455
4931 0.0000
4932 2.2948
4933 -0.6749
4934 0.7785
4935 1.4634
4936 -1.8174
4937 2.4450
4938 0.0000
4939 5.7398
4940 0.0000
4941 7.3310
4942 0.0000
4943 4.6007
4944 0.0000
4945 5.7662
4946 -2.8906
4947 0.0000
4948 -6.4009
4949 -0.7972
4950 6.8025
4951 -2.7445
4952 0.0000
4953 5.1220
4954 1.7956
4955 6.9809
4956 0.0000
4957 -3.7454
4958 2.0813
4959 2.2396
4960 0.0000
4961 3.1342
4962 4.8040
4963 9.3946
4964 5.3325
4965 -10.6456
4966 -1.8155
4967 2.6226
4968 6.9733
4969 8.8876
4970 0.0000
4971 2.5932
4972 1.7320
4973 2.6857
4974 0.1983
4975 6.8262
4976 -0.8046
4977 0.0000
4978 1.4963
4979 4.6911
4980 4.8387
4981 10.8988
4982 10.5799
4983 5.2152
4984 0.0000
4985 1.7648
4986 9.7781
4987 9.4224
4988 8.1526
4989 -0.7077
4990 3.7706
4991 0.0000
4992 4.6030
4993 7.0126
4994 2.3425
4995 1.5445
4996 -3.5002
4997 5.3747
4998 0.0000
4999 -10.8528
5000 5.4692
5001 4.1273
5002 -2.6162
5003 4.9278
5004 5.0854
5005 0.0000
5006 -3.1549
5007 -2.0645
5008 9.2030
5009 3.4673
5010 2.1072
5011 0.3666
5012 0.0000
5013 -1.2612
5014 5.1831
5015 2.6959
5016 4.2938
5017 6.9233
5018 1.0302
5019 0.0000
5020 0.0259
5021 1.5588
5022 0.2980
5023 7.4725
5024 2.6091
5025 2.0887
5026 0.0000
5027 -0.9532
5028 -0.9711
5029 -1.6370
5030 3.2276
5031 9.5645
5032 -0.3643
5033 0.0000
5034 6.3669
5035 8.8090
5036 5.3051
5037 6.4041
5038 -0.0378
5039 2.3758
5040 0.0000
5041 1.3784
5042 -5.2009
5043 13.6346
5044 7.7364
5045 1.0110
5046 2.2366
5047 0.0000
5048 3.2462
5049 1.1368
5050 0.0000
5051 5.3594
5052 -1.6628
5053 0.8577
5054 -0.2418
5055 -5.6776
5056 8.4624
5057 -2.5558
5058 6.6166
5059 0.0000
5060 4.5790
5061 2.8280
5062 0.0000
5063 1.5142
5064 0.0000
5065 -2.6641
5066 0.0000
5067 4.4860
5068 4.4823
5069 0.0000
5070 -0.0325
5071 7.9929
5072 0.0000
5073 3.3840
5074 4.3211
5075 6.7887
5076 0.0000
5077 4.5164
5078 1.6121
5079 0.0000
5080 7.7951
5081 2.2662
5082 5.9249
5083 0.0000
5084 2.4157
5085 11.8574
5086 0.0000
5087 -1.2658
5088 6.2606
5089 -0.1770
5090 0.0000
5091 -4.2377
5092 9.5385
5093 0.0000
5094 4.4311
5095 7.5915
5096 5.5505
5097 0.0000
5098 -0.9020
5099 3.8554
5100 0.0000
5101 6.1951
5102 3.1275
5103 2.5813
5104 0.0000
5105 0.9870
5106 4.9023
5107 0.0000
5108 -4.0148
5109 3.9274
5110 4.8182
5111 0.0000
5112 3.2470
5113 7.6800
5114 0.0000
5115 6.3213
5116 4.5823
5117 2.1792
5118 0.0000
5119 -0.3216
5120 0.4348
5121 0.0000
5122 0.6106
5123 -4.5892
5124 -2.9743
5125 0.0000
5126 -7.7649
5127 6.7580
5128 0.0000
5129 1.1272
5130 -0.7875
5131 1.6193
5132 0.0000
5133 -0.5148
5134 4.5363
5135 0.0000
5136 8.5257
5137 2.6269
5138 2.7739
5139 0.0000
5140 -5.3947
5141 0.6553
5142 0.0000
5143 9.1421
5144 7.8342
5145 10.4944
5146 0.0000
5147 -0.1267
5148 7.0898
5149 0.0000
5150 3.4160
5151 2.6416
5152 5.8533
5153 0.0000
5154 0.9442
5155 7.6276
5156 0.0000
5157 2.9927
5158 6.4028
5159 6.0100
5160 0.0000
5161 0.3002
5162 11.4852
5163 0.0000
5164 0.9579
5165 5.2863
5166 4.7378
5167 0.0000
5168 -1.8479
5169 2.4509
5170 0.0000
5171 5.9995
5172 5.3132
5173 9.5018
5174 0.0000
5175 2.1829
5176 5.5230
5177 0.0000
5178 6.3436
5179 3.7345
5180 6.6319
5181 0.0000
5182 -1.2967
5183 0.0000
5184 2.3811
5185 0.0000
5186 3.3196
5187 3.5155
5188 0.0000
5189 -3.2746
5190 0.0000
5191 5.8036
5192 0.0000
5193 6.2974
5194 5.7885
5195 6.2221
5196 0.0000
5197 5.9821
5198 8.9113
5199 10.1356
5200 0.0000
5201 -2.1751
5202 9.1605
5203 2.2189
5204 0.0000
5205 5.6524
5206 0.0000
5207 1.4583
5208 0.0000
5209 -1.3108
5210 8.3826
5211 0.0000
5212 -2.2556
5213 0.0000
5214 4.5491
5215 2.2272
5216 2.2486
5217 5.8558
5218 6.0132
5219 6.7118
5220 7.3970
5221 3.4347
5222 1.1459
5223 9.1959
5224 0.9488
5225 -0.0543
5226 4.4837
5227 -1.9674
5228 12.2815
5229 6.0792
5230 0.0000
5231 3.6390
5232 -8.7038
5233 2.4302
5234 2.8289
5235 0.2138
5236 7.9943
5237 9.4768
5238 6.2173
5239 0.0000
5240 3.0639
5241 3.6167
5242 -4.3395
5243 2.3312
5244 3.4438
5245 -4.4878
5246 0.0000
5247 2.6121
5248 -5.3070
5249 2.1693
5250 0.0000
5251 -0.9099
5252 2.5406
5253 1.9390
5254 2.7721
5255 2.5203
5256 -8.6517
5257 5.1522
5258 11.4879
5259 0.0000
5260 8.9037
5261 3.8715
5262 8.0708
5263 -1.4803
5264 0.5610
5265 7.5793
5266 0.0000
5267 0.2313
5268 1.0501
5269 2.3299
5270 0.0000
5271 3.8186
5272 -7.0581
5273 0.6774
5274 -2.5475
5275 -4.9464
5276 16.1224
5277 8.5076
5278 7.6106
5279 0.0000
5280 7.3705
5281 2.3522
5282 5.1691
5283 1.7742
5284 2.9849
5285 10.3177
5286 0.0000
5287 7.7318
5288 -1.0268
5289 0.4574
5290 0.0000
5291 8.4744
5292 -2.4837
5293 4.7057
5294 -0.8037
5295 -0.8166
5296 5.6990
5297 6.4219
5298 -4.8387
5299 0.0000
5300 5.7409
5301 7.8517
5302 8.5712
5303 5.1754
5304 6.1062
5305 4.9366
5306 0.0000
5307 5.8703
5308 6.8397
5309 3.9749
5310 5.8994
5311 4.6502
5312 14.6389
5313 -0.4711
5314 5.8547
5315 2.5573
5316 7.9350
5317 1.4763
5318 2.3825
5319 3.8464
5320 4.7979
5321 0.0000
5322 4.0805
5323 1.1777
5324 2.7740
5325 -2.2935
5326 -0.3954
5327 0.5333
5328 -0.7759
5329 5.5671
5330 0.0000
5331 0.2447
5332 7.3406
5333 4.7622
5334 -0.4998
5335 -0.9621
5336 7.3710
5337 0.0000
5338 -1.0365
5339 1.1986
5340 2.0329
5341 0.0000
5342 2.1598
5343 2.5571
5344 5.1235
5345 -0.3407
5346 -0.9387
5347 6.1359
5348 -1.7993
5349 7.9682
5350 0.0000
5351 7.0880
5352 3.3384
5353 2.0575
5354 -0.3072
5355 2.5968
5356 2.0396
5357 0.0000
5358 0.3150
5359 3.8107
5360 -0.8678
5361 0.0000
5362 -0.7433
5363 1.9464
5364 4.2088
5365 0.3318
5366 0.2787
5367 5.2986
5368 1.6310
5369 7.5547
5370 0.0000
5371 4.6602
5372 1.5858
5373 6.1806
5374 -2.3012
5375 4.7721
5376 4.9937
5377 0.0000
5378 0.9333
5379 -3.9438
5380 11.5277
5381 0.0000
5382 6.7011
5383 1.4232
5384 0.8962
5385 3.5637
5386 1.7510
5387 1.4202
5388 6.9399
5389 1.5408
5390 0.0000
5391 8.6433
5392 8.6090
5393 6.4207
5394 5.7715
5395 9.4456
5396 1.7779
5397 0.0000
5398 -5.3021
5399 0.1845
5400 -2.3363
5401 10.2766
5402 5.1467
5403 -0.1223
5404 1.1709
5405 8.1738
5406 7.3962
5407 -1.1770
5408 -0.2542
5409 6.4104
5410 3.9223
5411 -3.0503
5412 0.0000
5413 2.8787
5414 1.3641
5415 8.8651
5416 4.0992
5417 -2.3845
5418 8.8602
5419 -1.3160
5420 1.4196
5421 0.0000
5422 11.6350
5423 5.4938
5424 7.2882
5425 9.1029
5426 4.8861
5427 1.8177
5428 0.0000
5429 -3.5520
5430 4.9368
5431 4.4957
5432 0.0000
5433 4.0608
5434 2.9150
5435 -0.2589
5436 2.0814
5437 -1.3624
5438 8.6103
5439 3.6953
5440 15.4205
5441 0.0000
5442 1.0700
5443 7.3337
5444 3.7400
5445 7.0424
5446 1.8444
5447 5.6300
5448 0.0000
5449 3.0071
5450 5.0019
5451 3.1887
5452 0.0000
5453 8.3639
5454 -3.7326
5455 0.6004
5456 2.2469
5457 7.7816
5458 -2.8674
5459 -9.6339
5460 9.7104
5461 0.0000
5462 3.6132
5463 7.0332
5464 2.1615
5465 5.6448
5466 8.2392
5467 10.5034
5468 0.0000
5469 -1.9446
5470 0.9057
5471 2.5879
5472 0.0000
5473 9.2646
5474 -1.6345
5475 1.9104
5476 2.4042
5477 -0.0041
5478 1.0549
5479 -0.9231
5480 6.2660
5481 0.0000
5482 8.2100
5483 7.3195
5484 2.5294
5485 3.3678
5486 -2.2124
5487 11.1303
5488 0.0000
5489 3.6476
5490 -0.5955
5491 7.1375
5492 -1.9299
5493 1.2250
5494 0.2996
5495 7.1548
5496 1.4443
5497 0.3713
5498 5.4659
5499 11.0956
5500 -8.1170
5501 8.2924
5502 14.0143
5503 0.0000
5504 -3.6056
5505 -6.1482
5506 4.2147
5507 -6.2353
5508 -1.5898
5509 14.8442
5510 6.4167
5511 3.2299
5512 0.0000
5513 5.0032
5514 3.3069
5515 4.0287
5516 7.9267
5517 6.2863
5518 0.3806
5519 0.0000
5520 -2.6526
5521 4.9795
5522 2.6586
5523 0.0000
5524 12.2353
5525 0.5293
5526 3.2358
5527 -3.4205
5528 -4.2720
5529 8.7356
5530 8.2014
5531 -5.6158
5532 0.0000
5533 3.5628
5534 -0.1443
5535 9.6160
5536 3.7439
5537 11.4575
5538 3.5241
5539 0.0000
5540 -6.0306
5541 -0.4257
5542 6.8476
5543 0.0000
5544 4.7228
5545 1.9873
5546 6.8077
5547 1.1891
5548 8.2766
5549 4.5582
5550 8.4325
5551 6.9505
5552 0.0000
5553 1.1546
5554 7.1161
5555 14.0533
5556 2.9254
5557 6.5078
5558 1.1912
5559 0.0000
5560 -1.0696
5561 -5.3150
5562 3.0689
5563 0.0000
5564 6.3544
5565 7.7335
5566 4.4578
5567 13.6435
5568 7.6857
5569 7.3517
5570 -0.8741
5571 2.5451
5572 0.0000
5573 9.1155
5574 3.1929
5575 3.8391
5576 3.6347
5577 -3.0399
5578 10.8966
5579 0.0000
5580 -0.2189
5581 0.0000
5582 5.1289
5583 0.0000
5584 4.5446
5585 -3.4281
5586 -3.4886
5587 4.0402
5588 2.9436
5589 2.7395
5590 2.6740
5591 6.2157
5592 0.0000
5593 -6.4763
5594 -3.0544
5595 7.5087
5596 -0.2951
5597 3.2460
5598 3.9684
5599 0.0000
5600 5.2652
5601 -4.4560
5602 2.5713
5603 3.8449
5604 8.6977
5605 -1.2223
5606 0.0000
5607 5.4178
5608 7.7688
5609 6.3083
5610 8.8710
5611 3.1309
5612 0.1448
5613 0.0000
5614 2.3200
5615 4.1345
5616 5.2918
5617 7.9607
5618 1.6451
5619 -1.4300
5620 0.0000
5621 10.5815
5622 -4.2559
5623 4.4165
5624 7.5638
5625 2.2356
5626 3.1882
5627 0.0000
5628 2.4078
5629 6.6308
5630 1.2779
5631 6.1111
5632 7.1736
5633 2.7126
5634 0.0000
5635 -3.1176
5636 2.7311
5637 5.1306
5638 4.7202
5639 3.2769
5640 1.1819
5641 0.0000
5642 6.3854
5643 1.8528
5644 2.0735
5645 -0.1334
5646 -0.7702
5647 1.2404
5648 0.0000
5649 6.4252
5650 2.8326
5651 3.1850
5652 -5.7694
5653 6.2675
5654 -1.4074
5655 0.0000
5656 -4.6520
5657 6.6251
5658 -3.9993
5659 2.3970
5660 2.7395
5661 -0.5762
5662 0.0000
5663 -1.1496
5664 0.8658
5665 2.8374
5666 -3.2337
5667 2.8895
5668 2.2534
5669 0.0000
5670 -2.0619
5671 1.4157
5672 3.5867
5673 3.0113
5674 -2.0216
5675 1.8735
5676 0.0000
5677 4.5380
5678 1.2424
5679 2.6942
5680 10.5190
5681 3.7353
5682 9.8908
5683 0.0000
5684 0.6854
5685 -1.6126
5686 -0.2878
5687 12.6654
5688 -2.2012
5689 7.7266
5690 0.0000
5691 4.4843
5692 5.7270
5693 6.8518
5694 -1.4858
5695 9.1433
5696 -0.0256
5697 0.0000
5698 3.4218
5699 0.0000
5700 6.3651
5701 0.0000
5702 0.7762
5703 0.0000
5704 10.6993
5705 7.3072
5706 0.0000
5707 0.8872
5708 6.4718
5709 7.2360
5710 7.1309
5711 0.0000
5712 2.2210
5713 2.9933
5714 8.7405
5715 0.0000
5716 -3.8825
5717 8.2936
5718 -3.0569
5719 0.0000
5720 10.7782
5721 3.8085
5722 -7.2823
5723 6.2608
5724 2.8640
5725 5.8055
5726 7.7873
5727 2.6486
5728 -0.5625
5729 0.0000
5730 2.5227
5731 -2.1824
5732 10.0743
5733 4.7839
5734 7.0762
5735 1.3604
5736 0.0000
5737 3.0723
5738 5.9420
5739 7.4192
5740 1.9500
5741 1.8513
5742 11.0507
5743 0.0000
5744 -11.0747
5745 -2.4961
5746 0.9798
5747 -2.7770
5748 0.1539
5749 1.4492
5750 0.0000
5751 4.5848
5752 -1.2094
5753 3.2466
5754 8.9292
5755 9.3685
5756 0.9627
5757 0.0000
5758 1.8199
5759 -2.3111
5760 1.5301
5761 8.9296
5762 8.2117
5763 2.7433
5764 0.0000
5765 -5.4846
5766 3.8807
5767 4.8770
5768 6.1799
5769 12.2497
5770 7.0563
5771 0.0000
5772 6.3005
5773 -1.1225
5774 0.9480
5775 1.7619
5776 -0.3823
5777 2.5951
5778 0.0000
5779 -1.6706
5780 11.6031
5781 7.1617
5782 7.5292
5783 3.9851
5784 4.0020
5785 0.0000
5786 0.2091
5787 2.2562
5788 0.1672
5789 9.6536
5790 -1.6436
5791 2.3376
5792 0.0000
5793 -3.0505
5794 13.1060
5795 -2.8101
5796 -0.0568
5797 8.2586
5798 6.2244
5799 0.0000
5800 6.1497
5801 0.7413
5802 -0.7101
5803 11.7474
5804 -5.1582
5805 -0.4348
5806 0.0000
5807 1.5510
5808 5.5779
5809 0.0000
5810 -1.1519
5811 -4.8580
5812 7.1407
5813 0.9023
5814 -3.7069
5815 9.6989
5816 0.5691
5817 1.2278
5818 0.0000
5819 7.1697
5820 -2.1073
5821 0.0000
5822 7.1619
5823 0.0000
5824 7.7218
5825 0.0000
5826 6.2883
5827 6.6953
5828 0.0000
5829 5.8271
5830 4.1625
5831 0.0000
5832 7.7536
5833 -1.5195
5834 -1.8740
5835 0.0000
5836 2.3875
5837 6.4733
5838 0.0000
5839 4.2970
5840 10.4551
5841 2.0287
5842 0.0000
5843 -0.2802
5844 10.2428
5845 0.0000
5846 3.5356
5847 2.9910
5848 2.6849
5849 0.0000
5850 1.6446
5851 3.1755
5852 0.0000
5853 -1.2827
5854 5.8095
5855 1.5365
5856 0.0000
5857 3.8863
5858 1.2531
5859 0.0000
5860 0.7018
5861 4.6579
5862 3.9971
5863 0.0000
5864 -0.3673
5865 4.5689
5866 0.0000
5867 -3.4334
5868 8.3201
5869 9.4254
5870 0.0000
5871 0.6106
5872 9.2979
5873 0.0000
5874 0.0814
5875 3.8777
5876 6.7401
5877 0.0000
5878 -5.4863
5879 2.2367
5880 0.0000
5881 5.6371
5882 5.8891
5883 6.6164
5884 0.0000
5885 2.9131
5886 3.4545
5887 0.0000
5888 2.3640
5889 1.5107
5890 9.5015
5891 0.0000
5892 3.0733
5893 3.6747
5894 0.0000
5895 5.9019
5896 3.4463
5897 2.1962
5898 0.0000
5899 6.6053
5900 -0.0817
5901 0.0000
5902 -6.2489
5903 3.3548
5904 8.5772
5905 0.0000
5906 4.5559
5907 1.1782
5908 0.0000
5909 -4.0581
5910 5.2935
5911 8.3577
5912 0.0000
5913 0.6443
5914 7.3813
5915 0.0000
5916 -3.2855
5917 3.7651
5918 11.0787
5919 0.0000
5920 5.8126
5921 2.5593
5922 0.0000
5923 -0.9849
5924 3.4713
5925 0.3022
5926 0.0000
5927 1.4316
5928 9.6751
5929 0.0000
5930 6.2783
5931 1.6591
5932 9.2996
5933 0.0000
5934 -2.8066
5935 1.2624
5936 0.0000
5937 5.9280
5938 8.5303
5939 0.8462
5940 0.0000
5941 -1.0815
5942 0.0000
5943 4.4638
5944 0.0000
5945 6.2302
5946 -2.9811
5947 0.0000
5948 -1.0430
5949 0.0000
5950 7.8947
5951 0.0000
5952 -2.2222
5953 5.4151
5954 7.8919
5955 0.0000
5956 -2.2335
5957 -2.3592
5958 0.9655
5959 0.0000
5960 0.6747
5961 13.1394
5962 3.7305
5963 0.0000
5964 10.0687
5965 0.0000
5966 -0.0442
5967 0.0000
5968 1.8871
5969 9.1742
5970 0.0000
5971 5.5273
5972 0.0000
5973 9.4010
5974 -1.4704
5975 1.8827
5976 4.1748
5977 2.5805
5978 10.4043
5979 5.6383
5980 6.3514
5981 8.0760
5982 10.9415
5983 6.6608
5984 8.0041
5985 2.4079
5986 6.3794
5987 12.8067
5988 12.5236
5989 0.0000
5990 5.1998
5991 0.9814
5992 10.4703
5993 8.2900
5994 4.6717
5995 11.8225
5996 2.3017
5997 13.7034
5998 0.0000
5999 11.0332
6000 -1.5807
6001 8.0100
6002 7.2099
6003 3.1669
6004 6.8492
6005 0.0000
6006 -3.3732
6007 12.7077
6008 0.9662
6009 0.0000
6010 1.4277
6011 4.7434
6012 5.5768
6013 -1.6534
6014 4.8503
6015 8.1963
6016 10.9946
6017 -3.7374
6018 0.0000
6019 1.9412
6020 4.8508
6021 1.7949
6022 9.5734
6023 7.6626
6024 10.7552
6025 0.0000
6026 -1.1386
6027 -2.0609
6028 -1.3846
6029 0.0000
6030 5.0324
6031 -3.2736
6032 4.3852
6033 0.1680
6034 6.5413
6035 -1.5827
6036 -0.0691
6037 9.6783
6038 0.0000
6039 1.4487
6040 -2.5702
6041 -0.3911
6042 3.3919
6043 0.3773
6044 5.1899
6045 0.0000
6046 -2.6556
6047 5.0628
6048 9.0992
6049 0.0000
6050 12.5746
6051 0.1732
6052 4.3791
6053 1.4737
6054 -5.1583
6055 -3.3636
6056 -0.4248
6057 4.9734
6058 0.0000
6059 2.9272
6060 11.1847
6061 11.8445
6062 0.3209
6063 -1.0867
6064 1.9126
6065 0.0000
6066 5.9530
6067 3.0626
6068 9.9501
6069 -1.7844
6070 8.1526
6071 -4.7770
6072 5.2457
6073 1.8733
6074 1.2643
6075 0.7944
6076 4.6655
6077 7.2336
6078 1.5673
6079 6.2055
6080 0.0000
6081 0.4344
6082 -2.0962
6083 4.9376
6084 -1.6970
6085 3.2285
6086 14.9520
6087 -4.6820
6088 3.1845
6089 0.0000
6090 9.5994
6091 12.4909
6092 3.6537
6093 1.5631
6094 3.2836
6095 1.8757
6096 0.0000
6097 5.4629
6098 17.3436
6099 0.7228
6100 0.0000
6101 -2.6553
6102 7.3323
6103 5.0977
6104 3.2782
6105 -6.9728
6106 10.2090
6107 10.8708
6108 3.8481
6109 0.0000
6110 1.6423
6111 3.3506
6112 9.4900
6113 5.2843
6114 5.2945
6115 2.5049
6116 0.0000
6117 1.3756
6118 9.0684
6119 4.3491
6120 0.0000
6121 0.9258
6122 -3.7766
6123 6.7885
6124 3.8937
6125 8.1207
6126 -2.6170
6127 3.3018
6128 5.6803
6129 0.0000
6130 1.0983
6131 1.0835
6132 1.0528
6133 8.8808
6134 7.7305
6135 5.7627
6136 0.0000
6137 -3.4456
6138 -1.4287
6139 5.4860
6140 0.0000
6141 1.4662
6142 -7.9152
6143 3.6307
6144 11.0978
6145 2.7569
6146 1.4424
6147 2.7308
6148 3.9991
6149 0.0000
6150 15.5796
6151 -1.2278
6152 -10.1993
6153 0.5366
6154 2.3727
6155 7.8321
6156 0.0000
6157 1.9007
6158 1.1153
6159 7.0883
6160 -0.7845
6161 -0.8006
6162 -0.1520
6163 6.1021
6164 1.0481
6165 -1.1885
6166 1.4089
6167 1.3304
6168 3.5587
6169 5.4160
6170 -0.9718
6171 0.0000
6172 0.0659
6173 1.0940
6174 3.8321
6175 6.4476
6176 -1.0778
6177 -5.2361
6178 -6.0347
6179 5.2240
6180 0.0000
6181 2.8500
6182 5.3816
6183 10.7972
6184 7.4919
6185 6.4709
6186 2.7859
6187 0.0000
6188 -2.4702
6189 4.7506
6190 4.3085
6191 0.0000
6192 6.4294
6193 3.9762
6194 4.0468
6195 1.8681
6196 2.7145
6197 -5.0423
6198 -0.1983
6199 10.9531
6200 0.0000
6201 -0.4713
6202 2.4232
6203 3.3454
6204 -1.4288
6205 4.8077
6206 6.2763
6207 0.0000
6208 0.0809
6209 17.2703
6210 0.9033
6211 0.0000
6212 5.8172
6213 5.8840
6214 7.3096
6215 0.8601
6216 0.1886
6217 -3.5056
6218 2.1849
6219 -1.8661
6220 0.0000
6221 11.1648
6222 8.3783
6223 -0.1060
6224 2.8007
6225 6.1298
6226 -1.4818
6227 0.0000
6228 -6.0447
6229 9.6613
6230 9.4230
6231 0.0000
6232 5.7746
6233 2.4073
6234 1.7421
6235 2.3833
6236 -5.5820
6237 -0.3972
6238 -3.4681
6239 -3.2331
6240 0.0000
6241 2.6355
6242 10.3199
6243 3.1406
6244 2.4240
6245 11.7049
6246 2.8159
6247 0.0000
6248 -2.5128
6249 6.5224
6250 -3.7268
6251 7.7140
6252 7.1129
6253 8.5854
6254 11.1583
6255 4.3863
6256 6.0423
6257 15.3489
6258 -2.3645
6259 6.7919
6260 8.5564
6261 0.6482
6262 0.0000
6263 3.4015
6264 -2.7064
6265 4.0115
6266 2.7600
6267 -3.6265
6268 3.2685
6269 -2.4561
6270 11.2161
6271 0.0000
6272 1.9787
6273 9.0517
6274 -1.3147
6275 4.1129
6276 2.0587
6277 3.4508
6278 0.0000
6279 -7.3899
6280 6.2953
6281 0.4128
6282 0.0000
6283 8.9172
6284 1.5796
6285 1.5422
6286 -3.5151
6287 -3.8485
6288 13.4945
6289 6.8602
6290 8.1011
6291 0.0000
6292 5.6845
6293 1.1948
6294 0.7337
6295 2.6248
6296 7.8336
6297 1.3378
6298 0.0000
6299 2.1438
6300 12.0722
6301 6.7663
6302 0.0000
6303 -3.2164
6304 -2.1288
6305 13.2072
6306 0.7450
6307 -2.6050
6308 10.8530
6309 10.1546
6310 5.4914
6311 0.0000
6312 -0.7902
6313 6.6968
6314 6.7230
6315 13.4144
6316 0.7664
6317 -5.7452
6318 0.0000
6319 3.3732
6320 3.9849
6321 10.8983
6322 0.0000
6323 6.7904
6324 -4.3741
6325 10.9020
6326 -1.9251
6327 -2.3433
6328 7.0548
6329 1.1021
6330 1.7467
6331 0.0000
6332 4.6582
6333 6.2898
6334 7.5012
6335 -0.0975
6336 2.1538
6337 2.4488
6338 0.0000
6339 -7.4317
6340 0.0000
6341 -0.7363
6342 0.0000
6343 0.7344
6344 6.4027
6345 3.0821
6346 6.5687
6347 4.0352
6348 0.3623
6349 -1.2686
6350 3.7401
6351 0.0000
6352 -1.8722
6353 2.6134
6354 5.8551
6355 11.6692
6356 0.5074
6357 3.3882
6358 0.0000
6359 -0.7115
6360 2.9641
6361 1.7909
6362 11.3947
6363 3.1251
6364 0.0188
6365 0.0000
6366 1.6444
6367 -1.2823
6368 2.1353
6369 -2.8585
6370 -0.4823
6371 2.2113
6372 0.0000
6373 -3.3851
6374 2.7771
6375 -3.8538
6376 5.5459
6377 14.3886
6378 -1.4799
6379 0.0000
6380 -2.7292
6381 6.2488
6382 1.2246
6383 4.8757
6384 3.5268
6385 1.4117
6386 0.0000
6387 3.3798
6388 5.4913
6389 -1.4817
6390 7.1485
6391 3.6521
6392 8.3826
6393 0.0000
6394 2.3172
6395 -1.5975
6396 -0.9281
6397 -3.5495
6398 3.4247
6399 -0.0536
6400 0.0000
6401 3.1211
6402 8.0211
6403 11.4942
6404 0.9753
6405 1.2663
6406 2.8655
6407 0.0000
6408 3.3457
6409 4.2566
6410 7.3856
6411 -1.2773
6412 5.6652
6413 2.7260
6414 0.0000
6415 4.9642
6416 6.0242
6417 -0.0908
6418 3.8464
6419 -8.2134
6420 2.9287
6421 0.0000
6422 2.6009
6423 14.2811
6424 5.7215
6425 2.8514
6426 8.2499
6427 2.4778
6428 0.0000
6429 -0.5485
6430 3.8529
6431 -4.0000
6432 3.8647
6433 7.6628
6434 8.2187
6435 0.0000
6436 3.6711
6437 7.0636
6438 1.6399
6439 6.2271
6440 12.8881
6441 0.8358
6442 0.0000
6443 -2.1558
6444 5.5331
6445 4.9036
6446 4.5243
6447 8.7370
6448 7.9865
6449 0.0000
6450 5.2028
6451 7.5578
6452 -0.0690
6453 1.4823
6454 0.1234
6455 6.6550
6456 0.0000
6457 -3.3752
6458 0.0000
6459 -1.4116
6460 0.0000
6461 3.7456
6462 0.0000
6463 8.4745
6464 4.7174
6465 0.0000
6466 2.3624
6467 -0.2175
6468 6.1111
6469 8.5343
6470 0.0000
6471 5.9868
6472 10.5891
6473 7.4407
6474 0.0000
6475 -7.4917
6476 3.8115
6477 0.8219
6478 0.0000
6479 -1.6433
6480 8.8650
6481 -2.8121
6482 2.5592
6483 3.9893
6484 8.7385
6485 -0.5312
6486 -2.7327
6487 0.2175
6488 0.0000
6489 0.4460
6490 6.5202
6491 11.4984
6492 10.5251
6493 5.4681
6494 -2.3292
6495 0.0000
6496 2.7863
6497 -2.3961
6498 4.2298
6499 6.5779
6500 4.7948
6501 -2.1218
6502 0.0000
6503 -0.4915
6504 8.9377
6505 6.9107
6506 8.8023
6507 -0.3615
6508 2.1792
6509 0.0000
6510 6.3791
6511 6.7904
6512 -4.1326
6513 -2.5635
6514 6.7815
6515 5.4721
6516 0.0000
6517 4.3700
6518 3.6519
6519 -8.7144
6520 3.6251
6521 10.5611
6522 2.3521
6523 0.0000
6524 1.3399
6525 4.1888
6526 3.8993
6527 9.2043
6528 -3.4443
6529 1.0329
6530 0.0000
6531 -3.0242
6532 0.8094
6533 0.7642
6534 0.5115
6535 -2.0984
6536 8.2776
6537 0.0000
6538 1.6395
6539 -0.2882
6540 5.1457
6541 7.0281
6542 3.2219
6543 3.4246
6544 0.0000
6545 2.6944
6546 4.2692
6547 6.0476
6548 2.0005
6549 5.8391
6550 5.5220
6551 0.0000
6552 -2.7525
6553 2.4049
6554 -4.3890
6555 4.8605
6556 4.1615
6557 -3.1440
6558 0.0000
6559 -2.9226
6560 -0.9833
6561 12.3436
6562 11.7144
6563 6.9438
6564 7.0664
6565 0.0000
6566 3.0285
6567 5.5064
6568 0.0000
6569 9.5165
6570 -5.2011
6571 4.7232
6572 -4.3969
6573 1.3248
6574 -0.0458
6575 3.7508
6576 3.7196
6577 0.0000
6578 10.5227
6579 5.6448
6580 0.0000
6581 1.5111
6582 0.0000
6583 6.6984
6584 0.0000
6585 -0.6858
6586 -0.4815
6587 0.0000
6588 0.5716
6589 5.2334
6590 0.0000
6591 1.7519
6592 12.0874
6593 -0.3695
6594 0.0000
6595 5.9728
6596 7.0877
6597 0.0000
6598 8.5942
6599 1.8175
6600 -1.8045
6601 0.0000
6602 2.2049
6603 4.2656
6604 0.0000
6605 9.3348
6606 4.8955
6607 2.4039
6608 0.0000
6609 7.5306
6610 0.1675
6611 0.0000
6612 3.5521
6613 1.4120
6614 5.3997
6615 0.0000
6616 0.5943
6617 5.3428
6618 0.0000
6619 5.0848
6620 7.1462
6621 11.8407
6622 0.0000
6623 5.4418
6624 6.2237
6625 0.0000
6626 5.1096
6627 3.2336
6628 5.9894
6629 0.0000
6630 5.6715
6631 8.2116
6632 0.0000
6633 -0.0826
6634 2.1017
6635 8.2891
6636 0.0000
6637 3.4834
6638 1.1683
6639 0.0000
6640 7.6712
6641 4.8321
6642 9.3644
6643 0.0000
6644 7.0481
6645 11.1093
6646 0.0000
6647 16.1218
6648 11.4748
6649 3.2275
6650 0.0000
6651 1.6940
6652 3.2438
6653 0.0000
6654 1.0946
6655 6.4142
6656 1.0072
6657 0.0000
6658 -3.3460
6659 5.3496
6660 0.0000
6661 -0.2286
6662 7.9155
6663 2.9926
6664 0.0000
6665 3.4116
6666 7.5031
6667 0.0000
6668 2.8329
6669 -1.7349
6670 5.0701
6671 0.0000
6672 -2.5145
6673 7.8343
6674 0.0000
6675 4.5256
6676 3.4132
6677 5.1766
6678 0.0000
6679 4.7785
6680 8.3318
6681 0.0000
6682 6.5143
6683 5.2639
6684 -0.6126
6685 0.0000
6686 1.0628
6687 2.0186
6688 0.0000
6689 7.3068
6690 8.0970
6691 2.3840
6692 0.0000
6693 1.2058
6694 0.8252
6695 0.0000
6696 4.6126
6697 7.3072
6698 -4.1973
6699 0.0000
6700 -1.6464
6701 0.0000
6702 2.3210
6703 0.0000
6704 4.0960
6705 -2.2550
6706 0.0000
6707 5.6899
6708 0.0000
6709 3.9319
6710 0.0000
6711 6.8597
6712 5.3121
6713 9.2964
6714 0.0000
6715 12.0048
6716 6.1832
6717 0.5253
6718 0.0000
6719 13.1504
6720 -0.3060
6721 5.4268
6722 0.0000
6723 0.6209
6724 0.0000
6725 6.0351
6726 0.0000
6727 3.7887
6728 -0.8123
6729 0.0000
6730 9.1319
6731 0.0000
6732 12.6591
6733 -0.9102
6734 1.2276
6735 8.3632
6736 7.0838
6737 -5.0688
6738 2.3346
6739 14.8649
6740 6.1296
6741 0.3885
6742 -2.7437
6743 3.9009
6744 10.6942
6745 3.6118
6746 5.3222
6747 7.4056
6748 0.0000
6749 8.6293
6750 -2.3648
6751 2.2681
6752 -3.5423
6753 0.7128
6754 11.3805
6755 3.4541
6756 7.4326
6757 0.0000
6758 5.7575
6759 0.1958
6760 4.5003
6761 1.7304
6762 1.0900
6763 8.0774
6764 0.0000
6765 9.8396
6766 11.2025
6767 -0.5377
6768 0.0000
6769 3.7593
6770 -1.5965
6771 5.2500
6772 6.4877
6773 7.2255
6774 8.4984
6775 -2.0809
6776 1.4450
6777 0.0000
6778 1.0092
6779 2.9348
6780 7.2101
6781 -0.4999
6782 5.7513
6783 5.5663
6784 0.0000
6785 5.7282
6786 7.4352
6787 3.2563
6788 0.0000
6789 6.9457
6790 -1.0203
6791 2.9037
6792 0.4042
6793 0.7377
6794 11.3911
6795 3.6559
6796 9.2968
6797 0.0000
6798 5.9978
6799 5.0371
6800 5.1417
6801 12.4067
6802 -3.6950
6803 0.0787
6804 0.0000
6805 -1.7384
6806 7.3686
6807 5.2316
6808 0.0000
6809 4.9496
6810 -2.1138
6811 12.6627
6812 3.7769
6813 -3.7429
6814 17.7507
6815 1.6794
6816 3.0606
6817 0.0000
6818 6.1378
6819 8.4242
6820 9.1506
6821 4.8579
6822 2.6325
6823 4.3992
6824 0.0000
6825 0.9996
6826 7.2348
6827 -1.1161
6828 -4.9573
6829 7.1917
6830 2.3527
6831 0.7585
6832 5.5258
6833 2.5774
6834 5.5846
6835 9.4872
6836 0.1106
6837 2.0022
6838 -3.6624
6839 0.0000
6840 2.8738
6841 0.1690
6842 0.3616
6843 9.2575
6844 -1.2801
6845 -8.5957
6846 -0.8687
6847 1.5511
6848 0.0000
6849 2.4594
6850 -3.4230
6851 -0.0971
6852 0.4628
6853 -2.9641
6854 1.2462
6855 0.0000
6856 -0.7597
6857 7.5831
6858 -4.6830
6859 0.0000
6860 7.3909
6861 -5.2822
6862 2.3833
6863 3.1519
6864 1.7392
6865 2.5347
6866 3.5049
6867 9.1758
6868 0.0000
6869 0.8194
6870 9.4308
6871 5.7986
6872 8.7217
6873 1.9379
6874 7.4557
6875 0.0000
6876 5.0157
6877 4.6829
6878 -0.6494
6879 0.0000
6880 4.1421
6881 -5.8490
6882 -0.1760
6883 12.9684
6884 -0.2320
6885 4.4706
6886 3.0870
6887 4.3982
6888 0.0000
6889 1.3414
6890 0.0099
6891 6.2473
6892 3.1003
6893 6.5358
6894 2.7623
6895 0.0000
6896 -2.0034
6897 3.9269
6898 -0.1954
6899 0.0000
6900 6.9825
6901 -1.3084
6902 4.6172
6903 4.5222
6904 3.3904
6905 -3.2123
6906 0.1130
6907 9.5262
6908 0.0000
6909 6.5083
6910 -5.4781
6911 7.7212
6912 -3.3982
6913 4.4031
6914 12.0235
6915 0.0000
6916 -0.7692
6917 9.2762
6918 6.1263
6919 5.3802
6920 4.8651
6921 2.6778
6922 6.9401
6923 10.6078
6924 -0.6962
6925 4.9829
6926 11.0786
6927 -0.9196
6928 10.6219
6929 15.4122
6930 0.0000
6931 5.7695
6932 2.7853
6933 -0.4275
6934 0.3401
6935 6.1889
6936 -9.2032
6937 -5.1632
6938 3.5873
6939 0.0000
6940 3.5606
6941 3.8574
6942 4.1206
6943 8.4702
6944 0.1074
6945 0.8949
6946 0.0000
6947 0.1508
6948 8.6669
6949 8.4899
6950 0.0000
6951 5.7821
6952 3.1613
6953 1.7472
6954 -4.2413
6955 -2.4974
6956 0.7397
6957 5.1153
6958 7.5124
6959 0.0000
6960 1.2431
6961 2.4607
6962 9.6197
6963 6.2195
6964 3.9916
6965 5.8309
6966 0.0000
6967 3.7672
6968 2.5824
6969 0.7976
6970 0.0000
6971 7.6408
6972 0.6977
6973 0.0713
6974 8.8116
6975 1.7800
6976 5.1223
6977 -0.6982
6978 -3.8279
6979 0.0000
6980 5.7515
6981 -0.8490
6982 7.4602
6983 7.1961
6984 5.6869
6985 4.5384
6986 0.0000
6987 1.1361
6988 -0.2647
6989 2.8968
6990 0.0000
6991 7.8381
6992 -6.7647
6993 9.9372
6994 4.0468
6995 1.6750
6996 1.4039
6997 1.3126
6998 5.3332
6999 0.0000
7000 8.2952
7001 6.1032
7002 3.4888
7003 -1.4561
7004 4.4326
7005 0.4593
7006 0.0000
7007 -2.9788
7008 0.2475
7009 3.4520
7010 -1.9027
7011 12.0706
7012 2.9030
7013 13.1964
7014 0.1988
7015 3.2432
7016 9.6536
7017 1.0372
7018 3.5436
7019 2.9687
7020 0.2880
7021 0.0000
7022 1.5175
7023 -7.2318
7024 5.5895
7025 -0.1527
7026 4.4781
7027 5.6623
7028 -0.6648
7029 0.4262
7030 0.0000
7031 9.2535
7032 6.1948
7033 1.8301
7034 3.5968
7035 4.1125
7036 5.2498
7037 0.0000
7038 4.4421
7039 4.7348
7040 1.0622
7041 0.0000
7042 3.4402
7043 -4.5590
7044 3.3976
7045 -0.8214
7046 -7.7795
7047 0.9610
7048 3.0285
7049 3.3608
7050 0.0000
7051 2.4752
7052 0.1083
7053 2.2521
7054 4.7132
7055 9.6654
7056 9.2725
7057 0.0000
7058 1.8419
7059 -1.1421
7060 0.7147
7061 0.0000
7062 6.9883
7063 -3.3773
7064 2.2395
7065 7.9121
7066 2.3667
7067 8.5506
7068 2.3823
7069 11.5559
7070 0.0000
7071 0.3316
7072 4.1860
7073 0.8401
7074 2.0539
7075 7.6090
7076 0.6317
7077 0.0000
7078 -6.1462
7079 3.0804
7080 5.4230
7081 0.0000
7082 4.6232
7083 -2.0751
7084 1.5025
7085 5.8269
7086 0.0782
7087 0.1410
7088 -0.1959
7089 0.2264
7090 0.0000
7091 -0.9056
7092 0.5433
7093 4.4846
7094 8.1281
7095 4.1864
7096 2.6309
7097 0.0000
7098 -4.5994
7099 0.0000
7100 14.2514
7101 0.0000
7102 5.5358
7103 2.1118
7104 0.1032
7105 1.0089
7106 8.1032
7107 7.1533
7108 -6.5824
7109 2.8415
7110 0.0000
7111 0.9853
7112 5.5566
7113 3.1967
7114 9.8857
7115 3.6352
7116 -0.0114
7117 0.0000
7118 -0.9804
7119 7.9830
7120 3.0802
7121 7.5939
7122 1.2032
7123 3.8143
7124 0.0000
7125 -2.0173
7126 3.0901
7127 11.5326
7128 1.9748
7129 -9.2191
7130 -3.9244
7131 0.0000
7132 1.7926
7133 2.0558
7134 8.3000
7135 6.4002
7136 1.3566
7137 7.5519
7138 0.0000
7139 -4.0569
7140 12.1339
7141 5.9581
7142 6.3519
7143 3.0931
7144 4.6325
7145 0.0000
7146 1.7496
7147 5.0186
7148 5.2560
7149 -2.1897
7150 7.7538
7151 8.3863
7152 0.0000
7153 -3.5733
7154 4.9081
7155 -3.1208
7156 8.2473
7157 4.1101
7158 1.7842
7159 0.0000
7160 2.4050
7161 5.2643
7162 0.1795
7163 7.8739
7164 5.2576
7165 -5.2833
7166 0.0000
7167 -3.4810
7168 3.5431
7169 5.1611
7170 3.9981
7171 2.0358
7172 -6.7527
7173 0.0000
7174 1.8900
7175 0.1273
7176 4.1898
7177 -0.1927
7178 3.0953
7179 -3.3323
7180 0.0000
7181 3.4017
7182 2.2238
7183 7.1992
7184 5.4779
7185 0.8252
7186 1.8197
7187 0.0000
7188 -3.7268
7189 -2.2117
7190 4.0156
7191 6.4344
7192 10.3513
7193 3.9919
7194 0.0000
7195 -0.1732
7196 0.0651
7197 2.9190
7198 3.5065
7199 4.3265
7200 1.1244
7201 0.0000
7202 1.4142
7203 -3.9436
7204 1.8697
7205 0.8468
7206 5.8441
7207 9.6958
7208 0.0000
7209 -2.5444
7210 8.2884
7211 2.8900
7212 0.9563
7213 -4.8230
7214 -1.2174
7215 0.0000
7216 0.0100
7217 0.0000
7218 2.3013
7219 0.0000
7220 4.5857
7221 0.0000
7222 -0.6559
7223 5.8152
7224 0.0000
7225 6.7779
7226 7.0973
7227 3.3640
7228 -1.2745
7229 0.0000
7230 2.7011
7231 2.5764
7232 3.5802
7233 0.0000
7234 2.7568
7235 1.2017
7236 8.3310
7237 0.0000
7238 8.3610
7239 -4.2165
7240 -2.3094
7241 0.2302
7242 3.5616
7243 2.3779
7244 3.0596
7245 0.3672
7246 1.2062
7247 0.0000
7248 4.2936
7249 -2.4836
7250 5.9102
7251 5.8805
7252 4.2432
7253 7.1648
7254 0.0000
7255 -1.3334
7256 5.2601
7257 0.7841
7258 1.7892
7259 -1.1692
7260 2.3728
7261 0.0000
7262 -0.7724
7263 -1.8239
7264 2.3666
7265 1.2828
7266 -0.4864
7267 5.0668
7268 0.0000
7269 -1.4942
7270 -0.5098
7271 6.3447
7272 -4.2012
7273 3.5555
7274 5.1170
7275 0.0000
7276 -11.5871
7277 4.7990
7278 0.9992
7279 2.6722
7280 2.3203
7281 2.1909
7282 0.0000
7283 4.5462
7284 6.1142
7285 5.3535
7286 7.4939
7287 0.0165
7288 3.3764
7289 0.0000
7290 -1.9272
7291 -0.7012
7292 3.6265
7293 4.8332
7294 -6.7091
7295 7.9550
7296 0.0000
7297 -2.9183
7298 4.8131
7299 8.0339
7300 -6.0059
7301 2.1543
7302 -3.7991
7303 0.0000
7304 -4.3768
7305 5.6087
7306 9.2860
7307 11.9512
7308 7.9155
7309 3.8934
7310 0.0000
7311 2.4127
7312 7.6647
7313 0.4848
7314 9.1079
7315 3.3473
7316 10.3068
7317 0.0000
7318 3.0420
7319 1.6608
7320 -1.1909
7321 11.9085
7322 4.0672
7323 4.7229
7324 0.0000
7325 -3.0289
7326 8.0938
7327 0.0000
7328 3.6598
7329 12.1802
7330 2.3698
7331 -5.0950
7332 2.6703
7333 -1.1855
7334 5.2977
7335 -2.4298
7336 0.0000
7337 4.1251
7338 5.6910
7339 0.0000
7340 7.8744
7341 0.0000
7342 4.4376
7343 0.0000
7344 2.4352
7345 5.5084
7346 0.0000
7347 5.3848
7348 6.9344
7349 0.0000
7350 5.4076
7351 2.7091
7352 4.4828
7353 0.0000
7354 -4.6781
7355 6.8988
7356 0.0000
7357 1.1566
7358 3.8205
7359 -0.9908
7360 0.0000
7361 2.7367
7362 -2.9215
7363 0.0000
7364 13.0444
7365 5.4406
7366 4.6688
7367 0.0000
7368 -1.4348
7369 -0.6463
7370 0.0000
7371 9.5757
7372 5.7416
7373 8.4660
7374 0.0000
7375 -2.5245
7376 1.7081
7377 0.0000
7378 9.6329
7379 -0.1399
7380 0.6712
7381 0.0000
7382 -0.4324
7383 -2.0962
7384 0.0000
7385 5.7605
7386 4.6333
7387 4.7192
7388 0.0000
7389 -0.4086
7390 4.4523
7391 0.0000
7392 5.7569
7393 7.8259
7394 7.3232
7395 0.0000
7396 1.9725
7397 4.6716
7398 0.0000
7399 7.0813
7400 9.4792
7401 3.5295
7402 0.0000
7403 -2.4587
7404 -1.0924
7405 0.0000
7406 9.0905
7407 4.9818
7408 4.3856
7409 0.0000
7410 -3.7824
7411 7.9139
7412 0.0000
7413 1.7465
7414 -4.2594
7415 3.6434
7416 0.0000
7417 2.8533
7418 4.2090
7419 0.0000
7420 8.6197
7421 4.1959
7422 10.1698
7423 0.0000
7424 2.1460
7425 -5.4842
7426 0.0000
7427 3.3594
7428 0.7319
7429 5.7218
7430 0.0000
7431 3.6819
7432 7.0354
7433 0.0000
7434 8.7349
7435 6.2719
7436 -0.0614
7437 0.0000
7438 -1.4876
7439 5.5566
7440 0.0000
7441 5.8934
7442 3.8788
7443 5.3221
7444 0.0000
7445 -1.3215
7446 10.3743
7447 0.0000
7448 12.3819
7449 2.2453
7450 7.6179
7451 0.0000
7452 -1.6639
7453 -1.1680
7454 0.0000
7455 4.8479
7456 12.9866
7457 2.9435
7458 0.0000
7459 -0.9374
7460 0.0000
7461 11.2064
7462 0.0000
7463 -2.6973
7464 7.7035
7465 0.0000
7466 10.5757
7467 0.0000
7468 -0.6857
7469 0.0000
7470 8.4793
7471 4.3897
7472 8.4578
7473 0.0000
7474 14.0131
7475 4.8513
7476 10.7855
7477 0.0000
7478 5.8056
7479 -0.3187
7480 0.2881
7481 0.0000
7482 6.7300
7483 0.0000
7484 -1.7186
7485 0.0000
7486 7.5341
7487 3.8889
7488 0.0000
7489 9.6970
7490 0.0000
7491 5.5821
7492 7.2534
7493 -3.1830
7494 2.4997
7495 2.0915
7496 7.4175
7497 3.3801
7498 -7.0331
7499 0.0000
7500 -3.3117
7501 1.5685
7502 7.4003
7503 5.4496
7504 5.0095
7505 -3.0843
7506 0.0000
7507 -4.3648
7508 1.9188
7509 10.6391
7510 3.4599
7511 0.7552
7512 7.4400
7513 0.0000
7514 2.1447
7515 8.5759
7516 3.9463
7517 -1.1732
7518 2.7545
7519 1.3598
7520 0.0000
7521 2.4580
7522 3.7507
7523 -4.8631
7524 -1.7819
7525 -5.1136
7526 -0.6417
7527 0.0000
7528 -3.6113
7529 4.7439
7530 4.2412
7531 6.5181
7532 7.4562
7533 7.0643
7534 0.0000
7535 -0.0942
7536 2.2391
7537 0.6696
7538 6.0678
7539 10.1333
7540 6.4649
7541 0.0000
7542 -3.7171
7543 0.6004
7544 10.4591
7545 9.5610
7546 -1.3084
7547 -3.9248
7548 0.0000
7549 -2.6090
7550 1.0009
7551 6.8729
7552 6.2479
7553 6.2299
7554 0.4922
7555 0.0000
7556 6.6187
7557 4.5325
7558 5.4871
7559 8.2536
7560 4.3194
7561 -0.2597
7562 0.0000
7563 -4.2364
7564 9.6552
7565 4.1624
7566 2.1086
7567 0.2412
7568 4.1526
7569 0.0000
7570 12.3956
7571 7.2865
7572 0.3165
7573 7.0203
7574 4.5557
7575 0.6075
7576 0.0000
7577 -1.0231
7578 7.4348
7579 2.0822
7580 6.3254
7581 15.3408
7582 10.1364
7583 0.0000
7584 -0.6222
7585 -4.3305
7586 -0.6008
7587 2.0746
7588 -0.8296
7589 4.7112
7590 0.0000
7591 6.7863
7592 8.7835
7593 7.1206
7594 12.0207
7595 6.6543
7596 9.0311
7597 0.0000
7598 4.1540
7599 2.5569
7600 8.5542
7601 9.4188
7602 2.7079
7603 4.8030
7604 0.0000
7605 -0.9856
7606 0.0000
7607 -0.1701
7608 4.2793
7609 0.0000
7610 5.4711
7611 3.6486
7612 0.0000
7613 5.1271
7614 2.1825
7615 0.0000
7616 0.0476
7617 0.0000
7618 2.5629
7619 4.9323
7620 0.0000
7621 6.9234
7622 5.5407
7623 0.0000
7624 -4.5200
7625 0.0000
7626 4.6711
7627 6.7072
7628 0.0000
7629 -2.7727
7630 5.5442
7631 0.0000
7632 6.9376
7633 0.0000
7634 3.1852
7635 2.8012
7636 0.0000
7637 11.5578
7638 -3.2055
7639 0.0000
7640 -1.0072
7641 0.0000
7642 2.7315
7643 3.8062
7644 0.0000
7645 2.8940
7646 4.7037
7647 0.0000
7648 0.3015
7649 0.0000
7650 3.0417
7651 12.2538
7652 0.0000
7653 7.5888
7654 11.8140
7655 0.0000
7656 -2.4453
7657 0.0000
7658 6.0944
7659 11.6645
7660 0.0000
7661 3.7412
7662 8.5392
7663 0.0000
7664 2.5992
7665 0.0000
7666 7.1802
7667 1.0544
7668 0.0000
7669 9.5765
7670 -1.4375
7671 0.0000
7672 -1.2041
7673 0.0000
7674 -2.4213
7675 -0.3399
7676 0.0000
7677 0.7394
7678 3.0892
7679 0.0000
7680 1.8033
7681 0.0000
7682 -1.3473
7683 1.1446
7684 0.0000
7685 5.2782
7686 7.5901
7687 0.0000
7688 0.9922
7689 0.0000
7690 5.1114
7691 9.9536
7692 0.0000
7693 8.2291
7694 5.8527
7695 0.0000
7696 9.9421
7697 0.0000
7698 2.5766
7699 1.8117
7700 0.0000
7701 5.1030
7702 6.8437
7703 0.0000
7704 4.6282
7705 0.0000
7706 -1.7456
7707 7.2263
7708 0.0000
7709 7.5916
7710 10.9026
7711 0.0000
7712 3.1269
7713 0.0000
7714 -2.8699
7715 4.0815
7716 0.0000
7717 8.6783
7718 9.4838
7719 0.0000
7720 4.2856
7721 0.0000
7722 4.2590
7723 4.6847
7724 0.0000
7725 1.1087
7726 3.0124
7727 0.0000
7728 -0.8196
7729 0.0000
7730 -5.3746
7731 8.5762
7732 0.0000
7733 8.4574
7734 -2.1061
7735 0.0000
7736 7.3551
7737 0.0000
7738 -6.1183
7739 0.0000
7740 3.8468
