# input  : 16 : AA FF 18 AE 7A DE 51 04 86 AF B5 32 2D 9B BC A3 
# output : 16 : 38 EC C4 B3 D6 F8 F9 1D 20 55 77 8C 79 2C D9 EF 
# cycles : 7740
1 0.0000
2 3.1903
3 0.6427
4 0.0000
5 -5.7809
6 0.0000
7 2.7027
8 3.0623
9 0.0000
10 3.2689
11 10.5281
12 0.0000
13 -0.8575
14 0.0000
15 9.1493
16 20.7604
17 0.0000
18 4.3673
19 1.5427
20 0.0000
21 1.3960
22 0.0000
23 0.8802
24 -7.2694
25 0.0000
26 0.4121
27 3.5937
28 0.0000
29 -3.0518
30 0.0000
31 1.3926
32 6.8629
33 0.0000
34 4.8563
35 0.3165
36 0.0000
37 -5.6218
38 0.0000
39 4.7498
40 2.9891
41 0.0000
42 0.6648
43 -3.3724
44 0.0000
45 -7.3355
46 0.0000
47 5.1630
48 5.0970
49 0.0000
50 4.7570
51 5.1848
52 0.0000
53 3.9043
54 0.0000
55 7.3661
56 7.8471
57 0.0000
58 1.2294
59 6.7263
60 0.0000
61 2.7267
62 0.0000
63 -1.3724
64 4.7795
65 0.0000
66 3.5071
67 8.2243
68 0.0000
69 -0.7885
70 0.0000
71 9.9402
72 0.8989
73 0.0000
74 2.9683
75 0.3612
76 0.0000
77 -1.6815
78 0.0000
79 8.9651
80 1.3962
81 0.0000
82 -0.7009
83 7.9023
84 0.0000
85 0.5909
86 0.0000
87 11.5998
88 0.1354
89 0.0000
90 5.7989
91 -2.2327
92 0.0000
93 4.0442
94 0.0000
95 5.7047
96 1.8950
97 0.0000
98 3.7866
99 4.9197
100 0.0000
101 4.5505
102 0.0000
103 7.8407
104 4.1417
105 0.0000
106 1.1876
107 5.7328
108 0.0000
109 -3.9396
110 0.0000
111 10.8040
112 4.5251
113 0.0000
114 5.7544
115 4.3625
116 0.0000
117 -5.5749
118 0.0000
119 8.5596
120 11.1722
121 0.0000
122 9.2244
123 4.8982
124 0.0000
125 -2.7393
126 0.0000
127 -1.8856
128 9.5247
129 0.0000
130 4.4209
131 -1.9668
132 0.0000
133 0.9278
134 0.0000
135 2.5536
136 4.8858
137 0.0000
138 2.8815
139 -1.6484
140 6.2069
141 0.0000
142 2.5175
143 -0.1945
144 1.9427
145 4.4581
146 0.0000
147 1.0781
148 -0.9533
149 0.0000
150 2.2723
151 8.7358
152 -1.4714
153 -0.0946
154 0.0000
155 4.3581
156 4.4835
157 0.0000
158 6.6198
159 1.6585
160 8.0872
161 4.9296
162 0.0000
163 10.3848
164 2.8035
165 0.0000
166 9.6358
167 1.9346
168 0.3531
169 -0.6324
170 0.0000
171 -4.8116
172 2.0426
173 0.0000
174 -1.9946
175 6.8902
176 -9.3697
177 5.9674
178 0.0000
179 7.4652
180 3.1776
181 0.0000
182 4.5403
183 -2.0118
184 5.6588
185 8.9585
186 0.0000
187 0.0087
188 2.1597
189 0.0000
190 7.9937
191 8.1297
192 -4.7435
193 0.3287
194 0.0000
195 0.4306
196 -1.5861
197 0.0000
198 -0.8423
199 7.7573
200 8.2242
201 4.5190
202 0.0000
203 -0.5570
204 -3.3216
205 0.0000
206 11.2163
207 8.1933
208 0.0942
209 -4.1989
210 0.0000
211 -4.9885
212 -1.6702
213 0.0000
214 6.8092
215 10.0136
216 7.5735
217 -1.8540
218 0.0000
219 3.6412
220 1.5577
221 0.0000
222 6.5999
223 1.9813
224 2.2695
225 6.1961
226 0.0000
227 0.8673
228 9.4248
229 0.0000
230 -0.4041
231 9.0695
232 1.2264
233 6.8196
234 0.0000
235 5.5868
236 2.0927
237 0.0000
238 4.7130
239 2.4146
240 0.9017
241 1.6952
242 0.0000
243 5.4730
244 1.9321
245 0.0000
246 9.0657
247 9.7973
248 4.9755
249 -2.3290
250 0.0000
251 4.7981
252 -1.2437
253 0.0000
254 5.3063
255 13.9749
256 12.4460
257 5.2993
258 0.0000
259 3.2199
260 4.4328
261 0.0000
262 5.0351
263 3.4151
264 -3.7639
265 -7.5009
266 0.0000
267 -1.5579
268 0.8316
269 0.0000
270 -0.5050
271 0.0000
272 5.1733
273 -2.4171
274 2.0113
275 5.3356
276 -3.4278
277 7.0193
278 -6.2827
279 4.7713
280 0.0000
281 -4.6501
282 6.1738
283 0.0826
284 1.4833
285 6.8421
286 1.7349
287 0.0000
288 3.4488
289 2.4619
290 -1.7779
291 -6.9938
292 -6.5555
293 9.1529
294 0.0000
295 -1.2165
296 7.3620
297 0.9963
298 6.4673
299 4.9798
300 2.3104
301 0.0000
302 -0.0798
303 2.2856
304 5.7504
305 12.7571
306 2.8334
307 6.9444
308 0.0000
309 3.7124
310 11.6080
311 -1.0663
312 4.3103
313 3.1255
314 8.9900
315 0.0000
316 1.3934
317 2.9666
318 4.8059
319 3.6613
320 6.4935
321 7.5972
322 0.0000
323 0.0835
324 -4.9340
325 -0.5841
326 7.8582
327 5.2212
328 -3.1903
329 0.0000
330 3.3640
331 1.8650
332 8.1362
333 10.0413
334 8.8254
335 6.1900
336 0.0000
337 -4.2600
338 2.2045
339 2.3346
340 4.3530
341 5.6698
342 1.1252
343 0.0000
344 1.3095
345 -4.2892
346 3.9337
347 2.3802
348 1.8903
349 -0.3187
350 0.0000
351 -8.5857
352 -1.8053
353 2.5015
354 10.3384
355 4.2925
356 7.1230
357 0.0000
358 4.6675
359 14.7213
360 6.4088
361 -0.5874
362 9.5642
363 1.3610
364 0.0000
365 2.8018
366 7.1950
367 7.5751
368 -0.5938
369 -0.5555
370 1.0471
371 0.0000
372 0.8131
373 -2.0952
374 6.3931
375 8.7158
376 4.6473
377 3.3175
378 0.0000
379 0.0477
380 8.2023
381 7.7929
382 2.0284
383 -4.1415
384 -0.7378
385 0.0000
386 0.3827
387 0.0000
388 2.3185
389 0.0000
390 8.3503
391 0.0000
392 1.1827
393 5.2084
394 0.0000
395 7.5818
396 11.1842
397 1.5565
398 2.5672
399 0.0000
400 2.7384
401 4.0619
402 3.0852
403 0.0000
404 8.5790
405 7.0136
406 -1.1310
407 0.0000
408 2.1945
409 8.7582
410 -1.3370
411 2.9680
412 -5.4361
413 -0.3044
414 -2.9746
415 -0.1342
416 2.2598
417 0.0000
418 -0.2612
419 4.1075
420 5.4921
421 4.7949
422 -0.9121
423 4.5240
424 0.0000
425 -1.0658
426 1.5717
427 1.8159
428 -3.6474
429 12.4009
430 4.8406
431 0.0000
432 3.8651
433 6.6563
434 0.7540
435 6.2077
436 4.8446
437 4.4781
438 0.0000
439 -2.2077
440 1.5531
441 3.9650
442 5.3845
443 -3.9751
444 4.8690
445 0.0000
446 2.9907
447 2.4973
448 2.0859
449 5.1522
450 0.2195
451 -2.2927
452 0.0000
453 -0.1302
454 -2.5061
455 1.6846
456 8.2546
457 3.2627
458 1.3434
459 0.0000
460 -6.6839
461 4.7739
462 3.8633
463 -2.1825
464 5.3577
465 2.6524
466 0.0000
467 0.0480
468 6.1351
469 4.6994
470 5.7088
471 3.6063
472 5.4533
473 0.0000
474 -0.0224
475 12.3545
476 -4.1505
477 5.3302
478 -5.5634
479 2.8912
480 0.0000
481 3.0646
482 3.4737
483 7.1940
484 2.5481
485 -1.4598
486 11.9553
487 0.0000
488 -2.4174
489 7.6302
490 9.1503
491 0.0228
492 0.0240
493 -0.8510
494 0.0000
495 3.0567
496 2.9827
497 0.0000
498 1.7240
499 -4.2925
500 6.9841
501 0.2693
502 3.0270
503 -6.2700
504 -2.2552
505 5.0808
506 0.0000
507 5.9605
508 -0.7602
509 0.0000
510 6.2923
511 -1.3370
512 0.0000
513 5.1765
514 9.3726
515 0.0000
516 8.7754
517 -6.9637
518 0.0000
519 -2.5868
520 0.3558
521 10.7821
522 0.0000
523 6.7430
524 -4.1739
525 0.0000
526 3.6661
527 4.1631
528 -1.7732
529 0.0000
530 1.7867
531 1.2131
532 0.0000
533 6.1238
534 0.1291
535 2.3608
536 0.0000
537 -2.0169
538 -4.3583
539 0.0000
540 0.3078
541 9.2222
542 5.0502
543 0.0000
544 -1.3937
545 1.5858
546 0.0000
547 -3.9649
548 5.1980
549 3.1956
550 0.0000
551 0.3204
552 -3.2007
553 0.0000
554 6.5229
555 3.1351
556 -0.6049
557 0.0000
558 5.4668
559 -5.9057
560 0.0000
561 2.9091
562 -0.6186
563 2.7129
564 0.0000
565 0.6348
566 2.9779
567 0.0000
568 9.2454
569 3.2186
570 4.3720
571 0.0000
572 -0.3749
573 -0.5253
574 0.0000
575 5.5193
576 -4.1844
577 6.0943
578 0.0000
579 5.9419
580 0.0191
581 0.0000
582 0.0532
583 5.6489
584 3.7699
585 0.0000
586 2.4058
587 2.8413
588 0.0000
589 -3.4192
590 1.6276
591 -3.1885
592 0.0000
593 3.4732
594 4.3379
595 0.0000
596 7.5151
597 3.1729
598 8.3819
599 0.0000
600 -2.9343
601 5.0460
602 0.0000
603 10.0413
604 9.8131
605 3.4977
606 0.0000
607 -3.5994
608 4.5175
609 0.0000
610 5.0318
611 -5.8301
612 8.4835
613 0.0000
614 6.9739
615 8.5416
616 0.0000
617 2.6549
618 -1.6064
619 4.9104
620 0.0000
621 1.6601
622 5.0101
623 0.0000
624 10.8872
625 7.9274
626 -0.4885
627 0.0000
628 3.4375
629 0.0000
630 -2.0798
631 0.0000
632 2.1494
633 12.0806
634 0.0000
635 -2.2925
636 0.0000
637 1.1011
638 0.0000
639 4.7534
640 0.6992
641 1.3743
642 0.0000
643 7.3538
644 9.2442
645 0.2239
646 0.0000
647 0.9842
648 3.1019
649 -1.1799
650 0.0000
651 7.3279
652 0.0000
653 -3.3917
654 0.0000
655 8.3750
656 9.4117
657 0.0000
658 7.9666
659 0.0000
660 3.1308
661 7.9047
662 4.3121
663 1.2246
664 6.1199
665 0.3241
666 4.4854
667 5.4469
668 5.3677
669 4.9487
670 -1.4185
671 5.0727
672 -1.0967
673 -3.4555
674 7.0039
675 11.3941
676 0.0000
677 5.0169
678 6.5268
679 6.0772
680 4.0077
681 -9.9748
682 -3.1962
683 -2.9049
684 6.3110
685 0.0000
686 6.4946
687 3.2053
688 1.7862
689 7.0340
690 -0.7722
691 -2.6210
692 0.0000
693 -1.1852
694 1.5481
695 1.9453
696 0.0000
697 4.0891
698 3.7542
699 -2.5047
700 -0.4040
701 0.8870
702 9.2887
703 8.9800
704 -1.6942
705 0.0000
706 2.9761
707 9.0726
708 5.4071
709 -0.2843
710 7.9789
711 2.8219
712 0.0000
713 4.4208
714 7.9126
715 -1.2067
716 0.0000
717 4.1552
718 5.9907
719 4.1936
720 11.8578
721 -6.4006
722 0.1496
723 0.1853
724 5.6829
725 0.0000
726 9.5019
727 3.6074
728 9.6562
729 7.4036
730 3.9125
731 10.8159
732 0.0000
733 0.7235
734 -2.3308
735 4.2969
736 0.0000
737 2.4347
738 -1.6561
739 6.3433
740 4.7288
741 -3.7352
742 9.5119
743 6.1937
744 4.1212
745 0.0000
746 3.7120
747 5.6027
748 6.8828
749 -2.0387
750 -2.1004
751 10.0593
752 0.0000
753 -1.4632
754 -3.5318
755 0.4651
756 8.9145
757 4.3290
758 6.7514
759 8.3705
760 -2.5174
761 -8.9832
762 -4.3171
763 1.8659
764 5.6151
765 2.3844
766 3.9496
767 0.0000
768 5.1313
769 -2.5264
770 -2.0053
771 10.5960
772 -9.6654
773 -4.6077
774 -2.7465
775 -0.1387
776 0.0000
777 4.6984
778 5.0128
779 8.6334
780 11.9936
781 5.3422
782 6.8940
783 0.0000
784 -3.2512
785 -1.5418
786 15.3597
787 0.0000
788 4.5797
789 -0.1567
790 8.7718
791 -2.6665
792 -2.7052
793 -3.9722
794 -6.3655
795 4.2433
796 0.0000
797 3.4610
798 1.0993
799 12.8962
800 7.8594
801 7.5905
802 2.3917
803 0.0000
804 1.5099
805 -0.2098
806 9.2574
807 0.0000
808 8.1166
809 -8.8014
810 4.6397
811 2.1174
812 -1.5625
813 -6.8599
814 9.7234
815 -0.3626
816 0.0000
817 2.6755
818 0.8167
819 0.9006
820 2.0234
821 -0.5415
822 2.5174
823 0.0000
824 9.1653
825 2.7413
826 4.2480
827 0.0000
828 1.4988
829 -2.4083
830 1.9500
831 6.8967
832 -1.2476
833 0.8776
834 -0.5502
835 7.7643
836 0.0000
837 -1.1672
838 6.7017
839 9.9611
840 6.1640
841 -1.7243
842 10.8567
843 0.0000
844 -4.2045
845 -1.3386
846 5.8414
847 1.7353
848 2.0568
849 7.8679
850 3.9377
851 9.2000
852 3.8102
853 7.6435
854 1.9576
855 12.6772
856 -2.5583
857 1.8536
858 0.0000
859 8.8197
860 -1.7632
861 -1.3089
862 4.4342
863 2.8931
864 5.5229
865 1.2721
866 10.6044
867 0.0000
868 7.3389
869 6.5175
870 5.9205
871 3.5943
872 2.5182
873 2.7487
874 0.0000
875 3.9743
876 9.6875
877 6.5644
878 0.0000
879 -1.2943
880 0.9867
881 4.4278
882 7.1029
883 -4.6637
884 12.6137
885 6.3601
886 10.0109
887 0.0000
888 10.5100
889 11.3973
890 -4.8623
891 3.3534
892 5.6707
893 9.2326
894 0.0000
895 0.6809
896 10.8887
897 3.8257
898 0.0000
899 2.7290
900 -2.5783
901 18.5279
902 3.1495
903 -2.0405
904 18.4452
905 7.7848
906 4.0323
907 0.0000
908 6.2640
909 3.4452
910 2.7514
911 12.8573
912 -0.3117
913 5.5859
914 0.0000
915 -5.8156
916 0.2814
917 7.9714
918 0.0000
919 2.0894
920 2.5536
921 -3.9588
922 3.6962
923 -0.5417
924 11.1446
925 2.5262
926 10.6413
927 0.0000
928 10.7707
929 3.2426
930 1.1945
931 2.3382
932 -0.4238
933 14.0619
934 0.0000
935 5.2932
936 4.2057
937 9.0222
938 6.6266
939 6.6232
940 -2.8525
941 5.5222
942 -1.9334
943 3.3289
944 11.6785
945 6.9924
946 3.7025
947 5.0707
948 -0.6304
949 0.0000
950 1.0065
951 1.2214
952 3.4121
953 3.2985
954 -5.5996
955 3.9260
956 2.2316
957 0.6246
958 0.0000
959 0.2259
960 4.6998
961 0.7190
962 3.4717
963 7.0083
964 6.1446
965 0.0000
966 -3.2436
967 0.0668
968 6.0447
969 0.0000
970 6.0038
971 -2.4242
972 4.0693
973 2.7392
974 8.2793
975 10.4920
976 5.4233
977 6.6217
978 0.0000
979 7.0524
980 0.5396
981 -5.5565
982 10.3847
983 6.3437
984 5.7523
985 0.0000
986 -0.6812
987 8.6567
988 5.7523
989 0.0000
990 11.7025
991 -2.7592
992 4.2837
993 -0.9546
994 3.9474
995 1.6596
996 0.8356
997 0.5977
998 0.0000
999 3.1227
1000 -4.4010
1001 10.6046
1002 3.7530
1003 2.9972
1004 0.2219
1005 0.0000
1006 -5.6761
1007 6.3265
1008 -0.3330
1009 0.0000
1010 1.8353
1011 -0.8102
1012 5.1859
1013 5.1479
1014 -7.3729
1015 11.1455
1016 3.0725
1017 6.3159
1018 0.0000
1019 11.3129
1020 7.9733
1021 2.6720
1022 -2.1288
1023 1.5498
1024 -0.1918
1025 0.0000
1026 0.4948
1027 0.0000
1028 5.2249
1029 0.0000
1030 8.3052
1031 1.6811
1032 -1.6372
1033 -1.0256
1034 4.3324
1035 0.2918
1036 -1.7059
1037 3.1988
1038 0.0000
1039 -7.9938
1040 -3.2108
1041 5.7097
1042 1.5558
1043 0.7527
1044 4.9318
1045 0.0000
1046 2.6273
1047 2.1869
1048 4.3219
1049 6.8626
1050 1.3286
1051 1.0506
1052 0.0000
1053 4.4484
1054 3.6637
1055 9.8957
1056 9.4733
1057 2.1004
1058 -3.8295
1059 0.0000
1060 2.3784
1061 8.7934
1062 -0.0511
1063 4.3285
1064 7.5529
1065 8.6462
1066 0.0000
1067 3.6049
1068 2.4024
1069 8.0752
1070 5.8304
1071 1.4179
1072 -4.6824
1073 0.0000
1074 -6.7327
1075 5.0060
1076 2.5725
1077 6.2328
1078 2.0425
1079 1.4560
1080 0.0000
1081 1.8618
1082 3.1759
1083 6.9157
1084 0.7230
1085 -3.2284
1086 3.9539
1087 0.0000
1088 -5.5186
1089 10.6787
1090 0.8315
1091 -1.5273
1092 7.5775
1093 10.3350
1094 0.0000
1095 0.5077
1096 -2.7040
1097 -0.3281
1098 7.6397
1099 8.5286
1100 -2.8089
1101 0.0000
1102 -0.3991
1103 -2.9410
1104 -1.1659
1105 2.4971
1106 5.5402
1107 -7.3676
1108 0.0000
1109 -0.2725
1110 1.3912
1111 2.7135
1112 5.8479
1113 6.8245
1114 2.7123
1115 0.0000
1116 6.5905
1117 1.8445
1118 9.3617
1119 3.2649
1120 8.5920
1121 0.7679
1122 0.0000
1123 3.2055
1124 13.7807
1125 -2.8327
1126 2.7305
1127 -2.1654
1128 10.0979
1129 0.0000
1130 7.2539
1131 6.9609
1132 7.1997
1133 2.4528
1134 16.1118
1135 10.3771
1136 0.0000
1137 8.2914
1138 5.3913
1139 1.8919
1140 -0.2124
1141 -8.1428
1142 -1.9682
1143 0.0000
1144 1.7045
1145 0.0000
1146 4.2357
1147 0.0000
1148 3.9295
1149 0.0000
1150 6.4477
1151 2.9045
1152 0.0000
1153 0.2994
1154 -6.0599
1155 11.3710
1156 -1.2718
1157 0.0000
1158 1.3343
1159 1.6599
1160 1.5580
1161 0.0000
1162 -0.7019
1163 7.4697
1164 5.5475
1165 0.0000
1166 7.8798
1167 11.4675
1168 2.0863
1169 3.3587
1170 -3.7391
1171 11.8526
1172 7.7770
1173 0.9875
1174 6.9945
1175 0.0000
1176 -0.2638
1177 10.0943
1178 2.8590
1179 5.4921
1180 3.8740
1181 5.5247
1182 0.0000
1183 5.2797
1184 3.7286
1185 12.4719
1186 5.4962
1187 3.2327
1188 11.3285
1189 0.0000
1190 2.5687
1191 2.8603
1192 9.3198
1193 12.9371
1194 4.0229
1195 5.6092
1196 0.0000
1197 2.0109
1198 9.2518
1199 6.8333
1200 3.5849
1201 -3.0544
1202 -2.4399
1203 0.0000
1204 -1.1991
1205 4.5863
1206 0.5808
1207 7.8568
1208 0.0695
1209 10.2944
1210 0.0000
1211 8.8697
1212 2.8213
1213 -0.6773
1214 -4.4860
1215 9.2556
1216 5.3568
1217 0.0000
1218 5.2973
1219 -2.1094
1220 5.9543
1221 5.6187
1222 6.0328
1223 6.5050
1224 0.0000
1225 7.0368
1226 -2.4596
1227 21.2903
1228 1.2419
1229 -1.4517
1230 1.6673
1231 0.0000
1232 3.1771
1233 3.3015
1234 -6.7108
1235 4.0479
1236 5.3817
1237 3.2509
1238 0.0000
1239 -1.2446
1240 15.3532
1241 8.3175
1242 4.4355
1243 6.8281
1244 2.8411
1245 0.0000
1246 -0.6221
1247 4.1235
1248 6.4697
1249 1.3566
1250 7.1555
1251 -2.0369
1252 0.0000
1253 -0.8990
1254 3.7020
1255 0.0000
1256 9.6707
1257 -6.1853
1258 -0.7400
1259 -7.0762
1260 -4.7097
1261 -1.0538
1262 1.4465
1263 5.2903
1264 0.0000
1265 2.8037
1266 2.9149
1267 0.0000
1268 3.4135
1269 0.0000
1270 -2.9867
1271 0.0000
1272 -3.5405
1273 1.2282
1274 0.0000
1275 8.0379
1276 6.4101
1277 0.0000
1278 5.4701
1279 5.2462
1280 -1.0929
1281 0.0000
1282 -1.1566
1283 -2.8564
1284 0.0000
1285 6.9653
1286 4.3558
1287 1.5195
1288 0.0000
1289 -3.8344
1290 4.9139
1291 0.0000
1292 0.0225
1293 12.9842
1294 2.5629
1295 0.0000
1296 6.3841
1297 11.5834
1298 0.0000
1299 2.8727
1300 1.5092
1301 5.8776
1302 0.0000
1303 3.0070
1304 6.1811
1305 0.0000
1306 5.2139
1307 5.7336
1308 5.7151
1309 0.0000
1310 -4.8226
1311 0.3256
1312 0.0000
1313 5.9789
1314 3.8535
1315 -0.6578
1316 0.0000
1317 7.9135
1318 5.7963
1319 0.0000
1320 8.9644
1321 7.9114
1322 5.5816
1323 0.0000
1324 -3.0947
1325 -3.3974
1326 0.0000
1327 10.2384
1328 2.4542
1329 -0.6430
1330 0.0000
1331 -0.1546
1332 3.3276
1333 0.0000
1334 10.4612
1335 6.2769
1336 2.8054
1337 0.0000
1338 -2.1137
1339 11.1041
1340 0.0000
1341 3.3842
1342 5.5180
1343 5.3315
1344 0.0000
1345 6.9522
1346 2.4953
1347 0.0000
1348 2.4386
1349 -6.3446
1350 12.1122
1351 0.0000
1352 0.7003
1353 0.6344
1354 0.0000
1355 0.2242
1356 -0.7999
1357 6.4354
1358 0.0000
1359 5.2915
1360 9.7625
1361 0.0000
1362 2.9442
1363 3.7252
1364 6.3071
1365 0.0000
1366 4.0800
1367 6.3677
1368 0.0000
1369 10.7968
1370 11.6710
1371 4.4179
1372 0.0000
1373 -0.6358
1374 -0.6035
1375 0.0000
1376 -3.3322
1377 1.2070
1378 5.9819
1379 0.0000
1380 -4.2250
1381 4.4720
1382 0.0000
1383 9.1997
1384 -5.6222
1385 -1.6184
1386 0.0000
1387 -0.5701
1388 0.0000
1389 6.6785
1390 0.0000
1391 6.7716
1392 -1.5730
1393 0.0000
1394 2.9789
1395 0.0000
1396 2.6995
1397 0.0000
1398 4.3394
1399 4.2562
1400 4.1316
1401 0.0000
1402 -1.8287
1403 4.2516
1404 3.9017
1405 0.0000
1406 1.1961
1407 9.0380
1408 1.5134
1409 0.0000
1410 4.8309
1411 0.0000
1412 2.5911
1413 0.0000
1414 5.1010
1415 -4.4173
1416 0.0000
1417 6.9027
1418 0.0000
1419 -2.3588
1420 -3.6136
1421 4.5875
1422 6.9079
1423 -1.0159
1424 6.2061
1425 2.8501
1426 6.8758
1427 -0.9932
1428 3.2952
1429 8.8258
1430 3.8109
1431 1.2259
1432 4.8613
1433 5.8308
1434 4.8235
1435 0.0000
1436 1.9602
1437 3.3619
1438 3.5910
1439 2.6791
1440 11.2680
1441 -0.0121
1442 1.0529
1443 5.9466
1444 0.0000
1445 2.4652
1446 -1.5185
1447 6.8329
1448 3.8996
1449 -4.7852
1450 7.7657
1451 0.0000
1452 -0.3492
1453 2.9625
1454 -4.6447
1455 0.0000
1456 8.0053
1457 7.4446
1458 3.3476
1459 4.6295
1460 -1.5068
1461 15.3325
1462 6.8127
1463 -1.3114
1464 0.0000
1465 5.4546
1466 -0.6939
1467 1.1809
1468 4.6423
1469 4.2374
1470 10.7228
1471 0.0000
1472 4.2066
1473 4.6481
1474 6.9048
1475 0.0000
1476 6.8390
1477 -2.9319
1478 10.6270
1479 0.5599
1480 -5.4576
1481 12.9908
1482 9.9581
1483 3.6770
1484 0.0000
1485 13.0521
1486 5.4841
1487 6.6260
1488 4.3929
1489 0.4751
1490 -3.8048
1491 0.0000
1492 -2.6382
1493 1.2703
1494 8.0102
1495 0.0000
1496 0.4865
1497 -1.9177
1498 5.9491
1499 1.5016
1500 3.0966
1501 -1.6462
1502 -0.2879
1503 5.5589
1504 0.0000
1505 9.2461
1506 8.1456
1507 5.6023
1508 0.1777
1509 -0.5010
1510 3.1910
1511 0.0000
1512 -5.3157
1513 3.8996
1514 -0.8153
1515 -0.3347
1516 5.3670
1517 1.1028
1518 3.0289
1519 6.1435
1520 0.6459
1521 2.5707
1522 5.4049
1523 4.8159
1524 0.3167
1525 9.9338
1526 0.0000
1527 2.8325
1528 -0.5356
1529 5.2925
1530 0.7636
1531 -1.0964
1532 7.0868
1533 4.0520
1534 8.1447
1535 0.0000
1536 7.7300
1537 5.4046
1538 5.6541
1539 2.6289
1540 3.4012
1541 1.9202
1542 0.0000
1543 -5.7372
1544 6.2568
1545 -6.7916
1546 0.0000
1547 3.4689
1548 1.5610
1549 6.7665
1550 8.4851
1551 1.2281
1552 1.6185
1553 -1.5174
1554 6.1921
1555 0.0000
1556 7.3107
1557 3.9376
1558 -4.0980
1559 -0.6840
1560 6.2317
1561 -3.4696
1562 0.0000
1563 -2.1018
1564 -1.8112
1565 7.1196
1566 0.0000
1567 1.3402
1568 -1.1770
1569 -2.5454
1570 0.7471
1571 -4.8947
1572 -6.0002
1573 1.2839
1574 7.5599
1575 0.0000
1576 9.7269
1577 -3.8862
1578 -3.1317
1579 -1.6952
1580 2.8382
1581 -1.1511
1582 0.0000
1583 -2.2689
1584 -1.1021
1585 1.6783
1586 0.0000
1587 3.5840
1588 2.6766
1589 4.7098
1590 0.2402
1591 -4.7946
1592 3.7475
1593 -5.2938
1594 12.7798
1595 0.0000
1596 9.2124
1597 6.0035
1598 5.3170
1599 8.5649
1600 -0.5436
1601 3.6002
1602 0.0000
1603 -6.2764
1604 11.0659
1605 2.9453
1606 2.1308
1607 0.8156
1608 7.4691
1609 7.6382
1610 2.5256
1611 2.0620
1612 6.9964
1613 2.9763
1614 2.1281
1615 9.8043
1616 8.0131
1617 0.0000
1618 2.5441
1619 1.5685
1620 -0.6466
1621 3.3555
1622 -2.7812
1623 11.2332
1624 -2.9048
1625 10.2145
1626 0.0000
1627 3.2274
1628 -3.6761
1629 9.7237
1630 6.9861
1631 1.8298
1632 3.0157
1633 0.0000
1634 6.7136
1635 3.4802
1636 -0.8350
1637 0.0000
1638 -0.0001
1639 2.6117
1640 -4.5318
1641 9.3594
1642 -1.8007
1643 -0.7402
1644 2.8535
1645 3.4845
1646 0.0000
1647 2.1813
1648 6.0975
1649 6.9897
1650 5.3205
1651 6.8698
1652 4.7018
1653 0.0000
1654 2.8614
1655 5.3980
1656 0.4177
1657 0.0000
1658 3.7330
1659 -2.2731
1660 -1.8216
1661 -7.7759
1662 -1.6344
1663 -3.0414
1664 3.2051
1665 -6.5025
1666 0.0000
1667 6.2833
1668 5.0386
1669 3.8251
1670 0.5580
1671 1.8092
1672 2.0218
1673 0.0000
1674 8.2882
1675 10.1243
1676 2.4167
1677 0.0000
1678 4.0679
1679 -3.3963
1680 3.5097
1681 0.6641
1682 0.8687
1683 10.3939
1684 7.0141
1685 6.8562
1686 0.0000
1687 5.1311
1688 10.2833
1689 6.6533
1690 5.6058
1691 1.9680
1692 3.6008
1693 0.0000
1694 -0.4259
1695 4.6300
1696 0.7714
1697 1.5294
1698 6.0401
1699 -0.2889
1700 9.9751
1701 5.9948
1702 8.4873
1703 2.9541
1704 8.0879
1705 5.2203
1706 11.4423
1707 8.5480
1708 0.0000
1709 3.6357
1710 -5.5767
1711 -2.6958
1712 0.5828
1713 3.9202
1714 -1.4346
1715 2.9579
1716 10.9603
1717 0.0000
1718 -1.7949
1719 0.1910
1720 8.5796
1721 2.5345
1722 4.8112
1723 6.3587
1724 0.0000
1725 1.0182
1726 -0.2022
1727 0.9627
1728 0.0000
1729 3.1960
1730 -6.0030
1731 5.3893
1732 -0.6962
1733 -3.8208
1734 -0.3438
1735 -1.3201
1736 12.1277
1737 0.0000
1738 5.9111
1739 -2.4968
1740 10.8824
1741 -3.5303
1742 2.7339
1743 5.2361
1744 0.0000
1745 -1.9030
1746 7.0507
1747 7.0750
1748 0.0000
1749 3.8055
1750 7.0767
1751 -1.7243
1752 -1.7409
1753 -0.6267
1754 -1.9159
1755 0.2429
1756 1.2953
1757 0.0000
1758 5.8280
1759 3.0133
1760 -1.9692
1761 0.5556
1762 3.6858
1763 -0.6444
1764 0.0000
1765 -8.9716
1766 5.8468
1767 6.3982
1768 0.0000
1769 8.0679
1770 4.4447
1771 -4.5076
1772 6.9078
1773 7.7227
1774 12.0704
1775 4.8401
1776 0.7100
1777 0.0000
1778 7.7958
1779 8.8107
1780 6.3850
1781 3.4287
1782 2.3040
1783 -5.0195
1784 0.0000
1785 -0.1933
1786 0.0000
1787 0.5394
1788 0.0000
1789 -4.4856
1790 -0.9422
1791 0.8377
1792 2.1035
1793 -1.6623
1794 4.9319
1795 -1.7519
1796 12.3265
1797 0.0000
1798 8.8294
1799 4.9405
1800 6.2233
1801 4.1908
1802 2.0183
1803 0.6378
1804 0.0000
1805 4.7270
1806 9.9062
1807 5.0759
1808 6.2956
1809 0.9776
1810 3.2940
1811 0.0000
1812 1.0115
1813 -0.7324
1814 4.7346
1815 3.6211
1816 8.3004
1817 1.0298
1818 0.0000
1819 1.0087
1820 10.8262
1821 9.3261
1822 3.0372
1823 -6.7669
1824 12.3097
1825 0.0000
1826 2.2092
1827 6.5685
1828 3.6227
1829 10.3810
1830 11.3711
1831 5.4483
1832 0.0000
1833 -0.7532
1834 4.7844
1835 6.5296
1836 4.9442
1837 6.4033
1838 0.0027
1839 0.0000
1840 5.9269
1841 0.5828
1842 0.6900
1843 11.9860
1844 7.0412
1845 -1.5820
1846 0.0000
1847 1.1167
1848 7.1930
1849 0.5880
1850 2.6652
1851 3.8320
1852 1.2230
1853 0.0000
1854 1.6685
1855 3.6452
1856 4.0276
1857 0.8602
1858 4.9959
1859 1.2830
1860 0.0000
1861 4.7679
1862 3.4649
1863 8.0932
1864 4.4862
1865 -2.2140
1866 1.4948
1867 0.0000
1868 -1.0294
1869 0.6829
1870 5.5756
1871 8.7683
1872 -1.0386
1873 5.8366
1874 0.0000
1875 -2.1621
1876 7.8282
1877 5.3298
1878 5.1913
1879 1.9298
1880 -1.2241
1881 0.0000
1882 8.2752
1883 16.8474
1884 9.5255
1885 -0.8565
1886 7.1202
1887 10.9517
1888 0.0000
1889 7.2909
1890 1.8169
1891 4.5154
1892 6.0555
1893 9.2183
1894 0.2571
1895 0.0000
1896 5.2105
1897 0.2953
1898 3.0662
1899 7.2106
1900 -5.0199
1901 3.8618
1902 0.0000
1903 -1.1420
1904 0.0000
1905 4.4893
1906 0.0000
1907 13.6605
1908 0.0000
1909 3.1498
1910 -3.4678
1911 0.0000
1912 4.8063
1913 0.1171
1914 0.3933
1915 -4.0095
1916 0.0000
1917 -2.3759
1918 -6.8445
1919 18.1461
1920 0.0000
1921 1.2080
1922 4.0258
1923 4.5177
1924 0.0000
1925 5.0244
1926 3.8807
1927 1.9745
1928 0.0849
1929 0.4847
1930 0.9788
1931 2.6739
1932 -1.8026
1933 3.7380
1934 0.0000
1935 4.5767
1936 -2.3086
1937 0.5443
1938 -1.9724
1939 5.4413
1940 5.9678
1941 0.0000
1942 -2.9809
1943 5.5959
1944 4.5960
1945 15.3178
1946 -1.7505
1947 0.1580
1948 0.0000
1949 0.9439
1950 1.5803
1951 11.1950
1952 13.3183
1953 1.2110
1954 4.4554
1955 0.0000
1956 1.5262
1957 -1.2106
1958 7.8224
1959 11.9358
1960 4.2340
1961 10.7228
1962 0.0000
1963 3.9011
1964 5.4720
1965 2.6849
1966 4.3437
1967 -1.0289
1968 4.3545
1969 0.0000
1970 3.4497
1971 12.2651
1972 4.5634
1973 2.0044
1974 4.4734
1975 5.6519
1976 0.0000
1977 7.9758
1978 0.0708
1979 -0.2423
1980 -0.3336
1981 -1.9922
1982 5.7501
1983 0.0000
1984 -3.3796
1985 4.3300
1986 6.8836
1987 7.3191
1988 1.5280
1989 3.9095
1990 0.0000
1991 5.7013
1992 1.1305
1993 1.5229
1994 2.7322
1995 -3.2525
1996 4.3619
1997 0.0000
1998 -0.7314
1999 2.6980
2000 -4.6718
2001 5.8142
2002 0.7194
2003 8.4526
2004 0.0000
2005 4.2936
2006 0.0493
2007 3.7692
2008 0.6533
2009 1.5954
2010 -0.0445
2011 0.0000
2012 2.6184
2013 2.6015
2014 0.0000
2015 8.6861
2016 5.7635
2017 0.7169
2018 -0.9045
2019 -0.9622
2020 -6.6596
2021 -4.1952
2022 -0.3749
2023 0.0000
2024 10.3250
2025 1.4527
2026 0.0000
2027 2.7310
2028 0.0000
2029 -0.7653
2030 0.0000
2031 7.3770
2032 1.1042
2033 0.0000
2034 2.3036
2035 -5.1017
2036 0.0000
2037 4.8600
2038 8.9759
2039 0.0989
2040 0.0000
2041 0.6250
2042 9.9863
2043 0.0000
2044 8.7124
2045 13.4771
2046 0.3296
2047 0.0000
2048 4.5090
2049 4.5064
2050 0.0000
2051 6.9622
2052 5.5799
2053 -1.5826
2054 0.0000
2055 -2.7069
2056 10.8157
2057 0.0000
2058 4.3214
2059 10.2299
2060 2.1664
2061 0.0000
2062 7.3222
2063 10.4238
2064 0.0000
2065 2.3961
2066 2.6509
2067 11.3287
2068 0.0000
2069 -0.1934
2070 7.0987
2071 0.0000
2072 0.7963
2073 5.4277
2074 8.0371
2075 0.0000
2076 3.2811
2077 2.9952
2078 0.0000
2079 3.0447
2080 4.1379
2081 11.7631
2082 0.0000
2083 6.9264
2084 2.5635
2085 0.0000
2086 10.7072
2087 17.5405
2088 11.4681
2089 0.0000
2090 3.0807
2091 10.1270
2092 0.0000
2093 1.5699
2094 3.4216
2095 4.8162
2096 0.0000
2097 6.2557
2098 -2.9273
2099 0.0000
2100 0.4984
2101 8.5703
2102 -0.5601
2103 0.0000
2104 3.2954
2105 9.7074
2106 0.0000
2107 -1.0172
2108 -3.9159
2109 3.8891
2110 0.0000
2111 11.2304
2112 1.2415
2113 0.0000
2114 -5.3415
2115 4.9668
2116 6.6495
2117 0.0000
2118 -6.7489
2119 6.2156
2120 0.0000
2121 3.6805
2122 -0.1655
2123 2.5663
2124 0.0000
2125 0.6023
2126 9.2140
2127 0.0000
2128 6.2387
2129 4.2147
2130 3.1030
2131 0.0000
2132 5.2944
2133 0.5884
2134 0.0000
2135 1.6397
2136 9.6199
2137 2.6657
2138 0.0000
2139 -1.4493
2140 3.1509
2141 0.0000
2142 10.9546
2143 2.2171
2144 4.0612
2145 0.0000
2146 2.1756
2147 0.0000
2148 -1.4713
2149 0.0000
2150 0.6382
2151 5.3505
2152 0.0000
2153 4.2144
2154 0.0000
2155 4.3274
2156 0.0000
2157 9.0441
2158 1.2140
2159 3.3699
2160 0.0000
2161 8.7190
2162 -0.1911
2163 2.9466
2164 0.0000
2165 5.2403
2166 -1.2293
2167 11.9266
2168 0.0000
2169 12.8324
2170 0.0000
2171 -0.5603
2172 0.0000
2173 5.1964
2174 7.8627
2175 0.0000
2176 3.6240
2177 0.0000
2178 3.6610
2179 2.1685
2180 4.4517
2181 -1.1836
2182 0.8107
2183 7.7645
2184 -0.9260
2185 5.3364
2186 4.5154
2187 6.2102
2188 6.9358
2189 8.2390
2190 -1.5842
2191 2.1194
2192 11.0982
2193 5.0509
2194 0.0000
2195 2.6924
2196 -0.9770
2197 3.7409
2198 1.6493
2199 -7.8785
2200 0.7501
2201 2.7852
2202 5.1178
2203 0.0000
2204 3.6576
2205 -3.6173
2206 1.1584
2207 4.9379
2208 2.2489
2209 7.5473
2210 0.0000
2211 -5.7277
2212 3.1341
2213 3.1396
2214 0.0000
2215 -4.2836
2216 -0.9717
2217 4.2033
2218 1.5914
2219 3.9030
2220 -2.4299
2221 2.2377
2222 3.8699
2223 0.0000
2224 10.3585
2225 6.2122
2226 1.2661
2227 10.7293
2228 9.2629
2229 4.6630
2230 0.0000
2231 0.9574
2232 -2.4009
2233 2.0459
2234 0.0000
2235 5.9963
2236 -9.1430
2237 6.3490
2238 0.7165
2239 -0.3186
2240 3.7606
2241 3.5732
2242 -2.4336
2243 0.0000
2244 0.3726
2245 3.0510
2246 2.8864
2247 7.0415
2248 1.0181
2249 6.2458
2250 0.0000
2251 5.1338
2252 10.6298
2253 1.4195
2254 0.0000
2255 1.1625
2256 -3.1906
2257 6.7051
2258 5.2398
2259 -5.9838
2260 2.2881
2261 5.5548
2262 0.3183
2263 0.0000
2264 3.1922
2265 0.4393
2266 5.9284
2267 2.6612
2268 7.3527
2269 9.9927
2270 0.0000
2271 -4.1319
2272 3.1929
2273 4.3805
2274 1.3390
2275 4.6282
2276 7.5808
2277 4.6067
2278 9.5395
2279 2.8943
2280 3.1690
2281 1.5788
2282 -0.7372
2283 0.6817
2284 6.7748
2285 0.0000
2286 0.8489
2287 -0.2385
2288 2.3389
2289 7.5530
2290 3.2322
2291 1.3284
2292 -3.2676
2293 5.1085
2294 0.0000
2295 4.5779
2296 -3.2872
2297 -0.3424
2298 9.1357
2299 3.9662
2300 0.2680
2301 0.0000
2302 -0.8540
2303 1.8744
2304 4.2268
2305 0.0000
2306 2.7788
2307 -2.5122
2308 2.9735
2309 3.5305
2310 -9.6247
2311 10.6992
2312 4.2435
2313 9.2947
2314 0.0000
2315 3.1788
2316 -0.0995
2317 8.4240
2318 4.0331
2319 3.7041
2320 5.3415
2321 0.0000
2322 -2.0237
2323 1.3922
2324 0.1547
2325 0.0000
2326 1.8154
2327 1.0238
2328 4.6311
2329 -4.3437
2330 -5.0773
2331 0.6153
2332 0.0685
2333 1.6335
2334 0.0000
2335 1.9990
2336 5.4466
2337 1.1227
2338 10.0242
2339 9.3067
2340 11.5265
2341 0.0000
2342 8.7193
2343 4.0173
2344 5.8010
2345 0.0000
2346 0.3896
2347 -4.5446
2348 1.6748
2349 4.9634
2350 -2.9382
2351 7.7168
2352 -0.2144
2353 -3.8732
2354 0.0000
2355 11.4752
2356 6.8696
2357 -1.2271
2358 4.6125
2359 -2.2127
2360 0.0156
2361 0.0000
2362 4.6610
2363 6.0672
2364 2.4501
2365 6.4160
2366 5.5365
2367 11.8863
2368 5.2643
2369 8.5527
2370 3.4836
2371 -0.1897
2372 4.1457
2373 2.4903
2374 1.5395
2375 14.1124
2376 0.0000
2377 2.2915
2378 -9.6270
2379 8.7534
2380 10.5186
2381 6.3893
2382 7.4747
2383 5.9438
2384 1.6182
2385 0.0000
2386 8.0935
2387 0.2273
2388 5.1667
2389 5.1693
2390 6.8314
2391 1.2328
2392 0.0000
2393 6.3346
2394 -0.7821
2395 5.7921
2396 0.0000
2397 3.5637
2398 -0.8083
2399 6.0920
2400 5.2930
2401 0.1252
2402 12.4356
2403 2.9340
2404 -0.2059
2405 0.0000
2406 6.3520
2407 3.5291
2408 7.0274
2409 1.8998
2410 2.0803
2411 7.6968
2412 0.0000
2413 5.9099
2414 5.0718
2415 6.7023
2416 0.0000
2417 5.1184
2418 3.1059
2419 6.4817
2420 1.8445
2421 -4.0701
2422 2.5119
2423 -0.4862
2424 -0.1326
2425 0.0000
2426 6.7912
2427 5.3508
2428 -4.4896
2429 6.8150
2430 4.5999
2431 6.4561
2432 0.0000
2433 6.5157
2434 1.7814
2435 -8.6038
2436 0.0000
2437 -0.0313
2438 -0.6225
2439 -2.5946
2440 -3.1670
2441 -2.3024
2442 -3.3974
2443 3.2935
2444 -0.4593
2445 0.0000
2446 8.9987
2447 6.8385
2448 8.0544
2449 3.8659
2450 -0.3767
2451 -0.0564
2452 0.0000
2453 4.7595
2454 0.1575
2455 7.1176
2456 9.1004
2457 10.1659
2458 6.8084
2459 8.0495
2460 -0.7437
2461 2.2207
2462 6.1271
2463 14.0378
2464 1.4909
2465 6.4530
2466 2.8582
2467 0.0000
2468 5.3541
2469 1.5867
2470 -0.2538
2471 6.0616
2472 7.9998
2473 7.1654
2474 -0.7998
2475 2.0495
2476 0.0000
2477 3.0881
2478 6.7872
2479 0.9668
2480 1.3599
2481 5.8886
2482 6.7050
2483 0.0000
2484 3.9408
2485 3.8906
2486 2.4902
2487 0.0000
2488 4.9581
2489 -0.0225
2490 -2.1422
2491 6.0775
2492 -3.8160
2493 -8.5993
2494 -1.0496
2495 2.3666
2496 0.0000
2497 5.2891
2498 7.8320
2499 -0.2489
2500 0.8065
2501 4.3425
2502 9.4103
2503 0.0000
2504 -5.1903
2505 10.3434
2506 0.2029
2507 0.0000
2508 2.5862
2509 2.2983
2510 -0.9103
2511 2.6152
2512 -0.2980
2513 7.6948
2514 -2.1936
2515 5.1777
2516 0.0000
2517 4.7034
2518 2.8883
2519 -2.8046
2520 4.9118
2521 6.2932
2522 3.7624
2523 0.0000
2524 1.2824
2525 5.4613
2526 -0.1382
2527 0.0000
2528 10.3910
2529 -4.8187
2530 -8.7516
2531 2.9279
2532 -0.8318
2533 0.6813
2534 2.9520
2535 2.8263
2536 0.0000
2537 -0.7512
2538 -1.2074
2539 0.1240
2540 14.3548
2541 -1.3402
2542 -0.6829
2543 0.0000
2544 1.5875
2545 0.0000
2546 7.4558
2547 0.0000
2548 -0.8626
2549 -0.2587
2550 4.3204
2551 9.2531
2552 3.3238
2553 8.3808
2554 4.8777
2555 -0.8673
2556 0.0000
2557 1.3344
2558 14.4572
2559 3.2813
2560 4.4576
2561 1.8998
2562 -4.3179
2563 0.0000
2564 1.7482
2565 9.0572
2566 -0.5455
2567 4.7994
2568 1.7957
2569 -2.4086
2570 0.0000
2571 8.1507
2572 0.7148
2573 6.0956
2574 4.6602
2575 5.3632
2576 1.3664
2577 0.0000
2578 1.1038
2579 2.2878
2580 1.2908
2581 2.8904
2582 8.2513
2583 6.9024
2584 0.0000
2585 6.9060
2586 5.2157
2587 5.4582
2588 6.0631
2589 2.9182
2590 10.1632
2591 0.0000
2592 2.1670
2593 9.3791
2594 4.8169
2595 -0.4161
2596 2.2693
2597 7.1388
2598 0.0000
2599 -2.1126
2600 4.8721
2601 8.2895
2602 7.7111
2603 3.0105
2604 5.2507
2605 0.0000
2606 1.8288
2607 3.1755
2608 4.9420
2609 4.4602
2610 2.8978
2611 1.2290
2612 0.0000
2613 5.2396
2614 3.3906
2615 1.8139
2616 8.6636
2617 9.0397
2618 -3.6264
2619 0.0000
2620 -2.5607
2621 1.0004
2622 4.4743
2623 4.0835
2624 3.4847
2625 4.5058
2626 0.0000
2627 -1.1540
2628 5.1085
2629 6.9665
2630 5.8758
2631 4.9451
2632 0.0320
2633 0.0000
2634 4.0755
2635 8.4067
2636 0.1605
2637 5.7790
2638 6.0367
2639 4.1338
2640 0.0000
2641 -0.6854
2642 4.1298
2643 8.9629
2644 7.4145
2645 3.7550
2646 2.3211
2647 0.0000
2648 0.9849
2649 5.4820
2650 5.4760
2651 5.2042
2652 1.6467
2653 2.2717
2654 0.0000
2655 1.4778
2656 -1.6814
2657 9.4688
2658 5.7490
2659 -3.5059
2660 -11.2964
2661 0.0000
2662 0.3478
2663 0.0000
2664 -0.3655
2665 0.0000
2666 3.0113
2667 0.0000
2668 -2.7250
2669 0.2574
2670 0.0000
2671 8.3488
2672 1.1886
2673 6.3146
2674 2.7210
2675 0.0000
2676 4.7976
2677 -2.6129
2678 -2.4289
2679 0.0000
2680 7.8956
2681 4.5839
2682 -1.6250
2683 0.0000
2684 4.1960
2685 4.3813
2686 -5.5153
2687 7.8691
2688 7.8862
2689 9.6844
2690 1.0395
2691 -0.9119
2692 4.3002
2693 0.0000
2694 1.7372
2695 2.9385
2696 0.5222
2697 2.8092
2698 -1.9308
2699 1.2090
2700 0.0000
2701 -0.5053
2702 3.7144
2703 1.5207
2704 -0.7682
2705 8.5894
2706 7.6763
2707 0.0000
2708 -1.4076
2709 5.0802
2710 -0.4136
2711 7.4696
2712 -1.8490
2713 1.3946
2714 0.0000
2715 2.2404
2716 5.2746
2717 8.4889
2718 6.2405
2719 3.2593
2720 8.5507
2721 0.0000
2722 4.4938
2723 6.1899
2724 8.4805
2725 5.7981
2726 -0.9786
2727 4.5031
2728 0.0000
2729 2.2525
2730 4.4089
2731 4.9828
2732 5.0924
2733 6.9720
2734 3.8748
2735 0.0000
2736 2.4899
2737 5.1445
2738 3.9390
2739 0.0758
2740 5.6900
2741 4.4499
2742 0.0000
2743 5.7225
2744 6.0625
2745 7.5046
2746 12.3926
2747 2.5563
2748 11.0864
2749 0.0000
2750 -0.9765
2751 2.3085
2752 10.7204
2753 -0.7511
2754 7.6454
2755 5.2012
2756 0.0000
2757 1.9103
2758 6.2430
2759 2.0572
2760 11.8537
2761 4.2449
2762 4.7893
2763 0.0000
2764 1.1396
2765 13.9218
2766 3.4477
2767 4.0072
2768 6.2358
2769 -5.1353
2770 0.0000
2771 -4.9468
2772 -4.8871
2773 0.0000
2774 7.6607
2775 1.3087
2776 -1.6873
2777 2.8773
2778 -1.7317
2779 0.0089
2780 4.2312
2781 3.3468
2782 0.0000
2783 -2.0308
2784 7.3160
2785 0.0000
2786 -2.9199
2787 0.0000
2788 3.3666
2789 0.0000
2790 0.5217
2791 5.4332
2792 0.0000
2793 6.8789
2794 6.8344
2795 0.0000
2796 5.7874
2797 6.2463
2798 4.9873
2799 0.0000
2800 -1.4418
2801 8.4464
2802 0.0000
2803 4.1308
2804 -2.9801
2805 13.2504
2806 0.0000
2807 -3.3347
2808 16.1952
2809 0.0000
2810 -0.4271
2811 5.4165
2812 1.4280
2813 0.0000
2814 5.1072
2815 1.6551
2816 0.0000
2817 4.1232
2818 1.6085
2819 -1.9422
2820 0.0000
2821 -2.1892
2822 -0.6572
2823 0.0000
2824 2.8553
2825 4.8680
2826 5.5923
2827 0.0000
2828 -2.4288
2829 5.7202
2830 0.0000
2831 4.0770
2832 11.4051
2833 6.2395
2834 0.0000
2835 -5.8282
2836 6.6411
2837 0.0000
2838 11.5403
2839 11.0593
2840 13.1041
2841 0.0000
2842 0.5481
2843 3.0833
2844 0.0000
2845 -0.3515
2846 4.1600
2847 1.0026
2848 0.0000
2849 8.0128
2850 6.5188
2851 0.0000
2852 5.0742
2853 0.2233
2854 4.0747
2855 0.0000
2856 -2.1618
2857 5.9745
2858 0.0000
2859 3.7864
2860 0.1685
2861 6.3728
2862 0.0000
2863 -2.3556
2864 3.2591
2865 0.0000
2866 7.2691
2867 1.3085
2868 6.2165
2869 0.0000
2870 -1.1279
2871 9.5243
2872 0.0000
2873 2.3455
2874 8.8492
2875 8.2907
2876 0.0000
2877 1.0684
2878 -2.8146
2879 0.0000
2880 0.4227
2881 5.3313
2882 3.1605
2883 0.0000
2884 -0.9344
2885 2.1142
2886 0.0000
2887 -3.6993
2888 0.9002
2889 7.6691
2890 0.0000
2891 1.7414
2892 2.4347
2893 0.0000
2894 12.6457
2895 7.2891
2896 8.2320
2897 0.0000
2898 0.4137
2899 1.3280
2900 0.0000
2901 9.1904
2902 9.7953
2903 2.0284
2904 0.0000
2905 -0.8667
2906 0.0000
2907 4.3139
2908 0.0000
2909 9.4983
2910 11.7651
2911 0.0000
2912 5.3174
2913 0.0000
2914 7.3842
2915 0.0000
2916 3.9589
2917 1.3439
2918 -2.1008
2919 0.0000
2920 -0.8203
2921 -3.5692
2922 -1.8743
2923 0.0000
2924 4.1099
2925 4.0959
2926 1.5498
2927 0.0000
2928 7.6460
2929 0.0000
2930 5.4747
2931 0.0000
2932 4.5546
2933 4.7730
2934 0.0000
2935 7.3070
2936 0.0000
2937 4.2685
2938 14.0569
2939 5.3527
2940 6.1026
2941 3.3013
2942 1.9259
2943 8.7909
2944 4.6300
2945 4.6677
2946 10.8830
2947 2.3015
2948 4.6603
2949 4.1950
2950 0.1931
2951 3.2385
2952 0.6065
2953 0.0000
2954 3.0519
2955 2.7288
2956 5.0595
2957 -0.2543
2958 3.9948
2959 2.2935
2960 4.0417
2961 -3.2402
2962 0.0000
2963 6.8850
2964 3.3756
2965 -1.9810
2966 -0.3548
2967 -2.9850
2968 3.3871
2969 0.0000
2970 3.3849
2971 12.3564
2972 6.3016
2973 0.0000
2974 0.4748
2975 -4.3007
2976 2.9226
2977 0.7621
2978 1.6988
2979 15.2335
2980 8.6734
2981 7.0692
2982 0.0000
2983 5.9043
2984 3.8025
2985 7.3592
2986 1.2428
2987 9.8778
2988 8.7593
2989 0.0000
2990 -3.4288
2991 -1.3365
2992 -5.4182
2993 0.0000
2994 0.3241
2995 3.1842
2996 -3.0821
2997 1.3861
2998 2.6068
2999 16.2737
3000 7.3918
3001 7.4141
3002 0.0000
3003 7.9687
3004 4.4170
3005 5.4949
3006 10.1347
3007 -0.3373
3008 1.6138
3009 0.0000
3010 -0.7057
3011 12.9123
3012 -4.2504
3013 0.0000
3014 9.9453
3015 0.2823
3016 -3.4145
3017 -0.9898
3018 4.1742
3019 -1.7272
3020 0.2026
3021 -1.9435
3022 0.0000
3023 2.7487
3024 1.3983
3025 7.5075
3026 -2.2492
3027 -1.9682
3028 3.9935
3029 0.0000
3030 -0.7689
3031 0.8726
3032 6.9049
3033 4.8500
3034 9.7375
3035 4.4373
3036 -0.1168
3037 6.1698
3038 7.1171
3039 6.2007
3040 1.5502
3041 6.2747
3042 4.6970
3043 4.2986
3044 0.0000
3045 7.0789
3046 -0.9646
3047 2.1570
3048 4.3627
3049 2.5101
3050 -3.3271
3051 -0.2722
3052 4.9213
3053 0.0000
3054 0.7856
3055 0.7153
3056 5.8114
3057 6.0602
3058 5.5296
3059 0.9962
3060 0.0000
3061 2.0841
3062 15.5418
3063 -0.4486
3064 0.0000
3065 7.0428
3066 0.5764
3067 5.8264
3068 3.1799
3069 1.8314
3070 13.3377
3071 7.3566
3072 9.2080
3073 0.0000
3074 6.9952
3075 1.3752
3076 10.0120
3077 5.3407
3078 3.3867
3079 8.9036
3080 0.0000
3081 0.1130
3082 4.1650
3083 3.1453
3084 0.0000
3085 6.2339
3086 -2.9018
3087 2.3308
3088 6.3530
3089 2.8383
3090 7.8184
3091 3.1108
3092 -0.2638
3093 0.0000
3094 4.1452
3095 2.8478
3096 8.9412
3097 7.1482
3098 -3.2060
3099 -0.3131
3100 0.0000
3101 1.1125
3102 0.6053
3103 0.5995
3104 0.0000
3105 3.3892
3106 2.5098
3107 2.1451
3108 3.5774
3109 3.3721
3110 4.8109
3111 2.6298
3112 7.6795
3113 0.0000
3114 5.1299
3115 4.8204
3116 3.0977
3117 -1.1099
3118 6.9296
3119 4.6642
3120 0.0000
3121 0.9258
3122 5.0374
3123 1.4408
3124 6.6767
3125 -0.5792
3126 7.9568
3127 0.1372
3128 -0.2908
3129 6.2015
3130 5.0208
3131 2.2792
3132 -6.5661
3133 -2.0089
3134 4.7745
3135 0.0000
3136 3.3426
3137 0.8513
3138 5.7775
3139 4.2140
3140 1.2302
3141 -5.1523
3142 1.2702
3143 -6.7837
3144 0.0000
3145 7.1144
3146 8.5420
3147 -1.5359
3148 8.2979
3149 0.5240
3150 4.6823
3151 0.0000
3152 -9.4871
3153 3.5355
3154 9.9313
3155 0.0000
3156 0.4050
3157 -2.8517
3158 4.7062
3159 3.2323
3160 -3.5424
3161 11.9891
3162 3.8444
3163 0.1902
3164 0.0000
3165 8.2860
3166 2.6338
3167 7.7892
3168 5.7603
3169 4.0418
3170 9.1237
3171 0.0000
3172 1.8280
3173 0.9393
3174 5.5098
3175 0.0000
3176 5.2398
3177 3.9046
3178 -0.9890
3179 -0.2625
3180 -4.3974
3181 9.4131
3182 1.4955
3183 4.9625
3184 0.0000
3185 1.6748
3186 4.8501
3187 0.9915
3188 5.2188
3189 5.9728
3190 2.2044
3191 0.0000
3192 3.3011
3193 4.9744
3194 3.9577
3195 0.0000
3196 -1.8583
3197 -5.3546
3198 -0.6757
3199 -0.1600
3200 3.9243
3201 -0.4300
3202 -2.4281
3203 3.0063
3204 0.0000
3205 5.3879
3206 6.5315
3207 0.3215
3208 -0.8941
3209 -0.9514
3210 6.8615
3211 0.0000
3212 0.0539
3213 10.1214
3214 4.5113
3215 5.3832
3216 8.5556
3217 2.6776
3218 9.1121
3219 9.7838
3220 7.2141
3221 5.0826
3222 7.9157
3223 0.2769
3224 4.8764
3225 8.8161
3226 0.0000
3227 -2.5857
3228 -1.3284
3229 -0.3116
3230 -0.1790
3231 -3.1679
3232 -2.7033
3233 -2.2771
3234 3.5330
3235 0.0000
3236 9.4633
3237 2.0965
3238 -1.2640
3239 4.5522
3240 4.8419
3241 3.0821
3242 0.0000
3243 8.8108
3244 1.4903
3245 10.7312
3246 0.0000
3247 3.6562
3248 6.2457
3249 2.8930
3250 -0.3770
3251 2.4693
3252 3.9758
3253 4.2164
3254 9.3506
3255 0.0000
3256 1.2246
3257 4.8725
3258 5.6334
3259 2.6781
3260 6.3596
3261 5.6295
3262 0.0000
3263 -0.0790
3264 -5.5979
3265 7.1180
3266 0.0000
3267 5.2056
3268 5.2840
3269 7.1694
3270 -1.2075
3271 -5.0378
3272 5.8757
3273 8.1653
3274 8.1035
3275 0.0000
3276 5.1603
3277 0.1317
3278 4.6444
3279 0.5750
3280 3.3644
3281 -0.3637
3282 0.0000
3283 -2.2183
3284 0.3587
3285 11.3302
3286 0.0000
3287 5.9414
3288 -0.1951
3289 4.7140
3290 4.6404
3291 0.2558
3292 3.1186
3293 1.1302
3294 2.6580
3295 0.0000
3296 6.7039
3297 5.3190
3298 6.1851
3299 -0.2697
3300 9.0576
3301 1.6778
3302 0.0000
3303 1.8589
3304 0.0000
3305 8.2938
3306 0.0000
3307 6.7895
3308 -1.9290
3309 -0.1422
3310 4.8149
3311 1.8660
3312 12.2929
3313 7.1908
3314 1.9952
3315 0.0000
3316 -1.6783
3317 6.4495
3318 5.2844
3319 3.5232
3320 5.0598
3321 3.5013
3322 0.0000
3323 -3.4878
3324 4.7825
3325 4.7748
3326 7.3705
3327 3.4152
3328 0.8918
3329 0.0000
3330 6.8196
3331 4.8611
3332 2.2404
3333 -2.5132
3334 4.0177
3335 3.7591
3336 0.0000
3337 3.1548
3338 9.2149
3339 2.6071
3340 3.6140
3341 5.0396
3342 4.1062
3343 0.0000
3344 -1.8506
3345 10.8206
3346 6.0601
3347 -3.5385
3348 1.4013
3349 6.4648
3350 0.0000
3351 -0.9141
3352 8.3620
3353 6.3600
3354 7.8023
3355 8.1207
3356 2.3400
3357 0.0000
3358 -0.9282
3359 3.0376
3360 -1.3768
3361 10.0319
3362 5.6214
3363 9.1344
3364 0.0000
3365 0.1810
3366 4.5809
3367 6.2506
3368 2.4528
3369 -0.8950
3370 2.4152
3371 0.0000
3372 -3.4180
3373 2.1406
3374 4.0983
3375 2.3763
3376 6.9392
3377 -0.4520
3378 0.0000
3379 5.8142
3380 1.1853
3381 -2.3605
3382 4.4539
3383 1.9754
3384 -1.3504
3385 0.0000
3386 5.8711
3387 1.8028
3388 2.0570
3389 1.7679
3390 3.3078
3391 5.6578
3392 0.0000
3393 4.3209
3394 1.0372
3395 4.0786
3396 -0.0084
3397 3.7909
3398 -5.6642
3399 0.0000
3400 2.4562
3401 0.6097
3402 7.3963
3403 -1.4430
3404 6.3621
3405 6.4575
3406 0.0000
3407 -0.2631
3408 5.2269
3409 4.4102
3410 -2.1777
3411 5.1113
3412 10.5031
3413 0.0000
3414 -7.4103
3415 6.2443
3416 -2.3401
3417 1.5421
3418 6.3095
3419 -9.6002
3420 0.0000
3421 -4.3112
3422 0.0000
3423 0.6767
3424 0.0000
3425 9.4289
3426 0.0000
3427 4.1091
3428 -0.2958
3429 0.0000
3430 7.5001
3431 11.7333
3432 7.6723
3433 7.3590
3434 0.0000
3435 2.6707
3436 2.2681
3437 3.2669
3438 0.0000
3439 3.7597
3440 6.2481
3441 9.8580
3442 0.0000
3443 9.4433
3444 2.0315
3445 2.7117
3446 5.0873
3447 6.9210
3448 8.8700
3449 6.7027
3450 1.0195
3451 -1.9389
3452 0.0000
3453 2.6652
3454 7.0100
3455 10.6314
3456 2.7792
3457 0.6068
3458 0.7775
3459 0.0000
3460 2.6791
3461 8.1219
3462 7.0630
3463 9.5309
3464 1.8795
3465 -1.0902
3466 0.0000
3467 6.0483
3468 2.5236
3469 2.6143
3470 7.5008
3471 0.3680
3472 0.3316
3473 0.0000
3474 6.6099
3475 12.8729
3476 9.5005
3477 1.4198
3478 -3.8277
3479 2.1743
3480 0.0000
3481 -3.2046
3482 0.7777
3483 4.1446
3484 2.4060
3485 -2.9583
3486 5.5596
3487 0.0000
3488 0.1833
3489 3.6683
3490 5.0943
3491 8.6112
3492 -1.7389
3493 -4.9707
3494 0.0000
3495 0.5706
3496 6.7481
3497 9.5638
3498 -2.0056
3499 0.9838
3500 -2.0365
3501 0.0000
3502 0.4344
3503 2.3740
3504 -4.0896
3505 3.8749
3506 5.0586
3507 4.0964
3508 0.0000
3509 7.8845
3510 10.6047
3511 4.6178
3512 4.6919
3513 3.8908
3514 4.0239
3515 0.0000
3516 -5.3514
3517 5.6426
3518 -2.9382
3519 0.4993
3520 6.5149
3521 3.1030
3522 0.0000
3523 4.3939
3524 1.7544
3525 6.4313
3526 2.4998
3527 7.4671
3528 -2.4003
3529 0.0000
3530 8.2830
3531 -3.4951
3532 0.0000
3533 0.6065
3534 -0.6251
3535 -6.4483
3536 5.8110
3537 6.2492
3538 3.8741
3539 0.5239
3540 4.8660
3541 0.0000
3542 2.8986
3543 -4.0472
3544 0.0000
3545 7.9144
3546 0.0000
3547 6.7273
3548 0.0000
3549 0.4418
3550 -0.8136
3551 0.0000
3552 -3.3725
3553 7.8201
3554 0.0000
3555 5.8488
3556 2.2465
3557 4.5269
3558 0.0000
3559 1.9231
3560 7.1332
3561 0.0000
3562 2.1002
3563 0.4122
3564 3.3577
3565 0.0000
3566 2.2688
3567 3.6207
3568 0.0000
3569 2.4994
3570 3.9609
3571 5.7455
3572 0.0000
3573 2.7199
3574 2.5928
3575 0.0000
3576 2.0588
3577 6.0577
3578 2.8168
3579 0.0000
3580 5.3653
3581 4.2882
3582 0.0000
3583 6.1987
3584 4.2076
3585 4.9842
3586 0.0000
3587 1.8561
3588 4.5082
3589 0.0000
3590 6.8805
3591 6.9371
3592 10.5980
3593 0.0000
3594 -4.6837
3595 4.5548
3596 0.0000
3597 0.1424
3598 -0.0151
3599 -2.3753
3600 0.0000
3601 -5.7124
3602 -0.6135
3603 0.0000
3604 0.2324
3605 6.1840
3606 2.2276
3607 0.0000
3608 2.7295
3609 6.3806
3610 0.0000
3611 -3.9619
3612 3.2111
3613 -0.6994
3614 0.0000
3615 -1.6655
3616 3.8516
3617 0.0000
3618 2.4233
3619 4.2085
3620 4.1716
3621 0.0000
3622 -6.1629
3623 1.2400
3624 0.0000
3625 13.6089
3626 1.5396
3627 3.7485
3628 0.0000
3629 0.4445
3630 6.2207
3631 0.0000
3632 -2.0898
3633 4.6450
3634 -0.0089
3635 0.0000
3636 3.7113
3637 -1.1412
3638 0.0000
3639 0.5889
3640 8.4316
3641 3.5276
3642 0.0000
3643 1.8795
3644 6.5550
3645 0.0000
3646 10.1876
3647 7.4964
3648 -1.9949
3649 0.0000
3650 -1.3474
3651 6.0150
3652 0.0000
3653 2.8454
3654 7.6957
3655 6.4424
3656 0.0000
3657 -2.2772
3658 1.3573
3659 0.0000
3660 -0.2614
3661 -0.6618
3662 4.2514
3663 0.0000
3664 2.2422
3665 0.0000
3666 8.1900
3667 0.0000
3668 1.0387
3669 0.0331
3670 0.0000
3671 6.8776
3672 0.0000
3673 3.4200
3674 0.0000
3675 4.8637
3676 6.2694
3677 1.6062
3678 0.0000
3679 2.3878
3680 5.8424
3681 6.8287
3682 0.0000
3683 4.3707
3684 4.3687
3685 0.4622
3686 0.0000
3687 3.9237
3688 0.0000
3689 8.1536
3690 0.0000
3691 11.2326
3692 5.4598
3693 0.0000
3694 5.4847
3695 0.0000
3696 4.5361
3697 -3.9312
3698 8.4838
3699 -7.3001
3700 -6.4997
3701 3.0870
3702 8.9774
3703 0.3865
3704 7.9516
3705 5.3643
3706 6.3991
3707 -2.3069
3708 8.4036
3709 3.6542
3710 -2.2416
3711 6.7715
3712 0.0000
3713 0.6307
3714 4.1846
3715 2.8111
3716 -1.3821
3717 4.9448
3718 10.5299
3719 7.3848
3720 2.7279
3721 0.0000
3722 3.0648
3723 7.8883
3724 11.1480
3725 6.9171
3726 5.6688
3727 5.7832
3728 0.0000
3729 5.6747
3730 11.0176
3731 5.2666
3732 0.0000
3733 7.4537
3734 2.5609
3735 -0.0127
3736 -5.2876
3737 2.2889
3738 12.7710
3739 1.4783
3740 5.2768
3741 0.0000
3742 6.4569
3743 8.0702
3744 -3.3672
3745 0.5344
3746 8.4951
3747 4.6238
3748 0.0000
3749 -0.5237
3750 7.0367
3751 5.5352
3752 0.0000
3753 10.1622
3754 0.4828
3755 6.6512
3756 5.8540
3757 -1.0450
3758 3.2699
3759 -1.9839
3760 1.8744
3761 0.0000
3762 5.0088
3763 -5.0778
3764 -6.4478
3765 1.8955
3766 0.7078
3767 -2.3765
3768 0.0000
3769 -3.5294
3770 4.0352
3771 -2.2047
3772 0.0000
3773 3.8106
3774 -0.2043
3775 2.2585
3776 3.4758
3777 0.6819
3778 4.5874
3779 2.8978
3780 5.1683
3781 0.0000
3782 12.4988
3783 0.1258
3784 2.3073
3785 -2.3533
3786 0.4684
3787 -1.4485
3788 0.0000
3789 -1.2492
3790 -0.1501
3791 11.5759
3792 -2.4762
3793 10.1964
3794 4.7931
3795 1.6052
3796 5.6081
3797 1.4527
3798 11.8842
3799 1.0323
3800 4.4542
3801 9.8050
3802 6.6589
3803 0.0000
3804 0.4789
3805 -0.9778
3806 10.7016
3807 1.9291
3808 0.6421
3809 15.5106
3810 4.8366
3811 3.3363
3812 0.0000
3813 14.3958
3814 5.6682
3815 9.0082
3816 2.5705
3817 3.1344
3818 -4.3077
3819 0.0000
3820 -0.0094
3821 8.2648
3822 3.2927
3823 0.0000
3824 6.4831
3825 -3.7505
3826 -1.4275
3827 14.7722
3828 2.6404
3829 -2.1742
3830 -2.1216
3831 4.4450
3832 0.0000
3833 8.1460
3834 -0.7237
3835 -3.7714
3836 2.1057
3837 5.4578
3838 2.0273
3839 0.0000
3840 5.2118
3841 7.7325
3842 5.7342
3843 0.0000
3844 8.5830
3845 -6.8845
3846 4.2233
3847 2.5777
3848 -5.8876
3849 3.8642
3850 -0.9437
3851 10.3709
3852 0.0000
3853 0.6948
3854 4.1220
3855 5.2253
3856 0.5101
3857 10.2423
3858 8.9483
3859 0.0000
3860 -3.7497
3861 -4.6477
3862 4.3411
3863 0.0000
3864 9.8141
3865 5.0269
3866 8.5783
3867 5.2954
3868 2.9395
3869 7.7875
3870 9.8742
3871 4.5703
3872 0.0000
3873 11.2795
3874 11.1902
3875 10.0475
3876 1.6369
3877 2.9752
3878 7.4014
3879 0.0000
3880 -0.8388
3881 3.8593
3882 -0.4839
3883 7.0050
3884 7.6351
3885 2.9891
3886 -0.6266
3887 4.6126
3888 10.2482
3889 4.1430
3890 1.6120
3891 3.1948
3892 -3.5960
3893 10.4785
3894 0.0000
3895 -0.1045
3896 -3.2728
3897 6.6931
3898 9.0582
3899 1.0520
3900 0.0900
3901 1.6881
3902 3.8343
3903 0.0000
3904 -1.7584
3905 -1.7608
3906 0.6542
3907 1.5246
3908 -0.6476
3909 3.6115
3910 0.0000
3911 -2.0079
3912 -1.1982
3913 5.1181
3914 0.0000
3915 5.6132
3916 4.5270
3917 4.5303
3918 -1.8001
3919 -0.0655
3920 -2.8335
3921 -4.8588
3922 12.3097
3923 0.0000
3924 10.5001
3925 -0.2629
3926 2.1376
3927 7.7381
3928 -1.1573
3929 1.4642
3930 0.0000
3931 1.7816
3932 5.6056
3933 -0.6282
3934 0.0000
3935 -0.7391
3936 -3.3822
3937 3.6506
3938 11.5231
3939 1.9423
3940 1.1300
3941 -4.0089
3942 9.3286
3943 0.0000
3944 11.0656
3945 -3.0675
3946 6.6276
3947 7.6048
3948 8.1070
3949 6.6886
3950 0.0000
3951 2.7448
3952 2.9527
3953 1.7937
3954 0.0000
3955 8.7204
3956 0.8857
3957 7.8342
3958 2.8437
3959 -2.5742
3960 -3.2008
3961 -1.1185
3962 -1.3926
3963 0.0000
3964 4.7342
3965 -0.4629
3966 4.4843
3967 4.3131
3968 6.1964
3969 9.7734
3970 0.0000
3971 -2.4446
3972 -2.0163
3973 0.0106
3974 -2.5747
3975 0.5067
3976 3.7278
3977 2.0450
3978 10.3907
3979 10.4113
3980 5.9625
3981 8.3695
3982 2.4053
3983 0.8325
3984 4.7465
3985 0.0000
3986 7.5087
3987 -2.1790
3988 1.0451
3989 1.2480
3990 -1.1167
3991 -5.8665
3992 -1.9886
3993 0.5397
3994 0.0000
3995 6.6381
3996 4.5032
3997 -1.9493
3998 1.1703
3999 10.7338
4000 -0.5621
4001 0.0000
4002 -0.2841
4003 2.0044
4004 -2.9908
4005 0.0000
4006 1.7490
4007 0.2976
4008 1.4449
4009 7.8349
4010 1.3521
4011 6.7469
4012 4.7829
4013 9.3970
4014 0.0000
4015 3.6699
4016 9.0780
4017 4.6860
4018 6.0382
4019 9.6545
4020 3.5848
4021 0.0000
4022 3.9817
4023 4.5695
4024 6.3908
4025 0.0000
4026 -0.1973
4027 -5.6686
4028 -0.9865
4029 -0.0849
4030 4.7383
4031 10.6941
4032 6.2839
4033 9.3524
4034 0.0000
4035 6.1134
4036 4.2195
4037 4.1218
4038 4.6959
4039 6.2399
4040 9.8382
4041 0.0000
4042 -4.6534
4043 -0.5757
4044 -0.0395
4045 0.0000
4046 0.7939
4047 -0.3886
4048 -3.9296
4049 4.2698
4050 -6.1794
4051 -3.0886
4052 -3.1284
4053 -1.8506
4054 0.0000
4055 6.5874
4056 16.0136
4057 3.4394
4058 3.5985
4059 0.8367
4060 0.7585
4061 0.0000
4062 0.9340
4063 0.0000
4064 -0.5022
4065 0.0000
4066 10.8968
4067 5.5739
4068 -7.0488
4069 10.3082
4070 2.0328
4071 -1.6197
4072 5.5735
4073 -1.8589
4074 0.0000
4075 4.7943
4076 -5.3780
4077 2.0975
4078 1.5529
4079 1.6578
4080 -1.5645
4081 0.0000
4082 -0.3571
4083 5.6325
4084 15.5249
4085 6.7667
4086 1.3444
4087 2.5908
4088 0.0000
4089 5.4819
4090 10.5004
4091 -6.3844
4092 -1.8363
4093 5.7507
4094 -4.0412
4095 0.0000
4096 2.5312
4097 4.0294
4098 9.9998
4099 6.3273
4100 3.3281
4101 1.7882
4102 0.0000
4103 -0.3288
4104 6.8083
4105 4.7063
4106 7.1209
4107 2.5326
4108 3.1310
4109 0.0000
4110 -0.9997
4111 1.4210
4112 1.3655
4113 3.4017
4114 6.2764
4115 -0.2708
4116 0.0000
4117 0.9718
4118 7.9902
4119 0.0025
4120 2.1750
4121 -4.3873
4122 1.2342
4123 0.0000
4124 -0.6261
4125 8.7609
4126 4.8300
4127 3.4864
4128 6.0625
4129 -0.9141
4130 0.0000
4131 -1.0975
4132 4.5496
4133 1.8236
4134 6.6286
4135 -3.1347
4136 -2.8379
4137 0.0000
4138 -3.7866
4139 1.3751
4140 0.0984
4141 4.7768
4142 0.0283
4143 3.9263
4144 0.0000
4145 0.1961
4146 6.6455
4147 10.4569
4148 0.6530
4149 5.7606
4150 7.1519
4151 0.0000
4152 -4.1023
4153 6.7857
4154 -2.7985
4155 4.0103
4156 4.2075
4157 4.8293
4158 0.0000
4159 4.0557
4160 5.6909
4161 4.7004
4162 -3.0138
4163 3.4223
4164 6.3595
4165 0.0000
4166 1.6219
4167 9.5421
4168 1.8393
4169 9.8567
4170 4.6426
4171 3.7086
4172 0.0000
4173 -5.0626
4174 -7.1062
4175 9.3699
4176 3.7905
4177 2.3737
4178 -4.7480
4179 0.0000
4180 4.1450
4181 0.0000
4182 5.6340
4183 0.0000
4184 -0.7157
4185 0.0000
4186 5.2815
4187 -0.9191
4188 0.0000
4189 11.2790
4190 -2.7679
4191 4.9227
4192 2.9381
4193 0.0000
4194 -0.8304
4195 -4.3090
4196 7.4400
4197 0.0000
4198 5.1222
4199 1.6482
4200 -1.7639
4201 0.0000
4202 -0.2873
4203 3.3950
4204 2.1766
4205 3.4063
4206 12.1180
4207 5.3837
4208 0.6243
4209 -0.6513
4210 6.0523
4211 0.0000
4212 3.3658
4213 4.7966
4214 -2.0424
4215 6.8332
4216 0.1288
4217 -2.4224
4218 0.0000
4219 -1.4976
4220 5.8424
4221 10.0767
4222 8.3637
4223 5.3057
4224 5.1937
4225 0.0000
4226 1.1427
4227 10.7464
4228 3.5195
4229 10.0697
4230 2.8768
4231 4.1928
4232 0.0000
4233 -1.1797
4234 -1.2290
4235 15.0983
4236 1.4599
4237 0.9413
4238 0.8426
4239 0.0000
4240 3.7387
4241 2.1285
4242 12.2089
4243 7.8392
4244 2.0208
4245 2.8648
4246 0.0000
4247 4.8182
4248 6.8488
4249 1.3459
4250 -0.3932
4251 7.6626
4252 8.0585
4253 0.0000
4254 -1.2145
4255 8.6085
4256 2.4152
4257 5.4123
4258 -8.3055
4259 -2.7463
4260 0.0000
4261 2.8102
4262 11.9566
4263 -4.3125
4264 3.6139
4265 0.6751
4266 8.9165
4267 0.0000
4268 5.3013
4269 10.1486
4270 0.7553
4271 2.6736
4272 -1.2003
4273 9.1893
4274 0.0000
4275 2.6360
4276 2.7965
4277 -3.3687
4278 3.6228
4279 -4.3551
4280 4.5934
4281 0.0000
4282 7.4034
4283 0.0678
4284 6.0668
4285 9.9225
4286 3.8102
4287 1.5955
4288 0.0000
4289 -4.6747
4290 1.8584
4291 0.0000
4292 -0.4977
4293 -5.5724
4294 1.4066
4295 1.7775
4296 -2.0880
4297 -3.2891
4298 -0.7005
4299 -0.1553
4300 0.0000
4301 4.7844
4302 2.0186
4303 0.0000
4304 7.2160
4305 0.0000
4306 -0.2341
4307 0.0000
4308 -1.5241
4309 0.8791
4310 0.0000
4311 5.2801
4312 0.7993
4313 0.0000
4314 10.8970
4315 12.0332
4316 5.5258
4317 0.0000
4318 1.7962
4319 7.8759
4320 0.0000
4321 4.4765
4322 3.6229
4323 1.0329
4324 0.0000
4325 1.1221
4326 3.1299
4327 0.0000
4328 5.6603
4329 6.1386
4330 6.6230
4331 0.0000
4332 1.9969
4333 7.0721
4334 0.0000
4335 2.1459
4336 -2.2176
4337 5.9653
4338 0.0000
4339 1.1100
4340 5.2925
4341 0.0000
4342 1.1719
4343 -2.1002
4344 -0.0556
4345 0.0000
4346 3.1647
4347 5.7780
4348 0.0000
4349 6.1061
4350 3.1514
4351 4.1875
4352 0.0000
4353 5.4895
4354 4.3816
4355 0.0000
4356 1.2521
4357 0.6803
4358 10.7811
4359 0.0000
4360 2.8653
4361 -3.4004
4362 0.0000
4363 7.1876
4364 3.7047
4365 -2.7328
4366 0.0000
4367 -1.8710
4368 -2.2512
4369 0.0000
4370 3.2296
4371 2.0431
4372 1.1854
4373 0.0000
4374 4.9607
4375 3.7329
4376 0.0000
4377 -3.2105
4378 0.4129
4379 3.3071
4380 0.0000
4381 -0.8859
4382 6.2033
4383 0.0000
4384 10.7414
4385 8.8616
4386 3.3164
4387 0.0000
4388 8.0550
4389 3.3170
4390 0.0000
4391 5.8662
4392 10.4105
4393 1.6236
4394 0.0000
4395 -0.3819
4396 7.3342
4397 0.0000
4398 2.4756
4399 5.7814
4400 8.8433
4401 0.0000
4402 0.3192
4403 5.0570
4404 0.0000
4405 -1.0640
4406 0.5043
4407 4.1704
4408 0.0000
4409 0.4198
4410 1.1199
4411 0.0000
4412 1.6385
4413 2.2388
4414 0.8410
4415 0.0000
4416 -0.5063
4417 -4.3998
4418 0.0000
4419 7.1273
4420 9.0806
4421 4.6204
4422 0.0000
4423 -2.5084
4424 0.0000
4425 8.8675
4426 0.0000
4427 6.0246
4428 12.4244
4429 0.0000
4430 4.4944
4431 0.0000
4432 1.2221
4433 0.0000
4434 2.2381
4435 5.0838
4436 3.5446
4437 0.0000
4438 5.0330
4439 -0.2560
4440 4.6145
4441 0.0000
4442 4.3345
4443 1.5541
4444 2.7683
4445 0.0000
4446 0.9002
4447 0.0000
4448 -1.0771
4449 0.0000
4450 6.2094
4451 9.6654
4452 0.0000
4453 1.8222
4454 0.0000
4455 6.2457
4456 3.2575
4457 5.1719
4458 -0.0678
4459 3.2181
4460 1.7864
4461 5.0507
4462 3.3328
4463 1.1128
4464 2.2251
4465 5.1329
4466 -1.8986
4467 9.4770
4468 1.6388
4469 5.2957
4470 7.3346
4471 0.0000
4472 1.8554
4473 0.4319
4474 4.7313
4475 3.2473
4476 3.7114
4477 -1.6992
4478 1.2079
4479 0.0133
4480 0.0000
4481 6.4692
4482 8.8403
4483 10.2310
4484 6.1149
4485 8.9863
4486 8.0379
4487 0.0000
4488 -4.0704
4489 9.8586
4490 10.9422
4491 0.0000
4492 5.5121
4493 1.1893
4494 5.0711
4495 2.5176
4496 2.9588
4497 13.8958
4498 1.0616
4499 8.9231
4500 0.0000
4501 0.5739
4502 5.6181
4503 -3.2396
4504 9.8484
4505 4.7532
4506 -2.0333
4507 0.0000
4508 3.9981
4509 2.6508
4510 2.4825
4511 0.0000
4512 1.9499
4513 -3.7445
4514 3.1524
4515 2.3936
4516 -0.8336
4517 11.6383
4518 4.9471
4519 7.7839
4520 0.0000
4521 5.1860
4522 -1.6932
4523 10.0570
4524 1.6376
4525 8.7288
4526 4.6922
4527 0.0000
4528 2.2158
4529 10.0369
4530 3.2202
4531 0.0000
4532 4.0702
4533 0.3152
4534 2.4018
4535 7.3448
4536 6.2758
4537 6.0917
4538 -1.8441
4539 0.3984
4540 0.0000
4541 7.6978
4542 -0.8822
4543 3.0279
4544 1.7147
4545 4.8596
4546 10.6427
4547 0.0000
4548 -4.5344
4549 5.8605
4550 1.4563
4551 2.6188
4552 8.9601
4553 7.1860
4554 11.2275
4555 7.2505
4556 2.4090
4557 5.4169
4558 -2.8162
4559 -2.5728
4560 2.1576
4561 2.8074
4562 0.0000
4563 8.9304
4564 -1.1347
4565 -0.6831
4566 4.5806
4567 7.6234
4568 13.5419
4569 7.8936
4570 5.7204
4571 0.0000
4572 9.6475
4573 4.6557
4574 2.5169
4575 -5.9184
4576 2.2680
4577 5.3355
4578 0.0000
4579 -2.4790
4580 6.5344
4581 -2.1281
4582 0.0000
4583 9.0788
4584 2.9060
4585 5.7064
4586 4.2010
4587 1.2845
4588 12.0029
4589 2.3979
4590 16.1361
4591 0.0000
4592 4.5679
4593 9.1907
4594 4.3123
4595 6.9729
4596 3.6560
4597 3.3200
4598 0.0000
4599 -1.2269
4600 -0.0509
4601 -0.9065
4602 0.0000
4603 -1.2810
4604 10.5050
4605 4.7678
4606 2.8459
4607 -2.3916
4608 -7.8022
4609 -1.9994
4610 2.0981
4611 0.0000
4612 7.1066
4613 3.2512
4614 -3.8027
4615 -1.1021
4616 1.3179
4617 -1.4030
4618 0.0000
4619 1.0187
4620 2.1383
4621 -1.1965
4622 0.0000
4623 0.8844
4624 -3.5212
4625 4.3955
4626 3.7378
4627 -1.9804
4628 -2.6886
4629 -2.0878
4630 1.8409
4631 0.0000
4632 -1.6134
4633 11.3872
4634 10.5145
4635 -4.2907
4636 5.1595
4637 1.0559
4638 0.0000
4639 -5.4574
4640 7.0613
4641 0.1999
4642 10.2725
4643 -0.7162
4644 -0.5765
4645 7.7665
4646 7.7403
4647 -0.4530
4648 1.3291
4649 -6.1420
4650 -5.7912
4651 1.0147
4652 -3.5774
4653 0.0000
4654 9.2363
4655 7.5576
4656 5.5388
4657 -4.8377
4658 -1.2100
4659 7.1881
4660 -0.4689
4661 5.8082
4662 0.0000
4663 1.2966
4664 8.6867
4665 2.3486
4666 6.5685
4667 3.0544
4668 5.5363
4669 0.0000
4670 -0.6985
4671 -4.0701
4672 1.0650
4673 0.0000
4674 -4.8637
4675 -1.2487
4676 4.9040
4677 5.1426
4678 1.7159
4679 10.0875
4680 10.4398
4681 13.2833
4682 0.0000
4683 3.8774
4684 -7.1697
4685 5.8526
4686 3.1734
4687 9.0499
4688 10.7813
4689 0.0000
4690 5.5387
4691 2.6352
4692 7.4412
4693 0.0000
4694 4.3370
4695 5.8735
4696 9.0225
4697 9.5700
4698 -5.3224
4699 7.2410
4700 -3.8228
4701 0.5364
4702 0.0000
4703 3.6737
4704 0.2501
4705 5.8142
4706 4.7163
4707 -1.3780
4708 -3.8038
4709 0.0000
4710 -0.7301
4711 3.7613
4712 -2.6137
4713 0.0000
4714 7.7549
4715 0.8296
4716 0.2945
4717 8.3887
4718 -3.2976
4719 5.6699
4720 -1.0920
4721 -1.4107
4722 0.0000
4723 8.7931
4724 -1.2512
4725 3.0016
4726 1.8607
4727 10.6186
4728 -1.3584
4729 0.0000
4730 1.7870
4731 12.2776
4732 0.1631
4733 2.5849
4734 6.6114
4735 4.1639
4736 3.5484
4737 -1.8682
4738 1.8351
4739 6.1025
4740 11.9012
4741 1.6806
4742 6.7167
4743 3.1715
4744 0.0000
4745 4.2363
4746 5.1080
4747 4.7808
4748 -2.7094
4749 0.7488
4750 -0.3518
4751 -3.0926
4752 4.1609
4753 0.0000
4754 9.7097
4755 -3.0451
4756 4.5996
4757 1.2455
4758 9.2053
4759 2.5081
4760 0.0000
4761 6.4375
4762 6.8743
4763 6.2067
4764 0.0000
4765 1.2812
4766 0.2422
4767 4.2435
4768 6.7554
4769 0.8639
4770 7.0851
4771 8.0322
4772 3.8149
4773 0.0000
4774 0.3416
4775 6.3058
4776 2.6191
4777 2.9838
4778 13.7751
4779 0.7341
4780 0.0000
4781 -0.6871
4782 5.2464
4783 5.9659
4784 0.0000
4785 1.3250
4786 -0.1332
4787 8.6836
4788 10.0631
4789 9.0329
4790 -0.3166
4791 -5.4157
4792 6.4830
4793 0.0000
4794 4.6504
4795 6.5955
4796 4.4917
4797 -4.8630
4798 9.8512
4799 2.3187
4800 0.0000
4801 -5.8981
4802 4.5725
4803 10.2231
4804 0.0000
4805 1.1417
4806 0.2147
4807 7.2557
4808 12.2714
4809 -0.1684
4810 6.0115
4811 7.8838
4812 11.2930
4813 0.0000
4814 10.2535
4815 2.7445
4816 10.3150
4817 6.5725
4818 -0.9051
4819 3.6833
4820 0.0000
4821 0.2739
4822 0.0000
4823 1.7025
4824 0.0000
4825 10.6013
4826 -2.9624
4827 2.9559
4828 2.3495
4829 1.8734
4830 4.9236
4831 -1.3394
4832 0.4105
4833 0.0000
4834 -3.1974
4835 10.0562
4836 -1.0690
4837 6.8965
4838 4.3606
4839 -8.1665
4840 0.0000
4841 0.5953
4842 3.8048
4843 4.7613
4844 -1.6716
4845 -0.5767
4846 3.9980
4847 0.0000
4848 -0.4695
4849 2.4604
4850 9.5370
4851 1.6418
4852 3.2002
4853 -0.1665
4854 0.0000
4855 -0.3372
4856 7.4200
4857 0.2239
4858 3.4730
4859 2.9015
4860 -5.7134
4861 0.0000
4862 -2.0076
4863 0.9706
4864 10.1957
4865 14.4534
4866 2.1841
4867 5.9907
4868 0.0000
4869 -1.0625
4870 6.6403
4871 6.3339
4872 7.3512
4873 3.7519
4874 2.9108
4875 0.0000
4876 -0.2980
4877 -1.2569
4878 5.1560
4879 4.7214
4880 5.7081
4881 2.7529
4882 0.0000
4883 3.7579
4884 10.8771
4885 7.1126
4886 0.8504
4887 13.2170
4888 10.1430
4889 0.0000
4890 4.2240
4891 8.3578
4892 6.3108
4893 7.7236
4894 5.0895
4895 6.6960
4896 0.0000
4897 -2.4887
4898 4.5759
4899 3.4205
4900 4.9908
4901 9.4850
4902 0.4434
4903 0.0000
4904 0.7110
4905 5.1153
4906 6.1746
4907 8.4614
4908 7.2396
4909 -3.1785
4910 0.0000
4911 2.8569
4912 2.9721
4913 12.4098
4914 3.1207
4915 7.1958
4916 1.5112
4917 0.0000
4918 -1.7943
4919 6.3963
4920 2.2262
4921 12.7067
4922 3.1563
4923 8.6719
4924 0.0000
4925 0.5932
4926 4.5652
4927 2.8084
4928 6.0390
4929 12.6436
4930 5.2523
4931 0.0000
4932 2.5774
4933 6.1319
4934 0.2421
4935 5.5872
4936 0.5538
4937 0.6215
4938 0.0000
4939 -2.6972
4940 0.0000
4941 5.0300
4942 0.0000
4943 0.8443
4944 0.0000
4945 9.6463
4946 0.1056
4947 0.0000
4948 9.0689
4949 6.9764
4950 -0.3736
4951 3.1760
4952 0.0000
4953 2.3531
4954 2.8240
4955 7.2173
4956 0.0000
4957 5.9247
4958 8.0261
4959 0.5594
4960 0.0000
4961 4.8955
4962 2.4112
4963 -0.3816
4964 3.9155
4965 4.8268
4966 2.6763
4967 0.8366
4968 3.9744
4969 4.1506
4970 0.0000
4971 2.6577
4972 4.3601
4973 8.6839
4974 8.9506
4975 1.3139
4976 3.3108
4977 0.0000
4978 -1.8102
4979 11.1026
4980 5.8136
4981 3.5616
4982 -0.8506
4983 2.4694
4984 0.0000
4985 0.4111
4986 7.1608
4987 7.9590
4988 4.4395
4989 7.7149
4990 5.4432
4991 0.0000
4992 9.1934
4993 0.9054
4994 8.3688
4995 3.3137
4996 1.6125
4997 12.9460
4998 0.0000
4999 9.8350
5000 3.6774
5001 3.7222
5002 6.9679
5003 3.6510
5004 3.1747
5005 0.0000
5006 7.5275
5007 -2.1744
5008 6.4494
5009 4.6827
5010 11.7397
5011 8.2005
5012 0.0000
5013 5.9364
5014 9.9988
5015 8.6060
5016 4.4328
5017 8.0779
5018 10.4055
5019 0.0000
5020 4.2608
5021 -1.9224
5022 3.8959
5023 -2.1233
5024 3.6899
5025 1.1486
5026 0.0000
5027 4.4691
5028 0.0333
5029 5.8696
5030 3.8888
5031 3.6807
5032 4.1371
5033 0.0000
5034 5.5972
5035 -2.9785
5036 0.2200
5037 4.5406
5038 7.7771
5039 1.1793
5040 0.0000
5041 3.3707
5042 2.1712
5043 12.7145
5044 3.8667
5045 -0.7903
5046 1.2656
5047 0.0000
5048 -2.6187
5049 5.7715
5050 0.0000
5051 4.0068
5052 -0.1442
5053 3.3585
5054 0.6704
5055 -6.8091
5056 -1.1534
5057 8.5858
5058 4.2884
5059 0.0000
5060 9.3076
5061 1.9079
5062 0.0000
5063 3.0835
5064 0.0000
5065 3.9259
5066 0.0000
5067 -3.7212
5068 2.3971
5069 0.0000
5070 1.9195
5071 2.2573
5072 0.0000
5073 3.2996
5074 8.2816
5075 5.2656
5076 0.0000
5077 0.5568
5078 -1.1682
5079 0.0000
5080 7.9956
5081 9.2360
5082 -2.4708
5083 0.0000
5084 1.8095
5085 6.5877
5086 0.0000
5087 3.9061
5088 -2.1212
5089 0.6693
5090 0.0000
5091 -0.7999
5092 2.5421
5093 0.0000
5094 1.2213
5095 7.7380
5096 5.8276
5097 0.0000
5098 1.2058
5099 -6.8428
5100 0.0000
5101 7.7471
5102 16.9249
5103 2.5095
5104 0.0000
5105 -3.4353
5106 0.6465
5107 0.0000
5108 2.6075
5109 9.6965
5110 9.4680
5111 0.0000
5112 7.5007
5113 -0.1707
5114 0.0000
5115 -1.7409
5116 8.9898
5117 0.5335
5118 0.0000
5119 3.5101
5120 12.7528
5121 0.0000
5122 -5.4920
5123 0.0821
5124 -0.2570
5125 0.0000
5126 2.9550
5127 7.2116
5128 0.0000
5129 2.1770
5130 -1.3209
5131 10.3383
5132 0.0000
5133 1.2398
5134 8.0785
5135 0.0000
5136 2.4909
5137 1.6457
5138 7.5803
5139 0.0000
5140 6.9050
5141 -0.3645
5142 0.0000
5143 -1.8246
5144 3.0382
5145 5.2674
5146 0.0000
5147 2.4964
5148 1.9467
5149 0.0000
5150 4.0968
5151 0.2720
5152 5.3577
5153 0.0000
5154 5.9209
5155 8.4957
5156 0.0000
5157 2.8990
5158 1.4281
5159 6.4675
5160 0.0000
5161 2.4745
5162 0.5266
5163 0.0000
5164 5.9691
5165 9.5680
5166 4.5724
5167 0.0000
5168 6.9205
5169 6.8076
5170 0.0000
5171 6.6599
5172 8.2225
5173 1.4271
5174 0.0000
5175 4.3744
5176 1.3673
5177 0.0000
5178 5.0325
5179 4.7065
5180 0.9136
5181 0.0000
5182 -6.2702
5183 0.0000
5184 0.0588
5185 0.0000
5186 5.8534
5187 5.4724
5188 0.0000
5189 4.6631
5190 0.0000
5191 6.8628
5192 0.0000
5193 6.4423
5194 11.0375
5195 7.9441
5196 0.0000
5197 1.0146
5198 6.3375
5199 1.0127
5200 0.0000
5201 10.9019
5202 6.3694
5203 -1.2467
5204 0.0000
5205 8.1748
5206 0.0000
5207 6.7603
5208 0.0000
5209 1.6160
5210 4.1198
5211 0.0000
5212 -5.4938
5213 0.0000
5214 3.8694
5215 -2.5795
5216 1.3438
5217 5.3882
5218 -7.3355
5219 -0.8382
5220 4.8567
5221 5.0166
5222 4.8776
5223 8.5912
5224 9.7041
5225 3.3696
5226 7.5529
5227 -0.3685
5228 -1.7354
5229 2.6222
5230 0.0000
5231 8.3384
5232 1.7700
5233 4.4355
5234 1.1854
5235 2.1411
5236 -1.3758
5237 1.9253
5238 -4.2275
5239 0.0000
5240 0.7561
5241 8.7078
5242 11.5355
5243 4.0473
5244 -0.5997
5245 3.7041
5246 0.0000
5247 -1.7348
5248 8.7397
5249 4.0678
5250 0.0000
5251 0.3382
5252 -1.2761
5253 3.3689
5254 2.1154
5255 5.4158
5256 -8.9822
5257 1.6265
5258 9.6710
5259 0.0000
5260 9.2163
5261 4.0610
5262 11.8141
5263 -0.0860
5264 -3.2020
5265 -1.4977
5266 0.0000
5267 -3.1141
5268 6.9361
5269 -2.9780
5270 0.0000
5271 4.6962
5272 4.0336
5273 12.3201
5274 0.8274
5275 -3.5759
5276 -1.5441
5277 2.7870
5278 3.6517
5279 0.0000
5280 1.2169
5281 -3.7861
5282 4.8494
5283 5.3966
5284 14.1738
5285 3.5681
5286 0.0000
5287 -1.9715
5288 7.1404
5289 3.0568
5290 0.0000
5291 4.1742
5292 6.1273
5293 -3.8784
5294 2.2403
5295 12.9471
5296 -4.2805
5297 -1.7631
5298 4.1618
5299 0.0000
5300 4.9124
5301 6.6170
5302 1.5021
5303 2.3594
5304 10.6516
5305 8.4729
5306 0.0000
5307 0.4318
5308 8.7563
5309 7.1886
5310 10.5161
5311 6.0476
5312 7.2368
5313 3.7521
5314 8.9683
5315 9.5713
5316 -1.5474
5317 8.8051
5318 2.8314
5319 5.2998
5320 1.0456
5321 0.0000
5322 -0.4262
5323 -6.7812
5324 1.0989
5325 4.6984
5326 8.4777
5327 6.7552
5328 1.5913
5329 2.5476
5330 0.0000
5331 2.8713
5332 3.1485
5333 2.4201
5334 2.2261
5335 2.5091
5336 10.6499
5337 0.0000
5338 6.1714
5339 3.5077
5340 -1.4283
5341 0.0000
5342 0.4295
5343 -7.1091
5344 0.3012
5345 1.7135
5346 -0.8928
5347 4.9359
5348 2.6764
5349 2.3098
5350 0.0000
5351 2.1061
5352 4.8803
5353 1.1929
5354 -2.5512
5355 13.4093
5356 -0.4120
5357 0.0000
5358 8.0532
5359 0.7292
5360 6.5437
5361 0.0000
5362 5.2697
5363 -0.9355
5364 -2.0656
5365 6.5634
5366 0.3777
5367 -0.4309
5368 -2.4772
5369 1.9429
5370 0.0000
5371 11.3346
5372 -3.5229
5373 1.2312
5374 4.0293
5375 5.1963
5376 7.0470
5377 0.0000
5378 -6.9124
5379 2.7215
5380 0.8664
5381 0.0000
5382 -0.4635
5383 -3.1105
5384 6.2155
5385 6.7631
5386 -1.5231
5387 5.5633
5388 7.5751
5389 6.0269
5390 0.0000
5391 -2.3997
5392 11.7777
5393 5.8229
5394 8.4654
5395 0.3630
5396 5.4731
5397 0.0000
5398 0.6166
5399 4.8520
5400 2.4899
5401 6.2440
5402 1.1413
5403 2.7848
5404 6.9382
5405 5.3699
5406 9.5368
5407 3.3386
5408 7.5837
5409 3.7765
5410 4.3907
5411 4.8133
5412 0.0000
5413 8.4733
5414 10.3337
5415 7.0941
5416 -2.5467
5417 -1.9171
5418 -0.5302
5419 -2.7660
5420 0.0624
5421 0.0000
5422 4.5418
5423 4.9681
5424 5.0259
5425 6.5048
5426 6.8200
5427 -2.2998
5428 0.0000
5429 1.0067
5430 6.7211
5431 5.4091
5432 0.0000
5433 5.9204
5434 -1.6940
5435 7.9425
5436 0.7533
5437 0.9217
5438 8.4528
5439 2.6425
5440 8.8804
5441 0.0000
5442 7.4344
5443 8.6080
5444 8.9803
5445 4.0497
5446 3.2113
5447 2.9313
5448 0.0000
5449 4.2214
5450 8.5052
5451 1.7126
5452 0.0000
5453 5.5587
5454 0.4976
5455 6.1912
5456 5.9924
5457 2.5027
5458 -2.6909
5459 8.1763
5460 5.8860
5461 0.0000
5462 3.3816
5463 5.1751
5464 11.0180
5465 -0.6935
5466 -1.7811
5467 1.2362
5468 0.0000
5469 -1.1923
5470 10.7590
5471 -1.1207
5472 0.0000
5473 -1.6351
5474 -1.4263
5475 5.1642
5476 7.6760
5477 -2.6742
5478 6.0767
5479 -1.3733
5480 6.2601
5481 0.0000
5482 3.5248
5483 6.5159
5484 -2.8988
5485 0.5742
5486 13.3314
5487 5.5505
5488 0.0000
5489 -1.3784
5490 -1.2717
5491 3.4627
5492 -0.5735
5493 2.3981
5494 1.6319
5495 16.1633
5496 6.1453
5497 7.8324
5498 10.9513
5499 6.7749
5500 0.4669
5501 13.1906
5502 2.5522
5503 0.0000
5504 6.2374
5505 -3.7329
5506 3.7465
5507 5.8201
5508 -3.8826
5509 6.1101
5510 -3.2003
5511 7.5364
5512 0.0000
5513 6.6975
5514 4.9103
5515 7.8685
5516 9.7449
5517 7.0037
5518 6.2715
5519 0.0000
5520 1.9338
5521 5.9569
5522 -0.7527
5523 0.0000
5524 6.8436
5525 3.3670
5526 2.6716
5527 -0.0516
5528 -0.8618
5529 1.8584
5530 -2.4461
5531 -2.4720
5532 0.0000
5533 3.1413
5534 -0.2689
5535 9.8749
5536 -0.5763
5537 -2.4258
5538 5.9955
5539 0.0000
5540 6.6482
5541 2.2947
5542 4.4466
5543 0.0000
5544 -0.5637
5545 -12.1935
5546 3.5012
5547 3.5379
5548 -1.4630
5549 5.5935
5550 10.2342
5551 3.2344
5552 0.0000
5553 -0.8772
5554 7.0086
5555 11.4169
5556 4.4022
5557 4.0294
5558 1.2208
5559 0.0000
5560 3.3215
5561 -4.5102
5562 3.7880
5563 0.0000
5564 3.4340
5565 -6.8133
5566 9.8770
5567 0.6075
5568 -2.2749
5569 6.6322
5570 8.5579
5571 2.4665
5572 0.0000
5573 9.4353
5574 -1.3226
5575 -0.0886
5576 5.2502
5577 0.6216
5578 -0.1550
5579 0.0000
5580 2.5005
5581 0.0000
5582 10.7521
5583 0.0000
5584 12.4182
5585 3.7932
5586 0.4052
5587 5.3137
5588 6.4255
5589 3.7854
5590 -1.9076
5591 -5.0570
5592 0.0000
5593 -1.8671
5594 0.9942
5595 4.2506
5596 9.2053
5597 1.6376
5598 6.4508
5599 0.0000
5600 -1.8404
5601 4.6531
5602 3.6268
5603 4.1910
5604 -0.0874
5605 4.5703
5606 0.0000
5607 7.4790
5608 3.6011
5609 6.7987
5610 3.0935
5611 -6.6094
5612 -1.0109
5613 0.0000
5614 0.4961
5615 -1.5656
5616 6.2565
5617 -0.8780
5618 10.6742
5619 6.0092
5620 0.0000
5621 2.8281
5622 1.9516
5623 2.5904
5624 4.2514
5625 7.5006
5626 -3.1799
5627 0.0000
5628 2.8664
5629 11.6273
5630 6.2736
5631 3.8196
5632 14.3467
5633 6.2883
5634 0.0000
5635 4.1453
5636 4.2121
5637 -0.1087
5638 0.6458
5639 4.5033
5640 10.2366
5641 0.0000
5642 -1.5238
5643 6.7870
5644 1.0410
5645 -0.2507
5646 2.3372
5647 0.2403
5648 0.0000
5649 -7.9118
5650 4.0059
5651 5.0323
5652 2.8229
5653 12.8238
5654 -3.7939
5655 0.0000
5656 -0.4265
5657 5.5195
5658 6.2616
5659 -0.3905
5660 -0.6613
5661 1.6712
5662 0.0000
5663 10.0545
5664 -2.9483
5665 11.1000
5666 7.6751
5667 1.4413
5668 5.4399
5669 0.0000
5670 3.2256
5671 -0.4406
5672 7.5183
5673 2.9396
5674 -0.1349
5675 -0.3128
5676 0.0000
5677 -3.8317
5678 3.1239
5679 7.7885
5680 5.5939
5681 2.5736
5682 7.9303
5683 0.0000
5684 9.6571
5685 11.3181
5686 -0.8962
5687 5.4025
5688 2.4444
5689 8.8045
5690 0.0000
5691 5.5336
5692 0.1826
5693 5.9838
5694 6.0421
5695 -2.1407
5696 0.5529
5697 0.0000
5698 8.3994
5699 0.0000
5700 1.1894
5701 0.0000
5702 5.5497
5703 0.0000
5704 -2.1492
5705 1.3214
5706 0.0000
5707 5.5741
5708 3.9140
5709 8.7254
5710 0.8869
5711 0.0000
5712 -1.0509
5713 10.9398
5714 2.8213
5715 0.0000
5716 -2.8835
5717 5.6240
5718 4.7355
5719 0.0000
5720 0.4922
5721 1.2905
5722 -3.2770
5723 5.0800
5724 5.8052
5725 -1.0306
5726 7.1114
5727 -3.3605
5728 4.7236
5729 0.0000
5730 1.6505
5731 10.9434
5732 2.4059
5733 6.4649
5734 -1.1655
5735 1.9009
5736 0.0000
5737 1.8027
5738 9.4687
5739 3.3883
5740 1.6399
5741 5.3900
5742 7.1664
5743 0.0000
5744 -7.2694
5745 9.7325
5746 -1.6234
5747 -2.5190
5748 -0.5301
5749 -5.0003
5750 0.0000
5751 -1.6549
5752 9.5136
5753 3.5323
5754 -0.6868
5755 2.0096
5756 6.6868
5757 0.0000
5758 4.1302
5759 7.4172
5760 9.9389
5761 -0.3744
5762 -3.4681
5763 3.9752
5764 0.0000
5765 -5.8401
5766 7.7459
5767 5.1055
5768 7.1487
5769 0.8918
5770 1.0937
5771 0.0000
5772 1.8915
5773 2.7047
5774 2.1406
5775 -2.2676
5776 10.3433
5777 6.0179
5778 0.0000
5779 -1.1349
5780 -3.3709
5781 9.7891
5782 0.9228
5783 -0.5881
5784 -2.4226
5785 0.0000
5786 -0.0129
5787 4.3096
5788 10.1082
5789 10.6457
5790 0.9748
5791 0.0609
5792 0.0000
5793 -0.4212
5794 6.8250
5795 -3.1537
5796 3.3148
5797 4.0230
5798 3.6665
5799 0.0000
5800 1.8121
5801 2.7556
5802 2.4411
5803 3.6592
5804 11.5003
5805 -3.8616
5806 0.0000
5807 5.2441
5808 1.7501
5809 0.0000
5810 -1.3849
5811 1.0214
5812 2.3934
5813 0.8598
5814 -1.5337
5815 9.9257
5816 9.9130
5817 7.6227
5818 0.0000
5819 0.7358
5820 3.3625
5821 0.0000
5822 4.8876
5823 0.0000
5824 3.9172
5825 0.0000
5826 7.2050
5827 -1.5933
5828 0.0000
5829 5.3307
5830 -1.8775
5831 0.0000
5832 2.9167
5833 10.9773
5834 -1.9049
5835 0.0000
5836 -2.3517
5837 2.6388
5838 0.0000
5839 2.3734
5840 12.8863
5841 -4.3434
5842 0.0000
5843 0.2139
5844 1.0919
5845 0.0000
5846 7.1099
5847 6.5209
5848 2.3781
5849 0.0000
5850 0.0772
5851 3.8154
5852 0.0000
5853 3.3857
5854 6.1486
5855 7.8636
5856 0.0000
5857 -3.7795
5858 7.4430
5859 0.0000
5860 -0.8629
5861 5.9134
5862 3.4355
5863 0.0000
5864 -4.5922
5865 7.1535
5866 0.0000
5867 10.2211
5868 1.9325
5869 4.7853
5870 0.0000
5871 0.3586
5872 7.4889
5873 0.0000
5874 13.7623
5875 10.4676
5876 7.4464
5877 0.0000
5878 7.0560
5879 11.3087
5880 0.0000
5881 4.6670
5882 3.5650
5883 0.3402
5884 0.0000
5885 7.9805
5886 3.1616
5887 0.0000
5888 -1.3314
5889 1.0148
5890 3.9582
5891 0.0000
5892 6.6317
5893 12.1585
5894 0.0000
5895 9.0699
5896 -6.4332
5897 9.0846
5898 0.0000
5899 3.3652
5900 0.9855
5901 0.0000
5902 10.3602
5903 13.3423
5904 6.1800
5905 0.0000
5906 -3.7115
5907 6.2283
5908 0.0000
5909 2.8064
5910 6.8540
5911 3.1124
5912 0.0000
5913 -3.7684
5914 4.9646
5915 0.0000
5916 6.1848
5917 9.3850
5918 6.0126
5919 0.0000
5920 1.5832
5921 2.8585
5922 0.0000
5923 1.2835
5924 16.1620
5925 8.1627
5926 0.0000
5927 -1.2064
5928 7.0836
5929 0.0000
5930 8.7578
5931 6.8767
5932 9.8947
5933 0.0000
5934 -0.5483
5935 9.1423
5936 0.0000
5937 10.8201
5938 -4.4455
5939 2.5565
5940 0.0000
5941 -4.5194
5942 0.0000
5943 7.5155
5944 0.0000
5945 2.6121
5946 7.2379
5947 0.0000
5948 6.8546
5949 0.0000
5950 -0.2222
5951 0.0000
5952 7.1294
5953 6.8140
5954 -0.5995
5955 0.0000
5956 12.0946
5957 6.6607
5958 5.7565
5959 0.0000
5960 -1.9142
5961 0.4652
5962 2.9774
5963 0.0000
5964 1.3389
5965 0.0000
5966 -3.7421
5967 0.0000
5968 -6.8895
5969 10.7173
5970 0.0000
5971 2.0623
5972 0.0000
5973 1.7718
5974 -0.5909
5975 -1.4361
5976 8.7679
5977 6.6027
5978 1.8124
5979 2.3605
5980 1.5005
5981 10.4977
5982 0.2652
5983 0.8084
5984 -0.7131
5985 3.1822
5986 4.6975
5987 7.4251
5988 13.1351
5989 0.0000
5990 5.0453
5991 -1.3484
5992 -0.5834
5993 9.6816
5994 2.8507
5995 10.5207
5996 -1.8453
5997 10.4467
5998 0.0000
5999 4.4380
6000 6.5767
6001 6.3371
6002 7.9316
6003 6.3351
6004 1.3991
6005 0.0000
6006 4.9954
6007 6.1735
6008 6.7370
6009 0.0000
6010 4.5280
6011 -3.3013
6012 3.5462
6013 6.4337
6014 -4.5692
6015 2.2462
6016 3.6818
6017 3.6648
6018 0.0000
6019 4.3438
6020 6.1466
6021 7.4410
6022 3.7691
6023 1.8432
6024 8.7794
6025 0.0000
6026 0.0912
6027 5.7559
6028 8.2614
6029 0.0000
6030 6.4848
6031 2.8800
6032 4.1119
6033 0.2055
6034 -0.9972
6035 7.0582
6036 -0.1483
6037 -4.0391
6038 0.0000
6039 5.4091
6040 -1.8119
6041 -1.0388
6042 -1.4409
6043 6.9396
6044 6.3354
6045 0.0000
6046 2.5585
6047 6.5900
6048 6.1490
6049 0.0000
6050 6.8655
6051 3.6019
6052 2.6169
6053 12.6190
6054 -2.9990
6055 7.0995
6056 6.9389
6057 -0.0850
6058 0.0000
6059 1.8363
6060 8.1997
6061 6.5704
6062 7.4215
6063 7.6683
6064 -6.0451
6065 0.0000
6066 1.8631
6067 10.3009
6068 4.8958
6069 5.5448
6070 12.9457
6071 9.3559
6072 7.9190
6073 0.4571
6074 0.9403
6075 4.0606
6076 10.2938
6077 5.7840
6078 3.9151
6079 9.0106
6080 0.0000
6081 6.0891
6082 1.8940
6083 3.3509
6084 4.1291
6085 0.8119
6086 -0.9189
6087 4.9880
6088 1.2414
6089 0.0000
6090 7.3611
6091 -2.0334
6092 4.0059
6093 8.3927
6094 6.5070
6095 10.3256
6096 0.0000
6097 -9.0357
6098 3.8348
6099 -0.6391
6100 0.0000
6101 4.4694
6102 -2.6033
6103 -2.7718
6104 3.0518
6105 -3.4612
6106 1.2272
6107 1.0633
6108 0.6238
6109 0.0000
6110 11.8472
6111 3.0902
6112 5.3157
6113 4.6394
6114 -0.7915
6115 -0.5754
6116 0.0000
6117 3.7473
6118 -3.0720
6119 0.9486
6120 0.0000
6121 -5.0515
6122 -0.5136
6123 9.5230
6124 2.4759
6125 2.6978
6126 1.3396
6127 -1.9709
6128 7.3882
6129 0.0000
6130 4.7923
6131 0.0447
6132 7.1448
6133 2.8189
6134 -0.9643
6135 1.6472
6136 0.0000
6137 -1.6162
6138 -1.0396
6139 14.1656
6140 0.0000
6141 1.1201
6142 0.7077
6143 2.3952
6144 10.8196
6145 3.5255
6146 0.1193
6147 1.2609
6148 3.2105
6149 0.0000
6150 4.3237
6151 5.4096
6152 6.5099
6153 3.2636
6154 3.1878
6155 10.0935
6156 0.0000
6157 1.3502
6158 6.5633
6159 4.9574
6160 4.5591
6161 5.2334
6162 3.3163
6163 1.5220
6164 3.2938
6165 7.2153
6166 2.1836
6167 7.7640
6168 0.2034
6169 -1.4088
6170 -1.9266
6171 0.0000
6172 6.3959
6173 0.6743
6174 -1.2912
6175 9.6048
6176 3.3073
6177 -2.0229
6178 -5.7616
6179 12.7170
6180 0.0000
6181 0.8907
6182 6.5944
6183 7.4682
6184 -2.2684
6185 10.8684
6186 3.2462
6187 0.0000
6188 -4.4549
6189 1.6124
6190 1.0056
6191 0.0000
6192 3.2898
6193 -0.4311
6194 -2.1472
6195 0.9994
6196 -3.3837
6197 -0.4137
6198 0.1534
6199 0.7821
6200 0.0000
6201 2.7969
6202 10.2005
6203 4.7063
6204 6.0375
6205 6.6529
6206 3.9880
6207 0.0000
6208 2.5117
6209 -4.8558
6210 6.7968
6211 0.0000
6212 0.1447
6213 1.5991
6214 4.0319
6215 11.7214
6216 -0.5723
6217 7.7179
6218 8.1344
6219 8.3814
6220 0.0000
6221 0.8329
6222 9.2049
6223 7.0395
6224 5.2994
6225 8.4311
6226 5.1545
6227 0.0000
6228 0.4298
6229 2.5643
6230 3.8600
6231 0.0000
6232 1.1612
6233 0.0083
6234 8.8939
6235 8.9510
6236 -6.1760
6237 17.1266
6238 7.1783
6239 3.0694
6240 0.0000
6241 2.5780
6242 4.0819
6243 2.9659
6244 0.6775
6245 8.1487
6246 5.2996
6247 0.0000
6248 3.4902
6249 -1.2262
6250 1.6239
6251 -2.0207
6252 5.4881
6253 -1.0649
6254 12.8967
6255 0.7938
6256 1.2161
6257 2.7907
6258 7.5749
6259 4.6823
6260 6.2812
6261 8.6917
6262 0.0000
6263 10.3453
6264 -0.2731
6265 3.5761
6266 7.5946
6267 -2.7820
6268 6.8832
6269 9.8703
6270 4.3070
6271 0.0000
6272 3.0758
6273 -0.6601
6274 4.6140
6275 4.5963
6276 3.7009
6277 8.9727
6278 0.0000
6279 4.7058
6280 5.1479
6281 6.3927
6282 0.0000
6283 5.7758
6284 -0.8783
6285 -6.0726
6286 -2.5419
6287 5.0057
6288 0.7589
6289 2.6671
6290 3.2567
6291 0.0000
6292 -4.6566
6293 3.7943
6294 4.1662
6295 -2.9530
6296 7.0086
6297 3.3009
6298 0.0000
6299 -1.8749
6300 0.6414
6301 7.7239
6302 0.0000
6303 9.4758
6304 0.9330
6305 5.7171
6306 12.4974
6307 -1.8784
6308 8.2113
6309 3.5133
6310 1.6188
6311 0.0000
6312 3.5819
6313 4.3092
6314 5.3695
6315 3.9010
6316 9.9595
6317 6.3070
6318 0.0000
6319 3.7325
6320 1.4120
6321 4.8044
6322 0.0000
6323 -1.4184
6324 0.4826
6325 0.6178
6326 1.1985
6327 1.2142
6328 8.8554
6329 -2.3820
6330 -0.2850
6331 0.0000
6332 3.6121
6333 3.7437
6334 8.8855
6335 0.0791
6336 3.6068
6337 2.1053
6338 0.0000
6339 -2.0404
6340 0.0000
6341 6.5888
6342 0.0000
6343 2.4636
6344 1.0763
6345 -1.3564
6346 -2.8030
6347 3.5246
6348 6.7279
6349 4.1935
6350 9.5577
6351 0.0000
6352 9.4968
6353 2.7383
6354 -1.7791
6355 15.1209
6356 -3.4168
6357 -2.0222
6358 0.0000
6359 7.2170
6360 -3.3087
6361 2.0589
6362 2.9691
6363 4.4466
6364 1.5054
6365 0.0000
6366 -3.6941
6367 5.0929
6368 6.5378
6369 -1.6970
6370 3.8877
6371 5.2930
6372 0.0000
6373 -1.4289
6374 7.3419
6375 4.5571
6376 7.9369
6377 1.3574
6378 2.5822
6379 0.0000
6380 -4.0938
6381 7.7523
6382 -3.6521
6383 5.7888
6384 1.1859
6385 4.7578
6386 0.0000
6387 4.7449
6388 4.9368
6389 2.7932
6390 -4.1584
6391 5.4236
6392 1.8705
6393 0.0000
6394 -1.0659
6395 5.6138
6396 4.8975
6397 -1.0276
6398 2.3302
6399 -3.9608
6400 0.0000
6401 3.2187
6402 5.4183
6403 11.5189
6404 8.4008
6405 5.0099
6406 4.4326
6407 0.0000
6408 1.5128
6409 6.4625
6410 3.9200
6411 6.9183
6412 7.2501
6413 4.0109
6414 0.0000
6415 7.1623
6416 7.6448
6417 5.1365
6418 4.0983
6419 0.0898
6420 -0.7182
6421 0.0000
6422 2.9286
6423 0.2955
6424 8.1961
6425 14.7421
6426 1.5474
6427 0.7797
6428 0.0000
6429 4.1697
6430 4.3713
6431 4.0741
6432 9.2952
6433 9.5595
6434 8.7212
6435 0.0000
6436 6.9644
6437 -4.5747
6438 -3.2650
6439 10.3459
6440 -3.2406
6441 5.6891
6442 0.0000
6443 0.2526
6444 0.6234
6445 4.6184
6446 10.5726
6447 4.8575
6448 2.3716
6449 0.0000
6450 1.6139
6451 9.3610
6452 3.8703
6453 1.4595
6454 -3.9147
6455 -1.5920
6456 0.0000
6457 1.2628
6458 0.0000
6459 6.3668
6460 0.0000
6461 8.5470
6462 0.0000
6463 1.5962
6464 0.4294
6465 0.0000
6466 3.5595
6467 4.6744
6468 5.0568
6469 -1.0328
6470 0.0000
6471 1.8060
6472 7.8027
6473 7.2809
6474 0.0000
6475 -2.5336
6476 7.1175
6477 7.8313
6478 0.0000
6479 -0.1349
6480 10.4160
6481 -1.4916
6482 2.2494
6483 5.3778
6484 0.2480
6485 -1.7010
6486 2.2166
6487 6.0237
6488 0.0000
6489 -2.2096
6490 8.0648
6491 0.7828
6492 -1.0449
6493 7.6979
6494 -5.4441
6495 0.0000
6496 1.8432
6497 -2.9537
6498 5.3073
6499 -1.8128
6500 1.9434
6501 2.5526
6502 0.0000
6503 4.7796
6504 15.9976
6505 4.2100
6506 4.2349
6507 -2.6842
6508 8.3027
6509 0.0000
6510 2.2744
6511 1.3492
6512 4.4700
6513 2.5141
6514 5.1252
6515 2.0108
6516 0.0000
6517 7.9419
6518 8.1894
6519 3.4068
6520 7.8025
6521 -1.9230
6522 1.2925
6523 0.0000
6524 -3.1100
6525 -0.4398
6526 9.5380
6527 5.5931
6528 9.3707
6529 3.6888
6530 0.0000
6531 -5.0691
6532 0.4604
6533 -0.6019
6534 1.6765
6535 0.0424
6536 6.0192
6537 0.0000
6538 -3.4457
6539 -0.2414
6540 6.1683
6541 2.9263
6542 -5.5532
6543 9.4888
6544 0.0000
6545 0.1363
6546 2.3648
6547 10.2879
6548 4.1604
6549 2.9649
6550 7.5270
6551 0.0000
6552 -0.0455
6553 1.5016
6554 0.0395
6555 -4.6481
6556 4.0395
6557 11.4119
6558 0.0000
6559 -1.1379
6560 3.5640
6561 0.8573
6562 3.3611
6563 -4.5764
6564 -6.3256
6565 0.0000
6566 4.5376
6567 -2.5716
6568 0.0000
6569 3.7673
6570 -1.6142
6571 1.4519
6572 5.8669
6573 6.5538
6574 -0.8104
6575 -9.2686
6576 7.1501
6577 0.0000
6578 12.4640
6579 -3.9772
6580 0.0000
6581 9.2172
6582 0.0000
6583 -3.5779
6584 0.0000
6585 2.5409
6586 0.1945
6587 0.0000
6588 3.7042
6589 3.4688
6590 0.0000
6591 1.9179
6592 3.2153
6593 2.2675
6594 0.0000
6595 -8.5920
6596 2.4042
6597 0.0000
6598 6.0290
6599 4.0291
6600 1.2651
6601 0.0000
6602 2.7842
6603 5.6541
6604 0.0000
6605 7.9188
6606 7.3559
6607 -2.1663
6608 0.0000
6609 -3.1187
6610 7.2432
6611 0.0000
6612 8.1903
6613 1.2106
6614 4.9693
6615 0.0000
6616 7.2279
6617 3.7172
6618 0.0000
6619 6.0633
6620 1.8720
6621 10.6878
6622 0.0000
6623 -3.6940
6624 -4.7983
6625 0.0000
6626 4.2464
6627 -4.1098
6628 6.4570
6629 0.0000
6630 -6.9504
6631 -2.6177
6632 0.0000
6633 7.4596
6634 -0.4198
6635 3.4906
6636 0.0000
6637 -3.2476
6638 -0.1540
6639 0.0000
6640 13.5229
6641 3.7277
6642 8.1495
6643 0.0000
6644 3.5926
6645 8.5449
6646 0.0000
6647 0.3895
6648 0.5160
6649 3.8630
6650 0.0000
6651 11.2257
6652 5.8095
6653 0.0000
6654 7.3350
6655 0.5032
6656 3.8073
6657 0.0000
6658 -1.6577
6659 0.9585
6660 0.0000
6661 5.5143
6662 2.9511
6663 10.3127
6664 0.0000
6665 10.1823
6666 4.1346
6667 0.0000
6668 8.6886
6669 4.3520
6670 1.2663
6671 0.0000
6672 8.8282
6673 0.1205
6674 0.0000
6675 1.3262
6676 3.7392
6677 11.3131
6678 0.0000
6679 5.6965
6680 9.4629
6681 0.0000
6682 6.6027
6683 8.8325
6684 2.4735
6685 0.0000
6686 -0.9511
6687 4.0657
6688 0.0000
6689 0.0706
6690 2.2058
6691 10.8851
6692 0.0000
6693 -3.2462
6694 3.1326
6695 0.0000
6696 -0.8880
6697 12.8144
6698 0.1750
6699 0.0000
6700 -3.4789
6701 0.0000
6702 -0.2576
6703 0.0000
6704 2.4802
6705 3.7842
6706 0.0000
6707 6.7885
6708 0.0000
6709 -0.1048
6710 0.0000
6711 7.8673
6712 7.7169
6713 -3.2497
6714 0.0000
6715 2.7379
6716 2.2804
6717 6.9300
6718 0.0000
6719 5.4326
6720 -1.8143
6721 2.8365
6722 0.0000
6723 -1.6449
6724 0.0000
6725 2.8310
6726 0.0000
6727 2.9706
6728 4.3732
6729 0.0000
6730 4.7172
6731 0.0000
6732 4.6562
6733 4.1732
6734 4.4098
6735 3.3102
6736 1.2419
6737 7.4725
6738 -2.4829
6739 13.6527
6740 1.0798
6741 0.3770
6742 7.8347
6743 3.1520
6744 -0.4275
6745 1.3812
6746 -6.8763
6747 2.3151
6748 0.0000
6749 3.9033
6750 -0.0991
6751 2.3675
6752 8.2655
6753 1.8837
6754 -0.0272
6755 -2.4954
6756 2.1867
6757 0.0000
6758 5.2155
6759 4.6875
6760 2.9380
6761 0.8968
6762 0.9811
6763 6.4504
6764 0.0000
6765 -4.1345
6766 3.7437
6767 -2.0703
6768 0.0000
6769 3.5687
6770 -1.3854
6771 5.9675
6772 -7.9018
6773 0.0501
6774 7.8832
6775 1.4340
6776 -4.7413
6777 0.0000
6778 3.1921
6779 9.7580
6780 4.8856
6781 0.6368
6782 9.1838
6783 3.2734
6784 0.0000
6785 2.8993
6786 9.0603
6787 3.0835
6788 0.0000
6789 7.6841
6790 6.4904
6791 3.3149
6792 4.8955
6793 2.0731
6794 13.3552
6795 9.7327
6796 8.0112
6797 0.0000
6798 1.4067
6799 6.4788
6800 3.7705
6801 2.4468
6802 -3.5196
6803 4.9267
6804 0.0000
6805 3.0921
6806 -0.8179
6807 5.7629
6808 0.0000
6809 0.2191
6810 1.3281
6811 1.2875
6812 12.2538
6813 3.2746
6814 -3.1990
6815 -2.9797
6816 2.0454
6817 0.0000
6818 2.8229
6819 2.5942
6820 -0.5891
6821 4.5210
6822 10.4651
6823 3.5513
6824 0.0000
6825 9.2166
6826 -0.6340
6827 12.1560
6828 4.3805
6829 7.1232
6830 1.4017
6831 -1.0289
6832 3.8025
6833 4.0603
6834 3.2504
6835 5.3351
6836 -0.4314
6837 12.0179
6838 1.5772
6839 0.0000
6840 -9.3533
6841 -0.8355
6842 11.8524
6843 6.1603
6844 3.0204
6845 10.6134
6846 3.6956
6847 10.1562
6848 0.0000
6849 -2.8064
6850 5.4529
6851 4.9720
6852 1.0368
6853 2.0647
6854 3.4125
6855 0.0000
6856 -0.4850
6857 5.2054
6858 -5.8413
6859 0.0000
6860 9.1891
6861 -3.2718
6862 -3.7784
6863 4.3064
6864 -1.8351
6865 -2.6867
6866 7.0002
6867 -0.5821
6868 0.0000
6869 4.4632
6870 7.1709
6871 8.8071
6872 3.8131
6873 5.6121
6874 5.7031
6875 0.0000
6876 3.8146
6877 8.3088
6878 8.2558
6879 0.0000
6880 2.1823
6881 1.1458
6882 5.2680
6883 3.9268
6884 -3.9583
6885 9.4184
6886 2.0107
6887 4.1202
6888 0.0000
6889 1.5633
6890 2.5076
6891 4.5326
6892 4.5565
6893 6.8447
6894 -3.5841
6895 0.0000
6896 9.5542
6897 10.4622
6898 -1.4318
6899 0.0000
6900 11.7445
6901 -0.2825
6902 3.3107
6903 3.5780
6904 4.1834
6905 3.1433
6906 3.0245
6907 2.7007
6908 0.0000
6909 5.8696
6910 3.9699
6911 1.9650
6912 4.1005
6913 3.5077
6914 5.0757
6915 0.0000
6916 -2.1748
6917 0.1967
6918 7.7149
6919 4.4496
6920 0.0364
6921 2.7816
6922 1.2959
6923 2.7288
6924 0.1053
6925 6.0196
6926 8.4139
6927 7.1512
6928 6.1570
6929 13.1966
6930 0.0000
6931 8.0873
6932 -1.6496
6933 4.1583
6934 6.5820
6935 2.7100
6936 -6.7645
6937 2.9144
6938 6.1827
6939 0.0000
6940 0.9910
6941 5.9561
6942 -1.7106
6943 -0.6393
6944 6.0981
6945 8.4905
6946 0.0000
6947 -3.8127
6948 6.3649
6949 -0.9254
6950 0.0000
6951 2.5199
6952 -5.6949
6953 1.6786
6954 8.1066
6955 -0.2894
6956 0.9232
6957 1.3064
6958 0.1033
6959 0.0000
6960 14.5939
6961 5.7443
6962 1.7698
6963 0.1374
6964 1.6444
6965 4.1101
6966 0.0000
6967 2.8024
6968 8.7890
6969 4.8954
6970 0.0000
6971 9.4261
6972 -3.9012
6973 5.9118
6974 5.1057
6975 -4.7784
6976 7.5079
6977 -0.8656
6978 2.8307
6979 0.0000
6980 2.8017
6981 4.0720
6982 6.5714
6983 -0.7727
6984 8.4753
6985 10.2440
6986 0.0000
6987 3.4205
6988 8.6931
6989 1.6787
6990 0.0000
6991 7.9091
6992 -3.4577
6993 5.7635
6994 8.0241
6995 -1.6366
6996 3.9289
6997 9.9225
6998 5.6698
6999 0.0000
7000 2.1818
7001 0.1513
7002 -2.7234
7003 2.2262
7004 -0.8132
7005 4.1730
7006 0.0000
7007 3.0468
7008 1.7971
7009 4.8203
7010 -2.8926
7011 2.2717
7012 -3.3873
7013 8.0555
7014 5.5900
7015 5.8160
7016 5.2524
7017 0.3530
7018 4.9535
7019 -1.1486
7020 3.6084
7021 0.0000
7022 10.3268
7023 -1.3736
7024 13.0706
7025 6.1761
7026 4.3156
7027 5.9226
7028 3.2012
7029 6.5277
7030 0.0000
7031 7.7005
7032 -1.0672
7033 5.1440
7034 -5.9773
7035 11.6790
7036 -3.7807
7037 0.0000
7038 0.2868
7039 8.0576
7040 8.3515
7041 0.0000
7042 -0.2612
7043 2.3011
7044 11.0565
7045 2.6930
7046 0.8239
7047 3.7266
7048 -3.1203
7049 5.2672
7050 0.0000
7051 7.4538
7052 13.5367
7053 2.5023
7054 -3.2974
7055 1.6255
7056 5.2836
7057 0.0000
7058 1.6851
7059 9.1661
7060 -4.1776
7061 0.0000
7062 8.0615
7063 -3.1180
7064 10.2192
7065 -0.6692
7066 1.9445
7067 -4.3260
7068 -3.6946
7069 4.8480
7070 0.0000
7071 0.2039
7072 10.6266
7073 -0.1710
7074 2.7479
7075 -4.1203
7076 -2.8749
7077 0.0000
7078 -2.0847
7079 0.5187
7080 5.6732
7081 0.0000
7082 1.5931
7083 3.2930
7084 -0.5341
7085 6.2027
7086 3.2923
7087 8.8314
7088 7.8748
7089 3.2936
7090 0.0000
7091 3.5817
7092 -1.6272
7093 -1.2835
7094 2.4909
7095 2.3072
7096 -2.4025
7097 0.0000
7098 0.1317
7099 0.0000
7100 6.6863
7101 0.0000
7102 3.5272
7103 3.4371
7104 -3.4328
7105 2.0944
7106 -5.9465
7107 -4.6700
7108 2.4077
7109 8.6180
7110 0.0000
7111 2.5225
7112 7.8705
7113 -0.3520
7114 0.5227
7115 -4.9376
7116 -1.0408
7117 0.0000
7118 4.2007
7119 11.0047
7120 4.4619
7121 8.4846
7122 1.4923
7123 3.5157
7124 0.0000
7125 5.7090
7126 5.0911
7127 6.3877
7128 1.3436
7129 6.0556
7130 3.0741
7131 0.0000
7132 1.5677
7133 2.1122
7134 7.1848
7135 4.5214
7136 5.9265
7137 1.6313
7138 0.0000
7139 2.3937
7140 -2.6688
7141 1.2764
7142 -5.9805
7143 6.6674
7144 -0.9808
7145 0.0000
7146 -1.0041
7147 3.0532
7148 4.4394
7149 1.0011
7150 2.5564
7151 9.2514
7152 0.0000
7153 -0.0060
7154 5.7893
7155 2.8047
7156 4.7586
7157 1.4517
7158 -0.8660
7159 0.0000
7160 -3.5664
7161 1.1643
7162 6.0162
7163 3.0615
7164 3.6421
7165 5.3867
7166 0.0000
7167 1.9761
7168 3.4748
7169 11.5807
7170 6.9557
7171 -0.8167
7172 -2.4338
7173 0.0000
7174 1.0922
7175 -5.2272
7176 -1.7801
7177 7.7522
7178 13.6978
7179 9.2003
7180 0.0000
7181 -1.7874
7182 3.6967
7183 2.0697
7184 3.8060
7185 2.6872
7186 9.5500
7187 0.0000
7188 7.1933
7189 0.3450
7190 7.3272
7191 11.0113
7192 4.0699
7193 3.3815
7194 0.0000
7195 4.7243
7196 4.2444
7197 1.7539
7198 5.8271
7199 -2.4683
7200 -2.4387
7201 0.0000
7202 2.5351
7203 0.1908
7204 6.1497
7205 9.4555
7206 2.6399
7207 3.8563
7208 0.0000
7209 -0.3184
7210 6.2391
7211 4.5288
7212 8.3115
7213 2.4605
7214 -0.6660
7215 0.0000
7216 -3.8558
7217 0.0000
7218 -2.7881
7219 0.0000
7220 8.6791
7221 0.0000
7222 11.2345
7223 8.1291
7224 0.0000
7225 13.4846
7226 0.6710
7227 2.0538
7228 2.9625
7229 0.0000
7230 3.2410
7231 4.1686
7232 -0.6323
7233 0.0000
7234 8.1966
7235 5.1464
7236 -5.5665
7237 0.0000
7238 2.1691
7239 -0.7213
7240 7.1136
7241 1.3898
7242 -4.4205
7243 8.0783
7244 3.2171
7245 0.9512
7246 -0.1390
7247 0.0000
7248 -0.6604
7249 5.2883
7250 5.4883
7251 6.1030
7252 4.7968
7253 2.7518
7254 0.0000
7255 6.4461
7256 6.8139
7257 -1.2292
7258 1.8835
7259 -1.0114
7260 11.3953
7261 0.0000
7262 -4.4770
7263 -5.2038
7264 1.8817
7265 6.3814
7266 2.5524
7267 -0.9966
7268 0.0000
7269 0.3145
7270 4.1667
7271 3.9530
7272 6.5649
7273 8.4440
7274 2.4971
7275 0.0000
7276 -0.3882
7277 2.5085
7278 5.7667
7279 8.2993
7280 2.4505
7281 10.9542
7282 0.0000
7283 1.7078
7284 3.2087
7285 -1.3524
7286 3.4528
7287 0.4216
7288 4.0526
7289 0.0000
7290 7.1300
7291 -1.0329
7292 -3.6660
7293 -1.8396
7294 -5.5738
7295 3.2626
7296 0.0000
7297 0.3983
7298 -0.4836
7299 5.4392
7300 3.3002
7301 2.9039
7302 4.7823
7303 0.0000
7304 -2.7515
7305 -0.5877
7306 3.7037
7307 5.6262
7308 8.8052
7309 5.4937
7310 0.0000
7311 -4.8395
7312 3.6509
7313 1.0148
7314 11.2415
7315 -0.1059
7316 9.0539
7317 0.0000
7318 -3.5583
7319 3.0612
7320 9.2803
7321 9.1829
7322 3.4229
7323 -4.5382
7324 0.0000
7325 -2.9626
7326 6.7550
7327 0.0000
7328 -1.1701
7329 -3.0585
7330 8.8944
7331 8.2666
7332 -2.1603
7333 6.3226
7334 -5.1886
7335 2.8694
7336 0.0000
7337 3.1373
7338 4.2260
7339 0.0000
7340 3.0490
7341 0.0000
7342 -5.8785
7343 0.0000
7344 5.1152
7345 -2.2338
7346 0.0000
7347 -8.4169
7348 3.4785
7349 0.0000
7350 -1.1994
7351 6.0761
7352 -4.0695
7353 0.0000
7354 2.8121
7355 -5.1525
7356 0.0000
7357 6.9518
7358 5.5713
7359 2.5875
7360 0.0000
7361 7.4101
7362 -0.9815
7363 0.0000
7364 10.5065
7365 2.4362
7366 4.9481
7367 0.0000
7368 -0.3652
7369 1.9129
7370 0.0000
7371 6.2503
7372 0.2558
7373 -0.5910
7374 0.0000
7375 -1.8216
7376 8.4356
7377 0.0000
7378 8.7624
7379 -6.4554
7380 0.1244
7381 0.0000
7382 6.9187
7383 2.9422
7384 0.0000
7385 2.8189
7386 4.1904
7387 5.2314
7388 0.0000
7389 -6.0986
7390 -5.0057
7391 0.0000
7392 3.7991
7393 3.7511
7394 6.9281
7395 0.0000
7396 4.0372
7397 3.3234
7398 0.0000
7399 -1.7632
7400 5.0285
7401 8.4903
7402 0.0000
7403 0.0144
7404 6.7631
7405 0.0000
7406 3.0422
7407 -2.3978
7408 3.0631
7409 0.0000
7410 -4.5585
7411 12.1645
7412 0.0000
7413 2.8781
7414 3.1194
7415 7.2289
7416 0.0000
7417 1.3164
7418 2.1029
7419 0.0000
7420 8.9093
7421 -1.3980
7422 12.2379
7423 0.0000
7424 7.5864
7425 0.7262
7426 0.0000
7427 4.8279
7428 0.4457
7429 8.3001
7430 0.0000
7431 3.7453
7432 -4.0511
7433 0.0000
7434 5.9888
7435 2.3596
7436 -3.9241
7437 0.0000
7438 0.2518
7439 3.2335
7440 0.0000
7441 6.9029
7442 9.7159
7443 2.0858
7444 0.0000
7445 -4.5865
7446 7.9412
7447 0.0000
7448 2.1587
7449 5.7879
7450 5.0064
7451 0.0000
7452 -0.8923
7453 0.5879
7454 0.0000
7455 5.7957
7456 7.0994
7457 5.1638
7458 0.0000
7459 5.3560
7460 0.0000
7461 7.3514
7462 0.0000
7463 -5.7339
7464 8.7051
7465 0.0000
7466 3.1785
7467 0.0000
7468 -0.2349
7469 0.0000
7470 4.3145
7471 -3.4147
7472 4.6723
7473 0.0000
7474 3.0558
7475 13.1514
7476 3.6880
7477 0.0000
7478 -0.9207
7479 4.7036
7480 9.1762
7481 0.0000
7482 1.5040
7483 0.0000
7484 1.6457
7485 0.0000
7486 3.7221
7487 1.8830
7488 0.0000
7489 4.6115
7490 0.0000
7491 16.0483
7492 -3.3022
7493 4.7819
7494 4.7520
7495 -1.2930
7496 7.6681
7497 -1.7556
7498 -0.5009
7499 0.0000
7500 2.4102
7501 10.7468
7502 6.2734
7503 6.3109
7504 5.7216
7505 3.2571
7506 0.0000
7507 -2.7053
7508 1.4502
7509 4.1161
7510 5.4277
7511 4.5637
7512 2.4561
7513 0.0000
7514 -1.3207
7515 6.3840
7516 3.7141
7517 -1.5825
7518 -0.0215
7519 5.6729
7520 0.0000
7521 0.0403
7522 6.1319
7523 0.0034
7524 3.8562
7525 7.0470
7526 10.4985
7527 0.0000
7528 -0.1308
7529 7.1764
7530 4.8396
7531 3.1135
7532 4.2762
7533 -1.6868
7534 0.0000
7535 7.0119
7536 12.7383
7537 5.6765
7538 0.5094
7539 8.4334
7540 1.4187
7541 0.0000
7542 2.1166
7543 1.7122
7544 8.2905
7545 3.6409
7546 4.5439
7547 0.2930
7548 0.0000
7549 0.7831
7550 0.0583
7551 -0.2175
7552 0.6765
7553 8.0464
7554 0.8343
7555 0.0000
7556 4.9011
7557 -1.0380
7558 7.8914
7559 4.4072
7560 -4.1266
7561 1.8544
7562 0.0000
7563 2.6373
7564 3.1047
7565 0.3968
7566 16.2195
7567 0.3974
7568 3.6123
7569 0.0000
7570 4.6990
7571 0.2456
7572 5.4598
7573 8.2134
7574 6.8989
7575 5.4569
7576 0.0000
7577 3.1189
7578 2.0267
7579 5.4978
7580 10.2604
7581 3.9219
7582 -2.9109
7583 0.0000
7584 5.9531
7585 2.9093
7586 11.1915
7587 4.5622
7588 4.9581
7589 2.1603
7590 0.0000
7591 -4.7383
7592 6.9898
7593 1.6465
7594 3.1241
7595 3.5990
7596 2.1124
7597 0.0000
7598 0.8814
7599 4.5657
7600 1.7430
7601 11.0649
7602 4.1710
7603 8.2258
7604 0.0000
7605 1.8111
7606 0.0000
7607 -0.6236
7608 3.3667
7609 0.0000
7610 5.7462
7611 1.3965
7612 0.0000
7613 4.6020
7614 9.1531
7615 0.0000
7616 4.3305
7617 0.0000
7618 0.3526
7619 9.7210
7620 0.0000
7621 1.2109
7622 3.6512
7623 0.0000
7624 2.9235
7625 0.0000
7626 -4.3644
7627 -1.0017
7628 0.0000
7629 -0.8369
7630 4.3369
7631 0.0000
7632 2.1634
7633 0.0000
7634 -4.0853
7635 3.5525
7636 0.0000
7637 5.0685
7638 -4.7442
7639 0.0000
7640 4.6557
7641 0.0000
7642 -0.3303
7643 1.8398
7644 0.0000
7645 4.0654
7646 2.3173
7647 0.0000
7648 8.7389
7649 0.0000
7650 -2.2133
7651 3.5614
7652 0.0000
7653 6.7337
7654 -2.5966
7655 0.0000
7656 4.2465
7657 0.0000
7658 3.3936
7659 2.8728
7660 0.0000
7661 6.5636
7662 4.9528
7663 0.0000
7664 3.7174
7665 0.0000
7666 9.8327
7667 2.4524
7668 0.0000
7669 8.9652
7670 3.5469
7671 0.0000
7672 1.0082
7673 0.0000
7674 -7.6992
7675 1.4750
7676 0.0000
7677 6.7025
7678 -0.4517
7679 0.0000
7680 1.0986
7681 0.0000
7682 1.2935
7683 4.1923
7684 0.0000
7685 -5.7664
7686 2.1980
7687 0.0000
7688 4.1972
7689 0.0000
7690 7.6286
7691 -8.4901
7692 0.0000
7693 3.0085
7694 3.6548
7695 0.0000
7696 2.8036
7697 0.0000
7698 5.7095
7699 11.6641
7700 0.0000
7701 -7.8952
7702 1.3033
7703 0.0000
7704 3.5477
7705 0.0000
7706 -1.2399
7707 2.4852
7708 0.0000
7709 6.0856
7710 8.2256
7711 0.0000
7712 5.4685
7713 0.0000
7714 8.8833
7715 3.2813
7716 0.0000
7717 0.3890
7718 8.7765
7719 0.0000
7720 3.5329
7721 0.0000
7722 -1.2278
7723 7.9954
7724 0.0000
7725 6.9750
7726 3.3082
7727 0.0000
7728 -0.1301
7729 0.0000
7730 1.6186
7731 9.5786
7732 0.0000
7733 7.8433
7734 2.9071
7735 0.0000
7736 -2.8657
7737 0.0000
7738 2.6205
7739 0.0000
7740 4.0305
