# input  : 16 : D6 71 EB 3B D3 4D 75 84 69 BE 66 6D E6 70 CC 13 
# output : 16 : 52 AF 64 CB 38 01 21 BC B4 DB 44 A8 C5 BC 5D 93 
# cycles : 7740
1 0.0000
2 -2.9952
3 2.8063
4 0.0000
5 0.4714
6 0.0000
7 11.5579
8 10.1637
9 0.0000
10 3.7780
11 7.8470
12 0.0000
13 2.8835
14 0.0000
15 -5.4715
16 3.7559
17 0.0000
18 -1.5775
19 3.5005
20 0.0000
21 5.3318
22 0.0000
23 5.1934
24 8.1681
25 0.0000
26 -1.7300
27 11.9112
28 0.0000
29 -0.7980
30 0.0000
31 3.4633
32 4.7141
33 0.0000
34 2.4714
35 3.5728
36 0.0000
37 -1.8972
38 0.0000
39 8.7045
40 13.4493
41 0.0000
42 -1.1345
43 2.2592
44 0.0000
45 -2.6302
46 0.0000
47 7.1727
48 1.2731
49 0.0000
50 -4.8371
51 7.8722
52 0.0000
53 3.7670
54 0.0000
55 6.5767
56 4.7497
57 0.0000
58 3.5590
59 4.2349
60 0.0000
61 -3.7733
62 0.0000
63 0.1909
64 -5.2154
65 0.0000
66 -4.5681
67 2.2507
68 0.0000
69 -2.5152
70 0.0000
71 2.5044
72 7.1908
73 0.0000
74 -0.6315
75 0.0513
76 0.0000
77 6.2297
78 0.0000
79 1.4713
80 9.2935
81 0.0000
82 0.5067
83 1.2145
84 0.0000
85 -5.0345
86 0.0000
87 -2.1903
88 2.7120
89 0.0000
90 3.5425
91 -2.1496
92 0.0000
93 -2.8290
94 0.0000
95 13.0950
96 3.7258
97 0.0000
98 1.4935
99 -0.0602
100 0.0000
101 2.0185
102 0.0000
103 8.1404
104 3.7284
105 0.0000
106 7.8288
107 -3.8539
108 0.0000
109 -0.5263
110 0.0000
111 4.8822
112 2.9766
113 0.0000
114 -2.7192
115 7.7448
116 0.0000
117 -0.3290
118 0.0000
119 2.7529
120 13.6827
121 0.0000
122 3.9840
123 4.2638
124 0.0000
125 -0.7521
126 0.0000
127 3.7109
128 3.1034
129 0.0000
130 1.3257
131 -1.2619
132 0.0000
133 -0.9478
134 0.0000
135 5.6089
136 0.7202
137 0.0000
138 3.9834
139 -0.8730
140 3.0141
141 0.0000
142 9.4046
143 3.3860
144 3.4238
145 -0.3748
146 0.0000
147 3.9944
148 5.6581
149 0.0000
150 6.7897
151 7.6160
152 0.6632
153 4.9035
154 0.0000
155 5.5213
156 1.5329
157 0.0000
158 2.1685
159 3.8521
160 0.6737
161 3.3498
162 0.0000
163 4.3147
164 0.9349
165 0.0000
166 8.1607
167 -2.7315
168 -3.2792
169 -2.2187
170 0.0000
171 1.9583
172 2.0800
173 0.0000
174 -1.1463
175 5.3098
176 3.9591
177 4.3165
178 0.0000
179 2.7608
180 -7.3944
181 0.0000
182 8.5666
183 5.9802
184 3.6048
185 2.3500
186 0.0000
187 3.5092
188 -4.0332
189 0.0000
190 9.4899
191 3.8667
192 12.1800
193 -0.3488
194 0.0000
195 0.5650
196 -0.9315
197 0.0000
198 -3.5896
199 3.2661
200 1.3052
201 0.1529
202 0.0000
203 -6.7999
204 -1.9678
205 0.0000
206 -1.8677
207 0.3435
208 1.2098
209 -3.1861
210 0.0000
211 -4.4969
212 5.9667
213 0.0000
214 5.3750
215 5.5566
216 2.3324
217 0.8857
218 0.0000
219 3.4899
220 1.4288
221 0.0000
222 -2.0830
223 3.5953
224 3.2109
225 7.0354
226 0.0000
227 -0.2509
228 4.8526
229 0.0000
230 3.1734
231 2.0976
232 1.1551
233 -2.3851
234 0.0000
235 4.9583
236 7.0709
237 0.0000
238 10.8450
239 5.2919
240 1.1250
241 0.7526
242 0.0000
243 5.6410
244 0.0527
245 0.0000
246 5.8685
247 4.9055
248 -1.1760
249 -4.2198
250 0.0000
251 -5.8136
252 9.5990
253 0.0000
254 5.3579
255 7.3931
256 9.5629
257 5.5842
258 0.0000
259 1.7911
260 4.6622
261 0.0000
262 1.5501
263 2.1631
264 4.2339
265 1.5421
266 0.0000
267 -4.6211
268 6.5657
269 0.0000
270 7.9615
271 0.0000
272 -0.8201
273 4.9131
274 3.6493
275 12.9248
276 14.4966
277 18.1406
278 5.0108
279 1.7729
280 0.0000
281 1.9027
282 1.6675
283 2.8409
284 2.3684
285 3.6007
286 -4.1971
287 0.0000
288 -0.8647
289 6.9187
290 4.5622
291 4.7685
292 4.1726
293 3.1091
294 0.0000
295 0.9153
296 6.0406
297 5.4557
298 3.6837
299 -6.2282
300 1.2617
301 0.0000
302 -1.9238
303 7.2104
304 3.0054
305 9.3315
306 2.1765
307 -1.1148
308 0.0000
309 -1.9799
310 0.1628
311 13.7816
312 -2.0059
313 5.5973
314 5.6275
315 0.0000
316 -0.0609
317 3.2256
318 2.8886
319 6.4111
320 7.0242
321 1.4708
322 0.0000
323 3.9009
324 0.9701
325 -2.1226
326 5.5719
327 3.1444
328 -1.8202
329 0.0000
330 -4.7796
331 4.4414
332 0.9052
333 0.5874
334 -7.3070
335 0.0439
336 0.0000
337 -2.6317
338 -3.5377
339 3.4258
340 3.4398
341 9.0748
342 2.4064
343 0.0000
344 1.4792
345 3.7407
346 3.9553
347 0.7013
348 6.1669
349 0.0071
350 0.0000
351 -8.9439
352 6.4860
353 7.7361
354 7.0903
355 11.2450
356 0.2884
357 0.0000
358 1.4842
359 0.5641
360 10.7563
361 5.2673
362 6.1748
363 0.1035
364 0.0000
365 -0.1641
366 4.3069
367 7.0263
368 10.8782
369 5.1523
370 0.3015
371 0.0000
372 5.7725
373 1.9481
374 2.8806
375 0.2963
376 1.7463
377 2.8823
378 0.0000
379 6.0479
380 3.9178
381 2.2554
382 7.3268
383 -3.2514
384 5.5111
385 0.0000
386 2.8571
387 0.0000
388 7.1729
389 0.0000
390 4.5676
391 0.0000
392 5.5983
393 8.9313
394 0.0000
395 3.1739
396 5.6628
397 4.8108
398 12.7288
399 0.0000
400 6.4128
401 9.5111
402 -2.3346
403 0.0000
404 7.0020
405 9.2314
406 2.3273
407 0.0000
408 -1.0290
409 4.3719
410 -4.4193
411 0.5022
412 0.4680
413 6.1628
414 2.0134
415 -0.2895
416 5.2506
417 0.0000
418 3.6439
419 12.2988
420 2.2764
421 7.5466
422 -2.5708
423 1.6656
424 0.0000
425 -5.2887
426 7.7523
427 4.8909
428 3.5469
429 4.1102
430 4.6138
431 0.0000
432 1.3690
433 4.2648
434 -0.3889
435 7.0845
436 4.0984
437 -3.1910
438 0.0000
439 1.2663
440 0.2051
441 3.4623
442 6.8861
443 5.4894
444 2.3938
445 0.0000
446 1.2834
447 7.6052
448 3.9845
449 5.9581
450 3.3150
451 2.3750
452 0.0000
453 4.8451
454 2.5932
455 5.0998
456 2.3694
457 4.0153
458 1.6990
459 0.0000
460 3.0866
461 3.8872
462 8.8455
463 7.3740
464 3.5048
465 2.0337
466 0.0000
467 3.8942
468 1.5046
469 0.4081
470 7.6878
471 5.2632
472 -1.8115
473 0.0000
474 2.6665
475 8.3994
476 4.7140
477 4.3943
478 7.0914
479 1.4845
480 0.0000
481 0.3728
482 5.9962
483 3.6539
484 0.8654
485 10.3086
486 8.4612
487 0.0000
488 -2.5351
489 2.8250
490 -0.8617
491 -2.4211
492 4.5795
493 1.3264
494 0.0000
495 -0.9911
496 -2.2290
497 0.0000
498 3.9897
499 0.9883
500 -1.2332
501 -0.2910
502 1.2090
503 -2.2394
504 -0.6004
505 0.2935
506 0.0000
507 7.0537
508 -3.6288
509 0.0000
510 6.9021
511 -4.6022
512 0.0000
513 2.2942
514 6.0621
515 0.0000
516 11.7148
517 3.2306
518 0.0000
519 0.7355
520 6.9486
521 3.1981
522 0.0000
523 0.4970
524 1.4888
525 0.0000
526 1.1956
527 6.4382
528 2.0963
529 0.0000
530 1.8927
531 9.8825
532 0.0000
533 1.6132
534 0.3583
535 -0.8749
536 0.0000
537 -6.9006
538 3.7375
539 0.0000
540 -0.5981
541 2.0486
542 6.9580
543 0.0000
544 1.9682
545 4.6447
546 0.0000
547 7.4528
548 4.2633
549 0.5714
550 0.0000
551 2.0025
552 6.1473
553 0.0000
554 -2.5543
555 -3.9704
556 11.2028
557 0.0000
558 3.0740
559 12.0190
560 0.0000
561 8.4016
562 6.4706
563 0.2707
564 0.0000
565 3.4921
566 5.8968
567 0.0000
568 1.7754
569 3.3517
570 1.4475
571 0.0000
572 0.6694
573 8.0036
574 0.0000
575 -0.3837
576 6.0521
577 7.9121
578 0.0000
579 1.0228
580 3.7945
581 0.0000
582 5.4062
583 2.7705
584 1.0082
585 0.0000
586 0.2868
587 3.8354
588 0.0000
589 -2.1675
590 3.4821
591 3.4088
592 0.0000
593 2.4154
594 6.3487
595 0.0000
596 5.5937
597 5.9719
598 7.8029
599 0.0000
600 0.0405
601 2.7620
602 0.0000
603 7.8578
604 4.7802
605 2.6849
606 0.0000
607 4.4878
608 13.7687
609 0.0000
610 11.7312
611 -0.9299
612 7.9797
613 0.0000
614 -5.2367
615 1.6827
616 0.0000
617 2.9413
618 2.9660
619 9.1323
620 0.0000
621 -3.1537
622 3.2957
623 0.0000
624 -0.8330
625 5.6356
626 -5.2863
627 0.0000
628 -4.9347
629 0.0000
630 4.3594
631 0.0000
632 1.8727
633 -0.0338
634 0.0000
635 4.1258
636 0.0000
637 7.8502
638 0.0000
639 -3.6050
640 0.6171
641 14.2920
642 0.0000
643 4.8513
644 3.9399
645 4.1945
646 0.0000
647 8.8975
648 1.2043
649 8.4892
650 0.0000
651 4.5627
652 0.0000
653 0.4043
654 0.0000
655 1.8016
656 1.2350
657 0.0000
658 6.4676
659 0.0000
660 13.7333
661 8.1253
662 -4.9069
663 5.7091
664 5.5280
665 -1.8613
666 3.4824
667 -2.4175
668 7.0917
669 4.7189
670 8.6905
671 11.0172
672 -0.8185
673 3.4486
674 1.3471
675 1.4335
676 0.0000
677 0.6168
678 2.3217
679 2.1320
680 9.6265
681 0.9964
682 0.4487
683 7.2889
684 0.5352
685 0.0000
686 10.5370
687 -4.4540
688 -1.4114
689 -0.6379
690 -0.8934
691 -2.5313
692 0.0000
693 -1.2380
694 1.1083
695 -0.9215
696 0.0000
697 6.8082
698 5.2420
699 7.4375
700 6.1738
701 3.4902
702 -2.3677
703 -0.3098
704 1.2654
705 0.0000
706 13.7677
707 9.4276
708 -5.6023
709 10.9354
710 3.8236
711 3.3714
712 0.0000
713 -1.5596
714 4.4412
715 7.2686
716 0.0000
717 3.5834
718 -1.6653
719 5.5421
720 -6.4875
721 1.4387
722 5.3927
723 7.7417
724 13.3217
725 0.0000
726 5.3309
727 1.4936
728 8.5476
729 14.1058
730 9.6269
731 0.0999
732 0.0000
733 4.7543
734 -0.0591
735 -0.6925
736 0.0000
737 2.0652
738 1.8552
739 6.7968
740 4.1781
741 -4.4479
742 4.9705
743 4.5267
744 0.5815
745 0.0000
746 3.7107
747 5.7998
748 4.6603
749 0.0650
750 4.4348
751 -1.8429
752 0.0000
753 2.8695
754 6.3605
755 6.1580
756 2.7114
757 2.9921
758 1.2923
759 6.3525
760 -2.9816
761 1.7023
762 2.7659
763 3.8415
764 -0.4963
765 5.9620
766 1.8469
767 0.0000
768 6.9447
769 -4.3623
770 5.5229
771 3.0956
772 0.4847
773 -1.7605
774 -6.9619
775 2.0082
776 0.0000
777 3.0033
778 6.2880
779 5.7019
780 3.4010
781 9.3057
782 8.4919
783 0.0000
784 1.0076
785 3.1427
786 10.7568
787 0.0000
788 7.3570
789 1.1678
790 5.7945
791 7.1183
792 -2.3689
793 5.7569
794 11.4783
795 1.9753
796 0.0000
797 -1.5745
798 6.3635
799 6.0618
800 -1.3064
801 9.1441
802 17.2710
803 0.0000
804 2.4518
805 3.7770
806 4.0776
807 0.0000
808 5.7039
809 -0.2372
810 7.8985
811 8.1556
812 -0.1214
813 -8.4360
814 -0.6490
815 0.9182
816 0.0000
817 10.1707
818 -1.7769
819 -4.1927
820 -8.2113
821 5.2340
822 6.7201
823 0.0000
824 -1.1833
825 5.4539
826 11.3578
827 0.0000
828 4.8294
829 0.0794
830 8.3732
831 10.4703
832 -7.4912
833 15.8399
834 9.0652
835 5.4295
836 0.0000
837 0.7244
838 2.2116
839 3.4564
840 11.1349
841 -2.2559
842 2.0157
843 0.0000
844 -1.6813
845 -2.6020
846 -0.4692
847 0.3291
848 3.8688
849 3.2856
850 6.0922
851 5.9825
852 3.2080
853 0.9835
854 5.3577
855 3.2632
856 3.7436
857 -2.8067
858 0.0000
859 2.6485
860 1.3233
861 2.9357
862 3.8673
863 -6.0599
864 1.1826
865 -1.4786
866 4.4623
867 0.0000
868 2.9212
869 4.6166
870 7.5760
871 -0.5601
872 -3.0348
873 -1.1667
874 0.0000
875 6.8143
876 -5.4736
877 1.9827
878 0.0000
879 2.6060
880 -4.4620
881 3.6518
882 4.1046
883 -1.1067
884 9.6574
885 5.4131
886 0.7273
887 0.0000
888 -5.8917
889 3.7097
890 4.4277
891 3.6159
892 5.9952
893 3.7753
894 0.0000
895 5.7680
896 4.2521
897 0.0893
898 0.0000
899 13.6217
900 0.1245
901 -1.3191
902 4.1769
903 4.3551
904 -4.2924
905 -2.3267
906 9.4179
907 0.0000
908 4.7503
909 5.1670
910 4.0860
911 8.9536
912 9.9233
913 7.2173
914 0.0000
915 5.2860
916 4.1119
917 -1.1678
918 0.0000
919 5.5288
920 2.5727
921 9.1678
922 10.1755
923 7.8943
924 9.3627
925 7.0099
926 6.0139
927 0.0000
928 8.6207
929 3.1937
930 0.3065
931 3.1398
932 3.8036
933 11.3615
934 0.0000
935 -4.9265
936 6.0890
937 11.7747
938 2.7804
939 10.7384
940 6.8392
941 9.5618
942 3.2892
943 10.8678
944 8.2881
945 0.8976
946 -2.0695
947 4.3689
948 7.8090
949 0.0000
950 4.3479
951 -6.2302
952 7.1571
953 -0.7516
954 -2.8911
955 7.8277
956 4.8161
957 3.8116
958 0.0000
959 1.4867
960 8.0741
961 -0.9927
962 2.6085
963 2.4624
964 6.8106
965 0.0000
966 -3.3259
967 3.2834
968 4.6853
969 0.0000
970 11.5385
971 0.5659
972 -2.4912
973 0.7611
974 2.9227
975 -3.9862
976 11.2627
977 7.5583
978 0.0000
979 2.3303
980 2.7566
981 4.7842
982 4.7210
983 1.5216
984 14.1776
985 0.0000
986 2.0751
987 0.6588
988 -0.5468
989 0.0000
990 -3.1936
991 -4.6585
992 3.2211
993 2.0157
994 2.4825
995 6.4015
996 9.2266
997 11.6947
998 0.0000
999 1.4000
1000 8.4997
1001 -4.0265
1002 3.3716
1003 7.4189
1004 7.3525
1005 0.0000
1006 1.9277
1007 7.6469
1008 2.0252
1009 0.0000
1010 5.4652
1011 2.3310
1012 -1.3105
1013 -1.9211
1014 -1.1205
1015 1.4605
1016 -2.6901
1017 1.6805
1018 0.0000
1019 6.0532
1020 -2.2599
1021 11.5953
1022 0.5996
1023 -5.1218
1024 -0.0557
1025 0.0000
1026 -2.8634
1027 0.0000
1028 4.3380
1029 0.0000
1030 11.4786
1031 4.9532
1032 4.5111
1033 1.1366
1034 -1.6526
1035 3.0142
1036 -0.0264
1037 5.7137
1038 0.0000
1039 1.6093
1040 -0.0251
1041 5.7737
1042 0.7370
1043 8.9842
1044 3.2878
1045 0.0000
1046 -2.7322
1047 8.5451
1048 10.9349
1049 4.3897
1050 -1.7169
1051 4.2355
1052 0.0000
1053 4.9444
1054 0.4373
1055 4.5822
1056 7.2985
1057 6.1176
1058 4.2018
1059 0.0000
1060 1.1666
1061 9.2382
1062 6.6896
1063 13.0493
1064 -0.1267
1065 7.9902
1066 0.0000
1067 10.4540
1068 -0.7294
1069 2.4740
1070 5.3372
1071 8.8189
1072 -2.0484
1073 0.0000
1074 -10.0387
1075 -1.5691
1076 2.8341
1077 5.7358
1078 6.4017
1079 11.0809
1080 0.0000
1081 0.6710
1082 10.1687
1083 0.6102
1084 3.2775
1085 7.0368
1086 2.0823
1087 0.0000
1088 -0.3828
1089 12.1079
1090 3.7124
1091 8.2940
1092 12.7142
1093 4.5851
1094 0.0000
1095 1.0080
1096 0.4883
1097 8.3718
1098 7.2163
1099 5.5197
1100 -3.7511
1101 0.0000
1102 0.2120
1103 10.9847
1104 3.0636
1105 7.7753
1106 5.5461
1107 2.8592
1108 0.0000
1109 1.4541
1110 1.5283
1111 5.5447
1112 2.2826
1113 3.9405
1114 11.5568
1115 0.0000
1116 7.1063
1117 4.9654
1118 -5.6363
1119 0.5897
1120 7.4395
1121 4.0668
1122 0.0000
1123 -2.3919
1124 5.4254
1125 5.2836
1126 3.2966
1127 6.5175
1128 5.0144
1129 0.0000
1130 2.0726
1131 -2.3760
1132 12.4784
1133 -1.1187
1134 4.2452
1135 1.8147
1136 0.0000
1137 -1.9496
1138 3.4437
1139 5.1241
1140 10.8606
1141 1.7368
1142 6.9333
1143 0.0000
1144 -5.2421
1145 0.0000
1146 6.2845
1147 0.0000
1148 6.8280
1149 0.0000
1150 1.4874
1151 9.6341
1152 0.0000
1153 6.9657
1154 7.1201
1155 7.2359
1156 0.1563
1157 0.0000
1158 9.3658
1159 1.4764
1160 4.2581
1161 0.0000
1162 15.1692
1163 8.2088
1164 1.0889
1165 0.0000
1166 3.2690
1167 -1.6931
1168 3.1539
1169 2.6929
1170 6.9394
1171 1.1452
1172 6.9605
1173 3.2420
1174 3.2591
1175 0.0000
1176 5.4239
1177 7.0014
1178 2.3892
1179 -6.7789
1180 1.9081
1181 6.6699
1182 0.0000
1183 -3.2747
1184 8.9270
1185 8.0289
1186 1.1355
1187 3.0149
1188 -2.2314
1189 0.0000
1190 5.9614
1191 7.2347
1192 -0.7369
1193 2.5777
1194 5.5432
1195 3.1946
1196 0.0000
1197 -0.6660
1198 2.7383
1199 4.8534
1200 8.1059
1201 4.0620
1202 3.9759
1203 0.0000
1204 8.3011
1205 -0.6102
1206 6.4499
1207 -1.4415
1208 1.1970
1209 6.1419
1210 0.0000
1211 -2.4552
1212 -2.6679
1213 0.6844
1214 4.6003
1215 3.1281
1216 4.3608
1217 0.0000
1218 -7.7234
1219 4.7264
1220 -0.0566
1221 9.1545
1222 12.1366
1223 2.7894
1224 0.0000
1225 -2.7907
1226 0.3179
1227 5.4683
1228 1.9611
1229 1.2083
1230 5.1887
1231 0.0000
1232 -1.6718
1233 2.8774
1234 5.6681
1235 10.4075
1236 1.8352
1237 -3.5532
1238 0.0000
1239 0.7349
1240 7.5847
1241 9.3223
1242 7.0218
1243 4.1750
1244 16.1043
1245 0.0000
1246 2.1881
1247 2.9261
1248 3.1142
1249 8.7797
1250 6.0886
1251 4.2979
1252 0.0000
1253 -1.8954
1254 1.8557
1255 0.0000
1256 5.2412
1257 -5.1494
1258 2.3082
1259 -0.3311
1260 -0.2046
1261 -0.7057
1262 6.1455
1263 2.8290
1264 0.0000
1265 5.2702
1266 -5.4760
1267 0.0000
1268 5.9615
1269 0.0000
1270 -1.9247
1271 0.0000
1272 -3.2176
1273 -2.0240
1274 0.0000
1275 2.3901
1276 -0.6457
1277 0.0000
1278 6.0179
1279 7.2814
1280 3.6347
1281 0.0000
1282 4.5966
1283 3.6651
1284 0.0000
1285 1.5949
1286 13.0472
1287 5.3935
1288 0.0000
1289 -4.6852
1290 4.3974
1291 0.0000
1292 3.5789
1293 -2.3986
1294 5.9480
1295 0.0000
1296 1.9076
1297 3.2780
1298 0.0000
1299 6.9252
1300 11.0194
1301 10.2372
1302 0.0000
1303 4.5685
1304 5.4687
1305 0.0000
1306 4.7066
1307 5.5537
1308 0.3911
1309 0.0000
1310 4.3636
1311 6.0152
1312 0.0000
1313 8.4334
1314 0.8831
1315 4.9414
1316 0.0000
1317 -2.2476
1318 13.5191
1319 0.0000
1320 1.1631
1321 11.6183
1322 3.9776
1323 0.0000
1324 -2.2688
1325 6.4537
1326 0.0000
1327 -7.3375
1328 1.9010
1329 3.5430
1330 0.0000
1331 -0.8334
1332 5.2697
1333 0.0000
1334 -0.3028
1335 6.9205
1336 2.6425
1337 0.0000
1338 2.3299
1339 3.1967
1340 0.0000
1341 2.6917
1342 0.3616
1343 0.4632
1344 0.0000
1345 -2.5473
1346 7.2860
1347 0.0000
1348 12.5425
1349 3.7405
1350 4.1595
1351 0.0000
1352 7.3974
1353 1.2303
1354 0.0000
1355 8.4190
1356 -3.0912
1357 6.8878
1358 0.0000
1359 2.3138
1360 1.8401
1361 0.0000
1362 0.8797
1363 -1.2731
1364 10.0002
1365 0.0000
1366 -3.9734
1367 5.6123
1368 0.0000
1369 6.2597
1370 6.2916
1371 8.7559
1372 0.0000
1373 2.9326
1374 2.2375
1375 0.0000
1376 4.4228
1377 9.1650
1378 4.3562
1379 0.0000
1380 1.2320
1381 5.5741
1382 0.0000
1383 11.3740
1384 2.2360
1385 -1.2638
1386 0.0000
1387 3.8213
1388 0.0000
1389 2.5367
1390 0.0000
1391 3.8292
1392 4.7353
1393 0.0000
1394 3.5936
1395 0.0000
1396 9.8857
1397 0.0000
1398 10.2846
1399 4.1380
1400 -2.1944
1401 0.0000
1402 9.7220
1403 4.7846
1404 8.4724
1405 0.0000
1406 4.0105
1407 -1.7858
1408 12.3071
1409 0.0000
1410 -1.9349
1411 0.0000
1412 1.8600
1413 0.0000
1414 0.7737
1415 5.9700
1416 0.0000
1417 1.8873
1418 0.0000
1419 2.0068
1420 8.9972
1421 6.4101
1422 1.5255
1423 -1.8022
1424 7.1356
1425 3.6376
1426 -3.1019
1427 5.1586
1428 0.2988
1429 5.8000
1430 -1.8815
1431 13.6342
1432 4.0408
1433 -1.0987
1434 -0.5002
1435 0.0000
1436 3.6745
1437 8.0242
1438 5.0673
1439 6.1429
1440 -0.5558
1441 2.4004
1442 2.0372
1443 2.7258
1444 0.0000
1445 8.9427
1446 0.3754
1447 5.5956
1448 2.3373
1449 7.7087
1450 -0.3287
1451 0.0000
1452 -6.8364
1453 -0.3882
1454 9.8758
1455 0.0000
1456 4.8336
1457 0.8558
1458 -1.5312
1459 4.0321
1460 1.0624
1461 5.5300
1462 -1.4288
1463 -5.5262
1464 0.0000
1465 5.8863
1466 8.2409
1467 3.1612
1468 7.5313
1469 5.2390
1470 0.8739
1471 0.0000
1472 3.0723
1473 0.7476
1474 16.1055
1475 0.0000
1476 0.1217
1477 -0.4893
1478 8.2537
1479 3.2948
1480 -1.1149
1481 12.7743
1482 1.4553
1483 7.1455
1484 0.0000
1485 7.8646
1486 8.2435
1487 9.7333
1488 14.2375
1489 -3.4159
1490 -1.3040
1491 0.0000
1492 -3.7801
1493 2.6614
1494 6.7234
1495 0.0000
1496 0.8635
1497 2.0996
1498 3.2153
1499 3.4401
1500 3.7760
1501 8.9141
1502 3.0070
1503 3.6547
1504 0.0000
1505 10.0789
1506 -4.1815
1507 8.3213
1508 7.4888
1509 11.8637
1510 6.9257
1511 0.0000
1512 -5.1212
1513 12.4051
1514 1.1658
1515 4.3307
1516 -1.1300
1517 0.7662
1518 4.0102
1519 1.1846
1520 -1.4790
1521 -2.9964
1522 3.9380
1523 3.0724
1524 6.5096
1525 2.4588
1526 0.0000
1527 2.4308
1528 -4.1140
1529 8.4334
1530 8.2868
1531 -0.7188
1532 6.8005
1533 -4.1690
1534 0.7908
1535 0.0000
1536 7.0999
1537 6.7870
1538 1.4922
1539 3.5742
1540 9.1204
1541 5.0080
1542 0.0000
1543 0.6537
1544 1.9373
1545 6.3882
1546 0.0000
1547 4.6074
1548 5.6567
1549 0.2142
1550 5.2852
1551 6.7077
1552 15.4346
1553 1.0012
1554 5.7506
1555 0.0000
1556 9.5285
1557 11.3614
1558 0.1559
1559 5.6752
1560 4.8134
1561 7.7195
1562 0.0000
1563 -0.6245
1564 2.2467
1565 0.4342
1566 0.0000
1567 0.9976
1568 -3.0529
1569 10.5779
1570 8.5792
1571 -3.8226
1572 3.7469
1573 -3.0191
1574 2.4147
1575 0.0000
1576 15.1993
1577 6.5309
1578 7.8890
1579 4.0284
1580 9.6992
1581 -5.3069
1582 0.0000
1583 -6.5575
1584 15.9197
1585 6.7506
1586 0.0000
1587 15.4465
1588 0.7893
1589 -0.0119
1590 -8.9493
1591 -1.3231
1592 -1.6950
1593 0.4972
1594 3.1917
1595 0.0000
1596 8.2679
1597 10.5395
1598 12.5486
1599 -2.0681
1600 2.7888
1601 4.6545
1602 0.0000
1603 6.3939
1604 -3.1071
1605 9.9594
1606 9.0121
1607 -1.7649
1608 4.4207
1609 4.1369
1610 6.8285
1611 6.4701
1612 7.1192
1613 9.6462
1614 6.3093
1615 5.9892
1616 0.8694
1617 0.0000
1618 -1.8171
1619 -8.6737
1620 -2.5678
1621 0.8676
1622 -3.1252
1623 -0.7283
1624 0.6369
1625 8.1224
1626 0.0000
1627 1.6876
1628 -0.6931
1629 -0.5274
1630 0.3787
1631 2.0647
1632 3.9243
1633 0.0000
1634 12.7819
1635 2.7185
1636 5.6498
1637 0.0000
1638 4.8560
1639 0.8265
1640 6.9343
1641 9.3611
1642 -8.2291
1643 2.8964
1644 5.8647
1645 9.2277
1646 0.0000
1647 5.7362
1648 3.2622
1649 -3.7695
1650 4.8392
1651 -1.6135
1652 5.9647
1653 0.0000
1654 5.8486
1655 -1.5280
1656 -5.9605
1657 0.0000
1658 1.5027
1659 4.4288
1660 7.6623
1661 3.9568
1662 2.8089
1663 8.0767
1664 7.5697
1665 -0.8478
1666 0.0000
1667 -0.5530
1668 2.4744
1669 5.8362
1670 2.5121
1671 10.1861
1672 4.9136
1673 0.0000
1674 4.8750
1675 0.3508
1676 0.9321
1677 0.0000
1678 4.8004
1679 2.1285
1680 3.6110
1681 4.7477
1682 -3.9680
1683 -13.1558
1684 -0.2289
1685 -2.1395
1686 0.0000
1687 6.1146
1688 5.3245
1689 14.8816
1690 6.4845
1691 10.2237
1692 -3.3411
1693 0.0000
1694 -6.5254
1695 4.8190
1696 5.5455
1697 8.9349
1698 4.8453
1699 5.3468
1700 3.0399
1701 5.6948
1702 8.6471
1703 -1.2170
1704 8.6629
1705 0.1506
1706 -1.2731
1707 4.0419
1708 0.0000
1709 -1.0862
1710 -3.1819
1711 2.5803
1712 10.3690
1713 1.0002
1714 0.2766
1715 4.3678
1716 6.3696
1717 0.0000
1718 1.6377
1719 0.7111
1720 0.5724
1721 3.5675
1722 6.0674
1723 5.6443
1724 0.0000
1725 -3.4872
1726 4.2429
1727 10.1130
1728 0.0000
1729 1.0945
1730 4.3984
1731 5.2771
1732 6.2168
1733 -4.4875
1734 2.2592
1735 9.4491
1736 6.3138
1737 0.0000
1738 1.7809
1739 4.9634
1740 -0.9608
1741 4.4852
1742 4.7261
1743 6.0301
1744 0.0000
1745 0.7848
1746 -1.9719
1747 7.2482
1748 0.0000
1749 3.2536
1750 -5.1632
1751 -0.9162
1752 10.0484
1753 0.8372
1754 3.6984
1755 7.7556
1756 3.7719
1757 0.0000
1758 9.3155
1759 -3.4134
1760 2.0940
1761 4.9480
1762 7.2706
1763 1.0507
1764 0.0000
1765 0.9596
1766 6.6416
1767 -1.0718
1768 0.0000
1769 0.7191
1770 -3.1249
1771 1.0234
1772 -3.0106
1773 -2.1408
1774 -4.1809
1775 1.6503
1776 1.9603
1777 0.0000
1778 16.1411
1779 6.5659
1780 3.7686
1781 3.4565
1782 -6.2436
1783 2.1499
1784 0.0000
1785 2.6284
1786 0.0000
1787 -3.6151
1788 0.0000
1789 6.3336
1790 -1.3951
1791 -8.6293
1792 2.4891
1793 1.1146
1794 -3.5105
1795 3.6319
1796 -1.0790
1797 0.0000
1798 -0.1275
1799 8.6479
1800 -2.9385
1801 15.1444
1802 -6.8101
1803 7.7928
1804 0.0000
1805 8.8303
1806 -3.6989
1807 -0.7713
1808 9.3804
1809 7.6763
1810 -3.2184
1811 0.0000
1812 -10.3847
1813 8.0762
1814 0.1872
1815 7.0478
1816 0.8703
1817 0.4693
1818 0.0000
1819 -5.1906
1820 -0.5971
1821 9.1040
1822 9.4648
1823 4.1159
1824 0.8575
1825 0.0000
1826 -0.0134
1827 9.4249
1828 2.9194
1829 7.9613
1830 3.2456
1831 0.1648
1832 0.0000
1833 3.4709
1834 -0.0304
1835 2.6334
1836 7.3354
1837 5.7776
1838 7.3750
1839 0.0000
1840 9.7504
1841 1.7150
1842 7.0929
1843 -0.5073
1844 1.3573
1845 -6.9241
1846 0.0000
1847 4.4903
1848 3.7217
1849 8.6571
1850 9.0800
1851 0.8195
1852 2.5636
1853 0.0000
1854 3.1787
1855 -2.1512
1856 5.1408
1857 8.5002
1858 -6.8531
1859 9.4495
1860 0.0000
1861 5.7958
1862 1.4257
1863 13.0101
1864 2.5495
1865 10.6138
1866 -1.1796
1867 0.0000
1868 -5.7217
1869 9.5340
1870 4.2408
1871 9.0791
1872 -0.0168
1873 2.1827
1874 0.0000
1875 1.5277
1876 3.8554
1877 0.5345
1878 2.7309
1879 5.9316
1880 -1.2830
1881 0.0000
1882 0.8046
1883 5.7558
1884 3.5119
1885 5.4133
1886 6.3199
1887 1.7140
1888 0.0000
1889 0.0503
1890 -4.4999
1891 9.6550
1892 2.7347
1893 3.2618
1894 7.1768
1895 0.0000
1896 8.4519
1897 5.9595
1898 9.4258
1899 -4.2007
1900 5.0677
1901 2.4315
1902 0.0000
1903 4.9510
1904 0.0000
1905 9.9400
1906 0.0000
1907 3.2956
1908 0.0000
1909 6.4618
1910 6.6147
1911 0.0000
1912 1.5645
1913 9.9410
1914 0.9947
1915 4.8557
1916 0.0000
1917 0.8922
1918 -4.7732
1919 10.1646
1920 0.0000
1921 7.7568
1922 9.4072
1923 5.0427
1924 0.0000
1925 8.7879
1926 2.8081
1927 3.2423
1928 5.3566
1929 2.0975
1930 7.0117
1931 6.9542
1932 4.0737
1933 3.6135
1934 0.0000
1935 -4.3520
1936 0.2415
1937 1.1818
1938 3.2236
1939 7.6498
1940 7.2731
1941 0.0000
1942 2.6728
1943 5.3055
1944 5.0991
1945 5.9555
1946 6.3463
1947 4.2623
1948 0.0000
1949 6.2904
1950 4.4143
1951 3.9365
1952 5.5937
1953 4.9838
1954 6.3994
1955 0.0000
1956 -2.4881
1957 6.5273
1958 4.0001
1959 7.7308
1960 9.9116
1961 0.9192
1962 0.0000
1963 4.8249
1964 2.1974
1965 -1.7348
1966 3.1951
1967 4.5291
1968 1.6366
1969 0.0000
1970 4.2472
1971 5.3138
1972 5.4957
1973 9.2899
1974 4.4384
1975 1.3010
1976 0.0000
1977 3.0430
1978 9.1621
1979 2.7120
1980 6.7000
1981 0.3748
1982 2.2895
1983 0.0000
1984 3.6713
1985 4.3364
1986 6.2570
1987 8.9534
1988 1.4924
1989 1.5129
1990 0.0000
1991 4.4648
1992 2.5380
1993 -0.4468
1994 5.9944
1995 5.0880
1996 0.7656
1997 0.0000
1998 -3.9974
1999 8.7204
2000 3.2758
2001 1.8390
2002 -1.9857
2003 9.0255
2004 0.0000
2005 3.3401
2006 -1.3461
2007 6.6911
2008 2.4825
2009 3.7544
2010 4.6048
2011 0.0000
2012 1.3031
2013 3.4000
2014 0.0000
2015 9.9219
2016 0.3668
2017 4.0959
2018 -2.9695
2019 -0.5280
2020 2.8152
2021 -0.2688
2022 3.0913
2023 0.0000
2024 7.3517
2025 0.5933
2026 0.0000
2027 4.3934
2028 0.0000
2029 5.3334
2030 0.0000
2031 -0.6852
2032 3.7929
2033 0.0000
2034 2.9352
2035 1.0900
2036 0.0000
2037 11.4149
2038 7.7681
2039 3.2929
2040 0.0000
2041 -0.6518
2042 1.2123
2043 0.0000
2044 5.9740
2045 -9.3413
2046 7.9601
2047 0.0000
2048 -0.5710
2049 -0.5432
2050 0.0000
2051 2.8285
2052 2.0261
2053 2.4278
2054 0.0000
2055 -3.3449
2056 7.0901
2057 0.0000
2058 5.5196
2059 -1.8502
2060 2.5151
2061 0.0000
2062 9.5248
2063 5.5444
2064 0.0000
2065 1.4598
2066 4.8999
2067 8.5970
2068 0.0000
2069 6.3996
2070 -8.8173
2071 0.0000
2072 11.3145
2073 1.0376
2074 12.8272
2075 0.0000
2076 1.6303
2077 6.1690
2078 0.0000
2079 -9.4231
2080 5.5854
2081 6.0296
2082 0.0000
2083 -4.7498
2084 2.5049
2085 0.0000
2086 0.6271
2087 8.9678
2088 6.3295
2089 0.0000
2090 2.0710
2091 9.8116
2092 0.0000
2093 4.1102
2094 -3.6681
2095 6.4989
2096 0.0000
2097 4.6181
2098 1.7061
2099 0.0000
2100 13.2644
2101 5.4703
2102 5.7827
2103 0.0000
2104 3.4341
2105 7.0314
2106 0.0000
2107 4.6103
2108 2.5670
2109 5.0886
2110 0.0000
2111 3.5964
2112 -0.4854
2113 0.0000
2114 6.7147
2115 6.6027
2116 7.8091
2117 0.0000
2118 4.5233
2119 10.7199
2120 0.0000
2121 5.1712
2122 0.8388
2123 11.5156
2124 0.0000
2125 2.3601
2126 -0.2033
2127 0.0000
2128 7.9534
2129 3.1050
2130 1.1618
2131 0.0000
2132 1.9812
2133 5.6381
2134 0.0000
2135 4.1824
2136 -2.1963
2137 3.4259
2138 0.0000
2139 1.6037
2140 6.6173
2141 0.0000
2142 8.3292
2143 11.2421
2144 5.7846
2145 0.0000
2146 -0.0712
2147 0.0000
2148 4.7081
2149 0.0000
2150 4.4724
2151 -1.5778
2152 0.0000
2153 7.2000
2154 0.0000
2155 3.4412
2156 0.0000
2157 1.2296
2158 -0.9541
2159 -2.9138
2160 0.0000
2161 11.0822
2162 6.0406
2163 1.9139
2164 0.0000
2165 7.9534
2166 3.5078
2167 6.0140
2168 0.0000
2169 4.5411
2170 0.0000
2171 1.9466
2172 0.0000
2173 -0.5588
2174 0.3466
2175 0.0000
2176 5.6730
2177 0.0000
2178 -2.1382
2179 -1.2833
2180 -1.2349
2181 3.4449
2182 8.0290
2183 6.0149
2184 3.6061
2185 -0.1155
2186 -2.3379
2187 7.0119
2188 5.5138
2189 0.7693
2190 2.5731
2191 8.8954
2192 3.6243
2193 11.6696
2194 0.0000
2195 1.5308
2196 -5.8956
2197 6.9318
2198 8.2262
2199 -5.8271
2200 6.5787
2201 1.5531
2202 5.2089
2203 0.0000
2204 -0.1962
2205 -2.8514
2206 -4.6943
2207 10.0411
2208 4.9779
2209 -1.1566
2210 0.0000
2211 -4.3124
2212 5.7501
2213 9.8013
2214 0.0000
2215 10.9468
2216 -3.6682
2217 1.6537
2218 9.6809
2219 1.1928
2220 7.7154
2221 -0.8687
2222 6.1295
2223 0.0000
2224 5.6145
2225 -1.0057
2226 8.1804
2227 8.1911
2228 5.2468
2229 7.4219
2230 0.0000
2231 3.3392
2232 -4.8567
2233 5.4287
2234 0.0000
2235 5.0198
2236 1.1757
2237 14.0536
2238 15.1219
2239 -3.0145
2240 -4.3721
2241 -0.7296
2242 4.1054
2243 0.0000
2244 4.9066
2245 8.6456
2246 8.2878
2247 -0.6467
2248 2.2585
2249 0.3122
2250 0.0000
2251 0.9551
2252 7.8298
2253 -1.5626
2254 0.0000
2255 3.2554
2256 -8.4728
2257 0.1729
2258 -5.4311
2259 -2.2010
2260 0.7430
2261 0.1605
2262 -4.1048
2263 0.0000
2264 4.5396
2265 1.8144
2266 7.4824
2267 2.9512
2268 9.9260
2269 5.0388
2270 0.0000
2271 1.6444
2272 5.7190
2273 1.4514
2274 9.3030
2275 10.5844
2276 14.7348
2277 1.4046
2278 6.4733
2279 1.5545
2280 1.0691
2281 4.1876
2282 0.4821
2283 5.3289
2284 1.7025
2285 0.0000
2286 3.6475
2287 -1.1845
2288 -3.1831
2289 1.5709
2290 -4.6762
2291 6.6192
2292 1.7968
2293 8.2302
2294 0.0000
2295 17.7723
2296 8.0353
2297 10.7175
2298 3.0672
2299 7.9425
2300 3.9786
2301 0.0000
2302 1.6550
2303 3.3263
2304 1.1122
2305 0.0000
2306 6.7437
2307 3.0861
2308 8.0200
2309 3.8561
2310 -4.3640
2311 -2.9823
2312 3.9337
2313 7.2172
2314 0.0000
2315 5.2713
2316 3.3183
2317 3.5827
2318 7.4856
2319 13.2338
2320 4.3681
2321 0.0000
2322 4.6098
2323 6.4310
2324 8.5747
2325 0.0000
2326 2.3391
2327 4.0023
2328 -0.0654
2329 2.7279
2330 5.7229
2331 7.9577
2332 0.0464
2333 2.9836
2334 0.0000
2335 6.4533
2336 -1.2270
2337 2.4651
2338 -0.2318
2339 8.4864
2340 2.9926
2341 0.0000
2342 -2.1387
2343 -2.9077
2344 0.4508
2345 0.0000
2346 0.6360
2347 4.4182
2348 -0.7794
2349 4.1976
2350 -6.2540
2351 4.0945
2352 4.6473
2353 12.9809
2354 0.0000
2355 5.5716
2356 1.1676
2357 7.9856
2358 2.4996
2359 5.1040
2360 -2.1414
2361 0.0000
2362 -2.1086
2363 5.4930
2364 4.4038
2365 -0.6865
2366 -0.0675
2367 -0.4489
2368 1.0132
2369 6.9759
2370 -0.5856
2371 3.7367
2372 5.8872
2373 0.7815
2374 3.7513
2375 2.6376
2376 0.0000
2377 7.7634
2378 -1.2874
2379 0.8715
2380 10.8673
2381 1.8497
2382 16.0218
2383 3.8638
2384 4.0387
2385 0.0000
2386 3.0203
2387 2.0642
2388 5.8640
2389 3.6622
2390 3.6017
2391 1.4460
2392 0.0000
2393 -9.3672
2394 0.3599
2395 8.1173
2396 0.0000
2397 5.4104
2398 4.2377
2399 10.3111
2400 3.2660
2401 8.3878
2402 13.0993
2403 10.7963
2404 5.9310
2405 0.0000
2406 14.2780
2407 3.0021
2408 6.9021
2409 -2.4290
2410 8.2040
2411 7.3296
2412 0.0000
2413 8.8345
2414 4.4263
2415 2.8798
2416 0.0000
2417 6.8005
2418 -1.1534
2419 0.6221
2420 7.2967
2421 -2.5858
2422 -5.9230
2423 6.8336
2424 7.1367
2425 0.0000
2426 7.7661
2427 9.9654
2428 -2.9280
2429 -0.5194
2430 1.8442
2431 3.8668
2432 0.0000
2433 0.9812
2434 4.3459
2435 9.4022
2436 0.0000
2437 0.3988
2438 0.7266
2439 4.8875
2440 2.3620
2441 -1.8797
2442 6.0249
2443 -5.5791
2444 7.0449
2445 0.0000
2446 2.5139
2447 5.3940
2448 5.9679
2449 7.0030
2450 1.7549
2451 12.6152
2452 0.0000
2453 -7.9310
2454 2.6432
2455 13.0213
2456 5.8790
2457 5.6158
2458 0.5793
2459 7.9496
2460 4.0648
2461 0.9214
2462 2.9740
2463 3.4594
2464 1.3854
2465 -0.1515
2466 -4.6767
2467 0.0000
2468 6.5976
2469 0.0158
2470 5.8535
2471 4.2649
2472 -2.4527
2473 4.5690
2474 2.3630
2475 5.2476
2476 0.0000
2477 2.8024
2478 14.9620
2479 9.0997
2480 4.7009
2481 7.3043
2482 1.2753
2483 0.0000
2484 -5.0890
2485 8.2447
2486 -1.1869
2487 0.0000
2488 0.7051
2489 -0.6132
2490 8.1232
2491 0.0427
2492 1.3141
2493 -2.3041
2494 -2.4876
2495 5.7723
2496 0.0000
2497 5.6651
2498 5.1516
2499 9.9253
2500 1.2832
2501 3.6855
2502 17.0769
2503 0.0000
2504 3.2436
2505 -1.7880
2506 1.9990
2507 0.0000
2508 -0.9910
2509 4.2465
2510 0.0475
2511 5.6872
2512 -3.5508
2513 4.4412
2514 1.7232
2515 10.5899
2516 0.0000
2517 7.5167
2518 5.3876
2519 13.5822
2520 -2.1549
2521 10.4604
2522 4.8560
2523 0.0000
2524 6.3323
2525 -1.2982
2526 10.5992
2527 0.0000
2528 3.9410
2529 4.0560
2530 5.9817
2531 5.4871
2532 3.2720
2533 10.4452
2534 6.4681
2535 4.3179
2536 0.0000
2537 2.8723
2538 6.3614
2539 5.7080
2540 4.5907
2541 -0.5367
2542 -3.5938
2543 0.0000
2544 1.8925
2545 0.0000
2546 3.3838
2547 0.0000
2548 10.7006
2549 0.6104
2550 -2.6111
2551 1.0314
2552 -1.3731
2553 4.1796
2554 0.5954
2555 0.0019
2556 0.0000
2557 1.7047
2558 8.5455
2559 6.9548
2560 17.6071
2561 1.8367
2562 2.8785
2563 0.0000
2564 -2.2527
2565 5.9532
2566 11.4458
2567 3.0112
2568 2.7599
2569 4.8124
2570 0.0000
2571 3.1457
2572 2.2959
2573 2.8142
2574 3.2556
2575 1.7573
2576 3.1210
2577 0.0000
2578 6.8900
2579 2.9040
2580 5.1763
2581 5.5365
2582 8.9838
2583 -2.3152
2584 0.0000
2585 4.3346
2586 1.5632
2587 8.1598
2588 -0.2785
2589 -2.6237
2590 6.6740
2591 0.0000
2592 -0.8633
2593 -0.1126
2594 3.6608
2595 4.9541
2596 9.2498
2597 7.4402
2598 0.0000
2599 -0.3966
2600 5.7116
2601 10.8431
2602 8.1470
2603 4.9231
2604 3.8809
2605 0.0000
2606 6.4654
2607 7.1341
2608 3.4440
2609 -0.1469
2610 4.7108
2611 1.7759
2612 0.0000
2613 -2.5222
2614 9.1303
2615 7.7444
2616 4.2462
2617 -0.8715
2618 -6.8623
2619 0.0000
2620 2.2716
2621 -2.5826
2622 8.4527
2623 5.4165
2624 -0.0702
2625 -1.0998
2626 0.0000
2627 -2.6724
2628 5.8591
2629 1.4699
2630 11.7530
2631 5.0136
2632 1.3010
2633 0.0000
2634 13.8837
2635 3.2296
2636 2.9216
2637 0.5882
2638 4.9888
2639 1.6673
2640 0.0000
2641 3.4614
2642 10.8859
2643 6.2714
2644 3.1288
2645 3.5475
2646 0.2693
2647 0.0000
2648 0.8497
2649 6.7582
2650 7.1539
2651 8.1231
2652 10.6350
2653 5.4014
2654 0.0000
2655 3.2905
2656 -0.7288
2657 3.8704
2658 3.9463
2659 1.7715
2660 2.2314
2661 0.0000
2662 -1.3590
2663 0.0000
2664 6.6061
2665 0.0000
2666 7.5149
2667 0.0000
2668 -0.2954
2669 2.4411
2670 0.0000
2671 10.1328
2672 -1.2670
2673 -0.6259
2674 1.0245
2675 0.0000
2676 5.9643
2677 1.5956
2678 8.2131
2679 0.0000
2680 4.1325
2681 10.3364
2682 7.8531
2683 0.0000
2684 -0.1365
2685 -1.7434
2686 4.1675
2687 -6.4525
2688 11.8080
2689 8.9258
2690 -1.8913
2691 1.7847
2692 5.1272
2693 0.0000
2694 -2.4598
2695 5.1591
2696 0.9816
2697 -1.5376
2698 4.0868
2699 2.7672
2700 0.0000
2701 -4.7958
2702 5.4089
2703 1.1775
2704 5.3328
2705 5.8556
2706 13.5917
2707 0.0000
2708 -0.5627
2709 -1.7843
2710 1.0212
2711 7.4122
2712 -5.6982
2713 4.4554
2714 0.0000
2715 -1.0825
2716 7.0419
2717 -6.1836
2718 4.5457
2719 -1.6361
2720 -0.3292
2721 0.0000
2722 2.0257
2723 4.9886
2724 8.6844
2725 9.7907
2726 2.3793
2727 -3.3692
2728 0.0000
2729 4.0023
2730 4.1781
2731 4.6708
2732 4.9570
2733 6.8312
2734 7.6475
2735 0.0000
2736 -0.5228
2737 3.9514
2738 0.4967
2739 6.8684
2740 6.0035
2741 14.1517
2742 0.0000
2743 -4.2770
2744 2.2923
2745 5.6388
2746 12.9335
2747 10.0310
2748 9.4038
2749 0.0000
2750 -3.8425
2751 9.5751
2752 2.1896
2753 2.6013
2754 5.9299
2755 4.9158
2756 0.0000
2757 -5.9402
2758 6.3949
2759 -0.0207
2760 1.0002
2761 4.1979
2762 13.0214
2763 0.0000
2764 -3.5225
2765 8.6539
2766 -3.2291
2767 -4.2491
2768 -0.6688
2769 6.6391
2770 0.0000
2771 -3.1752
2772 5.7167
2773 0.0000
2774 0.6467
2775 3.0489
2776 1.9859
2777 -4.7131
2778 5.6424
2779 0.3875
2780 -1.4423
2781 2.2698
2782 0.0000
2783 3.8066
2784 0.8117
2785 0.0000
2786 9.6410
2787 0.0000
2788 1.1974
2789 0.0000
2790 3.9107
2791 6.1838
2792 0.0000
2793 0.4089
2794 5.4398
2795 0.0000
2796 -1.9056
2797 5.7614
2798 -4.3559
2799 0.0000
2800 2.4686
2801 11.9223
2802 0.0000
2803 4.8168
2804 3.1584
2805 -0.6706
2806 0.0000
2807 1.9411
2808 -0.0005
2809 0.0000
2810 -3.4375
2811 9.4863
2812 7.6945
2813 0.0000
2814 1.0524
2815 13.7100
2816 0.0000
2817 3.4388
2818 7.5386
2819 1.9808
2820 0.0000
2821 2.5750
2822 3.9748
2823 0.0000
2824 2.3361
2825 -3.4688
2826 0.1142
2827 0.0000
2828 0.0767
2829 5.2797
2830 0.0000
2831 2.0207
2832 9.5078
2833 1.9885
2834 0.0000
2835 1.0314
2836 -1.2627
2837 0.0000
2838 6.4459
2839 2.6518
2840 3.5057
2841 0.0000
2842 5.2478
2843 3.9754
2844 0.0000
2845 4.5489
2846 0.7333
2847 8.3443
2848 0.0000
2849 5.4538
2850 -3.2408
2851 0.0000
2852 -0.5370
2853 0.5301
2854 7.6200
2855 0.0000
2856 0.8265
2857 5.0221
2858 0.0000
2859 5.1844
2860 -2.5577
2861 -0.5804
2862 0.0000
2863 10.4168
2864 3.4091
2865 0.0000
2866 9.9515
2867 5.8010
2868 5.0005
2869 0.0000
2870 -1.5341
2871 -2.9589
2872 0.0000
2873 -4.4733
2874 -2.0736
2875 -0.1818
2876 0.0000
2877 -3.0736
2878 6.8864
2879 0.0000
2880 4.0408
2881 9.1887
2882 6.7554
2883 0.0000
2884 -8.0046
2885 5.1745
2886 0.0000
2887 -6.2268
2888 -4.4807
2889 10.1797
2890 0.0000
2891 -0.0910
2892 4.0193
2893 0.0000
2894 2.9850
2895 10.8890
2896 4.6065
2897 0.0000
2898 5.4819
2899 10.2898
2900 0.0000
2901 4.0575
2902 7.6095
2903 -0.7954
2904 0.0000
2905 0.5523
2906 0.0000
2907 7.9711
2908 0.0000
2909 -2.4881
2910 3.6734
2911 0.0000
2912 -3.6973
2913 0.0000
2914 -2.9345
2915 0.0000
2916 8.1697
2917 1.9474
2918 8.4665
2919 0.0000
2920 3.0321
2921 2.4784
2922 4.8732
2923 0.0000
2924 5.2505
2925 5.8141
2926 11.4507
2927 0.0000
2928 8.4491
2929 0.0000
2930 3.7654
2931 0.0000
2932 2.9967
2933 0.4762
2934 0.0000
2935 10.2436
2936 0.0000
2937 7.6539
2938 3.5259
2939 4.9882
2940 2.9156
2941 1.6255
2942 9.0149
2943 2.6757
2944 1.5453
2945 4.0674
2946 12.7858
2947 7.0253
2948 0.1075
2949 1.1646
2950 0.8273
2951 -3.1739
2952 4.6903
2953 0.0000
2954 0.8650
2955 2.3066
2956 4.2934
2957 10.3892
2958 3.3605
2959 14.2539
2960 6.2024
2961 11.0082
2962 0.0000
2963 6.1806
2964 3.3933
2965 -1.4834
2966 10.7508
2967 -4.7655
2968 9.9255
2969 0.0000
2970 3.6790
2971 6.6267
2972 2.9775
2973 0.0000
2974 6.8071
2975 -4.4720
2976 -1.0732
2977 4.0416
2978 -2.3966
2979 17.9444
2980 10.4047
2981 6.8697
2982 0.0000
2983 -2.0554
2984 0.8297
2985 0.4827
2986 0.8742
2987 6.9985
2988 3.3290
2989 0.0000
2990 4.6532
2991 -3.7828
2992 4.6170
2993 0.0000
2994 0.7191
2995 5.3217
2996 0.5076
2997 6.4714
2998 3.9840
2999 1.5714
3000 1.2318
3001 11.4425
3002 0.0000
3003 7.4526
3004 -1.7656
3005 5.6500
3006 5.5093
3007 0.3147
3008 0.6106
3009 0.0000
3010 -3.5018
3011 10.8933
3012 3.0452
3013 0.0000
3014 3.8212
3015 -1.3414
3016 5.1461
3017 1.9016
3018 -1.6186
3019 0.3476
3020 3.3209
3021 13.4425
3022 0.0000
3023 8.8416
3024 8.6333
3025 12.6283
3026 -1.0579
3027 -4.8326
3028 -5.0955
3029 0.0000
3030 -0.0890
3031 1.3824
3032 8.6339
3033 2.0326
3034 13.6831
3035 -1.3658
3036 8.3053
3037 4.6547
3038 -0.4618
3039 9.5945
3040 8.5542
3041 -6.5132
3042 2.2946
3043 3.8942
3044 0.0000
3045 0.3264
3046 4.3128
3047 0.3747
3048 2.3340
3049 -7.1837
3050 4.7847
3051 3.5684
3052 -2.9095
3053 0.0000
3054 12.2523
3055 1.6393
3056 9.1387
3057 -4.2016
3058 5.1725
3059 5.4419
3060 0.0000
3061 -3.1940
3062 -5.5351
3063 -6.7384
3064 0.0000
3065 1.4422
3066 3.3655
3067 -2.9908
3068 4.9517
3069 -0.4515
3070 -0.3047
3071 -4.2856
3072 10.8443
3073 0.0000
3074 -1.6810
3075 2.2060
3076 9.5260
3077 3.0882
3078 1.4847
3079 10.5688
3080 0.0000
3081 -1.8119
3082 3.9749
3083 2.8454
3084 0.0000
3085 4.9543
3086 -1.2512
3087 -2.6829
3088 -2.6024
3089 0.1061
3090 7.7144
3091 7.5436
3092 3.4183
3093 0.0000
3094 7.5253
3095 0.5774
3096 3.7537
3097 -2.8956
3098 11.3112
3099 0.5990
3100 0.0000
3101 -2.4333
3102 13.8316
3103 3.3439
3104 0.0000
3105 -4.7968
3106 -1.5002
3107 13.0921
3108 2.7684
3109 5.4206
3110 -1.3957
3111 9.1010
3112 1.5466
3113 0.0000
3114 9.0936
3115 7.8191
3116 4.7141
3117 -2.6360
3118 -0.3980
3119 5.0632
3120 0.0000
3121 -0.4047
3122 7.8132
3123 8.0197
3124 0.1602
3125 -2.8866
3126 9.7395
3127 2.3980
3128 5.5443
3129 -1.1332
3130 5.8463
3131 7.2312
3132 -0.1410
3133 0.4580
3134 3.9779
3135 0.0000
3136 12.4364
3137 -3.6448
3138 2.7074
3139 11.9413
3140 0.1339
3141 5.2301
3142 3.7175
3143 -3.4302
3144 0.0000
3145 1.6169
3146 -2.9430
3147 -6.2165
3148 6.3337
3149 6.2066
3150 8.6429
3151 0.0000
3152 2.6850
3153 0.8953
3154 4.2269
3155 0.0000
3156 7.4423
3157 1.5450
3158 4.9916
3159 0.9875
3160 2.2160
3161 2.7936
3162 2.7460
3163 2.0531
3164 0.0000
3165 -3.5102
3166 7.5776
3167 12.2382
3168 4.7728
3169 6.3382
3170 7.2088
3171 0.0000
3172 -1.2674
3173 2.8074
3174 0.9610
3175 0.0000
3176 6.7042
3177 -0.8964
3178 -2.4855
3179 9.0379
3180 -3.5872
3181 10.5887
3182 4.1101
3183 1.1549
3184 0.0000
3185 5.7624
3186 4.8350
3187 6.7561
3188 9.8107
3189 1.9836
3190 6.5379
3191 0.0000
3192 3.1700
3193 -3.4077
3194 11.4929
3195 0.0000
3196 3.0066
3197 -1.4094
3198 2.2212
3199 0.4629
3200 5.8743
3201 -0.0043
3202 -3.0672
3203 1.1746
3204 0.0000
3205 6.3519
3206 8.6847
3207 9.6419
3208 10.1915
3209 1.8572
3210 11.3587
3211 0.0000
3212 0.8529
3213 2.6870
3214 -2.2520
3215 -2.8243
3216 6.1007
3217 6.2493
3218 6.9713
3219 1.0705
3220 5.6976
3221 8.1205
3222 -0.5582
3223 2.9935
3224 3.2448
3225 -1.0637
3226 0.0000
3227 -0.2379
3228 -3.3839
3229 12.1851
3230 3.1126
3231 4.7373
3232 -0.0866
3233 1.8215
3234 1.3223
3235 0.0000
3236 4.6373
3237 6.2485
3238 7.4274
3239 4.3115
3240 9.7517
3241 6.3001
3242 0.0000
3243 -1.6494
3244 -1.8392
3245 2.9517
3246 0.0000
3247 4.6431
3248 2.7300
3249 -1.6929
3250 -5.3612
3251 0.5426
3252 7.3715
3253 8.0405
3254 8.8497
3255 0.0000
3256 7.9089
3257 0.3868
3258 4.3268
3259 2.7847
3260 6.0332
3261 10.4161
3262 0.0000
3263 0.3669
3264 1.9643
3265 7.4783
3266 0.0000
3267 3.3088
3268 -1.7678
3269 2.5894
3270 11.5493
3271 -6.7332
3272 -3.5237
3273 3.0469
3274 4.5725
3275 0.0000
3276 -0.3405
3277 3.7626
3278 5.1842
3279 5.3391
3280 7.4916
3281 -1.9882
3282 0.0000
3283 -0.5097
3284 -0.2940
3285 3.3372
3286 0.0000
3287 0.8535
3288 0.0164
3289 8.6571
3290 6.5775
3291 -2.0245
3292 -3.7492
3293 2.5176
3294 -5.1597
3295 0.0000
3296 2.2154
3297 5.9247
3298 11.6636
3299 2.9303
3300 3.5642
3301 -0.0518
3302 0.0000
3303 4.5736
3304 0.0000
3305 -0.6819
3306 0.0000
3307 0.5658
3308 -1.6681
3309 4.3370
3310 -2.2095
3311 -0.0311
3312 0.1245
3313 5.6495
3314 -3.5989
3315 0.0000
3316 2.5145
3317 12.2069
3318 7.6651
3319 2.4206
3320 0.0730
3321 0.6855
3322 0.0000
3323 -1.6724
3324 -6.0361
3325 12.5331
3326 4.0669
3327 6.0384
3328 5.1380
3329 0.0000
3330 0.2302
3331 -1.5627
3332 -6.7700
3333 -0.3730
3334 6.6086
3335 -2.8252
3336 0.0000
3337 3.7086
3338 0.2183
3339 0.7907
3340 -5.6497
3341 -1.5394
3342 6.2499
3343 0.0000
3344 1.3035
3345 5.8565
3346 1.7260
3347 3.6267
3348 10.0656
3349 6.8186
3350 0.0000
3351 -2.3076
3352 4.4815
3353 4.9528
3354 7.7277
3355 3.4140
3356 4.1678
3357 0.0000
3358 -3.6912
3359 3.2369
3360 1.8343
3361 10.0626
3362 4.3869
3363 0.7169
3364 0.0000
3365 -5.7251
3366 4.6553
3367 5.7865
3368 4.5362
3369 -0.7933
3370 5.8407
3371 0.0000
3372 4.7228
3373 10.2499
3374 9.4786
3375 1.1947
3376 2.0547
3377 6.5710
3378 0.0000
3379 3.3603
3380 9.8671
3381 6.4287
3382 9.6371
3383 4.5079
3384 1.6594
3385 0.0000
3386 10.0628
3387 1.0959
3388 -1.6155
3389 -1.5949
3390 6.7089
3391 3.9472
3392 0.0000
3393 -4.8849
3394 2.6727
3395 10.1123
3396 0.4670
3397 9.2947
3398 5.8207
3399 0.0000
3400 -1.0157
3401 11.0096
3402 -2.8710
3403 -1.8489
3404 13.4106
3405 6.7675
3406 0.0000
3407 -3.2766
3408 -1.1072
3409 6.2060
3410 3.8216
3411 12.8811
3412 14.4316
3413 0.0000
3414 -2.3448
3415 -0.9510
3416 -2.2874
3417 3.7641
3418 -7.5850
3419 2.0689
3420 0.0000
3421 2.0498
3422 0.0000
3423 -1.1548
3424 0.0000
3425 2.3007
3426 0.0000
3427 4.5923
3428 4.3768
3429 0.0000
3430 4.2939
3431 4.6863
3432 14.7260
3433 8.7374
3434 0.0000
3435 1.0292
3436 9.1519
3437 -2.8339
3438 0.0000
3439 1.6265
3440 6.8648
3441 7.3692
3442 0.0000
3443 6.6421
3444 4.9449
3445 2.1995
3446 -4.2139
3447 4.3198
3448 8.7032
3449 0.6996
3450 -1.2268
3451 1.6177
3452 0.0000
3453 0.8848
3454 5.4895
3455 -1.1807
3456 -1.4893
3457 -2.8087
3458 0.5194
3459 0.0000
3460 8.9858
3461 6.4061
3462 8.8980
3463 4.0752
3464 6.8735
3465 3.4479
3466 0.0000
3467 0.7497
3468 5.2265
3469 2.3175
3470 7.7842
3471 4.8926
3472 4.8101
3473 0.0000
3474 -0.2082
3475 -1.2351
3476 3.6583
3477 4.2403
3478 -0.0677
3479 -4.8266
3480 0.0000
3481 3.3197
3482 3.1606
3483 7.4490
3484 6.7650
3485 6.0834
3486 0.4443
3487 0.0000
3488 4.3212
3489 3.6891
3490 11.2055
3491 4.2939
3492 8.3501
3493 11.5879
3494 0.0000
3495 6.9357
3496 2.8663
3497 3.8349
3498 5.5329
3499 4.4015
3500 7.4054
3501 0.0000
3502 0.9453
3503 1.7151
3504 5.2236
3505 -8.7765
3506 3.2628
3507 0.7926
3508 0.0000
3509 -3.2162
3510 5.3491
3511 10.9701
3512 4.2463
3513 6.3322
3514 2.5890
3515 0.0000
3516 5.3459
3517 4.8807
3518 1.1317
3519 5.2003
3520 5.2465
3521 9.6443
3522 0.0000
3523 -1.2802
3524 2.3552
3525 -2.3960
3526 8.4857
3527 2.0328
3528 -3.4206
3529 0.0000
3530 -0.1502
3531 0.3853
3532 0.0000
3533 2.3352
3534 0.4088
3535 1.0912
3536 4.9658
3537 -1.0064
3538 5.6760
3539 5.1294
3540 -0.1944
3541 0.0000
3542 -6.2132
3543 4.7188
3544 0.0000
3545 1.5332
3546 0.0000
3547 -6.3962
3548 0.0000
3549 16.8086
3550 -4.3394
3551 0.0000
3552 -1.5019
3553 -0.0076
3554 0.0000
3555 -0.4344
3556 6.8338
3557 6.2133
3558 0.0000
3559 0.9602
3560 5.9307
3561 0.0000
3562 10.1090
3563 0.2706
3564 1.7053
3565 0.0000
3566 4.5439
3567 4.8868
3568 0.0000
3569 5.5255
3570 1.5200
3571 7.8746
3572 0.0000
3573 -5.3102
3574 -0.2429
3575 0.0000
3576 10.1861
3577 6.4455
3578 -0.5728
3579 0.0000
3580 7.6060
3581 -1.3672
3582 0.0000
3583 2.8231
3584 -1.5884
3585 1.3230
3586 0.0000
3587 0.5915
3588 5.3944
3589 0.0000
3590 -2.4267
3591 0.1192
3592 5.3967
3593 0.0000
3594 -2.5513
3595 3.1499
3596 0.0000
3597 6.4960
3598 3.2031
3599 -0.5711
3600 0.0000
3601 5.7408
3602 2.6893
3603 0.0000
3604 3.7319
3605 6.3209
3606 2.4390
3607 0.0000
3608 -0.7449
3609 3.4744
3610 0.0000
3611 10.5030
3612 7.8816
3613 0.5002
3614 0.0000
3615 1.9486
3616 4.5533
3617 0.0000
3618 5.6082
3619 8.5662
3620 1.8009
3621 0.0000
3622 5.1096
3623 6.1733
3624 0.0000
3625 5.7806
3626 4.1309
3627 9.2878
3628 0.0000
3629 -1.9247
3630 1.4948
3631 0.0000
3632 2.4287
3633 0.4701
3634 6.6210
3635 0.0000
3636 3.4344
3637 -5.7797
3638 0.0000
3639 9.3798
3640 1.4832
3641 4.8615
3642 0.0000
3643 -10.2411
3644 0.5769
3645 0.0000
3646 4.6302
3647 9.3476
3648 1.3857
3649 0.0000
3650 -2.3290
3651 -1.3811
3652 0.0000
3653 3.4491
3654 8.8069
3655 6.2365
3656 0.0000
3657 -1.1577
3658 6.2463
3659 0.0000
3660 7.0152
3661 -3.6601
3662 -0.9446
3663 0.0000
3664 -0.4221
3665 0.0000
3666 -0.2860
3667 0.0000
3668 1.7982
3669 8.5727
3670 0.0000
3671 2.0061
3672 0.0000
3673 11.7108
3674 0.0000
3675 1.2505
3676 7.5165
3677 -1.1863
3678 0.0000
3679 9.5303
3680 7.4613
3681 5.8031
3682 0.0000
3683 3.3594
3684 8.0820
3685 -0.7606
3686 0.0000
3687 2.0924
3688 0.0000
3689 6.2735
3690 0.0000
3691 7.4509
3692 -1.5209
3693 0.0000
3694 2.8906
3695 0.0000
3696 7.4335
3697 3.3402
3698 9.0709
3699 -4.9727
3700 3.5984
3701 3.2555
3702 -2.9883
3703 7.0258
3704 1.2183
3705 5.3937
3706 15.1055
3707 -2.1309
3708 -2.9268
3709 4.9329
3710 -3.2955
3711 2.5936
3712 0.0000
3713 2.7779
3714 1.8911
3715 3.4175
3716 6.1248
3717 -3.0167
3718 -2.0317
3719 1.6559
3720 1.7206
3721 0.0000
3722 1.3448
3723 5.4301
3724 9.0961
3725 1.2495
3726 -2.1013
3727 1.4922
3728 0.0000
3729 0.2864
3730 -0.7950
3731 -1.6867
3732 0.0000
3733 11.9347
3734 6.2091
3735 4.3771
3736 4.3373
3737 -5.0688
3738 0.3633
3739 10.1986
3740 3.7717
3741 0.0000
3742 2.6401
3743 10.2142
3744 4.1887
3745 2.6019
3746 -6.2845
3747 4.1909
3748 0.0000
3749 -2.8399
3750 8.9739
3751 8.4899
3752 0.0000
3753 1.2325
3754 1.5468
3755 12.2363
3756 -2.2930
3757 3.8810
3758 15.4459
3759 4.4885
3760 3.8990
3761 0.0000
3762 7.0236
3763 0.6454
3764 2.5720
3765 11.2168
3766 7.1302
3767 5.0186
3768 0.0000
3769 2.5372
3770 5.9923
3771 7.2211
3772 0.0000
3773 0.6567
3774 -0.4389
3775 0.4987
3776 0.9890
3777 2.7890
3778 6.7263
3779 0.5708
3780 5.8099
3781 0.0000
3782 2.3109
3783 9.1317
3784 6.7459
3785 -1.5102
3786 1.7570
3787 3.6922
3788 0.0000
3789 3.0065
3790 7.4351
3791 1.7741
3792 4.5337
3793 5.0545
3794 5.7988
3795 6.8043
3796 11.6738
3797 10.4177
3798 8.1280
3799 5.1566
3800 1.5748
3801 2.2830
3802 5.2571
3803 0.0000
3804 1.1145
3805 -7.9604
3806 5.7287
3807 1.5238
3808 4.3356
3809 15.7407
3810 0.7477
3811 -6.4782
3812 0.0000
3813 4.1500
3814 13.5556
3815 -6.0200
3816 7.1986
3817 0.3718
3818 3.6149
3819 0.0000
3820 -0.6616
3821 1.3111
3822 6.7990
3823 0.0000
3824 6.9114
3825 -0.0772
3826 6.7827
3827 9.2233
3828 -1.2901
3829 6.6822
3830 7.2596
3831 12.6007
3832 0.0000
3833 1.7437
3834 7.7221
3835 0.8136
3836 6.0031
3837 -2.7251
3838 12.5663
3839 0.0000
3840 -3.6332
3841 4.2744
3842 2.7847
3843 0.0000
3844 2.5905
3845 -9.2874
3846 5.8241
3847 5.2376
3848 -0.3023
3849 1.6787
3850 1.5606
3851 -0.8778
3852 0.0000
3853 5.8178
3854 5.6527
3855 0.6794
3856 5.1160
3857 8.3210
3858 -6.4287
3859 0.0000
3860 -8.1460
3861 7.0755
3862 2.7217
3863 0.0000
3864 3.4810
3865 -6.8438
3866 -0.3339
3867 3.0358
3868 -5.0881
3869 -2.1046
3870 -5.8024
3871 -4.6544
3872 0.0000
3873 7.9389
3874 7.4379
3875 7.8930
3876 4.7382
3877 -7.5482
3878 4.6742
3879 0.0000
3880 -2.7372
3881 8.5984
3882 -1.6635
3883 1.5822
3884 6.5153
3885 8.0429
3886 7.1264
3887 1.9403
3888 6.7875
3889 2.2235
3890 2.5506
3891 -3.2133
3892 3.5165
3893 7.1976
3894 0.0000
3895 8.1822
3896 0.7360
3897 2.4310
3898 1.7360
3899 -0.9900
3900 10.1437
3901 4.9080
3902 -1.7790
3903 0.0000
3904 10.5099
3905 5.3417
3906 5.9287
3907 1.4550
3908 6.7806
3909 5.1037
3910 0.0000
3911 -2.7745
3912 6.6438
3913 5.9683
3914 0.0000
3915 2.2499
3916 2.8585
3917 6.7402
3918 -7.5006
3919 2.9620
3920 2.0243
3921 9.4455
3922 -4.8337
3923 0.0000
3924 9.7764
3925 6.0603
3926 5.3881
3927 6.4557
3928 6.3217
3929 5.4980
3930 0.0000
3931 0.7702
3932 0.5420
3933 2.8361
3934 0.0000
3935 9.9187
3936 5.2654
3937 -4.2669
3938 -1.3847
3939 -1.5610
3940 -0.7448
3941 6.8727
3942 9.1524
3943 0.0000
3944 10.4095
3945 0.8666
3946 5.0633
3947 2.1108
3948 8.2786
3949 3.6033
3950 0.0000
3951 -5.5307
3952 5.5968
3953 -1.5626
3954 0.0000
3955 0.7677
3956 -0.1497
3957 6.9534
3958 5.6476
3959 -0.2402
3960 2.0814
3961 -0.7296
3962 11.8932
3963 0.0000
3964 -1.6742
3965 3.9814
3966 4.9299
3967 4.4980
3968 3.7476
3969 10.8576
3970 0.0000
3971 0.4414
3972 14.3523
3973 5.1907
3974 9.3058
3975 6.8971
3976 7.5326
3977 8.0213
3978 1.8662
3979 3.8135
3980 1.7643
3981 6.8224
3982 -0.7736
3983 7.7748
3984 2.6750
3985 0.0000
3986 1.4056
3987 6.4349
3988 -3.0616
3989 0.8407
3990 5.6796
3991 14.8055
3992 7.2664
3993 -1.0280
3994 0.0000
3995 1.6919
3996 1.6911
3997 12.2211
3998 6.7635
3999 -1.9177
4000 3.5369
4001 0.0000
4002 7.9762
4003 -1.4965
4004 4.0732
4005 0.0000
4006 5.7548
4007 -3.7216
4008 2.9328
4009 -1.6374
4010 0.5920
4011 -3.9769
4012 -0.0504
4013 6.0838
4014 0.0000
4015 -0.1298
4016 5.1371
4017 1.6579
4018 3.0202
4019 1.2543
4020 -1.1053
4021 0.0000
4022 4.5304
4023 6.5459
4024 1.3299
4025 0.0000
4026 15.7774
4027 -1.7989
4028 6.4615
4029 2.5285
4030 -4.3153
4031 8.0585
4032 6.9402
4033 3.6414
4034 0.0000
4035 8.1755
4036 8.3827
4037 4.4889
4038 6.4992
4039 8.9611
4040 -0.9697
4041 0.0000
4042 0.4657
4043 13.7339
4044 0.6611
4045 0.0000
4046 5.6317
4047 1.0788
4048 4.4613
4049 -7.3997
4050 -2.8469
4051 3.8779
4052 -2.9699
4053 9.6585
4054 0.0000
4055 10.1146
4056 -0.1346
4057 9.7295
4058 1.5631
4059 0.2792
4060 3.7263
4061 0.0000
4062 3.6665
4063 0.0000
4064 7.7379
4065 0.0000
4066 4.6997
4067 11.7403
4068 -0.1605
4069 -1.9163
4070 5.5177
4071 12.0576
4072 0.2017
4073 -0.1292
4074 0.0000
4075 -5.3115
4076 5.8879
4077 4.9116
4078 -2.6790
4079 7.9426
4080 2.3984
4081 0.0000
4082 -3.9156
4083 7.2209
4084 2.9505
4085 6.4093
4086 2.0467
4087 3.5213
4088 0.0000
4089 -0.6423
4090 7.4880
4091 1.0390
4092 5.8522
4093 4.2278
4094 9.2762
4095 0.0000
4096 1.1805
4097 -4.0327
4098 -1.9605
4099 -0.4497
4100 1.7362
4101 5.7360
4102 0.0000
4103 -0.6614
4104 5.7313
4105 6.2065
4106 2.2119
4107 8.2240
4108 3.6991
4109 0.0000
4110 5.7907
4111 7.6239
4112 3.4868
4113 8.0325
4114 0.7950
4115 1.1734
4116 0.0000
4117 1.2771
4118 4.4375
4119 8.0609
4120 1.8423
4121 0.3240
4122 -0.5787
4123 0.0000
4124 -7.7681
4125 -3.9245
4126 2.0555
4127 -0.0500
4128 7.8099
4129 8.7042
4130 0.0000
4131 0.3470
4132 5.5699
4133 3.5604
4134 7.9879
4135 0.8385
4136 3.6832
4137 0.0000
4138 -1.1852
4139 2.0646
4140 2.2217
4141 3.6230
4142 7.6548
4143 6.6236
4144 0.0000
4145 -0.9898
4146 6.5475
4147 5.2262
4148 5.0752
4149 2.8723
4150 -3.4362
4151 0.0000
4152 -7.2696
4153 9.0785
4154 8.7279
4155 -0.1924
4156 12.2359
4157 -0.5108
4158 0.0000
4159 -6.3565
4160 0.9954
4161 1.5203
4162 5.4543
4163 5.9520
4164 2.1056
4165 0.0000
4166 3.3029
4167 4.9385
4168 3.1297
4169 1.6638
4170 6.1802
4171 -2.1474
4172 0.0000
4173 1.3266
4174 4.7732
4175 1.9330
4176 2.9673
4177 -1.6022
4178 -1.2234
4179 0.0000
4180 -6.9976
4181 0.0000
4182 5.8875
4183 0.0000
4184 3.0046
4185 0.0000
4186 0.5419
4187 2.2769
4188 0.0000
4189 6.2827
4190 6.0621
4191 7.1991
4192 -2.1037
4193 0.0000
4194 7.5845
4195 0.3179
4196 1.6434
4197 0.0000
4198 1.8763
4199 3.1663
4200 0.4449
4201 0.0000
4202 2.4329
4203 -2.5528
4204 0.1858
4205 -2.6316
4206 3.9253
4207 -0.0250
4208 -2.0700
4209 5.1030
4210 2.3969
4211 0.0000
4212 -1.9622
4213 0.5739
4214 6.1757
4215 2.4701
4216 3.9542
4217 1.9045
4218 0.0000
4219 0.2756
4220 0.5656
4221 1.0468
4222 -2.5533
4223 1.2621
4224 15.7208
4225 0.0000
4226 4.6736
4227 8.8090
4228 17.4049
4229 11.4540
4230 -0.7127
4231 2.3992
4232 0.0000
4233 -1.5281
4234 1.3346
4235 2.9029
4236 4.3437
4237 6.8543
4238 -2.1350
4239 0.0000
4240 3.5847
4241 5.7726
4242 5.8084
4243 0.5348
4244 -1.7955
4245 4.6765
4246 0.0000
4247 -6.4151
4248 0.0058
4249 1.7384
4250 6.1398
4251 1.8334
4252 5.2628
4253 0.0000
4254 -2.2339
4255 7.1381
4256 4.2788
4257 2.4944
4258 -1.0008
4259 2.7666
4260 0.0000
4261 -2.6598
4262 8.9971
4263 -1.2051
4264 2.5534
4265 -2.5878
4266 1.9864
4267 0.0000
4268 4.5134
4269 0.8516
4270 3.9486
4271 7.8484
4272 4.1901
4273 -1.7910
4274 0.0000
4275 4.5258
4276 4.4256
4277 4.1246
4278 3.2151
4279 0.2893
4280 3.6005
4281 0.0000
4282 -5.2960
4283 1.0913
4284 3.8449
4285 6.0282
4286 5.8400
4287 3.4029
4288 0.0000
4289 0.0819
4290 -0.0349
4291 0.0000
4292 4.2746
4293 5.8915
4294 -0.0281
4295 -0.6246
4296 -2.7950
4297 0.3998
4298 -1.1467
4299 5.1869
4300 0.0000
4301 10.7587
4302 8.1893
4303 0.0000
4304 7.4890
4305 0.0000
4306 -4.1928
4307 0.0000
4308 3.6536
4309 7.7109
4310 0.0000
4311 10.4233
4312 7.2925
4313 0.0000
4314 0.3541
4315 -0.9875
4316 1.4583
4317 0.0000
4318 3.2422
4319 1.7774
4320 0.0000
4321 11.8628
4322 2.5561
4323 11.3715
4324 0.0000
4325 -2.4574
4326 4.7190
4327 0.0000
4328 8.1276
4329 8.6843
4330 -3.2767
4331 0.0000
4332 2.7863
4333 1.8006
4334 0.0000
4335 -2.4693
4336 5.7450
4337 7.6431
4338 0.0000
4339 6.5364
4340 8.1960
4341 0.0000
4342 -2.6634
4343 7.5783
4344 6.4283
4345 0.0000
4346 0.1986
4347 9.4044
4348 0.0000
4349 10.4022
4350 3.8089
4351 2.3183
4352 0.0000
4353 6.6086
4354 0.8119
4355 0.0000
4356 5.8882
4357 1.6939
4358 9.1220
4359 0.0000
4360 1.5651
4361 4.5545
4362 0.0000
4363 -3.8962
4364 3.3133
4365 -3.2446
4366 0.0000
4367 4.1536
4368 6.2272
4369 0.0000
4370 -0.1534
4371 -1.1541
4372 -0.0954
4373 0.0000
4374 10.0105
4375 2.8314
4376 0.0000
4377 3.6129
4378 0.0534
4379 -2.4369
4380 0.0000
4381 -3.9042
4382 4.0071
4383 0.0000
4384 -6.5134
4385 3.1268
4386 7.4038
4387 0.0000
4388 -4.5621
4389 4.6027
4390 0.0000
4391 7.6109
4392 4.8815
4393 -1.9501
4394 0.0000
4395 -0.8077
4396 3.0637
4397 0.0000
4398 5.7967
4399 -0.2523
4400 14.9613
4401 0.0000
4402 0.4090
4403 11.3376
4404 0.0000
4405 -0.5125
4406 5.3743
4407 7.7542
4408 0.0000
4409 -4.3153
4410 -2.1707
4411 0.0000
4412 -0.0166
4413 -1.9211
4414 9.2873
4415 0.0000
4416 3.7339
4417 0.1764
4418 0.0000
4419 -3.0452
4420 -0.6605
4421 8.0756
4422 0.0000
4423 3.1645
4424 0.0000
4425 1.4381
4426 0.0000
4427 5.6881
4428 -1.9056
4429 0.0000
4430 -0.3471
4431 0.0000
4432 6.7586
4433 0.0000
4434 10.2100
4435 0.8546
4436 3.5194
4437 0.0000
4438 -0.5619
4439 9.1994
4440 5.9839
4441 0.0000
4442 0.8840
4443 0.3778
4444 8.9115
4445 0.0000
4446 0.1070
4447 0.0000
4448 8.7802
4449 0.0000
4450 -1.5647
4451 6.7067
4452 0.0000
4453 -2.9723
4454 0.0000
4455 1.9542
4456 0.1040
4457 0.4793
4458 -5.9854
4459 -6.0091
4460 3.5655
4461 -0.7418
4462 -3.9462
4463 9.1871
4464 -0.0674
4465 2.3040
4466 7.8012
4467 -0.1479
4468 -3.2455
4469 3.9761
4470 9.1702
4471 0.0000
4472 3.3695
4473 -0.2075
4474 -0.8727
4475 -3.8466
4476 2.6270
4477 17.6179
4478 7.3838
4479 8.3645
4480 0.0000
4481 2.4352
4482 8.9679
4483 -5.5244
4484 -2.1865
4485 3.9124
4486 1.1715
4487 0.0000
4488 -0.5410
4489 6.0132
4490 -0.8129
4491 0.0000
4492 4.1548
4493 2.3266
4494 9.3288
4495 4.7653
4496 13.4713
4497 -2.4838
4498 0.8366
4499 3.5786
4500 0.0000
4501 2.3940
4502 4.6382
4503 -3.4216
4504 4.5103
4505 7.0300
4506 4.4058
4507 0.0000
4508 -4.6695
4509 4.1300
4510 1.8472
4511 0.0000
4512 8.9035
4513 -4.5806
4514 1.0733
4515 5.8742
4516 -2.6746
4517 -1.2798
4518 2.6557
4519 3.0281
4520 0.0000
4521 7.8284
4522 4.0891
4523 7.4683
4524 2.3252
4525 -5.0495
4526 -2.2910
4527 0.0000
4528 -2.9725
4529 -2.6555
4530 1.4184
4531 0.0000
4532 0.6589
4533 -0.6894
4534 2.9169
4535 -0.3349
4536 -1.6913
4537 12.5128
4538 8.8880
4539 4.9290
4540 0.0000
4541 2.1524
4542 6.3143
4543 1.1604
4544 4.1713
4545 5.8424
4546 5.0066
4547 0.0000
4548 4.1168
4549 -1.2515
4550 1.8144
4551 8.8881
4552 -0.6463
4553 3.9906
4554 10.6443
4555 10.7494
4556 5.2150
4557 5.3263
4558 1.8865
4559 -4.0212
4560 -0.7767
4561 3.4800
4562 0.0000
4563 -5.9729
4564 6.8288
4565 2.2617
4566 9.4228
4567 -2.4700
4568 -5.5041
4569 -7.6339
4570 7.5528
4571 0.0000
4572 4.9835
4573 7.6485
4574 -1.6054
4575 -1.8620
4576 0.3051
4577 2.1799
4578 0.0000
4579 -2.2704
4580 7.3492
4581 4.7097
4582 0.0000
4583 6.9301
4584 1.0293
4585 4.0858
4586 7.5179
4587 0.4367
4588 2.5474
4589 -7.3325
4590 3.4034
4591 0.0000
4592 6.6449
4593 8.2634
4594 14.3959
4595 10.6362
4596 15.1905
4597 3.5596
4598 0.0000
4599 8.4049
4600 -4.7295
4601 10.6921
4602 0.0000
4603 14.5150
4604 -1.0004
4605 5.2255
4606 6.2368
4607 1.2331
4608 7.7290
4609 6.1904
4610 8.7500
4611 0.0000
4612 7.8319
4613 6.9888
4614 6.1598
4615 3.2464
4616 -2.1906
4617 -0.3753
4618 0.0000
4619 2.2806
4620 7.9098
4621 -3.1103
4622 0.0000
4623 2.6195
4624 -1.2230
4625 9.2912
4626 8.7252
4627 -0.0412
4628 7.3899
4629 -2.0544
4630 4.0520
4631 0.0000
4632 3.1476
4633 4.5165
4634 7.6004
4635 2.1496
4636 3.0639
4637 6.2868
4638 0.0000
4639 5.3816
4640 -4.3641
4641 3.5074
4642 -1.3524
4643 10.9919
4644 6.9619
4645 4.2437
4646 -1.3563
4647 -1.0009
4648 8.4550
4649 6.0425
4650 0.5629
4651 4.6130
4652 3.0410
4653 0.0000
4654 0.9559
4655 -2.2876
4656 8.3933
4657 -5.1875
4658 -1.3307
4659 10.8690
4660 10.4999
4661 -0.9426
4662 0.0000
4663 5.3028
4664 5.7452
4665 6.4233
4666 1.2409
4667 9.4788
4668 3.2471
4669 0.0000
4670 -1.3339
4671 9.1937
4672 9.1522
4673 0.0000
4674 -2.9325
4675 0.4996
4676 -5.7407
4677 4.3582
4678 1.0163
4679 -1.1383
4680 1.0027
4681 2.1387
4682 0.0000
4683 2.1435
4684 -0.2297
4685 -4.0101
4686 0.1114
4687 6.1068
4688 2.8382
4689 0.0000
4690 0.8800
4691 -4.2912
4692 6.1949
4693 0.0000
4694 4.2502
4695 2.3902
4696 3.5662
4697 -2.8156
4698 -6.3178
4699 6.4294
4700 9.7068
4701 3.7409
4702 0.0000
4703 6.5098
4704 3.5447
4705 6.1852
4706 6.6377
4707 -2.5960
4708 -0.4920
4709 0.0000
4710 -2.5312
4711 -3.4150
4712 -5.2151
4713 0.0000
4714 -3.5293
4715 -3.6713
4716 4.7067
4717 2.8385
4718 4.8977
4719 -2.9537
4720 3.8144
4721 3.5792
4722 0.0000
4723 7.9063
4724 -7.2459
4725 7.0525
4726 3.7097
4727 2.3555
4728 4.2843
4729 0.0000
4730 -5.0064
4731 1.9694
4732 0.9485
4733 3.6612
4734 -3.8164
4735 -2.8607
4736 12.6833
4737 3.2522
4738 12.7764
4739 0.7603
4740 4.9684
4741 -2.5281
4742 4.8839
4743 5.8139
4744 0.0000
4745 6.1424
4746 6.9763
4747 -1.6948
4748 -2.2592
4749 3.8830
4750 9.8951
4751 5.3952
4752 7.1368
4753 0.0000
4754 2.4952
4755 6.0414
4756 4.3200
4757 0.1837
4758 5.6971
4759 9.1224
4760 0.0000
4761 1.0903
4762 2.9012
4763 -0.3065
4764 0.0000
4765 -0.1114
4766 -8.2260
4767 -2.5425
4768 1.0166
4769 -2.7287
4770 1.7662
4771 2.3365
4772 -4.1776
4773 0.0000
4774 4.9153
4775 8.6986
4776 7.9690
4777 2.0390
4778 3.7821
4779 8.1863
4780 0.0000
4781 2.7544
4782 2.5799
4783 5.7590
4784 0.0000
4785 -3.2928
4786 -0.6185
4787 -3.0045
4788 9.7217
4789 2.1214
4790 -7.2751
4791 6.7502
4792 4.4664
4793 0.0000
4794 2.8638
4795 3.0330
4796 1.6448
4797 0.2574
4798 5.2625
4799 -4.9459
4800 0.0000
4801 -3.2960
4802 3.2283
4803 2.5117
4804 0.0000
4805 1.4044
4806 -1.3447
4807 0.5373
4808 3.2150
4809 4.6868
4810 13.9646
4811 1.3696
4812 7.6178
4813 0.0000
4814 1.8392
4815 6.3428
4816 7.1814
4817 -2.2211
4818 -1.6162
4819 -2.0323
4820 0.0000
4821 -5.6477
4822 0.0000
4823 5.2290
4824 0.0000
4825 7.0423
4826 2.5314
4827 4.2777
4828 9.9484
4829 8.1309
4830 2.7772
4831 4.4307
4832 7.6959
4833 0.0000
4834 2.8429
4835 -1.9031
4836 0.9600
4837 -2.2145
4838 6.4954
4839 -3.1854
4840 0.0000
4841 7.6812
4842 10.6857
4843 9.3720
4844 11.6244
4845 4.9304
4846 7.5448
4847 0.0000
4848 1.1919
4849 1.7897
4850 5.3786
4851 6.4588
4852 -2.6862
4853 6.6667
4854 0.0000
4855 0.6072
4856 -0.2508
4857 5.1397
4858 8.4841
4859 -3.8034
4860 3.6164
4861 0.0000
4862 0.7976
4863 10.1282
4864 12.1130
4865 11.4829
4866 11.0168
4867 10.9518
4868 0.0000
4869 -6.9229
4870 -0.7392
4871 4.5781
4872 -1.6215
4873 -3.0545
4874 14.0006
4875 0.0000
4876 1.2860
4877 5.5096
4878 9.1501
4879 0.5028
4880 0.8969
4881 0.4759
4882 0.0000
4883 4.4907
4884 -0.6271
4885 2.9505
4886 2.2824
4887 6.6001
4888 1.9248
4889 0.0000
4890 5.6173
4891 3.0748
4892 9.9818
4893 -0.3276
4894 13.3550
4895 2.9243
4896 0.0000
4897 4.8732
4898 9.4823
4899 3.6750
4900 9.1317
4901 -0.0330
4902 2.5331
4903 0.0000
4904 4.6412
4905 -6.1144
4906 8.1726
4907 1.2068
4908 2.9648
4909 9.7719
4910 0.0000
4911 -1.1045
4912 2.0413
4913 6.2931
4914 11.2497
4915 3.0698
4916 6.8000
4917 0.0000
4918 5.6490
4919 4.9489
4920 1.4195
4921 5.0771
4922 8.6443
4923 11.9088
4924 0.0000
4925 3.5704
4926 6.7239
4927 1.1791
4928 1.6352
4929 14.3784
4930 -0.3380
4931 0.0000
4932 -2.8813
4933 10.6218
4934 4.7413
4935 4.6344
4936 -0.8191
4937 2.1802
4938 0.0000
4939 5.5603
4940 0.0000
4941 -0.6784
4942 0.0000
4943 9.8070
4944 0.0000
4945 4.8434
4946 -1.8561
4947 0.0000
4948 0.1137
4949 1.4156
4950 5.7944
4951 5.5751
4952 0.0000
4953 -3.9877
4954 -3.4287
4955 14.8139
4956 0.0000
4957 4.3570
4958 8.4766
4959 -4.4935
4960 0.0000
4961 3.7646
4962 16.2358
4963 3.2653
4964 4.1334
4965 9.7726
4966 8.8534
4967 15.4449
4968 6.4750
4969 7.4348
4970 0.0000
4971 3.7600
4972 0.8997
4973 -0.8845
4974 5.5317
4975 8.3692
4976 4.1635
4977 0.0000
4978 -0.1752
4979 8.3578
4980 11.8945
4981 0.3103
4982 4.4831
4983 4.1421
4984 0.0000
4985 9.4343
4986 3.3350
4987 6.0595
4988 10.8211
4989 1.8729
4990 -1.2260
4991 0.0000
4992 2.3603
4993 8.8625
4994 -3.6966
4995 6.7189
4996 -5.3303
4997 9.9394
4998 0.0000
4999 -2.1667
5000 10.2253
5001 7.1894
5002 10.4085
5003 9.6768
5004 0.6511
5005 0.0000
5006 4.2971
5007 0.6558
5008 4.2863
5009 1.1879
5010 13.3000
5011 0.7991
5012 0.0000
5013 0.6385
5014 7.2645
5015 3.4358
5016 5.8043
5017 -3.7300
5018 -0.6177
5019 0.0000
5020 -3.3348
5021 1.5209
5022 4.8087
5023 4.5388
5024 8.5248
5025 -3.8817
5026 0.0000
5027 -0.5034
5028 8.0093
5029 4.6185
5030 11.5892
5031 1.9627
5032 -0.7189
5033 0.0000
5034 1.7086
5035 12.6848
5036 -0.7529
5037 0.9238
5038 9.7579
5039 6.3341
5040 0.0000
5041 2.2797
5042 3.1241
5043 6.6933
5044 -2.1170
5045 1.8861
5046 4.1952
5047 0.0000
5048 -1.7609
5049 6.9509
5050 0.0000
5051 2.4467
5052 -0.3473
5053 -2.1006
5054 5.2482
5055 4.3351
5056 0.3660
5057 -8.0272
5058 5.4567
5059 0.0000
5060 -0.4054
5061 -6.1924
5062 0.0000
5063 7.0077
5064 0.0000
5065 5.8432
5066 0.0000
5067 9.6416
5068 1.6884
5069 0.0000
5070 6.8028
5071 0.9825
5072 0.0000
5073 -1.8830
5074 8.4405
5075 5.2999
5076 0.0000
5077 -0.9012
5078 6.8757
5079 0.0000
5080 3.6004
5081 11.1672
5082 2.4176
5083 0.0000
5084 4.1962
5085 5.4309
5086 0.0000
5087 8.7683
5088 5.0303
5089 2.5497
5090 0.0000
5091 -5.2428
5092 6.3678
5093 0.0000
5094 6.3109
5095 2.1370
5096 5.1996
5097 0.0000
5098 7.5255
5099 -4.2727
5100 0.0000
5101 6.6407
5102 -0.1254
5103 5.0189
5104 0.0000
5105 -0.0728
5106 3.6734
5107 0.0000
5108 6.3081
5109 2.0889
5110 2.8580
5111 0.0000
5112 -0.0631
5113 -2.1443
5114 0.0000
5115 9.6350
5116 10.8687
5117 2.8114
5118 0.0000
5119 -3.3118
5120 -0.3369
5121 0.0000
5122 -4.4001
5123 3.6695
5124 11.2922
5125 0.0000
5126 -3.7512
5127 8.5750
5128 0.0000
5129 6.5517
5130 3.8123
5131 0.3739
5132 0.0000
5133 -3.7645
5134 8.6514
5135 0.0000
5136 8.2274
5137 3.7970
5138 4.3009
5139 0.0000
5140 -3.0778
5141 -3.8204
5142 0.0000
5143 0.7219
5144 3.9939
5145 -6.4288
5146 0.0000
5147 3.4907
5148 9.9309
5149 0.0000
5150 1.8571
5151 4.9752
5152 -2.9792
5153 0.0000
5154 -0.3717
5155 5.7557
5156 0.0000
5157 -0.4542
5158 3.5354
5159 -0.0124
5160 0.0000
5161 2.5241
5162 -1.4372
5163 0.0000
5164 2.1659
5165 0.7725
5166 0.3644
5167 0.0000
5168 -6.4747
5169 1.0757
5170 0.0000
5171 7.1108
5172 7.1745
5173 8.5262
5174 0.0000
5175 -3.3005
5176 1.8323
5177 0.0000
5178 2.6208
5179 -3.0264
5180 4.2344
5181 0.0000
5182 -0.9746
5183 0.0000
5184 0.6571
5185 0.0000
5186 4.2960
5187 1.2839
5188 0.0000
5189 -1.8460
5190 0.0000
5191 11.0412
5192 0.0000
5193 7.2481
5194 9.2214
5195 1.6566
5196 0.0000
5197 4.8162
5198 3.6696
5199 7.5487
5200 0.0000
5201 -4.7576
5202 -0.1051
5203 0.3860
5204 0.0000
5205 3.9188
5206 0.0000
5207 13.0609
5208 0.0000
5209 9.5439
5210 -0.5749
5211 0.0000
5212 8.2346
5213 0.0000
5214 5.9557
5215 2.4936
5216 3.7449
5217 5.6587
5218 -2.1827
5219 4.1622
5220 4.2740
5221 3.3071
5222 -4.4214
5223 5.3872
5224 -0.3446
5225 9.0045
5226 -0.8600
5227 -0.4837
5228 -0.9702
5229 8.7188
5230 0.0000
5231 7.6214
5232 2.4876
5233 -1.6695
5234 0.0961
5235 -5.0373
5236 10.3627
5237 -0.2074
5238 -0.3653
5239 0.0000
5240 1.0185
5241 0.2968
5242 3.0478
5243 5.8771
5244 6.5418
5245 0.0336
5246 0.0000
5247 -3.8952
5248 4.8121
5249 5.7373
5250 0.0000
5251 12.0551
5252 -5.7089
5253 7.3833
5254 0.6499
5255 -5.5909
5256 19.8594
5257 8.0201
5258 2.3685
5259 0.0000
5260 -1.8026
5261 -2.8570
5262 -0.6889
5263 10.6403
5264 8.1387
5265 6.8070
5266 0.0000
5267 6.3512
5268 7.0241
5269 5.6409
5270 0.0000
5271 10.7506
5272 -0.2567
5273 7.6304
5274 3.9275
5275 -2.2670
5276 1.3795
5277 -3.4850
5278 -8.0229
5279 0.0000
5280 2.1337
5281 0.2266
5282 8.8832
5283 2.1318
5284 6.3884
5285 1.1892
5286 0.0000
5287 -2.7772
5288 2.2935
5289 -3.2077
5290 0.0000
5291 3.7271
5292 3.4125
5293 4.5635
5294 -0.2780
5295 11.6668
5296 1.9766
5297 -4.4435
5298 0.0106
5299 0.0000
5300 7.5793
5301 13.6445
5302 6.6481
5303 2.2019
5304 0.7604
5305 7.3129
5306 0.0000
5307 0.7109
5308 2.0079
5309 4.1284
5310 8.3315
5311 6.6983
5312 0.6861
5313 -1.3449
5314 6.9079
5315 -5.9762
5316 4.3877
5317 -9.5184
5318 0.1212
5319 5.3068
5320 4.5323
5321 0.0000
5322 3.8966
5323 0.7866
5324 9.3728
5325 -3.6384
5326 1.5537
5327 9.1437
5328 7.2228
5329 9.5679
5330 0.0000
5331 12.2306
5332 6.9329
5333 2.3016
5334 2.7734
5335 1.2020
5336 10.0517
5337 0.0000
5338 7.3448
5339 2.6876
5340 -0.9903
5341 0.0000
5342 1.1619
5343 10.2111
5344 8.8926
5345 4.6442
5346 3.0784
5347 -2.0358
5348 0.2487
5349 -2.3087
5350 0.0000
5351 5.1952
5352 1.7801
5353 4.9129
5354 1.6609
5355 5.6154
5356 -0.9746
5357 0.0000
5358 0.1380
5359 1.9401
5360 4.9581
5361 0.0000
5362 8.3608
5363 -0.8798
5364 -0.7997
5365 6.2059
5366 5.1819
5367 -0.6826
5368 -10.2708
5369 0.5686
5370 0.0000
5371 5.1979
5372 2.4409
5373 -4.6789
5374 7.8865
5375 9.8095
5376 10.4438
5377 0.0000
5378 -3.2217
5379 6.0788
5380 7.1636
5381 0.0000
5382 1.4208
5383 -0.8187
5384 9.9437
5385 5.8407
5386 -0.0894
5387 7.0135
5388 7.7556
5389 5.6222
5390 0.0000
5391 5.3650
5392 2.1695
5393 9.9839
5394 10.1211
5395 1.4223
5396 8.3316
5397 0.0000
5398 -1.8339
5399 2.3397
5400 -1.9939
5401 11.6727
5402 6.6874
5403 3.5476
5404 7.3548
5405 3.7922
5406 1.3490
5407 10.1867
5408 3.7168
5409 0.3022
5410 1.7169
5411 2.7897
5412 0.0000
5413 1.3140
5414 5.4656
5415 8.0214
5416 6.6148
5417 0.6041
5418 -4.0373
5419 -2.2113
5420 1.8191
5421 0.0000
5422 0.9719
5423 6.9221
5424 0.0950
5425 9.8408
5426 -1.5190
5427 3.3837
5428 0.0000
5429 -1.8563
5430 7.9875
5431 -2.2584
5432 0.0000
5433 0.7567
5434 -1.1383
5435 2.3331
5436 8.6922
5437 3.2486
5438 9.3256
5439 8.5833
5440 -0.0453
5441 0.0000
5442 9.0592
5443 -2.8100
5444 5.5437
5445 4.5266
5446 5.0314
5447 -0.4109
5448 0.0000
5449 3.8767
5450 3.8342
5451 6.4999
5452 0.0000
5453 5.9308
5454 -3.5684
5455 6.6764
5456 0.7685
5457 3.1538
5458 5.8783
5459 5.4939
5460 5.4961
5461 0.0000
5462 6.2534
5463 0.9778
5464 4.2893
5465 8.1379
5466 3.7371
5467 -5.1459
5468 0.0000
5469 -1.1261
5470 7.1315
5471 -1.4149
5472 0.0000
5473 1.0170
5474 -2.6431
5475 2.7308
5476 1.0328
5477 -0.1362
5478 -7.1435
5479 4.5819
5480 0.6866
5481 0.0000
5482 3.6070
5483 3.6598
5484 17.9155
5485 7.0401
5486 5.7140
5487 10.0058
5488 0.0000
5489 -2.5529
5490 8.7803
5491 3.6526
5492 -4.1525
5493 -5.9482
5494 2.9683
5495 -0.2250
5496 3.7745
5497 3.1008
5498 12.1483
5499 3.2506
5500 5.9830
5501 0.8794
5502 1.3441
5503 0.0000
5504 -3.1027
5505 0.5934
5506 0.8016
5507 7.0557
5508 2.9850
5509 6.3797
5510 0.5912
5511 6.4187
5512 0.0000
5513 7.5773
5514 11.1156
5515 2.7104
5516 6.1404
5517 4.7720
5518 7.6753
5519 0.0000
5520 -3.3962
5521 -3.8901
5522 0.1205
5523 0.0000
5524 -1.7151
5525 -1.3511
5526 7.1347
5527 4.3633
5528 -3.7814
5529 11.8398
5530 6.9300
5531 4.4450
5532 0.0000
5533 2.9965
5534 3.7073
5535 7.3525
5536 7.3436
5537 6.3594
5538 0.9936
5539 0.0000
5540 -0.3023
5541 8.7904
5542 7.5653
5543 0.0000
5544 10.1487
5545 3.3170
5546 2.3002
5547 -9.1141
5548 -1.1967
5549 1.7219
5550 6.0830
5551 5.7380
5552 0.0000
5553 9.6429
5554 7.4698
5555 -2.6837
5556 1.4049
5557 0.2017
5558 0.3609
5559 0.0000
5560 -5.0458
5561 5.0539
5562 3.0564
5563 0.0000
5564 5.7037
5565 1.5534
5566 8.1180
5567 3.6660
5568 0.4434
5569 -6.1501
5570 0.0405
5571 6.4796
5572 0.0000
5573 -3.3594
5574 6.4223
5575 -2.5664
5576 5.3948
5577 1.1384
5578 -2.0661
5579 0.0000
5580 -0.1637
5581 0.0000
5582 3.3126
5583 0.0000
5584 5.9000
5585 -2.5735
5586 6.7945
5587 -0.4788
5588 -3.2211
5589 2.7245
5590 -2.8347
5591 0.4135
5592 0.0000
5593 7.4461
5594 8.4944
5595 8.7842
5596 2.5436
5597 0.0285
5598 3.1149
5599 0.0000
5600 5.6461
5601 4.7619
5602 3.9970
5603 6.1965
5604 -1.2946
5605 11.8876
5606 0.0000
5607 5.4558
5608 -1.8087
5609 13.2326
5610 2.3759
5611 3.3671
5612 5.8216
5613 0.0000
5614 0.3138
5615 3.7663
5616 6.6262
5617 4.2821
5618 0.6319
5619 -3.0838
5620 0.0000
5621 4.3559
5622 3.0212
5623 2.7805
5624 -6.4749
5625 4.6183
5626 -0.1545
5627 0.0000
5628 -5.1366
5629 2.4346
5630 6.9038
5631 9.9083
5632 9.9149
5633 3.5562
5634 0.0000
5635 1.0372
5636 -2.7702
5637 12.0204
5638 10.9945
5639 4.0752
5640 3.3653
5641 0.0000
5642 -2.1908
5643 -2.3829
5644 0.6193
5645 -2.2508
5646 3.2135
5647 4.1035
5648 0.0000
5649 -5.6849
5650 -2.5249
5651 3.9331
5652 -6.0453
5653 3.0580
5654 7.8044
5655 0.0000
5656 3.4573
5657 9.8496
5658 3.8902
5659 7.3062
5660 2.3030
5661 8.9012
5662 0.0000
5663 -7.7319
5664 5.1643
5665 5.0180
5666 -0.2516
5667 0.0549
5668 4.3161
5669 0.0000
5670 -2.4082
5671 5.1401
5672 2.0204
5673 2.0407
5674 3.5230
5675 8.4187
5676 0.0000
5677 -1.5808
5678 8.0851
5679 -4.2303
5680 6.9726
5681 11.5613
5682 0.6457
5683 0.0000
5684 3.5180
5685 -0.2426
5686 9.8420
5687 5.0453
5688 2.0224
5689 5.0739
5690 0.0000
5691 0.0372
5692 11.5753
5693 0.5632
5694 4.2957
5695 3.0540
5696 -0.0336
5697 0.0000
5698 1.3520
5699 0.0000
5700 4.6008
5701 0.0000
5702 6.3838
5703 0.0000
5704 9.4448
5705 -0.0895
5706 0.0000
5707 -0.7571
5708 1.3951
5709 1.6207
5710 0.7417
5711 0.0000
5712 4.4025
5713 0.0731
5714 6.9554
5715 0.0000
5716 4.2740
5717 3.5471
5718 5.1568
5719 0.0000
5720 9.0437
5721 4.4104
5722 2.3433
5723 7.3587
5724 11.0326
5725 7.3245
5726 0.4208
5727 3.2953
5728 1.7968
5729 0.0000
5730 5.2179
5731 6.5630
5732 4.1700
5733 -4.3056
5734 -4.4581
5735 13.5319
5736 0.0000
5737 0.0313
5738 2.7833
5739 4.3467
5740 2.7152
5741 -0.9901
5742 0.5850
5743 0.0000
5744 -1.0444
5745 5.9222
5746 5.8824
5747 2.9666
5748 8.6380
5749 -4.7762
5750 0.0000
5751 -3.1044
5752 4.3060
5753 -4.3923
5754 5.5133
5755 3.7067
5756 -2.5938
5757 0.0000
5758 -2.7767
5759 1.0761
5760 4.3838
5761 0.2327
5762 10.3274
5763 0.4507
5764 0.0000
5765 0.8849
5766 4.1132
5767 5.7584
5768 8.2377
5769 -0.1475
5770 12.2042
5771 0.0000
5772 2.1135
5773 0.0487
5774 3.7361
5775 2.0581
5776 2.8515
5777 -4.6981
5778 0.0000
5779 2.4239
5780 1.0415
5781 12.5769
5782 0.6547
5783 0.3709
5784 -1.6333
5785 0.0000
5786 7.5212
5787 4.7403
5788 4.8986
5789 5.5373
5790 3.9187
5791 3.9901
5792 0.0000
5793 -4.8081
5794 2.2525
5795 3.6359
5796 9.3754
5797 4.6703
5798 2.7299
5799 0.0000
5800 3.5235
5801 -1.9522
5802 7.1658
5803 4.1348
5804 7.5668
5805 -3.1949
5806 0.0000
5807 1.5725
5808 1.0260
5809 0.0000
5810 11.0172
5811 1.3814
5812 6.0964
5813 9.0467
5814 4.8192
5815 8.8148
5816 4.8688
5817 1.9353
5818 0.0000
5819 2.2071
5820 5.7886
5821 0.0000
5822 3.4477
5823 0.0000
5824 0.6086
5825 0.0000
5826 1.2253
5827 3.0807
5828 0.0000
5829 -0.4024
5830 6.3987
5831 0.0000
5832 7.1788
5833 5.6593
5834 1.5121
5835 0.0000
5836 -1.1904
5837 8.0851
5838 0.0000
5839 11.1342
5840 6.6365
5841 -2.0943
5842 0.0000
5843 -6.3132
5844 -1.5237
5845 0.0000
5846 3.3643
5847 6.1229
5848 1.3620
5849 0.0000
5850 6.3162
5851 12.8043
5852 0.0000
5853 -3.3941
5854 4.2194
5855 4.4489
5856 0.0000
5857 1.0714
5858 4.8209
5859 0.0000
5860 7.1404
5861 5.0983
5862 -1.3713
5863 0.0000
5864 -1.5305
5865 0.4956
5866 0.0000
5867 7.7898
5868 1.0021
5869 3.6560
5870 0.0000
5871 -1.6316
5872 -0.6909
5873 0.0000
5874 1.2755
5875 5.8918
5876 12.7086
5877 0.0000
5878 4.8758
5879 10.1930
5880 0.0000
5881 7.2287
5882 8.4937
5883 -0.8478
5884 0.0000
5885 3.2806
5886 3.3788
5887 0.0000
5888 -2.1020
5889 -1.0701
5890 3.5571
5891 0.0000
5892 -3.4713
5893 10.8531
5894 0.0000
5895 1.5919
5896 4.6405
5897 2.9720
5898 0.0000
5899 1.9315
5900 2.4263
5901 0.0000
5902 4.1903
5903 3.2215
5904 5.6204
5905 0.0000
5906 -5.0935
5907 14.5365
5908 0.0000
5909 6.4901
5910 5.6480
5911 7.6883
5912 0.0000
5913 -0.1163
5914 -3.1815
5915 0.0000
5916 11.7988
5917 3.3203
5918 -2.4250
5919 0.0000
5920 2.4344
5921 2.4461
5922 0.0000
5923 4.8649
5924 8.9713
5925 6.1439
5926 0.0000
5927 5.2510
5928 6.9981
5929 0.0000
5930 10.7800
5931 2.4213
5932 12.0551
5933 0.0000
5934 7.1094
5935 4.4381
5936 0.0000
5937 10.3818
5938 12.5609
5939 -4.9703
5940 0.0000
5941 4.0592
5942 0.0000
5943 10.4375
5944 0.0000
5945 0.0253
5946 6.1997
5947 0.0000
5948 -2.2675
5949 0.0000
5950 8.3784
5951 0.0000
5952 0.3079
5953 6.0100
5954 9.8385
5955 0.0000
5956 3.5814
5957 6.9054
5958 4.0229
5959 0.0000
5960 2.4328
5961 1.5829
5962 3.5236
5963 0.0000
5964 2.6751
5965 0.0000
5966 5.7385
5967 0.0000
5968 3.3540
5969 9.7418
5970 0.0000
5971 0.7876
5972 0.0000
5973 8.0412
5974 1.9148
5975 0.5360
5976 6.0571
5977 2.4535
5978 6.2070
5979 6.5204
5980 7.7510
5981 0.5873
5982 2.2503
5983 1.4623
5984 3.1813
5985 -3.5443
5986 -2.1831
5987 -2.1854
5988 11.2598
5989 0.0000
5990 6.4629
5991 -0.0113
5992 5.6326
5993 -4.1540
5994 5.1921
5995 19.4878
5996 10.1907
5997 -0.3607
5998 0.0000
5999 7.3033
6000 9.9646
6001 2.7917
6002 6.6100
6003 -1.8146
6004 7.6633
6005 0.0000
6006 -1.0834
6007 -3.4176
6008 6.3006
6009 0.0000
6010 10.5545
6011 -1.6510
6012 9.0423
6013 0.2214
6014 1.2153
6015 6.3755
6016 6.0665
6017 9.8819
6018 0.0000
6019 0.7878
6020 2.2084
6021 3.6974
6022 1.4765
6023 2.2655
6024 8.4792
6025 0.0000
6026 -2.0827
6027 12.0614
6028 2.3287
6029 0.0000
6030 9.2034
6031 7.4952
6032 11.3661
6033 -3.0776
6034 -1.8096
6035 9.9018
6036 0.7687
6037 3.4387
6038 0.0000
6039 -1.8673
6040 1.4924
6041 1.5314
6042 4.6115
6043 5.4757
6044 5.7640
6045 0.0000
6046 0.6272
6047 1.9001
6048 0.0894
6049 0.0000
6050 7.8546
6051 3.8694
6052 2.7689
6053 4.1381
6054 4.3282
6055 18.0811
6056 3.7055
6057 4.9273
6058 0.0000
6059 4.0815
6060 2.9657
6061 -0.9209
6062 9.6694
6063 3.9972
6064 10.3301
6065 0.0000
6066 6.5624
6067 -1.4994
6068 -4.9912
6069 3.7234
6070 10.3647
6071 5.2208
6072 4.0314
6073 7.6723
6074 8.6751
6075 7.8378
6076 -1.0937
6077 1.0478
6078 0.2354
6079 -0.6590
6080 0.0000
6081 5.4118
6082 0.7933
6083 8.3616
6084 4.0939
6085 3.7460
6086 -2.3255
6087 3.5565
6088 4.6029
6089 0.0000
6090 2.0070
6091 4.0492
6092 4.8481
6093 5.6264
6094 4.0217
6095 0.3722
6096 0.0000
6097 -5.7962
6098 9.7246
6099 -3.2058
6100 0.0000
6101 2.0931
6102 -10.4735
6103 3.5236
6104 -1.6658
6105 3.3951
6106 -0.8021
6107 -5.1750
6108 0.2638
6109 0.0000
6110 -1.4708
6111 3.1146
6112 -0.5554
6113 7.6067
6114 -2.3019
6115 8.6207
6116 0.0000
6117 8.3293
6118 6.9076
6119 1.2084
6120 0.0000
6121 6.4431
6122 -6.6603
6123 3.6283
6124 5.5817
6125 2.8346
6126 -1.4493
6127 -4.2478
6128 2.0494
6129 0.0000
6130 4.2302
6131 5.9634
6132 -2.3646
6133 2.2135
6134 7.5054
6135 4.5842
6136 0.0000
6137 -5.6323
6138 -3.8755
6139 0.7364
6140 0.0000
6141 7.7110
6142 3.9288
6143 7.7819
6144 6.4208
6145 0.0254
6146 -1.4177
6147 -0.6214
6148 2.8057
6149 0.0000
6150 7.8568
6151 10.8604
6152 10.8422
6153 7.9879
6154 4.6695
6155 7.2601
6156 0.0000
6157 -2.7396
6158 8.8226
6159 7.8589
6160 4.6721
6161 4.1563
6162 8.9151
6163 1.8874
6164 -2.0942
6165 4.8185
6166 7.2431
6167 0.5094
6168 4.5017
6169 3.5256
6170 4.5624
6171 0.0000
6172 5.2852
6173 0.0074
6174 9.1167
6175 -5.1890
6176 2.1397
6177 8.3615
6178 4.4176
6179 5.9253
6180 0.0000
6181 12.7049
6182 -0.1043
6183 -0.0316
6184 4.6303
6185 -2.8635
6186 4.3481
6187 0.0000
6188 -4.8999
6189 5.0546
6190 -1.2753
6191 0.0000
6192 9.6424
6193 -0.3509
6194 11.2251
6195 4.1220
6196 4.0603
6197 1.1198
6198 0.3367
6199 0.0486
6200 0.0000
6201 1.3088
6202 3.3285
6203 2.0537
6204 0.9072
6205 8.2123
6206 5.1786
6207 0.0000
6208 3.3802
6209 4.3874
6210 6.0737
6211 0.0000
6212 0.3665
6213 6.5698
6214 -6.3817
6215 1.5985
6216 -2.6222
6217 1.3250
6218 -6.1177
6219 2.8548
6220 0.0000
6221 -1.0976
6222 10.7870
6223 2.8409
6224 8.6216
6225 2.8671
6226 3.8694
6227 0.0000
6228 -2.0921
6229 7.8574
6230 9.4672
6231 0.0000
6232 0.3933
6233 1.0409
6234 1.9296
6235 1.1202
6236 4.3963
6237 11.7991
6238 0.9591
6239 13.7958
6240 0.0000
6241 1.7964
6242 4.5410
6243 11.5476
6244 11.2925
6245 6.4918
6246 3.9171
6247 0.0000
6248 9.0146
6249 0.0977
6250 6.8680
6251 2.0791
6252 3.9629
6253 5.4125
6254 7.4184
6255 4.6167
6256 12.7612
6257 8.0253
6258 12.0369
6259 6.7505
6260 5.2809
6261 11.2478
6262 0.0000
6263 7.1274
6264 0.5730
6265 -6.2350
6266 1.9613
6267 -3.6716
6268 -1.5211
6269 -3.3284
6270 4.4901
6271 0.0000
6272 5.5385
6273 9.5914
6274 7.9667
6275 9.7554
6276 11.8580
6277 4.9615
6278 0.0000
6279 3.5876
6280 7.7012
6281 3.9307
6282 0.0000
6283 3.0886
6284 5.8770
6285 8.5603
6286 6.1780
6287 6.6861
6288 -1.3869
6289 -5.4818
6290 9.0926
6291 0.0000
6292 -3.4844
6293 8.3741
6294 8.9730
6295 11.4756
6296 5.5323
6297 7.5957
6298 0.0000
6299 2.8294
6300 6.3445
6301 4.5344
6302 0.0000
6303 10.0005
6304 3.6060
6305 1.3381
6306 3.4404
6307 -2.5167
6308 9.4591
6309 5.2619
6310 9.8019
6311 0.0000
6312 -3.1348
6313 4.9989
6314 4.5301
6315 3.4586
6316 4.9470
6317 -0.4185
6318 0.0000
6319 0.1579
6320 2.7653
6321 8.2558
6322 0.0000
6323 4.0962
6324 -4.8839
6325 11.4981
6326 0.5018
6327 -0.5178
6328 7.2372
6329 2.9338
6330 4.8718
6331 0.0000
6332 0.1203
6333 5.9415
6334 3.4565
6335 11.2284
6336 -4.1339
6337 6.4950
6338 0.0000
6339 -1.5858
6340 0.0000
6341 1.8170
6342 0.0000
6343 11.0842
6344 0.1653
6345 -8.6610
6346 3.3860
6347 8.6917
6348 0.0572
6349 0.8333
6350 0.1759
6351 0.0000
6352 -0.4905
6353 8.1538
6354 7.0172
6355 -0.7684
6356 0.8558
6357 -3.5403
6358 0.0000
6359 2.5574
6360 4.7114
6361 1.7038
6362 8.4096
6363 3.3105
6364 -2.4253
6365 0.0000
6366 4.0054
6367 -1.1424
6368 0.2091
6369 3.8150
6370 1.7504
6371 2.8710
6372 0.0000
6373 -10.9547
6374 -1.8083
6375 1.5750
6376 2.9941
6377 7.5564
6378 0.9939
6379 0.0000
6380 -3.5319
6381 2.7443
6382 2.8163
6383 7.5625
6384 4.8104
6385 1.8312
6386 0.0000
6387 2.7912
6388 5.0331
6389 0.0649
6390 1.0608
6391 9.6452
6392 10.2277
6393 0.0000
6394 3.1342
6395 8.9441
6396 4.0276
6397 7.0508
6398 -1.4796
6399 2.2779
6400 0.0000
6401 -4.3611
6402 8.4827
6403 8.4710
6404 9.2390
6405 10.2513
6406 3.4435
6407 0.0000
6408 4.8143
6409 -0.7555
6410 -0.4236
6411 2.1940
6412 3.3043
6413 5.9990
6414 0.0000
6415 0.0758
6416 2.1917
6417 4.4332
6418 3.0855
6419 -4.9782
6420 1.5886
6421 0.0000
6422 -1.0757
6423 8.9757
6424 7.5802
6425 1.1288
6426 -1.0021
6427 4.4913
6428 0.0000
6429 0.8686
6430 7.2498
6431 8.0519
6432 5.4423
6433 -0.7382
6434 11.5047
6435 0.0000
6436 1.2920
6437 3.4881
6438 6.1763
6439 0.6062
6440 -2.9920
6441 1.1572
6442 0.0000
6443 1.4082
6444 5.2098
6445 7.6710
6446 8.3638
6447 6.6960
6448 -2.2860
6449 0.0000
6450 -4.3503
6451 1.1598
6452 4.2512
6453 9.7120
6454 -3.3639
6455 11.6832
6456 0.0000
6457 1.9487
6458 0.0000
6459 0.2365
6460 0.0000
6461 5.5597
6462 0.0000
6463 -4.7749
6464 8.3641
6465 0.0000
6466 8.8386
6467 2.9229
6468 3.8469
6469 5.2103
6470 0.0000
6471 8.6126
6472 0.8018
6473 1.6922
6474 0.0000
6475 9.7227
6476 11.0474
6477 9.2869
6478 0.0000
6479 -1.1807
6480 -1.0967
6481 1.2112
6482 0.9254
6483 6.8345
6484 4.1452
6485 4.0498
6486 5.7550
6487 -0.9658
6488 0.0000
6489 -6.7111
6490 1.9479
6491 5.8644
6492 5.8971
6493 0.9898
6494 1.7028
6495 0.0000
6496 1.2775
6497 -1.9935
6498 3.4834
6499 3.5272
6500 0.3655
6501 3.9540
6502 0.0000
6503 2.1069
6504 7.2997
6505 4.7215
6506 -1.3766
6507 -3.6389
6508 3.7316
6509 0.0000
6510 0.0276
6511 5.7627
6512 2.1002
6513 -1.7850
6514 1.3367
6515 5.9388
6516 0.0000
6517 11.3463
6518 11.5974
6519 7.6451
6520 4.5210
6521 1.3812
6522 0.2335
6523 0.0000
6524 1.7776
6525 5.2687
6526 -0.8119
6527 5.5439
6528 9.3421
6529 4.2971
6530 0.0000
6531 4.4561
6532 5.5369
6533 2.6113
6534 3.8493
6535 0.9632
6536 4.4067
6537 0.0000
6538 2.2675
6539 2.8110
6540 10.7051
6541 0.6693
6542 7.9505
6543 2.1402
6544 0.0000
6545 3.8284
6546 3.5279
6547 -4.4345
6548 3.1568
6549 0.0503
6550 10.4060
6551 0.0000
6552 0.0007
6553 0.6728
6554 -1.2803
6555 1.7943
6556 10.6057
6557 5.8153
6558 0.0000
6559 3.4098
6560 -1.9725
6561 5.4902
6562 4.9922
6563 1.3752
6564 6.2567
6565 0.0000
6566 -2.0113
6567 8.1690
6568 0.0000
6569 2.2866
6570 -0.9783
6571 3.0921
6572 3.3804
6573 -0.2991
6574 -4.4487
6575 0.1822
6576 5.6027
6577 0.0000
6578 0.4027
6579 4.4611
6580 0.0000
6581 2.6103
6582 0.0000
6583 -4.6277
6584 0.0000
6585 0.1150
6586 2.0563
6587 0.0000
6588 -4.4050
6589 6.7093
6590 0.0000
6591 3.3945
6592 4.2775
6593 3.3963
6594 0.0000
6595 -2.2406
6596 9.0276
6597 0.0000
6598 7.6465
6599 -0.9134
6600 0.9723
6601 0.0000
6602 -1.8264
6603 3.1063
6604 0.0000
6605 3.1486
6606 5.1532
6607 -0.4458
6608 0.0000
6609 -1.9961
6610 10.8165
6611 0.0000
6612 -4.7015
6613 2.7343
6614 4.7434
6615 0.0000
6616 0.3135
6617 7.9102
6618 0.0000
6619 3.6588
6620 -2.0040
6621 3.8705
6622 0.0000
6623 4.3308
6624 -6.1384
6625 0.0000
6626 6.5480
6627 2.9047
6628 0.9108
6629 0.0000
6630 -3.7060
6631 4.3770
6632 0.0000
6633 10.4612
6634 3.4032
6635 6.5049
6636 0.0000
6637 3.8730
6638 5.2876
6639 0.0000
6640 5.4380
6641 3.4613
6642 -0.2462
6643 0.0000
6644 -3.7408
6645 7.1514
6646 0.0000
6647 1.7807
6648 8.2101
6649 11.3762
6650 0.0000
6651 -6.3543
6652 -0.7208
6653 0.0000
6654 0.0194
6655 4.6350
6656 6.7957
6657 0.0000
6658 1.9030
6659 7.5781
6660 0.0000
6661 8.7156
6662 1.6939
6663 11.2294
6664 0.0000
6665 3.7554
6666 9.5544
6667 0.0000
6668 10.7672
6669 4.0588
6670 2.5578
6671 0.0000
6672 4.0365
6673 6.2987
6674 0.0000
6675 -1.3988
6676 5.1126
6677 2.9155
6678 0.0000
6679 9.0280
6680 6.4205
6681 0.0000
6682 5.5486
6683 10.8317
6684 1.5137
6685 0.0000
6686 0.5144
6687 5.3621
6688 0.0000
6689 -0.4680
6690 2.3040
6691 4.7708
6692 0.0000
6693 4.1728
6694 5.4752
6695 0.0000
6696 9.4637
6697 3.9358
6698 -0.4809
6699 0.0000
6700 5.4281
6701 0.0000
6702 4.9340
6703 0.0000
6704 -0.7816
6705 -1.1132
6706 0.0000
6707 5.0025
6708 0.0000
6709 1.3492
6710 0.0000
6711 5.7199
6712 6.0687
6713 13.3367
6714 0.0000
6715 5.9429
6716 6.2395
6717 11.0033
6718 0.0000
6719 -4.8207
6720 8.1598
6721 5.8312
6722 0.0000
6723 8.7129
6724 0.0000
6725 -7.2819
6726 0.0000
6727 -1.4145
6728 0.3214
6729 0.0000
6730 1.4835
6731 0.0000
6732 13.2375
6733 1.2057
6734 9.5695
6735 9.9350
6736 1.9286
6737 -1.7690
6738 9.5828
6739 7.0079
6740 5.0191
6741 -2.9318
6742 6.7698
6743 -1.0714
6744 6.7261
6745 3.9706
6746 2.1122
6747 4.4242
6748 0.0000
6749 -3.3874
6750 1.6578
6751 -0.0299
6752 9.9843
6753 -4.2703
6754 14.8079
6755 7.5019
6756 6.6354
6757 0.0000
6758 0.3221
6759 -2.3462
6760 0.0726
6761 6.4260
6762 8.6715
6763 5.5195
6764 0.0000
6765 0.1916
6766 4.6220
6767 -0.3724
6768 0.0000
6769 7.3892
6770 1.3863
6771 7.7255
6772 0.6101
6773 6.4320
6774 8.1468
6775 1.7308
6776 -0.9488
6777 0.0000
6778 4.2053
6779 7.2781
6780 1.8835
6781 1.9384
6782 6.8825
6783 6.6256
6784 0.0000
6785 -1.7664
6786 4.3820
6787 4.7784
6788 0.0000
6789 4.7603
6790 -2.5907
6791 5.4138
6792 -0.7623
6793 -3.4461
6794 -5.6176
6795 7.4360
6796 1.3710
6797 0.0000
6798 10.8151
6799 6.6675
6800 1.7587
6801 7.6886
6802 0.3280
6803 1.4860
6804 0.0000
6805 -5.3139
6806 7.0719
6807 3.0090
6808 0.0000
6809 3.1762
6810 0.4229
6811 4.9324
6812 1.8345
6813 1.5135
6814 3.4733
6815 -6.0720
6816 5.0198
6817 0.0000
6818 -3.2761
6819 15.6619
6820 0.3996
6821 8.5531
6822 6.0060
6823 0.5264
6824 0.0000
6825 2.9039
6826 1.4362
6827 6.3502
6828 4.0299
6829 5.8051
6830 3.5930
6831 3.1467
6832 11.7328
6833 7.4186
6834 4.0602
6835 1.4528
6836 -5.7332
6837 9.8434
6838 2.5294
6839 0.0000
6840 6.4407
6841 1.9807
6842 -1.4250
6843 6.0341
6844 4.4444
6845 9.5388
6846 0.8527
6847 1.7439
6848 0.0000
6849 1.9687
6850 2.9584
6851 4.8429
6852 5.9111
6853 6.2049
6854 4.2540
6855 0.0000
6856 -4.6691
6857 4.5722
6858 5.8948
6859 0.0000
6860 0.1882
6861 -1.3589
6862 11.4849
6863 2.3774
6864 -6.4040
6865 11.7313
6866 8.2484
6867 -1.1986
6868 0.0000
6869 1.1894
6870 3.7491
6871 10.8671
6872 3.8796
6873 3.1038
6874 7.8583
6875 0.0000
6876 -2.7165
6877 3.3504
6878 9.4527
6879 0.0000
6880 7.2822
6881 2.6403
6882 -2.9619
6883 2.3953
6884 -2.6994
6885 7.6433
6886 6.6203
6887 16.2291
6888 0.0000
6889 9.7084
6890 3.9390
6891 3.1287
6892 -0.6961
6893 6.4701
6894 5.0505
6895 0.0000
6896 -0.9989
6897 5.2499
6898 0.8309
6899 0.0000
6900 3.0195
6901 0.9129
6902 4.0878
6903 13.6078
6904 0.4675
6905 -4.4185
6906 -0.5887
6907 -6.5260
6908 0.0000
6909 8.0077
6910 6.2320
6911 15.5710
6912 -0.2011
6913 -5.1792
6914 0.2819
6915 0.0000
6916 -0.0459
6917 2.6180
6918 7.0319
6919 -0.2829
6920 7.1137
6921 7.5805
6922 3.1693
6923 4.7873
6924 5.9728
6925 14.8457
6926 6.7354
6927 1.3335
6928 3.5547
6929 8.6301
6930 0.0000
6931 -0.6916
6932 -1.4198
6933 2.8497
6934 7.0367
6935 2.7439
6936 15.4492
6937 7.6708
6938 6.3617
6939 0.0000
6940 7.5828
6941 5.2207
6942 11.1029
6943 4.5000
6944 4.7742
6945 -3.1131
6946 0.0000
6947 -1.5545
6948 10.9540
6949 5.5029
6950 0.0000
6951 1.0115
6952 0.4687
6953 7.4623
6954 7.8061
6955 -0.0027
6956 -7.4740
6957 -6.1728
6958 6.2904
6959 0.0000
6960 5.5585
6961 -3.3703
6962 5.0607
6963 0.9793
6964 4.3912
6965 2.1402
6966 0.0000
6967 -4.2339
6968 0.5797
6969 7.2227
6970 0.0000
6971 4.5029
6972 5.2972
6973 3.6995
6974 -2.2830
6975 3.0367
6976 -7.5298
6977 -3.2535
6978 2.6642
6979 0.0000
6980 13.4013
6981 7.0245
6982 2.4773
6983 8.1024
6984 0.2769
6985 6.0768
6986 0.0000
6987 1.3233
6988 -0.0833
6989 10.9512
6990 0.0000
6991 7.3441
6992 -3.1445
6993 3.8731
6994 7.9552
6995 -0.6988
6996 7.8121
6997 11.1811
6998 18.2823
6999 0.0000
7000 6.5564
7001 7.0936
7002 2.8738
7003 8.6285
7004 -0.0539
7005 9.6556
7006 0.0000
7007 2.3162
7008 2.8662
7009 12.2320
7010 -1.1956
7011 4.0324
7012 7.9904
7013 2.2151
7014 -1.4249
7015 11.2929
7016 10.1414
7017 5.9394
7018 2.1051
7019 2.2386
7020 8.3530
7021 0.0000
7022 9.5609
7023 0.0349
7024 2.2713
7025 1.0400
7026 10.1620
7027 2.9407
7028 4.6652
7029 2.0478
7030 0.0000
7031 6.8244
7032 -1.1629
7033 -0.5188
7034 4.2796
7035 2.1626
7036 8.5984
7037 0.0000
7038 2.6232
7039 4.6907
7040 6.9222
7041 0.0000
7042 -1.1771
7043 2.7367
7044 0.8928
7045 8.4904
7046 3.3994
7047 4.9440
7048 -4.1551
7049 4.2863
7050 0.0000
7051 9.9687
7052 -3.8641
7053 12.5284
7054 8.9738
7055 -2.5910
7056 13.1589
7057 0.0000
7058 -4.9407
7059 10.1065
7060 2.9514
7061 0.0000
7062 4.5539
7063 2.9500
7064 6.9261
7065 8.1660
7066 2.7840
7067 -8.5582
7068 -4.5326
7069 5.2898
7070 0.0000
7071 1.9621
7072 -9.8935
7073 -0.7849
7074 -1.3474
7075 3.5048
7076 4.3564
7077 0.0000
7078 -1.6143
7079 7.6688
7080 7.4934
7081 0.0000
7082 9.2625
7083 -0.4582
7084 -0.6749
7085 5.8399
7086 2.9736
7087 -0.7487
7088 -5.5652
7089 9.1428
7090 0.0000
7091 3.3700
7092 0.3799
7093 5.3002
7094 -0.3137
7095 2.7985
7096 4.6050
7097 0.0000
7098 -0.9444
7099 0.0000
7100 -1.0833
7101 0.0000
7102 6.6118
7103 -4.2466
7104 6.2342
7105 4.9679
7106 2.2750
7107 2.6076
7108 2.3167
7109 3.0727
7110 0.0000
7111 -2.1143
7112 5.2500
7113 7.3079
7114 13.3198
7115 1.2784
7116 3.4118
7117 0.0000
7118 3.0034
7119 4.6344
7120 -5.5088
7121 8.5173
7122 11.5521
7123 -2.8282
7124 0.0000
7125 5.5699
7126 -2.2237
7127 5.7056
7128 4.2640
7129 1.9028
7130 5.1230
7131 0.0000
7132 -0.1934
7133 6.1617
7134 -1.0429
7135 4.5901
7136 4.2265
7137 4.2376
7138 0.0000
7139 1.9432
7140 6.5200
7141 7.3631
7142 8.8705
7143 5.1705
7144 3.0153
7145 0.0000
7146 5.7810
7147 0.7283
7148 -1.3041
7149 2.2948
7150 3.6071
7151 2.6656
7152 0.0000
7153 2.0206
7154 3.5630
7155 5.5448
7156 2.2989
7157 -0.5411
7158 5.7788
7159 0.0000
7160 6.1279
7161 5.1777
7162 9.3863
7163 11.4999
7164 4.4723
7165 -3.2860
7166 0.0000
7167 0.0972
7168 5.4138
7169 0.4442
7170 -0.5043
7171 5.6163
7172 2.5821
7173 0.0000
7174 1.5127
7175 8.5222
7176 9.3385
7177 10.5332
7178 5.4336
7179 6.0846
7180 0.0000
7181 1.2980
7182 15.0723
7183 4.1294
7184 7.4271
7185 -0.5152
7186 -0.7643
7187 0.0000
7188 -1.7070
7189 8.0432
7190 2.8466
7191 3.1844
7192 14.9011
7193 6.3204
7194 0.0000
7195 10.1123
7196 -1.9322
7197 5.6883
7198 13.8926
7199 -0.8437
7200 1.5662
7201 0.0000
7202 -5.1818
7203 1.2778
7204 0.6668
7205 -1.9264
7206 4.2031
7207 9.1259
7208 0.0000
7209 -8.7120
7210 6.4788
7211 -5.1098
7212 2.0524
7213 5.8312
7214 1.4385
7215 0.0000
7216 7.1865
7217 0.0000
7218 6.6241
7219 0.0000
7220 2.7320
7221 0.0000
7222 2.9937
7223 3.5508
7224 0.0000
7225 6.4878
7226 5.7208
7227 -0.9059
7228 -0.0696
7229 0.0000
7230 13.4222
7231 3.1020
7232 8.1014
7233 0.0000
7234 9.1344
7235 6.2340
7236 4.2997
7237 0.0000
7238 6.5999
7239 4.5014
7240 0.6494
7241 3.3091
7242 6.0513
7243 1.2545
7244 2.2661
7245 1.2869
7246 8.2656
7247 0.0000
7248 5.9227
7249 2.3987
7250 -1.4198
7251 5.9333
7252 2.6700
7253 2.3709
7254 0.0000
7255 -0.3401
7256 7.2260
7257 -2.3643
7258 11.8624
7259 2.4616
7260 1.1694
7261 0.0000
7262 6.2720
7263 -0.4695
7264 6.6129
7265 3.5509
7266 2.9366
7267 7.6802
7268 0.0000
7269 2.8076
7270 5.7989
7271 1.3651
7272 14.4812
7273 7.8611
7274 -2.7646
7275 0.0000
7276 7.2598
7277 0.6702
7278 2.6927
7279 2.3696
7280 8.0869
7281 -2.3066
7282 0.0000
7283 -4.2573
7284 -5.1913
7285 7.8013
7286 2.8232
7287 10.7213
7288 5.0081
7289 0.0000
7290 -1.0859
7291 2.0219
7292 1.2708
7293 4.3852
7294 -0.6079
7295 -8.9026
7296 0.0000
7297 -4.9862
7298 6.1889
7299 8.6136
7300 8.5522
7301 4.9549
7302 3.1797
7303 0.0000
7304 -5.6568
7305 1.6394
7306 0.7712
7307 -0.1766
7308 -1.5846
7309 4.2269
7310 0.0000
7311 -3.3390
7312 -1.8653
7313 6.9212
7314 1.2091
7315 2.9506
7316 7.4349
7317 0.0000
7318 -3.5436
7319 5.1667
7320 -0.1631
7321 5.8521
7322 2.4408
7323 -0.8823
7324 0.0000
7325 -3.5339
7326 3.8405
7327 0.0000
7328 5.6700
7329 -6.7220
7330 7.9960
7331 1.3294
7332 0.9458
7333 0.8221
7334 2.6674
7335 2.8358
7336 0.0000
7337 1.2003
7338 -0.9607
7339 0.0000
7340 5.2306
7341 0.0000
7342 -10.5073
7343 0.0000
7344 1.1288
7345 4.0976
7346 0.0000
7347 -1.0308
7348 3.8639
7349 0.0000
7350 6.2179
7351 -2.2260
7352 -1.7063
7353 0.0000
7354 0.9667
7355 8.2067
7356 0.0000
7357 4.1001
7358 11.9424
7359 0.6912
7360 0.0000
7361 3.4008
7362 10.7696
7363 0.0000
7364 3.2495
7365 -1.4932
7366 10.5740
7367 0.0000
7368 -7.7229
7369 4.1589
7370 0.0000
7371 0.2179
7372 10.8981
7373 -0.0870
7374 0.0000
7375 1.6326
7376 -2.5933
7377 0.0000
7378 4.8136
7379 2.3904
7380 10.9049
7381 0.0000
7382 0.1839
7383 4.8835
7384 0.0000
7385 7.5088
7386 14.4608
7387 -3.9645
7388 0.0000
7389 4.9809
7390 4.5057
7391 0.0000
7392 6.8371
7393 3.1138
7394 6.0426
7395 0.0000
7396 3.4048
7397 7.4726
7398 0.0000
7399 6.6144
7400 -0.3802
7401 0.5819
7402 0.0000
7403 -2.8118
7404 4.9185
7405 0.0000
7406 4.3614
7407 9.8035
7408 -0.2827
7409 0.0000
7410 1.9349
7411 0.1563
7412 0.0000
7413 10.8014
7414 2.2044
7415 0.9015
7416 0.0000
7417 3.6815
7418 0.1317
7419 0.0000
7420 11.9157
7421 3.6553
7422 11.6262
7423 0.0000
7424 0.3110
7425 2.1994
7426 0.0000
7427 4.1963
7428 1.9154
7429 2.3283
7430 0.0000
7431 1.1603
7432 6.2794
7433 0.0000
7434 6.1238
7435 8.7889
7436 7.2145
7437 0.0000
7438 -6.3524
7439 3.3641
7440 0.0000
7441 8.5649
7442 1.2302
7443 -0.0403
7444 0.0000
7445 0.1838
7446 7.8456
7447 0.0000
7448 -5.0300
7449 4.8151
7450 9.1779
7451 0.0000
7452 2.5628
7453 -4.1674
7454 0.0000
7455 5.9306
7456 1.8306
7457 -2.4026
7458 0.0000
7459 2.4488
7460 0.0000
7461 0.1911
7462 0.0000
7463 -0.4717
7464 5.4558
7465 0.0000
7466 3.5330
7467 0.0000
7468 13.0091
7469 0.0000
7470 1.1324
7471 18.3132
7472 1.9213
7473 0.0000
7474 8.5525
7475 5.7583
7476 4.7573
7477 0.0000
7478 0.3770
7479 1.6047
7480 0.2708
7481 0.0000
7482 5.0659
7483 0.0000
7484 2.6420
7485 0.0000
7486 6.4736
7487 3.0282
7488 0.0000
7489 -2.3819
7490 0.0000
7491 9.5277
7492 11.7648
7493 -1.7772
7494 0.6217
7495 6.7472
7496 8.7490
7497 7.0682
7498 5.6555
7499 0.0000
7500 -1.6258
7501 7.1556
7502 7.7456
7503 -3.9675
7504 1.3541
7505 2.7609
7506 0.0000
7507 2.5798
7508 3.0802
7509 7.1688
7510 1.4127
7511 4.7930
7512 4.6825
7513 0.0000
7514 2.5632
7515 2.5668
7516 2.3660
7517 4.5624
7518 6.9464
7519 3.3760
7520 0.0000
7521 5.8723
7522 8.7955
7523 -0.2981
7524 1.8347
7525 10.5046
7526 -1.4191
7527 0.0000
7528 0.2139
7529 1.0230
7530 -0.7802
7531 -0.9085
7532 -1.5043
7533 2.3164
7534 0.0000
7535 -2.8060
7536 -1.0921
7537 3.6774
7538 1.9261
7539 8.8098
7540 1.3614
7541 0.0000
7542 -0.1086
7543 10.0409
7544 1.7709
7545 4.2153
7546 -1.9958
7547 -5.5588
7548 0.0000
7549 -1.2199
7550 8.2440
7551 1.1919
7552 6.3224
7553 7.6895
7554 -1.3558
7555 0.0000
7556 -2.3083
7557 -1.0494
7558 9.2544
7559 7.3089
7560 11.6810
7561 7.3548
7562 0.0000
7563 4.0273
7564 0.9010
7565 9.4968
7566 -2.5144
7567 0.9139
7568 1.3511
7569 0.0000
7570 6.8187
7571 1.0350
7572 11.3232
7573 9.0480
7574 3.3918
7575 4.1631
7576 0.0000
7577 -1.3979
7578 8.3490
7579 3.7880
7580 -1.3145
7581 12.1353
7582 -3.3790
7583 0.0000
7584 0.4701
7585 -1.8851
7586 12.5911
7587 8.6109
7588 7.6398
7589 -0.1289
7590 0.0000
7591 -1.3126
7592 2.5791
7593 7.0634
7594 5.9153
7595 8.4269
7596 7.7870
7597 0.0000
7598 -0.9761
7599 6.7708
7600 -3.1932
7601 5.0801
7602 9.0510
7603 8.3808
7604 0.0000
7605 -1.4803
7606 0.0000
7607 3.0330
7608 1.0667
7609 0.0000
7610 -2.6864
7611 2.6238
7612 0.0000
7613 11.7935
7614 3.8133
7615 0.0000
7616 2.6009
7617 0.0000
7618 0.8068
7619 3.9929
7620 0.0000
7621 3.5457
7622 8.0613
7623 0.0000
7624 3.5509
7625 0.0000
7626 -0.6385
7627 4.2365
7628 0.0000
7629 3.2812
7630 9.9824
7631 0.0000
7632 7.3903
7633 0.0000
7634 -2.8932
7635 3.2025
7636 0.0000
7637 5.5053
7638 1.7898
7639 0.0000
7640 10.5905
7641 0.0000
7642 3.0233
7643 2.3522
7644 0.0000
7645 3.8787
7646 6.2375
7647 0.0000
7648 4.2454
7649 0.0000
7650 6.6998
7651 3.7956
7652 0.0000
7653 6.3049
7654 6.0269
7655 0.0000
7656 2.9215
7657 0.0000
7658 -4.2717
7659 3.1653
7660 0.0000
7661 0.1854
7662 2.9508
7663 0.0000
7664 2.0883
7665 0.0000
7666 0.8781
7667 2.3615
7668 0.0000
7669 9.5306
7670 -0.0762
7671 0.0000
7672 0.7316
7673 0.0000
7674 6.9918
7675 11.9869
7676 0.0000
7677 0.4089
7678 0.6739
7679 0.0000
7680 3.2824
7681 0.0000
7682 0.3900
7683 9.6688
7684 0.0000
7685 5.2837
7686 9.6999
7687 0.0000
7688 3.5034
7689 0.0000
7690 3.6475
7691 4.9200
7692 0.0000
7693 7.1465
7694 2.3843
7695 0.0000
7696 7.2344
7697 0.0000
7698 -7.7702
7699 -1.1082
7700 0.0000
7701 2.6844
7702 1.7337
7703 0.0000
7704 0.9408
7705 0.0000
7706 0.8573
7707 1.4267
7708 0.0000
7709 6.4063
7710 8.2712
7711 0.0000
7712 4.9905
7713 0.0000
7714 2.8019
7715 -1.0416
7716 0.0000
7717 2.1786
7718 -4.4529
7719 0.0000
7720 4.7574
7721 0.0000
7722 5.5853
7723 -0.0904
7724 0.0000
7725 10.2951
7726 6.9325
7727 0.0000
7728 7.8391
7729 0.0000
7730 4.4622
7731 -5.5872
7732 0.0000
7733 6.2913
7734 -0.9424
7735 0.0000
7736 -2.2452
7737 0.0000
7738 -0.6626
7739 0.0000
7740 2.4130
