# input  : 16 : 80 5F 04 DE 7D 81 EA E1 C5 B8 37 B9 42 E2 A5 1C 
# output : 16 : FC AD 5E 51 11 A4 65 8E 21 E4 AE 8D D3 E8 A6 7A 
# cycles : 7740
1 0.0000
2 -1.8961
3 0.9170
4 0.0000
5 -4.0778
6 0.0000
7 1.9250
8 2.8763
9 0.0000
10 3.3383
11 0.4650
12 0.0000
13 -5.7281
14 0.0000
15 4.5634
16 10.7283
17 0.0000
18 4.0582
19 4.6260
20 0.0000
21 -0.5490
22 0.0000
23 4.7698
24 2.1563
25 0.0000
26 -3.7592
27 5.2873
28 0.0000
29 6.5897
30 0.0000
31 0.6625
32 6.4751
33 0.0000
34 -1.6502
35 6.3209
36 0.0000
37 0.3959
38 0.0000
39 12.9083
40 -1.5187
41 0.0000
42 6.9571
43 3.6583
44 0.0000
45 1.6268
46 0.0000
47 2.3494
48 0.1872
49 0.0000
50 -0.0872
51 0.1061
52 0.0000
53 2.7684
54 0.0000
55 3.3869
56 6.1836
57 0.0000
58 2.0115
59 2.6370
60 0.0000
61 0.6187
62 0.0000
63 -1.5659
64 10.8010
65 0.0000
66 -4.5564
67 4.7232
68 0.0000
69 -3.6511
70 0.0000
71 3.7822
72 -1.7265
73 0.0000
74 7.9961
75 1.0392
76 0.0000
77 3.7797
78 0.0000
79 1.7487
80 1.7171
81 0.0000
82 2.9375
83 1.9085
84 0.0000
85 -1.9377
86 0.0000
87 4.9662
88 2.6032
89 0.0000
90 1.9926
91 2.0812
92 0.0000
93 8.3475
94 0.0000
95 2.7644
96 0.2813
97 0.0000
98 6.5324
99 8.5314
100 0.0000
101 -8.3102
102 0.0000
103 3.8534
104 4.0897
105 0.0000
106 1.6167
107 5.7682
108 0.0000
109 2.5239
110 0.0000
111 5.4219
112 0.9496
113 0.0000
114 3.4074
115 8.8035
116 0.0000
117 5.5459
118 0.0000
119 8.0823
120 3.1060
121 0.0000
122 0.9712
123 -0.5717
124 0.0000
125 4.3599
126 0.0000
127 7.6930
128 3.1453
129 0.0000
130 6.7134
131 1.8265
132 0.0000
133 1.0878
134 0.0000
135 8.2849
136 0.2377
137 0.0000
138 1.2899
139 -5.3391
140 -0.5389
141 0.0000
142 -4.3153
143 6.3963
144 2.3019
145 0.1914
146 0.0000
147 1.5860
148 -2.7825
149 0.0000
150 2.2033
151 1.6879
152 -5.5211
153 6.5090
154 0.0000
155 -2.4273
156 -2.5466
157 0.0000
158 -2.2942
159 4.2499
160 0.3302
161 2.9309
162 0.0000
163 4.5632
164 8.8739
165 0.0000
166 3.1750
167 12.3447
168 -2.3359
169 6.3488
170 0.0000
171 -1.2900
172 2.1372
173 0.0000
174 -0.9512
175 4.9151
176 9.7141
177 0.7908
178 0.0000
179 4.5641
180 -0.2320
181 0.0000
182 5.7011
183 0.8938
184 8.7487
185 9.5303
186 0.0000
187 -2.0730
188 1.5386
189 0.0000
190 0.4407
191 0.9081
192 2.9074
193 0.5768
194 0.0000
195 2.0345
196 4.8276
197 0.0000
198 6.9915
199 0.9870
200 2.3573
201 -3.0583
202 0.0000
203 3.8021
204 1.8692
205 0.0000
206 6.2030
207 3.6529
208 -5.5471
209 6.5514
210 0.0000
211 2.9749
212 -3.3908
213 0.0000
214 8.0044
215 6.0523
216 -4.4939
217 -1.4692
218 0.0000
219 7.1629
220 0.7790
221 0.0000
222 2.4148
223 5.5290
224 -6.2472
225 -0.7287
226 0.0000
227 -3.6818
228 8.9735
229 0.0000
230 7.6799
231 -0.7474
232 -6.1027
233 -7.2715
234 0.0000
235 8.5167
236 1.9130
237 0.0000
238 -3.9531
239 7.1520
240 3.4605
241 2.5269
242 0.0000
243 7.2342
244 3.5808
245 0.0000
246 11.6340
247 2.8412
248 10.1932
249 5.0315
250 0.0000
251 1.3329
252 -0.4684
253 0.0000
254 8.6274
255 -4.4713
256 8.6625
257 5.1310
258 0.0000
259 6.8636
260 9.8081
261 0.0000
262 11.9954
263 2.8981
264 6.0458
265 2.6909
266 0.0000
267 7.0454
268 2.5775
269 0.0000
270 1.9459
271 0.0000
272 3.8310
273 -5.7418
274 2.5586
275 1.6823
276 9.5642
277 13.1329
278 6.9434
279 0.8749
280 0.0000
281 -0.1164
282 7.6772
283 1.6461
284 1.8995
285 1.4707
286 1.9698
287 0.0000
288 3.4495
289 3.5242
290 -0.5186
291 2.0258
292 7.0932
293 -1.7359
294 0.0000
295 4.8459
296 0.3691
297 3.5318
298 3.0089
299 6.0186
300 2.1679
301 0.0000
302 -1.6833
303 7.6474
304 2.0187
305 4.5649
306 6.1926
307 -3.9449
308 0.0000
309 4.0904
310 -5.8404
311 1.8326
312 0.8922
313 -3.7419
314 -0.4620
315 0.0000
316 -5.1130
317 2.9700
318 5.7677
319 1.7576
320 5.7823
321 9.2625
322 0.0000
323 -1.4948
324 3.7126
325 6.0146
326 6.1175
327 2.5516
328 3.3277
329 0.0000
330 0.9523
331 3.0706
332 11.0686
333 5.8046
334 1.4737
335 3.8078
336 0.0000
337 -1.2359
338 3.1973
339 1.9860
340 -1.6165
341 11.7786
342 4.5513
343 0.0000
344 -1.8473
345 6.6160
346 3.3068
347 5.4566
348 6.1612
349 0.2918
350 0.0000
351 -1.0221
352 5.6083
353 0.1988
354 -5.5214
355 7.1750
356 1.4026
357 0.0000
358 -7.7571
359 -1.3622
360 5.5190
361 8.5265
362 11.2067
363 9.2274
364 0.0000
365 -2.0047
366 6.2821
367 10.4118
368 -1.2571
369 4.2535
370 5.2479
371 0.0000
372 2.8701
373 9.0295
374 12.3332
375 12.9273
376 4.5437
377 3.1397
378 0.0000
379 3.5668
380 4.7284
381 3.0692
382 -5.1150
383 -5.1279
384 3.9913
385 0.0000
386 -10.6300
387 0.0000
388 -4.4362
389 0.0000
390 9.4788
391 0.0000
392 1.5363
393 4.9692
394 0.0000
395 2.9730
396 11.5630
397 2.8474
398 4.8639
399 0.0000
400 5.6470
401 10.0346
402 7.8587
403 0.0000
404 3.1446
405 6.8192
406 4.2012
407 0.0000
408 3.8365
409 0.7711
410 4.6539
411 0.1996
412 6.9693
413 2.3567
414 -5.3181
415 6.6752
416 4.4412
417 0.0000
418 0.2850
419 10.5845
420 -0.4221
421 6.3243
422 -2.6038
423 -3.6502
424 0.0000
425 -2.8016
426 8.4067
427 -4.7745
428 5.7738
429 0.8040
430 1.8496
431 0.0000
432 1.4892
433 16.3452
434 7.3820
435 6.0518
436 -4.8497
437 8.2829
438 0.0000
439 -1.4550
440 9.9485
441 7.6805
442 5.7016
443 2.4456
444 7.1578
445 0.0000
446 -4.2335
447 5.4251
448 10.1776
449 5.8189
450 1.9624
451 1.7342
452 0.0000
453 3.1283
454 0.4897
455 13.9262
456 6.6935
457 7.6311
458 2.9258
459 0.0000
460 -6.1385
461 8.4541
462 8.4248
463 9.2907
464 4.5457
465 -0.5474
466 0.0000
467 0.2678
468 2.4929
469 3.0240
470 5.0796
471 5.2597
472 4.3453
473 0.0000
474 -1.7486
475 1.8054
476 4.3007
477 1.4192
478 1.6379
479 4.3081
480 0.0000
481 6.1490
482 1.8928
483 7.0040
484 4.6452
485 6.2569
486 -0.4202
487 0.0000
488 -4.5374
489 2.0826
490 1.4278
491 -2.7121
492 6.6643
493 4.1133
494 0.0000
495 3.5484
496 7.0859
497 0.0000
498 1.5218
499 4.0675
500 -0.2407
501 0.1817
502 3.3958
503 2.5065
504 0.0891
505 -4.6235
506 0.0000
507 3.4910
508 -2.7212
509 0.0000
510 -3.1786
511 -5.8786
512 0.0000
513 -6.5762
514 -0.9756
515 0.0000
516 12.2358
517 0.7431
518 0.0000
519 -0.4626
520 6.2041
521 9.8270
522 0.0000
523 0.1022
524 1.6202
525 0.0000
526 6.1865
527 8.9028
528 -2.0274
529 0.0000
530 2.4431
531 3.0252
532 0.0000
533 5.7041
534 -1.7049
535 -3.2430
536 0.0000
537 -2.8889
538 -1.0154
539 0.0000
540 8.4313
541 7.6274
542 -0.8263
543 0.0000
544 3.2172
545 -0.9721
546 0.0000
547 3.9500
548 1.2091
549 4.7167
550 0.0000
551 7.2192
552 9.4341
553 0.0000
554 -0.5971
555 -0.5052
556 2.8911
557 0.0000
558 5.5261
559 4.3871
560 0.0000
561 3.5335
562 10.4517
563 6.2145
564 0.0000
565 4.2965
566 2.5675
567 0.0000
568 -4.0492
569 8.5182
570 1.4178
571 0.0000
572 1.2757
573 1.9321
574 0.0000
575 2.0725
576 8.1731
577 3.7573
578 0.0000
579 6.0611
580 7.2235
581 0.0000
582 6.6563
583 -1.4620
584 3.8633
585 0.0000
586 -0.7908
587 4.7990
588 0.0000
589 2.8778
590 0.0707
591 -0.6328
592 0.0000
593 3.2863
594 2.4349
595 0.0000
596 6.7092
597 3.8329
598 5.4728
599 0.0000
600 5.1696
601 10.7053
602 0.0000
603 1.6134
604 4.2641
605 11.5905
606 0.0000
607 -1.4160
608 1.6762
609 0.0000
610 3.1502
611 3.5085
612 2.2126
613 0.0000
614 -4.1694
615 2.6244
616 0.0000
617 0.9057
618 0.6657
619 3.2896
620 0.0000
621 -1.1881
622 1.8033
623 0.0000
624 5.6689
625 6.6510
626 2.9751
627 0.0000
628 -2.6863
629 0.0000
630 -1.5017
631 0.0000
632 1.2040
633 13.0966
634 0.0000
635 2.5799
636 0.0000
637 2.2730
638 0.0000
639 5.1496
640 11.5283
641 6.4488
642 0.0000
643 7.1039
644 1.9229
645 1.4044
646 0.0000
647 1.7950
648 6.0569
649 0.7798
650 0.0000
651 5.5969
652 0.0000
653 7.4705
654 0.0000
655 -3.7804
656 3.9186
657 0.0000
658 3.7806
659 0.0000
660 -0.0635
661 -1.0112
662 12.4437
663 4.5585
664 9.4876
665 7.7355
666 -4.5041
667 5.9881
668 5.0970
669 5.0358
670 6.3896
671 12.1967
672 -1.5849
673 0.2126
674 -2.0498
675 5.4773
676 0.0000
677 0.7439
678 3.1099
679 7.3104
680 4.8573
681 0.9882
682 -4.1225
683 -1.4921
684 11.7491
685 0.0000
686 -1.3220
687 7.4963
688 8.3207
689 11.1661
690 2.5366
691 0.2933
692 0.0000
693 1.4216
694 -0.1069
695 3.7922
696 0.0000
697 -3.7006
698 2.4408
699 -0.9284
700 1.4396
701 -3.9216
702 9.1587
703 7.0668
704 1.6490
705 0.0000
706 6.5307
707 3.0563
708 -2.0416
709 2.9603
710 1.8706
711 -3.9319
712 0.0000
713 -7.9208
714 6.4494
715 5.9907
716 0.0000
717 3.5956
718 -2.1942
719 3.6000
720 -7.7829
721 -6.5271
722 -5.4958
723 -4.3251
724 -2.2488
725 0.0000
726 -1.1707
727 12.6904
728 1.7170
729 1.9302
730 8.1744
731 4.9393
732 0.0000
733 -7.4396
734 1.5757
735 4.2624
736 0.0000
737 2.0854
738 -0.8881
739 1.8229
740 -0.4882
741 -2.6499
742 12.1967
743 7.9442
744 11.9904
745 0.0000
746 -2.8126
747 1.7584
748 0.4626
749 3.7302
750 -2.8453
751 4.8676
752 0.0000
753 3.9074
754 6.2025
755 8.6548
756 2.7932
757 8.4837
758 8.6480
759 9.5648
760 5.9280
761 7.0340
762 -2.7853
763 4.1645
764 -2.5031
765 10.7125
766 10.2566
767 0.0000
768 6.7675
769 6.9892
770 6.3959
771 4.0705
772 1.5776
773 -0.8384
774 2.1636
775 1.2960
776 0.0000
777 2.9861
778 5.1695
779 9.0421
780 2.3454
781 4.8751
782 5.2666
783 0.0000
784 -0.0806
785 7.4017
786 2.9161
787 0.0000
788 -4.4090
789 -3.6775
790 0.7951
791 0.9388
792 -0.0530
793 -6.5253
794 0.5802
795 3.2542
796 0.0000
797 9.0509
798 0.1317
799 2.2009
800 4.6224
801 -0.3228
802 12.5270
803 0.0000
804 -0.0126
805 -5.3231
806 1.9054
807 0.0000
808 12.6889
809 -1.1522
810 11.8922
811 5.0678
812 4.0630
813 0.6108
814 -3.0383
815 11.0812
816 0.0000
817 5.8803
818 9.7642
819 4.3422
820 1.1900
821 1.8237
822 4.5142
823 0.0000
824 -0.1668
825 2.6829
826 10.5603
827 0.0000
828 0.1514
829 -0.0899
830 6.5746
831 3.8103
832 -2.8934
833 -3.7805
834 -4.1153
835 6.3831
836 0.0000
837 8.3505
838 2.0421
839 -2.8951
840 3.4351
841 0.9624
842 6.3817
843 0.0000
844 -1.4059
845 10.3972
846 3.6077
847 2.9934
848 0.1695
849 0.2572
850 6.4793
851 -1.6584
852 7.5145
853 4.0883
854 -2.8244
855 4.9427
856 2.5675
857 3.6864
858 0.0000
859 2.4414
860 -0.0802
861 11.9870
862 -5.1514
863 -1.7219
864 8.4735
865 2.5314
866 11.3798
867 0.0000
868 4.7394
869 16.4027
870 4.8274
871 10.1944
872 0.4437
873 7.4281
874 0.0000
875 2.8730
876 7.2957
877 0.4869
878 0.0000
879 6.7321
880 2.3377
881 -1.0571
882 -2.9864
883 0.6501
884 3.2911
885 4.1905
886 -1.7927
887 0.0000
888 -0.7167
889 8.9827
890 7.6096
891 -1.3191
892 8.8531
893 5.2807
894 0.0000
895 9.1055
896 5.4439
897 0.6067
898 0.0000
899 4.6663
900 0.8604
901 5.0572
902 -2.6774
903 -6.6218
904 -1.9580
905 -1.6737
906 0.0671
907 0.0000
908 3.6950
909 -2.8648
910 4.3919
911 6.8039
912 10.7308
913 2.4750
914 0.0000
915 -6.3051
916 -0.5410
917 6.4271
918 0.0000
919 -2.3058
920 -2.8764
921 6.4936
922 5.2481
923 -3.3170
924 0.9658
925 2.6397
926 11.8737
927 0.0000
928 0.4628
929 5.6662
930 -1.0837
931 9.3732
932 1.0940
933 6.8651
934 0.0000
935 2.6139
936 4.2895
937 5.4239
938 0.5814
939 6.1899
940 -1.7700
941 5.1392
942 7.8878
943 7.1198
944 11.4771
945 2.5080
946 5.5066
947 5.4301
948 3.0764
949 0.0000
950 4.1519
951 0.1197
952 12.3087
953 3.9857
954 0.6646
955 4.7790
956 -4.1695
957 4.1569
958 0.0000
959 1.6764
960 1.5753
961 1.7565
962 2.1820
963 5.4030
964 1.2429
965 0.0000
966 -3.1211
967 9.2688
968 10.7443
969 0.0000
970 8.3546
971 2.3162
972 4.7705
973 3.2472
974 -4.5916
975 6.3902
976 -7.4049
977 12.7763
978 0.0000
979 7.4739
980 -0.0432
981 4.8014
982 1.9367
983 1.1219
984 13.5605
985 0.0000
986 1.6085
987 10.9954
988 11.2242
989 0.0000
990 11.6586
991 -3.8821
992 2.7460
993 3.8998
994 5.8208
995 6.5128
996 -7.6347
997 3.7782
998 0.0000
999 4.3917
1000 1.4443
1001 -1.9239
1002 -6.7688
1003 -1.0500
1004 2.1924
1005 0.0000
1006 4.1980
1007 9.0588
1008 -0.0843
1009 0.0000
1010 4.5939
1011 5.2594
1012 8.7796
1013 1.6613
1014 -1.0946
1015 -4.3997
1016 4.8412
1017 8.7599
1018 0.0000
1019 4.0428
1020 4.8476
1021 9.6205
1022 0.9192
1023 -5.6722
1024 3.6032
1025 0.0000
1026 -2.1072
1027 0.0000
1028 1.9145
1029 0.0000
1030 4.0955
1031 -1.4558
1032 3.5371
1033 1.3782
1034 -5.5004
1035 0.1645
1036 2.7232
1037 -0.2632
1038 0.0000
1039 -1.2125
1040 3.3196
1041 9.5107
1042 9.1114
1043 4.3667
1044 14.9813
1045 0.0000
1046 0.6569
1047 7.7656
1048 -0.7761
1049 1.4989
1050 2.7159
1051 1.1728
1052 0.0000
1053 -5.5122
1054 1.4284
1055 -0.8439
1056 -8.3912
1057 3.4275
1058 -4.3253
1059 0.0000
1060 4.3711
1061 1.4117
1062 6.7508
1063 0.6410
1064 3.8827
1065 0.9847
1066 0.0000
1067 -2.1247
1068 -6.6420
1069 -2.8148
1070 0.4122
1071 -0.5371
1072 13.1116
1073 0.0000
1074 1.9800
1075 4.0658
1076 5.8689
1077 5.4159
1078 5.7388
1079 -1.7013
1080 0.0000
1081 -2.8193
1082 9.8010
1083 4.3299
1084 6.5866
1085 -4.0269
1086 3.6327
1087 0.0000
1088 0.0604
1089 2.1381
1090 3.4208
1091 -5.6861
1092 6.1063
1093 0.2283
1094 0.0000
1095 3.3143
1096 4.7848
1097 7.4413
1098 2.6174
1099 6.3134
1100 4.5933
1101 0.0000
1102 0.1667
1103 11.5561
1104 0.7460
1105 -1.5107
1106 6.8104
1107 1.0626
1108 0.0000
1109 1.1358
1110 3.3142
1111 2.1860
1112 1.0069
1113 2.2790
1114 1.5988
1115 0.0000
1116 -3.7951
1117 2.2016
1118 1.6046
1119 -3.3603
1120 2.6940
1121 9.0827
1122 0.0000
1123 0.9787
1124 -1.4980
1125 5.2100
1126 -3.2562
1127 4.1035
1128 3.0112
1129 0.0000
1130 -4.6608
1131 3.1432
1132 1.2300
1133 3.2865
1134 6.9855
1135 9.2511
1136 0.0000
1137 5.2633
1138 2.5952
1139 11.5420
1140 11.0181
1141 3.3376
1142 8.8844
1143 0.0000
1144 4.6848
1145 0.0000
1146 6.4802
1147 0.0000
1148 0.1245
1149 0.0000
1150 1.3433
1151 5.2295
1152 0.0000
1153 8.7784
1154 -3.6809
1155 0.9728
1156 4.1460
1157 0.0000
1158 5.4436
1159 1.9777
1160 7.4499
1161 0.0000
1162 3.8130
1163 -4.5988
1164 7.8025
1165 0.0000
1166 5.2125
1167 2.7169
1168 1.6507
1169 -4.4705
1170 8.3862
1171 4.1903
1172 5.5550
1173 -1.4607
1174 0.5220
1175 0.0000
1176 -3.3027
1177 10.2018
1178 1.3815
1179 -0.5938
1180 -0.2578
1181 7.3725
1182 0.0000
1183 -3.2725
1184 6.0217
1185 1.8913
1186 10.6660
1187 6.6592
1188 3.5516
1189 0.0000
1190 8.8018
1191 8.3199
1192 0.8903
1193 1.0531
1194 0.6201
1195 5.7108
1196 0.0000
1197 2.8338
1198 -0.5961
1199 0.7093
1200 2.2889
1201 7.7733
1202 2.6074
1203 0.0000
1204 3.3086
1205 5.3800
1206 4.8578
1207 -0.5049
1208 4.2529
1209 -1.4552
1210 0.0000
1211 -0.9846
1212 0.4753
1213 -0.5826
1214 1.9028
1215 8.5726
1216 5.8379
1217 0.0000
1218 1.8442
1219 2.3144
1220 5.4446
1221 -0.4465
1222 -3.5892
1223 0.2458
1224 0.0000
1225 -0.6904
1226 -5.3071
1227 6.9649
1228 8.4574
1229 11.1504
1230 6.3666
1231 0.0000
1232 7.0098
1233 4.6254
1234 4.0559
1235 8.7103
1236 8.9307
1237 4.5797
1238 0.0000
1239 6.7101
1240 -0.1082
1241 6.4332
1242 6.7244
1243 2.1790
1244 1.8403
1245 0.0000
1246 -3.3858
1247 6.1230
1248 6.2940
1249 5.4280
1250 -0.9036
1251 4.1370
1252 0.0000
1253 6.2474
1254 5.7453
1255 0.0000
1256 8.7791
1257 0.5864
1258 -3.7089
1259 2.1902
1260 -2.7160
1261 3.4708
1262 -2.7841
1263 3.1382
1264 0.0000
1265 5.7517
1266 6.3947
1267 0.0000
1268 3.4883
1269 0.0000
1270 -1.9845
1271 0.0000
1272 -5.8511
1273 -4.9773
1274 0.0000
1275 3.5648
1276 9.3595
1277 0.0000
1278 -3.9849
1279 -1.3380
1280 2.3194
1281 0.0000
1282 1.8378
1283 0.9934
1284 0.0000
1285 -1.4729
1286 12.1400
1287 1.8113
1288 0.0000
1289 6.1517
1290 10.1980
1291 0.0000
1292 -5.5588
1293 4.1634
1294 1.4547
1295 0.0000
1296 4.4807
1297 -5.9507
1298 0.0000
1299 -1.4763
1300 0.7443
1301 3.4800
1302 0.0000
1303 -0.7021
1304 -0.2430
1305 0.0000
1306 4.3571
1307 6.8611
1308 15.0105
1309 0.0000
1310 3.6902
1311 5.6039
1312 0.0000
1313 10.1336
1314 6.8805
1315 3.1233
1316 0.0000
1317 1.4577
1318 1.0720
1319 0.0000
1320 4.0814
1321 -3.6883
1322 3.1539
1323 0.0000
1324 0.3744
1325 2.3133
1326 0.0000
1327 3.6463
1328 7.9635
1329 2.5321
1330 0.0000
1331 -3.7064
1332 5.1389
1333 0.0000
1334 -0.4334
1335 3.6584
1336 0.1078
1337 0.0000
1338 -5.2158
1339 4.0963
1340 0.0000
1341 6.1316
1342 10.2703
1343 1.3889
1344 0.0000
1345 0.2005
1346 4.2120
1347 0.0000
1348 -0.3810
1349 1.2811
1350 2.7723
1351 0.0000
1352 5.7935
1353 -1.4777
1354 0.0000
1355 1.3178
1356 4.4060
1357 -1.9624
1358 0.0000
1359 -3.0774
1360 8.9602
1361 0.0000
1362 10.8536
1363 4.3968
1364 1.5311
1365 0.0000
1366 1.3970
1367 7.8288
1368 0.0000
1369 -3.4686
1370 3.6909
1371 5.9384
1372 0.0000
1373 1.5597
1374 7.2064
1375 0.0000
1376 -1.0317
1377 8.6483
1378 5.4324
1379 0.0000
1380 2.4767
1381 6.1194
1382 0.0000
1383 4.8067
1384 1.3795
1385 -0.7730
1386 0.0000
1387 6.4550
1388 0.0000
1389 -4.3866
1390 0.0000
1391 6.8816
1392 6.8313
1393 0.0000
1394 -5.4616
1395 0.0000
1396 5.7382
1397 0.0000
1398 5.4513
1399 8.1224
1400 0.8366
1401 0.0000
1402 4.1301
1403 -2.9681
1404 3.8576
1405 0.0000
1406 0.5069
1407 1.6870
1408 4.2837
1409 0.0000
1410 3.2760
1411 0.0000
1412 1.2591
1413 0.0000
1414 2.9397
1415 -4.2661
1416 0.0000
1417 -3.5346
1418 0.0000
1419 0.4701
1420 0.6888
1421 1.2136
1422 11.7385
1423 5.3765
1424 1.6046
1425 1.6645
1426 1.3608
1427 8.4093
1428 2.9341
1429 3.4691
1430 -2.0757
1431 5.8416
1432 0.2403
1433 10.9523
1434 11.4106
1435 0.0000
1436 6.0616
1437 -1.8276
1438 -2.5391
1439 3.7079
1440 3.4520
1441 9.4491
1442 7.4884
1443 2.1044
1444 0.0000
1445 8.3758
1446 2.2168
1447 3.4495
1448 6.8181
1449 6.1057
1450 0.6776
1451 0.0000
1452 0.7081
1453 1.3865
1454 6.1075
1455 0.0000
1456 1.2735
1457 -10.6363
1458 -0.7514
1459 -2.7531
1460 -4.9185
1461 9.4646
1462 8.1795
1463 6.2325
1464 0.0000
1465 -1.4432
1466 3.2219
1467 0.4500
1468 5.9078
1469 6.0742
1470 6.3653
1471 0.0000
1472 5.6508
1473 -3.1648
1474 6.6649
1475 0.0000
1476 7.8694
1477 -3.3353
1478 6.7376
1479 8.4201
1480 3.8086
1481 11.2264
1482 9.5060
1483 10.1926
1484 0.0000
1485 13.2982
1486 -2.7208
1487 8.0491
1488 5.7053
1489 12.4750
1490 6.2260
1491 0.0000
1492 1.9053
1493 -0.4573
1494 7.1210
1495 0.0000
1496 -2.9225
1497 -2.9209
1498 -1.5612
1499 3.1506
1500 -4.0329
1501 11.6332
1502 3.1282
1503 8.3948
1504 0.0000
1505 9.9650
1506 14.5096
1507 16.4939
1508 -0.0637
1509 0.4160
1510 -2.0492
1511 0.0000
1512 3.7863
1513 5.5930
1514 6.7218
1515 2.0903
1516 -2.0704
1517 3.1350
1518 11.1764
1519 4.4186
1520 5.0293
1521 2.2822
1522 6.3621
1523 2.5950
1524 -2.6587
1525 3.5613
1526 0.0000
1527 0.5833
1528 0.4359
1529 -4.9451
1530 2.4875
1531 5.3488
1532 -0.3153
1533 -0.0516
1534 7.7390
1535 0.0000
1536 10.6884
1537 6.5283
1538 0.9516
1539 10.2340
1540 8.9140
1541 8.0052
1542 0.0000
1543 -3.2578
1544 5.5641
1545 11.6636
1546 0.0000
1547 0.5827
1548 7.3593
1549 7.4156
1550 8.6333
1551 -2.4506
1552 9.9666
1553 10.7180
1554 8.4196
1555 0.0000
1556 6.5965
1557 3.4066
1558 -2.1534
1559 8.7438
1560 -0.0532
1561 7.5817
1562 0.0000
1563 -1.7980
1564 -1.1521
1565 6.5805
1566 0.0000
1567 11.8418
1568 3.9457
1569 1.1085
1570 2.8666
1571 -5.8000
1572 -1.9508
1573 4.6047
1574 9.5022
1575 0.0000
1576 0.5903
1577 15.1201
1578 -1.6414
1579 5.8049
1580 6.7896
1581 -1.1843
1582 0.0000
1583 1.8156
1584 4.3643
1585 1.1764
1586 0.0000
1587 5.6186
1588 0.3107
1589 4.4277
1590 -4.3768
1591 8.5419
1592 8.4129
1593 11.4798
1594 9.2691
1595 0.0000
1596 6.2704
1597 5.7811
1598 6.2332
1599 3.6312
1600 -2.3079
1601 -4.2122
1602 0.0000
1603 -3.5137
1604 0.6360
1605 7.4312
1606 4.7919
1607 5.2806
1608 7.9954
1609 8.2208
1610 8.5081
1611 6.1250
1612 3.8062
1613 2.8186
1614 -0.5727
1615 0.5528
1616 7.0741
1617 0.0000
1618 3.3661
1619 -3.7699
1620 4.7331
1621 9.9314
1622 1.8446
1623 6.9465
1624 4.9650
1625 2.6097
1626 0.0000
1627 0.7040
1628 4.2092
1629 1.1924
1630 -2.7056
1631 2.8830
1632 7.6067
1633 0.0000
1634 -8.8112
1635 0.5091
1636 5.2992
1637 0.0000
1638 5.2919
1639 2.0195
1640 8.1910
1641 4.6189
1642 0.2452
1643 2.1321
1644 5.7201
1645 8.9584
1646 0.0000
1647 1.1841
1648 16.3896
1649 -0.2682
1650 3.8420
1651 12.7128
1652 9.7277
1653 0.0000
1654 -0.6902
1655 0.8221
1656 5.4105
1657 0.0000
1658 -2.5849
1659 -2.6688
1660 5.9987
1661 5.9948
1662 3.6226
1663 -1.8039
1664 2.0423
1665 -4.1481
1666 0.0000
1667 -5.4874
1668 6.8187
1669 2.1558
1670 -1.2828
1671 9.8375
1672 8.2841
1673 0.0000
1674 0.0451
1675 9.3172
1676 -0.9324
1677 0.0000
1678 6.1325
1679 -3.5626
1680 6.7688
1681 -0.8248
1682 -2.2000
1683 -7.2142
1684 2.2917
1685 10.5318
1686 0.0000
1687 3.0100
1688 0.9265
1689 4.3369
1690 -1.3452
1691 5.1109
1692 6.6247
1693 0.0000
1694 1.0064
1695 3.8452
1696 5.9307
1697 5.7622
1698 5.6354
1699 14.0381
1700 12.3248
1701 7.4263
1702 4.0486
1703 12.9529
1704 6.5168
1705 -2.6856
1706 8.7606
1707 7.5983
1708 0.0000
1709 -0.3273
1710 9.7089
1711 10.1424
1712 5.7715
1713 0.2665
1714 1.4588
1715 -1.5143
1716 8.5107
1717 0.0000
1718 6.4159
1719 0.9982
1720 1.1556
1721 2.0548
1722 10.1019
1723 10.4364
1724 0.0000
1725 5.5939
1726 1.1265
1727 -1.0083
1728 0.0000
1729 0.8094
1730 -0.2819
1731 6.5651
1732 1.9753
1733 3.0364
1734 7.1750
1735 -6.6381
1736 8.2158
1737 0.0000
1738 3.3519
1739 8.5851
1740 3.3257
1741 -1.0460
1742 10.1101
1743 3.3722
1744 0.0000
1745 10.1292
1746 9.4070
1747 -4.8650
1748 0.0000
1749 7.9793
1750 -5.1626
1751 6.1191
1752 9.1964
1753 2.1011
1754 16.0339
1755 1.3070
1756 9.0593
1757 0.0000
1758 10.7256
1759 12.4502
1760 0.8208
1761 3.6420
1762 -4.5654
1763 5.9087
1764 0.0000
1765 0.2399
1766 5.7528
1767 3.8478
1768 0.0000
1769 2.2711
1770 -3.7744
1771 -1.5830
1772 1.3583
1773 -5.8712
1774 3.6155
1775 3.8527
1776 -4.2756
1777 0.0000
1778 2.3876
1779 7.4629
1780 0.9862
1781 7.7037
1782 -1.1530
1783 3.1428
1784 0.0000
1785 0.7798
1786 0.0000
1787 3.4724
1788 0.0000
1789 -0.8308
1790 2.3319
1791 -2.5819
1792 8.1981
1793 4.1104
1794 7.3677
1795 -0.7962
1796 -0.2492
1797 0.0000
1798 -0.4097
1799 -2.0987
1800 6.9018
1801 -1.0943
1802 6.1467
1803 5.0992
1804 0.0000
1805 2.4847
1806 6.9862
1807 6.0319
1808 3.4259
1809 9.4238
1810 5.8902
1811 0.0000
1812 3.7349
1813 0.0767
1814 2.9144
1815 11.3128
1816 9.2071
1817 -5.7874
1818 0.0000
1819 1.2256
1820 1.2650
1821 8.5381
1822 4.5426
1823 4.8455
1824 5.8610
1825 0.0000
1826 1.8650
1827 5.6073
1828 12.0006
1829 5.4700
1830 4.7438
1831 0.8137
1832 0.0000
1833 -1.3334
1834 5.4239
1835 6.4915
1836 8.8835
1837 0.3312
1838 -5.2231
1839 0.0000
1840 -6.1014
1841 1.9272
1842 4.4736
1843 4.2649
1844 3.2346
1845 9.7382
1846 0.0000
1847 0.1312
1848 5.8578
1849 7.2170
1850 8.5702
1851 7.7881
1852 0.5285
1853 0.0000
1854 -4.2877
1855 -0.7855
1856 -2.9912
1857 5.7572
1858 2.3347
1859 2.8991
1860 0.0000
1861 -2.1607
1862 4.0320
1863 -3.0518
1864 0.2135
1865 3.2143
1866 10.2089
1867 0.0000
1868 -4.6872
1869 1.1948
1870 7.1636
1871 3.1078
1872 10.1136
1873 3.7117
1874 0.0000
1875 3.0671
1876 8.9936
1877 5.4273
1878 8.8581
1879 7.3473
1880 -5.3675
1881 0.0000
1882 -1.1426
1883 1.0481
1884 8.7496
1885 7.9630
1886 9.1267
1887 1.1336
1888 0.0000
1889 1.4747
1890 3.2862
1891 5.0312
1892 13.5813
1893 3.9527
1894 7.0025
1895 0.0000
1896 2.8242
1897 6.7896
1898 7.4430
1899 12.5818
1900 -3.1680
1901 0.5602
1902 0.0000
1903 -0.9334
1904 0.0000
1905 -0.5322
1906 0.0000
1907 5.9387
1908 0.0000
1909 4.8197
1910 9.6611
1911 0.0000
1912 1.8261
1913 -0.2188
1914 2.9935
1915 11.4082
1916 0.0000
1917 5.5161
1918 4.1052
1919 17.1630
1920 0.0000
1921 -2.8908
1922 -0.0149
1923 13.7457
1924 0.0000
1925 2.6474
1926 5.7277
1927 -2.5140
1928 3.9602
1929 4.6414
1930 11.3075
1931 5.4058
1932 -0.0549
1933 1.8797
1934 0.0000
1935 -0.0637
1936 2.2332
1937 1.8196
1938 5.7275
1939 1.2855
1940 3.2163
1941 0.0000
1942 0.9170
1943 9.6700
1944 2.6895
1945 3.3364
1946 2.5048
1947 0.9659
1948 0.0000
1949 2.0485
1950 9.2702
1951 5.3793
1952 6.0335
1953 4.7544
1954 0.7970
1955 0.0000
1956 -3.1883
1957 5.5047
1958 -0.1593
1959 0.9110
1960 6.5571
1961 1.0957
1962 0.0000
1963 0.2520
1964 2.9613
1965 7.7215
1966 -4.5893
1967 -1.9709
1968 -1.9731
1969 0.0000
1970 -1.8642
1971 7.6423
1972 7.1027
1973 7.9227
1974 7.1028
1975 2.0414
1976 0.0000
1977 5.5917
1978 4.4552
1979 -5.3456
1980 -1.2682
1981 7.3793
1982 -2.1497
1983 0.0000
1984 -1.9708
1985 -2.8314
1986 6.0000
1987 9.5637
1988 -1.4860
1989 7.0543
1990 0.0000
1991 5.8962
1992 7.7768
1993 10.4785
1994 6.0547
1995 -5.7193
1996 5.5490
1997 0.0000
1998 7.1420
1999 10.4877
2000 -2.2036
2001 8.9632
2002 0.7538
2003 0.0183
2004 0.0000
2005 3.5594
2006 -4.9962
2007 8.6926
2008 -2.2628
2009 7.7156
2010 4.7565
2011 0.0000
2012 0.0437
2013 0.7674
2014 0.0000
2015 -1.8779
2016 -2.3049
2017 1.1780
2018 -0.9615
2019 1.1237
2020 2.4182
2021 1.7708
2022 -12.8376
2023 0.0000
2024 -0.1361
2025 -7.6456
2026 0.0000
2027 -1.6969
2028 0.0000
2029 3.6786
2030 0.0000
2031 4.2019
2032 4.3077
2033 0.0000
2034 1.6969
2035 10.6826
2036 0.0000
2037 2.0725
2038 2.9019
2039 -6.4707
2040 0.0000
2041 3.4074
2042 5.9640
2043 0.0000
2044 4.0750
2045 0.5514
2046 -0.1426
2047 0.0000
2048 5.2393
2049 9.6553
2050 0.0000
2051 8.5400
2052 0.4230
2053 9.2095
2054 0.0000
2055 -0.6171
2056 6.7052
2057 0.0000
2058 7.5173
2059 4.9228
2060 9.4363
2061 0.0000
2062 -0.6761
2063 6.0510
2064 0.0000
2065 1.7710
2066 8.2368
2067 2.7302
2068 0.0000
2069 -1.6568
2070 4.2418
2071 0.0000
2072 4.9050
2073 9.5165
2074 9.9730
2075 0.0000
2076 3.8241
2077 9.0395
2078 0.0000
2079 8.0235
2080 5.1749
2081 7.9066
2082 0.0000
2083 8.9164
2084 12.2328
2085 0.0000
2086 5.2533
2087 1.7291
2088 0.3737
2089 0.0000
2090 -0.6061
2091 5.2182
2092 0.0000
2093 11.8532
2094 1.9511
2095 -4.2383
2096 0.0000
2097 -4.4993
2098 3.7779
2099 0.0000
2100 2.6271
2101 4.8089
2102 0.5215
2103 0.0000
2104 -4.1299
2105 9.5752
2106 0.0000
2107 1.5081
2108 -8.0349
2109 7.4887
2110 0.0000
2111 -2.8389
2112 4.3502
2113 0.0000
2114 16.2167
2115 5.6240
2116 7.0923
2117 0.0000
2118 -5.0226
2119 -0.5179
2120 0.0000
2121 1.1775
2122 1.2914
2123 7.2137
2124 0.0000
2125 4.6577
2126 1.7497
2127 0.0000
2128 9.3914
2129 -0.5713
2130 3.1436
2131 0.0000
2132 5.8379
2133 6.0323
2134 0.0000
2135 7.2356
2136 4.7672
2137 3.8145
2138 0.0000
2139 -0.8897
2140 8.2528
2141 0.0000
2142 11.8922
2143 -0.2134
2144 1.4241
2145 0.0000
2146 2.1341
2147 0.0000
2148 9.5789
2149 0.0000
2150 -1.3571
2151 4.9223
2152 0.0000
2153 1.8448
2154 0.0000
2155 6.6181
2156 0.0000
2157 4.7264
2158 13.4596
2159 4.9378
2160 0.0000
2161 -1.4768
2162 3.5219
2163 8.5725
2164 0.0000
2165 1.3872
2166 4.2226
2167 8.1723
2168 0.0000
2169 2.8574
2170 0.0000
2171 3.9502
2172 0.0000
2173 2.0462
2174 9.4635
2175 0.0000
2176 7.3045
2177 0.0000
2178 8.5829
2179 5.8413
2180 -4.2388
2181 3.0579
2182 -4.2003
2183 4.8343
2184 7.5308
2185 0.4978
2186 6.8442
2187 2.0222
2188 4.7221
2189 -0.0512
2190 3.6152
2191 1.9076
2192 -3.7479
2193 8.7680
2194 0.0000
2195 2.2826
2196 4.0756
2197 -3.2487
2198 -0.0730
2199 2.7411
2200 15.2069
2201 4.0823
2202 -5.6470
2203 0.0000
2204 4.0091
2205 7.4358
2206 7.9998
2207 2.7494
2208 -0.0553
2209 4.6710
2210 0.0000
2211 -6.6818
2212 0.9451
2213 6.5737
2214 0.0000
2215 4.6103
2216 -1.7592
2217 9.7962
2218 4.5329
2219 -4.9043
2220 9.6400
2221 9.2886
2222 4.4489
2223 0.0000
2224 4.5717
2225 0.3441
2226 4.9709
2227 5.1797
2228 8.9136
2229 12.0250
2230 0.0000
2231 4.9837
2232 5.3718
2233 14.7682
2234 0.0000
2235 7.7891
2236 -1.4059
2237 9.9747
2238 5.3939
2239 -2.4312
2240 3.1269
2241 0.3727
2242 6.9111
2243 0.0000
2244 3.7802
2245 5.8944
2246 7.0379
2247 -0.2046
2248 4.9542
2249 -4.1262
2250 0.0000
2251 2.3134
2252 14.7205
2253 4.2047
2254 0.0000
2255 6.5616
2256 -2.8337
2257 3.2960
2258 4.7680
2259 2.6789
2260 9.8949
2261 3.0559
2262 11.0292
2263 0.0000
2264 -1.4244
2265 4.5601
2266 7.5278
2267 3.1961
2268 1.7551
2269 7.7188
2270 0.0000
2271 -2.2529
2272 3.4824
2273 4.2332
2274 7.5689
2275 10.9792
2276 7.7527
2277 4.9640
2278 5.2756
2279 4.7010
2280 7.5795
2281 -3.2300
2282 2.7286
2283 2.9101
2284 -1.7826
2285 0.0000
2286 -0.1688
2287 -1.6812
2288 5.3104
2289 11.2084
2290 -1.3691
2291 10.1770
2292 6.7515
2293 -0.6974
2294 0.0000
2295 5.1392
2296 7.3089
2297 8.0849
2298 9.0717
2299 4.4257
2300 -0.9599
2301 0.0000
2302 4.9054
2303 6.0122
2304 -2.0235
2305 0.0000
2306 0.8349
2307 10.4603
2308 4.8728
2309 -1.3293
2310 -4.3434
2311 8.7319
2312 -4.5693
2313 1.0808
2314 0.0000
2315 9.0837
2316 10.3652
2317 3.3251
2318 0.2460
2319 3.9801
2320 11.5466
2321 0.0000
2322 2.9190
2323 2.7198
2324 9.6836
2325 0.0000
2326 4.1915
2327 -3.6981
2328 6.3342
2329 4.2696
2330 -6.7120
2331 9.9656
2332 11.2624
2333 4.9272
2334 0.0000
2335 8.4336
2336 3.8734
2337 0.5451
2338 7.2196
2339 13.4686
2340 6.4875
2341 0.0000
2342 -1.5087
2343 5.7363
2344 6.1369
2345 0.0000
2346 4.6400
2347 -4.7751
2348 7.8597
2349 8.9834
2350 8.7921
2351 0.2173
2352 -3.0485
2353 8.1204
2354 0.0000
2355 0.9561
2356 7.8900
2357 4.3552
2358 -1.6668
2359 12.1814
2360 -0.4512
2361 0.0000
2362 0.7396
2363 1.5603
2364 4.3338
2365 3.7162
2366 5.6989
2367 4.6104
2368 2.7493
2369 -1.1510
2370 -3.3144
2371 6.7289
2372 2.2541
2373 3.3929
2374 7.7038
2375 12.4443
2376 0.0000
2377 2.5183
2378 5.3732
2379 3.1690
2380 5.1321
2381 2.3272
2382 0.1898
2383 1.9448
2384 6.2004
2385 0.0000
2386 7.9342
2387 -1.5990
2388 -0.2869
2389 -2.6775
2390 4.5942
2391 2.1223
2392 0.0000
2393 -0.9213
2394 7.9010
2395 -0.6598
2396 0.0000
2397 -4.9048
2398 -4.1586
2399 -0.0473
2400 -0.3590
2401 5.3273
2402 5.5700
2403 -1.1217
2404 11.2775
2405 0.0000
2406 4.1767
2407 10.3737
2408 7.2509
2409 7.7055
2410 -3.2398
2411 5.2179
2412 0.0000
2413 6.1330
2414 -0.4991
2415 3.4049
2416 0.0000
2417 6.2738
2418 5.6602
2419 8.6981
2420 3.5461
2421 4.6665
2422 2.1177
2423 -2.0075
2424 -1.5834
2425 0.0000
2426 5.6266
2427 -3.0008
2428 0.1891
2429 6.6088
2430 4.1721
2431 5.7172
2432 0.0000
2433 -2.5788
2434 7.3569
2435 4.8426
2436 0.0000
2437 3.0653
2438 1.1284
2439 7.4918
2440 6.6573
2441 7.2836
2442 -2.6503
2443 -0.1819
2444 4.1385
2445 0.0000
2446 0.2521
2447 -3.4691
2448 6.2830
2449 4.0539
2450 6.3334
2451 6.9638
2452 0.0000
2453 2.1061
2454 6.1983
2455 3.9923
2456 1.5756
2457 0.9087
2458 2.9287
2459 5.6115
2460 4.5532
2461 6.2911
2462 6.5669
2463 10.3827
2464 2.1457
2465 -3.0025
2466 5.0456
2467 0.0000
2468 4.5342
2469 0.2760
2470 4.6240
2471 8.1120
2472 2.3560
2473 10.9848
2474 2.9263
2475 3.3650
2476 0.0000
2477 7.0200
2478 -0.6411
2479 -1.1350
2480 11.3957
2481 7.8099
2482 13.1304
2483 0.0000
2484 5.0816
2485 1.3339
2486 2.0706
2487 0.0000
2488 6.4528
2489 -2.8722
2490 7.3383
2491 -0.6565
2492 6.4908
2493 4.9590
2494 4.8921
2495 -1.8125
2496 0.0000
2497 6.6550
2498 -1.6586
2499 12.4982
2500 5.7784
2501 -1.1294
2502 3.3880
2503 0.0000
2504 8.0190
2505 8.5546
2506 2.7866
2507 0.0000
2508 6.4008
2509 2.7202
2510 6.1114
2511 -5.0952
2512 -5.1639
2513 18.0097
2514 2.1066
2515 -2.6116
2516 0.0000
2517 7.7409
2518 3.5641
2519 3.9395
2520 5.9286
2521 4.6974
2522 4.2972
2523 0.0000
2524 0.6709
2525 9.8793
2526 3.6564
2527 0.0000
2528 6.3203
2529 -0.1189
2530 -1.0696
2531 6.1117
2532 -2.4240
2533 -2.7356
2534 1.1618
2535 4.5582
2536 0.0000
2537 7.3712
2538 1.9049
2539 -3.9909
2540 7.6163
2541 1.5446
2542 0.4161
2543 0.0000
2544 1.1245
2545 0.0000
2546 0.0889
2547 0.0000
2548 2.4406
2549 -1.9255
2550 -1.3968
2551 7.6006
2552 6.9822
2553 0.7757
2554 -1.0684
2555 2.4351
2556 0.0000
2557 2.0538
2558 6.4044
2559 5.4838
2560 4.6331
2561 2.3291
2562 2.8173
2563 0.0000
2564 -4.4226
2565 5.5797
2566 -1.1490
2567 8.4756
2568 -1.6857
2569 5.5526
2570 0.0000
2571 1.0601
2572 5.1035
2573 0.2672
2574 -1.3139
2575 -0.9686
2576 6.9662
2577 0.0000
2578 0.7410
2579 16.8522
2580 0.2258
2581 2.7002
2582 6.9749
2583 4.9981
2584 0.0000
2585 2.7051
2586 1.3190
2587 1.1406
2588 7.0377
2589 6.2181
2590 1.8117
2591 0.0000
2592 -7.2232
2593 7.4254
2594 3.2903
2595 -5.7119
2596 6.4105
2597 8.0319
2598 0.0000
2599 -1.7670
2600 0.2177
2601 3.3550
2602 -1.1306
2603 -2.8968
2604 7.0660
2605 0.0000
2606 5.6878
2607 15.1235
2608 6.3280
2609 4.9186
2610 3.9512
2611 2.8817
2612 0.0000
2613 5.6751
2614 2.9281
2615 11.5771
2616 10.3315
2617 4.6874
2618 4.9394
2619 0.0000
2620 1.2019
2621 1.2889
2622 1.2415
2623 4.0184
2624 10.7721
2625 6.7606
2626 0.0000
2627 9.7993
2628 3.0265
2629 8.7837
2630 16.9766
2631 5.3725
2632 4.4311
2633 0.0000
2634 8.0788
2635 14.7292
2636 5.3796
2637 -1.4339
2638 7.1211
2639 -0.0198
2640 0.0000
2641 3.3952
2642 6.1902
2643 11.9070
2644 -0.1433
2645 -0.4565
2646 0.0206
2647 0.0000
2648 -1.0179
2649 8.0277
2650 1.7976
2651 8.0514
2652 8.8516
2653 2.7064
2654 0.0000
2655 6.6778
2656 11.4736
2657 -7.5538
2658 4.1310
2659 4.7380
2660 -6.2903
2661 0.0000
2662 4.0928
2663 0.0000
2664 0.0424
2665 0.0000
2666 4.6663
2667 0.0000
2668 8.1388
2669 9.8418
2670 0.0000
2671 2.9624
2672 -0.2972
2673 7.5902
2674 6.6349
2675 0.0000
2676 6.2778
2677 7.5901
2678 10.7996
2679 0.0000
2680 5.2704
2681 8.3290
2682 0.9642
2683 0.0000
2684 3.7973
2685 1.9245
2686 -3.9519
2687 0.6676
2688 6.4444
2689 4.9176
2690 3.1928
2691 -0.3023
2692 11.5311
2693 0.0000
2694 2.4608
2695 9.1472
2696 1.2769
2697 7.6208
2698 2.4716
2699 2.7670
2700 0.0000
2701 1.7911
2702 7.2430
2703 14.2506
2704 13.7241
2705 5.7720
2706 10.5977
2707 0.0000
2708 -5.6779
2709 -0.4446
2710 5.7714
2711 8.6445
2712 -0.8233
2713 3.0707
2714 0.0000
2715 4.3406
2716 14.9394
2717 7.4259
2718 -6.3215
2719 8.3570
2720 1.0685
2721 0.0000
2722 2.2763
2723 -1.8023
2724 7.9666
2725 2.2217
2726 5.8593
2727 4.1018
2728 0.0000
2729 3.3446
2730 2.1059
2731 -3.1491
2732 -5.0360
2733 3.9602
2734 4.2989
2735 0.0000
2736 -0.7443
2737 9.1908
2738 0.1779
2739 6.1209
2740 4.0933
2741 2.5427
2742 0.0000
2743 -1.5924
2744 -2.3266
2745 4.8308
2746 8.9884
2747 2.3444
2748 1.0304
2749 0.0000
2750 -1.8081
2751 -5.4827
2752 3.7751
2753 5.5113
2754 1.9248
2755 1.8042
2756 0.0000
2757 -3.1920
2758 -0.4591
2759 5.6586
2760 -1.7748
2761 0.9296
2762 3.1056
2763 0.0000
2764 8.0597
2765 1.9637
2766 -0.9943
2767 0.1428
2768 3.1135
2769 8.0609
2770 0.0000
2771 -3.9016
2772 -1.1602
2773 0.0000
2774 -1.3967
2775 -7.0170
2776 3.5210
2777 -4.8668
2778 -2.4364
2779 -4.5623
2780 0.8080
2781 3.5711
2782 0.0000
2783 1.7189
2784 -0.3070
2785 0.0000
2786 -2.5285
2787 0.0000
2788 4.9424
2789 0.0000
2790 2.3106
2791 3.7007
2792 0.0000
2793 8.5256
2794 1.8432
2795 0.0000
2796 8.1746
2797 9.2667
2798 0.9003
2799 0.0000
2800 1.9952
2801 10.2044
2802 0.0000
2803 8.7879
2804 11.5154
2805 6.5826
2806 0.0000
2807 -1.0300
2808 3.6715
2809 0.0000
2810 6.7968
2811 -1.3411
2812 2.9404
2813 0.0000
2814 -7.4830
2815 1.7738
2816 0.0000
2817 10.6778
2818 5.8118
2819 1.2024
2820 0.0000
2821 1.6739
2822 11.4440
2823 0.0000
2824 3.3165
2825 5.6031
2826 4.8884
2827 0.0000
2828 -1.6572
2829 2.2537
2830 0.0000
2831 0.5174
2832 -5.7382
2833 1.9663
2834 0.0000
2835 -5.8335
2836 -1.1073
2837 0.0000
2838 2.6114
2839 5.2866
2840 7.6392
2841 0.0000
2842 1.9749
2843 1.9793
2844 0.0000
2845 4.7565
2846 -1.3866
2847 11.8372
2848 0.0000
2849 0.1388
2850 8.0035
2851 0.0000
2852 9.1405
2853 -0.0579
2854 2.4639
2855 0.0000
2856 10.5176
2857 2.3327
2858 0.0000
2859 5.5318
2860 3.6581
2861 10.0710
2862 0.0000
2863 -0.5042
2864 3.5122
2865 0.0000
2866 3.6251
2867 5.9667
2868 5.0696
2869 0.0000
2870 1.9454
2871 7.6771
2872 0.0000
2873 12.0453
2874 15.5602
2875 0.8347
2876 0.0000
2877 0.3095
2878 6.6503
2879 0.0000
2880 5.7320
2881 10.8094
2882 -1.2348
2883 0.0000
2884 -1.9272
2885 0.4464
2886 0.0000
2887 0.3144
2888 2.5140
2889 9.6663
2890 0.0000
2891 -5.4630
2892 -0.7270
2893 0.0000
2894 12.6577
2895 5.4534
2896 4.2136
2897 0.0000
2898 -1.3226
2899 1.8094
2900 0.0000
2901 6.0212
2902 1.0268
2903 7.0608
2904 0.0000
2905 0.9981
2906 0.0000
2907 7.5284
2908 0.0000
2909 10.5900
2910 1.3145
2911 0.0000
2912 9.9164
2913 0.0000
2914 -0.9712
2915 0.0000
2916 9.7672
2917 13.2490
2918 11.0121
2919 0.0000
2920 4.6377
2921 6.7203
2922 6.9771
2923 0.0000
2924 4.7744
2925 1.2724
2926 5.0803
2927 0.0000
2928 1.8920
2929 0.0000
2930 9.0231
2931 0.0000
2932 1.4219
2933 1.0596
2934 0.0000
2935 2.7677
2936 0.0000
2937 4.9853
2938 3.9683
2939 7.1788
2940 -0.1181
2941 8.4212
2942 6.4826
2943 -5.1056
2944 4.3475
2945 1.4958
2946 12.8709
2947 4.6269
2948 10.7788
2949 1.3788
2950 -3.6076
2951 7.6178
2952 9.1604
2953 0.0000
2954 3.1677
2955 -1.5137
2956 6.5962
2957 8.3432
2958 -1.5735
2959 15.5246
2960 4.4895
2961 1.0181
2962 0.0000
2963 6.0145
2964 -2.8801
2965 7.0640
2966 7.6793
2967 -2.7315
2968 -2.4976
2969 0.0000
2970 -3.3548
2971 0.8148
2972 0.2024
2973 0.0000
2974 3.5668
2975 4.0340
2976 5.6503
2977 0.6877
2978 3.7207
2979 5.7553
2980 0.6020
2981 8.0102
2982 0.0000
2983 -0.8651
2984 0.5303
2985 -3.9738
2986 -0.0499
2987 2.7313
2988 5.3773
2989 0.0000
2990 2.9924
2991 -0.7002
2992 3.9210
2993 0.0000
2994 9.2127
2995 -4.1354
2996 6.2259
2997 -6.2751
2998 3.0988
2999 14.0189
3000 4.6879
3001 1.9178
3002 0.0000
3003 1.4950
3004 5.7936
3005 4.1384
3006 2.3754
3007 4.0306
3008 4.3335
3009 0.0000
3010 6.6709
3011 5.0610
3012 8.4693
3013 0.0000
3014 3.7544
3015 3.5169
3016 -1.3422
3017 6.1872
3018 -3.6861
3019 15.7805
3020 4.7733
3021 -0.7189
3022 0.0000
3023 10.7510
3024 3.7340
3025 3.3400
3026 5.5565
3027 -2.9799
3028 -2.4934
3029 0.0000
3030 0.8302
3031 9.0832
3032 3.1285
3033 -3.1803
3034 13.5730
3035 1.0994
3036 9.8731
3037 8.5334
3038 11.0795
3039 2.4004
3040 -4.1945
3041 0.1763
3042 0.5809
3043 7.0396
3044 0.0000
3045 -5.2483
3046 1.4812
3047 1.9173
3048 9.2975
3049 -0.5452
3050 0.2652
3051 -6.0954
3052 7.2987
3053 0.0000
3054 9.2920
3055 8.0248
3056 -9.0580
3057 7.5427
3058 3.4359
3059 0.5635
3060 0.0000
3061 2.7787
3062 8.2825
3063 4.3367
3064 0.0000
3065 2.6220
3066 -1.5633
3067 7.1605
3068 6.4841
3069 1.9779
3070 6.7962
3071 -1.4044
3072 1.6567
3073 0.0000
3074 15.0423
3075 -2.8097
3076 5.6388
3077 8.5625
3078 -0.5932
3079 0.0061
3080 0.0000
3081 5.6891
3082 8.4750
3083 6.0460
3084 0.0000
3085 -2.8596
3086 1.6552
3087 1.1424
3088 -0.4491
3089 2.8381
3090 12.8057
3091 5.4803
3092 2.1643
3093 0.0000
3094 6.3612
3095 6.0801
3096 -4.0360
3097 8.9155
3098 5.3443
3099 4.7026
3100 0.0000
3101 4.0595
3102 5.2783
3103 6.4088
3104 0.0000
3105 -0.9856
3106 1.5023
3107 -0.4324
3108 4.0397
3109 0.9993
3110 8.4100
3111 -8.3113
3112 1.1976
3113 0.0000
3114 -4.9883
3115 5.0455
3116 9.7180
3117 5.9426
3118 -0.6160
3119 14.0228
3120 0.0000
3121 -3.1423
3122 -3.3449
3123 2.0135
3124 -0.2710
3125 7.6163
3126 11.2165
3127 8.2190
3128 7.8409
3129 4.8400
3130 1.7676
3131 4.2098
3132 5.2067
3133 5.8372
3134 8.2022
3135 0.0000
3136 8.7777
3137 0.7523
3138 -1.9157
3139 -0.8721
3140 0.6287
3141 -1.7208
3142 -0.8828
3143 -3.2616
3144 0.0000
3145 12.7502
3146 7.2842
3147 6.7057
3148 -1.7338
3149 -1.1879
3150 8.1203
3151 0.0000
3152 -0.7224
3153 2.9636
3154 -0.2858
3155 0.0000
3156 1.6812
3157 -0.5890
3158 2.6506
3159 1.9345
3160 -0.9664
3161 -5.5039
3162 1.4456
3163 0.6761
3164 0.0000
3165 7.0441
3166 1.8219
3167 4.3367
3168 3.1888
3169 9.0734
3170 3.6819
3171 0.0000
3172 -2.2106
3173 0.0567
3174 0.3503
3175 0.0000
3176 2.2855
3177 -1.7963
3178 -1.1427
3179 0.9002
3180 -3.4777
3181 3.5783
3182 7.9814
3183 -2.1620
3184 0.0000
3185 9.5159
3186 5.2561
3187 2.7774
3188 2.7984
3189 4.1794
3190 0.2930
3191 0.0000
3192 3.5658
3193 2.1027
3194 3.4196
3195 0.0000
3196 5.5814
3197 1.5486
3198 4.7625
3199 -2.6259
3200 -4.2251
3201 0.7750
3202 -3.8384
3203 -0.3843
3204 0.0000
3205 7.9455
3206 4.0765
3207 3.7497
3208 -1.0623
3209 6.5586
3210 2.6354
3211 0.0000
3212 2.9769
3213 6.9663
3214 3.3858
3215 2.7340
3216 5.9483
3217 7.9208
3218 6.6992
3219 2.0232
3220 2.7129
3221 12.2970
3222 11.0019
3223 -1.8022
3224 3.6873
3225 11.5604
3226 0.0000
3227 8.5489
3228 -8.9388
3229 6.3241
3230 1.1837
3231 2.6631
3232 5.2828
3233 1.4392
3234 7.7216
3235 0.0000
3236 3.1571
3237 4.4167
3238 13.2093
3239 11.0060
3240 10.6931
3241 3.0948
3242 0.0000
3243 7.8565
3244 13.4809
3245 8.4951
3246 0.0000
3247 -1.1930
3248 -1.7374
3249 0.7373
3250 2.5952
3251 -3.8000
3252 -4.4822
3253 1.2034
3254 7.8283
3255 0.0000
3256 7.4822
3257 14.9638
3258 4.8223
3259 5.8995
3260 0.8066
3261 10.4710
3262 0.0000
3263 -4.3014
3264 5.3688
3265 10.8685
3266 0.0000
3267 0.9670
3268 4.0941
3269 0.0528
3270 9.2006
3271 1.1249
3272 0.2909
3273 1.3190
3274 1.0873
3275 0.0000
3276 12.8879
3277 -1.8447
3278 3.0833
3279 1.3755
3280 12.9756
3281 2.8890
3282 0.0000
3283 -3.4446
3284 7.1618
3285 8.1278
3286 0.0000
3287 6.7867
3288 3.0692
3289 8.6983
3290 9.9041
3291 -5.2422
3292 2.4794
3293 2.4744
3294 4.5610
3295 0.0000
3296 1.4482
3297 5.1285
3298 9.5974
3299 9.6778
3300 1.6346
3301 0.0472
3302 0.0000
3303 6.0039
3304 0.0000
3305 3.4537
3306 0.0000
3307 2.4766
3308 2.4279
3309 0.6082
3310 4.3879
3311 8.2076
3312 6.1393
3313 -0.3369
3314 0.5831
3315 0.0000
3316 5.2247
3317 1.7742
3318 -2.2020
3319 6.9177
3320 -3.7032
3321 3.3813
3322 0.0000
3323 1.6563
3324 -1.7727
3325 6.0081
3326 -0.8050
3327 4.4071
3328 10.0144
3329 0.0000
3330 1.4056
3331 6.8536
3332 -0.1458
3333 -2.5168
3334 1.2599
3335 5.2063
3336 0.0000
3337 3.2286
3338 -1.0002
3339 0.8571
3340 5.0820
3341 -4.2091
3342 5.1488
3343 0.0000
3344 -0.1362
3345 9.4775
3346 -2.6440
3347 2.1741
3348 2.6020
3349 1.6715
3350 0.0000
3351 7.7345
3352 9.4369
3353 -4.2466
3354 2.3309
3355 9.2520
3356 2.6896
3357 0.0000
3358 0.0210
3359 5.8903
3360 3.0388
3361 11.0444
3362 3.8709
3363 9.1618
3364 0.0000
3365 -1.4721
3366 7.1455
3367 4.2416
3368 4.1400
3369 1.9753
3370 1.1044
3371 0.0000
3372 1.1740
3373 -0.0331
3374 4.0841
3375 7.5978
3376 3.5459
3377 5.1992
3378 0.0000
3379 4.8065
3380 6.6815
3381 0.2215
3382 2.1432
3383 2.8785
3384 0.6382
3385 0.0000
3386 -0.6248
3387 3.4246
3388 7.1552
3389 5.0632
3390 -0.9107
3391 2.7528
3392 0.0000
3393 -4.6542
3394 6.3506
3395 -1.7849
3396 -0.6499
3397 4.6163
3398 3.1537
3399 0.0000
3400 7.4484
3401 6.5778
3402 -5.6551
3403 6.7758
3404 3.9459
3405 6.1870
3406 0.0000
3407 -1.0571
3408 -9.7113
3409 6.1660
3410 8.9662
3411 3.0465
3412 3.8969
3413 0.0000
3414 3.3698
3415 6.1835
3416 11.3556
3417 7.7644
3418 -0.7185
3419 -4.4665
3420 0.0000
3421 -1.6438
3422 0.0000
3423 11.1400
3424 0.0000
3425 2.7340
3426 0.0000
3427 6.8013
3428 3.8589
3429 0.0000
3430 -5.5328
3431 4.7679
3432 5.5336
3433 9.1427
3434 0.0000
3435 1.4871
3436 0.9202
3437 0.6333
3438 0.0000
3439 -3.9176
3440 0.5956
3441 3.6865
3442 0.0000
3443 17.2011
3444 3.1321
3445 -6.4778
3446 -3.1793
3447 3.8436
3448 2.5741
3449 8.7467
3450 0.8965
3451 6.3392
3452 0.0000
3453 -3.6812
3454 6.6758
3455 1.6208
3456 2.9430
3457 -5.6592
3458 1.7607
3459 0.0000
3460 -0.7228
3461 -3.8841
3462 5.8186
3463 3.6123
3464 4.3475
3465 8.0142
3466 0.0000
3467 -0.8749
3468 1.5064
3469 2.9088
3470 7.4539
3471 -0.0009
3472 1.9361
3473 0.0000
3474 -0.6554
3475 -0.3711
3476 9.2178
3477 0.9885
3478 3.1678
3479 6.4304
3480 0.0000
3481 0.6352
3482 0.6702
3483 7.3345
3484 9.2146
3485 -0.1968
3486 4.4247
3487 0.0000
3488 -3.5445
3489 4.1695
3490 6.8376
3491 11.7250
3492 5.6376
3493 10.6852
3494 0.0000
3495 1.4864
3496 6.1650
3497 6.2035
3498 0.6285
3499 0.4172
3500 9.7905
3501 0.0000
3502 1.4288
3503 3.1259
3504 0.5502
3505 1.8068
3506 2.5030
3507 3.8078
3508 0.0000
3509 -5.4147
3510 5.1775
3511 7.9686
3512 6.0696
3513 -1.7227
3514 2.7161
3515 0.0000
3516 6.1386
3517 -0.2307
3518 -2.0351
3519 5.9315
3520 -0.5185
3521 7.2724
3522 0.0000
3523 6.4393
3524 -0.6291
3525 10.1883
3526 9.8659
3527 11.1096
3528 3.3877
3529 0.0000
3530 2.3514
3531 3.7492
3532 0.0000
3533 9.0636
3534 -8.9171
3535 4.1574
3536 4.2790
3537 -4.3665
3538 3.1769
3539 2.9753
3540 6.5143
3541 0.0000
3542 -3.8985
3543 0.9624
3544 0.0000
3545 -2.4708
3546 0.0000
3547 10.9007
3548 0.0000
3549 3.5870
3550 1.0824
3551 0.0000
3552 3.4552
3553 -3.8961
3554 0.0000
3555 0.6901
3556 1.2977
3557 3.4078
3558 0.0000
3559 5.6044
3560 5.4336
3561 0.0000
3562 2.5667
3563 7.9961
3564 7.6307
3565 0.0000
3566 -0.9017
3567 -1.0832
3568 0.0000
3569 6.7522
3570 4.5332
3571 7.9122
3572 0.0000
3573 -6.7869
3574 1.4356
3575 0.0000
3576 9.8982
3577 5.6984
3578 -1.9878
3579 0.0000
3580 0.6289
3581 8.5175
3582 0.0000
3583 1.6803
3584 11.4092
3585 8.0887
3586 0.0000
3587 -2.8733
3588 6.8813
3589 0.0000
3590 -2.8713
3591 9.5788
3592 6.1310
3593 0.0000
3594 -1.0346
3595 1.9363
3596 0.0000
3597 8.8108
3598 7.9699
3599 4.8616
3600 0.0000
3601 0.1696
3602 -2.6175
3603 0.0000
3604 3.0818
3605 8.9076
3606 8.7939
3607 0.0000
3608 -1.8130
3609 9.1025
3610 0.0000
3611 6.7351
3612 2.6825
3613 5.8508
3614 0.0000
3615 -0.6996
3616 7.3753
3617 0.0000
3618 -1.8993
3619 10.3864
3620 7.4641
3621 0.0000
3622 10.2844
3623 4.3992
3624 0.0000
3625 8.1549
3626 0.3090
3627 2.9994
3628 0.0000
3629 -4.4607
3630 5.2932
3631 0.0000
3632 4.6504
3633 4.0175
3634 0.6754
3635 0.0000
3636 -6.2752
3637 3.2373
3638 0.0000
3639 -1.9364
3640 3.2187
3641 2.7885
3642 0.0000
3643 6.1321
3644 5.3753
3645 0.0000
3646 5.0913
3647 -1.1822
3648 5.2084
3649 0.0000
3650 -0.9015
3651 14.5196
3652 0.0000
3653 8.4636
3654 5.5407
3655 0.7695
3656 0.0000
3657 0.1875
3658 11.0315
3659 0.0000
3660 6.3419
3661 10.9508
3662 3.2131
3663 0.0000
3664 1.3428
3665 0.0000
3666 0.9673
3667 0.0000
3668 -3.7379
3669 2.7880
3670 0.0000
3671 9.8443
3672 0.0000
3673 4.1264
3674 0.0000
3675 -1.7872
3676 6.5899
3677 5.8358
3678 0.0000
3679 1.4546
3680 6.0051
3681 5.0203
3682 0.0000
3683 1.1852
3684 4.2624
3685 0.8804
3686 0.0000
3687 2.3437
3688 0.0000
3689 5.0549
3690 0.0000
3691 3.4759
3692 2.1073
3693 0.0000
3694 3.8384
3695 0.0000
3696 8.3201
3697 8.5538
3698 5.3186
3699 4.1762
3700 7.7434
3701 2.6953
3702 -8.5785
3703 9.9553
3704 0.8586
3705 5.9344
3706 0.8647
3707 7.2268
3708 11.9990
3709 -3.5448
3710 -1.5115
3711 3.1120
3712 0.0000
3713 -3.1396
3714 4.7406
3715 4.3336
3716 6.5169
3717 -2.7635
3718 11.6420
3719 0.0339
3720 1.7102
3721 0.0000
3722 -3.2389
3723 1.3306
3724 7.1331
3725 4.6655
3726 7.3971
3727 4.7621
3728 0.0000
3729 -3.9384
3730 3.0571
3731 -2.4039
3732 0.0000
3733 4.3220
3734 1.1597
3735 6.3914
3736 0.6357
3737 -7.0877
3738 13.3758
3739 4.0405
3740 5.7470
3741 0.0000
3742 3.3195
3743 3.7618
3744 -0.4101
3745 7.4643
3746 1.5478
3747 6.5247
3748 0.0000
3749 0.7524
3750 6.4842
3751 3.5405
3752 0.0000
3753 -0.6289
3754 2.2274
3755 11.7527
3756 3.8079
3757 -1.4981
3758 9.8770
3759 4.1376
3760 3.8466
3761 0.0000
3762 3.7711
3763 4.1530
3764 -0.0973
3765 3.5828
3766 3.8775
3767 -0.7384
3768 0.0000
3769 -7.2447
3770 -0.1095
3771 2.2947
3772 0.0000
3773 10.6024
3774 0.0952
3775 6.1046
3776 -0.2635
3777 3.8296
3778 8.4217
3779 0.5315
3780 4.2441
3781 0.0000
3782 2.2357
3783 1.0479
3784 8.8013
3785 3.1947
3786 5.5818
3787 1.5040
3788 0.0000
3789 -3.3619
3790 1.9118
3791 2.0410
3792 0.2004
3793 8.1784
3794 7.0258
3795 7.4065
3796 13.0385
3797 7.9035
3798 8.6380
3799 7.8019
3800 0.7827
3801 1.4038
3802 8.5358
3803 0.0000
3804 3.2499
3805 1.1720
3806 6.0899
3807 6.1779
3808 -0.6581
3809 3.8723
3810 -4.7843
3811 9.1307
3812 0.0000
3813 3.4845
3814 0.6318
3815 -2.0881
3816 5.1392
3817 3.1723
3818 6.4679
3819 0.0000
3820 0.1177
3821 7.1484
3822 4.5252
3823 0.0000
3824 5.8950
3825 6.9024
3826 3.9112
3827 2.3864
3828 -1.6578
3829 3.1314
3830 5.5863
3831 3.5102
3832 0.0000
3833 9.0190
3834 4.1003
3835 2.9136
3836 11.5814
3837 5.1986
3838 0.5955
3839 0.0000
3840 -1.3389
3841 -1.4544
3842 5.7821
3843 0.0000
3844 -2.0225
3845 -1.0242
3846 2.2390
3847 5.7927
3848 -8.0910
3849 4.7652
3850 4.0117
3851 2.1732
3852 0.0000
3853 2.5876
3854 -0.6347
3855 0.0731
3856 7.1419
3857 1.3268
3858 7.2046
3859 0.0000
3860 -3.5141
3861 0.8115
3862 3.0463
3863 0.0000
3864 5.0844
3865 -1.6121
3866 3.8068
3867 -3.2568
3868 -9.6032
3869 3.2129
3870 1.3873
3871 2.0850
3872 0.0000
3873 6.5011
3874 1.8928
3875 11.7016
3876 3.8592
3877 7.6642
3878 8.6996
3879 0.0000
3880 0.5516
3881 -0.4389
3882 0.6939
3883 -0.8715
3884 5.7871
3885 0.5492
3886 4.9197
3887 7.6844
3888 3.4508
3889 7.3173
3890 2.2834
3891 5.4619
3892 7.9997
3893 8.1466
3894 0.0000
3895 0.7173
3896 2.8712
3897 0.3030
3898 4.0259
3899 -0.5113
3900 8.0650
3901 6.6387
3902 2.0488
3903 0.0000
3904 13.2881
3905 -4.7624
3906 8.5835
3907 -0.3630
3908 0.4742
3909 2.9763
3910 0.0000
3911 -0.0525
3912 -4.1647
3913 5.0176
3914 0.0000
3915 3.6063
3916 -0.4441
3917 10.9368
3918 3.2425
3919 6.7108
3920 0.9924
3921 -4.9272
3922 4.9166
3923 0.0000
3924 7.9747
3925 9.8065
3926 0.8270
3927 4.7712
3928 9.9377
3929 5.1955
3930 0.0000
3931 4.6589
3932 1.6899
3933 3.7625
3934 0.0000
3935 3.7334
3936 -1.2332
3937 -1.7535
3938 7.5924
3939 5.8578
3940 1.9976
3941 5.3599
3942 6.4181
3943 0.0000
3944 8.3298
3945 3.7361
3946 2.1387
3947 11.6600
3948 8.9156
3949 9.3540
3950 0.0000
3951 -6.9525
3952 3.1896
3953 7.1502
3954 0.0000
3955 11.0810
3956 5.0363
3957 8.8372
3958 8.7101
3959 -9.2392
3960 9.2735
3961 3.3456
3962 5.6313
3963 0.0000
3964 11.1579
3965 3.2964
3966 7.4475
3967 4.1651
3968 9.3053
3969 5.6198
3970 0.0000
3971 3.2876
3972 1.6099
3973 -2.6639
3974 6.6047
3975 8.2099
3976 8.8569
3977 13.2037
3978 0.8424
3979 5.3197
3980 7.9553
3981 14.2479
3982 -5.1046
3983 2.7274
3984 5.0889
3985 0.0000
3986 2.4800
3987 -7.0896
3988 -1.2182
3989 -3.5247
3990 3.8523
3991 -2.1497
3992 1.7064
3993 -1.1538
3994 0.0000
3995 3.1396
3996 7.7816
3997 2.8123
3998 5.0996
3999 -2.2215
4000 6.4242
4001 0.0000
4002 7.2516
4003 3.5328
4004 4.8162
4005 0.0000
4006 18.6542
4007 -0.2566
4008 4.4324
4009 5.7128
4010 -3.2523
4011 5.9978
4012 -3.2450
4013 1.9458
4014 0.0000
4015 -1.0292
4016 4.1792
4017 3.7887
4018 2.0702
4019 11.3774
4020 9.5263
4021 0.0000
4022 2.5033
4023 4.6391
4024 -3.1642
4025 0.0000
4026 6.1997
4027 5.1463
4028 8.9818
4029 2.8049
4030 -5.4059
4031 5.9457
4032 7.4931
4033 4.4880
4034 0.0000
4035 4.1631
4036 8.7176
4037 -1.4079
4038 -6.5198
4039 8.4360
4040 -0.9261
4041 0.0000
4042 -7.9438
4043 5.1412
4044 2.8299
4045 0.0000
4046 -1.7019
4047 2.3693
4048 10.2431
4049 6.7230
4050 -3.0584
4051 -5.3607
4052 -1.0452
4053 2.8530
4054 0.0000
4055 4.0476
4056 3.7721
4057 8.9028
4058 0.3921
4059 -0.9355
4060 -1.6791
4061 0.0000
4062 -0.7372
4063 0.0000
4064 3.0953
4065 0.0000
4066 5.5889
4067 5.5221
4068 0.3734
4069 2.5281
4070 8.9752
4071 6.6913
4072 8.0184
4073 6.5847
4074 0.0000
4075 2.2663
4076 6.0951
4077 0.1895
4078 -1.7321
4079 7.8294
4080 -4.4456
4081 0.0000
4082 -1.0811
4083 0.0475
4084 4.0992
4085 0.4756
4086 2.2988
4087 4.6778
4088 0.0000
4089 -0.0667
4090 14.0832
4091 1.4194
4092 -3.9960
4093 6.3079
4094 2.5145
4095 0.0000
4096 -4.0057
4097 4.5459
4098 2.9430
4099 3.9324
4100 -0.1007
4101 7.7138
4102 0.0000
4103 3.4816
4104 0.6345
4105 6.0480
4106 3.6087
4107 1.9687
4108 3.0911
4109 0.0000
4110 -2.3032
4111 -1.8394
4112 8.7938
4113 10.1161
4114 6.7487
4115 2.8622
4116 0.0000
4117 2.9353
4118 -2.9689
4119 0.7643
4120 2.2633
4121 2.2459
4122 3.8374
4123 0.0000
4124 4.9870
4125 5.9591
4126 7.5341
4127 4.8831
4128 -1.5700
4129 -0.1599
4130 0.0000
4131 1.6000
4132 0.3065
4133 8.3800
4134 2.0848
4135 -2.5101
4136 7.7135
4137 0.0000
4138 4.5235
4139 1.5925
4140 0.3530
4141 9.7175
4142 8.3219
4143 0.6359
4144 0.0000
4145 1.4261
4146 -0.3720
4147 -0.6536
4148 -1.4026
4149 12.8181
4150 8.6272
4151 0.0000
4152 3.3415
4153 9.3246
4154 0.5994
4155 -1.1732
4156 -3.3898
4157 3.2658
4158 0.0000
4159 2.8894
4160 13.4201
4161 -6.1604
4162 1.5981
4163 12.4990
4164 2.7019
4165 0.0000
4166 5.4492
4167 -0.3662
4168 14.3728
4169 6.7104
4170 8.1287
4171 6.8003
4172 0.0000
4173 -4.4677
4174 5.2229
4175 5.2071
4176 8.0175
4177 -0.1577
4178 -3.0371
4179 0.0000
4180 -5.7705
4181 0.0000
4182 5.1578
4183 0.0000
4184 5.3786
4185 0.0000
4186 7.7064
4187 -3.2049
4188 0.0000
4189 -4.0324
4190 7.2391
4191 3.1966
4192 5.9345
4193 0.0000
4194 -0.4834
4195 5.2861
4196 8.5253
4197 0.0000
4198 8.2721
4199 -0.9522
4200 4.8942
4201 0.0000
4202 2.7897
4203 2.8352
4204 -2.1473
4205 -2.8347
4206 1.2932
4207 -1.9683
4208 3.9850
4209 -3.5792
4210 -4.3819
4211 0.0000
4212 0.8412
4213 1.9429
4214 11.6510
4215 6.9214
4216 0.2995
4217 5.3878
4218 0.0000
4219 3.5533
4220 5.9661
4221 4.1885
4222 4.5994
4223 3.5343
4224 -1.4852
4225 0.0000
4226 1.7068
4227 -5.5725
4228 2.4000
4229 3.5187
4230 8.3340
4231 -3.2984
4232 0.0000
4233 -6.9107
4234 2.9076
4235 4.4596
4236 5.7416
4237 -0.2841
4238 -0.0775
4239 0.0000
4240 5.8723
4241 2.2796
4242 8.0866
4243 6.4814
4244 3.1361
4245 -7.6594
4246 0.0000
4247 -2.4839
4248 1.1394
4249 -1.0931
4250 2.2330
4251 4.4735
4252 1.0459
4253 0.0000
4254 -5.1447
4255 14.0646
4256 5.9573
4257 4.6534
4258 -0.5358
4259 0.0916
4260 0.0000
4261 -3.1122
4262 6.5224
4263 2.0183
4264 2.9766
4265 0.7040
4266 0.6138
4267 0.0000
4268 2.4203
4269 10.9785
4270 -0.3639
4271 1.4697
4272 7.9248
4273 -2.4060
4274 0.0000
4275 -2.0789
4276 1.5008
4277 1.0912
4278 1.8982
4279 -5.4191
4280 13.0216
4281 0.0000
4282 2.9061
4283 -10.1469
4284 4.0912
4285 15.9175
4286 4.2976
4287 8.9562
4288 0.0000
4289 -2.3079
4290 6.5493
4291 0.0000
4292 -0.9476
4293 -0.9021
4294 -4.2663
4295 4.4040
4296 -5.6790
4297 2.6915
4298 -4.6443
4299 -0.2603
4300 0.0000
4301 4.8548
4302 -4.8167
4303 0.0000
4304 1.5642
4305 0.0000
4306 -4.0232
4307 0.0000
4308 2.8962
4309 3.2066
4310 0.0000
4311 12.7373
4312 5.4033
4313 0.0000
4314 3.4792
4315 5.4233
4316 12.6227
4317 0.0000
4318 -2.5758
4319 2.7443
4320 0.0000
4321 6.8992
4322 12.5740
4323 7.0013
4324 0.0000
4325 3.1623
4326 3.9807
4327 0.0000
4328 6.9057
4329 3.4628
4330 2.5332
4331 0.0000
4332 0.1902
4333 0.5842
4334 0.0000
4335 2.2312
4336 10.7346
4337 2.8206
4338 0.0000
4339 -10.0248
4340 1.7727
4341 0.0000
4342 7.6340
4343 5.0734
4344 6.0743
4345 0.0000
4346 -4.1576
4347 0.7152
4348 0.0000
4349 0.6292
4350 -0.3757
4351 6.1508
4352 0.0000
4353 3.8683
4354 8.1157
4355 0.0000
4356 6.6051
4357 0.8243
4358 1.2662
4359 0.0000
4360 4.7867
4361 0.0810
4362 0.0000
4363 9.1034
4364 15.6542
4365 0.3948
4366 0.0000
4367 10.5788
4368 -0.0210
4369 0.0000
4370 3.4923
4371 7.2262
4372 3.8877
4373 0.0000
4374 -4.5239
4375 1.2392
4376 0.0000
4377 4.3186
4378 3.7779
4379 1.6078
4380 0.0000
4381 2.5209
4382 -2.0989
4383 0.0000
4384 -3.5537
4385 0.3998
4386 5.8318
4387 0.0000
4388 3.1731
4389 7.6749
4390 0.0000
4391 10.8769
4392 12.6338
4393 4.7257
4394 0.0000
4395 -7.6833
4396 3.5807
4397 0.0000
4398 8.9550
4399 7.0362
4400 -0.4810
4401 0.0000
4402 -4.8150
4403 -2.7114
4404 0.0000
4405 14.8002
4406 3.7008
4407 8.6702
4408 0.0000
4409 1.0983
4410 6.6217
4411 0.0000
4412 -2.3635
4413 2.0660
4414 13.6001
4415 0.0000
4416 2.2669
4417 16.8271
4418 0.0000
4419 13.3235
4420 9.2025
4421 1.3905
4422 0.0000
4423 4.1986
4424 0.0000
4425 9.3995
4426 0.0000
4427 1.3009
4428 12.4880
4429 0.0000
4430 4.7005
4431 0.0000
4432 3.2971
4433 0.0000
4434 13.3942
4435 4.4492
4436 2.7947
4437 0.0000
4438 -0.7628
4439 7.5675
4440 1.8428
4441 0.0000
4442 3.2836
4443 6.1651
4444 2.4765
4445 0.0000
4446 8.6066
4447 0.0000
4448 -0.3913
4449 0.0000
4450 9.3699
4451 1.7238
4452 0.0000
4453 -2.2713
4454 0.0000
4455 6.4985
4456 1.9205
4457 5.1861
4458 2.7750
4459 10.5171
4460 -1.3486
4461 2.4741
4462 0.0597
4463 0.2071
4464 6.2967
4465 -1.2973
4466 -0.9427
4467 5.9163
4468 3.5273
4469 8.0075
4470 7.8362
4471 0.0000
4472 2.1941
4473 1.3257
4474 6.0440
4475 4.2058
4476 -4.4776
4477 6.1531
4478 2.7362
4479 -0.8232
4480 0.0000
4481 2.3871
4482 6.0650
4483 -1.1632
4484 8.7255
4485 6.2853
4486 -1.9258
4487 0.0000
4488 5.5525
4489 0.8411
4490 15.7387
4491 0.0000
4492 5.6963
4493 -1.7247
4494 11.7205
4495 5.0912
4496 -1.2003
4497 0.2875
4498 -2.8257
4499 4.0851
4500 0.0000
4501 5.5838
4502 8.7478
4503 0.4291
4504 3.9006
4505 1.8829
4506 6.5749
4507 0.0000
4508 1.7571
4509 2.5959
4510 7.8084
4511 0.0000
4512 -1.1887
4513 -0.1999
4514 2.8563
4515 10.4021
4516 -1.3862
4517 4.6518
4518 5.5110
4519 5.4653
4520 0.0000
4521 7.1466
4522 2.4012
4523 5.7484
4524 7.2149
4525 10.9158
4526 6.8897
4527 0.0000
4528 5.6782
4529 10.5642
4530 6.6242
4531 0.0000
4532 1.4576
4533 0.3111
4534 7.5745
4535 -0.0502
4536 -0.3549
4537 -1.7471
4538 -5.1136
4539 3.8545
4540 0.0000
4541 -1.1039
4542 5.3738
4543 2.9397
4544 9.4282
4545 3.6428
4546 2.4725
4547 0.0000
4548 -0.4561
4549 2.6372
4550 3.5877
4551 8.2546
4552 7.0907
4553 4.5545
4554 0.3347
4555 -3.1813
4556 3.7624
4557 1.5228
4558 6.3035
4559 8.4347
4560 5.4534
4561 0.9303
4562 0.0000
4563 3.4736
4564 6.2188
4565 1.6197
4566 8.2092
4567 -5.2571
4568 15.1808
4569 4.2875
4570 -0.0472
4571 0.0000
4572 8.6355
4573 7.3387
4574 4.8253
4575 1.1252
4576 4.7470
4577 11.2598
4578 0.0000
4579 -2.2036
4580 3.5798
4581 4.8073
4582 0.0000
4583 5.8448
4584 -1.4808
4585 4.5053
4586 6.2910
4587 3.9487
4588 0.7088
4589 4.3513
4590 7.5702
4591 0.0000
4592 1.5814
4593 2.5668
4594 1.8225
4595 0.5469
4596 4.5077
4597 6.0917
4598 0.0000
4599 0.9449
4600 -1.5908
4601 6.5651
4602 0.0000
4603 4.4502
4604 3.8888
4605 -0.7658
4606 3.9114
4607 -2.7930
4608 12.3467
4609 -0.6025
4610 3.2936
4611 0.0000
4612 8.5643
4613 1.1498
4614 3.0825
4615 10.6507
4616 8.3265
4617 13.1123
4618 0.0000
4619 2.2388
4620 0.3638
4621 3.1123
4622 0.0000
4623 0.1468
4624 -0.5810
4625 -2.3592
4626 -1.8303
4627 2.4553
4628 3.0375
4629 -1.8926
4630 9.9691
4631 0.0000
4632 6.4986
4633 5.1158
4634 3.4528
4635 11.6127
4636 10.1457
4637 2.5341
4638 0.0000
4639 14.0635
4640 1.8766
4641 5.1438
4642 0.6913
4643 7.7242
4644 3.8684
4645 8.5831
4646 9.7527
4647 6.5232
4648 3.0261
4649 -1.3305
4650 -0.7948
4651 1.4207
4652 2.5502
4653 0.0000
4654 -1.2839
4655 -3.8561
4656 -1.9577
4657 6.5288
4658 -2.9800
4659 -1.7642
4660 4.2909
4661 2.2234
4662 0.0000
4663 -1.1272
4664 10.3123
4665 7.0538
4666 6.6674
4667 0.4716
4668 3.6279
4669 0.0000
4670 5.1268
4671 7.5299
4672 7.0434
4673 0.0000
4674 0.7920
4675 1.4133
4676 -2.8290
4677 11.1614
4678 4.5767
4679 0.5936
4680 3.4895
4681 3.3164
4682 0.0000
4683 7.4322
4684 1.6547
4685 10.6955
4686 0.8974
4687 3.8666
4688 6.5702
4689 0.0000
4690 0.1125
4691 5.2058
4692 -0.1628
4693 0.0000
4694 2.1462
4695 2.3599
4696 5.2236
4697 0.1624
4698 -0.7804
4699 8.7334
4700 2.3425
4701 -0.2252
4702 0.0000
4703 0.0107
4704 9.5409
4705 2.8518
4706 8.0022
4707 9.5281
4708 1.8123
4709 0.0000
4710 0.1807
4711 11.9733
4712 5.8213
4713 0.0000
4714 1.6135
4715 -3.1252
4716 9.5071
4717 8.7756
4718 -1.0806
4719 9.8176
4720 4.7892
4721 8.7188
4722 0.0000
4723 4.4571
4724 0.2080
4725 9.2250
4726 4.5969
4727 2.3875
4728 5.6887
4729 0.0000
4730 3.8915
4731 5.1533
4732 1.5328
4733 9.6181
4734 -0.1529
4735 -0.6665
4736 0.4098
4737 5.7421
4738 4.1944
4739 -2.8277
4740 -3.1335
4741 0.3316
4742 1.7400
4743 1.8753
4744 0.0000
4745 3.8504
4746 -0.7815
4747 6.2138
4748 -3.1097
4749 1.6703
4750 8.5763
4751 0.9070
4752 2.8861
4753 0.0000
4754 10.8592
4755 2.2899
4756 0.4183
4757 -0.7366
4758 4.0402
4759 5.4792
4760 0.0000
4761 3.4106
4762 5.4178
4763 -1.0706
4764 0.0000
4765 0.7888
4766 5.8326
4767 11.7089
4768 5.8839
4769 -3.4316
4770 14.3722
4771 3.9119
4772 2.5334
4773 0.0000
4774 9.8339
4775 3.6340
4776 16.0617
4777 3.4539
4778 9.0916
4779 7.3155
4780 0.0000
4781 -2.8734
4782 8.7640
4783 7.1411
4784 0.0000
4785 7.2677
4786 1.7616
4787 2.7292
4788 4.0668
4789 1.8200
4790 12.1002
4791 -0.6339
4792 -4.5146
4793 0.0000
4794 1.9230
4795 4.6323
4796 1.8963
4797 -0.8861
4798 6.8094
4799 5.7934
4800 0.0000
4801 4.7201
4802 3.1034
4803 6.7945
4804 0.0000
4805 5.5856
4806 -4.9056
4807 -3.1702
4808 -1.1887
4809 2.8770
4810 7.4517
4811 5.7752
4812 4.8359
4813 0.0000
4814 11.7387
4815 8.2774
4816 2.0977
4817 5.4014
4818 2.7089
4819 3.0697
4820 0.0000
4821 0.1373
4822 0.0000
4823 12.1800
4824 0.0000
4825 2.6375
4826 3.3087
4827 0.1941
4828 8.8745
4829 1.4291
4830 -0.2216
4831 -1.4470
4832 0.2384
4833 0.0000
4834 -1.3220
4835 2.9465
4836 0.3357
4837 2.7933
4838 1.9806
4839 1.8174
4840 0.0000
4841 -0.4912
4842 8.6781
4843 4.4042
4844 5.2381
4845 5.5466
4846 9.5846
4847 0.0000
4848 -3.1906
4849 5.5862
4850 -8.4616
4851 4.5231
4852 1.5738
4853 3.5643
4854 0.0000
4855 1.8926
4856 1.0195
4857 6.2500
4858 2.1825
4859 -1.7184
4860 1.9172
4861 0.0000
4862 -0.1147
4863 13.1784
4864 1.0013
4865 2.4090
4866 8.5180
4867 4.8516
4868 0.0000
4869 -3.6666
4870 7.4367
4871 1.5842
4872 -4.2093
4873 1.5275
4874 3.1656
4875 0.0000
4876 -3.9768
4877 7.0005
4878 4.9109
4879 10.6611
4880 0.3189
4881 -0.8726
4882 0.0000
4883 1.5138
4884 8.4787
4885 1.2066
4886 1.2933
4887 11.3558
4888 7.3584
4889 0.0000
4890 -5.8157
4891 1.3044
4892 17.0295
4893 6.5202
4894 8.5414
4895 -1.2886
4896 0.0000
4897 -0.0797
4898 -3.9424
4899 2.2415
4900 7.4081
4901 7.5837
4902 5.5752
4903 0.0000
4904 5.5552
4905 3.8043
4906 4.1693
4907 4.5706
4908 10.7133
4909 5.2340
4910 0.0000
4911 1.4445
4912 -2.8135
4913 7.6983
4914 6.0428
4915 7.6941
4916 1.2236
4917 0.0000
4918 7.1428
4919 5.0122
4920 5.7432
4921 1.8383
4922 4.9165
4923 10.0620
4924 0.0000
4925 2.7841
4926 7.8218
4927 11.9294
4928 5.5379
4929 7.7632
4930 3.1763
4931 0.0000
4932 2.2652
4933 5.6270
4934 7.7021
4935 6.8149
4936 4.5021
4937 0.6730
4938 0.0000
4939 -2.2199
4940 0.0000
4941 5.4949
4942 0.0000
4943 0.1352
4944 0.0000
4945 6.8535
4946 -0.0480
4947 0.0000
4948 9.0213
4949 -0.6549
4950 1.1435
4951 1.2726
4952 0.0000
4953 1.1017
4954 -1.9705
4955 8.0452
4956 0.0000
4957 1.0429
4958 8.2629
4959 5.0749
4960 0.0000
4961 0.9709
4962 2.2489
4963 0.2636
4964 4.3639
4965 1.8921
4966 5.1609
4967 8.0266
4968 2.8877
4969 4.9503
4970 0.0000
4971 -0.8423
4972 8.6666
4973 5.3909
4974 -4.6174
4975 2.3295
4976 -0.5676
4977 0.0000
4978 -6.7536
4979 9.6942
4980 -0.0138
4981 3.6788
4982 1.6963
4983 4.0090
4984 0.0000
4985 -2.8170
4986 -0.4949
4987 4.7659
4988 9.7249
4989 -1.1650
4990 1.3190
4991 0.0000
4992 1.6252
4993 7.8367
4994 -3.1161
4995 1.5089
4996 4.9531
4997 1.6941
4998 0.0000
4999 -0.1499
5000 -2.3076
5001 10.0797
5002 5.7376
5003 6.2993
5004 5.3811
5005 0.0000
5006 2.0591
5007 7.4717
5008 4.0675
5009 11.5467
5010 -1.1703
5011 3.8897
5012 0.0000
5013 7.6227
5014 11.8006
5015 1.9582
5016 6.4447
5017 2.1265
5018 4.0861
5019 0.0000
5020 -1.3974
5021 -1.7370
5022 -1.4530
5023 -1.9934
5024 -0.4490
5025 4.6084
5026 0.0000
5027 0.9072
5028 -2.0385
5029 -0.3917
5030 -5.2434
5031 0.9072
5032 5.1066
5033 0.0000
5034 6.4317
5035 5.6999
5036 6.9355
5037 7.0348
5038 4.7981
5039 5.6951
5040 0.0000
5041 6.1175
5042 -1.8822
5043 6.2543
5044 5.3924
5045 11.7056
5046 8.9523
5047 0.0000
5048 2.7460
5049 0.1323
5050 0.0000
5051 2.0314
5052 -4.2038
5053 1.4091
5054 -4.5779
5055 1.2010
5056 2.3127
5057 -1.3953
5058 2.1513
5059 0.0000
5060 2.1004
5061 4.9171
5062 0.0000
5063 6.0067
5064 0.0000
5065 6.7627
5066 0.0000
5067 10.6982
5068 -8.4788
5069 0.0000
5070 9.3289
5071 0.4969
5072 0.0000
5073 -4.0410
5074 8.7839
5075 5.6181
5076 0.0000
5077 -7.2456
5078 1.5006
5079 0.0000
5080 -4.4411
5081 4.4937
5082 5.8503
5083 0.0000
5084 -6.5432
5085 5.8406
5086 0.0000
5087 -7.2821
5088 -0.6145
5089 11.0430
5090 0.0000
5091 2.4501
5092 0.7829
5093 0.0000
5094 7.2904
5095 1.2632
5096 3.5637
5097 0.0000
5098 1.0866
5099 2.6441
5100 0.0000
5101 9.7942
5102 6.8557
5103 -0.6662
5104 0.0000
5105 -1.1004
5106 8.6138
5107 0.0000
5108 -5.8272
5109 4.7355
5110 3.6318
5111 0.0000
5112 6.3194
5113 3.5191
5114 0.0000
5115 2.1796
5116 3.6325
5117 -1.5710
5118 0.0000
5119 3.4256
5120 6.8181
5121 0.0000
5122 7.9351
5123 3.6920
5124 -1.1163
5125 0.0000
5126 -0.0926
5127 10.1518
5128 0.0000
5129 3.0430
5130 -4.1566
5131 0.2447
5132 0.0000
5133 2.1343
5134 4.2652
5135 0.0000
5136 7.3748
5137 7.2216
5138 -3.0276
5139 0.0000
5140 1.8306
5141 9.6317
5142 0.0000
5143 4.3056
5144 -2.2608
5145 12.7299
5146 0.0000
5147 -3.7927
5148 0.4748
5149 0.0000
5150 5.6445
5151 1.1052
5152 9.0189
5153 0.0000
5154 4.4029
5155 2.3396
5156 0.0000
5157 7.9275
5158 5.4875
5159 -3.4056
5160 0.0000
5161 7.4487
5162 7.5412
5163 0.0000
5164 6.8354
5165 0.2340
5166 12.2649
5167 0.0000
5168 3.6805
5169 -0.5191
5170 0.0000
5171 3.5949
5172 8.6567
5173 2.6222
5174 0.0000
5175 -4.5483
5176 8.8951
5177 0.0000
5178 6.5581
5179 3.4960
5180 6.1365
5181 0.0000
5182 -6.0042
5183 0.0000
5184 -6.1959
5185 0.0000
5186 3.8542
5187 1.9670
5188 0.0000
5189 1.5247
5190 0.0000
5191 0.6665
5192 0.0000
5193 4.1315
5194 5.0418
5195 4.8014
5196 0.0000
5197 11.2224
5198 -1.2816
5199 6.5490
5200 0.0000
5201 2.2074
5202 -1.8707
5203 7.1412
5204 0.0000
5205 7.0591
5206 0.0000
5207 -2.4279
5208 0.0000
5209 5.8246
5210 -1.9859
5211 0.0000
5212 3.0781
5213 0.0000
5214 10.7745
5215 -3.4881
5216 2.4474
5217 -2.7950
5218 7.9216
5219 7.7220
5220 -0.7280
5221 8.3878
5222 4.6406
5223 11.8376
5224 3.4274
5225 5.6214
5226 3.8398
5227 1.1908
5228 3.5636
5229 3.1023
5230 0.0000
5231 2.2091
5232 2.4199
5233 7.4731
5234 0.3158
5235 -7.6974
5236 3.0479
5237 -1.4005
5238 6.1253
5239 0.0000
5240 -1.1368
5241 7.0967
5242 5.8585
5243 -1.8112
5244 5.0278
5245 4.4443
5246 0.0000
5247 -2.7846
5248 0.2568
5249 3.1044
5250 0.0000
5251 1.4914
5252 -1.6196
5253 7.4737
5254 -1.4231
5255 11.3693
5256 4.5229
5257 -1.9394
5258 5.5840
5259 0.0000
5260 1.0731
5261 12.1631
5262 0.4758
5263 2.3727
5264 5.1464
5265 5.7373
5266 0.0000
5267 0.8011
5268 8.1355
5269 5.6992
5270 0.0000
5271 1.4402
5272 -2.3549
5273 -1.0564
5274 3.4339
5275 1.6767
5276 13.8846
5277 1.4744
5278 7.8351
5279 0.0000
5280 5.8575
5281 1.7750
5282 9.4864
5283 9.2887
5284 1.5838
5285 0.6409
5286 0.0000
5287 -0.6052
5288 6.6838
5289 2.4094
5290 0.0000
5291 7.1932
5292 4.3760
5293 -4.5856
5294 7.0711
5295 0.3908
5296 13.2393
5297 2.1920
5298 11.8310
5299 0.0000
5300 7.5816
5301 4.3605
5302 6.1974
5303 1.8544
5304 2.1167
5305 -2.0897
5306 0.0000
5307 3.0675
5308 5.0431
5309 -1.8882
5310 6.3415
5311 -3.2704
5312 4.0555
5313 0.2567
5314 11.1239
5315 2.8095
5316 -3.3362
5317 4.2739
5318 4.1379
5319 4.4752
5320 1.1838
5321 0.0000
5322 -5.2520
5323 -4.2750
5324 6.5647
5325 6.9973
5326 7.9770
5327 9.2248
5328 5.6374
5329 7.3171
5330 0.0000
5331 6.5971
5332 1.5901
5333 4.4147
5334 7.0853
5335 3.6507
5336 -1.2656
5337 0.0000
5338 4.6867
5339 4.3283
5340 -1.5032
5341 0.0000
5342 7.2175
5343 -2.1086
5344 7.4618
5345 13.2906
5346 0.5645
5347 11.3028
5348 2.2404
5349 4.1388
5350 0.0000
5351 -0.1776
5352 10.1112
5353 0.7416
5354 1.2196
5355 2.7462
5356 6.6621
5357 0.0000
5358 2.4857
5359 4.3219
5360 -1.5360
5361 0.0000
5362 2.2253
5363 1.5150
5364 -0.0215
5365 -1.6994
5366 -7.3482
5367 1.4812
5368 -5.5965
5369 4.2998
5370 0.0000
5371 -0.2436
5372 5.1293
5373 2.8993
5374 10.5490
5375 5.2047
5376 10.7396
5377 0.0000
5378 -2.2441
5379 -2.4058
5380 4.5044
5381 0.0000
5382 3.2775
5383 0.1500
5384 0.1815
5385 0.8117
5386 1.4003
5387 2.6849
5388 -1.1758
5389 7.1100
5390 0.0000
5391 1.2312
5392 4.1612
5393 1.8231
5394 5.8238
5395 5.8249
5396 4.4300
5397 0.0000
5398 3.3339
5399 6.2080
5400 -1.8846
5401 0.3457
5402 6.9945
5403 5.6108
5404 7.2021
5405 -6.1891
5406 2.4867
5407 6.1386
5408 6.2159
5409 7.2376
5410 3.4115
5411 6.5406
5412 0.0000
5413 2.8742
5414 0.8535
5415 4.1489
5416 -0.8566
5417 5.3312
5418 15.2844
5419 6.6929
5420 7.3462
5421 0.0000
5422 0.5935
5423 4.1574
5424 5.6608
5425 0.3695
5426 0.0325
5427 -3.1003
5428 0.0000
5429 1.3860
5430 -3.8874
5431 1.8872
5432 0.0000
5433 -0.7854
5434 1.6976
5435 1.4300
5436 9.7761
5437 2.8649
5438 1.5611
5439 7.3472
5440 7.0376
5441 0.0000
5442 10.1449
5443 9.6494
5444 12.2077
5445 -0.0125
5446 -0.4304
5447 1.7166
5448 0.0000
5449 3.6274
5450 7.1710
5451 2.2759
5452 0.0000
5453 4.4024
5454 0.2360
5455 2.4835
5456 6.5344
5457 2.4684
5458 8.8637
5459 5.5499
5460 1.2052
5461 0.0000
5462 -1.6799
5463 2.0598
5464 5.2066
5465 11.0608
5466 5.0265
5467 0.6525
5468 0.0000
5469 0.9939
5470 3.0192
5471 7.1733
5472 0.0000
5473 1.8314
5474 3.1301
5475 -1.8620
5476 4.6723
5477 -7.3347
5478 6.3329
5479 2.3427
5480 3.5668
5481 0.0000
5482 3.6591
5483 8.5192
5484 2.8321
5485 7.3960
5486 6.9892
5487 7.9083
5488 0.0000
5489 -2.5252
5490 8.2817
5491 8.0885
5492 -0.8075
5493 1.3629
5494 6.6635
5495 5.5122
5496 0.7881
5497 -3.3767
5498 5.1070
5499 12.6841
5500 -0.7166
5501 4.3064
5502 7.7666
5503 0.0000
5504 -2.2305
5505 2.4379
5506 2.0623
5507 -4.4876
5508 1.8969
5509 14.4244
5510 8.0601
5511 6.6048
5512 0.0000
5513 3.9596
5514 3.0561
5515 -2.5012
5516 4.7403
5517 12.2743
5518 9.4231
5519 0.0000
5520 -1.6818
5521 -9.0445
5522 0.4457
5523 0.0000
5524 9.2269
5525 -1.7373
5526 3.6870
5527 11.4475
5528 -2.9885
5529 -0.3145
5530 3.6289
5531 0.6944
5532 0.0000
5533 -0.0679
5534 0.3163
5535 2.7175
5536 6.6419
5537 5.4585
5538 4.2601
5539 0.0000
5540 0.8265
5541 1.4575
5542 8.1214
5543 0.0000
5544 0.4733
5545 -0.1918
5546 9.3852
5547 1.0402
5548 -2.2691
5549 -0.7722
5550 3.9238
5551 5.4379
5552 0.0000
5553 8.1049
5554 0.9233
5555 4.0788
5556 6.6120
5557 2.5155
5558 -1.1817
5559 0.0000
5560 -1.8346
5561 5.6489
5562 7.6983
5563 0.0000
5564 7.4513
5565 4.7939
5566 8.1665
5567 6.8286
5568 3.8141
5569 9.8906
5570 10.8536
5571 6.2160
5572 0.0000
5573 7.3382
5574 8.8972
5575 -1.4644
5576 0.3466
5577 -3.7559
5578 8.4163
5579 0.0000
5580 -5.3201
5581 0.0000
5582 11.1483
5583 0.0000
5584 6.9137
5585 4.8267
5586 0.5932
5587 8.5316
5588 -0.9332
5589 1.2244
5590 5.2188
5591 1.8545
5592 0.0000
5593 9.1820
5594 6.8249
5595 2.1978
5596 -4.8077
5597 10.9097
5598 5.5473
5599 0.0000
5600 0.0089
5601 7.7699
5602 7.6405
5603 -1.2129
5604 -2.3004
5605 3.7297
5606 0.0000
5607 4.0417
5608 5.5561
5609 6.9566
5610 3.0844
5611 11.3153
5612 -4.8720
5613 0.0000
5614 -1.9711
5615 13.6816
5616 1.5020
5617 3.2465
5618 5.3075
5619 -3.8253
5620 0.0000
5621 5.0700
5622 2.0179
5623 0.8919
5624 3.0882
5625 3.4652
5626 -2.1291
5627 0.0000
5628 4.0902
5629 0.3028
5630 -1.0133
5631 2.8929
5632 2.2761
5633 -0.2722
5634 0.0000
5635 8.8428
5636 6.2174
5637 8.0811
5638 7.2762
5639 5.2489
5640 -0.2385
5641 0.0000
5642 3.3593
5643 8.5782
5644 1.2895
5645 4.8480
5646 0.1648
5647 2.0642
5648 0.0000
5649 3.5401
5650 8.8622
5651 4.3408
5652 5.2781
5653 2.5048
5654 0.9388
5655 0.0000
5656 1.3695
5657 -4.5643
5658 7.9919
5659 12.1362
5660 -0.2378
5661 1.7756
5662 0.0000
5663 2.8724
5664 -2.8443
5665 6.9824
5666 1.7720
5667 2.8050
5668 -4.9578
5669 0.0000
5670 -1.3286
5671 4.5738
5672 0.9657
5673 -4.8668
5674 6.5631
5675 0.1614
5676 0.0000
5677 -6.4712
5678 -0.5909
5679 -0.0662
5680 8.6171
5681 3.9884
5682 1.2688
5683 0.0000
5684 5.0270
5685 4.3031
5686 4.3001
5687 -0.6222
5688 10.4097
5689 1.7181
5690 0.0000
5691 0.7944
5692 -1.3440
5693 -5.5531
5694 0.6221
5695 -8.5713
5696 -1.0972
5697 0.0000
5698 -4.5553
5699 0.0000
5700 9.7998
5701 0.0000
5702 -3.4970
5703 0.0000
5704 -2.2200
5705 3.9984
5706 0.0000
5707 -5.8432
5708 5.1684
5709 4.0905
5710 4.6773
5711 0.0000
5712 8.6234
5713 3.2440
5714 12.0886
5715 0.0000
5716 -0.4114
5717 -1.0335
5718 3.5221
5719 0.0000
5720 12.5623
5721 3.0468
5722 -1.2355
5723 3.8272
5724 4.9049
5725 12.8439
5726 4.6173
5727 7.2640
5728 1.0123
5729 0.0000
5730 -1.8267
5731 6.8260
5732 13.9606
5733 11.0167
5734 4.0634
5735 6.2156
5736 0.0000
5737 1.0575
5738 4.0261
5739 5.2294
5740 4.2698
5741 10.2297
5742 7.6205
5743 0.0000
5744 -2.8523
5745 -5.4120
5746 -1.2885
5747 9.7102
5748 2.9520
5749 -0.3818
5750 0.0000
5751 3.3155
5752 0.0848
5753 1.8364
5754 6.3754
5755 4.5859
5756 -0.1353
5757 0.0000
5758 -0.2935
5759 3.9653
5760 1.4707
5761 1.2427
5762 8.2624
5763 2.2735
5764 0.0000
5765 1.9757
5766 4.0392
5767 8.5837
5768 4.6028
5769 -2.8255
5770 -6.2265
5771 0.0000
5772 -2.5017
5773 1.7402
5774 -0.2052
5775 8.5703
5776 2.8396
5777 4.6669
5778 0.0000
5779 1.5258
5780 3.6016
5781 4.2496
5782 3.7216
5783 1.7225
5784 7.6284
5785 0.0000
5786 -0.8570
5787 1.6483
5788 1.1583
5789 -0.1984
5790 6.1593
5791 1.9896
5792 0.0000
5793 9.0796
5794 1.9718
5795 1.0825
5796 6.7297
5797 -3.8453
5798 -0.7368
5799 0.0000
5800 -2.0500
5801 -5.0011
5802 3.9296
5803 10.4540
5804 10.3764
5805 -0.2362
5806 0.0000
5807 -7.8372
5808 -1.0857
5809 0.0000
5810 2.4400
5811 -0.9460
5812 -0.5530
5813 -0.7055
5814 0.7496
5815 10.0919
5816 3.4460
5817 1.3221
5818 0.0000
5819 6.5621
5820 12.7700
5821 0.0000
5822 -0.1805
5823 0.0000
5824 -3.4619
5825 0.0000
5826 1.0745
5827 2.3450
5828 0.0000
5829 -3.9718
5830 2.3674
5831 0.0000
5832 6.0436
5833 6.7379
5834 5.4955
5835 0.0000
5836 1.0281
5837 2.9287
5838 0.0000
5839 4.2877
5840 6.2466
5841 -0.8911
5842 0.0000
5843 6.6031
5844 -1.7983
5845 0.0000
5846 4.7731
5847 2.8045
5848 6.3779
5849 0.0000
5850 3.9557
5851 3.2837
5852 0.0000
5853 3.5873
5854 3.0232
5855 1.5712
5856 0.0000
5857 2.4958
5858 5.9855
5859 0.0000
5860 0.6099
5861 8.7030
5862 8.5981
5863 0.0000
5864 2.2010
5865 -0.2438
5866 0.0000
5867 2.7213
5868 3.5545
5869 0.0842
5870 0.0000
5871 4.6088
5872 -0.2338
5873 0.0000
5874 9.8858
5875 5.3098
5876 8.0157
5877 0.0000
5878 3.9623
5879 -0.2489
5880 0.0000
5881 6.9211
5882 6.7815
5883 3.7029
5884 0.0000
5885 4.3061
5886 1.7461
5887 0.0000
5888 6.6782
5889 8.7483
5890 7.4154
5891 0.0000
5892 4.4141
5893 5.4082
5894 0.0000
5895 -8.0435
5896 -1.6626
5897 13.5552
5898 0.0000
5899 0.3896
5900 6.2464
5901 0.0000
5902 5.2954
5903 2.6270
5904 2.5500
5905 0.0000
5906 2.0104
5907 5.8343
5908 0.0000
5909 3.2912
5910 5.0056
5911 3.8348
5912 0.0000
5913 -0.9365
5914 -4.5361
5915 0.0000
5916 -1.6566
5917 0.2461
5918 0.4813
5919 0.0000
5920 1.8104
5921 0.4922
5922 0.0000
5923 4.9273
5924 3.5765
5925 5.8696
5926 0.0000
5927 -9.1287
5928 0.0310
5929 0.0000
5930 5.1966
5931 -0.5672
5932 4.9280
5933 0.0000
5934 2.1584
5935 8.0204
5936 0.0000
5937 0.4205
5938 -0.0165
5939 3.2651
5940 0.0000
5941 0.6159
5942 0.0000
5943 2.3547
5944 0.0000
5945 11.2997
5946 11.1109
5947 0.0000
5948 1.7404
5949 0.0000
5950 0.3503
5951 0.0000
5952 -0.9315
5953 8.6875
5954 1.8503
5955 0.0000
5956 1.5029
5957 7.9145
5958 -1.1365
5959 0.0000
5960 -1.2811
5961 9.0700
5962 4.7680
5963 0.0000
5964 4.9674
5965 0.0000
5966 7.9473
5967 0.0000
5968 2.1596
5969 9.3036
5970 0.0000
5971 14.8456
5972 0.0000
5973 2.0248
5974 0.2055
5975 7.0810
5976 9.3921
5977 3.3045
5978 7.9421
5979 3.7236
5980 -0.5412
5981 9.5318
5982 3.3786
5983 4.9807
5984 4.3087
5985 8.5086
5986 -4.6963
5987 6.2290
5988 11.9815
5989 0.0000
5990 8.0504
5991 -0.6135
5992 14.0202
5993 7.2264
5994 -9.0398
5995 5.4739
5996 -0.8675
5997 6.1009
5998 0.0000
5999 -1.1916
6000 -0.1180
6001 -2.4237
6002 1.3060
6003 3.6894
6004 8.1074
6005 0.0000
6006 1.0462
6007 11.8328
6008 6.4288
6009 0.0000
6010 4.7149
6011 1.6134
6012 9.8177
6013 11.8344
6014 0.2113
6015 11.4609
6016 -1.7731
6017 11.5661
6018 0.0000
6019 4.3989
6020 5.2711
6021 -4.8439
6022 9.4893
6023 2.3595
6024 0.9930
6025 0.0000
6026 5.8580
6027 8.8032
6028 -2.0964
6029 0.0000
6030 4.7203
6031 -0.4562
6032 5.3888
6033 10.1868
6034 -1.5243
6035 8.6591
6036 5.7864
6037 4.2759
6038 0.0000
6039 1.1698
6040 10.8886
6041 1.1222
6042 0.8138
6043 3.2110
6044 1.2310
6045 0.0000
6046 -0.0386
6047 7.7686
6048 4.3675
6049 0.0000
6050 4.2688
6051 -1.8589
6052 1.1883
6053 0.0378
6054 6.1901
6055 3.3800
6056 1.8577
6057 6.9519
6058 0.0000
6059 -2.4379
6060 10.2012
6061 0.9571
6062 9.3985
6063 -3.3276
6064 14.2839
6065 0.0000
6066 1.8923
6067 8.7876
6068 5.1099
6069 -0.1673
6070 4.7095
6071 5.8719
6072 1.1279
6073 3.8167
6074 3.7604
6075 2.1888
6076 5.7047
6077 6.7709
6078 -5.4520
6079 4.5991
6080 0.0000
6081 8.1741
6082 9.5384
6083 0.8284
6084 -0.4925
6085 -2.3283
6086 9.6752
6087 8.3413
6088 -0.7087
6089 0.0000
6090 4.0612
6091 2.6768
6092 8.1937
6093 8.0218
6094 5.5853
6095 2.0652
6096 0.0000
6097 6.5885
6098 7.1961
6099 -7.2755
6100 0.0000
6101 1.2095
6102 0.2389
6103 1.1403
6104 10.6467
6105 9.0701
6106 -1.5046
6107 -1.1664
6108 -1.6913
6109 0.0000
6110 0.5517
6111 -1.7097
6112 1.6934
6113 7.1023
6114 0.4442
6115 3.3499
6116 0.0000
6117 1.2098
6118 2.2768
6119 3.7317
6120 0.0000
6121 -5.0039
6122 -1.1700
6123 6.4332
6124 -8.8651
6125 -2.4900
6126 -0.3764
6127 -2.5340
6128 -4.7831
6129 0.0000
6130 9.9873
6131 0.2633
6132 -2.6497
6133 4.0082
6134 6.8995
6135 -3.6974
6136 0.0000
6137 -2.7975
6138 5.3002
6139 2.6839
6140 0.0000
6141 -3.2798
6142 7.1674
6143 4.8630
6144 2.1053
6145 0.0390
6146 9.8089
6147 7.4382
6148 10.8464
6149 0.0000
6150 12.7049
6151 10.3617
6152 8.4430
6153 7.6528
6154 6.5992
6155 7.8125
6156 0.0000
6157 -7.3149
6158 4.2550
6159 1.0030
6160 10.7153
6161 3.4205
6162 5.6504
6163 6.7225
6164 3.8408
6165 -0.3757
6166 1.4069
6167 1.1335
6168 4.4533
6169 0.4468
6170 -2.9833
6171 0.0000
6172 7.9034
6173 -3.9272
6174 -3.2893
6175 -0.9315
6176 2.4790
6177 0.2284
6178 2.8407
6179 0.6352
6180 0.0000
6181 -1.4580
6182 10.4795
6183 4.9757
6184 1.9994
6185 8.2549
6186 4.0005
6187 0.0000
6188 2.9395
6189 1.1427
6190 7.9676
6191 0.0000
6192 0.0471
6193 0.4601
6194 -4.2168
6195 -1.7492
6196 -4.9594
6197 11.1644
6198 10.3601
6199 -0.3294
6200 0.0000
6201 5.6524
6202 6.7047
6203 8.6019
6204 5.3852
6205 -3.7715
6206 8.6584
6207 0.0000
6208 -1.4551
6209 5.0356
6210 -1.0616
6211 0.0000
6212 11.3396
6213 4.7959
6214 5.2766
6215 3.3766
6216 4.5666
6217 0.1738
6218 -1.4851
6219 7.7807
6220 0.0000
6221 -1.7447
6222 9.1862
6223 6.8790
6224 6.7958
6225 2.8076
6226 2.5896
6227 0.0000
6228 -6.1615
6229 1.5546
6230 2.2260
6231 0.0000
6232 4.7637
6233 2.4329
6234 -0.2514
6235 -1.0048
6236 -7.7589
6237 16.0719
6238 3.3710
6239 3.6806
6240 0.0000
6241 4.3426
6242 6.0028
6243 6.4372
6244 11.0559
6245 4.7841
6246 3.6682
6247 0.0000
6248 4.6599
6249 1.3355
6250 2.4440
6251 11.0478
6252 6.2268
6253 6.3567
6254 9.3139
6255 -1.8158
6256 0.2232
6257 11.0830
6258 7.1636
6259 1.6685
6260 3.0241
6261 5.8364
6262 0.0000
6263 2.8448
6264 2.2859
6265 2.1282
6266 9.8709
6267 -6.6097
6268 18.3633
6269 7.1496
6270 12.6207
6271 0.0000
6272 4.5748
6273 -1.1607
6274 4.5503
6275 -1.7733
6276 -0.0168
6277 2.9765
6278 0.0000
6279 2.9178
6280 11.7155
6281 -2.2097
6282 0.0000
6283 2.3583
6284 0.2223
6285 2.9520
6286 -1.6361
6287 -2.8794
6288 -4.2862
6289 -3.0972
6290 -3.6848
6291 0.0000
6292 8.9508
6293 0.1172
6294 3.3394
6295 -2.3065
6296 1.9455
6297 3.3872
6298 0.0000
6299 9.3013
6300 -0.0214
6301 6.4583
6302 0.0000
6303 8.4517
6304 6.3562
6305 5.2347
6306 2.5467
6307 2.4403
6308 -10.1152
6309 4.6123
6310 8.3724
6311 0.0000
6312 9.0718
6313 -1.8507
6314 5.7274
6315 8.5014
6316 4.6680
6317 3.7159
6318 0.0000
6319 1.9475
6320 -2.3637
6321 0.6105
6322 0.0000
6323 5.2733
6324 3.5446
6325 4.2177
6326 5.3308
6327 -0.4283
6328 5.5187
6329 0.3444
6330 5.3977
6331 0.0000
6332 7.2385
6333 8.3467
6334 3.3483
6335 11.9659
6336 7.7599
6337 -0.9751
6338 0.0000
6339 -2.4327
6340 0.0000
6341 3.5442
6342 0.0000
6343 9.9217
6344 5.5810
6345 -1.7476
6346 3.7775
6347 0.4369
6348 8.2104
6349 3.1675
6350 2.8881
6351 0.0000
6352 4.7316
6353 7.4524
6354 3.3891
6355 4.5261
6356 4.0996
6357 4.0766
6358 0.0000
6359 6.4084
6360 4.5069
6361 9.3109
6362 9.8268
6363 5.7011
6364 6.5165
6365 0.0000
6366 5.2633
6367 14.3073
6368 6.5245
6369 11.4867
6370 5.0635
6371 3.3041
6372 0.0000
6373 1.7272
6374 1.9490
6375 4.2069
6376 4.4399
6377 2.3319
6378 -1.8589
6379 0.0000
6380 1.8883
6381 2.4433
6382 0.0940
6383 6.8182
6384 3.6064
6385 -3.5789
6386 0.0000
6387 1.0302
6388 1.9605
6389 5.5492
6390 -0.5223
6391 0.7843
6392 4.7839
6393 0.0000
6394 -1.4039
6395 8.8500
6396 3.1586
6397 10.3704
6398 3.9591
6399 3.6210
6400 0.0000
6401 2.6384
6402 -2.6695
6403 5.7462
6404 1.3553
6405 -2.0081
6406 -2.5151
6407 0.0000
6408 6.6787
6409 5.2147
6410 4.7822
6411 2.6768
6412 8.5819
6413 -1.2146
6414 0.0000
6415 -2.3324
6416 -2.0659
6417 2.0472
6418 -0.4095
6419 6.5256
6420 6.9667
6421 0.0000
6422 4.2918
6423 12.2690
6424 8.2940
6425 2.0657
6426 4.4370
6427 -5.0624
6428 0.0000
6429 -2.8484
6430 4.9556
6431 7.7391
6432 3.7272
6433 7.0261
6434 1.8346
6435 0.0000
6436 -8.5130
6437 -4.3349
6438 4.3410
6439 4.7102
6440 4.4396
6441 -0.1253
6442 0.0000
6443 1.2365
6444 -3.9495
6445 4.8386
6446 5.0088
6447 5.9881
6448 2.5849
6449 0.0000
6450 2.7334
6451 1.5849
6452 8.3130
6453 -0.0802
6454 -3.6102
6455 -8.5279
6456 0.0000
6457 -2.6899
6458 0.0000
6459 0.4164
6460 0.0000
6461 9.0588
6462 0.0000
6463 11.5627
6464 8.2708
6465 0.0000
6466 1.6174
6467 -0.4515
6468 0.6145
6469 -0.0084
6470 0.0000
6471 20.5694
6472 7.1707
6473 -0.9754
6474 0.0000
6475 7.0749
6476 1.1616
6477 4.8536
6478 0.0000
6479 9.7736
6480 4.7837
6481 6.1992
6482 2.9177
6483 5.1228
6484 -0.9777
6485 -5.6400
6486 3.2994
6487 6.9184
6488 0.0000
6489 -6.3202
6490 3.6507
6491 9.9414
6492 7.5866
6493 6.7015
6494 2.1475
6495 0.0000
6496 2.9089
6497 1.5369
6498 -2.7890
6499 13.5804
6500 7.3471
6501 1.5418
6502 0.0000
6503 5.9498
6504 7.3493
6505 0.4380
6506 1.9400
6507 6.3180
6508 0.8392
6509 0.0000
6510 2.2060
6511 1.4331
6512 -2.8089
6513 7.1783
6514 2.9109
6515 8.1612
6516 0.0000
6517 9.3648
6518 4.4832
6519 6.4812
6520 3.0283
6521 6.8153
6522 7.0113
6523 0.0000
6524 5.3476
6525 6.2842
6526 1.5058
6527 0.8468
6528 3.5829
6529 10.5939
6530 0.0000
6531 -2.1341
6532 -3.5246
6533 2.0383
6534 6.9340
6535 -6.6470
6536 2.0592
6537 0.0000
6538 6.1155
6539 1.6341
6540 7.8600
6541 11.1867
6542 6.5512
6543 4.4502
6544 0.0000
6545 0.3447
6546 9.1279
6547 5.9057
6548 5.4487
6549 8.1598
6550 4.3997
6551 0.0000
6552 -3.6258
6553 1.3298
6554 5.1178
6555 3.9304
6556 8.6158
6557 17.1469
6558 0.0000
6559 -6.5831
6560 6.4644
6561 5.7729
6562 8.6474
6563 3.4896
6564 -0.7404
6565 0.0000
6566 0.1310
6567 -3.7434
6568 0.0000
6569 -11.9684
6570 -0.6685
6571 5.8905
6572 3.6897
6573 -2.1104
6574 1.1023
6575 -5.7509
6576 0.4767
6577 0.0000
6578 2.5547
6579 7.3317
6580 0.0000
6581 6.2522
6582 0.0000
6583 -2.9568
6584 0.0000
6585 0.3029
6586 6.4068
6587 0.0000
6588 4.6991
6589 3.2950
6590 0.0000
6591 10.1639
6592 6.9590
6593 6.8562
6594 0.0000
6595 -6.7886
6596 -0.1651
6597 0.0000
6598 -0.2935
6599 -4.9761
6600 2.3005
6601 0.0000
6602 -0.6871
6603 5.7475
6604 0.0000
6605 -0.7659
6606 1.4562
6607 -0.5224
6608 0.0000
6609 -4.5860
6610 5.9601
6611 0.0000
6612 4.4268
6613 7.4866
6614 2.7387
6615 0.0000
6616 -0.0143
6617 -5.0500
6618 0.0000
6619 7.3524
6620 6.7402
6621 5.0273
6622 0.0000
6623 -8.2658
6624 2.8749
6625 0.0000
6626 7.6462
6627 10.0703
6628 3.2113
6629 0.0000
6630 -5.4134
6631 2.0883
6632 0.0000
6633 2.8093
6634 0.3924
6635 5.4455
6636 0.0000
6637 3.1806
6638 8.9952
6639 0.0000
6640 5.1425
6641 6.0506
6642 1.0407
6643 0.0000
6644 2.4332
6645 0.7206
6646 0.0000
6647 8.5174
6648 8.2921
6649 5.6878
6650 0.0000
6651 2.5834
6652 -2.5531
6653 0.0000
6654 9.5156
6655 2.8046
6656 4.6667
6657 0.0000
6658 -0.2420
6659 -0.2533
6660 0.0000
6661 11.6119
6662 5.1103
6663 7.6909
6664 0.0000
6665 4.9388
6666 4.4900
6667 0.0000
6668 10.1870
6669 8.2418
6670 5.4550
6671 0.0000
6672 0.5255
6673 8.0496
6674 0.0000
6675 5.2041
6676 -4.4453
6677 6.2155
6678 0.0000
6679 1.9502
6680 1.2096
6681 0.0000
6682 -1.4587
6683 -4.3199
6684 6.5037
6685 0.0000
6686 0.9211
6687 6.7874
6688 0.0000
6689 9.6474
6690 11.2634
6691 3.6447
6692 0.0000
6693 -4.8914
6694 5.3598
6695 0.0000
6696 6.4637
6697 6.5511
6698 2.9689
6699 0.0000
6700 -2.7024
6701 0.0000
6702 1.7447
6703 0.0000
6704 7.4359
6705 2.2649
6706 0.0000
6707 4.4062
6708 0.0000
6709 1.4122
6710 0.0000
6711 1.0797
6712 -2.5125
6713 -4.0278
6714 0.0000
6715 4.7620
6716 4.7435
6717 -1.0487
6718 0.0000
6719 3.7840
6720 2.9750
6721 3.3149
6722 0.0000
6723 5.6590
6724 0.0000
6725 0.9622
6726 0.0000
6727 -4.3096
6728 8.2184
6729 0.0000
6730 -0.6128
6731 0.0000
6732 1.3806
6733 1.6561
6734 1.2690
6735 3.9841
6736 10.5783
6737 7.8718
6738 3.9726
6739 4.5599
6740 5.7301
6741 0.9181
6742 0.3213
6743 5.3363
6744 4.2827
6745 2.4097
6746 8.0960
6747 -5.4877
6748 0.0000
6749 1.7546
6750 -3.0323
6751 4.5155
6752 3.1039
6753 1.7194
6754 8.9825
6755 4.6801
6756 4.7909
6757 0.0000
6758 -4.2292
6759 -4.1130
6760 0.4163
6761 9.9925
6762 -0.5246
6763 1.0135
6764 0.0000
6765 1.2051
6766 1.4098
6767 1.4399
6768 0.0000
6769 3.6996
6770 0.7075
6771 5.5002
6772 3.2359
6773 -0.2556
6774 10.7206
6775 13.2007
6776 0.4665
6777 0.0000
6778 2.1781
6779 11.7293
6780 3.6636
6781 9.8325
6782 6.1911
6783 -0.1448
6784 0.0000
6785 -4.4807
6786 -3.6195
6787 -3.5439
6788 0.0000
6789 2.3228
6790 3.2119
6791 -0.7021
6792 0.5579
6793 -2.3216
6794 5.6479
6795 3.1364
6796 3.9516
6797 0.0000
6798 0.8826
6799 10.4813
6800 6.0324
6801 0.5353
6802 2.3537
6803 1.8098
6804 0.0000
6805 0.2141
6806 2.8595
6807 3.4703
6808 0.0000
6809 2.2737
6810 -5.5330
6811 14.2190
6812 7.1837
6813 -3.0105
6814 -5.9888
6815 1.9454
6816 6.4541
6817 0.0000
6818 -1.5005
6819 0.7167
6820 -1.2532
6821 7.4394
6822 -6.5430
6823 -2.8186
6824 0.0000
6825 2.9731
6826 2.9070
6827 1.1374
6828 9.1224
6829 0.2444
6830 1.1613
6831 1.9088
6832 -0.2136
6833 7.8097
6834 2.8386
6835 7.8220
6836 -2.9484
6837 7.3392
6838 1.2687
6839 0.0000
6840 7.2684
6841 10.3163
6842 9.3353
6843 4.0119
6844 0.9188
6845 5.5529
6846 5.3252
6847 7.5195
6848 0.0000
6849 6.1180
6850 1.6578
6851 -5.5639
6852 2.7441
6853 -2.6646
6854 2.0479
6855 0.0000
6856 -3.5183
6857 -9.0846
6858 1.3331
6859 0.0000
6860 4.9060
6861 -4.3214
6862 -1.0935
6863 6.8892
6864 1.4044
6865 10.6020
6866 10.1804
6867 5.0192
6868 0.0000
6869 5.3763
6870 3.7022
6871 6.7328
6872 -9.1126
6873 3.5811
6874 6.1383
6875 0.0000
6876 5.0872
6877 7.1481
6878 3.9223
6879 0.0000
6880 6.8453
6881 -2.6301
6882 8.6381
6883 0.4446
6884 2.5427
6885 4.1173
6886 -2.1524
6887 6.4272
6888 0.0000
6889 9.3431
6890 6.3521
6891 6.0830
6892 11.3514
6893 8.1907
6894 3.3478
6895 0.0000
6896 -0.4511
6897 -4.1696
6898 -0.3910
6899 0.0000
6900 -0.5477
6901 -1.4237
6902 5.7786
6903 6.9721
6904 4.6419
6905 2.5982
6906 -1.7213
6907 0.7405
6908 0.0000
6909 11.3369
6910 12.9855
6911 -4.3810
6912 7.2132
6913 7.7213
6914 9.1861
6915 0.0000
6916 -5.1120
6917 -1.9499
6918 -10.9716
6919 -2.9267
6920 11.4838
6921 3.9773
6922 2.4846
6923 -0.5018
6924 7.3995
6925 -3.3138
6926 3.4579
6927 6.2269
6928 8.7348
6929 2.4151
6930 0.0000
6931 2.7049
6932 0.2907
6933 -5.8553
6934 6.7171
6935 -4.7312
6936 9.9527
6937 -0.5750
6938 6.2046
6939 0.0000
6940 0.6928
6941 5.3172
6942 -2.1276
6943 9.8889
6944 -1.6464
6945 4.4784
6946 0.0000
6947 -1.5783
6948 -0.5699
6949 2.0018
6950 0.0000
6951 5.1115
6952 -5.8113
6953 5.0616
6954 8.9828
6955 1.6906
6956 5.9414
6957 5.2071
6958 -4.6124
6959 0.0000
6960 6.8228
6961 10.9123
6962 1.8311
6963 -1.4924
6964 5.0508
6965 5.0538
6966 0.0000
6967 -6.0821
6968 10.5383
6969 4.8960
6970 0.0000
6971 7.7208
6972 4.4526
6973 3.2452
6974 5.9511
6975 0.0190
6976 4.5308
6977 0.2290
6978 3.9651
6979 0.0000
6980 10.0883
6981 1.4567
6982 6.4212
6983 6.1741
6984 8.7485
6985 7.3398
6986 0.0000
6987 -3.5446
6988 0.9275
6989 7.8415
6990 0.0000
6991 8.6727
6992 3.1723
6993 0.2178
6994 1.5284
6995 -1.5244
6996 3.3327
6997 -1.5216
6998 2.7191
6999 0.0000
7000 4.2574
7001 0.1745
7002 7.3511
7003 -0.1732
7004 6.4169
7005 -1.0651
7006 0.0000
7007 7.1926
7008 5.0433
7009 10.4922
7010 5.0738
7011 7.1676
7012 6.2970
7013 5.4352
7014 2.1315
7015 5.3259
7016 -0.0730
7017 11.6869
7018 0.9459
7019 7.1280
7020 1.9124
7021 0.0000
7022 2.8993
7023 -5.3862
7024 -1.0856
7025 13.3963
7026 -9.8857
7027 1.8797
7028 1.0594
7029 -7.0338
7030 0.0000
7031 9.7079
7032 -2.4815
7033 6.9293
7034 -6.2811
7035 7.4633
7036 3.4031
7037 0.0000
7038 2.3745
7039 1.4829
7040 1.3945
7041 0.0000
7042 3.2171
7043 6.1651
7044 6.5307
7045 13.9949
7046 -7.1300
7047 -2.6781
7048 -0.3173
7049 2.6101
7050 0.0000
7051 9.9175
7052 7.7245
7053 -0.1309
7054 5.5134
7055 2.4630
7056 3.0909
7057 0.0000
7058 7.5757
7059 1.2353
7060 6.6445
7061 0.0000
7062 -1.0039
7063 3.6740
7064 1.7630
7065 9.0515
7066 -3.4073
7067 0.9905
7068 0.0599
7069 5.9000
7070 0.0000
7071 9.2183
7072 4.6781
7073 4.5670
7074 5.9250
7075 10.0957
7076 -0.6268
7077 0.0000
7078 3.3476
7079 -3.7559
7080 5.5473
7081 0.0000
7082 5.3803
7083 2.7166
7084 -1.0982
7085 -9.5896
7086 2.2995
7087 -0.5077
7088 -4.6225
7089 2.3744
7090 0.0000
7091 8.5827
7092 7.5555
7093 0.4443
7094 3.6091
7095 -2.6155
7096 4.3993
7097 0.0000
7098 1.0382
7099 0.0000
7100 -1.7445
7101 0.0000
7102 10.0528
7103 -2.0904
7104 2.4291
7105 4.2277
7106 6.4966
7107 -0.6016
7108 -0.3383
7109 0.2160
7110 0.0000
7111 1.7846
7112 12.1658
7113 5.9740
7114 9.1854
7115 1.2656
7116 -1.5371
7117 0.0000
7118 7.5679
7119 3.4883
7120 0.5842
7121 4.6288
7122 5.7358
7123 -0.6222
7124 0.0000
7125 3.9930
7126 6.0653
7127 -6.7330
7128 5.4804
7129 6.1083
7130 1.1863
7131 0.0000
7132 1.4382
7133 1.9547
7134 1.0461
7135 -0.4878
7136 1.6243
7137 8.9758
7138 0.0000
7139 2.7690
7140 4.9707
7141 3.1834
7142 13.2745
7143 3.9365
7144 9.1465
7145 0.0000
7146 2.2495
7147 6.8000
7148 2.2553
7149 1.6219
7150 3.0277
7151 3.6379
7152 0.0000
7153 0.2183
7154 5.3169
7155 3.0972
7156 9.0863
7157 2.3732
7158 5.5884
7159 0.0000
7160 1.1819
7161 1.6245
7162 1.5884
7163 0.1776
7164 5.7203
7165 -3.4762
7166 0.0000
7167 -3.5928
7168 1.6240
7169 5.6317
7170 2.4727
7171 7.8092
7172 1.6334
7173 0.0000
7174 -1.0394
7175 1.1832
7176 -0.5993
7177 -2.3055
7178 8.7201
7179 -1.8364
7180 0.0000
7181 2.7351
7182 6.4038
7183 0.2926
7184 0.2589
7185 3.7910
7186 1.2927
7187 0.0000
7188 -0.8322
7189 10.4339
7190 5.4700
7191 5.9729
7192 10.1546
7193 12.5920
7194 0.0000
7195 2.7265
7196 -0.2340
7197 2.1496
7198 14.7791
7199 6.5382
7200 3.5646
7201 0.0000
7202 -1.4430
7203 7.5925
7204 9.7085
7205 5.6837
7206 9.0218
7207 -1.3392
7208 0.0000
7209 -1.9156
7210 0.7915
7211 3.4408
7212 6.5605
7213 2.4508
7214 0.9404
7215 0.0000
7216 3.7841
7217 0.0000
7218 8.9757
7219 0.0000
7220 0.1602
7221 0.0000
7222 4.0492
7223 4.5612
7224 0.0000
7225 2.0154
7226 1.6418
7227 5.7303
7228 5.2512
7229 0.0000
7230 1.3296
7231 1.7567
7232 -5.5269
7233 0.0000
7234 1.8949
7235 6.0869
7236 1.9601
7237 0.0000
7238 2.6342
7239 0.8662
7240 4.0824
7241 1.7911
7242 3.1534
7243 4.6354
7244 8.6291
7245 1.9554
7246 6.3620
7247 0.0000
7248 -3.2130
7249 -3.0386
7250 0.0556
7251 15.3544
7252 2.4420
7253 1.1976
7254 0.0000
7255 -0.9644
7256 6.2149
7257 13.7788
7258 -1.5750
7259 -0.7081
7260 4.8738
7261 0.0000
7262 4.1572
7263 -0.0130
7264 2.5046
7265 3.7486
7266 1.1286
7267 3.9680
7268 0.0000
7269 -0.2343
7270 10.4987
7271 -2.1566
7272 1.3648
7273 7.2784
7274 5.6452
7275 0.0000
7276 -4.6363
7277 2.9334
7278 2.6129
7279 4.8068
7280 1.2636
7281 3.5136
7282 0.0000
7283 1.9729
7284 1.9228
7285 -1.2160
7286 11.7057
7287 2.5590
7288 1.1506
7289 0.0000
7290 0.5975
7291 0.0727
7292 10.2663
7293 -5.6819
7294 2.1065
7295 1.2515
7296 0.0000
7297 -4.8877
7298 1.5542
7299 10.8968
7300 1.9491
7301 -0.2195
7302 3.7270
7303 0.0000
7304 2.2316
7305 3.4384
7306 6.0136
7307 0.7384
7308 2.6364
7309 8.3110
7310 0.0000
7311 4.1989
7312 -0.6041
7313 -2.9902
7314 6.1056
7315 8.6864
7316 7.7671
7317 0.0000
7318 4.4311
7319 6.6370
7320 2.6453
7321 7.8109
7322 0.2028
7323 3.4903
7324 0.0000
7325 -4.9105
7326 2.3909
7327 0.0000
7328 4.4065
7329 3.7409
7330 3.4771
7331 -0.0676
7332 -3.6399
7333 -7.6646
7334 -6.4752
7335 1.3370
7336 0.0000
7337 4.0049
7338 4.6712
7339 0.0000
7340 4.5359
7341 0.0000
7342 -1.8468
7343 0.0000
7344 3.9297
7345 -4.1274
7346 0.0000
7347 4.1021
7348 -3.0240
7349 0.0000
7350 6.9405
7351 2.1047
7352 0.9405
7353 0.0000
7354 7.7327
7355 -4.9570
7356 0.0000
7357 2.5133
7358 3.7678
7359 5.2188
7360 0.0000
7361 -0.1653
7362 7.7034
7363 0.0000
7364 -0.8707
7365 6.0616
7366 7.6998
7367 0.0000
7368 5.6973
7369 4.5794
7370 0.0000
7371 3.1547
7372 2.0236
7373 0.4974
7374 0.0000
7375 -6.1107
7376 1.8679
7377 0.0000
7378 -1.4623
7379 6.3105
7380 1.2295
7381 0.0000
7382 5.7801
7383 5.9626
7384 0.0000
7385 3.7369
7386 6.0376
7387 -1.6415
7388 0.0000
7389 -5.9264
7390 4.4839
7391 0.0000
7392 5.3657
7393 1.0727
7394 10.3099
7395 0.0000
7396 -5.5972
7397 -4.8549
7398 0.0000
7399 3.9459
7400 4.6759
7401 -1.6742
7402 0.0000
7403 -3.4772
7404 4.0056
7405 0.0000
7406 8.3071
7407 -1.4803
7408 1.9624
7409 0.0000
7410 11.0028
7411 7.7286
7412 0.0000
7413 1.7705
7414 3.5087
7415 5.0679
7416 0.0000
7417 -2.7059
7418 7.3236
7419 0.0000
7420 -6.6972
7421 9.6159
7422 6.6690
7423 0.0000
7424 -1.9163
7425 7.7750
7426 0.0000
7427 4.2546
7428 3.9554
7429 5.4718
7430 0.0000
7431 -0.3401
7432 0.7039
7433 0.0000
7434 -0.8973
7435 6.7354
7436 4.9720
7437 0.0000
7438 10.5396
7439 8.0535
7440 0.0000
7441 1.1514
7442 8.2487
7443 8.5854
7444 0.0000
7445 3.8790
7446 3.9479
7447 0.0000
7448 1.0373
7449 8.5199
7450 6.0299
7451 0.0000
7452 10.5579
7453 7.3680
7454 0.0000
7455 3.5534
7456 -1.9310
7457 0.9623
7458 0.0000
7459 -7.3748
7460 0.0000
7461 1.0003
7462 0.0000
7463 8.2664
7464 1.4758
7465 0.0000
7466 5.6296
7467 0.0000
7468 5.6258
7469 0.0000
7470 3.4692
7471 0.6227
7472 5.8355
7473 0.0000
7474 7.1628
7475 6.3195
7476 0.4512
7477 0.0000
7478 4.5413
7479 -0.7589
7480 -9.4355
7481 0.0000
7482 2.9180
7483 0.0000
7484 -0.6106
7485 0.0000
7486 -2.5698
7487 2.3857
7488 0.0000
7489 1.7286
7490 0.0000
7491 12.1074
7492 1.5489
7493 -0.6582
7494 0.8123
7495 9.5467
7496 3.9815
7497 7.8812
7498 0.4432
7499 0.0000
7500 2.0731
7501 6.2507
7502 0.1195
7503 -4.1475
7504 0.8769
7505 6.3040
7506 0.0000
7507 -3.4779
7508 8.2879
7509 4.2180
7510 4.5209
7511 3.5694
7512 -1.0208
7513 0.0000
7514 2.3389
7515 14.9884
7516 3.9584
7517 9.8070
7518 0.5731
7519 2.9250
7520 0.0000
7521 -0.7976
7522 3.9058
7523 0.6922
7524 8.3839
7525 -1.9994
7526 5.6544
7527 0.0000
7528 -0.6032
7529 -1.7462
7530 3.8007
7531 3.5003
7532 1.2804
7533 2.0808
7534 0.0000
7535 -0.3602
7536 -0.5101
7537 7.2909
7538 6.1663
7539 -0.1872
7540 10.3966
7541 0.0000
7542 4.0887
7543 -1.7219
7544 2.7671
7545 -1.7998
7546 -11.4789
7547 5.5176
7548 0.0000
7549 0.1393
7550 -1.9625
7551 6.9035
7552 1.5334
7553 6.6115
7554 -0.4198
7555 0.0000
7556 1.9843
7557 15.3266
7558 -4.3721
7559 -0.7435
7560 3.9069
7561 -1.6504
7562 0.0000
7563 -0.7568
7564 13.1731
7565 6.2924
7566 2.2470
7567 1.8432
7568 2.3388
7569 0.0000
7570 5.2331
7571 4.4419
7572 5.8839
7573 -0.7609
7574 8.7763
7575 -2.0230
7576 0.0000
7577 4.3965
7578 0.1855
7579 11.1293
7580 15.1067
7581 3.8476
7582 -3.5841
7583 0.0000
7584 2.0170
7585 3.3351
7586 -1.4965
7587 6.9815
7588 9.7250
7589 3.8300
7590 0.0000
7591 5.8487
7592 -2.3893
7593 -0.9662
7594 2.9596
7595 3.8887
7596 3.7655
7597 0.0000
7598 -2.1001
7599 7.1810
7600 -1.5133
7601 4.1457
7602 5.7336
7603 11.0713
7604 0.0000
7605 8.6778
7606 0.0000
7607 1.9471
7608 5.5880
7609 0.0000
7610 4.2554
7611 9.0016
7612 0.0000
7613 4.1254
7614 -3.2850
7615 0.0000
7616 6.0787
7617 0.0000
7618 10.7782
7619 3.7717
7620 0.0000
7621 7.9983
7622 4.6913
7623 0.0000
7624 1.5057
7625 0.0000
7626 7.2525
7627 7.4089
7628 0.0000
7629 4.3694
7630 7.6731
7631 0.0000
7632 -0.5681
7633 0.0000
7634 -5.9346
7635 8.7908
7636 0.0000
7637 2.6503
7638 2.1325
7639 0.0000
7640 1.8432
7641 0.0000
7642 2.2010
7643 12.8734
7644 0.0000
7645 -2.4599
7646 3.1887
7647 0.0000
7648 0.4715
7649 0.0000
7650 5.8681
7651 6.8113
7652 0.0000
7653 2.1416
7654 4.8561
7655 0.0000
7656 11.6295
7657 0.0000
7658 0.4939
7659 3.9757
7660 0.0000
7661 9.7082
7662 3.6881
7663 0.0000
7664 0.6326
7665 0.0000
7666 6.1296
7667 2.2372
7668 0.0000
7669 9.1232
7670 1.1520
7671 0.0000
7672 -1.9596
7673 0.0000
7674 0.0559
7675 1.8658
7676 0.0000
7677 3.1125
7678 4.0464
7679 0.0000
7680 2.8351
7681 0.0000
7682 -3.6007
7683 18.2270
7684 0.0000
7685 3.4390
7686 -1.9476
7687 0.0000
7688 4.2007
7689 0.0000
7690 -3.0268
7691 12.2190
7692 0.0000
7693 2.0130
7694 -1.6320
7695 0.0000
7696 -0.2561
7697 0.0000
7698 7.3350
7699 4.0146
7700 0.0000
7701 10.2930
7702 3.7798
7703 0.0000
7704 5.8052
7705 0.0000
7706 9.3567
7707 11.5182
7708 0.0000
7709 6.2185
7710 2.6048
7711 0.0000
7712 -1.4104
7713 0.0000
7714 4.8566
7715 7.3607
7716 0.0000
7717 -1.8494
7718 7.2179
7719 0.0000
7720 0.4973
7721 0.0000
7722 -1.2175
7723 -3.1129
7724 0.0000
7725 8.5016
7726 10.5596
7727 0.0000
7728 -0.1556
7729 0.0000
7730 -4.0571
7731 -1.3694
7732 0.0000
7733 -1.4153
7734 -3.2830
7735 0.0000
7736 -1.8118
7737 0.0000
7738 -2.5089
7739 0.0000
7740 13.1176
