# input  : 16 : 62 EB 93 AA 2E 5B 7B D3 F1 CE 30 B7 08 10 29 82 
# output : 16 : 26 79 28 B5 F9 05 5A E2 05 E2 C7 88 5A BA BD 78 
# cycles : 7740
1 0.0000
2 -2.0611
3 -1.2733
4 0.0000
5 2.2736
6 0.0000
7 -4.1905
8 8.5921
9 0.0000
10 6.6205
11 8.6931
12 0.0000
13 -2.1537
14 0.0000
15 5.8602
16 6.7470
17 0.0000
18 4.3525
19 6.0842
20 0.0000
21 4.5106
22 0.0000
23 2.1066
24 1.9028
25 0.0000
26 4.7921
27 1.4856
28 0.0000
29 -1.4734
30 0.0000
31 2.3059
32 3.0528
33 0.0000
34 2.8909
35 9.5281
36 0.0000
37 -0.5958
38 0.0000
39 4.3056
40 -0.6228
41 0.0000
42 4.6899
43 2.5484
44 0.0000
45 1.4122
46 0.0000
47 2.7326
48 10.1360
49 0.0000
50 7.4003
51 1.3677
52 0.0000
53 -3.7802
54 0.0000
55 4.7284
56 2.5571
57 0.0000
58 -0.2073
59 7.3454
60 0.0000
61 4.9735
62 0.0000
63 5.2019
64 4.2056
65 0.0000
66 5.2788
67 9.9408
68 0.0000
69 2.6700
70 0.0000
71 9.7741
72 2.9705
73 0.0000
74 5.5915
75 8.8526
76 0.0000
77 -1.7891
78 0.0000
79 3.7277
80 12.4473
81 0.0000
82 1.1856
83 4.7941
84 0.0000
85 0.4529
86 0.0000
87 -4.9347
88 2.0471
89 0.0000
90 2.8401
91 3.1716
92 0.0000
93 3.4869
94 0.0000
95 3.6567
96 5.5575
97 0.0000
98 -2.0637
99 0.4799
100 0.0000
101 1.6683
102 0.0000
103 2.6967
104 -1.8057
105 0.0000
106 4.1666
107 8.0575
108 0.0000
109 6.9145
110 0.0000
111 3.6043
112 -3.0785
113 0.0000
114 -0.6508
115 -0.8172
116 0.0000
117 -0.5850
118 0.0000
119 4.2451
120 1.3495
121 0.0000
122 4.3399
123 5.8640
124 0.0000
125 -4.3542
126 0.0000
127 1.7786
128 3.7063
129 0.0000
130 -3.3277
131 -7.5744
132 0.0000
133 -9.1047
134 0.0000
135 -0.7701
136 3.9387
137 0.0000
138 0.7668
139 1.2399
140 -1.0220
141 0.0000
142 10.3575
143 5.1015
144 -1.1186
145 3.7067
146 0.0000
147 1.7203
148 4.5957
149 0.0000
150 10.4534
151 0.3190
152 6.5412
153 3.7994
154 0.0000
155 2.2885
156 0.2819
157 0.0000
158 6.9725
159 1.4143
160 -1.0328
161 -1.1480
162 0.0000
163 7.3394
164 0.7289
165 0.0000
166 1.4094
167 -1.5093
168 4.5381
169 -0.1376
170 0.0000
171 3.4755
172 6.0189
173 0.0000
174 3.2211
175 -7.8227
176 -2.3615
177 6.4411
178 0.0000
179 -5.5791
180 2.7937
181 0.0000
182 3.5899
183 9.6786
184 -0.9344
185 -5.6279
186 0.0000
187 6.1203
188 4.2179
189 0.0000
190 -3.2390
191 0.2665
192 3.3255
193 5.4491
194 0.0000
195 -4.3378
196 5.3418
197 0.0000
198 1.4390
199 4.6805
200 8.4785
201 -0.3897
202 0.0000
203 -2.5482
204 0.4216
205 0.0000
206 15.2788
207 4.7205
208 5.2116
209 -2.5729
210 0.0000
211 -2.5932
212 11.4997
213 0.0000
214 -0.5284
215 9.0944
216 1.5721
217 9.5689
218 0.0000
219 0.4976
220 9.7583
221 0.0000
222 -0.8631
223 7.5111
224 10.0820
225 -1.0722
226 0.0000
227 -0.9048
228 6.8521
229 0.0000
230 -1.3324
231 -3.1889
232 3.9891
233 -1.1280
234 0.0000
235 3.3960
236 5.4735
237 0.0000
238 0.2875
239 3.5825
240 0.8192
241 6.2356
242 0.0000
243 -6.8343
244 3.4031
245 0.0000
246 7.8924
247 3.7564
248 10.3409
249 -5.2669
250 0.0000
251 0.8658
252 2.5226
253 0.0000
254 15.7945
255 2.5856
256 4.3493
257 1.7240
258 0.0000
259 -2.7595
260 6.1787
261 0.0000
262 5.5373
263 5.9756
264 8.8370
265 -1.9279
266 0.0000
267 -4.0866
268 -5.0991
269 0.0000
270 5.1279
271 0.0000
272 2.3338
273 -1.2572
274 2.5680
275 6.1014
276 2.0742
277 1.6949
278 -2.7316
279 3.2889
280 0.0000
281 0.0611
282 -2.3801
283 0.0447
284 7.0162
285 8.1618
286 0.2550
287 0.0000
288 9.1566
289 3.6828
290 0.9984
291 1.3004
292 5.4549
293 0.3541
294 0.0000
295 -0.1366
296 3.8552
297 9.2873
298 -0.2678
299 3.8939
300 3.1503
301 0.0000
302 0.6756
303 -1.6877
304 1.7114
305 0.1963
306 -4.0578
307 -1.2247
308 0.0000
309 -0.6336
310 11.3743
311 8.9338
312 12.0480
313 11.0324
314 0.6653
315 0.0000
316 0.7867
317 13.3664
318 4.2682
319 5.3442
320 -1.8704
321 6.1105
322 0.0000
323 1.6750
324 12.6906
325 -0.5911
326 5.3384
327 9.0190
328 3.5335
329 0.0000
330 1.0098
331 5.5369
332 5.5090
333 1.1506
334 -3.6001
335 -2.0274
336 0.0000
337 2.6137
338 6.1609
339 6.3144
340 0.4285
341 1.4987
342 3.0030
343 0.0000
344 -0.1159
345 -4.5499
346 4.1800
347 2.8603
348 7.0331
349 1.6489
350 0.0000
351 1.4777
352 2.4118
353 6.8857
354 -0.3063
355 3.0692
356 2.4157
357 0.0000
358 7.5429
359 -5.4079
360 -0.0199
361 0.0228
362 6.6287
363 3.0496
364 0.0000
365 -3.0190
366 2.7526
367 9.3053
368 6.7968
369 7.3244
370 3.2508
371 0.0000
372 -3.8714
373 6.7495
374 5.4969
375 0.9420
376 -2.2834
377 8.9747
378 0.0000
379 6.2486
380 2.4279
381 7.1524
382 8.9046
383 4.8029
384 8.1079
385 0.0000
386 8.3955
387 0.0000
388 3.1592
389 0.0000
390 6.9323
391 0.0000
392 5.4764
393 -1.0101
394 0.0000
395 5.4576
396 6.8277
397 0.2299
398 3.1703
399 0.0000
400 0.7890
401 5.7208
402 7.5627
403 0.0000
404 5.7594
405 8.1847
406 8.0953
407 0.0000
408 -0.9221
409 5.3997
410 4.3770
411 0.9063
412 -2.6956
413 2.6466
414 -0.5389
415 -2.5475
416 1.6443
417 0.0000
418 3.4069
419 5.9719
420 0.5271
421 7.6578
422 6.4347
423 -2.1860
424 0.0000
425 3.2307
426 9.7421
427 -2.2948
428 1.9427
429 3.0879
430 10.8416
431 0.0000
432 2.9688
433 1.9652
434 7.5630
435 11.6375
436 -5.2750
437 4.6624
438 0.0000
439 -5.0069
440 -11.3825
441 -0.2816
442 11.7058
443 1.0454
444 2.5733
445 0.0000
446 1.3089
447 7.9600
448 1.3715
449 3.9343
450 0.3476
451 7.5414
452 0.0000
453 -4.0091
454 4.8871
455 -3.1966
456 11.4064
457 11.3938
458 7.1425
459 0.0000
460 -1.0368
461 1.1949
462 5.3862
463 6.5416
464 8.4750
465 -2.3460
466 0.0000
467 2.8191
468 4.1805
469 -4.7139
470 -5.8480
471 6.6653
472 5.1412
473 0.0000
474 -3.6326
475 2.4715
476 2.1217
477 2.6154
478 2.4064
479 2.3959
480 0.0000
481 1.8425
482 9.5479
483 10.7360
484 3.6263
485 5.6043
486 3.8203
487 0.0000
488 -7.0269
489 3.1636
490 2.1485
491 10.7305
492 4.2021
493 3.0623
494 0.0000
495 -5.0319
496 7.4125
497 0.0000
498 1.4936
499 -3.5553
500 2.1595
501 0.3158
502 -8.2675
503 6.1291
504 0.9596
505 2.5757
506 0.0000
507 7.9461
508 -2.6695
509 0.0000
510 -1.5904
511 1.4436
512 0.0000
513 -5.2233
514 0.2956
515 0.0000
516 11.8150
517 3.0707
518 0.0000
519 3.5816
520 7.1079
521 6.1567
522 0.0000
523 -7.0577
524 6.9936
525 0.0000
526 3.7484
527 -2.2628
528 3.3902
529 0.0000
530 -5.9786
531 7.9869
532 0.0000
533 8.8826
534 3.1359
535 4.4008
536 0.0000
537 7.6249
538 10.4191
539 0.0000
540 4.1348
541 8.0537
542 -0.8393
543 0.0000
544 -0.9603
545 6.2254
546 0.0000
547 1.2285
548 1.3774
549 7.5093
550 0.0000
551 -0.2381
552 11.6648
553 0.0000
554 6.9442
555 1.5910
556 8.0442
557 0.0000
558 7.0669
559 4.1072
560 0.0000
561 6.8490
562 2.3994
563 6.8772
564 0.0000
565 -2.1198
566 9.8687
567 0.0000
568 2.6180
569 -0.3280
570 7.0146
571 0.0000
572 -0.9304
573 7.8104
574 0.0000
575 5.5527
576 8.5022
577 3.4757
578 0.0000
579 -1.1870
580 8.2548
581 0.0000
582 -8.2208
583 2.7458
584 9.0621
585 0.0000
586 -0.5474
587 6.2322
588 0.0000
589 2.8077
590 0.5195
591 4.1462
592 0.0000
593 -0.5029
594 10.9402
595 0.0000
596 9.9321
597 2.7754
598 0.7328
599 0.0000
600 -0.3361
601 8.8069
602 0.0000
603 4.9685
604 15.3641
605 8.1859
606 0.0000
607 5.9202
608 6.5763
609 0.0000
610 8.0082
611 3.5460
612 7.7068
613 0.0000
614 -5.3483
615 7.0648
616 0.0000
617 6.2125
618 -1.6555
619 11.3903
620 0.0000
621 4.2017
622 4.5978
623 0.0000
624 7.1852
625 -1.7291
626 -2.1610
627 0.0000
628 1.8436
629 0.0000
630 3.9133
631 0.0000
632 2.2655
633 9.5890
634 0.0000
635 12.8446
636 0.0000
637 3.6799
638 0.0000
639 1.8458
640 -0.6889
641 2.3010
642 0.0000
643 6.7177
644 -0.7941
645 -2.9491
646 0.0000
647 3.4558
648 4.1586
649 7.1801
650 0.0000
651 7.7309
652 0.0000
653 2.1177
654 0.0000
655 6.3769
656 0.4132
657 0.0000
658 4.0440
659 0.0000
660 6.6509
661 -1.6912
662 6.3286
663 4.6614
664 5.2808
665 6.5015
666 -3.1299
667 -1.2324
668 5.7114
669 2.5346
670 -0.3396
671 11.4753
672 2.0778
673 -0.3204
674 6.6733
675 9.8591
676 0.0000
677 2.0300
678 -2.8857
679 2.9417
680 4.3696
681 4.0296
682 6.0885
683 2.3086
684 9.2784
685 0.0000
686 0.5862
687 2.6784
688 1.6500
689 0.6642
690 7.7431
691 1.6933
692 0.0000
693 -2.0565
694 6.2676
695 9.5171
696 0.0000
697 9.6554
698 2.5000
699 12.0088
700 10.2670
701 1.9162
702 7.0103
703 6.6059
704 2.0809
705 0.0000
706 6.1829
707 12.0020
708 -6.2236
709 5.3596
710 3.5686
711 15.2492
712 0.0000
713 9.8569
714 11.2310
715 0.9314
716 0.0000
717 7.3685
718 4.9605
719 4.9661
720 2.3280
721 -4.4074
722 11.9680
723 0.4769
724 0.7932
725 0.0000
726 3.5135
727 6.9720
728 3.7222
729 2.5886
730 8.1339
731 2.8107
732 0.0000
733 -7.0464
734 3.1177
735 3.2965
736 0.0000
737 4.2036
738 -4.2080
739 3.3901
740 1.5343
741 3.5350
742 10.8449
743 8.7068
744 -3.3760
745 0.0000
746 2.5507
747 3.0084
748 8.7483
749 5.4170
750 -1.8650
751 4.7899
752 0.0000
753 -0.7014
754 8.1140
755 7.2091
756 4.7634
757 4.2838
758 -3.5619
759 5.5904
760 0.4044
761 3.0196
762 1.4967
763 -0.7191
764 4.5751
765 2.8585
766 10.7315
767 0.0000
768 -2.8935
769 6.7079
770 7.3793
771 5.4223
772 0.4074
773 4.9751
774 -3.7370
775 3.7413
776 0.0000
777 10.2775
778 2.2500
779 1.8276
780 7.5291
781 6.9126
782 11.6823
783 0.0000
784 3.9292
785 2.6973
786 10.4066
787 0.0000
788 3.3857
789 0.5408
790 5.1492
791 5.7688
792 5.2023
793 -3.4437
794 -9.4038
795 7.9001
796 0.0000
797 -2.7395
798 8.3610
799 9.9548
800 2.9438
801 9.8370
802 5.9167
803 0.0000
804 -3.8973
805 -0.8034
806 1.5340
807 0.0000
808 8.2780
809 -7.8152
810 8.2375
811 7.6629
812 -7.8768
813 -5.0027
814 -5.3871
815 -1.2309
816 0.0000
817 10.0506
818 -0.6449
819 2.4208
820 0.3947
821 5.8872
822 4.5222
823 0.0000
824 8.4560
825 -3.5590
826 2.6543
827 0.0000
828 6.6437
829 -4.9123
830 3.4002
831 4.7356
832 1.9391
833 -2.6790
834 -1.1511
835 1.4980
836 0.0000
837 1.8364
838 -3.6844
839 -3.1640
840 -0.4060
841 1.3309
842 5.2352
843 0.0000
844 4.7804
845 5.9122
846 6.2572
847 -6.1550
848 6.6194
849 2.3040
850 12.4949
851 6.0483
852 2.4836
853 8.1821
854 9.6448
855 10.0311
856 5.0963
857 -6.7166
858 0.0000
859 -2.8101
860 10.2632
861 7.7052
862 3.0495
863 -5.3970
864 -5.4392
865 8.3631
866 -4.5320
867 0.0000
868 12.0639
869 4.3469
870 -4.6557
871 -1.5852
872 -0.5900
873 -3.1458
874 0.0000
875 0.1064
876 2.3336
877 10.2204
878 0.0000
879 3.3637
880 0.7361
881 6.4784
882 5.3395
883 10.3759
884 13.8329
885 4.4034
886 13.0706
887 0.0000
888 5.6896
889 3.1473
890 8.5756
891 -0.6996
892 7.4049
893 6.5975
894 0.0000
895 -3.4471
896 -4.6053
897 6.4939
898 0.0000
899 3.6919
900 -0.9436
901 4.5519
902 8.9577
903 -3.7216
904 9.6272
905 3.0082
906 10.5399
907 0.0000
908 5.4526
909 1.8346
910 -0.5714
911 2.7939
912 -6.3971
913 0.5234
914 0.0000
915 2.0027
916 4.5697
917 8.5353
918 0.0000
919 4.1540
920 4.3356
921 -1.8431
922 2.7962
923 -2.7254
924 -3.5133
925 9.1778
926 10.3295
927 0.0000
928 2.3444
929 7.8924
930 1.8786
931 -0.2832
932 5.8112
933 -0.7652
934 0.0000
935 1.3405
936 2.3693
937 4.4871
938 2.9761
939 4.8611
940 -2.0794
941 3.5043
942 4.9139
943 5.8372
944 3.5491
945 7.4085
946 4.7499
947 12.7543
948 8.9129
949 0.0000
950 2.3098
951 1.1753
952 1.6458
953 3.4193
954 -9.4630
955 1.8404
956 -8.8267
957 1.7191
958 0.0000
959 3.8972
960 5.1246
961 1.1548
962 7.6972
963 9.5346
964 2.8260
965 0.0000
966 -1.7795
967 1.4763
968 6.4017
969 0.0000
970 -1.7804
971 2.1095
972 5.4389
973 2.5608
974 6.6118
975 3.5700
976 3.6344
977 5.6375
978 0.0000
979 1.2287
980 -4.3400
981 13.3359
982 2.3462
983 4.2664
984 3.0824
985 0.0000
986 -3.3178
987 3.6804
988 5.2190
989 0.0000
990 5.4020
991 1.0196
992 4.1246
993 2.2289
994 -1.3060
995 17.9907
996 8.8279
997 8.3482
998 0.0000
999 2.3096
1000 6.3903
1001 3.4796
1002 -1.0147
1003 2.7987
1004 -2.6750
1005 0.0000
1006 1.4607
1007 -0.5908
1008 -0.8773
1009 0.0000
1010 4.9899
1011 2.2148
1012 -8.0870
1013 5.2866
1014 1.5205
1015 -1.7695
1016 2.2743
1017 11.1135
1018 0.0000
1019 3.1823
1020 1.1482
1021 6.5481
1022 8.5168
1023 -6.4411
1024 2.0884
1025 0.0000
1026 -0.1742
1027 0.0000
1028 4.5867
1029 0.0000
1030 5.8862
1031 3.0805
1032 -0.9871
1033 3.3059
1034 3.4134
1035 4.9267
1036 3.1341
1037 -3.9642
1038 0.0000
1039 1.7088
1040 -0.2146
1041 8.0138
1042 9.6600
1043 -0.4261
1044 0.1270
1045 0.0000
1046 -5.5393
1047 7.2603
1048 -0.7435
1049 2.9460
1050 5.0026
1051 1.1650
1052 0.0000
1053 -2.3387
1054 4.7738
1055 7.1294
1056 2.8791
1057 -2.8106
1058 4.9219
1059 0.0000
1060 0.8209
1061 11.1604
1062 8.7461
1063 4.9763
1064 8.8321
1065 4.3255
1066 0.0000
1067 2.2678
1068 5.4469
1069 6.8053
1070 1.2323
1071 1.1038
1072 1.9822
1073 0.0000
1074 4.2362
1075 7.2099
1076 -3.7810
1077 6.1829
1078 7.4801
1079 2.9300
1080 0.0000
1081 1.9950
1082 7.7799
1083 -5.6207
1084 -2.2959
1085 1.6793
1086 -1.3892
1087 0.0000
1088 -1.5621
1089 6.1083
1090 2.1077
1091 4.9767
1092 7.9530
1093 -5.4957
1094 0.0000
1095 -0.1394
1096 6.3913
1097 7.0822
1098 2.3154
1099 11.2214
1100 7.3361
1101 0.0000
1102 3.1184
1103 9.0394
1104 12.2893
1105 3.9591
1106 -3.9457
1107 -1.4287
1108 0.0000
1109 4.9087
1110 0.0397
1111 5.9569
1112 9.3359
1113 2.8743
1114 9.5861
1115 0.0000
1116 3.7649
1117 4.5355
1118 3.2898
1119 -1.5722
1120 5.7327
1121 -4.5091
1122 0.0000
1123 -4.1990
1124 -0.7579
1125 5.8862
1126 2.7373
1127 6.8100
1128 1.6800
1129 0.0000
1130 9.3875
1131 0.8472
1132 -2.9855
1133 6.0999
1134 -1.7821
1135 -0.3548
1136 0.0000
1137 -5.8062
1138 -4.1416
1139 5.7583
1140 6.0071
1141 -4.4588
1142 -1.0330
1143 0.0000
1144 2.1604
1145 0.0000
1146 7.5997
1147 0.0000
1148 6.0980
1149 0.0000
1150 7.9229
1151 1.9146
1152 0.0000
1153 -0.3899
1154 8.7430
1155 -2.2324
1156 6.3431
1157 0.0000
1158 10.8045
1159 -0.2402
1160 0.9077
1161 0.0000
1162 3.3986
1163 2.1415
1164 2.0434
1165 0.0000
1166 8.8258
1167 3.7271
1168 5.2139
1169 -8.5845
1170 9.9072
1171 6.4925
1172 1.0309
1173 3.1229
1174 1.5945
1175 0.0000
1176 -6.5253
1177 -1.2399
1178 -1.0701
1179 8.0762
1180 2.1732
1181 -0.7493
1182 0.0000
1183 3.7046
1184 8.3954
1185 6.3376
1186 4.5421
1187 -1.3835
1188 8.4943
1189 0.0000
1190 -6.8125
1191 0.2870
1192 5.6388
1193 4.0643
1194 -0.6436
1195 2.5652
1196 0.0000
1197 6.6270
1198 1.7287
1199 2.6957
1200 3.2074
1201 -0.1928
1202 13.1023
1203 0.0000
1204 7.0274
1205 0.1461
1206 8.6356
1207 14.2051
1208 8.9474
1209 -2.2148
1210 0.0000
1211 -6.6986
1212 5.8189
1213 -6.1124
1214 3.6724
1215 -0.7275
1216 8.5091
1217 0.0000
1218 -2.2448
1219 0.2707
1220 9.2180
1221 5.1181
1222 6.8275
1223 7.8806
1224 0.0000
1225 8.2444
1226 7.4684
1227 8.9174
1228 6.4567
1229 -7.3665
1230 8.9018
1231 0.0000
1232 -1.9533
1233 3.5817
1234 0.8786
1235 13.9700
1236 2.0995
1237 1.2030
1238 0.0000
1239 6.7555
1240 0.1103
1241 9.0338
1242 8.3580
1243 9.6540
1244 17.7036
1245 0.0000
1246 0.2197
1247 6.2955
1248 5.2062
1249 12.9169
1250 6.3866
1251 -4.5631
1252 0.0000
1253 -0.8762
1254 1.1676
1255 0.0000
1256 2.1297
1257 1.7599
1258 -2.3606
1259 1.1388
1260 -3.0933
1261 0.6672
1262 3.8607
1263 7.4964
1264 0.0000
1265 5.4966
1266 4.4442
1267 0.0000
1268 1.6016
1269 0.0000
1270 -1.4437
1271 0.0000
1272 2.4532
1273 0.6113
1274 0.0000
1275 -0.8502
1276 16.5458
1277 0.0000
1278 6.5901
1279 0.4423
1280 1.3644
1281 0.0000
1282 2.1583
1283 3.9462
1284 0.0000
1285 0.4435
1286 5.3945
1287 -1.1495
1288 0.0000
1289 8.1480
1290 8.2176
1291 0.0000
1292 0.0254
1293 5.8040
1294 11.4115
1295 0.0000
1296 -0.8013
1297 4.9364
1298 0.0000
1299 6.0662
1300 7.4018
1301 9.6968
1302 0.0000
1303 -1.3086
1304 -3.9032
1305 0.0000
1306 3.1889
1307 7.7498
1308 0.4546
1309 0.0000
1310 3.4489
1311 13.0346
1312 0.0000
1313 10.9442
1314 6.9328
1315 4.6613
1316 0.0000
1317 1.4223
1318 7.1936
1319 0.0000
1320 4.8021
1321 4.5829
1322 6.2576
1323 0.0000
1324 -1.6635
1325 -1.4678
1326 0.0000
1327 6.6421
1328 1.0741
1329 4.8886
1330 0.0000
1331 -3.8014
1332 3.4800
1333 0.0000
1334 5.3411
1335 2.3762
1336 4.1032
1337 0.0000
1338 3.0654
1339 11.3466
1340 0.0000
1341 2.1203
1342 10.4109
1343 -1.6139
1344 0.0000
1345 -2.0102
1346 6.1977
1347 0.0000
1348 6.4629
1349 2.2096
1350 4.6625
1351 0.0000
1352 0.4579
1353 6.0309
1354 0.0000
1355 3.7237
1356 3.9560
1357 4.4428
1358 0.0000
1359 -1.1527
1360 1.3622
1361 0.0000
1362 5.0043
1363 2.7498
1364 4.7062
1365 0.0000
1366 4.6826
1367 8.1163
1368 0.0000
1369 14.6701
1370 1.1143
1371 9.0307
1372 0.0000
1373 0.3738
1374 -0.0653
1375 0.0000
1376 7.8095
1377 6.8100
1378 8.4855
1379 0.0000
1380 2.0484
1381 4.7991
1382 0.0000
1383 -0.6821
1384 1.7356
1385 4.8077
1386 0.0000
1387 -2.2658
1388 0.0000
1389 5.3347
1390 0.0000
1391 0.5058
1392 2.8833
1393 0.0000
1394 7.2857
1395 0.0000
1396 6.6379
1397 0.0000
1398 5.9339
1399 3.4028
1400 2.0942
1401 0.0000
1402 5.4749
1403 2.6816
1404 9.5522
1405 0.0000
1406 4.4511
1407 9.0082
1408 8.3949
1409 0.0000
1410 5.2983
1411 0.0000
1412 10.6506
1413 0.0000
1414 7.0094
1415 0.1453
1416 0.0000
1417 7.9914
1418 0.0000
1419 4.4309
1420 -0.4408
1421 2.2948
1422 1.6222
1423 -5.4765
1424 8.0252
1425 -0.4060
1426 14.3848
1427 5.7162
1428 4.8927
1429 8.3642
1430 2.9528
1431 6.9070
1432 8.1880
1433 3.0993
1434 2.3680
1435 0.0000
1436 0.9513
1437 0.7680
1438 -0.7230
1439 -0.1201
1440 -4.6973
1441 0.4504
1442 2.0861
1443 7.4115
1444 0.0000
1445 4.8560
1446 7.5583
1447 3.2136
1448 -2.9495
1449 6.8822
1450 4.0123
1451 0.0000
1452 -2.7973
1453 1.0504
1454 5.7459
1455 0.0000
1456 2.3434
1457 12.6870
1458 8.9301
1459 5.9930
1460 4.2777
1461 6.1267
1462 6.3445
1463 -4.3155
1464 0.0000
1465 0.2185
1466 2.7007
1467 10.1944
1468 4.3165
1469 2.7430
1470 -4.3003
1471 0.0000
1472 3.1824
1473 8.0778
1474 8.0306
1475 0.0000
1476 -1.6173
1477 6.1314
1478 5.9506
1479 9.4863
1480 2.7137
1481 3.4615
1482 5.5941
1483 0.4596
1484 0.0000
1485 2.3071
1486 0.8820
1487 8.3309
1488 8.0642
1489 1.6764
1490 4.9493
1491 0.0000
1492 0.6371
1493 6.4341
1494 6.7357
1495 0.0000
1496 6.2631
1497 0.0628
1498 7.9834
1499 7.3935
1500 5.7817
1501 -4.1247
1502 -2.8508
1503 4.9795
1504 0.0000
1505 1.6154
1506 5.3285
1507 4.5111
1508 5.9168
1509 -2.4825
1510 1.0508
1511 0.0000
1512 2.8013
1513 -4.0039
1514 1.1742
1515 10.7557
1516 8.0222
1517 5.0664
1518 3.8356
1519 5.4255
1520 -2.4502
1521 -0.9461
1522 4.8791
1523 -4.7521
1524 -0.0888
1525 4.9670
1526 0.0000
1527 9.4254
1528 4.8311
1529 9.6915
1530 2.4994
1531 2.5048
1532 -3.7396
1533 3.5968
1534 -1.7749
1535 0.0000
1536 4.5028
1537 5.5040
1538 6.6895
1539 7.3486
1540 4.1722
1541 7.3899
1542 0.0000
1543 5.9339
1544 8.4057
1545 -0.0531
1546 0.0000
1547 -4.0268
1548 0.0030
1549 -0.0111
1550 10.6934
1551 4.0919
1552 0.0334
1553 -8.8815
1554 1.8158
1555 0.0000
1556 0.1066
1557 1.0355
1558 4.6738
1559 3.3588
1560 1.3616
1561 2.7661
1562 0.0000
1563 3.3886
1564 8.4834
1565 -3.5999
1566 0.0000
1567 6.8687
1568 -4.7008
1569 3.6929
1570 5.8206
1571 -6.0339
1572 6.0448
1573 2.5063
1574 0.7427
1575 0.0000
1576 0.6084
1577 7.4132
1578 -0.7910
1579 9.4196
1580 12.2267
1581 5.5405
1582 0.0000
1583 -1.1906
1584 -2.2326
1585 2.1038
1586 0.0000
1587 6.5703
1588 -1.5732
1589 6.2924
1590 5.9449
1591 0.2740
1592 -6.0558
1593 4.8997
1594 3.0198
1595 0.0000
1596 3.7805
1597 7.2288
1598 7.1866
1599 9.1533
1600 -0.0257
1601 -1.7303
1602 0.0000
1603 -0.1799
1604 -1.3730
1605 -4.7087
1606 8.7775
1607 7.3562
1608 5.8623
1609 0.9764
1610 6.5408
1611 5.2430
1612 0.3889
1613 2.2266
1614 -0.6118
1615 -9.6917
1616 0.6600
1617 0.0000
1618 2.7690
1619 4.2532
1620 -1.5848
1621 2.3959
1622 5.4410
1623 10.7427
1624 0.6215
1625 13.6402
1626 0.0000
1627 -0.2575
1628 -0.4506
1629 6.5247
1630 -4.5199
1631 1.2393
1632 -1.3968
1633 0.0000
1634 -0.2011
1635 4.2008
1636 0.0830
1637 0.0000
1638 12.1151
1639 15.8645
1640 5.6345
1641 4.2306
1642 1.8353
1643 0.0305
1644 -1.0835
1645 3.3663
1646 0.0000
1647 12.0715
1648 9.3441
1649 8.2001
1650 -0.6120
1651 9.6333
1652 8.1671
1653 0.0000
1654 -2.6595
1655 1.9315
1656 -0.2151
1657 0.0000
1658 3.8705
1659 1.1723
1660 3.8378
1661 2.1600
1662 -3.1590
1663 -5.5202
1664 1.6241
1665 0.0964
1666 0.0000
1667 1.5782
1668 7.3834
1669 7.7505
1670 2.0245
1671 13.2572
1672 12.0073
1673 0.0000
1674 -5.8550
1675 2.8985
1676 8.8253
1677 0.0000
1678 0.8091
1679 4.3099
1680 6.3325
1681 8.2901
1682 1.2116
1683 3.5548
1684 -0.4105
1685 11.1291
1686 0.0000
1687 11.9266
1688 -0.2006
1689 3.7329
1690 4.0414
1691 -1.0674
1692 3.2899
1693 0.0000
1694 7.9557
1695 1.3100
1696 5.9469
1697 9.9271
1698 10.5052
1699 0.0175
1700 7.8082
1701 0.1370
1702 5.4640
1703 0.1199
1704 7.6321
1705 1.4506
1706 5.9163
1707 -3.4898
1708 0.0000
1709 3.2976
1710 -1.8780
1711 -2.8918
1712 10.3742
1713 -0.3718
1714 5.4125
1715 6.6368
1716 5.6422
1717 0.0000
1718 3.4234
1719 4.2536
1720 1.4745
1721 10.2355
1722 -1.7263
1723 4.3803
1724 0.0000
1725 -1.8289
1726 2.4157
1727 6.3138
1728 0.0000
1729 1.4506
1730 2.9833
1731 2.9804
1732 8.1963
1733 -4.6672
1734 6.0137
1735 5.5637
1736 1.4112
1737 0.0000
1738 4.7958
1739 10.5331
1740 3.4320
1741 4.4339
1742 7.6549
1743 12.7906
1744 0.0000
1745 5.3583
1746 3.0173
1747 4.4946
1748 0.0000
1749 -3.6657
1750 -2.0948
1751 2.3843
1752 -2.0674
1753 7.9358
1754 10.3164
1755 4.3882
1756 1.1989
1757 0.0000
1758 7.4592
1759 -0.0473
1760 -2.6992
1761 6.5828
1762 5.7978
1763 4.0294
1764 0.0000
1765 4.6230
1766 7.3939
1767 4.1522
1768 0.0000
1769 7.5061
1770 -2.4723
1771 2.3214
1772 1.2983
1773 -2.2244
1774 9.5790
1775 6.7040
1776 14.9314
1777 0.0000
1778 11.8444
1779 2.2303
1780 6.4634
1781 1.9227
1782 0.3974
1783 2.8052
1784 0.0000
1785 6.9109
1786 0.0000
1787 8.7917
1788 0.0000
1789 5.9426
1790 1.0126
1791 -1.7110
1792 3.1922
1793 3.6972
1794 -1.0025
1795 10.3963
1796 6.8704
1797 0.0000
1798 0.8034
1799 7.4927
1800 13.6475
1801 0.5220
1802 3.6328
1803 5.3662
1804 0.0000
1805 2.5885
1806 5.1192
1807 0.6769
1808 -4.5249
1809 8.4953
1810 2.2165
1811 0.0000
1812 4.5296
1813 -0.4987
1814 0.5406
1815 9.2151
1816 0.7551
1817 -0.0444
1818 0.0000
1819 -0.7058
1820 6.5970
1821 4.7009
1822 6.5110
1823 5.6969
1824 5.1613
1825 0.0000
1826 1.5378
1827 6.0363
1828 0.4508
1829 -0.2316
1830 2.3493
1831 6.0227
1832 0.0000
1833 -2.0885
1834 2.3175
1835 -5.2938
1836 0.1553
1837 7.8652
1838 7.2300
1839 0.0000
1840 2.6590
1841 8.1357
1842 2.1841
1843 2.5292
1844 6.4241
1845 -1.0714
1846 0.0000
1847 0.8027
1848 4.9602
1849 0.6767
1850 9.5431
1851 8.2381
1852 8.5319
1853 0.0000
1854 1.8112
1855 3.7717
1856 8.9029
1857 1.8584
1858 -3.4320
1859 2.8540
1860 0.0000
1861 3.9985
1862 -0.0775
1863 10.4736
1864 0.6994
1865 1.3257
1866 5.6209
1867 0.0000
1868 2.2206
1869 3.5819
1870 0.2908
1871 9.5341
1872 -1.7832
1873 7.4103
1874 0.0000
1875 -0.5648
1876 5.0465
1877 9.1088
1878 2.5863
1879 6.0354
1880 5.9785
1881 0.0000
1882 -3.4680
1883 -1.6369
1884 1.3300
1885 3.4774
1886 7.5867
1887 2.1881
1888 0.0000
1889 -9.2646
1890 9.4472
1891 6.6109
1892 6.1080
1893 4.9355
1894 3.4996
1895 0.0000
1896 -0.7652
1897 3.1242
1898 0.5258
1899 -2.8955
1900 2.3829
1901 3.8461
1902 0.0000
1903 0.6330
1904 0.0000
1905 -6.9641
1906 0.0000
1907 9.8804
1908 0.0000
1909 -0.3518
1910 7.2312
1911 0.0000
1912 7.5674
1913 6.9732
1914 5.6508
1915 8.2433
1916 0.0000
1917 1.4712
1918 2.6097
1919 7.1733
1920 0.0000
1921 8.3173
1922 0.0880
1923 8.5438
1924 0.0000
1925 3.8779
1926 6.2597
1927 0.8018
1928 0.6506
1929 7.5092
1930 14.4806
1931 0.7127
1932 1.7232
1933 4.2764
1934 0.0000
1935 9.2475
1936 1.1039
1937 9.2388
1938 -4.3655
1939 -2.0511
1940 2.8185
1941 0.0000
1942 2.2451
1943 0.0867
1944 1.4196
1945 4.8832
1946 4.1065
1947 2.6147
1948 0.0000
1949 -1.1561
1950 8.6877
1951 7.3811
1952 4.9647
1953 0.5444
1954 5.8325
1955 0.0000
1956 -3.7254
1957 -3.6783
1958 3.6119
1959 10.1047
1960 -0.9089
1961 -5.7592
1962 0.0000
1963 -0.1780
1964 4.0077
1965 7.3141
1966 -1.6089
1967 6.7865
1968 5.6263
1969 0.0000
1970 1.8700
1971 4.1571
1972 1.0274
1973 5.8763
1974 3.8835
1975 -2.1582
1976 0.0000
1977 0.9858
1978 6.0689
1979 0.5468
1980 5.5457
1981 8.3351
1982 -2.5487
1983 0.0000
1984 10.6952
1985 5.6273
1986 9.7642
1987 9.0821
1988 -1.7463
1989 4.3998
1990 0.0000
1991 2.9450
1992 0.6407
1993 2.6685
1994 4.0982
1995 2.3443
1996 -0.7475
1997 0.0000
1998 -3.9444
1999 13.3786
2000 1.3004
2001 -4.2206
2002 3.8307
2003 7.0611
2004 0.0000
2005 -4.6556
2006 3.3969
2007 -0.4442
2008 11.2636
2009 3.7900
2010 3.4271
2011 0.0000
2012 1.2254
2013 7.9864
2014 0.0000
2015 5.1027
2016 -0.0724
2017 -2.3209
2018 0.0779
2019 -1.0551
2020 -11.5929
2021 3.5528
2022 0.4389
2023 0.0000
2024 -0.9509
2025 7.9490
2026 0.0000
2027 8.1078
2028 0.0000
2029 4.5716
2030 0.0000
2031 3.8405
2032 -4.6763
2033 0.0000
2034 5.8263
2035 1.7601
2036 0.0000
2037 1.1677
2038 3.9153
2039 -0.2983
2040 0.0000
2041 9.2362
2042 3.6811
2043 0.0000
2044 5.5968
2045 9.2248
2046 -2.8514
2047 0.0000
2048 3.1020
2049 5.8829
2050 0.0000
2051 1.1376
2052 0.2892
2053 -2.4282
2054 0.0000
2055 1.5202
2056 9.2852
2057 0.0000
2058 -5.0777
2059 10.8834
2060 3.5590
2061 0.0000
2062 -2.7068
2063 -0.4090
2064 0.0000
2065 3.7851
2066 3.1543
2067 6.1856
2068 0.0000
2069 -5.4807
2070 8.0281
2071 0.0000
2072 4.6577
2073 12.4475
2074 5.6807
2075 0.0000
2076 3.5593
2077 6.9227
2078 0.0000
2079 -0.5019
2080 -1.6756
2081 9.5166
2082 0.0000
2083 1.6140
2084 8.9046
2085 0.0000
2086 3.2292
2087 5.4476
2088 -11.2336
2089 0.0000
2090 2.0811
2091 1.9460
2092 0.0000
2093 5.0853
2094 18.1355
2095 -0.9058
2096 0.0000
2097 1.6706
2098 2.0656
2099 0.0000
2100 1.4876
2101 0.3544
2102 4.8098
2103 0.0000
2104 3.9008
2105 0.4862
2106 0.0000
2107 5.7701
2108 -5.9326
2109 3.1850
2110 0.0000
2111 4.6128
2112 9.6930
2113 0.0000
2114 2.0457
2115 8.0522
2116 -1.0224
2117 0.0000
2118 -1.5540
2119 -0.3971
2120 0.0000
2121 7.2682
2122 6.5401
2123 11.2291
2124 0.0000
2125 -3.0940
2126 6.2454
2127 0.0000
2128 -3.1057
2129 2.6458
2130 10.7576
2131 0.0000
2132 1.3147
2133 11.8980
2134 0.0000
2135 2.7137
2136 5.0063
2137 10.9615
2138 0.0000
2139 -0.2797
2140 4.2652
2141 0.0000
2142 1.0281
2143 6.5172
2144 6.0503
2145 0.0000
2146 -8.1230
2147 0.0000
2148 -3.5701
2149 0.0000
2150 1.7048
2151 1.8625
2152 0.0000
2153 -1.2233
2154 0.0000
2155 -3.0686
2156 0.0000
2157 3.8146
2158 3.3444
2159 -1.3181
2160 0.0000
2161 4.6691
2162 -7.5236
2163 4.0936
2164 0.0000
2165 7.3128
2166 -0.2302
2167 4.4988
2168 0.0000
2169 -0.1615
2170 0.0000
2171 5.2771
2172 0.0000
2173 -2.2269
2174 4.9126
2175 0.0000
2176 3.5889
2177 0.0000
2178 -1.4928
2179 1.4003
2180 7.2876
2181 3.8536
2182 3.0331
2183 4.6885
2184 2.9763
2185 -0.5868
2186 2.3726
2187 7.7475
2188 5.1790
2189 4.0091
2190 -2.2263
2191 -3.1251
2192 5.6020
2193 4.5097
2194 0.0000
2195 4.1373
2196 7.4837
2197 6.9093
2198 8.1058
2199 0.4154
2200 -5.5578
2201 -3.2171
2202 11.4939
2203 0.0000
2204 1.9582
2205 10.8267
2206 -2.2350
2207 -1.0828
2208 5.0625
2209 -3.8318
2210 0.0000
2211 -7.0053
2212 10.1314
2213 4.3045
2214 0.0000
2215 5.6165
2216 2.6282
2217 4.6205
2218 -3.3668
2219 -1.6519
2220 9.5949
2221 -1.7690
2222 6.5750
2223 0.0000
2224 6.2972
2225 -1.5765
2226 4.5504
2227 7.0827
2228 -1.5598
2229 2.5198
2230 0.0000
2231 2.5351
2232 1.8591
2233 -2.0067
2234 0.0000
2235 2.1508
2236 3.8450
2237 -4.8619
2238 1.8664
2239 7.0883
2240 5.5424
2241 -7.0582
2242 1.5404
2243 0.0000
2244 13.8738
2245 5.0596
2246 3.5868
2247 7.4539
2248 -0.0150
2249 6.5473
2250 0.0000
2251 -2.0748
2252 2.5761
2253 6.3216
2254 0.0000
2255 0.6956
2256 0.6904
2257 1.0282
2258 -1.8635
2259 -0.1008
2260 5.1309
2261 0.1363
2262 9.0200
2263 0.0000
2264 4.9600
2265 8.7302
2266 2.7281
2267 5.5430
2268 8.0827
2269 -5.0269
2270 0.0000
2271 9.2972
2272 -2.4087
2273 5.4056
2274 -0.4009
2275 4.8430
2276 5.0830
2277 -4.7532
2278 2.7479
2279 0.1129
2280 2.5365
2281 9.2671
2282 2.9414
2283 -0.6121
2284 4.1757
2285 0.0000
2286 -0.0093
2287 1.4991
2288 13.2884
2289 5.1113
2290 -1.3243
2291 6.1315
2292 1.9657
2293 -6.0869
2294 0.0000
2295 11.6614
2296 0.7319
2297 1.5556
2298 2.0524
2299 5.8933
2300 5.6254
2301 0.0000
2302 8.1821
2303 0.3939
2304 6.4094
2305 0.0000
2306 4.2266
2307 1.0066
2308 10.4771
2309 2.4849
2310 2.9697
2311 2.5224
2312 5.7466
2313 0.0064
2314 0.0000
2315 3.5616
2316 5.3855
2317 4.5685
2318 8.8061
2319 3.5122
2320 7.5169
2321 0.0000
2322 -3.6054
2323 6.6878
2324 -2.1902
2325 0.0000
2326 6.5765
2327 -6.3979
2328 2.9049
2329 6.3090
2330 3.8444
2331 -0.0203
2332 6.5314
2333 -2.7487
2334 0.0000
2335 9.5812
2336 3.8234
2337 10.0882
2338 3.1077
2339 2.1936
2340 -1.2361
2341 0.0000
2342 -7.1013
2343 6.9795
2344 9.8939
2345 0.0000
2346 3.2711
2347 1.0536
2348 6.8130
2349 7.9662
2350 2.3415
2351 4.4791
2352 5.5543
2353 2.2993
2354 0.0000
2355 4.4937
2356 1.2646
2357 6.2107
2358 3.5460
2359 7.3647
2360 11.6053
2361 0.0000
2362 -1.2215
2363 5.8900
2364 -1.4243
2365 12.2759
2366 -0.0106
2367 8.7427
2368 4.9475
2369 7.0862
2370 2.0800
2371 4.3442
2372 3.2967
2373 8.7768
2374 6.1013
2375 8.8690
2376 0.0000
2377 -5.7975
2378 -3.0162
2379 0.3472
2380 4.3001
2381 0.2870
2382 9.0261
2383 4.0876
2384 6.3170
2385 0.0000
2386 10.7207
2387 10.9531
2388 3.1511
2389 7.6363
2390 3.5711
2391 5.6023
2392 0.0000
2393 0.4774
2394 5.9014
2395 6.9709
2396 0.0000
2397 10.2616
2398 3.3833
2399 -0.6185
2400 3.1662
2401 1.3784
2402 1.8488
2403 -5.4470
2404 17.2219
2405 0.0000
2406 4.4056
2407 2.4217
2408 -0.5726
2409 -3.0432
2410 8.0227
2411 9.2498
2412 0.0000
2413 -6.5427
2414 5.3518
2415 0.7635
2416 0.0000
2417 1.7228
2418 2.7002
2419 4.6731
2420 4.3420
2421 -3.2962
2422 -1.0232
2423 -0.4074
2424 6.5486
2425 0.0000
2426 5.2061
2427 6.6864
2428 2.0610
2429 5.2272
2430 11.4063
2431 11.5622
2432 0.0000
2433 -1.2410
2434 -2.4554
2435 6.4331
2436 0.0000
2437 2.9511
2438 -7.5849
2439 0.4367
2440 0.4744
2441 -3.8356
2442 8.3556
2443 7.6341
2444 -1.5837
2445 0.0000
2446 12.2126
2447 8.5205
2448 1.0208
2449 8.5322
2450 1.7555
2451 6.7364
2452 0.0000
2453 3.5051
2454 0.5369
2455 1.4893
2456 6.0382
2457 5.6730
2458 5.2357
2459 7.1634
2460 0.3779
2461 -0.9894
2462 3.6085
2463 6.5029
2464 -4.0464
2465 4.6446
2466 -0.4045
2467 0.0000
2468 0.7432
2469 7.7777
2470 -1.7734
2471 5.3740
2472 1.9760
2473 10.7309
2474 3.6595
2475 1.1371
2476 0.0000
2477 -0.2500
2478 11.0260
2479 6.1290
2480 3.8337
2481 10.2032
2482 5.4279
2483 0.0000
2484 2.4325
2485 6.3110
2486 11.5462
2487 0.0000
2488 4.4707
2489 3.7357
2490 5.8337
2491 1.4873
2492 2.3443
2493 9.6582
2494 11.1488
2495 1.3728
2496 0.0000
2497 0.6630
2498 3.3051
2499 -7.6868
2500 2.8020
2501 4.1923
2502 -0.7589
2503 0.0000
2504 1.4819
2505 -2.2596
2506 10.6200
2507 0.0000
2508 2.1768
2509 -1.2397
2510 0.2632
2511 5.9019
2512 -0.1030
2513 -0.8215
2514 -0.2431
2515 -2.5656
2516 0.0000
2517 8.5987
2518 -8.5064
2519 -3.3935
2520 0.8795
2521 9.4696
2522 -0.0651
2523 0.0000
2524 -4.3544
2525 1.8852
2526 -6.0159
2527 0.0000
2528 2.4798
2529 -1.2108
2530 4.5442
2531 3.9621
2532 -0.4857
2533 -2.3016
2534 -2.4396
2535 7.9885
2536 0.0000
2537 6.9858
2538 6.6665
2539 4.7415
2540 0.5733
2541 -5.0969
2542 3.5191
2543 0.0000
2544 11.3838
2545 0.0000
2546 -1.1901
2547 0.0000
2548 10.3367
2549 3.6037
2550 -3.9252
2551 8.6862
2552 -1.0420
2553 7.4950
2554 4.3690
2555 2.5438
2556 0.0000
2557 -0.3638
2558 11.7140
2559 6.5233
2560 11.4926
2561 7.9132
2562 -7.4453
2563 0.0000
2564 3.1991
2565 2.4255
2566 -1.5164
2567 4.7156
2568 9.1700
2569 -0.5050
2570 0.0000
2571 11.3775
2572 6.6326
2573 1.8287
2574 2.1713
2575 5.7005
2576 -0.3203
2577 0.0000
2578 4.3765
2579 7.3050
2580 4.8644
2581 10.0533
2582 6.1982
2583 6.7177
2584 0.0000
2585 2.2351
2586 -1.0245
2587 3.1572
2588 1.4773
2589 3.8272
2590 9.6070
2591 0.0000
2592 -1.6588
2593 12.2261
2594 -2.8185
2595 4.9039
2596 9.1086
2597 3.0867
2598 0.0000
2599 2.5500
2600 11.7049
2601 13.5966
2602 13.1137
2603 3.1897
2604 0.6676
2605 0.0000
2606 1.0324
2607 -0.6928
2608 3.5540
2609 3.9678
2610 9.3075
2611 -6.1539
2612 0.0000
2613 -1.5720
2614 -4.0967
2615 5.2306
2616 4.0699
2617 -1.0073
2618 10.6770
2619 0.0000
2620 -3.9534
2621 7.2931
2622 7.9300
2623 15.1705
2624 12.0101
2625 3.5742
2626 0.0000
2627 6.5310
2628 5.8220
2629 4.3861
2630 4.0679
2631 -0.1735
2632 4.8738
2633 0.0000
2634 -7.8252
2635 10.1345
2636 8.4012
2637 1.7777
2638 7.8598
2639 10.6858
2640 0.0000
2641 -4.0743
2642 2.9568
2643 7.7085
2644 5.9615
2645 2.7154
2646 7.5037
2647 0.0000
2648 3.3946
2649 3.2885
2650 -2.4514
2651 7.6238
2652 10.6794
2653 6.9403
2654 0.0000
2655 -0.4526
2656 -2.0048
2657 0.6005
2658 -2.1672
2659 -4.2833
2660 8.2430
2661 0.0000
2662 1.8641
2663 0.0000
2664 3.0218
2665 0.0000
2666 5.2046
2667 0.0000
2668 -3.8311
2669 10.2024
2670 0.0000
2671 10.3548
2672 3.3404
2673 10.5328
2674 3.1683
2675 0.0000
2676 -1.9962
2677 0.9599
2678 13.5651
2679 0.0000
2680 8.8382
2681 9.8407
2682 4.2118
2683 0.0000
2684 6.0265
2685 4.1144
2686 2.9847
2687 -0.4613
2688 2.5705
2689 5.3061
2690 -2.3938
2691 4.2689
2692 5.2024
2693 0.0000
2694 1.6231
2695 -2.5543
2696 4.8648
2697 4.6875
2698 -1.8320
2699 -5.1615
2700 0.0000
2701 -8.6002
2702 8.9326
2703 -1.3027
2704 4.4906
2705 3.3611
2706 8.2397
2707 0.0000
2708 -0.4257
2709 3.7191
2710 15.9355
2711 10.3868
2712 0.1005
2713 7.4156
2714 0.0000
2715 5.2118
2716 -1.1667
2717 4.5326
2718 8.9720
2719 0.7509
2720 -2.0669
2721 0.0000
2722 -2.4126
2723 2.7615
2724 -1.9295
2725 4.1292
2726 3.0472
2727 7.2606
2728 0.0000
2729 2.5309
2730 8.7579
2731 0.8454
2732 -0.4352
2733 3.4694
2734 6.2013
2735 0.0000
2736 -3.0785
2737 0.9635
2738 4.0633
2739 8.5724
2740 3.9197
2741 7.5725
2742 0.0000
2743 5.1193
2744 3.6963
2745 2.9857
2746 6.2350
2747 2.7643
2748 3.7274
2749 0.0000
2750 2.9366
2751 -3.8641
2752 3.4053
2753 4.7749
2754 2.0585
2755 1.2059
2756 0.0000
2757 3.2467
2758 1.4175
2759 11.5180
2760 0.9474
2761 6.0937
2762 0.6946
2763 0.0000
2764 -1.3333
2765 3.5769
2766 -0.1709
2767 -2.9180
2768 4.4590
2769 -3.5691
2770 0.0000
2771 1.0412
2772 3.6505
2773 0.0000
2774 -0.7020
2775 2.1770
2776 -2.0468
2777 0.3015
2778 1.1417
2779 -3.8425
2780 -1.4934
2781 5.6007
2782 0.0000
2783 0.5953
2784 3.8684
2785 0.0000
2786 8.7880
2787 0.0000
2788 -1.8507
2789 0.0000
2790 4.6270
2791 2.3418
2792 0.0000
2793 3.1610
2794 5.4142
2795 0.0000
2796 6.8941
2797 -2.3093
2798 -2.1677
2799 0.0000
2800 -3.6402
2801 8.7792
2802 0.0000
2803 4.0616
2804 7.6775
2805 8.2086
2806 0.0000
2807 2.7737
2808 7.1312
2809 0.0000
2810 4.1243
2811 5.3262
2812 7.3383
2813 0.0000
2814 2.2648
2815 7.2063
2816 0.0000
2817 0.0289
2818 3.6491
2819 1.5884
2820 0.0000
2821 -0.7837
2822 3.9750
2823 0.0000
2824 6.9835
2825 6.2233
2826 3.0493
2827 0.0000
2828 1.4804
2829 -1.8506
2830 0.0000
2831 2.3067
2832 2.5606
2833 3.0493
2834 0.0000
2835 1.9217
2836 7.2368
2837 0.0000
2838 2.3430
2839 2.8308
2840 5.3094
2841 0.0000
2842 -2.5889
2843 8.9679
2844 0.0000
2845 6.1699
2846 7.7201
2847 2.3045
2848 0.0000
2849 -6.0265
2850 9.1204
2851 0.0000
2852 4.9978
2853 4.7601
2854 2.6574
2855 0.0000
2856 2.7361
2857 2.2625
2858 0.0000
2859 6.8932
2860 5.5407
2861 17.9941
2862 0.0000
2863 1.8751
2864 11.9237
2865 0.0000
2866 7.6287
2867 6.2901
2868 7.1146
2869 0.0000
2870 -0.1829
2871 11.8826
2872 0.0000
2873 8.1111
2874 2.0278
2875 1.3716
2876 0.0000
2877 -1.7114
2878 5.3616
2879 0.0000
2880 -0.1249
2881 7.5654
2882 6.0870
2883 0.0000
2884 4.2519
2885 4.4240
2886 0.0000
2887 7.7082
2888 6.7903
2889 8.2385
2890 0.0000
2891 1.7179
2892 8.4841
2893 0.0000
2894 6.9707
2895 8.0837
2896 9.5389
2897 0.0000
2898 -2.4647
2899 0.3626
2900 0.0000
2901 7.6018
2902 3.7070
2903 5.5068
2904 0.0000
2905 2.5845
2906 0.0000
2907 3.1889
2908 0.0000
2909 4.9141
2910 8.0500
2911 0.0000
2912 6.9907
2913 0.0000
2914 0.4439
2915 0.0000
2916 3.1539
2917 6.3695
2918 0.9966
2919 0.0000
2920 1.3082
2921 5.5927
2922 5.1183
2923 0.0000
2924 3.6196
2925 2.2176
2926 4.6109
2927 0.0000
2928 0.4949
2929 0.0000
2930 8.1507
2931 0.0000
2932 6.2598
2933 5.2175
2934 0.0000
2935 1.3730
2936 0.0000
2937 9.2785
2938 -1.8378
2939 6.0855
2940 7.0964
2941 7.7550
2942 -7.1168
2943 3.4213
2944 1.5999
2945 6.5319
2946 2.6819
2947 -1.4443
2948 8.1523
2949 6.7680
2950 2.5705
2951 14.1565
2952 4.8668
2953 0.0000
2954 5.3432
2955 -4.7653
2956 7.8413
2957 5.2872
2958 -0.9722
2959 6.0088
2960 8.5394
2961 -1.5469
2962 0.0000
2963 8.4755
2964 6.6693
2965 7.5424
2966 5.4924
2967 6.9430
2968 5.4298
2969 0.0000
2970 3.1600
2971 6.4554
2972 12.4538
2973 0.0000
2974 7.0994
2975 -1.4685
2976 4.6768
2977 -1.9503
2978 -3.9853
2979 6.1412
2980 6.4004
2981 3.1403
2982 0.0000
2983 5.5208
2984 9.1037
2985 1.3244
2986 5.9754
2987 3.0546
2988 -1.6158
2989 0.0000
2990 -1.0896
2991 7.7019
2992 6.0649
2993 0.0000
2994 4.4090
2995 -6.3191
2996 -2.3993
2997 3.2176
2998 2.5671
2999 3.6174
3000 0.3304
3001 6.2882
3002 0.0000
3003 7.1732
3004 1.9551
3005 5.4805
3006 -0.9253
3007 4.0597
3008 2.0574
3009 0.0000
3010 -3.3924
3011 -1.9829
3012 1.1775
3013 0.0000
3014 6.7411
3015 0.4466
3016 3.1681
3017 2.7032
3018 -4.1543
3019 16.9604
3020 1.0819
3021 11.2272
3022 0.0000
3023 1.5684
3024 -1.8257
3025 0.2363
3026 4.7318
3027 5.2738
3028 6.4615
3029 0.0000
3030 -3.9615
3031 3.5299
3032 1.9655
3033 1.0509
3034 3.4526
3035 4.2490
3036 0.7423
3037 5.5319
3038 5.1843
3039 -1.0649
3040 8.8525
3041 1.2803
3042 5.0721
3043 -1.7313
3044 0.0000
3045 4.8348
3046 -3.6926
3047 1.9486
3048 -3.2043
3049 2.1236
3050 7.8310
3051 5.6254
3052 3.7762
3053 0.0000
3054 3.9737
3055 1.1735
3056 -1.3390
3057 -0.1315
3058 -2.0724
3059 0.4519
3060 0.0000
3061 0.9619
3062 3.7481
3063 0.8694
3064 0.0000
3065 10.6469
3066 -4.0111
3067 4.3762
3068 -2.3459
3069 2.5988
3070 9.9297
3071 2.0676
3072 3.8999
3073 0.0000
3074 4.5511
3075 7.3155
3076 11.3571
3077 9.3567
3078 3.5304
3079 10.6883
3080 0.0000
3081 -3.4405
3082 12.2575
3083 11.6546
3084 0.0000
3085 12.9044
3086 0.6136
3087 14.8453
3088 5.9246
3089 -1.1646
3090 11.4473
3091 4.2922
3092 6.2126
3093 0.0000
3094 7.2228
3095 1.9916
3096 3.9517
3097 2.0658
3098 7.8502
3099 4.8780
3100 0.0000
3101 8.0780
3102 6.6037
3103 6.2695
3104 0.0000
3105 6.4249
3106 -1.2359
3107 13.1141
3108 1.0277
3109 -8.8582
3110 14.4597
3111 7.4585
3112 7.4178
3113 0.0000
3114 1.8308
3115 2.0909
3116 10.1832
3117 6.5661
3118 11.1464
3119 11.7370
3120 0.0000
3121 -2.2414
3122 -1.3694
3123 13.4606
3124 7.5038
3125 10.4013
3126 6.2705
3127 0.4504
3128 0.3193
3129 4.8507
3130 -4.3560
3131 2.3823
3132 4.1907
3133 7.0838
3134 3.2122
3135 0.0000
3136 5.9691
3137 1.2928
3138 1.1215
3139 -1.1823
3140 6.7184
3141 3.3564
3142 0.6430
3143 4.6784
3144 0.0000
3145 1.2994
3146 0.5808
3147 1.2402
3148 12.3708
3149 0.6878
3150 11.5822
3151 0.0000
3152 -7.0039
3153 3.3508
3154 1.2276
3155 0.0000
3156 2.4273
3157 -4.9268
3158 6.0961
3159 -4.5061
3160 -1.7229
3161 3.4007
3162 4.7371
3163 9.6029
3164 0.0000
3165 8.7738
3166 5.8378
3167 1.4724
3168 2.0901
3169 2.7871
3170 1.1315
3171 0.0000
3172 -0.5019
3173 -2.7935
3174 1.4985
3175 0.0000
3176 -2.0490
3177 4.0096
3178 9.6791
3179 6.1644
3180 -3.2845
3181 4.3916
3182 0.7566
3183 4.1012
3184 0.0000
3185 3.8569
3186 10.6010
3187 7.6350
3188 5.7761
3189 2.6487
3190 -9.1242
3191 0.0000
3192 -3.3356
3193 10.7380
3194 2.3863
3195 0.0000
3196 1.4497
3197 -2.8133
3198 4.1752
3199 0.6586
3200 -0.9305
3201 2.1644
3202 -4.2800
3203 7.4856
3204 0.0000
3205 -1.2152
3206 0.9735
3207 0.1164
3208 1.3696
3209 5.0270
3210 4.0442
3211 0.0000
3212 -4.8640
3213 5.4870
3214 3.6420
3215 4.8918
3216 8.3658
3217 1.2887
3218 4.0815
3219 8.1519
3220 -5.1886
3221 10.6727
3222 8.0438
3223 -1.2069
3224 -7.3958
3225 -0.3954
3226 0.0000
3227 0.0821
3228 -6.4859
3229 1.4045
3230 11.1800
3231 2.9204
3232 5.7204
3233 5.2705
3234 8.4690
3235 0.0000
3236 5.6007
3237 13.5093
3238 8.6637
3239 3.7397
3240 4.1903
3241 5.2523
3242 0.0000
3243 4.0877
3244 4.4067
3245 2.2071
3246 0.0000
3247 -3.6546
3248 0.4503
3249 7.9249
3250 1.8138
3251 -5.8353
3252 11.5342
3253 6.9204
3254 3.3671
3255 0.0000
3256 -0.6125
3257 2.9270
3258 -5.5805
3259 1.4684
3260 1.6189
3261 1.1110
3262 0.0000
3263 5.6727
3264 0.2294
3265 2.4675
3266 0.0000
3267 1.1915
3268 -4.5255
3269 11.2337
3270 -0.9223
3271 4.8836
3272 16.2357
3273 5.0042
3274 1.4681
3275 0.0000
3276 6.3991
3277 9.2787
3278 9.0654
3279 4.6465
3280 4.5204
3281 -0.1466
3282 0.0000
3283 3.9037
3284 5.6170
3285 3.0431
3286 0.0000
3287 2.0149
3288 0.1146
3289 0.3819
3290 1.9524
3291 1.0117
3292 13.9549
3293 1.1873
3294 5.5789
3295 0.0000
3296 1.9021
3297 1.3271
3298 0.2872
3299 4.7382
3300 4.0800
3301 -1.0472
3302 0.0000
3303 -0.6680
3304 0.0000
3305 5.8594
3306 0.0000
3307 3.4467
3308 -0.1200
3309 5.8178
3310 1.7212
3311 -1.5592
3312 0.8062
3313 -1.8940
3314 6.1701
3315 0.0000
3316 2.7162
3317 -2.2965
3318 0.1087
3319 12.0117
3320 2.6665
3321 -3.4432
3322 0.0000
3323 0.8806
3324 8.6083
3325 3.0864
3326 11.9884
3327 -2.6050
3328 2.3525
3329 0.0000
3330 3.7453
3331 3.4757
3332 5.7093
3333 6.6060
3334 2.9378
3335 4.3327
3336 0.0000
3337 2.1536
3338 -0.1498
3339 1.7980
3340 3.8249
3341 -4.1762
3342 1.8949
3343 0.0000
3344 5.1121
3345 7.4494
3346 9.9534
3347 0.0093
3348 3.3319
3349 -5.7504
3350 0.0000
3351 -2.2860
3352 4.9094
3353 3.7633
3354 6.9566
3355 10.3092
3356 1.5802
3357 0.0000
3358 -2.5730
3359 0.9980
3360 6.5517
3361 4.1633
3362 4.5278
3363 -6.1137
3364 0.0000
3365 -1.3642
3366 6.9910
3367 2.3984
3368 4.0726
3369 12.6893
3370 2.3957
3371 0.0000
3372 4.0775
3373 5.0414
3374 1.5238
3375 8.8019
3376 8.6964
3377 2.7612
3378 0.0000
3379 -1.3214
3380 3.9901
3381 3.3609
3382 1.0235
3383 7.6610
3384 9.4297
3385 0.0000
3386 0.9971
3387 5.4315
3388 9.5928
3389 5.5782
3390 -4.2229
3391 3.4933
3392 0.0000
3393 0.9790
3394 8.8914
3395 3.1104
3396 2.1336
3397 16.7432
3398 6.0662
3399 0.0000
3400 -4.5655
3401 -0.8672
3402 5.3406
3403 -2.9287
3404 2.4416
3405 4.1150
3406 0.0000
3407 -2.2431
3408 6.8051
3409 5.6674
3410 6.1721
3411 8.2122
3412 9.8662
3413 0.0000
3414 2.2805
3415 8.5806
3416 13.3663
3417 -1.1681
3418 6.3791
3419 6.9772
3420 0.0000
3421 -6.7226
3422 0.0000
3423 -0.6547
3424 0.0000
3425 4.9471
3426 0.0000
3427 7.9355
3428 3.9410
3429 0.0000
3430 6.1393
3431 13.3529
3432 0.2778
3433 8.3558
3434 0.0000
3435 -6.2955
3436 5.0913
3437 0.2177
3438 0.0000
3439 2.7836
3440 0.0963
3441 12.2673
3442 0.0000
3443 5.7868
3444 7.3742
3445 1.1534
3446 7.4617
3447 1.5317
3448 -2.4303
3449 5.3166
3450 1.1810
3451 5.8966
3452 0.0000
3453 5.3054
3454 9.4960
3455 12.8521
3456 -4.2442
3457 6.4540
3458 3.6946
3459 0.0000
3460 4.5185
3461 1.9255
3462 7.5823
3463 10.2112
3464 8.8531
3465 0.8752
3466 0.0000
3467 5.8342
3468 5.4729
3469 7.0900
3470 5.0850
3471 5.8578
3472 4.1085
3473 0.0000
3474 -0.4160
3475 9.8868
3476 2.1424
3477 -7.9738
3478 3.2185
3479 4.0036
3480 0.0000
3481 7.4010
3482 -0.4462
3483 0.4973
3484 6.1911
3485 5.9775
3486 5.7520
3487 0.0000
3488 4.5468
3489 5.2439
3490 1.1405
3491 4.3654
3492 0.2294
3493 1.5896
3494 0.0000
3495 1.4953
3496 2.8180
3497 7.5456
3498 8.1752
3499 5.4089
3500 1.4754
3501 0.0000
3502 5.9117
3503 5.4507
3504 7.6844
3505 0.8960
3506 3.4196
3507 6.4612
3508 0.0000
3509 -1.5712
3510 16.2121
3511 7.2110
3512 16.0577
3513 7.4293
3514 -1.6644
3515 0.0000
3516 2.0770
3517 6.8480
3518 1.0010
3519 1.9235
3520 4.0127
3521 6.8805
3522 0.0000
3523 2.2216
3524 0.9513
3525 1.3519
3526 5.8958
3527 -1.6063
3528 0.4335
3529 0.0000
3530 -2.1027
3531 -4.3643
3532 0.0000
3533 3.8208
3534 -2.0944
3535 -2.7837
3536 1.8966
3537 3.6719
3538 2.5079
3539 3.7224
3540 -7.9088
3541 0.0000
3542 10.7964
3543 -1.6853
3544 0.0000
3545 4.5630
3546 0.0000
3547 3.6902
3548 0.0000
3549 -4.4154
3550 9.2496
3551 0.0000
3552 10.8016
3553 10.3199
3554 0.0000
3555 1.1696
3556 3.1195
3557 4.7229
3558 0.0000
3559 3.5590
3560 3.4572
3561 0.0000
3562 7.1060
3563 0.5131
3564 1.7730
3565 0.0000
3566 -5.2478
3567 2.6444
3568 0.0000
3569 5.1252
3570 6.2887
3571 1.4099
3572 0.0000
3573 -1.1188
3574 0.6744
3575 0.0000
3576 -1.9804
3577 7.6670
3578 3.1160
3579 0.0000
3580 0.8698
3581 2.9663
3582 0.0000
3583 1.9616
3584 1.4272
3585 3.4319
3586 0.0000
3587 0.4434
3588 -0.3922
3589 0.0000
3590 1.4626
3591 6.6069
3592 0.5544
3593 0.0000
3594 -1.6792
3595 1.6443
3596 0.0000
3597 1.8052
3598 2.5007
3599 -0.6529
3600 0.0000
3601 1.6809
3602 3.1699
3603 0.0000
3604 3.1409
3605 6.0844
3606 -0.8670
3607 0.0000
3608 7.0528
3609 5.1214
3610 0.0000
3611 -1.0702
3612 6.4825
3613 6.2002
3614 0.0000
3615 0.6803
3616 4.1555
3617 0.0000
3618 13.8911
3619 4.1275
3620 -2.6321
3621 0.0000
3622 4.2519
3623 4.0415
3624 0.0000
3625 10.4250
3626 9.3009
3627 8.3493
3628 0.0000
3629 2.5097
3630 4.5344
3631 0.0000
3632 1.9843
3633 -0.9922
3634 2.7875
3635 0.0000
3636 2.1567
3637 2.6463
3638 0.0000
3639 4.0620
3640 4.4618
3641 5.5485
3642 0.0000
3643 3.9113
3644 1.7410
3645 0.0000
3646 -5.9092
3647 3.7833
3648 5.6654
3649 0.0000
3650 -4.1058
3651 4.9851
3652 0.0000
3653 8.0100
3654 -1.8868
3655 3.7558
3656 0.0000
3657 2.1310
3658 9.7852
3659 0.0000
3660 0.9493
3661 2.2692
3662 -7.8039
3663 0.0000
3664 9.8237
3665 0.0000
3666 1.3826
3667 0.0000
3668 -0.3747
3669 8.6559
3670 0.0000
3671 0.9095
3672 0.0000
3673 5.7837
3674 0.0000
3675 -1.5423
3676 6.7236
3677 6.1101
3678 0.0000
3679 3.8268
3680 3.9157
3681 1.6296
3682 0.0000
3683 8.0395
3684 4.9287
3685 9.2055
3686 0.0000
3687 5.9890
3688 0.0000
3689 -0.0818
3690 0.0000
3691 7.5785
3692 -6.6876
3693 0.0000
3694 4.9048
3695 0.0000
3696 7.5835
3697 5.7223
3698 -1.4205
3699 1.5095
3700 4.4450
3701 -2.6948
3702 0.1915
3703 4.6452
3704 7.5401
3705 5.4619
3706 14.4884
3707 4.3358
3708 5.0751
3709 2.8778
3710 3.7421
3711 6.9627
3712 0.0000
3713 -0.7500
3714 6.2382
3715 9.1671
3716 2.5126
3717 -0.2571
3718 10.6583
3719 6.8765
3720 1.6238
3721 0.0000
3722 1.9827
3723 -0.4232
3724 -2.2037
3725 -1.4109
3726 -0.3807
3727 0.7263
3728 0.0000
3729 -0.4457
3730 1.2943
3731 4.8889
3732 0.0000
3733 3.1661
3734 3.1845
3735 4.7386
3736 3.4773
3737 -8.3926
3738 -1.7753
3739 6.0465
3740 -1.2693
3741 0.0000
3742 9.0398
3743 -0.6210
3744 18.3328
3745 11.2519
3746 3.9015
3747 4.1254
3748 0.0000
3749 -0.4325
3750 -3.1479
3751 8.9830
3752 0.0000
3753 3.0882
3754 1.3691
3755 1.8959
3756 -0.4230
3757 6.2721
3758 5.3059
3759 0.8538
3760 2.6769
3761 0.0000
3762 -3.3744
3763 0.0011
3764 -0.5206
3765 -1.1720
3766 8.4449
3767 4.0614
3768 0.0000
3769 1.6455
3770 2.0803
3771 2.9355
3772 0.0000
3773 -0.0979
3774 -2.1853
3775 1.6800
3776 8.7883
3777 4.6347
3778 8.2536
3779 -0.4111
3780 1.7336
3781 0.0000
3782 7.2192
3783 -0.1272
3784 5.8149
3785 5.8739
3786 -3.2281
3787 0.4972
3788 0.0000
3789 4.4328
3790 4.9259
3791 5.9984
3792 7.6599
3793 2.7791
3794 -0.9502
3795 7.7985
3796 6.0507
3797 5.0720
3798 7.2060
3799 1.7683
3800 4.6773
3801 -1.2052
3802 8.9449
3803 0.0000
3804 4.3825
3805 -3.2154
3806 4.7490
3807 8.9743
3808 3.6138
3809 2.0388
3810 3.3908
3811 -6.2132
3812 0.0000
3813 3.2999
3814 7.0535
3815 4.4298
3816 5.1062
3817 4.4260
3818 6.3072
3819 0.0000
3820 6.8322
3821 3.3163
3822 5.8976
3823 0.0000
3824 9.5306
3825 -2.5766
3826 5.0033
3827 11.7183
3828 4.8931
3829 5.9938
3830 5.7288
3831 5.4872
3832 0.0000
3833 0.4576
3834 3.3010
3835 4.9977
3836 7.5664
3837 8.8283
3838 1.6835
3839 0.0000
3840 -2.1048
3841 8.4915
3842 1.8817
3843 0.0000
3844 1.5609
3845 3.0788
3846 7.5708
3847 7.0909
3848 -5.7140
3849 14.6247
3850 9.5749
3851 6.1363
3852 0.0000
3853 11.6349
3854 0.5896
3855 3.5665
3856 7.7493
3857 3.8196
3858 8.3607
3859 0.0000
3860 0.0922
3861 -1.5767
3862 1.6195
3863 0.0000
3864 3.8825
3865 -4.8517
3866 6.0148
3867 2.4396
3868 3.2915
3869 -4.3140
3870 6.3331
3871 7.1930
3872 0.0000
3873 4.1165
3874 -1.0750
3875 12.3308
3876 6.2622
3877 3.9467
3878 -0.6313
3879 0.0000
3880 4.6929
3881 0.9919
3882 5.1321
3883 5.6850
3884 2.4327
3885 5.6189
3886 -2.4763
3887 1.0787
3888 -1.4657
3889 4.7595
3890 12.9852
3891 2.7198
3892 -0.6580
3893 5.9371
3894 0.0000
3895 10.0874
3896 -6.0146
3897 2.4368
3898 1.8383
3899 11.5460
3900 14.7120
3901 1.2338
3902 0.5117
3903 0.0000
3904 5.6814
3905 2.6241
3906 5.4274
3907 1.5002
3908 7.8480
3909 -1.2513
3910 0.0000
3911 1.6107
3912 5.5352
3913 6.4217
3914 0.0000
3915 12.4307
3916 -2.5708
3917 0.5967
3918 3.2120
3919 -2.1243
3920 14.5775
3921 4.0450
3922 2.6024
3923 0.0000
3924 4.7382
3925 9.1827
3926 4.4870
3927 15.0712
3928 -0.9499
3929 6.7567
3930 0.0000
3931 -7.4523
3932 7.7141
3933 12.6225
3934 0.0000
3935 -0.6609
3936 -5.3754
3937 7.6522
3938 10.4543
3939 6.6547
3940 9.0057
3941 1.6904
3942 3.3574
3943 0.0000
3944 13.0432
3945 11.4534
3946 -3.7045
3947 0.1472
3948 1.7429
3949 8.0059
3950 0.0000
3951 -0.3304
3952 7.3582
3953 -1.7870
3954 0.0000
3955 1.7890
3956 -2.6723
3957 0.1835
3958 7.0668
3959 -1.9036
3960 13.2805
3961 10.5321
3962 2.3237
3963 0.0000
3964 4.3653
3965 -0.7289
3966 6.5849
3967 -3.2854
3968 5.4504
3969 1.9800
3970 0.0000
3971 -3.6783
3972 1.8626
3973 5.5002
3974 7.6468
3975 11.8606
3976 10.6890
3977 10.2590
3978 -0.0653
3979 4.4540
3980 12.0203
3981 5.7018
3982 7.1967
3983 2.8298
3984 7.6493
3985 0.0000
3986 7.0746
3987 0.3235
3988 4.0135
3989 4.8268
3990 2.5220
3991 10.4042
3992 5.3002
3993 8.0697
3994 0.0000
3995 6.8445
3996 3.1297
3997 -0.1199
3998 6.0354
3999 4.8537
4000 1.6333
4001 0.0000
4002 5.1146
4003 4.3475
4004 8.3182
4005 0.0000
4006 3.3596
4007 -2.7620
4008 6.6575
4009 1.8700
4010 1.0530
4011 0.1504
4012 -6.1869
4013 3.3377
4014 0.0000
4015 4.3391
4016 1.2113
4017 13.0518
4018 1.7414
4019 12.2935
4020 10.8251
4021 0.0000
4022 3.9491
4023 2.3106
4024 -3.0639
4025 0.0000
4026 8.2916
4027 -3.5012
4028 10.5122
4029 4.3641
4030 4.0067
4031 12.0777
4032 3.4953
4033 -0.1573
4034 0.0000
4035 2.5964
4036 15.3041
4037 8.5151
4038 5.2102
4039 11.8741
4040 1.2656
4041 0.0000
4042 -1.9166
4043 1.5662
4044 -2.3272
4045 0.0000
4046 5.1528
4047 -0.8981
4048 5.9618
4049 4.0150
4050 -3.1682
4051 1.0448
4052 3.2584
4053 2.8044
4054 0.0000
4055 4.0813
4056 6.4467
4057 -0.5441
4058 2.9231
4059 0.7615
4060 -0.3398
4061 0.0000
4062 2.8232
4063 0.0000
4064 6.0667
4065 0.0000
4066 5.0606
4067 -1.9044
4068 -2.9205
4069 2.9455
4070 8.4102
4071 1.1443
4072 6.6785
4073 6.6004
4074 0.0000
4075 1.2992
4076 9.0563
4077 -0.0464
4078 1.8001
4079 -3.0338
4080 -1.5224
4081 0.0000
4082 -0.3275
4083 -1.3354
4084 5.1032
4085 -0.1243
4086 -1.5293
4087 2.5066
4088 0.0000
4089 6.8520
4090 -1.5502
4091 8.4269
4092 5.6207
4093 -2.9924
4094 -0.9037
4095 0.0000
4096 2.0029
4097 0.1850
4098 1.4204
4099 2.4843
4100 1.2382
4101 3.9901
4102 0.0000
4103 -1.6849
4104 9.7589
4105 -0.0894
4106 0.8662
4107 1.1824
4108 12.8533
4109 0.0000
4110 -0.0398
4111 1.3958
4112 7.2864
4113 8.6455
4114 4.1616
4115 1.3736
4116 0.0000
4117 -2.7942
4118 5.1148
4119 2.7979
4120 0.6540
4121 1.0289
4122 6.6229
4123 0.0000
4124 1.3573
4125 4.8214
4126 3.7363
4127 3.7598
4128 2.7914
4129 4.6565
4130 0.0000
4131 1.4850
4132 0.6435
4133 3.1387
4134 -2.8636
4135 4.9836
4136 0.4829
4137 0.0000
4138 -7.7163
4139 -1.3649
4140 2.1390
4141 11.7905
4142 6.9582
4143 7.2095
4144 0.0000
4145 12.5336
4146 9.5926
4147 8.4378
4148 10.0530
4149 5.0264
4150 -0.7133
4151 0.0000
4152 3.7349
4153 4.1472
4154 1.1436
4155 7.7199
4156 2.4995
4157 12.5465
4158 0.0000
4159 1.2268
4160 -0.3616
4161 8.9821
4162 1.9730
4163 -5.3528
4164 9.5708
4165 0.0000
4166 2.4105
4167 -2.9027
4168 8.1984
4169 3.1474
4170 8.4746
4171 4.5785
4172 0.0000
4173 4.2623
4174 0.7954
4175 14.6581
4176 15.0954
4177 -2.7210
4178 7.9978
4179 0.0000
4180 -4.6377
4181 0.0000
4182 4.1420
4183 0.0000
4184 11.4395
4185 0.0000
4186 5.1576
4187 14.1664
4188 0.0000
4189 7.8957
4190 2.5091
4191 3.4076
4192 2.8708
4193 0.0000
4194 7.9917
4195 -0.2923
4196 2.5739
4197 0.0000
4198 2.6862
4199 9.1699
4200 -1.0952
4201 0.0000
4202 -4.1520
4203 5.7356
4204 4.1416
4205 1.8193
4206 1.3646
4207 -1.1634
4208 -3.3794
4209 1.0875
4210 0.9578
4211 0.0000
4212 5.1241
4213 -3.3901
4214 1.7862
4215 6.7867
4216 5.3008
4217 -0.7201
4218 0.0000
4219 1.5218
4220 3.3837
4221 0.8045
4222 3.9225
4223 2.0959
4224 2.8258
4225 0.0000
4226 -7.8191
4227 11.3466
4228 4.3710
4229 8.1092
4230 3.1625
4231 2.2391
4232 0.0000
4233 -2.0442
4234 -2.0834
4235 6.5047
4236 10.3212
4237 -0.2585
4238 0.3609
4239 0.0000
4240 -0.1168
4241 1.1772
4242 9.4109
4243 3.6596
4244 2.5645
4245 2.3251
4246 0.0000
4247 -1.9862
4248 9.8147
4249 -6.3778
4250 3.2593
4251 1.5611
4252 3.1350
4253 0.0000
4254 4.5390
4255 5.5665
4256 -4.0703
4257 0.3116
4258 5.1146
4259 3.1144
4260 0.0000
4261 -1.7647
4262 0.8367
4263 4.2022
4264 0.7481
4265 1.1618
4266 1.6428
4267 0.0000
4268 -4.6991
4269 9.5895
4270 5.7094
4271 -2.5091
4272 4.1178
4273 -0.2760
4274 0.0000
4275 0.9870
4276 7.7146
4277 6.9873
4278 6.2148
4279 4.9394
4280 13.5185
4281 0.0000
4282 -0.7837
4283 4.2274
4284 10.1927
4285 6.9715
4286 -1.3755
4287 2.5885
4288 0.0000
4289 1.1725
4290 -7.6349
4291 0.0000
4292 1.4876
4293 2.6464
4294 2.0973
4295 -6.1792
4296 -3.0371
4297 7.1381
4298 -0.2340
4299 5.3286
4300 0.0000
4301 1.5335
4302 -2.9729
4303 0.0000
4304 3.2209
4305 0.0000
4306 2.6406
4307 0.0000
4308 4.8171
4309 6.3396
4310 0.0000
4311 5.7640
4312 14.9682
4313 0.0000
4314 -1.2984
4315 1.9848
4316 1.8351
4317 0.0000
4318 -5.4429
4319 6.2521
4320 0.0000
4321 3.7653
4322 2.8820
4323 3.8330
4324 0.0000
4325 7.3010
4326 0.4578
4327 0.0000
4328 -8.0101
4329 1.7924
4330 9.3905
4331 0.0000
4332 -1.5007
4333 6.7083
4334 0.0000
4335 4.2549
4336 -1.2431
4337 -2.9454
4338 0.0000
4339 6.4633
4340 4.0673
4341 0.0000
4342 -0.4406
4343 1.8166
4344 -1.1177
4345 0.0000
4346 3.0252
4347 7.3578
4348 0.0000
4349 3.5563
4350 5.0090
4351 1.2033
4352 0.0000
4353 7.7160
4354 -2.6667
4355 0.0000
4356 -5.5448
4357 3.0778
4358 8.3938
4359 0.0000
4360 -2.4664
4361 -0.4086
4362 0.0000
4363 0.3546
4364 3.2917
4365 5.1170
4366 0.0000
4367 -3.6157
4368 2.1556
4369 0.0000
4370 0.5490
4371 -3.4147
4372 9.3699
4373 0.0000
4374 4.8244
4375 3.9120
4376 0.0000
4377 8.5665
4378 0.5425
4379 7.8203
4380 0.0000
4381 0.0088
4382 -0.5133
4383 0.0000
4384 6.9778
4385 0.6059
4386 6.9165
4387 0.0000
4388 -0.6535
4389 12.9819
4390 0.0000
4391 -2.2724
4392 2.9795
4393 5.8265
4394 0.0000
4395 6.7969
4396 4.7212
4397 0.0000
4398 2.3522
4399 2.2567
4400 8.1034
4401 0.0000
4402 5.1659
4403 0.6932
4404 0.0000
4405 6.2554
4406 -0.2409
4407 4.9499
4408 0.0000
4409 -1.5578
4410 5.9100
4411 0.0000
4412 9.5303
4413 8.4444
4414 0.9300
4415 0.0000
4416 4.5278
4417 -0.4576
4418 0.0000
4419 11.0709
4420 -5.3349
4421 3.0629
4422 0.0000
4423 2.7999
4424 0.0000
4425 -5.9564
4426 0.0000
4427 -3.0698
4428 6.4935
4429 0.0000
4430 10.0765
4431 0.0000
4432 5.0686
4433 0.0000
4434 7.7964
4435 2.7350
4436 1.7778
4437 0.0000
4438 8.2987
4439 2.4389
4440 7.2388
4441 0.0000
4442 6.1925
4443 8.2845
4444 8.5480
4445 0.0000
4446 10.6653
4447 0.0000
4448 4.2942
4449 0.0000
4450 1.0544
4451 3.5881
4452 0.0000
4453 7.7021
4454 0.0000
4455 7.6640
4456 5.8308
4457 -0.4272
4458 0.9627
4459 3.9446
4460 -3.9762
4461 11.2269
4462 4.0102
4463 1.3490
4464 -4.2623
4465 -0.8215
4466 0.2865
4467 5.9014
4468 -2.9947
4469 2.1921
4470 5.7375
4471 0.0000
4472 6.1197
4473 5.9107
4474 3.3417
4475 3.9660
4476 6.1999
4477 12.6936
4478 -1.3772
4479 0.6380
4480 0.0000
4481 8.1278
4482 -4.1135
4483 4.7727
4484 1.5425
4485 -0.0807
4486 5.5817
4487 0.0000
4488 0.2598
4489 -1.3468
4490 -3.1456
4491 0.0000
4492 2.8074
4493 -5.5573
4494 -0.8878
4495 7.5383
4496 1.1077
4497 9.0330
4498 5.7785
4499 10.8721
4500 0.0000
4501 10.7186
4502 3.8717
4503 -1.8948
4504 -1.3838
4505 11.6315
4506 0.4262
4507 0.0000
4508 5.1042
4509 0.4606
4510 3.6118
4511 0.0000
4512 6.6770
4513 4.1843
4514 7.4049
4515 -0.7724
4516 4.3699
4517 -1.5171
4518 0.7966
4519 13.0881
4520 0.0000
4521 4.7930
4522 2.1154
4523 2.2778
4524 3.3066
4525 -2.1501
4526 7.5119
4527 0.0000
4528 -7.8406
4529 1.1229
4530 7.3316
4531 0.0000
4532 2.5821
4533 3.2417
4534 -0.1216
4535 6.1842
4536 -2.4683
4537 -5.0722
4538 8.4512
4539 -0.4088
4540 0.0000
4541 6.5615
4542 4.5827
4543 -1.4783
4544 12.4518
4545 -1.0564
4546 5.8044
4547 0.0000
4548 2.9181
4549 -5.9945
4550 2.1468
4551 4.2309
4552 0.1447
4553 3.3441
4554 7.0277
4555 7.0089
4556 5.2013
4557 -4.5194
4558 1.0082
4559 -2.3799
4560 -0.4173
4561 -2.4174
4562 0.0000
4563 1.2696
4564 2.0363
4565 2.1710
4566 9.1238
4567 -5.1524
4568 -1.4855
4569 -3.4946
4570 11.0490
4571 0.0000
4572 -2.2076
4573 4.2920
4574 17.1007
4575 3.2761
4576 1.1012
4577 5.3914
4578 0.0000
4579 -0.1307
4580 1.1699
4581 0.9723
4582 0.0000
4583 5.2899
4584 -0.8485
4585 -4.5631
4586 3.7268
4587 5.4516
4588 -0.0640
4589 1.8734
4590 9.1767
4591 0.0000
4592 4.5337
4593 7.3992
4594 6.2157
4595 3.5123
4596 7.7787
4597 4.5247
4598 0.0000
4599 5.9037
4600 -0.4345
4601 -2.9136
4602 0.0000
4603 0.6415
4604 -1.6884
4605 7.6933
4606 4.6864
4607 10.6835
4608 12.0630
4609 3.4626
4610 1.7068
4611 0.0000
4612 4.0895
4613 -4.7029
4614 5.7791
4615 -0.8947
4616 3.6185
4617 4.1261
4618 0.0000
4619 7.4516
4620 2.2804
4621 6.2948
4622 0.0000
4623 -0.3293
4624 4.6380
4625 5.9699
4626 3.2019
4627 1.1630
4628 10.7911
4629 9.6753
4630 8.9824
4631 0.0000
4632 8.0431
4633 3.0711
4634 15.0432
4635 4.0696
4636 4.7407
4637 6.6612
4638 0.0000
4639 5.8672
4640 -2.3628
4641 -1.7664
4642 4.7496
4643 -0.1254
4644 1.8354
4645 4.8352
4646 8.3026
4647 7.5346
4648 6.3104
4649 3.0523
4650 3.9580
4651 4.5039
4652 8.3202
4653 0.0000
4654 -5.8366
4655 4.1638
4656 1.5510
4657 0.0769
4658 0.7446
4659 7.5766
4660 2.2545
4661 0.4070
4662 0.0000
4663 9.8364
4664 8.8633
4665 6.7028
4666 10.2412
4667 -1.0333
4668 3.7248
4669 0.0000
4670 2.0934
4671 7.4522
4672 -0.0668
4673 0.0000
4674 1.4219
4675 -2.5632
4676 2.6015
4677 -4.6092
4678 3.9429
4679 4.2898
4680 5.0898
4681 6.2214
4682 0.0000
4683 6.4672
4684 9.3429
4685 -3.1917
4686 1.1338
4687 8.5872
4688 5.7109
4689 0.0000
4690 -3.0101
4691 2.0347
4692 -1.9598
4693 0.0000
4694 3.5740
4695 -6.1384
4696 0.7955
4697 -1.6316
4698 -2.2994
4699 -1.4313
4700 1.8204
4701 3.4936
4702 0.0000
4703 -0.2132
4704 6.2234
4705 0.3461
4706 7.6178
4707 8.9407
4708 10.8938
4709 0.0000
4710 -0.1199
4711 2.4449
4712 6.5191
4713 0.0000
4714 -5.2463
4715 8.2207
4716 -3.3990
4717 7.8480
4718 1.2046
4719 -0.0289
4720 -0.4238
4721 1.4381
4722 0.0000
4723 0.0155
4724 8.4560
4725 6.0143
4726 4.2055
4727 8.1927
4728 -0.8260
4729 0.0000
4730 3.0364
4731 0.9628
4732 8.5105
4733 -0.2176
4734 3.9251
4735 -0.0975
4736 -2.3442
4737 -0.2521
4738 0.8427
4739 9.0809
4740 6.7902
4741 9.4775
4742 7.6947
4743 -1.4295
4744 0.0000
4745 3.9545
4746 -1.4502
4747 0.6938
4748 7.6158
4749 2.8686
4750 4.4131
4751 4.1096
4752 1.1533
4753 0.0000
4754 4.0780
4755 5.6080
4756 0.3273
4757 4.4728
4758 7.9814
4759 4.1495
4760 0.0000
4761 2.9270
4762 3.2012
4763 0.8553
4764 0.0000
4765 0.5594
4766 0.7582
4767 4.9905
4768 5.0303
4769 -2.4493
4770 -6.5994
4771 0.5144
4772 -1.5729
4773 0.0000
4774 8.2367
4775 15.3699
4776 6.5759
4777 2.7321
4778 -0.9447
4779 2.3689
4780 0.0000
4781 -2.9169
4782 5.4544
4783 -6.2036
4784 0.0000
4785 2.7002
4786 0.3957
4787 2.9563
4788 2.3509
4789 -5.2582
4790 2.4822
4791 1.2420
4792 -2.2239
4793 0.0000
4794 0.5276
4795 8.6468
4796 3.5592
4797 8.2285
4798 7.1983
4799 -3.0998
4800 0.0000
4801 -4.2916
4802 5.4059
4803 0.5804
4804 0.0000
4805 2.3466
4806 -2.4409
4807 4.5153
4808 0.3334
4809 0.8533
4810 11.9585
4811 4.6787
4812 6.3308
4813 0.0000
4814 2.7300
4815 6.3468
4816 4.3700
4817 6.7012
4818 4.6114
4819 2.9938
4820 0.0000
4821 0.3388
4822 0.0000
4823 6.2174
4824 0.0000
4825 5.2439
4826 6.1537
4827 -4.2553
4828 7.1258
4829 1.6179
4830 5.6157
4831 6.6479
4832 3.3714
4833 0.0000
4834 0.2251
4835 4.7491
4836 3.0372
4837 4.0276
4838 7.4460
4839 11.8658
4840 0.0000
4841 5.1844
4842 -7.8427
4843 3.6848
4844 1.8165
4845 2.5148
4846 5.1708
4847 0.0000
4848 -5.6793
4849 7.9647
4850 7.3743
4851 9.5461
4852 3.5342
4853 -0.2919
4854 0.0000
4855 2.2379
4856 8.9165
4857 11.0529
4858 5.8391
4859 0.9096
4860 2.3026
4861 0.0000
4862 9.1382
4863 -5.8621
4864 -8.5992
4865 5.9376
4866 0.1407
4867 4.5589
4868 0.0000
4869 -2.8061
4870 1.1213
4871 2.5661
4872 11.0866
4873 8.1981
4874 6.4761
4875 0.0000
4876 4.4414
4877 9.8997
4878 2.8545
4879 9.1635
4880 1.2537
4881 6.5505
4882 0.0000
4883 5.1683
4884 6.2393
4885 4.7289
4886 3.8322
4887 8.2575
4888 -2.7661
4889 0.0000
4890 2.9422
4891 6.6038
4892 8.2920
4893 -1.6807
4894 1.4580
4895 1.2843
4896 0.0000
4897 1.0031
4898 3.0095
4899 5.3104
4900 4.9627
4901 7.2797
4902 1.5402
4903 0.0000
4904 1.3646
4905 5.9758
4906 10.2519
4907 -0.3467
4908 -1.9314
4909 1.2144
4910 0.0000
4911 -0.9264
4912 4.1716
4913 5.0638
4914 6.5920
4915 6.6300
4916 6.0881
4917 0.0000
4918 -7.2131
4919 3.8486
4920 9.0882
4921 3.9223
4922 0.4587
4923 1.1620
4924 0.0000
4925 11.0234
4926 9.7283
4927 4.9663
4928 3.5684
4929 8.0665
4930 9.0734
4931 0.0000
4932 -3.3166
4933 6.8209
4934 -0.8794
4935 2.1078
4936 4.6185
4937 -2.8511
4938 0.0000
4939 -2.9475
4940 0.0000
4941 3.6670
4942 0.0000
4943 4.0457
4944 0.0000
4945 -4.9366
4946 6.5642
4947 0.0000
4948 0.9142
4949 2.0303
4950 8.9412
4951 8.7843
4952 0.0000
4953 5.2968
4954 -1.6884
4955 1.4985
4956 0.0000
4957 0.1993
4958 12.0084
4959 -1.4425
4960 0.0000
4961 3.1328
4962 6.7605
4963 -2.5723
4964 -0.8167
4965 0.4976
4966 8.4476
4967 4.5362
4968 4.7411
4969 -3.6378
4970 0.0000
4971 2.1485
4972 0.6366
4973 4.4971
4974 10.3390
4975 2.8108
4976 5.8306
4977 0.0000
4978 0.8556
4979 15.9169
4980 1.3162
4981 5.1939
4982 6.6364
4983 6.9430
4984 0.0000
4985 -1.0206
4986 -0.1838
4987 3.1291
4988 1.3275
4989 1.1517
4990 2.3875
4991 0.0000
4992 -4.1542
4993 4.2148
4994 8.9511
4995 4.0528
4996 4.2832
4997 6.7299
4998 0.0000
4999 7.7381
5000 11.4799
5001 -1.0004
5002 5.0078
5003 5.0737
5004 0.3359
5005 0.0000
5006 3.1561
5007 3.8090
5008 5.8832
5009 9.9729
5010 0.2818
5011 1.9091
5012 0.0000
5013 -7.2254
5014 1.0486
5015 6.4222
5016 -3.9751
5017 -1.1307
5018 7.0798
5019 0.0000
5020 1.0669
5021 5.8864
5022 3.0786
5023 8.7213
5024 -1.6831
5025 -0.1510
5026 0.0000
5027 1.7201
5028 2.9025
5029 4.5619
5030 0.2544
5031 6.1685
5032 4.1373
5033 0.0000
5034 1.4855
5035 7.3071
5036 7.6970
5037 7.0116
5038 1.1838
5039 10.7174
5040 0.0000
5041 0.2285
5042 3.9631
5043 -1.7489
5044 8.7413
5045 0.5004
5046 3.6814
5047 0.0000
5048 0.7391
5049 0.4309
5050 0.0000
5051 9.2858
5052 -4.4162
5053 -1.2640
5054 -0.3097
5055 1.8177
5056 5.4963
5057 -4.6879
5058 -0.7023
5059 0.0000
5060 10.6122
5061 -1.2095
5062 0.0000
5063 4.9328
5064 0.0000
5065 1.3662
5066 0.0000
5067 -2.8501
5068 2.8832
5069 0.0000
5070 0.9073
5071 0.0125
5072 0.0000
5073 0.7194
5074 3.7342
5075 10.3952
5076 0.0000
5077 0.4977
5078 3.5776
5079 0.0000
5080 1.1285
5081 -0.1416
5082 -0.1111
5083 0.0000
5084 -1.0788
5085 4.2662
5086 0.0000
5087 5.0727
5088 3.0696
5089 4.6260
5090 0.0000
5091 9.0217
5092 6.7301
5093 0.0000
5094 4.4982
5095 12.3792
5096 1.5623
5097 0.0000
5098 2.4612
5099 1.4443
5100 0.0000
5101 8.5555
5102 8.0616
5103 4.5301
5104 0.0000
5105 1.8099
5106 -5.1125
5107 0.0000
5108 9.3616
5109 2.4596
5110 3.2503
5111 0.0000
5112 -2.6581
5113 9.7755
5114 0.0000
5115 5.8329
5116 1.3888
5117 10.5795
5118 0.0000
5119 -5.0007
5120 3.5615
5121 0.0000
5122 9.0050
5123 3.8240
5124 2.5184
5125 0.0000
5126 -4.9805
5127 -1.0575
5128 0.0000
5129 5.0055
5130 1.7806
5131 5.6565
5132 0.0000
5133 -4.4329
5134 5.1891
5135 0.0000
5136 5.7380
5137 2.0812
5138 -0.7952
5139 0.0000
5140 -3.7994
5141 2.5171
5142 0.0000
5143 1.5261
5144 6.1930
5145 6.4164
5146 0.0000
5147 -4.3473
5148 5.3049
5149 0.0000
5150 -2.6134
5151 11.6148
5152 -0.9955
5153 0.0000
5154 5.6706
5155 -1.1764
5156 0.0000
5157 7.0953
5158 0.3310
5159 10.3439
5160 0.0000
5161 4.1538
5162 3.7895
5163 0.0000
5164 5.5504
5165 7.5076
5166 7.4671
5167 0.0000
5168 3.7071
5169 2.6507
5170 0.0000
5171 10.1382
5172 1.0595
5173 8.0980
5174 0.0000
5175 -1.5539
5176 1.6538
5177 0.0000
5178 2.5225
5179 2.5903
5180 0.8999
5181 0.0000
5182 -1.8055
5183 0.0000
5184 2.5797
5185 0.0000
5186 6.1974
5187 7.1730
5188 0.0000
5189 8.5129
5190 0.0000
5191 7.6573
5192 0.0000
5193 13.0539
5194 3.4462
5195 4.8157
5196 0.0000
5197 5.8552
5198 -1.7382
5199 3.3276
5200 0.0000
5201 -4.3861
5202 -2.6968
5203 8.2291
5204 0.0000
5205 9.2142
5206 0.0000
5207 0.2424
5208 0.0000
5209 0.6204
5210 10.8410
5211 0.0000
5212 11.4580
5213 0.0000
5214 6.1533
5215 0.2806
5216 9.4604
5217 0.8659
5218 6.2844
5219 2.7682
5220 5.9048
5221 0.3364
5222 4.9848
5223 8.1874
5224 -1.2678
5225 -0.4579
5226 10.2709
5227 10.0502
5228 8.8214
5229 4.5387
5230 0.0000
5231 8.5919
5232 -2.3208
5233 1.8035
5234 -2.6458
5235 -2.7783
5236 -0.3633
5237 -0.1597
5238 2.4773
5239 0.0000
5240 13.4336
5241 7.6608
5242 4.8451
5243 6.3682
5244 -0.6886
5245 -5.0115
5246 0.0000
5247 4.6574
5248 -0.0327
5249 5.5952
5250 0.0000
5251 1.8145
5252 6.2718
5253 9.3769
5254 3.1333
5255 -8.3786
5256 1.4353
5257 6.7439
5258 -2.2101
5259 0.0000
5260 7.5698
5261 -2.1123
5262 -1.0855
5263 5.9960
5264 14.3077
5265 1.8799
5266 0.0000
5267 -1.9208
5268 5.7322
5269 10.6368
5270 0.0000
5271 5.3510
5272 -6.0566
5273 7.6641
5274 8.5954
5275 0.7561
5276 9.6467
5277 -0.1155
5278 4.1609
5279 0.0000
5280 -0.7326
5281 4.7002
5282 0.8293
5283 -0.0297
5284 2.3012
5285 2.0335
5286 0.0000
5287 1.0272
5288 4.8349
5289 6.5212
5290 0.0000
5291 2.4434
5292 7.7823
5293 8.5426
5294 14.5161
5295 -4.3608
5296 4.9614
5297 0.1154
5298 3.5781
5299 0.0000
5300 7.3265
5301 3.8801
5302 6.3430
5303 11.2632
5304 3.8548
5305 3.3059
5306 0.0000
5307 -0.5649
5308 7.9230
5309 1.4743
5310 7.0045
5311 5.6760
5312 4.3162
5313 6.2691
5314 -1.0875
5315 7.7620
5316 4.5698
5317 4.9767
5318 -0.4585
5319 9.3265
5320 6.9312
5321 0.0000
5322 7.1144
5323 5.2781
5324 4.9811
5325 6.7610
5326 -6.0027
5327 5.1222
5328 -0.0795
5329 2.9047
5330 0.0000
5331 1.5632
5332 2.7426
5333 0.1636
5334 4.8421
5335 -0.2984
5336 1.6454
5337 0.0000
5338 2.8569
5339 -0.7285
5340 -1.8479
5341 0.0000
5342 -0.6377
5343 -4.9234
5344 -2.1607
5345 1.2146
5346 -3.3431
5347 -3.6662
5348 2.2136
5349 3.4090
5350 0.0000
5351 6.2982
5352 3.5377
5353 6.9801
5354 7.2224
5355 2.5063
5356 11.5256
5357 0.0000
5358 -1.0666
5359 0.8341
5360 10.5161
5361 0.0000
5362 -3.8703
5363 11.9531
5364 3.2994
5365 11.6375
5366 -1.8664
5367 4.6258
5368 4.0556
5369 12.3345
5370 0.0000
5371 -0.4467
5372 2.7214
5373 8.8972
5374 3.2862
5375 3.5091
5376 3.6214
5377 0.0000
5378 -7.0541
5379 6.7052
5380 5.2105
5381 0.0000
5382 -2.0309
5383 -10.6450
5384 0.0862
5385 4.9236
5386 5.8520
5387 -0.3945
5388 -8.6145
5389 1.6441
5390 0.0000
5391 5.3737
5392 1.5405
5393 5.8398
5394 -4.0612
5395 5.4032
5396 1.1703
5397 0.0000
5398 -3.5798
5399 3.9908
5400 -3.1265
5401 5.7170
5402 5.3510
5403 2.0848
5404 8.2471
5405 9.9471
5406 8.2418
5407 -2.3537
5408 6.1576
5409 -0.8522
5410 0.7046
5411 0.3082
5412 0.0000
5413 1.1080
5414 0.7100
5415 6.8562
5416 8.9021
5417 -4.6135
5418 -3.4615
5419 -5.5232
5420 7.1820
5421 0.0000
5422 1.4213
5423 7.2753
5424 6.9423
5425 3.7724
5426 2.8180
5427 3.1747
5428 0.0000
5429 -0.2393
5430 4.1636
5431 6.5975
5432 0.0000
5433 0.2228
5434 4.4005
5435 6.6822
5436 5.2302
5437 8.0706
5438 3.9510
5439 -1.1765
5440 6.1350
5441 0.0000
5442 0.4441
5443 3.5170
5444 0.5636
5445 4.2043
5446 -3.3086
5447 5.3239
5448 0.0000
5449 -4.1936
5450 8.2113
5451 5.7472
5452 0.0000
5453 1.4139
5454 0.3854
5455 -7.7139
5456 -0.5803
5457 -4.6771
5458 3.6686
5459 -0.3223
5460 -0.7906
5461 0.0000
5462 7.2641
5463 -0.5960
5464 4.2915
5465 11.9014
5466 11.4266
5467 6.4780
5468 0.0000
5469 1.4169
5470 0.0259
5471 3.0227
5472 0.0000
5473 -2.2412
5474 -5.6087
5475 12.3258
5476 7.2157
5477 0.3760
5478 11.0396
5479 7.9721
5480 9.8850
5481 0.0000
5482 8.2862
5483 0.3474
5484 4.2955
5485 6.0467
5486 9.1204
5487 13.5330
5488 0.0000
5489 -0.6914
5490 4.6901
5491 3.2774
5492 -2.3711
5493 5.9259
5494 0.6200
5495 12.6880
5496 4.8900
5497 -2.7504
5498 4.6998
5499 2.1304
5500 -1.7932
5501 7.2420
5502 -4.5197
5503 0.0000
5504 3.9498
5505 -7.6318
5506 5.7068
5507 -3.6564
5508 -1.3915
5509 4.3546
5510 -7.4906
5511 1.9231
5512 0.0000
5513 6.6101
5514 8.2643
5515 1.4966
5516 -3.0282
5517 -7.3407
5518 3.4306
5519 0.0000
5520 4.4485
5521 1.6155
5522 2.5562
5523 0.0000
5524 5.7112
5525 -0.7360
5526 9.7604
5527 -2.7749
5528 3.9927
5529 3.0089
5530 8.1760
5531 4.3779
5532 0.0000
5533 4.8493
5534 0.5996
5535 5.8235
5536 12.3667
5537 10.4378
5538 5.1376
5539 0.0000
5540 4.2110
5541 10.2459
5542 2.6507
5543 0.0000
5544 1.0691
5545 -4.1141
5546 -0.5695
5547 4.5924
5548 -0.9842
5549 1.3662
5550 2.7467
5551 2.1049
5552 0.0000
5553 10.5484
5554 -2.4762
5555 5.2551
5556 3.1450
5557 7.9427
5558 6.4945
5559 0.0000
5560 -8.0249
5561 9.2056
5562 1.8258
5563 0.0000
5564 4.8623
5565 -2.5425
5566 6.3060
5567 -1.5465
5568 -0.0104
5569 11.3425
5570 -1.6320
5571 8.4975
5572 0.0000
5573 -2.8104
5574 5.4976
5575 7.4798
5576 8.1893
5577 7.2622
5578 0.4132
5579 0.0000
5580 0.9598
5581 0.0000
5582 -1.1476
5583 0.0000
5584 0.2560
5585 5.4536
5586 -4.6023
5587 6.6294
5588 0.3576
5589 6.2390
5590 6.2436
5591 -3.6530
5592 0.0000
5593 3.4033
5594 1.8825
5595 6.5885
5596 0.5049
5597 7.4144
5598 -7.9512
5599 0.0000
5600 -1.2522
5601 -6.6180
5602 6.8286
5603 -0.3956
5604 5.9028
5605 6.9092
5606 0.0000
5607 1.8443
5608 0.4833
5609 5.4476
5610 3.0349
5611 9.1448
5612 -5.5003
5613 0.0000
5614 3.0961
5615 3.6760
5616 13.0500
5617 7.1226
5618 4.2114
5619 -2.3349
5620 0.0000
5621 8.3668
5622 0.9266
5623 9.5407
5624 0.3425
5625 6.0667
5626 3.6757
5627 0.0000
5628 10.9507
5629 5.0543
5630 4.3211
5631 -0.0430
5632 -1.3636
5633 9.9142
5634 0.0000
5635 -0.3828
5636 3.3156
5637 3.5772
5638 -3.8265
5639 2.3088
5640 3.0984
5641 0.0000
5642 1.1698
5643 1.0783
5644 2.9991
5645 1.8658
5646 5.8270
5647 5.4996
5648 0.0000
5649 -3.7547
5650 5.6027
5651 3.0723
5652 6.2860
5653 4.3252
5654 6.1898
5655 0.0000
5656 -2.7158
5657 11.0318
5658 0.9316
5659 2.2942
5660 6.8428
5661 9.5156
5662 0.0000
5663 10.0188
5664 0.8836
5665 0.4722
5666 4.1216
5667 -2.6686
5668 8.4716
5669 0.0000
5670 1.5753
5671 -2.4694
5672 -4.6833
5673 1.4034
5674 7.7104
5675 3.6539
5676 0.0000
5677 -2.9797
5678 7.5334
5679 -0.1400
5680 -1.9289
5681 4.5258
5682 2.9631
5683 0.0000
5684 6.2205
5685 6.9210
5686 4.9115
5687 9.9169
5688 -2.5211
5689 0.1328
5690 0.0000
5691 1.7816
5692 7.1561
5693 3.0920
5694 9.0002
5695 7.1567
5696 0.8949
5697 0.0000
5698 1.3735
5699 0.0000
5700 3.6747
5701 0.0000
5702 5.3082
5703 0.0000
5704 2.0867
5705 5.3186
5706 0.0000
5707 0.5808
5708 5.0187
5709 8.9899
5710 7.0397
5711 0.0000
5712 1.7496
5713 1.8643
5714 6.0158
5715 0.0000
5716 8.7917
5717 1.3552
5718 1.1245
5719 0.0000
5720 7.4753
5721 1.3193
5722 6.4526
5723 -0.8267
5724 0.2075
5725 6.9555
5726 2.3285
5727 5.9339
5728 1.9167
5729 0.0000
5730 3.1585
5731 18.6386
5732 -3.5000
5733 9.9798
5734 1.0872
5735 2.7815
5736 0.0000
5737 1.2944
5738 -0.8185
5739 3.7854
5740 1.0621
5741 4.6139
5742 9.0577
5743 0.0000
5744 -1.3315
5745 3.6738
5746 4.8517
5747 8.7179
5748 5.1508
5749 1.7987
5750 0.0000
5751 0.5613
5752 10.1173
5753 -1.1891
5754 -1.3496
5755 2.5880
5756 5.9768
5757 0.0000
5758 2.0052
5759 4.5373
5760 4.2154
5761 7.1344
5762 -3.8505
5763 7.8717
5764 0.0000
5765 -5.5456
5766 1.3471
5767 11.4089
5768 -4.1506
5769 4.7772
5770 2.0334
5771 0.0000
5772 -3.3520
5773 6.4850
5774 0.5401
5775 5.2505
5776 3.0691
5777 4.7506
5778 0.0000
5779 -4.9653
5780 4.3844
5781 1.6529
5782 2.9056
5783 6.7162
5784 6.0511
5785 0.0000
5786 -3.0351
5787 -1.9395
5788 8.8511
5789 8.4007
5790 2.2695
5791 9.7123
5792 0.0000
5793 -0.0394
5794 11.7502
5795 0.6330
5796 3.4274
5797 3.4526
5798 4.0381
5799 0.0000
5800 0.2785
5801 11.1039
5802 2.2458
5803 -4.7622
5804 2.5709
5805 5.9111
5806 0.0000
5807 -3.4989
5808 -2.0013
5809 0.0000
5810 5.5040
5811 -4.1961
5812 4.6204
5813 1.7260
5814 -0.8296
5815 10.8317
5816 4.0130
5817 3.8704
5818 0.0000
5819 -2.5591
5820 2.2552
5821 0.0000
5822 1.9386
5823 0.0000
5824 -7.2759
5825 0.0000
5826 8.0163
5827 5.6654
5828 0.0000
5829 1.2109
5830 8.3681
5831 0.0000
5832 8.6639
5833 6.8640
5834 3.1390
5835 0.0000
5836 7.7573
5837 1.3092
5838 0.0000
5839 7.5312
5840 2.7079
5841 2.2662
5842 0.0000
5843 -2.4014
5844 4.0862
5845 0.0000
5846 4.1163
5847 -5.6451
5848 0.8443
5849 0.0000
5850 0.3966
5851 4.1458
5852 0.0000
5853 12.0737
5854 0.1071
5855 -1.8555
5856 0.0000
5857 -0.2808
5858 7.1539
5859 0.0000
5860 -0.2074
5861 3.9702
5862 3.9021
5863 0.0000
5864 -5.0708
5865 4.2130
5866 0.0000
5867 5.0513
5868 1.4246
5869 6.3991
5870 0.0000
5871 -0.4627
5872 0.2562
5873 0.0000
5874 10.4459
5875 7.4795
5876 5.7943
5877 0.0000
5878 0.1509
5879 6.1830
5880 0.0000
5881 3.4281
5882 5.6717
5883 2.5607
5884 0.0000
5885 -1.8664
5886 -0.9933
5887 0.0000
5888 2.1945
5889 3.0898
5890 1.6106
5891 0.0000
5892 -8.7223
5893 6.2508
5894 0.0000
5895 11.0236
5896 4.9011
5897 2.7505
5898 0.0000
5899 3.5255
5900 -0.9118
5901 0.0000
5902 9.2067
5903 8.2806
5904 1.6701
5905 0.0000
5906 7.7724
5907 4.1166
5908 0.0000
5909 -0.0660
5910 7.5177
5911 10.1353
5912 0.0000
5913 5.4744
5914 9.4815
5915 0.0000
5916 -7.0024
5917 3.1816
5918 8.2974
5919 0.0000
5920 0.2993
5921 0.2480
5922 0.0000
5923 5.4445
5924 3.0701
5925 3.3102
5926 0.0000
5927 -12.4912
5928 4.5888
5929 0.0000
5930 8.0140
5931 5.0779
5932 5.7261
5933 0.0000
5934 -1.5841
5935 1.9613
5936 0.0000
5937 1.0164
5938 -4.9567
5939 -2.1522
5940 0.0000
5941 4.0012
5942 0.0000
5943 -1.7934
5944 0.0000
5945 5.6510
5946 6.7203
5947 0.0000
5948 4.1786
5949 0.0000
5950 5.6482
5951 0.0000
5952 -2.4322
5953 8.6389
5954 1.8069
5955 0.0000
5956 7.8810
5957 1.5740
5958 15.4764
5959 0.0000
5960 -1.5344
5961 7.2455
5962 -0.8152
5963 0.0000
5964 2.9686
5965 0.0000
5966 3.6467
5967 0.0000
5968 4.5085
5969 2.1503
5970 0.0000
5971 5.4700
5972 0.0000
5973 5.8785
5974 0.5633
5975 -2.5127
5976 5.7296
5977 5.9091
5978 4.3626
5979 -0.7229
5980 8.7092
5981 9.0021
5982 11.0525
5983 10.5203
5984 0.7708
5985 1.1550
5986 -1.8192
5987 10.6359
5988 -0.5010
5989 0.0000
5990 3.1717
5991 2.3078
5992 4.8881
5993 9.7021
5994 -6.6764
5995 11.6326
5996 -0.2634
5997 -2.2691
5998 0.0000
5999 14.2360
6000 4.5722
6001 3.6977
6002 8.1467
6003 5.1735
6004 7.4564
6005 0.0000
6006 -2.0143
6007 9.3409
6008 0.3164
6009 0.0000
6010 0.5344
6011 -0.2431
6012 2.0511
6013 8.0034
6014 -4.8290
6015 1.5083
6016 3.1708
6017 -6.8965
6018 0.0000
6019 7.9796
6020 8.8692
6021 4.1300
6022 7.6242
6023 -0.5773
6024 1.4284
6025 0.0000
6026 2.6099
6027 9.4895
6028 8.5373
6029 0.0000
6030 -0.2693
6031 1.6999
6032 6.5854
6033 3.3679
6034 0.4188
6035 -1.2171
6036 5.4415
6037 10.0899
6038 0.0000
6039 10.9869
6040 3.5851
6041 5.3542
6042 3.0701
6043 5.4703
6044 4.6984
6045 0.0000
6046 1.2264
6047 -2.2529
6048 8.3769
6049 0.0000
6050 5.7477
6051 7.9044
6052 5.9992
6053 9.3414
6054 1.4333
6055 17.4318
6056 -6.1350
6057 8.4969
6058 0.0000
6059 8.0642
6060 1.6209
6061 3.2877
6062 8.7450
6063 4.7373
6064 5.2613
6065 0.0000
6066 3.0286
6067 7.3163
6068 7.7629
6069 5.6787
6070 4.0573
6071 12.6581
6072 1.9443
6073 10.1114
6074 7.1260
6075 -1.5489
6076 4.1605
6077 5.3712
6078 12.3122
6079 1.0703
6080 0.0000
6081 9.5848
6082 0.9982
6083 9.1784
6084 -2.0981
6085 -2.4205
6086 5.2807
6087 4.7212
6088 5.3710
6089 0.0000
6090 7.1301
6091 3.0939
6092 2.4280
6093 8.3139
6094 3.3544
6095 8.0784
6096 0.0000
6097 1.7462
6098 11.7603
6099 7.3762
6100 0.0000
6101 0.0450
6102 -4.5312
6103 8.3277
6104 -1.0183
6105 -3.3833
6106 -2.7756
6107 -7.6065
6108 2.0081
6109 0.0000
6110 -0.7890
6111 3.3732
6112 -3.3927
6113 10.1488
6114 4.0084
6115 2.4353
6116 0.0000
6117 -1.7316
6118 -0.9120
6119 9.0265
6120 0.0000
6121 2.5606
6122 7.2127
6123 2.5130
6124 3.9438
6125 -0.5945
6126 -2.4014
6127 3.1954
6128 7.6402
6129 0.0000
6130 10.6215
6131 2.4326
6132 2.4895
6133 9.7256
6134 6.2319
6135 8.6748
6136 0.0000
6137 -3.2109
6138 4.9677
6139 2.4190
6140 0.0000
6141 5.0636
6142 -4.2189
6143 2.8986
6144 -2.4405
6145 -0.4876
6146 6.8222
6147 2.2376
6148 -2.2886
6149 0.0000
6150 9.3897
6151 7.2894
6152 0.2258
6153 0.4203
6154 3.4128
6155 -6.9745
6156 0.0000
6157 -1.0843
6158 3.9442
6159 2.0704
6160 3.1235
6161 5.4101
6162 -1.0795
6163 3.0521
6164 5.5725
6165 5.9947
6166 3.0095
6167 5.4510
6168 6.3803
6169 0.3982
6170 4.0861
6171 0.0000
6172 1.3487
6173 -5.3537
6174 7.0189
6175 7.6967
6176 -9.0047
6177 -2.3187
6178 1.1448
6179 11.9324
6180 0.0000
6181 0.4111
6182 -5.5559
6183 6.9800
6184 10.4457
6185 2.2789
6186 1.3991
6187 0.0000
6188 -3.5130
6189 1.6013
6190 3.0033
6191 0.0000
6192 0.4741
6193 -0.2749
6194 2.9757
6195 4.6817
6196 -1.6352
6197 6.7725
6198 2.6738
6199 -4.1252
6200 0.0000
6201 3.6732
6202 4.7223
6203 6.5627
6204 5.4015
6205 0.5987
6206 9.5432
6207 0.0000
6208 0.5630
6209 13.2074
6210 0.1041
6211 0.0000
6212 -0.0957
6213 -1.7276
6214 4.4806
6215 2.9773
6216 2.9077
6217 9.9102
6218 5.0891
6219 4.3329
6220 0.0000
6221 0.3789
6222 1.6206
6223 1.1162
6224 0.3707
6225 5.2656
6226 3.5463
6227 0.0000
6228 1.9399
6229 4.5356
6230 7.4017
6231 0.0000
6232 -1.8780
6233 3.3214
6234 5.2820
6235 -2.9240
6236 -3.7646
6237 3.2044
6238 -7.3751
6239 5.3196
6240 0.0000
6241 4.3365
6242 8.5200
6243 0.0777
6244 5.4052
6245 3.1559
6246 4.4557
6247 0.0000
6248 -6.2990
6249 7.1073
6250 0.1111
6251 3.2305
6252 3.8043
6253 -2.5275
6254 4.1680
6255 -6.1977
6256 1.0730
6257 5.5023
6258 8.7092
6259 1.4219
6260 10.1026
6261 -1.2991
6262 0.0000
6263 2.3269
6264 3.0837
6265 2.3228
6266 2.6238
6267 7.6841
6268 4.3074
6269 7.6440
6270 4.0477
6271 0.0000
6272 2.1431
6273 3.2619
6274 10.6617
6275 6.6042
6276 0.5953
6277 -2.0856
6278 0.0000
6279 8.4620
6280 7.1382
6281 0.5256
6282 0.0000
6283 2.6662
6284 1.0505
6285 1.1610
6286 4.6323
6287 2.3978
6288 6.0104
6289 -5.3772
6290 -1.7684
6291 0.0000
6292 1.7655
6293 7.0971
6294 2.2495
6295 13.2285
6296 0.0920
6297 11.8022
6298 0.0000
6299 -0.2196
6300 7.1117
6301 2.6744
6302 0.0000
6303 3.4170
6304 -9.4850
6305 1.2955
6306 8.5394
6307 2.1052
6308 -5.7036
6309 0.5170
6310 6.4499
6311 0.0000
6312 5.3325
6313 9.7423
6314 0.1152
6315 2.8703
6316 1.1705
6317 2.1140
6318 0.0000
6319 -6.1723
6320 1.2525
6321 8.2005
6322 0.0000
6323 15.4617
6324 5.3634
6325 0.1442
6326 5.2840
6327 -0.8055
6328 12.8411
6329 6.3737
6330 9.3549
6331 0.0000
6332 0.6455
6333 5.2181
6334 0.5283
6335 5.2217
6336 0.5312
6337 -0.4057
6338 0.0000
6339 -3.3702
6340 0.0000
6341 1.5166
6342 0.0000
6343 9.3149
6344 4.7759
6345 -4.7107
6346 -3.1571
6347 5.3644
6348 -1.0728
6349 1.4500
6350 -2.4812
6351 0.0000
6352 1.0330
6353 9.6364
6354 7.3803
6355 2.3344
6356 2.7276
6357 4.3784
6358 0.0000
6359 4.7260
6360 10.1957
6361 -1.6914
6362 -1.1299
6363 2.3158
6364 3.5898
6365 0.0000
6366 4.8680
6367 -5.1021
6368 4.4346
6369 -1.2374
6370 5.6806
6371 9.2812
6372 0.0000
6373 2.7446
6374 4.7642
6375 9.9328
6376 3.5398
6377 -0.5870
6378 -0.0484
6379 0.0000
6380 1.9955
6381 9.0203
6382 -0.7793
6383 4.9161
6384 6.1749
6385 3.1472
6386 0.0000
6387 5.8634
6388 -2.3037
6389 4.3954
6390 -3.9016
6391 3.4162
6392 -5.0392
6393 0.0000
6394 -0.1329
6395 -1.4384
6396 -2.1734
6397 -2.8021
6398 11.0629
6399 -2.4293
6400 0.0000
6401 0.5266
6402 6.7819
6403 4.1118
6404 4.7558
6405 1.4871
6406 -1.0817
6407 0.0000
6408 -0.7422
6409 2.8019
6410 -1.6181
6411 1.4184
6412 2.0291
6413 0.5107
6414 0.0000
6415 3.8754
6416 -2.0532
6417 7.1007
6418 0.0026
6419 8.3897
6420 10.7593
6421 0.0000
6422 -5.8572
6423 2.5238
6424 0.4938
6425 2.6288
6426 0.8827
6427 7.6000
6428 0.0000
6429 -3.9138
6430 5.1455
6431 4.0748
6432 9.4935
6433 7.6404
6434 4.5399
6435 0.0000
6436 -0.1382
6437 7.5624
6438 9.9841
6439 2.5977
6440 8.9282
6441 4.1470
6442 0.0000
6443 9.3910
6444 2.2660
6445 8.8302
6446 -4.9545
6447 4.3750
6448 5.5256
6449 0.0000
6450 0.5601
6451 3.3070
6452 1.7785
6453 0.8575
6454 3.8444
6455 -5.2463
6456 0.0000
6457 -6.8094
6458 0.0000
6459 3.1951
6460 0.0000
6461 1.2771
6462 0.0000
6463 5.0343
6464 4.1086
6465 0.0000
6466 11.0965
6467 9.0964
6468 3.8057
6469 3.9317
6470 0.0000
6471 3.7196
6472 9.6959
6473 6.2169
6474 0.0000
6475 6.1832
6476 -4.5849
6477 8.8727
6478 0.0000
6479 5.7719
6480 4.7667
6481 3.4315
6482 5.5226
6483 2.8233
6484 1.3585
6485 7.1228
6486 3.8531
6487 5.5640
6488 0.0000
6489 -7.2833
6490 12.6052
6491 6.9248
6492 7.7526
6493 3.0326
6494 -3.3118
6495 0.0000
6496 1.3422
6497 -1.7610
6498 10.0191
6499 4.9507
6500 8.3800
6501 4.4486
6502 0.0000
6503 -3.6478
6504 8.6348
6505 -1.7407
6506 -5.2395
6507 0.2447
6508 7.1096
6509 0.0000
6510 -0.4134
6511 5.4678
6512 8.8086
6513 2.9980
6514 8.5031
6515 7.5973
6516 0.0000
6517 -0.6064
6518 2.7464
6519 -4.4848
6520 6.5346
6521 -0.2097
6522 5.9234
6523 0.0000
6524 2.0252
6525 1.8951
6526 1.0482
6527 7.7850
6528 6.7232
6529 1.5000
6530 0.0000
6531 -0.2275
6532 4.1371
6533 4.2083
6534 2.0799
6535 5.3363
6536 5.1634
6537 0.0000
6538 -0.4724
6539 5.6464
6540 9.2827
6541 7.3004
6542 -3.4292
6543 3.2753
6544 0.0000
6545 -3.3497
6546 2.8162
6547 3.3467
6548 12.6592
6549 12.8873
6550 7.0642
6551 0.0000
6552 -4.3612
6553 9.9770
6554 1.3400
6555 2.8147
6556 5.1093
6557 5.6786
6558 0.0000
6559 -0.6441
6560 4.6938
6561 4.7093
6562 11.5099
6563 3.3579
6564 4.6945
6565 0.0000
6566 -1.7651
6567 2.0714
6568 0.0000
6569 10.6497
6570 0.8750
6571 -4.8586
6572 4.9947
6573 -0.7267
6574 -3.4967
6575 -0.2073
6576 -2.4882
6577 0.0000
6578 15.6318
6579 12.2836
6580 0.0000
6581 8.4041
6582 0.0000
6583 2.2689
6584 0.0000
6585 0.4114
6586 -1.2627
6587 0.0000
6588 3.4443
6589 2.2999
6590 0.0000
6591 7.9608
6592 1.1772
6593 11.4090
6594 0.0000
6595 -6.0517
6596 0.5328
6597 0.0000
6598 1.4558
6599 6.4444
6600 6.1126
6601 0.0000
6602 -5.8272
6603 1.6085
6604 0.0000
6605 2.4343
6606 1.2842
6607 6.4959
6608 0.0000
6609 5.6026
6610 2.5334
6611 0.0000
6612 -0.0001
6613 -2.9322
6614 3.9017
6615 0.0000
6616 1.6394
6617 -0.8052
6618 0.0000
6619 4.9715
6620 6.1177
6621 1.7209
6622 0.0000
6623 3.7171
6624 1.1081
6625 0.0000
6626 5.9505
6627 2.2934
6628 4.6343
6629 0.0000
6630 2.6670
6631 2.4961
6632 0.0000
6633 0.4864
6634 4.1830
6635 6.3911
6636 0.0000
6637 0.5931
6638 5.7802
6639 0.0000
6640 9.1286
6641 4.7220
6642 5.0871
6643 0.0000
6644 -5.2119
6645 -4.1193
6646 0.0000
6647 -2.4518
6648 5.3515
6649 7.3425
6650 0.0000
6651 4.7900
6652 5.8985
6653 0.0000
6654 7.7098
6655 5.9775
6656 3.9913
6657 0.0000
6658 2.2319
6659 8.9096
6660 0.0000
6661 9.0193
6662 11.4781
6663 -4.1022
6664 0.0000
6665 4.3738
6666 -0.0083
6667 0.0000
6668 7.6532
6669 7.9659
6670 9.3083
6671 0.0000
6672 -6.1773
6673 3.6472
6674 0.0000
6675 8.3388
6676 12.8260
6677 -7.4579
6678 0.0000
6679 1.2472
6680 4.4942
6681 0.0000
6682 -0.5185
6683 12.4749
6684 5.9510
6685 0.0000
6686 1.8566
6687 -2.7585
6688 0.0000
6689 12.2823
6690 6.4615
6691 1.1202
6692 0.0000
6693 -6.5045
6694 4.1135
6695 0.0000
6696 3.6651
6697 3.4892
6698 -4.5939
6699 0.0000
6700 9.6594
6701 0.0000
6702 3.0014
6703 0.0000
6704 2.7391
6705 1.0863
6706 0.0000
6707 3.8056
6708 0.0000
6709 1.0902
6710 0.0000
6711 10.7651
6712 1.2175
6713 2.6311
6714 0.0000
6715 8.4172
6716 3.6898
6717 -4.1875
6718 0.0000
6719 5.8159
6720 5.1944
6721 10.7240
6722 0.0000
6723 4.5444
6724 0.0000
6725 2.3588
6726 0.0000
6727 14.0808
6728 0.2400
6729 0.0000
6730 1.0348
6731 0.0000
6732 8.3093
6733 3.2359
6734 2.3794
6735 9.4474
6736 -0.4320
6737 6.7247
6738 1.4681
6739 3.8428
6740 8.1203
6741 3.8007
6742 7.5123
6743 5.6575
6744 9.2802
6745 5.9830
6746 6.3745
6747 8.9884
6748 0.0000
6749 13.8892
6750 -2.0079
6751 9.0211
6752 5.4659
6753 -7.1441
6754 10.9326
6755 2.8631
6756 2.0350
6757 0.0000
6758 9.3710
6759 5.4025
6760 8.4404
6761 3.1819
6762 4.7384
6763 3.2671
6764 0.0000
6765 0.6562
6766 0.3223
6767 3.9783
6768 0.0000
6769 4.0277
6770 2.8784
6771 5.1626
6772 5.4378
6773 3.5583
6774 6.4435
6775 10.4418
6776 1.3201
6777 0.0000
6778 4.5008
6779 4.9322
6780 -0.8522
6781 3.3733
6782 1.9838
6783 3.8820
6784 0.0000
6785 -0.4617
6786 0.1379
6787 3.9735
6788 0.0000
6789 6.8189
6790 -1.7781
6791 -1.2144
6792 0.9461
6793 2.1857
6794 10.7332
6795 4.3846
6796 5.4489
6797 0.0000
6798 1.2628
6799 -4.5673
6800 0.5306
6801 -0.5270
6802 4.2896
6803 -0.0367
6804 0.0000
6805 8.3725
6806 6.0534
6807 -3.0412
6808 0.0000
6809 6.3772
6810 -0.9382
6811 2.8352
6812 3.4312
6813 3.2214
6814 12.0468
6815 3.2350
6816 11.0281
6817 0.0000
6818 3.2011
6819 6.9470
6820 9.2515
6821 6.3661
6822 8.1147
6823 0.7386
6824 0.0000
6825 0.1977
6826 4.5026
6827 4.4560
6828 11.1694
6829 3.1152
6830 5.0441
6831 4.4085
6832 -1.9209
6833 8.5199
6834 5.0732
6835 0.4819
6836 3.6726
6837 5.4489
6838 5.1206
6839 0.0000
6840 8.6159
6841 6.8621
6842 4.2743
6843 1.1940
6844 -2.0793
6845 6.2944
6846 3.0811
6847 2.7455
6848 0.0000
6849 -0.7529
6850 7.4127
6851 2.9839
6852 -0.1562
6853 4.8521
6854 10.1284
6855 0.0000
6856 0.8633
6857 10.7710
6858 7.8272
6859 0.0000
6860 3.2477
6861 2.7861
6862 6.7835
6863 -4.8771
6864 1.1571
6865 1.2299
6866 2.2896
6867 0.8347
6868 0.0000
6869 2.8158
6870 -1.6654
6871 6.1190
6872 5.0356
6873 5.7757
6874 7.5954
6875 0.0000
6876 -0.7862
6877 4.8919
6878 10.7097
6879 0.0000
6880 5.5070
6881 4.8649
6882 0.4757
6883 -2.6849
6884 2.2218
6885 9.2717
6886 3.9426
6887 7.8257
6888 0.0000
6889 -0.1525
6890 0.7488
6891 -0.5351
6892 4.8605
6893 13.9026
6894 -6.4045
6895 0.0000
6896 -2.8161
6897 5.7389
6898 8.4434
6899 0.0000
6900 -0.1683
6901 14.6574
6902 5.7331
6903 -2.5354
6904 -1.9256
6905 3.8258
6906 3.1881
6907 -1.2298
6908 0.0000
6909 3.8397
6910 12.6563
6911 -2.6865
6912 11.8517
6913 -0.3115
6914 0.6773
6915 0.0000
6916 7.0176
6917 -1.2406
6918 0.8960
6919 -0.6838
6920 7.5017
6921 -5.3171
6922 4.5157
6923 3.1516
6924 5.6202
6925 3.6739
6926 -1.8588
6927 9.9095
6928 1.8205
6929 9.1739
6930 0.0000
6931 0.6131
6932 2.2196
6933 2.4401
6934 8.9749
6935 6.1642
6936 12.7705
6937 7.0870
6938 -1.8421
6939 0.0000
6940 6.9284
6941 12.2528
6942 5.0992
6943 2.1125
6944 6.2193
6945 6.9199
6946 0.0000
6947 1.6577
6948 6.8094
6949 -2.2668
6950 0.0000
6951 1.4589
6952 0.9307
6953 7.4262
6954 2.8028
6955 1.3326
6956 7.8583
6957 13.1245
6958 11.4286
6959 0.0000
6960 9.1969
6961 -2.0525
6962 9.8909
6963 6.2717
6964 5.2661
6965 11.5265
6966 0.0000
6967 2.0472
6968 -2.6452
6969 0.0103
6970 0.0000
6971 -1.5387
6972 3.2168
6973 3.5676
6974 5.8250
6975 -2.4029
6976 2.0181
6977 -0.5030
6978 8.6817
6979 0.0000
6980 -0.2026
6981 -5.0171
6982 6.8741
6983 7.5188
6984 12.8204
6985 7.5953
6986 0.0000
6987 -10.3175
6988 6.9618
6989 3.9887
6990 0.0000
6991 2.9071
6992 4.1145
6993 10.4421
6994 9.9614
6995 -6.5891
6996 3.0898
6997 1.3679
6998 -3.2769
6999 0.0000
7000 -1.6291
7001 0.4501
7002 3.5997
7003 11.3095
7004 5.1051
7005 7.0473
7006 0.0000
7007 -4.4578
7008 5.9431
7009 2.7236
7010 4.5291
7011 -0.4649
7012 7.3825
7013 13.9514
7014 2.5023
7015 9.6198
7016 11.2902
7017 4.5974
7018 5.4404
7019 -1.0005
7020 5.1978
7021 0.0000
7022 2.1096
7023 -1.7316
7024 1.1224
7025 7.8602
7026 -12.8501
7027 7.5493
7028 -2.9750
7029 6.5038
7030 0.0000
7031 15.7566
7032 5.4904
7033 2.4342
7034 -3.3988
7035 0.8042
7036 11.9602
7037 0.0000
7038 5.3821
7039 0.9018
7040 6.3000
7041 0.0000
7042 5.4206
7043 -0.6730
7044 13.6441
7045 5.0647
7046 -2.9915
7047 7.9206
7048 2.0427
7049 4.9063
7050 0.0000
7051 4.9825
7052 5.5276
7053 -0.7307
7054 6.1489
7055 8.7212
7056 6.5302
7057 0.0000
7058 -7.0872
7059 0.4902
7060 7.3477
7061 0.0000
7062 4.6184
7063 1.9690
7064 1.4957
7065 -1.2228
7066 0.3354
7067 10.5701
7068 2.7545
7069 7.7123
7070 0.0000
7071 0.4883
7072 7.8311
7073 4.5048
7074 2.5126
7075 5.7648
7076 -6.5446
7077 0.0000
7078 -2.0856
7079 6.5222
7080 1.8811
7081 0.0000
7082 1.6964
7083 2.3480
7084 6.0785
7085 2.5846
7086 2.2244
7087 5.8601
7088 -2.7749
7089 0.9262
7090 0.0000
7091 7.3432
7092 7.9122
7093 3.2815
7094 5.5638
7095 1.2036
7096 2.1898
7097 0.0000
7098 -5.2485
7099 0.0000
7100 -4.2737
7101 0.0000
7102 12.3693
7103 0.2433
7104 6.5249
7105 2.7973
7106 7.7888
7107 7.8316
7108 5.0019
7109 8.3306
7110 0.0000
7111 -6.7983
7112 -0.4620
7113 2.9980
7114 -0.8990
7115 4.7349
7116 -1.3642
7117 0.0000
7118 -2.6252
7119 10.2853
7120 0.4806
7121 8.1862
7122 4.0528
7123 0.1521
7124 0.0000
7125 5.4722
7126 10.3530
7127 1.3301
7128 6.7226
7129 2.0311
7130 3.0745
7131 0.0000
7132 -0.8373
7133 -0.9355
7134 1.3308
7135 -0.1518
7136 1.9762
7137 10.4724
7138 0.0000
7139 2.5419
7140 -1.7825
7141 10.3426
7142 6.7151
7143 1.4879
7144 13.3558
7145 0.0000
7146 -1.0527
7147 0.7464
7148 11.5808
7149 8.4504
7150 -0.7330
7151 -1.1845
7152 0.0000
7153 2.1218
7154 -7.8121
7155 6.9890
7156 -0.4798
7157 -2.1133
7158 4.2607
7159 0.0000
7160 3.9188
7161 -2.4042
7162 4.7023
7163 5.6902
7164 4.4395
7165 2.9310
7166 0.0000
7167 2.4225
7168 2.7069
7169 8.4288
7170 -2.9312
7171 1.8629
7172 3.1212
7173 0.0000
7174 0.6839
7175 6.1048
7176 -3.3608
7177 3.0630
7178 3.2279
7179 2.5773
7180 0.0000
7181 -2.5280
7182 8.5244
7183 7.4841
7184 4.6840
7185 1.8817
7186 -0.8219
7187 0.0000
7188 1.9877
7189 2.5089
7190 5.1122
7191 -4.2128
7192 -1.6170
7193 -0.8283
7194 0.0000
7195 -4.3340
7196 2.2245
7197 5.8741
7198 -4.0542
7199 5.2116
7200 9.8688
7201 0.0000
7202 -6.4301
7203 5.2014
7204 9.4496
7205 6.8146
7206 4.3665
7207 8.5114
7208 0.0000
7209 0.2672
7210 -1.5444
7211 -3.3645
7212 0.8300
7213 -7.3031
7214 3.3148
7215 0.0000
7216 5.5727
7217 0.0000
7218 4.1995
7219 0.0000
7220 -2.2634
7221 0.0000
7222 5.4177
7223 -0.8305
7224 0.0000
7225 -0.6915
7226 10.2321
7227 8.6393
7228 1.8105
7229 0.0000
7230 5.4055
7231 -3.1884
7232 5.5321
7233 0.0000
7234 0.2780
7235 7.8166
7236 7.4119
7237 0.0000
7238 10.0342
7239 -0.9471
7240 -1.9173
7241 -1.2146
7242 2.2645
7243 0.3850
7244 4.0521
7245 6.2052
7246 3.1283
7247 0.0000
7248 3.7036
7249 0.9732
7250 4.0501
7251 8.2866
7252 5.0777
7253 -1.3937
7254 0.0000
7255 -5.0789
7256 0.1760
7257 7.0978
7258 3.7502
7259 2.7212
7260 15.3477
7261 0.0000
7262 -0.4803
7263 4.3915
7264 -5.0173
7265 0.0722
7266 -2.7356
7267 9.0291
7268 0.0000
7269 4.8010
7270 3.5436
7271 8.4115
7272 5.3970
7273 6.0299
7274 9.4466
7275 0.0000
7276 0.7719
7277 6.9444
7278 10.2487
7279 4.7561
7280 4.4669
7281 6.1419
7282 0.0000
7283 -3.3705
7284 6.9800
7285 3.0186
7286 -5.5098
7287 1.2130
7288 10.0045
7289 0.0000
7290 -0.7274
7291 -0.4824
7292 2.3379
7293 1.9250
7294 2.1291
7295 -1.5016
7296 0.0000
7297 5.0219
7298 2.3893
7299 -1.4890
7300 6.4049
7301 1.8617
7302 -0.6645
7303 0.0000
7304 -2.1170
7305 5.6312
7306 3.2179
7307 -2.3528
7308 6.1208
7309 0.1851
7310 0.0000
7311 -1.4693
7312 4.9376
7313 -4.1848
7314 -2.1722
7315 2.3258
7316 8.4939
7317 0.0000
7318 -3.0695
7319 6.6050
7320 6.7633
7321 1.7309
7322 -3.0602
7323 -1.6709
7324 0.0000
7325 -4.9429
7326 3.6546
7327 0.0000
7328 0.6232
7329 -4.1945
7330 7.7592
7331 3.0472
7332 -4.1154
7333 3.6210
7334 2.3593
7335 1.5710
7336 0.0000
7337 6.1740
7338 12.0354
7339 0.0000
7340 3.0682
7341 0.0000
7342 -4.7154
7343 0.0000
7344 8.2148
7345 9.3793
7346 0.0000
7347 7.9987
7348 12.8315
7349 0.0000
7350 10.8214
7351 -0.6943
7352 -2.3750
7353 0.0000
7354 -1.4600
7355 1.4020
7356 0.0000
7357 4.1420
7358 12.6012
7359 2.1438
7360 0.0000
7361 6.3389
7362 5.7092
7363 0.0000
7364 3.9256
7365 8.6920
7366 -2.2786
7367 0.0000
7368 -6.5616
7369 -2.8901
7370 0.0000
7371 3.8057
7372 5.1632
7373 -0.9459
7374 0.0000
7375 3.6087
7376 -1.1702
7377 0.0000
7378 2.4259
7379 -2.1996
7380 9.3065
7381 0.0000
7382 -2.5374
7383 2.9243
7384 0.0000
7385 -3.4067
7386 11.0571
7387 5.7086
7388 0.0000
7389 6.1173
7390 4.4024
7391 0.0000
7392 3.9456
7393 12.4634
7394 -0.2651
7395 0.0000
7396 -5.2027
7397 5.6360
7398 0.0000
7399 -0.5585
7400 -2.7448
7401 2.1639
7402 0.0000
7403 -4.5761
7404 -4.3073
7405 0.0000
7406 1.6088
7407 9.7470
7408 5.9835
7409 0.0000
7410 -0.7602
7411 5.6327
7412 0.0000
7413 0.6513
7414 6.2226
7415 4.1413
7416 0.0000
7417 -7.7568
7418 8.1941
7419 0.0000
7420 3.0789
7421 1.4493
7422 -0.4534
7423 0.0000
7424 -8.0416
7425 0.8743
7426 0.0000
7427 4.7781
7428 15.1002
7429 5.7543
7430 0.0000
7431 3.1968
7432 5.7941
7433 0.0000
7434 2.4547
7435 7.3989
7436 8.6916
7437 0.0000
7438 2.4384
7439 5.9309
7440 0.0000
7441 6.5168
7442 7.9462
7443 3.8237
7444 0.0000
7445 -2.6822
7446 2.4964
7447 0.0000
7448 3.1697
7449 9.6580
7450 13.3112
7451 0.0000
7452 -6.1252
7453 13.8080
7454 0.0000
7455 12.4235
7456 3.2277
7457 7.0748
7458 0.0000
7459 11.2871
7460 0.0000
7461 3.2088
7462 0.0000
7463 6.6499
7464 5.1314
7465 0.0000
7466 3.3422
7467 0.0000
7468 9.5511
7469 0.0000
7470 4.0473
7471 8.7096
7472 6.3575
7473 0.0000
7474 4.3691
7475 8.4391
7476 6.8486
7477 0.0000
7478 4.7053
7479 10.3794
7480 7.5493
7481 0.0000
7482 0.8825
7483 0.0000
7484 4.7356
7485 0.0000
7486 13.2608
7487 2.4779
7488 0.0000
7489 2.5177
7490 0.0000
7491 10.8141
7492 2.3273
7493 -3.3718
7494 7.5632
7495 -2.0286
7496 4.0712
7497 -0.5665
7498 3.7019
7499 0.0000
7500 -1.7402
7501 0.4780
7502 5.7294
7503 8.8874
7504 4.1476
7505 9.2225
7506 0.0000
7507 -4.1906
7508 7.5314
7509 -8.6622
7510 5.0176
7511 -0.8064
7512 10.9146
7513 0.0000
7514 6.9427
7515 3.5634
7516 7.2013
7517 2.6984
7518 3.9960
7519 -0.8986
7520 0.0000
7521 2.5581
7522 3.4971
7523 7.7919
7524 7.6515
7525 5.5299
7526 3.1785
7527 0.0000
7528 2.2098
7529 1.9732
7530 -3.8552
7531 5.0292
7532 4.6060
7533 10.8964
7534 0.0000
7535 -1.7947
7536 7.2691
7537 3.3439
7538 2.1734
7539 3.9949
7540 8.7605
7541 0.0000
7542 -5.5357
7543 -1.7173
7544 0.8712
7545 6.0495
7546 2.5117
7547 9.6785
7548 0.0000
7549 1.2166
7550 4.4541
7551 2.5424
7552 -1.4537
7553 8.4319
7554 2.8546
7555 0.0000
7556 2.9459
7557 0.5765
7558 3.7122
7559 2.4579
7560 6.7160
7561 4.8583
7562 0.0000
7563 -8.2708
7564 11.9197
7565 4.2540
7566 4.7773
7567 6.5797
7568 -1.3499
7569 0.0000
7570 1.4156
7571 -5.6330
7572 10.8299
7573 7.5332
7574 -1.9301
7575 11.1438
7576 0.0000
7577 -2.7412
7578 1.5930
7579 6.2934
7580 6.8907
7581 4.0619
7582 1.7295
7583 0.0000
7584 -1.2563
7585 1.2521
7586 8.1985
7587 10.2187
7588 -2.4626
7589 7.3406
7590 0.0000
7591 -0.7854
7592 0.9706
7593 11.1008
7594 5.1912
7595 6.5760
7596 8.9126
7597 0.0000
7598 -2.8268
7599 -0.8497
7600 7.0518
7601 1.8388
7602 6.6005
7603 0.0618
7604 0.0000
7605 1.4517
7606 0.0000
7607 0.8962
7608 -6.9725
7609 0.0000
7610 5.4466
7611 6.5748
7612 0.0000
7613 -0.1700
7614 4.0041
7615 0.0000
7616 3.7686
7617 0.0000
7618 -1.1399
7619 3.9056
7620 0.0000
7621 4.7842
7622 4.3287
7623 0.0000
7624 4.6455
7625 0.0000
7626 8.3126
7627 1.9338
7628 0.0000
7629 -0.0309
7630 1.2808
7631 0.0000
7632 4.9783
7633 0.0000
7634 9.0710
7635 6.6626
7636 0.0000
7637 5.7654
7638 3.7720
7639 0.0000
7640 -1.0056
7641 0.0000
7642 0.6762
7643 1.6997
7644 0.0000
7645 5.1516
7646 -1.3403
7647 0.0000
7648 8.1214
7649 0.0000
7650 2.1237
7651 4.5357
7652 0.0000
7653 4.2285
7654 7.9975
7655 0.0000
7656 3.6292
7657 0.0000
7658 -0.4909
7659 4.5225
7660 0.0000
7661 7.1479
7662 8.5041
7663 0.0000
7664 -1.3976
7665 0.0000
7666 2.3636
7667 8.6555
7668 0.0000
7669 2.6441
7670 5.8386
7671 0.0000
7672 8.0648
7673 0.0000
7674 -0.7405
7675 6.4638
7676 0.0000
7677 1.4330
7678 9.9669
7679 0.0000
7680 3.3763
7681 0.0000
7682 -2.9310
7683 -0.2417
7684 0.0000
7685 0.3570
7686 7.7505
7687 0.0000
7688 4.3497
7689 0.0000
7690 3.0373
7691 7.8431
7692 0.0000
7693 6.2058
7694 10.7220
7695 0.0000
7696 2.8044
7697 0.0000
7698 -6.5847
7699 4.6594
7700 0.0000
7701 10.1205
7702 7.2091
7703 0.0000
7704 1.0619
7705 0.0000
7706 -1.7141
7707 3.8680
7708 0.0000
7709 1.0855
7710 4.5131
7711 0.0000
7712 2.1057
7713 0.0000
7714 2.9264
7715 2.4617
7716 0.0000
7717 9.8688
7718 8.2936
7719 0.0000
7720 3.4455
7721 0.0000
7722 4.8944
7723 4.5234
7724 0.0000
7725 2.1140
7726 8.8579
7727 0.0000
7728 3.8472
7729 0.0000
7730 -1.0052
7731 2.2540
7732 0.0000
7733 -1.2261
7734 -5.6595
7735 0.0000
7736 2.1409
7737 0.0000
7738 -0.0162
7739 0.0000
7740 6.7659
