# input  : 16 : 8C 53 F3 60 D3 05 C0 79 5B C0 F8 61 92 68 71 06 
# output : 16 : BB A2 8E 8E F4 2C 93 6C 75 5C 7C B8 A4 EA CA DF 
# cycles : 7740
1 0.0000
2 5.1362
3 8.3873
4 0.0000
5 1.0763
6 0.0000
7 3.0438
8 3.8786
9 0.0000
10 0.8582
11 1.2709
12 0.0000
13 0.8293
14 0.0000
15 0.8185
16 2.0118
17 0.0000
18 3.5788
19 5.0975
20 0.0000
21 1.9989
22 0.0000
23 5.3393
24 5.4637
25 0.0000
26 -1.6452
27 8.7159
28 0.0000
29 2.8467
30 0.0000
31 -1.2748
32 9.1690
33 0.0000
34 1.2391
35 2.1805
36 0.0000
37 0.0221
38 0.0000
39 4.3817
40 9.5006
41 0.0000
42 -1.6677
43 0.1070
44 0.0000
45 4.7055
46 0.0000
47 4.8329
48 -0.0652
49 0.0000
50 2.3275
51 3.3005
52 0.0000
53 -0.9869
54 0.0000
55 6.0301
56 4.8026
57 0.0000
58 -2.2540
59 3.5477
60 0.0000
61 4.4905
62 0.0000
63 12.6896
64 4.9529
65 0.0000
66 -2.9141
67 5.0057
68 0.0000
69 2.8794
70 0.0000
71 1.6456
72 2.6837
73 0.0000
74 1.6049
75 2.5950
76 0.0000
77 -6.8374
78 0.0000
79 -1.1243
80 0.2586
81 0.0000
82 4.2869
83 -2.6864
84 0.0000
85 -2.1355
86 0.0000
87 3.0132
88 3.1474
89 0.0000
90 -0.8055
91 1.3794
92 0.0000
93 2.8133
94 0.0000
95 5.5367
96 1.3773
97 0.0000
98 5.3260
99 4.5144
100 0.0000
101 3.4642
102 0.0000
103 5.8109
104 3.7295
105 0.0000
106 4.7306
107 4.2380
108 0.0000
109 7.5563
110 0.0000
111 5.0333
112 0.2241
113 0.0000
114 7.9061
115 -2.1402
116 0.0000
117 -1.1826
118 0.0000
119 5.2895
120 8.5112
121 0.0000
122 8.8157
123 6.8973
124 0.0000
125 0.7088
126 0.0000
127 1.8322
128 2.5005
129 0.0000
130 1.1951
131 0.8622
132 0.0000
133 4.7270
134 0.0000
135 6.6213
136 -3.0640
137 0.0000
138 7.0003
139 -0.2361
140 2.0691
141 0.0000
142 1.3993
143 4.3368
144 5.7180
145 5.3593
146 0.0000
147 -3.0050
148 4.2271
149 0.0000
150 7.1908
151 0.3074
152 -0.6362
153 1.3149
154 0.0000
155 0.1036
156 -1.2942
157 0.0000
158 3.8526
159 -3.4998
160 1.6702
161 2.1600
162 0.0000
163 0.7855
164 -7.1824
165 0.0000
166 0.1568
167 0.5458
168 1.0603
169 -2.4354
170 0.0000
171 0.2404
172 -4.0056
173 0.0000
174 4.1278
175 4.6908
176 4.8035
177 0.4847
178 0.0000
179 1.2085
180 2.2911
181 0.0000
182 11.3981
183 4.6303
184 0.8677
185 -0.1219
186 0.0000
187 -2.1382
188 -0.7960
189 0.0000
190 10.4804
191 5.3442
192 0.2119
193 -1.7323
194 0.0000
195 5.4261
196 0.6425
197 0.0000
198 5.5076
199 5.4369
200 5.0127
201 -6.5633
202 0.0000
203 -1.7766
204 3.3365
205 0.0000
206 11.6472
207 12.3173
208 8.4729
209 4.7353
210 0.0000
211 5.3478
212 3.2481
213 0.0000
214 11.2582
215 8.8039
216 3.6619
217 12.3693
218 0.0000
219 4.5256
220 -4.6201
221 0.0000
222 0.8126
223 7.1211
224 4.4895
225 -0.1924
226 0.0000
227 -0.1586
228 6.3464
229 0.0000
230 0.2747
231 -2.1555
232 0.5475
233 -0.7360
234 0.0000
235 1.5343
236 -3.1792
237 0.0000
238 2.5538
239 -1.7901
240 10.0927
241 1.1820
242 0.0000
243 -3.3767
244 3.0465
245 0.0000
246 12.2230
247 11.7998
248 3.1824
249 9.7205
250 0.0000
251 1.1995
252 2.6545
253 0.0000
254 8.5575
255 6.1506
256 2.3444
257 2.0154
258 0.0000
259 7.4104
260 16.1767
261 0.0000
262 1.7574
263 10.1178
264 8.1429
265 -1.8529
266 0.0000
267 1.0074
268 -5.6271
269 0.0000
270 5.6136
271 0.0000
272 2.5238
273 -2.4901
274 -4.6375
275 15.8618
276 -1.1825
277 9.9238
278 4.0023
279 1.7914
280 0.0000
281 3.9668
282 3.5497
283 0.6004
284 4.3592
285 6.3617
286 5.3969
287 0.0000
288 -1.1218
289 4.7031
290 8.8443
291 8.9932
292 15.9913
293 0.1116
294 0.0000
295 1.1688
296 4.7422
297 7.9126
298 6.9289
299 2.1064
300 -0.2644
301 0.0000
302 0.9720
303 -1.3861
304 0.6961
305 10.1327
306 5.2077
307 2.0222
308 0.0000
309 -7.9684
310 2.5629
311 7.8424
312 4.4026
313 -0.2695
314 5.9822
315 0.0000
316 -0.9112
317 0.8720
318 6.8632
319 0.0254
320 6.7813
321 8.6667
322 0.0000
323 5.2938
324 2.7988
325 11.2450
326 13.3834
327 -0.0711
328 -6.2823
329 0.0000
330 -0.3834
331 1.9484
332 1.6675
333 6.7966
334 1.2020
335 5.1733
336 0.0000
337 -1.7843
338 9.6675
339 9.5874
340 1.3734
341 4.1287
342 -2.7475
343 0.0000
344 2.6286
345 6.0226
346 6.8445
347 6.3787
348 -3.1452
349 6.1079
350 0.0000
351 0.3007
352 7.9340
353 -1.6679
354 2.3695
355 6.2414
356 -9.1144
357 0.0000
358 1.4082
359 4.8930
360 1.5849
361 5.9052
362 2.0817
363 -2.3655
364 0.0000
365 -1.8319
366 2.8236
367 4.5714
368 5.5173
369 7.7876
370 8.0925
371 0.0000
372 7.2956
373 3.2479
374 9.8831
375 0.4168
376 2.7340
377 7.8288
378 0.0000
379 5.9955
380 9.1505
381 8.2299
382 2.0882
383 -0.2495
384 2.8942
385 0.0000
386 -0.4010
387 0.0000
388 -4.2635
389 0.0000
390 4.4529
391 0.0000
392 5.1904
393 9.8689
394 0.0000
395 12.3842
396 5.2735
397 3.7068
398 3.9256
399 0.0000
400 3.5852
401 1.1615
402 4.9824
403 0.0000
404 8.6276
405 4.0196
406 -0.8407
407 0.0000
408 2.0714
409 5.0328
410 3.1417
411 0.9305
412 3.8953
413 -1.7232
414 6.0393
415 -4.1207
416 4.3446
417 0.0000
418 0.2497
419 6.1713
420 7.6567
421 -5.1933
422 3.4771
423 5.0502
424 0.0000
425 1.0540
426 1.1028
427 8.9446
428 0.9285
429 1.8618
430 6.9180
431 0.0000
432 2.6005
433 -6.5485
434 10.6190
435 7.8815
436 8.1609
437 8.3829
438 0.0000
439 0.1155
440 2.9834
441 11.2724
442 5.4056
443 0.1549
444 7.4770
445 0.0000
446 -0.6518
447 3.3346
448 10.6576
449 11.3379
450 -1.1278
451 4.7347
452 0.0000
453 -1.0921
454 1.5955
455 1.6149
456 7.1678
457 -0.3523
458 8.1287
459 0.0000
460 6.8326
461 3.1167
462 5.8922
463 1.8580
464 -1.3814
465 5.6682
466 0.0000
467 6.4045
468 6.1808
469 -1.2167
470 -5.7210
471 -3.6254
472 -0.1724
473 0.0000
474 0.6239
475 7.7539
476 5.7867
477 11.6491
478 2.5625
479 0.6003
480 0.0000
481 0.8684
482 9.4309
483 -0.2966
484 9.0229
485 -2.6218
486 7.1003
487 0.0000
488 -4.5852
489 2.8300
490 1.8202
491 -2.4619
492 -0.1561
493 -6.4200
494 0.0000
495 1.9912
496 0.9618
497 0.0000
498 5.8295
499 -2.3381
500 -2.5071
501 -2.5018
502 2.8236
503 0.8557
504 2.6107
505 4.1229
506 0.0000
507 8.3251
508 -0.4538
509 0.0000
510 6.4080
511 5.0713
512 0.0000
513 -1.9090
514 2.3629
515 0.0000
516 -6.4493
517 11.4312
518 0.0000
519 6.5038
520 7.2676
521 1.8952
522 0.0000
523 3.7527
524 3.9685
525 0.0000
526 11.3735
527 5.6623
528 6.9576
529 0.0000
530 4.7769
531 4.5970
532 0.0000
533 3.8437
534 7.3523
535 17.3313
536 0.0000
537 -1.6084
538 8.7527
539 0.0000
540 10.4341
541 3.3667
542 4.4166
543 0.0000
544 -7.5772
545 5.6744
546 0.0000
547 -1.6550
548 1.4168
549 4.3177
550 0.0000
551 -1.8502
552 7.8791
553 0.0000
554 4.4686
555 7.3253
556 8.8263
557 0.0000
558 -4.8304
559 6.8086
560 0.0000
561 12.3739
562 -2.6906
563 8.3400
564 0.0000
565 -0.4114
566 5.9447
567 0.0000
568 6.5983
569 9.5329
570 4.7275
571 0.0000
572 -1.7554
573 2.6447
574 0.0000
575 1.5632
576 -0.6530
577 -1.3475
578 0.0000
579 2.2304
580 4.7565
581 0.0000
582 5.0685
583 3.6094
584 3.7335
585 0.0000
586 3.5401
587 8.1006
588 0.0000
589 6.2882
590 -0.1372
591 -2.0722
592 0.0000
593 -1.3578
594 11.4479
595 0.0000
596 5.8491
597 3.3243
598 4.2837
599 0.0000
600 -1.8027
601 5.7583
602 0.0000
603 -2.8374
604 4.3063
605 3.6868
606 0.0000
607 0.2757
608 3.4198
609 0.0000
610 0.8105
611 11.7352
612 -2.1846
613 0.0000
614 -3.1398
615 2.2067
616 0.0000
617 3.7206
618 3.8344
619 4.5036
620 0.0000
621 4.2074
622 1.2585
623 0.0000
624 -0.9372
625 -0.3277
626 -2.9566
627 0.0000
628 -2.5567
629 0.0000
630 0.4371
631 0.0000
632 4.5111
633 -4.1745
634 0.0000
635 5.2200
636 0.0000
637 2.2450
638 0.0000
639 -2.9935
640 -3.6917
641 0.7389
642 0.0000
643 1.6951
644 2.2476
645 11.1087
646 0.0000
647 2.4006
648 2.1732
649 -0.2219
650 0.0000
651 -2.0747
652 0.0000
653 5.1969
654 0.0000
655 5.9373
656 -1.8986
657 0.0000
658 -2.3950
659 0.0000
660 1.4338
661 -2.4904
662 2.6003
663 12.4960
664 0.1608
665 3.9431
666 9.6716
667 3.0918
668 5.7505
669 0.0078
670 9.1795
671 11.0184
672 -2.0208
673 4.2654
674 9.7655
675 9.4438
676 0.0000
677 -0.9119
678 -1.5768
679 -2.7260
680 5.2880
681 -1.1102
682 -0.5522
683 6.9742
684 4.1323
685 0.0000
686 5.3164
687 8.7576
688 -0.8027
689 10.6505
690 5.0009
691 0.1470
692 0.0000
693 -1.6822
694 -3.1692
695 0.5082
696 0.0000
697 2.4721
698 0.4010
699 10.3105
700 6.8506
701 4.3618
702 -8.3193
703 -2.6009
704 0.0819
705 0.0000
706 12.0796
707 5.2300
708 4.3053
709 4.1167
710 3.5729
711 4.4856
712 0.0000
713 -3.5171
714 1.9581
715 6.1498
716 0.0000
717 -2.0042
718 0.0485
719 4.1209
720 4.9372
721 -0.4271
722 10.3526
723 -0.4990
724 4.1726
725 0.0000
726 7.8537
727 10.2632
728 13.0836
729 13.4552
730 9.8700
731 8.3368
732 0.0000
733 -4.3341
734 -1.2706
735 3.3919
736 0.0000
737 10.8927
738 -0.1640
739 0.1582
740 -6.2596
741 -1.7504
742 9.6687
743 4.6111
744 6.5797
745 0.0000
746 4.7875
747 7.8424
748 -2.9934
749 4.0017
750 0.9997
751 0.0969
752 0.0000
753 -4.8255
754 -0.5281
755 6.9399
756 3.5472
757 -1.3835
758 11.0703
759 10.8591
760 6.0404
761 9.5703
762 4.2659
763 2.7209
764 1.5259
765 1.7429
766 3.9484
767 0.0000
768 -0.7482
769 -5.4947
770 6.2737
771 -6.0513
772 3.0277
773 13.8594
774 5.0812
775 2.3764
776 0.0000
777 3.4691
778 5.2317
779 -4.1247
780 2.9426
781 0.4497
782 4.3410
783 0.0000
784 1.4039
785 -0.4724
786 6.3803
787 0.0000
788 3.9198
789 -1.4450
790 4.0517
791 1.3473
792 -0.3278
793 -7.1736
794 -4.4311
795 2.9965
796 0.0000
797 8.4953
798 8.4430
799 2.2604
800 8.7105
801 9.3848
802 -1.3834
803 0.0000
804 2.8649
805 3.5852
806 -2.3521
807 0.0000
808 8.6414
809 1.5442
810 5.5054
811 -2.2760
812 -0.1124
813 0.1833
814 -1.5163
815 5.7626
816 0.0000
817 6.8309
818 2.1749
819 6.1836
820 6.6676
821 8.7946
822 -2.7376
823 0.0000
824 1.7913
825 5.9646
826 9.1346
827 0.0000
828 4.0378
829 -4.2526
830 5.3197
831 -0.1602
832 -2.0924
833 -2.4879
834 1.1768
835 5.4800
836 0.0000
837 8.0678
838 -3.3581
839 4.5992
840 8.5288
841 0.3312
842 8.3417
843 0.0000
844 4.8966
845 9.5192
846 7.2670
847 1.9841
848 5.7413
849 5.2518
850 6.2323
851 8.4352
852 1.5158
853 3.8030
854 8.0794
855 0.7658
856 0.8999
857 1.4895
858 0.0000
859 8.4428
860 -0.8670
861 5.9703
862 3.4433
863 -3.4482
864 7.2247
865 2.9520
866 4.0336
867 0.0000
868 7.0075
869 11.1914
870 9.2455
871 8.7673
872 -5.0168
873 8.7922
874 0.0000
875 1.0171
876 3.0993
877 4.9787
878 0.0000
879 -1.4484
880 -1.0844
881 5.8782
882 3.3358
883 -5.0839
884 12.3834
885 6.4482
886 4.4384
887 0.0000
888 4.6976
889 3.4588
890 9.9233
891 0.3064
892 -2.7196
893 4.3140
894 0.0000
895 3.6496
896 14.8322
897 -8.2713
898 0.0000
899 7.2891
900 2.3825
901 -0.7071
902 -0.4463
903 -0.9648
904 -0.2395
905 -3.0218
906 4.0226
907 0.0000
908 7.2883
909 2.7194
910 6.2803
911 2.8658
912 5.6970
913 3.4529
914 0.0000
915 -0.3079
916 3.9172
917 0.4243
918 0.0000
919 0.6255
920 3.8917
921 6.6552
922 6.6385
923 -7.2173
924 1.2085
925 2.1383
926 1.1172
927 0.0000
928 5.2320
929 2.2293
930 5.2220
931 3.2472
932 0.8325
933 4.0444
934 0.0000
935 2.9032
936 -0.3959
937 1.4697
938 -0.9884
939 0.5001
940 1.6666
941 1.5932
942 -1.2131
943 -2.8014
944 -0.4952
945 6.7934
946 1.5405
947 8.5478
948 -0.9660
949 0.0000
950 2.6910
951 1.1676
952 11.8337
953 -2.3147
954 -8.6443
955 10.5935
956 4.6795
957 4.1040
958 0.0000
959 7.2422
960 -4.4764
961 4.9542
962 3.6715
963 9.0371
964 9.4041
965 0.0000
966 2.4712
967 2.3953
968 4.3439
969 0.0000
970 -1.0216
971 2.3537
972 -3.1868
973 0.0751
974 5.2812
975 -4.7365
976 -1.6570
977 3.1392
978 0.0000
979 4.5656
980 -1.6089
981 5.1147
982 10.2438
983 6.4292
984 2.5392
985 0.0000
986 1.1005
987 2.3510
988 14.7852
989 0.0000
990 8.8518
991 -1.2476
992 -1.4553
993 5.7419
994 -1.4229
995 8.3861
996 -0.3791
997 2.2353
998 0.0000
999 3.1737
1000 8.5611
1001 6.6117
1002 11.9944
1003 8.0803
1004 5.7184
1005 0.0000
1006 2.3202
1007 6.8973
1008 -1.5898
1009 0.0000
1010 6.4185
1011 -4.1416
1012 0.8057
1013 0.8413
1014 1.9754
1015 1.5981
1016 -0.5179
1017 -5.6130
1018 0.0000
1019 -0.9932
1020 7.1164
1021 0.0693
1022 -6.0683
1023 -3.8797
1024 3.7546
1025 0.0000
1026 -0.1809
1027 0.0000
1028 5.4928
1029 0.0000
1030 2.9006
1031 0.9321
1032 0.5938
1033 9.3204
1034 7.6574
1035 0.7113
1036 3.4254
1037 1.5549
1038 0.0000
1039 -7.0313
1040 0.6816
1041 6.7271
1042 11.3361
1043 3.4213
1044 3.3397
1045 0.0000
1046 9.1522
1047 7.4116
1048 5.3151
1049 3.8447
1050 7.3590
1051 2.2178
1052 0.0000
1053 1.4983
1054 2.3941
1055 6.2957
1056 9.5687
1057 0.6011
1058 2.0046
1059 0.0000
1060 -6.4759
1061 2.9967
1062 10.6188
1063 5.0072
1064 3.4070
1065 -3.5715
1066 0.0000
1067 -0.3657
1068 4.7842
1069 1.0835
1070 3.3899
1071 4.1757
1072 2.9078
1073 0.0000
1074 5.2385
1075 4.6264
1076 7.5470
1077 8.8367
1078 7.7982
1079 2.9760
1080 0.0000
1081 -3.4400
1082 4.7830
1083 5.0361
1084 3.6026
1085 3.9948
1086 7.9222
1087 0.0000
1088 3.8826
1089 6.0820
1090 3.5009
1091 5.4135
1092 13.5743
1093 -4.4257
1094 0.0000
1095 -6.5706
1096 5.1758
1097 3.9959
1098 -0.3486
1099 11.0780
1100 -4.4599
1101 0.0000
1102 -4.2016
1103 -2.6253
1104 5.3230
1105 5.3485
1106 4.3609
1107 0.7073
1108 0.0000
1109 3.0169
1110 8.2306
1111 3.6317
1112 5.1269
1113 8.0641
1114 5.0837
1115 0.0000
1116 7.3820
1117 9.1360
1118 6.7553
1119 4.7043
1120 0.0602
1121 5.0725
1122 0.0000
1123 0.9953
1124 1.1587
1125 0.6975
1126 -3.2659
1127 5.6096
1128 6.5008
1129 0.0000
1130 -2.7510
1131 1.3584
1132 2.5139
1133 2.5715
1134 12.5404
1135 4.9024
1136 0.0000
1137 -2.6211
1138 8.8909
1139 4.8481
1140 -0.9621
1141 6.6870
1142 5.7997
1143 0.0000
1144 -1.3572
1145 0.0000
1146 1.5692
1147 0.0000
1148 6.9599
1149 0.0000
1150 5.8163
1151 1.4400
1152 0.0000
1153 1.2218
1154 0.4634
1155 7.9302
1156 11.5943
1157 0.0000
1158 6.3822
1159 4.8353
1160 1.7523
1161 0.0000
1162 5.4481
1163 5.5415
1164 4.1438
1165 0.0000
1166 6.3473
1167 7.7528
1168 1.4132
1169 1.6509
1170 1.0428
1171 11.4398
1172 4.8302
1173 8.2512
1174 -1.5268
1175 0.0000
1176 -5.9798
1177 -0.8144
1178 5.4747
1179 2.9719
1180 3.4597
1181 7.9559
1182 0.0000
1183 2.6604
1184 8.1852
1185 11.7695
1186 3.2393
1187 6.0330
1188 5.3602
1189 0.0000
1190 -3.7539
1191 8.5153
1192 -2.5066
1193 0.1590
1194 2.1182
1195 1.8150
1196 0.0000
1197 -1.2669
1198 4.1310
1199 8.4637
1200 4.8224
1201 4.6211
1202 4.2143
1203 0.0000
1204 -2.6211
1205 0.9209
1206 7.7638
1207 10.4382
1208 3.1794
1209 11.0279
1210 0.0000
1211 3.5990
1212 -2.8688
1213 8.8832
1214 8.2998
1215 2.6982
1216 -7.2008
1217 0.0000
1218 4.7137
1219 -1.3251
1220 3.1227
1221 6.2327
1222 2.8301
1223 10.6270
1224 0.0000
1225 10.4577
1226 1.6124
1227 5.4865
1228 2.2237
1229 3.1000
1230 13.1964
1231 0.0000
1232 0.1544
1233 -0.9070
1234 -1.8623
1235 2.7561
1236 10.6601
1237 6.9601
1238 0.0000
1239 -2.0118
1240 -4.3483
1241 4.6033
1242 10.7559
1243 6.5247
1244 6.8960
1245 0.0000
1246 0.9568
1247 1.2305
1248 6.2102
1249 6.3707
1250 -2.3227
1251 4.3831
1252 0.0000
1253 -8.6561
1254 1.4418
1255 0.0000
1256 5.2684
1257 0.7904
1258 -6.4105
1259 0.4870
1260 3.8067
1261 1.4730
1262 3.8415
1263 3.6098
1264 0.0000
1265 12.0181
1266 -2.1302
1267 0.0000
1268 8.7950
1269 0.0000
1270 0.4995
1271 0.0000
1272 -0.2457
1273 11.8770
1274 0.0000
1275 5.0906
1276 2.4890
1277 0.0000
1278 16.2971
1279 7.7752
1280 4.7616
1281 0.0000
1282 3.7446
1283 1.4785
1284 0.0000
1285 -0.3632
1286 7.0903
1287 0.4972
1288 0.0000
1289 -2.7286
1290 1.9967
1291 0.0000
1292 1.0592
1293 -2.7704
1294 6.3586
1295 0.0000
1296 0.7469
1297 4.1290
1298 0.0000
1299 9.8054
1300 1.2191
1301 5.5465
1302 0.0000
1303 3.8758
1304 3.1986
1305 0.0000
1306 0.1244
1307 9.5681
1308 -0.7723
1309 0.0000
1310 6.7119
1311 -2.7005
1312 0.0000
1313 -4.5074
1314 0.9761
1315 13.0765
1316 0.0000
1317 5.3497
1318 3.1815
1319 0.0000
1320 4.0977
1321 2.1538
1322 3.6619
1323 0.0000
1324 1.0777
1325 -5.6234
1326 0.0000
1327 1.9034
1328 3.9600
1329 -0.5592
1330 0.0000
1331 5.1846
1332 9.4843
1333 0.0000
1334 3.4133
1335 -2.8527
1336 3.3963
1337 0.0000
1338 3.5412
1339 0.4681
1340 0.0000
1341 8.3442
1342 5.2646
1343 1.2157
1344 0.0000
1345 7.9420
1346 3.2221
1347 0.0000
1348 3.9872
1349 8.8503
1350 -1.9228
1351 0.0000
1352 0.0112
1353 0.0789
1354 0.0000
1355 7.8752
1356 -0.1022
1357 -1.3106
1358 0.0000
1359 8.5137
1360 9.8315
1361 0.0000
1362 0.1652
1363 -2.7792
1364 10.3574
1365 0.0000
1366 -0.7472
1367 1.4395
1368 0.0000
1369 -0.9524
1370 3.0592
1371 6.5614
1372 0.0000
1373 -3.8513
1374 7.2515
1375 0.0000
1376 2.3269
1377 4.9393
1378 9.7573
1379 0.0000
1380 2.5030
1381 -1.6745
1382 0.0000
1383 5.1494
1384 12.7431
1385 0.4537
1386 0.0000
1387 -2.5638
1388 0.0000
1389 1.7492
1390 0.0000
1391 4.1789
1392 2.0463
1393 0.0000
1394 1.2840
1395 0.0000
1396 2.5121
1397 0.0000
1398 4.5522
1399 -3.3296
1400 2.4700
1401 0.0000
1402 8.3668
1403 1.9736
1404 4.7578
1405 0.0000
1406 -1.6569
1407 3.2113
1408 8.5455
1409 0.0000
1410 6.7476
1411 0.0000
1412 -1.1329
1413 0.0000
1414 -1.1921
1415 4.1486
1416 0.0000
1417 4.1199
1418 0.0000
1419 9.4593
1420 -1.3765
1421 0.9157
1422 8.9902
1423 7.6099
1424 3.7612
1425 2.6082
1426 3.3603
1427 1.3355
1428 7.8125
1429 -1.2965
1430 1.7833
1431 10.9754
1432 -3.6589
1433 3.3747
1434 7.3019
1435 0.0000
1436 14.3951
1437 -1.3860
1438 -3.7785
1439 9.9307
1440 2.6354
1441 3.6396
1442 5.2429
1443 0.4712
1444 0.0000
1445 8.8674
1446 5.1720
1447 1.7645
1448 6.9282
1449 5.1298
1450 2.2283
1451 0.0000
1452 4.8305
1453 2.6062
1454 3.8948
1455 0.0000
1456 1.7988
1457 -1.9980
1458 11.5557
1459 4.2074
1460 1.2501
1461 5.2247
1462 -0.5962
1463 1.5667
1464 0.0000
1465 1.6697
1466 -1.2562
1467 -2.0187
1468 6.2668
1469 2.8266
1470 2.0359
1471 0.0000
1472 -0.3184
1473 2.4208
1474 9.1122
1475 0.0000
1476 6.0139
1477 2.0252
1478 5.1830
1479 7.2589
1480 8.2064
1481 1.4626
1482 0.9499
1483 3.3541
1484 0.0000
1485 3.7550
1486 5.5037
1487 -9.2596
1488 -0.4848
1489 0.2006
1490 0.7470
1491 0.0000
1492 -0.7634
1493 8.7096
1494 2.7516
1495 0.0000
1496 5.3493
1497 -3.3608
1498 3.5042
1499 5.3691
1500 -3.0209
1501 10.5703
1502 4.8643
1503 4.3001
1504 0.0000
1505 5.2527
1506 -2.1042
1507 13.1569
1508 13.6955
1509 4.2933
1510 8.1229
1511 0.0000
1512 4.1487
1513 4.7149
1514 2.6424
1515 -0.4549
1516 7.6565
1517 0.0890
1518 1.3376
1519 -2.2695
1520 0.0383
1521 4.7726
1522 4.5338
1523 1.3907
1524 9.4437
1525 5.8774
1526 0.0000
1527 7.1120
1528 -1.3712
1529 8.2487
1530 2.8467
1531 4.6494
1532 -0.4167
1533 -2.4130
1534 7.1127
1535 0.0000
1536 2.9840
1537 0.5745
1538 1.7397
1539 9.7205
1540 5.9853
1541 3.7542
1542 0.0000
1543 6.6784
1544 6.7768
1545 4.8280
1546 0.0000
1547 2.6271
1548 4.4812
1549 5.7403
1550 2.5883
1551 8.2729
1552 -4.9038
1553 -1.0172
1554 1.9791
1555 0.0000
1556 4.9188
1557 3.0931
1558 5.1444
1559 1.6674
1560 -0.2786
1561 1.7356
1562 0.0000
1563 -3.8586
1564 0.4080
1565 9.8439
1566 0.0000
1567 -1.9887
1568 -2.0394
1569 2.4014
1570 3.6526
1571 3.2638
1572 1.0018
1573 0.1014
1574 -0.0405
1575 0.0000
1576 10.6360
1577 -2.2977
1578 1.5888
1579 4.0043
1580 11.7556
1581 -5.2673
1582 0.0000
1583 8.3460
1584 7.1283
1585 8.8331
1586 0.0000
1587 6.1326
1588 -0.1119
1589 0.1539
1590 6.9055
1591 1.1204
1592 -7.1482
1593 -0.5815
1594 7.3511
1595 0.0000
1596 3.4523
1597 3.6972
1598 4.8762
1599 1.0142
1600 -2.7797
1601 -3.6890
1602 0.0000
1603 0.7784
1604 3.7878
1605 4.9831
1606 5.4802
1607 3.2184
1608 3.0153
1609 1.4026
1610 3.9064
1611 1.5625
1612 4.3564
1613 3.3642
1614 -0.6883
1615 4.8774
1616 3.8605
1617 0.0000
1618 3.6086
1619 4.9454
1620 2.0618
1621 0.3624
1622 6.0631
1623 -2.9682
1624 -0.9696
1625 5.0984
1626 0.0000
1627 -3.9152
1628 11.3399
1629 3.7271
1630 12.3337
1631 2.2065
1632 2.2132
1633 0.0000
1634 -2.5026
1635 11.0356
1636 10.5588
1637 0.0000
1638 9.9642
1639 -5.1200
1640 2.8987
1641 15.5062
1642 1.5095
1643 11.3329
1644 5.1235
1645 2.5427
1646 0.0000
1647 2.2854
1648 2.5539
1649 0.7047
1650 1.9906
1651 3.1144
1652 3.7911
1653 0.0000
1654 1.4264
1655 0.8359
1656 3.1040
1657 0.0000
1658 5.0624
1659 4.9357
1660 5.4903
1661 -2.1128
1662 -5.4716
1663 13.1221
1664 8.1671
1665 6.1680
1666 0.0000
1667 4.4884
1668 7.3446
1669 3.3045
1670 13.7671
1671 5.1447
1672 5.5586
1673 0.0000
1674 -2.9758
1675 -1.0974
1676 1.5269
1677 0.0000
1678 4.1950
1679 -2.8892
1680 -1.8259
1681 4.3568
1682 -6.8621
1683 -4.5708
1684 -2.7294
1685 -6.1271
1686 0.0000
1687 5.0239
1688 6.3481
1689 3.8546
1690 -2.4622
1691 5.8428
1692 1.8593
1693 0.0000
1694 -5.5804
1695 3.7978
1696 1.7417
1697 4.3647
1698 5.4626
1699 1.8534
1700 11.3056
1701 2.4208
1702 2.7912
1703 14.5443
1704 4.5236
1705 4.3905
1706 2.7798
1707 0.7437
1708 0.0000
1709 7.6654
1710 5.6095
1711 2.6647
1712 0.6066
1713 -2.7894
1714 5.3893
1715 0.7222
1716 6.9639
1717 0.0000
1718 2.1436
1719 1.3944
1720 -6.3396
1721 6.2717
1722 0.3791
1723 2.2992
1724 0.0000
1725 5.6220
1726 -2.7327
1727 -2.8296
1728 0.0000
1729 -2.0976
1730 0.3011
1731 3.5284
1732 0.8783
1733 4.6842
1734 15.6753
1735 9.3933
1736 2.4211
1737 0.0000
1738 3.3017
1739 1.4866
1740 1.2856
1741 -2.7965
1742 6.6496
1743 12.2146
1744 0.0000
1745 -0.1450
1746 6.0489
1747 1.2529
1748 0.0000
1749 8.6739
1750 -2.4916
1751 6.4495
1752 3.0528
1753 -0.7680
1754 1.4649
1755 1.6180
1756 0.0840
1757 0.0000
1758 5.9674
1759 2.6841
1760 4.1844
1761 6.2481
1762 13.8353
1763 3.5515
1764 0.0000
1765 -4.7293
1766 12.2222
1767 3.3745
1768 0.0000
1769 9.1108
1770 8.5161
1771 7.9368
1772 4.4938
1773 0.4351
1774 -0.2273
1775 -0.5559
1776 4.3618
1777 0.0000
1778 4.0748
1779 7.2869
1780 2.2776
1781 9.9769
1782 5.5917
1783 2.5404
1784 0.0000
1785 -0.0305
1786 0.0000
1787 5.2523
1788 0.0000
1789 5.2594
1790 -2.7322
1791 3.4468
1792 0.6616
1793 12.1175
1794 2.8619
1795 5.5578
1796 1.7075
1797 0.0000
1798 5.4934
1799 -5.7803
1800 6.4362
1801 11.1641
1802 2.7377
1803 1.5964
1804 0.0000
1805 -0.3405
1806 6.8011
1807 12.8454
1808 5.1402
1809 8.3181
1810 7.0366
1811 0.0000
1812 8.1661
1813 -2.3340
1814 2.2092
1815 5.9751
1816 -0.3400
1817 -6.6092
1818 0.0000
1819 7.0360
1820 1.8320
1821 -4.3043
1822 1.6415
1823 11.0330
1824 -0.7679
1825 0.0000
1826 -4.2231
1827 5.0156
1828 9.1189
1829 3.6817
1830 7.5298
1831 3.6019
1832 0.0000
1833 8.2068
1834 3.8023
1835 0.5438
1836 5.5527
1837 5.7048
1838 5.2107
1839 0.0000
1840 -3.0647
1841 -3.5354
1842 0.5803
1843 7.0082
1844 5.9276
1845 4.1830
1846 0.0000
1847 -1.2699
1848 3.5796
1849 9.0366
1850 1.7002
1851 5.7093
1852 4.6034
1853 0.0000
1854 -6.2470
1855 5.1033
1856 8.1114
1857 3.5379
1858 1.9952
1859 3.8284
1860 0.0000
1861 -1.7721
1862 4.2740
1863 5.4127
1864 1.8973
1865 3.6063
1866 9.6236
1867 0.0000
1868 0.8459
1869 2.2661
1870 6.1923
1871 10.4030
1872 0.4006
1873 -1.7949
1874 0.0000
1875 0.8644
1876 12.3038
1877 3.2849
1878 9.6574
1879 7.5240
1880 0.6751
1881 0.0000
1882 7.2867
1883 1.9618
1884 3.4379
1885 11.7590
1886 -0.9367
1887 1.1600
1888 0.0000
1889 -3.6508
1890 2.8896
1891 13.5711
1892 -0.4062
1893 7.4115
1894 8.5322
1895 0.0000
1896 7.9893
1897 6.2798
1898 11.4444
1899 2.3748
1900 -5.2998
1901 -0.5519
1902 0.0000
1903 0.5010
1904 0.0000
1905 4.3302
1906 0.0000
1907 2.8726
1908 0.0000
1909 8.3016
1910 -5.7191
1911 0.0000
1912 7.3591
1913 -1.9650
1914 2.1092
1915 7.5889
1916 0.0000
1917 -5.2049
1918 1.7999
1919 -3.0042
1920 0.0000
1921 6.0169
1922 -1.8989
1923 3.0087
1924 0.0000
1925 10.9548
1926 -1.1499
1927 -0.5739
1928 1.8323
1929 0.6267
1930 12.4315
1931 -3.3951
1932 4.1759
1933 -2.1271
1934 0.0000
1935 -1.4745
1936 0.3040
1937 11.1064
1938 2.6270
1939 0.4079
1940 1.6761
1941 0.0000
1942 1.0571
1943 8.1446
1944 3.4103
1945 11.0004
1946 5.2285
1947 1.3456
1948 0.0000
1949 2.8267
1950 12.4392
1951 0.0564
1952 2.8142
1953 0.2600
1954 3.9739
1955 0.0000
1956 -1.1931
1957 6.9720
1958 -0.5294
1959 6.4999
1960 5.5845
1961 2.5915
1962 0.0000
1963 0.4204
1964 -4.9608
1965 -0.0211
1966 -9.5741
1967 0.1943
1968 2.5361
1969 0.0000
1970 3.3561
1971 5.0493
1972 7.7815
1973 2.1654
1974 8.7238
1975 2.5007
1976 0.0000
1977 -8.0757
1978 8.0227
1979 0.2510
1980 0.3990
1981 -2.9370
1982 -4.2936
1983 0.0000
1984 5.4438
1985 3.0638
1986 0.5144
1987 -0.2269
1988 8.9705
1989 0.3106
1990 0.0000
1991 4.2351
1992 1.0504
1993 5.9617
1994 -1.0553
1995 2.8976
1996 10.3295
1997 0.0000
1998 -3.6482
1999 0.3553
2000 5.7694
2001 6.5283
2002 11.8176
2003 4.4397
2004 0.0000
2005 -0.7201
2006 1.6950
2007 4.1026
2008 -0.0884
2009 0.7508
2010 7.9107
2011 0.0000
2012 3.1567
2013 4.9461
2014 0.0000
2015 12.0293
2016 -2.8949
2017 -1.6720
2018 -1.9200
2019 0.6071
2020 3.0521
2021 -1.5000
2022 0.6722
2023 0.0000
2024 4.8111
2025 -0.6220
2026 0.0000
2027 4.1118
2028 0.0000
2029 0.9231
2030 0.0000
2031 9.7865
2032 3.0105
2033 0.0000
2034 4.6034
2035 -2.8594
2036 0.0000
2037 3.5898
2038 -0.6361
2039 8.8972
2040 0.0000
2041 3.3763
2042 -4.6004
2043 0.0000
2044 4.1724
2045 1.8039
2046 1.7333
2047 0.0000
2048 -1.0017
2049 5.2921
2050 0.0000
2051 8.4974
2052 11.8005
2053 4.4516
2054 0.0000
2055 3.2651
2056 7.8889
2057 0.0000
2058 7.9392
2059 13.7717
2060 4.0983
2061 0.0000
2062 -3.5765
2063 4.5993
2064 0.0000
2065 0.3157
2066 5.5992
2067 1.9315
2068 0.0000
2069 2.4603
2070 3.1739
2071 0.0000
2072 5.6307
2073 2.1419
2074 8.3041
2075 0.0000
2076 -1.2867
2077 1.8805
2078 0.0000
2079 13.0507
2080 11.2207
2081 4.3766
2082 0.0000
2083 -0.8566
2084 2.9164
2085 0.0000
2086 1.9465
2087 8.9210
2088 6.4608
2089 0.0000
2090 4.8254
2091 7.6515
2092 0.0000
2093 2.2285
2094 -0.6856
2095 4.1214
2096 0.0000
2097 3.5233
2098 8.1700
2099 0.0000
2100 2.3900
2101 7.1211
2102 6.3194
2103 0.0000
2104 0.7569
2105 5.4695
2106 0.0000
2107 0.2682
2108 -0.7375
2109 -0.5129
2110 0.0000
2111 7.4958
2112 0.2751
2113 0.0000
2114 1.9711
2115 4.0454
2116 5.2936
2117 0.0000
2118 5.7741
2119 9.1081
2120 0.0000
2121 0.7061
2122 3.8485
2123 6.2310
2124 0.0000
2125 3.5332
2126 5.5340
2127 0.0000
2128 2.6758
2129 0.2634
2130 -0.2573
2131 0.0000
2132 2.9020
2133 1.4760
2134 0.0000
2135 1.4688
2136 -6.3457
2137 2.3740
2138 0.0000
2139 3.1068
2140 6.0286
2141 0.0000
2142 5.0693
2143 6.9172
2144 3.2180
2145 0.0000
2146 -1.6273
2147 0.0000
2148 -2.4758
2149 0.0000
2150 3.9289
2151 3.7912
2152 0.0000
2153 1.9429
2154 0.0000
2155 6.0811
2156 0.0000
2157 -0.3683
2158 4.6036
2159 4.9651
2160 0.0000
2161 9.4193
2162 10.7195
2163 5.2081
2164 0.0000
2165 5.8314
2166 -2.2326
2167 4.8773
2168 0.0000
2169 1.4056
2170 0.0000
2171 2.1243
2172 0.0000
2173 -2.5102
2174 8.6292
2175 0.0000
2176 5.1000
2177 0.0000
2178 2.9430
2179 13.4204
2180 -0.7991
2181 -0.9150
2182 2.5748
2183 2.9484
2184 4.7785
2185 4.3291
2186 7.1356
2187 3.4895
2188 12.8899
2189 -0.4381
2190 -4.9098
2191 2.3299
2192 4.7464
2193 0.9339
2194 0.0000
2195 -1.8741
2196 -7.8495
2197 3.1665
2198 1.5300
2199 -2.9794
2200 9.4386
2201 7.1176
2202 11.5764
2203 0.0000
2204 0.3051
2205 1.7575
2206 1.7173
2207 7.6764
2208 1.8593
2209 9.4370
2210 0.0000
2211 7.1932
2212 4.3913
2213 9.4061
2214 0.0000
2215 11.5693
2216 1.4851
2217 9.1452
2218 -0.1424
2219 1.0203
2220 3.8483
2221 7.4504
2222 2.9919
2223 0.0000
2224 -0.9711
2225 4.9171
2226 -0.3927
2227 6.0121
2228 1.4656
2229 5.0583
2230 0.0000
2231 5.4956
2232 10.8281
2233 8.8169
2234 0.0000
2235 -0.3974
2236 -0.1617
2237 7.7345
2238 3.2074
2239 -1.5011
2240 14.4333
2241 13.1471
2242 1.4203
2243 0.0000
2244 9.4774
2245 5.6905
2246 3.0212
2247 4.3286
2248 2.1063
2249 -2.4180
2250 0.0000
2251 -7.5291
2252 5.6270
2253 6.6054
2254 0.0000
2255 3.6398
2256 -0.5389
2257 11.7273
2258 7.2716
2259 -0.9212
2260 9.8072
2261 3.6477
2262 14.9430
2263 0.0000
2264 7.9085
2265 6.9878
2266 6.4263
2267 -2.5931
2268 0.3560
2269 8.7419
2270 0.0000
2271 -3.1885
2272 7.8126
2273 2.2559
2274 7.9578
2275 7.1084
2276 8.1141
2277 11.7112
2278 5.4659
2279 0.7549
2280 10.9484
2281 -1.3027
2282 -0.0179
2283 7.1453
2284 5.0599
2285 0.0000
2286 3.3738
2287 7.0101
2288 2.8845
2289 1.9659
2290 -7.3950
2291 -3.1162
2292 2.8545
2293 12.2049
2294 0.0000
2295 -10.5427
2296 8.6178
2297 2.6213
2298 -0.1385
2299 1.3413
2300 -5.3495
2301 0.0000
2302 5.9118
2303 7.4857
2304 -3.7444
2305 0.0000
2306 9.0236
2307 -1.1466
2308 6.0624
2309 -1.0910
2310 -2.5722
2311 12.7637
2312 6.4501
2313 6.7304
2314 0.0000
2315 3.9695
2316 6.0528
2317 4.8374
2318 6.6659
2319 4.4020
2320 10.2918
2321 0.0000
2322 1.7023
2323 0.8645
2324 4.2850
2325 0.0000
2326 3.7688
2327 6.0763
2328 3.5003
2329 -0.0706
2330 0.4837
2331 8.6820
2332 0.1413
2333 7.3279
2334 0.0000
2335 0.6391
2336 6.4283
2337 11.3451
2338 3.3465
2339 4.8179
2340 8.0560
2341 0.0000
2342 3.5223
2343 0.1114
2344 7.5664
2345 0.0000
2346 4.5937
2347 -9.1999
2348 2.4898
2349 7.6497
2350 -6.7536
2351 7.1634
2352 3.6534
2353 7.2299
2354 0.0000
2355 3.4200
2356 -1.3048
2357 -2.5672
2358 2.8314
2359 5.9155
2360 6.2396
2361 0.0000
2362 -5.0671
2363 4.2665
2364 4.1943
2365 6.5244
2366 4.9025
2367 6.1830
2368 10.9128
2369 7.6746
2370 1.2005
2371 7.4800
2372 2.8319
2373 -3.5092
2374 3.6206
2375 6.9090
2376 0.0000
2377 -0.0824
2378 3.8161
2379 4.6143
2380 5.2105
2381 -6.5453
2382 2.6018
2383 0.9083
2384 1.2899
2385 0.0000
2386 4.3314
2387 7.3960
2388 9.1706
2389 2.3125
2390 -0.4907
2391 2.8774
2392 0.0000
2393 0.4346
2394 4.8983
2395 5.3208
2396 0.0000
2397 5.7722
2398 0.9405
2399 3.1308
2400 10.9469
2401 -5.5461
2402 12.2404
2403 7.1799
2404 -5.5618
2405 0.0000
2406 -2.9899
2407 -0.3993
2408 1.7318
2409 3.5409
2410 8.0978
2411 6.5719
2412 0.0000
2413 -1.7575
2414 2.2972
2415 3.4766
2416 0.0000
2417 1.5159
2418 0.0749
2419 6.2173
2420 -6.5512
2421 -1.8443
2422 4.8642
2423 -2.3020
2424 0.1858
2425 0.0000
2426 2.1471
2427 9.3599
2428 4.0918
2429 1.2407
2430 2.4373
2431 4.6745
2432 0.0000
2433 4.4639
2434 3.7512
2435 5.7304
2436 0.0000
2437 1.5926
2438 0.4609
2439 5.7820
2440 -4.0190
2441 -1.6048
2442 8.9598
2443 4.0210
2444 3.5089
2445 0.0000
2446 -3.2579
2447 0.2976
2448 6.4969
2449 3.3914
2450 8.3607
2451 2.7913
2452 0.0000
2453 -1.3820
2454 5.5946
2455 2.7409
2456 5.8515
2457 6.4192
2458 6.3754
2459 0.2850
2460 5.5028
2461 5.9211
2462 1.5045
2463 2.2616
2464 6.7765
2465 6.3413
2466 5.1539
2467 0.0000
2468 -3.3730
2469 -4.0783
2470 11.7713
2471 1.7001
2472 1.1936
2473 8.2364
2474 0.7585
2475 -2.8079
2476 0.0000
2477 7.3800
2478 -1.0049
2479 -7.4846
2480 1.8361
2481 6.9073
2482 13.1410
2483 0.0000
2484 -5.2434
2485 8.1610
2486 3.3533
2487 0.0000
2488 11.0170
2489 4.5176
2490 3.9780
2491 4.4540
2492 -3.2937
2493 -0.4195
2494 -0.2496
2495 -1.9532
2496 0.0000
2497 3.0896
2498 8.5901
2499 3.1222
2500 14.9219
2501 10.0465
2502 12.6536
2503 0.0000
2504 0.2572
2505 6.2942
2506 4.2109
2507 0.0000
2508 10.4016
2509 -1.1723
2510 3.5961
2511 0.9705
2512 2.1738
2513 7.3950
2514 3.1477
2515 13.0981
2516 0.0000
2517 5.0170
2518 0.4550
2519 3.6192
2520 1.2632
2521 1.5877
2522 1.1287
2523 0.0000
2524 -5.8641
2525 -0.8361
2526 4.0261
2527 0.0000
2528 3.1528
2529 0.4743
2530 8.7689
2531 2.9550
2532 -2.0805
2533 -6.7533
2534 -1.8398
2535 2.2864
2536 0.0000
2537 2.5888
2538 8.3810
2539 -2.2196
2540 5.0078
2541 5.1532
2542 2.6456
2543 0.0000
2544 -11.7811
2545 0.0000
2546 8.3444
2547 0.0000
2548 2.9075
2549 4.4547
2550 -3.1262
2551 0.1860
2552 4.4744
2553 6.3067
2554 3.6410
2555 2.1425
2556 0.0000
2557 0.6729
2558 4.7946
2559 2.8301
2560 3.2093
2561 4.9667
2562 -3.7958
2563 0.0000
2564 10.1499
2565 9.9988
2566 4.9032
2567 7.1844
2568 3.0364
2569 2.0660
2570 0.0000
2571 1.2792
2572 6.1017
2573 7.5238
2574 4.1836
2575 4.2772
2576 10.3871
2577 0.0000
2578 -10.0713
2579 3.2397
2580 0.2751
2581 7.2934
2582 12.5827
2583 10.8896
2584 0.0000
2585 3.0937
2586 8.1796
2587 4.2316
2588 5.6512
2589 7.9371
2590 2.8950
2591 0.0000
2592 -0.6046
2593 -2.5127
2594 10.2696
2595 0.9331
2596 4.5980
2597 6.0573
2598 0.0000
2599 -2.3512
2600 11.5257
2601 -1.4449
2602 8.1335
2603 2.1827
2604 -5.5138
2605 0.0000
2606 -1.4850
2607 2.7416
2608 6.6374
2609 -0.4973
2610 3.6911
2611 6.0371
2612 0.0000
2613 -4.6882
2614 0.5899
2615 0.9953
2616 9.9791
2617 1.6698
2618 8.7616
2619 0.0000
2620 -2.1037
2621 1.5815
2622 3.8003
2623 -1.8012
2624 11.1154
2625 10.4087
2626 0.0000
2627 -0.5353
2628 -0.6939
2629 9.0975
2630 -3.0104
2631 -2.3756
2632 0.9165
2633 0.0000
2634 5.6125
2635 0.2344
2636 0.0161
2637 6.6492
2638 2.0555
2639 10.1015
2640 0.0000
2641 -1.7050
2642 5.4724
2643 0.0849
2644 9.6181
2645 0.9719
2646 -3.3383
2647 0.0000
2648 -3.4348
2649 10.8436
2650 4.0743
2651 5.2622
2652 1.9440
2653 2.0816
2654 0.0000
2655 -0.0129
2656 5.1194
2657 3.2768
2658 7.6378
2659 -4.6423
2660 3.4372
2661 0.0000
2662 0.6685
2663 0.0000
2664 -1.4199
2665 0.0000
2666 2.4189
2667 0.0000
2668 0.5777
2669 5.6336
2670 0.0000
2671 1.7001
2672 2.3588
2673 13.9239
2674 8.1754
2675 0.0000
2676 1.2608
2677 -1.3070
2678 5.0406
2679 0.0000
2680 1.0973
2681 2.1553
2682 -1.1077
2683 0.0000
2684 4.2782
2685 -0.0084
2686 -3.5519
2687 8.3125
2688 6.6350
2689 4.6136
2690 8.6650
2691 6.6176
2692 4.6118
2693 0.0000
2694 0.2637
2695 7.0447
2696 -0.7180
2697 -4.1384
2698 8.6806
2699 -1.8188
2700 0.0000
2701 1.9477
2702 3.5186
2703 5.5101
2704 8.2081
2705 10.4128
2706 7.5096
2707 0.0000
2708 0.8885
2709 -2.4199
2710 6.0677
2711 4.6155
2712 5.1839
2713 -0.5749
2714 0.0000
2715 -0.6226
2716 1.3937
2717 7.0029
2718 10.1376
2719 9.4157
2720 2.1472
2721 0.0000
2722 5.3254
2723 9.9635
2724 8.2435
2725 2.7915
2726 8.2313
2727 1.2314
2728 0.0000
2729 -8.2017
2730 4.7356
2731 5.4279
2732 8.3495
2733 4.2142
2734 4.0909
2735 0.0000
2736 -5.0839
2737 5.0096
2738 5.6162
2739 4.6602
2740 -5.0658
2741 2.9078
2742 0.0000
2743 -2.7280
2744 7.1838
2745 6.2772
2746 6.9326
2747 -6.7291
2748 3.5808
2749 0.0000
2750 2.4821
2751 2.6003
2752 7.3123
2753 -3.2138
2754 -1.5146
2755 1.4875
2756 0.0000
2757 -1.8112
2758 2.3401
2759 8.0394
2760 3.6027
2761 5.7211
2762 4.7393
2763 0.0000
2764 0.0300
2765 5.4362
2766 6.9611
2767 1.8874
2768 1.2550
2769 8.2460
2770 0.0000
2771 -1.6324
2772 0.5684
2773 0.0000
2774 3.4904
2775 -7.9354
2776 6.2073
2777 3.1891
2778 -0.7043
2779 -4.8113
2780 1.3386
2781 0.0706
2782 0.0000
2783 -2.7705
2784 1.4195
2785 0.0000
2786 3.9463
2787 0.0000
2788 2.9419
2789 0.0000
2790 4.9561
2791 7.9383
2792 0.0000
2793 -1.9630
2794 0.6324
2795 0.0000
2796 9.4876
2797 5.1115
2798 9.8202
2799 0.0000
2800 -7.8089
2801 2.0722
2802 0.0000
2803 6.0928
2804 -0.8574
2805 10.0857
2806 0.0000
2807 -2.4901
2808 6.5846
2809 0.0000
2810 9.3320
2811 5.6163
2812 7.8203
2813 0.0000
2814 4.3970
2815 6.8654
2816 0.0000
2817 2.6414
2818 8.7405
2819 2.6696
2820 0.0000
2821 4.3462
2822 11.2145
2823 0.0000
2824 5.9326
2825 5.5677
2826 -1.1324
2827 0.0000
2828 3.6681
2829 5.9990
2830 0.0000
2831 0.7943
2832 -3.5314
2833 8.5614
2834 0.0000
2835 3.0718
2836 5.0896
2837 0.0000
2838 2.0101
2839 4.2855
2840 12.8258
2841 0.0000
2842 0.9396
2843 5.6317
2844 0.0000
2845 3.2340
2846 1.1994
2847 12.2802
2848 0.0000
2849 -2.9095
2850 7.5298
2851 0.0000
2852 2.5255
2853 6.0888
2854 12.3852
2855 0.0000
2856 4.1728
2857 4.5173
2858 0.0000
2859 10.3324
2860 6.5535
2861 4.4721
2862 0.0000
2863 4.2889
2864 11.6334
2865 0.0000
2866 -6.6504
2867 3.6617
2868 4.2895
2869 0.0000
2870 -3.2591
2871 1.7215
2872 0.0000
2873 3.6339
2874 6.7102
2875 3.7302
2876 0.0000
2877 -0.0147
2878 -1.4437
2879 0.0000
2880 2.3091
2881 4.7523
2882 5.4816
2883 0.0000
2884 4.0888
2885 6.0612
2886 0.0000
2887 0.5060
2888 3.5700
2889 2.6896
2890 0.0000
2891 -3.7478
2892 2.7162
2893 0.0000
2894 -1.6291
2895 -0.0521
2896 -3.6910
2897 0.0000
2898 4.6418
2899 2.9077
2900 0.0000
2901 -3.2199
2902 0.5597
2903 2.1882
2904 0.0000
2905 -0.9731
2906 0.0000
2907 3.7214
2908 0.0000
2909 6.3066
2910 7.4028
2911 0.0000
2912 6.2273
2913 0.0000
2914 5.2802
2915 0.0000
2916 9.7077
2917 8.3231
2918 0.1898
2919 0.0000
2920 5.0851
2921 9.8926
2922 3.3970
2923 0.0000
2924 5.9466
2925 -0.6831
2926 3.0814
2927 0.0000
2928 2.7919
2929 0.0000
2930 6.7642
2931 0.0000
2932 2.1724
2933 2.1653
2934 0.0000
2935 3.2358
2936 0.0000
2937 8.6242
2938 4.4993
2939 3.0064
2940 6.1771
2941 13.4184
2942 6.1815
2943 -0.4533
2944 7.2691
2945 9.9666
2946 1.6485
2947 13.4385
2948 0.0564
2949 9.8621
2950 2.7766
2951 4.9313
2952 5.0215
2953 0.0000
2954 1.3302
2955 -0.1073
2956 4.4177
2957 4.8430
2958 1.2295
2959 8.8161
2960 -1.3045
2961 2.8741
2962 0.0000
2963 4.3835
2964 -2.4431
2965 6.1268
2966 9.5892
2967 -1.9062
2968 3.8922
2969 0.0000
2970 -1.2463
2971 3.3004
2972 5.6157
2973 0.0000
2974 5.1184
2975 7.3045
2976 11.6443
2977 3.9355
2978 2.3069
2979 12.0810
2980 8.0978
2981 4.6016
2982 0.0000
2983 7.1738
2984 4.6042
2985 3.2793
2986 1.0144
2987 4.4911
2988 1.7635
2989 0.0000
2990 -2.9634
2991 2.8195
2992 4.8739
2993 0.0000
2994 -1.1412
2995 3.5373
2996 8.0866
2997 0.6114
2998 2.3809
2999 8.2343
3000 5.9817
3001 12.0821
3002 0.0000
3003 7.1271
3004 2.6799
3005 2.9434
3006 -2.5510
3007 1.8876
3008 3.8637
3009 0.0000
3010 -1.5606
3011 8.6002
3012 5.8057
3013 0.0000
3014 8.7943
3015 1.4257
3016 -0.1041
3017 5.7526
3018 8.2264
3019 -5.3385
3020 0.2055
3021 7.1887
3022 0.0000
3023 2.5956
3024 10.1931
3025 6.7289
3026 3.2603
3027 0.1757
3028 4.5796
3029 0.0000
3030 3.5628
3031 3.8846
3032 -2.2303
3033 4.3479
3034 2.2949
3035 0.6855
3036 4.1318
3037 0.1814
3038 7.3484
3039 4.8577
3040 4.8337
3041 2.4858
3042 5.2470
3043 -2.1997
3044 0.0000
3045 4.2247
3046 3.3255
3047 2.8512
3048 4.3655
3049 -3.1748
3050 3.8928
3051 -1.2755
3052 -4.7114
3053 0.0000
3054 9.7891
3055 1.1203
3056 3.8895
3057 10.1189
3058 11.8762
3059 6.1765
3060 0.0000
3061 6.6553
3062 2.9050
3063 2.9582
3064 0.0000
3065 6.5422
3066 -0.0330
3067 -2.8005
3068 4.1222
3069 2.8328
3070 8.4052
3071 2.2649
3072 7.6004
3073 0.0000
3074 7.6909
3075 2.7466
3076 5.0681
3077 6.2899
3078 0.3458
3079 1.4118
3080 0.0000
3081 -2.8366
3082 11.5167
3083 -8.0603
3084 0.0000
3085 0.1542
3086 2.4931
3087 0.5011
3088 -8.7108
3089 1.8145
3090 3.8719
3091 -1.9498
3092 -2.7677
3093 0.0000
3094 2.2455
3095 0.6471
3096 3.3294
3097 5.6242
3098 5.5727
3099 2.1708
3100 0.0000
3101 8.6620
3102 -1.3812
3103 9.9156
3104 0.0000
3105 -4.2247
3106 -1.1160
3107 0.8669
3108 2.9859
3109 -0.7079
3110 7.8507
3111 6.4102
3112 -7.0338
3113 0.0000
3114 5.3444
3115 2.0776
3116 7.9957
3117 6.6124
3118 1.2189
3119 5.3558
3120 0.0000
3121 -1.5052
3122 1.6018
3123 8.1956
3124 0.9904
3125 3.9044
3126 -3.0002
3127 12.6309
3128 13.0345
3129 7.1401
3130 6.0603
3131 8.0419
3132 3.4027
3133 -2.7205
3134 1.2766
3135 0.0000
3136 6.5670
3137 -1.9010
3138 -0.4866
3139 -0.6518
3140 0.7469
3141 6.2852
3142 3.5874
3143 -1.3334
3144 0.0000
3145 6.4271
3146 0.3382
3147 0.9351
3148 2.5587
3149 3.3404
3150 1.8587
3151 0.0000
3152 -0.4170
3153 6.7354
3154 0.7028
3155 0.0000
3156 2.7492
3157 -7.5672
3158 4.1684
3159 -0.9476
3160 -0.7053
3161 -0.6073
3162 -6.2983
3163 -1.7697
3164 0.0000
3165 4.0407
3166 6.3359
3167 2.4262
3168 -1.8784
3169 -2.1757
3170 7.9508
3171 0.0000
3172 5.1913
3173 -4.2353
3174 4.0747
3175 0.0000
3176 6.8057
3177 -1.6834
3178 1.2464
3179 9.6376
3180 -0.2663
3181 9.9172
3182 12.1042
3183 9.0827
3184 0.0000
3185 -1.6062
3186 9.7367
3187 6.4381
3188 8.3362
3189 -2.1833
3190 10.5304
3191 0.0000
3192 -3.4543
3193 -0.9280
3194 3.9249
3195 0.0000
3196 13.7190
3197 4.2852
3198 -2.9887
3199 3.9029
3200 -3.1260
3201 2.5173
3202 7.1558
3203 1.3641
3204 0.0000
3205 1.7080
3206 -0.0993
3207 7.5384
3208 5.0135
3209 1.7732
3210 3.7326
3211 0.0000
3212 5.3844
3213 0.8276
3214 9.4066
3215 -2.4601
3216 11.2834
3217 -0.8239
3218 5.1904
3219 1.4812
3220 3.2797
3221 6.7785
3222 -2.1803
3223 0.6286
3224 -3.0946
3225 2.1039
3226 0.0000
3227 2.2216
3228 2.7950
3229 2.1390
3230 1.9558
3231 -0.5890
3232 3.2736
3233 1.7067
3234 1.4901
3235 0.0000
3236 12.2999
3237 6.6184
3238 -1.5321
3239 13.0871
3240 -0.0818
3241 5.9996
3242 0.0000
3243 3.4831
3244 16.5404
3245 1.9040
3246 0.0000
3247 0.7345
3248 0.2940
3249 1.5127
3250 0.2022
3251 -2.0204
3252 3.1245
3253 -0.3201
3254 6.4558
3255 0.0000
3256 2.4286
3257 13.4272
3258 11.2937
3259 0.6482
3260 6.6279
3261 8.2483
3262 0.0000
3263 4.2919
3264 0.8640
3265 -0.7733
3266 0.0000
3267 -5.9698
3268 -0.5927
3269 6.2675
3270 -0.4901
3271 -1.0067
3272 -6.8619
3273 2.4836
3274 4.7873
3275 0.0000
3276 3.9153
3277 8.1915
3278 1.3761
3279 8.0569
3280 4.8688
3281 -1.4555
3282 0.0000
3283 -3.7715
3284 8.1443
3285 9.0537
3286 0.0000
3287 -2.9594
3288 -2.3379
3289 -1.0959
3290 2.6839
3291 1.5987
3292 1.4624
3293 14.3301
3294 0.2204
3295 0.0000
3296 1.9097
3297 6.8429
3298 5.9309
3299 1.7477
3300 10.2606
3301 1.7005
3302 0.0000
3303 3.3580
3304 0.0000
3305 2.2312
3306 0.0000
3307 1.3690
3308 4.3941
3309 -0.1420
3310 1.3763
3311 3.8289
3312 3.8864
3313 0.6092
3314 11.5463
3315 0.0000
3316 -4.6879
3317 3.3499
3318 5.7893
3319 1.2023
3320 4.8092
3321 -0.4280
3322 0.0000
3323 1.4429
3324 -5.3573
3325 3.3418
3326 9.5841
3327 6.3072
3328 10.1863
3329 0.0000
3330 0.8891
3331 1.3469
3332 2.3235
3333 3.8966
3334 4.3987
3335 -2.0768
3336 0.0000
3337 1.7041
3338 1.9485
3339 6.1987
3340 5.4480
3341 -0.9874
3342 5.6256
3343 0.0000
3344 1.4960
3345 -6.2515
3346 -0.0054
3347 6.2871
3348 -0.4440
3349 2.0953
3350 0.0000
3351 -2.6911
3352 11.6778
3353 2.1095
3354 7.7439
3355 8.5801
3356 12.1900
3357 0.0000
3358 8.4087
3359 4.0541
3360 8.7524
3361 3.6246
3362 9.9603
3363 -5.1841
3364 0.0000
3365 5.1290
3366 3.6409
3367 -6.0323
3368 3.9152
3369 10.8326
3370 6.3641
3371 0.0000
3372 -4.4777
3373 8.5539
3374 1.1037
3375 2.0187
3376 -0.3333
3377 1.9529
3378 0.0000
3379 4.4204
3380 -1.6328
3381 6.5001
3382 0.5189
3383 7.0915
3384 0.6160
3385 0.0000
3386 4.0496
3387 7.1254
3388 5.7392
3389 0.9196
3390 2.4967
3391 1.7767
3392 0.0000
3393 -2.9371
3394 7.0633
3395 5.5704
3396 -1.2898
3397 6.2944
3398 0.3330
3399 0.0000
3400 1.4446
3401 3.6914
3402 -2.3643
3403 5.9317
3404 5.0937
3405 1.6530
3406 0.0000
3407 -0.8039
3408 9.4572
3409 -2.4464
3410 2.9753
3411 7.4938
3412 9.6048
3413 0.0000
3414 9.1878
3415 3.6054
3416 3.8422
3417 4.5335
3418 -3.6428
3419 1.1438
3420 0.0000
3421 0.2940
3422 0.0000
3423 -0.6901
3424 0.0000
3425 -0.2711
3426 0.0000
3427 -0.7423
3428 -7.8504
3429 0.0000
3430 6.4768
3431 3.0241
3432 -0.0266
3433 -3.6899
3434 0.0000
3435 -0.8234
3436 -1.8232
3437 2.2410
3438 0.0000
3439 2.8304
3440 4.4221
3441 11.3670
3442 0.0000
3443 1.6189
3444 13.4431
3445 8.2560
3446 6.8518
3447 2.3656
3448 0.0823
3449 3.0163
3450 -0.0547
3451 1.7073
3452 0.0000
3453 -2.4201
3454 -2.6640
3455 -6.3129
3456 9.9885
3457 2.0273
3458 -3.4455
3459 0.0000
3460 2.8139
3461 8.0368
3462 8.6339
3463 1.8338
3464 -3.2326
3465 0.7079
3466 0.0000
3467 -0.1410
3468 6.3362
3469 10.7183
3470 6.7057
3471 1.8972
3472 -2.0706
3473 0.0000
3474 -0.0155
3475 0.4536
3476 6.6633
3477 12.5546
3478 1.9857
3479 -2.4558
3480 0.0000
3481 -1.2292
3482 0.9257
3483 2.9089
3484 4.8427
3485 -3.5784
3486 3.1698
3487 0.0000
3488 3.0725
3489 9.4597
3490 6.1351
3491 -1.4529
3492 -0.6713
3493 0.8758
3494 0.0000
3495 -4.8880
3496 -0.4059
3497 0.7859
3498 -2.0750
3499 -4.9251
3500 -2.7965
3501 0.0000
3502 -3.1878
3503 7.5234
3504 1.5609
3505 3.8626
3506 5.2788
3507 4.0544
3508 0.0000
3509 -5.8488
3510 4.3539
3511 12.9425
3512 10.6848
3513 8.3405
3514 2.0189
3515 0.0000
3516 0.8090
3517 1.9980
3518 1.8384
3519 -2.6041
3520 3.7283
3521 17.0387
3522 0.0000
3523 -0.8647
3524 2.9830
3525 9.0794
3526 5.6083
3527 -0.9733
3528 3.8686
3529 0.0000
3530 -3.8790
3531 -5.1945
3532 0.0000
3533 11.2931
3534 -2.2676
3535 4.0503
3536 -1.0777
3537 -2.3525
3538 3.0823
3539 -2.6439
3540 4.1516
3541 0.0000
3542 9.4778
3543 -0.5914
3544 0.0000
3545 4.9118
3546 0.0000
3547 -3.9331
3548 0.0000
3549 3.0641
3550 2.8613
3551 0.0000
3552 11.7469
3553 5.7342
3554 0.0000
3555 11.0087
3556 -0.3842
3557 -2.0417
3558 0.0000
3559 4.0982
3560 -0.4393
3561 0.0000
3562 4.3361
3563 6.8279
3564 0.2299
3565 0.0000
3566 1.3490
3567 5.9448
3568 0.0000
3569 6.4751
3570 4.8055
3571 7.6593
3572 0.0000
3573 -0.0586
3574 16.4849
3575 0.0000
3576 -0.3726
3577 5.2028
3578 8.0404
3579 0.0000
3580 4.5639
3581 6.6261
3582 0.0000
3583 8.9541
3584 5.2928
3585 -0.9393
3586 0.0000
3587 14.4454
3588 2.7163
3589 0.0000
3590 -2.9261
3591 -1.6680
3592 7.2920
3593 0.0000
3594 7.8741
3595 4.2320
3596 0.0000
3597 -0.3715
3598 6.6511
3599 -3.1306
3600 0.0000
3601 4.8760
3602 1.1359
3603 0.0000
3604 -1.3106
3605 1.3876
3606 -2.8168
3607 0.0000
3608 2.7070
3609 2.4573
3610 0.0000
3611 5.8944
3612 4.1563
3613 0.8993
3614 0.0000
3615 4.3731
3616 2.4125
3617 0.0000
3618 -3.4054
3619 -0.3799
3620 9.2333
3621 0.0000
3622 0.9450
3623 7.7968
3624 0.0000
3625 2.1027
3626 -0.8531
3627 3.5692
3628 0.0000
3629 2.2024
3630 -1.6472
3631 0.0000
3632 0.9830
3633 5.4344
3634 -0.4316
3635 0.0000
3636 -2.3828
3637 -4.6201
3638 0.0000
3639 0.1771
3640 4.1876
3641 3.8415
3642 0.0000
3643 1.1713
3644 -4.5755
3645 0.0000
3646 -1.0345
3647 0.5078
3648 11.7993
3649 0.0000
3650 -3.6250
3651 -4.7758
3652 0.0000
3653 -3.0079
3654 5.1324
3655 5.2144
3656 0.0000
3657 9.0047
3658 6.9748
3659 0.0000
3660 2.7584
3661 -2.7179
3662 2.9315
3663 0.0000
3664 0.8144
3665 0.0000
3666 1.0696
3667 0.0000
3668 1.0743
3669 5.7468
3670 0.0000
3671 3.0462
3672 0.0000
3673 2.3174
3674 0.0000
3675 5.9859
3676 8.8841
3677 4.6119
3678 0.0000
3679 1.2565
3680 3.3249
3681 8.3278
3682 0.0000
3683 1.5283
3684 5.3249
3685 2.3042
3686 0.0000
3687 -1.4002
3688 0.0000
3689 -2.8533
3690 0.0000
3691 1.0998
3692 8.6822
3693 0.0000
3694 6.2537
3695 0.0000
3696 3.0529
3697 -1.6819
3698 10.6421
3699 -2.9532
3700 5.7865
3701 7.5497
3702 8.0460
3703 8.0502
3704 4.9708
3705 3.4909
3706 1.5675
3707 8.5313
3708 1.0189
3709 10.5183
3710 -2.3969
3711 -3.3438
3712 0.0000
3713 3.0999
3714 1.1043
3715 4.9386
3716 10.4762
3717 4.4179
3718 10.8800
3719 3.2065
3720 6.2067
3721 0.0000
3722 8.0955
3723 5.6767
3724 8.4327
3725 3.6316
3726 -0.7082
3727 0.9500
3728 0.0000
3729 7.5253
3730 4.0011
3731 1.0045
3732 0.0000
3733 -1.1993
3734 9.0914
3735 4.6239
3736 5.3531
3737 8.3856
3738 5.8624
3739 1.1219
3740 0.5866
3741 0.0000
3742 8.7701
3743 6.5051
3744 6.1741
3745 7.4292
3746 6.3442
3747 4.5086
3748 0.0000
3749 8.0897
3750 5.5121
3751 -2.3325
3752 0.0000
3753 4.9612
3754 0.1126
3755 -1.1652
3756 4.1525
3757 -1.1972
3758 4.9720
3759 1.0242
3760 0.8852
3761 0.0000
3762 4.4613
3763 12.3493
3764 3.4155
3765 3.6242
3766 3.9022
3767 13.1761
3768 0.0000
3769 -3.7315
3770 -3.0420
3771 6.6818
3772 0.0000
3773 10.4421
3774 3.1770
3775 8.0847
3776 4.5855
3777 -4.8107
3778 0.0085
3779 -0.0184
3780 0.0121
3781 0.0000
3782 6.9097
3783 -2.0813
3784 6.1296
3785 3.5543
3786 -1.4626
3787 7.8003
3788 0.0000
3789 0.1496
3790 1.4578
3791 -1.6811
3792 3.0542
3793 3.2800
3794 8.8381
3795 7.1819
3796 4.5661
3797 -2.5026
3798 5.0705
3799 6.0258
3800 0.6793
3801 7.6920
3802 1.2712
3803 0.0000
3804 9.0008
3805 -0.3059
3806 8.4028
3807 6.0014
3808 -4.4350
3809 0.9006
3810 4.7896
3811 6.4169
3812 0.0000
3813 -2.2627
3814 9.3609
3815 6.2194
3816 4.9675
3817 1.7976
3818 0.9371
3819 0.0000
3820 6.7825
3821 1.4563
3822 5.0128
3823 0.0000
3824 -0.4796
3825 -4.8312
3826 11.6359
3827 4.3487
3828 5.9504
3829 4.7615
3830 3.7651
3831 6.0566
3832 0.0000
3833 8.4938
3834 -6.5401
3835 2.9709
3836 -3.7421
3837 -6.7499
3838 3.4238
3839 0.0000
3840 10.3485
3841 2.0526
3842 5.0507
3843 0.0000
3844 5.7907
3845 1.7086
3846 2.5295
3847 3.1408
3848 -0.7150
3849 2.7786
3850 2.2136
3851 5.8053
3852 0.0000
3853 2.9499
3854 5.1580
3855 2.9968
3856 8.2650
3857 7.9286
3858 3.9023
3859 0.0000
3860 -8.4226
3861 3.4861
3862 -2.7445
3863 0.0000
3864 1.1965
3865 -4.2167
3866 11.6269
3867 1.8275
3868 2.5896
3869 4.9174
3870 6.4080
3871 2.8492
3872 0.0000
3873 7.4407
3874 -0.9852
3875 -3.0434
3876 0.0916
3877 1.9164
3878 2.5950
3879 0.0000
3880 0.5227
3881 -1.8830
3882 1.9492
3883 0.7423
3884 0.3011
3885 0.0357
3886 4.0690
3887 6.7426
3888 2.5131
3889 2.4803
3890 -2.7556
3891 5.4701
3892 5.4611
3893 8.2301
3894 0.0000
3895 -1.4052
3896 0.3873
3897 -0.9229
3898 3.0310
3899 -5.2179
3900 11.6604
3901 3.9036
3902 5.2067
3903 0.0000
3904 -2.8814
3905 -1.2013
3906 4.8246
3907 -0.9313
3908 0.1696
3909 5.2254
3910 0.0000
3911 -3.8743
3912 -0.3777
3913 13.1182
3914 0.0000
3915 3.7391
3916 -3.3155
3917 8.3427
3918 5.7270
3919 3.4963
3920 -0.5203
3921 -6.3316
3922 6.9037
3923 0.0000
3924 2.6944
3925 2.5877
3926 3.0876
3927 4.8518
3928 2.9558
3929 0.7533
3930 0.0000
3931 2.2950
3932 4.2186
3933 5.2713
3934 0.0000
3935 1.1863
3936 3.7935
3937 0.5952
3938 -3.8017
3939 7.6952
3940 -1.0951
3941 3.9110
3942 0.4777
3943 0.0000
3944 7.0567
3945 0.4493
3946 7.2243
3947 0.9341
3948 4.3376
3949 1.6635
3950 0.0000
3951 -3.8809
3952 -4.3779
3953 9.8849
3954 0.0000
3955 8.8478
3956 -2.8737
3957 10.1655
3958 9.4940
3959 4.8829
3960 6.8116
3961 2.6531
3962 10.9710
3963 0.0000
3964 14.1977
3965 1.5242
3966 5.8123
3967 6.9750
3968 -1.6344
3969 9.5715
3970 0.0000
3971 4.0332
3972 -0.9080
3973 4.9661
3974 1.1000
3975 3.8428
3976 2.1236
3977 14.3935
3978 -0.7020
3979 -1.3290
3980 8.0691
3981 6.9735
3982 -3.3590
3983 -2.6632
3984 3.0065
3985 0.0000
3986 12.5942
3987 5.2535
3988 -1.0302
3989 4.5695
3990 2.3734
3991 -2.6273
3992 -5.6058
3993 -1.1490
3994 0.0000
3995 7.9106
3996 7.9301
3997 0.3152
3998 -2.9923
3999 2.8266
4000 1.9912
4001 0.0000
4002 -0.2521
4003 -5.7178
4004 5.9453
4005 0.0000
4006 1.7847
4007 6.2235
4008 -0.0369
4009 1.5134
4010 4.5540
4011 9.7989
4012 3.0586
4013 4.8063
4014 0.0000
4015 6.0546
4016 6.1943
4017 0.8464
4018 5.7610
4019 10.0228
4020 6.8606
4021 0.0000
4022 2.2438
4023 6.7193
4024 1.1868
4025 0.0000
4026 -3.2794
4027 3.7493
4028 2.7296
4029 -5.8134
4030 5.8381
4031 -3.0045
4032 -2.0700
4033 8.1002
4034 0.0000
4035 2.5061
4036 -1.9580
4037 9.8520
4038 11.1160
4039 9.3757
4040 0.4737
4041 0.0000
4042 4.3482
4043 -0.7604
4044 -5.4110
4045 0.0000
4046 -1.7687
4047 1.0292
4048 13.1825
4049 1.7509
4050 -2.8004
4051 7.3554
4052 -1.9729
4053 5.5531
4054 0.0000
4055 2.8371
4056 1.7275
4057 9.4318
4058 6.9078
4059 5.6812
4060 -1.0441
4061 0.0000
4062 -1.1224
4063 0.0000
4064 -2.5910
4065 0.0000
4066 5.7241
4067 -2.6199
4068 1.0593
4069 7.3220
4070 -0.4568
4071 6.1646
4072 -4.2536
4073 5.6649
4074 0.0000
4075 0.7283
4076 9.5256
4077 8.4428
4078 6.6985
4079 1.0231
4080 -0.9142
4081 0.0000
4082 -0.5406
4083 9.9317
4084 8.0372
4085 4.0674
4086 -0.4616
4087 6.8255
4088 0.0000
4089 -1.1400
4090 3.3220
4091 -1.8258
4092 0.9275
4093 8.4182
4094 2.3771
4095 0.0000
4096 -2.2979
4097 -1.2122
4098 8.0207
4099 14.0991
4100 1.8632
4101 -0.3364
4102 0.0000
4103 -2.2742
4104 4.4938
4105 6.1696
4106 6.1255
4107 12.1028
4108 -1.1747
4109 0.0000
4110 -2.7919
4111 5.2052
4112 3.0236
4113 -2.9644
4114 -3.1750
4115 1.8019
4116 0.0000
4117 -3.9254
4118 -0.1826
4119 9.0286
4120 1.6040
4121 2.3145
4122 2.3795
4123 0.0000
4124 -2.0903
4125 2.2167
4126 -0.4813
4127 0.4843
4128 5.8637
4129 6.0313
4130 0.0000
4131 2.9678
4132 2.2738
4133 4.8388
4134 9.8922
4135 4.2817
4136 4.6586
4137 0.0000
4138 -3.3755
4139 -0.7353
4140 1.8665
4141 -0.9577
4142 11.6976
4143 1.5140
4144 0.0000
4145 -10.6303
4146 4.6535
4147 8.2066
4148 -1.3373
4149 0.3946
4150 9.5404
4151 0.0000
4152 -2.1805
4153 4.9555
4154 1.6102
4155 3.5189
4156 -1.0614
4157 -1.7233
4158 0.0000
4159 6.0558
4160 2.5295
4161 0.1958
4162 0.1883
4163 1.2474
4164 2.1321
4165 0.0000
4166 -1.0410
4167 6.0845
4168 4.9926
4169 -0.5253
4170 11.1270
4171 10.7161
4172 0.0000
4173 2.5693
4174 -0.2459
4175 5.1301
4176 15.0933
4177 2.5825
4178 1.3150
4179 0.0000
4180 1.7657
4181 0.0000
4182 -0.5247
4183 0.0000
4184 10.1219
4185 0.0000
4186 1.7617
4187 9.2109
4188 0.0000
4189 6.1533
4190 5.6008
4191 4.6605
4192 6.2452
4193 0.0000
4194 5.9806
4195 3.9519
4196 1.4470
4197 0.0000
4198 2.4220
4199 -0.5227
4200 3.4715
4201 0.0000
4202 2.6222
4203 6.5691
4204 -3.5185
4205 3.9393
4206 1.3287
4207 0.6960
4208 1.0814
4209 2.5687
4210 6.6754
4211 0.0000
4212 0.1682
4213 4.4539
4214 6.7638
4215 2.6857
4216 -0.2881
4217 4.0522
4218 0.0000
4219 8.2831
4220 8.4217
4221 4.7122
4222 0.3613
4223 -2.0236
4224 2.7147
4225 0.0000
4226 -3.3475
4227 0.5873
4228 7.4393
4229 3.2950
4230 -1.3268
4231 6.2578
4232 0.0000
4233 1.1747
4234 2.8023
4235 2.1610
4236 11.0329
4237 7.6313
4238 7.1298
4239 0.0000
4240 1.7492
4241 -0.0250
4242 6.5176
4243 -3.3164
4244 3.8825
4245 3.9259
4246 0.0000
4247 4.1954
4248 -1.1545
4249 2.6469
4250 -5.1713
4251 8.1538
4252 6.5826
4253 0.0000
4254 3.3305
4255 7.4915
4256 3.0175
4257 1.7631
4258 2.5858
4259 0.7610
4260 0.0000
4261 -1.4329
4262 -5.1270
4263 -3.6406
4264 -1.6008
4265 5.0940
4266 2.5508
4267 0.0000
4268 -4.7252
4269 -1.0339
4270 3.6651
4271 2.5289
4272 -1.2909
4273 1.3730
4274 0.0000
4275 2.8759
4276 9.0289
4277 4.5919
4278 -1.9191
4279 1.4838
4280 -5.8758
4281 0.0000
4282 -1.6614
4283 2.7501
4284 7.6124
4285 6.1489
4286 3.3528
4287 4.0353
4288 0.0000
4289 5.8953
4290 2.0066
4291 0.0000
4292 7.1102
4293 1.9278
4294 4.0493
4295 -3.7183
4296 -4.8255
4297 2.9885
4298 2.6130
4299 2.5638
4300 0.0000
4301 11.3238
4302 2.2944
4303 0.0000
4304 5.8333
4305 0.0000
4306 -5.9850
4307 0.0000
4308 -0.0337
4309 -1.3437
4310 0.0000
4311 3.5507
4312 3.0049
4313 0.0000
4314 6.1579
4315 6.7986
4316 2.7891
4317 0.0000
4318 -5.0631
4319 2.5246
4320 0.0000
4321 5.8937
4322 5.7233
4323 9.9204
4324 0.0000
4325 -0.0834
4326 13.1641
4327 0.0000
4328 2.1773
4329 1.4732
4330 7.9505
4331 0.0000
4332 6.5376
4333 9.3715
4334 0.0000
4335 -1.0885
4336 2.3040
4337 -1.1221
4338 0.0000
4339 7.5228
4340 2.4015
4341 0.0000
4342 2.4376
4343 8.6924
4344 -5.0729
4345 0.0000
4346 6.1715
4347 9.6891
4348 0.0000
4349 4.5667
4350 4.1983
4351 3.9310
4352 0.0000
4353 5.8622
4354 1.8769
4355 0.0000
4356 5.9930
4357 1.0752
4358 2.3826
4359 0.0000
4360 4.6633
4361 4.6703
4362 0.0000
4363 1.5682
4364 5.5593
4365 1.2963
4366 0.0000
4367 3.6380
4368 -4.8013
4369 0.0000
4370 5.4012
4371 -3.9174
4372 7.2496
4373 0.0000
4374 11.5580
4375 10.1317
4376 0.0000
4377 6.2818
4378 2.5183
4379 4.7547
4380 0.0000
4381 0.6728
4382 7.1614
4383 0.0000
4384 6.9983
4385 3.0981
4386 4.4103
4387 0.0000
4388 5.6108
4389 0.1954
4390 0.0000
4391 4.7808
4392 8.9142
4393 -2.2322
4394 0.0000
4395 6.9188
4396 8.9371
4397 0.0000
4398 7.8375
4399 1.5159
4400 10.0963
4401 0.0000
4402 3.3575
4403 10.1284
4404 0.0000
4405 -0.6831
4406 1.7897
4407 12.1251
4408 0.0000
4409 0.6099
4410 2.6717
4411 0.0000
4412 2.4725
4413 8.1582
4414 11.4520
4415 0.0000
4416 2.8573
4417 6.3547
4418 0.0000
4419 2.1065
4420 -1.0057
4421 0.5791
4422 0.0000
4423 3.1953
4424 0.0000
4425 7.8917
4426 0.0000
4427 1.3982
4428 9.5288
4429 0.0000
4430 -7.0321
4431 0.0000
4432 0.3127
4433 0.0000
4434 9.6787
4435 9.3035
4436 6.2026
4437 0.0000
4438 0.7350
4439 4.0088
4440 -0.2253
4441 0.0000
4442 3.9616
4443 4.1866
4444 -0.9199
4445 0.0000
4446 -0.1896
4447 0.0000
4448 2.0064
4449 0.0000
4450 5.3639
4451 1.8552
4452 0.0000
4453 3.7814
4454 0.0000
4455 3.8775
4456 -6.3417
4457 1.4147
4458 10.0926
4459 1.9665
4460 -4.1724
4461 7.7155
4462 6.5382
4463 4.9135
4464 6.5476
4465 4.1949
4466 2.1179
4467 10.6042
4468 5.7834
4469 5.5146
4470 2.8073
4471 0.0000
4472 7.1075
4473 1.6891
4474 2.9007
4475 -0.1141
4476 -0.1113
4477 7.3426
4478 8.7287
4479 7.2295
4480 0.0000
4481 6.8565
4482 -3.1678
4483 6.1916
4484 7.1073
4485 -0.3940
4486 -2.5491
4487 0.0000
4488 7.1680
4489 4.5835
4490 6.4470
4491 0.0000
4492 -3.5302
4493 2.6423
4494 -7.1078
4495 6.0888
4496 2.8765
4497 -7.8398
4498 -4.4145
4499 8.0462
4500 0.0000
4501 4.7501
4502 -7.9764
4503 4.8294
4504 6.5353
4505 -3.7667
4506 6.3110
4507 0.0000
4508 -2.4040
4509 3.4265
4510 2.8708
4511 0.0000
4512 -0.9902
4513 5.5957
4514 -1.8595
4515 -3.6769
4516 -4.7955
4517 12.7564
4518 7.4078
4519 4.4928
4520 0.0000
4521 4.9141
4522 6.2638
4523 -3.8447
4524 7.8805
4525 4.4794
4526 0.9900
4527 0.0000
4528 -4.2020
4529 1.2463
4530 8.1524
4531 0.0000
4532 4.6579
4533 3.5898
4534 7.6895
4535 9.1991
4536 -0.5975
4537 6.0170
4538 2.3195
4539 6.0145
4540 0.0000
4541 0.7565
4542 1.0504
4543 -2.1601
4544 10.4972
4545 -1.9082
4546 2.8173
4547 0.0000
4548 1.1130
4549 2.5240
4550 1.1545
4551 4.0396
4552 6.7550
4553 5.4136
4554 1.7914
4555 1.9644
4556 10.5846
4557 7.1249
4558 3.1449
4559 3.6013
4560 3.2100
4561 -0.0604
4562 0.0000
4563 0.5234
4564 -1.3703
4565 10.4219
4566 4.0633
4567 -3.0733
4568 14.8969
4569 -0.3281
4570 -6.0943
4571 0.0000
4572 5.6948
4573 8.5072
4574 -1.7619
4575 8.3437
4576 7.7049
4577 0.9360
4578 0.0000
4579 1.3848
4580 6.8784
4581 -0.1775
4582 0.0000
4583 -4.8875
4584 6.9761
4585 4.8260
4586 7.1408
4587 -1.1356
4588 -6.4429
4589 2.3989
4590 -2.6082
4591 0.0000
4592 -0.8801
4593 4.9267
4594 3.2094
4595 2.7547
4596 9.8681
4597 6.6029
4598 0.0000
4599 -9.3805
4600 3.9391
4601 2.0427
4602 0.0000
4603 -0.1939
4604 -4.5462
4605 8.0419
4606 4.5934
4607 2.6055
4608 9.6939
4609 7.4399
4610 5.2160
4611 0.0000
4612 9.3777
4613 -2.5094
4614 5.8901
4615 3.1431
4616 5.2342
4617 3.6678
4618 0.0000
4619 3.7309
4620 -5.5406
4621 -4.5573
4622 0.0000
4623 3.3197
4624 -1.5927
4625 6.6590
4626 6.6560
4627 3.8413
4628 3.7299
4629 0.9141
4630 0.3196
4631 0.0000
4632 8.8743
4633 1.3529
4634 0.1541
4635 1.3871
4636 -0.7337
4637 4.6602
4638 0.0000
4639 2.1823
4640 5.6685
4641 13.4396
4642 -0.6835
4643 2.0425
4644 4.8377
4645 8.8656
4646 -4.1930
4647 3.1876
4648 5.1660
4649 2.9501
4650 0.1894
4651 10.7385
4652 8.6580
4653 0.0000
4654 9.5019
4655 -0.1105
4656 8.3113
4657 10.8436
4658 -3.9023
4659 0.0629
4660 1.9167
4661 3.2186
4662 0.0000
4663 6.1081
4664 0.7406
4665 4.1801
4666 -1.8552
4667 -1.2012
4668 9.6262
4669 0.0000
4670 8.2502
4671 6.0234
4672 -1.4931
4673 0.0000
4674 6.0413
4675 -8.0986
4676 0.3061
4677 3.0273
4678 5.9615
4679 11.7483
4680 -5.1182
4681 4.3607
4682 0.0000
4683 2.7004
4684 7.5691
4685 1.0692
4686 8.0863
4687 4.6790
4688 6.2558
4689 0.0000
4690 0.0462
4691 3.4219
4692 7.1979
4693 0.0000
4694 7.4160
4695 -6.6376
4696 8.5959
4697 5.9648
4698 -3.3254
4699 10.2782
4700 0.6903
4701 2.6005
4702 0.0000
4703 1.4505
4704 1.6470
4705 -2.9706
4706 6.3193
4707 6.7070
4708 3.8872
4709 0.0000
4710 -4.9181
4711 5.9603
4712 11.6582
4713 0.0000
4714 6.9408
4715 -1.6297
4716 5.6149
4717 5.8089
4718 7.4172
4719 17.6555
4720 -0.3656
4721 4.4159
4722 0.0000
4723 7.5438
4724 10.1940
4725 0.4374
4726 12.4054
4727 7.8675
4728 7.9308
4729 0.0000
4730 -4.2257
4731 0.0227
4732 3.1513
4733 5.3364
4734 5.0779
4735 1.2096
4736 6.3635
4737 13.0774
4738 6.9556
4739 4.5883
4740 -2.4871
4741 -3.4730
4742 2.4013
4743 5.8984
4744 0.0000
4745 -0.6985
4746 -0.4817
4747 1.4524
4748 7.1702
4749 -1.5468
4750 5.2388
4751 -8.3217
4752 6.3772
4753 0.0000
4754 1.7889
4755 6.2931
4756 4.8069
4757 1.0015
4758 4.4333
4759 10.1907
4760 0.0000
4761 0.2441
4762 -3.0916
4763 2.0390
4764 0.0000
4765 9.6237
4766 -1.2196
4767 8.6209
4768 1.0530
4769 4.4205
4770 8.0621
4771 5.9675
4772 10.7966
4773 0.0000
4774 3.4926
4775 1.3658
4776 7.1029
4777 9.3054
4778 6.8622
4779 4.5822
4780 0.0000
4781 -2.2690
4782 7.1153
4783 11.2881
4784 0.0000
4785 4.9961
4786 -0.8034
4787 9.0699
4788 -0.4341
4789 3.4940
4790 14.9763
4791 3.2715
4792 0.6301
4793 0.0000
4794 5.8909
4795 7.7383
4796 7.0189
4797 -2.9910
4798 3.1656
4799 -0.4157
4800 0.0000
4801 6.3984
4802 5.0168
4803 2.0315
4804 0.0000
4805 2.0349
4806 5.3908
4807 9.1779
4808 0.6923
4809 -2.3904
4810 -0.9597
4811 -1.7810
4812 -2.9261
4813 0.0000
4814 -2.7354
4815 -0.7237
4816 5.0848
4817 3.6277
4818 1.2800
4819 2.3206
4820 0.0000
4821 3.2110
4822 0.0000
4823 -5.1933
4824 0.0000
4825 9.4543
4826 4.0424
4827 -0.4369
4828 -4.3463
4829 6.9414
4830 10.6055
4831 4.4110
4832 2.3709
4833 0.0000
4834 -0.1613
4835 6.0954
4836 -0.4148
4837 6.8201
4838 6.7500
4839 1.7619
4840 0.0000
4841 3.7038
4842 4.8109
4843 4.4429
4844 2.9297
4845 1.0943
4846 -2.0815
4847 0.0000
4848 -6.0937
4849 11.1873
4850 -0.5083
4851 1.4931
4852 -2.9634
4853 10.3071
4854 0.0000
4855 1.0686
4856 -2.3677
4857 7.0136
4858 12.8448
4859 3.9226
4860 -2.2436
4861 0.0000
4862 0.6787
4863 3.6411
4864 9.9686
4865 7.6410
4866 14.4266
4867 -1.2144
4868 0.0000
4869 0.5104
4870 3.3177
4871 0.0799
4872 7.1285
4873 7.1241
4874 1.0283
4875 0.0000
4876 -2.1373
4877 -3.0684
4878 6.5425
4879 15.2317
4880 4.2728
4881 -1.1711
4882 0.0000
4883 -0.6888
4884 1.8918
4885 1.3001
4886 5.9939
4887 0.5575
4888 2.5333
4889 0.0000
4890 -5.8955
4891 10.3679
4892 5.1188
4893 5.2432
4894 0.7112
4895 10.7199
4896 0.0000
4897 2.5524
4898 7.2461
4899 4.7807
4900 9.5671
4901 3.7156
4902 7.5790
4903 0.0000
4904 2.7577
4905 5.1957
4906 2.9115
4907 6.0963
4908 2.3716
4909 10.0173
4910 0.0000
4911 -4.1549
4912 -1.3532
4913 10.4598
4914 6.3058
4915 1.7320
4916 5.6229
4917 0.0000
4918 4.2526
4919 2.0072
4920 -6.5399
4921 5.5772
4922 8.1855
4923 9.8534
4924 0.0000
4925 -6.3788
4926 0.3466
4927 8.4477
4928 1.6858
4929 7.4738
4930 8.9365
4931 0.0000
4932 7.3938
4933 7.4361
4934 3.3406
4935 6.0192
4936 -1.7615
4937 0.0617
4938 0.0000
4939 -3.1482
4940 0.0000
4941 -1.9113
4942 0.0000
4943 10.0130
4944 0.0000
4945 4.5503
4946 0.4711
4947 0.0000
4948 6.8750
4949 5.6284
4950 8.2597
4951 2.3367
4952 0.0000
4953 6.1117
4954 -0.2901
4955 9.1017
4956 0.0000
4957 5.5574
4958 12.4009
4959 4.5902
4960 0.0000
4961 -0.0786
4962 1.4903
4963 2.2743
4964 5.3043
4965 -1.9830
4966 3.8544
4967 -0.3346
4968 2.9208
4969 4.3974
4970 0.0000
4971 -4.8363
4972 3.4504
4973 9.5923
4974 9.8144
4975 1.2871
4976 -6.8208
4977 0.0000
4978 2.6815
4979 10.0553
4980 0.5622
4981 -0.0291
4982 3.2006
4983 2.0618
4984 0.0000
4985 5.0950
4986 2.2066
4987 2.3530
4988 11.4673
4989 3.1974
4990 -2.5647
4991 0.0000
4992 -9.8595
4993 4.4728
4994 8.8193
4995 5.2683
4996 4.7206
4997 -3.3961
4998 0.0000
4999 -1.0769
5000 3.5793
5001 8.2188
5002 8.9989
5003 5.5531
5004 13.9562
5005 0.0000
5006 2.6320
5007 8.3112
5008 4.5278
5009 4.8106
5010 5.1120
5011 5.4521
5012 0.0000
5013 0.7945
5014 9.3219
5015 2.3867
5016 0.1724
5017 -1.5442
5018 2.5778
5019 0.0000
5020 -1.6747
5021 2.2476
5022 -3.4973
5023 9.5382
5024 -2.5316
5025 4.7836
5026 0.0000
5027 2.0659
5028 5.3965
5029 1.5337
5030 4.1341
5031 3.3224
5032 -1.1084
5033 0.0000
5034 0.4380
5035 7.4266
5036 10.9274
5037 6.7869
5038 3.8880
5039 -0.0990
5040 0.0000
5041 -0.8493
5042 3.2302
5043 -0.2602
5044 8.7773
5045 0.8692
5046 2.0446
5047 0.0000
5048 -3.4475
5049 1.5747
5050 0.0000
5051 6.6411
5052 -4.4999
5053 0.2200
5054 4.9113
5055 1.7184
5056 6.9884
5057 -0.6053
5058 -0.9047
5059 0.0000
5060 8.8702
5061 1.8653
5062 0.0000
5063 0.6490
5064 0.0000
5065 3.8736
5066 0.0000
5067 1.0869
5068 6.8081
5069 0.0000
5070 6.9517
5071 6.9521
5072 0.0000
5073 4.0615
5074 -2.0341
5075 3.8931
5076 0.0000
5077 3.0452
5078 6.1524
5079 0.0000
5080 1.8298
5081 3.9743
5082 5.0751
5083 0.0000
5084 -3.1244
5085 8.0368
5086 0.0000
5087 4.0369
5088 7.9456
5089 5.9517
5090 0.0000
5091 -4.4762
5092 -0.8721
5093 0.0000
5094 -0.8492
5095 13.7418
5096 -4.0714
5097 0.0000
5098 1.7610
5099 6.2985
5100 0.0000
5101 5.1373
5102 0.5937
5103 3.9341
5104 0.0000
5105 5.2780
5106 -0.9971
5107 0.0000
5108 5.3352
5109 8.8704
5110 5.6759
5111 0.0000
5112 2.0760
5113 4.8995
5114 0.0000
5115 7.6286
5116 5.7702
5117 9.1787
5118 0.0000
5119 -0.7225
5120 1.0537
5121 0.0000
5122 4.1900
5123 6.1968
5124 6.4217
5125 0.0000
5126 2.1576
5127 6.5556
5128 0.0000
5129 1.4308
5130 -1.3661
5131 3.0694
5132 0.0000
5133 3.3576
5134 3.0790
5135 0.0000
5136 5.7454
5137 -0.0293
5138 1.1116
5139 0.0000
5140 -0.3803
5141 1.9789
5142 0.0000
5143 12.7007
5144 -1.0150
5145 2.8897
5146 0.0000
5147 0.4888
5148 4.6347
5149 0.0000
5150 6.9660
5151 3.7446
5152 8.9248
5153 0.0000
5154 5.4778
5155 7.9081
5156 0.0000
5157 6.7267
5158 0.0460
5159 8.5957
5160 0.0000
5161 4.3917
5162 1.9248
5163 0.0000
5164 6.2164
5165 10.0676
5166 6.0145
5167 0.0000
5168 -3.2320
5169 8.0437
5170 0.0000
5171 5.9977
5172 1.0685
5173 -2.9394
5174 0.0000
5175 -3.8322
5176 6.3700
5177 0.0000
5178 9.1374
5179 8.9190
5180 1.2096
5181 0.0000
5182 0.4296
5183 0.0000
5184 8.0715
5185 0.0000
5186 8.5793
5187 0.1202
5188 0.0000
5189 11.9831
5190 0.0000
5191 6.0532
5192 0.0000
5193 1.0731
5194 -4.1212
5195 5.4089
5196 0.0000
5197 9.8910
5198 8.5377
5199 1.2042
5200 0.0000
5201 5.0014
5202 8.8942
5203 11.1465
5204 0.0000
5205 3.7183
5206 0.0000
5207 10.7567
5208 0.0000
5209 -2.1599
5210 -0.1097
5211 0.0000
5212 0.0508
5213 0.0000
5214 10.9738
5215 5.0582
5216 6.4330
5217 -8.6591
5218 3.8591
5219 5.3022
5220 -1.5480
5221 4.4378
5222 -0.9387
5223 6.1709
5224 6.4936
5225 8.0693
5226 2.0150
5227 3.3103
5228 2.3775
5229 6.0758
5230 0.0000
5231 2.5400
5232 -2.9132
5233 6.6463
5234 0.8983
5235 3.8507
5236 -6.7343
5237 -5.7941
5238 5.9036
5239 0.0000
5240 5.7703
5241 -0.8974
5242 6.5075
5243 0.6300
5244 -1.0617
5245 1.7109
5246 0.0000
5247 5.8153
5248 4.8946
5249 9.3100
5250 0.0000
5251 6.3536
5252 3.0011
5253 9.0185
5254 7.9044
5255 -3.0729
5256 14.0142
5257 9.6258
5258 5.6738
5259 0.0000
5260 4.6436
5261 -0.3025
5262 2.5118
5263 5.6592
5264 2.9098
5265 1.0633
5266 0.0000
5267 7.5338
5268 8.2651
5269 1.8127
5270 0.0000
5271 6.6748
5272 -0.8691
5273 3.1963
5274 10.8997
5275 -1.7439
5276 0.2320
5277 -4.4133
5278 0.6746
5279 0.0000
5280 9.0366
5281 2.8227
5282 -1.3227
5283 3.3465
5284 7.6981
5285 8.8982
5286 0.0000
5287 0.0491
5288 2.7336
5289 1.9349
5290 0.0000
5291 14.5060
5292 -1.7111
5293 7.2672
5294 11.4188
5295 2.6318
5296 13.2865
5297 5.1694
5298 10.1146
5299 0.0000
5300 -1.8162
5301 1.2624
5302 -3.8063
5303 10.3414
5304 0.5708
5305 -6.8830
5306 0.0000
5307 3.6782
5308 8.5110
5309 5.2122
5310 3.9181
5311 8.6924
5312 6.3815
5313 8.4954
5314 3.8965
5315 2.5375
5316 11.3661
5317 6.4396
5318 2.4039
5319 8.3417
5320 7.7020
5321 0.0000
5322 8.2228
5323 -2.6133
5324 7.2015
5325 -4.4703
5326 -4.5007
5327 0.4057
5328 6.7027
5329 -1.3742
5330 0.0000
5331 8.0286
5332 2.9385
5333 3.2526
5334 10.0696
5335 -0.4275
5336 7.6286
5337 0.0000
5338 1.5481
5339 2.5623
5340 -4.4288
5341 0.0000
5342 4.6378
5343 0.8641
5344 9.6550
5345 -1.9207
5346 0.7384
5347 0.7494
5348 -4.9107
5349 2.9916
5350 0.0000
5351 5.7557
5352 0.9994
5353 7.5610
5354 5.0845
5355 4.4980
5356 2.5731
5357 0.0000
5358 -3.7184
5359 8.4620
5360 13.1347
5361 0.0000
5362 0.6324
5363 0.3754
5364 1.9173
5365 7.5312
5366 -6.9680
5367 7.7619
5368 2.4756
5369 6.6278
5370 0.0000
5371 6.3829
5372 13.4334
5373 2.3601
5374 0.5293
5375 -0.8549
5376 10.1249
5377 0.0000
5378 0.3536
5379 5.6811
5380 7.9477
5381 0.0000
5382 7.0850
5383 -1.9764
5384 -4.2754
5385 5.2872
5386 0.1898
5387 9.1752
5388 -3.9009
5389 9.5102
5390 0.0000
5391 1.9870
5392 -2.7129
5393 0.7532
5394 8.4599
5395 2.1568
5396 5.5720
5397 0.0000
5398 -5.9314
5399 8.7135
5400 4.5080
5401 1.8878
5402 2.4333
5403 2.6600
5404 8.3773
5405 3.6990
5406 1.8122
5407 4.6639
5408 4.9348
5409 -0.7175
5410 10.6860
5411 4.3764
5412 0.0000
5413 7.8702
5414 -2.8981
5415 4.1062
5416 4.1402
5417 1.2587
5418 15.0908
5419 3.2287
5420 11.9618
5421 0.0000
5422 9.9309
5423 3.5107
5424 3.2300
5425 3.5058
5426 5.1741
5427 2.5556
5428 0.0000
5429 2.3697
5430 1.3032
5431 -1.2981
5432 0.0000
5433 12.7437
5434 7.1835
5435 3.4104
5436 6.1730
5437 2.2398
5438 1.2588
5439 8.1878
5440 4.2288
5441 0.0000
5442 5.0947
5443 7.7896
5444 3.6211
5445 3.3667
5446 4.0211
5447 4.6922
5448 0.0000
5449 1.3986
5450 -1.4141
5451 10.6956
5452 0.0000
5453 8.4066
5454 2.6950
5455 1.7770
5456 3.1257
5457 -2.7431
5458 -1.9322
5459 1.5271
5460 -1.3137
5461 0.0000
5462 8.5803
5463 -2.9546
5464 -1.7715
5465 4.0844
5466 7.4028
5467 0.4925
5468 0.0000
5469 0.6344
5470 6.4316
5471 3.3381
5472 0.0000
5473 5.9420
5474 1.1351
5475 -4.0584
5476 -0.0996
5477 2.8664
5478 -4.4347
5479 -1.6495
5480 11.8865
5481 0.0000
5482 14.9998
5483 4.3540
5484 2.2068
5485 2.4803
5486 8.6201
5487 13.7083
5488 0.0000
5489 -2.3708
5490 7.9033
5491 -1.4254
5492 -2.8968
5493 1.6626
5494 12.1762
5495 6.8144
5496 4.3401
5497 7.8125
5498 9.9195
5499 13.8084
5500 1.3641
5501 -2.1547
5502 9.9149
5503 0.0000
5504 0.0614
5505 2.8922
5506 4.9376
5507 0.6129
5508 0.0058
5509 12.5042
5510 3.6129
5511 -0.8271
5512 0.0000
5513 1.3274
5514 12.1376
5515 -3.4520
5516 4.6284
5517 6.1474
5518 6.7001
5519 0.0000
5520 10.8303
5521 0.2301
5522 3.9392
5523 0.0000
5524 4.1769
5525 3.2740
5526 5.8107
5527 -0.3291
5528 -3.7539
5529 -6.4822
5530 -0.0919
5531 3.4088
5532 0.0000
5533 7.4616
5534 5.1401
5535 9.1287
5536 10.6809
5537 2.1371
5538 12.3687
5539 0.0000
5540 1.6907
5541 4.3356
5542 6.1274
5543 0.0000
5544 3.0483
5545 5.4026
5546 1.2891
5547 8.2585
5548 6.0820
5549 -0.1807
5550 1.5429
5551 5.5325
5552 0.0000
5553 0.3789
5554 7.7379
5555 8.7431
5556 14.9245
5557 8.0690
5558 0.7352
5559 0.0000
5560 2.6353
5561 4.6539
5562 1.4157
5563 0.0000
5564 8.4846
5565 4.9986
5566 0.1212
5567 0.3131
5568 -0.1337
5569 11.2023
5570 8.0196
5571 12.9016
5572 0.0000
5573 2.7312
5574 -3.3633
5575 2.6651
5576 2.8539
5577 -1.9619
5578 -1.2061
5579 0.0000
5580 4.3743
5581 0.0000
5582 5.0358
5583 0.0000
5584 8.7750
5585 -1.6664
5586 5.3314
5587 10.4507
5588 -2.8025
5589 10.7732
5590 4.8448
5591 6.5363
5592 0.0000
5593 3.4237
5594 3.7531
5595 2.7228
5596 2.3677
5597 7.0601
5598 -10.7919
5599 0.0000
5600 -0.7809
5601 -0.4531
5602 2.2983
5603 0.3359
5604 -0.0846
5605 6.0617
5606 0.0000
5607 3.3331
5608 0.0231
5609 1.7604
5610 -1.0360
5611 3.4178
5612 0.7430
5613 0.0000
5614 2.5034
5615 -6.4121
5616 5.1991
5617 5.2994
5618 5.5373
5619 6.3696
5620 0.0000
5621 -0.7592
5622 6.9574
5623 13.5797
5624 10.6805
5625 2.1700
5626 4.8070
5627 0.0000
5628 -4.8990
5629 0.7234
5630 -2.0486
5631 -3.5858
5632 1.9236
5633 3.2624
5634 0.0000
5635 0.0721
5636 4.1539
5637 2.1842
5638 -1.3751
5639 1.3432
5640 4.9555
5641 0.0000
5642 -5.1792
5643 0.0008
5644 3.2185
5645 1.4384
5646 8.3040
5647 1.0515
5648 0.0000
5649 -1.7912
5650 2.3756
5651 15.9554
5652 4.5249
5653 0.8925
5654 7.2669
5655 0.0000
5656 -1.1549
5657 5.4198
5658 -3.4117
5659 6.1218
5660 10.8740
5661 2.2114
5662 0.0000
5663 7.4319
5664 8.0624
5665 3.7440
5666 -1.0602
5667 4.2071
5668 -2.9462
5669 0.0000
5670 5.0834
5671 10.9000
5672 4.7420
5673 5.1401
5674 7.3962
5675 -3.1742
5676 0.0000
5677 5.8887
5678 2.9415
5679 1.9661
5680 4.4570
5681 6.7787
5682 2.5099
5683 0.0000
5684 -0.4115
5685 0.6717
5686 10.7441
5687 8.4053
5688 6.6765
5689 4.8983
5690 0.0000
5691 5.7802
5692 -3.3523
5693 5.5701
5694 -0.0071
5695 -3.6995
5696 6.0343
5697 0.0000
5698 5.6910
5699 0.0000
5700 3.2871
5701 0.0000
5702 1.2636
5703 0.0000
5704 9.4329
5705 8.2702
5706 0.0000
5707 3.7168
5708 5.2050
5709 6.6234
5710 5.8333
5711 0.0000
5712 8.1772
5713 4.6435
5714 10.1025
5715 0.0000
5716 5.2754
5717 7.7788
5718 -0.6834
5719 0.0000
5720 5.0076
5721 3.9766
5722 -4.0147
5723 1.5738
5724 9.5096
5725 -3.1725
5726 4.1958
5727 5.9947
5728 2.4881
5729 0.0000
5730 2.8831
5731 7.5497
5732 5.6281
5733 8.3771
5734 3.7297
5735 3.3546
5736 0.0000
5737 7.6203
5738 0.0663
5739 -0.2232
5740 10.7063
5741 7.7612
5742 1.9564
5743 0.0000
5744 -2.2492
5745 3.0815
5746 0.1555
5747 10.4233
5748 8.4616
5749 -5.3736
5750 0.0000
5751 11.1714
5752 6.7210
5753 2.8294
5754 5.0930
5755 6.2140
5756 -1.0499
5757 0.0000
5758 1.4843
5759 1.5078
5760 12.7872
5761 1.5967
5762 6.6667
5763 4.7177
5764 0.0000
5765 1.3248
5766 8.3212
5767 3.9088
5768 7.6160
5769 9.0426
5770 0.7901
5771 0.0000
5772 -4.1146
5773 0.6193
5774 10.1083
5775 1.6102
5776 -0.3257
5777 9.2769
5778 0.0000
5779 0.0271
5780 7.4089
5781 5.0511
5782 -2.1340
5783 5.3696
5784 4.6330
5785 0.0000
5786 -7.8555
5787 8.8177
5788 6.6534
5789 4.5778
5790 1.9290
5791 2.5202
5792 0.0000
5793 8.4224
5794 9.9181
5795 -2.1232
5796 0.1294
5797 2.8562
5798 9.7227
5799 0.0000
5800 12.4352
5801 4.2736
5802 11.0956
5803 -1.7170
5804 -3.2179
5805 -1.7341
5806 0.0000
5807 -0.4021
5808 -8.5036
5809 0.0000
5810 2.4243
5811 2.3409
5812 5.1362
5813 0.4660
5814 9.4445
5815 -2.0369
5816 3.5567
5817 8.1534
5818 0.0000
5819 4.2799
5820 8.5246
5821 0.0000
5822 2.6328
5823 0.0000
5824 -4.0875
5825 0.0000
5826 7.0171
5827 3.5765
5828 0.0000
5829 10.5206
5830 1.8882
5831 0.0000
5832 4.7761
5833 -1.5260
5834 2.0986
5835 0.0000
5836 -0.2900
5837 1.8740
5838 0.0000
5839 5.9794
5840 6.0632
5841 -1.8852
5842 0.0000
5843 0.5324
5844 1.4516
5845 0.0000
5846 9.6508
5847 3.1352
5848 3.6765
5849 0.0000
5850 6.5217
5851 3.7981
5852 0.0000
5853 6.3454
5854 6.9922
5855 0.8850
5856 0.0000
5857 3.5272
5858 12.0889
5859 0.0000
5860 7.5037
5861 4.5043
5862 -2.6888
5863 0.0000
5864 -6.4954
5865 6.8912
5866 0.0000
5867 7.5076
5868 4.0600
5869 9.2105
5870 0.0000
5871 -3.2083
5872 4.4694
5873 0.0000
5874 1.1819
5875 12.1507
5876 22.0648
5877 0.0000
5878 8.9225
5879 0.6746
5880 0.0000
5881 6.1269
5882 5.6751
5883 -4.2824
5884 0.0000
5885 0.5772
5886 15.5208
5887 0.0000
5888 5.4663
5889 0.1551
5890 -0.4774
5891 0.0000
5892 3.7905
5893 -4.2964
5894 0.0000
5895 -5.8970
5896 -0.7050
5897 6.9168
5898 0.0000
5899 -0.1785
5900 3.7804
5901 0.0000
5902 16.4678
5903 13.8857
5904 6.1256
5905 0.0000
5906 -10.6680
5907 2.0223
5908 0.0000
5909 14.5952
5910 9.0485
5911 7.1799
5912 0.0000
5913 -3.7132
5914 4.8459
5915 0.0000
5916 2.8327
5917 11.3653
5918 1.7329
5919 0.0000
5920 10.4073
5921 2.7001
5922 0.0000
5923 4.5048
5924 3.3294
5925 2.4857
5926 0.0000
5927 -5.4988
5928 11.1321
5929 0.0000
5930 0.9590
5931 -1.9548
5932 5.4161
5933 0.0000
5934 4.7825
5935 1.1685
5936 0.0000
5937 7.8347
5938 7.4395
5939 6.1556
5940 0.0000
5941 -2.8463
5942 0.0000
5943 -5.0955
5944 0.0000
5945 -0.9553
5946 6.3877
5947 0.0000
5948 4.3168
5949 0.0000
5950 4.8876
5951 0.0000
5952 2.5877
5953 -0.6373
5954 8.2398
5955 0.0000
5956 11.9772
5957 2.6702
5958 -2.2499
5959 0.0000
5960 -2.3240
5961 6.0907
5962 4.0918
5963 0.0000
5964 4.7216
5965 0.0000
5966 6.4705
5967 0.0000
5968 3.7815
5969 5.9002
5970 0.0000
5971 -0.0243
5972 0.0000
5973 6.8832
5974 -1.1082
5975 0.3321
5976 3.4957
5977 3.2744
5978 2.9299
5979 0.6229
5980 7.9703
5981 3.1502
5982 2.4356
5983 -2.3584
5984 6.4275
5985 1.3171
5986 7.7645
5987 1.9551
5988 -6.7319
5989 0.0000
5990 -0.0230
5991 -1.4359
5992 -2.5164
5993 3.6866
5994 1.3191
5995 9.9671
5996 9.2900
5997 5.7962
5998 0.0000
5999 6.6470
6000 5.6839
6001 6.9861
6002 5.9830
6003 6.5568
6004 4.4966
6005 0.0000
6006 2.2023
6007 -1.9126
6008 3.2920
6009 0.0000
6010 8.4075
6011 0.6439
6012 3.2041
6013 -3.6904
6014 -0.7422
6015 12.6656
6016 4.1843
6017 6.5748
6018 0.0000
6019 11.9947
6020 3.1559
6021 9.7658
6022 3.7535
6023 2.1296
6024 -5.9922
6025 0.0000
6026 -1.8627
6027 2.0948
6028 -0.8848
6029 0.0000
6030 2.9066
6031 -2.3589
6032 1.4135
6033 8.7436
6034 -1.2838
6035 11.6127
6036 8.5733
6037 5.1174
6038 0.0000
6039 -6.9746
6040 7.1390
6041 3.4609
6042 6.8238
6043 5.0745
6044 1.7478
6045 0.0000
6046 0.2861
6047 4.2379
6048 9.1434
6049 0.0000
6050 -0.4812
6051 -3.3147
6052 5.1494
6053 4.8654
6054 2.2591
6055 6.0254
6056 3.8237
6057 5.0962
6058 0.0000
6059 2.3498
6060 -2.3979
6061 6.6224
6062 5.2200
6063 2.8446
6064 8.3447
6065 0.0000
6066 -6.2709
6067 4.6959
6068 4.9067
6069 -2.2628
6070 6.0396
6071 5.5546
6072 4.9598
6073 2.9923
6074 0.5898
6075 -0.6021
6076 4.1113
6077 -1.5800
6078 4.6973
6079 8.2947
6080 0.0000
6081 -1.9365
6082 -0.8975
6083 9.9809
6084 3.4614
6085 -3.4941
6086 3.3619
6087 0.7041
6088 7.2830
6089 0.0000
6090 9.0835
6091 2.1296
6092 5.7585
6093 -2.7952
6094 12.1703
6095 4.6719
6096 0.0000
6097 3.7351
6098 6.3500
6099 0.8120
6100 0.0000
6101 11.9723
6102 -4.1275
6103 -1.1985
6104 5.9519
6105 -3.1963
6106 8.5160
6107 1.2598
6108 4.5700
6109 0.0000
6110 7.6552
6111 6.4854
6112 2.7602
6113 12.9130
6114 6.1849
6115 4.5883
6116 0.0000
6117 -0.5007
6118 6.1000
6119 5.8379
6120 0.0000
6121 10.3170
6122 3.7538
6123 8.9886
6124 2.3919
6125 4.0373
6126 8.6753
6127 10.2054
6128 4.4926
6129 0.0000
6130 1.6255
6131 0.6752
6132 -1.2486
6133 3.4099
6134 5.3584
6135 4.9322
6136 0.0000
6137 -1.5348
6138 4.7186
6139 2.7543
6140 0.0000
6141 8.2367
6142 -1.2527
6143 -0.1431
6144 8.4445
6145 -4.1960
6146 5.3268
6147 4.2000
6148 7.1412
6149 0.0000
6150 6.7499
6151 0.3287
6152 2.3778
6153 -0.2118
6154 3.8665
6155 8.0845
6156 0.0000
6157 -6.3884
6158 9.0235
6159 6.0587
6160 12.1609
6161 5.9912
6162 6.8655
6163 9.5869
6164 1.4342
6165 3.2401
6166 -1.0814
6167 -3.6753
6168 7.5704
6169 -4.0507
6170 5.6683
6171 0.0000
6172 -2.4820
6173 6.2632
6174 8.0781
6175 11.4321
6176 2.0885
6177 7.8995
6178 6.5713
6179 -0.9779
6180 0.0000
6181 2.0766
6182 7.4568
6183 0.1373
6184 -3.3987
6185 4.0449
6186 6.0452
6187 0.0000
6188 -2.3122
6189 -5.3124
6190 4.9619
6191 0.0000
6192 5.0862
6193 -1.4564
6194 1.2918
6195 3.1645
6196 5.3824
6197 0.5697
6198 2.5775
6199 2.9767
6200 0.0000
6201 7.5717
6202 9.1751
6203 -3.3543
6204 8.7396
6205 2.2227
6206 1.6063
6207 0.0000
6208 -3.4750
6209 6.0264
6210 3.4505
6211 0.0000
6212 3.6077
6213 1.1432
6214 4.4682
6215 -7.3395
6216 -7.3148
6217 6.6231
6218 7.4716
6219 2.7828
6220 0.0000
6221 9.4288
6222 -0.2945
6223 3.2186
6224 6.4242
6225 7.3618
6226 6.1572
6227 0.0000
6228 1.0406
6229 4.3584
6230 2.7014
6231 0.0000
6232 1.3273
6233 -3.5721
6234 -5.9755
6235 -1.7106
6236 4.8058
6237 8.8219
6238 2.5383
6239 12.8382
6240 0.0000
6241 2.2623
6242 1.8852
6243 7.9207
6244 3.5100
6245 -0.3577
6246 9.5951
6247 0.0000
6248 -1.5944
6249 10.2304
6250 18.5635
6251 2.2320
6252 -0.3513
6253 1.8226
6254 4.2236
6255 0.0228
6256 2.6460
6257 -0.6847
6258 9.1921
6259 0.4390
6260 6.8202
6261 -1.2460
6262 0.0000
6263 4.6057
6264 3.1924
6265 10.5421
6266 -3.0118
6267 -10.2065
6268 -0.9564
6269 -1.5641
6270 5.4743
6271 0.0000
6272 2.5419
6273 -2.0522
6274 11.2212
6275 4.9428
6276 1.6456
6277 15.1292
6278 0.0000
6279 1.1138
6280 11.9097
6281 -1.1030
6282 0.0000
6283 7.6543
6284 1.2267
6285 6.6871
6286 0.2066
6287 2.6609
6288 -5.4915
6289 0.8982
6290 3.9554
6291 0.0000
6292 7.6677
6293 6.5306
6294 3.4246
6295 -1.6354
6296 5.7222
6297 3.3556
6298 0.0000
6299 1.3175
6300 2.8433
6301 1.5469
6302 0.0000
6303 2.4513
6304 -5.6630
6305 3.1929
6306 -4.2983
6307 0.2028
6308 -1.5291
6309 4.5822
6310 0.6291
6311 0.0000
6312 3.5333
6313 0.7850
6314 5.9899
6315 -2.0906
6316 11.0379
6317 -0.7243
6318 0.0000
6319 0.5957
6320 1.9394
6321 4.6011
6322 0.0000
6323 10.0871
6324 9.1920
6325 8.1938
6326 -0.2491
6327 4.7920
6328 2.3148
6329 1.6448
6330 9.0144
6331 0.0000
6332 4.0095
6333 2.8874
6334 7.1145
6335 2.0987
6336 -5.5205
6337 4.5627
6338 0.0000
6339 -0.9968
6340 0.0000
6341 4.6526
6342 0.0000
6343 9.9991
6344 1.3983
6345 4.7219
6346 0.9284
6347 3.6072
6348 1.4981
6349 -3.3388
6350 3.0951
6351 0.0000
6352 -2.3385
6353 3.6789
6354 0.5713
6355 5.5150
6356 -1.7799
6357 14.0637
6358 0.0000
6359 2.7178
6360 6.5335
6361 5.7425
6362 9.7108
6363 2.3909
6364 7.7662
6365 0.0000
6366 -1.3142
6367 9.8683
6368 11.6007
6369 8.0162
6370 -1.0921
6371 2.5856
6372 0.0000
6373 -3.3690
6374 -0.3032
6375 5.2369
6376 1.4845
6377 1.1622
6378 -1.3496
6379 0.0000
6380 5.1800
6381 5.0511
6382 6.2389
6383 5.3389
6384 6.2639
6385 7.6263
6386 0.0000
6387 5.4298
6388 6.0937
6389 1.3054
6390 1.5291
6391 5.5845
6392 5.1903
6393 0.0000
6394 -1.9593
6395 5.6224
6396 3.1864
6397 0.2421
6398 11.1861
6399 -5.5909
6400 0.0000
6401 4.6716
6402 -0.1181
6403 5.9501
6404 10.2950
6405 0.8415
6406 2.4338
6407 0.0000
6408 4.0475
6409 7.7913
6410 8.8907
6411 5.6721
6412 -0.5552
6413 10.5006
6414 0.0000
6415 -3.0418
6416 0.8448
6417 7.3127
6418 5.7534
6419 4.1762
6420 7.7168
6421 0.0000
6422 1.4413
6423 9.3858
6424 6.4766
6425 8.7110
6426 8.8273
6427 2.5470
6428 0.0000
6429 3.4558
6430 4.9015
6431 3.5749
6432 4.0438
6433 -5.2510
6434 6.7583
6435 0.0000
6436 -3.4751
6437 -1.6878
6438 2.6838
6439 5.7397
6440 7.3580
6441 12.1360
6442 0.0000
6443 -1.6588
6444 -1.7492
6445 5.8526
6446 1.0628
6447 4.4657
6448 -2.2433
6449 0.0000
6450 0.5031
6451 -0.1214
6452 -1.0286
6453 7.5110
6454 4.4868
6455 7.6710
6456 0.0000
6457 -1.3546
6458 0.0000
6459 3.2624
6460 0.0000
6461 5.4365
6462 0.0000
6463 0.5672
6464 1.4070
6465 0.0000
6466 3.5348
6467 6.3577
6468 3.9725
6469 -1.6935
6470 0.0000
6471 5.3163
6472 6.4108
6473 7.3473
6474 0.0000
6475 8.2483
6476 1.5140
6477 0.6951
6478 0.0000
6479 -1.4709
6480 7.9773
6481 4.0809
6482 0.8241
6483 6.5199
6484 1.0164
6485 1.5700
6486 5.6241
6487 2.8272
6488 0.0000
6489 -2.6211
6490 18.0096
6491 4.7217
6492 8.7557
6493 0.8864
6494 5.2871
6495 0.0000
6496 1.8605
6497 2.4834
6498 2.6103
6499 7.6239
6500 3.6124
6501 1.3332
6502 0.0000
6503 0.1728
6504 12.9410
6505 1.6373
6506 2.4896
6507 3.5786
6508 -1.4694
6509 0.0000
6510 1.3036
6511 4.7437
6512 -0.9565
6513 -2.7934
6514 3.8388
6515 4.9940
6516 0.0000
6517 -2.0271
6518 1.0485
6519 7.2560
6520 7.4142
6521 -0.1642
6522 -0.5900
6523 0.0000
6524 1.0744
6525 3.0551
6526 0.6963
6527 11.5349
6528 5.0519
6529 5.4145
6530 0.0000
6531 1.8373
6532 5.0880
6533 5.4709
6534 1.6311
6535 3.2426
6536 7.3149
6537 0.0000
6538 -0.6834
6539 0.4318
6540 11.3826
6541 13.7367
6542 12.0185
6543 0.6510
6544 0.0000
6545 4.4241
6546 5.6201
6547 1.0141
6548 9.4300
6549 -0.8371
6550 10.2015
6551 0.0000
6552 5.7699
6553 0.7211
6554 1.1815
6555 1.2474
6556 5.2472
6557 4.5184
6558 0.0000
6559 -4.6431
6560 5.8787
6561 2.5398
6562 15.7665
6563 -0.0226
6564 -5.6641
6565 0.0000
6566 -0.0856
6567 -1.3239
6568 0.0000
6569 -1.5575
6570 -6.0055
6571 -0.2190
6572 0.8365
6573 -1.6622
6574 7.4442
6575 3.8582
6576 1.3107
6577 0.0000
6578 2.7157
6579 0.5829
6580 0.0000
6581 12.2764
6582 0.0000
6583 -2.5130
6584 0.0000
6585 -1.3432
6586 -0.0679
6587 0.0000
6588 2.8663
6589 0.8511
6590 0.0000
6591 5.1385
6592 4.0855
6593 7.3952
6594 0.0000
6595 -0.0668
6596 6.5189
6597 0.0000
6598 -0.0998
6599 8.0783
6600 -1.5864
6601 0.0000
6602 4.1175
6603 2.3221
6604 0.0000
6605 1.8503
6606 1.6357
6607 7.4654
6608 0.0000
6609 2.3639
6610 6.0924
6611 0.0000
6612 3.0301
6613 0.8840
6614 4.6346
6615 0.0000
6616 2.0566
6617 0.7489
6618 0.0000
6619 6.1748
6620 6.4116
6621 2.6216
6622 0.0000
6623 -5.9578
6624 5.3021
6625 0.0000
6626 2.9411
6627 -2.8836
6628 1.3433
6629 0.0000
6630 7.8774
6631 1.7753
6632 0.0000
6633 6.0201
6634 5.7490
6635 4.3784
6636 0.0000
6637 -2.3419
6638 1.9698
6639 0.0000
6640 -4.3082
6641 1.8973
6642 -0.3809
6643 0.0000
6644 -5.4415
6645 7.0795
6646 0.0000
6647 1.0723
6648 7.2648
6649 8.1575
6650 0.0000
6651 -4.2162
6652 -0.5550
6653 0.0000
6654 5.7558
6655 7.4430
6656 5.1183
6657 0.0000
6658 -1.6174
6659 4.9265
6660 0.0000
6661 13.0809
6662 13.0858
6663 8.3572
6664 0.0000
6665 1.5228
6666 7.4707
6667 0.0000
6668 8.4360
6669 11.5910
6670 0.1050
6671 0.0000
6672 3.7699
6673 -0.1969
6674 0.0000
6675 1.2456
6676 5.1112
6677 0.5390
6678 0.0000
6679 -5.3448
6680 -0.6915
6681 0.0000
6682 7.8372
6683 9.7427
6684 6.9975
6685 0.0000
6686 -2.5085
6687 -1.6606
6688 0.0000
6689 -1.8998
6690 -1.6408
6691 -3.2907
6692 0.0000
6693 2.1710
6694 0.5366
6695 0.0000
6696 6.5534
6697 5.8279
6698 -1.4450
6699 0.0000
6700 0.3949
6701 0.0000
6702 1.7825
6703 0.0000
6704 0.8585
6705 3.4938
6706 0.0000
6707 6.9203
6708 0.0000
6709 -3.4049
6710 0.0000
6711 8.6009
6712 7.9362
6713 8.3847
6714 0.0000
6715 10.3381
6716 5.8911
6717 -1.0357
6718 0.0000
6719 6.9310
6720 6.3834
6721 1.6439
6722 0.0000
6723 2.5575
6724 0.0000
6725 11.4311
6726 0.0000
6727 -2.7994
6728 4.2969
6729 0.0000
6730 2.8450
6731 0.0000
6732 2.6919
6733 1.4247
6734 4.0876
6735 7.0259
6736 3.2471
6737 1.6758
6738 16.1254
6739 -0.4166
6740 4.0208
6741 -1.4721
6742 3.2466
6743 3.4594
6744 9.3072
6745 3.5857
6746 -3.7642
6747 0.0304
6748 0.0000
6749 9.8662
6750 -4.7525
6751 1.2535
6752 4.3072
6753 2.7103
6754 0.0900
6755 -2.2224
6756 6.2661
6757 0.0000
6758 8.4298
6759 5.5845
6760 4.7943
6761 -1.7094
6762 1.4815
6763 -1.6164
6764 0.0000
6765 -0.3253
6766 7.3159
6767 3.1488
6768 0.0000
6769 3.2776
6770 -1.9165
6771 8.8336
6772 1.7793
6773 -4.0955
6774 9.7664
6775 3.0687
6776 0.0970
6777 0.0000
6778 2.8287
6779 -1.5586
6780 -0.1698
6781 4.9966
6782 4.7537
6783 3.2594
6784 0.0000
6785 -2.3418
6786 6.9769
6787 -0.1676
6788 0.0000
6789 5.5239
6790 1.5093
6791 5.3553
6792 -1.5369
6793 5.9847
6794 0.3879
6795 10.3070
6796 0.4191
6797 0.0000
6798 6.0616
6799 1.4661
6800 0.9265
6801 3.8391
6802 12.4304
6803 1.0730
6804 0.0000
6805 5.4539
6806 10.8856
6807 7.8982
6808 0.0000
6809 3.8489
6810 6.2825
6811 10.3488
6812 7.3610
6813 -0.0489
6814 8.1725
6815 1.4715
6816 -0.3765
6817 0.0000
6818 7.6914
6819 6.4715
6820 8.7517
6821 3.8212
6822 2.0495
6823 3.5778
6824 0.0000
6825 1.6886
6826 -0.2558
6827 -2.3599
6828 4.3734
6829 7.9622
6830 6.3644
6831 1.3406
6832 9.9919
6833 4.9518
6834 5.1213
6835 3.9729
6836 3.8133
6837 1.5821
6838 6.5378
6839 0.0000
6840 3.0948
6841 0.9970
6842 4.5667
6843 1.7419
6844 -3.8762
6845 12.2332
6846 -1.2157
6847 9.3771
6848 0.0000
6849 3.9255
6850 2.4961
6851 2.8870
6852 1.1642
6853 5.9694
6854 13.7207
6855 0.0000
6856 -1.8671
6857 -6.9535
6858 2.9173
6859 0.0000
6860 5.7273
6861 -2.1042
6862 4.4985
6863 0.3508
6864 7.4852
6865 6.5459
6866 6.5296
6867 4.5167
6868 0.0000
6869 -0.1518
6870 4.0422
6871 9.4070
6872 6.6418
6873 1.6162
6874 6.7834
6875 0.0000
6876 5.4458
6877 7.3320
6878 9.0717
6879 0.0000
6880 2.5055
6881 2.7470
6882 -1.0321
6883 5.0598
6884 1.3956
6885 0.8920
6886 -5.9035
6887 -3.6017
6888 0.0000
6889 -0.1138
6890 7.1889
6891 2.0688
6892 3.0897
6893 11.6485
6894 3.0105
6895 0.0000
6896 -7.5295
6897 3.6537
6898 1.1096
6899 0.0000
6900 5.6466
6901 -2.7609
6902 -0.6249
6903 4.0683
6904 -2.0490
6905 0.4783
6906 -8.5847
6907 6.0487
6908 0.0000
6909 -0.9569
6910 3.4416
6911 5.0951
6912 3.0372
6913 2.6615
6914 4.7831
6915 0.0000
6916 0.4145
6917 4.2842
6918 12.0129
6919 -0.1514
6920 -6.3842
6921 7.6719
6922 9.9055
6923 6.5104
6924 -0.9897
6925 -4.0635
6926 5.2129
6927 4.5622
6928 -1.3977
6929 10.2527
6930 0.0000
6931 9.5879
6932 3.5877
6933 4.8260
6934 -0.6176
6935 -2.3631
6936 10.5467
6937 3.8354
6938 3.2731
6939 0.0000
6940 6.2587
6941 0.6295
6942 11.6604
6943 -1.5002
6944 1.9276
6945 1.6678
6946 0.0000
6947 1.7413
6948 7.8183
6949 3.9951
6950 0.0000
6951 2.2490
6952 3.1228
6953 0.5173
6954 -1.2370
6955 -1.0372
6956 3.2612
6957 -0.4010
6958 6.6707
6959 0.0000
6960 -0.5890
6961 1.0128
6962 8.9825
6963 -3.3118
6964 9.7160
6965 5.6292
6966 0.0000
6967 -0.7051
6968 -2.1514
6969 0.8871
6970 0.0000
6971 7.2169
6972 0.7364
6973 3.1440
6974 1.8229
6975 -0.3601
6976 5.6638
6977 0.9318
6978 5.2743
6979 0.0000
6980 2.9527
6981 -0.8586
6982 2.1654
6983 -1.9212
6984 0.5735
6985 5.8867
6986 0.0000
6987 0.0903
6988 4.2887
6989 4.3406
6990 0.0000
6991 6.6988
6992 1.1364
6993 3.7207
6994 0.6878
6995 -1.3194
6996 10.4233
6997 -2.4256
6998 4.0383
6999 0.0000
7000 7.9142
7001 1.5738
7002 1.9202
7003 2.0457
7004 3.4064
7005 2.3582
7006 0.0000
7007 -1.4102
7008 1.2876
7009 -1.6506
7010 -1.2992
7011 10.9175
7012 7.2706
7013 9.0254
7014 6.5560
7015 -0.0956
7016 5.2103
7017 4.4241
7018 3.2074
7019 -2.7522
7020 -1.4632
7021 0.0000
7022 6.5162
7023 0.9747
7024 0.1597
7025 -2.2957
7026 0.4400
7027 8.9806
7028 0.9517
7029 -4.2408
7030 0.0000
7031 8.8306
7032 4.1759
7033 4.5963
7034 4.6118
7035 7.9207
7036 3.9373
7037 0.0000
7038 -2.6817
7039 0.7741
7040 3.0624
7041 0.0000
7042 -2.0185
7043 6.5612
7044 8.7493
7045 14.5353
7046 -6.9463
7047 -1.4149
7048 -1.0313
7049 3.2888
7050 0.0000
7051 2.8057
7052 9.3316
7053 4.4341
7054 7.2749
7055 -0.2996
7056 8.6930
7057 0.0000
7058 2.0433
7059 3.3486
7060 5.5037
7061 0.0000
7062 -3.0385
7063 -0.7488
7064 0.5598
7065 -5.5728
7066 -1.6909
7067 -4.1264
7068 0.4237
7069 2.5402
7070 0.0000
7071 2.9185
7072 -3.8702
7073 7.0713
7074 3.5853
7075 0.1351
7076 1.3538
7077 0.0000
7078 0.5153
7079 -2.8477
7080 10.2261
7081 0.0000
7082 0.6294
7083 -2.9485
7084 0.4340
7085 2.7236
7086 -4.5492
7087 -2.9076
7088 -6.8669
7089 1.9649
7090 0.0000
7091 6.6963
7092 6.9152
7093 12.4786
7094 1.4298
7095 0.4250
7096 2.9519
7097 0.0000
7098 7.7892
7099 0.0000
7100 -2.1110
7101 0.0000
7102 11.6697
7103 13.0395
7104 -4.1454
7105 4.3304
7106 5.3259
7107 8.9326
7108 -0.1990
7109 3.9325
7110 0.0000
7111 1.7793
7112 -2.1515
7113 6.7464
7114 8.2680
7115 -3.3428
7116 1.3494
7117 0.0000
7118 -2.0937
7119 4.0778
7120 7.9614
7121 -0.5832
7122 10.2173
7123 3.1716
7124 0.0000
7125 1.3276
7126 2.4019
7127 7.0144
7128 1.1206
7129 7.0145
7130 1.4069
7131 0.0000
7132 8.4273
7133 2.9296
7134 2.0953
7135 3.4154
7136 0.1931
7137 8.2874
7138 0.0000
7139 -1.5539
7140 -1.2324
7141 5.8995
7142 -0.1992
7143 4.7594
7144 9.2052
7145 0.0000
7146 5.5741
7147 3.4700
7148 3.0473
7149 3.6977
7150 2.3035
7151 6.7487
7152 0.0000
7153 -0.1384
7154 1.4735
7155 -5.7837
7156 1.1461
7157 -2.7573
7158 3.4779
7159 0.0000
7160 0.5484
7161 2.5397
7162 5.1338
7163 5.6023
7164 8.4392
7165 6.2326
7166 0.0000
7167 -1.9534
7168 7.8072
7169 5.1106
7170 -1.3560
7171 -0.7927
7172 3.0336
7173 0.0000
7174 2.4172
7175 -0.2002
7176 -4.4539
7177 -5.2148
7178 2.0282
7179 -0.1837
7180 0.0000
7181 4.2925
7182 8.1647
7183 1.0875
7184 5.6599
7185 4.1776
7186 12.5440
7187 0.0000
7188 3.2025
7189 10.5248
7190 -2.7636
7191 9.7898
7192 3.4356
7193 -4.8999
7194 0.0000
7195 -2.6009
7196 3.4923
7197 0.7089
7198 -0.7248
7199 0.6209
7200 9.8447
7201 0.0000
7202 0.4314
7203 2.8047
7204 9.9913
7205 4.8336
7206 -0.2857
7207 6.8464
7208 0.0000
7209 4.4271
7210 4.1619
7211 4.8383
7212 0.3049
7213 4.0526
7214 3.4800
7215 0.0000
7216 3.2326
7217 0.0000
7218 9.1570
7219 0.0000
7220 11.2957
7221 0.0000
7222 1.4433
7223 0.8864
7224 0.0000
7225 4.1768
7226 1.4360
7227 3.9363
7228 -4.4474
7229 0.0000
7230 -0.1189
7231 5.9510
7232 4.2520
7233 0.0000
7234 14.5727
7235 5.9851
7236 6.6481
7237 0.0000
7238 9.9599
7239 1.9176
7240 -1.0173
7241 4.3315
7242 11.3045
7243 11.3633
7244 5.9560
7245 3.8730
7246 5.3863
7247 0.0000
7248 3.9845
7249 6.2976
7250 4.3989
7251 -3.8432
7252 2.4006
7253 5.1390
7254 0.0000
7255 0.0139
7256 6.3603
7257 -2.6853
7258 7.6547
7259 3.1538
7260 6.3589
7261 0.0000
7262 4.7720
7263 1.8794
7264 4.1944
7265 6.6748
7266 0.9422
7267 4.0703
7268 0.0000
7269 4.8513
7270 6.1531
7271 -1.5036
7272 -3.7136
7273 -1.4712
7274 1.6450
7275 0.0000
7276 2.9471
7277 5.9684
7278 0.8752
7279 7.2191
7280 6.2303
7281 10.5187
7282 0.0000
7283 3.7375
7284 0.8643
7285 -0.1675
7286 4.6979
7287 1.0432
7288 -0.8873
7289 0.0000
7290 2.9119
7291 5.3054
7292 -0.2720
7293 -4.3565
7294 -2.3182
7295 3.8708
7296 0.0000
7297 1.0594
7298 2.5110
7299 7.4137
7300 12.4963
7301 4.0806
7302 1.7776
7303 0.0000
7304 -1.2633
7305 3.8326
7306 5.0466
7307 0.8665
7308 8.3983
7309 4.3546
7310 0.0000
7311 -0.8928
7312 -0.7972
7313 5.9251
7314 5.8039
7315 8.6731
7316 5.4386
7317 0.0000
7318 -0.8828
7319 -1.1378
7320 5.1447
7321 9.9905
7322 -4.4863
7323 -11.8072
7324 0.0000
7325 -1.2058
7326 2.0442
7327 0.0000
7328 -0.2447
7329 -1.8554
7330 4.1002
7331 10.6839
7332 -1.2655
7333 -1.6509
7334 1.6812
7335 -0.7598
7336 0.0000
7337 4.5801
7338 5.6807
7339 0.0000
7340 10.4783
7341 0.0000
7342 0.9378
7343 0.0000
7344 6.3096
7345 2.4283
7346 0.0000
7347 9.5634
7348 5.3030
7349 0.0000
7350 5.1512
7351 -0.5967
7352 5.0869
7353 0.0000
7354 -0.9315
7355 7.5082
7356 0.0000
7357 9.0019
7358 -2.2107
7359 1.7643
7360 0.0000
7361 -4.7442
7362 4.6708
7363 0.0000
7364 0.1445
7365 1.4053
7366 4.9351
7367 0.0000
7368 6.1845
7369 -1.9549
7370 0.0000
7371 11.1753
7372 2.2423
7373 1.9051
7374 0.0000
7375 6.7074
7376 6.5112
7377 0.0000
7378 0.2792
7379 9.9116
7380 5.0627
7381 0.0000
7382 1.1887
7383 4.6504
7384 0.0000
7385 0.1073
7386 -0.4084
7387 0.4950
7388 0.0000
7389 4.3947
7390 -0.0939
7391 0.0000
7392 0.4544
7393 3.8634
7394 7.9199
7395 0.0000
7396 3.5431
7397 -0.9997
7398 0.0000
7399 -5.4481
7400 2.4319
7401 -0.7277
7402 0.0000
7403 1.6099
7404 -2.3083
7405 0.0000
7406 10.1929
7407 1.5262
7408 0.3255
7409 0.0000
7410 -5.7850
7411 -1.5737
7412 0.0000
7413 3.6265
7414 -0.3797
7415 3.0105
7416 0.0000
7417 7.5897
7418 -1.3700
7419 0.0000
7420 5.2480
7421 12.1154
7422 -3.1599
7423 0.0000
7424 7.6865
7425 8.8592
7426 0.0000
7427 5.3129
7428 7.3611
7429 2.0482
7430 0.0000
7431 4.7575
7432 1.5344
7433 0.0000
7434 5.7120
7435 1.7397
7436 0.9649
7437 0.0000
7438 1.9710
7439 2.3289
7440 0.0000
7441 4.1216
7442 3.6484
7443 3.2509
7444 0.0000
7445 0.6588
7446 11.4223
7447 0.0000
7448 10.0843
7449 5.0014
7450 2.2144
7451 0.0000
7452 -6.7530
7453 6.6271
7454 0.0000
7455 2.6966
7456 6.4050
7457 1.2372
7458 0.0000
7459 12.2037
7460 0.0000
7461 -4.2036
7462 0.0000
7463 -2.2800
7464 4.5889
7465 0.0000
7466 0.8690
7467 0.0000
7468 -1.7601
7469 0.0000
7470 10.7586
7471 1.5290
7472 5.3640
7473 0.0000
7474 11.4076
7475 1.4760
7476 -0.0311
7477 0.0000
7478 1.5146
7479 6.4008
7480 10.5954
7481 0.0000
7482 2.6211
7483 0.0000
7484 6.6131
7485 0.0000
7486 1.2712
7487 8.4900
7488 0.0000
7489 5.9100
7490 0.0000
7491 4.5766
7492 1.3446
7493 0.8399
7494 1.9336
7495 3.3273
7496 6.7154
7497 7.8233
7498 1.5262
7499 0.0000
7500 3.1993
7501 4.1003
7502 11.2679
7503 5.5822
7504 0.9175
7505 7.6458
7506 0.0000
7507 7.3071
7508 13.3823
7509 7.7439
7510 2.8221
7511 -3.6374
7512 5.2505
7513 0.0000
7514 7.4584
7515 4.5501
7516 -1.0213
7517 3.9586
7518 4.3226
7519 0.3484
7520 0.0000
7521 2.4869
7522 4.8351
7523 5.9933
7524 -1.1660
7525 5.0042
7526 0.9891
7527 0.0000
7528 9.8532
7529 2.9732
7530 5.5658
7531 -1.7441
7532 -0.2661
7533 1.7119
7534 0.0000
7535 -9.5355
7536 2.4556
7537 5.7134
7538 -1.5141
7539 7.8940
7540 10.3617
7541 0.0000
7542 -1.3935
7543 -2.1453
7544 11.5488
7545 -2.8908
7546 11.5101
7547 1.1603
7548 0.0000
7549 5.1338
7550 7.9789
7551 -4.0697
7552 4.9865
7553 10.1483
7554 -6.1574
7555 0.0000
7556 -3.4817
7557 5.7219
7558 4.8802
7559 4.8730
7560 2.7725
7561 6.2041
7562 0.0000
7563 6.6723
7564 -0.3797
7565 2.6490
7566 9.9437
7567 4.1608
7568 7.4802
7569 0.0000
7570 1.5135
7571 6.6481
7572 2.4115
7573 0.9950
7574 2.4652
7575 6.5966
7576 0.0000
7577 1.4624
7578 -3.2155
7579 2.1668
7580 8.5864
7581 10.1561
7582 -3.8763
7583 0.0000
7584 5.8297
7585 1.1689
7586 0.8813
7587 8.3975
7588 6.0582
7589 7.8992
7590 0.0000
7591 -3.0118
7592 -3.5552
7593 5.8637
7594 6.8691
7595 2.3977
7596 1.3357
7597 0.0000
7598 1.7602
7599 6.4392
7600 0.9553
7601 10.9198
7602 0.6710
7603 3.0487
7604 0.0000
7605 0.6438
7606 0.0000
7607 5.6801
7608 -0.3857
7609 0.0000
7610 6.5601
7611 2.5161
7612 0.0000
7613 0.9609
7614 5.8356
7615 0.0000
7616 -1.6581
7617 0.0000
7618 -2.3643
7619 -3.7880
7620 0.0000
7621 -8.7239
7622 3.5550
7623 0.0000
7624 -4.8425
7625 0.0000
7626 6.6989
7627 7.9312
7628 0.0000
7629 7.2453
7630 1.3009
7631 0.0000
7632 5.1779
7633 0.0000
7634 2.5730
7635 9.1396
7636 0.0000
7637 7.5164
7638 8.1476
7639 0.0000
7640 3.8611
7641 0.0000
7642 -9.4271
7643 5.7169
7644 0.0000
7645 5.5251
7646 3.2514
7647 0.0000
7648 5.4778
7649 0.0000
7650 1.5380
7651 9.7159
7652 0.0000
7653 -0.0456
7654 4.4111
7655 0.0000
7656 7.5897
7657 0.0000
7658 1.8953
7659 9.7731
7660 0.0000
7661 10.2602
7662 4.9219
7663 0.0000
7664 -0.6255
7665 0.0000
7666 -1.3124
7667 5.4700
7668 0.0000
7669 6.7031
7670 6.0377
7671 0.0000
7672 0.9791
7673 0.0000
7674 -0.4861
7675 6.2318
7676 0.0000
7677 4.0313
7678 5.0932
7679 0.0000
7680 1.6941
7681 0.0000
7682 3.9504
7683 4.0398
7684 0.0000
7685 8.4961
7686 2.0374
7687 0.0000
7688 -4.9419
7689 0.0000
7690 2.3102
7691 4.5643
7692 0.0000
7693 -1.0213
7694 5.9664
7695 0.0000
7696 4.1297
7697 0.0000
7698 7.5648
7699 3.0135
7700 0.0000
7701 1.2944
7702 6.2397
7703 0.0000
7704 -6.6345
7705 0.0000
7706 4.9496
7707 0.4289
7708 0.0000
7709 11.1348
7710 9.8474
7711 0.0000
7712 7.5335
7713 0.0000
7714 1.4877
7715 2.0634
7716 0.0000
7717 0.2253
7718 6.6949
7719 0.0000
7720 4.3954
7721 0.0000
7722 -3.3029
7723 2.1753
7724 0.0000
7725 10.3416
7726 10.4774
7727 0.0000
7728 10.1083
7729 0.0000
7730 5.9500
7731 9.3297
7732 0.0000
7733 6.9873
7734 3.2931
7735 0.0000
7736 -1.8996
7737 0.0000
7738 2.6960
7739 0.0000
7740 3.3181
