# input  : 16 : 30 AE A3 8A 91 26 DB 09 4B 0D 55 30 3C 88 43 AB 
# output : 16 : EE 0E 41 5A F2 BA 75 A4 FD B0 C2 8B 9E 26 97 10 
# cycles : 7740
1 0.0000
2 0.6361
3 1.5819
4 0.0000
5 0.1600
6 0.0000
7 1.9071
8 -1.4002
9 0.0000
10 6.3490
11 2.4565
12 0.0000
13 -0.5435
14 0.0000
15 3.8663
16 10.1616
17 0.0000
18 1.9334
19 7.5054
20 0.0000
21 3.5885
22 0.0000
23 1.9681
24 0.1339
25 0.0000
26 2.1107
27 1.9069
28 0.0000
29 2.6787
30 0.0000
31 -0.8616
32 5.1051
33 0.0000
34 6.3032
35 0.4196
36 0.0000
37 4.7802
38 0.0000
39 6.5837
40 2.9060
41 0.0000
42 8.1957
43 0.7759
44 0.0000
45 0.4431
46 0.0000
47 1.4083
48 2.7996
49 0.0000
50 -2.0436
51 2.4163
52 0.0000
53 -0.5437
54 0.0000
55 16.5432
56 5.8695
57 0.0000
58 2.0107
59 -2.4264
60 0.0000
61 2.4851
62 0.0000
63 7.1519
64 -8.7695
65 0.0000
66 -6.2133
67 0.1007
68 0.0000
69 -0.6935
70 0.0000
71 -1.0578
72 -3.4354
73 0.0000
74 5.4565
75 7.5689
76 0.0000
77 -0.3418
78 0.0000
79 8.3416
80 5.9028
81 0.0000
82 8.9685
83 3.5232
84 0.0000
85 -1.5842
86 0.0000
87 -0.9792
88 -2.5096
89 0.0000
90 1.4455
91 8.6799
92 0.0000
93 -4.1243
94 0.0000
95 2.7834
96 2.6349
97 0.0000
98 7.7918
99 -1.1509
100 0.0000
101 -0.5223
102 0.0000
103 8.6719
104 2.9629
105 0.0000
106 7.9236
107 7.9607
108 0.0000
109 3.0196
110 0.0000
111 -3.3843
112 -3.7228
113 0.0000
114 -0.7736
115 7.2417
116 0.0000
117 6.5169
118 0.0000
119 4.5305
120 0.5416
121 0.0000
122 5.8316
123 5.9050
124 0.0000
125 4.7665
126 0.0000
127 2.9082
128 -0.3684
129 0.0000
130 -1.5747
131 6.5959
132 0.0000
133 -2.8256
134 0.0000
135 12.2844
136 0.6718
137 0.0000
138 0.5803
139 3.2094
140 0.5457
141 0.0000
142 1.8602
143 -3.4365
144 0.9487
145 4.8423
146 0.0000
147 -1.1692
148 -0.6010
149 0.0000
150 15.8760
151 6.9537
152 3.7813
153 6.3476
154 0.0000
155 -3.9566
156 -0.8976
157 0.0000
158 2.1082
159 0.1737
160 10.5363
161 13.3848
162 0.0000
163 -0.7108
164 -3.9104
165 0.0000
166 0.6493
167 5.6535
168 1.2008
169 -4.1868
170 0.0000
171 6.0285
172 -1.1864
173 0.0000
174 -2.1154
175 5.4237
176 4.0793
177 2.4839
178 0.0000
179 2.0320
180 -2.6316
181 0.0000
182 6.2562
183 -0.0755
184 5.0421
185 -1.9786
186 0.0000
187 3.9110
188 -5.7883
189 0.0000
190 5.6297
191 5.3128
192 2.2765
193 2.1260
194 0.0000
195 2.2549
196 3.1155
197 0.0000
198 1.3575
199 6.3289
200 5.2302
201 0.5799
202 0.0000
203 0.7178
204 5.4360
205 0.0000
206 0.3114
207 4.9009
208 -0.5595
209 4.7232
210 0.0000
211 3.4179
212 6.6701
213 0.0000
214 9.4863
215 5.8730
216 -2.3656
217 2.3756
218 0.0000
219 -0.3635
220 0.2240
221 0.0000
222 3.7057
223 -0.0515
224 6.1043
225 3.8689
226 0.0000
227 0.4651
228 4.8478
229 0.0000
230 3.4253
231 1.8908
232 3.5305
233 2.9421
234 0.0000
235 2.9406
236 -3.3730
237 0.0000
238 5.1380
239 4.6394
240 2.1060
241 -5.7235
242 0.0000
243 5.9471
244 0.8813
245 0.0000
246 9.1394
247 10.5610
248 2.3091
249 5.4451
250 0.0000
251 -6.0958
252 2.0678
253 0.0000
254 5.4162
255 8.2910
256 5.3807
257 7.2131
258 0.0000
259 5.3249
260 4.3827
261 0.0000
262 2.4871
263 8.4131
264 2.1279
265 -8.9116
266 0.0000
267 -6.7018
268 4.5489
269 0.0000
270 4.5826
271 0.0000
272 1.9878
273 0.0744
274 -3.0414
275 1.2661
276 4.6005
277 4.2507
278 6.5155
279 -0.2574
280 0.0000
281 -1.1285
282 12.6640
283 0.1952
284 8.3211
285 2.3771
286 3.0605
287 0.0000
288 0.7015
289 2.5509
290 9.3059
291 6.2705
292 4.8548
293 9.6194
294 0.0000
295 -2.6320
296 -0.7259
297 5.9052
298 12.8330
299 1.8611
300 0.8229
301 0.0000
302 -1.0154
303 8.7828
304 11.7091
305 1.0058
306 7.7773
307 1.6533
308 0.0000
309 6.3207
310 9.2833
311 7.5493
312 1.3264
313 0.4966
314 1.6144
315 0.0000
316 6.2043
317 7.6110
318 1.3354
319 6.7823
320 12.5747
321 7.5829
322 0.0000
323 4.8787
324 -3.5878
325 2.2886
326 0.1941
327 4.2858
328 1.4284
329 0.0000
330 6.3767
331 1.0457
332 5.1706
333 5.9154
334 13.6870
335 3.5891
336 0.0000
337 -3.7700
338 -2.6876
339 6.9778
340 4.5266
341 -2.5091
342 7.1056
343 0.0000
344 7.0696
345 0.7692
346 3.8083
347 6.3901
348 8.2606
349 4.7174
350 0.0000
351 0.2664
352 0.9046
353 9.8077
354 3.8832
355 2.3342
356 1.5008
357 0.0000
358 -3.9736
359 8.1306
360 7.1632
361 4.1575
362 6.5399
363 9.5610
364 0.0000
365 -0.2340
366 6.5362
367 0.8599
368 3.4425
369 -1.4009
370 2.0469
371 0.0000
372 -12.2206
373 5.9927
374 8.2743
375 -2.4280
376 3.3697
377 4.3058
378 0.0000
379 -1.0547
380 4.6078
381 10.7359
382 7.8729
383 -1.2447
384 -2.1632
385 0.0000
386 0.9073
387 0.0000
388 2.3292
389 0.0000
390 5.5362
391 0.0000
392 5.1636
393 0.3179
394 0.0000
395 8.4105
396 -0.0353
397 10.2726
398 2.2766
399 0.0000
400 6.7101
401 10.7174
402 5.8568
403 0.0000
404 3.4322
405 10.0914
406 2.7369
407 0.0000
408 -1.9599
409 3.3781
410 -0.9563
411 2.8029
412 -0.6095
413 0.5094
414 1.0085
415 1.9482
416 -5.6091
417 0.0000
418 0.3336
419 3.5886
420 -0.2874
421 2.4434
422 -1.4471
423 -4.0969
424 0.0000
425 8.7012
426 13.3248
427 -1.1145
428 -0.0261
429 -0.2168
430 4.5323
431 0.0000
432 3.4022
433 5.9711
434 -1.9610
435 1.4257
436 -3.9282
437 0.8080
438 0.0000
439 5.7002
440 8.7339
441 2.7461
442 0.6799
443 5.8780
444 -1.3228
445 0.0000
446 -0.6978
447 7.7448
448 3.2211
449 5.3307
450 -0.1174
451 4.0241
452 0.0000
453 -2.1033
454 4.3808
455 7.1904
456 3.6597
457 7.4631
458 7.1894
459 0.0000
460 2.7580
461 0.6290
462 -0.2081
463 -1.2563
464 -4.6458
465 6.0863
466 0.0000
467 -0.6667
468 3.6673
469 1.3006
470 -2.8257
471 3.3434
472 4.0209
473 0.0000
474 5.3726
475 5.3698
476 0.2342
477 -0.8168
478 5.1859
479 8.9366
480 0.0000
481 4.7026
482 4.6838
483 10.0145
484 11.1922
485 1.2617
486 5.1054
487 0.0000
488 -0.7749
489 12.6410
490 1.1895
491 5.1656
492 1.2679
493 -1.4692
494 0.0000
495 2.5304
496 2.3746
497 0.0000
498 -0.3683
499 3.8496
500 -2.3404
501 4.5727
502 2.5854
503 4.9333
504 -1.0199
505 2.7488
506 0.0000
507 5.4880
508 0.7851
509 0.0000
510 1.5811
511 1.9295
512 0.0000
513 2.5101
514 7.0898
515 0.0000
516 3.1476
517 -1.0212
518 0.0000
519 -0.0462
520 5.8730
521 0.9862
522 0.0000
523 4.1342
524 5.0076
525 0.0000
526 0.9157
527 3.9873
528 -1.6575
529 0.0000
530 8.3441
531 4.0659
532 0.0000
533 -0.9504
534 6.7200
535 5.0067
536 0.0000
537 -1.7629
538 5.5603
539 0.0000
540 5.5085
541 7.7092
542 1.0671
543 0.0000
544 -0.5161
545 10.9631
546 0.0000
547 2.0088
548 1.6100
549 0.6692
550 0.0000
551 -1.4579
552 0.0436
553 0.0000
554 -5.8945
555 9.7655
556 4.6705
557 0.0000
558 4.2051
559 9.0783
560 0.0000
561 -6.0373
562 5.7936
563 10.8107
564 0.0000
565 -2.3647
566 7.3596
567 0.0000
568 7.7945
569 5.2570
570 -2.8132
571 0.0000
572 -2.2563
573 5.4592
574 0.0000
575 0.4070
576 7.3314
577 3.1619
578 0.0000
579 9.5573
580 9.7146
581 0.0000
582 3.6069
583 7.8514
584 5.5801
585 0.0000
586 3.4338
587 -1.8270
588 0.0000
589 0.8312
590 -0.1355
591 12.4658
592 0.0000
593 4.0110
594 -0.4192
595 0.0000
596 6.4555
597 13.1038
598 6.2264
599 0.0000
600 3.5350
601 4.4498
602 0.0000
603 3.9875
604 2.9457
605 7.4640
606 0.0000
607 0.2371
608 0.0320
609 0.0000
610 9.0548
611 -1.4748
612 7.6108
613 0.0000
614 0.4599
615 -0.1390
616 0.0000
617 10.2587
618 0.8330
619 2.1929
620 0.0000
621 -1.5733
622 6.9883
623 0.0000
624 -0.8808
625 1.4179
626 3.1927
627 0.0000
628 -2.4654
629 0.0000
630 -4.3116
631 0.0000
632 1.5984
633 1.8025
634 0.0000
635 7.9101
636 0.0000
637 4.8736
638 0.0000
639 -0.6203
640 8.3992
641 8.3697
642 0.0000
643 11.7747
644 9.6635
645 -3.3138
646 0.0000
647 7.1734
648 2.4277
649 11.3913
650 0.0000
651 5.0737
652 0.0000
653 4.1205
654 0.0000
655 2.4348
656 3.5040
657 0.0000
658 -6.5971
659 0.0000
660 6.0869
661 12.0978
662 4.1385
663 1.1705
664 9.7239
665 6.9523
666 1.4522
667 3.6135
668 -3.1279
669 2.9534
670 5.4489
671 1.8402
672 10.8625
673 3.8577
674 2.4264
675 2.4106
676 0.0000
677 8.4220
678 -3.9920
679 0.3193
680 4.1851
681 3.4702
682 -2.5604
683 -1.0083
684 2.2937
685 0.0000
686 -1.6579
687 5.2243
688 10.2054
689 5.3549
690 1.4870
691 1.9902
692 0.0000
693 -0.8238
694 5.0695
695 3.0583
696 0.0000
697 0.4813
698 1.7814
699 1.5084
700 11.0780
701 2.4491
702 8.7860
703 -2.4866
704 -0.0814
705 0.0000
706 15.2606
707 2.1297
708 9.4550
709 9.5991
710 2.3796
711 1.9023
712 0.0000
713 -2.3960
714 0.8639
715 -1.7131
716 0.0000
717 11.0605
718 -1.9047
719 0.5824
720 5.9766
721 -1.4807
722 3.3091
723 8.2515
724 12.4304
725 0.0000
726 2.1274
727 3.4141
728 4.3332
729 3.9983
730 -6.1187
731 8.8895
732 0.0000
733 3.8686
734 -1.4035
735 -1.3172
736 0.0000
737 2.4818
738 -0.0886
739 3.0131
740 2.4394
741 -4.2742
742 -1.8490
743 -3.4444
744 13.8191
745 0.0000
746 3.8097
747 3.2547
748 4.5717
749 4.6881
750 0.7480
751 13.3846
752 0.0000
753 2.8633
754 9.3514
755 7.0766
756 11.4177
757 1.4777
758 4.7334
759 11.8035
760 4.9838
761 5.3695
762 2.0901
763 0.4613
764 6.5630
765 0.5962
766 6.5361
767 0.0000
768 6.9105
769 -2.0676
770 7.9095
771 5.1134
772 2.7160
773 1.0921
774 3.1724
775 3.3614
776 0.0000
777 7.5115
778 -4.5353
779 3.1899
780 3.1303
781 5.5843
782 6.0561
783 0.0000
784 4.7076
785 2.6295
786 5.0594
787 0.0000
788 4.1029
789 -4.6113
790 8.1468
791 3.1758
792 -1.2637
793 10.3375
794 -0.0355
795 11.7350
796 0.0000
797 2.8029
798 2.3316
799 5.3226
800 12.1627
801 7.8853
802 6.0906
803 0.0000
804 1.4789
805 7.6286
806 -0.0715
807 0.0000
808 -1.8642
809 5.1308
810 0.8664
811 4.4572
812 -0.5304
813 -9.4747
814 -3.4595
815 1.7955
816 0.0000
817 3.4279
818 7.9638
819 7.2191
820 14.5811
821 5.5637
822 9.4008
823 0.0000
824 1.7364
825 2.9391
826 5.6519
827 0.0000
828 3.6587
829 0.2064
830 4.2397
831 1.2035
832 2.1191
833 11.3817
834 2.7420
835 2.1258
836 0.0000
837 5.3526
838 -4.4942
839 0.3398
840 -1.6841
841 -1.1050
842 4.5039
843 0.0000
844 6.7500
845 -0.5092
846 2.3197
847 11.2107
848 6.8987
849 2.5175
850 3.0143
851 2.5981
852 6.6878
853 4.6517
854 4.4989
855 -5.2054
856 1.5700
857 6.5124
858 0.0000
859 0.9539
860 3.9181
861 -3.7183
862 -5.3015
863 0.9670
864 3.8440
865 -6.7359
866 9.0358
867 0.0000
868 5.7601
869 1.5752
870 -0.8108
871 -4.5374
872 6.3870
873 -3.0920
874 0.0000
875 0.8202
876 6.7667
877 2.1735
878 0.0000
879 -2.4836
880 -0.5478
881 7.3562
882 8.4165
883 -5.4347
884 2.2022
885 -1.7726
886 7.9027
887 0.0000
888 0.6159
889 4.8889
890 -4.4924
891 1.0229
892 -0.3631
893 5.2381
894 0.0000
895 0.8430
896 4.7910
897 -0.8183
898 0.0000
899 2.3537
900 -0.5566
901 4.4205
902 2.9996
903 -4.0659
904 -0.0017
905 -5.5969
906 5.4777
907 0.0000
908 0.2949
909 0.0623
910 3.1857
911 0.5428
912 4.7844
913 9.4093
914 0.0000
915 -3.9665
916 2.2447
917 -1.8533
918 0.0000
919 9.4971
920 7.9188
921 7.3370
922 6.3701
923 -3.2690
924 10.2873
925 10.4158
926 4.4926
927 0.0000
928 2.2613
929 3.3836
930 -6.3090
931 0.3376
932 2.5044
933 7.5158
934 0.0000
935 5.7313
936 -2.1980
937 0.2939
938 7.4753
939 8.6689
940 5.1084
941 1.4186
942 3.4279
943 3.9176
944 8.4961
945 6.3267
946 -1.5856
947 7.4856
948 5.7040
949 0.0000
950 2.8314
951 -0.9027
952 -1.5340
953 -0.8301
954 3.7869
955 5.4658
956 11.4900
957 8.5658
958 0.0000
959 2.0038
960 6.1353
961 3.8245
962 1.1852
963 0.9795
964 6.3072
965 0.0000
966 1.1918
967 -1.6144
968 1.8993
969 0.0000
970 11.9827
971 0.7161
972 7.5791
973 0.8290
974 -0.1345
975 -0.0363
976 0.8701
977 4.9018
978 0.0000
979 -3.5571
980 7.4629
981 4.2141
982 4.1564
983 -1.2605
984 4.8567
985 0.0000
986 1.3119
987 -1.8673
988 7.6822
989 0.0000
990 3.1184
991 -2.1957
992 7.0025
993 9.8157
994 -2.0503
995 1.4900
996 -3.9799
997 12.3008
998 0.0000
999 2.9641
1000 -0.6696
1001 -6.6856
1002 5.2211
1003 7.5220
1004 2.0579
1005 0.0000
1006 4.5813
1007 -6.3025
1008 5.1076
1009 0.0000
1010 4.1018
1011 -3.1818
1012 7.2643
1013 4.2751
1014 -5.2277
1015 9.0515
1016 8.3037
1017 11.7999
1018 0.0000
1019 3.7199
1020 4.7232
1021 -1.4596
1022 8.4724
1023 7.5521
1024 0.5803
1025 0.0000
1026 0.4517
1027 0.0000
1028 -1.0862
1029 0.0000
1030 -3.6463
1031 -2.4611
1032 -1.1282
1033 3.0455
1034 1.8845
1035 4.2217
1036 -1.4328
1037 -5.1418
1038 0.0000
1039 6.7313
1040 2.4653
1041 9.3584
1042 13.9748
1043 -2.7246
1044 -4.6701
1045 0.0000
1046 6.2635
1047 4.0986
1048 3.1326
1049 4.7990
1050 6.8733
1051 9.2200
1052 0.0000
1053 4.3212
1054 -1.1754
1055 4.4671
1056 9.0842
1057 6.3029
1058 -6.7515
1059 0.0000
1060 0.2581
1061 1.2244
1062 5.8482
1063 9.9403
1064 4.2975
1065 3.4158
1066 0.0000
1067 2.5592
1068 3.5012
1069 2.1860
1070 4.5191
1071 4.9334
1072 9.8693
1073 0.0000
1074 -0.4509
1075 4.1240
1076 -3.1904
1077 9.0660
1078 9.6760
1079 8.3002
1080 0.0000
1081 -0.5503
1082 5.7142
1083 9.6011
1084 6.9795
1085 -2.1410
1086 2.7548
1087 0.0000
1088 -4.3198
1089 -0.0500
1090 -0.5684
1091 4.6172
1092 2.2568
1093 4.5923
1094 0.0000
1095 -2.0452
1096 -4.3093
1097 8.3210
1098 9.0608
1099 7.2063
1100 6.9798
1101 0.0000
1102 1.8476
1103 4.5465
1104 10.4998
1105 3.8228
1106 3.0982
1107 -2.0907
1108 0.0000
1109 2.2066
1110 3.0134
1111 3.7339
1112 2.3944
1113 -3.4354
1114 4.0789
1115 0.0000
1116 -2.5877
1117 -0.1265
1118 -2.4676
1119 -1.3298
1120 8.2500
1121 6.7158
1122 0.0000
1123 2.0878
1124 4.5274
1125 6.1470
1126 4.1885
1127 6.2887
1128 4.8716
1129 0.0000
1130 -0.2993
1131 2.4371
1132 2.9827
1133 2.4515
1134 5.6406
1135 5.2815
1136 0.0000
1137 -2.5922
1138 -2.2763
1139 7.0813
1140 -1.7199
1141 3.5410
1142 -0.8799
1143 0.0000
1144 -0.2235
1145 0.0000
1146 6.2573
1147 0.0000
1148 0.6883
1149 0.0000
1150 11.6938
1151 7.6007
1152 0.0000
1153 1.8869
1154 5.2393
1155 8.1428
1156 0.4553
1157 0.0000
1158 1.2006
1159 3.7173
1160 3.8066
1161 0.0000
1162 2.1628
1163 5.6996
1164 1.9733
1165 0.0000
1166 4.5747
1167 5.6874
1168 3.4759
1169 -2.2132
1170 6.6021
1171 4.5306
1172 0.9142
1173 10.7304
1174 5.9962
1175 0.0000
1176 0.8701
1177 2.5009
1178 -6.4852
1179 3.1225
1180 -3.0299
1181 11.6400
1182 0.0000
1183 1.2675
1184 8.2091
1185 3.5503
1186 8.0493
1187 8.0204
1188 5.1491
1189 0.0000
1190 4.2688
1191 10.1409
1192 7.7655
1193 8.6516
1194 3.7332
1195 4.6656
1196 0.0000
1197 3.2427
1198 8.4016
1199 6.6400
1200 9.3325
1201 6.8823
1202 6.5077
1203 0.0000
1204 2.5962
1205 6.8687
1206 6.6097
1207 1.3154
1208 -2.0515
1209 5.7933
1210 0.0000
1211 4.3175
1212 -1.0791
1213 -5.3047
1214 1.1496
1215 1.9645
1216 1.3617
1217 0.0000
1218 -2.5836
1219 3.6404
1220 3.5188
1221 10.9119
1222 2.1434
1223 7.8694
1224 0.0000
1225 2.2721
1226 1.5015
1227 7.8476
1228 4.5210
1229 -0.7568
1230 13.2748
1231 0.0000
1232 -2.1659
1233 3.0970
1234 7.9830
1235 2.3933
1236 -2.3791
1237 6.5870
1238 0.0000
1239 5.9612
1240 -4.9555
1241 14.2749
1242 8.1176
1243 1.6540
1244 3.1007
1245 0.0000
1246 -3.4773
1247 5.6634
1248 10.5856
1249 5.4914
1250 4.8843
1251 -0.2319
1252 0.0000
1253 6.1365
1254 -0.2594
1255 0.0000
1256 12.6810
1257 1.3240
1258 8.0236
1259 1.0527
1260 0.2875
1261 1.9887
1262 -1.8645
1263 -0.0845
1264 0.0000
1265 -2.2958
1266 -0.7587
1267 0.0000
1268 11.0413
1269 0.0000
1270 2.1766
1271 0.0000
1272 5.2825
1273 -4.8309
1274 0.0000
1275 1.5624
1276 1.7367
1277 0.0000
1278 4.8353
1279 8.8017
1280 9.4701
1281 0.0000
1282 1.9115
1283 9.1171
1284 0.0000
1285 6.1029
1286 14.5055
1287 9.4029
1288 0.0000
1289 -1.3130
1290 1.6783
1291 0.0000
1292 0.5435
1293 8.8962
1294 6.7071
1295 0.0000
1296 6.4703
1297 2.3949
1298 0.0000
1299 10.9347
1300 6.8606
1301 3.9423
1302 0.0000
1303 -3.4725
1304 9.3383
1305 0.0000
1306 6.9822
1307 -0.0461
1308 9.5048
1309 0.0000
1310 -2.8908
1311 7.7089
1312 0.0000
1313 1.5074
1314 10.4477
1315 4.8264
1316 0.0000
1317 -8.3428
1318 4.7000
1319 0.0000
1320 -0.3840
1321 5.4554
1322 7.0327
1323 0.0000
1324 2.4227
1325 9.4862
1326 0.0000
1327 7.4270
1328 -3.0988
1329 2.4574
1330 0.0000
1331 -3.1165
1332 3.7038
1333 0.0000
1334 -5.0160
1335 8.3349
1336 4.1169
1337 0.0000
1338 1.3902
1339 -0.2541
1340 0.0000
1341 1.5095
1342 6.9364
1343 7.0474
1344 0.0000
1345 -1.8635
1346 8.3417
1347 0.0000
1348 2.6855
1349 -1.9844
1350 4.7462
1351 0.0000
1352 1.4740
1353 5.2066
1354 0.0000
1355 3.3935
1356 0.3664
1357 6.5267
1358 0.0000
1359 2.1428
1360 -2.9703
1361 0.0000
1362 5.2042
1363 5.1857
1364 11.0196
1365 0.0000
1366 4.4472
1367 4.0271
1368 0.0000
1369 0.0030
1370 8.5324
1371 5.2429
1372 0.0000
1373 1.1893
1374 2.2826
1375 0.0000
1376 18.4573
1377 0.4350
1378 3.2039
1379 0.0000
1380 3.5538
1381 -1.7432
1382 0.0000
1383 0.9270
1384 7.7671
1385 6.5880
1386 0.0000
1387 -4.8828
1388 0.0000
1389 0.4195
1390 0.0000
1391 1.9824
1392 0.7359
1393 0.0000
1394 10.3535
1395 0.0000
1396 3.0048
1397 0.0000
1398 -0.3408
1399 -0.1215
1400 9.4970
1401 0.0000
1402 4.0095
1403 6.4397
1404 1.9785
1405 0.0000
1406 13.4463
1407 8.3298
1408 2.7365
1409 0.0000
1410 5.0705
1411 0.0000
1412 2.9421
1413 0.0000
1414 0.7258
1415 -0.2145
1416 0.0000
1417 2.1610
1418 0.0000
1419 1.6721
1420 2.8521
1421 -2.1865
1422 0.6127
1423 12.0425
1424 2.4338
1425 9.5375
1426 1.9705
1427 6.0561
1428 6.0475
1429 5.2884
1430 3.8544
1431 9.6285
1432 2.1549
1433 7.2234
1434 -4.6037
1435 0.0000
1436 -2.9842
1437 -5.8927
1438 1.5901
1439 3.0904
1440 -4.6249
1441 -8.2191
1442 6.7859
1443 5.8258
1444 0.0000
1445 4.4367
1446 6.0002
1447 4.6678
1448 0.4782
1449 1.3530
1450 -3.3108
1451 0.0000
1452 -7.1762
1453 5.6014
1454 6.0739
1455 0.0000
1456 -0.5878
1457 1.7716
1458 -0.9317
1459 2.6558
1460 1.1431
1461 0.7827
1462 -4.6028
1463 0.1889
1464 0.0000
1465 -0.4175
1466 2.6594
1467 6.7737
1468 6.4939
1469 6.0512
1470 -0.1449
1471 0.0000
1472 -5.9111
1473 6.4169
1474 12.2538
1475 0.0000
1476 -0.5866
1477 5.6973
1478 5.3213
1479 6.2220
1480 1.2877
1481 3.0014
1482 -4.3920
1483 8.0465
1484 0.0000
1485 1.1538
1486 4.7957
1487 5.1488
1488 3.2904
1489 6.3791
1490 1.8540
1491 0.0000
1492 3.1463
1493 9.1509
1494 8.9456
1495 0.0000
1496 1.1772
1497 2.6767
1498 2.3247
1499 5.3399
1500 -1.5898
1501 2.2802
1502 0.0381
1503 5.2772
1504 0.0000
1505 1.3914
1506 2.2811
1507 -5.1998
1508 0.9401
1509 5.5692
1510 7.9135
1511 0.0000
1512 -2.8314
1513 3.4276
1514 8.0247
1515 0.4166
1516 0.4752
1517 2.5040
1518 3.0354
1519 3.0745
1520 1.4233
1521 4.3439
1522 1.6719
1523 2.9860
1524 1.0491
1525 1.1078
1526 0.0000
1527 -3.4595
1528 -8.0383
1529 -4.1434
1530 6.3040
1531 -0.1389
1532 6.1089
1533 2.6918
1534 6.1887
1535 0.0000
1536 6.1778
1537 -4.4682
1538 5.1126
1539 1.2549
1540 4.8232
1541 8.2238
1542 0.0000
1543 -1.9246
1544 7.7664
1545 -2.3671
1546 0.0000
1547 2.7560
1548 -5.8319
1549 -2.6491
1550 5.7641
1551 6.5201
1552 8.6529
1553 5.1433
1554 2.5374
1555 0.0000
1556 2.6042
1557 7.6851
1558 2.9952
1559 1.0232
1560 9.8314
1561 -0.1995
1562 0.0000
1563 -3.6018
1564 5.9079
1565 2.9162
1566 0.0000
1567 -3.1313
1568 3.5156
1569 -4.7970
1570 5.3380
1571 -8.6633
1572 -1.0620
1573 0.9268
1574 2.5996
1575 0.0000
1576 6.2675
1577 6.1934
1578 -2.3435
1579 8.0533
1580 3.5357
1581 3.5912
1582 0.0000
1583 -5.9758
1584 -0.2943
1585 14.0391
1586 0.0000
1587 5.9534
1588 9.5035
1589 0.8150
1590 3.5507
1591 1.7751
1592 -1.8714
1593 7.0632
1594 7.7324
1595 0.0000
1596 9.8613
1597 4.2773
1598 4.6233
1599 -1.4053
1600 0.7295
1601 -2.2355
1602 0.0000
1603 2.4722
1604 4.6049
1605 2.5523
1606 4.3497
1607 4.9106
1608 7.0586
1609 2.1898
1610 3.8167
1611 9.7142
1612 7.1380
1613 3.4992
1614 1.8911
1615 -4.6101
1616 3.8689
1617 0.0000
1618 2.9384
1619 5.4031
1620 0.8872
1621 2.1835
1622 1.0216
1623 10.1983
1624 6.4729
1625 7.0959
1626 0.0000
1627 7.5603
1628 3.2392
1629 1.1661
1630 1.6412
1631 5.1340
1632 4.6068
1633 0.0000
1634 -1.8677
1635 -0.1099
1636 12.6307
1637 0.0000
1638 1.5732
1639 5.9451
1640 6.6265
1641 11.3300
1642 9.3231
1643 -4.8924
1644 -0.4409
1645 5.2510
1646 0.0000
1647 5.5073
1648 1.9105
1649 -1.6678
1650 3.6537
1651 2.9653
1652 10.8160
1653 0.0000
1654 -0.3074
1655 12.5161
1656 5.4633
1657 0.0000
1658 2.4255
1659 5.6384
1660 10.6608
1661 3.4731
1662 -1.4853
1663 5.6445
1664 2.8062
1665 6.4582
1666 0.0000
1667 -0.0332
1668 4.0525
1669 3.0368
1670 1.8970
1671 4.2260
1672 8.8919
1673 0.0000
1674 -5.2067
1675 3.1755
1676 -5.7780
1677 0.0000
1678 -0.0898
1679 6.4599
1680 4.0293
1681 4.0287
1682 -1.7618
1683 -7.5044
1684 1.2188
1685 -3.9032
1686 0.0000
1687 4.5870
1688 3.4898
1689 6.4374
1690 1.8808
1691 -3.4589
1692 6.2467
1693 0.0000
1694 -1.2322
1695 -2.2369
1696 10.2098
1697 4.6603
1698 10.2974
1699 7.8910
1700 8.9704
1701 -3.1704
1702 6.3593
1703 4.3661
1704 4.9705
1705 2.6895
1706 4.8646
1707 3.0073
1708 0.0000
1709 0.0491
1710 -4.9147
1711 3.7963
1712 11.1559
1713 1.1470
1714 -0.4094
1715 6.0937
1716 -3.8122
1717 0.0000
1718 6.1548
1719 1.8328
1720 8.3203
1721 4.2410
1722 -1.1159
1723 6.7792
1724 0.0000
1725 -3.2348
1726 17.5899
1727 2.8275
1728 0.0000
1729 5.0215
1730 -7.3842
1731 -4.9978
1732 2.0772
1733 -2.0515
1734 6.7259
1735 -2.2838
1736 1.1923
1737 0.0000
1738 -0.4860
1739 0.7676
1740 -1.5151
1741 1.8664
1742 9.6110
1743 7.0379
1744 0.0000
1745 6.1040
1746 -2.4529
1747 15.1251
1748 0.0000
1749 -0.1159
1750 1.4986
1751 8.1762
1752 4.2038
1753 -5.0870
1754 -1.7977
1755 1.4667
1756 4.3632
1757 0.0000
1758 1.5961
1759 8.0723
1760 0.6372
1761 6.3783
1762 2.4772
1763 3.2419
1764 0.0000
1765 1.1028
1766 4.7128
1767 1.4360
1768 0.0000
1769 2.7639
1770 -3.4131
1771 3.4482
1772 0.9435
1773 -10.3943
1774 -0.4328
1775 -1.0209
1776 0.3067
1777 0.0000
1778 7.9300
1779 11.2367
1780 -4.6496
1781 8.0978
1782 1.2151
1783 -2.6133
1784 0.0000
1785 -6.1725
1786 0.0000
1787 2.8443
1788 0.0000
1789 -2.1351
1790 4.4005
1791 5.6331
1792 3.3044
1793 -2.6123
1794 5.2007
1795 -3.7798
1796 -1.4510
1797 0.0000
1798 2.6674
1799 3.3975
1800 -3.2304
1801 11.5360
1802 5.0891
1803 -5.1047
1804 0.0000
1805 4.1819
1806 1.0689
1807 0.0649
1808 -0.5915
1809 3.6955
1810 0.8572
1811 0.0000
1812 -0.5829
1813 13.6379
1814 7.4000
1815 4.4809
1816 0.2349
1817 4.2424
1818 0.0000
1819 -0.7857
1820 0.7021
1821 3.2958
1822 -0.4842
1823 5.3878
1824 6.8517
1825 0.0000
1826 -4.7560
1827 -0.2338
1828 2.8096
1829 17.9841
1830 5.8021
1831 0.8104
1832 0.0000
1833 0.3190
1834 7.7747
1835 -1.3952
1836 4.5317
1837 11.8076
1838 8.4100
1839 0.0000
1840 3.3416
1841 4.9166
1842 4.7431
1843 -0.2154
1844 3.8231
1845 1.7716
1846 0.0000
1847 -0.5831
1848 6.7832
1849 0.0712
1850 4.1150
1851 1.0631
1852 1.2157
1853 0.0000
1854 -5.9536
1855 1.2750
1856 10.2378
1857 3.3641
1858 6.4987
1859 -3.0435
1860 0.0000
1861 -0.0776
1862 2.7622
1863 2.6431
1864 4.3123
1865 -0.2506
1866 5.6826
1867 0.0000
1868 -3.3064
1869 3.1310
1870 -0.7559
1871 6.3561
1872 2.8934
1873 3.6963
1874 0.0000
1875 1.8633
1876 6.3525
1877 0.2477
1878 3.4905
1879 7.1489
1880 1.4007
1881 0.0000
1882 0.9585
1883 -2.8514
1884 0.8508
1885 -0.6660
1886 7.7986
1887 -4.3376
1888 0.0000
1889 -3.4077
1890 -1.1343
1891 6.0886
1892 10.5104
1893 10.0634
1894 10.0931
1895 0.0000
1896 -3.5069
1897 4.4983
1898 2.6965
1899 3.7113
1900 7.4239
1901 2.0085
1902 0.0000
1903 -7.5778
1904 0.0000
1905 4.9013
1906 0.0000
1907 0.7089
1908 0.0000
1909 3.1930
1910 2.4107
1911 0.0000
1912 0.7755
1913 2.0556
1914 0.2618
1915 9.8750
1916 0.0000
1917 -2.7299
1918 -2.1418
1919 11.2374
1920 0.0000
1921 0.1453
1922 5.5947
1923 2.8656
1924 0.0000
1925 4.8819
1926 8.9312
1927 3.1216
1928 -2.4494
1929 9.3735
1930 -1.9882
1931 14.7359
1932 -5.2127
1933 3.0653
1934 0.0000
1935 -0.5393
1936 -0.3763
1937 5.8604
1938 -2.0927
1939 3.6683
1940 5.2733
1941 0.0000
1942 0.9003
1943 5.6258
1944 5.9561
1945 6.3939
1946 2.3748
1947 4.8253
1948 0.0000
1949 4.9948
1950 1.0596
1951 -3.4615
1952 2.9221
1953 9.2963
1954 1.1412
1955 0.0000
1956 3.2464
1957 1.8699
1958 2.6468
1959 -1.3896
1960 7.2775
1961 5.0752
1962 0.0000
1963 3.9221
1964 4.2358
1965 7.9319
1966 13.4543
1967 -4.4958
1968 1.1642
1969 0.0000
1970 1.7951
1971 12.0313
1972 11.9990
1973 6.4283
1974 1.1132
1975 1.3875
1976 0.0000
1977 0.9537
1978 -1.8984
1979 1.8532
1980 -2.9553
1981 3.5757
1982 1.7715
1983 0.0000
1984 6.0172
1985 13.3951
1986 9.4558
1987 3.0367
1988 4.9767
1989 5.7807
1990 0.0000
1991 3.7471
1992 8.4167
1993 6.5598
1994 8.9694
1995 4.8347
1996 11.3322
1997 0.0000
1998 -3.4639
1999 5.6891
2000 -3.0537
2001 5.7766
2002 4.4621
2003 9.7160
2004 0.0000
2005 1.2559
2006 -3.2306
2007 3.5673
2008 7.0295
2009 -2.9803
2010 3.0172
2011 0.0000
2012 -1.7035
2013 0.2454
2014 0.0000
2015 -0.8850
2016 4.3182
2017 3.2128
2018 6.9012
2019 2.4201
2020 -5.9772
2021 1.8917
2022 -0.4234
2023 0.0000
2024 6.2005
2025 -0.2416
2026 0.0000
2027 6.2705
2028 0.0000
2029 -7.2487
2030 0.0000
2031 -0.4685
2032 4.8867
2033 0.0000
2034 0.4192
2035 8.7422
2036 0.0000
2037 3.5453
2038 -0.1649
2039 -1.6102
2040 0.0000
2041 3.5185
2042 -2.2041
2043 0.0000
2044 -1.8820
2045 -1.7937
2046 -0.3305
2047 0.0000
2048 -1.9731
2049 4.6097
2050 0.0000
2051 -1.0920
2052 3.4763
2053 7.8688
2054 0.0000
2055 -1.0038
2056 4.2043
2057 0.0000
2058 1.8002
2059 -1.6746
2060 2.5236
2061 0.0000
2062 4.4254
2063 0.9394
2064 0.0000
2065 -2.0569
2066 4.1088
2067 11.5137
2068 0.0000
2069 2.2842
2070 9.9940
2071 0.0000
2072 0.4026
2073 1.4009
2074 5.3639
2075 0.0000
2076 -6.0246
2077 5.9385
2078 0.0000
2079 11.7998
2080 -1.9610
2081 5.1001
2082 0.0000
2083 4.6393
2084 -0.0762
2085 0.0000
2086 9.4574
2087 7.9416
2088 8.1640
2089 0.0000
2090 0.4922
2091 6.5760
2092 0.0000
2093 -0.0816
2094 0.1305
2095 9.6391
2096 0.0000
2097 -0.8751
2098 5.3510
2099 0.0000
2100 10.0758
2101 6.2553
2102 11.6623
2103 0.0000
2104 -0.3310
2105 -0.1582
2106 0.0000
2107 10.1982
2108 11.5100
2109 1.2126
2110 0.0000
2111 7.2093
2112 8.0953
2113 0.0000
2114 0.4826
2115 4.4262
2116 3.4811
2117 0.0000
2118 6.2507
2119 0.9059
2120 0.0000
2121 0.7452
2122 0.9826
2123 5.9407
2124 0.0000
2125 -2.5450
2126 0.3826
2127 0.0000
2128 5.1884
2129 8.8804
2130 6.6228
2131 0.0000
2132 3.3794
2133 13.4343
2134 0.0000
2135 -1.1539
2136 -0.6794
2137 8.7711
2138 0.0000
2139 1.7462
2140 6.2151
2141 0.0000
2142 -1.1684
2143 6.5572
2144 3.4440
2145 0.0000
2146 -0.8521
2147 0.0000
2148 1.5102
2149 0.0000
2150 6.5801
2151 -0.4200
2152 0.0000
2153 0.5594
2154 0.0000
2155 12.8354
2156 0.0000
2157 9.5311
2158 5.8515
2159 0.9155
2160 0.0000
2161 5.3943
2162 8.5753
2163 5.8037
2164 0.0000
2165 8.3678
2166 10.1060
2167 3.4357
2168 0.0000
2169 -0.0891
2170 0.0000
2171 0.5627
2172 0.0000
2173 6.4113
2174 3.5078
2175 0.0000
2176 0.4701
2177 0.0000
2178 3.3727
2179 -6.2201
2180 -0.6873
2181 8.0570
2182 -1.3330
2183 0.8889
2184 2.9098
2185 0.8552
2186 8.2458
2187 -0.5777
2188 3.0633
2189 3.8599
2190 4.7507
2191 4.9517
2192 0.9790
2193 9.2036
2194 0.0000
2195 0.3638
2196 -4.6822
2197 6.4007
2198 7.5320
2199 -0.9326
2200 13.7645
2201 3.8899
2202 9.9144
2203 0.0000
2204 10.1855
2205 2.0980
2206 -4.5682
2207 7.7501
2208 6.4066
2209 0.6427
2210 0.0000
2211 -6.8350
2212 0.4410
2213 4.4295
2214 0.0000
2215 -0.6987
2216 -4.8640
2217 -1.8560
2218 7.3703
2219 -4.1142
2220 -1.1351
2221 -1.3233
2222 4.4224
2223 0.0000
2224 4.3622
2225 7.5961
2226 1.5175
2227 1.8174
2228 3.7365
2229 0.4288
2230 0.0000
2231 8.2826
2232 -2.2804
2233 4.1050
2234 0.0000
2235 8.2205
2236 -0.8777
2237 -3.5392
2238 3.1428
2239 2.7782
2240 2.5454
2241 -4.0796
2242 4.2309
2243 0.0000
2244 3.4778
2245 4.1984
2246 7.4797
2247 1.4915
2248 0.2034
2249 7.1634
2250 0.0000
2251 -9.4642
2252 7.7184
2253 9.0996
2254 0.0000
2255 8.8722
2256 -5.0659
2257 8.0490
2258 11.4334
2259 -2.4660
2260 9.2170
2261 5.5298
2262 3.0435
2263 0.0000
2264 10.9252
2265 2.0938
2266 -6.3000
2267 -2.2911
2268 6.3971
2269 -0.0262
2270 0.0000
2271 3.3858
2272 -1.6789
2273 -1.6090
2274 5.0630
2275 -0.0023
2276 0.8070
2277 9.3539
2278 4.0693
2279 5.8512
2280 3.7289
2281 2.4214
2282 -2.0774
2283 3.8255
2284 2.2362
2285 0.0000
2286 -5.5778
2287 -10.8760
2288 3.0584
2289 3.0102
2290 -1.5785
2291 -3.8535
2292 1.6445
2293 0.3857
2294 0.0000
2295 6.3075
2296 0.7080
2297 11.1821
2298 -0.1431
2299 1.6000
2300 -1.0984
2301 0.0000
2302 8.5769
2303 11.3747
2304 6.7040
2305 0.0000
2306 6.8692
2307 -2.4418
2308 3.5207
2309 1.4440
2310 1.8812
2311 8.0901
2312 4.4886
2313 0.1179
2314 0.0000
2315 5.1959
2316 11.8165
2317 6.0944
2318 5.1183
2319 0.7633
2320 3.9838
2321 0.0000
2322 6.5068
2323 2.4416
2324 7.1271
2325 0.0000
2326 6.3890
2327 0.5383
2328 2.0105
2329 4.2635
2330 1.9326
2331 -0.3989
2332 5.6801
2333 5.3231
2334 0.0000
2335 6.4002
2336 4.1946
2337 -1.0003
2338 4.7777
2339 4.0955
2340 -0.1463
2341 0.0000
2342 1.6940
2343 -1.4449
2344 6.2218
2345 0.0000
2346 8.3778
2347 4.4137
2348 0.1113
2349 3.8299
2350 -1.4460
2351 9.7731
2352 2.0545
2353 5.4209
2354 0.0000
2355 14.0477
2356 4.8457
2357 -2.6757
2358 -0.5674
2359 2.0912
2360 8.3029
2361 0.0000
2362 0.8137
2363 2.9416
2364 0.8462
2365 -0.4482
2366 3.6997
2367 -3.8858
2368 5.5084
2369 3.1269
2370 2.0995
2371 7.2095
2372 -0.9152
2373 8.0004
2374 1.4245
2375 8.6807
2376 0.0000
2377 11.4874
2378 3.8987
2379 9.4159
2380 7.9200
2381 3.2909
2382 11.8845
2383 6.8554
2384 11.4686
2385 0.0000
2386 1.2703
2387 6.6461
2388 2.3138
2389 0.9276
2390 3.0569
2391 2.3615
2392 0.0000
2393 -5.9408
2394 9.4845
2395 0.9292
2396 0.0000
2397 7.2378
2398 -3.0978
2399 2.8965
2400 6.0757
2401 5.8062
2402 12.1372
2403 1.3200
2404 -3.6323
2405 0.0000
2406 5.8117
2407 1.3808
2408 9.0485
2409 -3.8559
2410 4.0661
2411 0.6980
2412 0.0000
2413 3.6074
2414 5.0862
2415 11.9224
2416 0.0000
2417 5.6190
2418 4.9689
2419 -2.7947
2420 4.0184
2421 -0.5618
2422 9.8258
2423 -0.1688
2424 -4.3138
2425 0.0000
2426 -0.4293
2427 3.0244
2428 -0.1069
2429 8.2372
2430 9.4967
2431 1.1116
2432 0.0000
2433 -0.5975
2434 -2.0778
2435 4.4767
2436 0.0000
2437 4.2974
2438 0.6621
2439 6.6122
2440 -2.3129
2441 -0.8014
2442 6.7149
2443 -1.6202
2444 0.1514
2445 0.0000
2446 2.5069
2447 2.3563
2448 9.1975
2449 7.2963
2450 3.5540
2451 9.5979
2452 0.0000
2453 -1.4786
2454 3.4196
2455 -0.5822
2456 1.6860
2457 5.9141
2458 7.5128
2459 2.8931
2460 5.1282
2461 -2.3768
2462 2.9660
2463 1.2659
2464 7.9459
2465 0.4481
2466 5.8362
2467 0.0000
2468 9.7242
2469 2.0084
2470 5.7793
2471 0.4790
2472 -1.0180
2473 0.2202
2474 3.8078
2475 2.8559
2476 0.0000
2477 4.7438
2478 5.8439
2479 7.7944
2480 -7.7260
2481 12.1551
2482 8.7409
2483 0.0000
2484 2.4001
2485 4.3141
2486 5.8434
2487 0.0000
2488 3.8536
2489 1.0733
2490 2.4887
2491 4.2761
2492 -5.5468
2493 13.7652
2494 10.1716
2495 7.9870
2496 0.0000
2497 8.9860
2498 12.9904
2499 5.7993
2500 6.7731
2501 5.6326
2502 1.5996
2503 0.0000
2504 1.9497
2505 10.4640
2506 5.6499
2507 0.0000
2508 2.3733
2509 -0.1976
2510 1.4621
2511 5.2757
2512 -3.1686
2513 -3.5332
2514 -0.4916
2515 4.0001
2516 0.0000
2517 -0.1612
2518 2.2607
2519 3.7250
2520 8.9448
2521 12.3433
2522 -1.0872
2523 0.0000
2524 2.9103
2525 1.9577
2526 2.2875
2527 0.0000
2528 4.7703
2529 -1.4216
2530 5.7096
2531 1.2633
2532 -5.4282
2533 13.5856
2534 4.2240
2535 8.2851
2536 0.0000
2537 6.8581
2538 2.6933
2539 4.4533
2540 -0.2749
2541 0.4984
2542 7.2321
2543 0.0000
2544 -3.6192
2545 0.0000
2546 1.1213
2547 0.0000
2548 1.9656
2549 4.3118
2550 1.4328
2551 4.2420
2552 8.1596
2553 7.3357
2554 2.3460
2555 1.9503
2556 0.0000
2557 -0.0517
2558 0.8369
2559 5.8510
2560 3.2546
2561 2.8727
2562 2.3884
2563 0.0000
2564 -4.0854
2565 8.0230
2566 14.2236
2567 7.4734
2568 -1.8346
2569 -0.2952
2570 0.0000
2571 -2.4236
2572 -2.2063
2573 6.8891
2574 3.0539
2575 -1.0832
2576 0.7375
2577 0.0000
2578 -8.0321
2579 8.8273
2580 7.7343
2581 -0.7113
2582 6.5924
2583 -0.3837
2584 0.0000
2585 2.9704
2586 7.1639
2587 -1.8339
2588 -1.5221
2589 8.4053
2590 5.0937
2591 0.0000
2592 -2.2121
2593 5.4815
2594 10.9795
2595 7.9245
2596 3.8081
2597 11.4372
2598 0.0000
2599 -0.0125
2600 9.8083
2601 11.5114
2602 7.0393
2603 4.6538
2604 2.0140
2605 0.0000
2606 -7.1835
2607 4.4831
2608 3.9503
2609 1.6656
2610 5.0336
2611 3.2280
2612 0.0000
2613 4.2074
2614 6.7438
2615 -2.9346
2616 -1.3327
2617 3.6075
2618 3.5640
2619 0.0000
2620 3.6483
2621 12.9121
2622 -5.3920
2623 -1.2768
2624 0.3878
2625 6.2545
2626 0.0000
2627 1.9935
2628 5.8426
2629 5.7518
2630 10.5913
2631 0.5333
2632 1.2257
2633 0.0000
2634 4.9557
2635 4.1905
2636 0.1904
2637 5.9201
2638 1.6466
2639 2.6514
2640 0.0000
2641 0.5908
2642 4.5535
2643 -1.9125
2644 -1.3813
2645 1.5962
2646 0.8359
2647 0.0000
2648 -0.1276
2649 6.7447
2650 7.3989
2651 -0.4537
2652 2.1745
2653 0.7044
2654 0.0000
2655 2.5074
2656 3.8459
2657 2.8376
2658 16.0426
2659 3.9469
2660 8.0217
2661 0.0000
2662 -1.0437
2663 0.0000
2664 -5.7974
2665 0.0000
2666 4.4624
2667 0.0000
2668 9.3744
2669 5.0415
2670 0.0000
2671 3.3239
2672 -0.2944
2673 5.5933
2674 -1.3513
2675 0.0000
2676 1.9443
2677 0.0689
2678 1.7416
2679 0.0000
2680 -2.7786
2681 3.5208
2682 8.9246
2683 0.0000
2684 4.7968
2685 9.0097
2686 -4.3255
2687 4.7583
2688 0.8045
2689 -1.2438
2690 -7.4309
2691 0.5477
2692 9.3531
2693 0.0000
2694 8.1607
2695 4.6761
2696 -5.2758
2697 3.2805
2698 2.2927
2699 1.1443
2700 0.0000
2701 -4.3699
2702 -0.1688
2703 -0.1047
2704 7.6867
2705 4.9924
2706 7.3327
2707 0.0000
2708 -4.9713
2709 3.4998
2710 3.1463
2711 7.9114
2712 0.6898
2713 1.3022
2714 0.0000
2715 -7.8421
2716 13.3699
2717 3.9996
2718 3.3299
2719 -1.4350
2720 3.2750
2721 0.0000
2722 -3.2107
2723 7.4753
2724 2.1896
2725 4.0619
2726 2.6391
2727 0.5695
2728 0.0000
2729 4.9329
2730 5.8328
2731 5.0542
2732 0.5637
2733 2.8758
2734 2.4753
2735 0.0000
2736 2.7540
2737 5.5230
2738 3.1166
2739 5.7041
2740 2.3227
2741 1.3293
2742 0.0000
2743 13.4813
2744 3.9309
2745 7.3092
2746 9.8610
2747 -1.0383
2748 6.9042
2749 0.0000
2750 -1.6041
2751 -1.6932
2752 9.5993
2753 8.7642
2754 -3.3480
2755 5.7351
2756 0.0000
2757 -0.5823
2758 1.2389
2759 9.9433
2760 2.3634
2761 5.3872
2762 6.9870
2763 0.0000
2764 6.1753
2765 8.6634
2766 5.7038
2767 -2.3662
2768 4.2128
2769 5.6279
2770 0.0000
2771 -2.2843
2772 1.2267
2773 0.0000
2774 1.9359
2775 -11.6607
2776 1.2590
2777 1.2778
2778 0.4997
2779 2.9364
2780 2.4547
2781 -4.4103
2782 0.0000
2783 5.8883
2784 -4.3651
2785 0.0000
2786 5.8482
2787 0.0000
2788 7.1929
2789 0.0000
2790 0.0485
2791 -1.6157
2792 0.0000
2793 3.7355
2794 8.7527
2795 0.0000
2796 7.3894
2797 0.8493
2798 4.9519
2799 0.0000
2800 0.9274
2801 5.5106
2802 0.0000
2803 1.1187
2804 3.1394
2805 2.5891
2806 0.0000
2807 7.2539
2808 -4.8057
2809 0.0000
2810 12.1548
2811 7.7993
2812 -0.0852
2813 0.0000
2814 0.2605
2815 5.4362
2816 0.0000
2817 7.4956
2818 3.4777
2819 3.3712
2820 0.0000
2821 -2.4394
2822 8.2924
2823 0.0000
2824 5.5198
2825 1.4186
2826 5.5952
2827 0.0000
2828 1.2486
2829 1.1798
2830 0.0000
2831 5.1842
2832 -0.7142
2833 9.0556
2834 0.0000
2835 3.8855
2836 5.5321
2837 0.0000
2838 -1.9006
2839 -1.8703
2840 6.9416
2841 0.0000
2842 6.3794
2843 10.4171
2844 0.0000
2845 2.1714
2846 -1.6158
2847 1.9235
2848 0.0000
2849 -0.1666
2850 -8.0008
2851 0.0000
2852 -0.5511
2853 3.2412
2854 3.1726
2855 0.0000
2856 6.8157
2857 5.0308
2858 0.0000
2859 -3.6771
2860 8.7372
2861 -0.9841
2862 0.0000
2863 1.4110
2864 0.9482
2865 0.0000
2866 2.2638
2867 4.4600
2868 10.2779
2869 0.0000
2870 2.3966
2871 1.4235
2872 0.0000
2873 2.5969
2874 3.2925
2875 0.8455
2876 0.0000
2877 -2.7094
2878 5.5929
2879 0.0000
2880 1.9572
2881 11.6584
2882 13.5897
2883 0.0000
2884 2.2785
2885 13.7858
2886 0.0000
2887 7.5875
2888 2.9891
2889 2.2224
2890 0.0000
2891 -1.8325
2892 9.4409
2893 0.0000
2894 1.5418
2895 3.9387
2896 4.4699
2897 0.0000
2898 0.6197
2899 -1.1648
2900 0.0000
2901 8.9394
2902 6.8282
2903 1.0161
2904 0.0000
2905 3.3502
2906 0.0000
2907 -1.0665
2908 0.0000
2909 3.7847
2910 -2.1907
2911 0.0000
2912 4.2674
2913 0.0000
2914 4.4463
2915 0.0000
2916 3.3813
2917 -1.0070
2918 9.5309
2919 0.0000
2920 13.3980
2921 -3.4325
2922 2.4308
2923 0.0000
2924 2.2850
2925 3.9937
2926 8.6220
2927 0.0000
2928 6.0857
2929 0.0000
2930 7.5419
2931 0.0000
2932 1.0937
2933 4.3454
2934 0.0000
2935 -0.4667
2936 0.0000
2937 8.7587
2938 0.8553
2939 8.7197
2940 0.3362
2941 2.0985
2942 0.4458
2943 -3.8992
2944 3.9694
2945 6.8508
2946 -4.1114
2947 2.2765
2948 -6.3735
2949 -6.7036
2950 4.6541
2951 1.5207
2952 7.6141
2953 0.0000
2954 -1.1903
2955 3.5238
2956 9.1506
2957 0.9153
2958 3.3613
2959 11.2319
2960 5.3087
2961 9.4282
2962 0.0000
2963 6.2376
2964 0.6292
2965 -1.5356
2966 7.9959
2967 2.8826
2968 8.0606
2969 0.0000
2970 -3.8519
2971 4.7333
2972 4.0774
2973 0.0000
2974 3.9189
2975 7.1168
2976 11.2216
2977 -1.8625
2978 -3.5162
2979 2.4048
2980 9.0724
2981 8.2163
2982 0.0000
2983 13.1358
2984 9.6995
2985 -4.5772
2986 0.1151
2987 2.8826
2988 3.8749
2989 0.0000
2990 9.1370
2991 10.0867
2992 -7.4278
2993 0.0000
2994 6.8665
2995 4.7876
2996 5.3567
2997 7.6514
2998 1.7029
2999 11.1875
3000 2.2255
3001 7.7891
3002 0.0000
3003 5.5372
3004 -4.0685
3005 2.1533
3006 5.4768
3007 13.9553
3008 5.8078
3009 0.0000
3010 1.2296
3011 12.8484
3012 4.2844
3013 0.0000
3014 1.7889
3015 -2.6350
3016 3.0482
3017 8.2396
3018 -4.6648
3019 -1.0103
3020 7.9080
3021 9.8142
3022 0.0000
3023 12.7665
3024 2.0315
3025 7.1635
3026 3.9700
3027 1.9260
3028 4.3815
3029 0.0000
3030 4.9862
3031 -2.9877
3032 8.9896
3033 9.3157
3034 3.9899
3035 4.3771
3036 8.9483
3037 1.8545
3038 -0.3448
3039 0.9126
3040 -3.1073
3041 -1.3663
3042 7.8628
3043 0.0873
3044 0.0000
3045 7.2677
3046 7.3426
3047 5.1205
3048 4.6600
3049 5.1679
3050 12.4582
3051 7.6350
3052 6.1141
3053 0.0000
3054 2.2289
3055 6.2704
3056 -3.2964
3057 7.7343
3058 10.2832
3059 -7.4933
3060 0.0000
3061 9.5330
3062 2.4229
3063 2.9532
3064 0.0000
3065 -6.4640
3066 -0.8031
3067 0.8077
3068 1.5704
3069 8.4153
3070 6.4444
3071 7.4338
3072 2.6488
3073 0.0000
3074 5.8270
3075 5.5383
3076 2.0827
3077 7.5438
3078 6.1236
3079 6.5471
3080 0.0000
3081 4.0968
3082 4.5924
3083 11.3761
3084 0.0000
3085 -3.1324
3086 1.0582
3087 3.3074
3088 5.1364
3089 -2.5473
3090 4.2224
3091 6.7251
3092 7.0117
3093 0.0000
3094 0.5581
3095 0.5079
3096 -0.8325
3097 12.3562
3098 1.0105
3099 2.8214
3100 0.0000
3101 -0.4361
3102 -0.3562
3103 2.7305
3104 0.0000
3105 1.5637
3106 -0.6224
3107 2.5699
3108 6.1120
3109 0.0897
3110 9.5367
3111 5.2334
3112 4.7108
3113 0.0000
3114 6.3710
3115 6.4527
3116 8.4780
3117 5.4747
3118 3.0005
3119 6.6824
3120 0.0000
3121 -4.9370
3122 11.8519
3123 3.2113
3124 8.0849
3125 2.0557
3126 5.3053
3127 8.9458
3128 1.7392
3129 3.6189
3130 -0.3900
3131 3.1364
3132 1.0615
3133 1.4015
3134 -1.2386
3135 0.0000
3136 -3.2023
3137 1.1343
3138 -1.5479
3139 0.6341
3140 0.8411
3141 -5.6539
3142 -2.5982
3143 5.2764
3144 0.0000
3145 2.8419
3146 8.8542
3147 9.6077
3148 1.4238
3149 12.3859
3150 11.2429
3151 0.0000
3152 0.5872
3153 6.6844
3154 7.0802
3155 0.0000
3156 6.3196
3157 1.9984
3158 0.0312
3159 -0.5470
3160 2.6351
3161 1.2963
3162 11.4418
3163 6.1434
3164 0.0000
3165 6.7809
3166 5.8819
3167 5.3451
3168 8.7165
3169 7.0383
3170 -2.0485
3171 0.0000
3172 3.1978
3173 0.4919
3174 8.5905
3175 0.0000
3176 4.5781
3177 -0.7134
3178 8.4539
3179 -5.2341
3180 6.7554
3181 1.7807
3182 -2.2982
3183 0.9669
3184 0.0000
3185 4.5969
3186 2.8002
3187 1.5648
3188 5.5039
3189 5.4848
3190 6.0643
3191 0.0000
3192 5.6428
3193 2.6892
3194 -0.4579
3195 0.0000
3196 4.6096
3197 -1.6245
3198 -1.7958
3199 12.8312
3200 4.3897
3201 3.3102
3202 2.6158
3203 -0.0882
3204 0.0000
3205 4.9370
3206 12.7556
3207 5.2564
3208 8.4931
3209 2.4792
3210 1.3028
3211 0.0000
3212 -2.0368
3213 2.2191
3214 3.3756
3215 0.7639
3216 1.4720
3217 7.5516
3218 0.5619
3219 -3.0236
3220 5.5903
3221 2.7947
3222 1.9389
3223 1.8438
3224 4.5528
3225 10.6190
3226 0.0000
3227 4.0581
3228 -0.9117
3229 -2.8416
3230 0.9649
3231 -6.0585
3232 2.5991
3233 5.5463
3234 9.2217
3235 0.0000
3236 5.0096
3237 4.1545
3238 10.2567
3239 7.1868
3240 0.9885
3241 -1.4281
3242 0.0000
3243 6.2532
3244 7.1457
3245 -3.7211
3246 0.0000
3247 0.7952
3248 -0.1072
3249 7.4712
3250 6.2447
3251 -0.5067
3252 8.7298
3253 1.9725
3254 7.9892
3255 0.0000
3256 16.8395
3257 3.4189
3258 6.0358
3259 0.4348
3260 5.4055
3261 2.6665
3262 0.0000
3263 8.1221
3264 2.5700
3265 -3.6140
3266 0.0000
3267 3.1540
3268 1.6874
3269 2.0742
3270 3.4575
3271 6.1528
3272 7.3393
3273 -1.3386
3274 2.2420
3275 0.0000
3276 3.7627
3277 -6.9763
3278 3.8029
3279 7.2713
3280 6.5834
3281 0.1230
3282 0.0000
3283 0.9449
3284 6.5168
3285 0.9771
3286 0.0000
3287 4.3137
3288 -8.4381
3289 8.4443
3290 4.6578
3291 3.8689
3292 5.4625
3293 3.5717
3294 6.9149
3295 0.0000
3296 0.4010
3297 5.6317
3298 4.1186
3299 1.5126
3300 -2.5381
3301 0.9064
3302 0.0000
3303 5.2997
3304 0.0000
3305 1.3092
3306 0.0000
3307 0.8547
3308 2.9743
3309 4.7600
3310 6.1291
3311 -1.4592
3312 8.9631
3313 -1.7298
3314 -2.8904
3315 0.0000
3316 -2.9360
3317 -3.9226
3318 1.6791
3319 7.9140
3320 4.3690
3321 4.2644
3322 0.0000
3323 0.6347
3324 4.0764
3325 3.4762
3326 6.7047
3327 3.4064
3328 1.2791
3329 0.0000
3330 3.8397
3331 -0.4019
3332 -1.2520
3333 -6.3156
3334 6.6212
3335 0.1807
3336 0.0000
3337 5.8125
3338 -4.0505
3339 4.6236
3340 3.6108
3341 6.1603
3342 8.9722
3343 0.0000
3344 -0.8114
3345 10.5122
3346 -2.3788
3347 7.1183
3348 -2.1073
3349 4.0393
3350 0.0000
3351 3.7066
3352 7.0234
3353 5.7400
3354 -4.8879
3355 5.5817
3356 5.0588
3357 0.0000
3358 -5.8560
3359 -0.2315
3360 8.8270
3361 -0.6426
3362 5.0308
3363 10.1340
3364 0.0000
3365 1.0769
3366 10.3164
3367 2.0654
3368 7.5816
3369 7.6498
3370 -2.4941
3371 0.0000
3372 0.8085
3373 8.3535
3374 5.3987
3375 -1.9129
3376 3.5523
3377 4.9406
3378 0.0000
3379 5.5839
3380 3.4001
3381 7.2007
3382 3.9933
3383 7.4061
3384 0.5964
3385 0.0000
3386 -1.7519
3387 8.1465
3388 3.1221
3389 1.0920
3390 5.3290
3391 4.0921
3392 0.0000
3393 3.2514
3394 7.8657
3395 5.3277
3396 0.8157
3397 5.8962
3398 1.9992
3399 0.0000
3400 2.8865
3401 -0.6293
3402 -1.2797
3403 -3.3110
3404 3.5630
3405 3.4723
3406 0.0000
3407 0.3011
3408 -2.4471
3409 1.0648
3410 4.2181
3411 11.1339
3412 11.4765
3413 0.0000
3414 1.0237
3415 5.9920
3416 6.4732
3417 3.9707
3418 5.7251
3419 0.7133
3420 0.0000
3421 0.3298
3422 0.0000
3423 5.9827
3424 0.0000
3425 10.8614
3426 0.0000
3427 8.1081
3428 -7.1594
3429 0.0000
3430 2.2657
3431 14.8013
3432 1.0564
3433 6.1731
3434 0.0000
3435 -5.2721
3436 -0.1824
3437 5.3504
3438 0.0000
3439 -3.1007
3440 4.8760
3441 6.5516
3442 0.0000
3443 0.3366
3444 10.0378
3445 -1.6535
3446 -1.2955
3447 4.3102
3448 4.0105
3449 11.3616
3450 1.9747
3451 6.7791
3452 0.0000
3453 -1.6456
3454 5.3012
3455 2.3165
3456 4.6969
3457 1.2506
3458 2.9480
3459 0.0000
3460 3.4010
3461 3.3366
3462 4.8760
3463 3.2060
3464 4.8144
3465 4.2319
3466 0.0000
3467 7.2729
3468 -0.4722
3469 2.6285
3470 11.2100
3471 11.5687
3472 1.3896
3473 0.0000
3474 1.4520
3475 8.3545
3476 7.3667
3477 6.2690
3478 4.9935
3479 5.3895
3480 0.0000
3481 2.2702
3482 6.6809
3483 6.6615
3484 0.3383
3485 5.3479
3486 2.1151
3487 0.0000
3488 1.9454
3489 1.0775
3490 5.8219
3491 5.7586
3492 2.1617
3493 6.4934
3494 0.0000
3495 -1.8281
3496 5.1363
3497 3.1403
3498 1.4046
3499 1.9120
3500 -0.4294
3501 0.0000
3502 4.7766
3503 5.2784
3504 -1.7409
3505 0.6968
3506 7.6390
3507 8.9340
3508 0.0000
3509 -1.5048
3510 3.6011
3511 4.2392
3512 9.5895
3513 -5.3635
3514 8.7970
3515 0.0000
3516 -1.1680
3517 4.5857
3518 7.4568
3519 -5.5176
3520 6.5866
3521 4.3064
3522 0.0000
3523 -3.1517
3524 11.4768
3525 3.3821
3526 -5.6410
3527 0.7671
3528 13.7364
3529 0.0000
3530 3.9040
3531 2.3614
3532 0.0000
3533 3.7017
3534 -1.7068
3535 -5.2568
3536 -7.6117
3537 3.4678
3538 -0.0971
3539 5.7491
3540 2.5391
3541 0.0000
3542 0.4927
3543 1.7258
3544 0.0000
3545 0.5445
3546 0.0000
3547 -2.7005
3548 0.0000
3549 -1.4297
3550 3.5463
3551 0.0000
3552 11.7485
3553 1.4666
3554 0.0000
3555 8.3927
3556 4.3783
3557 12.0568
3558 0.0000
3559 -0.5242
3560 4.3898
3561 0.0000
3562 10.8055
3563 0.8884
3564 -1.7756
3565 0.0000
3566 2.1919
3567 6.5010
3568 0.0000
3569 -0.0779
3570 -2.8584
3571 -4.5579
3572 0.0000
3573 -4.5110
3574 1.0929
3575 0.0000
3576 8.5756
3577 7.0711
3578 -2.7343
3579 0.0000
3580 3.4152
3581 1.9802
3582 0.0000
3583 7.7066
3584 10.5461
3585 0.5985
3586 0.0000
3587 9.3964
3588 5.4431
3589 0.0000
3590 10.5772
3591 1.2151
3592 5.0932
3593 0.0000
3594 4.4597
3595 2.0762
3596 0.0000
3597 1.5786
3598 3.6010
3599 -2.0767
3600 0.0000
3601 3.7045
3602 1.3932
3603 0.0000
3604 6.3643
3605 7.8200
3606 6.2069
3607 0.0000
3608 -1.6844
3609 4.9013
3610 0.0000
3611 0.3786
3612 11.8679
3613 4.4284
3614 0.0000
3615 -2.8296
3616 3.8529
3617 0.0000
3618 4.3669
3619 4.3801
3620 8.4351
3621 0.0000
3622 1.6099
3623 -3.6688
3624 0.0000
3625 9.1447
3626 3.5083
3627 -1.2492
3628 0.0000
3629 1.2783
3630 8.0728
3631 0.0000
3632 -1.0499
3633 -0.8161
3634 2.3277
3635 0.0000
3636 8.7778
3637 1.7217
3638 0.0000
3639 1.4757
3640 7.1768
3641 10.3414
3642 0.0000
3643 3.5806
3644 6.1170
3645 0.0000
3646 -0.8302
3647 7.7015
3648 6.8018
3649 0.0000
3650 -3.5969
3651 14.7995
3652 0.0000
3653 -2.1890
3654 5.8771
3655 7.5708
3656 0.0000
3657 4.0618
3658 3.8358
3659 0.0000
3660 -9.4360
3661 2.0343
3662 4.7828
3663 0.0000
3664 1.0193
3665 0.0000
3666 9.3769
3667 0.0000
3668 6.0908
3669 4.8982
3670 0.0000
3671 -1.8985
3672 0.0000
3673 0.7854
3674 0.0000
3675 7.8103
3676 2.5223
3677 0.1223
3678 0.0000
3679 5.5046
3680 4.5726
3681 8.4030
3682 0.0000
3683 4.5051
3684 4.0327
3685 3.1071
3686 0.0000
3687 -1.6791
3688 0.0000
3689 -0.5676
3690 0.0000
3691 0.0465
3692 8.5765
3693 0.0000
3694 2.8635
3695 0.0000
3696 9.0983
3697 8.7951
3698 3.2646
3699 2.4988
3700 11.1992
3701 6.1386
3702 8.8037
3703 -1.8807
3704 2.6238
3705 1.3004
3706 4.6478
3707 0.4811
3708 1.8548
3709 8.3953
3710 2.9758
3711 1.7016
3712 0.0000
3713 -3.9001
3714 -2.9862
3715 -0.2092
3716 3.6646
3717 1.0079
3718 4.3198
3719 11.7612
3720 7.0036
3721 0.0000
3722 -0.5067
3723 6.1088
3724 -0.9628
3725 0.2336
3726 1.6262
3727 10.2694
3728 0.0000
3729 0.4459
3730 1.1899
3731 4.9950
3732 0.0000
3733 -0.5318
3734 -3.5895
3735 11.2177
3736 8.8499
3737 -3.4201
3738 12.2780
3739 8.2776
3740 -1.6601
3741 0.0000
3742 3.5144
3743 4.3527
3744 8.7730
3745 1.9654
3746 4.1790
3747 1.0991
3748 0.0000
3749 7.6080
3750 4.6304
3751 -0.7357
3752 0.0000
3753 12.7368
3754 0.9006
3755 1.2496
3756 5.3214
3757 -1.4228
3758 8.8608
3759 9.7640
3760 0.8031
3761 0.0000
3762 8.7769
3763 -0.3769
3764 -4.1954
3765 5.6610
3766 7.8663
3767 -4.6286
3768 0.0000
3769 -2.3812
3770 2.2394
3771 3.7022
3772 0.0000
3773 3.1449
3774 6.9357
3775 4.3686
3776 8.6957
3777 -3.6647
3778 6.5383
3779 3.1869
3780 4.1947
3781 0.0000
3782 1.1325
3783 7.2867
3784 11.8353
3785 7.7940
3786 2.6609
3787 9.4984
3788 0.0000
3789 1.6459
3790 9.7013
3791 2.5113
3792 1.8969
3793 2.8687
3794 2.2634
3795 -1.1584
3796 2.1073
3797 4.5619
3798 5.8684
3799 1.2842
3800 9.0339
3801 13.9952
3802 9.4976
3803 0.0000
3804 4.6394
3805 2.4279
3806 -0.9476
3807 10.4039
3808 -4.3215
3809 10.4271
3810 6.9768
3811 6.1689
3812 0.0000
3813 5.2854
3814 -3.0011
3815 4.0684
3816 4.3187
3817 9.3387
3818 5.5403
3819 0.0000
3820 0.4028
3821 3.8321
3822 2.6530
3823 0.0000
3824 -1.5302
3825 6.4363
3826 -1.2024
3827 8.8592
3828 -5.6971
3829 -0.3657
3830 0.3546
3831 -3.1021
3832 0.0000
3833 6.6087
3834 5.5732
3835 9.9858
3836 11.0101
3837 5.1658
3838 1.4151
3839 0.0000
3840 3.0330
3841 0.3343
3842 8.5132
3843 0.0000
3844 7.4273
3845 -0.6882
3846 6.5467
3847 5.3131
3848 -3.0272
3849 -0.1059
3850 -1.9907
3851 5.1718
3852 0.0000
3853 -10.4392
3854 9.1293
3855 5.6991
3856 11.5752
3857 2.4918
3858 7.7056
3859 0.0000
3860 -0.7514
3861 5.9819
3862 9.4714
3863 0.0000
3864 -2.1798
3865 -1.9006
3866 4.5496
3867 3.3721
3868 -1.5579
3869 9.3471
3870 13.1424
3871 8.1762
3872 0.0000
3873 2.6504
3874 1.8962
3875 3.5993
3876 3.6447
3877 -2.2357
3878 6.5217
3879 0.0000
3880 9.4228
3881 7.2791
3882 3.3564
3883 11.0548
3884 2.4345
3885 5.5182
3886 4.1091
3887 -0.1791
3888 0.4691
3889 1.3917
3890 5.9239
3891 3.4169
3892 -1.3426
3893 1.3944
3894 0.0000
3895 3.6040
3896 -1.3840
3897 5.8981
3898 15.1288
3899 8.4179
3900 7.1753
3901 2.9147
3902 -2.5959
3903 0.0000
3904 3.6137
3905 1.8581
3906 7.8702
3907 5.3426
3908 0.3857
3909 -1.8482
3910 0.0000
3911 2.6904
3912 -1.5307
3913 -2.5763
3914 0.0000
3915 9.3022
3916 0.4007
3917 -0.7314
3918 2.0276
3919 3.5354
3920 -3.7860
3921 2.3804
3922 4.5499
3923 0.0000
3924 11.0744
3925 0.1526
3926 0.7824
3927 6.0121
3928 6.2209
3929 0.6528
3930 0.0000
3931 2.6487
3932 3.1579
3933 3.6771
3934 0.0000
3935 1.2531
3936 1.7682
3937 5.8437
3938 5.9017
3939 -3.7696
3940 7.3140
3941 2.0007
3942 11.7777
3943 0.0000
3944 7.4753
3945 12.6963
3946 14.4778
3947 0.9010
3948 6.0665
3949 4.5194
3950 0.0000
3951 0.3898
3952 9.2961
3953 13.0030
3954 0.0000
3955 2.1929
3956 1.9251
3957 4.2698
3958 9.6407
3959 -1.3191
3960 -0.2150
3961 -2.5112
3962 -0.8566
3963 0.0000
3964 10.3489
3965 -3.3442
3966 13.0306
3967 7.7089
3968 1.0265
3969 -1.8038
3970 0.0000
3971 6.1022
3972 -1.8380
3973 2.3192
3974 9.0706
3975 4.9686
3976 -0.6815
3977 5.8603
3978 1.5402
3979 10.6773
3980 7.3958
3981 11.6357
3982 6.3524
3983 -5.4327
3984 8.7287
3985 0.0000
3986 3.4636
3987 2.3979
3988 0.1960
3989 6.3860
3990 5.2922
3991 2.3418
3992 -1.0997
3993 10.6788
3994 0.0000
3995 3.3661
3996 6.5472
3997 2.0586
3998 7.6446
3999 0.0934
4000 7.0570
4001 0.0000
4002 3.1439
4003 4.0230
4004 13.5513
4005 0.0000
4006 3.0256
4007 2.3036
4008 2.4411
4009 5.1567
4010 -8.1037
4011 10.5944
4012 1.7570
4013 10.8257
4014 0.0000
4015 0.6384
4016 2.0864
4017 -6.0733
4018 11.7346
4019 6.7215
4020 2.0055
4021 0.0000
4022 3.5538
4023 -1.9345
4024 2.6497
4025 0.0000
4026 0.3911
4027 -8.6586
4028 1.8110
4029 4.0924
4030 -1.6067
4031 7.9681
4032 -1.1277
4033 4.7788
4034 0.0000
4035 2.7394
4036 2.0960
4037 3.8459
4038 -2.2513
4039 7.6680
4040 8.9612
4041 0.0000
4042 3.2633
4043 5.9965
4044 2.2983
4045 0.0000
4046 8.1964
4047 -1.4961
4048 5.3553
4049 0.7463
4050 -2.5012
4051 0.7329
4052 2.7113
4053 2.4768
4054 0.0000
4055 2.9395
4056 2.7926
4057 13.5238
4058 5.3526
4059 -0.6185
4060 6.2984
4061 0.0000
4062 5.3710
4063 0.0000
4064 2.2543
4065 0.0000
4066 0.2273
4067 1.5687
4068 2.6623
4069 3.5499
4070 4.7030
4071 5.1521
4072 6.2988
4073 4.4433
4074 0.0000
4075 4.3328
4076 0.6826
4077 -3.1466
4078 2.0809
4079 6.8143
4080 6.8103
4081 0.0000
4082 1.5891
4083 11.5219
4084 -2.5588
4085 4.6348
4086 -1.9104
4087 -1.3924
4088 0.0000
4089 1.3650
4090 6.0576
4091 4.2073
4092 4.8851
4093 4.5295
4094 3.4348
4095 0.0000
4096 -1.7490
4097 2.8456
4098 6.0489
4099 9.6869
4100 6.1909
4101 5.5262
4102 0.0000
4103 12.8763
4104 5.0200
4105 -4.2013
4106 -11.9071
4107 -1.9915
4108 2.7899
4109 0.0000
4110 4.4271
4111 8.4171
4112 6.5233
4113 8.3414
4114 -4.6655
4115 5.0956
4116 0.0000
4117 -2.3374
4118 9.3205
4119 8.3808
4120 8.7177
4121 -0.7171
4122 4.2695
4123 0.0000
4124 -8.8660
4125 3.7271
4126 -4.9463
4127 -3.2991
4128 5.0972
4129 -2.5324
4130 0.0000
4131 -0.5861
4132 7.0036
4133 8.1687
4134 6.5661
4135 0.8369
4136 0.3520
4137 0.0000
4138 -1.5967
4139 1.9169
4140 12.5970
4141 -0.7425
4142 1.3287
4143 7.3943
4144 0.0000
4145 -10.8113
4146 7.2950
4147 -2.7332
4148 6.7686
4149 -2.1057
4150 2.9085
4151 0.0000
4152 3.5414
4153 9.5584
4154 1.5046
4155 4.9990
4156 7.0294
4157 10.2618
4158 0.0000
4159 2.2610
4160 4.3916
4161 3.0898
4162 3.7494
4163 4.4289
4164 10.0948
4165 0.0000
4166 -2.6175
4167 9.5298
4168 3.7794
4169 0.4090
4170 1.4789
4171 3.7539
4172 0.0000
4173 6.4624
4174 1.0808
4175 3.7210
4176 5.0608
4177 1.6117
4178 -0.7747
4179 0.0000
4180 0.5429
4181 0.0000
4182 6.1727
4183 0.0000
4184 6.3332
4185 0.0000
4186 5.0906
4187 16.5339
4188 0.0000
4189 2.6572
4190 6.4623
4191 6.5924
4192 1.1972
4193 0.0000
4194 7.0833
4195 -1.3055
4196 4.4101
4197 0.0000
4198 2.8117
4199 0.3500
4200 -0.6936
4201 0.0000
4202 6.5026
4203 1.6275
4204 -5.4978
4205 0.6245
4206 5.6400
4207 1.7532
4208 1.5734
4209 5.3305
4210 3.4172
4211 0.0000
4212 3.1385
4213 2.0477
4214 9.2624
4215 6.8531
4216 -0.4953
4217 6.0519
4218 0.0000
4219 1.3545
4220 4.4067
4221 9.0359
4222 2.7611
4223 6.3733
4224 6.6228
4225 0.0000
4226 0.9667
4227 16.3842
4228 7.2190
4229 8.4439
4230 1.3793
4231 5.9630
4232 0.0000
4233 3.1759
4234 1.2757
4235 4.6024
4236 4.0220
4237 1.6456
4238 1.6560
4239 0.0000
4240 -3.3796
4241 1.7341
4242 7.3071
4243 11.4466
4244 4.3501
4245 5.8803
4246 0.0000
4247 10.6349
4248 9.1587
4249 2.5384
4250 -1.4377
4251 2.9495
4252 -3.6610
4253 0.0000
4254 -2.1951
4255 3.0252
4256 -1.1745
4257 4.3026
4258 1.1752
4259 -3.5580
4260 0.0000
4261 0.8624
4262 7.5284
4263 2.6230
4264 8.2444
4265 5.3151
4266 2.4295
4267 0.0000
4268 -2.2916
4269 1.4136
4270 -0.0664
4271 -2.9989
4272 6.2977
4273 6.6579
4274 0.0000
4275 3.6366
4276 -1.6626
4277 9.8457
4278 -2.4584
4279 4.4559
4280 1.9133
4281 0.0000
4282 1.6148
4283 3.1831
4284 6.5274
4285 8.3862
4286 -0.1787
4287 -7.3745
4288 0.0000
4289 1.0089
4290 -1.2394
4291 0.0000
4292 0.2963
4293 -1.5833
4294 -0.6375
4295 0.2170
4296 1.3890
4297 -4.4740
4298 1.1492
4299 0.1651
4300 0.0000
4301 3.6145
4302 1.2475
4303 0.0000
4304 -4.4712
4305 0.0000
4306 4.6771
4307 0.0000
4308 -0.5951
4309 3.7709
4310 0.0000
4311 3.4570
4312 6.0326
4313 0.0000
4314 4.6331
4315 2.0185
4316 7.2925
4317 0.0000
4318 1.0623
4319 0.4943
4320 0.0000
4321 2.8048
4322 -4.5221
4323 1.3069
4324 0.0000
4325 1.8427
4326 -0.7774
4327 0.0000
4328 -2.1463
4329 12.8243
4330 8.1662
4331 0.0000
4332 2.9399
4333 4.8182
4334 0.0000
4335 8.6576
4336 -0.6282
4337 -5.7959
4338 0.0000
4339 1.3235
4340 14.4160
4341 0.0000
4342 3.4548
4343 11.3812
4344 8.0472
4345 0.0000
4346 5.2015
4347 2.2154
4348 0.0000
4349 6.5192
4350 8.8891
4351 14.0310
4352 0.0000
4353 2.7882
4354 4.7899
4355 0.0000
4356 5.0933
4357 -4.1289
4358 9.6353
4359 0.0000
4360 6.9944
4361 2.7905
4362 0.0000
4363 3.4339
4364 2.8685
4365 6.0853
4366 0.0000
4367 3.9843
4368 8.9392
4369 0.0000
4370 8.9325
4371 4.5917
4372 1.0303
4373 0.0000
4374 5.6922
4375 6.6086
4376 0.0000
4377 14.8508
4378 1.5705
4379 -2.4537
4380 0.0000
4381 -0.9443
4382 3.7818
4383 0.0000
4384 6.3233
4385 2.9971
4386 7.3809
4387 0.0000
4388 -2.3118
4389 7.9631
4390 0.0000
4391 2.5379
4392 -1.2354
4393 0.1808
4394 0.0000
4395 4.0084
4396 2.3180
4397 0.0000
4398 3.2692
4399 5.8079
4400 1.6622
4401 0.0000
4402 2.4926
4403 3.4285
4404 0.0000
4405 10.2199
4406 6.5837
4407 3.1040
4408 0.0000
4409 7.7011
4410 5.7975
4411 0.0000
4412 1.3718
4413 1.0256
4414 -0.0887
4415 0.0000
4416 6.4552
4417 8.7541
4418 0.0000
4419 10.6905
4420 3.3670
4421 1.2827
4422 0.0000
4423 2.4422
4424 0.0000
4425 -4.0896
4426 0.0000
4427 1.5074
4428 7.6345
4429 0.0000
4430 6.4207
4431 0.0000
4432 5.0055
4433 0.0000
4434 0.9155
4435 0.0969
4436 9.1221
4437 0.0000
4438 -1.7190
4439 6.5757
4440 12.6047
4441 0.0000
4442 13.5605
4443 6.4527
4444 -0.8403
4445 0.0000
4446 12.3793
4447 0.0000
4448 0.4342
4449 0.0000
4450 0.1820
4451 -0.8157
4452 0.0000
4453 0.8563
4454 0.0000
4455 5.7666
4456 4.4455
4457 2.8771
4458 1.0278
4459 4.8710
4460 3.3386
4461 4.1540
4462 9.1455
4463 1.8732
4464 -0.3036
4465 4.4634
4466 4.0160
4467 2.9976
4468 6.8305
4469 -1.6746
4470 4.3361
4471 0.0000
4472 7.4584
4473 -8.6444
4474 10.8533
4475 4.5351
4476 -2.6096
4477 6.2824
4478 4.1112
4479 4.1926
4480 0.0000
4481 1.5098
4482 8.6894
4483 8.3867
4484 10.7954
4485 3.6671
4486 0.4401
4487 0.0000
4488 7.6859
4489 2.5214
4490 10.4153
4491 0.0000
4492 7.7498
4493 -7.7848
4494 4.2991
4495 4.1997
4496 2.9132
4497 9.9137
4498 6.6391
4499 2.6748
4500 0.0000
4501 10.4164
4502 8.3576
4503 -0.2308
4504 2.8035
4505 1.6628
4506 7.7340
4507 0.0000
4508 0.0261
4509 3.9584
4510 5.5339
4511 0.0000
4512 -1.4600
4513 1.6312
4514 3.4944
4515 -4.6430
4516 4.9241
4517 4.9215
4518 -0.9379
4519 -1.6495
4520 0.0000
4521 2.7410
4522 -0.6073
4523 2.9948
4524 7.2497
4525 1.7446
4526 0.7322
4527 0.0000
4528 1.7031
4529 7.6736
4530 7.8173
4531 0.0000
4532 6.3241
4533 2.3545
4534 2.2192
4535 0.9619
4536 2.6022
4537 4.5777
4538 12.4209
4539 2.4770
4540 0.0000
4541 2.0666
4542 -0.9498
4543 4.0144
4544 0.4729
4545 -2.4997
4546 6.6855
4547 0.0000
4548 -2.3580
4549 13.2441
4550 2.3901
4551 5.3878
4552 6.7240
4553 1.3707
4554 5.3235
4555 5.9011
4556 -1.1164
4557 9.2710
4558 9.4186
4559 -1.9585
4560 9.4708
4561 2.0277
4562 0.0000
4563 1.2924
4564 0.9710
4565 -0.8937
4566 0.0874
4567 2.0517
4568 -12.2485
4569 -2.2303
4570 7.4615
4571 0.0000
4572 9.7028
4573 0.3247
4574 3.9499
4575 7.8889
4576 -0.0449
4577 3.9570
4578 0.0000
4579 -2.2115
4580 2.9447
4581 5.4684
4582 0.0000
4583 8.8012
4584 -0.2402
4585 7.1466
4586 -1.7457
4587 -5.2344
4588 -7.1059
4589 -2.4556
4590 4.6413
4591 0.0000
4592 5.0957
4593 8.7109
4594 7.4987
4595 2.2315
4596 -1.8483
4597 1.9627
4598 0.0000
4599 4.2101
4600 9.3364
4601 3.0127
4602 0.0000
4603 -2.3190
4604 -2.0477
4605 -1.4595
4606 0.2327
4607 3.3658
4608 8.8806
4609 12.0698
4610 9.2507
4611 0.0000
4612 2.4580
4613 9.2975
4614 4.4657
4615 9.4717
4616 6.1727
4617 5.5697
4618 0.0000
4619 -0.6176
4620 1.3396
4621 2.1015
4622 0.0000
4623 1.1607
4624 -1.0713
4625 -0.1082
4626 5.8595
4627 -4.1116
4628 7.4371
4629 3.9501
4630 1.5795
4631 0.0000
4632 7.1813
4633 7.7022
4634 5.1456
4635 3.0936
4636 -0.2830
4637 5.2692
4638 0.0000
4639 0.0824
4640 9.9917
4641 1.6775
4642 3.4556
4643 4.6587
4644 -1.0513
4645 0.6095
4646 2.3456
4647 9.1810
4648 5.1739
4649 4.1764
4650 8.0677
4651 0.9876
4652 8.8088
4653 0.0000
4654 9.5396
4655 -0.4754
4656 6.0776
4657 3.6802
4658 -2.8019
4659 5.4401
4660 7.4132
4661 11.4832
4662 0.0000
4663 5.6047
4664 13.4393
4665 7.0687
4666 6.0246
4667 6.3584
4668 0.8100
4669 0.0000
4670 -0.5598
4671 3.3946
4672 8.2932
4673 0.0000
4674 0.5564
4675 2.9831
4676 3.6322
4677 6.0720
4678 6.9858
4679 8.6542
4680 7.0190
4681 12.1316
4682 0.0000
4683 2.5636
4684 1.3767
4685 -0.0468
4686 6.7523
4687 6.9408
4688 10.7655
4689 0.0000
4690 2.2315
4691 6.5925
4692 -0.3872
4693 0.0000
4694 -5.6822
4695 -0.8258
4696 0.1441
4697 5.6777
4698 -0.6011
4699 -1.5043
4700 -3.0623
4701 3.6838
4702 0.0000
4703 5.3795
4704 4.2021
4705 -3.3505
4706 8.8545
4707 7.5454
4708 4.1716
4709 0.0000
4710 -2.4698
4711 7.5566
4712 3.1282
4713 0.0000
4714 9.6987
4715 1.6084
4716 5.5515
4717 4.8867
4718 -0.9310
4719 2.2786
4720 4.1112
4721 2.5898
4722 0.0000
4723 5.3717
4724 0.8832
4725 -8.8105
4726 -5.2041
4727 8.5964
4728 4.8350
4729 0.0000
4730 5.5998
4731 -0.9267
4732 9.5513
4733 7.7415
4734 12.3753
4735 12.4781
4736 -1.7596
4737 3.8243
4738 0.4843
4739 -1.4319
4740 5.7589
4741 4.8399
4742 -1.6855
4743 -0.8677
4744 0.0000
4745 3.6969
4746 1.6845
4747 4.7850
4748 11.7826
4749 2.4944
4750 -1.3088
4751 -2.8115
4752 4.5177
4753 0.0000
4754 -5.4071
4755 7.7514
4756 3.1488
4757 -0.2438
4758 4.5977
4759 5.0163
4760 0.0000
4761 3.1009
4762 7.3635
4763 5.5941
4764 0.0000
4765 2.4508
4766 -8.3002
4767 6.8714
4768 9.2666
4769 5.7270
4770 11.4631
4771 2.1128
4772 8.6557
4773 0.0000
4774 0.0025
4775 8.6201
4776 8.4297
4777 -2.2885
4778 11.7210
4779 7.9765
4780 0.0000
4781 3.0443
4782 8.0781
4783 -2.4991
4784 0.0000
4785 15.2937
4786 -2.5303
4787 9.1206
4788 10.9226
4789 -1.4829
4790 1.2593
4791 -1.7523
4792 1.1604
4793 0.0000
4794 3.6800
4795 5.9309
4796 9.3435
4797 6.0915
4798 9.1937
4799 1.8790
4800 0.0000
4801 -3.3129
4802 3.3866
4803 -6.1604
4804 0.0000
4805 3.2514
4806 -0.6875
4807 1.2238
4808 -2.0091
4809 4.0699
4810 8.1612
4811 8.3570
4812 4.8026
4813 0.0000
4814 -0.1109
4815 0.7202
4816 3.3489
4817 7.0236
4818 -2.0006
4819 -1.9325
4820 0.0000
4821 2.4743
4822 0.0000
4823 5.8234
4824 0.0000
4825 3.6317
4826 4.2046
4827 5.0962
4828 5.5413
4829 10.5914
4830 2.4002
4831 7.0343
4832 -4.2774
4833 0.0000
4834 1.8713
4835 4.6279
4836 3.1239
4837 -3.6624
4838 -0.1365
4839 -6.1797
4840 0.0000
4841 5.9462
4842 4.3129
4843 8.9193
4844 11.9036
4845 2.8978
4846 3.4658
4847 0.0000
4848 8.5703
4849 6.7553
4850 5.0167
4851 9.2048
4852 -0.5288
4853 5.5714
4854 0.0000
4855 -1.2352
4856 5.1369
4857 2.2198
4858 2.1737
4859 3.6247
4860 -0.4875
4861 0.0000
4862 -1.3911
4863 5.3784
4864 1.6172
4865 3.9499
4866 2.9361
4867 4.5292
4868 0.0000
4869 -4.7042
4870 -0.6911
4871 5.3543
4872 3.6989
4873 14.2597
4874 1.7953
4875 0.0000
4876 -0.5405
4877 3.7716
4878 5.6096
4879 6.4883
4880 2.5926
4881 7.6065
4882 0.0000
4883 2.5099
4884 8.8484
4885 13.8763
4886 9.2576
4887 3.7651
4888 4.4631
4889 0.0000
4890 -0.9344
4891 -1.2324
4892 5.9603
4893 5.4049
4894 6.1534
4895 -3.4996
4896 0.0000
4897 -0.4028
4898 7.3459
4899 1.7805
4900 6.4453
4901 3.6896
4902 5.0303
4903 0.0000
4904 4.8603
4905 -0.3904
4906 4.2457
4907 3.9221
4908 2.4984
4909 -3.4223
4910 0.0000
4911 1.8580
4912 3.5713
4913 9.3468
4914 0.4988
4915 5.5845
4916 3.0587
4917 0.0000
4918 -0.6697
4919 2.8594
4920 0.6199
4921 -1.2475
4922 7.8656
4923 12.5524
4924 0.0000
4925 2.5616
4926 12.1556
4927 1.1373
4928 3.7278
4929 7.3665
4930 8.1712
4931 0.0000
4932 -0.9279
4933 -0.6606
4934 8.9438
4935 8.2320
4936 -4.4243
4937 5.3179
4938 0.0000
4939 -3.5779
4940 0.0000
4941 2.3908
4942 0.0000
4943 5.7460
4944 0.0000
4945 2.3458
4946 8.6368
4947 0.0000
4948 0.7902
4949 3.8918
4950 -0.6088
4951 1.9425
4952 0.0000
4953 9.9698
4954 7.1077
4955 6.3672
4956 0.0000
4957 5.8816
4958 6.3339
4959 2.0092
4960 0.0000
4961 3.6662
4962 -0.0909
4963 0.4316
4964 6.5125
4965 3.2172
4966 5.6522
4967 1.8195
4968 0.6107
4969 6.2174
4970 0.0000
4971 5.2172
4972 4.1313
4973 2.7732
4974 10.6710
4975 3.6520
4976 0.2241
4977 0.0000
4978 -5.6002
4979 0.1468
4980 4.2270
4981 7.5775
4982 2.5912
4983 7.9075
4984 0.0000
4985 2.1263
4986 0.5401
4987 4.5592
4988 15.5475
4989 -6.0709
4990 2.8882
4991 0.0000
4992 6.7808
4993 10.4600
4994 3.1955
4995 6.3010
4996 5.5279
4997 3.4330
4998 0.0000
4999 1.3965
5000 17.8166
5001 4.9719
5002 6.2343
5003 2.3775
5004 -0.3718
5005 0.0000
5006 -0.2732
5007 10.0787
5008 0.6478
5009 9.2695
5010 4.8853
5011 6.9682
5012 0.0000
5013 3.0986
5014 2.3116
5015 -3.4264
5016 -0.4169
5017 2.5926
5018 4.3229
5019 0.0000
5020 -4.9225
5021 10.9534
5022 11.5760
5023 -0.9737
5024 -1.9584
5025 1.5946
5026 0.0000
5027 -1.4589
5028 1.4223
5029 6.0844
5030 5.3936
5031 0.4164
5032 2.9447
5033 0.0000
5034 1.9583
5035 4.4944
5036 10.4611
5037 0.6417
5038 1.5691
5039 4.5920
5040 0.0000
5041 -0.6687
5042 1.0702
5043 5.4697
5044 -1.4827
5045 0.3625
5046 1.8567
5047 0.0000
5048 0.9841
5049 -6.9925
5050 0.0000
5051 8.4078
5052 0.2241
5053 3.7573
5054 0.7662
5055 -4.3210
5056 -3.0185
5057 6.8892
5058 -5.9217
5059 0.0000
5060 7.6562
5061 0.7851
5062 0.0000
5063 1.8406
5064 0.0000
5065 8.4609
5066 0.0000
5067 5.0067
5068 2.9803
5069 0.0000
5070 3.1265
5071 3.4097
5072 0.0000
5073 3.2668
5074 6.2222
5075 8.8369
5076 0.0000
5077 -2.6085
5078 3.7367
5079 0.0000
5080 3.0108
5081 1.0720
5082 8.3977
5083 0.0000
5084 5.8611
5085 5.0382
5086 0.0000
5087 -0.6058
5088 4.1858
5089 7.4113
5090 0.0000
5091 2.9266
5092 3.9653
5093 0.0000
5094 8.0698
5095 2.2082
5096 -1.2976
5097 0.0000
5098 -2.3175
5099 6.3166
5100 0.0000
5101 11.2804
5102 -2.5641
5103 2.6611
5104 0.0000
5105 -3.4522
5106 2.4145
5107 0.0000
5108 7.4355
5109 5.3682
5110 -1.4759
5111 0.0000
5112 3.1882
5113 -0.2453
5114 0.0000
5115 7.9107
5116 3.6391
5117 13.4989
5118 0.0000
5119 -0.0181
5120 3.5108
5121 0.0000
5122 1.6730
5123 2.9086
5124 6.8416
5125 0.0000
5126 7.7960
5127 6.3906
5128 0.0000
5129 4.2670
5130 5.6503
5131 -1.9167
5132 0.0000
5133 -1.3512
5134 4.0964
5135 0.0000
5136 -1.9312
5137 -1.7401
5138 4.7590
5139 0.0000
5140 -4.6471
5141 0.6811
5142 0.0000
5143 0.9169
5144 0.5327
5145 -0.7621
5146 0.0000
5147 -2.1119
5148 4.1690
5149 0.0000
5150 5.2291
5151 -3.2171
5152 10.1303
5153 0.0000
5154 3.4751
5155 6.1294
5156 0.0000
5157 9.9488
5158 4.9319
5159 9.2105
5160 0.0000
5161 0.2048
5162 3.6198
5163 0.0000
5164 4.0477
5165 -5.7557
5166 12.7213
5167 0.0000
5168 -2.8437
5169 0.4767
5170 0.0000
5171 7.1225
5172 2.1193
5173 3.2077
5174 0.0000
5175 5.4886
5176 5.4650
5177 0.0000
5178 5.2907
5179 7.7376
5180 -4.5045
5181 0.0000
5182 -2.8765
5183 0.0000
5184 5.8266
5185 0.0000
5186 7.7234
5187 1.6997
5188 0.0000
5189 -1.4743
5190 0.0000
5191 5.8872
5192 0.0000
5193 -5.4652
5194 3.2621
5195 -0.1616
5196 0.0000
5197 1.6168
5198 1.5914
5199 2.9441
5200 0.0000
5201 4.0688
5202 7.0714
5203 7.2976
5204 0.0000
5205 7.7360
5206 0.0000
5207 -0.7474
5208 0.0000
5209 0.9923
5210 6.8396
5211 0.0000
5212 6.7468
5213 0.0000
5214 5.0461
5215 0.2243
5216 3.7674
5217 2.4467
5218 7.0466
5219 7.6573
5220 -2.6941
5221 -1.0807
5222 5.7884
5223 -4.4673
5224 10.2681
5225 6.1042
5226 1.0604
5227 0.5634
5228 -0.6864
5229 -4.7032
5230 0.0000
5231 1.2422
5232 -4.9516
5233 5.5686
5234 -2.9349
5235 0.6202
5236 8.7274
5237 5.9474
5238 0.0353
5239 0.0000
5240 5.0126
5241 4.9872
5242 0.8126
5243 2.5495
5244 1.6095
5245 3.4496
5246 0.0000
5247 -2.7585
5248 4.9333
5249 5.4451
5250 0.0000
5251 9.4191
5252 -2.7521
5253 -0.4794
5254 7.0620
5255 -0.9459
5256 5.4669
5257 7.4104
5258 6.0352
5259 0.0000
5260 1.4486
5261 2.7426
5262 9.8171
5263 2.2467
5264 5.7774
5265 6.7132
5266 0.0000
5267 0.4407
5268 1.7297
5269 -2.0607
5270 0.0000
5271 -4.0970
5272 1.1754
5273 7.7685
5274 0.0531
5275 6.2180
5276 -0.4410
5277 -1.6417
5278 8.6217
5279 0.0000
5280 4.8953
5281 -2.7217
5282 -2.5401
5283 3.4605
5284 -2.1038
5285 -0.2437
5286 0.0000
5287 -1.3103
5288 11.0901
5289 -2.2717
5290 0.0000
5291 3.8948
5292 3.9008
5293 5.9910
5294 12.1474
5295 -4.3134
5296 -3.5007
5297 -2.4228
5298 2.0461
5299 0.0000
5300 1.2619
5301 5.1951
5302 7.8853
5303 7.2937
5304 1.8039
5305 -0.1109
5306 0.0000
5307 -1.1052
5308 9.5117
5309 1.0804
5310 2.7739
5311 -2.9123
5312 4.9523
5313 6.6080
5314 7.6018
5315 6.8608
5316 7.0162
5317 -1.1857
5318 0.2489
5319 2.4948
5320 3.5929
5321 0.0000
5322 0.4536
5323 7.7057
5324 0.1623
5325 1.6780
5326 -4.0742
5327 -3.7858
5328 -5.0982
5329 -1.0157
5330 0.0000
5331 14.1913
5332 1.2768
5333 8.6929
5334 3.8194
5335 0.6879
5336 1.5440
5337 0.0000
5338 3.2044
5339 13.2225
5340 4.5166
5341 0.0000
5342 4.2083
5343 3.3964
5344 3.0767
5345 -0.6307
5346 0.0511
5347 -5.5856
5348 -3.3670
5349 -2.9306
5350 0.0000
5351 1.5348
5352 5.9462
5353 11.7557
5354 3.0697
5355 4.8632
5356 9.8773
5357 0.0000
5358 -1.9274
5359 10.6626
5360 1.2798
5361 0.0000
5362 1.3045
5363 -5.7865
5364 10.1827
5365 3.5938
5366 0.5230
5367 4.1173
5368 11.1996
5369 10.2353
5370 0.0000
5371 9.4734
5372 5.1769
5373 -2.5929
5374 -5.2804
5375 5.3776
5376 4.1309
5377 0.0000
5378 -2.7590
5379 4.9334
5380 5.6558
5381 0.0000
5382 7.1709
5383 -3.3885
5384 5.3498
5385 4.2481
5386 0.1217
5387 12.2467
5388 2.5943
5389 11.5552
5390 0.0000
5391 11.5714
5392 3.6716
5393 -0.1607
5394 6.7195
5395 0.1073
5396 9.5642
5397 0.0000
5398 4.4535
5399 10.1916
5400 6.9174
5401 8.2379
5402 8.3554
5403 8.1116
5404 10.3057
5405 -0.9006
5406 2.1768
5407 -1.7603
5408 6.9041
5409 -1.6281
5410 2.5284
5411 2.5679
5412 0.0000
5413 1.5727
5414 7.0743
5415 -0.3891
5416 -1.8504
5417 -0.6930
5418 1.4896
5419 2.8035
5420 -0.2374
5421 0.0000
5422 4.3580
5423 2.5383
5424 7.2014
5425 0.8051
5426 6.7049
5427 -1.6387
5428 0.0000
5429 1.5728
5430 0.3360
5431 -2.2228
5432 0.0000
5433 7.5228
5434 3.3527
5435 1.9822
5436 3.5097
5437 -2.8274
5438 2.6938
5439 -0.8560
5440 7.7423
5441 0.0000
5442 -0.2292
5443 5.1994
5444 1.7363
5445 6.0496
5446 -1.9021
5447 -3.6106
5448 0.0000
5449 0.1768
5450 4.8317
5451 -1.8752
5452 0.0000
5453 2.0723
5454 -1.8441
5455 3.6920
5456 -0.3708
5457 -4.6536
5458 -2.3196
5459 2.2590
5460 2.9315
5461 0.0000
5462 7.6942
5463 4.7221
5464 -2.1973
5465 10.3921
5466 6.6497
5467 1.7129
5468 0.0000
5469 4.4347
5470 9.2158
5471 2.0099
5472 0.0000
5473 -0.5198
5474 1.3681
5475 7.1970
5476 2.7788
5477 -2.4719
5478 -2.0630
5479 -5.4039
5480 6.5462
5481 0.0000
5482 13.1373
5483 6.5936
5484 2.6702
5485 6.6657
5486 6.7040
5487 5.6912
5488 0.0000
5489 1.4114
5490 -1.7124
5491 7.8152
5492 6.6146
5493 3.1820
5494 2.4206
5495 13.1575
5496 8.8377
5497 12.7845
5498 4.5594
5499 -5.6819
5500 -0.8230
5501 4.7685
5502 4.8096
5503 0.0000
5504 5.8060
5505 1.2716
5506 11.5139
5507 3.0038
5508 4.5219
5509 6.2264
5510 -6.9160
5511 4.9942
5512 0.0000
5513 5.2476
5514 6.3317
5515 13.0929
5516 5.1308
5517 8.2753
5518 8.1631
5519 0.0000
5520 1.5252
5521 5.7299
5522 4.3990
5523 0.0000
5524 5.0105
5525 0.2269
5526 10.3941
5527 3.9551
5528 -4.1438
5529 14.6149
5530 -6.1665
5531 -1.6680
5532 0.0000
5533 3.3846
5534 0.8012
5535 0.8076
5536 -1.4660
5537 11.9087
5538 6.4713
5539 0.0000
5540 2.9636
5541 11.6507
5542 11.6239
5543 0.0000
5544 10.8440
5545 2.1447
5546 8.1969
5547 3.6330
5548 -0.2474
5549 4.6418
5550 2.1621
5551 4.3846
5552 0.0000
5553 5.8618
5554 1.7775
5555 1.6783
5556 -3.1922
5557 -0.9095
5558 0.7793
5559 0.0000
5560 -9.8643
5561 7.5192
5562 7.9744
5563 0.0000
5564 -1.5539
5565 -2.5716
5566 -2.6132
5567 1.9537
5568 0.1059
5569 9.7862
5570 11.0725
5571 -7.2495
5572 0.0000
5573 13.2098
5574 -0.8771
5575 10.6178
5576 5.2294
5577 5.8820
5578 12.3769
5579 0.0000
5580 -5.1567
5581 0.0000
5582 1.9400
5583 0.0000
5584 1.2382
5585 2.1556
5586 2.1312
5587 -2.3566
5588 4.0500
5589 5.3839
5590 3.2853
5591 1.2606
5592 0.0000
5593 0.7970
5594 1.2869
5595 8.6801
5596 -0.6229
5597 3.8722
5598 3.3744
5599 0.0000
5600 1.2956
5601 0.6837
5602 11.2913
5603 6.4199
5604 0.3908
5605 3.1737
5606 0.0000
5607 4.5517
5608 8.9991
5609 2.0365
5610 5.1473
5611 -2.3183
5612 2.0998
5613 0.0000
5614 -2.2340
5615 3.1399
5616 4.6852
5617 4.0256
5618 0.2841
5619 -2.8320
5620 0.0000
5621 6.2645
5622 3.3396
5623 -7.4155
5624 8.9821
5625 11.1968
5626 2.2621
5627 0.0000
5628 10.3092
5629 11.1577
5630 4.7099
5631 2.4442
5632 3.1953
5633 2.2123
5634 0.0000
5635 -0.8781
5636 -1.0724
5637 8.2317
5638 1.4668
5639 6.7346
5640 8.1792
5641 0.0000
5642 1.3828
5643 7.1166
5644 -1.5226
5645 3.1586
5646 3.4370
5647 -0.6193
5648 0.0000
5649 10.4859
5650 8.3832
5651 7.8913
5652 4.8131
5653 7.9199
5654 3.5864
5655 0.0000
5656 7.8721
5657 2.2207
5658 -2.3237
5659 -3.9506
5660 9.2971
5661 -3.1198
5662 0.0000
5663 0.8964
5664 6.3003
5665 7.4996
5666 3.8359
5667 1.8287
5668 2.9051
5669 0.0000
5670 2.9893
5671 8.7256
5672 0.0619
5673 -2.1374
5674 -0.2392
5675 -0.0859
5676 0.0000
5677 -0.7341
5678 1.6956
5679 12.9901
5680 -2.3766
5681 3.1816
5682 -1.2325
5683 0.0000
5684 7.7562
5685 7.2706
5686 3.5020
5687 4.7077
5688 4.8599
5689 15.1357
5690 0.0000
5691 3.9976
5692 7.5520
5693 10.7752
5694 7.5377
5695 -1.6215
5696 8.2650
5697 0.0000
5698 -1.7613
5699 0.0000
5700 1.9226
5701 0.0000
5702 3.1378
5703 0.0000
5704 9.8027
5705 2.5037
5706 0.0000
5707 0.8527
5708 -3.3630
5709 2.6121
5710 4.4827
5711 0.0000
5712 1.2613
5713 -3.6345
5714 9.8707
5715 0.0000
5716 2.9242
5717 2.1474
5718 -0.8331
5719 0.0000
5720 4.5406
5721 1.4273
5722 -3.3383
5723 1.6706
5724 5.1180
5725 14.0155
5726 3.2729
5727 -1.7027
5728 2.5411
5729 0.0000
5730 -1.5239
5731 1.8972
5732 0.8578
5733 0.3913
5734 13.7774
5735 -0.5740
5736 0.0000
5737 -2.6117
5738 5.0266
5739 3.0717
5740 4.5240
5741 4.3702
5742 5.1542
5743 0.0000
5744 8.8304
5745 -1.4935
5746 6.4779
5747 4.8338
5748 3.9104
5749 -0.7465
5750 0.0000
5751 6.6254
5752 6.3487
5753 5.1466
5754 2.2279
5755 0.1911
5756 -0.1323
5757 0.0000
5758 -0.6135
5759 5.3072
5760 4.3337
5761 6.2294
5762 1.3466
5763 4.9957
5764 0.0000
5765 0.5142
5766 2.7801
5767 1.4481
5768 7.5917
5769 2.8755
5770 7.5137
5771 0.0000
5772 7.6102
5773 1.1625
5774 0.3150
5775 11.6092
5776 3.5810
5777 2.1785
5778 0.0000
5779 0.7435
5780 -3.8928
5781 0.8612
5782 -0.5408
5783 -4.0267
5784 -1.7266
5785 0.0000
5786 2.2943
5787 6.3479
5788 1.0129
5789 -0.8724
5790 4.5854
5791 3.4922
5792 0.0000
5793 -1.8243
5794 1.6441
5795 -4.8923
5796 1.5112
5797 -3.2063
5798 4.2014
5799 0.0000
5800 6.4140
5801 -8.3844
5802 -5.6178
5803 10.8997
5804 -0.9140
5805 6.0479
5806 0.0000
5807 -3.9568
5808 4.1470
5809 0.0000
5810 11.3374
5811 -6.6446
5812 6.2656
5813 -1.1816
5814 -0.1144
5815 6.2043
5816 1.3915
5817 2.4823
5818 0.0000
5819 -1.3152
5820 4.8406
5821 0.0000
5822 8.8571
5823 0.0000
5824 -2.5350
5825 0.0000
5826 4.7894
5827 -2.8829
5828 0.0000
5829 7.7429
5830 3.8152
5831 0.0000
5832 10.1976
5833 1.7490
5834 1.2005
5835 0.0000
5836 1.2660
5837 1.2846
5838 0.0000
5839 4.9290
5840 2.3147
5841 4.2849
5842 0.0000
5843 3.6875
5844 8.8466
5845 0.0000
5846 4.5283
5847 2.0453
5848 1.4241
5849 0.0000
5850 3.4509
5851 4.2168
5852 0.0000
5853 3.7505
5854 4.5780
5855 8.3299
5856 0.0000
5857 9.0428
5858 1.4311
5859 0.0000
5860 4.6421
5861 8.8591
5862 -2.9814
5863 0.0000
5864 1.6874
5865 8.2788
5866 0.0000
5867 4.4314
5868 -2.9437
5869 1.2461
5870 0.0000
5871 5.2956
5872 6.8582
5873 0.0000
5874 5.7356
5875 7.6072
5876 8.1755
5877 0.0000
5878 -0.0607
5879 0.7111
5880 0.0000
5881 5.8787
5882 2.7109
5883 2.6252
5884 0.0000
5885 4.2761
5886 3.1874
5887 0.0000
5888 1.9145
5889 3.3951
5890 10.3565
5891 0.0000
5892 -3.5838
5893 3.7752
5894 0.0000
5895 7.3373
5896 16.8455
5897 3.1294
5898 0.0000
5899 6.1062
5900 -8.0861
5901 0.0000
5902 7.2372
5903 9.8601
5904 0.2155
5905 0.0000
5906 -6.4161
5907 10.2506
5908 0.0000
5909 1.2585
5910 2.0972
5911 0.6383
5912 0.0000
5913 0.9825
5914 9.9083
5915 0.0000
5916 6.1976
5917 9.0098
5918 3.5784
5919 0.0000
5920 3.1944
5921 -5.7220
5922 0.0000
5923 1.1144
5924 3.1192
5925 5.0240
5926 0.0000
5927 -5.5717
5928 9.9929
5929 0.0000
5930 2.4335
5931 1.9587
5932 -1.2580
5933 0.0000
5934 -2.9678
5935 5.7240
5936 0.0000
5937 2.9344
5938 10.1344
5939 2.5653
5940 0.0000
5941 1.4341
5942 0.0000
5943 2.2426
5944 0.0000
5945 0.8311
5946 0.2944
5947 0.0000
5948 2.3358
5949 0.0000
5950 4.9260
5951 0.0000
5952 5.5661
5953 4.2396
5954 1.7569
5955 0.0000
5956 2.7468
5957 -1.9331
5958 4.9115
5959 0.0000
5960 6.3633
5961 2.7960
5962 -1.4618
5963 0.0000
5964 3.0299
5965 0.0000
5966 8.5188
5967 0.0000
5968 14.5737
5969 0.4473
5970 0.0000
5971 6.2042
5972 0.0000
5973 7.3166
5974 0.7885
5975 8.6210
5976 5.0505
5977 3.0361
5978 4.6690
5979 5.8939
5980 -3.3855
5981 -1.2581
5982 5.8772
5983 3.9735
5984 -1.1534
5985 3.7287
5986 2.3114
5987 -2.0487
5988 6.7852
5989 0.0000
5990 5.8752
5991 -1.4678
5992 1.3775
5993 6.3910
5994 1.2569
5995 7.5785
5996 -2.2466
5997 12.2576
5998 0.0000
5999 5.4738
6000 9.9203
6001 7.8755
6002 3.9140
6003 1.6778
6004 2.4219
6005 0.0000
6006 5.7572
6007 4.7619
6008 0.6893
6009 0.0000
6010 -0.8366
6011 -2.0870
6012 3.0510
6013 -4.0208
6014 3.0716
6015 10.6405
6016 9.6243
6017 2.1860
6018 0.0000
6019 8.2671
6020 2.3841
6021 -1.4244
6022 -1.4982
6023 4.2619
6024 -0.6196
6025 0.0000
6026 -0.3022
6027 8.6452
6028 2.0137
6029 0.0000
6030 9.3020
6031 1.0605
6032 4.6215
6033 7.9860
6034 -2.4532
6035 9.1308
6036 5.0066
6037 6.0783
6038 0.0000
6039 5.7021
6040 -3.8377
6041 1.5045
6042 -0.7330
6043 6.0711
6044 3.7634
6045 0.0000
6046 -3.0549
6047 0.5749
6048 12.3031
6049 0.0000
6050 0.7068
6051 0.1492
6052 13.0192
6053 4.5335
6054 -2.7642
6055 13.9785
6056 7.3415
6057 11.2024
6058 0.0000
6059 1.6548
6060 -6.3794
6061 10.1238
6062 4.7896
6063 5.3404
6064 8.6190
6065 0.0000
6066 2.2221
6067 4.6286
6068 2.0860
6069 8.5735
6070 -4.9914
6071 4.4805
6072 5.3433
6073 7.5817
6074 9.2184
6075 10.2213
6076 3.6148
6077 3.8377
6078 3.2298
6079 1.5634
6080 0.0000
6081 3.4092
6082 4.2219
6083 10.0906
6084 -2.5427
6085 -3.9063
6086 -0.0765
6087 5.0857
6088 1.7354
6089 0.0000
6090 -0.0617
6091 6.6129
6092 2.9965
6093 -3.4618
6094 -1.9715
6095 3.5964
6096 0.0000
6097 -1.0721
6098 11.2559
6099 5.7298
6100 0.0000
6101 6.4335
6102 1.1557
6103 -2.2923
6104 -2.4902
6105 -1.0576
6106 8.4994
6107 5.4641
6108 1.5626
6109 0.0000
6110 0.4899
6111 4.4392
6112 3.3931
6113 -7.0951
6114 4.8908
6115 6.9071
6116 0.0000
6117 8.6715
6118 2.9620
6119 0.4773
6120 0.0000
6121 5.1410
6122 0.2469
6123 3.7414
6124 -0.5635
6125 -1.0723
6126 9.0744
6127 -0.5330
6128 3.4179
6129 0.0000
6130 4.3901
6131 -1.9957
6132 12.9263
6133 5.1578
6134 4.1169
6135 10.2924
6136 0.0000
6137 2.1786
6138 6.9345
6139 8.9114
6140 0.0000
6141 0.6656
6142 3.7537
6143 -1.0562
6144 4.7004
6145 -2.4071
6146 7.3513
6147 5.8026
6148 2.5616
6149 0.0000
6150 0.7169
6151 -7.9740
6152 3.9671
6153 9.1722
6154 -0.5162
6155 5.1114
6156 0.0000
6157 -4.3943
6158 1.9888
6159 -0.9507
6160 9.5810
6161 0.0448
6162 -0.8007
6163 10.0901
6164 9.6644
6165 3.7249
6166 -3.7303
6167 7.8490
6168 -5.8333
6169 10.7218
6170 3.1112
6171 0.0000
6172 9.5425
6173 2.9036
6174 8.1307
6175 -1.6073
6176 -0.2187
6177 6.9488
6178 -3.0281
6179 7.5831
6180 0.0000
6181 4.4105
6182 4.9420
6183 9.8172
6184 8.8839
6185 4.9742
6186 5.8646
6187 0.0000
6188 3.3970
6189 2.7420
6190 4.7134
6191 0.0000
6192 4.3719
6193 -7.3183
6194 5.4632
6195 -1.0632
6196 1.2790
6197 4.8184
6198 -3.6637
6199 0.9695
6200 0.0000
6201 6.1042
6202 1.7060
6203 5.9622
6204 1.9481
6205 7.1436
6206 3.4193
6207 0.0000
6208 1.2256
6209 8.6161
6210 8.3065
6211 0.0000
6212 0.1050
6213 4.0600
6214 2.1054
6215 5.8237
6216 1.3610
6217 8.3280
6218 -0.7183
6219 0.7402
6220 0.0000
6221 -2.8094
6222 0.1100
6223 1.1755
6224 0.3297
6225 5.3486
6226 3.9028
6227 0.0000
6228 4.4356
6229 11.0526
6230 5.5914
6231 0.0000
6232 6.1064
6233 -0.8798
6234 5.4663
6235 6.3855
6236 1.8647
6237 4.6158
6238 8.5193
6239 -2.7761
6240 0.0000
6241 0.4043
6242 -3.5685
6243 13.6639
6244 2.7395
6245 5.4412
6246 5.0752
6247 0.0000
6248 -4.6146
6249 4.7220
6250 7.0854
6251 1.5108
6252 4.0022
6253 1.3282
6254 3.6406
6255 11.4010
6256 0.0068
6257 6.3049
6258 6.2082
6259 1.0193
6260 1.6037
6261 2.1801
6262 0.0000
6263 -0.9972
6264 1.6587
6265 5.9557
6266 6.2786
6267 5.2004
6268 -2.2102
6269 -2.1827
6270 1.9626
6271 0.0000
6272 6.9672
6273 6.5977
6274 7.0705
6275 9.3588
6276 3.4045
6277 9.0322
6278 0.0000
6279 3.7392
6280 4.4275
6281 -1.2418
6282 0.0000
6283 2.5068
6284 -4.1095
6285 -0.4166
6286 2.8731
6287 -5.2005
6288 -1.3654
6289 11.7331
6290 0.8012
6291 0.0000
6292 4.6665
6293 6.0653
6294 -3.2046
6295 2.4997
6296 4.8163
6297 9.2951
6298 0.0000
6299 -2.9878
6300 3.6511
6301 1.9036
6302 0.0000
6303 1.3877
6304 0.9562
6305 -3.6211
6306 0.9885
6307 -0.0889
6308 -9.4828
6309 -2.1826
6310 -9.2513
6311 0.0000
6312 6.9460
6313 4.6283
6314 7.1473
6315 2.9585
6316 -1.3967
6317 -1.9417
6318 0.0000
6319 -6.5880
6320 5.8754
6321 -0.9419
6322 0.0000
6323 0.4193
6324 3.3910
6325 1.3736
6326 -0.5116
6327 0.6183
6328 0.7160
6329 -3.8139
6330 1.8891
6331 0.0000
6332 5.3759
6333 6.1340
6334 0.9224
6335 2.0680
6336 -0.1565
6337 8.9539
6338 0.0000
6339 5.3794
6340 0.0000
6341 10.1026
6342 0.0000
6343 8.2730
6344 -4.3612
6345 1.3759
6346 5.1217
6347 -0.6188
6348 0.9293
6349 0.4478
6350 5.6409
6351 0.0000
6352 -5.3983
6353 6.2069
6354 5.7283
6355 3.1485
6356 -0.9303
6357 -1.8897
6358 0.0000
6359 2.0804
6360 2.8831
6361 5.0836
6362 7.0292
6363 4.3073
6364 14.6699
6365 0.0000
6366 1.6493
6367 13.8446
6368 9.2103
6369 0.3395
6370 1.8916
6371 4.8985
6372 0.0000
6373 -1.0353
6374 11.6865
6375 1.0802
6376 7.0815
6377 2.6402
6378 4.0498
6379 0.0000
6380 1.7452
6381 -0.9681
6382 0.5312
6383 4.8147
6384 9.8959
6385 2.6187
6386 0.0000
6387 5.1268
6388 4.3452
6389 5.4783
6390 3.5320
6391 -4.8603
6392 10.5810
6393 0.0000
6394 -6.0680
6395 9.0642
6396 2.6908
6397 2.7364
6398 1.6721
6399 0.9707
6400 0.0000
6401 1.1487
6402 -0.1731
6403 10.1604
6404 10.0957
6405 4.8323
6406 -0.8307
6407 0.0000
6408 3.5322
6409 3.0007
6410 9.3340
6411 2.8266
6412 7.9910
6413 10.8613
6414 0.0000
6415 -3.5168
6416 2.8114
6417 1.1424
6418 5.4588
6419 11.3378
6420 -1.4510
6421 0.0000
6422 -0.1336
6423 5.2372
6424 6.3491
6425 5.1317
6426 -5.2722
6427 3.0336
6428 0.0000
6429 5.6330
6430 0.9590
6431 5.1933
6432 8.3837
6433 -2.5263
6434 0.2383
6435 0.0000
6436 -0.0277
6437 5.7183
6438 -0.2387
6439 -1.5295
6440 3.8788
6441 1.3833
6442 0.0000
6443 1.4599
6444 0.7896
6445 6.5943
6446 5.8681
6447 8.2077
6448 9.2154
6449 0.0000
6450 -2.3258
6451 4.5063
6452 7.2646
6453 7.1227
6454 -0.3631
6455 -4.2186
6456 0.0000
6457 -4.3367
6458 0.0000
6459 -0.6729
6460 0.0000
6461 4.0638
6462 0.0000
6463 15.2925
6464 -0.4272
6465 0.0000
6466 5.5190
6467 11.3677
6468 7.8843
6469 2.0345
6470 0.0000
6471 4.3280
6472 8.8753
6473 11.7945
6474 0.0000
6475 4.7674
6476 13.3694
6477 7.5521
6478 0.0000
6479 -1.5248
6480 -0.4043
6481 -6.7300
6482 4.2034
6483 7.5533
6484 0.5135
6485 3.6595
6486 5.0931
6487 10.9195
6488 0.0000
6489 1.0044
6490 5.1409
6491 5.4489
6492 7.0389
6493 2.2076
6494 6.0598
6495 0.0000
6496 3.1091
6497 6.5603
6498 4.2975
6499 10.1650
6500 7.8943
6501 5.1682
6502 0.0000
6503 0.4436
6504 2.1710
6505 0.1002
6506 2.7608
6507 -5.1804
6508 -2.1932
6509 0.0000
6510 -1.3726
6511 4.3125
6512 7.6815
6513 -1.3827
6514 -0.2906
6515 -1.9280
6516 0.0000
6517 -2.8574
6518 5.6437
6519 -3.0007
6520 6.6881
6521 2.3047
6522 5.4490
6523 0.0000
6524 -3.4682
6525 0.3522
6526 -2.1271
6527 5.7706
6528 2.3305
6529 4.3093
6530 0.0000
6531 -0.2693
6532 5.1192
6533 -3.9739
6534 -5.0567
6535 2.7389
6536 -3.0321
6537 0.0000
6538 0.3697
6539 3.9290
6540 6.5670
6541 3.9430
6542 1.2561
6543 1.7605
6544 0.0000
6545 1.2124
6546 -6.2247
6547 8.2642
6548 8.5164
6549 0.9918
6550 1.5463
6551 0.0000
6552 -2.6341
6553 0.8126
6554 -5.7290
6555 -3.6202
6556 0.1658
6557 5.2119
6558 0.0000
6559 4.9086
6560 0.3455
6561 2.1038
6562 1.5709
6563 0.8049
6564 -1.1382
6565 0.0000
6566 -0.3804
6567 7.5825
6568 0.0000
6569 1.6789
6570 2.3667
6571 4.9485
6572 5.2780
6573 -1.8079
6574 2.5654
6575 -3.5030
6576 12.5039
6577 0.0000
6578 5.8098
6579 11.0027
6580 0.0000
6581 11.7554
6582 0.0000
6583 0.6260
6584 0.0000
6585 6.6708
6586 7.2797
6587 0.0000
6588 1.3864
6589 3.6144
6590 0.0000
6591 1.2176
6592 3.8027
6593 0.0068
6594 0.0000
6595 0.1507
6596 0.7860
6597 0.0000
6598 3.1206
6599 2.1847
6600 4.4693
6601 0.0000
6602 5.7373
6603 12.9269
6604 0.0000
6605 7.2953
6606 5.7766
6607 11.2327
6608 0.0000
6609 4.5117
6610 0.7218
6611 0.0000
6612 7.5983
6613 1.8799
6614 -9.4527
6615 0.0000
6616 -1.3570
6617 0.3739
6618 0.0000
6619 2.5241
6620 3.7276
6621 4.6223
6622 0.0000
6623 5.1693
6624 6.5942
6625 0.0000
6626 7.0258
6627 5.7929
6628 9.7344
6629 0.0000
6630 -0.9910
6631 5.9758
6632 0.0000
6633 10.6762
6634 2.8130
6635 5.9612
6636 0.0000
6637 -3.7136
6638 1.9477
6639 0.0000
6640 5.6602
6641 6.8703
6642 3.2076
6643 0.0000
6644 8.3899
6645 10.2434
6646 0.0000
6647 0.2784
6648 3.3256
6649 3.4064
6650 0.0000
6651 0.9869
6652 -0.0892
6653 0.0000
6654 7.0687
6655 -0.8775
6656 8.1212
6657 0.0000
6658 4.3356
6659 12.7816
6660 0.0000
6661 5.6515
6662 3.5223
6663 3.9668
6664 0.0000
6665 -2.1225
6666 0.5778
6667 0.0000
6668 1.2011
6669 -1.4837
6670 8.7279
6671 0.0000
6672 -4.3248
6673 5.9409
6674 0.0000
6675 4.3383
6676 9.9528
6677 4.3541
6678 0.0000
6679 -8.5354
6680 0.8096
6681 0.0000
6682 10.3867
6683 5.1477
6684 10.1316
6685 0.0000
6686 5.7393
6687 4.9830
6688 0.0000
6689 8.1527
6690 4.4710
6691 2.6774
6692 0.0000
6693 2.1196
6694 4.4337
6695 0.0000
6696 -2.0132
6697 7.9310
6698 -6.3289
6699 0.0000
6700 -1.3909
6701 0.0000
6702 -1.7307
6703 0.0000
6704 -1.8356
6705 8.5172
6706 0.0000
6707 12.0982
6708 0.0000
6709 3.0869
6710 0.0000
6711 -1.9599
6712 3.0443
6713 5.8590
6714 0.0000
6715 6.6804
6716 5.2718
6717 0.7558
6718 0.0000
6719 8.3597
6720 -2.4247
6721 -3.7453
6722 0.0000
6723 1.8211
6724 0.0000
6725 9.0005
6726 0.0000
6727 5.4311
6728 5.2935
6729 0.0000
6730 1.3089
6731 0.0000
6732 -1.2550
6733 3.9932
6734 3.7948
6735 0.1728
6736 -1.4324
6737 1.4762
6738 4.4833
6739 5.3365
6740 10.4526
6741 3.3691
6742 2.0739
6743 2.7949
6744 2.9512
6745 2.1239
6746 5.6912
6747 -0.5733
6748 0.0000
6749 3.1840
6750 -6.7898
6751 5.2935
6752 4.4983
6753 9.5429
6754 -0.8711
6755 -8.5458
6756 5.2685
6757 0.0000
6758 6.4211
6759 9.4987
6760 7.2916
6761 -0.0536
6762 0.2950
6763 0.4523
6764 0.0000
6765 1.2912
6766 1.5839
6767 -0.1957
6768 0.0000
6769 5.4378
6770 -4.5486
6771 2.1499
6772 -0.4815
6773 4.6031
6774 -7.3472
6775 -0.0135
6776 6.8903
6777 0.0000
6778 4.9219
6779 3.7183
6780 4.4161
6781 7.8114
6782 6.6034
6783 3.6765
6784 0.0000
6785 3.6943
6786 6.9581
6787 8.0149
6788 0.0000
6789 -4.2608
6790 -7.7890
6791 7.8349
6792 11.3552
6793 -3.1577
6794 13.4453
6795 6.9519
6796 1.4315
6797 0.0000
6798 5.3285
6799 3.7100
6800 1.1131
6801 6.5228
6802 -4.7811
6803 3.1826
6804 0.0000
6805 -2.4214
6806 0.0361
6807 5.3692
6808 0.0000
6809 6.9748
6810 -0.9095
6811 6.3752
6812 8.9946
6813 4.7531
6814 7.9782
6815 4.5836
6816 9.6356
6817 0.0000
6818 4.0168
6819 -0.5423
6820 -2.8846
6821 4.7057
6822 3.3691
6823 5.6377
6824 0.0000
6825 3.0537
6826 4.6057
6827 1.9767
6828 8.8592
6829 2.1775
6830 0.2384
6831 8.6067
6832 11.9916
6833 4.4921
6834 4.7687
6835 4.3577
6836 3.8903
6837 -4.7823
6838 5.9522
6839 0.0000
6840 2.7738
6841 2.9763
6842 3.8581
6843 2.2321
6844 -1.4256
6845 3.0179
6846 -2.3307
6847 6.8780
6848 0.0000
6849 -2.1235
6850 7.6028
6851 -2.6097
6852 -1.6851
6853 2.5457
6854 1.8617
6855 0.0000
6856 -2.3155
6857 3.8271
6858 1.0358
6859 0.0000
6860 3.7036
6861 1.1038
6862 1.3251
6863 -1.2765
6864 -4.4694
6865 3.1190
6866 -3.8407
6867 -1.1791
6868 0.0000
6869 2.5901
6870 9.6046
6871 5.6859
6872 3.9165
6873 2.5215
6874 12.1914
6875 0.0000
6876 2.3560
6877 0.3364
6878 7.0806
6879 0.0000
6880 6.1353
6881 -8.8841
6882 9.3672
6883 8.0110
6884 -0.0333
6885 12.2590
6886 -5.1363
6887 6.3333
6888 0.0000
6889 3.5113
6890 1.3212
6891 7.7700
6892 8.6108
6893 1.6946
6894 -4.9135
6895 0.0000
6896 3.7482
6897 2.6179
6898 3.1086
6899 0.0000
6900 1.1490
6901 5.8644
6902 1.1408
6903 4.6718
6904 -7.4407
6905 14.6327
6906 13.0087
6907 2.6215
6908 0.0000
6909 6.6008
6910 4.7905
6911 -3.1868
6912 2.7815
6913 2.6140
6914 4.7143
6915 0.0000
6916 -2.0443
6917 9.2379
6918 -1.9277
6919 -0.1315
6920 -1.3513
6921 5.7888
6922 7.8338
6923 0.2470
6924 0.4638
6925 9.1299
6926 7.3732
6927 0.8906
6928 3.5240
6929 -4.1159
6930 0.0000
6931 0.1516
6932 -6.8438
6933 7.8675
6934 2.9075
6935 2.2138
6936 4.7630
6937 -4.6629
6938 1.5195
6939 0.0000
6940 5.6146
6941 7.0781
6942 12.6458
6943 11.9634
6944 6.0244
6945 2.7722
6946 0.0000
6947 1.1698
6948 5.7849
6949 -1.1648
6950 0.0000
6951 7.3777
6952 1.4118
6953 4.0729
6954 4.7727
6955 -1.1807
6956 7.7737
6957 8.5465
6958 10.6715
6959 0.0000
6960 2.5299
6961 0.5768
6962 5.1553
6963 3.1100
6964 2.8062
6965 10.4565
6966 0.0000
6967 0.3249
6968 3.8540
6969 0.0730
6970 0.0000
6971 3.2664
6972 3.7569
6973 4.1479
6974 -3.6903
6975 2.1504
6976 -1.3163
6977 3.8938
6978 -0.4890
6979 0.0000
6980 0.4426
6981 9.2534
6982 5.6928
6983 -3.0106
6984 3.6760
6985 -1.6759
6986 0.0000
6987 -1.1263
6988 9.3014
6989 2.1019
6990 0.0000
6991 7.2275
6992 5.9331
6993 12.4020
6994 3.0329
6995 1.7439
6996 6.1980
6997 1.3630
6998 7.4351
6999 0.0000
7000 -0.6086
7001 7.5414
7002 7.2755
7003 1.8419
7004 7.6777
7005 14.4305
7006 0.0000
7007 4.1417
7008 9.3311
7009 9.4224
7010 9.6307
7011 -0.3809
7012 2.4843
7013 0.6013
7014 2.1467
7015 4.4254
7016 4.4083
7017 6.0465
7018 2.4449
7019 11.5219
7020 9.7059
7021 0.0000
7022 1.2549
7023 -6.3818
7024 0.1699
7025 -4.1068
7026 1.5794
7027 0.7911
7028 -1.5056
7029 4.0958
7030 0.0000
7031 10.2472
7032 7.0347
7033 0.3051
7034 -0.9202
7035 -1.3424
7036 11.0307
7037 0.0000
7038 -5.1006
7039 5.9109
7040 2.9193
7041 0.0000
7042 -5.3647
7043 -2.2192
7044 6.5152
7045 2.8934
7046 -0.9236
7047 20.2844
7048 4.0554
7049 10.4249
7050 0.0000
7051 9.3090
7052 6.9291
7053 2.0673
7054 8.1543
7055 5.4177
7056 7.0556
7057 0.0000
7058 2.2969
7059 3.0567
7060 5.4259
7061 0.0000
7062 4.4034
7063 -1.2459
7064 3.2251
7065 0.5261
7066 -0.4206
7067 10.5763
7068 7.0547
7069 9.6019
7070 0.0000
7071 -1.3828
7072 -0.3800
7073 -0.6393
7074 0.5095
7075 4.9367
7076 3.4610
7077 0.0000
7078 -0.5331
7079 6.8503
7080 4.1636
7081 0.0000
7082 0.3417
7083 0.0023
7084 2.6654
7085 -0.3302
7086 -1.3471
7087 -0.6926
7088 1.4644
7089 6.9625
7090 0.0000
7091 4.9664
7092 5.9817
7093 3.6787
7094 -0.2965
7095 10.0537
7096 -1.0350
7097 0.0000
7098 -0.6503
7099 0.0000
7100 0.1252
7101 0.0000
7102 -2.1309
7103 5.3719
7104 3.1966
7105 11.5394
7106 8.5024
7107 5.1384
7108 -2.9758
7109 -4.3789
7110 0.0000
7111 -3.2357
7112 4.3906
7113 3.0382
7114 7.9311
7115 4.5871
7116 2.3078
7117 0.0000
7118 -2.9041
7119 9.6006
7120 -4.5540
7121 2.3365
7122 4.0314
7123 7.2709
7124 0.0000
7125 -0.2450
7126 2.6862
7127 8.6014
7128 0.3754
7129 6.4540
7130 -4.8419
7131 0.0000
7132 2.5892
7133 3.7375
7134 5.1713
7135 3.8055
7136 2.9181
7137 0.4113
7138 0.0000
7139 3.8764
7140 5.5591
7141 1.2122
7142 1.5070
7143 -0.6537
7144 5.0944
7145 0.0000
7146 -3.9969
7147 -4.4405
7148 11.3018
7149 0.1677
7150 1.9954
7151 1.0992
7152 0.0000
7153 3.7704
7154 6.6933
7155 3.0282
7156 -0.6924
7157 9.6284
7158 0.3062
7159 0.0000
7160 8.9134
7161 -0.8059
7162 1.2679
7163 3.0055
7164 3.0613
7165 -1.1100
7166 0.0000
7167 -2.6241
7168 -1.1313
7169 7.0077
7170 5.8955
7171 4.6913
7172 14.2974
7173 0.0000
7174 -3.1303
7175 6.5736
7176 4.7492
7177 -4.6400
7178 10.1442
7179 6.4230
7180 0.0000
7181 -0.7212
7182 5.6387
7183 -2.3226
7184 11.3959
7185 2.0133
7186 3.8632
7187 0.0000
7188 2.6499
7189 5.0554
7190 11.5901
7191 6.5647
7192 3.5788
7193 -2.1416
7194 0.0000
7195 4.1571
7196 9.1273
7197 8.2188
7198 1.2431
7199 6.8903
7200 5.4608
7201 0.0000
7202 -5.9605
7203 7.9676
7204 6.2841
7205 1.7444
7206 10.6488
7207 6.3518
7208 0.0000
7209 3.8342
7210 2.7271
7211 -5.4492
7212 -3.8951
7213 -1.0824
7214 3.5006
7215 0.0000
7216 1.7406
7217 0.0000
7218 5.7537
7219 0.0000
7220 5.1253
7221 0.0000
7222 10.0920
7223 2.7879
7224 0.0000
7225 -4.6997
7226 2.6126
7227 2.8839
7228 9.6714
7229 0.0000
7230 1.2826
7231 -2.2006
7232 4.8286
7233 0.0000
7234 12.8819
7235 6.5718
7236 9.6886
7237 0.0000
7238 9.5468
7239 12.7398
7240 -11.7236
7241 3.2817
7242 1.4929
7243 12.2072
7244 8.2188
7245 2.1746
7246 6.8433
7247 0.0000
7248 7.4248
7249 -6.3478
7250 9.1065
7251 4.8496
7252 0.5967
7253 3.5350
7254 0.0000
7255 1.0279
7256 16.8441
7257 2.4098
7258 -0.8802
7259 4.4509
7260 10.4801
7261 0.0000
7262 -0.0793
7263 6.5135
7264 4.7803
7265 -2.2060
7266 -2.5368
7267 1.0243
7268 0.0000
7269 5.2109
7270 2.4635
7271 -2.2851
7272 9.2062
7273 5.8861
7274 7.0080
7275 0.0000
7276 8.9466
7277 4.7103
7278 4.7747
7279 -1.7711
7280 3.7837
7281 10.1884
7282 0.0000
7283 1.2303
7284 6.6020
7285 7.2070
7286 -0.0136
7287 1.6988
7288 7.4747
7289 0.0000
7290 6.6178
7291 3.5322
7292 4.6768
7293 5.9476
7294 -0.2867
7295 3.0151
7296 0.0000
7297 -4.3464
7298 1.3655
7299 3.1043
7300 8.3047
7301 5.2867
7302 3.4847
7303 0.0000
7304 10.6516
7305 7.7828
7306 0.7971
7307 0.4920
7308 7.9172
7309 -4.4904
7310 0.0000
7311 4.5393
7312 3.3558
7313 1.1365
7314 7.3976
7315 15.3671
7316 4.9764
7317 0.0000
7318 -0.4478
7319 -1.1526
7320 1.1611
7321 0.9223
7322 -0.5751
7323 3.4526
7324 0.0000
7325 5.9458
7326 1.4736
7327 0.0000
7328 10.4031
7329 -0.5026
7330 7.5599
7331 -0.4010
7332 -2.4558
7333 -2.2739
7334 1.1229
7335 7.1153
7336 0.0000
7337 2.0911
7338 4.4820
7339 0.0000
7340 -2.1137
7341 0.0000
7342 4.7260
7343 0.0000
7344 0.9812
7345 -0.1055
7346 0.0000
7347 -4.5996
7348 5.9151
7349 0.0000
7350 4.6792
7351 10.0792
7352 -8.1932
7353 0.0000
7354 -0.6517
7355 9.4667
7356 0.0000
7357 6.9438
7358 6.0708
7359 1.1931
7360 0.0000
7361 -8.5091
7362 2.2711
7363 0.0000
7364 5.0073
7365 14.6023
7366 3.8222
7367 0.0000
7368 -0.3950
7369 10.8055
7370 0.0000
7371 9.0819
7372 4.0043
7373 3.5168
7374 0.0000
7375 6.9339
7376 -2.7457
7377 0.0000
7378 1.4372
7379 5.7212
7380 7.1700
7381 0.0000
7382 -1.6587
7383 -0.4127
7384 0.0000
7385 2.6196
7386 8.8785
7387 4.9390
7388 0.0000
7389 3.4225
7390 8.4854
7391 0.0000
7392 -4.9737
7393 14.3412
7394 5.4060
7395 0.0000
7396 2.0318
7397 1.4520
7398 0.0000
7399 12.8729
7400 3.9413
7401 1.2793
7402 0.0000
7403 -2.6541
7404 3.1664
7405 0.0000
7406 7.5808
7407 4.6679
7408 8.5606
7409 0.0000
7410 1.8323
7411 6.3359
7412 0.0000
7413 0.6635
7414 2.2758
7415 -3.3140
7416 0.0000
7417 1.5226
7418 9.5817
7419 0.0000
7420 6.9374
7421 3.5757
7422 2.5367
7423 0.0000
7424 3.7611
7425 10.1669
7426 0.0000
7427 3.4756
7428 3.2111
7429 5.2931
7430 0.0000
7431 -2.9736
7432 1.5167
7433 0.0000
7434 2.9511
7435 2.8309
7436 2.9438
7437 0.0000
7438 -6.9619
7439 11.9484
7440 0.0000
7441 -1.9379
7442 4.9777
7443 5.8720
7444 0.0000
7445 0.4801
7446 1.4261
7447 0.0000
7448 -0.7584
7449 7.4434
7450 3.6068
7451 0.0000
7452 -0.4509
7453 2.0842
7454 0.0000
7455 3.3271
7456 1.9031
7457 1.1549
7458 0.0000
7459 -0.3598
7460 0.0000
7461 4.2838
7462 0.0000
7463 1.1430
7464 -0.3065
7465 0.0000
7466 2.1871
7467 0.0000
7468 5.7599
7469 0.0000
7470 3.5214
7471 15.0243
7472 4.0449
7473 0.0000
7474 -7.3591
7475 6.2765
7476 -2.2003
7477 0.0000
7478 5.8542
7479 13.6155
7480 4.9058
7481 0.0000
7482 5.5724
7483 0.0000
7484 8.1741
7485 0.0000
7486 1.5840
7487 3.9942
7488 0.0000
7489 0.3852
7490 0.0000
7491 3.9810
7492 2.7607
7493 2.5918
7494 6.7435
7495 10.4767
7496 6.7015
7497 4.4114
7498 3.9272
7499 0.0000
7500 0.6300
7501 3.2187
7502 -0.0091
7503 -0.9675
7504 2.0425
7505 -2.3749
7506 0.0000
7507 6.7183
7508 1.0856
7509 -0.3047
7510 -0.8686
7511 -1.7673
7512 4.7426
7513 0.0000
7514 3.1218
7515 3.6207
7516 0.7109
7517 2.4139
7518 3.5886
7519 3.9525
7520 0.0000
7521 2.3963
7522 6.3443
7523 9.6274
7524 -0.0345
7525 5.0844
7526 4.9915
7527 0.0000
7528 8.0396
7529 7.2095
7530 10.6635
7531 4.8072
7532 3.3392
7533 8.5545
7534 0.0000
7535 1.8250
7536 -0.3629
7537 1.7201
7538 10.4166
7539 5.7255
7540 -1.5635
7541 0.0000
7542 2.8662
7543 2.3322
7544 -1.6596
7545 0.1128
7546 8.9657
7547 -5.0132
7548 0.0000
7549 -1.4601
7550 7.8602
7551 4.3815
7552 4.0488
7553 5.0613
7554 0.1827
7555 0.0000
7556 2.4295
7557 4.2348
7558 -4.5043
7559 4.4697
7560 1.5030
7561 -0.1077
7562 0.0000
7563 2.7902
7564 12.3953
7565 -1.6563
7566 6.8456
7567 4.3990
7568 3.0842
7569 0.0000
7570 0.6986
7571 -3.7518
7572 1.4763
7573 1.1434
7574 4.6213
7575 3.6362
7576 0.0000
7577 1.6244
7578 1.9389
7579 2.0376
7580 5.3076
7581 6.0147
7582 2.9789
7583 0.0000
7584 3.9532
7585 6.2957
7586 5.4865
7587 2.4901
7588 12.4692
7589 8.5737
7590 0.0000
7591 2.9138
7592 -3.3604
7593 -0.4643
7594 4.0192
7595 5.5674
7596 4.3361
7597 0.0000
7598 4.2249
7599 1.2352
7600 6.4646
7601 -6.4660
7602 -2.1834
7603 -0.3648
7604 0.0000
7605 -3.6858
7606 0.0000
7607 0.7039
7608 -1.7409
7609 0.0000
7610 -2.0821
7611 7.5310
7612 0.0000
7613 3.1867
7614 7.1359
7615 0.0000
7616 5.7815
7617 0.0000
7618 4.4196
7619 6.3631
7620 0.0000
7621 7.4513
7622 0.9045
7623 0.0000
7624 0.9603
7625 0.0000
7626 -9.4625
7627 10.3228
7628 0.0000
7629 -1.6504
7630 1.4558
7631 0.0000
7632 -2.2470
7633 0.0000
7634 2.3474
7635 6.5905
7636 0.0000
7637 0.6722
7638 6.0365
7639 0.0000
7640 1.8397
7641 0.0000
7642 -3.3397
7643 2.3956
7644 0.0000
7645 9.0230
7646 14.2437
7647 0.0000
7648 3.3216
7649 0.0000
7650 -4.1465
7651 8.0404
7652 0.0000
7653 12.8680
7654 6.6894
7655 0.0000
7656 11.9228
7657 0.0000
7658 -2.1254
7659 3.7409
7660 0.0000
7661 1.4316
7662 0.9329
7663 0.0000
7664 2.5612
7665 0.0000
7666 5.3891
7667 7.4281
7668 0.0000
7669 8.6460
7670 1.3023
7671 0.0000
7672 -0.8595
7673 0.0000
7674 -1.9858
7675 3.8147
7676 0.0000
7677 7.4842
7678 0.8027
7679 0.0000
7680 2.2874
7681 0.0000
7682 -3.6323
7683 -3.5934
7684 0.0000
7685 4.8489
7686 -2.9281
7687 0.0000
7688 6.1326
7689 0.0000
7690 3.8717
7691 1.4267
7692 0.0000
7693 1.4401
7694 0.6698
7695 0.0000
7696 5.7060
7697 0.0000
7698 -6.6814
7699 2.0869
7700 0.0000
7701 6.0653
7702 10.3178
7703 0.0000
7704 -1.3634
7705 0.0000
7706 1.1503
7707 4.4146
7708 0.0000
7709 2.9882
7710 2.9664
7711 0.0000
7712 0.8099
7713 0.0000
7714 2.1604
7715 -2.7810
7716 0.0000
7717 -1.5358
7718 -0.5108
7719 0.0000
7720 -0.3652
7721 0.0000
7722 6.5260
7723 11.4965
7724 0.0000
7725 7.4030
7726 5.9691
7727 0.0000
7728 3.8963
7729 0.0000
7730 -3.6214
7731 2.8588
7732 0.0000
7733 -7.8280
7734 0.4762
7735 0.0000
7736 4.4865
7737 0.0000
7738 0.0227
7739 0.0000
7740 4.4532
