# input  : 16 : 60 C7 F8 1F AD AD 5D BC D6 75 44 1E 7D 0D F1 1A 
# output : 16 : 03 81 16 C0 FE E2 FF 7F FE FF 99 C3 F9 CB FD 4D 
# cycles : 7740
1 0.0000
2 7.3761
3 2.4816
4 0.0000
5 3.8777
6 0.0000
7 4.0001
8 1.5223
9 0.0000
10 2.5342
11 -2.8644
12 0.0000
13 1.1968
14 0.0000
15 6.2344
16 1.4702
17 0.0000
18 -8.4931
19 -2.0727
20 0.0000
21 2.8287
22 0.0000
23 4.5588
24 6.9665
25 0.0000
26 -0.0559
27 7.3023
28 0.0000
29 -2.0327
30 0.0000
31 4.0711
32 7.2188
33 0.0000
34 2.3867
35 9.3279
36 0.0000
37 -4.6757
38 0.0000
39 10.7720
40 7.0759
41 0.0000
42 5.5952
43 2.2960
44 0.0000
45 -2.3808
46 0.0000
47 6.1261
48 3.6690
49 0.0000
50 7.6449
51 8.5454
52 0.0000
53 1.1552
54 0.0000
55 4.2194
56 5.8731
57 0.0000
58 -3.1518
59 6.1333
60 0.0000
61 -1.4077
62 0.0000
63 -3.9021
64 4.7043
65 0.0000
66 -0.4996
67 0.4783
68 0.0000
69 6.8646
70 0.0000
71 7.3681
72 4.3098
73 0.0000
74 2.3007
75 8.7244
76 0.0000
77 2.4682
78 0.0000
79 4.1002
80 -0.5694
81 0.0000
82 0.4068
83 1.8960
84 0.0000
85 -0.9098
86 0.0000
87 2.2010
88 -0.0134
89 0.0000
90 6.1794
91 5.3527
92 0.0000
93 1.8694
94 0.0000
95 -9.0494
96 -0.6659
97 0.0000
98 5.3802
99 17.4441
100 0.0000
101 -4.5321
102 0.0000
103 9.9496
104 5.9815
105 0.0000
106 3.9472
107 6.9016
108 0.0000
109 3.7838
110 0.0000
111 2.9689
112 1.7224
113 0.0000
114 3.1334
115 4.4279
116 0.0000
117 3.8679
118 0.0000
119 4.5951
120 11.0505
121 0.0000
122 -1.9117
123 7.6094
124 0.0000
125 5.0231
126 0.0000
127 4.3645
128 11.1637
129 0.0000
130 -0.6232
131 5.8795
132 0.0000
133 0.0614
134 0.0000
135 0.6392
136 2.7283
137 0.0000
138 7.1046
139 -5.4423
140 -3.4809
141 0.0000
142 7.0237
143 7.7268
144 -6.3216
145 -1.4869
146 0.0000
147 2.4839
148 5.3356
149 0.0000
150 2.4635
151 15.7853
152 2.0613
153 0.7073
154 0.0000
155 1.4376
156 -5.0476
157 0.0000
158 1.6554
159 -1.4568
160 8.1170
161 1.3917
162 0.0000
163 5.8613
164 -1.3425
165 0.0000
166 15.1771
167 5.9072
168 0.6381
169 -1.9122
170 0.0000
171 -4.6602
172 -1.9790
173 0.0000
174 -3.4616
175 2.8386
176 3.8795
177 3.5345
178 0.0000
179 -0.0615
180 -0.3953
181 0.0000
182 4.2825
183 7.3814
184 3.0400
185 1.0737
186 0.0000
187 -0.3695
188 1.8285
189 0.0000
190 -3.1518
191 0.1546
192 10.7057
193 -3.2458
194 0.0000
195 -6.4326
196 -0.4361
197 0.0000
198 9.8307
199 2.0251
200 2.6644
201 -2.0873
202 0.0000
203 1.3358
204 5.6218
205 0.0000
206 3.6735
207 12.0646
208 1.3828
209 -3.1080
210 0.0000
211 4.3339
212 7.5854
213 0.0000
214 9.5256
215 2.3958
216 4.4926
217 0.5807
218 0.0000
219 -2.0762
220 4.8625
221 0.0000
222 -0.1741
223 -1.1399
224 -0.5798
225 5.1846
226 0.0000
227 3.3552
228 7.4757
229 0.0000
230 -2.9018
231 6.8928
232 11.8258
233 11.6307
234 0.0000
235 1.5391
236 4.9576
237 0.0000
238 4.7274
239 -1.5732
240 0.0125
241 0.3054
242 0.0000
243 -2.4403
244 -8.1732
245 0.0000
246 8.4674
247 8.2651
248 0.6232
249 -4.4617
250 0.0000
251 6.6187
252 2.6292
253 0.0000
254 -1.9879
255 -1.0850
256 10.9947
257 10.7536
258 0.0000
259 2.4717
260 -0.6352
261 0.0000
262 5.4586
263 -4.0194
264 0.2710
265 -3.6364
266 0.0000
267 -6.8641
268 4.7737
269 0.0000
270 1.8851
271 0.0000
272 17.4567
273 2.3411
274 2.1168
275 2.3264
276 3.9685
277 8.4888
278 6.2262
279 1.3348
280 0.0000
281 -4.2468
282 10.5262
283 0.1002
284 4.4296
285 1.8047
286 6.0763
287 0.0000
288 -1.9502
289 6.4657
290 7.7572
291 -0.1515
292 -1.8205
293 2.8932
294 0.0000
295 2.2472
296 5.1083
297 2.9053
298 1.3324
299 4.5598
300 -2.2095
301 0.0000
302 2.8389
303 6.7096
304 11.3855
305 1.1270
306 1.9879
307 4.9383
308 0.0000
309 -3.7767
310 10.8233
311 -3.6925
312 2.5237
313 7.7353
314 0.5237
315 0.0000
316 -3.6909
317 -0.2521
318 8.0033
319 8.0337
320 3.6028
321 1.9186
322 0.0000
323 -7.1561
324 -1.0568
325 7.3572
326 5.3928
327 3.0022
328 -4.9639
329 0.0000
330 0.6727
331 0.1633
332 5.4870
333 8.6487
334 8.5367
335 6.8683
336 0.0000
337 -4.1357
338 0.1494
339 2.4636
340 -1.3890
341 9.8397
342 0.9421
343 0.0000
344 7.5928
345 3.9698
346 3.8497
347 0.8490
348 0.2160
349 8.4578
350 0.0000
351 -3.0089
352 -2.2572
353 6.5952
354 7.1255
355 9.4649
356 6.5442
357 0.0000
358 -2.3366
359 8.2050
360 10.9276
361 6.0100
362 7.5354
363 2.3032
364 0.0000
365 4.0100
366 3.2775
367 3.6275
368 2.7132
369 5.2945
370 -1.5141
371 0.0000
372 13.0745
373 5.5428
374 9.2542
375 -0.7654
376 5.9071
377 10.4514
378 0.0000
379 7.6323
380 7.5218
381 -1.2426
382 6.4954
383 1.5603
384 3.9976
385 0.0000
386 3.2563
387 0.0000
388 3.7766
389 0.0000
390 -7.3139
391 0.0000
392 3.4250
393 6.6348
394 0.0000
395 5.9581
396 3.0276
397 4.4557
398 2.4673
399 0.0000
400 -4.2155
401 5.7101
402 -0.2816
403 0.0000
404 4.4875
405 1.5943
406 7.0480
407 0.0000
408 1.8843
409 -0.8558
410 -0.2203
411 -2.6188
412 2.8770
413 0.8055
414 1.1354
415 9.2189
416 0.0620
417 0.0000
418 0.1495
419 3.3265
420 6.6025
421 0.4494
422 4.6479
423 -1.5658
424 0.0000
425 -2.2907
426 11.1849
427 2.0981
428 0.4275
429 5.2709
430 3.5285
431 0.0000
432 -3.4859
433 2.2708
434 8.9664
435 7.9780
436 -0.7857
437 7.1360
438 0.0000
439 -2.6215
440 1.5913
441 -1.3595
442 3.1648
443 -3.6825
444 3.1773
445 0.0000
446 0.9344
447 0.0643
448 -1.2179
449 0.0626
450 3.8195
451 1.2468
452 0.0000
453 0.5114
454 9.9962
455 7.0302
456 2.0237
457 4.7464
458 13.8655
459 0.0000
460 3.6977
461 -3.0248
462 7.6113
463 3.6438
464 1.2452
465 -2.1956
466 0.0000
467 -0.0364
468 2.8982
469 2.9846
470 2.7329
471 4.5269
472 6.8948
473 0.0000
474 4.1819
475 2.6670
476 5.8053
477 0.7175
478 -2.2898
479 0.5742
480 0.0000
481 -2.2556
482 2.4764
483 8.5921
484 12.0035
485 -1.3559
486 5.5647
487 0.0000
488 -4.8895
489 5.9367
490 1.2465
491 -1.3187
492 0.4373
493 5.4085
494 0.0000
495 -0.0960
496 -0.8187
497 0.0000
498 7.5217
499 -6.5177
500 1.1081
501 -2.3375
502 -3.8976
503 1.6563
504 0.7768
505 -3.2906
506 0.0000
507 6.8098
508 -3.5363
509 0.0000
510 -8.9266
511 2.7866
512 0.0000
513 6.9278
514 4.6030
515 0.0000
516 7.5832
517 8.8617
518 0.0000
519 4.0975
520 11.3431
521 1.8497
522 0.0000
523 4.0500
524 3.1100
525 0.0000
526 6.6208
527 8.4874
528 4.2472
529 0.0000
530 4.9498
531 3.4150
532 0.0000
533 4.1838
534 -1.8398
535 -1.1045
536 0.0000
537 -5.8060
538 7.3971
539 0.0000
540 4.2675
541 2.4259
542 4.7301
543 0.0000
544 2.5362
545 2.2619
546 0.0000
547 2.6221
548 4.8147
549 8.8852
550 0.0000
551 1.0741
552 -0.3127
553 0.0000
554 8.9262
555 1.5915
556 6.3746
557 0.0000
558 2.8975
559 1.8278
560 0.0000
561 6.4693
562 4.0446
563 6.2500
564 0.0000
565 -1.0866
566 4.8308
567 0.0000
568 5.1862
569 4.8205
570 4.2492
571 0.0000
572 4.0984
573 1.6627
574 0.0000
575 11.5089
576 9.1787
577 -0.0569
578 0.0000
579 -7.2423
580 -0.9216
581 0.0000
582 3.7149
583 3.3603
584 6.4402
585 0.0000
586 -9.8347
587 3.2602
588 0.0000
589 2.1699
590 3.2199
591 -1.4877
592 0.0000
593 -3.3556
594 0.4805
595 0.0000
596 1.4596
597 1.8739
598 2.7511
599 0.0000
600 -1.1196
601 -2.7644
602 0.0000
603 1.0397
604 -2.8229
605 6.1864
606 0.0000
607 0.1351
608 3.0556
609 0.0000
610 4.9030
611 -3.5484
612 2.9577
613 0.0000
614 -1.4290
615 -1.1075
616 0.0000
617 11.1352
618 9.8257
619 -0.0460
620 0.0000
621 -0.6831
622 -0.1238
623 0.0000
624 8.3226
625 8.7849
626 -1.6863
627 0.0000
628 -2.0708
629 0.0000
630 -0.9441
631 0.0000
632 2.2880
633 4.6171
634 0.0000
635 1.6763
636 0.0000
637 8.3230
638 0.0000
639 3.5615
640 3.0374
641 1.2403
642 0.0000
643 9.6195
644 9.3432
645 10.8348
646 0.0000
647 15.7778
648 8.4776
649 4.3206
650 0.0000
651 5.5361
652 0.0000
653 2.9462
654 0.0000
655 -1.8759
656 4.5768
657 0.0000
658 0.1275
659 0.0000
660 4.9897
661 6.7403
662 2.0409
663 1.7155
664 4.7068
665 8.2715
666 0.8174
667 11.5940
668 8.5456
669 2.9763
670 9.3592
671 7.8575
672 0.9496
673 -2.5437
674 2.7327
675 3.0216
676 0.0000
677 2.4370
678 -3.8718
679 3.2545
680 1.7969
681 9.3237
682 8.7915
683 3.8789
684 2.3006
685 0.0000
686 0.6857
687 0.6210
688 6.6331
689 4.2748
690 -2.9820
691 0.7545
692 0.0000
693 -0.5860
694 8.5838
695 9.9400
696 0.0000
697 5.3281
698 1.6114
699 4.8699
700 13.2484
701 -3.9339
702 12.0978
703 6.1277
704 8.0864
705 0.0000
706 6.4229
707 7.5757
708 3.9014
709 1.9462
710 -1.7947
711 -5.5235
712 0.0000
713 -0.8649
714 8.1176
715 7.5301
716 0.0000
717 -2.9907
718 -3.8339
719 -7.1869
720 -3.0224
721 6.2402
722 2.5987
723 -2.0640
724 -0.6588
725 0.0000
726 4.3851
727 -4.4912
728 4.4303
729 2.5338
730 17.3070
731 -2.3902
732 0.0000
733 -1.0375
734 6.2290
735 3.4075
736 0.0000
737 2.4716
738 2.4946
739 7.3595
740 4.6912
741 -1.4638
742 -0.5756
743 -1.7336
744 2.5529
745 0.0000
746 12.9685
747 4.8751
748 2.3283
749 2.4026
750 2.6397
751 2.1407
752 0.0000
753 -4.8972
754 -1.3210
755 6.6999
756 2.7322
757 8.1751
758 2.2121
759 9.3595
760 3.8221
761 0.8835
762 9.2590
763 8.5611
764 -0.8381
765 3.3246
766 -6.2427
767 0.0000
768 10.7022
769 10.4564
770 -1.9829
771 8.0832
772 5.2162
773 5.1741
774 5.1178
775 -0.6634
776 0.0000
777 5.2636
778 -5.0222
779 11.9303
780 2.2925
781 4.7988
782 5.3334
783 0.0000
784 -3.1352
785 11.2374
786 -1.5877
787 0.0000
788 -1.5221
789 3.2001
790 9.1351
791 -0.0237
792 0.4726
793 5.9011
794 9.1684
795 2.2660
796 0.0000
797 5.6311
798 0.4380
799 4.9208
800 -4.9891
801 3.5913
802 4.2255
803 0.0000
804 -0.7211
805 2.4675
806 3.7394
807 0.0000
808 5.6973
809 0.7641
810 8.6593
811 13.7550
812 -1.4813
813 8.2635
814 16.0389
815 6.2807
816 0.0000
817 6.9305
818 5.7340
819 3.2326
820 -0.4984
821 2.4705
822 5.3713
823 0.0000
824 -5.9881
825 2.1303
826 5.5386
827 0.0000
828 -4.6179
829 -6.4052
830 9.4267
831 0.4872
832 -1.2099
833 7.7912
834 2.7877
835 9.1861
836 0.0000
837 9.6008
838 6.0481
839 6.6685
840 2.7919
841 5.0376
842 1.3706
843 0.0000
844 -2.4436
845 8.2374
846 9.8515
847 1.8196
848 8.2376
849 11.5145
850 5.8086
851 0.1562
852 -0.4545
853 6.9253
854 5.3983
855 1.8687
856 8.7555
857 2.5191
858 0.0000
859 1.7083
860 2.9159
861 4.4736
862 4.8074
863 3.7272
864 13.9360
865 1.9073
866 8.4529
867 0.0000
868 9.8068
869 3.0384
870 8.0409
871 4.2750
872 2.8229
873 6.2997
874 0.0000
875 0.5965
876 3.9006
877 2.6104
878 0.0000
879 10.2615
880 -2.7769
881 5.0837
882 8.0732
883 -2.0471
884 4.0184
885 4.7767
886 6.9050
887 0.0000
888 -0.4779
889 1.2060
890 3.9602
891 3.5394
892 2.3839
893 2.4446
894 0.0000
895 0.3210
896 6.2968
897 11.6793
898 0.0000
899 1.9170
900 2.8704
901 12.0977
902 11.8903
903 4.4703
904 13.0146
905 10.9958
906 6.0257
907 0.0000
908 -2.8615
909 1.8542
910 3.3215
911 -0.3362
912 7.7797
913 -0.6260
914 0.0000
915 0.7494
916 3.0107
917 2.9897
918 0.0000
919 3.4925
920 -5.9772
921 8.0080
922 8.9653
923 1.0380
924 -4.7489
925 1.8143
926 7.2653
927 0.0000
928 1.8245
929 9.0492
930 -0.5465
931 6.7476
932 3.1960
933 4.7293
934 0.0000
935 4.9408
936 5.7975
937 4.2213
938 2.6708
939 -3.7274
940 4.2487
941 12.9678
942 0.8504
943 0.3463
944 14.2860
945 8.4058
946 4.3606
947 9.1020
948 -0.2880
949 0.0000
950 8.1748
951 -0.2000
952 0.8844
953 -0.5393
954 -6.3350
955 7.8913
956 3.8007
957 8.2987
958 0.0000
959 1.3599
960 0.0760
961 4.8943
962 -3.2332
963 5.7549
964 7.3534
965 0.0000
966 5.6676
967 0.2980
968 -4.9698
969 0.0000
970 7.0421
971 -5.9922
972 1.8146
973 4.6023
974 7.6691
975 -2.3272
976 0.2643
977 4.3833
978 0.0000
979 8.9695
980 0.1443
981 1.4724
982 3.2131
983 2.5330
984 11.4175
985 0.0000
986 0.5943
987 4.3605
988 3.3708
989 0.0000
990 10.1625
991 4.0216
992 6.4263
993 -3.8598
994 1.3587
995 2.4242
996 5.0731
997 9.0666
998 0.0000
999 5.9663
1000 7.1230
1001 -2.3833
1002 -2.0931
1003 10.1698
1004 -7.5242
1005 0.0000
1006 -2.1780
1007 -0.8058
1008 14.8226
1009 0.0000
1010 -2.7098
1011 -4.7572
1012 -3.7509
1013 1.7870
1014 0.2527
1015 -0.9452
1016 3.2217
1017 5.6121
1018 0.0000
1019 3.2502
1020 1.3469
1021 8.2565
1022 4.6283
1023 -4.5262
1024 1.7335
1025 0.0000
1026 2.3758
1027 0.0000
1028 4.0006
1029 0.0000
1030 5.4505
1031 5.2414
1032 -1.2700
1033 10.6625
1034 -1.0003
1035 13.2806
1036 4.2300
1037 2.4336
1038 0.0000
1039 4.3783
1040 5.6840
1041 -0.4879
1042 0.7184
1043 1.5439
1044 -3.6987
1045 0.0000
1046 -5.2549
1047 7.8691
1048 8.4098
1049 -3.2782
1050 3.8856
1051 -1.3643
1052 0.0000
1053 2.2218
1054 0.9289
1055 7.5219
1056 4.2747
1057 7.5943
1058 6.3377
1059 0.0000
1060 0.3970
1061 7.5852
1062 5.2961
1063 8.6046
1064 7.9580
1065 0.8523
1066 0.0000
1067 0.1553
1068 8.1351
1069 4.2860
1070 10.9722
1071 6.9801
1072 3.6793
1073 0.0000
1074 -0.7097
1075 2.5185
1076 2.2545
1077 3.3467
1078 -1.4788
1079 7.1191
1080 0.0000
1081 3.0364
1082 2.6397
1083 1.1186
1084 5.8077
1085 4.8036
1086 -2.4520
1087 0.0000
1088 4.1880
1089 6.4601
1090 6.8293
1091 0.8914
1092 9.7150
1093 -3.7420
1094 0.0000
1095 -1.4727
1096 3.0486
1097 -0.4555
1098 8.0967
1099 8.2189
1100 0.1959
1101 0.0000
1102 -0.6504
1103 9.8176
1104 5.5562
1105 7.5308
1106 13.8936
1107 -0.2706
1108 0.0000
1109 -3.1386
1110 9.8514
1111 8.5812
1112 -3.8135
1113 -3.0588
1114 4.5295
1115 0.0000
1116 -7.9981
1117 -1.3234
1118 -0.2118
1119 -3.2189
1120 3.9670
1121 -2.0059
1122 0.0000
1123 -5.3649
1124 4.4646
1125 12.9155
1126 6.0906
1127 6.1364
1128 5.2041
1129 0.0000
1130 1.0888
1131 3.6089
1132 3.8926
1133 11.9974
1134 3.8840
1135 10.6814
1136 0.0000
1137 -2.9190
1138 13.0804
1139 6.9657
1140 5.7024
1141 -1.9544
1142 1.3738
1143 0.0000
1144 -4.2170
1145 0.0000
1146 0.6313
1147 0.0000
1148 13.8670
1149 0.0000
1150 15.2524
1151 2.2903
1152 0.0000
1153 1.6850
1154 5.0690
1155 9.1265
1156 10.3843
1157 0.0000
1158 8.1575
1159 2.7057
1160 2.6792
1161 0.0000
1162 10.3205
1163 -0.1853
1164 10.6345
1165 0.0000
1166 0.2020
1167 2.8601
1168 2.2753
1169 5.8168
1170 5.7923
1171 4.4621
1172 -1.4692
1173 -2.5494
1174 1.3917
1175 0.0000
1176 1.1224
1177 -4.3459
1178 2.1866
1179 3.9667
1180 -3.3766
1181 1.5190
1182 0.0000
1183 -2.9725
1184 5.1875
1185 4.0410
1186 12.2565
1187 -1.8127
1188 4.0665
1189 0.0000
1190 3.5336
1191 4.8867
1192 5.8916
1193 6.1738
1194 8.8516
1195 -0.6567
1196 0.0000
1197 -2.9822
1198 6.0972
1199 -1.7770
1200 -7.3139
1201 3.2340
1202 3.6886
1203 0.0000
1204 4.1718
1205 4.6275
1206 7.7936
1207 3.2982
1208 0.7192
1209 1.8378
1210 0.0000
1211 1.6362
1212 4.3642
1213 3.0738
1214 0.7854
1215 8.2619
1216 9.4380
1217 0.0000
1218 0.6966
1219 4.3212
1220 1.6544
1221 7.5754
1222 -1.9708
1223 1.5676
1224 0.0000
1225 -2.2411
1226 10.1824
1227 1.7293
1228 8.3618
1229 3.8262
1230 -6.7531
1231 0.0000
1232 0.0144
1233 4.0394
1234 5.4224
1235 2.8717
1236 6.6905
1237 1.5528
1238 0.0000
1239 0.7700
1240 3.6399
1241 0.2735
1242 -3.1256
1243 8.1781
1244 3.9883
1245 0.0000
1246 1.6694
1247 3.1222
1248 17.8710
1249 13.2043
1250 -1.9711
1251 10.0518
1252 0.0000
1253 -8.7259
1254 2.1887
1255 0.0000
1256 2.9852
1257 8.2550
1258 6.9996
1259 0.1975
1260 3.0687
1261 1.1624
1262 -2.5709
1263 -5.7831
1264 0.0000
1265 6.9330
1266 4.7965
1267 0.0000
1268 8.3242
1269 0.0000
1270 8.2901
1271 0.0000
1272 0.6455
1273 0.7693
1274 0.0000
1275 4.7642
1276 6.9520
1277 0.0000
1278 3.9388
1279 1.9485
1280 1.3692
1281 0.0000
1282 -0.8046
1283 2.0308
1284 0.0000
1285 9.4245
1286 10.6246
1287 1.6629
1288 0.0000
1289 0.0087
1290 2.0764
1291 0.0000
1292 10.4833
1293 5.7618
1294 9.7264
1295 0.0000
1296 3.8303
1297 -1.1177
1298 0.0000
1299 7.1663
1300 3.4973
1301 4.4065
1302 0.0000
1303 3.4447
1304 9.4319
1305 0.0000
1306 2.6978
1307 2.7338
1308 7.1465
1309 0.0000
1310 -2.1010
1311 0.6747
1312 0.0000
1313 7.5077
1314 0.8286
1315 5.2361
1316 0.0000
1317 5.7196
1318 0.3508
1319 0.0000
1320 9.1931
1321 5.2163
1322 6.5780
1323 0.0000
1324 -2.0917
1325 11.0712
1326 0.0000
1327 -1.7811
1328 4.8553
1329 9.8763
1330 0.0000
1331 4.9589
1332 3.2520
1333 0.0000
1334 -2.1363
1335 2.1474
1336 0.8923
1337 0.0000
1338 -1.3195
1339 -2.5766
1340 0.0000
1341 4.3466
1342 4.5701
1343 5.2759
1344 0.0000
1345 2.0625
1346 1.0053
1347 0.0000
1348 5.2812
1349 -2.2087
1350 3.9362
1351 0.0000
1352 6.6592
1353 -6.5084
1354 0.0000
1355 8.7626
1356 4.1060
1357 7.5837
1358 0.0000
1359 -5.1652
1360 3.2417
1361 0.0000
1362 7.1068
1363 10.6899
1364 4.1187
1365 0.0000
1366 8.2635
1367 1.8636
1368 0.0000
1369 18.0643
1370 11.6519
1371 -1.6451
1372 0.0000
1373 5.2162
1374 10.6859
1375 0.0000
1376 -0.3321
1377 1.8164
1378 10.4665
1379 0.0000
1380 4.5163
1381 6.3450
1382 0.0000
1383 -2.9798
1384 1.4914
1385 3.9795
1386 0.0000
1387 7.3007
1388 0.0000
1389 -4.7293
1390 0.0000
1391 5.0979
1392 9.1043
1393 0.0000
1394 -0.7737
1395 0.0000
1396 1.4597
1397 0.0000
1398 4.7917
1399 10.5123
1400 1.0868
1401 0.0000
1402 5.4741
1403 11.5018
1404 2.3058
1405 0.0000
1406 0.5806
1407 1.7720
1408 -0.1201
1409 0.0000
1410 -0.5812
1411 0.0000
1412 10.9853
1413 0.0000
1414 7.9407
1415 4.1695
1416 0.0000
1417 -5.2878
1418 0.0000
1419 5.8919
1420 5.4934
1421 5.0272
1422 -0.5144
1423 8.7660
1424 2.2774
1425 8.0370
1426 -1.1163
1427 2.8560
1428 7.0649
1429 7.4464
1430 -1.8826
1431 6.2611
1432 -3.2810
1433 -1.5644
1434 11.2369
1435 0.0000
1436 9.1243
1437 1.5221
1438 8.9169
1439 4.2886
1440 -1.3806
1441 9.7798
1442 6.4537
1443 1.9672
1444 0.0000
1445 12.8901
1446 6.6175
1447 8.5263
1448 3.4982
1449 4.9180
1450 4.0316
1451 0.0000
1452 15.4493
1453 3.8720
1454 -0.4867
1455 0.0000
1456 -1.8735
1457 -1.5380
1458 -1.8328
1459 3.7109
1460 -3.5483
1461 0.2621
1462 2.4213
1463 2.0265
1464 0.0000
1465 16.1413
1466 1.7955
1467 7.5344
1468 4.1170
1469 1.2677
1470 7.9339
1471 0.0000
1472 -6.7430
1473 3.5306
1474 3.2034
1475 0.0000
1476 7.7627
1477 11.0284
1478 0.6240
1479 3.5851
1480 1.2783
1481 7.8198
1482 -1.5262
1483 4.1970
1484 0.0000
1485 10.7811
1486 0.4295
1487 10.4312
1488 -1.3937
1489 5.9759
1490 -0.6636
1491 0.0000
1492 -2.1243
1493 5.4296
1494 12.3847
1495 0.0000
1496 3.4655
1497 -12.7747
1498 -0.5835
1499 1.0367
1500 -5.4687
1501 -4.7973
1502 -3.2707
1503 9.1967
1504 0.0000
1505 2.9655
1506 -0.6468
1507 5.9941
1508 8.7703
1509 7.6633
1510 -1.3728
1511 0.0000
1512 1.7881
1513 2.6636
1514 4.6177
1515 1.2686
1516 4.2063
1517 1.0459
1518 1.0621
1519 10.8544
1520 -3.7762
1521 8.0296
1522 -3.2937
1523 -4.0999
1524 1.3840
1525 13.6217
1526 0.0000
1527 7.1414
1528 2.8037
1529 7.2399
1530 -0.8719
1531 -1.5568
1532 -2.3073
1533 -0.4868
1534 11.5425
1535 0.0000
1536 7.2858
1537 4.7577
1538 4.6322
1539 4.8958
1540 -3.7976
1541 3.2170
1542 0.0000
1543 4.7542
1544 10.0553
1545 1.1811
1546 0.0000
1547 11.1314
1548 5.1617
1549 3.8913
1550 7.6161
1551 -2.8057
1552 8.7441
1553 7.3572
1554 3.4724
1555 0.0000
1556 5.7006
1557 6.7928
1558 8.2683
1559 9.4048
1560 6.6585
1561 2.6623
1562 0.0000
1563 4.5983
1564 -0.3535
1565 2.2607
1566 0.0000
1567 7.3182
1568 -0.7911
1569 6.7918
1570 3.6390
1571 -1.2457
1572 0.9625
1573 8.3476
1574 5.6837
1575 0.0000
1576 -2.8622
1577 -7.5000
1578 7.5297
1579 7.7002
1580 1.1746
1581 -0.7773
1582 0.0000
1583 2.4766
1584 -0.8807
1585 -3.7443
1586 0.0000
1587 4.7151
1588 -1.1789
1589 5.6090
1590 3.8062
1591 -5.9254
1592 10.3005
1593 6.8271
1594 -0.7232
1595 0.0000
1596 5.6715
1597 2.0359
1598 -3.0618
1599 1.9518
1600 -0.1103
1601 5.7867
1602 0.0000
1603 3.2645
1604 4.2141
1605 8.2172
1606 -1.1574
1607 3.0685
1608 10.7861
1609 0.0503
1610 13.1036
1611 2.0940
1612 4.7895
1613 8.3396
1614 3.4075
1615 3.5420
1616 2.2296
1617 0.0000
1618 6.0240
1619 -0.0466
1620 -3.0084
1621 -4.3433
1622 -0.4352
1623 -0.3132
1624 1.1570
1625 1.7696
1626 0.0000
1627 10.1706
1628 2.5453
1629 4.6869
1630 10.7609
1631 4.0254
1632 6.5709
1633 0.0000
1634 3.6570
1635 8.9944
1636 1.3124
1637 0.0000
1638 -0.8759
1639 0.5447
1640 4.9113
1641 3.8808
1642 -1.7146
1643 5.1726
1644 -6.0991
1645 -4.3996
1646 0.0000
1647 -1.0204
1648 9.1900
1649 -0.7155
1650 3.8998
1651 8.3429
1652 -8.0910
1653 0.0000
1654 -0.8128
1655 1.7416
1656 6.3462
1657 0.0000
1658 2.1756
1659 -4.0928
1660 4.4171
1661 4.1325
1662 1.9370
1663 2.7358
1664 8.1969
1665 -5.3544
1666 0.0000
1667 4.3981
1668 1.5673
1669 0.6864
1670 -3.7656
1671 6.0776
1672 4.9519
1673 0.0000
1674 0.2205
1675 5.3132
1676 -3.2145
1677 0.0000
1678 8.7188
1679 3.6594
1680 10.9390
1681 -1.1621
1682 -6.3669
1683 12.4272
1684 -1.9114
1685 9.5574
1686 0.0000
1687 8.2363
1688 -0.2637
1689 11.6388
1690 7.5064
1691 5.0961
1692 3.4296
1693 0.0000
1694 5.2873
1695 0.3171
1696 4.6343
1697 6.4528
1698 6.9628
1699 2.8365
1700 4.9853
1701 9.6382
1702 5.5525
1703 3.4670
1704 7.0232
1705 1.1294
1706 5.9984
1707 -3.1558
1708 0.0000
1709 7.6733
1710 1.8799
1711 0.3644
1712 4.2161
1713 0.4743
1714 3.9925
1715 -4.5000
1716 -0.4408
1717 0.0000
1718 -0.8771
1719 13.2652
1720 6.8035
1721 5.6617
1722 1.8695
1723 11.8049
1724 0.0000
1725 2.6737
1726 -2.2806
1727 8.7906
1728 0.0000
1729 6.1195
1730 -11.1879
1731 2.8675
1732 10.3922
1733 -3.2511
1734 2.0490
1735 -2.1082
1736 7.5618
1737 0.0000
1738 11.2717
1739 1.7402
1740 3.6701
1741 2.8006
1742 0.7311
1743 4.6213
1744 0.0000
1745 0.6364
1746 8.7722
1747 4.1054
1748 0.0000
1749 10.0315
1750 5.5288
1751 1.5325
1752 0.1113
1753 -5.4924
1754 -4.1013
1755 4.1534
1756 6.3591
1757 0.0000
1758 5.2611
1759 -1.3896
1760 2.9658
1761 3.5521
1762 5.9912
1763 1.5510
1764 0.0000
1765 -0.4836
1766 3.6961
1767 7.1452
1768 0.0000
1769 3.4606
1770 0.2015
1771 -4.2588
1772 5.4911
1773 5.7361
1774 -2.2004
1775 0.8233
1776 1.9860
1777 0.0000
1778 8.5112
1779 0.9683
1780 -5.0554
1781 1.3422
1782 6.1170
1783 5.1964
1784 0.0000
1785 -3.1793
1786 0.0000
1787 11.8930
1788 0.0000
1789 2.0544
1790 3.0208
1791 -3.3096
1792 3.2119
1793 0.2554
1794 1.8036
1795 4.0542
1796 1.5410
1797 0.0000
1798 1.4919
1799 0.2997
1800 8.2253
1801 3.3750
1802 1.5136
1803 5.5557
1804 0.0000
1805 -5.8567
1806 0.9624
1807 -2.0462
1808 -0.5925
1809 2.7075
1810 8.6080
1811 0.0000
1812 7.5453
1813 -4.0385
1814 9.4425
1815 1.3584
1816 3.9728
1817 -5.6231
1818 0.0000
1819 0.6825
1820 12.4343
1821 1.4549
1822 2.0678
1823 7.4605
1824 -3.2154
1825 0.0000
1826 4.4432
1827 6.7168
1828 -3.3614
1829 4.5964
1830 8.9911
1831 1.5464
1832 0.0000
1833 -2.4810
1834 3.1451
1835 4.9802
1836 -0.4164
1837 -1.8991
1838 4.2180
1839 0.0000
1840 -4.4659
1841 -4.7397
1842 3.2723
1843 -5.4098
1844 -0.5872
1845 -1.6664
1846 0.0000
1847 2.4314
1848 9.1903
1849 -1.6650
1850 4.5329
1851 2.5230
1852 8.9970
1853 0.0000
1854 -3.3788
1855 3.0947
1856 -0.1755
1857 5.6340
1858 5.0506
1859 2.9364
1860 0.0000
1861 4.9158
1862 4.9033
1863 2.5638
1864 8.0150
1865 2.1702
1866 7.9629
1867 0.0000
1868 0.4013
1869 5.9841
1870 3.4257
1871 1.8404
1872 3.3246
1873 4.3483
1874 0.0000
1875 -0.3510
1876 12.0786
1877 3.3234
1878 14.2443
1879 -0.9744
1880 6.6557
1881 0.0000
1882 -3.4855
1883 7.5429
1884 5.8143
1885 -0.9572
1886 2.2592
1887 -1.0569
1888 0.0000
1889 -2.4842
1890 7.1957
1891 1.0694
1892 5.6515
1893 8.9170
1894 0.9706
1895 0.0000
1896 1.3878
1897 4.4333
1898 6.8497
1899 6.1608
1900 -1.9818
1901 2.2475
1902 0.0000
1903 5.4675
1904 0.0000
1905 -4.3889
1906 0.0000
1907 3.2352
1908 0.0000
1909 4.3532
1910 5.3501
1911 0.0000
1912 13.0973
1913 4.5924
1914 6.0395
1915 8.8709
1916 0.0000
1917 7.2751
1918 0.9375
1919 9.3014
1920 0.0000
1921 5.8638
1922 -2.0598
1923 8.5119
1924 0.0000
1925 4.5362
1926 -4.5909
1927 -3.6078
1928 2.9536
1929 7.5681
1930 9.3100
1931 5.0384
1932 -5.1471
1933 7.4962
1934 0.0000
1935 1.1353
1936 0.2197
1937 2.8023
1938 2.1170
1939 4.1296
1940 5.0922
1941 0.0000
1942 10.0543
1943 2.5395
1944 2.8359
1945 7.4753
1946 0.7595
1947 6.5744
1948 0.0000
1949 -4.4219
1950 8.3239
1951 4.7237
1952 6.8420
1953 4.6944
1954 6.9276
1955 0.0000
1956 10.3266
1957 5.5566
1958 8.2736
1959 3.2084
1960 2.0165
1961 -2.0303
1962 0.0000
1963 -2.1098
1964 4.4442
1965 5.8628
1966 1.6379
1967 2.0368
1968 5.2940
1969 0.0000
1970 -2.1165
1971 6.3235
1972 3.9824
1973 13.9407
1974 3.3261
1975 5.8177
1976 0.0000
1977 9.3719
1978 17.5681
1979 -3.7392
1980 0.1383
1981 0.8892
1982 -2.5149
1983 0.0000
1984 5.8654
1985 3.9193
1986 2.8942
1987 3.5642
1988 3.8120
1989 1.7304
1990 0.0000
1991 6.2666
1992 12.6275
1993 4.2340
1994 3.9454
1995 9.8599
1996 11.6280
1997 0.0000
1998 0.0654
1999 7.4517
2000 8.7881
2001 2.6123
2002 3.0031
2003 1.9233
2004 0.0000
2005 -4.9343
2006 12.8840
2007 2.9757
2008 5.3469
2009 6.4709
2010 -1.7957
2011 0.0000
2012 -1.2185
2013 4.8191
2014 0.0000
2015 5.1302
2016 -0.3957
2017 3.1189
2018 -1.3395
2019 4.5191
2020 -3.7139
2021 4.0113
2022 4.3341
2023 0.0000
2024 7.4922
2025 -0.4031
2026 0.0000
2027 11.4892
2028 0.0000
2029 4.7332
2030 0.0000
2031 -4.3301
2032 5.5160
2033 0.0000
2034 0.8565
2035 7.4807
2036 0.0000
2037 -0.6545
2038 3.7953
2039 2.9774
2040 0.0000
2041 -4.6361
2042 -2.4522
2043 0.0000
2044 8.0547
2045 3.3867
2046 6.2275
2047 0.0000
2048 5.3759
2049 4.9054
2050 0.0000
2051 1.6054
2052 5.1113
2053 4.2394
2054 0.0000
2055 4.6969
2056 4.4645
2057 0.0000
2058 -3.0967
2059 2.9433
2060 5.3010
2061 0.0000
2062 1.7132
2063 -4.8676
2064 0.0000
2065 4.2149
2066 9.3398
2067 6.3696
2068 0.0000
2069 -0.6110
2070 10.0258
2071 0.0000
2072 1.0707
2073 7.0933
2074 -1.0534
2075 0.0000
2076 8.6542
2077 3.7789
2078 0.0000
2079 11.3494
2080 17.4671
2081 2.4179
2082 0.0000
2083 -8.6899
2084 1.1239
2085 0.0000
2086 6.5996
2087 -0.1448
2088 5.5399
2089 0.0000
2090 -4.8098
2091 3.5798
2092 0.0000
2093 3.4582
2094 7.4698
2095 5.4539
2096 0.0000
2097 -1.1187
2098 1.0495
2099 0.0000
2100 5.3301
2101 4.8237
2102 5.1468
2103 0.0000
2104 2.4780
2105 6.2163
2106 0.0000
2107 0.8055
2108 8.8185
2109 4.1054
2110 0.0000
2111 3.1817
2112 6.8489
2113 0.0000
2114 9.5059
2115 6.1913
2116 2.9508
2117 0.0000
2118 -5.6313
2119 4.2515
2120 0.0000
2121 10.1340
2122 0.1553
2123 5.2913
2124 0.0000
2125 6.4249
2126 8.1422
2127 0.0000
2128 5.3007
2129 7.9014
2130 5.4852
2131 0.0000
2132 2.1315
2133 0.0191
2134 0.0000
2135 7.4396
2136 9.0810
2137 9.4229
2138 0.0000
2139 -1.6382
2140 14.9565
2141 0.0000
2142 -0.3792
2143 -0.1909
2144 4.9508
2145 0.0000
2146 -0.4446
2147 0.0000
2148 10.6516
2149 0.0000
2150 13.1019
2151 8.1537
2152 0.0000
2153 13.5139
2154 0.0000
2155 2.1982
2156 0.0000
2157 3.2786
2158 7.2036
2159 10.8457
2160 0.0000
2161 6.4626
2162 11.1694
2163 3.0556
2164 0.0000
2165 8.8984
2166 5.4168
2167 3.4839
2168 0.0000
2169 1.8078
2170 0.0000
2171 10.8314
2172 0.0000
2173 5.2902
2174 8.7875
2175 0.0000
2176 4.4884
2177 0.0000
2178 5.1171
2179 2.3536
2180 3.7793
2181 6.7927
2182 5.4960
2183 10.4516
2184 6.9430
2185 1.2051
2186 5.9182
2187 2.3260
2188 11.8185
2189 -1.9202
2190 -1.3570
2191 0.8960
2192 5.6971
2193 3.8528
2194 0.0000
2195 2.9922
2196 -2.7533
2197 7.4871
2198 2.3861
2199 -5.1270
2200 8.4978
2201 4.5235
2202 4.1260
2203 0.0000
2204 5.2771
2205 5.2786
2206 7.0833
2207 1.7465
2208 1.3984
2209 5.4836
2210 0.0000
2211 1.5295
2212 6.0154
2213 -0.1008
2214 0.0000
2215 2.9071
2216 -2.6261
2217 8.4702
2218 4.9609
2219 2.9444
2220 -0.4328
2221 1.3078
2222 0.9193
2223 0.0000
2224 9.0560
2225 8.8933
2226 3.2757
2227 0.8894
2228 5.5783
2229 4.3471
2230 0.0000
2231 -4.2695
2232 1.6962
2233 5.4226
2234 0.0000
2235 2.1938
2236 3.7359
2237 5.8104
2238 -3.7964
2239 3.2764
2240 7.6765
2241 6.9027
2242 9.8509
2243 0.0000
2244 7.8241
2245 6.4793
2246 5.1285
2247 4.2599
2248 2.7515
2249 4.8680
2250 0.0000
2251 -4.5785
2252 3.5794
2253 14.3432
2254 0.0000
2255 0.7518
2256 -2.5727
2257 5.7474
2258 6.3313
2259 0.4583
2260 1.0296
2261 -2.6380
2262 12.1099
2263 0.0000
2264 3.5420
2265 3.3616
2266 -5.6345
2267 -2.5909
2268 5.9832
2269 6.2629
2270 0.0000
2271 -6.1116
2272 7.6479
2273 0.3270
2274 -2.4831
2275 0.5501
2276 4.3814
2277 2.7507
2278 9.7956
2279 3.6071
2280 2.5234
2281 8.0051
2282 0.0002
2283 4.2022
2284 3.1122
2285 0.0000
2286 3.9592
2287 -1.9603
2288 2.6516
2289 -4.6946
2290 2.4253
2291 11.6999
2292 9.3520
2293 5.3560
2294 0.0000
2295 9.7700
2296 7.6379
2297 4.2376
2298 0.3530
2299 9.9004
2300 8.0224
2301 0.0000
2302 -4.3089
2303 7.1547
2304 8.9823
2305 0.0000
2306 4.3042
2307 1.1368
2308 7.1064
2309 -9.6709
2310 2.8991
2311 3.8463
2312 -2.8372
2313 7.3462
2314 0.0000
2315 3.6277
2316 -0.0013
2317 -1.3710
2318 1.3688
2319 9.6950
2320 7.1185
2321 0.0000
2322 -3.4922
2323 16.4228
2324 10.6043
2325 0.0000
2326 0.1403
2327 5.5661
2328 6.9542
2329 -0.1376
2330 -4.5355
2331 6.3042
2332 7.9338
2333 4.9542
2334 0.0000
2335 -3.9083
2336 15.9052
2337 -1.3763
2338 6.0299
2339 1.7828
2340 6.5167
2341 0.0000
2342 0.6885
2343 1.3581
2344 1.1389
2345 0.0000
2346 7.6569
2347 -3.0087
2348 3.6958
2349 -4.8486
2350 5.9680
2351 4.4424
2352 3.7554
2353 5.9039
2354 0.0000
2355 2.1335
2356 3.2774
2357 1.1094
2358 0.1762
2359 5.7926
2360 4.2259
2361 0.0000
2362 -2.6771
2363 11.8822
2364 8.7604
2365 6.9494
2366 7.0930
2367 5.1096
2368 4.6400
2369 7.5681
2370 13.8460
2371 6.5832
2372 7.0566
2373 -0.9483
2374 8.1302
2375 7.3462
2376 0.0000
2377 3.3279
2378 -3.0987
2379 2.8636
2380 0.6470
2381 7.6512
2382 13.0218
2383 0.8449
2384 2.1989
2385 0.0000
2386 4.3302
2387 8.2395
2388 5.5382
2389 9.2729
2390 5.5210
2391 4.8623
2392 0.0000
2393 -9.0599
2394 4.3684
2395 2.9842
2396 0.0000
2397 7.2512
2398 -2.0359
2399 3.1135
2400 5.1796
2401 2.7310
2402 5.1971
2403 1.1052
2404 5.1412
2405 0.0000
2406 -3.9761
2407 9.5508
2408 -0.8094
2409 -0.9211
2410 4.9453
2411 1.8781
2412 0.0000
2413 2.0909
2414 8.4210
2415 -0.1766
2416 0.0000
2417 4.3495
2418 3.1590
2419 -0.4644
2420 11.2856
2421 -0.5706
2422 1.5356
2423 -0.0964
2424 1.5616
2425 0.0000
2426 4.9442
2427 9.7583
2428 2.3123
2429 1.3869
2430 9.7021
2431 5.4213
2432 0.0000
2433 -0.4113
2434 4.2607
2435 -0.6527
2436 0.0000
2437 4.2066
2438 7.4713
2439 4.9413
2440 5.5575
2441 -1.6738
2442 -0.4348
2443 2.0733
2444 3.7760
2445 0.0000
2446 3.9443
2447 5.1590
2448 1.9568
2449 -2.7550
2450 -5.3516
2451 3.2840
2452 0.0000
2453 4.2316
2454 0.9904
2455 1.4946
2456 3.7181
2457 8.0093
2458 -0.7261
2459 3.9706
2460 3.5642
2461 -1.3603
2462 4.3937
2463 5.7049
2464 2.1386
2465 1.6050
2466 6.6001
2467 0.0000
2468 3.0029
2469 -4.9922
2470 1.3995
2471 3.7400
2472 4.5209
2473 -1.4356
2474 -0.2794
2475 3.2805
2476 0.0000
2477 1.4206
2478 8.1132
2479 2.0230
2480 8.3229
2481 8.8756
2482 -2.7698
2483 0.0000
2484 -1.1298
2485 5.8422
2486 2.1589
2487 0.0000
2488 10.4939
2489 3.3289
2490 4.6127
2491 3.0079
2492 -0.3407
2493 8.5374
2494 3.9983
2495 6.0972
2496 0.0000
2497 0.8759
2498 -2.7248
2499 -0.0179
2500 2.8040
2501 0.7584
2502 8.1659
2503 0.0000
2504 3.6960
2505 7.4763
2506 -0.9807
2507 0.0000
2508 8.0671
2509 0.5256
2510 2.2095
2511 -1.3349
2512 -0.0876
2513 -9.9559
2514 0.7957
2515 5.0005
2516 0.0000
2517 0.8984
2518 3.9199
2519 6.4957
2520 14.9726
2521 16.5963
2522 2.1952
2523 0.0000
2524 -1.1638
2525 2.9692
2526 10.1513
2527 0.0000
2528 -0.9823
2529 5.6867
2530 6.5675
2531 -0.7790
2532 0.0738
2533 7.0861
2534 -2.6845
2535 5.1933
2536 0.0000
2537 5.8342
2538 -4.7577
2539 4.3790
2540 5.5039
2541 6.2604
2542 3.4729
2543 0.0000
2544 4.0083
2545 0.0000
2546 3.6302
2547 0.0000
2548 5.2784
2549 -4.5961
2550 0.8982
2551 1.6661
2552 6.3438
2553 3.8507
2554 3.5141
2555 4.9758
2556 0.0000
2557 2.9393
2558 4.2391
2559 2.2959
2560 8.9490
2561 -1.6789
2562 4.6928
2563 0.0000
2564 5.4797
2565 5.5108
2566 2.3135
2567 0.6192
2568 3.5020
2569 -0.3287
2570 0.0000
2571 0.5329
2572 6.2955
2573 7.9552
2574 0.1654
2575 3.8450
2576 1.7365
2577 0.0000
2578 -2.4772
2579 8.7447
2580 8.1068
2581 5.4893
2582 10.5030
2583 0.3273
2584 0.0000
2585 2.0672
2586 1.6835
2587 1.5819
2588 -1.7443
2589 -0.4321
2590 0.8681
2591 0.0000
2592 -2.0241
2593 -0.9264
2594 9.8799
2595 7.4942
2596 8.9129
2597 3.0477
2598 0.0000
2599 -0.9454
2600 10.4343
2601 -1.2855
2602 5.0966
2603 -0.1080
2604 -3.7099
2605 0.0000
2606 -5.4449
2607 9.3693
2608 -1.9569
2609 8.0305
2610 1.0790
2611 2.8008
2612 0.0000
2613 1.1901
2614 -0.1345
2615 1.3632
2616 5.6136
2617 -1.6576
2618 0.9758
2619 0.0000
2620 -1.8282
2621 -1.5087
2622 3.2976
2623 11.0460
2624 3.5774
2625 1.8094
2626 0.0000
2627 5.2448
2628 4.4376
2629 0.4748
2630 -1.4041
2631 2.7220
2632 -2.7990
2633 0.0000
2634 1.2982
2635 5.8782
2636 2.4891
2637 3.9253
2638 9.9487
2639 2.3281
2640 0.0000
2641 -1.1843
2642 3.9810
2643 -3.5617
2644 7.0386
2645 6.9351
2646 12.4298
2647 0.0000
2648 -3.3098
2649 6.5347
2650 3.7692
2651 2.3216
2652 4.7591
2653 1.2623
2654 0.0000
2655 -11.3940
2656 4.3556
2657 5.2274
2658 6.1195
2659 -6.7413
2660 1.2542
2661 0.0000
2662 7.4297
2663 0.0000
2664 5.4108
2665 0.0000
2666 2.8751
2667 0.0000
2668 8.0524
2669 2.4547
2670 0.0000
2671 3.3534
2672 -3.1435
2673 6.4354
2674 2.0658
2675 0.0000
2676 -4.1341
2677 2.1622
2678 5.2842
2679 0.0000
2680 3.6280
2681 -0.6569
2682 3.7866
2683 0.0000
2684 4.3495
2685 -1.1089
2686 -0.9295
2687 -1.0380
2688 3.0458
2689 2.0140
2690 5.3385
2691 11.3010
2692 5.7175
2693 0.0000
2694 2.5624
2695 7.5829
2696 0.0539
2697 2.3074
2698 6.0401
2699 -1.7964
2700 0.0000
2701 0.9263
2702 9.9602
2703 7.5718
2704 8.2692
2705 5.8010
2706 -0.6463
2707 0.0000
2708 -0.2161
2709 -1.4515
2710 12.8094
2711 6.1911
2712 10.5814
2713 5.9650
2714 0.0000
2715 2.2034
2716 0.4717
2717 4.3921
2718 3.4758
2719 0.0159
2720 -1.7475
2721 0.0000
2722 -0.5996
2723 4.6702
2724 4.4142
2725 2.6523
2726 0.7291
2727 4.2586
2728 0.0000
2729 3.2844
2730 6.3857
2731 5.0710
2732 1.3183
2733 -1.4966
2734 7.0243
2735 0.0000
2736 2.5632
2737 7.0632
2738 8.0267
2739 3.4533
2740 2.8800
2741 4.3166
2742 0.0000
2743 -0.0926
2744 7.2007
2745 2.4220
2746 4.5625
2747 6.0471
2748 6.1718
2749 0.0000
2750 -5.7890
2751 3.9067
2752 7.9654
2753 -3.2363
2754 9.3756
2755 3.6918
2756 0.0000
2757 11.1053
2758 3.7314
2759 4.9249
2760 6.4110
2761 8.5981
2762 5.1544
2763 0.0000
2764 -0.1629
2765 2.9207
2766 -0.5052
2767 -3.1575
2768 2.4110
2769 3.0668
2770 0.0000
2771 -1.0075
2772 -2.0625
2773 0.0000
2774 5.9573
2775 -1.4936
2776 4.8827
2777 3.6701
2778 1.2438
2779 6.8265
2780 -1.0276
2781 -4.7513
2782 0.0000
2783 0.1179
2784 2.1305
2785 0.0000
2786 2.8187
2787 0.0000
2788 1.2439
2789 0.0000
2790 -6.2238
2791 8.5248
2792 0.0000
2793 3.4218
2794 11.8763
2795 0.0000
2796 0.4887
2797 -2.1689
2798 -1.3022
2799 0.0000
2800 -4.2577
2801 -0.8203
2802 0.0000
2803 6.9651
2804 -0.6742
2805 0.6328
2806 0.0000
2807 4.3238
2808 4.5583
2809 0.0000
2810 0.1944
2811 6.8273
2812 2.2903
2813 0.0000
2814 4.4941
2815 10.8537
2816 0.0000
2817 3.1157
2818 4.8192
2819 10.9888
2820 0.0000
2821 1.5248
2822 -6.1184
2823 0.0000
2824 3.0137
2825 3.7200
2826 7.6442
2827 0.0000
2828 5.6088
2829 2.9305
2830 0.0000
2831 -2.0871
2832 8.2925
2833 8.9465
2834 0.0000
2835 3.4744
2836 5.0598
2837 0.0000
2838 -3.6495
2839 3.1226
2840 0.4091
2841 0.0000
2842 -9.1354
2843 2.1405
2844 0.0000
2845 6.0618
2846 5.0419
2847 0.9260
2848 0.0000
2849 -0.9532
2850 6.0439
2851 0.0000
2852 0.1034
2853 -1.7603
2854 -1.8448
2855 0.0000
2856 6.3051
2857 1.3903
2858 0.0000
2859 7.6788
2860 4.0026
2861 4.0115
2862 0.0000
2863 -3.8955
2864 1.1130
2865 0.0000
2866 9.2051
2867 5.0779
2868 -2.6811
2869 0.0000
2870 1.7593
2871 1.7382
2872 0.0000
2873 2.5952
2874 2.5978
2875 -3.2405
2876 0.0000
2877 -0.9902
2878 -1.4837
2879 0.0000
2880 0.4913
2881 3.3748
2882 3.9569
2883 0.0000
2884 6.8568
2885 3.1545
2886 0.0000
2887 4.4319
2888 7.3759
2889 0.0195
2890 0.0000
2891 -3.4185
2892 6.3832
2893 0.0000
2894 4.3107
2895 3.8057
2896 0.1804
2897 0.0000
2898 3.2755
2899 8.0140
2900 0.0000
2901 7.1416
2902 4.1254
2903 2.3102
2904 0.0000
2905 -3.0720
2906 0.0000
2907 5.4297
2908 0.0000
2909 2.3700
2910 4.9556
2911 0.0000
2912 2.6409
2913 0.0000
2914 12.5256
2915 0.0000
2916 2.7810
2917 -1.5544
2918 1.8508
2919 0.0000
2920 0.4936
2921 -0.3449
2922 -1.0674
2923 0.0000
2924 5.0199
2925 2.4935
2926 6.5108
2927 0.0000
2928 1.9356
2929 0.0000
2930 -0.7601
2931 0.0000
2932 -4.1548
2933 3.9261
2934 0.0000
2935 2.2096
2936 0.0000
2937 3.7535
2938 0.8779
2939 5.1156
2940 1.9810
2941 3.2441
2942 6.6585
2943 -1.6597
2944 0.7416
2945 4.3180
2946 5.5607
2947 4.7269
2948 2.4940
2949 0.1334
2950 4.5941
2951 7.9739
2952 4.2909
2953 0.0000
2954 3.6983
2955 -0.2474
2956 -0.9112
2957 4.6985
2958 -0.5255
2959 2.9033
2960 -2.2083
2961 3.3874
2962 0.0000
2963 6.5109
2964 2.1352
2965 0.4206
2966 4.8450
2967 4.0947
2968 -5.5683
2969 0.0000
2970 -1.5512
2971 7.5199
2972 -1.3901
2973 0.0000
2974 10.6537
2975 1.1620
2976 3.2386
2977 -0.1616
2978 2.2942
2979 9.7104
2980 6.8267
2981 4.0532
2982 0.0000
2983 2.8746
2984 2.8906
2985 11.8959
2986 -2.0234
2987 -3.6967
2988 5.2800
2989 0.0000
2990 2.0159
2991 2.6559
2992 5.6345
2993 0.0000
2994 5.8634
2995 -4.3356
2996 2.5860
2997 6.9341
2998 2.6212
2999 7.5396
3000 1.3081
3001 3.4503
3002 0.0000
3003 3.7557
3004 6.0007
3005 6.0788
3006 1.9367
3007 4.6314
3008 3.3698
3009 0.0000
3010 -3.1551
3011 14.6123
3012 3.2527
3013 0.0000
3014 5.4106
3015 5.1656
3016 5.9499
3017 -0.5751
3018 1.0627
3019 11.1043
3020 1.9134
3021 3.0276
3022 0.0000
3023 7.8035
3024 6.3733
3025 0.9178
3026 6.0075
3027 4.0981
3028 8.1743
3029 0.0000
3030 1.8337
3031 5.4602
3032 3.9507
3033 2.0443
3034 6.3991
3035 4.2390
3036 2.5349
3037 2.2638
3038 5.9626
3039 5.4833
3040 -4.5061
3041 4.2981
3042 7.3770
3043 4.5768
3044 0.0000
3045 -11.1179
3046 0.4391
3047 -0.4486
3048 16.9926
3049 -1.9048
3050 7.6531
3051 0.2971
3052 -2.4442
3053 0.0000
3054 5.9228
3055 3.7454
3056 0.9985
3057 2.4749
3058 6.1072
3059 7.8620
3060 0.0000
3061 3.5046
3062 3.6224
3063 12.5250
3064 0.0000
3065 5.0884
3066 6.4513
3067 -4.0836
3068 5.1853
3069 0.7338
3070 9.6307
3071 7.1037
3072 3.1530
3073 0.0000
3074 9.0849
3075 5.2725
3076 1.1583
3077 0.5056
3078 4.2661
3079 4.2017
3080 0.0000
3081 -0.1996
3082 1.5014
3083 5.6066
3084 0.0000
3085 0.7640
3086 -2.7864
3087 -1.3223
3088 8.1898
3089 10.0742
3090 3.4728
3091 4.5669
3092 3.9597
3093 0.0000
3094 13.4609
3095 -1.4933
3096 2.1387
3097 3.1659
3098 8.0684
3099 -4.4878
3100 0.0000
3101 1.1817
3102 5.9379
3103 3.8048
3104 0.0000
3105 9.3037
3106 -2.3911
3107 4.9610
3108 3.1812
3109 -3.7016
3110 8.3948
3111 13.2906
3112 -4.9559
3113 0.0000
3114 3.4342
3115 4.3283
3116 1.4004
3117 9.3410
3118 2.7610
3119 2.4457
3120 0.0000
3121 0.8434
3122 8.1053
3123 4.8174
3124 1.1033
3125 0.4728
3126 3.8059
3127 11.0464
3128 3.9231
3129 5.1176
3130 6.4905
3131 10.3095
3132 4.1094
3133 -0.7756
3134 -2.4033
3135 0.0000
3136 10.0886
3137 4.4815
3138 2.5217
3139 4.8761
3140 -9.8850
3141 4.2897
3142 -8.4629
3143 6.9850
3144 0.0000
3145 5.8054
3146 2.1799
3147 8.9610
3148 1.0205
3149 10.3480
3150 7.6161
3151 0.0000
3152 -0.3184
3153 8.5796
3154 -3.3138
3155 0.0000
3156 0.4884
3157 -1.7171
3158 -1.6142
3159 5.9673
3160 -1.0927
3161 0.4884
3162 1.2442
3163 4.0327
3164 0.0000
3165 10.2988
3166 -1.4981
3167 -6.8138
3168 8.8167
3169 4.7776
3170 4.4941
3171 0.0000
3172 2.8977
3173 9.0167
3174 0.2469
3175 0.0000
3176 14.0870
3177 4.6227
3178 1.4612
3179 6.6464
3180 -0.4384
3181 1.0070
3182 -2.0015
3183 5.9607
3184 0.0000
3185 6.8689
3186 12.2505
3187 6.3182
3188 8.2251
3189 0.6850
3190 3.4034
3191 0.0000
3192 1.2122
3193 6.6103
3194 6.4838
3195 0.0000
3196 3.6319
3197 -3.6140
3198 8.5269
3199 0.0412
3200 -4.6071
3201 -4.7916
3202 -4.2211
3203 2.3523
3204 0.0000
3205 -1.7155
3206 10.2879
3207 7.8762
3208 13.0111
3209 3.0262
3210 4.5878
3211 0.0000
3212 2.3951
3213 6.5675
3214 -0.1395
3215 0.6702
3216 3.8708
3217 10.2000
3218 11.5295
3219 -1.5484
3220 4.7220
3221 7.9415
3222 -0.2426
3223 -2.0395
3224 5.9188
3225 6.8762
3226 0.0000
3227 -0.5935
3228 -8.3323
3229 0.0246
3230 2.4337
3231 3.5300
3232 5.0140
3233 6.0896
3234 3.4316
3235 0.0000
3236 2.9004
3237 7.0162
3238 2.8521
3239 8.4278
3240 3.9236
3241 -1.2715
3242 0.0000
3243 -8.2836
3244 8.9642
3245 7.4432
3246 0.0000
3247 4.6831
3248 2.4162
3249 4.8406
3250 4.4607
3251 -0.4168
3252 6.7594
3253 5.5650
3254 -0.0831
3255 0.0000
3256 -0.3960
3257 5.4157
3258 -0.2179
3259 8.8934
3260 4.1926
3261 6.7221
3262 0.0000
3263 -2.8525
3264 3.9076
3265 6.4852
3266 0.0000
3267 0.7327
3268 0.4560
3269 4.0096
3270 -0.2373
3271 6.0025
3272 7.3479
3273 7.7706
3274 6.8214
3275 0.0000
3276 7.8522
3277 5.5672
3278 4.3337
3279 -1.2596
3280 1.1283
3281 -2.6614
3282 0.0000
3283 -1.3062
3284 9.2157
3285 -2.8479
3286 0.0000
3287 0.3673
3288 0.6459
3289 1.6183
3290 6.5812
3291 1.1650
3292 13.8224
3293 3.3436
3294 7.7796
3295 0.0000
3296 8.3513
3297 -0.1121
3298 -5.1870
3299 11.2371
3300 2.5843
3301 5.3456
3302 0.0000
3303 5.8817
3304 0.0000
3305 7.9585
3306 0.0000
3307 0.3404
3308 -4.8935
3309 -6.8152
3310 2.9498
3311 2.7439
3312 -1.7051
3313 8.4065
3314 -1.5815
3315 0.0000
3316 8.9791
3317 4.6572
3318 -2.4412
3319 3.9052
3320 1.3721
3321 0.7045
3322 0.0000
3323 -2.3272
3324 6.4753
3325 -1.2523
3326 12.1084
3327 -0.1456
3328 6.2209
3329 0.0000
3330 2.6642
3331 4.3265
3332 10.1515
3333 5.5948
3334 2.5502
3335 9.6879
3336 0.0000
3337 11.1806
3338 3.2108
3339 6.1341
3340 5.1652
3341 4.3935
3342 -1.4006
3343 0.0000
3344 -1.8037
3345 -2.0257
3346 5.8371
3347 -0.2108
3348 -8.0466
3349 4.2136
3350 0.0000
3351 7.9024
3352 7.6040
3353 7.8064
3354 7.2057
3355 3.1086
3356 0.7868
3357 0.0000
3358 0.3686
3359 1.8618
3360 12.5711
3361 0.7164
3362 10.9029
3363 -0.4059
3364 0.0000
3365 3.0955
3366 1.1640
3367 0.4059
3368 3.9131
3369 11.0416
3370 8.1941
3371 0.0000
3372 -0.1969
3373 8.1674
3374 4.1511
3375 2.0581
3376 3.7629
3377 2.0392
3378 0.0000
3379 4.8502
3380 10.8778
3381 4.7234
3382 -2.6089
3383 5.1610
3384 5.4017
3385 0.0000
3386 7.3739
3387 1.9537
3388 4.4013
3389 11.6732
3390 5.4149
3391 3.4001
3392 0.0000
3393 -3.3875
3394 11.6354
3395 3.2307
3396 0.8757
3397 1.3487
3398 6.6704
3399 0.0000
3400 6.8358
3401 4.1143
3402 2.6399
3403 1.6943
3404 11.2618
3405 3.8726
3406 0.0000
3407 5.7451
3408 6.5531
3409 -4.0313
3410 0.2449
3411 8.0796
3412 6.1621
3413 0.0000
3414 2.9795
3415 5.6206
3416 7.1750
3417 -1.7375
3418 0.4330
3419 1.1153
3420 0.0000
3421 -4.7340
3422 0.0000
3423 2.9552
3424 0.0000
3425 6.9993
3426 0.0000
3427 -0.0508
3428 -1.0880
3429 0.0000
3430 -3.6744
3431 11.8598
3432 4.1135
3433 2.7686
3434 0.0000
3435 -3.6631
3436 3.3098
3437 -9.6262
3438 0.0000
3439 -3.3639
3440 2.6253
3441 0.9448
3442 0.0000
3443 5.2154
3444 9.5589
3445 7.6284
3446 4.5504
3447 4.0722
3448 6.9923
3449 6.1098
3450 0.8568
3451 6.5963
3452 0.0000
3453 -3.7334
3454 2.0118
3455 -0.5786
3456 -2.6695
3457 4.2574
3458 0.7658
3459 0.0000
3460 8.8659
3461 11.3814
3462 3.9153
3463 4.3616
3464 -2.0149
3465 -4.3305
3466 0.0000
3467 -1.4961
3468 9.1867
3469 0.3530
3470 -2.2936
3471 -7.4912
3472 4.7822
3473 0.0000
3474 2.4693
3475 4.9201
3476 -6.0175
3477 11.8300
3478 0.7090
3479 13.1625
3480 0.0000
3481 1.4465
3482 5.8112
3483 -1.0367
3484 4.8427
3485 1.7919
3486 3.2264
3487 0.0000
3488 4.9916
3489 9.4638
3490 8.5681
3491 8.0190
3492 2.8092
3493 0.3743
3494 0.0000
3495 -0.8908
3496 4.5300
3497 1.4059
3498 5.3851
3499 5.0735
3500 2.0861
3501 0.0000
3502 -1.9421
3503 5.5669
3504 4.6795
3505 0.6487
3506 -6.6222
3507 3.0143
3508 0.0000
3509 -1.3034
3510 0.2596
3511 11.4951
3512 7.9024
3513 4.6142
3514 9.7894
3515 0.0000
3516 -3.2042
3517 9.7534
3518 -1.2099
3519 0.2951
3520 4.2851
3521 7.7602
3522 0.0000
3523 -2.0352
3524 8.1730
3525 3.4331
3526 4.2947
3527 1.3495
3528 0.5465
3529 0.0000
3530 1.9766
3531 1.9071
3532 0.0000
3533 3.8888
3534 3.3985
3535 -0.2224
3536 3.6976
3537 9.6313
3538 1.0898
3539 0.1228
3540 -3.2221
3541 0.0000
3542 -7.3241
3543 3.0592
3544 0.0000
3545 -3.8722
3546 0.0000
3547 -0.9469
3548 0.0000
3549 -1.1661
3550 2.8167
3551 0.0000
3552 5.7832
3553 6.1742
3554 0.0000
3555 9.8963
3556 2.5252
3557 -5.6482
3558 0.0000
3559 1.8198
3560 4.7261
3561 0.0000
3562 7.7839
3563 -0.8581
3564 2.1924
3565 0.0000
3566 4.4459
3567 -2.2752
3568 0.0000
3569 1.7354
3570 2.7222
3571 3.1868
3572 0.0000
3573 2.4924
3574 7.1313
3575 0.0000
3576 7.6126
3577 5.1455
3578 3.1614
3579 0.0000
3580 2.6633
3581 3.9978
3582 0.0000
3583 2.0656
3584 3.6477
3585 1.7520
3586 0.0000
3587 -3.5343
3588 7.5068
3589 0.0000
3590 5.1405
3591 8.0616
3592 1.2023
3593 0.0000
3594 3.7073
3595 3.2148
3596 0.0000
3597 6.8158
3598 5.4603
3599 2.4660
3600 0.0000
3601 -0.2870
3602 2.2680
3603 0.0000
3604 -1.3555
3605 17.8255
3606 4.4944
3607 0.0000
3608 -6.0149
3609 5.7395
3610 0.0000
3611 2.6850
3612 5.3119
3613 4.2930
3614 0.0000
3615 -1.6079
3616 6.0687
3617 0.0000
3618 8.2668
3619 -3.2512
3620 4.2163
3621 0.0000
3622 -1.6936
3623 -1.2681
3624 0.0000
3625 4.5434
3626 2.5161
3627 4.3127
3628 0.0000
3629 -1.4138
3630 5.4265
3631 0.0000
3632 4.6158
3633 7.3393
3634 2.8702
3635 0.0000
3636 -2.7242
3637 -1.2031
3638 0.0000
3639 1.6543
3640 4.2331
3641 7.3886
3642 0.0000
3643 5.9153
3644 -0.2486
3645 0.0000
3646 1.1356
3647 1.0346
3648 -3.4032
3649 0.0000
3650 5.5811
3651 3.6182
3652 0.0000
3653 3.4235
3654 9.3518
3655 12.2009
3656 0.0000
3657 -0.8948
3658 8.8748
3659 0.0000
3660 12.4880
3661 3.7818
3662 1.5868
3663 0.0000
3664 0.1266
3665 0.0000
3666 3.1312
3667 0.0000
3668 0.5905
3669 5.9611
3670 0.0000
3671 3.5055
3672 0.0000
3673 0.3830
3674 0.0000
3675 2.9372
3676 6.9852
3677 0.5423
3678 0.0000
3679 -5.3886
3680 4.1422
3681 2.7433
3682 0.0000
3683 6.7006
3684 -0.8348
3685 9.0415
3686 0.0000
3687 1.3949
3688 0.0000
3689 7.3689
3690 0.0000
3691 3.5688
3692 1.6402
3693 0.0000
3694 7.2337
3695 0.0000
3696 3.0391
3697 9.8270
3698 2.5157
3699 7.3754
3700 5.6605
3701 0.8537
3702 2.1069
3703 7.0549
3704 2.0575
3705 2.3082
3706 11.1336
3707 2.2222
3708 10.4290
3709 5.3428
3710 1.7588
3711 5.9303
3712 0.0000
3713 2.0799
3714 -1.8652
3715 2.7630
3716 -1.8239
3717 -0.6635
3718 11.0759
3719 3.5835
3720 2.4113
3721 0.0000
3722 2.7459
3723 4.5316
3724 -1.6074
3725 1.1454
3726 1.6409
3727 4.5130
3728 0.0000
3729 6.1743
3730 9.4800
3731 1.0775
3732 0.0000
3733 3.8237
3734 3.8216
3735 4.0073
3736 0.2096
3737 4.1775
3738 -0.3475
3739 5.1447
3740 3.1035
3741 0.0000
3742 9.0534
3743 0.7506
3744 0.7033
3745 8.3759
3746 9.4588
3747 5.9568
3748 0.0000
3749 2.0687
3750 0.4455
3751 7.1194
3752 0.0000
3753 -3.3822
3754 2.9716
3755 2.1701
3756 8.0135
3757 -1.6936
3758 -5.4731
3759 3.4831
3760 5.6679
3761 0.0000
3762 -1.1240
3763 8.3700
3764 5.8864
3765 0.6742
3766 3.8765
3767 1.4123
3768 0.0000
3769 -7.6886
3770 7.1478
3771 -1.5729
3772 0.0000
3773 7.3790
3774 1.2231
3775 0.8083
3776 10.3171
3777 -1.2387
3778 14.1184
3779 2.7158
3780 2.6003
3781 0.0000
3782 2.6988
3783 11.0574
3784 5.3694
3785 3.7460
3786 0.1691
3787 5.7011
3788 0.0000
3789 -2.7129
3790 -2.4542
3791 -0.7949
3792 1.7106
3793 0.3496
3794 -1.5102
3795 4.9045
3796 -1.5130
3797 6.1185
3798 9.7710
3799 -0.6820
3800 1.1841
3801 -1.0132
3802 11.6221
3803 0.0000
3804 5.1380
3805 -2.9581
3806 9.0145
3807 1.6983
3808 1.4407
3809 6.1844
3810 3.9802
3811 6.8096
3812 0.0000
3813 4.6176
3814 -0.2596
3815 2.8257
3816 -7.0264
3817 4.6550
3818 0.4224
3819 0.0000
3820 3.6020
3821 -5.1854
3822 9.7816
3823 0.0000
3824 6.9466
3825 -1.7163
3826 -5.4144
3827 8.5191
3828 -3.0326
3829 8.5733
3830 12.1230
3831 0.4147
3832 0.0000
3833 2.0465
3834 -9.7034
3835 10.0743
3836 2.0555
3837 4.0013
3838 -0.5048
3839 0.0000
3840 1.8198
3841 6.0912
3842 3.8540
3843 0.0000
3844 10.0733
3845 -7.2206
3846 -1.2369
3847 5.8195
3848 0.4153
3849 4.5051
3850 5.1926
3851 3.8279
3852 0.0000
3853 -5.9509
3854 0.4032
3855 5.9227
3856 2.2342
3857 -0.6863
3858 0.2289
3859 0.0000
3860 -5.7199
3861 3.6938
3862 7.0598
3863 0.0000
3864 -0.9290
3865 -4.4606
3866 7.6348
3867 3.0910
3868 0.5457
3869 -5.7746
3870 -2.5210
3871 4.8989
3872 0.0000
3873 2.1554
3874 1.8872
3875 -0.7963
3876 4.8029
3877 8.7857
3878 7.0125
3879 0.0000
3880 1.0154
3881 -0.7543
3882 1.8282
3883 0.4853
3884 7.1017
3885 -2.2653
3886 11.2872
3887 -1.7367
3888 6.6216
3889 7.4478
3890 2.3769
3891 2.5724
3892 5.5174
3893 -2.3107
3894 0.0000
3895 6.1680
3896 -2.1333
3897 8.3815
3898 3.6799
3899 8.5218
3900 2.9339
3901 -0.2451
3902 5.5625
3903 0.0000
3904 1.5049
3905 0.4625
3906 2.5597
3907 -0.9026
3908 5.4234
3909 6.7316
3910 0.0000
3911 -1.8704
3912 6.3309
3913 11.4982
3914 0.0000
3915 5.2718
3916 6.2215
3917 5.8244
3918 7.6989
3919 -0.2379
3920 -8.0418
3921 -0.1343
3922 1.7694
3923 0.0000
3924 8.1354
3925 2.6445
3926 0.8864
3927 5.8621
3928 3.9759
3929 -1.9170
3930 0.0000
3931 -1.8199
3932 0.6576
3933 6.3720
3934 0.0000
3935 -0.8984
3936 -0.4780
3937 6.2101
3938 4.3638
3939 6.4498
3940 8.5204
3941 1.9408
3942 5.3024
3943 0.0000
3944 7.5602
3945 2.8893
3946 1.1124
3947 -0.3114
3948 9.0215
3949 0.0019
3950 0.0000
3951 -4.7932
3952 6.9221
3953 10.5740
3954 0.0000
3955 -6.4105
3956 1.7210
3957 2.4154
3958 6.7299
3959 -5.3400
3960 14.0639
3961 6.9983
3962 5.2256
3963 0.0000
3964 8.9492
3965 2.5821
3966 4.7605
3967 5.7268
3968 0.3790
3969 6.9023
3970 0.0000
3971 -2.3324
3972 4.1440
3973 -8.4816
3974 3.8613
3975 -6.6921
3976 0.6614
3977 10.1573
3978 -0.6615
3979 1.7448
3980 4.6871
3981 6.6241
3982 6.8112
3983 2.1089
3984 0.7635
3985 0.0000
3986 8.7754
3987 4.4074
3988 8.7537
3989 5.1649
3990 -5.1153
3991 10.9605
3992 5.0925
3993 -2.3199
3994 0.0000
3995 8.6773
3996 13.3620
3997 0.1751
3998 5.7698
3999 2.9039
4000 1.2977
4001 0.0000
4002 2.6103
4003 3.3423
4004 5.0990
4005 0.0000
4006 4.6201
4007 -2.5988
4008 -0.1429
4009 -2.9695
4010 -3.7080
4011 12.0687
4012 11.1365
4013 -0.5345
4014 0.0000
4015 -6.1326
4016 11.5652
4017 8.0308
4018 7.1540
4019 0.8335
4020 4.6118
4021 0.0000
4022 5.9903
4023 5.6920
4024 2.3814
4025 0.0000
4026 5.5101
4027 3.0375
4028 8.6232
4029 5.3413
4030 0.1872
4031 16.3404
4032 0.8270
4033 6.1040
4034 0.0000
4035 8.1552
4036 4.5991
4037 1.2655
4038 11.7474
4039 7.3929
4040 3.7010
4041 0.0000
4042 -3.8143
4043 2.9035
4044 3.2941
4045 0.0000
4046 -0.3658
4047 -0.6831
4048 3.4627
4049 -0.2749
4050 2.0212
4051 14.4369
4052 2.7096
4053 4.5337
4054 0.0000
4055 6.5911
4056 9.0119
4057 4.8227
4058 12.7208
4059 5.1435
4060 -4.9303
4061 0.0000
4062 -0.4674
4063 0.0000
4064 3.9726
4065 0.0000
4066 5.1688
4067 -3.7054
4068 0.3846
4069 5.0590
4070 7.0558
4071 1.2237
4072 7.9607
4073 0.5128
4074 0.0000
4075 3.7151
4076 6.4109
4077 1.9909
4078 3.8129
4079 0.7443
4080 -1.8655
4081 0.0000
4082 3.0228
4083 6.7572
4084 3.6251
4085 3.6898
4086 -3.4946
4087 2.4165
4088 0.0000
4089 8.0349
4090 1.9291
4091 7.1296
4092 -2.7263
4093 0.2394
4094 3.2664
4095 0.0000
4096 0.3411
4097 -0.5577
4098 1.6766
4099 5.1804
4100 5.8964
4101 7.6795
4102 0.0000
4103 -4.1931
4104 4.7214
4105 4.1793
4106 9.7190
4107 7.5192
4108 4.1311
4109 0.0000
4110 4.6118
4111 -1.4912
4112 7.2417
4113 7.3405
4114 3.8010
4115 10.7572
4116 0.0000
4117 2.5212
4118 1.3942
4119 -3.9052
4120 2.3071
4121 4.1505
4122 3.2437
4123 0.0000
4124 -4.7592
4125 12.4085
4126 1.3473
4127 2.8684
4128 9.4222
4129 5.5015
4130 0.0000
4131 -4.3322
4132 8.1492
4133 7.8859
4134 -1.6994
4135 -0.6533
4136 5.1654
4137 0.0000
4138 2.0186
4139 4.8741
4140 4.2178
4141 5.7539
4142 -1.0046
4143 -2.5717
4144 0.0000
4145 -1.1195
4146 1.9625
4147 6.1046
4148 6.6050
4149 1.3038
4150 -0.2270
4151 0.0000
4152 -0.2210
4153 4.8910
4154 15.2231
4155 2.9358
4156 -7.4650
4157 1.5728
4158 0.0000
4159 -1.6852
4160 -0.1362
4161 6.6676
4162 6.6051
4163 1.1843
4164 8.3863
4165 0.0000
4166 0.7116
4167 7.1591
4168 8.1824
4169 9.8995
4170 8.4029
4171 2.2188
4172 0.0000
4173 4.7419
4174 11.5356
4175 6.0235
4176 11.7733
4177 -2.0472
4178 4.7742
4179 0.0000
4180 1.8675
4181 0.0000
4182 7.3387
4183 0.0000
4184 2.8475
4185 0.0000
4186 -0.1313
4187 12.9576
4188 0.0000
4189 2.8169
4190 7.8689
4191 0.9260
4192 3.6770
4193 0.0000
4194 2.5352
4195 1.0838
4196 1.6761
4197 0.0000
4198 5.3893
4199 5.3535
4200 0.3801
4201 0.0000
4202 2.5399
4203 9.7936
4204 -2.6094
4205 -5.4443
4206 6.1710
4207 9.2448
4208 0.6028
4209 0.8632
4210 -0.3014
4211 0.0000
4212 4.7989
4213 3.4346
4214 -0.3947
4215 -1.4183
4216 -10.3408
4217 2.7445
4218 0.0000
4219 4.8209
4220 3.0439
4221 5.7837
4222 8.0159
4223 0.3833
4224 2.8915
4225 0.0000
4226 4.3828
4227 -9.1460
4228 -0.3007
4229 7.6421
4230 6.7236
4231 1.4590
4232 0.0000
4233 9.0503
4234 7.1857
4235 6.7333
4236 3.7693
4237 1.4690
4238 5.9618
4239 0.0000
4240 2.2621
4241 5.1227
4242 4.4930
4243 12.1128
4244 3.5337
4245 -0.0926
4246 0.0000
4247 -4.4679
4248 5.5019
4249 4.5256
4250 2.8567
4251 3.5145
4252 4.6891
4253 0.0000
4254 1.6982
4255 8.6439
4256 -7.7569
4257 0.2993
4258 2.8162
4259 1.7592
4260 0.0000
4261 3.3718
4262 -0.1828
4263 2.1455
4264 3.3062
4265 4.9569
4266 3.3925
4267 0.0000
4268 8.3928
4269 0.2186
4270 -0.4971
4271 3.2504
4272 -5.3604
4273 5.5758
4274 0.0000
4275 -4.2746
4276 2.4331
4277 5.4406
4278 2.0158
4279 1.6249
4280 8.1869
4281 0.0000
4282 3.5816
4283 13.5016
4284 6.3865
4285 12.2887
4286 5.9110
4287 8.5336
4288 0.0000
4289 -9.7342
4290 -0.5452
4291 0.0000
4292 11.9461
4293 8.3895
4294 6.1888
4295 4.0847
4296 2.8260
4297 0.1818
4298 -4.2655
4299 -1.2107
4300 0.0000
4301 -5.4031
4302 0.5916
4303 0.0000
4304 3.2212
4305 0.0000
4306 7.3666
4307 0.0000
4308 8.7891
4309 4.3601
4310 0.0000
4311 6.7678
4312 6.4077
4313 0.0000
4314 -4.6813
4315 -1.3039
4316 -1.3895
4317 0.0000
4318 3.2134
4319 3.0350
4320 0.0000
4321 -4.6013
4322 3.7606
4323 -2.0538
4324 0.0000
4325 1.7983
4326 1.4527
4327 0.0000
4328 2.8481
4329 -0.4200
4330 6.8368
4331 0.0000
4332 3.8209
4333 -0.0052
4334 0.0000
4335 -0.2525
4336 -1.5785
4337 2.1852
4338 0.0000
4339 4.7806
4340 9.8215
4341 0.0000
4342 4.4564
4343 13.4634
4344 5.4248
4345 0.0000
4346 -2.3392
4347 0.8752
4348 0.0000
4349 8.4147
4350 4.5174
4351 4.8573
4352 0.0000
4353 6.0373
4354 10.5065
4355 0.0000
4356 3.8309
4357 4.4341
4358 1.9504
4359 0.0000
4360 0.3939
4361 5.2840
4362 0.0000
4363 4.4273
4364 2.1299
4365 1.7202
4366 0.0000
4367 6.7212
4368 -0.1984
4369 0.0000
4370 5.4230
4371 4.6822
4372 4.3859
4373 0.0000
4374 3.8582
4375 9.6227
4376 0.0000
4377 0.7026
4378 0.8857
4379 0.2718
4380 0.0000
4381 -2.8408
4382 4.9130
4383 0.0000
4384 0.6170
4385 5.9132
4386 3.9231
4387 0.0000
4388 3.3945
4389 4.5179
4390 0.0000
4391 9.6381
4392 2.6955
4393 6.7718
4394 0.0000
4395 -1.3625
4396 3.9175
4397 0.0000
4398 8.1339
4399 6.1902
4400 2.2995
4401 0.0000
4402 2.6872
4403 0.9151
4404 0.0000
4405 -4.5858
4406 8.4674
4407 12.4524
4408 0.0000
4409 -2.0395
4410 13.2549
4411 0.0000
4412 3.1655
4413 1.4931
4414 6.1320
4415 0.0000
4416 1.4613
4417 0.4255
4418 0.0000
4419 -0.3252
4420 11.6577
4421 -2.0382
4422 0.0000
4423 -5.0690
4424 0.0000
4425 1.4385
4426 0.0000
4427 -0.6133
4428 5.8513
4429 0.0000
4430 0.5281
4431 0.0000
4432 -4.0628
4433 0.0000
4434 4.2836
4435 2.5045
4436 -2.3320
4437 0.0000
4438 1.4193
4439 -3.4047
4440 2.8458
4441 0.0000
4442 5.5405
4443 7.2273
4444 4.2953
4445 0.0000
4446 2.8614
4447 0.0000
4448 5.6760
4449 0.0000
4450 3.8825
4451 5.7126
4452 0.0000
4453 -0.2611
4454 0.0000
4455 6.6448
4456 -1.4881
4457 8.3517
4458 6.1202
4459 5.3030
4460 1.0101
4461 -0.8640
4462 1.1274
4463 8.3570
4464 7.7177
4465 6.0991
4466 6.1766
4467 7.9263
4468 3.6924
4469 4.7061
4470 1.0802
4471 0.0000
4472 1.1934
4473 2.2816
4474 3.3705
4475 2.8572
4476 -0.8812
4477 -3.2004
4478 -3.7913
4479 9.2542
4480 0.0000
4481 2.8720
4482 5.7511
4483 3.4401
4484 3.3948
4485 1.9347
4486 -1.5605
4487 0.0000
4488 2.5918
4489 2.6091
4490 -0.4460
4491 0.0000
4492 0.1971
4493 -1.8369
4494 8.6504
4495 2.3995
4496 -3.7104
4497 1.7619
4498 -0.2725
4499 4.0215
4500 0.0000
4501 4.2857
4502 14.0451
4503 0.7410
4504 4.3449
4505 -2.7567
4506 5.0232
4507 0.0000
4508 -11.2085
4509 2.7692
4510 5.2802
4511 0.0000
4512 1.6120
4513 1.8112
4514 3.9902
4515 3.4826
4516 -4.5896
4517 11.6168
4518 6.4357
4519 11.4203
4520 0.0000
4521 6.8437
4522 5.4477
4523 -0.9747
4524 1.6878
4525 5.3226
4526 -7.3345
4527 0.0000
4528 7.4891
4529 -3.6615
4530 4.6285
4531 0.0000
4532 -0.6777
4533 0.6637
4534 2.4525
4535 6.3036
4536 1.7214
4537 18.1030
4538 0.0407
4539 5.8094
4540 0.0000
4541 2.4252
4542 3.2380
4543 -3.7786
4544 2.5365
4545 5.9506
4546 7.6575
4547 0.0000
4548 5.8283
4549 2.2761
4550 8.7200
4551 5.1297
4552 1.8417
4553 3.2583
4554 5.4939
4555 4.4655
4556 8.1702
4557 1.6749
4558 1.8298
4559 -2.7316
4560 11.6291
4561 5.2633
4562 0.0000
4563 5.2977
4564 -5.4070
4565 7.3540
4566 4.7847
4567 0.8659
4568 4.7092
4569 -0.9804
4570 3.0684
4571 0.0000
4572 3.4779
4573 3.8908
4574 4.1918
4575 3.7774
4576 -0.3959
4577 -2.0251
4578 0.0000
4579 5.0423
4580 0.9385
4581 2.8612
4582 0.0000
4583 6.6715
4584 -1.9163
4585 6.8995
4586 4.9403
4587 1.4270
4588 2.8276
4589 -2.1660
4590 0.2640
4591 0.0000
4592 2.6997
4593 5.2215
4594 -0.1281
4595 2.3240
4596 -0.0986
4597 -1.4792
4598 0.0000
4599 -8.3630
4600 2.2153
4601 4.2454
4602 0.0000
4603 -0.8461
4604 -4.1939
4605 6.7152
4606 4.9656
4607 3.6057
4608 5.0670
4609 -0.6743
4610 3.7522
4611 0.0000
4612 -8.1643
4613 7.7938
4614 4.0878
4615 0.5280
4616 -1.2962
4617 -4.6382
4618 0.0000
4619 -0.3686
4620 1.7940
4621 8.3435
4622 0.0000
4623 -0.9568
4624 1.3170
4625 0.7383
4626 2.3901
4627 7.7167
4628 7.3392
4629 5.3754
4630 10.2213
4631 0.0000
4632 5.8250
4633 -4.0449
4634 6.3930
4635 3.6803
4636 -0.1778
4637 8.4518
4638 0.0000
4639 -0.4151
4640 6.1246
4641 1.3753
4642 4.7482
4643 5.0782
4644 7.1970
4645 3.0412
4646 2.1704
4647 5.6151
4648 4.8007
4649 -1.3376
4650 -0.4250
4651 0.4476
4652 -1.2468
4653 0.0000
4654 8.3554
4655 3.7358
4656 2.4925
4657 1.9511
4658 5.6372
4659 13.0621
4660 1.8398
4661 0.0361
4662 0.0000
4663 1.9025
4664 -7.9758
4665 3.8611
4666 -0.1319
4667 2.0508
4668 5.7214
4669 0.0000
4670 6.2595
4671 10.1636
4672 1.9759
4673 0.0000
4674 7.3886
4675 0.9409
4676 9.1305
4677 -0.0880
4678 0.6227
4679 1.5318
4680 6.6408
4681 10.0083
4682 0.0000
4683 4.9478
4684 9.6313
4685 -0.8271
4686 -4.0155
4687 3.2174
4688 7.2973
4689 0.0000
4690 -4.0998
4691 -0.6163
4692 -0.7077
4693 0.0000
4694 2.3553
4695 -1.9108
4696 -6.9017
4697 -0.8454
4698 -8.6042
4699 -0.7539
4700 -2.1745
4701 1.1116
4702 0.0000
4703 2.5360
4704 6.6483
4705 0.2529
4706 3.0443
4707 -1.4363
4708 4.3877
4709 0.0000
4710 -2.8528
4711 3.6050
4712 2.7026
4713 0.0000
4714 1.5789
4715 -7.6208
4716 -2.5645
4717 7.9847
4718 8.3760
4719 -2.0578
4720 7.6147
4721 -0.7705
4722 0.0000
4723 11.0463
4724 4.9610
4725 8.5266
4726 11.0945
4727 5.9813
4728 4.7406
4729 0.0000
4730 11.0387
4731 6.8559
4732 4.6452
4733 15.3626
4734 15.2570
4735 0.7664
4736 10.1422
4737 -0.4469
4738 10.3166
4739 6.4269
4740 0.5905
4741 -3.0833
4742 0.2347
4743 5.4011
4744 0.0000
4745 7.9556
4746 -3.5953
4747 10.6411
4748 4.5107
4749 -4.2872
4750 -8.7593
4751 7.6891
4752 -0.3906
4753 0.0000
4754 11.0566
4755 8.3428
4756 7.3437
4757 2.4381
4758 1.4890
4759 3.8036
4760 0.0000
4761 3.5350
4762 5.2616
4763 11.3497
4764 0.0000
4765 7.5439
4766 -4.8697
4767 4.0921
4768 -0.1472
4769 0.5492
4770 11.0087
4771 0.5306
4772 6.2554
4773 0.0000
4774 6.2089
4775 10.3517
4776 4.4365
4777 -1.0084
4778 5.5019
4779 0.8732
4780 0.0000
4781 11.7204
4782 2.7569
4783 1.5750
4784 0.0000
4785 5.9290
4786 3.3564
4787 2.0879
4788 8.5392
4789 -3.3364
4790 -2.7653
4791 0.0759
4792 1.1916
4793 0.0000
4794 2.9769
4795 4.5066
4796 6.9311
4797 -2.0766
4798 7.1234
4799 4.7722
4800 0.0000
4801 3.0647
4802 2.3870
4803 3.4644
4804 0.0000
4805 4.5003
4806 -3.4134
4807 -0.0219
4808 -3.1614
4809 -5.9794
4810 11.7748
4811 3.6757
4812 4.3221
4813 0.0000
4814 13.4122
4815 6.7083
4816 9.3306
4817 6.9167
4818 2.8894
4819 -1.4614
4820 0.0000
4821 2.9125
4822 0.0000
4823 4.1844
4824 0.0000
4825 10.7383
4826 10.6941
4827 -2.9230
4828 0.2972
4829 6.5429
4830 1.9255
4831 0.9951
4832 -0.8959
4833 0.0000
4834 -10.7768
4835 5.3628
4836 7.2564
4837 6.5571
4838 4.9148
4839 4.8637
4840 0.0000
4841 4.3863
4842 -1.9095
4843 4.6147
4844 9.0287
4845 7.6401
4846 -5.5986
4847 0.0000
4848 -1.8211
4849 1.6268
4850 7.7998
4851 -3.0671
4852 10.6082
4853 6.9221
4854 0.0000
4855 0.4112
4856 0.7374
4857 2.6978
4858 4.4406
4859 4.3389
4860 2.7900
4861 0.0000
4862 -1.0732
4863 4.3481
4864 5.5471
4865 3.8098
4866 8.8424
4867 7.0312
4868 0.0000
4869 -1.2030
4870 5.6963
4871 15.1210
4872 1.9955
4873 6.2434
4874 1.5230
4875 0.0000
4876 4.1151
4877 -0.7516
4878 7.2824
4879 0.7105
4880 6.5159
4881 0.8675
4882 0.0000
4883 8.7171
4884 -1.2867
4885 -0.1910
4886 3.5536
4887 2.6904
4888 -1.8597
4889 0.0000
4890 -4.8447
4891 6.7078
4892 0.0987
4893 1.2849
4894 3.7647
4895 -3.4138
4896 0.0000
4897 4.2243
4898 5.4681
4899 12.5612
4900 3.0448
4901 4.4615
4902 1.6662
4903 0.0000
4904 -7.5006
4905 8.4353
4906 2.4963
4907 4.8567
4908 -0.0546
4909 8.8685
4910 0.0000
4911 1.1545
4912 7.5356
4913 -0.4477
4914 7.6851
4915 -2.5117
4916 6.1935
4917 0.0000
4918 4.6538
4919 1.2884
4920 5.0069
4921 -4.7532
4922 5.3693
4923 3.0756
4924 0.0000
4925 6.1115
4926 6.8556
4927 5.2558
4928 2.1982
4929 2.1582
4930 6.8478
4931 0.0000
4932 -5.1708
4933 9.0056
4934 -3.5613
4935 0.8872
4936 5.5723
4937 -0.0252
4938 0.0000
4939 -1.7455
4940 0.0000
4941 1.3548
4942 0.0000
4943 8.8660
4944 0.0000
4945 -1.7625
4946 10.2460
4947 0.0000
4948 4.4299
4949 3.0823
4950 2.6268
4951 -1.8485
4952 0.0000
4953 6.4995
4954 5.7167
4955 5.5257
4956 0.0000
4957 -2.2891
4958 3.6645
4959 12.4170
4960 0.0000
4961 2.6074
4962 4.8081
4963 -1.0908
4964 -7.2409
4965 -2.1118
4966 7.0144
4967 4.9114
4968 -1.3893
4969 5.5295
4970 0.0000
4971 -5.3087
4972 -2.4094
4973 7.4652
4974 10.0411
4975 -0.8543
4976 -5.6218
4977 0.0000
4978 0.2448
4979 2.2622
4980 2.3912
4981 3.7125
4982 2.2718
4983 0.3752
4984 0.0000
4985 4.5967
4986 -1.0212
4987 2.8416
4988 10.4933
4989 5.7357
4990 6.3938
4991 0.0000
4992 -7.6166
4993 0.0446
4994 6.2675
4995 -3.9072
4996 4.1337
4997 -1.7208
4998 0.0000
4999 2.3706
5000 8.9487
5001 8.7254
5002 0.6893
5003 7.9708
5004 1.7810
5005 0.0000
5006 0.5625
5007 6.0506
5008 -0.3731
5009 5.7372
5010 5.3799
5011 12.5678
5012 0.0000
5013 0.9685
5014 0.0327
5015 0.7839
5016 1.6767
5017 -0.1579
5018 -0.3863
5019 0.0000
5020 5.7321
5021 6.5307
5022 10.5390
5023 2.2075
5024 7.3555
5025 -1.7524
5026 0.0000
5027 1.7109
5028 3.1293
5029 8.1510
5030 -0.1266
5031 -1.2268
5032 9.3435
5033 0.0000
5034 4.1286
5035 5.1099
5036 4.8184
5037 2.7321
5038 3.3000
5039 2.2850
5040 0.0000
5041 4.8102
5042 -3.0641
5043 6.8333
5044 1.9813
5045 -1.6692
5046 -2.9998
5047 0.0000
5048 3.5700
5049 -4.2564
5050 0.0000
5051 -0.3526
5052 7.4510
5053 1.7344
5054 -0.6240
5055 -4.7224
5056 -0.8495
5057 -4.0813
5058 6.2517
5059 0.0000
5060 3.2298
5061 5.4376
5062 0.0000
5063 4.9677
5064 0.0000
5065 2.2104
5066 0.0000
5067 5.3973
5068 5.0430
5069 0.0000
5070 0.0284
5071 -4.3166
5072 0.0000
5073 3.9248
5074 -0.0675
5075 1.8666
5076 0.0000
5077 12.6855
5078 5.8491
5079 0.0000
5080 5.0600
5081 6.9539
5082 -1.1797
5083 0.0000
5084 2.9183
5085 10.5248
5086 0.0000
5087 2.5400
5088 6.7579
5089 -5.0771
5090 0.0000
5091 1.2774
5092 7.2377
5093 0.0000
5094 -0.9608
5095 -3.3437
5096 2.7191
5097 0.0000
5098 3.6855
5099 -2.2834
5100 0.0000
5101 0.8048
5102 5.3631
5103 0.1219
5104 0.0000
5105 0.7481
5106 9.5729
5107 0.0000
5108 4.2912
5109 1.9604
5110 0.9901
5111 0.0000
5112 -3.4109
5113 9.5476
5114 0.0000
5115 3.9115
5116 7.9047
5117 5.6806
5118 0.0000
5119 7.4413
5120 4.5488
5121 0.0000
5122 3.3008
5123 9.7284
5124 2.8858
5125 0.0000
5126 4.5428
5127 6.1364
5128 0.0000
5129 7.3761
5130 3.1836
5131 0.9595
5132 0.0000
5133 5.4853
5134 7.0835
5135 0.0000
5136 9.4225
5137 14.9280
5138 5.2348
5139 0.0000
5140 -3.8023
5141 3.3407
5142 0.0000
5143 5.4144
5144 3.5004
5145 3.7057
5146 0.0000
5147 1.2073
5148 4.8983
5149 0.0000
5150 7.6465
5151 0.7652
5152 4.8380
5153 0.0000
5154 7.1723
5155 -3.9898
5156 0.0000
5157 6.7212
5158 6.3913
5159 4.3598
5160 0.0000
5161 4.8739
5162 3.2486
5163 0.0000
5164 1.5455
5165 4.4849
5166 1.5979
5167 0.0000
5168 -6.5658
5169 7.8491
5170 0.0000
5171 -0.6275
5172 4.3330
5173 5.3093
5174 0.0000
5175 4.9724
5176 2.1361
5177 0.0000
5178 2.9463
5179 14.2470
5180 8.3215
5181 0.0000
5182 -6.4707
5183 0.0000
5184 3.7682
5185 0.0000
5186 3.3236
5187 10.1952
5188 0.0000
5189 4.2292
5190 0.0000
5191 14.4698
5192 0.0000
5193 4.6394
5194 -0.5667
5195 -0.9090
5196 0.0000
5197 2.9291
5198 7.8187
5199 1.3272
5200 0.0000
5201 0.7311
5202 0.7872
5203 0.2382
5204 0.0000
5205 9.4697
5206 0.0000
5207 4.2548
5208 0.0000
5209 13.4368
5210 9.5435
5211 0.0000
5212 3.2884
5213 0.0000
5214 5.0360
5215 3.5130
5216 12.6496
5217 12.4072
5218 4.0454
5219 -2.0390
5220 0.4892
5221 -1.3036
5222 2.1167
5223 4.3221
5224 5.8140
5225 -3.8966
5226 3.7127
5227 10.4544
5228 1.8148
5229 5.7849
5230 0.0000
5231 5.2486
5232 6.9627
5233 7.8394
5234 8.0775
5235 -5.8488
5236 -4.0148
5237 1.1477
5238 4.6952
5239 0.0000
5240 10.3833
5241 3.6541
5242 9.2018
5243 6.1831
5244 9.9422
5245 -5.7658
5246 0.0000
5247 -2.6326
5248 8.8704
5249 -0.2490
5250 0.0000
5251 2.6402
5252 3.9751
5253 10.9539
5254 12.1907
5255 2.2925
5256 3.0872
5257 -2.8708
5258 3.0775
5259 0.0000
5260 3.0698
5261 9.8810
5262 2.2758
5263 6.6721
5264 -3.1634
5265 5.3171
5266 0.0000
5267 0.9951
5268 4.1108
5269 2.0772
5270 0.0000
5271 5.5549
5272 2.2488
5273 3.7874
5274 8.8069
5275 -1.3850
5276 2.2625
5277 1.1132
5278 0.2701
5279 0.0000
5280 -1.9737
5281 8.2164
5282 1.0999
5283 4.0178
5284 1.4214
5285 6.2405
5286 0.0000
5287 -2.0856
5288 10.6873
5289 -0.0753
5290 0.0000
5291 0.1647
5292 -4.5076
5293 1.1025
5294 -0.4838
5295 -0.9035
5296 -0.4180
5297 -1.4241
5298 8.6824
5299 0.0000
5300 11.3237
5301 0.2702
5302 6.9227
5303 5.1120
5304 -0.5295
5305 2.5343
5306 0.0000
5307 2.6196
5308 4.7109
5309 1.4603
5310 10.6811
5311 9.2768
5312 10.6685
5313 -1.7061
5314 2.8024
5315 5.9732
5316 -2.6539
5317 10.9575
5318 -0.8090
5319 12.6857
5320 0.7922
5321 0.0000
5322 5.0104
5323 1.5839
5324 6.5582
5325 4.9406
5326 -8.9674
5327 -1.0019
5328 0.6214
5329 2.2329
5330 0.0000
5331 8.3648
5332 6.7249
5333 8.7327
5334 7.3325
5335 5.9773
5336 1.2104
5337 0.0000
5338 0.3171
5339 13.0399
5340 0.6644
5341 0.0000
5342 -0.1010
5343 -7.5066
5344 7.7724
5345 6.6401
5346 -1.1692
5347 -9.2131
5348 -2.8812
5349 3.9845
5350 0.0000
5351 3.9243
5352 -4.2302
5353 7.2983
5354 -1.5041
5355 2.4717
5356 -2.4314
5357 0.0000
5358 4.2271
5359 5.1576
5360 6.8805
5361 0.0000
5362 -4.0317
5363 -3.7035
5364 3.8609
5365 2.2556
5366 -3.9602
5367 1.2068
5368 -6.3542
5369 7.4397
5370 0.0000
5371 0.0854
5372 9.0447
5373 6.5096
5374 5.4919
5375 -1.5179
5376 2.7758
5377 0.0000
5378 1.4531
5379 0.9982
5380 4.9850
5381 0.0000
5382 10.7286
5383 -6.1936
5384 0.1558
5385 -5.2025
5386 4.7926
5387 -0.6322
5388 8.1456
5389 6.5683
5390 0.0000
5391 -2.4930
5392 2.0296
5393 5.3463
5394 8.3855
5395 -2.5604
5396 0.4642
5397 0.0000
5398 -0.8813
5399 4.7083
5400 3.5963
5401 9.1152
5402 6.8678
5403 2.2141
5404 3.2657
5405 5.4070
5406 2.8228
5407 8.6578
5408 8.1639
5409 2.8062
5410 7.3443
5411 2.1409
5412 0.0000
5413 5.8370
5414 -3.5991
5415 1.3679
5416 4.8140
5417 5.5878
5418 2.6844
5419 5.6091
5420 9.2136
5421 0.0000
5422 4.6255
5423 4.9914
5424 0.9884
5425 0.6442
5426 -0.0947
5427 3.3663
5428 0.0000
5429 1.6108
5430 4.1051
5431 7.0560
5432 0.0000
5433 5.9838
5434 -3.9857
5435 7.0605
5436 5.1843
5437 -1.7277
5438 3.9168
5439 12.2940
5440 10.2072
5441 0.0000
5442 5.9094
5443 -3.4108
5444 1.1472
5445 -0.5181
5446 4.5987
5447 4.8930
5448 0.0000
5449 -1.6372
5450 5.1171
5451 -0.6094
5452 0.0000
5453 5.5688
5454 -3.3337
5455 1.0551
5456 5.2636
5457 -3.3475
5458 -2.2024
5459 2.5920
5460 0.6294
5461 0.0000
5462 5.8531
5463 6.0704
5464 8.7535
5465 8.0480
5466 5.8776
5467 3.2701
5468 0.0000
5469 -8.0974
5470 9.2265
5471 1.0344
5472 0.0000
5473 2.2491
5474 -4.6385
5475 6.2146
5476 -6.7248
5477 2.2955
5478 14.9936
5479 -0.4031
5480 2.8817
5481 0.0000
5482 7.7202
5483 3.2805
5484 4.8385
5485 2.2573
5486 0.2322
5487 5.7255
5488 0.0000
5489 0.2909
5490 10.4823
5491 9.9587
5492 7.1376
5493 6.0278
5494 5.4128
5495 -3.4878
5496 -2.0106
5497 8.3862
5498 0.2876
5499 4.5843
5500 1.5953
5501 -1.2602
5502 6.3208
5503 0.0000
5504 1.3447
5505 7.6470
5506 4.4730
5507 3.7870
5508 2.0687
5509 6.3494
5510 7.9896
5511 6.4299
5512 0.0000
5513 6.7427
5514 -3.8396
5515 11.8090
5516 10.3196
5517 6.4043
5518 3.7445
5519 0.0000
5520 2.1506
5521 11.1146
5522 4.6129
5523 0.0000
5524 2.6505
5525 2.6120
5526 -3.5054
5527 5.2263
5528 -4.8719
5529 11.0708
5530 8.6247
5531 0.7402
5532 0.0000
5533 -1.7141
5534 8.5077
5535 6.1119
5536 6.8266
5537 3.1476
5538 -1.7868
5539 0.0000
5540 5.1022
5541 -2.3707
5542 -0.7361
5543 0.0000
5544 6.8913
5545 7.0508
5546 3.6199
5547 -1.6288
5548 2.1377
5549 8.8496
5550 6.0307
5551 7.1460
5552 0.0000
5553 9.5857
5554 -1.2953
5555 -6.6372
5556 14.7654
5557 6.1912
5558 -2.2404
5559 0.0000
5560 2.1305
5561 -0.2640
5562 -3.4586
5563 0.0000
5564 0.9537
5565 2.2315
5566 6.9569
5567 -2.3766
5568 8.2081
5569 4.6894
5570 2.4172
5571 -0.5563
5572 0.0000
5573 10.4568
5574 3.7485
5575 -0.6885
5576 3.8898
5577 1.8752
5578 4.9504
5579 0.0000
5580 5.9806
5581 0.0000
5582 3.3837
5583 0.0000
5584 -0.8840
5585 7.8455
5586 2.5711
5587 3.8209
5588 3.5074
5589 8.8688
5590 1.0188
5591 -0.6874
5592 0.0000
5593 2.8698
5594 9.0488
5595 9.4547
5596 -2.8808
5597 7.9367
5598 -8.1192
5599 0.0000
5600 0.6821
5601 1.0818
5602 6.4766
5603 14.5926
5604 -4.0157
5605 0.3589
5606 0.0000
5607 -5.2168
5608 7.9471
5609 -3.5451
5610 0.3598
5611 2.9057
5612 1.7792
5613 0.0000
5614 -2.7617
5615 4.6682
5616 -5.6256
5617 8.4122
5618 6.8854
5619 8.1771
5620 0.0000
5621 -0.0895
5622 3.0423
5623 4.8790
5624 7.3308
5625 10.2021
5626 4.2899
5627 0.0000
5628 3.2427
5629 2.2253
5630 -1.0569
5631 -6.3700
5632 2.6443
5633 4.5316
5634 0.0000
5635 1.9625
5636 -0.7082
5637 1.6914
5638 0.5130
5639 -2.1946
5640 8.6199
5641 0.0000
5642 1.5680
5643 3.7168
5644 -1.6843
5645 4.3993
5646 -0.0723
5647 2.1033
5648 0.0000
5649 -6.4700
5650 7.1089
5651 2.9857
5652 11.3762
5653 7.7010
5654 7.0425
5655 0.0000
5656 3.0064
5657 13.7224
5658 5.2169
5659 3.4923
5660 1.2523
5661 4.7003
5662 0.0000
5663 2.7671
5664 11.2451
5665 -0.3751
5666 11.4112
5667 4.0874
5668 3.3786
5669 0.0000
5670 -2.0704
5671 4.3559
5672 8.0673
5673 5.3848
5674 8.5799
5675 1.3484
5676 0.0000
5677 0.9701
5678 3.0667
5679 10.2372
5680 6.2166
5681 2.5904
5682 3.5931
5683 0.0000
5684 4.8791
5685 1.7502
5686 1.7787
5687 4.1409
5688 11.9119
5689 9.1458
5690 0.0000
5691 1.0987
5692 -0.3931
5693 2.7746
5694 5.1433
5695 0.8759
5696 1.8876
5697 0.0000
5698 -6.3535
5699 0.0000
5700 1.8522
5701 0.0000
5702 6.0212
5703 0.0000
5704 1.7989
5705 1.7084
5706 0.0000
5707 -3.0135
5708 7.4630
5709 9.4069
5710 3.9585
5711 0.0000
5712 10.3182
5713 5.7248
5714 11.8138
5715 0.0000
5716 3.0483
5717 11.1999
5718 8.7423
5719 0.0000
5720 4.3549
5721 2.2816
5722 1.4325
5723 0.2260
5724 -0.0746
5725 13.2155
5726 6.0837
5727 3.1300
5728 5.0797
5729 0.0000
5730 -3.0050
5731 1.8795
5732 4.9943
5733 4.3017
5734 -1.2414
5735 5.8765
5736 0.0000
5737 -3.9316
5738 11.1784
5739 -0.5829
5740 8.6690
5741 0.0667
5742 9.4357
5743 0.0000
5744 2.6956
5745 0.3978
5746 2.8551
5747 2.3954
5748 0.2656
5749 0.0511
5750 0.0000
5751 -2.5001
5752 6.7371
5753 -0.7402
5754 -0.4370
5755 6.8915
5756 4.3673
5757 0.0000
5758 2.2683
5759 9.2681
5760 3.9766
5761 1.1680
5762 2.6738
5763 4.3007
5764 0.0000
5765 3.2143
5766 8.9731
5767 11.0745
5768 7.9803
5769 3.7824
5770 3.0259
5771 0.0000
5772 -0.9799
5773 12.1463
5774 1.2671
5775 -0.0102
5776 4.6754
5777 3.1738
5778 0.0000
5779 -5.8269
5780 5.0213
5781 7.0047
5782 8.0315
5783 2.4807
5784 10.7255
5785 0.0000
5786 5.1252
5787 3.6038
5788 6.5915
5789 0.3853
5790 -2.1395
5791 6.0234
5792 0.0000
5793 -1.5191
5794 8.0025
5795 5.3674
5796 7.4842
5797 10.1692
5798 10.2492
5799 0.0000
5800 -3.7932
5801 4.3515
5802 -2.7606
5803 2.3450
5804 3.1129
5805 6.7484
5806 0.0000
5807 -2.6003
5808 9.8460
5809 0.0000
5810 -0.0701
5811 1.0090
5812 2.0660
5813 -5.0476
5814 -3.8471
5815 7.0261
5816 2.7711
5817 16.9106
5818 0.0000
5819 4.2492
5820 4.3154
5821 0.0000
5822 5.0124
5823 0.0000
5824 0.9018
5825 0.0000
5826 2.8709
5827 -0.7039
5828 0.0000
5829 0.8906
5830 7.1088
5831 0.0000
5832 7.4903
5833 0.9918
5834 1.6130
5835 0.0000
5836 3.3211
5837 4.7922
5838 0.0000
5839 3.6840
5840 -6.8918
5841 -2.3081
5842 0.0000
5843 -2.2085
5844 0.2055
5845 0.0000
5846 5.0855
5847 8.7738
5848 -0.2622
5849 0.0000
5850 6.4431
5851 3.6352
5852 0.0000
5853 -3.9414
5854 -4.8710
5855 -4.9522
5856 0.0000
5857 0.2024
5858 0.2470
5859 0.0000
5860 2.0996
5861 4.0705
5862 0.4299
5863 0.0000
5864 3.4520
5865 12.2200
5866 0.0000
5867 4.4736
5868 3.7672
5869 3.5642
5870 0.0000
5871 -2.0149
5872 11.2910
5873 0.0000
5874 -7.1615
5875 -0.8553
5876 1.6362
5877 0.0000
5878 -1.9419
5879 4.7987
5880 0.0000
5881 10.1717
5882 4.9292
5883 -5.2293
5884 0.0000
5885 4.4320
5886 -3.0759
5887 0.0000
5888 2.5246
5889 11.6675
5890 11.2909
5891 0.0000
5892 4.8193
5893 7.8146
5894 0.0000
5895 1.5798
5896 6.9663
5897 7.5503
5898 0.0000
5899 4.3483
5900 -1.3035
5901 0.0000
5902 7.4478
5903 9.1768
5904 5.8798
5905 0.0000
5906 6.3413
5907 7.1205
5908 0.0000
5909 12.7364
5910 6.3191
5911 2.0426
5912 0.0000
5913 -2.7398
5914 11.4809
5915 0.0000
5916 5.2090
5917 2.9106
5918 4.2546
5919 0.0000
5920 2.8952
5921 12.8123
5922 0.0000
5923 7.9716
5924 4.4043
5925 8.7624
5926 0.0000
5927 -1.4397
5928 5.0742
5929 0.0000
5930 6.9972
5931 0.5953
5932 5.6656
5933 0.0000
5934 -2.2338
5935 -2.3996
5936 0.0000
5937 4.2774
5938 -0.2706
5939 4.2349
5940 0.0000
5941 -2.9146
5942 0.0000
5943 4.7896
5944 0.0000
5945 7.0924
5946 1.8366
5947 0.0000
5948 0.6558
5949 0.0000
5950 3.0923
5951 0.0000
5952 5.2901
5953 -3.9384
5954 11.4805
5955 0.0000
5956 -1.2768
5957 1.9897
5958 0.5772
5959 0.0000
5960 -2.1226
5961 1.2580
5962 0.4240
5963 0.0000
5964 2.2305
5965 0.0000
5966 -3.0315
5967 0.0000
5968 2.7084
5969 3.5480
5970 0.0000
5971 8.0364
5972 0.0000
5973 -1.7361
5974 -0.7497
5975 0.7414
5976 -2.0670
5977 0.4067
5978 2.1434
5979 0.3511
5980 -0.4657
5981 8.2804
5982 -0.7307
5983 0.9043
5984 -0.4617
5985 6.0928
5986 4.0190
5987 2.6250
5988 10.4376
5989 0.0000
5990 4.1341
5991 3.7618
5992 1.3585
5993 1.3048
5994 2.7674
5995 12.6844
5996 9.8972
5997 1.0687
5998 0.0000
5999 2.5450
6000 5.2428
6001 8.9267
6002 6.0004
6003 7.4610
6004 0.3324
6005 0.0000
6006 -1.1598
6007 0.1481
6008 4.7879
6009 0.0000
6010 6.8939
6011 -0.5606
6012 6.0847
6013 2.9361
6014 -1.7255
6015 10.5226
6016 5.8044
6017 -2.0446
6018 0.0000
6019 10.4124
6020 0.8579
6021 6.4189
6022 6.3369
6023 13.6718
6024 1.8631
6025 0.0000
6026 -4.3198
6027 6.2674
6028 3.9757
6029 0.0000
6030 -8.9245
6031 -6.6119
6032 4.7352
6033 4.5507
6034 -0.2739
6035 -1.0111
6036 -3.8324
6037 18.1441
6038 0.0000
6039 8.8066
6040 15.5420
6041 -0.6595
6042 7.1930
6043 3.5781
6044 3.7231
6045 0.0000
6046 -2.8430
6047 2.6889
6048 -0.9029
6049 0.0000
6050 4.5113
6051 -2.8887
6052 3.7800
6053 -0.3108
6054 1.1022
6055 5.7985
6056 -8.9580
6057 -3.6879
6058 0.0000
6059 0.4491
6060 1.0543
6061 13.5337
6062 8.1360
6063 7.8895
6064 4.4275
6065 0.0000
6066 3.8016
6067 -0.2908
6068 6.7813
6069 -1.2857
6070 7.3666
6071 1.6097
6072 9.4965
6073 8.7215
6074 12.1398
6075 0.4136
6076 4.4457
6077 -0.7749
6078 -0.5072
6079 5.6038
6080 0.0000
6081 -0.5262
6082 4.2304
6083 4.5320
6084 -3.6898
6085 0.0591
6086 11.6758
6087 6.6216
6088 6.7385
6089 0.0000
6090 0.9215
6091 3.4505
6092 3.8004
6093 2.1589
6094 5.1661
6095 2.7245
6096 0.0000
6097 -7.4843
6098 4.5576
6099 4.8257
6100 0.0000
6101 0.4146
6102 3.5048
6103 1.2347
6104 9.9832
6105 -1.8136
6106 17.9326
6107 4.2697
6108 3.7058
6109 0.0000
6110 0.0944
6111 7.0581
6112 -3.4897
6113 0.1407
6114 9.5410
6115 2.8420
6116 0.0000
6117 1.7961
6118 -4.0551
6119 9.5583
6120 0.0000
6121 6.6161
6122 9.0519
6123 6.5811
6124 7.9341
6125 1.9287
6126 1.1321
6127 -2.7249
6128 1.8572
6129 0.0000
6130 0.4493
6131 4.4041
6132 2.2149
6133 5.0667
6134 -3.0614
6135 6.0892
6136 0.0000
6137 2.8092
6138 7.2127
6139 2.9884
6140 0.0000
6141 1.5469
6142 3.2551
6143 -1.7356
6144 5.2504
6145 4.0799
6146 -2.5210
6147 -1.8732
6148 -0.7846
6149 0.0000
6150 8.4954
6151 3.2637
6152 4.2219
6153 13.5041
6154 3.6695
6155 0.5658
6156 0.0000
6157 2.0300
6158 14.0857
6159 2.0026
6160 -0.2496
6161 2.0252
6162 3.5576
6163 -0.3966
6164 5.3667
6165 5.6296
6166 2.5249
6167 7.7646
6168 2.0509
6169 1.9330
6170 4.9113
6171 0.0000
6172 11.6745
6173 -1.4008
6174 4.8674
6175 2.7914
6176 -8.8011
6177 -3.6518
6178 -1.0501
6179 1.0383
6180 0.0000
6181 3.0768
6182 -6.5348
6183 0.5343
6184 3.2330
6185 1.4002
6186 9.5769
6187 0.0000
6188 3.2609
6189 6.1656
6190 2.0802
6191 0.0000
6192 0.0092
6193 8.7143
6194 8.9439
6195 -2.2493
6196 -1.5909
6197 6.6047
6198 -1.9355
6199 1.2318
6200 0.0000
6201 6.5835
6202 12.9778
6203 0.8063
6204 3.1096
6205 1.6531
6206 6.3002
6207 0.0000
6208 1.9922
6209 5.9652
6210 9.4929
6211 0.0000
6212 4.5118
6213 1.9293
6214 4.8534
6215 6.2209
6216 -3.1336
6217 1.9203
6218 -4.3914
6219 9.8523
6220 0.0000
6221 4.0066
6222 -0.4726
6223 3.5170
6224 6.6942
6225 7.1390
6226 3.6068
6227 0.0000
6228 -3.3040
6229 2.9320
6230 5.6953
6231 0.0000
6232 -0.8085
6233 -9.1253
6234 4.4178
6235 7.3000
6236 -9.0122
6237 11.7303
6238 13.2566
6239 3.2935
6240 0.0000
6241 8.5765
6242 9.5150
6243 -3.0451
6244 -3.6216
6245 5.7221
6246 0.5719
6247 0.0000
6248 5.1468
6249 5.5942
6250 9.0917
6251 6.1991
6252 12.0504
6253 4.0333
6254 11.9673
6255 3.2964
6256 10.1497
6257 2.0674
6258 9.3327
6259 2.8931
6260 0.7791
6261 2.2522
6262 0.0000
6263 -1.1637
6264 -2.4692
6265 3.9326
6266 5.2040
6267 1.1376
6268 10.0088
6269 5.5283
6270 -1.7888
6271 0.0000
6272 3.0255
6273 3.2206
6274 5.5443
6275 3.9927
6276 8.4398
6277 1.7189
6278 0.0000
6279 9.7210
6280 1.0738
6281 7.1550
6282 0.0000
6283 2.4622
6284 -0.2518
6285 1.8449
6286 0.9482
6287 -2.3324
6288 -4.5270
6289 -6.6852
6290 6.9290
6291 0.0000
6292 11.0125
6293 10.5136
6294 8.1220
6295 2.8510
6296 6.9151
6297 7.6167
6298 0.0000
6299 0.8083
6300 4.9734
6301 8.6000
6302 0.0000
6303 -0.7535
6304 -3.4406
6305 3.2847
6306 4.5725
6307 6.8069
6308 -0.9555
6309 3.1502
6310 -4.2343
6311 0.0000
6312 6.5050
6313 3.3685
6314 11.2746
6315 4.3821
6316 7.3609
6317 7.0869
6318 0.0000
6319 4.6707
6320 10.4177
6321 0.4180
6322 0.0000
6323 4.2481
6324 4.2763
6325 5.2305
6326 3.1750
6327 -4.5345
6328 -2.1193
6329 -8.2707
6330 2.6176
6331 0.0000
6332 3.4174
6333 1.1505
6334 2.4085
6335 4.8749
6336 10.2497
6337 1.6832
6338 0.0000
6339 -6.2132
6340 0.0000
6341 6.3764
6342 0.0000
6343 2.7129
6344 6.5276
6345 -3.2222
6346 0.8748
6347 5.9999
6348 4.0479
6349 -2.3210
6350 5.5790
6351 0.0000
6352 1.7812
6353 7.8940
6354 7.7890
6355 4.7073
6356 3.5886
6357 3.5288
6358 0.0000
6359 4.3571
6360 3.6193
6361 4.4629
6362 2.3699
6363 5.0365
6364 10.5603
6365 0.0000
6366 5.2155
6367 7.5375
6368 4.9876
6369 10.7728
6370 4.3052
6371 3.8687
6372 0.0000
6373 4.2320
6374 4.8319
6375 7.0317
6376 4.4057
6377 2.2347
6378 -1.2393
6379 0.0000
6380 1.0280
6381 5.1083
6382 5.4728
6383 3.6285
6384 5.5750
6385 3.8250
6386 0.0000
6387 0.2797
6388 7.8214
6389 5.1731
6390 7.0550
6391 11.9557
6392 8.2821
6393 0.0000
6394 -0.7674
6395 -1.8648
6396 3.3752
6397 -0.4663
6398 5.5164
6399 1.4005
6400 0.0000
6401 6.3078
6402 9.7650
6403 5.2444
6404 -3.7338
6405 2.0465
6406 -6.1868
6407 0.0000
6408 -8.0512
6409 -3.0364
6410 -0.5007
6411 3.4493
6412 1.1847
6413 -0.1815
6414 0.0000
6415 -2.1178
6416 1.8841
6417 2.7279
6418 3.2465
6419 9.6299
6420 5.0068
6421 0.0000
6422 0.5005
6423 -5.3953
6424 1.0678
6425 5.7618
6426 2.0856
6427 3.5671
6428 0.0000
6429 -0.6596
6430 8.3711
6431 -0.6169
6432 1.6111
6433 0.1243
6434 6.8706
6435 0.0000
6436 5.7108
6437 3.9125
6438 8.4049
6439 8.2410
6440 6.2638
6441 5.2239
6442 0.0000
6443 0.8235
6444 11.0005
6445 -1.2484
6446 -0.8510
6447 12.1104
6448 5.1733
6449 0.0000
6450 -5.3405
6451 1.8161
6452 3.7213
6453 5.1476
6454 -1.9435
6455 -6.2009
6456 0.0000
6457 1.7880
6458 0.0000
6459 -2.4242
6460 0.0000
6461 8.9697
6462 0.0000
6463 2.4164
6464 -0.1103
6465 0.0000
6466 0.4594
6467 0.8221
6468 2.4775
6469 -1.8132
6470 0.0000
6471 9.9969
6472 5.8307
6473 1.1745
6474 0.0000
6475 2.9735
6476 8.2518
6477 6.9810
6478 0.0000
6479 -1.2316
6480 3.8377
6481 4.7231
6482 -1.6798
6483 4.1172
6484 1.7522
6485 2.1306
6486 7.0850
6487 -1.7932
6488 0.0000
6489 2.0199
6490 11.5426
6491 6.0264
6492 6.0797
6493 -8.3999
6494 11.8215
6495 0.0000
6496 -2.2739
6497 4.1599
6498 5.7653
6499 6.8893
6500 8.0341
6501 4.0201
6502 0.0000
6503 -2.3413
6504 11.8793
6505 -3.8389
6506 3.0686
6507 6.6536
6508 6.2617
6509 0.0000
6510 -2.0683
6511 0.2576
6512 0.6517
6513 -5.6021
6514 5.4509
6515 -1.4728
6516 0.0000
6517 0.8573
6518 9.4350
6519 3.9217
6520 12.6308
6521 5.0065
6522 6.3903
6523 0.0000
6524 12.0771
6525 5.1989
6526 1.6219
6527 -0.3872
6528 4.8696
6529 1.8980
6530 0.0000
6531 8.6987
6532 0.8627
6533 -3.7860
6534 3.0308
6535 2.1186
6536 4.0203
6537 0.0000
6538 -6.8296
6539 -1.1213
6540 6.2812
6541 7.9089
6542 0.4979
6543 5.8516
6544 0.0000
6545 6.2395
6546 -6.6084
6547 12.1777
6548 2.5697
6549 0.5047
6550 -3.7439
6551 0.0000
6552 4.9356
6553 8.3845
6554 -1.7821
6555 -3.8621
6556 -3.5881
6557 -1.0830
6558 0.0000
6559 -6.4234
6560 -8.3815
6561 8.5900
6562 -0.6481
6563 2.1439
6564 2.0497
6565 0.0000
6566 -4.2707
6567 -0.3693
6568 0.0000
6569 0.1735
6570 -1.2344
6571 7.4812
6572 -1.4644
6573 -6.6177
6574 2.2248
6575 -0.2372
6576 7.8683
6577 0.0000
6578 -2.4448
6579 2.9482
6580 0.0000
6581 3.7665
6582 0.0000
6583 7.8011
6584 0.0000
6585 0.4344
6586 3.8409
6587 0.0000
6588 1.4414
6589 4.2071
6590 0.0000
6591 -1.0911
6592 1.5743
6593 6.2579
6594 0.0000
6595 -0.8147
6596 1.4595
6597 0.0000
6598 -0.1684
6599 1.1545
6600 8.8267
6601 0.0000
6602 2.6378
6603 4.7607
6604 0.0000
6605 0.4844
6606 3.1771
6607 4.1494
6608 0.0000
6609 5.7941
6610 0.9902
6611 0.0000
6612 -0.9959
6613 10.1304
6614 -1.5633
6615 0.0000
6616 6.5041
6617 2.8731
6618 0.0000
6619 -0.7655
6620 -6.3435
6621 4.1013
6622 0.0000
6623 1.5717
6624 1.8093
6625 0.0000
6626 2.6019
6627 -0.0163
6628 2.6732
6629 0.0000
6630 -11.3478
6631 9.0380
6632 0.0000
6633 -2.5953
6634 1.9740
6635 7.3094
6636 0.0000
6637 2.4223
6638 1.1119
6639 0.0000
6640 6.7643
6641 3.6625
6642 4.8576
6643 0.0000
6644 -5.1388
6645 -0.5075
6646 0.0000
6647 3.9041
6648 4.6295
6649 2.2791
6650 0.0000
6651 -3.7116
6652 5.9313
6653 0.0000
6654 9.0423
6655 2.4857
6656 9.6922
6657 0.0000
6658 5.4544
6659 4.0584
6660 0.0000
6661 6.3400
6662 -0.5567
6663 4.7861
6664 0.0000
6665 -6.6134
6666 2.8655
6667 0.0000
6668 3.4949
6669 3.6763
6670 5.2422
6671 0.0000
6672 0.7485
6673 1.9761
6674 0.0000
6675 -5.4752
6676 6.8588
6677 4.2764
6678 0.0000
6679 2.8527
6680 10.6211
6681 0.0000
6682 4.7749
6683 -3.7608
6684 1.0520
6685 0.0000
6686 5.1024
6687 -2.2567
6688 0.0000
6689 6.1844
6690 11.3993
6691 9.0711
6692 0.0000
6693 0.7212
6694 11.2250
6695 0.0000
6696 4.4267
6697 7.1403
6698 0.1085
6699 0.0000
6700 3.5067
6701 0.0000
6702 7.5996
6703 0.0000
6704 -4.6851
6705 -3.6123
6706 0.0000
6707 9.8035
6708 0.0000
6709 1.9411
6710 0.0000
6711 8.1997
6712 -2.3287
6713 4.9207
6714 0.0000
6715 5.6023
6716 1.5554
6717 -3.4443
6718 0.0000
6719 3.0172
6720 -1.1352
6721 14.5402
6722 0.0000
6723 3.1415
6724 0.0000
6725 -0.4692
6726 0.0000
6727 6.2063
6728 0.6192
6729 0.0000
6730 7.0082
6731 0.0000
6732 3.8198
6733 4.7099
6734 1.5544
6735 -1.7578
6736 0.8276
6737 9.1201
6738 4.1630
6739 -5.1751
6740 2.8512
6741 7.7666
6742 3.7908
6743 0.2742
6744 6.8400
6745 -1.2644
6746 0.7075
6747 0.5800
6748 0.0000
6749 4.9316
6750 -3.7225
6751 3.8826
6752 8.4815
6753 7.4730
6754 -6.9132
6755 -1.9059
6756 7.3931
6757 0.0000
6758 5.2493
6759 1.6668
6760 -0.4774
6761 -2.9404
6762 -0.8457
6763 8.6579
6764 0.0000
6765 -2.8857
6766 6.0823
6767 3.5408
6768 0.0000
6769 9.1605
6770 0.0471
6771 -4.1259
6772 4.9498
6773 2.6805
6774 -4.6664
6775 0.0340
6776 4.4914
6777 0.0000
6778 4.3653
6779 4.1246
6780 2.8263
6781 -3.7010
6782 0.0168
6783 5.8365
6784 0.0000
6785 1.0364
6786 3.0916
6787 2.5668
6788 0.0000
6789 0.8804
6790 1.6789
6791 5.2388
6792 2.0229
6793 8.3576
6794 8.7400
6795 6.2098
6796 6.6782
6797 0.0000
6798 8.9797
6799 -1.5799
6800 2.1976
6801 4.3002
6802 6.7865
6803 -1.7742
6804 0.0000
6805 4.6672
6806 6.1027
6807 7.5598
6808 0.0000
6809 13.0041
6810 -1.5738
6811 4.5746
6812 6.0477
6813 -4.6146
6814 11.0463
6815 6.8405
6816 7.6499
6817 0.0000
6818 12.2623
6819 4.1825
6820 5.5691
6821 -2.2227
6822 1.6397
6823 5.5812
6824 0.0000
6825 6.5611
6826 0.7921
6827 -0.0425
6828 4.8020
6829 -1.1404
6830 9.2410
6831 9.3604
6832 5.7026
6833 -1.6483
6834 -0.6607
6835 6.2289
6836 -3.4706
6837 -8.0615
6838 6.9311
6839 0.0000
6840 6.3591
6841 -2.1448
6842 6.4750
6843 2.9187
6844 0.7808
6845 9.1792
6846 1.1079
6847 6.7747
6848 0.0000
6849 7.1116
6850 4.2922
6851 5.2919
6852 4.2899
6853 0.8004
6854 3.9726
6855 0.0000
6856 2.5751
6857 -4.3247
6858 2.6632
6859 0.0000
6860 8.5499
6861 -1.6103
6862 -4.1247
6863 3.6498
6864 -2.9344
6865 9.0635
6866 4.4923
6867 4.4509
6868 0.0000
6869 10.9597
6870 4.0588
6871 5.2778
6872 4.2300
6873 8.9274
6874 -4.1822
6875 0.0000
6876 9.7693
6877 3.8228
6878 -4.5598
6879 0.0000
6880 5.6019
6881 -2.3564
6882 1.0908
6883 7.3577
6884 1.1366
6885 3.3499
6886 1.9995
6887 0.0089
6888 0.0000
6889 2.5240
6890 -0.2200
6891 6.9039
6892 11.6148
6893 4.9623
6894 2.9273
6895 0.0000
6896 1.2823
6897 6.8564
6898 4.8812
6899 0.0000
6900 11.0069
6901 5.8291
6902 0.8938
6903 5.2765
6904 -4.7884
6905 5.0373
6906 4.1432
6907 -4.3955
6908 0.0000
6909 1.3636
6910 7.2880
6911 9.5836
6912 0.4680
6913 1.0666
6914 11.7803
6915 0.0000
6916 -3.4182
6917 3.9599
6918 -2.4682
6919 5.4640
6920 10.2776
6921 4.3587
6922 1.6820
6923 4.3897
6924 8.0292
6925 -0.3963
6926 3.2627
6927 3.1792
6928 8.3158
6929 0.0333
6930 0.0000
6931 -0.3875
6932 0.4878
6933 1.2634
6934 4.0896
6935 -5.2073
6936 7.0746
6937 6.2155
6938 5.0372
6939 0.0000
6940 6.7621
6941 4.6088
6942 13.7454
6943 1.2589
6944 -1.4787
6945 -1.5754
6946 0.0000
6947 7.1601
6948 -2.2744
6949 9.5403
6950 0.0000
6951 11.0988
6952 0.1130
6953 5.6360
6954 6.6975
6955 2.5852
6956 -0.4313
6957 3.4619
6958 0.9168
6959 0.0000
6960 11.5688
6961 0.6757
6962 -1.7308
6963 -2.3434
6964 13.6263
6965 6.5631
6966 0.0000
6967 -4.6524
6968 10.7536
6969 4.7574
6970 0.0000
6971 9.8410
6972 -5.4669
6973 11.1529
6974 6.9853
6975 -0.2078
6976 3.7404
6977 -2.5511
6978 1.5448
6979 0.0000
6980 6.3802
6981 1.3627
6982 3.8842
6983 4.0301
6984 1.7169
6985 -4.6233
6986 0.0000
6987 -1.4287
6988 2.8957
6989 4.3141
6990 0.0000
6991 6.5091
6992 1.5582
6993 -2.2533
6994 3.4107
6995 -5.5928
6996 6.4391
6997 -0.2761
6998 11.8175
6999 0.0000
7000 4.6070
7001 7.3646
7002 5.5360
7003 12.3783
7004 0.4190
7005 -0.2710
7006 0.0000
7007 -1.7848
7008 3.7853
7009 1.2296
7010 -0.0881
7011 -4.0189
7012 5.7164
7013 5.8525
7014 9.6080
7015 6.7968
7016 -3.4571
7017 5.5619
7018 7.1349
7019 6.0695
7020 5.7050
7021 0.0000
7022 1.4094
7023 -2.5778
7024 3.3292
7025 -1.5031
7026 5.4152
7027 0.7444
7028 2.0144
7029 0.7957
7030 0.0000
7031 7.5198
7032 8.1148
7033 5.8016
7034 8.5273
7035 7.2723
7036 4.5890
7037 0.0000
7038 7.3185
7039 0.6239
7040 -1.0024
7041 0.0000
7042 1.0963
7043 2.8497
7044 5.4083
7045 -0.4469
7046 1.4066
7047 2.2099
7048 -8.0965
7049 3.0867
7050 0.0000
7051 6.2977
7052 7.6481
7053 3.5732
7054 -0.6527
7055 6.4908
7056 -3.6520
7057 0.0000
7058 5.2550
7059 8.9121
7060 0.9934
7061 0.0000
7062 3.5228
7063 5.3212
7064 9.2574
7065 -1.2352
7066 -5.9691
7067 -1.7140
7068 4.3491
7069 1.5370
7070 0.0000
7071 9.7184
7072 9.7053
7073 3.3655
7074 7.0534
7075 3.0362
7076 5.5550
7077 0.0000
7078 -2.1216
7079 -1.0998
7080 8.6730
7081 0.0000
7082 7.0314
7083 -3.5087
7084 7.2608
7085 3.6263
7086 -2.8979
7087 -8.2375
7088 -7.8800
7089 10.0839
7090 0.0000
7091 2.3068
7092 3.6563
7093 -1.0140
7094 4.2657
7095 0.7960
7096 7.6245
7097 0.0000
7098 -5.5218
7099 0.0000
7100 6.1481
7101 0.0000
7102 3.3188
7103 6.9958
7104 4.4797
7105 9.1342
7106 2.4558
7107 3.2139
7108 5.0767
7109 -3.0224
7110 0.0000
7111 5.2356
7112 9.7157
7113 5.8473
7114 10.5734
7115 2.5874
7116 -3.1589
7117 0.0000
7118 1.5857
7119 0.8587
7120 6.5116
7121 5.7177
7122 3.8625
7123 5.6201
7124 0.0000
7125 6.9901
7126 -2.5775
7127 7.6261
7128 6.9191
7129 4.4039
7130 8.7570
7131 0.0000
7132 3.7459
7133 10.9473
7134 15.7656
7135 6.7250
7136 0.1169
7137 1.3239
7138 0.0000
7139 1.2129
7140 8.1658
7141 0.5090
7142 6.1908
7143 8.2841
7144 6.1574
7145 0.0000
7146 3.8171
7147 6.5538
7148 10.1808
7149 12.1221
7150 3.4193
7151 1.3919
7152 0.0000
7153 3.1879
7154 4.5027
7155 9.7176
7156 5.3051
7157 13.1329
7158 -7.0666
7159 0.0000
7160 4.9611
7161 8.2984
7162 -0.3412
7163 -0.2025
7164 -0.3637
7165 7.6706
7166 0.0000
7167 1.5021
7168 -3.4090
7169 -4.0680
7170 2.6607
7171 0.6018
7172 6.1133
7173 0.0000
7174 -4.2191
7175 -0.9968
7176 -1.7707
7177 5.9638
7178 6.2207
7179 -1.9685
7180 0.0000
7181 -6.6917
7182 4.6876
7183 12.5772
7184 4.5676
7185 9.8460
7186 -3.0527
7187 0.0000
7188 -3.3111
7189 9.8101
7190 0.5467
7191 1.2228
7192 -2.9395
7193 3.8874
7194 0.0000
7195 -2.8793
7196 4.2690
7197 9.8513
7198 0.9317
7199 10.2707
7200 5.7381
7201 0.0000
7202 0.3811
7203 3.0161
7204 8.2282
7205 8.3020
7206 5.4697
7207 7.9469
7208 0.0000
7209 4.0683
7210 1.5013
7211 12.0918
7212 -1.1823
7213 7.2379
7214 9.4137
7215 0.0000
7216 -4.4338
7217 0.0000
7218 7.0398
7219 0.0000
7220 7.5211
7221 0.0000
7222 0.9017
7223 -1.2406
7224 0.0000
7225 -3.7954
7226 9.8756
7227 6.9447
7228 4.8248
7229 0.0000
7230 -1.9797
7231 5.4871
7232 2.6253
7233 0.0000
7234 6.4586
7235 5.7567
7236 2.3264
7237 0.0000
7238 7.3562
7239 2.3214
7240 0.5564
7241 9.6710
7242 2.5171
7243 -1.2140
7244 5.2747
7245 4.5268
7246 7.8358
7247 0.0000
7248 -2.4690
7249 -2.8450
7250 10.4765
7251 4.6561
7252 -0.5379
7253 -2.1263
7254 0.0000
7255 6.4632
7256 0.3473
7257 -2.6704
7258 2.9297
7259 9.9670
7260 2.4653
7261 0.0000
7262 -5.6218
7263 8.9176
7264 2.9408
7265 5.5094
7266 0.1983
7267 3.0489
7268 0.0000
7269 6.7728
7270 4.4641
7271 2.2646
7272 3.6654
7273 9.2893
7274 5.4239
7275 0.0000
7276 1.5167
7277 9.5134
7278 7.7876
7279 3.4322
7280 -1.7618
7281 -1.1211
7282 0.0000
7283 4.8003
7284 6.5121
7285 3.3686
7286 -0.6880
7287 3.1780
7288 3.4963
7289 0.0000
7290 -0.9030
7291 3.6508
7292 8.1669
7293 -1.8978
7294 -2.3416
7295 1.1124
7296 0.0000
7297 -2.6201
7298 4.8561
7299 9.0557
7300 8.2863
7301 2.4556
7302 3.1817
7303 0.0000
7304 4.0018
7305 3.9423
7306 -1.7352
7307 7.7942
7308 -3.8630
7309 3.4489
7310 0.0000
7311 3.4383
7312 4.3639
7313 9.6593
7314 9.5432
7315 0.3314
7316 1.3335
7317 0.0000
7318 5.6391
7319 6.8252
7320 6.5684
7321 8.6575
7322 0.2422
7323 2.1968
7324 0.0000
7325 -3.3320
7326 5.7870
7327 0.0000
7328 7.6651
7329 -3.2583
7330 0.8543
7331 6.3441
7332 -3.3518
7333 -3.1032
7334 8.3574
7335 11.4168
7336 0.0000
7337 -1.1143
7338 2.2914
7339 0.0000
7340 7.6374
7341 0.0000
7342 -4.4562
7343 0.0000
7344 3.9660
7345 4.4079
7346 0.0000
7347 5.5518
7348 -3.8981
7349 0.0000
7350 5.8287
7351 0.7604
7352 4.7087
7353 0.0000
7354 -0.7127
7355 9.1135
7356 0.0000
7357 8.0616
7358 -0.9663
7359 -2.7096
7360 0.0000
7361 -0.4860
7362 6.1150
7363 0.0000
7364 12.2255
7365 0.4612
7366 4.0728
7367 0.0000
7368 -3.3603
7369 4.0734
7370 0.0000
7371 -0.0902
7372 0.8093
7373 -5.2914
7374 0.0000
7375 3.4689
7376 -0.9469
7377 0.0000
7378 1.2331
7379 11.5864
7380 2.5748
7381 0.0000
7382 -2.0316
7383 -1.6956
7384 0.0000
7385 5.5559
7386 7.1182
7387 3.5006
7388 0.0000
7389 4.5798
7390 7.9324
7391 0.0000
7392 -2.6234
7393 2.0486
7394 6.2081
7395 0.0000
7396 3.2162
7397 3.4734
7398 0.0000
7399 2.3994
7400 2.6057
7401 11.0274
7402 0.0000
7403 -2.9947
7404 9.8705
7405 0.0000
7406 7.6404
7407 5.6362
7408 2.2008
7409 0.0000
7410 1.9517
7411 1.7982
7412 0.0000
7413 2.0151
7414 4.5627
7415 3.1655
7416 0.0000
7417 3.9997
7418 -2.7689
7419 0.0000
7420 4.4216
7421 14.3954
7422 0.3136
7423 0.0000
7424 0.8303
7425 -3.9128
7426 0.0000
7427 5.4507
7428 7.1461
7429 -1.5269
7430 0.0000
7431 2.6778
7432 3.3865
7433 0.0000
7434 5.2745
7435 4.1508
7436 10.3304
7437 0.0000
7438 -5.6963
7439 5.9828
7440 0.0000
7441 4.2774
7442 10.9011
7443 9.4237
7444 0.0000
7445 1.1815
7446 3.9076
7447 0.0000
7448 4.7006
7449 1.2966
7450 -3.6548
7451 0.0000
7452 -2.8658
7453 10.9762
7454 0.0000
7455 -0.0786
7456 1.2753
7457 -4.8220
7458 0.0000
7459 -1.4731
7460 0.0000
7461 -3.1519
7462 0.0000
7463 1.5890
7464 -0.5843
7465 0.0000
7466 5.8622
7467 0.0000
7468 7.6703
7469 0.0000
7470 0.2340
7471 0.8557
7472 6.3712
7473 0.0000
7474 4.6629
7475 0.3342
7476 6.6775
7477 0.0000
7478 9.3241
7479 10.4238
7480 5.9484
7481 0.0000
7482 1.2650
7483 0.0000
7484 9.9206
7485 0.0000
7486 4.1083
7487 6.9486
7488 0.0000
7489 1.1523
7490 0.0000
7491 3.3718
7492 2.2265
7493 -1.7650
7494 3.1805
7495 2.7388
7496 -1.6620
7497 -2.4297
7498 -1.5866
7499 0.0000
7500 1.8717
7501 5.4829
7502 -0.4480
7503 3.4328
7504 6.8256
7505 0.1713
7506 0.0000
7507 4.3719
7508 13.3436
7509 6.9641
7510 2.2599
7511 8.6098
7512 5.3947
7513 0.0000
7514 3.3053
7515 7.8831
7516 6.2868
7517 2.5180
7518 5.1911
7519 3.0419
7520 0.0000
7521 -0.1554
7522 9.4510
7523 5.1146
7524 6.0705
7525 4.4141
7526 13.2331
7527 0.0000
7528 0.3316
7529 -2.6682
7530 9.1688
7531 5.3578
7532 -5.3797
7533 0.2669
7534 0.0000
7535 3.8611
7536 5.4652
7537 8.7792
7538 5.2389
7539 -3.3796
7540 6.5522
7541 0.0000
7542 -0.5308
7543 6.0191
7544 11.1700
7545 3.3322
7546 1.0593
7547 -2.7724
7548 0.0000
7549 -2.0684
7550 2.3712
7551 3.9280
7552 2.9117
7553 0.8533
7554 -8.4187
7555 0.0000
7556 1.4262
7557 9.8024
7558 2.1653
7559 7.4324
7560 6.7207
7561 1.9812
7562 0.0000
7563 -1.2464
7564 7.9533
7565 4.4254
7566 7.6240
7567 6.3878
7568 2.4638
7569 0.0000
7570 -6.9246
7571 13.1860
7572 4.2412
7573 0.9756
7574 6.8198
7575 8.2127
7576 0.0000
7577 0.4475
7578 9.9934
7579 1.2258
7580 -1.5176
7581 9.4974
7582 2.8315
7583 0.0000
7584 6.3512
7585 -3.4168
7586 4.7384
7587 6.3708
7588 4.5320
7589 1.6880
7590 0.0000
7591 -5.3574
7592 2.4568
7593 -0.0566
7594 10.6672
7595 3.6328
7596 5.4007
7597 0.0000
7598 0.8001
7599 6.5829
7600 6.1461
7601 6.1739
7602 -4.2226
7603 1.2565
7604 0.0000
7605 4.9043
7606 0.0000
7607 3.0918
7608 0.0643
7609 0.0000
7610 -0.1330
7611 2.4050
7612 0.0000
7613 -0.5897
7614 9.5262
7615 0.0000
7616 1.6897
7617 0.0000
7618 5.6964
7619 3.4471
7620 0.0000
7621 11.1037
7622 5.0634
7623 0.0000
7624 2.4341
7625 0.0000
7626 -2.7746
7627 3.3474
7628 0.0000
7629 -0.7418
7630 4.2979
7631 0.0000
7632 4.1972
7633 0.0000
7634 2.9106
7635 -3.3887
7636 0.0000
7637 1.1635
7638 5.4805
7639 0.0000
7640 4.2444
7641 0.0000
7642 3.1796
7643 2.9790
7644 0.0000
7645 12.0957
7646 9.4616
7647 0.0000
7648 1.7345
7649 0.0000
7650 3.6615
7651 6.5720
7652 0.0000
7653 7.3349
7654 9.8920
7655 0.0000
7656 -9.7271
7657 0.0000
7658 3.6523
7659 5.4864
7660 0.0000
7661 9.2376
7662 7.5069
7663 0.0000
7664 5.5864
7665 0.0000
7666 3.9735
7667 1.4335
7668 0.0000
7669 14.7050
7670 6.5144
7671 0.0000
7672 -3.0704
7673 0.0000
7674 0.0399
7675 10.3522
7676 0.0000
7677 8.4557
7678 1.3788
7679 0.0000
7680 8.0256
7681 0.0000
7682 -2.4694
7683 2.7480
7684 0.0000
7685 3.8973
7686 0.9290
7687 0.0000
7688 5.9276
7689 0.0000
7690 2.1508
7691 -1.6741
7692 0.0000
7693 5.1020
7694 7.5000
7695 0.0000
7696 1.6894
7697 0.0000
7698 1.9415
7699 4.6910
7700 0.0000
7701 5.0238
7702 6.9171
7703 0.0000
7704 4.4999
7705 0.0000
7706 -2.0382
7707 2.5109
7708 0.0000
7709 5.7471
7710 5.8371
7711 0.0000
7712 2.7003
7713 0.0000
7714 7.7789
7715 6.3622
7716 0.0000
7717 3.8976
7718 9.2840
7719 0.0000
7720 3.8727
7721 0.0000
7722 2.1834
7723 2.2447
7724 0.0000
7725 9.8328
7726 6.7997
7727 0.0000
7728 -5.5979
7729 0.0000
7730 -0.3250
7731 1.3242
7732 0.0000
7733 -2.8241
7734 1.5349
7735 0.0000
7736 -2.6635
7737 0.0000
7738 -4.3313
7739 0.0000
7740 6.4820
